- = LOG STARTED [00:00] = -
[00:23] [0m[37;1m[JEDI]:[0m Tobias Kel'ach'nar arrives at the Academy.[0m
[00:37] [0m[37;1mFluffy <.oO>:[0m you go girl, shake that eexp![0m
[00:47] [0m[37;1m[JEDI]:[0m Janath Meelin arrives at the Academy.[0m
[01:03] [0mWhoknows flaps : kayos energy lasts for 6hrs from when you get it, but does empower expire from[0m
[01:03] [0m                 that timer or from when you empower?[0m
[01:05] [0mByron flaps : empower i believe[0m
[01:07] [0mWhoknows flaps : thanks[0m
[01:12] [0m[34;1mFluffy shouts:[0m i know nothing![0m
[01:19] [0m[37;1m[JEDI]:[0m Rhaan arrives at the Academy.[0m
[01:31] [0mLeianne flaps : *sigh* I lost my golem to a pint of beer.. can't get it back anymore. cannot[0m
[01:31] [0m                dismiss remotely and cannot asked it to move remotely :([0m
[01:31] [0mLeianne flaps : Chizzit the spider golem : A frosty cold bottle of beer : Indefinite[0m
[01:34] [0mWhoknows flaps : must be some good beer[0m
[01:35] [0mLeianne flaps : yeah.. that bottle of beer even survived the filthy old memory cleanup last[0m
[01:35] [0m                night[0m
[01:36] [0mLeianne flaps : My usual golems normally get dested overnight if not parked in guild but this[0m
[01:36] [0m                one survived[0m
[19:38] [0m[37;1m[JEDI]:[0m Ylenic It'kla arrives at the Academy.[0m
[19:42] [0mYour transmuter's stone bursts with 3 new colours![0m
[19:46] [0m[32mGilgalal tells you:[0m How's glvl going?[0m
[19:48] [0m[32mYou tell Gilgalal:[0m 17% in and 44% to fdef 10[0m
[19:48] [0m[32mGilgalal tells you:[0m Very nice[0m
[19:49] [0m[32mGilgalal tells you:[0m What size you able to tank woth 9?[0m
[19:58] [0m[35;1mFreak [Jedi(19)]:[0m Lol. Are you "they"?[0m
[20:00] [0m[32mYou tell Gilgalal:[0m rimalkins 14m sorta... they trigger my hp peace out at 35% hp... tanking[0m
[20:00] [0m        better with cmc against them. Comfortably scaler 117 zombies ~10m. I did do 26m~[0m
[20:00] [0m        zambies too but only 7 zombies in comfortably with cmc day 5[0m
[20:01] [0m[32mYou tell Gilgalal:[0m can do 117 hotel nekkid[0m
[20:01] [0m[32;1mFrom afar, Gilgalal nods to you.[0m[0m
[20:02] [0m[32mYou tell Gilgalal:[0m i need more hp... my base is 184. I do vigilant +15 each boot. Next lvl[0m
[20:02] [0m        investing 25 pts to each con, wis, dex[0m
[20:03] [0m[32mYou tell Gilgalal:[0m er hanged in for 3 deaths against zelligar 20.6 m which ofc hits about 3x[0m
[20:03] [0m        harder then its class[0m
[20:05] [0m[32;1mFrom afar, Gilgalal nods to you.[0m[0m
[20:06] [0m[37;1m[JEDI]:[0m Bithoff Jonansaan arrives at the Academy.[0m
[20:08] [0m[34;1mKitt shouts:[0m ALLLLL Abord![0m
[20:09] [0m[34;1mNauda shouts:[0m This crazy exp train hss no breaks.[0m
[20:13] [0m[35;1mFreak [Jedi(20)]:[0m why would robotics be on 'list on trainable' but not having a high enough[0m
[20:13] [0m                  glevel?[0m
[20:14] [0m[35;1mLicklick [Jedi(48)]:[0m robotics levels like fdef[0m
[20:37] [0m[37;1m[JEDI]:[0m Janath Meelin arrives at the Academy.[0m
[20:42] [0mYour transmuter's stone bursts with 2 new colours![0m
[20:57] [0m[34;1mKitt shouts:[0m I seen a house fly[0m
[20:58] [0m[34;1mKitt shouts:[0m I when i see an elephant Fly![0m
[21:02] [0mCaeli flaps : So, someone asked me today to make a foot tall statue of Baphomet. My suggestion[0m
[21:02] [0m              of it being kawaii was not appreciated.[0m
[21:02] [0m[34;1mNauda shouts:[0m Whatever Kitt is smoking that's the good stuff.[0m
[21:03] [0mXiu flaps : clearly they don't understand that Baphomet is innately cute[0m
[21:04] [0mCaeli flaps : _I_ thought it was funny.[0m
[21:05] [0mXiu flaps : i might be biased tho as i grew up around actual goats[0m
[21:06] [0m[37;1m[JEDI]:[0m Talia Ska arrives at the Academy.[0m
[21:10] [0mCaeli flaps : I actually want to own goats.[0m
[21:10] [0mVoodoo flaps : people call me the goat, greates of all time, you can rent me by the hour[0m
[21:11] [0mCaeli flaps : Make some goat milk cheese and what not.[0m
[21:11] [0mXiu flaps : goat milk is good, never made any cheese with it[0m
[21:41] [0m[37;1m[JEDI]:[0m Reena Bel Noir arrives at the Academy.[0m
[22:07] [0m[34;1mTony shouts:[0m no one on pfind!!  what has this mud come to?[0m
[22:08] [0m[34;1mTony shouts:[0m bots need parties too!![0m
[22:08] [0m[34;1mHooligan shouts:[0m more efficient to solo?[0m
[22:08] [0m[34;1mInago shouts:[0m bots can't paty[0m
[22:12] [0m[37;1m[JEDI]:[0m Durnoth arrives at the Academy.[0m
[22:15] [0m[34;1mNauda shouts:[0m Shuffle party[0m
[22:15] [0m[34;1mInago shouts:[0m It's a dead man's party. Who could ask for more?[0m
[22:29] [0m[34;1mNauda shouts:[0m It's Mario![0m
[22:32] [0m[33;1m[Clan] Pol leaves the game.[0m  [0m
[22:50] [0m[37;1m[JEDI]:[0m Herah Wylann arrives at the Academy.[0m
[22:52] [0mNauda flaps : It's the great Genghis Khan, run for your wives, erm, lives[0m
[23:14] [0m[34;1mOreo shouts:[0m wik is idle and wont let me sleep always talking about chicken being better[0m
