- = LOG STARTED [00:00] = -
[00:26] [0m[37;1m[JEDI]:[0m Herah Wylann arrives at the Academy.[0m
[00:50] [0m[34;1mNik shouts:[0m playcult like Tuvix![0m
[00:52] [0m[34;1mJasmine shouts:[0m join and kill nik[0m
[00:54] [0m[37;1m[JEDI]:[0m Ylenic It'kla arrives at the Academy.[0m
[18:10] [0m[37;1m[JEDI]:[0m Janath Meelin arrives at the Academy.[0m
[18:16] [0mSimonz flaps : anyone have dirs to event yet?[0m
[18:17] [0mInfectious flaps : portal road, 5e,n,enter,w,w,d,sw[0m
[18:17] [0mSimonz flaps : wrong event[0m
[18:17] [0mInfectious flaps : ahh my bad![0m
[18:19] [0mKitt flaps : ate those the true dirextions to event?[0m
[18:19] [0mKitt flaps : wait not right[0m
[18:20] [0mWhoknows flaps : oops?[0m
[18:20] [0mMartyr flaps : What dmg type is event?[0m
[18:20] [0mWhoknows flaps : red axe[0m
[18:20] [0mKitt flaps : thanks infest[0m
[18:20] [0mSimonz flaps : insta-blick[0m
[18:21] [0mWhoknows flaps : hehe[0m
[18:21] [0mKitt flaps : -15 str now[0m
[18:21] [0mInfectious flaps : no problem, event is portal road, 5e,n,enter,w,w,d,sw all[0m
[18:24] [0m[37;1mWhoknows <.oO>:[0m why do we have a Cooldn and a CooldR?[0m
[18:24] [0m[37;1mWhoknows <.oO>:[0m why do we have a Cooldn and a CooldR?[0m
[18:25] [0m[37;1mRictor <.oO>:[0m Total cool down after use, and cool down time remaining till it resets[0m
[18:25] [0m[37;1mWhoknows <.oO>:[0m maybe one toooo many o's[0m
[18:25] [0m[37;1mKitt <.oO>:[0m WhoKnows[0m
[18:25] [0m[37;1mWhoknows <.oO>:[0m ah i get it now[0m
[18:25] [0m[37;1mWhoknows <.oO>:[0m ah i get it now[0m
[18:26] [0m[37;1mLachlan <.oO>:[0m woo[0m
[18:26] [0m[37;1mRictor <.oO>:[0m It's a party![0m
[18:26] [0m[37;1mWhoknows <.oO>:[0m yay![0m
[18:26] [0m[37;1mStasis <.oO>:[0m venga boys party apparently[0m
[18:26] [0m[37;1mMellaous <.oO>:[0m woo[0m
[18:27] [0m[37;1mStasis <.oO>:[0m join me! https://www.youtube.com/watch?v=llyiQ4I-mcQ[0m
[18:28] [0m[Auction] Spun (cybo) : any roh's for sell[0m
[18:29] [0mKitt flaps : im sooo glad i cut down that ash tree that was over my house, 40 mph winds that was[0m
[18:29] [0m             scary to see that thing sway[0m
[18:29] [0m[Auction] Robert : Up for bids: Ring of Hearts.[0m
[18:29] [0m[Auction] Robert : Zokko has requested 20,000 as the opening offer.[0m
[18:29] [0mKitt flaps : didnt help that ash bore was in it[0m
[18:29] [0m[Auction] Robert : Got 20,000 from Spun(cybo).  Do I hear 22,000?[0m
[18:29] [0mInix flaps : Now you have no wind protection![0m
[18:29] [0m[Auction] Robert : 20,000 going once![0m
[18:29] [0m[Auction] Robert : 20,000 going twice![0m
[18:30] [0m[Auction] Ash (knig) : any more?[0m
[18:30] [0m[Auction] Robert : Sold to Spun for 20,000 coins![0m
[18:31] [0mYour transmuter's stone bursts with 4 new colours![0m
[18:37] [0m[37;1m[JEDI]:[0m Bithoff Jonansaan arrives at the Academy.[0m
[18:39] [0mSimonz flaps : infectious was close on the event, it's road portal /5e/2n[0m
[18:40] [0mSimonz flaps : acid damage[0m
[18:56] [0mSky flaps : im not sure if im ready to take the bait or not..[0m
[18:58] [0m[33;1m[Clan] Mud :[0m yay, sub 100b to lvl..  heres to 99b more :P[0m
[19:05] [0m[37;1m[JEDI]:[0m Ylenic It'kla arrives at the Academy.[0m
[19:14] [0m[33;1m[Clan] Mud :[0m what size is day5?  800b'ish?[0m
[19:14] [0mCandi says: I can give it as rough as you like, baby!                      [0m
[19:14] [0mCandi says: You leave my corpse alone, you hear?[0m
[19:14] [0m[33;1m[Clan] Ser :[0m not sure[0m
[19:14] [0m[33;1m[Clan] Mud :[0m wonder how id fare w/ guac on, embiggen, etc[0m
[19:19] [0m[Auction] Robert : Up for bids: Frosted shield of Aylin and Frosted helmet of Aylin.[0m
[19:19] [0m[Auction] Robert : Ser has requested 420 as the opening offer.[0m
[19:19] [0m[Auction] Ser (psic) : 2-for-1[0m
[19:19] [0m[Auction] Robert : Got 420 from Kitt(prie).  Do I hear 470?[0m
[19:19] [0m[Auction] Vagrant (necr) : so hot[0m
[19:20] [0m[Auction] Robert : 420 going once![0m
[19:20] [0m[Auction] Robert : Got 470 from Merrick(cybo).  Do I hear 520?[0m
[19:20] [0m[Auction] Robert : Got 520 from Kitt(prie).  Do I hear 570?[0m
[19:20] [0m[Auction] Robert : Got 570 from Merrick(cybo).  Do I hear 620?[0m
[19:20] [0m[Auction] Robert : Got 620 from Kitt(prie).  Do I hear 670?[0m
[19:20] [0m[Auction] Robert : Got 670 from Merrick(cybo).  Do I hear 720?[0m
[19:20] [0m[Auction] Robert : Got 720 from Kitt(prie).  Do I hear 770?[0m
[19:20] [0m[Auction] Robert : Got 770 from Merrick(cybo).  Do I hear 820?[0m
[19:20] [0m[Auction] Robert : Got 820 from Kitt(prie).  Do I hear 870?[0m
[19:20] [0m[Auction] Robert : Got 870 from Merrick(cybo).  Do I hear 920?[0m
[19:20] [0m[Auction] Robert : Got 920 from Kitt(prie).  Do I hear 970?[0m
[19:20] [0m[Auction] Robert : Got 970 from Merrick(cybo).  Do I hear 1,020?[0m
[19:20] [0m[Auction] Robert : Got 1,020 from Kitt(prie).  Do I hear 1,070?[0m
[19:20] [0m[Auction] Robert : Got 1,070 from Merrick(cybo).  Do I hear 1,120?[0m
[19:20] [0m[Auction] Vagrant (necr) : omg you guys are spam lords[0m
[19:20] [0m[Auction] Robert : Got 1,120 from Kitt(prie).  Do I hear 1,170?[0m
[19:20] [0m[Auction] Robert : Got 1,170 from Merrick(cybo).  Do I hear 1,220?[0m
[19:20] [0m[Auction] Robert : Got 1,220 from Kitt(prie).  Do I hear 1,270?[0m
[19:20] [0m[Auction] Robert : Got 1,270 from Merrick(cybo).  Do I hear 1,320?[0m
[19:20] [0m[Auction] Robert : Got 1,320 from Kitt(prie).  Do I hear 1,370?[0m
[19:20] [0m[Auction] Merrick (cybo) : go away:P[0m
[19:20] [0m[Auction] Robert : Got 1,370 from Merrick(cybo).  Do I hear 1,420?[0m
[19:20] [0m[Auction] Babylon (gent) : The fields in their Kingdom of Spam are ripe for the picking[0m
[19:20] [0m[Auction] Kitt (prie) : stop botting or youll get these hands ![0m
[19:20] [0m[Auction] Robert : 1,370 going once![0m
[19:20] [0m[Auction] Robert : Got 1,420 from Kitt(prie).  Do I hear 1,470?[0m
[19:20] [0m[Auction] Robert : Got 6,969 from Merrick(cybo).  Do I hear 7,108?[0m
[19:20] [0m[Auction] Simonz (jedi) : bid like you have a pair[0m
[19:21] [0m[Auction] Ser (psic) : of THESE HANDS[0m
[19:21] [0m[Auction] Robert : 6,969 going once![0m
[19:21] [0m[Auction] Robert : Got 7,200 from Licklick(jedi).  Do I hear 7,560?[0m
[19:21] [0m[Auction] Inix (jugg) : bid 2 ?[0m
[19:21] [0m[Auction] Robert : Got 25,000 from Merrick(cybo).  Do I hear 26,250?[0m
[19:21] [0m[Auction] Robert : 25,000 going once![0m
[19:21] [0m[Auction] Robert : 25,000 going twice![0m
[19:21] [0m[Auction] Robert : Got 26,250 from Stasis(elem).  Do I hear 28,875?[0m
[19:21] [0m[Auction] Robert : Got 28,875 from Mud(bard).  Do I hear 31,762?[0m
[19:21] [0m[Auction] Robert : Got 50,000 from Merrick(cybo).  Do I hear 55,000?[0m
[19:22] [0m[Auction] Robert : Got 200,000 from Stasis(elem).  Do I hear 220,000?[0m
[19:22] [0m[32mKid says: [0mmushrooms?[0m
[19:22] [0m[Auction] Merrick (cybo) : out[0m
[19:22] [0m[Auction] Robert : Got 250,000 from Mud(bard).  Do I hear 275,000?[0m
[19:22] [0m[Auction] Robert : 250,000 going once![0m
[19:22] [0m[Auction] Robert : 250,000 going twice![0m
[19:22] [0m[Auction] Stasis (elem) : out too, expensive login gear[0m
[19:22] [0m[Auction] Robert : Got 275,000 from Kitt(prie).  Do I hear 302,500?[0m
[19:23] [0m[Auction] Robert : 275,000 going once![0m
[19:23] [0m[Auction] Robert : Got 321,232 from Mud(bard).  Do I hear 353,355?[0m
[19:23] [0m[Auction] Robert : 321,232 going once![0m
[19:23] [0m[Auction] Robert : 321,232 going twice![0m
[19:23] [0m[Auction] Robert : Sold to Mud for 321,232 coins![0m
[19:25] [0m[Auction] Lachlan (blad) : 2 pieces of aylin for 300k.. damn that's cheap[0m
[19:25] [0m[Auction] Ser (psic) : ikr[0m
[19:25] [0m[Auction] Kitt (prie) : well Merrick had to jack up my 420 price[0m
[19:25] [0m[Auction] Lachlan (blad) : I bought 1 piece for 500k, overpaid, but still[0m
[19:25] [0m[Auction] Stasis (elem) : ahouse for $$, Robert for spam![0m
[19:26] [0m[Auction] Ser (psic) : i'll just start the bidding higher next time[0m
[19:26] [0m[Auction] Lachlan (blad) : 750 is too high[0m
[19:26] [0mSer <Craft>: anyone need a ridiculous amount of phasemetal?[0m
[19:26] [0m[Auction] Lachlan (blad) : for me[0m
[19:26] [0m[Auction] Mud (bard) : for boots?[0m
[19:26] [0mInix <Craft>: I only accept ludicrous amounts.[0m
[19:27] [0mSer <Craft>: i have over 500 boxed[0m
[19:27] [0mLachlan <Craft>: does the satchel hold more than 25 of a single item?[0m
[19:27] [0mSer <Craft>: yah[0m
[19:28] [0mLachlan <Craft>: rather hearts/frags/ess?[0m
[19:28] [0m[33;1m[Clan] Ser :[0m NIK[0m
[19:28] [0m[33;1m[Clan] Ser :[0m WE'RE MISSING AN EVENT[0m
[19:28] [0mSer <Craft>: ya[0m
[19:28] [0mLachlan <Craft>: nm, have 29 of one[0m
[19:28] [0m[33;1m[Clan] Nik :[0m immm makin dinner![0m
[19:28] [0m[33;1m[Clan] Ser :[0m NO TIME[0m
[19:28] [0mLachlan <Craft>: was worried it maxed out or something per item per grade[0m
[19:28] [0m[33;1m[Clan] Nik :[0m brt[0m
[19:29] [0mLachlan <Craft>: satch2 vaf and then just stopped looking[0m
[19:29] [0mLachlan <Craft>: builds faster than you think[0m
[19:31] [0m[33;1m[Clan] Martyr :[0m what dtype is event?[0m
[19:31] [0m[33;1m[Clan] Ser :[0m corroding[0m
[19:31] [0m[33;1m[Clan] Ser :[0m your favorite[0m
[19:32] [0m[35;1mInquisitor [Jedi(Knight)]:[0m Anybody available to train robotics up to 2?[0m
[19:32] [0m[35;1mSimonz [Jedi(Knight)]:[0m I'm only at 2 =([0m
[19:32] [0m[35;1mInquisitor [Jedi(Knight)]:[0m Or at least, make the attempt?  I dunno if I can yet.[0m
[19:32] [0m[35;1mSimonz [Jedi(Knight)]:[0m focus control droid on status[0m
[19:32] [0m[33;1m[Clan] Martyr :[0m Unless it's E/B/fire, I can't touch it :P[0m
[19:32] [0m[35;1mInquisitor [Jedi(Knight)]:[0m Good point.  That's a resounding no.[0m
[19:34] [0m[37;1m[JEDI]:[0m Janath Meelin arrives at the Academy.[0m
[19:34] [0m[35;1mInquisitor [Jedi(Knight)]:[0m I guess I should to check tatooine and see if they have anything[0m
[19:34] [0m                           other than this protocol droid.  :P[0m
[19:35] [0m[35;1mSimonz [Jedi(Knight)]:[0m starship droid is my favorite level 1 droid.  no more saber breaky[0m
[19:35] [0m[35;1mSimonz [Jedi(Knight)]:[0m and smelting droid on level 2 for the same reason[0m
[19:35] [0m[35;1mInquisitor [Jedi(Knight)]:[0m My lightweapons break infrequently enough that it doesn't bother me.[0m
[19:36] [0m[35;1mInquisitor [Jedi(Knight)]:[0m I'd obviously prefer never breaking, but, you know.  I'm a slacker.[0m
[19:36] [0m[35;1mSimonz [Jedi(Knight)]:[0m breaking at all is a huge nuisance to me[0m
[19:36] [0m[35;1mSimonz [Jedi(Knight)]:[0m heh[0m
[19:36] [0m[35;1mSimonz [Jedi(Knight)]:[0m anyone want a free +8 stats for 6 hours?[0m
[19:37] [0m[35;1mLicklick [Jedi(42)]:[0m you do[0m
[19:37] [0m[35;1mInquisitor [Jedi(Knight)]:[0m Probably.  Except that I'm a slacker.  ;)[0m
[19:37] [0m[35;1mSimonz [Jedi(Knight)]:[0m about to finish event, all you have to do is come to the road portal in[0m
[19:37] [0m                       fantasy and follow me through the rest[0m
[19:37] [0m[35;1mInquisitor [Jedi(Knight)]:[0m I'm in death taco, gimme a sec to drop out[0m
[19:38] [0m[35;1mSimonz [Jedi(Knight)]:[0m k[0m
[19:39] [0m[35;1mRoken [Jedi(68)]:[0m which scaler do you receive 8?[0m
[19:39] [0m[35;1mSimonz [Jedi(Knight)]:[0m also, death taco doesn't exactly lend itself to slacking[0m
[19:39] [0m[35;1mSimonz [Jedi(Knight)]:[0m 100[0m
[19:39] [0m[35;1mInquisitor [Jedi(Knight)]:[0m You underestimate my slackage.[0m
[19:39] [0m[35;1mInquisitor [Jedi(Knight)]:[0m I'm only scaler 91[0m
[19:39] [0m[35;1mSimonz [Jedi(Knight)]:[0m don't remember the break points, but that's the scaler I'm doing[0m
[19:40] [0m[35;1mInquisitor [Jedi(Knight)]:[0m @ road portal[0m
[19:41] [0m[32mPedestrian says: [0mIf you are waiting for a bus, they don't run here[0m
[19:41] [0m                 any more.[0m
[19:43] [0m[32mMerchant says: [0m I have to be in Wayhaven before dark..Move![0m
[19:44] [0m[33;1m[Clan] Xaryl :[0m what experiment are you working on Martyr?[0m
[19:44] [1;37;40m set to 1 hour Idle Timeout
[19:44] [0m[33;1m[Clan] Martyr :[0m I just got powercell[0m
[19:44] [0m[33;1m[Clan] Ser :[0m have you tried the hava experiment[0m
[19:44] [0m[33;1m[Clan] Xaryl :[0m what does that do?[0m
[19:45] [0m[33;1m[Clan] Ser :[0m you familiar with hava xaryl?[0m
[19:45] [0m[5m[1m[41mYour lightsaber begins to flicker and the handle warms![0m[0m                 [0m
[19:46] [0m[33;1m[Clan] Ser :[0m sigh noone wants to fall for my stuff[0m
[19:46] [0m[33;1m[Clan] Nik :[0m laff, im still wondering what new meme im missin[0m
[19:48] [0m[32mYou tell Simonz:[0m droid isn't doing much repairing this boot[0m
[19:48] [0m[34;1mSer shouts:[0m I used to do drugs.  I still do them, but I used to, too.[0m
[19:48] [0m[33;1m[Clan] Xaryl :[0m no, know nothing about Gen[0m
[19:48] [0m[33;1m[Clan] Xaryl :[0m even though I played one[0m
[19:48] [0m[33;1m[Clan] Ser :[0m hava nice day lmao got em[0m
[19:48] [0m[33;1m[Clan] Xaryl :[0m oh, heh[0m
[19:48] [0m[32mHoarace says:[0m Oh good, a fellow comrade in arms.[0m
[19:48] [0m[32mSimonz tells you:[0m I had the same problem with my first one[0m
[19:48] [0m[32mSimonz tells you:[0m didn't repair anything at all[0m
[19:48] [0m[32mMerchant says: [0m Out of my way peasant!![0m
[19:48] [0m[32mSimonz tells you:[0m dismissed him and got a new one and it's been fine[0m
[19:49] [0m[32;1mFrom afar, you nod to Simonz.[0m[0m
[19:49] [0m[32;1mFrom afar, you thank Simonz.[0m[0m
[19:49] [0m[32mSimonz tells you:[0m just finished stats for this level, wis/dex at 210, con at 204[0m
[19:49] [0m[32mYou tell Simonz:[0m have to re-enter event now[0m
[19:50] [0m[32;1mFrom afar, Simonz nods to you.[0m[0m
[19:50] [0mYour transmuter's stone bursts with 2 new colours![0m
[19:51] [0m[32mSimonz tells you:[0m i'm going to make a couple of codpieces, one all dex and one all wis, and do[0m
[19:51] [0m        some testing on my lowest zell scaler wearing nothing, and then nothing but those to[0m
[19:51] [0m        test and see what effects wis and dex have on fdef and the average number of rounds[0m
[19:55] [0m[32mYou tell Simonz:[0m believed wisdom affected proc rate and xp avg.. no testing, just had higher[0m
[19:55] [0m        wis at the time. xp avg went up from 0.000295 to 0.000300 not huge[0m
[19:55] [0m[32;1mFrom afar, Simonz nods to you.[0m[0m
[19:55] [0m[32mSimonz tells you:[0m i think there are also breakpoints, at least for wis[0m
[19:55] [0m[32mSimonz tells you:[0m every 25 seems to be a damage boost[0m
[19:56] [0m[32mYou tell Simonz:[0m could it be a fluke?[0m
[19:56] [0m[32mSimonz tells you:[0m no, I noticed that at 200, 225, 250, 275, etc[0m
[19:59] [0m[32mSimonz tells you:[0m wow....I'm in scaler 118 with embiggen up.  26m mobs, almost 100% fdef proc[0m
[19:59] [0m        rate...[0m
[20:00] [0m[33;1m[Clan] Archangel :[0m Eep![0m
[20:10] [0m[37;1m[JEDI]:[0m Reena Bel Noir arrives at the Academy.[0m
[20:14] [0m[35;1mInquisitor [Jedi(Knight)]:[0m Woooo, starship droid![0m
[20:14] [0m[35;1mInquisitor [Jedi(Knight)]:[0m And stuff.[0m
[20:28] [0m[32mYou tell Simonz:[0m 130m D :) just bground at the moment[0m
[20:28] [0m[32mSimonz tells you:[0m nice![0m
[20:29] [0m[32mYou tell Simonz:[0m im dead tired from work[0m
[20:32] [0m[34;1mKitt shouts:[0m Dont Bot, or youll die[0m
[20:32] [0m[34;1mSer shouts:[0m i die either way[0m
[20:32] [0m[32mSimonz tells you:[0m XP Gain for the last 30 minutes: 250,654,135[0m
[20:32] [0m[34;1mSer shouts:[0m its ez[0m
[20:33] [0m[33;1m[Clan] Martyr :[0m zombie reset anyone?[0m
[20:34] [0m[33;1m[Clan] Mud :[0m looks like im free in 7mins, thanks though[0m
[20:35] [0m[33;1m[Clan] Martyr :[0m anyone able to rally me/byron so I can reset?[0m
[20:36] [0m[33;1m[Clan] Ipsie :[0m sure[0m
[20:36] [0m[33;1m[Clan] Martyr :[0m woo, at entrance[0m
[20:36] [0m[33;1m[Clan] Ipsie :[0m will just be asec[0m
[20:41] [0m[32;1mFrom afar, you cheer Simonz on!!![0m[0m
[20:42] [0m[37;1m[JEDI]:[0m Kerran Halcyon arrives at the Academy.[0m
[20:50] [0mYour transmuter's stone bursts with 5 new colours![0m
[20:54] [0m[32mYou tell Simonz:[0m new bk[0m
[20:56] [0m[32;1mFrom afar, Simonz cheers you on!!![0m[0m
[20:56] [0m[32mSimonz tells you:[0m you should try rimalkins[0m
[20:57] [0m[32mSimonz tells you:[0m the small ones are ~14m[0m
[21:04] [0mRaest flaps : Citizen Kane is on netflix, i may as well watching it at least once in my lifetime[0m
[21:05] [0m[37;1m[JEDI]:[0m Rhaan arrives at the Academy.[0m
[21:06] [0mXiu flaps : much better than the sequel; Outlaw Kane: The Revenge.[0m
[21:07] [0m[32mSimonz tells you:[0m it's kinda wierd being back in this place with zombies.  I can do 118[0m
[21:07] [0m        without embiggen, but I have to have energy to dissipate and use release force on every[0m
[21:07] [0m        corpse or they hit me too hard and I force sat.  I've been grinding on 117 for so long[0m
[21:07] [0m        without needing energy or rf that it's weird to be back there again[0m
[21:08] [0m[32mSmith says:[0m You require 84 coins to repair *Pitch Black Boots [Transmuted to ring] (worn on feet).[0m
[21:33] [0mHex flaps : Kandy Kane in the peppermint twistXXX.[0m
[21:34] [0m[34;1mVagrant shouts:[0m it truly is a beast[0m
[21:36] [0m[37;1m[JEDI]:[0m Alyssa K'tal arrives at the Academy.[0m
[21:36] [0m[33;1m[Clan] Mud :[0m oops[0m
[21:37] [0m[33;1m[Clan] Ser :[0m hmm[0m
[21:37] [0m[33;1m[Clan] Ser :[0m you die?[0m
[21:37] [0m[33;1m[Clan] Mud :[0m beaster bested me cause i wasnt paying attention[0m
[21:37] [0m[33;1m[Clan] Martyr :[0m punk bard[0m
[21:37] [0m[33;1m[Clan] Martyr :[0m get good[0m
[21:38] [0m[33;1m[Clan] Ser :[0m hey martyr stfu[0m
[21:46] [0mSer -=(OMP)=- omp omp omp[0m
[21:47] [0m[33;1m[Clan] Martyr :[0m never[0m
[21:48] [0mnewb Obituss [cleric/17]: I cannot locate willpower or will in any help topics[0m
[21:48] [0mnewb Obituss [cleric/17]: anybody know how I increase that?[0m
[21:49] [0mnewb Stasis [elemental/133]: info stats? maybe. assuming it's a Cleric thing[0m
[21:50] [0mLeto -=(OMP)=- via skype, for the win![0m
[21:50] [0mnewb Obituss [cleric/17]: ahh, i'm confusing help syntax with info[0m
[21:50] [0mnewb Obituss [cleric/17]: thanks![0m
[21:50] [0mnewb Stasis [elemental/133]: :)[0m
[21:50] [0mYour transmuter's stone bursts with 6 new colours![0m
[21:52] [0m[34;1mNik shouts:[0m playcult like youre aware![0m
[21:56] [0m[34;1mHex shouts:[0m insert chicken little joke here.[0m
[21:57] [0m[34;1mAl shouts:[0m the sky is falling?  skyfall?  #couldn'tdecidewhichwasbetter[0m
[21:58] [0m[34;1mHex shouts:[0m #chooseYourOwnAdventure[0m
[21:58] [0m[34;1mDisruptor shouts:[0m #arethespacebarsbroken[0m
[21:58] [0m[34;1mHex shouts:[0m #SOISCAPSLOCK[0m
[22:05] [0m[37;1m[JEDI]:[0m Herah Wylann arrives at the Academy.[0m
[22:07] [0m[Auction] Vagrant (necr) : skills are meh[0m
[22:18] [0mFd  Wm:g Wc: 19% Gx: 29.21% Fx: 46.92%[0m
[22:23] [0m[32mMartyr tells you:[0m could you train my metaphysical?[0m
[22:24] [0m[33;1m[Clan] Martyr :[0m Anyone with a jedi paying attention able ot train my metaphysical?[0m
[22:25] [0m[33;1m[Clan] Nik :[0m i can train a few at least if need be[0m
[22:25] [0m[33;1m[Clan] Nik :[0m i think i can train 2[0m
[22:26] [0m[33;1m[Clan] Ser :[0m wbat[0m
[22:27] [0m[33;1m[Clan] Ser :[0m night all[0m
[22:32] [0m[33;1m[Clan] Sock wiggles on your foot.[0m  [0m
[22:32] [0m[33;1m[Clan] Anecdote enters the game.[0m  [0m
[22:39] [0m[37;1m[JEDI]:[0m Durnoth arrives at the Academy.[0m
[23:04] [0mDin <Craft>: eesh.. 45 essences to get 1 legendary[0m
[23:05] [0mDin <Craft>: 45 avg that is[0m
[23:06] [0m[37;1m[JEDI]:[0m Tobias Kel'ach'nar arrives at the Academy.[0m
[23:19] [0m[Auction] Robert : Up for bids: Steel Flask of Urine (yellow liquid) and Lead Flask of Urine[0m
[23:19] [0m                   (yellow liquid).[0m
[23:19] [0m[Auction] Robert : Disruptor has requested 1,337 as the opening offer.[0m
[23:19] [0m[Auction] Robert : Oh, come on... just 1337 coins?[0m
[23:20] [0m[Auction] Robert : Fine, bollocks to the lot of you[0m
[23:30] [0m[37;1m[JEDI]:[0m Wennic Ber'ni'lok arrives at the Academy.[0m
[23:35] [0m[Auction] Robert : Up for bids: The Explorer's ring.[0m
[23:35] [0m[Auction] Robert : Disruptor has requested 10 as the opening offer.[0m
[23:35] [0m[Auction] Leto (jugg) : I thought that was going to be the emperor's clothes.[0m
[23:35] [0m[Auction] Robert : Oh, come on... just 10 coins?[0m
[23:35] [0m[Auction] Robert : Got 420 from Fluffy(chan).  Do I hear 470?[0m
[23:36] [0m[Auction] Robert : 420 going once![0m
[23:36] [0m[Auction] Robert : 420 going twice![0m
[23:36] [0m[Auction] Robert : Sold to Fluffy for 420 coins![0m
[23:52] [0m[34;1mNik shouts:[0m you can't spell culture without cult[0m
