- = LOG STARTED [00:00] = -
[00:01] [0m[33;1m[Clan] Ser :[0m so if i can do paul with this much (little) gear, does that mean i beat the game[0m
[00:01] [0m[33;1m[Clan] Ser :[0m can i stop playing 3k now[0m
[00:07] [0m[34;1mKitt shouts:[0m Free Port![0m
[00:13] [0m[37;1m[JEDI]:[0m Janath Meelin arrives at the Academy.[0m
[00:19] [0m[34;1mMellaous shouts:[0m woo[0m
[00:19] [0m[34;1mAedammair shouts:[0m woo[0m
[00:20] [0mYour transmuter's stone bursts with 5 new colours![0m
[00:23] [0mXiu flaps : i've never even heard of dial up that was half as bad as this dsl. i don't think[0m
[00:23] [0m            it's possible to be worse. most of the time i don't even see anything that happens[0m
[00:23] [0m            in a fight except eventually the last couple rnds scroll then i'm kicked to active[0m
[00:23] [0m            ld.[0m
[00:23] [0mHyuga flaps : my internet is pretty bad too. but not as bad as yours[0m
[00:23] [0mMartyr flaps : where are you located?[0m
[00:23] [0mSer flaps : have you tried changing your DNS servers?[0m
[00:25] [0mStasis flaps : he's located in 1986 i think[0m
[00:25] [0mXiu flaps : in my case the problem is a physcial flaw in the fiber optic line. i even know[0m
[00:25] [0m            roughly where it is but there's 0 chance of the line getting fixed in my lifetime.[0m
[00:25] [0m            not for the 12 people who live on this road.[0m
[00:26] [0mStasis flaps : hopefully Starlink is cheap and available soon[0m
[00:26] [0mKitt flaps : you know what sstarlink is really for right?[0m
[00:27] [0mStasis flaps : something something russia?[0m
[00:27] [0mKitt flaps : Starnet[0m
[00:27] [0mStasis flaps : no, wait. PRON![0m
[00:27] [0mStasis flaps : oh that too[0m
[00:27] [0mStasis flaps : skynet![0m
[00:28] [0m[34;1mKitt shouts:[0m ok Peeps  ftouches come and get them you BOTZ[0m
[00:30] [0m[34;1mVagrant shouts:[0m i need gearz first can I get a raincheck![0m
[00:35] [0m[34;1mKitt shouts:[0m free eq![0m
[00:36] [0m[34;1mKitt shouts:[0m You can do better than that@[0m
[00:39] [0m[33;1m[Clan] Ser :[0m i fucked up[0m
[00:40] [0m[33;1m[Clan] Ser :[0m i just pissed off a lot of mobs in qoh[0m
[00:40] [0m[33;1m[Clan] Ser :[0m forgot some AoE stuff on[0m
[00:40] [0m[33;1m[Clan] Ser :[0m sigh[0m
[00:44] [0m[37;1mVagrant <.oO>:[0m noice[0m
[00:48] [0m[37;1m[JEDI]:[0m H'ssani C'talan arrives at the Academy.[0m
[00:50] [0m[33;1m[Clan] Byron :[0m The Queen of Hearts has reset.[0m
[00:56] [0m[33;1m[Clan] Yik :[0m if anyone happens to get an extra fire packet, please hook me up! but ill need it[0m
[00:56] [0m             on the ground[0m
[01:16] [0m[37;1m[JEDI]:[0m Herah Wylann arrives at the Academy.[0m
[01:17] [0m[35;1mAristodemus [Jedi(30)]:[0m boom[0m
[01:17] [0m[35;1mBlubber [Jedi(38)]:[0m lol[0m
[01:17] [0m[35;1mBlubber [Jedi(38)]:[0m gz on 30[0m
[01:17] [0m[35;1mAristodemus [Jedi(30)]:[0m anyone to teach me some skilllz (7-8 lfs cpain ri)[0m
[01:17] [0m[35;1mBlubber [Jedi(38)]:[0m sure[0m
[01:17] [0m[35;1mBlubber [Jedi(38)]:[0m dunno if i can do lfs but the rest yeah[0m
[01:18] [0m[35;1mAristodemus [Jedi(30)]:[0m u need to b 2 or higher[0m
[01:19] [0m[35;1mAristodemus [Jedi(30)]:[0m thanks a bunch ![0m
[01:19] [0m[35;1mBlubber [Jedi(38)]:[0m nps[0m
[01:20] [0m[33;1m[Clan] Byron :[0m The Queen of Hearts has reset.[0m
[01:22] [0m[35;1mAristodemus [Jedi(30)]:[0m mmmm I can actually tank with crapquipment zombs 58[0m
[01:22] [0m[35;1mAristodemus [Jedi(30)]:[0m like 700k[0m
[01:23] [0m[35;1mBlubber [Jedi(38)]:[0m What does 'actually tank' mean[0m
[01:23] [0m[35;1mBlubber [Jedi(38)]:[0m Stay in combat until they die?[0m
[01:24] [0m[35;1mAristodemus [Jedi(30)]:[0m yea stably[0m
[01:24] [0m[35;1mBlubber [Jedi(38)]:[0m not bad[0m
[01:31] [0m[33;1m[Clan] Byron :[0m The Queen of Hearts has reset.[0m
[01:40] [0m[35;1mAristodemus [Jedi(30)]:[0m wow the fdef% rate is really low from what I remember it to be :P[0m
[01:40] [0m[37;1m[JEDI]:[0m Wennic Ber'ni'lok arrives at the Academy.[0m
[01:41] [0m[35;1mBlubber [Jedi(38)]:[0m enjoy the grind[0m
[01:41] [0m[35;1mAristodemus [Jedi(30)]:[0m Still faster than most guilds that I know[0m
[01:41] [0m[35;1mBlubber [Jedi(38)]:[0m wait for 2-3[0m
[01:41] [0m[35;1mAristodemus [Jedi(30)]:[0m I just remember I flew for the first 4 levels of fdef[0m
[01:42] [0m[35;1mAristodemus [Jedi(30)]:[0m but That's fine - the effect is really strong on the defense[0m
[01:43] [0m[33;1m[Clan] Byron :[0m The Queen of Hearts has reset.[0m
[01:56] [0m[34;1mFluffy shouts:[0m omg, they killed kenny![0m
[02:06] [0m[34;1mHyuga shouts:[0m IN A BIT[0m
[02:14] [0m[37;1m[JEDI]:[0m Talia Ska arrives at the Academy.[0m
[18:39] [0m[34;1mFluffy shouts:[0m they shot up his ride too :([0m
[18:43] [0m[34;1mKitt shouts:[0m Ride like the Wind BullsSnus[0m
[18:50] [0m[34;1mJasmine shouts:[0m PLAYCULT! One more needed to kill Byron![0m
[18:51] [0m[35;1mFreak [Jedi(23)]:[0m I have one accelerated healing... a few hibernation trance.. Oh. also dodge,[0m
[18:51] [0m                  dissipate energy, and absorb energy I stopped leveling..[0m
[18:51] [0m[33;1m[Clan] Byron :[0m The Queen of Hearts has reset.[0m
[18:52] [0m[37;1m[JEDI]:[0m Herah Wylann arrives at the Academy.[0m
[19:01] [0m[33;1m[Clan] Ser :[0m i eneeded 2 tears for platemail[0m
[19:02] [0m[33;1m[Clan] Ser :[0m unless you don't care about quality[0m
[19:17] [0mYour transmuter's stone bursts with 2 new colours![0m
[19:17] [0m[33;1m[Clan] Ser :[0m good talk[0m
[19:17] [0m[33;1m[Clan] Byron :[0m I put themn in crafting box[0m
[19:17] [0m[33;1m[Clan] Byron :[0m legendary[0m
[19:17] [0m[33;1m[Clan] Byron :[0m w/ rubies[0m
[19:18] [0m[33;1m[Clan] Ser :[0m there is 1 good and 1 superior ruby in there and only 1 tears[0m
[19:18] [0m[33;1m[Clan] Byron :[0m wtf. did one of you goons steal it[0m
[19:18] [0m[33;1m[Clan] Byron :[0m laf[0m
[19:18] [0m[33;1m[Clan] Byron :[0m crafting clan box[0m
[19:27] [0m[33;1m[Clan] Byron :[0m was talking to magius for a bit[0m
[19:27] [0m[33;1m[Clan] Byron :[0m jesus christ he's jaded[0m
[19:27] [0m[33;1m[Clan] Ipsie :[0m really ? he was a great wiz on 3s.. I got the impression he had a negative[0m
[19:27] [0m               opinion of 3k .[0m
[19:27] [0m[33;1m[Clan] Byron :[0m Still does[0m
[19:27] [0m[33;1m[Clan] Byron :[0m Made worse by the shit on 3s[0m
[19:28] [0m[33;1m[Clan] Ipsie :[0m salty over marble selling ?[0m
[19:28] [0m[33;1m[Clan] Byron :[0m yeah[0m
[19:29] [0m[33;1m[Clan] Byron :[0m guess he views the time he put into both ports as wasted, which I guess I[0m
[19:29] [0m               understand the mentality[0m
[19:29] [0m[37;1m[JEDI]:[0m Reena Bel Noir arrives at the Academy.[0m
[19:29] [0m[33;1m[Clan] Byron :[0m The Queen of Hearts has reset.[0m
[19:29] [0m[33;1m[Clan] Ipsie :[0m why wasted on 3k ? i get 3s. i would feel shit on if atropos took over right[0m
[19:29] [0m               after i spent a year coding amzing things ...[0m
[19:29] [0m[33;1m[Clan] Byron :[0m what happen on 3s was completely fucked though[0m
[19:30] [0m[33;1m[Clan] Byron :[0m he doesn't like the legal botting/qinfo/etc.[0m
[19:30] [0m[33;1m[Clan] Byron :[0m thinks it makes for an addictive/non-interactive experience[0m
[19:30] [0m[33;1m[Clan] Byron :[0m Which means he had some rosy glasses on if he thought people didn't bot before[0m
[19:30] [0m               those changes heh[0m
[19:30] [0m[33;1m[Clan] Ipsie :[0m lol[0m
[19:31] [0m[33;1m[Clan] Ipsie :[0m maybe bits of that are true, but, the game adapted to the way most people can[0m
[19:31] [0m               play during their day to day lives ...[0m
[19:31] [0m[33;1m[Clan] Byron :[0m I actually think the game is more social and positive than it was[0m
[19:40] [0m[33;1m[Clan] Rebar leaves the game.[0m  [0m
[19:46] [0m[32mGilgalal tells you:[0m gratz on 74[0m
[19:46] [0m[32;1mFrom afar, you thank Gilgalal.[0m[0m
[19:48] [0m[32mYou tell Gilgalal:[0m woo 900 m to last tier of embiggen[0m
[19:48] [0m[34;1mKitt shouts:[0m NOW[0m
[19:48] [0m[32;1mFrom afar, Gilgalal goes 'Woo Woo!' at you.[0m[0m
[19:49] [0mKitt flaps : Now[0m
[19:49] [0m[34;1mStasis shouts:[0m in a bit[0m
[19:49] [0m[34;1mPriceless shouts:[0m Later.[0m
[19:49] [0mRoken flaps : what was the 5th day of xmas buff?[0m
[19:52] [0mByron flaps : 5 dragon shells i think[0m
[19:53] [0mNauda flaps : I bet 7 deadly sins is next[0m
[20:00] [0m[37;1m[JEDI]:[0m Rhaan arrives at the Academy.[0m
[20:06] [0mSky flaps : there needs to be a an "east coast" vs "west coast" dictionary[0m
[20:09] [0mKenny flaps : the information is definitely out there[0m
[20:09] [0mCaeli flaps : Would y'all consider a voodoo priestess a witch or a cleric?[0m
[20:09] [0mVoodoo flaps : or MOIST![0m
[20:09] [0mXiu flaps : depends on if there's a deity invovled[0m
[20:10] [0mCaeli flaps : I want to stat one out for a D&D game.[0m
[20:10] [0mKenny flaps : I worship that booty[0m
[20:10] [0mCaeli flaps : Specifically Marie LeVeau[0m
[20:17] [0mYour transmuter's stone bursts with 2 new colours![0m
[20:22] [0m[35;1mGilgalal [Jedi(74)]:[0m Wooo[0m
[20:22] [0m[33;1m[Clan] Nix :[0m fuck cnn[0m
[20:22] [0m[33;1m[Clan] Nix :[0m im getting wiped tonight[0m
[20:24] [0m[33;1m[Clan] Martyr :[0m woo[0m
[20:25] [0m[33;1m[Clan] Ser :[0m like in 3k?[0m
[20:26] [0mSer flaps : Ser tells you: if you get on in the next couple hours i have a spork in my taco[0m
[20:27] [0mFrustrated flaps : stick a spork in it[0m
[20:27] [0mXiu flaps : she put the spork in the taco and drink 'em both up she put the spork in the taco[0m
[20:27] [0m            and drink 'em both up[0m
[20:28] [0m[37;1m[JEDI]:[0m Bithoff Jonansaan arrives at the Academy.[0m
[20:28] [0mKenny flaps : eww thats wrong on many levels[0m
[20:30] [0mKitt flaps : ss for 5 mins for day 7 cmc dups[0m
[20:31] [0mNauda flaps : pony and free bjs to every third[0m
[20:31] [0mTurnhold flaps : easy now[0m
[20:31] [1;37;40m set to 1 hour Idle Timeout
[20:34] [0m[34;1mMental shouts:[0m my swooooord[0m
[20:36] [0mKitt flaps : haha wtf[0m
[20:36] [0mCarthage flaps : flap got all spicy suddenly ;)[0m
[20:40] [0m[33;1m[Clan] Sock wiggles off your foot.[0m  [0m
[20:42] [0mKitt flaps : they are impeaching trump, then remove him from office, mike pence will be pres[0m
[20:42] [0m             then trump will be pres again in 2020 lol[0m
[20:42] [0mNauda flaps : easy now )[0m
[20:42] [0mTurnhold flaps : wrong line[0m
[20:43] [0mTurnhold flaps : take it to POL:P[0m
[20:43] [0mKitt flaps : take YO FACE to POL[0m
[20:43] [0mLicklick flaps : like hell he'll be impeaches[0m
[20:44] [0mKitt flaps : man this someone is following me[0m
[20:44] [0mKenny flaps : botz patrol?[0m
[20:45] [0mKitt flaps : so many Botz[0m
[20:45] [0mXiu flaps : they need to kick all the bums out, every election that goes by i check my gxp[0m
[20:45] [0m            rate... still the same. what have they done for me? nothing.[0m
[20:45] [0mKitt flaps : See Xiu gets it![0m
[20:46] [0mEoin flaps : i used to have a joke about divorce proceedings and the husband would say "your[0m
[20:46] [0m             honor, being married to her was far worse gxp than when i was single."[0m
[20:46] [0mNauda flaps : virtual peach getting slapped SFW https://tinyurl.com/peach-getting-a-slap[0m
[20:52] [0mKitt flaps : Fore scores and 7 glvls ago[0m
[20:55] [0m[33;1m[Clan] Ser :[0m finally picked up destroy[0m
[20:56] [0m[32mSer tells you:[0m ! XP Spent    : 293.6B[0m
[20:58] [0m[33;1m[Clan] Martyr :[0m sexy power[0m
[20:59] [0m[33;1m[Clan] Ser :[0m i hate death tacos[0m
[20:59] [0m[32;1mFrom afar, you go 'Woo Woo!' at Ser.[0m[0m
[20:59] [0m[33;1m[Clan] Ipsie :[0m im just excited to hit 70 and start raising plvl[0m
[20:59] [0m[33;1m[Clan] Ser :[0m plvl?[0m
[20:59] [0m[33;1m[Clan] Ipsie :[0m get them basic (powers[0m
[20:59] [0m[33;1m[Clan] Ipsie :[0m player level[0m
[20:59] [0m[33;1m[Clan] Ser :[0m it's 111[0m
[21:00] [0m[33;1m[Clan] Ipsie :[0m sorry, glvl 70[0m
[21:00] [0m[33;1m[Clan] Ipsie :[0m so i can quit putting off player lvls so much[0m
[21:00] [0m[33;1m[Clan] Ser :[0m ahh[0m
[21:02] [0m[33;1m[Clan] Martyr :[0m when you get critic + ab, youll get a serious xp boost[0m
[21:03] [0m[33;1m[Clan] Nix :[0m byron should power level you[0m
[21:03] [0m[33;1m[Clan] Nix :[0m he promised me the world but his quid pro quo wasn't worth shit[0m
[21:03] [0m[33;1m[Clan] Ser :[0m lol[0m
[21:03] [0m[33;1m[Clan] Ser :[0m he's even had me drag him a few times[0m
[21:03] [0m[33;1m[Clan] Ipsie :[0m i think he said hed get me to 130[0m
[21:03] [0m[33;1m[Clan] Nix :[0m they name streets after guys like him[0m
[21:03] [0m[33;1m[Clan] Nix :[0m one-way[0m
[21:03] [0m[37;1m[JEDI]:[0m Wennic Ber'ni'lok arrives at the Academy.[0m
[21:04] [0m[33;1m[Clan] Ipsie :[0m ser got me gobs of xp.[0m
[21:04] [0m[33;1m[Clan] Ser :[0m i don't think so[0m
[21:04] [0m[33;1m[Clan] Ser :[0m maybe a couple million[0m
[21:04] [0m[33;1m[Clan] Ipsie :[0m ok not gobs, but some :)[0m
[21:04] [0m[33;1m[Clan] Ser :[0m @byron you get my hoe[0m
[21:04] [0m[33;1m[Clan] Ipsie :[0m more then byron :([0m
[21:09] [0m[33;1m[Clan] Martyr :[0m its in the garden[0m
[21:09] [0m[33;1m[Clan] Martyr :[0m was bop[0m
[21:10] [0m[33;1m[Clan] Ser :[0m thnx[0m
[21:10] [0m[33;1m[Clan] Martyr :[0m should get another order in ~2 hrs[0m
[21:10] [0m[33;1m[Clan] Martyr :[0m wouldve taken like 300 days in old gents laf[0m
[21:10] [0m[33;1m[Clan] Ipsie :[0m jeeze, you are blowing through[0m
[21:10] [0m[33;1m[Clan] Martyr :[0m nos[0m
[21:11] [0m[33;1m[Clan] Martyr :[0m nod*[0m
[21:11] [0m[33;1m[Clan] Ipsie :[0m they really gave gens love[0m
[21:11] [0m[33;1m[Clan] Martyr :[0m If my wis was 200ish Id be hitting for like 7k/rnd probablu[0m
[21:11] [0m[33;1m[Clan] Martyr :[0m Yeah, gents are sick[0m
[21:12] [0m[33;1m[Clan] Nix :[0m gents is an offensive term[0m
[21:12] [0m[33;1m[Clan] Nix :[0m genpeople is more appropriate in todays left-leaning world[0m
[21:13] [0m[33;1m[Clan] Ipsie :[0m bwahahaha[0m
[21:14] [0m[34;1mFluffy shouts:[0m shank![0m
[21:15] [0m[34;1mKenny shouts:[0m LACES OUT[0m
[21:17] [0m[33;1m[Clan] Nix :[0m anyone see Rambo?[0m
[21:17] [0mYour transmuter's stone bursts with 4 new colours![0m
[21:18] [0m[33;1m[Clan] Nix :[0m last blood not the other 10[0m
[21:18] [0m[33;1m[Clan] Nix :[0m watched ad astra last night.. that movie kinda sucked[0m
[21:19] [0m[33;1m[Clan] Cambiador :[0m I don't even know what it's about.[0m
[21:19] [0m[33;1m[Clan] Nix :[0m John Rambo[0m
[21:19] [0m[33;1m[Clan] Nix :[0m the other one is with brad pitt and space exploration, not worth 2 hours of your[0m
[21:19] [0m             life imo[0m
[21:21] [0m[33;1m[Clan] Nix :[0m meh, just bought the joker[0m
[21:21] [0m[33;1m[Clan] Ser :[0m that was really good[0m
[21:24] [0m[33;1m[Clan] Martyr :[0m you really cant go wrong with rambo[0m
[21:24] [0m[33;1m[Clan] Martyr :[0m you know exactly what youre in for[0m
[21:24] [0m[33;1m[Clan] Martyr :[0m i think i saw it a dozen times on buses in south america[0m
[21:25] [0m[33;1m[Clan] Martyr :[0m they play some fucked up movies on those buses[0m
[21:25] [0m[33;1m[Clan] Martyr :[0m nightbus you thought you were sleeping on? fuck you heres rambo at full volume[0m
[21:25] [0m                for the next 16 hours[0m
[21:32] [0m[33;1m[Clan] Sock wiggles on your foot.[0m  [0m
[21:33] [0m[32;1mFrom afar, Simonz bows before you.[0m[0m
[21:33] [0m[32;1mFrom afar, you exclaim OMG!! at Simonz.[0m[0m
[21:33] [0m[32;1mFrom afar, Simonz grins at you.[0m[0m
[21:33] [0m[32mYou tell Simonz:[0m hey where've ya been?[0m
[21:33] [0m[32mYou think to Simonz . o O ([0m [36;1m school? [0m [32m)[0m[0m
[21:33] [0m[32mSimonz tells you:[0m real life, nod[0m
[21:34] [0m[32mSimonz tells you:[0m bteak between semesters[0m
[21:35] [0m[32mYou tell Simonz:[0m yay, I'm between living quarters. Closing on a house next month[0m
[21:35] [0m[32mYou tell Simonz:[0m as far as real life news goes...[0m
[21:36] [0m[32;1mFrom afar, Simonz goes 'Woo Woo!' at you.[0m[0m
[21:36] [0m[37;1m[JEDI]:[0m Durnoth arrives at the Academy.[0m
[21:36] [0m[32mSimonz tells you:[0m nice, grats![0m
[21:43] [0m[34;1mKitt shouts:[0m I knew it was getting hot in heer[0m
[21:43] [0m[34;1mNauda shouts:[0m Voodoo removed his pants again[0m
[21:43] [0m[34;1mYik shouts:[0m lies[0m
[21:44] [0mKitt flaps : looking to see if any peeps want to do a paul 2?[0m
[21:47] [0m[35;1mAristodemus [Jedi(30)]:[0m meow[0m
[21:48] [0m[34;1mFlaxen shouts:[0m heya[0m
[21:49] [0m[34;1mRoken shouts:[0m woo, happy impeachment day![0m
[21:49] [0m[34;1mXiu shouts:[0m hi[0m
[21:49] [0m[32;1mFrom afar, Sock laffs at you![0m[0m
[21:49] [0m[32mSock tells you:[0m has to go thru senate still[0m
[21:49] [0m[34;1mRoken shouts:[0m grown[0m
[21:49] [0m[34;1mPriceless shouts:[0m Trump the chump.[0m
[21:49] [0m[32mSock tells you:[0m also you will get jailed[0m
[21:49] [0mRoken flaps : groan***[0m
[21:50] [0m[34;1mAristodemus shouts:[0m The house vote was obvious[0m
[21:50] [0m[32mYou tell Sock:[0m what?[0m
[21:50] [0m[32mSock tells you:[0m talking politics off of pol[0m
[21:51] [0m[32mYou tell Sock:[0m I ahve no access to pol...[0m
[21:51] [0m[34;1mKenny shouts:[0m wait there was something going on today besides 3k and bong hits?[0m
[21:51] [0m[34;1mAristodemus shouts:[0m nope[0m
[21:51] [0m[34;1mNauda shouts:[0m I didn't vote for him![0m
[21:52] [0m[34;1mYik shouts:[0m move along citizens[0m
[21:52] [0m[34;1mAristodemus shouts:[0m me neither! Because I live in Israel[0m
[21:52] [0m[32mYou tell Sock:[0m im confused.. why seth myers talking like he is... there was a vote tonigh[0m
[21:52] [0m[34;1mXiu shouts:[0m whatever it is, NASA is behind it trying to make us believe the globe lie somehow.[0m
[21:52] [0mKitt flaps : have 4 ppl for paul, need 3 more[0m
[21:54] [0m[34;1mKitt shouts:[0m 2 out of 3?[0m
[21:54] [0m[32mSock tells you:[0m pol on[0m
[21:56] [0m[34;1mNauda shouts:[0m 7 out of 9[0m
[21:56] [0m[33;1m[Clan] Sock :[0m Heart Of Water            | 103 |  5 |  0 | 43 | 55 |  0 |  0 |  0 |[0m
[21:57] [0mKitt flaps : have 5 ppl for paul[0m
[21:58] [0mFlaxen flaps : I'm in[0m
[21:58] [0mKitt flaps : nice[0m
[21:58] [0mNauda flaps : Flaxen will make a quick work of paul[0m
[21:58] [0mSock flaps : maybe[0m
[21:58] [0mXiu flaps : yeah sweet, a ringer[0m
[21:59] [0m[32mYou tell Sock:[0m crap, does anyone talk on pol? and chatbot will need an update later[0m
[22:00] [0m[32mYou tell Sock:[0m dmg_tracker has 70 rounds in it now.. how is it tracking rounds?[0m
[22:01] [0m[32mSock tells you:[0m the damage done[0m
[22:02] [0m[32mYou think to Simonz . o O ([0m [36;1m craft finger and (finger me yet? [0m [32m)[0m[0m
[22:03] [0m[32;1mFrom afar, Simonz cheers you on!!![0m[0m
[22:05] [0mKitt flaps : crypt up 1 n or resid[0m
[22:05] [0mNauda flaps : or and maybe[0m
[22:06] [0m[37;1m[JEDI]:[0m Tobias Kel'ach'nar arrives at the Academy.[0m
[22:14] [0m[33;1m[Clan] Ser :[0m next time i try w/o embiggen[0m
[22:14] [0mKitt flaps : paul party on get your no pants party on with voodoo[0m
[22:17] [0mYour transmuter's stone bursts with 5 new colours![0m
[22:24] [0mMagius gshouts: anyone on here play p99?[0m
[22:32] [0m[37;1m[JEDI]:[0m Wennic Ber'ni'lok arrives at the Academy.[0m
[22:40] [0m[33;1m[Clan] Pol leaves the game.[0m  [0m
[22:51] [0mKitt flaps : thanks guys that was fun[0m
[22:51] [0mSer flaps : get ewell[0m
[22:51] [0mXiu flaps : ewell shaming![0m
[22:51] [0mSky flaps : any beloch parties going on?[0m
[22:51] [0mNightrider flaps : heh[0m
[22:51] [0mNauda flaps : 7 player part ran out of ewell, heh[0m
[22:52] [0mSer flaps : was it even 7 people?[0m
[22:52] [0mKitt flaps : it was 6[0m
[22:52] [0mFluffy flaps : it was 5 1/4 ... kitt was there[0m
[22:52] [0mSer flaps : nog, and fight took like 40 mins[0m
[22:52] [0mKitt flaps : ya[0m
[22:52] [0mNauda flaps : I guess you right, Kitt isn't really a person[0m
[22:52] [0mSer flaps : we only had 5 ewells at 4 mins each, that's only 20 mins worth, so they reset :P[0m
[22:53] [0mKitt flaps : well nix was there[0m
[22:53] [0mXiu flaps : hey cars are people too, if growing up in the 80s watching Knight Rider, Automan and[0m
[22:53] [0m            Autobots taught me anything it's that.[0m
[22:54] [0m[37;1m[JEDI]:[0m H'ssani C'talan arrives at the Academy.[0m
[22:59] [0mSer flaps : anyone have extra lime wedge[0m
[22:59] [0mNauda flaps : I have tin foil wrapper[0m
[23:04] [0m[33;1m[Clan] Martyr :[0m ooo I got tome and hammer lvl 3[0m
[23:04] [0m[33;1m[Clan] Martyr :[0m you want ser?[0m
[23:04] [0m[33;1m[Clan] Ser :[0m sure[0m
[23:04] [0m[33;1m[Clan] Ser :[0m oh fk i popped HA[0m
[23:04] [0m[33;1m[Clan] Martyr :[0m tossed it in crafting box[0m
[23:04] [0m[33;1m[Clan] Martyr :[0m tossed it in crafting box[0m
[23:04] [0m[33;1m[Clan] Ser :[0m ur gonna have to wait on platemail[0m
[23:04] [0m[33;1m[Clan] Ser :[0m cool[0m
[23:04] [0m[33;1m[Clan] Martyr :[0m echooooooooooo[0m
[23:04] [0m[33;1m[Clan] Martyr :[0m yeah[0m
[23:05] [0m[33;1m[Clan] Martyr :[0m no worries[0m
[23:05] [0m[33;1m[Clan] Ser :[0m if you can source legendary it will bump my crafting up a bunch[0m
[23:05] [0m[33;1m[Clan] Ser :[0m otw i prolly can't do the axe or w/e[0m
[23:06] [0m[33;1m[Clan] Ser :[0m i'd see if assassin would do it[0m
[23:06] [0m[33;1m[Clan] Ser :[0m err would have em[0m
[23:06] [0m[34;1mOreo shouts:[0m voodoo dont know trix are for knights[0m
[23:07] [0m[33;1m[Clan] Ser :[0m also mind doing a beloch or 2 tonight?[0m
[23:07] [0m[33;1m[Clan] Ser :[0m in 45 mins or so :P[0m
[23:09] [0mSinahi <Craft>: I don't want to craft ... I want to be a LUMBERJACK!![0m
[23:10] [0m[33;1m[Clan] Byron :[0m what are the hearts for wis gem?[0m
[23:10] [0m[33;1m[Clan] Byron :[0m soul?[0m
[23:10] [0m[33;1m[Clan] Ser :[0m use the website, i suck at remembering[0m
[23:17] [0mYour transmuter's stone bursts with 2 new colours![0m
[23:28] [0m[37;1m[JEDI]:[0m Tobias Kel'ach'nar arrives at the Academy.[0m
[23:31] [0m[35;1mAristodemus [Jedi(31)]:[0m thanks Simonz[0m
[23:33] [0m[33;1m[Clan] Ser :[0m anyone wanna do some belochs[0m
[23:50] [0m[33;1m[Clan] Martyr :[0m I got slides[0m
[23:51] [0m[33;1m[Clan] Martyr :[0m And could do some[0m
[23:51] [0m[33;1m[Clan] Martyr :[0m If the rest of the clan hits[0m
[23:51] [0m[33;1m[Clan] Martyr :[0m Or we get some more dmg[0m
