- = LOG STARTED [00:00] = -
[00:04] [0m[34;1mBoosh shouts:[0m  i blame You[0m
[00:28] [0m[37;1m[JEDI]:[0m Kerran Halcyon arrives at the Academy.[0m
[00:31] [0mUkyo <C-Trade>: lots of titanium and nethernium shards[0m
[00:33] [0mKitt flaps : wtf?>[0m
[00:33] [0mKitt flaps : TSA screeners find missle launcher in checked luggage at[0m
[00:33] [0m             airport[0m
[00:34] [0mFluffy flaps : i knew i should have sent it by ground[0m
[00:55] [0m[37;1m[JEDI]:[0m Reena Bel Noir arrives at the Academy.[0m
[00:58] [0m[34;1mRaest shouts:[0m when you get beaten @ chess, it's a killer[0m
[01:02] [0m[34;1mBoosh shouts:[0m only if king has pants on[0m
[01:18] [0m[37;1m[JEDI]:[0m Tobias Kel'ach'nar arrives at the Academy.[0m
[06:20] [0mYou can currently reforge 12 items.[0m
[06:26] [0m[37;1m[JEDI]:[0m Kerran Halcyon arrives at the Academy.[0m
[06:31] [0mYou adjust your reforger's kit slightly, ready to do more business.[0m
[06:31] [0mYou can currently reforge 4 items.[0m
[06:49] [0m[37;1m[JEDI]:[0m H'ssani C'talan arrives at the Academy.[0m
[07:16] [0m[37;1m[JEDI]:[0m Tobias Kel'ach'nar arrives at the Academy.[0m
[07:32] [0mYou adjust your reforger's kit slightly, ready to do more business.[0m
[07:32] [0mYou can currently reforge 8 items.[0m
[07:50] [0m[37;1m[JEDI]:[0m Reena Bel Noir arrives at the Academy.[0m
[08:12] [0m[37;1m[JEDI]:[0m Herah Wylann arrives at the Academy.[0m
[08:32] [0mYou adjust your reforger's kit slightly, ready to do more business.[0m
[08:32] [0mYou can currently reforge 12 items.[0m
[08:44] [0m[37;1m[JEDI]:[0m Bithoff Jonansaan arrives at the Academy.[0m
[09:09] [0m[35;1mBurnaby [Jedi(55)]:[0m yo![0m
[09:09] [0m[35;1mChaed [Jedi(AGM)]:[0m oy[0m
[09:09] [0m[35;1mUkyo [Jedi(77)]:[0m o ha[0m
[09:10] [0m[35;1mChaed [Jedi(AGM)]:[0m oo rah?[0m
[09:10] [0m[35;1mMugen [Jedi(Knight)]:[0m oo la la[0m
[09:11] [0m[35;1mUkyo [Jedi(77)]:[0m o ha yo[0m
[09:11] [0m[35;1mWilly [Jedi(29)]:[0m ug[0m
[09:13] [0m[35;1mBurnaby [Jedi(55)]:[0m bbbad romance[0m
[09:15] [0m[37;1m[JEDI]:[0m Wennic Ber'ni'lok arrives at the Academy.[0m
[09:17] [0m[35;1mWilly [Jedi(29)]:[0m doh[0m
[09:17] [0m[35;1mUkyo [Jedi(77)]:[0m i'd say doh, but with FB, it's almost expected[0m
[09:17] [0m[35;1mMugen [Jedi(Knight)]:[0m nah, i hope i wont die[0m
[09:18] [0m[35;1mMugen [Jedi(Knight)]:[0m .... hope[0m
[09:18] [0m[35;1mBurnaby [Jedi(55)]:[0m y'all let me know if I need to come in there and[0m
[09:18] [0m                    regulate[0m
[09:18] [0m[35;1mMugen [Jedi(Knight)]:[0m yea, you do that[0m
[09:19] [0m[34;1mBurnaby shouts:[0m Stop it! You're hurting them![0m
[09:20] [0m[34;1mHyuga shouts:[0m upgrade hyugas[0m
[09:20] [0m[35;1mWilly [Jedi(29)]:[0m there is no hope![0m
[09:21] [0m[35;1mSimonz [Jedi(58)]:[0m i guess you need A New Hope[0m
[09:21] [0m[35;1mMugen [Jedi(Knight)]:[0m meh, i got tag, all good[0m
[09:21] [0m[35;1mMugen [Jedi(Knight)]:[0m died on the last round[0m
[09:21] [0m[35;1mSimonz [Jedi(58)]:[0m heh[0m
[09:21] [0m[35;1mHyuga [Jedi(91)]:[0m i figured out what it was[0m
[09:22] [0m[35;1mSimonz [Jedi(58)]:[0m da 6 or 7?[0m
[09:22] [0m[35;1mMugen [Jedi(Knight)]:[0m 7[0m
[09:22] [0m[35;1mHyuga [Jedi(91)]:[0m i tried to dis shields but it didn't have any up for some[0m
[09:22] [0m                  reason[0m
[09:22] [0m[35;1mHyuga [Jedi(91)]:[0m prolly because i wasn't being hit yet[0m
[09:22] [0m[35;1mMugen [Jedi(Knight)]:[0m nog, i do hate that part[0m
[09:23] [0m[35;1mMugen [Jedi(Knight)]:[0m need to manually casts shields to start dissing[0m
[09:45] [0m[37;1m[JEDI]:[0m Rhaan arrives at the Academy.[0m
[09:49] [0m[35;1mChaed [Jedi(AGM)]:[0m woot[0m
[09:49] [0m[35;1mUkyo [Jedi(77)]:[0m I think i may have driven adalius batsith crazy.[0m
[10:01] [0m[35;1mUkyo [Jedi(77)]:[0m oh realy?[0m
[10:01] [0m[35;1mUkyo [Jedi(77)]:[0m forced holome?[0m
[10:02] [0m[35;1mUkyo [Jedi(77)]:[0m do tell.[0m
[10:02] [0m[35;1mBurnaby [Jedi(55)]:[0m ok im not crazy[0m
[10:02] [0m[35;1mBurnaby [Jedi(55)]:[0m im like charge is fine. status is fine. what givces[0m
[10:03] [0m[35;1mUkyo [Jedi(77)]:[0m ahh, so you DID find the bug. good to know.[0m
[10:03] [0m[35;1mUkyo [Jedi(77)]:[0m Many thanks, Adalius![0m
[10:03] [0m[35;1mAdalius [Jedi(WGM)]:[0m It wasn't a bug, we just removed the tariffs on fdef so[0m
[10:03] [0m                     the costs went down. It's all part of making 3k great[0m
[10:03] [0m                     again.[0m
[10:04] [0m[35;1mWilly [Jedi(29)]:[0m I want a m3kga hat[0m
[10:04] [0m[35;1mUkyo [Jedi(77)]:[0m If you really want a Tensor product that bad, I know a few[0m
[10:04] [0m                 places where you can find them. . .[0m
[10:06] [0m[35;1mMugen [Jedi(Knight)]:[0m so fdef is cheaper than it was?[0m
[10:06] [0m[35;1mUkyo [Jedi(77)]:[0m if you have negative fdefxp, yes[0m
[10:06] [0m[35;1mMugen [Jedi(Knight)]:[0m ah, well im not lucky enough to be negative....[0m
[10:07] [0m[35;1mBurnaby [Jedi(55)]:[0m Adalius, would it be possible to have a guild mechanism[0m
[10:07] [0m                    to allow any career to be imprinted as opposed to being[0m
[10:07] [0m                    restricted to the limited choice of active playerbase?[0m
[10:07] [0m[34;1mHooligan shouts:[0m naughty bat![0m
[10:07] [0m[35;1mMugen [Jedi(Knight)]:[0m for second childhood you mean?[0m
[10:07] [0m[35;1mBurnaby [Jedi(55)]:[0m yes[0m
[10:07] [0m[35;1mUkyo [Jedi(77)]:[0m yea, i'm three levels in the negative, so it was something[0m
[10:07] [0m                 that, while small, was tickling the back of my mind, making[0m
[10:07] [0m                 me think there might have been adverse side effects for[0m
[10:07] [0m                 others. or even that i might be tanking better than i OUGHT[0m
[10:07] [0m                 to be.[0m
[10:08] [0m[35;1mUkyo [Jedi(77)]:[0m would be nice, but i waited for YEARS for a pilot to show[0m
[10:08] [0m                 up. never got my pilot second childhood like i wanted.[0m
[10:08] [0m                 settled for farmer[0m
[10:09] [0m[35;1mMugen [Jedi(Knight)]:[0m is it not easier to talk someone into making an alt?[0m
[10:09] [0m                      only need like glvl 20 to do it dont you?[0m
[10:09] [0m[35;1mUkyo [Jedi(77)]:[0m if he does that, he has to give me my preferred second[0m
[10:09] [0m                 childhoood.[0m
[10:15] [0m[37;1m[JEDI]:[0m Ylenic It'kla arrives at the Academy.[0m
[10:16] [0m[35;1mAdalius [Jedi(WGM)]:[0m If I do it, I don't have to do jack :P[0m
[10:17] [0m[35;1mBurnaby [Jedi(55)]:[0m forgive Ukyo. He just thirsty[0m
[10:17] [0m[35;1mUkyo [Jedi(77)]:[0m wait, what?[0m
[10:26] [0m[34;1mFlaxen shouts:[0m h[0m
[10:26] [0m[34;1mTurnhold shouts:[0m <3[0m
[10:26] [0m[34;1mKichi shouts:[0m i[0m
[10:32] [0mAdalius flaps : So, I have this game I bought like 2 years ago for PS4. None[0m
[10:32] [0m                of the DLC works. I download it, it fails to install. I got[0m
[10:32] [0m                pissed, stopped playing for over a year, went back, still[0m
[10:32] [0m                won't install even with new updates.[0m
[10:32] [0mAdalius flaps : So I get ahold of Ubisoft support...[0m
[10:32] [0mRaest flaps : what game[0m
[10:33] [0mAdalius flaps : The first question they ask is if I can take a picture of[0m
[10:33] [0m                the disc (Ghost Recon: Wildlands). Instantly a lightbulb[0m
[10:33] [0m                goes off[0m
[10:33] [0mAdalius flaps : Despite ordering it on Amazon... they sent me a region 2[0m
[10:33] [0m                disk. So none of my region 1 DLC works with it.[0m
[10:33] [0mRaest flaps : Amazon ftl[0m
[10:33] [0mAdalius flaps : and now 2 years later I can't really get that rectified[0m
[10:33] [0m                other than moving to London. So.... back in a few weeks.[0m
[10:34] [0mInix flaps : buy a region 2 PS4?[0m
[10:34] [0mByron flaps : pirate it[0m
[10:34] [0mYik flaps : stab your ps4, thatll show it[0m
[10:35] [0mInix flaps : I guess buying a new copy of the game is the cheapest of the[0m
[10:35] [0m             three, minus Byron's suggestion.[0m
[10:35] [0mAdalius flaps : I don't think that'll fix it Inix since the store uses your[0m
[10:35] [0m                local to figure out which region to download the DLC from.[0m
[10:35] [0m                And nah, Byron. They had the digital version marked down 70%[0m
[10:35] [0m                this week so I just bought that.[0m
[10:35] [0mTurnhold flaps : Hello Kitty Island Adventure?[0m
[10:35] [0mAdalius flaps : I took Yik's advice just to be sure though.[0m
[10:35] [0mUkyo flaps : stabbity ftw[0m
[10:38] [0m[5m[1m[41mYour lightsaber begins to flicker and the handle warms![0m[0m                 [0m
[10:38] [0mYou adjust your reforger's kit slightly, ready to do more business.[0m
[10:38] [0mYou can currently reforge 12 items.[0m
[10:42] [0m[34;1mHooligan shouts:[0m woo![0m
[10:45] [0m[34;1mNauda shouts:[0m Impossible![0m
[10:46] [0m[37;1m[JEDI]:[0m Durnoth arrives at the Academy.[0m
[11:19] [0m[37;1m[JEDI]:[0m Alyssa K'tal arrives at the Academy.[0m
[11:35] [0m[32mLachlan says:[0m get gloves from searching ledges in this room, then go to[0m
[11:35] [0m              pools, 'get key' go north and open door to west, kill erig[0m
[11:35] [0m              get key, open door to kill zelligar[0m
[11:40] [0m[34;1mKichi shouts:[0m woo![0m
[11:43] [0m[37;1m[JEDI]:[0m Talia Ska arrives at the Academy.[0m
[11:45] [0mUkyo {Professions}: ok, need someone who has access to editing the wiki to[0m
[11:45] [0m                    fix the transmuters page so that they know that there[0m
[11:45] [0m                    are materials with levels 80-90 (Phasemetal shards,[0m
[11:45] [0m                    emeralds and emerald dust, star of air, star of earth)[0m
[11:45] [0m                    and that Sapphires and Sapphire dust are 90-100. i'd[0m
[11:45] [0m                    need confirmation on chaostone shards, cancer's tears,[0m
[11:45] [0m                    and ruby and ruby dust, though i'd expect them to be in[0m
[11:45] [0m                    that 90-100 range.[0m
[11:45] [0mInix {Professions}: I think the standard response is "Good info, Ukyo, go[0m
[11:45] [0m                    ahead and update the wiki"[0m
[11:46] [0mInix {Professions}: I think the standard response is "Good info, Ukyo, go[0m
[11:46] [0m                    ahead and update the wiki"[0m
[11:46] [0mInix {Professions}: I think the standard response is "Good info, Ukyo, go[0m
[11:46] [0m                    ahead and update the wiki"[0m
[11:46] [0mInix {Professions}: oops[0m
[11:46] [0mHooligan {Professions}: is the wiki up again?[0m
[11:46] [0mNauda {Professions}: yes, you can see that when you exa these jewels[0m
[11:47] [0mBaijan {Professions}: The wiki is having issues.  There's a backup running,[0m
[11:47] [0m                      but accounts are manually created and there's no plan[0m
[11:47] [0m                      for merging it back.[0m
[11:48] [0mUkyo {Professions}: hence the request for someone with access to make those[0m
[11:48] [0m                    adjustments[0m
[11:48] [0mUkyo {Professions}: unless the original one got an upgrade and is back up to[0m
[11:48] [0m                    running like a normal site?[0m
[11:49] [0mBaijan {Professions}: I'd just keep notes and see what ends up happening. [0m
[11:49] [0m                      There's some talk about moving it to 3k servers so[0m
[11:49] [0m                      someone's always around to keep it working.[0m
[11:56] [0mUkyo {Professions}: ok, so, PSA: i've loaded up the craft box with gleanings[0m
[11:56] [0m                    from ebon/titanium/adamantium/obsidian/nethernium/voidst[0m
[11:56] [0m                    one/phasemetal. transmuters, if you have requests for[0m
[11:56] [0m                    specific ore gleanings and want me to do a run of a[0m
[11:56] [0m                    specific level, let me know.[0m
[11:57] [0mUkyo {Professions}: until i get to chaostone, i'll be throwing a lot of[0m
[11:57] [0m                    stuff in the box.[0m
[11:57] [0mUkyo {Professions}: please help by recycling mats up to legendary and[0m
[11:57] [0m                    passing it back to enchanters/blacksmiths that can use[0m
[11:57] [0m                    them.[0m
[12:00] [0m[34;1mUkyo shouts:[0m Yabba dabba do![0m
[12:00] [0m[34;1mHooligan shouts:[0m eeeep![0m
[12:01] [0m[34;1mYik shouts:[0m burn the yik, playcult[0m
[12:03] [0m[34;1mHooligan shouts:[0m whole lotta righteous heavenly smiting going on today. [0m
[12:03] [0m                 feels very old testament.[0m
[12:04] [0m[34;1mUkyo shouts:[0m I'd say more Revelations, but yea.[0m
[12:04] [0m[34;1mHooligan shouts:[0m nah. Revelation is just the promise of future smiting[0m
[12:04] [0m[34;1mGlister shouts:[0m The heaven's release a torrent of Yik into the kingdoms![0m
[12:05] [0mDisruptor {Professions}: can u xmute phasemetal and chaosstone quality?[0m
[12:06] [0mNauda {Professions}: who are you asking?[0m
[12:06] [0mDisruptor {Professions}: uhm...anyone? is it possible[0m
[12:07] [0mNauda {Professions}: Rictor can both, Caboose can phasemetal[0m
[12:07] [0mNauda {Professions}: profwho transmuter[0m
[12:07] [0mDisruptor {Professions}: kewl, just no pxp? they arent on wiki is why i was[0m
[12:07] [0m                         asking[0m
[12:07] [0mNauda {Professions}: not sure about pxp, but I would bet it gives pxp in the[0m
[12:07] [0m                     same range of levels as mining[0m
[12:08] [0mDisruptor {Professions}: i was thinking that also..jus wiki not up to date[0m
[12:08] [0mUkyo {Professions}: ok, so you asked if  you can upgrade from phasemetal >>[0m
[12:08] [0m                    chaostone, did you not? i'm pretty sure that's not[0m
[12:08] [0m                    possible. but i don't know. i'm not a transmuter[0m
[12:08] [0mDisruptor {Professions}: but wanted to check[0m
[12:08] [0mCaboose {Professions}: Yes, pxp was had, i did phasemetal xmuteing[0m
[12:08] [0m                       yesterday, and gained a level[0m
[12:08] [0mDisruptor {Professions}: thanks guys[0m
[12:13] [0m[34;1mHooligan shouts:[0m playclut!  we have punch!  #jonestown[0m
[12:19] [0m[37;1m[JEDI]:[0m Janath Meelin arrives at the Academy.[0m
[12:31] [0m[32mElminster says:[0m hugo, begone[0m
[12:43] [0m<- ! The Vigilant ! -> :  A destabilization Kayos event has been detected in[0m
[12:43] [0m                          Deserts of Fantasy!  We are localizing it now -[0m
[12:43] [0m                          get ready![0m
[12:47] [0m[37;1m[JEDI]:[0m Rhaan arrives at the Academy.[0m
[12:54] [0mDisruptor <Craft>: anyone have leg heart of unseen for sale/trade?[0m
[12:55] [0m[34;1mUkyo shouts:[0m Desert portl, 3nw[0m
[18:05] [0m[32;1mFrom afar, Simonz bows before you.[0m[0m
[18:06] [0m[32mSimonz tells you:[0m dude, you passed me on the guild top combat list[0m
[18:06] [0mYou can currently reforge 12 items.[0m
[18:06] [0m[32;1mFrom afar, Simonz gives you a high-five![0m[0m
[18:06] [0m[32;1mFrom afar, you wave in greeting to Simonz.[0m[0m
[18:06] [0m[32mSimonz tells you:[0m for the current period that is[0m
[18:07] [0mXiu flaps : i wonder if he was gonna use those fake Benjamins to wipe, had[0m
[18:07] [0m            he not been so rudely disturbed[0m
[18:07] [0m[32mYou tell Simonz:[0m unlucky[0m
[18:08] [0m[32mSimonz tells you:[0m ?[0m
[18:15] [0m[5m[1m[41mYour lightsaber begins to flicker and the handle warms![0m[0m                 [0m
[18:25] [0mYou adjust your reforger's kit slightly, ready to do more business.[0m
[18:25] [0mYou can currently reforge 4 items.[0m
[18:26] [0m[37;1m[JEDI]:[0m Herah Wylann arrives at the Academy.[0m
[18:31] [0m[35;1mLicklick [Jedi(34)]:[0m how do u get what the breakdown[0m
[18:32] [0m[35;1mSimonz [Jedi(59)]:[0m just info the quest[0m
[18:32] [0m[35;1mLicklick [Jedi(34)]:[0m i did[0m
[18:32] [0m[35;1mSimonz [Jedi(59)]:[0m sorry, not info, but questlist[0m
[18:32] [0m[35;1mSimonz [Jedi(59)]:[0m so, questlist 3, or questlist bug[0m
[18:32] [0m[35;1mSimonz [Jedi(59)]:[0m are you talking regular quests, or guild quests?[0m
[18:32] [0m[35;1mUkyo [Jedi(77)]:[0m questlist unsolved[0m
[18:33] [0m[35;1mUkyo [Jedi(77)]:[0m questlist unsolved chaos[0m
[18:33] [0m[35;1mSimonz [Jedi(59)]:[0m he was specifically looking for the difficulty breakdown[0m
[18:33] [0m                   on each quest i think[0m
[18:33] [0m[35;1mLicklick [Jedi(34)]:[0m what theres more guild quests for jedi?[0m
[18:33] [0m[35;1mSimonz [Jedi(59)]:[0m info quests[0m
[18:34] [0m[35;1mUkyo [Jedi(77)]:[0m only one active is mentios' saber, iirc[0m
[18:35] [0m[35;1mLicklick [Jedi(34)]:[0m so i can do more than just the tradition quest to join?[0m
[18:35] [0m[35;1mSimonz [Jedi(59)]:[0m woo sorin[0m
[18:35] [0m[34;1mKichi shouts:[0m wooo[0m
[18:35] [0m[35;1mSimonz [Jedi(59)]:[0m heh[0m
[18:35] [0m[34;1mZor shouts:[0m woo!!!!!!!!!!!!!!!!!!!!!!!!!![0m
[18:36] [0m[35;1mSimonz [Jedi(59)]:[0m hmm, is there an info file that list guild quests?[0m
[18:37] [0m[35;1mRoken [Jedi(53)]:[0m info guild quest[0m
[18:37] [0m[35;1mUkyo [Jedi(77)]:[0m 2lick, if you're referring to a tradition, that's a[0m
[18:37] [0m                 separate thing. and usually just a hunt this object down[0m
[18:37] [0m                 for me type quest.[0m
[18:38] [0m[35;1mUkyo [Jedi(77)]:[0m the guild quest awards jedi skill points[0m
[18:44] [0m[34;1mBoosh shouts:[0m finally memorized http://tinyurl.com/Hallelujah-cover-by-me i[0m
[18:44] [0m              am not looking at anything while playing this[0m
[18:48] [0m[34;1mHooligan shouts:[0m dats one big cow ta crush a mech[0m
[18:49] [0m[34;1mTurnhold shouts:[0m The Frogurt is also cursed![0m
[18:50] [0m[34;1mCrolack shouts:[0m That's bad.[0m
[18:50] [0m[34;1mFrogurt shouts: [0mThat's my line.[0m
[18:52] [0m[35;1mLicklick [Jedi(34)]:[0m why are dark side traditions red and not black, in info[0m
[18:52] [0m                     traditon?[0m
[18:53] [0m[37;1m[JEDI]:[0m Tobias Kel'ach'nar arrives at the Academy.[0m
[19:00] [0m[34;1mKichi shouts:[0m -P-R-I-E-S-T-S- because calling massive nukes from the heavens[0m
[19:00] [0m              is awesome.[0m
[19:00] [0m[34;1mPhoenix shouts:[0m woah, its been a while since I've seen guild ads[0m
[19:01] [0m[34;1mHooligan shouts:[0m CYBORGS!  We are only HALF bots.[0m
[19:01] [0m[34;1mVapor shouts:[0m Juggers do it with No Pants![0m
[19:01] [0m[34;1mNauda shouts:[0m It's all vapor and mirrors[0m
[19:02] [0m[34;1mHyuga shouts:[0m JEDIS! If you can't beat us... join us![0m
[19:02] [0m[34;1mLachlan shouts:[0m !BL!AD!ES!IN!GE!RS! Cause whatch-ya gonna do when the[0m
[19:02] [0m                Lachness Monster comes after you!!!![0m
[19:02] [0m[34;1mNauda shouts:[0m Necros do it with corpses, or without if desperate enough.[0m
[19:02] [0m[34;1mEllegon shouts:[0m Juggers! We're okay.[0m
[19:03] [0m[34;1mSimonz shouts:[0m WITCHES!!!  We used to do it on broomsticks with demons. [0m
[19:03] [0m               Then we did it in the garden with hoes.  Now we do it in[0m
[19:03] [0m               limbo. =/[0m
[19:03] [0m[34;1mScaf shouts:[0m I do many weird things with corpses[0m
[19:03] [0mLachlan flaps : I've got more guild shout aliases than you.[0m
[19:04] [0mLachlan flaps : weird flex. I know.[0m
[19:04] [0m[34;1mLachlan shouts:[0m Me gra BAGUN! Ich liebe SPECK! J'aime le LARD! Amo el[0m
[19:04] [0m                TOCINO! Wo ai XUNROU! Its all about the BACON-lurv.[0m
[19:05] [0m[34;1mLachlan shouts:[0m We're #1, We're #1, keep us that way, by voting at[0m
[19:05] [0m                http://tinyurl.com/e93ka and get a reminder, help remindme.[0m
[19:05] [0m[34;1mLachlan shouts:[0m is that still a thing?[0m
[19:09] [0mLachlan <Craft>: I don't want to craft ... I want to be a LUMBERJACK!![0m
[19:10] [0mHyuga <Craft>: I don't want to craft ... I want an autoloading day 7 CMC![0m
[19:11] [0mSimonz <Craft>: with tag![0m
[19:11] [0mKichi flaps : CMC overrated, leprechaun eq is where its at[0m
[19:17] [0m[37;1m[JEDI]:[0m Ylenic It'kla arrives at the Academy.[0m
[19:26] [0mYou adjust your reforger's kit slightly, ready to do more business.[0m
[19:26] [0mYou can currently reforge 8 items.[0m
[19:47] [0m[37;1m[JEDI]:[0m Wennic Ber'ni'lok arrives at the Academy.[0m
[19:49] [0m[35;1mLicklick [Jedi(34)]:[0m how many points till high mortal[0m
[19:50] [0m[35;1mAsp [Jedi(40)]:[0m 'questlist required'[0m
[19:55] [0m[35;1mLicklick [Jedi(34)]:[0m what u can be a wiz[0m
[19:56] [0m[35;1mAsp [Jedi(40)]:[0m it's your god-given destiny, son![0m
[19:56] [0m[35;1mLicklick [Jedi(34)]:[0m if i did the game would be to fun to play[0m
[19:57] [0m[35;1mUkyo [Jedi(77)]:[0m and you would be swamped with work, from me, submitting[0m
[19:57] [0m                 bugs.[0m
[19:58] [0m[35;1mLicklick [Jedi(34)]:[0m thats why adalius is here[0m
[19:58] [0mKoth {Professions}: what's the syntax to transmute something to upgrade it?[0m
[19:58] [0m                    can't figure it out.[0m
[19:58] [0mKoth {Professions}: keeps saying I don't have the right materials[0m
[19:58] [0mEllegon {Professions}: combine?[0m
[19:59] [0mUkyo {Professions}: transmute quality item to something[0m
[19:59] [0mAsp {Professions}: transmute item quality to quality[0m
[19:59] [0mAsp {Professions}: 'transmute perdiot quality to superior'[0m
[19:59] [0mKoth {Professions}: thanks[0m
[20:05] [0m[35;1mLicklick [Jedi(34)]:[0m hyuga is for sure botting[0m
[20:06] [0m[35;1mLicklick [Jedi(34)]:[0m hes done it before hell do it again[0m
[20:06] [0m[35;1mLicklick [Jedi(34)]:[0m he'll*[0m
[20:07] [0m[35;1mAsp [Jedi(40)]:[0m he's idling at the entrance of zombies though...[0m
[20:07] [0m[35;1mAsp [Jedi(40)]:[0m worst bot ever![0m
[20:09] [0m[35;1mLicklick [Jedi(34)]:[0m he does that for a while then is idle for 30 minutes[0m
[20:09] [0m                     and is killing mobs[0m
[20:09] [0m[35;1mLicklick [Jedi(34)]:[0m did it yesterday[0m
[20:09] [0m[35;1mUkyo [Jedi(77)]:[0m probably waiting on reset[0m
[20:11] [0m[35;1mLicklick [Jedi(34)]:[0m hqs anyone souled themselves or just me?[0m
[20:11] [0m[35;1mUkyo [Jedi(77)]:[0m what do you mean?[0m
[20:11] [0m[35;1mLicklick [Jedi(34)]:[0m do lick ukyo[0m
[20:12] [0m[35;1mUkyo [Jedi(77)]:[0m what about it?[0m
[20:12] [0m[35;1mUkyo [Jedi(77)]:[0m nothing looks hinky, if that's what  you're asking[0m
[20:13] [0m[35;1mLicklick [Jedi(34)]:[0m no[0m
[20:17] [0m[37;1m[JEDI]:[0m Durnoth arrives at the Academy.[0m
[20:19] [0mnewb Ser [psicorps/132]: huh[0m
[20:19] [0mnewb Mud [bard/132]: master[0m
[20:20] [0mnewb Zokko [bladesinger/96]: merrick made a new character?[0m
[20:20] [0mnewb Licklick [jedi/65]: oh no[0m
[20:20] [0m[35;1mLicklick [Jedi(34)]:[0m did thor scare you away from fortnite?[0m
[20:23] [0m[32mSer tells you:[0m want a better arch foe?[0m
[20:23] [0m[32mSer tells you:[0m that you *WILL* die to?[0m
[20:23] [0m[32mYou tell Ser:[0m why the fuck would i want to die a 43rd time?[0m
[20:24] [0m[32mYou tell Ser:[0m what is it?[0m
[20:24] [0m[32mSer tells you:[0m firebat[0m
[20:25] [0m[32mSer tells you:[0m what day 7 cmc come from...  finger me[0m
[20:25] [0m[32mSer tells you:[0m go to residential area, n, e[0m
[20:25] [0m[32mSer tells you:[0m and then enter crypt[0m
[20:25] [0m[32mSer tells you:[0m party is in that room[0m
[20:26] [0m[32mSer tells you:[0m err w of that room[0m
[20:26] [0m[32mYou tell Ser:[0m a party to kill that?[0m
[20:26] [0m[34;1mNightrider shouts:[0m DIE![0m
[20:27] [0m[32mYou tell Ser:[0m im working on my fdef[0m
[20:27] [0mYou adjust your reforger's kit slightly, ready to do more business.[0m
[20:27] [0mYou can currently reforge 12 items.[0m
[20:27] [0m[34;1mEllegon shouts:[0m so what class is that zone at 1 week 10 hours?[0m
[20:27] [0m[32mYou tell Ser:[0m in other words im a pussy[0m
[20:28] [0m[32;1mFrom afar, Ser goes "Heh heh heh" at you.[0m[0m
[20:28] [0m[32mSer tells you:[0m it hits me for 5k / rnd ez[0m
[20:28] [0m[32mYou tell Ser:[0m how much hp and hp regen you have?[0m
[20:29] [0m[32mSer tells you:[0m i have ~13k hp with all my shit running[0m
[20:29] [0m[32mSer tells you:[0m i can heal about 1200/rnd[0m
[20:29] [0m[34;1mEllegon shouts:[0m I'm going to guess 1.6 Billion[0m
[20:30] [0m[32mYou tell Ser:[0m ya um it will brick me in one round. I heal from reduce[0m
[20:30] [0m        injury 300 a round and only ~2k hp[0m
[20:32] [0m[34;1mNightrider shouts:[0m DIE[0m
[20:32] [0m[32mSer tells you:[0m we're doing it again, you'd at least get a better arch foe[0m
[20:32] [0m[32;1mFrom afar, Ser winks at you suggestively.[0m[0m
[20:34] [0m[32mYou tell Ser:[0m i wish arch foes would clear when you beat them[0m
[20:40] [0m[32mSer tells you:[0m You must be level 100 to wear this.[0m
[20:40] [0m[34;1mNightrider shouts:[0m zombie reset 1 min![0m
[20:41] [0m[32mYou tell Ser:[0m wow actual AC requiring "end game" levels[0m
[20:41] [0m[32;1mFrom afar, Ser sweeps you across the dance floor.[0m[0m
[20:41] [0m[32mSer tells you:[0m i mean, it has BS specials too[0m
[20:42] [0m[32mYou tell Ser:[0m why accuse it of being BS. This game is mostly PvE[0m
[20:43] [0m[32mSer tells you:[0m bs = good[0m
[20:43] [0m[32mSer tells you:[0m if your hp drops too low, it will heal you for 5x overmax[0m
[20:43] [0m        hp[0m
[20:44] [0m[32mSer tells you:[0m randomly reflects damage, heals party hp/sp[0m
[20:44] [0m[32mYou tell Ser:[0m oh im getting it confused with bullshit or OP, overpowered[0m
[20:44] [0m[32mSer tells you:[0m also gives +9 stats, stacking, random[0m
[20:44] [0m[32mYou tell Ser:[0m ya alright most definitely OP[0m
[20:45] [0m[32mYou tell Ser:[0m is this a world drop?[0m
[20:45] [0m[32mSer tells you:[0m from firebat[0m
[20:46] [0mVagrant flaps : licklick looking for qinfo help if any knwoledgable people[0m
[20:46] [0m                around[0m
[20:46] [0m[32mSer tells you:[0m also it has the +20% xp until you take it off[0m
[20:46] [0m[32mSer tells you:[0m in other words until reboot[0m
[20:46] [0m[32mYou tell Ser:[0m if a party kills it .. do each party member get a copy?[0m
[20:47] [0m[32mSer tells you:[0m no you have to use (duplicate item[0m
[20:47] [0m[32mSer tells you:[0m eternal power[0m
[20:48] [0m[32mSer tells you:[0m also you need to do enough or tank enough damage to get[0m
[20:48] [0m        credit[0m
[20:48] [0m[32mYou tell Ser:[0m ultimate raid boss of 3k is a bat[0m
[20:48] [0m[32mSer tells you:[0m ...  firebat...  from starcraft[0m
[20:48] [0m[32mSer tells you:[0m dumbass[0m
[20:49] [0m[32;1mFrom afar, Ser asks you how old you are.[0m[0m
[20:49] [0m[32mYou tell Ser:[0m I'M TRYING TO TELL YOU I'M FIFTEEN!!!!!!!!!!!!!!!!!!!!![0m
[20:49] [0m[32mYou tell Ser:[0m you expect me to remember something that appears to be a[0m
[20:49] [0m        general name[0m
[20:49] [0m[32;1mFrom afar, Ser asks you how old you are.[0m[0m
[20:49] [0m[32mYou tell Ser:[0m Fifteen, and Kheldar says: zerg arent good if you dont rush[0m
[20:49] [0m[32;1mFrom afar, Ser asks you how old you are.[0m[0m
[20:49] [0m[32mYou tell Ser:[0m I'M TRYING TO TELL YOU I'M FIFTEEN!!!!!!!!!!!!!!!!!!!!![0m
[20:49] [0m[32;1mFrom afar, Ser asks you how old you are.[0m[0m
[20:49] [0m[32mYou tell Ser:[0m I'm fifteen and hey!  I can swear more than you can![0m
[20:49] [0m[32;1mFrom afar, Ser asks you how old you are.[0m[0m
[20:50] [0m[32mYou tell Ser:[0m I'm fifteen.  I have zero attention span, I'm overweight and[0m
[20:50] [0m        I just learned how cool it is to swear.[0m
[20:50] [0m[32;1mFrom afar, Ser asks you how old you are.[0m[0m
[20:50] [0m[32mYou tell Ser:[0m Fifteen, and I just kissed a girl at the dance last night[0m
[20:50] [0m        *snort* *snicker*[0m
[20:50] [0m[32;1mFrom afar, Ser asks you how old you are.[0m[0m
[20:50] [0m[32mYou tell Ser:[0m Fifteen and stupid.[0m
[20:50] [0m[32mSer tells you:[0m theres one about protoss i swear[0m
[20:52] [0m[37;1m[JEDI]:[0m Janath Meelin arrives at the Academy.[0m
[21:06] [0m[35;1mLicklick [Jedi(34)]:[0m becoming a wiz must be like raiding area 51, once you[0m
[21:06] [0m                     enter theres no going back, or releasing any secrets[0m
[21:06] [0m[34;1mBoosh shouts:[0m  Combat Operations Augmentation Band. wheee[0m
[21:25] [0m[37;1m[JEDI]:[0m Tobias Kel'ach'nar arrives at the Academy.[0m
[21:27] [0mYou adjust your reforger's kit slightly, ready to do more business.[0m
[21:27] [0mYou can currently reforge 12 items.[0m
[21:30] [0m[32mYou say: [0mskills                                                               [0m
[21:30] [0;32mTobias says: [0mI have mastered clear mind, soul siphon, lesser force shield,[0m
[21:30] [0m             greater force shield, launch item, inflict pain, injure-kill,[0m
[21:30] [0m             telekinetic kill, force lightning, displace matter, force[0m
[21:30] [0m             storm, call the dark side, lightsaber alteration, freeze[0m
[21:30] [0m             winds, channel hate.                                         [0m
[21:30] [0;32mTobias says: [0mI have become adept at hibernation trance, meditation,[0m
[21:30] [0m             enrage, telekinesis, transfer force, absorb energy, dissipate[0m
[21:30] [0m             energy.                                                      [0m
[21:30] [0;32mTobias says: [0mAnd I have gained an understanding of accelerated healing,[0m
[21:30] [0m             reduce injury, detoxify poison, force, concentration, resist[0m
[21:30] [0m             poison, resist stun, magnify senses, sense force, animal[0m
[21:30] [0m             affinity, cloud mind, disturbing aura, misdirect, confusion,[0m
[21:30] [0m             mindblock.                                                   [0m
[21:30] [0m[32mTobias says: [0mI can teach you any of those if you wish.                     [0m
[21:32] [0m[32mSer tells you:[0m lol i punted that to you hours ago[0m
[21:41] [0m[32mSer tells you:[0m want hotel reset?[0m
[21:41] [0m[32mSer tells you:[0m if yes come to entrance[0m
[21:41] [0m[32mYou tell Ser:[0m since i just started..[0m
[21:42] [0m[32mSer tells you:[0m a couple extra mobs!![0m
[21:43] [0m[32mYou tell Ser:[0m sure about 4.5 B cost?[0m
[21:44] [0m[32mYou tell Ser:[0m i hate sounding ungrateful. I'd take it 100% if finished.[0m
[21:44] [0m        What about zelligar reset?[0m
[21:45] [0m[32mYou tell Ser:[0m doing 62M/hr[0m
[21:45] [0m[32mSer tells you:[0m isnt me resetting[0m
[21:46] [0m[32mYou tell Ser:[0m nightrider or fluffy?[0m
[21:46] [0m[32mSer tells you:[0m no..[0m
[21:46] [0m[32mSer tells you:[0m and you already missed it[0m
[21:46] [0m[32mYou say:[0m hi[0m
[21:48] [0m[32mYou tell Simonz:[0m do you have robotics 3?[0m
[21:48] [0m[32mSimonz tells you:[0m no, just two so far[0m
[21:48] [0m[32;1mFrom afar, you go Hmmmmm at Simonz.[0m[0m
[21:49] [0m[32mYou tell Simonz:[0m wanna try teaching me[0m
[21:49] [0m[32mSimonz tells you:[0m robotics 3 requires 12 droid level ups[0m
[21:49] [0m[32mSimonz tells you:[0m and it won't let me, I have to be at least two above you[0m
[21:50] [0m[32mYou tell Simonz:[0m copy. remember who taught you?[0m
[21:50] [0m[32mSimonz tells you:[0m probably hyuga[0m
[21:50] [0m[32mSimonz tells you:[0m I know he's at 4[0m
[21:51] [0m[32mYou tell Simonz:[0m ok. i'm trying to find the npc[0m
[21:54] [0m[32mYou think to Chaed . o O ([0m [36;1m thy Master Chaed knoweth thou teacher[0m
[21:54] [0;1;36m           of Robotics? *chuckle* [0m [32m)[0m[0m
[21:55] [0m[32mChaed tells you:[0m should be Rhaan[0m
[21:55] [0m[32mChaed tells you:[0m you could say skills to the masters who frequent the[0m
[21:55] [0m        guild[0m
[21:56] [0m[32mChaed tells you:[0m they'll tell you which Jedi skills they're masters of[0m
[21:56] [0m[32mYou tell Chaed:[0m I am. Believe I checked Rhaan.[0m
[21:58] [0m[32mChaed tells you:[0m hmm, I shall periodically check[0m
[21:59] [0m[37;1m[JEDI]:[0m Reena Bel Noir arrives at the Academy.[0m
[22:00] [0m[32mChaed tells you:[0m it's not Reena :)[0m
[22:00] [0m[32mYou tell Chaed:[0m lol i was running out of hotel to check[0m
[22:01] [0m[32mYou tell Chaed:[0m Ukyo suggested Bithoff[0m
[22:01] [0m[32mChaed tells you:[0m might be[0m
[22:01] [0mEllegon flaps : can guns be hot sauced? honed, enchanted, etc?[0m
[22:26] [0m[37;1m[JEDI]:[0m Rhaan arrives at the Academy.[0m
[22:26] [0m[32;1mFrom afar, Chaed shouts 'WAKE UP!' at you. (at 10:26 pm)[0m[0m
[22:26] [0m[32mYou tell Chaed:[0m there a soul for "copy" "roger that"[0m
[22:26] [0m[32mChaed tells you:[0m owait, it's Rhaan[0m
[22:27] [0m[32mChaed tells you:[0m he's useless[0m
[22:27] [0m[32mChaed tells you:[0m np?[0m
[22:27] [0m[32mYou tell Chaed:[0m not him either[0m
[22:27] [0m[32;1mFrom afar, Chaed sticks his thumb up at you and says 'No problemo'.[0m[0m
[22:27] [0m[32mYou tell Chaed:[0m ?[0m
[22:27] [0m[32mChaed tells you:[0m re: copy/roger that[0m
[22:28] [0m[32mYou say:[0m skillz[0m
[22:28] [0m[32mYou say: [0mskills                                                               [0m
[22:28] [0;32mRhaan says: [0mI have mastered hibernation trance, meditation, dodge, hand to[0m
[22:28] [0m            hand combat, channel energy, dissipate energy, release force,[0m
[22:28] [0m            ki burst, lightsaber alteration, force sight.                 [0m
[22:28] [0;32mRhaan says: [0mI have become adept at accelerated healing, detoxify poison,[0m
[22:28] [0m            concentration, control pain, resist poison, resist stun,[0m
[22:28] [0m            enhance metabolism, animal affinity, telekinesis, transfer[0m
[22:28] [0m            force, absorb energy.                                         [0m
[22:28] [0;32mRhaan says: [0mAnd I have gained an understanding of force, melee combat,[0m
[22:28] [0m            lesser force shield, greater force shield, launch item,[0m
[22:28] [0m            inflict pain, injure-kill, telekinetic kill, force lightning,[0m
[22:28] [0m            life sense, magnify senses, sense force, cloud mind,[0m
[22:28] [0m            misdirect, enrage, confusion, mindblock, drain crystals,[0m
[22:28] [0m            displace matter.                                              [0m
[22:28] [0m[32mRhaan says: [0mI can teach you any of those if you wish.                      [0m
[22:28] [0mYou adjust your reforger's kit slightly, ready to do more business.[0m
[22:28] [0mYou can currently reforge 4 items.[0m
[22:29] [0mEllegon flaps : our dogs should do bonus damage to Rocko and these morons[0m
[22:29] [0m                with lead pipes. Justice.[0m
[22:30] [0m[32mYou tell Chaed:[0m what about you?[0m
[22:30] [0mInix flaps : Those guys work with dogs, they're all geared up against 'em.[0m
[22:30] [0m[32mYou tell Chaed:[0m have enough skill to reach me to L2?[0m
[22:30] [0mByron flaps : the pinnacle cat should wander and randomly have your dog run[0m
[22:30] [0m              off after it[0m
[22:31] [0mEllegon flaps : maybe your untrained dog. Not mine :P[0m
[22:32] [0m[32mChaed tells you:[0m I'm at 2 myself[0m
[22:32] [0mInix flaps : Squirrel![0m
[22:32] [0mSquirrel flaps : sup[0m
[22:33] [0mByron flaps : i dknt have a dog[0m
[22:33] [0mByron flaps : drowned in the westersea[0m
[22:33] [0mInix flaps : Like he said, untrained.[0m
[22:34] [0m[32mChaed tells you:[0m if you see Hyuga, he might be able to help you advance[0m
[22:34] [0m        it...he's got one of the highest robotics in the guild I believe[0m
[22:36] [0m[32mYou tell Chaed:[0m copy[0m
[22:53] [0m[35;1mJasmine [Jedi(Knight)]:[0m *Uses best Shatner impression*[0m
[22:53] [0m                        Must..........stabbity.......................Ukyo![0m
[22:56] [0m[37;1m[JEDI]:[0m H'ssani C'talan arrives at the Academy.[0m
[22:57] [0mYou can currently reforge 4 items.[0m
[22:57] [0mInix flaps : anyone have a dupable mask?[0m
[23:10] [0mInix flaps : Lachlan got me, thanks pal[0m
[23:13] [0m[34;1mVagrant shouts:[0m anothre FB partay form up!!![0m
[23:16] [0mVagrant flaps : FB partay forming up come enjoy![0m
[23:17] [0m[35;1mHyuga [Jedi(91)]:[0m ur mom is basic stuff on the wiki[0m
[23:17] [0m[35;1mHyuga [Jedi(91)]:[0m oops.[0m
[23:18] [0m[34;1mVagrant shouts:[0m fluffy party firebat come kill[0m
[23:18] [0mVagrant flaps : FLUFFY PARTAY[0m
[23:18] [0mVagrant flaps : crypt up![0m
[23:20] [0mVagrant flaps : it started!![0m
[23:25] [0m[35;1mHyuga [Jedi(91)]:[0m EVERYONE GRAB A PLANT[0m
[23:27] [0m[34;1mVagrant shouts:[0m thanks all for the fun, <3 you[0m
[23:30] [0mYou adjust your reforger's kit slightly, ready to do more business.[0m
[23:30] [0mYou can currently reforge 8 items.[0m
[23:34] [0m[37;1m[JEDI]:[0m Alyssa K'tal arrives at the Academy.[0m
[23:39] [0mnewb Zera [bladesinger/55]: Is it my imagination or does Mahjongg change[0m
[23:39] [0m                            layout every time I reload it?[0m
[23:39] [0mnewb Voodoo [juggernaut/137]: wearing pants has been known to cause such[0m
[23:39] [0m                              observations[0m
[23:40] [0mnewb Zera [bladesinger/55]: Oh, well, that's weird, because I've got a skirt[0m
[23:40] [0m                            on atm and tend to avoid pants altogether.[0m
[23:43] [0mnewb Crolack [Wizard]: people wear clothes while mudding?[0m
[23:43] [0mnewb Fluffy [changeling/134]: nevah![0m
[23:43] [0mnewb Ellegon [juggernaut/91]: prove it[0m
