- = LOG STARTED [00:00] = -
[00:01] [0mYou can currently reforge 12 items.[0m
[00:03] [0m[33;1m[Clan] Xaryl :[0m donates in[0m
[00:18] [0m[37;1m[JEDI]:[0m Tobias Kel'ach'nar arrives at the Academy.[0m
[00:46] [0m[37;1m[JEDI]:[0m Herah Wylann arrives at the Academy.[0m
[00:55] [0m[33;1m[Clan] Nik leaves the game.[0m  [0m
[00:56] [0m[33;1m[Clan] Yik enters the game.[0m  [0m
[01:10] [0m[33;1m[Clan] Sock wiggles off your foot.[0m  [0m
[01:11] [0mnewb Triple [cyborg/71]: so, stuck in the mud eh[0m
[01:13] [0mnewb Triple [cyborg/71]: that was fun smh[0m
[01:23] [0m[37;1m[JEDI]:[0m Ylenic It'kla arrives at the Academy.[0m
[01:35] [0mnewb Glowie [priest/54]: sup?[0m
[01:37] [0mInfectious flaps : resetting zambies[0m
[01:37] [0m[34;1mInfectious shouts:[0m resetting zambies[0m
[01:40] [0mVagrant flaps : reset dones![0m
[01:48] [0m[34;1mKirwan shouts:[0m RIMMER?[0m
[01:55] [0m[34;1mLeto shouts:[0m Is... is that top level?[0m
[01:56] [0m[34;1mLeto shouts:[0m did smeg max?[0m
[01:58] [0m[37;1m[JEDI]:[0m Rhaan arrives at the Academy.[0m
[06:20] You can currently reforge 12 items.[0m
[06:21] [0mYou can currently reforge 0 items.[0m
[06:27] [0mYou can currently reforge 4 items.[0m
[06:32] [0m[37;1m[JEDI]:[0m Tobias Kel'ach'nar arrives at the Academy.[0m
[06:51] [0m[34;1mKitt shouts:[0m Not that Simple[0m
[06:51] [0m[34;1mBoosh shouts:[0m its so simple even a caveman can do it[0m
[07:04] [0m[37;1m[JEDI]:[0m H'ssani C'talan arrives at the Academy.[0m
[07:28] [0mYou can currently reforge 8 items.[0m
[07:32] [0m[34;1mFlaxen shouts:[0m and don't get me started on your face[0m
[07:35] [0m[37;1m[JEDI]:[0m Janath Meelin arrives at the Academy.[0m
[07:36] [0m[34;1mKitt shouts:[0m i Like my Face tyvm[0m
[07:41] [0m<- ! The Vigilant ! -> :  A destabilization Kayos event has been detected in[0m
[07:41] [0m                          Deserts of Fantasy!  We are localizing it now -[0m
[07:41] [0m                          get ready![0m
[07:44] [0m[34;1mFlaxen shouts:[0m found it[0m
[07:45] [0m[34;1mNauda shouts:[0m where?[0m
[07:45] [0m[34;1mMario shouts:[0m it's over there!!, the last place you looked![0m
[07:45] [0m[34;1mLicklick shouts:[0m derrr[0m
[08:02] [0mArchangel flaps : Portal event: xaxis/2w  slashing[0m
[08:14] [0m[37;1m[JEDI]:[0m Rhaan arrives at the Academy.[0m
[08:42] [0m[37;1m[JEDI]:[0m Reena Bel Noir arrives at the Academy.[0m
[09:09] [0m[35;1mBurnaby [Jedi(58)]:[0m yo![0m
[09:16] [0m[37;1m[JEDI]:[0m Bithoff Jonansaan arrives at the Academy.[0m
[09:16] [0mScaf <C-Trade>: wtb hearts of ascension, any quality[0m
[09:40] [0m[34;1mNauda shouts:[0m Did you hear about the claustrophobic astronaut? He just[0m
[09:40] [0m              needed a little Space.[0m
[09:40] [0m[34;1mInix shouts:[0m /facepalm[0m
[09:46] [0m[37;1m[JEDI]:[0m Ylenic It'kla arrives at the Academy.[0m
[17:39] You can currently reforge 8 items.[0m
[17:40] [0mYou can currently reforge 0 items.[0m
[17:59] [0mYou can currently reforge 4 items.[0m
[18:02] [0m[37;1m[JEDI]:[0m Bithoff Jonansaan arrives at the Academy.[0m
[18:14] [0mCrolack flaps : DNA kits for your dog...why?[0m
[18:14] [0mTurnhold flaps : see if that purebreed you paid 12321312 dollars for is[0m
[18:14] [0m                 really worth it?[0m
[18:15] [0mVoodoo flaps : best served with salt and pepper only[0m
[18:15] [0mTurnhold flaps : sans pants[0m
[18:18] [0mnewb Takira [psicorps/13]: I have over 1500 coins but cna't buy a ticket?[0m
[18:18] [0mnewb Kikipopo [Admin]: I *believe* it takes it from your bank account[0m
[18:18] [0mnewb Takira [psicorps/13]: oh[0m
[18:21] [0mYarislav flaps : so uh... how would i go about asking for help wiht some[0m
[18:21] [0m                 gear again? I have a place in mind, so i just need someone[0m
[18:21] [0m                 to ... wait a minute[0m
[18:22] [0mYarislav flaps : nope, no ones killed there yet[0m
[18:27] [0m[37;1m[JEDI]:[0m Reena Bel Noir arrives at the Academy.[0m
[18:31] [0mGlowie flaps : anyone here familiar with japan/japanese addresses?[0m
[18:31] [0mGlowie flaps : google isn't helping[0m
[18:32] [0mYarislav flaps : that's cause your asking google[0m
[18:32] [0mGlowie flaps : so does that mean you could help me?[0m
[18:32] [0mYarislav flaps : nah, only japenese was me copy pasting kanji to a game[0m
[18:32] [0m                 sign-in[0m
[18:33] [0mZor flaps : That just means there is no help available![0m
[18:33] [0mEllegon flaps : https://resources.realestate.co.jp/living/how-to-read-a-japa[0m
[18:33] [0m                nese-address/[0m
[18:33] [0mFloobity flaps : I need a DNA kit for my dog to understand if the puppies[0m
[18:33] [0m                 are mine.[0m
[18:34] [0m[33;1m[Clan] Xaryl :[0m donates in[0m
[18:35] [0mFluffy flaps : other people had sex with your dog too ?[0m
[18:36] [0mBaramore flaps : There are so many things wrong with that question.[0m
[18:36] [0mZor flaps : it will have a puppy that has Your face![0m
[18:37] [0mGlowie flaps : omg ellegon that just confused me even more :([0m
[18:54] [0m[37;1m[JEDI]:[0m Tobias Kel'ach'nar arrives at the Academy.[0m
[19:00] [0mYou can currently reforge 8 items.[0m
[19:00] [0mEllegon flaps : sorry... in what context do you need to read a japanese[0m
[19:00] [0m                address? are you deliverying something? shipping something?[0m
[19:04] [0mGlowie flaps : worse -- trying to pay the IRS, lol[0m
[19:05] [0mGlowie flaps : after about 4 hours dedicated to that (making the payment) i[0m
[19:05] [0m               think i have it... but basically trying to enter a japanese[0m
[19:05] [0m               address as "verification of identity" and i thought that was[0m
[19:05] [0m               my problem, but.. i dunno.[0m
[19:18] [0m[33;1m[Clan] Nix :[0m anyone miss bat earlier that wants to kill it?[0m
[19:18] [0m[33;1m[Clan] Nix :[0m day 5[0m
[19:19] [0m[33;1m[Clan] Archangel :[0m Sure, we're up for it.[0m
[19:19] [0m[33;1m[Clan] Archangel :[0m Let us know when to meet up.[0m
[19:21] [0m[37;1m[JEDI]:[0m Durnoth arrives at the Academy.[0m
[19:22] [0m[33;1m[Clan] Nix :[0m waiting on elminster and heading there[0m
[19:23] [0m[33;1m[Clan] Archangel :[0m Heading there now then.[0m
[19:23] [0m[35;1mLicklick [Jedi(36)]:[0m might glvl in a couple days[0m
[19:23] [0m[35;1mSimonz [Jedi(65)]:[0m pff, you should gl in a few hours[0m
[19:24] [0m[35;1mSimonz [Jedi(65)]:[0m gotta grind harder![0m
[19:25] [0m[35;1mLicklick [Jedi(36)]:[0m okay[0m
[19:25] [0m[35;1mNeedless [Jedi(18)]:[0m mmm grind..[0m
[19:27] [0m[35;1mHyuga [Jedi(92)]:[0m this guild isn't super grindy, apart from fdef xp[0m
[19:27] [0m                  (mainly), robotics, and saber mastery[0m
[19:28] [0m[35;1mSimonz [Jedi(65)]:[0m robotics (megaly)[0m
[19:28] [0m[35;1mSimonz [Jedi(65)]:[0m fixed that for you ;)[0m
[19:28] [0m[35;1mSimonz [Jedi(65)]:[0m but robotics doesn't matter anywhere near as much[0m
[19:28] [0m[35;1mNeedless [Jedi(18)]:[0m I read up the info file on Robotics... but yeah[0m
[19:30] [0m[35;1mLicklick [Jedi(36)]:[0m im not using spells so i can get moar rounds[0m
[19:30] [0m[35;1mHyuga [Jedi(92)]:[0m well simonz, i am at 45% to robo 5[0m
[19:31] [0m[35;1mHyuga [Jedi(92)]:[0m we will say the other 5% is robo 1-4, should be roughly[0m
[19:31] [0m                  accurate[0m
[19:31] [0m[35;1mHyuga [Jedi(92)]:[0m so i am halfway done[0m
[19:31] [0m[35;1mHyuga [Jedi(92)]:[0m but i am at like 15 out of 21 fdef[0m
[19:32] [0m[35;1mHyuga [Jedi(92)]:[0m so its definitely the biggest time sink[0m
[19:32] [0m[35;1mSimonz [Jedi(65)]:[0m ouch[0m
[19:32] [0m[35;1mHyuga [Jedi(92)]:[0m and i am at 18 saber mastery[0m
[19:32] [0m[35;1mHyuga [Jedi(92)]:[0m 165 combat days[0m
[19:32] [0m[35;1mSimonz [Jedi(65)]:[0m I've got a long ways to go lol[0m
[19:33] [0m[35;1mHyuga [Jedi(92)]:[0m its really not that bad but the fdef will take another[0m
[19:33] [0m                  year or two of playing[0m
[19:33] [0m[35;1mNeedless [Jedi(18)]:[0m Well that sounds easy...[0m
[19:33] [0m[35;1mSimonz [Jedi(65)]:[0m 53days, fdef 8, robotics 2 and 50%, 10/9 on my staff[0m
[19:33] [0m                   mastery[0m
[19:33] [0m[35;1mHyuga [Jedi(92)]:[0m yeah every glvl counts tho[0m
[19:33] [0m[32mYou tell Simonz:[0m floating at 65% proc on chess 126[0m
[19:33] [0m[32mSimonz tells you:[0m nice[0m
[19:34] [0m[35;1mHyuga [Jedi(92)]:[0m you don't need 165 combat days, tho needless. unless you[0m
[19:34] [0m                  are trying to do what i am doin :)[0m
[19:34] [0m[35;1mHyuga [Jedi(92)]:[0m i guess is what i am saying[0m
[19:34] [0m[35;1mHyuga [Jedi(92)]:[0m glvl 50ish and you will have most of you core skills maxed[0m
[19:35] [0m[35;1mHyuga [Jedi(92)]:[0m much more attainable goal[0m
[19:35] [0m[33;1m[Clan] Archimedes enters the game.[0m  [0m
[19:35] [0m[35;1mSimonz [Jedi(65)]:[0m and we get a lot of benefits from stats[0m
[19:35] [0m[35;1mHyuga [Jedi(92)]:[0m looks like about 20 combat days[0m
[19:35] [0m[35;1mHyuga [Jedi(92)]:[0m yeah stats are huuuge[0m
[19:36] [0m[35;1mSimonz [Jedi(65)]:[0m it's taken me about 5mo to get to gl 65, with pretty good[0m
[19:36] [0m                   nolifing[0m
[19:36] [0m[35;1mSimonz [Jedi(65)]:[0m for reference[0m
[19:37] [0m[35;1mSimonz [Jedi(65)]:[0m and I've spent a lot of time working on crafting, almost[0m
[19:37] [0m                   got the main 4 maxxed[0m
[19:39] [0m[32mSimonz tells you:[0m bleh, staff broken and I wasn't paying attention. [0m
[19:39] [0m        lightsaber kicked in, but it killed my xp rate lol[0m
[19:40] [0m[32mYou tell Simonz:[0m what's your lightsaber at?[0m
[19:40] [0m[32mSimonz tells you:[0m 6/6[0m
[19:41] [0m[33;1m[Clan] Void enters the game.[0m  [0m
[19:44] [0m[34;1mHex shouts:[0m that was a needless death[0m
[19:45] [0m[34;1mAdalius shouts:[0m gufaw gufaw gufaw[0m
[19:46] [0m[37;1m[JEDI]:[0m Reena Bel Noir arrives at the Academy.[0m
[19:46] [0m[34;1mNauda shouts:[0m guffaw[0m
[19:46] [0m[34;1mHex shouts:[0m I thought at least 1 person would shout:  That was a needless[0m
[19:46] [0m            shout.[0m
[19:47] [0m[34;1mKrom shouts:[0m thought it was an obligatory shout?[0m
[19:47] [0m[34;1mNauda shouts:[0m When boss laughs, you laugh.[0m
[19:48] [0m[34;1mNeedless shouts:[0m Ohhh man, glad I missed it the first time...[0m
[19:48] [0mnewb Zagan [Newbie]: hello[0m
[19:48] [0mnewb Ellegon [juggernaut/96]: Hi[0m
[19:48] [0mnewb Takira [psicorps/13]: hi[0m
[19:49] [0mKitt gshouts: Got MOO? Got MOO? Got Moo?[0m
[19:49] [0mnewb Bink [fremen/67]: welcome![0m
[19:49] [0mnewb Zagan [Newbie]: tnx[0m
[19:49] [0mnewb Zagan [Newbie]: nvr played a mud like this[0m
[19:49] [0mnewb Ellegon [juggernaut/96]: what kind of mud did you play?[0m
[19:49] [0mnewb Zagan [Newbie]: it's quite detailed[0m
[19:49] [0mnewb Simonz [jedi/121]: finest kind =)[0m
[19:49] [0mnewb Kitt [priest/131]: me either[0m
[19:50] [0mnewb Hex [angel/123]: me either, but my bot has[0m
[19:50] [0mnewb Ellegon [juggernaut/96]: ah yeah, its not the basic backbone mud, or[0m
[19:50] [0m                              diku.[0m
[19:50] [0m[34;1mTakira shouts:[0m hi[0m
[19:50] [0mnewb Zagan [Newbie]: m'hm[0m
[19:50] [0m[34;1mTakira shouts:[0m hmm, I can't seem to hear shouts.[0m
[19:50] [0mnewb Ellegon [juggernaut/96]: it can be a bit overwhelming sometimes, so[0m
[19:50] [0m                              just ask if you're lost or stuck[0m
[19:50] [0mnewb Zagan [Newbie]: will do :D[0m
[19:51] [0m[34;1mHex shouts:[0m that's a blessing in disguise Takira[0m
[19:51] [0mnewb Zagan [Newbie]: I'm honestly pretty swamped with the many helpfiles lol[0m
[19:51] [0m[34;1mTakira shouts:[0m oh?[0m
[19:51] [0mnewb Hex [angel/123]: if you ask on this line, people will be helpful in[0m
[19:51] [0m                      general[0m
[19:52] [0mnewb Simonz [jedi/121]: but not always.  the snark is strong... ;)[0m
[19:52] [0mnewb Zagan [Newbie]: lol[0m
[19:52] [0mnewb Triple [cyborg/75]: also 3kwiki helps quite a bit[0m
[19:52] [0m[34;1mKitt shouts:[0m selling 3k for 5 dolla plus voodoos pants  still warm[0m
[19:52] [0mnewb Ellegon [juggernaut/96]: the snark preps him for the rest of his life[0m
[19:52] [0m                              here.[0m
[19:52] [0mnewb Kitt [priest/131]: i can help get ya killed[0m
[19:53] [0mnewb Zagan [Newbie]: lol[0m
[19:53] [0mnewb Hex [angel/123]: other lines are...mostly people playing around and[0m
[19:53] [0m                      having fun / jokes / insults etc... but players try to[0m
[19:53] [0m                      respect this line and it's purpose more[0m
[19:53] [0mnewb Zagan [Newbie]: sounds rather fun[0m
[19:53] [0mnewb Simonz [jedi/121]: don't sell yourself short kitt.  not only can you[0m
[19:53] [0m                        help him get killed, you can do it way more[0m
[19:53] [0m                        creatively than most[0m
[19:53] [0mnewb Kitt [priest/131]: yup[0m
[19:54] [0mnewb Zagan [Newbie]: could u heal me to death? :D[0m
[19:54] [0mnewb Kitt [priest/131]: yup[0m
[19:55] [0mnewb Hex [angel/123]: I can rebirth you for an 1hr ;)[0m
[19:55] [0mnewb Zagan [Newbie]: 0.o[0m
[20:01] [0mYou can currently reforge 12 items.[0m
[20:04] [0m[32mSimonz tells you:[0m man, levels and stats are getting expensive[0m
[20:06] [0m[32mYou tell Simonz:[0m just wait more than 16 b for one level. Is that l130?[0m
[20:07] [0m[32mSimonz tells you:[0m yup, 40b to go from L130 to 131[0m
[20:07] [0m[32mYou tell Simonz:[0m L130 to 131 lawl[0m
[20:08] [0m[32mSimonz tells you:[0m 60b for the next one, and then I won't need any more[0m
[20:08] [0m        levels for a really long time[0m
[20:08] [0m[35;1mHyuga [Jedi(92)]:[0m frags in[0m
[20:08] [0m[35;1mNeedless [Jedi(19)]:[0m frags?![0m
[20:08] [0m[32mSimonz tells you:[0m no, dang, I will need 133[0m
[20:09] [0m[35;1mHyuga [Jedi(92)]:[0m holocron fragments[0m
[20:09] [0m[32mSimonz tells you:[0m to max con, but I'll have dex and wis maxxed before that[0m
[20:09] [0m[32mSimonz tells you:[0m then it's all +hp and eternal powers[0m
[20:15] [0m[37;1m[JEDI]:[0m H'ssani C'talan arrives at the Academy.[0m
[20:16] [0m[34;1mNauda shouts:[0m For lemmings![0m
[20:25] [0m[33;1m[Clan] Ser :[0m @roken if you had a few points in duplicate item you could be[0m
[20:25] [0m             running around w/ day 5 cmc right now[0m
[20:25] [0m[33;1m[Clan] Ser :[0m tag lasts for 2 boots[0m
[20:25] [0m[33;1m[Clan] Ser :[0m well, current + next[0m
[20:25] [0m[32;1mFrom afar, Ser winks at you suggestively.[0m[0m
[20:34] [0m[34;1mKitt shouts:[0m Next[0m
[20:36] [0m[34;1mBoosh shouts:[0m elephant take pawn your move, DIE[0m
[20:37] [0m[34;1mBoosh shouts:[0m go batter batter batter[0m
[20:42] [0m[35;1mSimonz [Jedi(65)]:[0m 135b for me ;)[0m
[20:42] [0m[35;1mSimonz [Jedi(65)]:[0m w/l[0m
[20:44] [0m[37;1m[JEDI]:[0m Rhaan arrives at the Academy.[0m
[20:47] [0m[33;1m[Clan] Roken :[0m dang miss cmc[0m
[20:49] [0m[33;1m[Clan] Nix :[0m id save up the 4B for dupe 1[0m
[20:49] [0m[33;1m[Clan] Nix :[0m its well worth it[0m
[20:50] [0m[33;1m[Clan] Roken :[0m isnt cmc dupe 3?[0m
[20:50] [0m[33;1m[Clan] Nix :[0m no idea[0m
[20:51] [0m[33;1m[Clan] Xaryl :[0m it is not bindy, so 1 should be enough[0m
[20:53] [0m[33;1m[Clan] Roken :[0m if not unique. 2 will be my goal to have a 2nd zel band[0m
[20:53] [0m[33;1m[Clan] Nix :[0m ahh i guess you could since its not a legendary item[0m
[20:54] [0m[33;1m[Clan] Nix :[0m why two zelligars?[0m
[20:55] [0m[33;1m[Clan] Nix :[0m you'd be better off with one zell and day 3 cmc[0m
[20:55] [0m[33;1m[Clan] Xaryl :[0m can you wear 2 headbands?[0m
[20:55] [0m[33;1m[Clan] Nix :[0m maybe if you zosi'd it, but i doubt it[0m
[20:55] [0m[34;1mLachlan shouts:[0m WOOO[0m
[20:55] [0m[34;1mNix shouts:[0m gotta catch em all![0m
[20:55] [0m[34;1mNauda shouts:[0m Ash on, Ash off[0m
[20:55] [0m[33;1m[Clan] Ipsie :[0m i don't think you can[0m
[20:55] [0m[33;1m[Clan] Xaryl :[0m it wouild be a bit too sick[0m
[20:56] [0m[33;1m[Clan] Roken :[0m sometimes it breaks but uh 1 tier will do[0m
[20:56] [0m[32;1mFrom afar, you go 'Woo Woo!' at Ash.[0m[0m
[20:57] [0m[32;1mFrom afar, Ash thanks you.[0m[0m
[20:57] [0m[33;1m[Clan] Roken :[0m level or 1.3 B to dupe 1[0m
[20:57] [0m[33;1m[Clan] Nix :[0m dupe 1 imo[0m
[20:58] [0m[34;1mBoosh shouts:[0m ash to ash dust dust or in this case ash to ash frank to[0m
[20:58] [0m              frank?[0m
[21:01] [0m[32mSimonz tells you:[0m what was your proc in zell?[0m
[21:02] [0m[34;1mHex shouts:[0m frank in ash?[0m
[21:02] [0mYou can currently reforge 12 items.[0m
[21:03] [0m[34;1mBoosh shouts:[0m i think i would have some frank and ash but i think not[0m
[21:14] [0m[34;1mArchangel shouts:[0m Wooo![0m
[21:15] [0m[37;1m[JEDI]:[0m Talia Ska arrives at the Academy.[0m
[21:20] [0m[33;1m[Clan] Ser :[0m dupe = items that help you xp faster = level faster[0m
[21:23] [0m[33;1m[Clan] Ser :[0m im pulling ~25mil/half more w cmc just sayin[0m
[21:24] [0m[33;1m[Clan] Nix :[0m i have cmc and i'm pulling ~200mil/half less than I normally do[0m
[21:24] [0m[33;1m[Clan] Nix :[0m oh that's right i'm dragging an anchor... have martyr behind me[0m
[21:24] [0m[33;1m[Clan] Xaryl :[0m ha[0m
[21:29] [0m[33;1m[Clan] Ser :[0m yah and hes like a fuckin aircraft carrier anchor w his damage[0m
[21:30] [0m[33;1m[Clan] Nix :[0m your being wayyyyy too kind[0m
[21:30] [0m<- ! The Vigilant ! -> :  A destabilization Kayos event has been detected in[0m
[21:30] [0m                          Northern Hills of Fantasy!  We are localizing it[0m
[21:30] [0m                          now - get ready![0m
[21:39] [0m[33;1m[Clan] Ser :[0m anchor weighs 30 tons and there are 2 of them.  each link in[0m
[21:39] [0m             rhe chain weifghs 360 lbs[0m
[21:39] [0m[33;1m[Clan] Roken :[0m @ser what type anchor am i to you?[0m
[21:43] [0m[33;1m[Clan] Ser :[0m eh i dunno a steamboat anchor i guess[0m
[21:43] [0mNightrider@3s gshouts: I feel so empty over here[0m
[21:43] [0m[37;1m[JEDI]:[0m Herah Wylann arrives at the Academy.[0m
[21:43] [0m[33;1m[Clan] Ser :[0m i have shit weapoms so im not even doing great xp this boot[0m
[21:43] [0m[33;1m[Clan] Ser :[0m not worried about it tjo, gxp > all[0m
[21:44] [0mNightrider@3s gshouts: well since all thw wizzies left, looks like you can[0m
[21:44] [0m                       fully bot here lol[0m
[21:45] [0m[33;1m[Clan] Nix :[0m nog[0m
[21:45] [0m[33;1m[Clan] Nix :[0m im 11.1m from gl 99... bout 5days of combat[0m
[21:45] [0m[33;1m[Clan] Xaryl :[0m nice[0m
[21:46] [0m[33;1m[Clan] Xaryl :[0m is there a 'jump' in power coming up for you?[0m
[21:46] [0m[33;1m[Clan] Nix :[0m nah, just more dodge but its super expensive[0m
[21:46] [0m[33;1m[Clan] Xaryl :[0m nod[0m
[21:46] [0m[33;1m[Clan] Nix :[0m i just want to hit 100 and then i'll probably shelf this char[0m
[21:46] [0m             for a bit and work on one of my alts[0m
[21:47] [0m[33;1m[Clan] Xaryl :[0m nod[0m
[21:47] [0m[33;1m[Clan] Xaryl :[0m how long will 100 take?[0m
[21:47] [0m[34;1mEscanor shouts:[0m Anyone able to drag me for exp?[0m
[21:47] [0mArchangel flaps : Event portal: ant hole/w psi-wielding[0m
[21:47] [0m[33;1m[Clan] Nix :[0m between 50 and 60 combat days[0m
[21:47] [0m[34;1mGlister shouts:[0m able or willing?[0m
[21:47] [0m[34;1mEscanor shouts:[0m Willing XD[0m
[21:48] [0m[33;1m[Clan] Xaryl :[0m wow[0m
[21:48] [0m[33;1m[Clan] Nix :[0m im hoping before new years[0m
[21:48] [0m[33;1m[Clan] Nix :[0m but we'll see[0m
[21:49] [0m[33;1m[Clan] Nix :[0m how long do your priest gls take?[0m
[21:49] [0m[34;1mGlister shouts:[0m I'm willing but not able :D[0m
[21:49] [0m[34;1mKitt shouts:[0m how high you want to get ?[0m
[21:49] [0mNightrider@3s gshouts: you can follow kitt and die[0m
[21:49] [0m [1mCurrent Reboot : #1811 [6 days 20 hours 54 minutes]                   [0m[0m
[21:49] [0m [1mCurrent Time   : (US EDT) Tue Sep 10, 2019 09:49:52 pm                [0m[0m
[21:49] [0m [32;1mReboot Started : Thu Sep 5 04:01 pm [0m[0m
[21:49] [0m [36;1mCurrent Uptime : 5 days 5 hours 48 minutes 39 seconds (76%)           [0m[0m
[21:49] [0m [31;1mReboot Ends    : Thu Sep 12 12:55 pm[0m[0m
[21:49] [0m [33;1mNext Reboot in : 1 day 15 hours 5 minutes 48 seconds                  [0m[0m
[21:49] [0m     [33mAfter That : [1813] Sat Sep 21 02:27 am[0m[0m
[21:49] [0m     [33mAfter That : [1814] Sun Sep 29 10:15 am[0m[0m
[21:49] [0m[34;1mEscanor shouts:[0m well I took two edibles 30 minutes ago so I plan on getting[0m
[21:49] [0m                very high soon[0m
[21:50] [0m[34;1mXavier shouts:[0m @3s sukit[0m
[21:50] [0mHex gshouts: sounds like a challenge[0m
[21:58] [0m[34;1mSpace shouts:[0m @Escanor thought tanking the right sized mobs as per your glvl[0m
[21:58] [0m              was a requirement for optimal gxp in psicorp, did that get[0m
[21:58] [0m              changed?[0m
[21:59] [0mSquirrel flaps : squirrel for hp heals, cuff for gp heals[0m
[22:00] [0m[33;1m[Clan] Nix :[0m any of you have a mage?[0m
[22:00] [0m[33;1m[Clan] Xaryl :[0m nope[0m
[22:00] [0m[33;1m[Clan] Roken :[0m nay[0m
[22:00] [0m[33;1m[Clan] Nix :[0m im tempted to put my gswap in there[0m
[22:00] [0m[34;1mHyuga shouts:[0m @Space don't be a hater, bruh[0m
[22:01] [0m[34;1mLance shouts:[0m #thisisahatefreespace[0m
[22:02] [0m[34;1mKrom shouts:[0m ooers, free hate. I never like paying for it.[0m
[22:02] [0m[34;1mDin shouts:[0m now i want to place freespace[0m
[22:02] [0m[34;1mHyuga shouts:[0m Tom is my friend on MySpace.[0m
[22:03] [0m[34;1mSpace shouts:[0m not hate, but since i am caught deciding between getting a psi[0m
[22:03] [0m              or blades gswap, was asking a genuine question[0m
[22:03] [0mYou can currently reforge 12 items.[0m
[22:04] [0m[34;1mHyuga shouts:[0m bah, shoutline isn't for genuine questions. its for us to[0m
[22:04] [0m              ignore and use better chatlines.[0m
[22:05] [0m[34;1mSpace shouts:[0m also, I am not from this generation of "safe space" and "molly[0m
[22:05] [0m              coddlers" so, yeah take that crap to your SJW rallies![0m
[22:06] [0m[34;1mHyuga shouts:[0m Sexy Jello Wrestling?.... ok... sure...[0m
[22:06] [0m[34;1mAdalius shouts:[0m Trailers to sell or rent, rooms to let, $0.50. No phone, no[0m
[22:06] [0m                pool, no pets, ain't got no cigarettes. Ahhhh but pushing[0m
[22:06] [0m                broom, buys an 8 x 12 four bit room. I'm a man of means by[0m
[22:06] [0m                no means... king of the road.[0m
[22:07] [0m[34;1mDin shouts:[0m boxcar hobo guild confirmed[0m
[22:07] [0m[34;1mYik shouts:[0m murder hobos![0m
[22:08] [0m[34;1mSimonz shouts:[0m 3rd boxcar, midnight train.  Destination: Bangor Maine.  Old[0m
[22:08] [0m               worn out suit and shoes, I don't pay no union dues.  I smoke[0m
[22:08] [0m               old stogies I have found[0m
[22:10] [0mnewb Takira [psicorps/14]: huh, so where is this shuttle to get to the[0m
[22:10] [0m                           enterprize?[0m
[22:10] [0mnewb Nightrider [knight/136]: there is no prize[0m
[22:11] [0mnewb Nightrider [knight/136]: Only voodoo's Pants[0m
[22:11] [0m[37;1m[JEDI]:[0m Alyssa K'tal arrives at the Academy.[0m
[22:12] [0mnewb Bink [fremen/67]: your first clue is its a scifi reference[0m
[22:22] [0mnewb Fargo [Newbie]: ballpark on how many mirror fragments are needed for[0m
[22:22] [0m                     skillquest 19?  I'd like to finish that up before[0m
[22:22] [0m                     leaving newbie status.[0m
[22:24] [0mnewb Adalius [Admin]: 8,675,309, more or less :)[0m
[22:24] [0mnewb Whoknows [priest/104]: wrong, 8,923,421[0m
[22:25] [0mnewb Triple [cyborg/75]: whats it mean by death debt -84%[0m
[22:25] [0mnewb Fargo [Newbie]: so about the same amount of marble then.  good.[0m
[22:25] [0mnewb Whoknows [priest/104]: means, stop dying[0m
[22:25] [0mnewb Triple [cyborg/75]: is that why i shouldn't have died 7 times[0m
[22:25] [0mnewb Kale [changeling/80]: whats a marble?[0m
[22:26] [0mnewb Nightrider [knight/136]: ya dont die[0m
[22:26] [0mnewb Nightrider [knight/136]: unless you have a habit of it like i do[0m
[22:26] [0mnewb Nightrider [knight/136]: 1015 deaths and counting[0m
[22:28] [0mnewb Hyuga [jedi/133]: 557~ in 217 days... not bad[0m
[22:28] [0mnewb Bink [fremen/67]: slacker[0m
[22:29] [0mnewb Space [necromancer/141]: in your case NR you recover death debt by[0m
[22:29] [0m                              killing 1 at most 2 mobs :D[0m
[22:29] [0mnewb Nightrider [knight/136]: you peeps are lucky, death isnt what it used[0m
[22:29] [0m                              to be like[0m
[22:29] [0mnewb Nightrider [knight/136]: true Space[0m
[22:29] [0mnewb Hyuga [jedi/133]: <-- avg 2.56 deaths per day[0m
[22:29] [0mnewb Space [necromancer/141]: for realz, death used to actually cost[0m
[22:30] [0mnewb Nightrider [knight/136]: death plus lost of eq and ppl robbed yo crap[0m
[22:30] [0m                              fun times[0m
[22:31] [0mnewb Hyuga [jedi/133]: i had 400+ 'old' deaths on pdog, at least 300+ on[0m
[22:31] [0m                       other 2 alts :)[0m
[22:31] [0mnewb Triple [cyborg/75]: ah cool then i'm just 34mil xp in the hole[0m
[22:31] [0m[34;1mNightrider shouts:[0m Make Freman Great Again[0m
[22:31] [0m[34;1mMud shouts:[0m Gordan Greman[0m
[22:32] [0mnewb Space [necromancer/141]: and, as was in the case of big pedes, man tank[0m
[22:32] [0m                              die, they grab bosy with eq, then we all die[0m
[22:32] [0m                              they grab everyones eq, now how to get entire[0m
[22:32] [0m                              parties eq back?[0m
[22:32] [0mnewb Space [necromancer/141]: so more deaths!!![0m
[22:32] [0mnewb Hyuga [jedi/133]: probably cost me somewhere between 1-200% of my total[0m
[22:32] [0m                       xp gain alltime[0m
[22:32] [0mnewb Parzival [angel/61]: wait - you no longer lose eq when dying? I haven't[0m
[22:32] [0m                          died in ages[0m
[22:32] [0mnewb Space [necromancer/141]: it got to be so bad i had a trigger Bo dies,[0m
[22:32] [0m                              smuggle /put in guild chest all eq!!![0m
[22:33] [0mnewb Nightrider [knight/136]: Bo sucks, just sell his eq[0m
[22:33] [0mnewb Bink [fremen/67]: there wasnt even smuggle back then[0m
[22:33] [0m[34;1mXiu shouts:[0m flow, the spice must. from the wrong sci-fi verse, i am. yes.[0m
[22:33] [0mnewb Hyuga [jedi/133]: nod, when i got my bigpede they were still peaceable[0m
[22:33] [0m                       :)[0m
[22:34] [0mnewb Space [necromancer/141]: there was, during big pede parties smuggle was[0m
[22:34] [0m                              in game, @NR i had those trigs for[0m
[22:34] [0m                              Bo|Thunder|Spaz[0m
[22:35] [0mnewb Lance [cyborg/114]: pede parties were so much fun[0m
[22:35] [0mnewb Parzival [angel/61]: in umm 25 years of playing 3k I've never killed a[0m
[22:35] [0m                          pede - died to them a few times though[0m
[22:35] [0mnewb Parzival [angel/61]: it seems they always got upgraded before I got[0m
[22:35] [0m                          around to being big enough to kill them[0m
[22:36] [0mnewb Parzival [angel/61]: that describes my entire 3k experience really -[0m
[22:36] [0m                          the top end just continues to become more and more[0m
[22:36] [0m                          unattainable :D[0m
[22:45] [0m[37;1m[JEDI]:[0m Janath Meelin arrives at the Academy.[0m
[22:49] [0m[34;1mZiphe shouts:[0m thanks[0m
[22:52] [0m[35;1mLicklick [Jedi(36)]:[0m gnight gamer girls[0m
[22:52] [0m[35;1mNeedless [Jedi(19)]:[0m Heeeeey *snaps fingers*[0m
[22:53] [0m[35;1mJasmine [Jedi(Knight)]:[0m so apparently the song lies.....[0m
[22:53] [0m[35;1mJasmine [Jedi(Knight)]:[0m made a milkshake and there are no boys in my yard[0m
[22:53] [0m[35;1mHyuga [Jedi(92)]:[0m aww i can come over if you want[0m
[22:54] [0m[35;1mHyuga [Jedi(92)]:[0m i haven't had a milkshake in awhile[0m
[22:54] [0m[35;1mNeedless [Jedi(19)]:[0m Did you make two milkshakes?[0m
[22:54] [0m[35;1mNeedless [Jedi(19)]:[0m Pretty sure she uses the plural[0m
[22:54] [0m[35;1mJasmine [Jedi(Knight)]:[0m theres still some left in the blender[0m
[22:54] [0m[35;1mHyuga [Jedi(92)]:[0m figures[0m
[22:54] [0m[35;1mHyuga [Jedi(92)]:[0m i prolly have to wash it too[0m
[22:55] [0m[35;1mJasmine [Jedi(Knight)]:[0m maybe i should have made margaritas[0m
[22:55] [0m[35;1mHyuga [Jedi(92)]:[0m cuz milk like... driesbup and gets harder to clean[0m
[22:55] [0m[35;1mNeedless [Jedi(19)]:[0m hmmm[0m
[22:55] [0m[35;1mHyuga [Jedi(92)]:[0m half n half is the worst[0m
[22:58] [0m[34;1mHex shouts:[0m anyone want to int, zot me if you do[0m
[22:58] [0m[34;1mSpace shouts:[0m zot is taking away, what you are thinking about is 'strade'[0m
[23:01] [0m[34;1mHyuga shouts:[0m zot my +10 con if you want, i have like 6000 hp atm[0m
[23:02] [0m[34;1mZiphe shouts:[0m space is right, zot doesn't trade, it just takes away...[0m
[23:03] [0m[34;1mMud shouts:[0m escape with the Orb of Zot![0m
[23:04] [0mYou can currently reforge 12 items.[0m
[23:06] [0m[34;1mHex shouts:[0m ok then, who's got cha for me to zot away then ;)[0m
[23:06] [0m[34;1mSpace shouts:[0m do it hyuga[0m
[23:07] [0m[34;1mHyuga shouts:[0m muah! let the zotting begin![0m
[23:12] [0m[37;1m[JEDI]:[0m Wennic Ber'ni'lok arrives at the Academy.[0m
[23:21] [0m[34;1mSpace shouts:[0m The band is just fantastic, that is really what I think, Oh,[0m
[23:21] [0m              by the way, which one's Pink?[0m
[23:43] [0m[34;1mBoosh shouts:[0m got the point?[0m
[23:45] [0m[37;1m[JEDI]:[0m Kerran Halcyon arrives at the Academy.[0m
