- = LOG STARTED [00:00] = -
[00:01] [0m[34;1mNik shouts:[0m playcult like its halloween time[0m
[00:01] [0m[34;1mDy shouts:[0m Die, more and more![0m
[00:02] [0m[34;1mEli shouts:[0m remember the Flactoid![0m
[00:07] [0mDy flaps : Depressed? Problems with the boss? Overworked? Family troubles? Are you not going to[0m
[00:07] [0m           make it to the weekend? Try new extra strength Fukitol. When life gives you crap,[0m
[00:07] [0m           Fukitol![0m
[00:07] [0m[37;1m[JEDI]:[0m Kerran Halcyon arrives at the Academy.[0m
[00:07] [0mFluffy flaps : someone sweet talk kiki into auctioning extra strength scruitol ... that stuff[0m
[00:07] [0m               roxsw[0m
[00:14] [0m[Auction] Robert : Up for bids: A sticky cocoon {flickering}.[0m
[00:14] [0m[Auction] Robert : Simonz has requested 1 as the opening offer.[0m
[00:14] [0m[Auction] Robert : Got 420 from Fluffy(chan).  Do I hear 470?[0m
[00:14] [0m[Auction] Robert : 420 going once![0m
[00:15] [0m[Auction] Robert : 420 going twice![0m
[00:15] [0m[Auction] Robert : Sold to Fluffy for 420 coins![0m
[00:16] [0m[33;1m[Clan] Ser :[0m anyone wanna come hit beloch[0m
[00:17] [0m[33;1m[Clan] Archangel :[0m Sure[0m
[00:17] [0m[33;1m[Clan] Archangel :[0m Who've you got so far?[0m
[00:17] [0m[33;1m[Clan] Ser :[0m nik[0m
[00:18] [0m[33;1m[Clan] Xaryl :[0m need healer or damage?[0m
[00:18] [0m[33;1m[Clan] Ser :[0m pew pew[0m
[00:19] [0m[33;1m[Clan] Ser :[0m and NR and sky i think[0m
[00:22] [0m[34;1mSpace shouts:[0m #MakeZanaduPlayAgain[0m
[00:23] [0m[34;1mFluffy shouts:[0m xanadude ... come back![0m
[00:23] [0m[34;1mManos shouts:[0m oh gawd fluffy is still around....[0m
[00:24] [0m[34;1mSpace shouts:[0m 3k needs fluffy, like fish needs water[0m
[00:24] [0m[34;1mManos shouts:[0m the day I come back from a long absence and don't see Space, Voodoo and Fluffy the[0m
[00:24] [0m              mud is doomed[0m
[00:28] [0m[34;1mBoosh shouts:[0m is not doomed its fluffying up space with voodoo[0m
[00:32] [0m[34;1mCrolack shouts:[0m Moo.[0m
[00:32] [0m[33;1m[Clan] Ser :[0m was only in combat w/ that last one for ~15 mins :P[0m
[00:40] [0m[33;1m[Clan] Ser :[0m that one took half as long, so good job[0m
[00:41] [0m[33;1m[Clan] Ser :[0m not being edged immune helps me a bunch :P[0m
[00:42] [0m[37;1m[JEDI]:[0m Tobias Kel'ach'nar arrives at the Academy.[0m
[00:44] [0m[37;1mNauda <.oO>:[0m Hax[0m
[00:45] [0m[37;1mHavox <.oO>:[0m :D[0m
[00:57] [0m[34;1mFluffy shouts:[0m help bote![0m
[06:30] [0mRoken <Craft>: I don't want to craft ... I want to be a LUMBERJACK!![0m
[06:46] [0m[Auction] Robert : Up for bids: Superior Chaostone helmet.[0m
[06:46] [0m[Auction] Robert : Assassin has requested 1,999 as the opening offer.[0m
[06:46] [0m[Auction] Robert : Got 1,999 from Mauser(elem).  Do I hear 2,049?[0m
[06:46] [0m[Auction] Robert : Got 3,000 from Phenom(cybo).  Do I hear 3,150?[0m
[06:46] [0m[Auction] Robert : Got 5,673 from Mauser(elem).  Do I hear 5,956?[0m
[06:47] [0m[Auction] Robert : 5,673 going once![0m
[06:47] [0m[Auction] Robert : 5,673 going twice![0m
[06:47] [0m[Auction] Robert : Sold to Mauser for 5,673 coins![0m
[06:49] [0m[37;1m[JEDI]:[0m Herah Wylann arrives at the Academy.[0m
[06:53] [0mYour transmuter's stone bursts with 2 new colours![0m
[07:10] [0m[37;1m[JEDI]:[0m Tobias Kel'ach'nar arrives at the Academy.[0m
[07:46] [0m[37;1m[JEDI]:[0m Ylenic It'kla arrives at the Academy.[0m
[07:54] [0m[33;1m[Clan] Anecdote enters the game.[0m  [0m
[08:17] [0m[37;1m[JEDI]:[0m Reena Bel Noir arrives at the Academy.[0m
[08:49] [0m[37;1m[JEDI]:[0m Durnoth arrives at the Academy.[0m
[18:52] [0mFd  Wm:g Wc: 70% Gx:  4.78% Fx: 61.65%[0m
[18:53] [0m[Auction] Kitt (prie) : wtb con gems[0m
[18:59] [0m[37;1m[JEDI]:[0m Ylenic It'kla arrives at the Academy.[0m
[19:27] [0m[37;1mMerrick <.oO>:[0m moo[0m
[19:29] [0m[37;1mAl <.oO>:[0m oom[0m
[19:30] [0mYour transmuter's stone bursts with 5 new colours![0m
[19:34] [0m[37;1m[JEDI]:[0m Janath Meelin arrives at the Academy.[0m
[19:44] [0m[33;1m[Clan] Pol enters the game.[0m  [0m
[20:08] [0m[37;1m[JEDI]:[0m Durnoth arrives at the Academy.[0m
[20:27] [0m[34;1mQuaritch shouts:[0m cricket cricket[0m
[20:30] [0mYour transmuter's stone bursts with 4 new colours![0m
[20:38] [0m[37;1m[JEDI]:[0m Tobias Kel'ach'nar arrives at the Academy.[0m
[21:13] [0m[37;1m[JEDI]:[0m Wennic Ber'ni'lok arrives at the Academy.[0m
[21:15] [0m[35;1mDy [Jedi(73)]:[0m We need an aspiring sekseh career.[0m
[21:15] [0m[35;1mDy [Jedi(73)]:[0m Oh wait, that's entertainer isn't it.[0m
[21:19] [0mFrank flaps : .cbot[0m
[21:21] [0mKitt flaps : Idle-CBot[0m
[21:21] [0mDy flaps : format cbot?[0m
[21:21] [0mLeto flaps : beep boop[0m
[21:30] [0mSer flaps : character specific aliases, people dont alias it to anything tho so you guys see ut[0m
[21:30] [0m            in ur logs[0m
[21:30] [0mYour transmuter's stone bursts with 5 new colours![0m
[21:31] [0mSer flaps : its how i set up character specific k2k trigs for guilds that need to regen between[0m
[21:31] [0m            combat, ans since 75% of tt++ users use a form of something i wrote, you wizards get[0m
[21:31] [0m            my tidbits[0m
[21:32] [0mAdalius flaps : So... if people are trying to sue gun manufacturers for gun deaths..... we can[0m
[21:32] [0m                jail/smite/wipe you for other people's botting offenses, right? RIGHT?[0m
[21:32] [0mMartyr flaps : I only use your keylogger when writing furry erotica[0m
[21:33] [0mSer flaps : i mean its only logical[0m
[21:33] [0mSer flaps : next youll have to come to peoples homes and make them turn over their scripts[0m
[21:33] [0mFrank flaps : ha ha[0m
[21:33] [0mAdalius flaps : I can be bribed onsite with rum so... just sayin[0m
[21:34] [0mManos flaps : LOUD NOISES![0m
[21:35] [0mKitt flaps : where is onsite?[0m
[21:35] [0mFrank flaps : i'm far too busy to .cbot right now, maybe later?[0m
[21:39] [0mDy flaps : Barney must die.[0m
[21:40] [0mDy flaps : Don't trust a dinosaur that says "I love you." He is just luring children in so he[0m
[21:40] [0m           can eat them.[0m
[21:40] [0mManos flaps : eat them you say...[0m
[21:40] [0mDy flaps : heh heh[0m
[21:41] [0mDy flaps : Or maybe he is lulling parents into trusting him so he can eat them.[0m
[21:41] [0m[32;1mFrom afar, Ser moos at you.[0m[0m
[21:43] [0m[33;1m[Clan] Ser :[0m whats cd on ha at max[0m
[21:43] [0m[33;1m[Clan] Ser :[0m 7 days is total cd?[0m
[21:43] [0m[33;1m[Clan] Xaryl :[0m cd?[0m
[21:44] [0m[33;1m[Clan] Archangel :[0m cooldown[0m
[21:44] [0m[33;1m[Clan] Martyr :[0m 1.5 days I think[0m
[21:44] [0m[33;1m[Clan] Ser :[0m calculated once every 37.8 hrs[0m
[21:45] [0m[33;1m[Clan] Martyr :[0m - continuity for me[0m
[21:45] [0m[33;1m[Clan] Martyr :[0m so...35 hrs. Ya 1.5 days sounds right[0m
[21:45] [0m[33;1m[Clan] Xaryl :[0m is the XP cost really worth it for HA?[0m
[21:45] [0m[33;1m[Clan] Martyr :[0m 100%[0m
[21:45] [0m[33;1m[Clan] Martyr :[0m because you can get it back anytime penalty free w/ unlearn[0m
[21:46] [0m[33;1m[Clan] Xaryl :[0m nod[0m
[21:46] [0m[33;1m[Clan] Martyr :[0m the 7th[0m
[21:46] [0m[33;1m[Clan] Ser :[0m i mean if you unlearn it its just extra xp during the time you used it[0m
[21:46] [0m[33;1m[Clan] Martyr :[0m so not "anytime"[0m
[21:46] [0m[33;1m[Clan] Ser :[0m so whynit[0m
[21:46] [0m[33;1m[Clan] Martyr :[0m but yeah, you'd be silly NOT to get it before the 7th if you have nothing your[0m
[21:46] [0m                not gonna unlearn[0m
[21:46] [0m[33;1m[Clan] Ser :[0m why not too[0m
[21:46] [0m[33;1m[Clan] Nix :[0m 1.6D at max with max continuity[0m
[21:46] [0m[33;1m[Clan] Ser :[0m 1.575[0m
[21:46] [0mDy flaps : https://www.youtube.com/watch?v=t8o7yZr5Irk Disclaimer: Due to the graphic nature of[0m
[21:46] [0m           this video, viewer discretion is advised. May not be appropriate for some viewers.[0m
[21:46] [0m           Scientifically Correct Barney.[0m
[21:47] [0m[33;1m[Clan] Xaryl :[0m so use it on Beloch parties?[0m
[21:47] [0m[33;1m[Clan] Martyr :[0m Basically once your g2n takes a month anyways, I don't see what else you would[0m
[21:47] [0m                use the xp for[0m
[21:47] [0m[33;1m[Clan] Martyr :[0m Whatever your max xp area is, hotel[0m
[21:47] [0m[33;1m[Clan] Martyr :[0m etc.[0m
[21:47] [0m[33;1m[Clan] Martyr :[0m Pop it before day 7 bat dies[0m
[21:47] [0m[33;1m[Clan] Nix :[0m i run it in hotel[0m
[21:47] [0m[33;1m[Clan] Mud :[0m 50.8B total[0m
[21:48] [0m[33;1m[Clan] Mud :[0m i have 65b avail atm...  tempting[0m
[21:48] [0m[33;1m[Clan] Xaryl :[0m guess after you have your prime stats maxed...it is worth it[0m
[21:48] [0m[33;1m[Clan] Ser :[0m nod i nean you use it 3-4 times in the next week, unlearn[0m
[21:49] [0m[33;1m[Clan] Xaryl :[0m would have to have the XP to spend 1st[0m
[21:49] [0m[33;1m[Clan] Xaryl :[0m heh[0m
[21:49] [0m[33;1m[Clan] Ser :[0m i am using it for an embiggen run in rimalkins[0m
[21:50] [0m[33;1m[Clan] Ser :[0m just cuz i am about to hit the rack...  not going to hit 200bil xp by the 7th so i[0m
[21:50] [0m             may or may not keep it[0m
[21:51] [0m[33;1m[Clan] Ser :[0m honestly i need to step my damage up, but i have so many glevels to get :p[0m
[21:51] [0m[37;1m[JEDI]:[0m Bithoff Jonansaan arrives at the Academy.[0m
[21:51] [0m[33;1m[Clan] Nix :[0m stop slacking[0m
[21:51] [0m[33;1m[Clan] Nix :[0m why the hell are you sleeping ser[0m
[21:51] [0m[33;1m[Clan] Ser :[0m only ~3 combat days g2n[0m
[21:51] [0m[33;1m[Clan] Nix :[0m i'm sick of hearing these excuses[0m
[21:52] [0m[33;1m[Clan] Nix :[0m give it the ol' zorbaine effort[0m
[21:52] [0m[33;1m[Clan] Ser :[0m i know i should just bot all night[0m
[21:52] [0m[33;1m[Clan] Martyr :[0m Have you even tried meth?[0m
[21:52] [0m[33;1m[Clan] Ser :[0m never, its on my no no list[0m
[21:53] [0m[33;1m[Clan] Martyr :[0m Well I'm out of suggestions then[0m
[21:54] [0m[33;1m[Clan] Nix :[0m mail order russian bride[0m
[21:54] [0m[33;1m[Clan] Nix :[0m lock her in the basement and make her mud for food[0m
[21:55] [0m[33;1m[Clan] Ser :[0m nix why you putzing on the 156th plane when archangel/xar on 225[0m
[21:55] [0m[Auction] Robert : Up for bids: Nickel Flask of Urine (yellow liquid), Platinum Flask of Urine[0m
[21:55] [0m                   (yellow liquid), Ceramic Flask of Urine (yellow liquid), Aluminum Flask of[0m
[21:55] [0m                   Urine (yellow liquid) and Tin Flask of Urine (yellow liquid).[0m
[21:55] [0m[Auction] Robert : Voodoo has requested 1 as the opening offer.[0m
[21:55] [0m[33;1m[Clan] Nix :[0m quicker kills i guess[0m
[21:55] [0m[Auction] Voodoo (jugg) : ganbei![0m
[21:56] [0m[Auction] Robert : Oh, come on... just 1 coins?[0m
[21:56] [0m[Auction] Robert : Got 420 from Nik(necr).  Do I hear 470?[0m
[21:56] [0m[Auction] Robert : 420 going once![0m
[21:56] [0m[Auction] Robert : 420 going twice![0m
[21:56] [0m[Auction] Robert : Sold to Nik for 420 coins![0m
[21:56] [0m[33;1m[Clan] Ser :[0m i should probabky head down there at some point, they seem to out-xp me[0m
[21:57] [0m[Auction] Hooligan (cybo) : yay...voodoo's piss...[0m
[21:57] [0m[33;1m[Clan] Ser :[0m oo my dog id 89% thru level too[0m
[21:57] [0m[33;1m[Clan] Ser :[0m he might level this boot[0m
[21:58] [0m[33;1m[Clan] Archangel :[0m Definitely don't bring your dog down this deep.[0m
[21:58] [0m[33;1m[Clan] Ser :[0m noted[0m
[21:58] [0m[33;1m[Clan] Nix :[0m da fuq[0m
[21:58] [0m[33;1m[Clan] Ser :[0m huh[0m
[21:58] [0m[33;1m[Clan] Nix :[0m my dmg just stopped...[0m
[21:58] [0m[33;1m[Clan] Martyr :[0m stop botting[0m
[21:58] [0m[33;1m[Clan] Ser :[0m kickstart[0m
[21:59] [0m[33;1m[Clan] Nix :[0m im not[0m
[21:59] [0m[33;1m[Clan] Archangel :[0m Done broke your gobject.[0m
[22:02] [0m[33;1m[Clan] Archangel :[0m By the way, what is the gobject called for psicorp?[0m
[22:10] [0m[33;1m[Clan] Ser :[0m Enhanced Psionic Implant Module (attached to brain stem).[0m
[22:14] [0m[34;1mTchazzar shouts:[0m I found where Frank keeps all the XP pile for killing botters...[0m
[22:14] [0m[34;1mLeto shouts:[0m oooooooooo... secret xp stash![0m
[22:14] [0m[34;1mBoosh shouts:[0m in his pants he wear pants[0m
[22:15] [0m[34;1mTchazzar shouts:[0m I think I am going to take some... lets see what happens.[0m
[22:15] [0m[34;1mNooster shouts:[0m Woot![0m
[22:15] [0m[34;1mWyshe shouts:[0m woo![0m
[22:15] [0m[34;1mMartyr shouts:[0m ONE MORE SONG[0m
[22:15] [0m[34;1mNooster shouts:[0m Since fluffy isn't on...  "BIG NUMBERS!"[0m
[22:17] [0m[33;1m[Clan] Xaryl :[0m donates going in[0m
[22:17] [0m[33;1m[Clan] Archangel :[0m Anyone still donating that junk?[0m
[22:17] [0m[33;1m[Clan] Mud :[0m its usually picked by time i check[0m
[22:17] [0m[33;1m[Clan] Martyr :[0m yep[0m
[22:17] [0m[33;1m[Clan] Martyr :[0m I'm gonna grab ut[0m
[22:17] [0m[33;1m[Clan] Martyr :[0m Cause I need to experiment mas[0m
[22:19] [0m[33;1m[Clan] Martyr :[0m didn't see the corpses in there, thanks for those too[0m
[22:19] [0m[33;1m[Clan] Xaryl :[0m no one is making kits anymore :([0m
[22:20] [0m[33;1m[Clan] Martyr :[0m There's a bunch in the box[0m
[22:20] [0m[33;1m[Clan] Ser :[0m yah NIK[0m
[22:20] [0m[33;1m[Clan] Martyr :[0m My new and improved corpse tracker: Corpses: 74 (C: 16 I: 17 S: 20 F: 21)[0m
[22:20] [0m[33;1m[Clan] Xaryl :[0m almost worth it to make a baby necro[0m
[22:20] [0m[33;1m[Clan] Ser :[0m we used to have Elektra, Pertinax, Paris all making kitts[0m
[22:20] [0m[33;1m[Clan] Martyr :[0m Handles coffin, inventory, smuggle, and freezer[0m
[22:20] [0m[33;1m[Clan] Xaryl :[0m nice[0m
[22:20] [0m[33;1m[Clan] Xaryl :[0m should use smugggle for sacks[0m
[22:21] [0m[33;1m[Clan] Xaryl :[0m saves carrying weight[0m
[22:21] [0m[33;1m[Clan] Martyr :[0m I just fight in dundee. byron is my donate runner[0m
[22:21] [0m[33;1m[Clan] Nik :[0m haha im workin on it![0m
[22:21] [0m[33;1m[Clan] Martyr :[0m speaking of whic...i'll do a lap with him[0m
[22:21] [0m[33;1m[Clan] Xaryl :[0m nod, heh[0m
[22:23] [0m[37;1m[JEDI]:[0m Rhaan arrives at the Academy.[0m
[22:24] [0m[Auction] Robert : Up for bids: Quesadilla Codpiece (massive).[0m
[22:24] [0m[Auction] Robert : Voodoo has requested 1 as the opening offer.[0m
[22:24] [0m[Auction] Robert : Got 2 from Frustrated(prie).  Do I hear 52?[0m
[22:24] [0m[Auction] Robert : 2 going once![0m
[22:24] [0m[Auction] Robert : 2 going twice![0m
[22:24] [0m[Auction] Robert : Got 82 from Byron(bard).  Do I hear 132?[0m
[22:25] [0m[Auction] Robert : 82 going once![0m
[22:25] [0m[Auction] Robert : Got 150 from Vksnr(knig).  Do I hear 200?[0m
[22:25] [0m[Auction] Robert : Got 1,000 from Frustrated(prie).  Do I hear 1,050?[0m
[22:25] [0m[Auction] Robert : 1,000 going once![0m
[22:25] [0m[Auction] Robert : 1,000 going twice![0m
[22:25] [0m[Auction] Robert : Sold to Frustrated for 1,000 coins![0m
[22:30] [0mYour transmuter's stone bursts with 2 new colours![0m
[22:40] [0m[33;1m[Clan] Ser :[0m yah that was an easy half billion xp for an hr[0m
[22:41] [0m[33;1m[Clan] Ser :[0m now to wait 7 days xD[0m
[22:41] [0m[33;1m[Clan] Martyr :[0m Yeah, if there's nothing else you can buy statwise, it's a great power[0m
[22:42] [0m[33;1m[Clan] Ser :[0m at that point i may just keep it until next month, cuz no point in refunding[0m
[22:42] [0m[33;1m[Clan] Martyr :[0m You'll have it forever now[0m
[22:42] [0m[33;1m[Clan] Martyr :[0m I said the same thing.  But it becomes stupid to lose it if you can afford the[0m
[22:42] [0m                xp bank.[0m
[22:42] [0m[33;1m[Clan] Martyr :[0m Or your like me and hoard a fuckton of xp/gxp then dump it.[0m
[22:43] [0m[33;1m[Clan] Ser :[0m just tryna level[0m
[22:43] [0m[33;1m[Clan] Ser :[0m i need stats yo[0m
[22:43] [0m[33;1m[Clan] Nix :[0m you should see martyr's house.. huge hoarder[0m
[22:43] [0m[33;1m[Clan] Nix :[0m plays the way he practices[0m
[22:46] [0m[33;1m[Clan] Martyr :[0m trap house[0m
[22:46] [0m[33;1m[Clan] Martyr :[0m 100%[0m
[22:51] [0m[33;1m[Clan] Martyr :[0m I really don't see much of a damage improvement the way I see a defense[0m
[22:51] [0m                improvement with Bias.[0m
[22:51] [0m[33;1m[Clan] Xaryl :[0m gen are a 'tank' guild, right?[0m
[22:51] [0m[37;1m[JEDI]:[0m Herah Wylann arrives at the Academy.[0m
[22:52] [0m[33;1m[Clan] Martyr :[0m It feels more like do you want to turn your defenses off or on, but same dmg[0m
[22:52] [0m                output.[0m
[22:52] [0m[33;1m[Clan] Martyr :[0m Ya, but we're shit tanks heh[0m
[22:52] [0m[33;1m[Clan] Xaryl :[0m heh[0m
[22:53] [0m[33;1m[Clan] Martyr :[0m It's a joke what Babylon, etc. can tank.[0m
[22:53] [0m[33;1m[Clan] Martyr :[0m Babylon crushed your record on Rimalkin King Ser[0m
[22:53] [0m[33;1m[Clan] Martyr :[0m It took him 3,000 rounds or something stupid[0m
[22:53] [0m[33;1m[Clan] Nix :[0m haha[0m
[22:53] [0m[33;1m[Clan] Nix :[0m that's crazy[0m
[22:55] [0m[35;1mDy [Jedi(73)]:[0m Use the farce![0m
[22:56] [0m[33;1m[Clan] Xaryl :[0m if you do that little damage, you should be able to tank the top end of mobs[0m
[22:56] [0m[33;1m[Clan] Xaryl :[0m especilly with the Cage of Babylon[0m
[22:57] [0m[33;1m[Clan] Nix :[0m psh he doesn't even have a year yet[0m
[22:57] [0m[33;1m[Clan] Xaryl :[0m oh, really?[0m
[22:57] [0m[33;1m[Clan] Nix :[0m 'age babylon'[0m
[22:57] [0m[33;1m[Clan] Martyr :[0m Laf, 200 days is a fuckton[0m
[22:57] [0m[33;1m[Clan] Martyr :[0m He should be top end[0m
[22:57] [0m[33;1m[Clan] Nix :[0m noob shit[0m
[22:57] [0m[33;1m[Clan] Xaryl :[0m Age: 1 year 144 days 51 minutes 12 seconds.[0m
[22:57] [0m[33;1m[Clan] Xaryl :[0m maybe since he started way b efore the Cager tracker[0m
[22:57] [0m[33;1m[Clan] Nix :[0m Combat Age : 222 days 19 hours 23 minutes 48 seconds  (43.77%)[0m
[22:57] [0m[33;1m[Clan] Nix :[0m i'm being facetious for the record[0m
[22:58] [0m[33;1m[Clan] Xaryl :[0m he does idle lots....[0m
[22:58] [0m[33;1m[Clan] Martyr :[0m Gentech is being idle[0m
[22:58] [0m[33;1m[Clan] Martyr :[0m Or was[0m
[22:58] [0m[33;1m[Clan] Xaryl :[0m ha[0m
[22:58] [0m[33;1m[Clan] Martyr :[0m killing blow / slide javneh / 800 rounds later repeat[0m
[22:59] [0m[33;1m[Clan] Martyr :[0m There used to always be a big party of gentechs though for the bonuses.[0m
[22:59] [0m[33;1m[Clan] Ser :[0m i have 303 days and 1.7 yrs to go[0m
[22:59] [0m[33;1m[Clan] Ser :[0m ivellis, who elsr[0m
[22:59] [0m[33;1m[Clan] Ser :[0m vaan (tony) was always on[0m
[22:59] [0m[33;1m[Clan] Nix :[0m lazz[0m
[23:00] [0m[33;1m[Clan] Xaryl :[0m how much is the GXP boost for a Gen party?[0m
[23:00] [0m[33;1m[Clan] Martyr :[0m laf, I never knew vaan was Tony.[0m
[23:02] [0m[33;1m[Clan] Mud :[0m i should be passing tony soonish[0m
[23:07] [0m[33;1m[Clan] Martyr :[0m I hope some version of the haloween shop stays open post 10/31[0m
[23:08] [0m[33;1m[Clan] Nix :[0m only conceivable way that hag hillary and trump would ever party together[0m
[23:16] [0m[37;1m[JEDI]:[0m Kerran Halcyon arrives at the Academy.[0m
[23:22] [0m[33;1m[Clan] Nix :[0m what are the dirs to crydee? i need some bags[0m
[23:22] [0m[33;1m[Clan] Martyr :[0m up from the joystick[0m
[23:22] [0m[33;1m[Clan] Martyr :[0m in chaos[0m
[23:22] [0m[33;1m[Clan] Xaryl :[0m want me tro buy you priest sacks?[0m
[23:22] [0m[33;1m[Clan] Nix :[0m sure[0m
[23:23] [0m[33;1m[Clan] Martyr :[0m Those are the shit[0m
[23:23] [0m[33;1m[Clan] Martyr :[0m Fucking amazing[0m
[23:23] [0m[33;1m[Clan] Martyr :[0m Best bags in the game from a shop for sure[0m
[23:23] [0m[33;1m[Clan] Xaryl :[0m they are[0m
[23:23] [0m[33;1m[Clan] Xaryl :[0m how many?[0m
[23:23] [0m[33;1m[Clan] Nix :[0m 5?[0m
[23:23] [0m[33;1m[Clan] Nix :[0m how much are they i'll transfer[0m
[23:24] [0m[33;1m[Clan] Xaryl :[0m ok, after this zombie[0m
[23:24] [0m[33;1m[Clan] Xaryl :[0m nah, they are cheap-ish[0m
[23:24] [0m[33;1m[Clan] Nix :[0m shit i'll take 10[0m
[23:25] [0m[33;1m[Clan] Martyr :[0m I wish some of the bard stuff was more useful, we have some cool shit in our[0m
[23:25] [0m                shop.[0m
[23:25] [0m[33;1m[Clan] Nix :[0m yeah i agree[0m
[23:25] [0m[33;1m[Clan] Xaryl :[0m Ftouching then at Cbox[0m
[23:30] [0mYour transmuter's stone bursts with 6 new colours![0m
[23:31] [0m[34;1mTchazzar shouts:[0m I found some more xp in Franks pockets...[0m
[23:32] [0m[34;1mLeto shouts:[0m wooohoo![0m
[23:32] [0m[34;1mHooligan shouts:[0m wooooo[0m
[23:32] [0m[34;1mWyshe shouts:[0m woo![0m
[23:32] [0m[37;1mSpace <.oO>:[0m welcome![0m
[23:32] [0m[34;1mSpace shouts:[0m gratz[0m
[23:32] [0m[34;1mVoodoo shouts:[0m cheater![0m
[23:34] [0m[34;1mFiddlestix shouts:[0m no numbers?[0m
[23:34] [0m[34;1mDy shouts:[0m Letters and termerters.[0m
[23:34] [0m[34;1mLeto shouts:[0m I I I been around the world, but I can't find my lover...[0m
[23:35] [0m[34;1mKitt shouts:[0m you cant find your hands?[0m
[23:35] [0m[34;1mDy shouts:[0m There are plenty of lonely Saguaros here.[0m
[23:35] [0m[34;1mLeto shouts:[0m you know me so well[0m
[23:39] [0m[33;1m[Clan] Byron :[0m anyone w/ a real mask i can dupe?[0m
[23:46] [0m[37;1m[JEDI]:[0m Reena Bel Noir arrives at the Academy.[0m
[23:49] [0mDy flaps : It's not me it's you.[0m
[23:49] [0mDy flaps : All the lies and stupid things you say and do, it's you![0m
[23:51] [0mDy flaps : https://www.youtube.com/watch?v=JWofQTAhUKA Perfect breakup song. xD[0m
