- = LOG STARTED [00:00] = -
[00:22] [0m[34;1mVilgan shouts: [0mArgh, I'm dying!  Eagleeyes is a meany![0m
[01:01] [0m[32mCK30 says: [0mHello Roken!                                                    [0m
[01:30] [0m[34;1mPoltergeist shouts:[0m PLAYCULT! 2 more needed![0m
[01:30] [0m[34;1mPoltergeist shouts:[0m PLAYCULT! 1 more needed![0m
[01:52] [0m[34;1mPoltergeist shouts:[0m PLAYCULT! 1 more needed![0m
[02:25] [0m[34;1mSpace shouts:[0m its a gate which kills!!![0m
[02:25] [0m[34;1mKillergate shouts:[0m not it[0m
[02:42] [0m[34;1mKichi shouts:[0m For in death, I serve the Omnissiah[0m
[06:01] [0mUkyo [Jedi(75)]: ok, wow. like seriously, wow. i'm actually burning[0m
[06:01] [0m                 conc/force now like a madman. not sure if it's the lack of[0m
[06:01] [0m                 gear, or . . .[0m
[06:01] [0mHyuga [Jedi(88)]: what are you fighting?[0m
[06:01] [0mHyuga [Jedi(88)]: most c/f usage can be attributed to ri/cm[0m
[06:02] [0mUkyo [Jedi(75)]: not so much cpain?[0m
[06:03] [0mUkyo [Jedi(75)]: in that case, yea, lack of gear.[0m
[06:03] [0mHyuga [Jedi(88)]: i mean somewhat, but not as mucb[0m
[06:03] [0mUkyo [Jedi(75)]: OH! I forgot to reset my reflex when i logged[0m
[06:03] [0mHyuga [Jedi(88)]: nod, so casting ri like crazy?[0m
[06:04] [0mUkyo [Jedi(75)]: probably. most of it is gagged[0m
[06:07] [0mUkyo [Jedi(75)]: yea, it was my ri set to high because i'm not wearing the[0m
[06:07] [0m                 gear with con on it that i had last boot.[0m
[06:21] [0m<- ! The Vigilant ! -> :  A destabilization Kayos event has been detected in[0m
[06:21] [0m                          Deserts of Fantasy!  We are localizing it now -[0m
[06:21] [0m                          get ready![0m
[06:30] [0m[34;1mNauda shouts:[0m Why all the hatred towards necromancers? Can't a guy just[0m
[06:30] [0m              raise a family in peace?[0m
[06:32] [0m[34;1mSpace shouts:[0m wgate 10w2n acid[0m
[06:32] [0m[34;1mUkyo shouts:[0m That seemed a little Forced.[0m
[06:47] [0m[34;1mUkyo shouts:[0m Fish out of water![0m
[08:08] [0mHyuga [Jedi(88)]: whoops[0m
[08:19] [0mSaim [Jedi(Master)]: morning[0m
[08:20] [0mVolagas [Jedi(39)]: Morn.[0m
[08:27] [0mnewb Whoknows [priest/60]: is there an npc or a way to compare a weapon vs a[0m
[08:27] [0m                           guild summoned weapon?[0m
[08:28] [0mnewb Space [necromancer/141]: only way to see would be a vaf perk showwc[0m
[08:28] [0m                              (for guilds which done have weapon scanning)[0m
[08:28] [0m                              but even with that i am unsure if the wc[0m
[08:28] [0m                              numbers showup on showwc[0m
[08:29] [0m[34;1mSpace shouts:[0m #METOO man i just got molested by someone - Someone spanks you[0m
[08:29] [0m              hard on the butt.[0m
[08:29] [0mnewb Hyuga [jedi/133]: it depends on the guild/weapon, are you referring to[0m
[08:29] [0m                       flameblade perhaps?[0m
[08:29] [0mnewb Whoknows [priest/60]: yes[0m
[08:30] [0mnewb Hyuga [jedi/133]: showwc should work for flameblade, and other scans[0m
[08:30] [0m                       like bard scan should work too[0m
[08:31] [0mnewb Hyuga [jedi/133]: bard scan being useful because they don't have to[0m
[08:31] [0m                       hold it[0m
[08:31] [0mnewb Space [necromancer/141]: yeah like this item has blah coin value is[0m
[08:31] [0m                              helpful[0m
[08:32] [0mnewb Hyuga [jedi/133]: my old brain is telling me that flameblade wc is[0m
[08:32] [0m                       affected by glvl or wis or something[0m
[08:32] [0mnewb Space [necromancer/141]: i think by a combo of both[0m
[08:32] [0mnewb Hyuga [jedi/133]: its a decent weapon, nod[0m
[08:33] [0mnewb Whoknows [priest/60]: thanks, don't really care for actual values, just[0m
[08:33] [0m                           wondering if something existed to say compare ssq[0m
[08:33] [0m                           and flameblade and say, so and so is of better[0m
[08:33] [0m                           quality or something to that effect[0m
[08:34] [0mnewb Space [necromancer/141]: being a "blade" i understand it should be[0m
[08:34] [0m                              impacted by glvls cos its a guild summon[0m
[08:34] [0m                              weapon, but wis? or str? lets put it this way,[0m
[08:34] [0m                              is it magical/casting or melee ?[0m
[08:34] [0mnewb Hyuga [jedi/133]: a bard can help you there[0m
[08:34] [0mnewb Hyuga [jedi/133]: you create it with a spell, then its basically just a[0m
[08:34] [0m                       regular sword/item[0m
[08:34] [0mnewb Whoknows [priest/60]: thanks[0m
[08:35] [0mnewb Space [necromancer/141]: i believe if its a regular melee weapon (final[0m
[08:35] [0m                              product) then str should influence it more[0m
[08:35] [0m                              than wis,  no?[0m
[08:35] [0mnewb Hyuga [jedi/133]: i mean that when creating it, it has a higher wc[0m
[08:35] [0m                       based on factors that i forget[0m
[08:36] [0mnewb Space [necromancer/141]: ah i see[0m
[08:36] [0mnewb Hyuga [jedi/133]: i used to know, but that was 15 years ago. assassin[0m
[08:36] [0m                       prolly knows[0m
[08:37] [0mnewb Hyuga [jedi/133]: likely it is both, as you said[0m
[08:37] [0mnewb Space [necromancer/141]: right so at creation glvl+wis, and once its a[0m
[08:37] [0m                              "weapon" the mud str affect for melee, makes[0m
[08:37] [0m                              sense[0m
[08:38] [0mnewb Hyuga [jedi/133]: prolly str and dex actually[0m
[08:38] [0mnewb Hyuga [jedi/133]: i had 5 dex for years. then i raised dex a bunch and[0m
[08:38] [0m                       noticed a big improvement to melee as well as tanking[0m
[10:57] [0m[34;1mNauda shouts:[0m It's just 3.6 Roentgen. Not Great, Not Terrible[0m
[11:03] [0m[34;1mSaim shouts:[0m ouch[0m
[11:18] [0m[34;1mNauda shouts:[0m Ser is one true lemming he is dying more than all others[0m
[11:18] [0m              combined[0m
[11:23] [0m[34;1mNauda shouts:[0m Getting that Vitamin D got a whole new meaning, no more[0m
[11:23] [0m              internet for me today.[0m
[11:24] [0m[34;1mSer shouts:[0m welcome to the internet, is this your first time[0m
[11:24] [0m[34;1mTex shouts:[0m thats blasphemy[0m
[11:39] [0mHyuga [Jedi(88)]: boggle. i havd 2 heavy items and telekinesis won't stay up[0m
[11:46] [0m[34;1mNauda shouts:[0m if 2% is fat in milk, then 98% of the milk is milk?[0m
[11:48] [0m[34;1mHyuga shouts:[0m that can't be right because whole milk has more fat[0m
[11:50] [0m[34;1mAdalius shouts:[0m Whole is ~3% fat, reduced fat is 2%, lowfat is 1%, skim milk[0m
[11:50] [0m                is 0%. Take it from me, I'm a cheesehead.[0m
[11:52] [0m[34;1mNauda shouts:[0m If fat is part of the milk, if you remove it, is it still[0m
[11:52] [0m              milk, ?[0m
[11:52] [0m[34;1mXiu shouts:[0m what if it was never milk to begin with, and we've been lied to[0m
[11:52] [0m            this whole time? *xfiles music*[0m
[11:59] [0m[34;1mNauda shouts:[0m you have unlocked the remaining 97% of the milk[0m
[12:06] [0m[34;1mTex shouts:[0m i gots the moo now go away[0m
[12:08] [0mRoken [Jedi(36)]: is there a maintain for telekinesis?[0m
[12:09] [0mSaim [Jedi(Master)]: no, it shuts off once you no longer need it tho[0m
[12:10] [0mRoken [Jedi(36)]: ok thanks[0m
[12:10] [0mBurnaby [Jedi(46)]: yo![0m
[12:10] [0mHyuga [Jedi(88)]: oy[0m
[12:11] [0mBurnaby [Jedi(46)]: how the h is everyone?[0m
[12:11] [0mRoken [Jedi(36)]: stayin' alive[0m
[12:11] [0mHyuga [Jedi(88)]: been better, been worse[0m
[12:12] [0mSaim [Jedi(Master)]: im ok, if waking up in a pile of your own vomit[0m
[12:12] [0m                     everyday isnt anything to worry about[0m
[12:48] [0mHyuga [Jedi(88)]: moo![0m
[13:45] [0m[34;1mNauda shouts:[0m I don't always walk around my house in socks, but when I do, I[0m
[13:45] [0m              find the only wet spot on the kitchen floor..[0m
[13:55] [0m[34;1mCrolack shouts:[0m better than a wet spot near the toilet[0m
[13:55] [0mSkyblade <Craft>: I don't want to craft ... I want to be a LUMBERJACK!![0m
[13:56] [0mKoth <Craft>: and that's ok[0m
[13:57] [0m[34;1mNightrider shouts:[0m That was the wet Spot[0m
[14:02] [0m[34;1mNik shouts:[0m dont you mess with ol' drippy[0m
[14:32] [0m[34;1mNightrider shouts:[0m Cookies!!!!![0m
[14:39] [0m[34;1mNightrider shouts:[0m 1.2 days till cmc blicks u[0m
[14:45] [0mSkyblade <Craft>: ok, so I need a gem to entrap, do I buy it from the[0m
[14:45] [0m                  enchanter shop? but I can't buy anything, because list[0m
[14:45] [0m                  shows no items... so... how do you start?[0m
[14:45] [0mSquirrel <Craft>: you make it[0m
[14:45] [0mSquirrel <Craft>: then wrangle[0m
[14:45] [0mGaidin <Craft>: You make the gem with enchanting[0m
[14:46] [0m[32;1m <Congratulations!>[0m : Skyblade has become a enchanter![0m
[14:52] [0mMugen [Jedi(Knight)]: if you dont like, i can take your key away[0m
[14:52] [0mMugen [Jedi(Knight)]: wl[0m
[15:03] [0m[34;1mSquirrel shouts:[0m Hyuga says nightrider is his hero[0m
[15:03] [0m[34;1mHyuga shouts:[0m Heroes, roll out![0m
[15:04] [0m[34;1mTex shouts:[0m i could go for a meatball sub you buying[0m
[15:04] [0m[34;1mHyuga shouts:[0m been awhile since i had a good meatball sub :([0m
[15:06] [0m[34;1mZor shouts:[0m that's because your suppost to eat them when You first get them[0m
[15:06] [0m            not put them in the fridge![0m
[16:27] [0mKichi flaps : does anyone know how to get out of the secret of nihm area?[0m
[16:27] [0mInix flaps : It's a secret[0m
[16:36] [0m[34;1mSer shouts:[0m we arrrrrrrrrrre the crystal gems, and we'll always save the[0m
[16:36] [0m            day!  if you think we can't, we'll always find a way!  that's[0m
[16:36] [0m            why the people of this world believe in...[0m
[16:36] [0m[34;1mSer shouts:[0m Garnet, Amethyst, and Pearl and STEVEN![0m
[16:37] [0m[34;1mKichi shouts:[0m wooo[0m
[16:38] [0m[34;1mZor shouts:[0m woo!!!!!!!!!!!!!!!!!!!!!!!!!!!!!!!!!!!![0m
[16:49] [0mSquirrel flaps : hi do you want to buy an extended warranty for a vehicle[0m
[16:49] [0m                 you don't have any more? how many times do I have to say I[0m
[16:49] [0m                 don't have that car anymore (facepalm*[0m
[16:49] [0mNik flaps : just tell em to playcult next time, thatll stop the calls[0m
[17:18] [0m[32;1mFrom afar, Ser pokes you in the ribs.[0m[0m
[17:25] [0m[32mSer tells you:[0m you need to get some mskills bro[0m
[17:40] [0m[34;1mNik shouts:[0m is there a man in that couch?[0m
[17:41] [0m[34;1mZor shouts:[0m His arm & legs are sticking out![0m
[17:42] [0m[34;1mHyuga shouts:[0m well cut them off then[0m
[17:59] [0mScadar flaps : You can't pick up chicks in a tank![0m
[18:25] [0mThom flaps : sure you can, the gas mileage would be terrible though.[0m
[18:44] [0mScaf flaps : Big [REDACTED] Gun[0m
[19:37] [0mArundin says: I bet if you said my name in front of him, he'd run.         [0m
[19:38] [0m[32mArundin says: I can train your skill no further.[0m[0m
[19:38] [0mArundin says: I bet if you said my name in front of him, he'd run.         [0m
[19:39] [0mArundin says: I bet if you said my name in front of him, he'd run.         [0m
[19:39] [0mArundin says: I bet if you said my name in front of him, he'd run.         [0m
[19:39] [0m ******************************************************[0m
[19:39] [0m **               Available Skills                   **[0m
[19:39] [0m ******************************************************[0m
[19:40] [0mArundin says: Wanna buy anything I sto.. er, found?                        [0m
[19:40] [0mArundin says: Wanna buy anything I sto.. er, found?                        [0m
[19:40] [0mArundin says: Wanna buy anything I sto.. er, found?                        [0m
[19:40] [0mArundin says: Shokin is a big pansy.                                       [0m
[19:41] [0mRoken [Jedi(36)]: at some point id like train mskill metaphysical who can[0m
[19:41] [0m                  train all 3 levels?[0m
[19:41] [0m[32mGunman tells you:[0m sec[0m
[19:41] [0mMugen [Jedi(Knight)]: i think i can, free in 2?[0m
[19:41] [0m[32mGunman tells you:[0m at cog[0m
[19:42] [0m[32mYou tell Gunman:[0m at mage shop 1 sec[0m
[19:42] [0m[32;1mFrom afar, Mugen pokes you in the ribs.[0m[0m
[19:42] [0m[32mMugen tells you:[0m at guild[0m
[19:42] [0m[32mYou tell Mugen:[0m gunman might[0m
[19:43] [0m[32;1mFrom afar, you thank Mugen.[0m[0m
[19:44] [0m[32;1mFrom afar, Mugen tips his hat to you.[0m[0m
[19:44] [0m[32mYou tell Gunman:[0m mugen i guess got me set, thanks[0m
[20:01] [0m<- ! The Vigilant ! -> :  A destabilization Kayos event has been detected in[0m
[20:01] [0m                          Northern Hills of Fantasy!  We are localizing it[0m
[20:01] [0m                          now - get ready![0m
[20:05] [0m[34;1mFirebird shouts:[0m RUNNNNNNNNNNNNNNNNNNNNNN[0m
[20:07] [0m[34;1mTex shouts:[0m i cant brun bad hip[0m
[20:08] [0m[34;1mHyuga shouts:[0m can you bwalk at least?[0m
[20:11] [0mFirebird flaps : found it[0m
[20:12] [0mFirebird flaps : ant hole sw sw 3 w 1 n[0m
[20:13] [0mXiu flaps : acid[0m
[20:13] [0m[34;1mFirebird shouts:[0m ant hole sw sw 3 w 1 n ( Acid by Xiu )[0m
[20:19] [0m[34;1mFirebird shouts:[0m Bunkers ( Here, There, OverThere ) ( beacon ( here ) ([0m
[20:19] [0m                 launch pad , in hell)[0m
[20:20] [0m[34;1mXiu shouts:[0m monsters: various places.[0m
[20:21] [0mFirebird [Jedi(35)]: whats the command to make focus drop faster?[0m
[20:21] [0mMugen [Jedi(Knight)]: focus isnt a thing[0m
[20:21] [0mFirebird [Jedi(35)]: na[0m
[20:21] [0mHyuga [Jedi(88)]: focus drop /on[0m
[20:22] [0mSaim [Jedi(Master)]: weed does that[0m
[20:22] [0mSaim [Jedi(Master)]: but i think you mean 'focus dissipate on regen'[0m
[20:22] [0mSaim [Jedi(Master)]: and force[0m
[20:22] [0mMugen [Jedi(Knight)]: or hibernation trance?[0m
[20:22] [0mUkyo [Jedi(75)]: probably force deflection?[0m
[20:22] [0mMugen [Jedi(Knight)]: blue bananas?[0m
[20:23] [0mHyuga [Jedi(88)]: wipeme password[0m
[20:23] [0mMugen [Jedi(Knight)]: ooo RETIRE[0m
[20:23] [0mUkyo [Jedi(75)]: you have to turn that off manually at the end of combat if[0m
[20:23] [0m                 it doesn't turn itself off. something about it being tied[0m
[20:23] [0m                 to cpain.[0m
[20:23] [0mHyuga [Jedi(88)]: transfer 27000000 to hyga[0m
[20:23] [0mFirebird [Jedi(35)]: im broke jedi[0m
[20:23] [0mUkyo [Jedi(75)]: wouldn't it be nice if we actually had that much?[0m
[20:23] [0mMugen [Jedi(Knight)]: when that fails, transfer mugen[0m
[20:23] [0mUkyo [Jedi(75)]: must be nice[0m
[20:24] [0mMugen [Jedi(Knight)]: nah, NR has 27mil coins[0m
[20:24] [0mFirebird [Jedi(35)]: You have 28286450 coins in the bank.[0m
[20:24] [0mMugen [Jedi(Knight)]: what he lacks in the bank he makes up for in vcash[0m
[20:24] [0mMugen [Jedi(Knight)]: speaking of, can we cap vcash at like 2-3mil or[0m
[20:24] [0m                      something?[0m
[20:25] [0mFirebird [Jedi(35)]:  V_Cash:                     2250525[0m
[20:25] [0mMugen [Jedi(Knight)]: some people are 'abusing' boxsell and amassing[0m
[20:25] [0m                      millions[0m
[20:25] [0mFirebird [Jedi(35)]: im not[0m
[20:25] [0mMugen [Jedi(Knight)]: i wont put names out, but someone has 8mil[0m
[20:25] [0mFirebird [Jedi(35)]: i put stuff in the box to sell[0m
[20:25] [0mMugen [Jedi(Knight)]: and doesnt play[0m
[20:25] [0mMugen [Jedi(Knight)]: but never misses a reboot[0m
[20:25] [0mVolagas [Jedi(39)]: Is there a way I can throw vcash away. My fist doesn't[0m
[20:25] [0m                    require repair.[0m
[20:26] [0mHyuga [Jedi(88)]: as long i have ~250k i am good[0m
[20:26] [0mMugen [Jedi(Knight)]: i just want to push for a cap, whatever its set at,[0m
[20:26] [0m                      1mil, 2mil, then if you are at/over that, you no[0m
[20:26] [0m                      longer get a share of the box sells[0m
[20:27] [0mMugen [Jedi(Knight)]: helps spread it out to newer folks and/or folks that[0m
[20:27] [0m                      use it[0m
[20:28] [0mDisruptor [Jedi(31)]: u can always buy a bunch of cells and put them in[0m
[20:28] [0m                      armouery[0m
[20:28] [0mHyuga [Jedi(88)]: i typically spend in a boot what i get divvied at the end[0m
[20:28] [0mVolagas [Jedi(39)]: I guess I'll leave Shimura some day and it'll be[0m
[20:28] [0m                    useful...[0m
[20:28] [0m[34;1mTex shouts:[0m coffe in my cup now mister[0m
[20:29] [0m[34;1mNik shouts:[0m go to bed Tex[0m
[20:29] [0mVolagas [Jedi(39)]: I have a test to do with focus melee combat though. So[0m
[20:29] [0m                    for now I try to avoid vcash.[0m
[20:29] [0m[34;1mFluffy shouts:[0m Beacon (1,5) ... Bunkers (2,3)(2,6)&(5,3) ... Pad (8,6) ...[0m
[20:29] [0m               Nightrider(Old,Stinky)![0m
[21:14] [0m[34;1mSpace shouts:[0m Death Cow disposed. You feel refreshed after your good deed.[0m
[21:14] [0m[34;1mUkyo shouts:[0m Orly?[0m
[21:19] [0m[34;1mSkyblade shouts:[0m where's that event at again? or where's ants?[0m
[21:19] [0m[34;1mNightrider shouts:[0m Ant's underground[0m
[21:19] [0m[34;1mSpace shouts:[0m most NE room of north fantasy is where anthole is[0m
[21:20] [0m[34;1mXiu shouts:[0m or if you're not in a hurry you can just leave some food out[0m
[21:20] [0m            overnight and the ants will find you.[0m
[21:20] [0m[34;1mSkyblade shouts:[0m thanks![0m
[21:21] [0m[34;1mNik shouts:[0m instructions unclear, how do i get pure cane sugar out of ducts?[0m
[21:24] [0mSimonz [Jedi(43)]: doh[0m
[21:25] [0mUkyo [Jedi(75)]: so yea, when commands don't execute properly[0m
[21:32] [0mUkyo [Jedi(75)]: hrm. that's a new one for me.[0m
[21:32] [0mUkyo [Jedi(75)]: never seen the pedes explode in a shower ofsparks.[0m
[21:33] [0mVolagas [Jedi(39)]: Man down, man down![0m
[21:37] [0m[34;1mTex shouts:[0m nik your fired[0m
[21:38] [0m[34;1mSpace shouts:[0m Tex, "you're fired[0m
[21:38] [0m[34;1mScaf shouts:[0m grammar saves lives[0m
[21:39] [0m[34;1mTex shouts:[0m ok fine fires nik via tossing a missile in his general direction[0m
[21:39] [0m[34;1mSpace shouts:[0m your fired, lke, nik your dog, nik your car, so fired is a[0m
[21:39] [0m              property of nik, the way you said it :p[0m
[21:41] [0mHyuga [Jedi(88)]: they do that if you kill them too fast[0m
[21:42] [0m[34;1mSpace shouts:[0m UGH, i cussed myself, thanks 3k, From afar, you look sternly[0m
[21:42] [0m              at Tex and say "You're Fired!", like Donald drumpf.[0m
[21:43] [0m[34;1mTex shouts:[0m i blame space[0m
[21:43] [0m[34;1mSpace shouts:[0m smart choice Tex[0m
[21:44] [0m[34;1mCaboose shouts:[0m those words don't go together in that order![0m
[21:44] [0m[34;1mTex shouts:[0m sometimes they can[0m
[21:44] [0m[34;1mXiu shouts:[0m fault always lies in the same place, maggots; with he who is[0m
[21:44] [0m            weak enough to place blame. - Cort[0m
[21:46] [0m[34;1mCaboose shouts:[0m at least not without the right punctuation... "Who do we use[0m
[21:46] [0m                for food?" "The smart choice: Tex!"[0m
[21:47] [0m[34;1mFluffy shouts:[0m hmm Tex and smart in the same sentence ... i wouldnt have[0m
[21:47] [0m               expected THAT ...[0m
[21:47] [0m[34;1mTex shouts:[0m what do we say to punctuation? not today[0m
[21:48] [0m[34;1mSpace shouts:[0m punctuation = death?!?! gasp![0m
[21:49] [0m[34;1mXiu shouts:[0m a man knows you read this in his voice.[0m
[21:49] [0m[34;1mFluffy shouts:[0m up morphs![0m
[21:49] [0m[34;1mTex shouts:[0m puppymill just say today is a good day to die[0m
[21:49] [0m[34;1mSpace shouts:[0m A girl lacks honor[0m
[22:47] [0m[32mSer tells you:[0m yo[0m
[23:05] [0m[32mSer tells you:[0m finally killing this mob for your headband[0m
[23:05] [0m[32;1mFrom afar, you thank Ser.[0m[0m
[23:05] [0m[32;1mFrom afar, you tell Ser your true feelings.[0m[0m
[23:05] [0m[32mSer tells you:[0m the fucking scaler size for 140 isn't even on the wiki[0m
[23:05] [0m[32mSer tells you:[0m so i'm updating it[0m
[23:05] [0m[32mYou tell Ser:[0m am i tanking rhem hardwr?[0m
[23:06] [0m[32mSer tells you:[0m what[0m
[23:06] [0m[32mYou tell Ser:[0m am i killing better since mskill upgrades?[0m
[23:06] [0m[32mSer tells you:[0m check your 'xp' rate, you were at like 5.6-5.8m/half before[0m
[23:07] [0m[32mYou tell Ser:[0m 5.w[0m
[23:07] [0m[32mSer tells you:[0m you were out of combat for a few minutes, give it ~25 mins[0m
[23:07] [0m        and check agian[0m
[23:07] [0m[32mYou tell Ser:[0m 5.2[0m
[23:07] [0m[32;1mFrom afar, Ser nods to you.[0m[0m
[23:07] [0m[32mSer tells you:[0m see my previous tell[0m
[23:08] [0m[32mYou tell Ser:[0m gn[0m
[23:08] [0m[32mSer tells you:[0m mob at 25%[0m
[23:08] [0m[32;1mFrom afar, Ser waves in your direction.[0m[0m
[23:09] [0m[32mSer tells you:[0m this is a big bitch[0m
[23:25] [0mRoken [Jedi(36)]: whoops wrong scaler[0m
[23:46] [0m[5m[1m[44mYour lightsaber begins to flicker and the handle warms![0m[0m                 [0m
[23:49] [0m[32mCK30 says: [0mHello Roken!                                                    [0m
[23:55] [0mUkyo [Jedi(75)]: can't keep my eyes open long enough to finish the invasion.[0m
[23:55] [0m                 . .[0m
[23:55] [0mUkyo [Jedi(75)]: oyasuminasai[0m
[23:56] [0mUkyo [Light(75)]: i'll be on the light side of the guild where the masters[0m
[23:56] [0m                  come, pretending to be a trainer. (just say skills if you[0m
[23:56] [0m                  don't know what's up.)[0m
