- = LOG STARTED [00:00] = -
[18:35] [33;1m[Clan] Roken wisps into existence.[0m  [0m
[18:52] [0m[34;1mNik shouts:[0m youre not my supervisor![0m
[18:53] [0m[34;1mNauda shouts:[0m Wipe that poop off your face![0m
[18:53] [0mYour transmuter's stone bursts with 6 new colours![0m
[18:57] [0m[33;1m[Clan] Anecdote enters the game.[0m  [0m
[19:01] [0m[37;1m[JEDI]:[0m Alyssa K'tal arrives at the Academy.[0m
[19:03] [0m[34;1mZor shouts:[0m Pat Sajak hasn't been at work It has just been Vanna White on the show[0m
[19:03] [0m[34;1mNightrider shouts:[0m ANd?[0m
[19:04] [0m[34;1mZor shouts:[0m You killed Him[0m
[19:05] [0m[33;1m[Clan] Knox enters the game.[0m  [0m
[19:05] [0m[33;1m[Clan] Ipsie enters the game.[0m  [0m
[19:18] [0m[33;1m[Clan] Roken :[0m bah humbug.. anyone available to help with procuring zelligar's headband?[0m
[19:18] [0m[33;1m[Clan] Ser :[0m i dont even have 1 yet[0m
[19:19] [0m[33;1m[Clan] Roken :[0m getting off work too?[0m
[19:19] [0m[32;1mFrom afar, you go 'Woo Woo!' at Siem.[0m[0m
[19:19] [0m[37;1mZor <.oO>:[0m woo!!!!!!!!!!!!!!!!!!!!![0m
[19:19] [0m[32;1mFrom afar, Siem grins at you.[0m[0m
[19:19] [0m[37;1mPrismal <.oO>:[0m woo indeed[0m
[19:25] [0m[33;1m[Clan] Sock :[0m there i helped[0m
[19:25] [0m[33;1m[Clan] Sock :[0m and nah been home for ~2.5 hrs[0m
[19:26] [0m[33;1m[Clan] Roken :[0m how did you help?[0m
[19:26] [0m[37;1m[JEDI]:[0m Tobias Kel'ach'nar arrives at the Academy.[0m
[19:26] [0m[33;1m[Clan] Sock :[0m i gave you an aura[0m
[19:26] [0m[33;1m[Clan] Sock :[0m you have more ac now[0m
[19:26] [0m[33;1m[Clan] Roken :[0m ah thank you[0m
[19:27] [0m[33;1m[Clan] Roken :[0m fighting 11~m zombies nekkid[0m
[19:27] [0m[33;1m[Clan] Sock :[0m neat-o[0m
[19:27] [0m[33;1m[Clan] Roken :[0m sometimes sp and hp regen get tangled[0m
[19:28] [0m[37;1mRoken <.oO>:[0m woo almost to embiggen t4[0m
[19:29] [0m[35;1mRoken [Jedi(73)]:[0m anyone see heavy industry droid yet?[0m
[19:29] [0m[33;1m[Clan] Sock :[0m thanks i have it maxed and i always forget to use it on sock[0m
[19:30] [0m[33;1m[Clan] Sock :[0m considering how much i play him, i should be able to kill some stuff w/ it running[0m
[19:30] [0m              every time i log in[0m
[19:34] [0m[33;1m[Clan] Sock :[0m on that same thought process i should pick up HA too[0m
[19:49] [0m[33;1m[Clan] Nik :[0m any of yall happen to have og auro shield?[0m
[19:49] [0m[33;1m[Clan] Martyr :[0m me[0m
[19:49] [0m[33;1m[Clan] Sock :[0m that guy[0m
[19:50] [0m[33;1m[Clan] Nik :[0m lemme dupe when you get the chance please[0m
[19:53] [0m[33;1m[Clan] Martyr :[0m ss[0m
[19:54] [0mYour transmuter's stone bursts with 6 new colours![0m
[19:54] [0m[37;1m[JEDI]:[0m Bithoff Jonansaan arrives at the Academy.[0m
[19:55] [0m[33;1m[Clan] Martyr :[0m someone want to hit beloch w me?[0m
[19:56] [0m[33;1m[Clan] Nik :[0m yea, i need some corpses[0m
[19:56] [0m[33;1m[Clan] Sock :[0m sure gimme a sec[0m
[20:01] [0mCaeli flaps : LOL!  I let my dog out earlier and the kids all ran andyelled "El perro blanco de[0m
[20:01] [0m              meurta!" And then when they realized it was my dog and not another one girl got[0m
[20:01] [0m              all the kids and they gave her lots of love.[0m
[20:02] [0mFluffy flaps : fire up the bbq, there is GOOD eating on one of those ;-)[0m
[20:02] [0mCaeli flaps : Heh, they're all muscle. No fat to be seen[0m
[20:02] [0mNauda flaps : mmm, hot dog[0m
[20:03] [0mNik flaps : i prefer cat ty[0m
[20:03] [0mSer flaps : i prefer innocent villager[0m
[20:03] [0mSer flaps : obligatory playcult[0m
[20:03] [0mCaeli flaps : Well, mine may be getting a tad chubby[0m
[20:05] [0m[Auction] Robert : Up for bids: Bag, a pair of doeskin boots (magical) and Weathermay gloves[0m
[20:05] [0m                   (magical).[0m
[20:05] [0m[Auction] Robert : Murdoc has requested 5,000 as the opening offer.[0m
[20:05] [0m[33;1m[Clan] Roken :[0m beloch party happening?[0m
[20:07] [0m[33;1m[Clan] Ser :[0m want me to see if i can tank it?[0m
[20:07] [0m[33;1m[Clan] Roken :[0m sounds like a death trap[0m
[20:07] [0m[33;1m[Clan] Nik :[0m i needs corpses![0m
[20:07] [0m[33;1m[Clan] Nik :[0m so at least get me killed[0m
[20:07] [0m[33;1m[Clan] Ser :[0m i'll see if i can get you one[0m
[20:07] [0m[33;1m[Clan] Roken :[0m mud able too?[0m
[20:08] [0m[33;1m[Clan] Roken :[0m to*[0m
[20:08] [0m[33;1m[Clan] Ser :[0m tank beloch or die?[0m
[20:08] [0m[33;1m[Clan] Roken :[0m tank[0m
[20:08] [0m[33;1m[Clan] Ser :[0m i am doing fine ty[0m
[20:08] [0m[33;1m[Clan] Ser :[0m some control pain would be nice[0m
[20:08] [0m[33;1m[Clan] Roken :[0m omw[0m
[20:08] [0m[33;1m[PARTY][0m Roken joins the party.[0m
[20:08] [0m[33;1m[PARTY][0m Nik joins the party.[0m
[20:08] [0m[33;1m[PARTY][0m Ser: hi[0m
[20:09] [0m[33;1m[PARTY][0m Roken: cpain enabled[0m
[20:09] [0m[33;1m[PARTY][0m Ser: now dodge for me[0m
[20:09] [0m[34;1mFluffy shouts:[0m big letters![0m
[20:09] [0mNauda flaps : ok boomer[0m
[20:09] [0m[33;1m[PARTY][0m Roken: i gotta figure out how to turn it off... i don't wanna die[0m
[20:09] [0m       to force saturation[0m
[20:09] [0m[34;1mNik shouts:[0m boom harder[0m
[20:09] [0m[33;1m[PARTY][0m Ser: lol your sat is at 0[0m
[20:10] [0m[33;1m[PARTY][0m Roken: i keep bobbling my swing[0m
[20:10] [0m[33;1m[PARTY][0m Ser: probably energy immune[0m
[20:10] [0m[33;1m[PARTY][0m Ser: you ever get that damage changer thing?[0m
[20:10] [0m[33;1m[PARTY][0m Roken: no[0m
[20:10] [0m[33;1m[PARTY][0m Ser: oh you probably should so you can switch dtype[0m
[20:11] [0m[33;1m[PARTY][0m Ser: beloch is randomly immune to different damage type[0m
[20:11] [0m[33;1m[PARTY][0m Ser: we need more damage[0m
[20:11] [0mCaeli flaps : An appropriate use of OK Boomer is for those OU fans who think they're going to[0m
[20:11] [0m              beat LSU.[0m
[20:12] [0m[33;1m[PARTY][0m Roken: can i flap invite?[0m
[20:12] [0m[33;1m[PARTY][0m Ser: i sent a tell to some people[0m
[20:12] [0m[33;1m[PARTY][0m Ser: you can tho[0m
[20:12] [0m[33;1m[Clan] Martyr :[0m Ok[0m
[20:12] [0m[33;1m[Clan] Martyr :[0m lets do it[0m
[20:12] [0mRoken flaps : beloch party, all invited[0m
[20:12] [0mTurnhold flaps : you tankin?[0m
[20:12] [0mSer flaps : yah he is[0m
[20:12] [0mRoken flaps : ser is haha[0m
[20:12] [0m[32mSer says:[0m pquit byron[0m
[20:13] [0m[33;1m[PARTY][0m Byron joins the party.[0m
[20:13] [0mTurnhold flaps : clone ~turnhold/items/guildnerfbat.c[0m
[20:13] [0m[33;1m[PARTY][0m Ser: ok damage turned up[0m
[20:13] [0mRoken flaps : i haven't botted hard enough to tank[0m
[20:13] [0mNauda flaps : I hear wizards are good tanks[0m
[20:14] [0m[33;1m[PARTY][0m Roken: wow im still cpaining ser[0m
[20:14] [0m[33;1m[PARTY][0m Roken: zero sat[0m
[20:14] [0m[32mByron says:[0m BELOCH LIFE 2[0m
[20:14] [0m[33;1m[PARTY][0m Ser: i know, byron is tanking now too[0m
[20:14] [0m[33;1m[PARTY][0m Nauda joins the party.[0m
[20:14] [0m[33;1m[PARTY][0m Roken: oh so stop cpaining[0m
[20:15] [0m[33;1m[PARTY][0m Ser: hi[0m
[20:15] [0m[33;1m[PARTY][0m Ser: you can cpain byron[0m
[20:15] [0m[33;1m[PARTY][0m Nauda: har har har[0m
[20:15] [0m[33;1m[PARTY][0m Ser: he's been dying more often[0m
[20:15] [0m[32mFluffy says:[0m hit me[0m
[20:15] [0m[33;1m[PARTY][0m Fluffy joins the party.[0m
[20:15] [0m[32mFluffy says:[0m and kirwan is coming[0m
[20:15] [0m[33;1m[PARTY][0m Ser: i knew i forgot someone[0m
[20:15] [0m[33;1m[PARTY][0m Ser: thnx fluffy[0m
[20:15] [0m[32mByron says:[0m BELOCH LIFE 3[0m
[20:16] [0m[32mByron says:[0m yes[0m
[20:16] [0m[33;1m[PARTY][0m Fluffy: {Pour-Cue-Pine} nah i just got here ...  | Last Kill : The[0m
[20:16] [0m        Queen of Hearts                      Class :  68,108,896 |[0m
[20:16] [0m[33;1m[PARTY][0m Roken: forget fluffy... huh what[0m
[20:16] [0m[33;1m[PARTY][0m Fluffy: {Pour-Cue-Pine} take me fucking AGES solo[0m
[20:16] [0m[33;1m[PARTY][0m Ser: lol[0m
[20:16] [0m[33;1m[PARTY][0m Ser: still can't handle queen solo myself[0m
[20:16] [0m[33;1m[PARTY][0m Ser: maybe w/ cmc[0m
[20:16] [0m[33;1m[PARTY][0m Ser: but eh[0m
[20:16] [0m[33;1m[PARTY][0m Fluffy: {Pour-Cue-Pine} boggle, easier to tank than beloch[0m
[20:16] [0m[32mKirwan says:[0m Rally?[0m
[20:16] [0m[33;1m[PARTY][0m Ser: nah[0m
[20:16] [0m[33;1m[PARTY][0m Kirwan joins the party.[0m
[20:16] [0m[33;1m[PARTY][0m Nauda: queen can solo handle me[0m
[20:16] [0m[33;1m[PARTY][0m Ser: hi[0m
[20:16] [0m[33;1m[PARTY][0m Kirwan: thanks[0m
[20:16] [0m[33;1m[PARTY][0m Roken: hi[0m
[20:17] [0m[33;1m[PARTY][0m Roken: i'll do first refresh[0m
[20:17] [0m[33;1m[PARTY][0m Fluffy: {Pour-Cue-Pine} next![0m
[20:17] [0m[33;1m[PARTY][0m Fluffy: {Pour-Cue-Pine} dont make me bring out the spammy ascii![0m
[20:18] [0m[32mYou tell Ser:[0m did i do it early?[0m
[20:18] [0m[32mByron says:[0m BELOCH LIFE 2[0m
[20:18] [0m[33;1m[PARTY][0m Nauda: where the chunky fluffy at?[0m
[20:18] [0m[32mSer tells you:[0m i usually (refresh room;challenge beloch in one line[0m
[20:19] [0m[32mByron says:[0m BELOCH LIFE 3[0m
[20:20] [0m[33;1m[PARTY][0m Ser: i have 2 freshies too[0m
[20:21] [0m[32mFluffy says:[0m   _   .-')                   ('-.     _  .-')  ,---.[0m
[20:21] [0m[32mFluffy says:[0m  ( '.( OO )_                ( OO ).-.( \( -O ) |   |[0m
[20:21] [0m[32mFluffy says:[0m  ,--.   ,--.).-'),-----.   / . --. / ,------. |   |[0m
[20:21] [0m[32mFluffy says:[0m  |   `.'   |( OO'  .-.  '  | \-.  \  |   /`. '|   |[0m
[20:21] [0m[32mFluffy says:[0m  |         |/   |  | |  |.-'-'  |  | |  /  | ||   |[0m
[20:21] [0m[32mFluffy says:[0m  |  |'.'|  |\_) |  |\|  | \| |_.'  | |  |_.' ||  .'[0m
[20:21] [0m[32mFluffy says:[0m  |  |   |  |  \ |  | |  |  |  .-.  | |  .  '.'`--'[0m
[20:21] [0m[32mFluffy says:[0m  |  |   |  |   `'  '-'  '  |  | |  | |  |\  \ .--.[0m
[20:21] [0m[32mFluffy says:[0m  `--'   `--'     `-----'   `--' `--' `--' '--''--'[0m
[20:21] [0m[33;1m[PARTY][0m Fluffy: {Pour-Cue-Pine} ok who is refreshing next ?[0m
[20:21] [0m[33;1m[PARTY][0m Byron: refresh[0m
[20:21] [0m[33;1m[PARTY][0m Fluffy: {Pour-Cue-Pine} ok i will[0m
[20:21] [0m[33;1m[PARTY][0m Byron: don't talk about it[0m
[20:21] [0m[33;1m[PARTY][0m Roken: btw i want no pot or skin, so just take :)[0m
[20:21] [0m[33;1m[PARTY][0m Byron: be about it[0m
[20:22] [0m[33;1m[PARTY][0m Fluffy: {Pour-Cue-Pine} forgot i had gensis scroll on me too[0m
[20:22] [0m[32mByron tells you:[0m I tossed pot to you, gimme back?[0m
[20:22] [0m[33;1m[PARTY][0m Byron: wtf, those guys should've died in like 1 hit[0m
[20:22] [0m[33;1m[PARTY][0m Fluffy: {Pour-Cue-Pine} you sux[0m
[20:23] [0m[33;1m[PARTY][0m Byron: Umm Fluff you killed someones dog[0m
[20:23] [0m[33;1m[PARTY][0m Fluffy: {Pour-Cue-Pine} yeah i mentionto hit the batch of iditos[0m
[20:23] [0m        :([0m
[20:23] [0m[33;1m[PARTY][0m Byron: leave them to me, heh[0m
[20:23] [0m[33;1m[PARTY][0m Byron: I room-attack[0m
[20:24] [0m[32mByron says:[0m BELOCH LIFE 2[0m
[20:25] [0m[32mByron says:[0m BELOCH LIFE 3[0m
[20:26] [0m[32mYou tell Byron:[0m willing to help with zel headband again?[0m
[20:26] [0m[33;1m[PARTY][0m Fluffy: {Pour-Cue-Pine} ok ill eternal refersh now[0m
[20:27] [0m[33;1m[PARTY][0m Fluffy: {Pour-Cue-Pine} next[0m
[20:27] [0m[32mNauda says:[0m point harder[0m
[20:27] [0m[32mByron tells you:[0m sure[0m
[20:28] [0m[32mByron says:[0m BELOCH LIFE 2[0m
[20:28] [0m[33;1m[PARTY][0m Fluffy: {Pour-Cue-Pine} you are just jealous of my banana slug[0m
[20:28] [0m        form .. penis = 2X length of my body ;-)[0m
[20:28] [0m[32mYou say:[0m But what about poolie!?!?[0m
[20:29] [0m[32mByron says:[0m BELOCH LIFE 3[0m
[20:29] [0m[37;1m[JEDI]:[0m Rhaan arrives at the Academy.[0m
[20:31] [0m[33;1m[PARTY][0m Fluffy: {Pour-Cue-Pine} you want to refresh next kirwan ?[0m
[20:31] [0m[33;1m[PARTY][0m Kirwan: done[0m
[20:32] [0m[33;1m[PARTY][0m Fluffy: {Pour-Cue-Pine} who else has refresh powers/item kicking[0m
[20:32] [0m        around ?[0m
[20:32] [0m[33;1m[PARTY][0m Nauda: not me[0m
[20:32] [0m[33;1m[PARTY][0m Ser: can i refresh next[0m
[20:32] [0m[33;1m[PARTY][0m Fluffy: {Pour-Cue-Pine} nod, you are wee tiny ... like a baby ...[0m
[20:32] [0m[32mByron says:[0m BELOCH LIFE 2[0m
[20:33] [0m[32mByron says:[0m BELOCH LIFE 3[0m
[20:34] [0m[33;1m[PARTY][0m Fluffy: {Pour-Cue-Pine} skin on ground[0m
[20:35] [0m[32mByron says:[0m have at er nik[0m
[20:35] [0m[33;1m[PARTY][0m Fluffy: {Pour-Cue-Pine} hit it, ser[0m
[20:35] [0m[33;1m[PARTY][0m Ser: o i refreshed[0m
[20:35] [0m[33;1m[PARTY][0m Kitt joins the party.[0m
[20:35] [0mKitt flaps : ok my bad[0m
[20:35] [0m[33;1m[PARTY][0m Fluffy: {Pour-Cue-Pine} kitt is killing necro i see[0m
[20:35] [0m[33;1m[PARTY][0m Kirwan: I need to bug out after this one.  dinner's on[0m
[20:36] [0m[33;1m[PARTY][0m Kitt: ya my bd sorry[0m
[20:36] [0m[32mByron says:[0m BELOCH LIFE 2[0m
[20:37] [0m[32mByron says:[0m BELOCH LIFE 3[0m
[20:38] [0m[33;1m[PARTY][0m Kirwan: thanks all[0m
[20:38] [0m[32mSer says:[0m gimme you shithead[0m
[20:38] [0m[33;1m[PARTY][0m Kirwan has quit the party.[0m
[20:38] [0m[32mFluffy says:[0m   _   .-')                   ('-.     _  .-')  ,---.[0m
[20:38] [0m[32mFluffy says:[0m  ( '.( OO )_                ( OO ).-.( \( -O ) |   |[0m
[20:38] [0m[32mFluffy says:[0m  ,--.   ,--.).-'),-----.   / . --. / ,------. |   |[0m
[20:38] [0m[32mFluffy says:[0m  |   `.'   |( OO'  .-.  '  | \-.  \  |   /`. '|   |[0m
[20:38] [0m[32mFluffy says:[0m  |         |/   |  | |  |.-'-'  |  | |  /  | ||   |[0m
[20:38] [0m[32mFluffy says:[0m  |  |'.'|  |\_) |  |\|  | \| |_.'  | |  |_.' ||  .'[0m
[20:38] [0m[32mFluffy says:[0m  |  |   |  |  \ |  | |  |  |  .-.  | |  .  '.'`--'[0m
[20:38] [0m[32mFluffy says:[0m  |  |   |  |   `'  '-'  '  |  | |  | |  |\  \ .--.[0m
[20:38] [0m[32mFluffy says:[0m  `--'   `--'     `-----'   `--' `--' `--' '--''--'[0m
[20:39] [0m[33;1m[PARTY][0m Nauda: more, I haven't died enough[0m
[20:39] [0m[33;1m[PARTY][0m Fluffy: {Pour-Cue-Pine} wehre is kitt, he will help[0m
[20:39] [0m[33;1m[PARTY][0m Kitt: im here[0m
[20:40] [0m[33;1m[PARTY][0m Roken: byron tanking or ser. I see ser initiated[0m
[20:40] [0m[33;1m[PARTY][0m Byron: I am[0m
[20:41] [0m[33;1m[PARTY][0m Fluffy: {Pour-Cue-Pine} i think byron defended/tanking[0m
[20:41] [0m[32mByron says:[0m BELOCH LIFE 2[0m
[20:41] [0m[33;1m[PARTY][0m Roken: wish this party could last all day[0m
[20:43] [0m[32mByron says:[0m BELOCH LIFE 3[0m
[20:43] [0mNauda flaps : Good Ser, got spams, ask him for some[0m
[20:43] [0mSer flaps : hehe[0m
[20:44] [0m[33;1m[PARTY][0m Ser: spam initiated[0m
[20:44] [0m[33;1m[PARTY][0m Ser: i will now tickle beloch to death[0m
[20:44] [0m[33;1m[PARTY][0m Fluffy: {Pour-Cue-Pine} wtf are you, tickle me elmo ... do some[0m
[20:44] [0m        damage![0m
[20:44] [0m[33;1m[PARTY][0m Fluffy: {Pour-Cue-Pine} next[0m
[20:44] [0m[33;1m[PARTY][0m Ser: byron can i get my potion[0m
[20:45] [0m[33;1m[PARTY][0m Kitt: no[0m
[20:45] [0m[33;1m[PARTY][0m Ser: that'd be cool thnx[0m
[20:45] [0m[33;1m[PARTY][0m Fluffy: {Pour-Cue-Pine} he pees in them btw[0m
[20:45] [0m[33;1m[PARTY][0m Ser: next[0m
[20:45] [0m[33;1m[PARTY][0m Ser: u resetting byron?[0m
[20:45] [0m[33;1m[PARTY][0m Byron: nope[0m
[20:45] [0m[33;1m[PARTY][0m Nik: i did[0m
[20:45] [0m[33;1m[PARTY][0m Nauda: maim[0m
[20:46] [0m[33;1m[PARTY][0m Fluffy: {Pour-Cue-Pine} immuned to blunt[0m
[20:46] [0m[33;1m[PARTY][0m Nauda: said no one ever[0m
[20:46] [0m[33;1m[PARTY][0m Fluffy: {Pour-Cue-Pine} hmm natural +2, fortitude +2 and wtf ...[0m
[20:46] [0m        so-so roh[0m
[20:46] [0m[32mByron says:[0m BELOCH LIFE 2[0m
[20:47] [0m[32mYou say:[0m MIISSSTERRR PIIIICKLESSS[0m
[20:48] [0m[32mByron says:[0m BELOCH LIFE 3[0m
[20:48] [0m[33;1m[PARTY][0m Byron: oooo i love natural roh[0m
[20:48] [0m[33;1m[PARTY][0m Fluffy: {Pour-Cue-Pine} poison/acid boost both damage and tanking,[0m
[20:48] [0m        nod[0m
[20:49] [0m[33;1m[PARTY][0m Fluffy: {Pour-Cue-Pine} i shoiuld juice it up, with my earlier[0m
[20:49] [0m        fuckup in rep shop[0m
[20:50] [0m[33;1m[PARTY][0m Byron: mas?[0m
[20:50] [0m[33;1m[PARTY][0m Byron: pot is on you nik[0m
[20:50] [0m[33;1m[PARTY][0m Byron: think thats it[0m
[20:50] [0m[33;1m[PARTY][0m Nauda: not all titties are real, not all promises are kept[0m
[20:50] [0m[33;1m[PARTY][0m Fluffy: {Pour-Cue-Pine} ok kids, play safe[0m
[20:50] [0m[33;1m[PARTY][0m Fluffy has quit the party.[0m
[20:51] [0m[33;1m[PARTY][0m Roken has quit the party.[0m
[20:51] [0m[32mYou say:[0m thanks all[0m
[20:51] [0mRoken flaps : thanks all[0m
[20:53] [0m[32mYou tell Byron:[0m zel?[0m
[20:54] [0m[33;1m[Clan] Nix :[0m cmc wasnt .. cant .. be duped right?[0m
[20:54] [0mYour transmuter's stone bursts with 2 new colours![0m
[20:57] [0m[33;1m[Clan] Roken :[0m rhetorical?[0m
[20:57] [0m[33;1m[Clan] Nix :[0m somewhat i can't remember if they screwed us and made it non-taggable[0m
[20:58] [0m[33;1m[Clan] Byron :[0m cmc can be duped[0m
[20:58] [0m[33;1m[Clan] Roken :[0m can it be tagged tho? the boon tag[0m
[20:58] [0m[32mByron tells you:[0m Yeah, we can do zell. killing QOH[0m
[20:59] [0m[34;1mFluffy shouts:[0m stabby![0m
[20:59] [0m[32;1mFrom afar, you nod to Byron.[0m[0m
[20:59] [0mByron flaps : get over here nik[0m
[20:59] [0mByron flaps : I can stab you for real now[0m
[20:59] [0mFluffy flaps : laf zombie beat you to it[0m
[20:59] [0m[32mYou tell Byron:[0m transmutation run[0m
[20:59] [0m[34;1mHyuga shouts:[0m in soviet transylvania, zombie stabs you![0m
[20:59] [0m[34;1mAdalius shouts:[0m Just to be clear, you'll need to hide those in your prison purse so you can[0m
[20:59] [0m                shank Turnhold later.[0m
[20:59] [0m[32;1mFrom afar, Byron nods to you.[0m[0m
[21:05] [0m[37;1m[JEDI]:[0m Talia Ska arrives at the Academy.[0m
[21:10] [0m[33;1m[Clan] Roken :[0m could I possibly kill scaler 130 zelligar with embiggen?[0m
[21:11] [0m[33;1m[Clan] Byron :[0m you want to try?[0m
[21:11] [0m[33;1m[Clan] Byron :[0m and if not I'll kill it for you[0m
[21:11] [0m[33;1m[Clan] Byron :[0m 131 is max?[0m
[21:11] [0m[33;1m[Clan] Roken :[0m if not... i'll wait til tomorrow when dungeon resets[0m
[21:11] [0m[33;1m[Clan] Byron :[0m or 130?[0m
[21:11] [0m[33;1m[Clan] Byron :[0m I can kill it for you ez[0m
[21:12] [0m[33;1m[Clan] Roken :[0m 130 is minimal for best headband[0m
[21:13] [0m[33;1m[Clan] Byron :[0m damnit, 3 queens w 1 ring in a row[0m
[21:13] [0m[33;1m[Clan] Roken :[0m eh i'll give it a go, live and learn[0m
[21:13] [0m[33;1m[Clan] Byron :[0m there we go[0m
[21:14] [0m[33;1m[Clan] Roken :[0m is ser exaggerating? Would a 40m zelligar hit like a 120m?[0m
[21:17] [0m[33;1m[Clan] Byron :[0m 40m zelligar does hit like a fucking truck - but maybe you'll live[0m
[21:17] [0m[33;1m[Clan] Byron :[0m death is cheap, find out[0m
[21:17] [0m[33;1m[Clan] Byron :[0m If you can't kill it, I'll pop in your dungeon[0m
[21:20] [0m[33;1m[Clan] Roken :[0m which room do I get a key for west wing?[0m
[21:20] [0m[33;1m[Clan] Roken :[0m is it the prisoner?[0m
[21:20] [0m[33;1m[Clan] Byron :[0m Yep[0m
[21:20] [0m[33;1m[Clan] Roken :[0m oh haha i got a stabby wizard dagger too[0m
[21:20] [0m[33;1m[Clan] Byron :[0m stab nik[0m
[21:21] [0m[33;1m[Clan] Roken :[0m is gloves needed?[0m
[21:23] [0m[33;1m[Clan] Byron :[0m yep[0m
[21:23] [0m[33;1m[Clan] Byron :[0m you gotta reach your hand in acid[0m
[21:23] [0m[33;1m[Clan] Byron :[0m to get the key[0m
[21:23] [0m[33;1m[Clan] Byron :[0m so wear em[0m
[21:24] [0m[33;1m[Clan] Byron :[0m or burn your paws[0m
[21:24] [0m[33;1m[Clan] Roken :[0m hmm danger is my middle name[0m
[21:24] [0m[33;1m[Clan] Roken :[0m nay[0m
[21:24] [0m[33;1m[Clan] Byron :[0m Not if this is your first time going max scaler :P[0m
[21:25] [0m[33;1m[Clan] Byron :[0m woo, 2 rings finally[0m
[21:25] [0m[33;1m[Clan] Roken :[0m oo  stat nerf if burned[0m
[21:25] [0m[33;1m[Clan] Byron :[0m how bad?[0m
[21:25] [0m[33;1m[Clan] Roken :[0m no i didn't do it. just your implication[0m
[21:26] [0m[33;1m[Clan] Byron :[0m I have nfi what happens w/o gloves.  I could try[0m
[21:28] [0m[33;1m[Clan] Byron :[0m nik, need a corpse?[0m
[21:29] [0m[33;1m[Clan] Byron :[0m for that freaky arm thing[0m
[21:36] [0m[34;1mWhoknows shouts:[0m that aint a knife[0m
[21:36] [0m[34;1mKitt shouts:[0m What a full of Croc[0m
[21:37] [0m[37;1m[JEDI]:[0m Herah Wylann arrives at the Academy.[0m
[21:39] [0mKitt flaps : so you crazy peeps[0m
[21:39] [0mKitt flaps : who is down to kill paul2[0m
[21:42] [0mFluffy flaps : i need to follow byron around and plast up first ;-)[0m
[21:48] [0m[33;1m[Clan] Byron :[0m how'd you make out Roken?[0m
[21:48] [0m[33;1m[Clan] Roken :[0m botting[0m
[21:48] [0m[33;1m[Clan] Roken :[0m got gloves.. i think i'll skip de do da to zel now[0m
[21:54] [0mYour transmuter's stone bursts with 4 new colours![0m
[21:56] [0m[33;1m[Clan] Martyr :[0m ack[0m
[21:56] [0m[33;1m[Clan] Martyr :[0m he fuck your day up?[0m
[21:57] [0m[33;1m[Clan] Roken :[0m 6% dmg, dodge then blick[0m
[21:57] [0m[33;1m[Clan] Martyr :[0m heh[0m
[21:57] [0m[33;1m[Clan] Martyr :[0m i can tank[0m
[21:58] [0m[33;1m[Clan] Byron :[0m meet at entrance[0m
[21:58] [0m[33;1m[Clan] Roken :[0m there[0m
[21:58] [0m[32mByron says:[0m rally[0m
[21:58] [0m[33;1m[PARTY][0m Lost our leader![0m
[21:58] [0m[33;1m[PARTY][0m New leader for the party: roken.[0m
[21:58] [0m[33;1m[PARTY][0m Byron joins the party.[0m
[21:58] [0m[33;1m[PARTY][0m Byron: I'm at zelli[0m
[21:59] [0m[33;1m[PARTY][0m Byron: Oh, 1 corpse on me[0m
[21:59] [0m[33;1m[PARTY][0m Byron: thats a problem, you have corpses?[0m
[21:59] [0m[33;1m[PARTY][0m Roken: isn't my corpse there[0m
[21:59] [0m[33;1m[PARTY][0m Byron: ya[0m
[21:59] [0m[33;1m[PARTY][0m Byron: I used it[0m
[21:59] [0m[33;1m[PARTY][0m Byron: I need more[0m
[21:59] [0m[33;1m[PARTY][0m Byron: you have any or should I buy them[0m
[21:59] [0m[33;1m[PARTY][0m Roken: don't have any[0m
[22:00] [0mZelligar says: They are coming for me! I know it!                          [0m
[22:00] [0mZelligar says: They are coming for me! I know it!                          [0m
[22:00] [0mZelligar says: The Mage Wars have given magic a bad name!                  [0m
[22:00] [0m[33;1m[PARTY][0m Byron: sec then[0m
[22:03] [0m[33;1m[PARTY][0m Byron: you don't use/build a coffin?[0m
[22:03] [0m[33;1m[PARTY][0m Byron: what do you do w/ corpses?[0m
[22:03] [0m[33;1m[PARTY][0m Roken: no, i absorb[0m
[22:03] [0m[33;1m[PARTY][0m Byron: nod[0m
[22:03] [0m[33;1m[PARTY][0m Byron: that deferred use thing[0m
[22:03] [0m[33;1m[PARTY][0m Byron: right?[0m
[22:03] [0m[33;1m[PARTY][0m Roken: ya, i dissipate for dmg[0m
[22:04] [0m[33;1m[PARTY][0m Byron: oh fuck my dmg is off[0m
[22:04] [0m[33;1m[PARTY][0m Byron: laf[0m
[22:04] [0m[33;1m[PARTY][0m Byron: here we go[0m
[22:05] [0m[33;1m[PARTY][0m Roken: dissipating and embiggen, doing dmg[0m
[22:06] [0m[33;1m[PARTY][0m Roken: wish i could absorb more hits... force deflection needs to[0m
[22:06] [0m       be stronger which is a separate grind for xp[0m
[22:07] [0m[33;1m[PARTY][0m Byron: Fight stuff that hits many times per round[0m
[22:07] [0m[33;1m[PARTY][0m Byron: I think is how you trai it[0m
[22:07] [0m[33;1m[PARTY][0m Byron: (faster)[0m
[22:07] [0m[37;1m[JEDI]:[0m Wennic Ber'ni'lok arrives at the Academy.[0m
[22:07] [0m[33;1m[PARTY][0m Roken: ya zelligar's castle is perfect, and chess[0m
[22:08] [0m[33;1m[PARTY][0m Byron has quit the party.[0m
[22:08] [0m[33;1m[PARTY][0m Roken has quit the party.[0m
[22:22] [0m[35;1mLicklick [Jedi(48)]:[0m no i hate this[0m
[22:22] [0m[35;1mLicklick [Jedi(48)]:[0m worst time ever[0m
[22:22] [0m[35;1mLicklick [Jedi(48)]:[0m no vcash[0m
[22:23] [0m[35;1mLicklick [Jedi(48)]:[0m i will be homeless for a while i have no coins for cells[0m
[22:28] [0m[35;1mLicklick [Jedi(48)]:[0m im so confused how im doing fine then i suddenly lose all my health[0m
[22:29] [0m[35;1mHyuga [Jedi(95)]:[0m zombies do that[0m
[22:30] [0m[35;1mLicklick [Jedi(48)]:[0m the debt doesnt effect me as much anymore which is nice[0m
[22:39] [0m[37;1m[JEDI]:[0m Janath Meelin arrives at the Academy.[0m
[22:54] [0mVagrant flaps : im a monster like kitt and fluffy[0m
[22:54] [0mFluffy flaps : he is[0m
[22:55] [0mYour transmuter's stone bursts with 4 new colours![0m
[22:58] [0mVagrant flaps : fluffy is an ant form[0m
[22:59] [0mFluffy flaps : that is al ... he is perma-locked in it for some odd reason[0m
[23:03] [0mSock flaps : maybe he's just trying to level it up[0m
[23:07] [0m[37;1m[JEDI]:[0m Herah Wylann arrives at the Academy.[0m
[23:07] [0m[35;1mLicklick [Jedi(48)]:[0m i rememher when i could kill a 100k in 15 rounds now its twice that[0m
[23:08] [0m[35;1mHyuga [Jedi(95)]:[0m i kill them in 3[0m
[23:09] [0m[35;1mLicklick [Jedi(48)]:[0m your also twice my glvl[0m
[23:09] [0m[35;1mHyuga [Jedi(95)]:[0m just saying[0m
[23:09] [0m[35;1mLicklick [Jedi(48)]:[0m and waaaaaayy richer[0m
[23:10] [0m[35;1mShadearth [Jedi(33)]:[0m rich doesnt = dmg output tho[0m
[23:11] [0m[35;1mLicklick [Jedi(48)]:[0m im just saying he has supplies like money and vcash to fix his stuff and[0m
[23:11] [0m                     buy him stuff[0m
[23:11] [0m[35;1mLicklick [Jedi(48)]:[0m very useful[0m
[23:11] [0m[35;1mHyuga [Jedi(95)]:[0m i am living the good life on 3k[0m
[23:12] [0m[35;1mHyuga [Jedi(95)]:[0m i have a house, and millions in the bank, and no wife and kids to worry about[0m
[23:12] [0m[35;1mAdalius [Jedi(WGM)]:[0m you realize you can dump money from your bank into vcash right?[0m
[23:12] [0m[35;1mGraey [Jedi(24)]:[0m livin large, champagne wishes and caviar dreams[0m
[23:12] [0mInfectious flaps : I'm a monster as well[0m
[23:13] [0m[35;1mFreak [Jedi(21)]:[0m you can dump money into vcash?[0m
[23:13] [0m[35;1mLicklick [Jedi(48)]:[0m adalius i still have like 0 money and the hyuga loan dont count[0m
[23:13] [0m[35;1mAdalius [Jedi(WGM)]:[0m 98% sure you can. Should be a place in the guild.[0m
[23:13] [0m[35;1mFreak [Jedi(21)]:[0m What do you spend money on, licklick?[0m
[23:13] [0m[35;1mGraey [Jedi(24)]:[0m gtransfers are usually at a guild's ATM but don't hate me if i'm wrong[0m
[23:13] [0m[35;1mShadearth [Jedi(33)]:[0m go run some smurfs, get like 40k per run[0m
[23:14] [0m[35;1mAdalius [Jedi(WGM)]:[0m if we dont I'll have to add one, because thats like... bad.[0m
[23:14] [0m[35;1mHyuga [Jedi(95)]:[0m licklick has a midget fetish[0m
[23:14] [0m[35;1mAdalius [Jedi(WGM)]:[0m In the meantime, let me help you out with your cash.[0m
[23:14] [0m[35;1mAdalius [Jedi(WGM)]:[0m oops, wrong button[0m
[23:14] [0m[35;1mHyuga [Jedi(95)]:[0m its expenaive[0m
[23:14] [0m[34;1mInfectious shouts:[0m money money meon!Y[0m
[23:15] [0m[34;1mHyuga shouts:[0m take some more, i am encumbered![0m
[23:15] [0m[34;1mShenanigans shouts:[0m jerk[0m
[23:15] [0m[34;1mFluffy shouts:[0m ok you got your coins ... where is my happy ending ?[0m
[23:15] [0m[34;1mHyuga shouts:[0m that was icotax[0m
[23:16] [0m[35;1mLicklick [Jedi(48)]:[0m could you add a free money machine?[0m
[23:17] [0m[35;1mShadearth [Jedi(33)]:[0m so how did i end up with vcash anyways? i dont remember putting money in[0m
[23:17] [0m[35;1mGraey [Jedi(24)]:[0m the guild box autosell probably[0m
[23:17] [0m[35;1mFreak [Jedi(21)]:[0m It's divvied by the worth of the guild box.[0m
[23:21] [0m<- ! The Vigilant ! -> :  A destabilization Kayos event has been detected in Deserts of Fantasy![0m
[23:21] [0m                          We are localizing it now - get ready![0m
[23:22] [0m[34;1mKitt shouts:[0m event EVENT EvEnt  event EVENT EvEnt event EVENT EvEnt event EVENT EvEnt event[0m
[23:22] [0m             EVENT EvEnt event EVENT EvEnt event EVENT EvEnt event EVENT EvEnt event EVENT EvEnt[0m
[23:22] [0m             event EVENT EvEnt event EVENT EvEnt event EVENT EvEnt[0m
[23:22] [0m[34;1mVagrant shouts:[0m psshh all lies not sure why you goes do whateve ryou guys talking about![0m
[23:22] [0mVagrant flaps : part of me really wants to play fremen right now![0m
[23:22] [0mQuanchi flaps : lol[0m
[23:22] [0mQuanchi flaps : Aren't they like... disappeared?[0m
[23:23] [0mVagrant flaps : aye, few players login perosdically[0m
[23:23] [0mQuanchi flaps : Or was there a big leap with the help of our Wiz?[0m
[23:23] [0mHyuga flaps : i was just about to log mine in heh[0m
[23:23] [0mQuanchi flaps : I will jump into frey if you go newb fremen with me vag[0m
[23:23] [0mSock flaps : spice is addictive[0m
[23:24] [0mQuanchi flaps : just to mix and match[0m
[23:24] [0mQuanchi flaps : hehe[0m
[23:24] [0mQuanchi flaps : All they do is smoke w.... sorry eat spice[0m
[23:24] [0mQuanchi flaps : or was that snort spice.... not sure...[0m
[23:25] [0mHyuga flaps : nah its all about the tea bruh[0m
[23:26] [0mQuanchi flaps : Hehe they out the spice in the tea and then snort the tea?[0m
[23:26] [0mNik flaps : no no no, its all about filling a walk-in bod with vapors[0m
[23:26] [0mHyuga flaps : drink 1 tea every 5 mins... keeps withdrawal symptoms at bay[0m
[23:26] [0mQuanchi flaps : ow spiced tea is a good solution[0m
[23:26] [0mFluffy flaps : the spice must flow![0m
[23:26] [0mQuanchi flaps : gonna go to the nearest crackhouse and teach them that trick![0m
[23:26] [0m[34;1mSpace shouts:[0m UG Necs![0m
[23:27] [0m[34;1mVagrant shouts:[0m UG UG UG ! ![0m
[23:28] [0m[34;1mHyuga shouts:[0m Yeah, UG Necks! They are too short! Make em longer![0m
[23:30] [0m[34;1mGraey shouts:[0m this being 3K they'll probably just DG legs, arms and torsos to make necks seem[0m
[23:30] [0m              longer[0m
[23:31] [0m[34;1mHyuga shouts:[0m no, no, no, that is all wrong![0m
[23:34] [0m[37;1m[JEDI]:[0m Kerran Halcyon arrives at the Academy.[0m
[23:35] [0mVagrant flaps : weathermay gloves on floor at george for those in need[0m
[23:47] [0m[33;1m[Clan] Byron :[0m i keep losing heartbeat[0m
[23:48] [0m[33;1m[Clan] Ser :[0m are you fighting stacks?[0m
[23:48] [0m[33;1m[Clan] Byron :[0m fucking cubes[0m
[23:48] [0m[33;1m[Clan] Byron :[0m Yeah, but I have no choice[0m
[23:48] [0m[33;1m[Clan] Byron :[0m cubes make me lose it[0m
[23:48] [0m[33;1m[Clan] Ser :[0m want a hand?[0m
[23:48] [0m[33;1m[Clan] Byron :[0m If you want[0m
[23:48] [0m[33;1m[Clan] Byron :[0m in the double cube room below[0m
[23:48] [0m[33;1m[Clan] Ser :[0m where at[0m
[23:49] [0m[33;1m[Clan] Byron :[0m yeah, fucking heartbeat[0m
[23:51] [0m[33;1m[Clan] Byron :[0m fuse[0m
[23:51] [0m[33;1m[Clan] Ser :[0m whoops[0m
[23:52] [0m[33;1m[Clan] Byron :[0m if you fill that thing, it hits it for like 200k[0m
[23:52] [0m[33;1m[Clan] Ser :[0m ok[0m
[23:52] [0m[33;1m[Clan] Byron :[0m fuse 1,000 ~ 1 *[0m
[23:52] [0m[33;1m[Clan] Byron :[0m So, like 20k hps[0m
[23:55] [0mYour transmuter's stone bursts with 2 new colours![0m
