- = LOG STARTED [00:00] = -
[00:02] [0m[33;1m[Clan] Martyr :[0m If I get a double echelon this level I'll get my order...cmon[0m
[00:03] [0m[33;1m[Clan] Martyr :[0m <10 mins til echelon[0m
[00:04] [0m[33;1m[Clan] Martyr :[0m Each order is +5% dmg/defense[0m
[00:05] [0m[33;1m[Clan] Byron :[0m woo[0m
[00:05] [0m[33;1m[Clan] Byron :[0m i do[0m
[00:05] [0m[33;1m[Clan] Ser :[0m ok making platemail[0m
[00:06] [0m[33;1m[Clan] Byron :[0m woo[0m
[00:06] [0m[33;1m[Clan] Byron :[0m i'll be smart after this[0m
[00:06] [0m[37;1m[JEDI]:[0m Janath Meelin arrives at the Academy.[0m
[00:07] [0m[33;1m[Clan] Ser :[0m +36 int[0m
[00:07] [0m[33;1m[Clan] Byron :[0m woo[0m
[00:07] [0m[33;1m[Clan] Ser :[0m not shabby[0m
[00:07] [0m[33;1m[Clan] Ser :[0m should be anyways[0m
[00:07] [0m[33;1m[Clan] Byron :[0m when I get another piece, I'll have +54[0m
[00:07] [0m[33;1m[Clan] Ser :[0m i got +2 blacksmith from that[0m
[00:07] [0m[33;1m[Clan] Ser :[0m 45 e/b, 25 everything else[0m
[00:08] [0m[33;1m[Clan] Ser :[0m i could probably enhance it, but they need to reset[0m
[00:08] [0m[33;1m[Clan] Ser :[0m want me to?[0m
[00:08] [0m[33;1m[Clan] Byron :[0m sure[0m
[00:08] [0m[33;1m[Clan] Sock :[0m k[0m
[00:09] [0m[33;1m[Clan] Sock :[0m a good 20 mins to reset[0m
[00:09] [0m[33;1m[Clan] Byron :[0m ok[0m
[00:10] [0m[33;1m[Clan] Byron :[0m no rush[0m
[00:10] [0m[33;1m[Clan] Sock :[0m i could try and change platemail to bplate and make greaves[0m
[00:10] [0m[33;1m[Clan] Byron :[0m why not[0m
[00:10] [0m[33;1m[Clan] Sock :[0m then you have bplate/greaves and a total of 3 gems[0m
[00:11] [0m[33;1m[Clan] Sock :[0m alright, i will change it then enhance, so either way waiting for reset[0m
[00:11] [0m[33;1m[Clan] Sock :[0m i need more reforges too :P[0m
[00:11] [0m[33;1m[Clan] Byron :[0m Ok, come to beloch while you wait[0m
[00:11] [0m[33;1m[Clan] Byron :[0m If we're both waiting[0m
[00:11] [0m[33;1m[Clan] Sock :[0m ok brt[0m
[00:11] [0m[33;1m[Clan] Sock :[0m i need 3 pots total[0m
[00:12] [0m[33;1m[Clan] Sock :[0m beloch pulled[0m
[00:12] [0m[33;1m[Clan] Byron :[0m brt[0m
[00:12] [0m[33;1m[Clan] Sock :[0m wonder if i can tank him[0m
[00:12] [0m[33;1m[Clan] Sock :[0m i only have 2400 hp[0m
[00:12] [0m[33;1m[Clan] Byron :[0m give it a whirl[0m
[00:15] [0m[33;1m[Clan] Byron :[0m can you maintain?[0m
[00:18] [0m[32;1mFrom afar, Sock pokes you in the ribs.[0m[0m
[00:18] [0m[33;1m[Clan] Byron :[0m So, it ends up the same as it was before?[0m
[00:18] [0m[33;1m[Clan] Byron :[0m wl[0m
[00:26] [0m[33;1m[Clan] Byron :[0m hmm[0m
[00:31] [0m[34;1mNauda shouts:[0m Kitt is my Sun and stars.[0m
[00:31] [0m[34;1mKitt shouts:[0m i shine[0m
[00:31] [0m[34;1mStasis shouts:[0m the stallion that um mounted the world...?[0m
[00:31] [0m[34;1mVagrant shouts:[0m Kitt is my dad[0m
[00:33] [0m[34;1mHooligan shouts:[0m kitt is my karr[0m
[00:33] [0m[33;1m[Clan] Byron :[0m dope[0m
[00:33] [0m[34;1mKitt shouts:[0m I back it up *Beep Beep*[0m
[00:34] [0m[37;1m[JEDI]:[0m Durnoth arrives at the Academy.[0m
[00:37] [0mByron flaps : now seeking...someone to make this beloch's hps go the other way[0m
[00:37] [0mSock flaps : this[0m
[00:37] [0mKitt flaps : haha[0m
[00:38] [0mKitt flaps : i gotta touchy touchy first[0m
[00:56] [0m[33;1m[Clan] Ser :[0m lol i loaded a different power and i can do like 4 or 5 powers/round now instead of[0m
[00:56] [0m             a max of 2[0m
[00:56] [0m[33;1m[Clan] Byron :[0m woo?[0m
[01:04] [0m[37;1m[JEDI]:[0m Reena Bel Noir arrives at the Academy.[0m
[01:08] [0mNauda flaps : bring in the big booty femots[0m
[01:10] [0m[33;1m[Clan] Archimedes leaves the game.[0m  [0m
[01:17] [0m[33;1m[Clan] Ser :[0m you gonna do refreshes on martyr?[0m
[01:17] [0m[33;1m[Clan] Byron :[0m no. i dont want everyone knowing thats me[0m
[01:17] [0m[33;1m[Clan] Ser :[0m laf[0m
[01:28] [0m[33;1m[Clan] Byron :[0m couldnt make it a bplate?[0m
[01:28] [0m[33;1m[Clan] Byron :[0m o you could[0m
[01:28] [0m[33;1m[Clan] Byron :[0m getting some sleep[0m
[01:28] [0m[33;1m[Clan] Byron :[0m night[0m
[01:37] [0m[37;1m[JEDI]:[0m Rhaan arrives at the Academy.[0m
[07:38] [0m[33;1m[Clan] Phenom :[0m i'm australian living in london, it's too cold for me here![0m
[07:38] [0m[33;1m[Clan] Ser :[0m yeah that's one of the reasons i moved back[0m
[07:39] [0m[33;1m[Clan] Ser :[0m well, next time you come to the US plan a few days in GA[0m
[07:39] [0m[33;1m[Clan] Ser :[0m i don't have my own place (yet)[0m
[07:39] [0m[33;1m[Clan] Phenom :[0m although my hometown hit 41C today[0m
[07:39] [0m[33;1m[Clan] Phenom :[0m nearly 106F[0m
[07:39] [0m[33;1m[Clan] Phenom :[0m screw that shit too[0m
[07:39] [0m[33;1m[Clan] Ser :[0m ohhhhhhhhhhh yah poor Australia[0m
[07:39] [0m[33;1m[Clan] Ser :[0m ATL sometimes gets to the 100's[0m
[07:39] [0m[33;1m[Clan] Phenom :[0m australia is burning[0m
[07:39] [0m[33;1m[Clan] Ser :[0m ik[0m
[07:39] [0m[33;1m[Clan] Ser :[0m like, the whole state[0m
[07:40] [0m[33;1m[Clan] Ser :[0m literally on fire[0m
[07:40] [0m[33;1m[Clan] Phenom :[0m is atl nice to live in? i've never been to that part of the US at all[0m
[07:40] [0m[33;1m[Clan] Phenom :[0m closest i've been is perhaps new orleans, or west virginia (yeehaw)[0m
[07:41] [0m[33;1m[Clan] Ser :[0m yeah it's great[0m
[07:41] [0m[33;1m[Clan] Ser :[0m people are fucking nice as hell[0m
[07:41] [0m[33;1m[Clan] Ser :[0m for the most part[0m
[07:41] [0m[33;1m[Clan] Phenom :[0m i like that about the US, as a general rule, people are nice[0m
[07:41] [0m[33;1m[Clan] Phenom :[0m not the same here in europe :P[0m
[07:45] [0m[33;1m[Clan] Ser :[0m really?[0m
[07:46] [0m[33;1m[Clan] Phenom :[0m i find the default status in europe is to hate anyone until proven otherwise[0m
[07:46] [0m[33;1m[Clan] Phenom :[0m probably more dramatic than it is, but its definitely not as friendly[0m
[07:46] [0m[33;1m[Clan] Phenom :[0m although the uk gets friendlier the further you go from london[0m
[07:46] [0mYour transmuter's stone bursts with 4 new colours![0m
[07:46] [0m[33;1m[Clan] Ser :[0m holy shit, just realized i haven't been using a major defensive power[0m
[07:47] [0m[33;1m[Clan] Ser :[0m had it commented out in my scripts[0m
[07:47] [0m[33;1m[Clan] Phenom :[0m and now you're invincible![0m
[07:47] [0m[33;1m[Clan] Ser :[0m lol[0m
[07:47] [0m[33;1m[Clan] Ser :[0m i popped embiggen too[0m
[07:47] [0m[33;1m[Clan] Phenom :[0m super invincibility![0m
[07:47] [0m[33;1m[Clan] Ser :[0m been running Paul 2.0 w/o guac[0m
[07:48] [0m[33;1m[Clan] Ser :[0m just embiggen...  gonna test w/o embiggen now[0m
[07:48] [0m[33;1m[Clan] Phenom :[0m wanna kill ned for me whislt you're there? :)[0m
[07:48] [0m[33;1m[Clan] Ser :[0m oh running event quick[0m
[07:48] [0m[33;1m[Clan] Ser :[0m then i'll kill w/e you want me to[0m
[07:48] [0m[33;1m[Clan] Phenom :[0m whee[0m
[07:48] [0m[33;1m[Clan] Phenom :[0m what's the damage type for event? I need to start doing that[0m
[07:48] [0m[33;1m[Clan] Phenom :[0m ps you're smelly ipsie[0m
[07:48] [0m[33;1m[Clan] Ser :[0m slashing i think[0m
[07:49] [0m[32;1mFrom afar, Ser waves in your direction.[0m[0m
[07:49] [0m[33;1m[Clan] Phenom :[0m ooo[0m
[07:49] [0m[33;1m[Clan] Phenom :[0m where is it?[0m
[07:49] [0m[32;1mFrom afar, Ser waves in your direction.[0m[0m
[07:49] [0m[33;1m[Clan] Ser :[0m i found it n out of wayhaven[0m
[07:49] [0m[33;1m[Clan] Phenom :[0m cool[0m
[07:49] [0m[33;1m[Clan] Phenom :[0m thanks![0m
[07:49] [0m[33;1m[Clan] Ser :[0m near before where the road turns[0m
[07:49] [0m[37;1m[JEDI]:[0m Durnoth arrives at the Academy.[0m
[07:50] [0m[33;1m[Clan] Ser :[0m like, not by the portal :P[0m
[07:50] [0m[33;1m[Clan] Ipsie :[0m hes gonna get lost forever[0m
[07:51] [0m[33;1m[Clan] Phenom :[0m EVERRRR[0m
[07:51] [0m[33;1m[Clan] Phenom :[0m i have to clear zells first[0m
[08:09] [0m[33;1m[Clan] Ser :[0m i'm ~1/2 done w/ event already[0m
[08:09] [0m[33;1m[Clan] Ser :[0m shouldve scaled higher[0m
[08:09] [0m[33;1m[Clan] Ser :[0m ah well[0m
[08:16] [0m[32mFlaxen tells you:[0m I like smoking turkey                                       [0m
[08:16] [0m[34;1mSomeone shouts:[0m gobble gobble[0m
[08:16] [0m[34;1mHavox shouts:[0m hmmmmmmm ok[0m
[08:16] [0m[34;1mBart shouts:[0m dont we all[0m
[08:16] [0m[34;1mFlaxen shouts:[0m heyo[0m
[08:16] [0m[34;1mFlaxen shouts:[0m choking chickens and smokin turkeys[0m
[08:17] [0m[34;1mLeianne shouts:[0m Our wizs are weird.. Just like one of them like to drink brake fluid[0m
[08:17] [0m[34;1mMetaljaz shouts:[0m gibblets[0m
[08:17] [0m[34;1mVagrant shouts:[0m my face smells irl[0m
[08:18] [0m[37;1m[JEDI]:[0m Ylenic It'kla arrives at the Academy.[0m
[08:19] [0m[34;1mVagrant shouts:[0m like really smells[0m
[08:21] [0m[34;1mBlubber shouts:[0m Clean your nose[0m
[08:32] [0m[34;1mVagrant shouts:[0m done![0m
[08:35] [0m[34;1m  ****   ******    **      *    [0m
[08:35] [0;1;34m **  **      **    **    ** **  [0m
[08:35] [0;1;34m     **     **     **    *  **  [0m
[08:35] [0;1;34m  *****    **      **      **   [0m
[08:35] [0;1;34m     **   **              **    [0m
[08:35] [0;1;34m **  **  **        **           [0m
[08:35] [0;1;34m  ****   **        **     **    [0m
[08:35] [0m[34;1mSer shouts:[0m what[0m
[08:36] [0m[34;1mMalarkey shouts:[0m ?[0m
[08:36] [0m[34;1mCaboose shouts:[0m no, 42![0m
[08:36] [0m[34;1mSomeone shouts:[0m In a row?[0m
[08:36] [0m[34;1mSomeone shouts:[0m At the same time ?[0m
[08:37] [0m[34;1mSomeone shouts:[0m quiet you[0m
[08:38] [0m[34;1mCaboose shouts:[0m consecutively, but with 20 min breaks every so often for 'reloading'[0m
[08:38] [0m[34;1mJiwa shouts:[0m why shout when you can flapchat[0m
[08:40] [0m[34;1mFlaxen shouts:[0m what is chatting through a flap[0m
[08:41] [0mSer flaps : flapchat[0m
[08:42] [0mFlaxen flaps : I can't hear you through all the flaps[0m
[08:42] [0m[34;1mCaboose shouts:[0m if you're at someone's flap, chatting is probably the LAST thing on their[0m
[08:42] [0m                mind...[0m
[08:43] [0m[37;1m[JEDI]:[0m Kerran Halcyon arrives at the Academy.[0m
[09:12] [0m[37;1m[JEDI]:[0m Tobias Kel'ach'nar arrives at the Academy.[0m
[09:24] [0m[33;1m[Clan] Saim :[0m belochs[0m
[09:24] [0m[33;1m[Clan] Phenom :[0m oooh[0m
[09:24] [0m[33;1m[Clan] Phenom :[0m can i come mooch?[0m
[09:24] [0m[33;1m[Clan] Saim :[0m if we find a tank sure[0m
[09:24] [0m[33;1m[Clan] Phenom :[0m ohh that detail[0m
[09:25] [0m[33;1m[Clan] Phenom :[0m can cyborgs ever tank beloch?[0m
[09:25] [0m[33;1m[Clan] Saim :[0m i bet they can, they are pretty bs[0m
[09:25] [0m[33;1m[Clan] Phenom :[0m maybe lorr can[0m
[09:41] [0m[34;1mNightrider shouts:[0m back 5 mins[0m
[09:43] [0m[37;1m[JEDI]:[0m Reena Bel Noir arrives at the Academy.[0m
[09:48] [0m[33;1m[Clan] Martyr :[0m there was a brief period borgs tanking was broken and they were pretty[0m
[09:48] [0m                invincible[0m
[09:49] [0m[33;1m[Clan] Saim :[0m hop byron so we can kill some belochs??[0m
[09:49] [0m[33;1m[Clan] Martyr :[0m raest could nap in late day SC2[0m
[09:49] [0m[33;1m[Clan] Martyr :[0m If you get a bunch of dmg.  I did like 20 of them last night and dont want to[0m
[09:49] [0m                spend much more time there[0m
[09:50] [0m[33;1m[Clan] Saim :[0m to get dmg we need a tank[0m
[09:51] [0m[33;1m[Clan] Saim :[0m basically if you miss the first day's party for whatever, no one really helps[0m
[09:51] [0m              anymore[0m
[09:51] [0m[35;1mBurnaby [Jedi(65)]:[0m yo![0m
[09:51] [0m[35;1mSimonz [Jedi(Knight)]:[0m oh hi![0m
[09:52] [0m[33;1m[Clan] Saim :[0m hanvt done paul 2 in many boots[0m
[09:52] [0m[35;1mBlubber [Jedi(39)]:[0m ./wave[0m
[09:52] [0m[33;1m[Clan] Martyr :[0m i flapped looking for belich dmg. the whole mud showed uo[0m
[09:52] [0m[33;1m[Clan] Martyr :[0m its easy[0m
[09:53] [0m[33;1m[Clan] Phenom :[0m it's refresh room i need to reset beloch etc right?[0m
[09:53] [0m[33;1m[Clan] Saim :[0m yea but im not gonna do the whole, if we get dmg i might be able to get byron's[0m
[09:53] [0m              attention and he said he'll hop to his tank[0m
[09:53] [0m[33;1m[Clan] Saim :[0m i know how that goes...[0m
[09:54] [0m[33;1m[Clan] Ser :[0m hey[0m
[09:54] [0m[33;1m[Clan] Ser :[0m @martyr[0m
[09:54] [0m[33;1m[Clan] Saim :[0m yea phenom[0m
[09:54] [0m[33;1m[Clan] Ser :[0m i ahve your greaves done[0m
[09:54] [0m[33;1m[Clan] Phenom :[0m thanks saim[0m
[09:57] [0m[33;1m[Clan] Martyr :[0m woo[0m
[09:57] [0m[33;1m[Clan] Martyr :[0m Are you able to do major wis gems?[0m
[09:57] [0m[33;1m[Clan] Martyr :[0m or still need a lvl[0m
[09:58] [0m[33;1m[Clan] Martyr :[0m ill pop over to byron for greaves and ill go to beloch[0m
[09:58] [0m[33;1m[Clan] Martyr :[0m go pull him[0m
[09:58] [0m[33;1m[Clan] Martyr :[0m be like 2 mins[0m
[09:58] [0m[33;1m[Clan] Ser :[0m no i can do em[0m
[09:59] [0m[33;1m[Clan] Saim :[0m finishinng this mob and i will head over[0m
[09:59] [0m[33;1m[Clan] Ser :[0m just need hearts[0m
[09:59] [0m[33;1m[Clan] Ser :[0m alright same, guess i'll come help[0m
[10:00] [0m[33;1m[Clan] Martyr :[0m ok, ill look up the hearts and see what I can wrangle[0m
[10:00] [0m[33;1m[Clan] Martyr :[0m (gather)[0m
[10:01] [0m[33;1m[Clan] Byron :[0m at beloch[0m
[10:01] [0m[33;1m[Clan] Byron :[0m nobody else is[0m
[10:01] [0m[33;1m[Clan] Saim :[0m takes forver to get out of this area, ppl are coming[0m
[10:07] [0m[34;1mZor shouts:[0m woo!!!!!!!!!!!!!!!!!!!!!!!!!!!!!!!!!!!!!!!!!!!!!!!!!!!![0m
[10:07] [0m[34;1mBlubber shouts:[0m Reminds me of a song, din din din dun din[0m
[10:07] [0m[34;1mBurnaby shouts:[0m That's amazing![0m
[11:26] [0m[32;1mFrom afar, Simonz bows before you.[0m[0m
[11:26] [0m[32;1mFrom afar, you bow to Simonz.[0m[0m
[11:27] [0m[32mYou think to Simonz . o O ([0m [36;1m just on to mine.. break is over in a[0m
[11:27] [0;1;36m           few [0m [32m)[0m[0m
[11:28] [0m[32;1mFrom afar, Simonz nogs at you.[0m[0m
[11:28] [0m[32mYou think to Simonz . o O ([0m [36;1m 81 transmute this morning [0m [32m)[0m[0m
[11:29] [0m[32;1mFrom afar, Simonz goes 'Woo Woo!' at you.[0m[0m
[11:30] [0m[32mSimonz tells you:[0m how are your stats now?[0m
[11:41] [0mYour transmuter's stone bursts with 3 new colours![0m
[11:42] [0m[37;1m[JEDI]:[0m Alyssa K'tal arrives at the Academy.[0m
[12:05] [0m[37;1m[JEDI]:[0m Durnoth arrives at the Academy.[0m
[12:06] [0m[33;1m[Clan] Ser :[0m The flaming blade burns deeply into A Water Elemental, scorching flesh and bone![0m
[12:14] [0m[34;1mBlubber shouts:[0m NOOOOOO![0m
[12:14] [0m[34;1mInix shouts:[0m neat[0m
[12:16] [0m[33;1m[Clan] Ser :[0m The gleaming ice blade strikes true, freezing A Burning Yule Log Elemental's blood![0m
[12:16] [0m[33;1m[Clan] Phenom :[0m bully[0m
[12:16] [0m[33;1m[Clan] Ser :[0m i don't understand how a burning log has blood[0m
[12:16] [0m[33;1m[Clan] Ser :[0m also these are rolm emotes, if you guys don't like spoilers i'll keep it down[0m
[12:17] [0m[33;1m[Clan] Saim :[0m is there a xmas event going on?[0m
[12:17] [0m[33;1m[Clan] Phenom :[0m i was wondering that[0m
[12:17] [0m[33;1m[Clan] Ser :[0m no doing stuff for conglom[0m
[12:17] [0m[33;1m[Clan] Ser :[0m lol[0m
[12:18] [0m[33;1m[Clan] Saim :[0m oh i think some areas have xmas theme around this time[0m
[12:18] [0m[33;1m[Clan] Byron :[0m Nod[0m
[12:18] [0m[33;1m[Clan] Byron :[0m the elementals change to xmas theme mobs[0m
[12:18] [0m[33;1m[Clan] Phenom :[0m what has the camisole in simpsons?[0m
[12:18] [0m[33;1m[Clan] Byron :[0m that slutty actres[0m
[12:18] [0m[33;1m[Clan] Byron :[0m she'll do anything to get a part[0m
[12:18] [0m[33;1m[Clan] Byron :[0m ANYTHING[0m
[12:18] [0m[33;1m[Clan] Phenom :[0m love a good slutty actress[0m
[12:19] [0m[33;1m[Clan] Phenom :[0m speaking of a slutty actress, hi ipsie![0m
[12:19] [0m[33;1m[Clan] Byron :[0m where da fuck you go ser[0m
[12:19] [0m[33;1m[Clan] Ser :[0m i dunno[0m
[12:19] [0m[33;1m[Clan] Byron :[0m im in elements[0m
[12:19] [0m[33;1m[Clan] Byron :[0m lets get conglom[0m
[12:20] [0m[33;1m[Clan] Phenom :[0m he's hiding in the chamber of elements, with you![0m
[12:26] [0m[37;1mNauda <.oO>:[0m does beloch change immunities mid-fight[0m
[12:26] [0m[37;1mTony <.oO>:[0m no[0m
[12:33] [0mNauda flaps : Mental his for 7 covfefe[0m
[12:33] [0mNauda flaps : Mental hits for 7 covfefe[0m
[12:34] [0m[34;1mBlubber shouts:[0m That's a staggering amount of covfefe[0m
[12:36] [0m[37;1m[JEDI]:[0m Herah Wylann arrives at the Academy.[0m
[12:38] [0mNauda flaps : I'm peach Kitt[0m
[12:40] [0mNauda flaps : Seven guilds downgrading, is the same as ever other upgrading[0m
[12:44] [0m[34;1mOreo shouts:[0m shhhh cant you see im idle here[0m
[12:51] [0m[35;1mAristodemus [Jedi(31)]:[0m hate fixing computers with windows on them :([0m
[12:51] [0m[35;1mBlubber [Jedi(39)]:[0m You don't have to[0m
[12:51] [0m[35;1mBlubber [Jedi(39)]:[0m Windows just works.[0m
[12:51] [0m[35;1mAristodemus [Jedi(31)]:[0m but what should I do when the boss asks me to[0m
[12:51] [0m[35;1mBlubber [Jedi(39)]:[0m As long as you don't use it[0m
[12:51] [0m[35;1mBlubber [Jedi(39)]:[0m Just reinstall the whole pc. fast fix[0m
[12:52] [0m[35;1mAristodemus [Jedi(31)]:[0m well frankly if u update it and clean it every month or so it will work[0m
[12:52] [0m                        fine[0m
[12:52] [0m[35;1mAristodemus [Jedi(31)]:[0m but usually people who use windows don't so that sort of thing[0m
[12:53] [0m[35;1mAristodemus [Jedi(31)]:[0m they see the update icon and immediately close it[0m
[12:53] [0m[35;1mAristodemus [Jedi(31)]:[0m bah speed down let's cancel this cure for microsoft cancer[0m
[12:53] [0m[35;1mBlubber [Jedi(39)]:[0m Well cancer doesn't require microsoft. The moment another OS takes[0m
[12:53] [0m                    prevelance this shit will just happen to it.[0m
[12:54] [0m[35;1mBlubber [Jedi(39)]:[0m That's the whole beauty of it. We'll have the same shit, different flavour.[0m
[12:54] [0m[35;1mBlubber [Jedi(39)]:[0m Imagine fixing someone's linux box.[0m
[12:54] [0m[35;1mAristodemus [Jedi(31)]:[0m I suggested ubuntu or mint[0m
[12:55] [0m[35;1mAristodemus [Jedi(31)]:[0m like the second I saw the laptop[0m
[12:55] [0m[35;1mBlubber [Jedi(39)]:[0m I like how mint looks.[0m
[12:55] [0m[35;1mBlubber [Jedi(39)]:[0m Very minimal[0m
[12:55] [0m[35;1mAristodemus [Jedi(31)]:[0m what is there to fix in a linux box??[0m
[12:55] [0m[35;1mBlubber [Jedi(39)]:[0m Nothing yet.[0m
[12:55] [0m[35;1mAristodemus [Jedi(31)]:[0m unless the user intentionally sudo rm all[0m
[12:55] [0m[35;1mBlubber [Jedi(39)]:[0m Except maybe a driver conflict[0m
[12:56] [0m[35;1mAristodemus [Jedi(31)]:[0m But these are really tiny fixes[0m
[12:56] [0m[35;1mBlubber [Jedi(39)]:[0m <3 dissipate[0m
[12:56] [0m[35;1mAristodemus [Jedi(31)]:[0m hehe[0m
[12:56] [0m[35;1mBlubber [Jedi(39)]:[0m Saves my ass more than anything.[0m
[12:56] [0m[35;1mBlubber [Jedi(39)]:[0m Got it reflex set up to run at below 70% health[0m
[12:58] [0m[35;1mBurnaby [Jedi(65)]:[0m next level: set it up to diss on attacks of 50 rounds if mob > 50% and[0m
[12:58] [0m                    player >= 95% health[0m
[12:59] [0m[35;1mBlubber [Jedi(39)]:[0m You'd have to know that mob will last[0m
[12:59] [0m[35;1mBlubber [Jedi(39)]:[0m So first check damage vs health[0m
[12:59] [0m[35;1mBlubber [Jedi(39)]:[0m Then guage from there.[0m
[12:59] [0m[35;1mBurnaby [Jedi(65)]:[0m if you've fought 50 rounds and its still above 50 you got time[0m
[12:59] [0m[35;1mBlubber [Jedi(39)]:[0m Also factor in nrg[0m
[13:00] [0m[35;1mBurnaby [Jedi(65)]:[0m never diss below 500 energy[0m
[13:00] [0m[35;1mBlubber [Jedi(39)]:[0m So die :)[0m
[13:00] [0m[35;1mBurnaby [Jedi(65)]:[0m unless shield[0m
[13:00] [0m[35;1mBlubber [Jedi(39)]:[0m nog[0m
[13:00] [0m[35;1mBlubber [Jedi(39)]:[0m Truly dissipate is the guild's guild power[0m
[13:00] [0mCrolack flaps : Anyone watch epi 7 of The Mandalorian yet?[0m
[13:00] [0m[34;1mBlubber shouts:[0m If I say yes do I get dested?[0m
[13:01] [0mBlubber flaps : Why am I shouting[0m
[13:03] [0m[35;1mAristodemus [Jedi(31)]:[0m It feels that when I dissipated on max level it gave me +1 to that skill[0m
[13:03] [0m[35;1mAristodemus [Jedi(31)]:[0m so it's pretty significant[0m
[13:04] [0m[35;1mBurnaby [Jedi(65)]:[0m focus dissipate energy on accelerated healing FTW![0m
[13:06] [0m[35;1mBlubber [Jedi(39)]:[0m Lies[0m
[13:06] [0m[35;1mBlubber [Jedi(39)]:[0m If AH worked in combat we'd be OP[0m
[13:08] [0m[35;1mBlubber [Jedi(39)]:[0m We need force choke[0m
[13:08] [0m[35;1mBlubber [Jedi(39)]:[0m Get our kink on[0m
[13:09] [0m[32mAmazon tells you:[0m Adalius's birthday is in 13 days.[0m
[13:09] [0m[35;1mAristodemus [Jedi(31)]:[0m 13 days?[0m
[13:10] [0m[35;1mAristodemus [Jedi(31)]:[0m how young are you boss?[0m
[13:10] [0m[35;1mAdalius [Jedi(WGM)]:[0m 37 on new years day[0m
[13:10] [0m[35;1mAristodemus [Jedi(31)]:[0m wooo[0m
[13:10] [0m[35;1mAristodemus [Jedi(31)]:[0m really??[0m
[13:10] [0m[35;1mChaed [Jedi(AGM)]:[0m young'un[0m
[13:10] [0m[34;1mNauda shouts:[0m Need to send Adalius's mom some gifts without her, we couldn't have him[0m
[13:10] [0m[35;1mAristodemus [Jedi(31)]:[0m like on 1.1.20?[0m
[13:11] [0m[35;1mBurnaby [Jedi(65)]:[0m no the other one[0m
[13:11] [0mAdalius flaps : So, funny story. Managers at my company got everyone to chip in to buy me a[0m
[13:11] [0m                Christmas present. It arrived, they put it in the fridge, it sat there for 2[0m
[13:11] [0m                weeks, they took it out, put ribbon and a bow on it since they were going to[0m
[13:11] [0m                give it to me today. This morning, one of the managers sees one of the employees[0m
[13:11] [0m                walking around wearing the hat that was in the present.[0m
[13:11] [0m[35;1mAdalius [Jedi(WGM)]:[0m yep[0m
[13:11] [0mAdalius flaps : Goes and opens the box to check, sure as shit 2 items are missing.[0m
[13:11] [0mSer flaps : that's outstanding[0m
[13:11] [0mAdalius flaps : Plus the hat.[0m
[13:11] [0mInago flaps : Nice.[0m
[13:11] [0mFrank flaps : fucking employees[0m
[13:11] [0mAristodemus flaps : looool[0m
[13:11] [0mAdalius flaps : They are *PISSSSSSED* and I'm laughing my butt off.[0m
[13:11] [0mXiu flaps : sticky fingers[0m
[13:12] [0mFrank flaps : oops this isn't high wiz line[0m
[13:12] [0mAristodemus flaps : That's actually funny[0m
[13:12] [0mKitt flaps : guess who getting a pink slip this xmas[0m
[13:12] [0mNauda flaps : put a hat in the frigde, mmm, genius[0m
[13:12] [0mAristodemus flaps : I would shout and yell and do crazy hand movements then pause and laugh my[0m
[13:12] [0m                    socks off[0m
[13:12] [0mNauda flaps : some would even call it a hat trick[0m
[13:13] [0m[37;1m[JEDI]:[0m Ylenic It'kla arrives at the Academy.[0m
[13:14] [0mInago flaps : Anything in the fridge is free for all. That's how someone else keeps eating my[0m
[13:14] [0m              tuna sndwiches, ISN'T IT, KAREN!!! THAT'S RIGHT! I HAVE VIDEO OF YOU NOW!![0m
[13:14] [0mFlagg flaps : so they stored a hat in the fridge?[0m
[13:14] [0mSer flaps : they wanted to make sure it didn't go bad[0m
[13:14] [0mAdalius flaps : "How can you be laughing?!"  Because how stupid do you have to be to take[0m
[13:14] [0m                something that you know is a gift, has someone elses name on it, has a ribbon,[0m
[13:14] [0m                has a bow, AND YOU GOT A LETTER SAYING HEY WE ARE DOING THIS, CHIP IN FOR IT.[0m
[13:14] [0mCrolack flaps : heh[0m
[13:15] [0mAdalius flaps : And the hat was from the butcher shop the gifts came from, so it was in the box[0m
[13:15] [0m                with the meats/cheeses/jerkies, thats why it was in the fridge :P[0m
[13:15] [0mNiccolina flaps : They just wanted their $2 worth back[0m
[13:16] [0mYik flaps : are we sure they chipped in?[0m
[13:16] [0mNauda flaps : people have right to be stupid, but many abuse this privilege[0m
[13:17] [0mXiu flaps : maybe they thought they were the kid at the bottom of the well in Goonies. "i'm[0m
[13:17] [0m            taking them all back, because my wish didn't come true!"[0m
[13:17] [0mCrolack flaps : Adalius got meat for Xmas.[0m
[13:18] [0mNauda flaps : or they needed a hat more than Adalius[0m
[13:18] [0mYik flaps : free hat![0m
[13:19] [0mXiu flaps : or maybe in effort to keep the secret somebody told them to "keep it under your hat"[0m
[13:19] [0m            and they were like "i don't have a hat! what do i do now?!"[0m
[13:19] [0mCrolack flaps : https://www.thehat.com/[0m
[13:29] [0mKitt flaps : remember to never leave stuff in the fridge at adaluis work.  it will.will.go[0m
[13:29] [0m             missing[0m
[13:29] [0mNauda flaps : it will grow legs and start walking[0m
[13:29] [0mFrank flaps : leaving something in any work fridge will pretty much guarantee that[0m
[13:29] [0mVoodoo flaps : tis truth! I left my pants in there once[0m
[13:31] [0m[33;1m[Clan] Phenom :[0m byron old chum, wanna come hit ned down? ser is stuck with me as damage[0m
[13:33] [0mKitt flaps : pants MIA[0m
[13:33] [0mNauda flaps : these pants are made for walking[0m
[18:47] [0m[37;1m[JEDI]:[0m Bithoff Jonansaan arrives at the Academy.[0m
[18:57] [0m[35;1mLicklick [Jedi(48)]:[0m sense or alter?[0m
[18:58] [0m[35;1mPol [Jedi(Knight)]:[0m sense[0m
[19:03] [0m[32mYou tell Simonz:[0m stats? str 52 dex 225 wis 200 int 55 con 184[0m
[19:04] [0m[32mYou tell Simonz:[0m AT'ed skills? conc/force, cpain, dissi, dodge, gfs, htrance, lfs, lsc, med,[0m
[19:04] [0m        rinjury, rpoison[0m
[19:04] [0m[32mYou tell Simonz:[0m have a couple in animal affinity and maxed ls alteration[0m
[19:05] [0m[32mYou tell Simonz:[0m so 2-3 glvls to max another AT, 3 if fdef is close to fdef 10[0m
[19:06] [0m[32mYou tell Simonz:[0m sense/ctrl/alt 26/26/22[0m
[19:12] [0mInix flaps : Hrmm, I'm feeling a little fuzzy in the head, think I have a tumor?[0m
[19:13] [0mWhoknows flaps : get that peach off your head[0m
[19:13] [0mInix flaps : *drinks another beer while searching webmd for these inexplicable symptoms*[0m
[19:13] [0mNauda flaps : you mean that little pimple on your neck?[0m
[19:20] [0mYour transmuter's stone bursts with 6 new colours![0m
[19:24] [0m[37;1m[JEDI]:[0m Alyssa K'tal arrives at the Academy.[0m
[19:29] [0m[34;1mKenny shouts:[0m reeeeeeeeee[0m
[19:43] [0m[35;1mFreak [Jedi(24)]:[0m Sup, guys?![0m
[19:48] [0m[34;1mFreak shouts:[0m Merry Christmas. https://youtu.be/XbYc3SS10NQ (9+ hours of a man screaming the[0m
[19:48] [0m              entire New Testament)[0m
[19:50] [0m[34;1mNauda shouts:[0m and here I was hoping for good ol' Rick roll[0m
[19:50] [0mCaeli flaps : OK, some dude just offered to sell me an inspection sticker and registration[0m
[19:50] [0m              tag......[0m
[19:51] [0m[37;1m[JEDI]:[0m Ylenic It'kla arrives at the Academy.[0m
[19:51] [0mXiu flaps : was he working out of a windowless van with "free puppies inside" written on the[0m
[19:51] [0m            back?[0m
[19:51] [0m[34;1mFreak shouts:[0m nevah gonna give! nevah gonna give! nevah gonna give![0m
[19:52] [0m[34;1mNauda shouts:[0m That's mental![0m
[19:52] [0m[34;1mTony shouts:[0m that's so mental!![0m
[19:52] [0m[34;1mMental shouts:[0m Eternally Mental, for damn.[0m
[19:53] [0m[33;1m[Clan] Roken :[0m probs time to work on plvl[0m
[19:53] [0m[32mYou tell Simonz:[0m wowow I'm proccing 91% on scaler 140 zelligar's castle. . . w/embiggen[0m
[20:20] [0m[37;1m[JEDI]:[0m Kerran Halcyon arrives at the Academy.[0m
[20:21] [0mYour transmuter's stone bursts with 5 new colours![0m
[20:31] [0m[32;1mFrom afar, Simonz thinks you're freaking BS.  Downgrade you.[0m[0m
[20:44] [0m[37;1m[JEDI]:[0m Rhaan arrives at the Academy.[0m
[20:53] [0mKitt flaps : i wonder if the bubble will burst[0m
[20:54] [0mJeraud flaps : All bubbles burst, just a question of how much pressure it takes.[0m
[20:55] [0mNauda flaps : what if our universe is a bubble?[0m
[20:56] [0mJeraud flaps : “There is a theory which states that if ever anyone discovers exactly what the[0m
[20:56] [0m               Universe is for and why it is here, it will instantly disappear and be replaced[0m
[20:56] [0m               by something even more bizarre and inexplicable. There is another theory which[0m
[20:56] [0m               states that this has already happened.” --Douglas Adams.[0m
[21:13] [0m[34;1mOreo shouts:[0m i smell something fishy there[0m
[21:21] [0mYour transmuter's stone bursts with 4 new colours![0m
[21:21] [0m[37;1m[JEDI]:[0m Reena Bel Noir arrives at the Academy.[0m
[21:27] [0m[35;1mAristodemus [Jedi(31)]:[0m meow ish[0m
[21:29] [0m[35;1mFreak [Jedi(25)]:[0m is there an info file about droids?[0m
[21:29] [0m[35;1mAristodemus [Jedi(31)]:[0m yes[0m
[21:29] [0m[35;1mChaed [Jedi(AGM)]:[0m info droids[0m
[21:29] [0m[35;1mAristodemus [Jedi(31)]:[0m what exactly are you searching for?[0m
[21:29] [0m[35;1mAristodemus [Jedi(31)]:[0m Think he wants the how to file which is info control droid[0m
[21:30] [0m[35;1mAristodemus [Jedi(31)]:[0m but it's linked in the droids info :)[0m
[21:51] [0m[37;1m[JEDI]:[0m Talia Ska arrives at the Academy.[0m
[22:03] [0mGuest1 flaps : inago?[0m
[22:03] [0mInago flaps : Sometimes[0m
[22:03] [0mInix flaps : Montoya[0m
[22:03] [0mGuest1 flaps : It's me - just letting you know I pulled some cord out in an area and it's[0m
[22:03] [0m               punishing me by only letting me move around  - can't make other commands happen.[0m
[22:04] [0mGuest1 flaps : Anyhow - I'll let you know when it's fixed or whatever[0m
[22:04] [0mInago flaps : Heh, gotcha[0m
[22:05] [0mWhoknows flaps : you did it! you ruined it for all of us![0m
[22:16] [0m[37;1mAristodemus <.oO>:[0m this is mental![0m
[22:16] [0m[37;1mMental <.oO>:[0m no this is patrick[0m
[22:17] [0m[37;1mCarthage <.oO>:[0m is this the krusty krab?![0m
[22:21] [0mYour transmuter's stone bursts with 3 new colours![0m
[22:29] [0m[37;1m[JEDI]:[0m Herah Wylann arrives at the Academy.[0m
[22:50] [0m[33;1m[Clan] Ser :[0m anyone get a spare lime wedge?[0m
[22:55] [0m[32mKenny says:[0m sup botz[0m
[22:55] [0m[32mKenny says:[0m Most powerful Galan... Grant our disciple, Havox the power of[0m
[22:55] [0m            your divine blessing, so we may destroy your enemies![0m
[22:55] [0m[32mKenny says:[0m Most powerful Galan... Grant our disciple, Roken the power of[0m
[22:55] [0m            your divine blessing, so we may destroy your enemies![0m
[22:55] [0m[32mKenny says:[0m Most powerful Galan... Grant our disciple, Martyr the power of[0m
[22:55] [0m            your divine blessing, so we may destroy your enemies![0m
[22:56] [0m[32mSteve says[0m: They named a drink Steve?[0m
[22:59] [0m[37;1m[JEDI]:[0m Janath Meelin arrives at the Academy.[0m
[23:08] [0m[34;1mOreo shouts:[0m that makes me angry[0m
[23:10] [0m[34;1mInago shouts:[0m The frogurt is also cursed.[0m
[23:10] [0m[34;1mOreo shouts:[0m the pen is greeeeeeeeeeeeeeeeeeeeeeeeeeeeeeeeeaaaaaaaaan[0m
[23:12] [0m[34;1mSer shouts:[0m that's a joint not a pen[0m
[23:15] [0m[35;1mAristodemus [Jedi(32)]:[0m anyone to help with training?[0m
[23:16] [0m[35;1mAristodemus [Jedi(32)]:[0m cpain dodge lfs lsc ri med and ht[0m
[23:16] [0m[35;1mAristodemus [Jedi(32)]:[0m all pretty high[0m
[23:16] [0m[32mAristodemus tells you:[0m you available for teaching?[0m
[23:18] [0m[32mYou tell Aristodemus:[0m sure.. i'm at hotel[0m
[23:18] [0m[32mAristodemus tells you:[0m omw[0m
[23:21] [0mYour transmuter's stone bursts with 5 new colours![0m
[23:21] [0m[35;1mAristodemus [Jedi(32)]:[0m Thanks Roken you da best :)[0m
[23:21] [0m[32;1mFrom afar, you bow to Aristodemus.[0m[0m
[23:22] [0m[35;1mRoken [Jedi(74)]:[0m all skills taught to their highest?[0m
[23:22] [0m[35;1mAristodemus [Jedi(32)]:[0m all which I could[0m
[23:22] [0m[35;1mRoken [Jedi(74)]:[0m cool[0m
[23:25] [0mVagrant flaps : ehehe I like the 12 days of xmas buff descriptions[0m
[23:25] [0mNauda flaps : I like your face[0m
[23:28] [0m[33;1m[Clan] Roken :[0m woo 1B xp from the time I got off work[0m
[23:28] [0m[33;1m[Clan] Roken :[0m 5 hrs ish[0m
[23:29] [0m[37;1m[JEDI]:[0m Tobias Kel'ach'nar arrives at the Academy.[0m
