- = LOG STARTED [00:00] = -
[00:03] [0mBurnaby [Jedi(53)]: yo![0m
[00:15] [0m[4m[31m[JEDI]: Wennic Ber'ni'lok arrives at the Academy.[0m[0m[0m
[00:41] [0mZera <Craft>: what do I do with gemstones and dusts from mining?[0m
[00:41] [0mDy flaps : h[0m
[00:41] [0mDy flaps : h[0m
[00:42] [0mDy flaps : Need a new laptop apparently, my - key is getting worn out[0m
[00:42] [0m           amongst other problems.[0m
[00:43] [0mAsp flaps : just alias it to fch[0m
[00:43] [0mDy flaps : Or ffh since the line is ff[0m
[00:43] [0mAsp flaps : fhcchchchf![0m
[00:46] [0m[4m[31m[JEDI]: Janath Meelin arrives at the Academy.[0m[0m[0m
[00:46] [0mSimonz <Craft>: you use them for crafting enchanter gems and blacksmith[0m
[00:46] [0m                equipment[0m
[01:15] [0m[4m[31m[JEDI]: Herah Wylann arrives at the Academy.[0m[0m[0m
[01:26] [0mZera <Craft>: Finally Apprentice Mining!  Woo![0m
[01:33] [0mZera <Craft>: What's a good way to ditch a buttload of unwanted ores?  I[0m
[01:33] [0m              have 178 copper ore, and only intend to use about 50 of them.[0m
[01:33] [0mUkyo <Craft>: prospect[0m
[01:33] [0mFluffy <Craft>: help dispose[0m
[01:34] [0mUkyo <Craft>: prospect'em, keep the legendaries, toss the rest.[0m
[01:34] [0mUkyo <Craft>: or, put them in the craft box east of entrace[0m
[01:34] [0mUkyo <Craft>: east of entrance, at timmy[0m
[01:34] [0mZera <Craft>: I can't find any information on 'prospect'?[0m
[01:35] [0mUkyo <Craft>: crafthelp enchanting[0m
[01:41] [0m[4m[31m[JEDI]: Reena Bel Noir arrives at the Academy.[0m[0m[0m
[02:08] [0mZera <Craft>: So, are all of the mines levels identical?[0m
[02:08] [0mZera <Craft>: in shape, I mean?[0m
[02:09] [0mAsp <Craft>: nope[0m
[02:09] [0mAsp <Craft>: there's maps on the wiki[0m
[02:10] [0mZera <Craft>: Neat.  I'll look them up if I have a need[0m
[02:15] [0m[4m[31m[JEDI]: Bithoff Jonansaan arrives at the Academy.[0m[0m[0m
[02:16] [0mZera flaps : goodnight mud[0m
[02:16] [0mZera flaps : goodnight fellow mud users[0m
[05:01] [0mYou can currently reforge 12 items.[0m
[05:02] [0mYou adjust your reforger's kit slightly, ready to do more business.[0m
[05:02] [0mYou can currently reforge 4 items.[0m
[05:08] [0m[4m[31m[JEDI]: Wennic Ber'ni'lok arrives at the Academy.[0m[0m[0m
[05:34] [0m[34;1mUkyo shouts:[0m Double tap. Damn, they must be getting big.[0m
[05:46] [0m[4m[31m[JEDI]: Janath Meelin arrives at the Academy.[0m[0m[0m
[06:03] [0mYou adjust your reforger's kit slightly, ready to do more business.[0m
[06:03] [0mYou can currently reforge 8 items.[0m
[06:05] [0m[34;1mUkyo shouts:[0m The mind is a good thing to lose every now and then.[0m
[06:18] [0m[4m[31m[JEDI]: Ylenic It'kla arrives at the Academy.[0m[0m[0m
[06:42] [0m[4m[31m[JEDI]: H'ssani C'talan arrives at the Academy.[0m[0m[0m
[06:46] [0mYou can currently reforge 8 items.[0m
[07:02] [0m[32mYou think to Ukyo . o O ([0m [36;1m handling 96 chess but worry the king's[0m
[07:02] [0;1;36m           special radiation will dissimate me [0m [32m)[0m[0m
[07:03] [0m[32;1mFrom afar, Ukyo cheers you on!!![0m[0m
[07:03] [0m[32mUkyo thinks . o O ([0m [32;1m what's your fdef at now? [0m [32m)[0m[0m
[07:03] [0mYou adjust your reforger's kit slightly, ready to do more business.[0m
[07:03] [0mYou can currently reforge 12 items.[0m
[07:04] [0m[32mYou think to Ukyo . o O ([0m [36;1m 190M to lv100 [0m [32m)[0m[0m
[07:04] [0mUkyo <C-Trade>: hey, fluffy. got phasemetal bars?[0m
[07:04] [0m[32mYou think to Ukyo . o O ([0m [36;1m 25% to gl51 [0m [32m)[0m[0m
[07:05] [0m[32mUkyo thinks . o O ([0m [32;1m and your fdef? [0m [32m)[0m[0m
[07:05] [0m[32mYou think to Ukyo . o O ([0m [36;1m 93% to go to fdef 6 [0m [32m)[0m[0m
[07:05] [0m[32mUkyo thinks . o O ([0m [32;1m past a certain point, it's all about the[0m
[07:05] [0;1;32m           fdef. [0m [32m)[0m[0m
[07:06] [0m[32mYou think to Ukyo . o O ([0m [36;1m still gl for me too I want to max all[0m
[07:06] [0;1;36m           skills [0m [32m)[0m[0m
[07:07] [0m[32mYou think to Ukyo . o O ([0m [36;1m working on 3rd AT cpain [0m [32m)[0m[0m
[07:08] [0m[32mYou think to Ukyo . o O ([0m [36;1m what fdef are you on? [0m [32m)[0m[0m
[07:08] [0m[32mUkyo thinks . o O ([0m [32;1m depends on who you ask. give me a sec? in a[0m
[07:08] [0;1;32m           convo with someone about craft bars [0m [32m)[0m[0m
[07:15] [0m[4m[31m[JEDI]: Durnoth arrives at the Academy.[0m[0m[0m
[07:34] [0m[34;1mKitt shouts:[0m BE Very Very Quite, Mudder are Botting[0m
[07:43] [0m[4m[31m[JEDI]: Ylenic It'kla arrives at the Academy.[0m[0m[0m
[07:54] [0mFlaxen <Craft>: messing with autostash is quite a bit more work than some[0m
[07:54] [0m                tuning changes[0m
[07:55] [0mFlaxen <Craft>: try this new "move everything to legendary" world for a[0m
[07:55] [0m                while and let me know how satchel space is affected[0m
[07:56] [0mUkyo <Craft>: i've been in legendary mode for a long while now.[0m
[07:59] [0mFlaxen <Craft>: lemme look at autostash but no promises[0m
[08:00] [0mYou can currently reforge 12 items.[0m
[08:03] [0mCaboose <Craft>: so far the only problem i see with this new world is a[0m
[08:03] [0m                 severe lack of transmuting colors :P[0m
[08:04] [0mYou adjust your reforger's kit slightly, ready to do more business.[0m
[08:04] [0mYou can currently reforge 12 items.[0m
[08:04] [0mCaboose <Craft>: more specifically, a very low max for the thousands of[0m
[08:04] [0m                 crafting mats i have...[0m
[08:04] [0mUkyo <Craft>: once we get caught up, i don't think it'll be that bad, but[0m
[08:04] [0m              yea, transmuter's colors are going to be in very high demand[0m
[08:04] [0m              for a while[0m
[08:10] [0m[32mUkyo thinks . o O ([0m [32;1m ok, so, earlier you asked about my fdef.[0m
[08:10] [0;1;32m           Technically, it's trained to 16. However, due to the fact that[0m
[08:10] [0;1;32m           Adalius rescaled it, i'm probably at 13, due to the fact that[0m
[08:10] [0;1;32m           i'm at negative 261 to next level. i figure negative to 100 is[0m
[08:10] [0;1;32m           15, and negative to 253 is 14, and since i'm below that, 13. [0m [32m)[0m[0m
[08:13] [0mTuba <Craft>: what's new folks?[0m
[08:13] [0mUkyo <Craft>: craftrecover, crafthelp new[0m
[08:15] [0m[4m[31m[JEDI]: H'ssani C'talan arrives at the Academy.[0m[0m[0m
[08:16] [0mHsima <Craft>: unless you don't have scrollback, then don't[0m
[08:21] [0mUkyo <Craft>: major bottleneck now is mining. just can't keep up.[0m
[08:22] [0mHsima <Craft>: yer mom is a bottleneck[0m
[08:22] [0mTurnhold <Craft>: OHSNAP[0m
[08:22] [0mRomulus <Craft>: lol[0m
[08:22] [0mUkyo <Craft>: well, that and the actual hearts/essences/frags, but that's[0m
[08:22] [0m              getting a bit of a boost next boot onwards, unless i'm[0m
[08:22] [0m              mistaken[0m
[08:35] [0mUkyo <Craft>: the second to last longest mile. . . miner 79.[0m
[08:40] [0mCSsRPDFd  Wm:g Wc: 31% Gx: 79.61% Fx:  7.26%[0m
[08:42] [0mUkyo [Jedi(76)]: crap, i missed magneto again?[0m
[08:43] [0m[34;1mUkyo shouts:[0m Magneto, if you're on an alt, please send me a tell.[0m
[08:44] [0m[34;1mKitt shouts:[0m Dont Do it, its a Bot Trap[0m
[08:46] [0m[4m[31m[JEDI]: Talia Ska arrives at the Academy.[0m[0m[0m
[09:05] [0mYou adjust your reforger's kit slightly, ready to do more business.[0m
[09:05] [0mYou can currently reforge 12 items.[0m
[09:08] [0m[32mSimonz tells you:[0m i think i should be able to make the titanium set by the[0m
[09:08] [0m        end of ghe day[0m
[09:12] [0mKitt <Craft>: new[0m
[09:12] [0mUkyo <Craft>: crafthelp new?[0m
[09:12] [0mKitt <Craft>: i typed the wrong thing[0m
[09:13] [0mUkyo <Craft>: happens to us all. especially to wizards.[0m
[09:13] [0mUkyo <Craft>: otherwise, we wouldn't have any bugs to find![0m
[09:14] [0mKitt <Craft>: Bugs needs to get stepped on![0m
[09:14] [0m[32mYou say:[0m I am not the aspiring jedi you are looking for.[0m
[09:16] [0m[4m[31m[JEDI]: Rhaan arrives at the Academy.[0m[0m[0m
[09:19] [0m[32mYou say:[0m I am not the aspiring jedi you are looking for.[0m
[09:23] [0m[32mYou say:[0m I am not the aspiring jedi you are looking for.[0m
[09:28] [0m[32mYou say:[0m I am not the aspiring jedi you are looking for.[0m
[09:33] [0m[32mYou say:[0m I am not the aspiring jedi you are looking for.[0m
[09:38] [0m[32mYou say:[0m I am not the aspiring jedi you are looking for.[0m
[09:39] [0mScaf <Craft>: the wiki is down?[0m
[09:39] [0mSpace <Craft>: yes[0m
[09:39] [0mSpace <Craft>: mirror is up[0m
[09:39] [0mSpace <Craft>: http://wiki.maybeits.us/index.php/Transmuter_Info[0m
[09:42] [0m[32mYou say:[0m I am not the aspiring jedi you are looking for.[0m
[09:42] [0m[32mYou say:[0m I am not the aspiring jedi you are looking for.[0m
[09:47] [0m[32mYou say:[0m I am not the aspiring jedi you are looking for.[0m
[09:50] [0m[4m[31m[JEDI]: Reena Bel Noir arrives at the Academy.[0m[0m[0m
[09:52] [0m[32mYou say:[0m I am not the aspiring jedi you are looking for.[0m
[09:57] [0m[32mYou say:[0m I am not the aspiring jedi you are looking for.[0m
[10:03] [0m[32mYou say:[0m I am not the aspiring jedi you are looking for.[0m
[10:03] [0m[32mYou say:[0m I am not the aspiring jedi you are looking for.[0m
[10:03] [0m[32mYou say:[0m I am not the aspiring jedi you are looking for.[0m
[10:05] [0mYou adjust your reforger's kit slightly, ready to do more business.[0m
[10:05] [0mYou can currently reforge 4 items.[0m
[10:08] [0m[32mYou say:[0m I am not the aspiring jedi you are looking for.[0m
[10:14] [0mBurnaby [Jedi(53)]: yo![0m
[10:14] [0m[32mYou say:[0m I am not the aspiring jedi you are looking for.[0m
[10:14] [0mSimonz [Jedi(57)]: oh hi![0m
[10:17] [0mMerrick <C-Trade>: selling hearts, holla at ya boy.[0m
[10:17] [0m[4m[31m[JEDI]: Bithoff Jonansaan arrives at the Academy.[0m[0m[0m
[10:17] [0mMerrick <C-Trade>: I got the good stuff, those others are selling crap.[0m
[10:18] [0m[32mYou say:[0m I am not the aspiring jedi you are looking for.[0m
[10:23] [0m[32mYou say:[0m I am not the aspiring jedi you are looking for.[0m
[10:24] [0mUkyo <C-Trade>: in the market for high grade sapphire dust.[0m
[10:27] [0m[32mYou say:[0m I am not the aspiring jedi you are looking for.[0m
[10:36] [0mTex <Craft>: :P[0m
[10:37] [0mTex <Craft>: if not using moulding please dispose them[0m
[10:38] [0mBurnaby <Craft>: if you leave them lying around, they get...mouldy[0m
[10:38] [0mTex <Craft>: and cause lag if there are too many[0m
[10:38] [0mTex <Craft>: and sticky too[0m
[10:39] [0mTex <Craft>: and stinky[0m
[10:39] [0mTex <Craft>: rather[0m
[10:40] [0mRictor <Craft>: new[0m
[10:40] [0mRictor <Craft>: Oops :P[0m
[10:43] [0mSimonz [Jedi(57)]: hey wyvern[0m
[10:43] [0m[32mSimonz tells you:[0m how's it going?[0m
[10:48] [0m[4m[31m[JEDI]: Tobias Kel'ach'nar arrives at the Academy.[0m[0m[0m
[11:01] [0m[34;1mTex shouts:[0m don't mess with the marines[0m
[11:04] [0m[34;1mNauda shouts:[0m It's done.[0m
[11:05] [0m[32mYou say:[0m I am not the aspiring jedi you are looking for.[0m
[11:10] [0m[32mYou say:[0m I am not the aspiring jedi you are looking for.[0m
[11:13] [0m[32mYou say:[0m I am not the aspiring jedi you are looking for.[0m
[11:16] [0m[4m[31m[JEDI]: Wennic Ber'ni'lok arrives at the Academy.[0m[0m[0m
[11:17] [0m[32mYou say:[0m I am not the aspiring jedi you are looking for.[0m
[11:18] [0mGlowie flaps : any wizards bored?[0m
[11:18] [0mYou adjust your reforger's kit slightly, ready to do more business.[0m
[11:18] [0mYou can currently reforge 8 items.[0m
[11:18] [0mTurnhold flaps : @.@[0m
[11:18] [0mUkyo flaps : that's a dangerous question[0m
[11:19] [0mGlowie flaps : I realize that, now, Ukyo lol[0m
[11:19] [0mGlowie flaps : bug with potions - like non emergency but still really sucky.[0m
[11:19] [0mTurnhold flaps : bug?[0m
[11:19] [0mTurnhold flaps : code feature?[0m
[11:20] [0mGlowie flaps : i feel its a bug - if its a code feature then the coding[0m
[11:20] [0m               wizards were more sadistic than i thought (which is probable[0m
[11:20] [0m               too)[0m
[11:20] [0mUkyo flaps : if it's in relation to the alchemy with reagents, then yes,[0m
[11:20] [0m             he's sadistic. it's a given.[0m
[11:21] [0mNauda flaps : these potions where made to mess with stats and at your level[0m
[11:21] [0m              stats cost next to nothing, what's there so sadistic?[0m
[11:22] [0m[32mYou say:[0m I am not the aspiring jedi you are looking for.[0m
[11:22] [0mUkyo flaps : Relativity, i'd say it's not next to nothing, but, yea.[0m
[11:22] [0mNauda flaps : I know only of potions that remove stats, and for that purpose[0m
[11:22] [0m              only have I used them[0m
[11:23] [0mUkyo flaps : I know of a LOT of different types of potions, but the problem[0m
[11:23] [0m             is, the good ones, haste in particular, got nerfed.[0m
[11:25] [0mTurnhold flaps : i'll fix potions, thats too easy. if anyone else knows of[0m
[11:25] [0m                 stat boosting crap that does that, shoot me a mail[0m
[11:26] [0mUkyo flaps : wait, what?[0m
[11:27] [0m[32mYou say:[0m I am not the aspiring jedi you are looking for.[0m
[11:27] [0mTurnhold flaps : PROBLEM: you get a stat boost, it gives you +5 str. When it[0m
[11:27] [0m                 wears off, you see "-5 str, potion of yousuck"[0m
[11:28] [0mUkyo flaps : hence the reason they were limited to 10 per login?[0m
[11:29] [0mUkyo flaps : or is this a different potion?[0m
[11:29] [0mGlowie flaps : i was referrencing potions like "giant strength" or "heroism"[0m
[11:29] [0m               and right - at my level stat's aren't that huge thing - but[0m
[11:29] [0m               you see, also, at my level I already have trouble carrying[0m
[11:29] [0m               stuff, so a -12 hit on top of the fade sucks. And, I'm HC,[0m
[11:29] [0m               thus it's reasonable to assume I have alts, which I do - and[0m
[11:29] [0m               a -12 hit to a stat would suck. Bad. Heh.[0m
[11:29] [0mUkyo flaps : so we're not talking alchemy potions, we're talking mud potions[0m
[11:30] [0mGlowie flaps : in addition to the potion "wearing off" i got a negative too.[0m
[11:30] [0m               so +12 in str potions wears off, then penalized an additional[0m
[11:30] [0m               12 str for remainder of login.[0m
[11:30] [0mUkyo flaps : yea, that's bad[0m
[11:30] [0mGlowie flaps : yes - alchemy is a gamble - that's the nature of the business[0m
[11:30] [0m               :)[0m
[11:30] [0m<- ! The Vigilant ! -> :  A destabilization Kayos event has been detected in[0m
[11:30] [0m                          Deserts of Fantasy!  We are localizing it now -[0m
[11:30] [0m                          get ready![0m
[11:30] [0mScaf flaps : -stats show similarly with +stat rings and such that are id'd[0m
[11:30] [0m             while wearing and then later removed[0m
[11:30] [0mUkyo flaps : not much of a gamble once you learn how it works[0m
[11:32] [0m[32mYou say:[0m I am not the aspiring jedi you are looking for.[0m
[11:34] [0m[34;1mNauda shouts:[0m Autobot rolls out https://tinyurl.com/autobot-rolls-out[0m
[11:34] [0mGlowie flaps : once you learn how it works - until then - its a gamble and[0m
[11:34] [0m               functions as expected :)[0m
[11:35] [0mNauda flaps : one easy fix to all the - stat boost you have is quit relogin,[0m
[11:35] [0m              also even at 1 str you can carry items[0m
[11:35] [0mNauda flaps : it's not like your str can go into negative, unlike con, then[0m
[11:35] [0m              you die in some cases[0m
[11:35] [0m[Auction] Robert : Up for bids: Average heart of soul, Good heart of soul,[0m
[11:35] [0m                   Average heart of soul, Poor heart of soul, Poor heart of[0m
[11:35] [0m                   soul, Average heart of soul, Average heart of soul, Poor[0m
[11:35] [0m                   heart of soul, Average heart of soul and Crude heart of[0m
[11:35] [0m                   soul.[0m
[11:35] [0m[Auction] Robert : Tex has requested 10,000 as the opening offer.[0m
[11:35] [0m[Auction] Robert : Got 10,000 from Nauda(necr).  Do I hear 10,500?[0m
[11:35] [0m[Auction] Burnaby (jedi) : just give a little bit of heart and soul[0m
[11:35] [0m[Auction] Ukyo (jedi) : too much for so little[0m
[11:36] [0m[Auction] Robert : 10,000 going once![0m
[11:36] [0m[Auction] Ukyo (jedi) : unless you're a transmuter that needs them for pxp[0m
[11:36] [0m[Auction] Robert : 10,000 going twice![0m
[11:36] [0m[Auction] Robert : Sold to Nauda for 10,000 coins![0m
[11:36] [0mGlowie flaps : Relogging isn't the issue. The issue is one shouldn't *HAVE*[0m
[11:36] [0m               to relog. I'm not complaining about the effects for now - not[0m
[11:36] [0m               worth the hassle to relog when boot is soonish, but the point[0m
[11:36] [0m               is, it *shouldn't* happen that way.[0m
[11:36] [0m[Auction] Robert : Up for bids: Poor heart of water, Average heart of water,[0m
[11:36] [0m                   Poor heart of water, Legendary heart of water, Good heart[0m
[11:36] [0m                   of water, Average heart of water, Poor heart of water,[0m
[11:36] [0m                   Average heart of water, Average heart of water, Good[0m
[11:36] [0m                   heart of water, Average heart of water, Average heart of[0m
[11:36] [0m                   water and Average heart of water.[0m
[11:36] [0m[Auction] Robert : Tex has requested 10,000 as the opening offer.[0m
[11:37] [0m[Auction] Tex (jugg) : clearing my satchel[0m
[11:37] [0m[Auction] Robert : Got 10,000 from Simonz(jedi).  Do I hear 10,500?[0m
[11:37] [0m[Auction] Robert : 10,000 going once![0m
[11:37] [0m[Auction] Robert : 10,000 going twice![0m
[11:37] [0m[32mYou say:[0m I am not the aspiring jedi you are looking for.[0m
[11:37] [0m[Auction] Robert : Sold to Simonz for 10,000 coins![0m
[11:38] [0m[Auction] Robert : Up for bids: Average heart of the unseen, Average heart[0m
[11:38] [0m                   of the unseen, Average heart of the unseen, Poor heart of[0m
[11:38] [0m                   the unseen, Average heart of the unseen, Average heart of[0m
[11:38] [0m                   the unseen, Average heart of the unseen, Average heart of[0m
[11:38] [0m                   the unseen, Average heart of the unseen and Poor heart of[0m
[11:38] [0m                   the unseen.[0m
[11:38] [0m[Auction] Robert : Tex has requested 10,000 as the opening offer.[0m
[11:38] [0m[34;1mUkyo shouts:[0m Desert portal, west, all northwest[0m
[11:38] [0m[Auction] Robert : Got 10,000 from Ukyo(jedi).  Do I hear 10,500?[0m
[11:38] [0m[34;1mBurnaby shouts:[0m edgelord damage[0m
[11:38] [0m[Auction] Robert : 10,000 going once![0m
[11:38] [0m[Auction] Robert : 10,000 going twice![0m
[11:39] [0m[Auction] Robert : Sold to Ukyo for 10,000 coins![0m
[11:39] [0m[Auction] Robert : Up for bids: Poor heart of light, Worthless heart of[0m
[11:39] [0m                   light, Average heart of light, Good heart of light,[0m
[11:39] [0m                   Average heart of light, Average heart of light, Average[0m
[11:39] [0m                   heart of light, Poor heart of light, Average heart of[0m
[11:39] [0m                   light and Average heart of light.[0m
[11:39] [0m[Auction] Robert : Tex has requested 10,000 as the opening offer.[0m
[11:39] [0m[Auction] Robert : Got 10,000 from Simonz(jedi).  Do I hear 10,500?[0m
[11:40] [0m[Auction] Robert : 10,000 going once![0m
[11:40] [0m[Auction] Robert : 10,000 going twice![0m
[11:40] [0m[Auction] Robert : Sold to Simonz for 10,000 coins![0m
[11:41] [0mChaed [Jedi(AGM)]: mmmm, Legendary ebon bars[0m
[11:42] [0mUkyo [Jedi(76)]: yea, i left those there for simonz, i guess he hasn't[0m
[11:42] [0m                 picked them up yet[0m
[11:42] [0mChaed [Jedi(AGM)]: I'll gladly hide them[0m
[11:42] [0mUkyo <Craft>: this is going to be spammy, but i hope it's a bit educational.[0m
[11:42] [0m              for those that don't craft, but want to know the rarity order,[0m
[11:42] [0m              and are too lazy to look it up, here it is:[0m
[11:42] [0mUkyo <Craft>: 13 Light (66-76)[0m
[11:42] [0mUkyo <Craft>: 12 Water (69-79)[0m
[11:42] [0mUkyo <Craft>: 11 Shadow (70-80)[0m
[11:42] [0mUkyo <Craft>: 10 Might (73-80)[0m
[11:42] [0mUkyo <Craft>: 09 Rejuvenation (76-86)[0m
[11:42] [0mUkyo <Craft>: 08 Rage (77-87)[0m
[11:42] [0mUkyo <Craft>: 07 Soul (79-89)[0m
[11:42] [0mUkyo <Craft>: 06 The Unseen (82-92)[0m
[11:42] [0mUkyo <Craft>: 05 Ascension (85-95)[0m
[11:42] [0mUkyo <Craft>: 04 Blasting (87-97)[0m
[11:42] [0mUkyo <Craft>: 03 Willy (91-101)[0m
[11:42] [0mUkyo <Craft>: 02 Compassion(94-104)[0m
[11:42] [0mUkyo <Craft>: 01 Knowledge(96-106)[0m
[11:43] [0mUkyo <Craft>: where light is most common, and knowledge are freaking hen's[0m
[11:43] [0m              teeth[0m
[11:43] [0mDisruptor <Craft>: that should be on the wiki[0m
[11:43] [0m[32mYou say:[0m I am not the aspiring jedi you are looking for.[0m
[11:43] [0m[32mYou say:[0m I am not the aspiring jedi you are looking for.[0m
[11:44] [0m[32;1mFrom afar, Simonz goes 'Woo Woo!' at you.[0m[0m
[11:44] [0m[32;1mFrom afar, Sleepy congratulates you.[0m[0m
[11:44] [0m[34;1mBurnaby shouts:[0m woo way to B Roken![0m
[11:44] [0m[4m[31m[JEDI]: Durnoth arrives at the Academy.[0m[0m[0m
[11:44] [0m[34;1mZor shouts:[0m woo!!!!!!!!!!!!!!!!!!!!!!!!!!!!!!!!!!!!!!!!![0m
[11:44] [0m[32;1mFrom afar, Ukyo cheers you on!!![0m[0m
[11:44] [0m[32;1mFrom afar, Ukyo cheers you on!!![0m[0m
[11:44] [0m[32;1mFrom afar, Ukyo goes '\\//\\// [()] [()]  \\//\\// [()] [()] !! !!' at[0m
[11:44] [0m[Auction] Robert : Up for bids: Poor heart of destruction, Poor heart of[0m
[11:44] [0m                   destruction, Average heart of destruction, Average heart[0m
[11:44] [0m                   of destruction, Poor heart of destruction, Good heart of[0m
[11:44] [0m                   destruction, Average heart of destruction, Average heart[0m
[11:44] [0m                   of destruction, Average heart of destruction and Poor[0m
[11:44] [0m                   heart of destruction.[0m
[11:44] [0m[Auction] Robert : Tex has requested 10,000 as the opening offer.[0m
[11:44] [0m[Auction] Robert : Got 10,000 from Tchazzar(elem).  Do I hear 10,500?[0m
[11:44] [0mUkyo <Craft>: hrm. destruction isn't on the list. thanks tex[0m
[11:45] [0m[Auction] Robert : 10,000 going once![0m
[11:45] [0m[Auction] Robert : Got 10,500 from Ukyo(jedi).  Do I hear 11,550?[0m
[11:45] [0m[Auction] Robert : 10,500 going once![0m
[11:45] [0m[Auction] Robert : 10,500 going twice![0m
[11:45] [0m[34;1mRoken shouts:[0m Look ma, I'm level 100!!  Screenshot for proof :)[0m
[11:45] [0m[Auction] Robert : Sold to Ukyo for 10,500 coins![0m
[11:46] [0m[Auction] Robert : Up for bids: Worthless heart of water, Good heart of[0m
[11:46] [0m                   water, Good heart of water, Average heart of water,[0m
[11:46] [0m                   Average heart of water, Average heart of water, Good[0m
[11:46] [0m                   heart of water, Poor heart of water, Good heart of water[0m
[11:46] [0m                   and Poor heart of water.[0m
[11:46] [0m[Auction] Robert : Tex has requested 10,000 as the opening offer.[0m
[11:46] [0mDy [Jedi(71)]: People still craft?[0m
[11:46] [0mChaed [Jedi(AGM)]: Ukyo is hardcore crafting[0m
[11:46] [0m[Auction] Robert : Got 10,000 from Tchazzar(elem).  Do I hear 10,500?[0m
[11:46] [0m[Auction] Robert : 10,000 going once![0m
[11:47] [0m[Auction] Robert : 10,000 going twice![0m
[11:47] [0m[Auction] Robert : Sold to Tchazzar for 10,000 coins![0m
[11:47] [0m[Auction] Robert : Up for bids: Average heart of rage, Average heart of[0m
[11:47] [0m                   rage, Poor heart of rage, Poor heart of rage, Poor heart[0m
[11:47] [0m                   of rage, Superior heart of rage, Good heart of rage,[0m
[11:47] [0m                   Average heart of rage, Average heart of rage and Average[0m
[11:47] [0m                   heart of rage.[0m
[11:47] [0m[Auction] Robert : Tex has requested 10,000 as the opening offer.[0m
[11:47] [0m[32mYou say:[0m I am not the aspiring jedi you are looking for.[0m
[11:47] [0m[Auction] Robert : Got 10,000 from Rictor(monk).  Do I hear 10,500?[0m
[11:47] [0m[Auction] Robert : 10,000 going once![0m
[11:47] [0m[Auction] Robert : 10,000 going twice![0m
[11:48] [0m[Auction] Robert : Sold to Rictor for 10,000 coins![0m
[11:48] [0m[34;1mUkyo shouts:[0m oh, Slashing.[0m
[11:52] [0m[32mYou say:[0m I am not the aspiring jedi you are looking for.[0m
[11:57] [0m[32mYou say:[0m I am not the aspiring jedi you are looking for.[0m
[11:57] [0m[32mYou say:[0m I am not the aspiring jedi you are looking for.[0m
[12:00] [0m[34;1mSaim shouts:[0m looonch[0m
[12:02] [0m[32mYou say:[0m I am not the aspiring jedi you are looking for.[0m
[12:07] [0m[32mYou say:[0m I am not the aspiring jedi you are looking for.[0m
[12:10] [0m[4m[31m[JEDI]: Janath Meelin arrives at the Academy.[0m[0m[0m
[12:11] [0m[32mYou say:[0m I am not the aspiring jedi you are looking for.[0m
[12:11] [0m[32mYou say:[0m I am not the aspiring jedi you are looking for.[0m
[12:16] [0m[32mYou say:[0m I am not the aspiring jedi you are looking for.[0m
[12:19] [0mYou adjust your reforger's kit slightly, ready to do more business.[0m
[12:19] [0mYou can currently reforge 12 items.[0m
[12:21] [0m[32mYou say:[0m I am not the aspiring jedi you are looking for.[0m
[12:26] [0m[32mYou say:[0m I am not the aspiring jedi you are looking for.[0m
[12:28] [0m[32mYou say:[0m I am not the aspiring jedi you are looking for.[0m
[12:29] [0m[32mYou say:[0m I am not the aspiring jedi you are looking for.[0m
[12:38] [0m[4m[31m[JEDI]: Herah Wylann arrives at the Academy.[0m[0m[0m
[13:01] [0m[34;1mZor shouts:[0m woo!!!!!!!!!!!!!!!!!!!!!!!!!!!![0m
[13:12] [0m[4m[31m[JEDI]: Alyssa K'tal arrives at the Academy.[0m[0m[0m
[13:20] [0mYou adjust your reforger's kit slightly, ready to do more business.[0m
[13:20] [0mYou can currently reforge 4 items.[0m
[13:41] [0m[5m[1m[44mYour lightsaber begins to flicker and the handle warms![0m[0m                 [0m
[13:42] [0m[4m[31m[JEDI]: Kerran Halcyon arrives at the Academy.[0m[0m[0m
[14:12] [0m[4m[31m[JEDI]: Alyssa K'tal arrives at the Academy.[0m[0m[0m
[14:20] [0mYou adjust your reforger's kit slightly, ready to do more business.[0m
[14:20] [0mYou can currently reforge 8 items.[0m
[14:29] [0m[34;1mCaboose shouts:[0m Anyone available to train reflex 2[0m
[14:31] [0m[34;1mUkyo shouts:[0m Upgrade Fremen and Elementals, what?[0m
[14:34] [0m[34;1mAlec shouts:[0m if anyone needs reflex or dodge I'm at SS[0m
[14:45] [0m[4m[31m[JEDI]: Bithoff Jonansaan arrives at the Academy.[0m[0m[0m
[15:19] [0m[4m[31m[JEDI]: Ylenic It'kla arrives at the Academy.[0m[0m[0m
[15:21] [0mYou adjust your reforger's kit slightly, ready to do more business.[0m
[15:21] [0mYou can currently reforge 12 items.[0m
[15:50] [0m[Auction] Robert : Up for bids: Superior 1-handed phasemetal lance[0m
[15:50] [0m                   (enchanted).[0m
[15:50] [0m[Auction] Robert : Ukyo has requested 1,860 as the opening offer.[0m
[15:50] [0m[Auction] Ukyo (jedi) : fire damage, little better than razor[0m
[15:50] [0m[Auction] Robert : Got 1,860 from Merrick(cybo).  Do I hear 1,910?[0m
[15:51] [0m[Auction] Robert : 1,860 going once![0m
[15:51] [0m[Auction] Robert : 1,860 going twice![0m
[15:51] [0m[Auction] Robert : Sold to Merrick for 1,860 coins![0m
[15:54] [0m[4m[31m[JEDI]: Rhaan arrives at the Academy.[0m[0m[0m
[16:03] [0mUkyo {Professions}: anybody with a transmuter 73-80 want free mats to store[0m
[16:03] [0m                    in their satchel for future boot to pxp with?[0m
[16:03] [0mInix {Professions}: I'll not be your beast of burden[0m
[16:21] [0mJasmine [Jedi(Knight)]: hmmmm 13 to 1..........i could take you all[0m
[16:22] [0mUkyo [Jedi(76)]: that. . . i'm going to leave that one alone.[0m
[16:22] [0mYou adjust your reforger's kit slightly, ready to do more business.[0m
[16:22] [0mYou can currently reforge 12 items.[0m
[16:22] [0mJasmine [Jedi(Knight)]: :p[0m
[16:23] [0mJasmine [Jedi(Knight)]: dirty filthy mind[0m
[16:23] [0mUkyo [Jedi(76)]: And you know you like it.[0m
[16:25] [0m[4m[31m[JEDI]: Kerran Halcyon arrives at the Academy.[0m[0m[0m
[16:25] [0mJasmine [Jedi(Knight)]: you wish[0m
[16:25] [0mDy [Jedi(71)]: h[0m
[16:25] [0mJasmine [Jedi(Knight)]: anyways off to work, idling out[0m
[16:32] [0mUkyo {Professions}: thanks to all the transmuters, see that when yoiu[0m
[16:32] [0m                    upgrade those materials, they get to crafters who can[0m
[16:32] [0m                    use the legendaries![0m
[16:34] [0mNauda {Professions}: quality upgrade ratios are 4 curde - 3 poor - 2 average[0m
[16:34] [0m                     - 1 good, then 12 good = 4 superior = 1 legendary[0m
[16:35] [0mNauda {Professions}: and you can mix them as long as math adds up[0m
[16:36] [0mInix {Professions}: Math always adds up![0m
[16:36] [0mInix {Professions}: Well...not always I suppose, modular math can add down[0m
[16:36] [0mNauda {Professions}: I am glad for you[0m
[16:36] [0mSimonz {Professions}: if you add a negative number it adds down[0m
[16:57] [0m[4m[31m[JEDI]: Herah Wylann arrives at the Academy.[0m[0m[0m
[16:59] [0mSimonz <Craft>: are fragments/essences/hearts supposed to be dropping more[0m
[16:59] [0m                often?[0m
[16:59] [0mHadriene <Craft>: next boot[0m
[17:00] [0mHadriene <Craft>: it takes effect next boot[0m
[17:00] [0mSimonz <Craft>: ok, wasn't sure[0m
[17:00] [0mNauda <Craft>: hopefully[0m
[17:10] [0mChaed [Jedi(AGM)]: nice[0m
[17:11] [0mYou can currently reforge 12 items.[0m
[17:22] [0mRoken [Jedi(51)]: blbl new bk[0m
[17:23] [0m[32;1mFrom afar, you run your finger up and down your lips, making a[0m
[17:23] [0mYou adjust your reforger's kit slightly, ready to do more business.[0m
[17:23] [0mYou can currently reforge 4 items.[0m
[17:23] [0m[32mYou tell Ser:[0m new bk[0m
[17:26] [0m[32;1mFrom afar, Shimura runs his finger up and down his lips, making a[0m
[17:27] [0m[34;1mKitt shouts:[0m Doh[0m
[17:28] [0m[4m[31m[JEDI]: Reena Bel Noir arrives at the Academy.[0m[0m[0m
[17:47] [0mPlunos flaps : any cyborgs on?[0m
[17:48] [0mInix flaps : Yes, you are one of them[0m
[17:49] [0mRoken flaps : hooligan is the other[0m
[17:56] [0m[4m[31m[JEDI]: Talia Ska arrives at the Academy.[0m[0m[0m
[18:00] [0mSimonz [Jedi(57)]: hey nauda, you said transmuting from superior to[0m
[18:00] [0m                   legendary takes 4?  every time I do it it takes 5...[0m
[18:01] [0mSimonz [Jedi(57)]: w/l[0m
[18:13] [0mZera <Craft>: Is there a way to unstash multiple of an item at once?[0m
[18:13] [0mInix <Craft>: yes[0m
[18:14] [0mHadriene <Craft>: unstash2[0m
[18:14] [0mAsh <Craft>: anyone sell me some legendary essence of compassion?[0m
[18:15] [0mInix <Craft>: come on, this isn't ctrade[0m
[18:15] [0mAsh <C-Trade>: .[0m
[18:15] [0mInix <C-Trade>: :P[0m
[18:15] [0mMerrick <C-Trade>: selling lots o' hearts/etc, holla at ya boy, I got the[0m
[18:15] [0m                   hookup[0m
[18:15] [0mAsh <C-Trade>: hmu[0m
[18:15] [0mInix <C-Trade>: Ash is looking for compassion though, not hookups[0m
[18:16] [0mAsp <Craft>: something like: unstash2 all ave frag water  or unstash2 4 poo[0m
[18:16] [0m             frag ascen   etc etc[0m
[18:16] [0mInix <Craft>: teehee, poo frag[0m
[18:16] [0mAsp <Craft>: they're the worst frags :([0m
[18:17] [0m[4m[31m[JEDI]: Wennic Ber'ni'lok arrives at the Academy.[0m[0m[0m
[18:18] [0mAsh <C-Trade>: I just need some legendary compassion, aight?[0m
[18:18] [0mAsh <C-Trade>: just a lil compassion[0m
[18:23] [0mInix <C-Trade>: sounds like a lot of compassion, like...alegendary amount[0m
[18:23] [0mYou can currently reforge 4 items.[0m
[18:23] [0mYou adjust your reforger's kit slightly, ready to do more business.[0m
[18:23] [0mYou can currently reforge 8 items.[0m
[18:37] [0m[32mSmith says:[0m You require 217 coins to repair *Dark Green Aura [Transmuted to ring] (worn).[0m
[18:38] [0m[Auction] Merrick (cybo) : stuff[0m
[18:38] [0m[Auction] Robert : Up for bids: Average heart of water, Average heart of[0m
[18:38] [0m                   water, Good heart of water, Crude heart of water, Good[0m
[18:38] [0m                   heart of water, Crude heart of water, Poor heart of[0m
[18:38] [0m                   water, Average heart of water, Average heart of water,[0m
[18:38] [0m                   Average heart of water, Average heart of water, Superior[0m
[18:38] [0m                   heart of water and Average heart of water.[0m
[18:38] [0m[Auction] Robert : Merrick has requested 5,000 as the opening offer.[0m
[18:38] [0m[Auction] Robert : Got 5,000 from Ash(prie).  Do I hear 5,250?[0m
[18:38] [0m[Auction] Robert : Got 5,250 from Hyperion(mage).  Do I hear 5,512?[0m
[18:38] [0m[Auction] Robert : Got 10,000 from Ash(prie).  Do I hear 10,500?[0m
[18:38] [0m[Auction] Robert : Got 10,500 from Hyperion(mage).  Do I hear 11,550?[0m
[18:38] [0m[Auction] Robert : Got 15,000 from Ash(prie).  Do I hear 16,500?[0m
[18:39] [0m[Auction] Robert : 15,000 going once![0m
[18:39] [0m[Auction] Robert : 15,000 going twice![0m
[18:39] [0m[Auction] Kichi (prie) : thats it, im healing to celebrate this momentous[0m
[18:39] [0m                         auction[0m
[18:39] [0m[Auction] Robert : Sold to Ash for 15,000 coins![0m
[18:39] [0mMerrick <C-Trade>: 15k? thats it?[0m
[18:39] [0m[32;1m <Congratulations!>[0m : Zokko has become a blacksmith![0m
[18:39] [0mAsh <C-Trade>: I said compassion, not water[0m
[18:40] [0mSimonz <C-Trade>: I looked away for a few minutes and just missed it =([0m
[18:40] [0mInix <C-Trade>: MINUTES!?[0m
[18:51] [0m[4m[31m[JEDI]: Durnoth arrives at the Academy.[0m[0m[0m
[18:53] [0m[32mYou tell Ser:[0m how do i add login options?[0m
[19:01] [0m[32;1mFrom afar, you shout 'WAKE UP!' at Ser.[0m[0m
[19:05] [0m[32mSer tells you:[0m tf man i am idle...  a) what do you mean options b) what do[0m
[19:05] [0m        you mean login[0m
[19:05] [0m[32mYou tell Ser:[0m precisely. 3k.sh I've added two char[0m
[19:05] [0m[32mSer tells you:[0m edit 3k[0m
[19:05] [0m[32mSer tells you:[0m .sh[0m
[19:06] [0m[32mYou tell Ser:[0m and don't mean nano? edit isn't a bash cmd[0m
[19:07] [0m[32mSer tells you:[0m use whatever you want[0m
[19:08] [0m[32mYou tell Ser:[0m let's say i did do that, how do I make it live?[0m
[19:11] [0m[32mSer tells you:[0m #end, ctl + c, rerun the script[0m
[19:13] [0m[32;1mFrom afar, you scream Doooohhhhhhhh!!! at Ser.[0m[0m
[19:13] [0m[32mYou tell Ser:[0m copy thanks[0m
[19:16] [0m[4m[31m[JEDI]: Tobias Kel'ach'nar arrives at the Academy.[0m[0m[0m
[19:33] [0m[32mYou tell Merrick:[0m Hi, are you the recruiter?[0m
[19:33] [0m[32mMerrick tells you:[0m whatcha want?[0m
[19:33] [0m[32mYou tell Merrick:[0m to join cyborg on an alt "dangerzone"[0m
[19:34] [0m[32mMerrick tells you:[0m talk to the chick at the entrance to the guild.[0m
[19:34] [0m[32mMerrick tells you:[0m get through that process, and i'll help ya out[0m
[19:36] [0m[32mYou tell Merrick:[0m ok[0m
[19:50] [0mSomeone says: Go ahead, 'take exam', and you'll be out of here in no time. [0m
[19:50] [0mQuestion  1: Tell me the name of one of the Archons of this mud. [0m
[19:50] [0m             [Remember to write the answer in lower case characters.] [0m
[19:50] [0mQuestion  2: Can you give or sell quest items to other players? [0m
[19:50] [0m             [Answer yes/no.] [0m
[19:51] [0mQuestion  3: Can a player under level 50, with no other characters, create[0m
[19:51] [0m             a legal non-hardcore second character?[0m
[19:51] [0m             [Ignore VAF perks.][0m
[19:52] [0mQuestion  4: Do you need a valid email address to play on 3K? [0m
[19:52] [0m[34;1mFlaxen shouts:[0m heyo[0m
[19:52] [0mQuestion  5: If you have found a bug concerning quests, what command can [0m
[19:52] [0m             you use to report to the wizards?  [Note: The question asks [0m
[19:52] [0m             the command only, not the syntax of the command.] [0m
[19:52] [0m[34;1mFluffy shouts:[0m flaxiepoo![0m
[19:52] [0mQuestion  6: How many levels will you lose when you die? [0m
[19:52] [0mQuestion  7: If you want to find out someone's email address, which [0m
[19:52] [0m             command might help you? [0m
[19:52] [0mQuestion  8: At what level can you join a guild? [0m
[19:52] [0mQuestion  9: Which command will let you check your bank balance from [0m
[19:52] [0m             any place? [0m
[19:56] [0m[32mValerie says: [0mWelcome to the Cybernetic Research Corporation.[0m
[19:57] [0m[32mYou say: [0mhi                                                                   [0m
[19:57] [0m[32mValerie says: [0mHello. How may I help you?                                   [0m
[19:57] [0m[32mYou say: [0mjoin                                                                 [0m
[19:57] [0;32mValerie says: [0mIf you are interested in finding more information about the[0m
[19:57] [0m              Cybernetic Research Corporation, and in becoming a Cyborg, I[0m
[19:57] [0m              can give you a guest keycard that will grant you access to[0m
[19:57] [0m              the basement level of the building. Located there is a kiosk[0m
[19:57] [0m              that will tell you everything you ever wanted to know about[0m
[19:57] [0m              the fusion of man and machine.                              [0m
[19:57] [0;32mValerie says: [0mHere you go. Take this card with you and take the elevator[0m
[19:57] [0m              to the basement floor.                                      [0m
[19:57] [0m[32mValerie says: [0m Have a nice day!                                            [0m
[19:58] [0m[32mValerie says: [0mWelcome to the Cybernetic Research Corporation.[0m
[20:01] [0m[32mYou tell Plunos:[0m how do i use the keycard to enter the elevator to join[0m
[20:01] [0m        cyborg?[0m
[20:01] [0m[32mYou say: [0mjoin                                                                 [0m
[20:01] [0;32mValerie says: [0mIf you are interested in finding more information about the[0m
[20:01] [0m              Cybernetic Research Corporation, and in becoming a Cyborg, I[0m
[20:01] [0m              can give you a guest keycard that will grant you access to[0m
[20:01] [0m              the basement level of the building. Located there is a kiosk[0m
[20:01] [0m              that will tell you everything you ever wanted to know about[0m
[20:01] [0m              the fusion of man and machine.                              [0m
[20:02] [0m[32mYou say:[0m elevator[0m
[20:02] [0;32mValerie says: [0mHere you go. Take this card with you and take the elevator[0m
[20:02] [0m              to the basement floor.                                      [0m
[20:02] [0m[32mValerie says: [0m Have a nice day!                                            [0m
[20:02] [0m[32mYou say:[0m elevator[0m
[20:02] [0m[32mPlunos tells you:[0m you press button then e then press b then w follow[0m
[20:02] [0m        terminal[0m
[20:03] [0m[32;1mFrom afar, you thank Plunos.[0m[0m
[20:04] [0m[34;1mNik shouts:[0m thats a long way to go to say 'playcult'[0m
[20:04] [0m[34;1mScaf shouts:[0m enso wa tenoshii[0m
[20:07] [0m[32mYou tell Plunos:[0m what's  your mstat focus? Where does a cyborg find its[0m
[20:07] [0m        power? str wis dex etc[0m
[20:11] [0mnewb Dangerzone [adventurer/10]: cyborg recruiter offline?[0m
[20:11] [0mnewb Hooligan [cyborg/90]: shouldnt be[0m
[20:12] [0mnewb Dangerzone [adventurer/10]: hanging at enrollment terminal[0m
[20:13] [0m[32mYou say: [0mhi                                                                   [0m
[20:13] [0;32mClayton says: [0mI may be a hologram but I still demand respect!  Salute[0m
[20:13] [0m              before you talk to me, Soldier!                             [0m
[20:13] [0m[32mYou say:[0m salute[0m
[20:14] [0;32mClayton says: [0mYes Soldier, your long wait is over. Cyborgs are heavily[0m
[20:14] [0m              recruiting. Are you interested in enrolling?                [0m
[20:14] [0m[32mYou say: [0myes                                                                  [0m
[20:14] [0m[32mClayton says: I would suggest attempting to contact an existing member[0m
[20:14] [0m[32mYou say: [0myes                                                                  [0m
[20:14] [0m[32mClayton says: It is a great honor to serve in our ranks.  Do not make me[0m
[20:15] [0mnewb Dangerzone [cyborg/10]: oh i really am a newb no matter my experience[0m
[20:15] [0m                             with jedi. npc clayton got me in lol[0m
[20:18] [0mnewb Dangerzone [cyborg/10]: is jedi really the only guild with an amazing[0m
[20:18] [0m                             inventory prompt?[0m
[20:20] [0mnewb Asp [jedi/105]: knights have some inventory tweaking[0m
[20:20] [0m[32mHooligan says:[0m howdy[0m
[20:21] [0m[32mYou say: [0mhi                                                                   [0m
[20:21] [0;32mClayton says: [0mI may be a hologram but I still demand respect!  Salute[0m
[20:21] [0m              before you talk to me, Soldier!                             [0m
[20:21] [0m[32mHooligan says:[0m you are already recruited. :)[0m
[20:21] [0m[32mYou say:[0m what are the info files?[0m
[20:21] [0m[32mHooligan says:[0m info[0m
[20:21] [0m[32mYou say:[0m ya figured it out, saluted the hologram and joined[0m
[20:22] [0m[32mYou say:[0m only info is rules[0m
[20:22] [0m[32mHooligan says:[0m read info rules and all the subcategories[0m
[20:22] [0m[32mYou say:[0m and more open up?[0m
[20:22] [0m[32mYou say:[0m options[0m
[20:22] [0m[32mHooligan says:[0m type i fo[0m
[20:22] [0m[32mHooligan says:[0m info[0m
[20:23] [0mnewb Kikipopo [Admin]: There are a lot of guilds with custom inventory[0m
[20:23] [0m                       lists.  Knights, Juggs, Jedi, I'm sure others but I[0m
[20:23] [0m                       can't remember[0m
[20:23] [0m[32mHooligan says:[0m did more open up?[0m
[20:23] [0m[32mHooligan says:[0m sorry. on mobile and cant really help much[0m
[20:24] [0m[32mYou say:[0m  well ya but i was thinking help files on how the guild works, not[0m
[20:24] [0m         just rules[0m
[20:24] [0m[32mHooligan says:[0m more should open after you read them all[0m
[20:26] [0mnewb Kikipopo [Admin]: Right, definitely necros[0m
[20:28] [0mnewb Kara [fighter/5]: Hey, y'all, I can't remember the command for[0m
[20:28] [0m                       reporting that my wife and I are going to play[0m
[20:28] [0m                       together.[0m
[20:29] [0m[32mHooligan says:[0m we have been having an issue with help files opening[0m
[20:29] [0m[32mYou say:[0m yep ok this time went thru each file[0m
[20:29] [0m[32mHooligan says:[0m did anything slse open?[0m
[20:30] [0m[32mHooligan says:[0m try info ..[0m
[20:30] [0m[32mYou say:[0m  nothing[0m
[20:30] [0m[32mHooligan says:[0m usually info .. takes you back one menu[0m
[20:30] [0m[32mYou say:[0m ya im at the ToC just Rules[0m
[20:31] [0mnewb Asp [jedi/105]: you might get some wizard attention if you're both[0m
[20:31] [0m                     connecting from the same IP and partying together, but[0m
[20:31] [0m                     i think that's dealt with via a conversation when it's[0m
[20:31] [0m                     noticed maybe?[0m
[20:31] [0mnewb Kikipopo [Admin]: Sorted now.[0m
[20:32] [0mnewb Kara [fighter/5]: I just messaged a wiz[0m
[20:32] [0m[32mHooligan says:[0m ok. i gbugged it for frank to look at[0m
[20:32] [0mnewb Fluffy [changeling/134]: kiki is the fix-it guy![0m
[20:32] [0mnewb Kara [fighter/5]: Is there a dmap for Woonsocket?  We're kinda both[0m
[20:32] [0m                       lost.[0m
[20:32] [0mnewb Asp [jedi/105]: putting mudders and 10's together since... oh wait,[0m
[20:32] [0m                     that's not kiki[0m
[20:33] [0m[32mYou say:[0m ok[0m
[20:33] [0mnewb Kikipopo [Admin]: I don't believe so, only 'dmap newb' which is pretty[0m
[20:33] [0m                       basic.[0m
[20:33] [0m[32mYou say:[0m i'm going to get my necros set up unless there is something else i[0m
[20:33] [0m         can do[0m
[20:33] [0m[32mHooligan says:[0m i wish i had more time to help[0m
[20:34] [0m[32mHooligan says:[0m i am fairly new here as well[0m
[20:34] [0mnewb Mugen [jedi/136]: woonsocket could use on though, but the area itself[0m
[20:34] [0m                       is pretty small, with mainly an east west road going[0m
[20:34] [0m                       all the way through town[0m
[20:34] [0mnewb Mugen [jedi/136]: 'help townportal' could help out if you get lost[0m
[20:34] [0m                       though[0m
[20:34] [0m[32mHooligan says:[0m com to speak on guild line[0m
[20:34] [0m[32mHooligan says:[0m frank is the guild wiz[0m
[20:34] [0m[32mHooligan says:[0m you can send him a msg[0m
[20:35] [0m[32mYou say:[0m frank botchecked me lol[0m
[20:35] [0m[32mYou say:[0m kk[0m
[20:36] [0m[32mValerie says: [0mHello Dangerzone, you have 219 unread posts on the corporate[0m
[20:36] [0m[32mValerie says: [0mHello Dangerzone, you have 219 unread posts on the corporate[0m
[20:37] [0m[32mAntonio tells you:[0m This is your house keyring - it's your link to us.  Use it[0m
[20:37] [0m                   to store guest keys that are given to you, as well as owner[0m
[20:37] [0m                   keys that you get from houses that you own.  The keyring is[0m
[20:37] [0m                   wired in with your house account, so you can use it to[0m
[20:37] [0m                   deposit money and pay for house expenses.  You can look at[0m
[20:37] [0m                   it to see what you can do with it, too.[0m
[20:40] [0m[32mValerie says: [0mHello Dangerzone, you have 219 unread posts on the corporate[0m
[20:43] [0m[32mYou tell Hooligan:[0m what is the main floor for cyborg guild?[0m
[20:45] [0m[32mValerie says: [0mHello Dangerzone, you have 219 unread posts on the corporate[0m
[20:51] [0mnewb Nauda [necromancer/123]: rub coin to teleport to Center of Town, if you[0m
[20:51] [0m                              got A curious looking coin.[0m
[20:52] [0mnewb Kara [fighter/5]: Nah, we figured out the newbie pendant by looking at[0m
[20:52] [0m                       it[0m
[21:04] [0m[32mValerie says: [0mHello Dangerzone, you have 219 unread posts on the corporate[0m
[21:05] [0m[32mHooligan tells you:[0m l[0m
[21:06] [0m[32mYou tell Hooligan:[0m working on tintin aliases[0m
[21:07] [0m[32mHooligan tells you:[0m the guild has many levela. 2 is for implants. 7 as[0m
[21:07] [0m        well. 8 is the box[0m
[21:11] [0m[32mHooligan tells you:[0m cant belp u there[0m
[21:13] [0m[32mYou tell Hooligan:[0m what's rcost focus for cyborg?[0m
[21:15] [0m[32mHooligan tells you:[0m basically everything except cha. con is prime. then[0m
[21:15] [0m        wis/dex[0m
[21:15] [0m[32mYou tell Hooligan:[0m would you rate wis higher than dex?[0m
[21:19] [0m[32mHooligan tells you:[0m mine are even[0m
[21:24] [0m[32;1mFrom afar, you thank Hooligan.[0m[0m
[21:29] [0m[32mAntonio tells you:[0m This is your house keyring - it's your link to us.  Use it[0m
[21:29] [0m                   to store guest keys that are given to you, as well as owner[0m
[21:29] [0m                   keys that you get from houses that you own.  The keyring is[0m
[21:29] [0m                   wired in with your house account, so you can use it to[0m
[21:29] [0m                   deposit money and pay for house expenses.  You can look at[0m
[21:29] [0m                   it to see what you can do with it, too.[0m
[21:30] [0mQuestion  1: Tell me the name of one of the Archons of this mud. [0m
[21:30] [0m             [Remember to write the answer in lower case characters.] [0m
[21:31] [0mQuestion  2: Can you give or sell quest items to other players? [0m
[21:31] [0m             [Answer yes/no.] [0m
[21:31] [0mQuestion  3: Can a player under level 50, with no other characters, create[0m
[21:31] [0m             a legal non-hardcore second character?[0m
[21:31] [0m             [Ignore VAF perks.][0m
[21:31] [0mQuestion  4: Do you need a valid email address to play on 3K? [0m
[21:31] [0mQuestion  5: If you have found a bug concerning quests, what command can [0m
[21:31] [0m             you use to report to the wizards?  [Note: The question asks [0m
[21:31] [0m             the command only, not the syntax of the command.] [0m
[21:31] [0mQuestion  6: How many levels will you lose when you die? [0m
[21:31] [0mQuestion  7: If you want to find out someone's email address, which [0m
[21:31] [0m             command might help you? [0m
[21:31] [0mQuestion  8: At what level can you join a guild? [0m
[21:31] [0mQuestion  9: Which command will let you check your bank balance from [0m
[21:31] [0m             any place? [0m
[21:42] [0m[32mValerie says: [0mWelcome to the Cybernetic Research Corporation.[0m
[21:43] [0m[32mYou tell Ser:[0m ok where's the necromancer guild?[0m
[21:44] [0mnewb Snakebite [adventurer/10]: necromancer location?[0m
[21:45] [0mnewb Lance [cyborg/111]: I believe its somewhere out in eastern fantasy,[0m
[21:45] [0m                         probably better to type 'players necro' and ask one[0m
[21:45] [0m                         to recruit you if that is what you are looking for[0m
[21:51] [0m[32mYou tell Space:[0m hi can i join necromancer?[0m
[21:52] [0mnewb Snakebite [adventurer/10]: lawl died trying to get there[0m
[21:53] [0mnewb Snakebite [adventurer/10]: have picture map from site, found it to the[0m
[21:53] [0m                                nw of zelligar[0m
[21:53] [0m[32mPuppymill tells you:[0m want a ride there?[0m
[21:54] [0m[32mPuppymill tells you:[0m come to cot, then follow me[0m
[21:56] [0m[32mYou tell Puppymill:[0m hi[0m
[21:56] [0m[32mPuppymill tells you:[0m whee, 'follow puppymill'[0m
[21:57] [0m[32mPuppymill tells you:[0m north is into the guild[0m
[21:57] [0;32mRaylorn says: [0mThere are many secrets in this Keep, search well.           [0m
[21:57] [0mnewb Asp [jedi/105]: necro guild? check 'help citymap' (unless somethings[0m
[21:57] [0m                     changed in the last 15 years)[0m
[21:58] [0mnewb Lance [cyborg/111]: it has, it is no longer north of fantasy portL[0m
[21:59] [0m[32mYou say:[0m hi[0m
[21:59] [0m[32mYou say:[0m join[0m
[21:59] [0mnewb Asp [jedi/105]: ah :([0m
[22:01] [0m[32mYou say: [0mhi                                                                   [0m
[22:01] [0m[32mRaylorn says: [0mHello Snakebite.  How can I help you?[0m
[22:01] [0m[32mYou say:[0m join[0m
[22:01] [0mRaylorn tells you:[0m
[22:01] [0m     To join the guild, you only need to ask a Necromancer of[0m
[22:02] [0m[32mRaylorn says: [0mDark magics continue to change this guild.                   [0m
[22:02] [0m21 say hi[0m
[22:02] [0m20 say join[0m
[22:02] [0mnewb Nauda [necromancer/123]: .15e;leave;.4e;ne;ne;n;e;portal;all north[0m
[22:03] [0m[32mRaylorn says: [0mDark magics continue to change this guild.                   [0m
[22:03] [0m[32mRaylorn says: [0mDark magics continue to change this guild.                   [0m
[22:07] [0mChild says: Are you my friend?                                             [0m
[22:07] [0mChild says: Are you my friend?                                             [0m
[22:07] [0mChild says: Hi.                                                            [0m
[22:07] [0mChild says: Are you my friend?                                             [0m
[22:08] [0m[34;1mFluffy shouts:[0m i got $50 on bandit in the 3rd round ;-)[0m
[22:08] [0m[34;1mGlowie shouts:[0m I'll take your $50 to place that bet.[0m
[22:09] [0m[32mMaggot tells you:[0m where is the bandit killing you? in wayhaven?[0m
[22:09] [0m[32mYou tell Maggot:[0m i was outside ice levl 5+[0m
[22:10] [0m[32mYou tell Maggot:[0m the other was on the way to zelligar because the picture[0m
[22:10] [0m        from 3k.org had necro lair on the west[0m
[22:11] [0m[32mMaggot tells you:[0m sit at wayhaven portal and I'll drag you to necro guild.[0m
[22:11] [0m        I just killed that bandit[0m
[22:11] [0m[32mYou tell Maggot:[0m im fine. i don't have hours until tomorrow to join necro.[0m
[22:11] [0m        it said it needed a recruiter to train me in[0m
[22:12] [0m[32;1mFrom afar, Maggot nods to you.[0m[0m
[22:12] [0m[32mYou tell Gore:[0m are you available to recruit me?[0m
[22:16] [0m[34;1mNauda shouts:[0m His level 60 monk will make a short work of that Bandit in the[0m
[22:16] [0m              3rd round[0m
[22:16] [0mDartholiver flaps : lawl[0m
[22:17] [0mChild says: Hi.                                                            [0m
[22:17] [0mChild says: Hi.                                                            [0m
[22:17] [0mChild says: Are you my friend?                                             [0m
[22:18] [0mChild says: Are you my friend?                                             [0m
[22:18] [0mChild says: Hi.                                                            [0m
[22:18] [0mChild says: Hi.                                                            [0m
[22:18] [0mChild says: Hi.                                                            [0m
[22:19] [0mChild says: Hi.                                                            [0m
[22:19] [0mChild says: Hi.                                                            [0m
[22:19] [0mChild says: Hi.                                                            [0m
[22:19] [0mChild says: Hi.                                                            [0m
[22:19] [0mChild says: Hi.                                                            [0m
[22:19] [0mChild says: Hi.                                                            [0m
[22:19] [0m[34;1mTex shouts:[0m audiance makes cricket noises[0m
[22:19] [0mChild says: Hi.                                                            [0m
[22:19] [0mChild says: Hi.                                                            [0m
[22:19] [0mChild says: Hi.                                                            [0m
[22:19] [0mChild says: Are you my friend?                                             [0m
[22:19] [0mChild says: Are you my friend?                                             [0m
[22:20] [0mChild says: Are you my friend?                                             [0m
[22:20] [0mChild says: Are you my friend?                                             [0m
[22:20] [0mChild says: Hi.                                                            [0m
[22:20] [0mChild says: Hi.                                                            [0m
[22:20] [0mChild says: Are you my friend?                                             [0m
[22:20] [0mChild says: Hi.                                                            [0m
[22:21] [0mChild says: Hi.                                                            [0m
[22:21] [0mChild says: Hi.                                                            [0m
[22:21] [0mChild says: Are you my friend?                                             [0m
[22:21] [0mChild says: Are you my friend?                                             [0m
[22:21] [0mChild says: Are you my friend?                                             [0m
[22:22] [0mChild says: Hi.                                                            [0m
[22:22] [0mChild says: Are you my friend?                                             [0m
[22:22] [0mChild says: Are you my friend?                                             [0m
[22:22] [0mChild says: Are you my friend?                                             [0m
[22:22] [0m ******************************************************[0m
[22:22] [0m **               Available Skills                   **[0m
[22:22] [0m ******************************************************[0m
[22:23] [0mChild says: Are you my friend?                                             [0m
[22:23] [0mChild says: Hi.                                                            [0m
[22:23] [0mChild says: Are you my friend?                                             [0m
[22:23] [0mChild says: Are you my friend?                                             [0m
[22:23] [0mChild says: Hi.                                                            [0m
[22:23] [0mChild says: Hi.                                                            [0m
[22:23] [0mnewb Piney [fighter/9]: how do you increase the number of lines you can see[0m
[22:23] [0m                        when reading an info file?[0m
[22:23] [0mChild says: Hi.                                                            [0m
[22:23] [0mChild says: Hi.                                                            [0m
[22:23] [0mnewb Piney [fighter/9]: well and lists and such as well[0m
[22:23] [0mChild says: Hi.                                                            [0m
[22:23] [0mnewb Ion [android/35]: setmod[0m
[22:24] [0mnewb Glowie [priest/28]: setmod -- help setmod[0m
[22:24] [0mChild says: Hi.                                                            [0m
[22:24] [0mnewb Glowie [priest/28]: setmod ROWS 500 will usually do it[0m
[22:24] [0mChild says: Are you my friend?                                             [0m
[22:24] [0mChild says: Hi.                                                            [0m
[22:24] [0mChild says: Are you my friend?                                             [0m
[22:24] [0mnewb Ion [android/35]: or more like 50, if you only want a screen or so[0m
[22:24] [0m                       worth of information at a time.  depending on device[0m
[22:24] [0mChild says: Hi.                                                            [0m
[22:24] [0mChild says: Are you my friend?                                             [0m
[22:24] [0mChild says: Hi.                                                            [0m
[22:24] [0mChild says: Are you my friend?                                             [0m
[22:25] [0mChild says: Hi.                                                            [0m
[22:25] [0mChild says: Are you my friend?                                             [0m
[22:25] [0mChild says: Are you my friend?                                             [0m
[22:25] [0mnewb Glowie [priest/28]: what Ion said, too. I persoanlly prefer for it to[0m
[22:25] [0m                         scroll and then use pg up/down.[0m
[22:25] [0mChild says: Are you my friend?                                             [0m
[22:25] [0mChild says: Are you my friend?                                             [0m
[22:25] [0mChild says: Hi.                                                            [0m
[22:25] [0mChild says: Hi.                                                            [0m
[22:25] [0mChild says: Hi.                                                            [0m
[22:25] [0mChild says: Hi.                                                            [0m
[22:25] [0mChild says: Hi.                                                            [0m
[22:26] [0mnewb Ion [android/35]: note the properties are case sensitive, like setmod[0m
[22:26] [0m                       timezone doesn't work but setmode TIMEZONE does[0m
[22:26] [0mChild says: Hi.                                                            [0m
[22:26] [0mnewb Piney [fighter/9]: give it to me all at once![0m
[22:26] [0mChild says: Hi.                                                            [0m
[22:26] [0mnewb Ion [android/35]: er.. setmod TIMEZONE[0m
[22:26] [0mChild says: Are you my friend?                                             [0m
[22:26] [0mChild says: Are you my friend?                                             [0m
[22:26] [0mChild says: Hi.                                                            [0m
[22:27] [0mChild says: Are you my friend?                                             [0m
[22:27] [0mnewb Glowie [priest/28]: You hear that, Fluffy?! Piney wants you to give it[0m
[22:27] [0m                         to him all at once![0m
[22:27] [0mChild says: Are you my friend?                                             [0m
[22:27] [0mnewb Ion [android/35]: ...priests..[0m
[22:27] [0mChild says: Are you my friend?                                             [0m
[22:27] [0mChild says: Are you my friend?                                             [0m
[22:27] [0mChild says: Hi.                                                            [0m
[22:27] [0mChild says: Hi.                                                            [0m
[22:28] [0mChild says: Hi.                                                            [0m
[22:28] [0mChild says: Are you my friend?                                             [0m
[22:28] [0mChild says: Hi.                                                            [0m
[22:28] [0mChild says: Are you my friend?                                             [0m
[22:28] [0mChild says: Hi.                                                            [0m
[22:28] [0mChild says: Hi.                                                            [0m
[22:28] [0mChild says: Hi.                                                            [0m
[22:28] [0mChild says: Hi.                                                            [0m
[22:29] [0mChild says: Hi.                                                            [0m
[22:29] [0mChild says: Are you my friend?                                             [0m
[22:29] [0mChild says: Are you my friend?                                             [0m
[22:29] [0mChild says: Are you my friend?                                             [0m
[22:29] [0mChild says: Are you my friend?                                             [0m
[22:29] [0mChild says: Hi.                                                            [0m
[22:30] [0mChild says: Are you my friend?                                             [0m
[23:32] [0mYou adjust your reforger's kit slightly, ready to do more business.[0m
[23:32] [0mYou can currently reforge 12 items.[0m
[23:45] [0m[4m[31m[JEDI]: Kerran Halcyon arrives at the Academy.[0m[0m[0m
[23:59] [0mnewb Okaybanana [juggernaut/79]: Can some kind soul please tell me the[0m
[23:59] [0m                                 directions to Mahjong in chaos?[0m
[23:59] [0mnewb Ion [android/36]: 2w2s[0m
[23:59] [0mnewb Okaybanana [juggernaut/79]: thanks!![0m
