- = LOG STARTED [00:00] = -
[01:00] [0m[34;1mSpace shouts:[0m anyone here play or wants to play Path Of Exile? I have way[0m
[01:00] [0m              too much gear, about to vendor, so if anyone is interested in[0m
[01:00] [0m              being loaded up with solid gear on PoE, send tell[0m
[06:21] [0m[34;1mNightrider shouts:[0m  Clean up ilse 2[0m
[07:30] [0m<- ! The Vigilant ! -> :  A destabilization Kayos event has been detected in[0m
[07:30] [0m                          Deserts of Fantasy!  We are localizing it now -[0m
[07:30] [0m                          get ready![0m
[07:44] [0mHavox flaps : new event spawn, but on my dungeons command old event is[0m
[07:44] [0m              there, what happen if i go in?[0m
[07:45] [0mWik flaps : you become leanardo decaprio[0m
[07:45] [0m[34;1mXiu shouts:[0m westgate, 14w, edged dmg[0m
[08:01] [0mByron flaps : yeah, dungeons changed gor some readon..dungeons has a 'now'[0m
[08:01] [0m              instead of not showing up[0m
[17:20] [0m[34;1mByron shouts:[0m thats a fun deathshout. havent seen that in a while[0m
[17:20] [0m[34;1mNauda shouts:[0m a new death spam just for Furtive?[0m
[17:40] [0mnewb Fluffy [changeling/133]: moo[0m
[17:42] [0mnewb Thom [bard/40]: moooooo :P[0m
[17:45] [0m[34;1mNightrider shouts:[0m le moo?[0m
[18:08] [0m[32mSer tells you:[0m damn bro pulling 7m/hr[0m
[18:39] [0m[34;1mBoosh shouts:[0m fried pork chops mashed taters peas and corn mix nom nom[0m
[18:39] [0m[34;1mScadar shouts:[0m Puke chops.[0m
[18:39] [0m[34;1mAl shouts:[0m boneless, i hope[0m
[18:40] [0m[34;1mZor shouts:[0m no the bones make it tasty![0m
[18:40] [0m[34;1mFluffy shouts:[0m it's true ... boosh has no bone[0m
[18:40] [0m[34;1mAl shouts:[0m thats what she said[0m
[18:40] [0m[34;1mBoosh shouts:[0m yes pork chops are boneless its cheap as heck 2.79 this 5 of[0m
[18:40] [0m              em in a bag[0m
[18:41] [0m[34;1mAl shouts:[0m cheap pork in the us is a huge summer upside to the trade war! [0m
[18:41] [0m           BBQFTWNOMNOMNOM[0m
[18:42] [0m[34;1mZor shouts:[0m it's makes your hair yellow![0m
[18:43] [0m[34;1mBoosh shouts:[0m it give you hair on your head oops sorry fluffy[0m
[18:43] [0m[34;1mScadar shouts:[0m Did you hear about the bacon recall?[0m
[18:44] [0m[34;1mBoosh shouts:[0m sadly in fluffies area it was not needed as he ate them all[0m
[18:44] [0m              already.[0m
[19:00] [0m[34;1mSquirrel shouts:[0m thoust shall have a cow[0m
[19:01] [0m[34;1mFluffy shouts:[0m shank![0m
[19:01] [0mSquirrel flaps : thou shall not break the cow or the game shall be over[0m
[19:05] [0mThom flaps : no problem. i just kill the herd of cows instead of breaking[0m
[19:05] [0m             them :P[0m
[19:05] [0mScadar flaps : It's a warm, toasty 37C here.[0m
[19:06] [0mThom flaps : xd ooph xd its only 26C here thankfully XD[0m
[19:06] [0mScadar flaps : This is actually cool for this area this time of year.[0m
[19:07] [0mScadar flaps : 41C is the average for summer time.[0m
[19:08] [0mThom flaps : XD oh. you must live in the dry area XD[0m
[19:09] [0mScadar flaps : Right now it's like a sauna outside.[0m
[19:11] [0mScadar flaps : El Mirage, AZ. We're not here but we are a town.[0m
[19:13] [0m[34;1mFlaxen shouts:[0m futha[0m
[19:58] [0m[34;1mHyuga shouts:[0m No sleepies![0m
[20:06] [0m[34;1mCrolack shouts:[0m Fluffy tells you: my dagger .. is tiny[0m
[20:06] [0m[34;1mHyuga shouts:[0m ooo i can stabbity[0m
[20:16] [0mLeianne flaps : busy hours for wiz? Can feel the mudlag when speedwalk took[0m
[20:16] [0m                so long to complete :p[0m
[20:16] [0mHyuga flaps : cpu usage pretty high[0m
[20:28] [0m[34;1mWik shouts:[0m goyles got tacos! playcult[0m
[20:37] [0m[32mPhoenix tells you:[0m Buehler? Buehler? Anyone? Buehler?[0m
[20:37] [0m[34;1mFluffy shouts:[0m i told you never to call me at this number![0m
[20:37] [0m[34;1mSpace shouts:[0m drop the h[0m
[20:38] [0m[34;1mZor shouts:[0m he left out the secret passageway[0m
[20:38] [0m[34;1mSquirrel shouts:[0m he dabbed.[0m
[20:38] [0m[34;1mAdalius shouts:[0m Relax Space. It wasn't a direct reference, just a fringe one[0m
[20:38] [0m                :P[0m
[20:39] [0m[34;1mRictor shouts:[0m Do I have something gagged or am I just not getting the[0m
[20:39] [0m               reference Ada?[0m
[20:40] [0m[34;1mSpace shouts:[0m ferris buellers day iff[0m
[20:40] [0m[34;1mRictor shouts:[0m Ahhhhhhhhhh, the echoall :P  Guess I fell for that one.[0m
[20:41] [0m[34;1mPhoenix shouts:[0m if I had sent the tell, I'd at least imdb the movie's title.[0m
[20:41] [0m                Thats how you know[0m
[20:41] [0m[34;1mAdalius shouts:[0m drop the i and replace it with an o[0m
[20:41] [0m[34;1mHyuga shouts:[0m and if i had sent the tell, it would be lowercase with less[0m
[20:41] [0m              punctuation[0m
[20:41] [0m[34;1mRictor shouts:[0m Adalios?[0m
[20:42] [0m[34;1mLeianne shouts:[0m Adalous[0m
[20:42] [0m[34;1mRictor shouts:[0m Jesus I suck laf.[0m
[20:42] [0m[34;1mAdalius shouts:[0m rm rictass.o  >No such file.  Damnit.[0m
[20:42] [0m[34;1mSquirrel shouts:[0m you tell phoenix: man bear pig[0m
[20:42] [0m[34;1mRictor shouts:[0m Y*ou[0m
[20:47] [0m[34;1mSpace shouts:[0m bueller bueller - enjoy[0m
[20:47] [0m              https://www.youtube.com/watch?v=NP0mQeLWCCo[0m
[20:49] [0m[34;1mZor shouts:[0m and be sucked into the dungeon of idle players[0m
[21:16] [0mSquirrel flaps : has anyone found tomes vol 3 forge, enchanting, mining, or[0m
[21:16] [0m                 wrangling?[0m
[21:45] [0mSer flaps : yes[0m
[21:55] [0m[34;1mSer shouts:[0m playcult you fiends[0m
[21:56] [0mJasmine [Jedi(Knight)]: thank god off work tomorrow, supposed to be 101[0m
[21:56] [0m                        outside, im staying inside with ac blasting[0m
[21:57] [0mSimonz [Jedi(41)]: where at?[0m
[21:58] [0mJasmine [Jedi(Knight)]: cali[0m
[21:58] [0mSimonz [Jedi(41)]: heh, in AZ 101 is still nice weather[0m
[21:58] [0mSimonz [Jedi(41)]: don't start complaining until 110[0m
[21:59] [0mJasmine [Jedi(Knight)]: i like cold weather[0m
[22:20] [0m[34;1mSer shouts:[0m who's winning the lottery tonight plz send me some money to fix[0m
[22:20] [0m            my truck thnx[0m
[22:20] [0m[34;1mSquirrel shouts:[0m you can get a new caddy.[0m
[22:20] [0m[34;1mScadar shouts:[0m I won the lottery once, a whole $2![0m
[22:28] [0m[34;1mSky shouts:[0m I got an education by playing the education lottery. I was[0m
[22:28] [0m            schooled by learning I shouldn't play the lottery.[0m
[22:29] [0m[34;1mHyuga shouts:[0m how many tickets did you buy[0m
[22:31] [0m[34;1mSer shouts:[0m i dropped my entire checking on it, duh[0m
[22:32] [0m[34;1mSer shouts:[0m i figure that $6, man, that's 3 chances[0m
[23:09] [0mHyuga [Jedi(87)]: nomnomnom[0m
[23:09] [0mHyuga [Jedi(87)]: shite[0m
[23:58] [0m<- ! The Vigilant ! -> :  A destabilization Kayos event has been detected in[0m
[23:58] [0m                          Northern Hills of Fantasy!  We are localizing it[0m
[23:58] [0m                          now - get ready![0m
[23:59] [0mSimonz [Jedi(41)]: woo, guide 7[0m
