- = LOG STARTED [00:00] = -
[00:10] [0m[33;1m[Clan] Byron :[0m 2 crit[0m
[00:10] [0m[33;1m[Clan] Byron :[0m oops[0m
[00:12] [0m[37;1m[JEDI]:[0m Herah Wylann arrives at the Academy.[0m
[00:28] [0m[33;1m[Clan] Byron :[0m o i have another ROH smuggled[0m
[00:43] [0m[37;1m[JEDI]:[0m Kerran Halcyon arrives at the Academy.[0m
[00:49] [0m[33;1m[Clan] Byron :[0m another ROH in box[0m
[00:49] [0m[33;1m[Clan] Byron :[0m and potion[0m
[01:10] [0m[37;1m[JEDI]:[0m Durnoth arrives at the Academy.[0m
[01:46] [0m[37;1m[JEDI]:[0m Bithoff Jonansaan arrives at the Academy.[0m
[06:37] [0m[35;1mHyuga [Jedi(93)]:[0m muahahahahaha[0m
[06:37] [0m[35;1mHyuga [Jedi(93)]:[0m all fragments smuggled forever[0m
[06:52] [0m[37;1m[JEDI]:[0m H'ssani C'talan arrives at the Academy.[0m
[07:21] [0m[37;1m[JEDI]:[0m Janath Meelin arrives at the Academy.[0m
[07:47] [0m[37;1m[JEDI]:[0m Reena Bel Noir arrives at the Academy.[0m
[08:13] [0m[37;1m[JEDI]:[0m Alyssa K'tal arrives at the Academy.[0m
[08:16] [0m[35;1mElindal [Jedi(25)]:[0m is there a way to get my droid to come back to me after[0m
[08:16] [0m                    being LD?[0m
[08:24] [0mKitt flaps : Hi[0m
[08:37] [0mnewb Hsima [sii/132]: I bet I was fighting 117 zel yesterday when I died[0m
[08:37] [0mnewb Hsima [sii/132]: um, hi[0m
[08:37] [0mnewb Ser [psicorps/133]: newb[0m
[14:05] [0mSimonz <Craft>: wtb your satchel[0m
[14:06] [0mSpace <Craft>: you cant aford it[0m
[14:06] [0mSpace <Craft>: you cant *afford it[0m
[14:07] [0mRoken <Craft>: didn't ya hear, simonz is made of money![0m
[14:07] [0m[34;1mNauda shouts:[0m and everything nice[0m
[14:08] [0m[32mYou tell Simonz:[0m is it worth making nethernium armor set?[0m
[14:08] [0mSpace <Craft>: even so ;)[0m
[14:09] [0m[33;1m[Clan] Nix :[0m i have 74 on me[0m
[14:09] [0m[33;1m[Clan] Byron :[0m I just preserved all mine[0m
[14:09] [0m[32mSimonz tells you:[0m I think e/b is higher on titanium?  ukyo would know for[0m
[14:09] [0m        sure[0m
[14:09] [0mSpace <Craft>: 1400 hearts, 400 legendary, price it out for me[0m
[14:09] [0mParzival <Craft>: $3.50[0m
[14:10] [0mNauda <Craft>: one million dollars[0m
[14:10] [0mKefka <Craft>: ^^[0m
[14:10] [0mLachlan <Craft>: 100k per legendary.[0m
[14:10] [0mLachlan <Craft>: 25k per everything else[0m
[14:10] [0mLachlan <Craft>: or less.[0m
[14:11] [0m[33;1m[Clan] Byron :[0m preserve/toss into house 227 crypt box[0m
[14:11] [0mNauda <Craft>: free tiddy[0m
[14:11] [0mLachlan <Craft>: so what 50 million?[0m
[14:11] [0mSimonz <Craft>: you don't need money, so you probably wouldn't sell for an[0m
[14:11] [0m                exorbient price *shrug*[0m
[14:11] [0m[33;1m[Clan] Byron :[0m Xaryl can ftouch them later[0m
[14:11] [0mSimonz <Craft>: for a non-exorbiant price[0m
[14:11] [0m[33;1m[Clan] Byron :[0m gonna check for guac[0m
[14:11] [0m[33;1m[Clan] Byron :[0m since I assume me/you will tank[0m
[14:11] [0mSpace <Craft>: see that comes to 65m, since max bank is 150m, he cant pay me[0m
[14:11] [0m               that much, i.e cant afford[0m
[14:11] [0mByron <Craft>: I'll hold it[0m
[14:12] [0mZachitnik <Craft>: bank has max?[0m
[14:12] [0mSpace <Craft>: 150m per human yes[0m
[14:12] [0m[33;1m[Clan] Byron :[0m og 10% in box[0m
[14:12] [0mYour transmuter's stone bursts with 6 new colours![0m
[14:13] [0m[33;1m[Clan] Byron :[0m OG auro in space box[0m
[14:13] [0m[37;1m[JEDI]:[0m Talia Ska arrives at the Academy.[0m
[14:15] [0m[32;1mFrom afar, you nod to Simonz.[0m[0m
[14:21] [0mDakeda flaps : Anyone mind telling me how to get off of Cap'n Chrunch's[0m
[14:21] [0m               ship?[0m
[14:24] [0mCrolack flaps : add milk?[0m
[14:24] [0mNauda flaps : got miiiiiiiiiilk?[0m
[14:24] [0mVagrant flaps : pull rope[0m
[14:25] [0mNauda flaps : pull finger[0m
[14:25] [0m[34;1mVagrant shouts:[0m FLUFFY IS MY DAD[0m
[14:25] [0mDakeda flaps : Vagrant ported me out of there. Thanks, Vagrant![0m
[14:26] [0m[34;1mLeto shouts:[0m lucky![0m
[14:40] [0mCrolack flaps : fluff fluff[0m
[14:42] [0mZachitnik <Craft>: May someone help with a reforge[0m
[14:42] [0mKitt flaps : Crolack got da Moo Back[0m
[14:44] [0m[34;1mMellaous shouts:[0m woo[0m
[14:44] [0m[34;1mFluffy shouts:[0m big letters[0m
[14:44] [0m[34;1mHex shouts:[0m some of those were number fluffy...tsk tsk[0m
[14:45] [0m[34;1mHex shouts:[0m but woo for the void![0m
[14:46] [0m[34;1mNauda shouts:[0m Your argument is void![0m
[14:46] [0m[34;1mHex shouts:[0m hey void, you have a twin named null?[0m
[14:46] [0m[34;1mCathartic shouts:[0m A void is not emptiness, a void is lacking constraints.[0m
[14:47] [0mHex flaps : what's the item that makes you talk like a drunk viking?[0m
[14:48] [0mUkyo flaps : ring of fifteen?[0m
[14:49] [0mHex flaps : we need a orange tupee that makes you talk like a 70 iq guy with[0m
[14:49] [0m            no memory[0m
[14:49] [0mXiu flaps : -274 int when worn[0m
[14:51] [0m[37;1m[JEDI]:[0m Alyssa K'tal arrives at the Academy.[0m
[14:52] [0mEnemy flaps : #pol[0m
[14:56] [0m[34;1mHex shouts:[0m woot[0m
[14:56] [0m[34;1mFluffy shouts:[0m haha bye bye burnaby .. er ... woo![0m
[14:56] [0m[34;1mBurnaby shouts:[0m thanks![0m
[14:56] [0m[34;1mRaest shouts:[0m spammy[0m
[14:59] [0m[34;1mFluffy shouts:[0m crow-slack![0m
[14:59] [0m[34;1mRoken shouts:[0m big letters[0m
[14:59] [0m[34;1mHex shouts:[0m there's a level {null}[0m
[14:59] [0m[34;1mLeto shouts:[0m wait, what's his level though?[0m
[14:59] [0m[34;1mCrolack shouts:[0m You are a wizard now, you must seek other ways to advance[0m
[14:59] [0m                your level.[0m
[15:00] [0m[34;1mParzival shouts:[0m pretty sure wizards earn xp from dests[0m
[15:00] [0m[34;1mUkyo shouts:[0m crispix best xp.[0m
[15:00] [0m[34;1mByron shouts:[0m I'm getting lvl 500 the hard way[0m
[15:01] [0m[34;1mCrolack shouts:[0m Back when levels went to 49, someone did level to 50 and[0m
[15:01] [0m                became a wizard.[0m
[15:02] [0m[34;1mHex shouts:[0m I hear the best way to level as a wiz is granting tons of boons[0m
[15:03] [0m[34;1mCrolack shouts:[0m You have used 2 of your 2 boons per 30 days. Your next slot[0m
[15:03] [0m                will open in 2 weeks, 8 hours, 52 minutes and 34 seconds.[0m
[15:04] [0m[34;1mHex shouts:[0m get leveling so you have a bigger boon pool![0m
[15:04] [0m[34;1mDin shouts:[0m on day 7 of boot.. interesting timing[0m
[15:05] [0m[33;1m[Clan] Mud :[0m oo, thanks!  i was just about to ask for a dupe[0m
[15:05] [0m[33;1m[Clan] Mud :[0m just got on[0m
[15:07] [0m[34;1mByron shouts:[0m crolack uses his boons to see who's cult[0m
[15:08] [0m[33;1m[Clan] Phenom leaves the game.[0m  [0m
[15:09] [0m[33;1m[Clan] Phenom enters the game.[0m  [0m
[15:11] [0m[34;1mSpace shouts:[0m man i havent cult killed or takenout Nik in quite a few days,[0m
[15:11] [0m              thanks for reminding me Byron![0m
[15:11] [0m[34;1mNik shouts:[0m playcult harder[0m
[15:11] [0m[34;1mByron shouts:[0m we all know you don't cult[0m
[15:12] [0m[34;1mByron shouts:[0m space = pacifist[0m
[15:12] [0m[34;1mSpace shouts:[0m anything to kill Nik !! (yes I am a pacifist playing a game[0m
[15:12] [0m              about constantly murdering stuff) ![0m
[15:12] [0mYour transmuter's stone bursts with 3 new colours![0m
[15:12] [0m[34;1mLachlan shouts:[0m 3 million kills... he's an absolute darling of a[0m
[15:12] [0m                non-aggression activist.[0m
[15:19] [0m[37;1m[JEDI]:[0m Kerran Halcyon arrives at the Academy.[0m
[15:33] [0m[34;1mLachlan shouts:[0m So is there going to be a ThanksGiving invasion this[0m
[15:33] [0m                weekend?[0m
[15:33] [0m[34;1mLeto shouts:[0m Halloween holds the line.[0m
[15:33] [0m[34;1mNik shouts:[0m pumpkins first bumpkin[0m
[15:33] [0m[34;1mCrolack shouts:[0m We don't care about canucks[0m
[15:33] [0m[34;1mKitt shouts:[0m invasions never happen[0m
[15:34] [0m[34;1mAdalius shouts:[0m No, Easter invasion is this weekend. Thanksgiving isn't[0m
[15:34] [0m                until mid December. Halloween is in mid February, and[0m
[15:34] [0m                Valentines Day/Cupid invasion only happens on leap years.[0m
[15:34] [0m[34;1mLachlan shouts:[0m We DEMAND our Own National Invasion![0m
[15:34] [0m[34;1mLeto shouts:[0m :O[0m
[15:34] [0m[34;1mKitt shouts:[0m there is no We in "I"[0m
[15:35] [0m[34;1mSimonz shouts:[0m you don't have a wee?  sorry bro =/[0m
[15:35] [0m[32;1mFrom afar, Turkey invades.[0m[0m
[15:35] [0m[34;1mLachlan shouts:[0m That's right... Invasion of 3k by Canadian mobs... There are[0m
[15:35] [0m                Timbits, Gretzkys, Polar Bears, Meeses.. and more![0m
[15:35] [0m[34;1mXavier shouts:[0m turkey invasion?  is this Syria?[0m
[15:35] [0m[34;1mAdalius shouts:[0m "Girl, I love you so much I'd wait in line for you at Tims"[0m
[15:35] [0m[34;1mKitt shouts:[0m Yo Face[0m
[15:36] [0m[34;1mSpace shouts:[0m oh, Frank bringing back the turkey farm? tho isint it a bit[0m
[15:36] [0m              too early for thanksgiving?[0m
[15:36] [0m[34;1mLachlan shouts:[0m Thanksgiving is this coming Monday... We need to get the[0m
[15:36] [0m                harvest in before the snows come.[0m
[15:37] [0m[34;1mLachlan shouts:[0m No luxury of a Florida, Texas or Cali up here.[0m
[15:47] [0m[34;1mParzival shouts:[0m go go go[0m
[15:47] [0m[34;1mKichi shouts:[0m ah yes, someone[0m
[15:47] [0m[34;1mDin shouts:[0m Someone in Crydee with the Griffin Claws[0m
[15:55] [0m[37;1m[JEDI]:[0m Janath Meelin arrives at the Academy.[0m
[16:12] [0mYour transmuter's stone bursts with 6 new colours![0m
[16:32] [0m[37;1m[JEDI]:[0m Kerran Halcyon arrives at the Academy.[0m
[16:35] [0m[34;1mAl shouts:[0m CheesesteakMeNow[0m
[16:37] [0m[34;1mHex shouts:[0m #SteakBombMeNow?[0m
[16:37] [0m[34;1mAl shouts:[0m also acceptable.  #CowboyRibeyeFTW[0m
[16:38] [0m[37;1mGaidin <.oO>:[0m is there a "(powers learned" or something like that that only[0m
[16:38] [0m              shows the powers you have?[0m
[16:38] [0m[37;1mAl <.oO>:[0m oo[0m
[16:38] [0m[34;1mLeto shouts:[0m chedder butterburger and onion ring?[0m
[16:38] [0m[37;1mAl <.oO>:[0m i thought abt gagging stuff, but thay would be nice[0m
[16:39] [0m[37;1mXiu <.oO>:[0m simple, just learn everything then (powers does that by default![0m
[16:39] [0m[37;1mNauda <.oO>:[0m your face is simple[0m
[16:39] [0m[34;1mHex shouts:[0m #ArbysWeHaveTheMeats[0m
[16:39] [0m[34;1mDin shouts:[0m no guarantees what meats they are, but they're definitely some[0m
[16:39] [0m            sort of meat-ish product[0m
[16:40] [0m[34;1mHex shouts:[0m ^^[0m
[16:40] [0m[34;1mHyuga shouts:[0m i love sliced meatish[0m
[16:41] [0m[34;1mLeto shouts:[0m with cheeseish sauce[0m
[16:41] [0m[34;1mHex shouts:[0m kind of like - filet of fish ----ummm there are many many kinds[0m
[16:41] [0m            of fish...specifics folks[0m
[16:42] [0m[37;1mHex <.oO>:[0m I thought simple was a player[0m
[16:44] [0m[37;1mHex <.oO>:[0m only 412B xp to max out all the power I want ;)[0m
[16:44] [0m[37;1mLachlan <.oO>:[0m pocket change[0m
[16:45] [0m[37;1mLachlan <.oO>:[0m whats that 20 hours for Space or Xiu![0m
[16:45] [0m[37;1mHex <.oO>:[0m yar, give me a few hrs to get that[0m
[16:52] [0m[33;1m[Clan] Ser :[0m nik you making kits[0m
[16:54] [0m[33;1m[Clan] Void :[0m oh sick[0m
[16:54] [0m[33;1m[Clan] Void :[0m priest mends for monks refreshes mind![0m
[16:54] [0m[33;1m[Clan] Xaryl :[0m GP mends are crazy[0m
[16:54] [0m[33;1m[Clan] Xaryl :[0m just that one[0m
[16:55] [0m[33;1m[Clan] Xaryl :[0m kitten will heal SP[0m
[16:55] [0m[33;1m[Clan] Void :[0m hmm let me check chi[0m
[16:55] [0m[33;1m[Clan] Void :[0m yeah just peace level... still sick[0m
[16:55] [0m[33;1m[Clan] Void :[0m this is nix for those that don't know[0m
[16:56] [0m[33;1m[Clan] Xaryl :[0m got tired of being insanely BS?[0m
[16:56] [0m[33;1m[Clan] Void :[0m lol, trying to get a second dupe (finally)[0m
[16:56] [0m[33;1m[Clan] Xaryl :[0m heh[0m
[17:03] [0m[33;1m[Clan] Byron :[0m PSA: Save/split/preserve/box corpses for a Tao run in a few[0m
[17:03] [0m               days :)[0m
[17:07] [0m[37;1m[JEDI]:[0m H'ssani C'talan arrives at the Academy.[0m
[17:09] [0m[33;1m[Clan] Archangel :[0m Are there kits?[0m
[17:09] [0m[33;1m[Clan] Xaryl :[0m do we have kits somewhere?[0m
[17:09] [0m[33;1m[Clan] Byron :[0m I just had space split/pres mine[0m
[17:09] [0m[33;1m[Clan] Byron :[0m err pres, i got mask too[0m
[17:10] [0m[33;1m[Clan] Byron :[0m I was gonna fill that box in your crypt (227), then[0m
[17:10] [0m               ftouch/move to another box.[0m
[17:10] [0m[33;1m[Clan] Byron :[0m Can you leave/return to your progress point in Tao?[0m
[17:11] [0m[33;1m[Clan] Byron :[0m I can summon the party, but that's only 1 shot[0m
[17:11] [0m[33;1m[Clan] Xaryl :[0m has been too long! do not rememner[0m
[17:11] [0m[33;1m[Clan] Xaryl :[0m is it portable? my servant can carry lots of corpses if[0m
[17:11] [0m               Ftouched[0m
[17:11] [0m[33;1m[Clan] Byron :[0m No idea. I never killed in Tao[0m
[17:12] [0m[33;1m[Clan] Byron :[0m Didnt have need for the scroll[0m
[17:12] [0m[33;1m[Clan] Void :[0m no if you leave you start over... no idea about summon tho[0m
[17:12] [0m[33;1m[Clan] Byron :[0m summon would work[0m
[17:12] [0m[33;1m[Clan] Byron :[0m 99.99% sure of that[0m
[17:12] [0m[33;1m[Clan] Byron :[0m I can die/teleport back in too[0m
[17:13] [0mYour transmuter's stone bursts with 4 new colours![0m
[17:13] [0m[33;1m[Clan] Byron :[0m So there's 2 ways to restock if necessary.  But a huge group[0m
[17:13] [0m               w/ ftouched corpses, we can carry loads[0m
[17:13] [0m[33;1m[Clan] Byron :[0m And I assume Nix/Me are tanking - Xaryl healing...they'll go[0m
[17:13] [0m               a long ways[0m
[17:14] [0m[33;1m[Clan] Xaryl :[0m nod! yummy GXP[0m
[17:14] [0m[33;1m[Clan] Byron :[0m It could be insane xp, we'll find out I guess[0m
[17:15] [0m[33;1m[Clan] Byron :[0m Are the mobs beefy/lots of hp?[0m
[17:15] [0m[33;1m[Clan] Void :[0m no they hit like a truck tho when you get deep[0m
[17:15] [0m[33;1m[Clan] Byron :[0m Nod.  THat's good though, would rather have big hits than big[0m
[17:15] [0m               hps[0m
[17:15] [0m[33;1m[Clan] Xaryl :[0m yeah[0m
[17:15] [0m[33;1m[Clan] Byron :[0m Since we got xaryl[0m
[17:20] [0m[33;1m[Clan] Xaryl :[0m donates in 227[0m
[17:34] [0m[37;1m[JEDI]:[0m Durnoth arrives at the Academy.[0m
[17:52] [0m[32;1mFrom afar, Xaryl acks at you.[0m[0m
[17:53] [0m[32;1mFrom afar, Pluck sobs on your shoulder.[0m[0m
[17:53] [0m[33;1m[Clan] Roken :[0m tried to get 82 zelligar :'([0m
[17:54] [0m[33;1m[Clan] Mud :[0m i could get ya one later when your zelligar is clear[0m
[17:54] [0m[33;1m[Clan] Roken :[0m ok about 7 central[0m
[17:54] [0m[33;1m[Clan] Byron :[0m how big is that zelligar?[0m
[17:54] [0m[33;1m[Clan] Byron :[0m he hits a lot harder than his class[0m
[17:54] [0m[33;1m[Clan] Roken :[0m about 6m[0m
[17:55] [0m[33;1m[Clan] Byron :[0m no embiggen?[0m
[17:56] [0m[34;1mFluffy shouts:[0m big letters[0m
[17:56] [0m[34;1mVoid shouts:[0m thanks all[0m
[17:56] [0m[33;1m[Clan] Roken :[0m no only have dupe item T1[0m
[17:58] [0m[34;1mRaest shouts:[0m the Noid is levelli g?[0m
[17:59] [0m[34;1mMud shouts:[0m Yo Noid![0m
[18:12] [0m[37;1m[JEDI]:[0m Reena Bel Noir arrives at the Academy.[0m
[18:14] [0mYour transmuter's stone bursts with 4 new colours![0m
[18:19] [0m[34;1mLeto shouts:[0m lesbefriends![0m
[18:19] [0m[34;1mDeus shouts:[0m HA![0m
[18:45] [0m[37;1m[JEDI]:[0m Bithoff Jonansaan arrives at the Academy.[0m
[18:48] [0m[33;1m[Clan] Ipsie :[0m hey all[0m
[18:50] [0m[33;1m[Clan] Archangel :[0m Hola[0m
[18:56] [0mXiu flaps : you know you've done messed up when your name becomes a swear[0m
[18:56] [0m            word.[0m
[19:05] [0mSer flaps : xiu it all[0m
[19:13] [0m[37;1m[JEDI]:[0m Wennic Ber'ni'lok arrives at the Academy.[0m
[19:14] [0mYour transmuter's stone bursts with 2 new colours![0m
[19:26] [0m[33;1m[Clan] Byron :[0m Aka, any chance you could preserve a bunch of corpses for me?[0m
[19:35] [0m[33;1m[Clan] Nix :[0m i still have my freeEr[0m
[19:36] [0m[33;1m[Clan] Byron :[0m 455 corpses stocked so far[0m
[19:36] [0m[33;1m[Clan] Xaryl :[0m I have about 150 -- ftouched also[0m
[19:37] [0m[33;1m[Clan] Byron :[0m sweet. I figure I'd fill a box, you can ftouch the room and[0m
[19:37] [0m               transfer to a diff box.  so the prep box / finished box[0m
[19:38] [0m[37;1m[JEDI]:[0m Rhaan arrives at the Academy.[0m
[19:40] [0m[33;1m[Clan] Xaryl :[0m nod[0m
[19:41] [0m[33;1m[Clan] Xaryl :[0m I keep forgetting I do not have a necro anymore[0m
[19:41] [0m[33;1m[Clan] Xaryl :[0m *heh*[0m
[19:41] [0m[33;1m[Clan] Ipsie :[0m i can always swap to preserve if needed[0m
[19:41] [0m[33;1m[Clan] Xaryl :[0m thanks[0m
[19:41] [0m[33;1m[Clan] Void :[0m res me byron[0m
[19:41] [0m[33;1m[Clan] Void :[0m (resurrect[0m
[19:45] [0m[33;1m[Clan] Byron :[0m I dont have it[0m
[19:46] [0m[33;1m[Clan] Byron :[0m we'll go to hotel thgouh since my summon is down[0m
[19:46] [0m[33;1m[Clan] Byron :[0m and you cant get in here[0m
[19:46] [0m[33;1m[Clan] Byron :[0m i'll go pick up res[0m
[19:46] [0m[33;1m[Clan] Byron :[0m hang tight[0m
[19:46] [0m[33;1m[Clan] Byron :[0m I think I'm just gonna max all eternal powers[0m
[19:47] [0m[33;1m[Clan] Byron :[0m Then after/if bards get love, I can unlearn.  Don't want to[0m
[19:47] [0m               waste putting xp into stats if they could change[0m
[19:48] [0m[33;1m[Clan] Void :[0m caboose got me i think[0m
[19:49] [0m[33;1m[Clan] Byron :[0m ok, stil gonna go learn. wait at hotel for me[0m
[19:49] [0m[33;1m[Clan] Void :[0m im still in graveyard[0m
[19:51] [0m[33;1m[Clan] Void :[0m just res me bdawg[0m
[19:52] [0m[33;1m[Clan] Byron :[0m done[0m
[19:52] [0m[33;1m[Clan] Byron :[0m at hotel[0m
[19:52] [0m[33;1m[Clan] Byron :[0m also got redact maxed, gonna see what mobs I can muck with[0m
[20:03] [0m[37;1m[JEDI]:[0m Tobias Kel'ach'nar arrives at the Academy.[0m
[20:06] [0m[32mElminster says:[0m hugo, begone[0m
[20:06] [0m[33;1m[Clan] Roken :[0m i'm standing by at zel @mud if this is a good time[0m
[20:07] [0m[33;1m[Clan] Mud :[0m ahh, lemme get that going in a min or two.  ill let ya know[0m
[20:07] [0m             when ive got room cleared and could drag ya there quick[0m
[20:08] [0m[33;1m[Clan] Mud :[0m may take 10ish mins or so?[0m
[20:09] [0m[33;1m[Clan] Roken :[0m ok, no rush :)[0m
[20:13] [0m[33;1m[Clan] Byron :[0m fuck, should've snagged freezer from nix so I can stack more[0m
[20:13] [0m[33;1m[Clan] Byron :[0m oops[0m
[20:13] [0m[33;1m[Clan] Byron :[0m wl[0m
[20:14] [0mYour transmuter's stone bursts with 3 new colours![0m
[20:21] [0m[33;1m[Clan] Ser :[0m testing king rimalkin w/ no embiggen[0m
[20:21] [0m[33;1m[Clan] Ser :[0m just wanna see if i can kill[0m
[20:21] [0m[33;1m[Clan] Xaryl :[0m beefy![0m
[20:21] [0m[33;1m[Clan] Ser :[0m i mean i only have 8500 hp w/o it, so i'm still squishy[0m
[20:21] [0m[33;1m[Clan] Xaryl :[0m laugh![0m
[20:21] [0m[33;1m[Clan] Ser :[0m make that 8800[0m
[20:22] [0m[33;1m[Clan] Ser :[0m if i had a couple cae potions i'd have a teensy bit more[0m
[20:22] [0m[33;1m[Clan] Ser :[0m do i need embiggen for anything ?[0m
[20:22] [0m[33;1m[Clan] Ser :[0m like, are we going to run something that i might need it on?[0m
[20:23] [0m[33;1m[Clan] Mud :[0m forgot i was fighting zell here for a moment.  not rims[0m
[20:23] [0m[33;1m[Clan] Xaryl :[0m laugh[0m
[20:23] [0m[33;1m[Clan] Mud :[0m close call[0m
[20:23] [0m[33;1m[Clan] Void :[0m we should kill paul[0m
[20:23] [0m[33;1m[Clan] Ser :[0m looks like i can save embiggen for that, king isn't destroying[0m
[20:23] [0m             me w/o, no guac tho[0m
[20:24] [0m[33;1m[Clan] Ser :[0m going to craft a helmet too[0m
[20:25] [0m[33;1m[Clan] Byron :[0m You want paul for nix?[0m
[20:26] [0m[33;1m[Clan] Byron :[0m There are a few big boys on[0m
[20:26] [0m[33;1m[Clan] Byron :[0m Risky w/ me + mud though[0m
[20:26] [0m[33;1m[Clan] Ser :[0m how do i calculate dr?  my guild cstats / (cstats?[0m
[20:26] [0m[33;1m[Clan] Void :[0m i won't do it with another bard[0m
[20:27] [0m[33;1m[Clan] Ser :[0m will run tacos after this[0m
[20:28] [0m[33;1m[Clan] Byron :[0m that's how I do it Ser[0m
[20:28] [0m[33;1m[Clan] Ser :[0m what[0m
[20:28] [0m[33;1m[Clan] Byron :[0m )cstats is pre-gobj[0m
[20:28] [0m[33;1m[Clan] Ser :[0m ok nod[0m
[20:28] [0m[33;1m[Clan] Byron :[0m calc DR[0m
[20:28] [0m[33;1m[Clan] Ser :[0m just making sure, sitting at 86% w/o cocoon[0m
[20:29] [0m[33;1m[Clan] Byron :[0m With guac I'm probably at like 99% laf[0m
[20:29] [0m[33;1m[Clan] Ser :[0m also don't have a helmet[0m
[20:29] [0m[32mMud tells you:[0m another min or two and i could drag ya to headband[0m
[20:29] [0m[32;1mFrom afar, you nod to Mud.[0m[0m
[20:29] [0m[33;1m[Clan] Ser :[0m not that that should affect that much[0m
[20:29] [0m[33;1m[Clan] Ser :[0m working on RoMD too so[0m
[20:29] [0m[33;1m[Clan] Byron :[0m I can dupe you my mask in 24hrs[0m
[20:30] [0m[33;1m[Clan] Ser :[0m i don't need a mask, going to craft one w/ +wis[0m
[20:30] [0m[33;1m[Clan] Byron :[0m ok.  mask is BS ac too btw if you didnt know.[0m
[20:30] [0m[33;1m[Clan] Ser :[0m i can do +9 wis w/ a superior gem[0m
[20:30] [0m[33;1m[Clan] Byron :[0m nog[0m
[20:30] [0m[33;1m[Clan] Mud :[0m who has dupabel one?[0m
[20:30] [0m[33;1m[Clan] Void :[0m mask is not bs ac[0m
[20:30] [0m[33;1m[Clan] Byron :[0m I do[0m
[20:30] [0m[33;1m[Clan] Void :[0m its like 15/15 e/b[0m
[20:30] [0m[33;1m[Clan] Byron :[0m mask has fuckton of ac[0m
[20:31] [0m[33;1m[Clan] Byron :[0m and you can get lots SMD[0m
[20:31] [0m[33;1m[Clan] Ser :[0m my crafted helmet will be 15 e/b[0m
[20:31] [0m[33;1m[Clan] Byron :[0m whats mask ac for helmet?[0m
[20:31] [0m[33;1m[Clan] Void :[0m what do you kill that you need poison/radiation/ice and all[0m
[20:31] [0m              that shit for...[0m
[20:31] [0m[33;1m[Clan] Ser :[0m 15 edged, 15 blunt, 8 fire, 8 ice, 8 acid, 5 electric, 5 mind,[0m
[20:31] [0m             5 energy, 8 poison, 8 radiation[0m
[20:31] [0m[33;1m[Clan] Ser :[0m going to craft that w/ enhance[0m
[20:31] [0m[33;1m[Clan] Byron :[0m I dont need that, but I can reforge lots SMD elec or mind[0m
[20:31] [0m[33;1m[Clan] Ser :[0m so it'll be pretty decent all around[0m
[20:31] [0m[33;1m[Clan] Byron :[0m nog[0m
[20:31] [0m[33;1m[Clan] Void :[0m i don't have a helmet and i'm at unbreakable on nix[0m
[20:31] [0m[33;1m[Clan] Byron :[0m only +9wis total?[0m
[20:31] [0m[33;1m[Clan] Ser :[0m i already have 1 +9 wis gem[0m
[20:32] [0m[33;1m[PARTY][0m Roken joins the party.[0m
[20:32] [0m[33;1m[Clan] Byron :[0m why wis? i thought you were all about str[0m
[20:32] [0m[33;1m[PARTY][0m Mud: follow pls[0m
[20:32] [0m[33;1m[PARTY][0m Mud: you can take a hit or two from 6m right?[0m
[20:32] [0m[33;1m[Clan] Ser :[0m and it looks like even chaostone gear a lot of it only uses[0m
[20:32] [0m             standard gems[0m
[20:32] [0m[33;1m[Clan] Ser :[0m i'm testing[0m
[20:32] [0m[33;1m[Clan] Void :[0m Sgt. Ser noodle arms[0m
[20:32] [0m[33;1m[PARTY][0m Roken: ya[0m
[20:32] [0m[33;1m[PARTY][0m Mud: think youll be fine[0m
[20:32] [0m[33;1m[Clan] Ser :[0m Str: 337    Dex: 214    Wis: 138    Int: 56     Con: 407   [0m
[20:32] [0m             Cha: 60[0m
[20:32] [0m[33;1m[Clan] Byron :[0m Ser flexes his track-mark ridden arms[0m
[20:32] [0m[33;1m[PARTY][0m Roken: i can do this scale fine, just not zel himself[0m
[20:32] [0m[33;1m[Clan] Ser :[0m yah noodle arms[0m
[20:32] [0m[33;1m[Clan] Xaryl :[0m laugh![0m
[20:33] [0m[33;1m[PARTY][0m Mud: oh, go north and come back[0m
[20:33] [0m[33;1m[Clan] Ser :[0m i want to push dex/wis next for melee[0m
[20:33] [0m[33;1m[Clan] Archangel :[0m Gotta lay of the steroids man.  Otherwise, you'll grow[0m
[20:33] [0m                   big breasts... on second thought, keep doing it.[0m
[20:33] [0m[33;1m[PARTY][0m Roken: der i can't get all here lol[0m
[20:34] [0m[33;1m[Clan] Ser :[0m life 1 at 30%, this is slow, debating embiggen :P[0m
[20:34] [0m[33;1m[PARTY][0m Roken has quit the party.[0m
[20:34] [0m[32mYou tell Mud:[0m thank you much[0m
[20:34] [0m[32mMud tells you:[0m once your jedi gets a bit bigger he wont be much roublr[0m
[20:34] [0m[32mMud tells you:[0m trouble[0m
[20:34] [0m[32mMud tells you:[0m no prob![0m
[20:35] [0m[33;1m[Clan] Byron :[0m big sweaty tiddies[0m
[20:35] [0m[32mYou tell Mud:[0m well may as well do the dungeon :)[0m
[20:35] [0m[32mMud tells you:[0m aye, the golems prolly good size[0m
[20:35] [0m[33;1m[Clan] Archangel[0m starts pulling out the dollar bills.[0m
[20:36] [0m[37;1m[JEDI]:[0m Herah Wylann arrives at the Academy.[0m
[20:37] [0m[33;1m[Clan] Ser :[0m enough mats for a legendary gem, so +12 wis i think crafted[0m
[20:37] [0mByron <Craft>: What's the max +stat from a single piece of crafted gear?[0m
[20:37] [0m[33;1m[Clan] Byron :[0m I might use crafted gear to get int[0m
[20:37] [0m[33;1m[Clan] Byron :[0m When I need it[0m
[20:38] [0mSer <Craft>: if you do a weapon, probably 18*3, so 54[0m
[20:38] [0mFluffy <Craft>: hmm super major give you +16 crafted or +8 gemchanted ...[0m
[20:38] [0m                legendary is 10/20 then ?[0m
[20:38] [0mByron <Craft>: that's like, chaostone 3 legendary hearts?[0m
[20:38] [0mSer <Craft>: considering 2-handed chaostone sword is 3 major gems[0m
[20:38] [0mByron <Craft>: Does it cap at a certain amount?[0m
[20:38] [0m[33;1m[Clan] Ser :[0m max 3 gems of same type, 5 gems total[0m
[20:39] [0m[33;1m[Clan] Ser :[0m 2nd life[0m
[20:39] [0mElindal flaps : so once you get liked with pinnacle pound, what's next?[0m
[20:39] [0mSer flaps : get a doggy treat[0m
[20:40] [0mStasis <Craft>: gems have innate caps with 3 of a type and number of[0m
[20:40] [0m                available "sockets"[0m
[20:40] [0mUkyo <Craft>: plus five gemchanted.[0m
[20:41] [0mUkyo <Craft>: you can cram two majors or three majors with[0m
[20:41] [0m              main||bplate/greaves+shield[0m
[20:43] [0m[33;1m[Clan] Ser :[0m i really need to burn all these gems i have and get my[0m
[20:43] [0m             wrangling up[0m
[20:43] [0m[33;1m[Clan] Byron :[0m i'll take any +dex/cha/cons[0m
[20:44] [0m[33;1m[Clan] Ser :[0m i have a few cha/con ones[0m
[20:44] [0m[33;1m[Clan] Byron :[0m fuck, codpiece[0m
[20:44] [0m[33;1m[Clan] Ser :[0m just average tho[0m
[20:44] [0m[33;1m[Clan] Byron :[0m anyone want?[0m
[20:44] [0m[33;1m[Clan] Ser :[0m only going to be 3/3[0m
[20:44] [0m[33;1m[Clan] Ser :[0m so 9/9 if you have 3[0m
[20:44] [0mThom <Craft>: oh wow i could only imagine have +54 con on a shield at this[0m
[20:44] [0m              level XD that'd be like half again as much health lol[0m
[20:45] [0m[33;1m[Clan] Byron :[0m nog, i'll use em.  just extras[0m
[20:45] [0m[33;1m[Clan] Byron :[0m or you use them[0m
[20:45] [0m[33;1m[Clan] Byron :[0m just saying if you need to burn and they'll sit in a box[0m
[20:45] [0m[33;1m[Clan] Byron :[0m Maybe I can mine some and craft some of my stuff.  Apparently[0m
[20:45] [0m               it isnt so miserable anymore[0m
[20:45] [0m[33;1m[Clan] Archangel :[0m Can you bypass the 5 gem max by using eq that has gems as[0m
[20:45] [0m                   part of the recipe?[0m
[20:45] [0mStasis <Craft>: +18 max for a shield. Plus gemchant up to +9[0m
[20:46] [0m[33;1m[Clan] Ser :[0m no[0m
[20:46] [0m[33;1m[Clan] Ser :[0m crafted gems count[0m
[20:46] [0m[33;1m[Clan] Archangel :[0m Well that sux[0m
[20:46] [0m[33;1m[Clan] Ser :[0m err smithed gems count[0m
[20:49] [0m[33;1m[Clan] Ser :[0m king @ 18%[0m
[20:49] [0m[33;1m[Clan] Ser :[0m phew[0m
[20:50] [0m[33;1m[Clan] Ser :[0m woo made it to 8% on that ewell[0m
[20:53] [0m[34;1mLeto shouts:[0m fried pumpkin seeds... mmm.[0m
[20:56] [0m[33;1m[Clan] Ser :[0m is there a 'gear' box in SoL house i should set as my clan box[0m
[20:56] [0m[33;1m[Clan] Ser :[0m armory i guess huh[0m
[20:56] [0m[33;1m[Clan] Xaryl :[0m nod[0m
[20:56] [0m[33;1m[Clan] Xaryl :[0m if we need morw boxes, let me know[0m
[20:57] [0m[33;1m[Clan] Xaryl :[0m EQ, junk, corpse box so far[0m
[21:14] [0mYour transmuter's stone bursts with 2 new colours![0m
[21:14] [0m[37;1m[JEDI]:[0m Talia Ska arrives at the Academy.[0m
[21:17] [0m[33;1m[Clan] Ser :[0m ok do we have a necro to start making kits[0m
[21:18] [0m[33;1m[Clan] Nix :[0m SoL house?[0m
[21:18] [0m[33;1m[Clan] Ser :[0m home 227[0m
[21:19] [0m[33;1m[Clan] Ser :[0m jesus where have you been[0m
[21:19] [0m[33;1m[Clan] Nix :[0m what's wrong with the paris box?[0m
[21:19] [0m[33;1m[Clan] Ser :[0m we can't add people[0m
[21:19] [0m[33;1m[Clan] Archangel :[0m As far as we know, only he can give out keys to new[0m
[21:19] [0m                   members.[0m
[21:19] [0m[33;1m[Clan] Nix :[0m more gear for those of us that have the keys then =P[0m
[21:19] [0m[33;1m[Clan] Ser :[0m laf[0m
[21:19] [0m[33;1m[Clan] Nix :[0m the haves and the have nots[0m
[21:19] [0m[33;1m[Clan] Archangel :[0m You guys, that do, should still have access to his house.[0m
[21:19] [0m[33;1m[Clan] Nix :[0m im kidding, obviously[0m
[21:20] [0m[33;1m[Clan] Nix :[0m i didn't know we had another house tbh[0m
[21:20] [0m[33;1m[Clan] Xaryl :[0m me either! *heh*[0m
[21:21] [0m[33;1m[Clan] Ser :[0m yah remember when RoHs kept disappearing from clan box and Pari[0m
[21:21] [0m             was suspicious someone outside clan was snatching them?[0m
[21:22] [0m[33;1m[Clan] Ser :[0m i think that's when he handed out keys to the Spirits of Light[0m
[21:22] [0m             house[0m
[21:22] [0m[33;1m[Clan] Byron :[0m So this is another paris house?[0m
[21:22] [0m[33;1m[Clan] Ser :[0m yah but Archangel has owner keys[0m
[21:23] [0m[33;1m[Clan] Byron :[0m ah[0m
[21:23] [0m[33;1m[Clan] Archangel :[0m Yuppers[0m
[21:23] [0m[33;1m[Clan] Archangel :[0m So I can give out keys[0m
[21:23] [0m[33;1m[Clan] Nix :[0m well whisper had access to paris house[0m
[21:23] [0m[33;1m[Clan] Byron :[0m Archi/Xaryl are the rich uncles I never had[0m
[21:23] [0m[33;1m[Clan] Xaryl :[0m laugh![0m
[21:23] [0m[33;1m[Clan] Archangel :[0m Heh... wanna come sit on Uncle Arch's lap?  ;)[0m
[21:23] [0m[33;1m[Clan] Ser :[0m almost mining 73 and laf[0m
[21:23] [0m[33;1m[Clan] Archangel :[0m I'll give you nice shiney nickle.[0m
[21:23] [0m[33;1m[Clan] Byron :[0m only if we move the chair out of the basement[0m
[21:24] [0m[33;1m[Clan] Byron :[0m the lighting scared me last time[0m
[21:24] [0m[33;1m[Clan] Xaryl :[0m ha[0m
[21:24] [0m[33;1m[Clan] Ser :[0m the 'dog' leashes on the wall didn't bother you?[0m
[21:24] [0m[33;1m[Clan] Xaryl :[0m not at all![0m
[21:24] [0m[33;1m[Clan] Byron :[0m well, no - they're for dogs[0m
[21:24] [0m[33;1m[Clan] Byron :[0m duh[0m
[21:25] [0m[33;1m[Clan] Nix :[0m dude you see our house... byron's got a whole sex dungeon in[0m
[21:25] [0m             there, and serial killer shack beneath the basement[0m
[21:25] [0m[33;1m[Clan] Byron :[0m you weren't supposed to find that[0m
[21:25] [0m[33;1m[Clan] Nix :[0m and we have zorbaine, dressed as a witch riding an ascii dick[0m
[21:25] [0m[33;1m[Clan] Xaryl :[0m laugh[0m
[21:25] [0m[33;1m[Clan] Byron :[0m laf[0m
[21:25] [0m[33;1m[Clan] Byron :[0m I did a lil decorating[0m
[21:25] [0m[33;1m[Clan] Nix :[0m quite the interior decorator[0m
[21:25] [0m[33;1m[Clan] Ser :[0m lol[0m
[21:25] [0m[33;1m[Clan] Nix :[0m whats the short desc.. Zorbaine sucks donkey dick!!![0m
[21:25] [0m[33;1m[Clan] Byron :[0m I remember telling ryan quick come to the house I got gear[0m
[21:25] [0m               for you[0m
[21:25] [0m[33;1m[Clan] Nix :[0m haha[0m
[21:25] [0m[33;1m[Clan] Byron :[0m he showed up and was like...wtf[0m
[21:28] [0m[33;1m[Clan] Ser :[0m you should really check out new miner script in /share/ if you[0m
[21:28] [0m             are interested in crafting[0m
[21:29] [0m[33;1m[Clan] Mud :[0m high of 37 tomorrow and snow on sunday... too soon[0m
[21:29] [0m[33;1m[Clan] Xaryl :[0m geez![0m
[21:30] [0m[33;1m[Clan] Xaryl :[0m we are a nice cool 86 here![0m
[21:30] [0m[33;1m[Clan] Xaryl :[0m fall weather![0m
[21:30] [0m[33;1m[Clan] Ser :[0m going to drop tomes in box 1e[0m
[21:31] [0m[33;1m[Clan] Ser :[0m of armory[0m
[21:31] [0m[33;1m[Clan] Ser :[0m 'storage'[0m
[21:31] [0m[33;1m[Clan] Ser :[0m so 3 tomes in box :D[0m
[21:31] [0m[33;1m[Clan] Ser :[0m and i messed up and prospected all the adamantium ore i was[0m
[21:31] [0m             trying to make a helmet w/[0m
[21:32] [0m[33;1m[Clan] Archangel :[0m Doh![0m
[21:32] [0m[33;1m[Clan] Ser :[0m it's alright, mines spawn fast[0m
[21:32] [0m[33;1m[Clan] Byron :[0m I'll give the miner a whirl, how do i use it?[0m
[21:32] [0m[33;1m[Clan] Ser :[0m read it @ the mine guy[0m
[21:32] [0m[33;1m[Clan] Ser :[0m Daniel[0m
[21:33] [0m[33;1m[Clan] Ser :[0m follow instructions[0m
[21:33] [0m[33;1m[Clan] Byron :[0m tldr instructions[0m
[21:33] [0m[33;1m[Clan] Ser :[0m where are these evil essences coming from[0m
[21:33] [0m[33;1m[Clan] Byron :[0m ok, so everything in 1 file?[0m
[21:33] [0m[33;1m[Clan] Ser :[0m yah[0m
[21:33] [0m[33;1m[Clan] Nix :[0m essence is a quest[0m
[21:33] [0m[33;1m[Clan] Ser :[0m oh[0m
[21:33] [0m[33;1m[Clan] Nix :[0m evil artifact[0m
[21:35] [0m[33;1m[Clan] Byron :[0m i should solve evil artifact now that it's in the game[0m
[21:36] [0m[33;1m[Clan] Ser :[0m hey that's enough qp for me to get sock like 8 glevels[0m
[21:36] [0m[33;1m[Clan] Byron :[0m have you done balance?[0m
[21:37] [0m[33;1m[Clan] Byron :[0m You need to solve a few quests to do balance...so it's really[0m
[21:37] [0m               like 200 qps[0m
[21:37] [0m[33;1m[Clan] Ser :[0m floaties in[0m
[21:38] [0m[33;1m[Clan] Byron :[0m kill bahamut + vole + Balance = 250ish[0m
[21:39] [0m[33;1m[Clan] Nix :[0m hoe in box[0m
[21:43] [0m[33;1m[Clan] Byron :[0m what should I be mining at clvl 43?[0m
[21:43] [0m[33;1m[Clan] Ser :[0m depends on what enchanter/blacksmith is[0m
[21:43] [0m[33;1m[Clan] Ser :[0m but you can mine titanium[0m
[21:43] [0m[33;1m[Clan] Byron :[0m 14 blacksmith...50 wrangling/enchanting[0m
[21:44] [0m[33;1m[Clan] Ser :[0m well, do you just want gems or do you want to smith stuff[0m
[21:44] [0m[33;1m[Clan] Byron :[0m gems[0m
[21:44] [0m[33;1m[Clan] Ser :[0m http://wiki.maybeits.us/index.php/Blacksmith_Recipes_-_ALL[0m
[21:44] [0m[33;1m[Clan] Ser :[0m http://wiki.maybeits.us/index.php/Enchanter_Recipes_-_ALL[0m
[21:44] [0m[33;1m[Clan] Ser :[0m http://wiki.maybeits.us/index.php/Mining[0m
[21:44] [0m[33;1m[Clan] Byron :[0m nod, titanium[0m
[21:44] [0m[33;1m[Clan] Byron :[0m ty[0m
[21:46] [0m[33;1m[Clan] Ser :[0m hmm never seen this in tacos..  You manage to glide to a[0m
[21:46] [0m             graceful stop in midair and return to the slide tray.[0m
[21:46] [0m[33;1m[Clan] Byron :[0m you'r flying[0m
[21:46] [0m[33;1m[Clan] Xaryl :[0m flying?[0m
[21:46] [0m[33;1m[Clan] Ser :[0m nope dont have anything that makes me fly right now[0m
[21:46] [0m[33;1m[Clan] Archangel :[0m Or levitating[0m
[21:46] [0m[33;1m[Clan] Ser :[0m i have a flying power but its off[0m
[21:48] [0m[37;1m[JEDI]:[0m Alyssa K'tal arrives at the Academy.[0m
[21:49] [0m[33;1m[Clan] Ser :[0m worky?[0m
[21:50] [0m[33;1m[Clan] Byron :[0m nope[0m
[21:50] [0m[33;1m[Clan] Byron :[0m made it 1 room[0m
[21:50] [0m[33;1m[Clan] Ser :[0m hmm room prefix different?[0m
[21:50] [0m[33;1m[Clan] Ser :[0m assuming you did mine titanium[0m
[21:50] [0m[33;1m[Clan] Ser :[0m or object prefix different?[0m
[21:50] [0m[33;1m[Clan] Byron :[0m prefix is the same as yours prolly[0m
[21:50] [0m[33;1m[Clan] Byron :[0m what's your object prefix?[0m
[21:50] [0m[33;1m[Clan] Ser :[0m i dont have object prefix[0m
[21:50] [0m[33;1m[Clan] Byron :[0m prolly that, mine is (o)[0m
[21:50] [0m[33;1m[Clan] Byron :[0m oh[0m
[21:51] [0m[33;1m[Clan] Ser :[0m you should know this by now[0m
[21:51] [0mLachlan flaps : looking for a reforge if anyone is free.[0m
[21:51] [0m[33;1m[Clan] Byron :[0m i dont see objects[0m
[21:51] [0m[33;1m[Clan] Byron :[0m it just didnt go the right way[0m
[21:51] [0mLachlan flaps : and has one of course[0m
[21:51] [0m[33;1m[Clan] Byron :[0m pushed button[0m
[21:51] [0m[33;1m[Clan] Byron :[0m tried to go east[0m
[21:51] [0m[33;1m[Clan] Ser :[0m hmm[0m
[21:51] [0m[33;1m[Clan] Byron :[0m but room exit is se[0m
[21:52] [0m[33;1m[Clan] Ser :[0m gonna check right now[0m
[21:53] [0m[33;1m[Clan] Ser :[0m mining map shows e exit[0m
[21:55] [0mUkyo <Craft>: anybody want a free crafted piece with int/con or int/cha? got[0m
[21:55] [0m              a couple of good gems wrangled up that i'm trying to get rid[0m
[21:55] [0m              of. not great, but not bad. also, free.[0m
[21:56] [0mUkyo <Craft>: good gems of standard jackal and detective. had them in my[0m
[21:56] [0m              stash and figured i needed to get them out of my stash.[0m
[21:58] [0m[33;1m[Clan] Byron :[0m but i'm gonna need a transmuter hmmm[0m
[21:58] [0m[33;1m[Clan] Ser :[0m time to roll another alt[0m
[21:59] [0m[33;1m[Clan] Ser :[0m i had that same problem w/ new miner too byron[0m
[21:59] [0m[33;1m[Clan] Ser :[0m so ez fix[0m
[21:59] [0m[33;1m[Clan] Ser :[0m wink[0m
[21:59] [0m[33;1m[Clan] Byron :[0m actually, will just trash this stuff[0m
[21:59] [0m[33;1m[Clan] Mud :[0m wtf, neuter didnt stick over reboot[0m
[21:59] [0m[33;1m[Clan] Ser :[0m no dont trash[0m
[22:00] [0m[33;1m[Clan] Ser :[0m if it's <average quality hearts/essences/frags just dump in[0m
[22:00] [0m             box, i'll get to it eventually[0m
[22:00] [0m[33;1m[Clan] Byron :[0m i mean the ore and shards[0m
[22:00] [0m[33;1m[Clan] Byron :[0m i dont need that shit[0m
[22:00] [0m[33;1m[Clan] Ser :[0m ahh[0m
[22:01] [0m[33;1m[Clan] Nix :[0m bunch of pb gear in box almost 4 sets[0m
[22:01] [0m[33;1m[Clan] Ser :[0m spork[0m
[22:01] [0m[33;1m[Clan] Nix :[0m the sol box[0m
[22:01] [0m[33;1m[Clan] Ser :[0m anyone need?[0m
[22:01] [0m[33;1m[Clan] Nix :[0m i need a helmet[0m
[22:01] [0m[33;1m[Clan] Byron :[0m wow that was quick[0m
[22:01] [0m[33;1m[Clan] Ser :[0m i need a helmet too[0m
[22:01] [0m[33;1m[Clan] Byron :[0m and go 2 clvls[0m
[22:01] [0m[33;1m[Clan] Mud :[0m nope, ditto on helmet[0m
[22:02] [0m[33;1m[Clan] Nix :[0m still need a coon?[0m
[22:02] [0m[33;1m[Clan] Ser :[0m i'm going to craft one, doesnt byron have mask[0m
[22:02] [0m[33;1m[Clan] Byron :[0m ya[0m
[22:02] [0m[33;1m[Clan] Mud :[0m yeah, i should dupe that[0m
[22:02] [0m[33;1m[Clan] Nix :[0m have 2 coons[0m
[22:02] [0m[33;1m[Clan] Ser :[0m ooooooooooooooooooooooooooooooooooooooooooooooooooooooo[0m
[22:02] [0m[33;1m[Clan] Ser :[0m dibs[0m
[22:02] [0m[33;1m[Clan] Nix :[0m well 3 but one is mine[0m
[22:02] [0m[33;1m[Clan] Byron :[0m zelli scaler is 131?[0m
[22:02] [0m[33;1m[Clan] Nix :[0m 130[0m
[22:02] [0m[33;1m[Clan] Ser :[0m 130 i thought[0m
[22:03] [0m[33;1m[Clan] Ser :[0m 1/5 of way done w/ taco[0m
[22:03] [0m[33;1m[Clan] Byron :[0m figure i'll get everything I could need for tao[0m
[22:04] [0m[33;1m[Clan] Nix :[0m coon in box (SoL)[0m
[22:07] [0m[33;1m[Clan] Byron :[0m think i'm gonna get a Pixel 3a[0m
[22:07] [0m[33;1m[Clan] Byron :[0m it's got a headphone jack[0m
[22:07] [0m[33;1m[Clan] Byron :[0m thank god[0m
[22:09] [0m[33;1m[Clan] Byron :[0m and pixel 3s should drop in price in 5 days after the pixel 4[0m
[22:09] [0m               comes out[0m
[22:09] [0m[33;1m[Clan] Nix :[0m i have the 3 i like it[0m
[22:10] [0m[33;1m[Clan] Byron :[0m you have 3 or 3a?[0m
[22:10] [0m[33;1m[Clan] Nix :[0m whatever the top end 3 is[0m
[22:10] [0m[33;1m[Clan] Byron :[0m 3a doesn't have the glass back or wireless charging[0m
[22:10] [0m[33;1m[Clan] Byron :[0m ya[0m
[22:10] [0m[33;1m[Clan] Byron :[0m 3a has the headphone jack. pixel 2 didnt have the headphone[0m
[22:10] [0m               jack and it drove me fucking insane[0m
[22:10] [0m[33;1m[Clan] Nix :[0m i have the 3 then[0m
[22:10] [0m[33;1m[Clan] Ser :[0m i'm debating a new oneplus[0m
[22:10] [0m[33;1m[Clan] Nix :[0m no jack on this one and it drives me crazy[0m
[22:10] [0m[33;1m[Clan] Ser :[0m i'm using a huawei phone and everyone gives me shit cuz the[0m
[22:10] [0m             chinese are listening[0m
[22:10] [0m[33;1m[Clan] Nix :[0m yeah they are[0m
[22:10] [0m[33;1m[Clan] Byron :[0m cuz...they are[0m
[22:11] [0m[33;1m[Clan] Nix :[0m they got biden monitoring all the US chatter on their phones[0m
[22:11] [0m[33;1m[Clan] Byron :[0m our phone sooooooo fast, take pictures of your[0m
[22:11] [0m               beeeeeeeeiiiiiiiigggggggggggggggg american peeeenus[0m
[22:11] [0m[33;1m[Clan] Nik :[0m laff[0m
[22:12] [0m[33;1m[Clan] Nix :[0m oh man imagine how many dick pics they have if they do monitor[0m
[22:12] [0m             their phones...[0m
[22:12] [0m[33;1m[Clan] Nix :[0m the millenials spamming em for days[0m
[22:14] [0m[33;1m[Clan] Byron :[0m oo +5 from floaties, I can do another if <6?[0m
[22:14] [0mYour transmuter's stone bursts with 4 new colours![0m
[22:14] [0m[33;1m[Clan] Nik :[0m 6 or below[0m
[22:14] [0m[33;1m[Clan] Byron :[0m sweet[0m
[22:15] [0m[33;1m[Clan] Byron :[0m almost filled the crypt heh[0m
[22:15] [0m[33;1m[Clan] Nix :[0m start using the paris box[0m
[22:15] [0m[33;1m[Clan] Nix :[0m err crypt... if you can find where he stashes the key[0m
[22:16] [0m[33;1m[Clan] Byron :[0m I think it's unlocked[0m
[22:18] [0m[33;1m[Clan] Byron :[0m ok, lawyer + gun afficionado. question for you[0m
[22:18] [0m[33;1m[Clan] Byron :[0m what if the "good guy with a gun" has terrible aim[0m
[22:18] [0m[33;1m[Clan] Nix :[0m fire away[0m
[22:18] [0m[33;1m[Clan] Byron :[0m and kills like 30 people while trying to shoot the bad guy[0m
[22:19] [0m[33;1m[Clan] Nix :[0m it's the thought that counts..[0m
[22:19] [0m[33;1m[Clan] Ser :[0m codpiece blah[0m
[22:19] [0m[33;1m[Clan] Nix :[0m negligent homicide... but more than likely involuntary[0m
[22:19] [0m             manslaughter[0m
[22:20] [0m[33;1m[Clan] Nix :[0m shit, i'd try blaming it on the dead bad guy, but wouldn't[0m
[22:20] [0m             happen to me i'm a marksman bro[0m
[22:20] [0m[33;1m[Clan] Byron :[0m But sir, you had a compound bow[0m
[22:20] [0m[33;1m[Clan] Nix :[0m you'd probably be complicit if you shot 30 people with a[0m
[22:20] [0m             compound bow...[0m
[22:20] [0m[33;1m[Clan] Byron :[0m ok ok[0m
[22:20] [0m[33;1m[Clan] Byron :[0m bowie knife?[0m
[22:21] [0m[33;1m[Clan] Nix :[0m capital murder unless your blind[0m
[22:21] [0m[33;1m[Clan] Byron :[0m hot topic replica katana?[0m
[22:21] [0m[33;1m[Clan] Byron :[0m car battery and nipple clamps?[0m
[22:21] [0m[33;1m[Clan] Nix :[0m the deadliest fucker on the planet, and would probably have[0m
[22:21] [0m             your death faked and made a CIA operative[0m
[22:21] [0m[33;1m[Clan] Byron :[0m laf[0m
[22:22] [0m[37;1m[JEDI]:[0m Ylenic It'kla arrives at the Academy.[0m
[22:22] [0m[33;1m[Clan] Ser :[0m  1 A Transmuter's Stone (filled with 2 colours).[0m
[22:23] [0m[33;1m[Clan] Nix :[0m both my alts are transmuters[0m
[22:23] [0m[33;1m[Clan] Nix :[0m need to level them up more, but they're on the way[0m
[22:23] [0m[33;1m[Clan] Ser :[0m i can give you mats to work on instead of frags/essences/hearts[0m
[22:23] [0m[33;1m[Clan] Ser :[0m wink[0m
[22:24] [0m[33;1m[Clan] Void :[0m i think i need adamantium?[0m
[22:24] [0m[33;1m[Clan] Byron :[0m i got titanium[0m
[22:24] [0m[33;1m[Clan] Ser :[0m hey i just mined a bunch of adamantium ore[0m
[22:24] [0m[33;1m[Clan] Void :[0m oh aquamarine[0m
[22:24] [0m[33;1m[Clan] Ser :[0m and i need it transmuted to legendary[0m
[22:25] [0m[33;1m[Clan] Ser :[0m laf you're level 1[0m
[22:25] [0m[33;1m[Clan] Void :[0m yeah, but roor is like 35 =P[0m
[22:25] [0m[33;1m[Clan] Ser :[0m want some copper crap to xmute?[0m
[22:25] [0m[33;1m[Clan] Ser :[0m i can dig ya some real fast[0m
[22:25] [0m[33;1m[Clan] Void :[0m sure[0m
[22:25] [0m[33;1m[Clan] Byron :[0m Holy fuck lots of transmuters[0m
[22:26] [0m[33;1m[Clan] Ser :[0m yah cuz you can turn a cocoon into a ring and make better gems[0m
[22:26] [0m[33;1m[Clan] Byron :[0m I can turn a cocoon into a ring too[0m
[22:26] [0m[33;1m[Clan] Ser :[0m zos?  :P[0m
[22:26] [0m[33;1m[Clan] Void :[0m yeah stick it in a cow's ass and your all set[0m
[22:26] [0m[33;1m[Clan] Byron :[0m yep[0m
[22:26] [0m[33;1m[Clan] Ser :[0m yah i am lazy/dont know where that is[0m
[22:26] [0m[33;1m[Clan] Byron :[0m does it keep ac w transmute?[0m
[22:27] [0m[33;1m[Clan] Ser :[0m 22 edged, 22 blunt, 43 acid, 43 poison, 7 radiation[0m
[22:27] [0m[33;1m[Clan] Byron :[0m zos loses ac[0m
[22:27] [0m[33;1m[Clan] Ser :[0m matter rearrangement knocks it to half[0m
[22:27] [0m[33;1m[Clan] Ser :[0m because i have to turn into bplate first[0m
[22:27] [0m[33;1m[Clan] Byron :[0m wtf[0m
[22:27] [0m[33;1m[Clan] Byron :[0m why[0m
[22:27] [0m[33;1m[Clan] Ser :[0m then i enhance, then transmute[0m
[22:27] [0m[33;1m[Clan] Ser :[0m it's too bs for me to direct transmute[0m
[22:27] [0m[33;1m[Clan] Byron :[0m oh, i get it[0m
[22:27] [0m[33;1m[Clan] Ser :[0m or i'm not bs enough[0m
[22:28] [0m[33;1m[Clan] Byron :[0m actually i dont[0m
[22:28] [0m[33;1m[Clan] Byron :[0m it used to be a main[0m
[22:28] [0m[33;1m[Clan] Byron :[0m main > bplate[0m
[22:28] [0m[33;1m[Clan] Ser :[0m yah via guild power[0m
[22:28] [0m[33;1m[Clan] Ser :[0m that knocks it to half ac, then i can transmute[0m
[22:28] [0m[33;1m[Clan] Ser :[0m it's a ring[0m
[22:28] [0m[33;1m[Clan] Byron :[0m ahhhhhhhhhhhhh[0m
[22:29] [0m[33;1m[Clan] Byron :[0m now it makes sense[0m
[22:29] [0m[33;1m[Clan] Ser :[0m On fingers:   A sticky cocoon {unyielding}[0m
[22:29] [0m[33;1m[Clan] Byron :[0m ya, probably not BS enough[0m
[22:29] [0m[33;1m[Clan] Ser :[0m but it keeps all ac w/ transmute[0m
[22:29] [0m[33;1m[Clan] Ser :[0m void you picking up enchanting, then i can just dump all this[0m
[22:29] [0m             on you and you can prospect/xmute/smith/w/e[0m
[22:30] [0m[33;1m[Clan] Mud :[0m ill give whatever out of my stash. i dont see myself crafting[0m
[22:30] [0m             anytime soon[0m
[22:30] [0m[33;1m[Clan] Byron :[0m how long do mines take to reset?[0m
[22:30] [0m[33;1m[Clan] Void :[0m i guess i could, but on nix[0m
[22:30] [0m[33;1m[Clan] Ser :[0m i smithed some good/superior stuff into a legendary item and i[0m
[22:30] [0m             got 3 levels[0m
[22:30] [0m[33;1m[Clan] Ser :[0m so not sure what smithing/enchanting just legendary stuff does[0m
[22:30] [0m[33;1m[Clan] Ser :[0m ~45 mins @ byron[0m
[22:31] [0m[33;1m[Clan] Byron :[0m i got through that level in like 5 mins[0m
[22:31] [0m[33;1m[Clan] Byron :[0m so not so bad anymore[0m
[22:31] [0m[33;1m[Clan] Byron :[0m mining was fucking miserable iirc[0m
[22:31] [0m[33;1m[Clan] Ser :[0m yah and improvements to miner have helped greatly[0m
[22:31] [0m[33;1m[Clan] Ser :[0m :P[0m
[22:31] [0m[33;1m[Clan] Byron :[0m what does mining mskill do?[0m
[22:31] [0m[33;1m[Clan] Ser :[0m 'help mining'[0m
[22:31] [0m[33;1m[Clan] Ser :[0m sorry, help miner[0m
[22:32] [0m[33;1m[Clan] Byron :[0m ah[0m
[22:33] [0m[33;1m[Clan] Ser :[0m where do you want me to dump all this void[0m
[22:33] [0m[33;1m[Clan] Void :[0m SoL box i guerss[0m
[22:34] [0m[33;1m[Clan] Ser :[0m want it prospected ore left alone?[0m
[22:34] [0m[33;1m[Clan] Void :[0m i just need the shards, aquamarine or the dust[0m
[22:34] [0m[33;1m[Clan] Void :[0m i'll be past lvl 1 in no time and then i'll burn some frags to[0m
[22:34] [0m              speed it up[0m
[22:34] [0m[33;1m[Clan] Byron :[0m should you transmuter the ore to better quality?[0m
[22:34] [0m[33;1m[Clan] Ser :[0m you can xmute ore quality to greater[0m
[22:34] [0m[33;1m[Clan] Byron :[0m does that help?[0m
[22:34] [0m[33;1m[Clan] Ser :[0m you can, yah, and then you get legendary mats from prospecting[0m
[22:34] [0m             or legendary bars[0m
[22:34] [0m[33;1m[Clan] Xaro leaves the game.[0m  [0m
[22:35] [0m[33;1m[Clan] Ser :[0m easier to just prospect and xmute the mats you want to higher[0m
[22:35] [0m             quality imo[0m
[22:35] [0m[33;1m[Clan] Byron :[0m nod[0m
[22:37] [0m[32mYou tell Mud:[0m does this delay your reset timer?[0m
[22:38] [0m[32mMud tells you:[0m what do you mean?  i already had my headband, so i dont[0m
[22:38] [0m        really go there any more[0m
[22:39] [0m[33;1m[Clan] Void :[0m ok transmuter lvl 21 .. need to recharge colours[0m
[22:39] [0m[32mYou tell Mud:[0m me saved inyour dungeon[0m
[22:40] [0m[34;1mFluffy shouts:[0m shank![0m
[22:40] [0m[34;1mMellaous shouts:[0m !![0m
[22:40] [0m[32mMud tells you:[0m oh gotcha..  naw, stay in there as long as ya want[0m
[22:40] [0m[34;1mFrustrated shouts:[0m I feel cheated!![0m
[22:40] [0m[34;1mHyuga shouts:[0m skank[0m
[22:41] [0m[34;1mDakeda shouts:[0m Anyone around lvl 30-40 want a pocket healer?[0m
[22:42] [0m[33;1m[Clan] Ser :[0m that was quick[0m
[22:47] [0m[33;1m[Clan] Byron :[0m laf[0m
[22:53] [0m[37;1m[JEDI]:[0m Rhaan arrives at the Academy.[0m
[22:55] [0mAdalius flaps : who was complaining about no chainsaws?[0m
[22:56] [0m[33;1m[Clan] Xaryl :[0m can Freeway 2.0 be duped?[0m
[22:56] [0mUkyo flaps : Hyuga.[0m
[22:56] [0mFluffy flaps : graft one on each hand[0m
[22:56] [0mUkyo flaps : I think he was making a Living Dead reference.[0m
[22:56] [0m[33;1m[Clan] Void :[0m yes[0m
[22:56] [0mXiu flaps : hail to the king baby[0m
[22:56] [0m[33;1m[Clan] Ipsie :[0m what does it do?[0m
[22:56] [0m[33;1m[Clan] Void :[0m sp heals[0m
[22:58] [0m[33;1m[Clan] Byron :[0m dope[0m
[22:58] [0m[33;1m[Clan] Byron :[0m let me know the wc on that thing[0m
[22:58] [0m[33;1m[Clan] Ser :[0m lame[0m
[22:58] [0m[33;1m[Clan] Ser :[0m 50[0m
[22:58] [0m[33;1m[Clan] Byron :[0m laf[0m
[22:58] [0m[33;1m[Clan] Byron :[0m specials maybe?[0m
[22:58] [0mUkyo <Craft>: I don't want to craft ... I want to be a LUMBERJACK!![0m
[23:00] [0mToffee <Craft>: So some people on craftwho look like they're grandmasters in[0m
[23:00] [0m                more than one crafting skill.  I thought you could only[0m
[23:00] [0m                master one?[0m
[23:00] [0mInix <Craft>: it changed[0m
[23:01] [0mUkyo <Craft>: crafthelp new[0m
[23:02] [0mAdalius flaps : >Destructing A nearly incalculably vast fortune of gold[0m
[23:02] [0m                coins (1335000).  >Done.[0m
[23:02] [0mAdalius flaps : :D[0m
[23:02] [0mBurnaby flaps : ouch[0m
[23:02] [0mSer flaps : to all who asked:  50 wc, special melee emotes but no[0m
[23:02] [0m            'specials.'[0m
[23:02] [0mSer flaps : blame adalius[0m
[23:02] [0mLance flaps : there are starving childern in science we could have saved[0m
[23:02] [0m              from starvation![0m
[23:03] [0mCathartic flaps : those kids aint worth xp alive.[0m
[23:03] [0mAdalius flaps : To those who asked: Way to kill the mystery of every item[0m
[23:03] [0m                ever. Also, work in progress. Just threw it together in 5[0m
[23:03] [0m                minutes because... well, we do have a lack of chainsaws.[0m
[23:03] [0mUkyo flaps : moar zombies for us?[0m
[23:03] [0mThom flaps : but they'll be worth more as adults![0m
[23:03] [0mVagrant flaps : should get it necro enchanted, taco smear, gemchanted,[0m
[23:03] [0m                knight shapreredn if all possible, boost that sucker right[0m
[23:03] [0m                up![0m
[23:03] [0mSer flaps : sorry adalius[0m
[23:04] [0mSer flaps : i'm a looser[0m
[23:04] [0mAdalius flaps : Ser also failed to mention it has a goddamn Evil Dead[0m
[23:04] [0m                reference.[0m
[23:04] [0mAdalius flaps : That's worth 500k right there[0m
[23:04] [0mSer flaps : evil dead?[0m
[23:04] [0mRaest flaps : Good, bad. I'm the guy with the gun.[0m
[23:04] [0mSer flaps : don't know what that is, sorry[0m
[23:05] [0m[34;1mCyrex shouts:[0m Shop smart.  Shop  S Mart.[0m
[23:05] [0mAdalius flaps : I just resisted desting you so damn hard.[0m
[23:05] [0mSer flaps : lol <3[0m
[23:05] [0mUkyo flaps : yea, evil dead, and the other one that came after it. . . Army[0m
[23:05] [0m             of Darkness[0m
[23:06] [0mThom flaps : i have no idea what evil dead is either so XD[0m
[23:06] [0mUkyo flaps : for shame[0m
[23:06] [0mStasis flaps : Adalius is about to unplug 3K and walk away...[0m
[23:07] [0mUkyo flaps : if you call yourself a zombie killer and have never seen army[0m
[23:07] [0m             of darkness, just, go visit undead knight and take a trip to[0m
[23:07] [0m             the graveyard.[0m
[23:07] [0mRaest flaps : Klaatu, Barada... Necktie![0m
[23:07] [0mUkyo flaps : *cough*[0m
[23:07] [0mThom flaps : ah that would explain why i've never heard of it then. lol[0m
[23:08] [0mXiu flaps : yeah i said the words, maybe i didn't say each and every tiny[0m
[23:08] [0m            little syllable but i mostly said the words[0m
[23:08] [0mToffee <Craft>: Hah, I read through crafthelp new three times before I[0m
[23:08] [0m                managed to not skip the relevant post.  Thanks.[0m
[23:09] [0mUkyo flaps : It's called pillow talk, baby.[0m
[23:10] [0mUkyo flaps : ok, that's it. adalius, if you're going to code up that[0m
[23:10] [0m             chainsaw, make sure it has plenty of army of darkness quotes[0m
[23:10] [0m             that come from it, like duke nuke'em's helmet.[0m
[23:10] [0mSky flaps : XXX is on Tv, love this movie - getting a little old at this[0m
[23:10] [0m            point but still makes me feel young to watch it :)[0m
[23:11] [0mUkyo flaps : lots of work, for a thankless crowd, I know, but they'll love[0m
[23:11] [0m             you all the more for it.[0m
[23:12] [0mUkyo flaps : also, you have to cut your hand off for the boot, and lose a[0m
[23:12] [0m             ring slot when you attach it to your arm[0m
[23:12] [0mByron flaps : laf[0m
[23:12] [0mByron flaps : Maybe we can get the machine gun leg frmo planet terror too[0m
[23:12] [0m              then[0m
[23:14] [0mYour transmuter's stone bursts with 4 new colours![0m
[23:17] [0m[33;1m[Clan] Byron :[0m (redact furtive -> that creature has no special abilities[0m
[23:17] [0m[33;1m[Clan] Byron :[0m Furtive spits thick, viscous fluid.[0m
[23:17] [0m[33;1m[Clan] Byron :[0m hmmmm[0m
[23:17] [0m[33;1m[Clan] Byron :[0m interesting[0m
[23:17] [0m[33;1m[Clan] Xaryl :[0m ha![0m
[23:17] [0m[33;1m[Clan] Byron :[0m wtf is that if it's not a special[0m
[23:17] [0m[33;1m[Clan] Xaryl :[0m mayb it is just spam?[0m
[23:17] [0m[33;1m[Clan] Byron :[0m maybe[0m
[23:17] [0m[33;1m[Clan] Byron :[0m i was hoping it was whatever it does that kills me sometimes[0m
[23:24] [0m[33;1m[Clan] Ipsie :[0m how big are those mobs ?[0m
[23:24] [0m[33;1m[Clan] Byron :[0m furtive is 125mil[0m
[23:24] [0m[33;1m[Clan] Byron :[0m And really really fucking hurts. Kills me fairly often.[0m
[23:24] [0m[33;1m[Clan] Byron :[0m when my blink drops and I don't get it back up fast enough, I[0m
[23:24] [0m               usually die.[0m
[23:25] [0m[33;1m[Clan] Void :[0m just won teaser on the pats game by .5!![0m
[23:25] [0m[33;1m[Clan] Ipsie :[0m is that night of color 2?[0m
[23:25] [0m[33;1m[Clan] Byron :[0m ya[0m
[23:25] [0m[33;1m[Clan] Byron :[0m I really enjoy stelari areas, so it's nice to have one I can[0m
[23:25] [0m               grind in.[0m
[23:26] [0m[33;1m[Clan] Byron :[0m No other wizard ever put that much detail and could write so[0m
[23:26] [0m               well[0m
[23:26] [0m[37;1m[JEDI]:[0m Talia Ska arrives at the Academy.[0m
[23:29] [0m[33;1m[Clan] Byron :[0m cowville 2.0 would be a dream area[0m
[23:30] [0m[33;1m[Clan] Void :[0m i agree 1000%[0m
[23:30] [0m[33;1m[Clan] Void :[0m 500M CRAP cows[0m
[23:30] [0m[33;1m[Clan] Byron :[0m the paga cow gods[0m
[23:30] [0m[33;1m[Clan] Byron :[0m cow moon[0m
[23:33] [0m[33;1m[Clan] Roken :[0m Zelligar's Castle -2 Charisma??[0m
[23:54] [0m[34;1mHyuga shouts:[0m Anoid the Void.[0m
[23:54] [0m[34;1mRoken shouts:[0m Voided[0m
[23:54] [0m[34;1mFluffy shouts:[0m big letters[0m
[23:54] [0m[34;1mRaest shouts:[0m again?  someone's feeding![0m
[23:58] [0m[37;1m[JEDI]:[0m Herah Wylann arrives at the Academy.[0m
