- = LOG STARTED [00:00] = -
[00:15] [0m[35;1mDy [Jedi(72)]:[0m h[0m
[00:15] [0m[35;1mDy [Jedi(72)]:[0m There are three kinds of lies: lies, damned lies, and[0m
[00:15] [0m               statistics.[0m
[00:15] [0m[35;1mUkyo [Jedi(77)]:[0m A synonym is a word you use when you can't spell the word[0m
[00:15] [0m                 you first thought of.[0m
[00:15] [0m[35;1mSimple [Jedi(30)]:[0m We are the people our parents warned us about.[0m
[00:17] [0m[Clan] Archangel : Dirs to Rimalkins?[0m
[00:26] [0m[37;1m[JEDI]:[0m Kerran Halcyon arrives at the Academy.[0m
[00:33] [0mYou can currently reforge 4 items.[0m
[00:50] [0mYou can currently reforge 8 items.[0m
[00:55] [0m[37;1m[JEDI]:[0m Bithoff Jonansaan arrives at the Academy.[0m
[01:02] [0mVagrant flaps : LONG LIVE TURNHOLD. Fluffy got me: On fingers:   Ring of[0m
[01:02] [0m                Magical Deflection[0m
[01:02] [0m[34;1mVagrant shouts:[0m LONG LIVE TURNHOLD. Fluffy got me: On fingers:   Ring of[0m
[01:02] [0m                Magical Deflection[0m
[01:03] [0m[34;1mBoosh shouts:[0m turn around and hold me[0m
[01:03] [0m[34;1mVagrant shouts:[0m dangg so many cows[0m
[01:03] [0m[34;1mFluffy shouts:[0m cow attack![0m
[01:04] [0m[34;1mVagrant shouts:[0m CROLACK IS HE BEST[0m
[01:04] [0m[34;1mHex shouts:[0m mooooooo[0m
[01:04] [0m[34;1mJasmine shouts:[0m everyone send your cows to space[0m
[01:05] [0m[34;1mHooligan shouts:[0m Mmm...burger...[0m
[01:08] [0mRoken flaps : oops[0m
[01:09] [0mRoken flaps : o man 107 soon[0m
[01:15] [0mRoken flaps : o man 107 soon[0m
[01:16] [0m[34;1mFluffy shouts:[0m get 111/eternal ... chop chop![0m
[01:16] [0m[34;1mUkyo shouts:[0m fine.[0m
[01:16] [0m[34;1mVagrant shouts:[0m WHOA HWO WHOA WHOAAAAA[0m
[01:16] [0mFluffy flaps : exactly like THAT![0m
[01:16] [0m[34;1mBoosh shouts:[0m rrrrruuuuuuuuuuuuuuuuunnnnnnnnnnnnnnnnnnnn[0m
[01:16] [0m[34;1mTchazzar shouts:[0m Laf, nice..[0m
[01:16] [0m[34;1mArchangel shouts:[0m Woo!!![0m
[01:17] [0m[34;1mRoken shouts:[0m woo UKYO[0m
[01:17] [0m[34;1mLorr shouts:[0m woo![0m
[01:17] [0m[34;1mHooligan shouts:[0m woot[0m
[01:18] [0mVagrant flaps : Fluffy <.oO>: I like it when i fart and get to smell my own[0m
[01:18] [0m                essence[0m
[01:18] [0m[34;1mVagrant shouts:[0m Fluffy <.oO>: I like it when i fart and get to smell my own[0m
[01:18] [0m                essence[0m
[01:22] [0m[37;1m[JEDI]:[0m Talia Ska arrives at the Academy.[0m
[01:25] [0m[34;1mNik shouts:[0m splatittle[0m
[01:25] [0m[34;1mLance shouts:[0m my mom is a very nice lady[0m
[01:25] [0m[34;1mRaest shouts:[0m someone just got outta prison[0m
[01:33] [0m[34;1mInix shouts:[0m Anyone we know?[0m
[01:35] [0m[34;1mCrolack shouts:[0m Bubba[0m
[01:36] [0m[34;1mBoosh shouts:[0m chicken patties[0m
[01:41] [0m[34;1mCrolack shouts:[0m boosh pies[0m
[01:41] [0m[34;1mBoosh shouts:[0m best kind[0m
[01:42] [0m[37;1m[JEDI]:[0m Bithoff Jonansaan arrives at the Academy.[0m
[01:45] [0m[34;1mSpace shouts:[0m day 5 cmcm at ss for dup for the next few min[0m
[01:45] [0m[34;1mBoosh shouts:[0m boosh pies you can squeeze em you can hug em play with em and[0m
[01:45] [0m              call them stevie not shirley just dont call em shirley[0m
[01:46] [0m[32;1mFrom afar, Ukyo cheers you on!!![0m[0m
[01:46] [0m[32;1mFrom afar, Boosh goes 'Woo Woo!' at you.[0m[0m
[01:46] [0m[32;1mFrom afar, Lance goes 'Woo Woo!' at you.[0m[0m
[01:46] [0m[32;1mFrom afar, Nik goes '\\// [()] [()]  \\// [()] [()] !! !!' at you in[0m
[01:47] [0m[34;1mRoken shouts:[0m john wick is a maniac[0m
[01:51] [0mYou can currently reforge 12 items.[0m
[01:51] [0m[34;1mUkyo shouts:[0m Nice echoall. fooled me.[0m
[01:52] [0m[34;1mNik shouts:[0m try harder[0m
[02:15] [0m[37;1m[JEDI]:[0m Janath Meelin arrives at the Academy.[0m
[02:25] [0m[34;1mHyuga shouts:[0m Smoke weed.[0m
[02:25] [0m[34;1mLance shouts:[0m everyday[0m
[02:25] [0m[34;1mSpace shouts:[0m Everyday[0m
[02:29] [0m[Clan] Xaryl : donates in[0m
[02:32] [0mYou can currently reforge 12 items.[0m
[02:32] [0m[34;1mHooligan shouts:[0m bad bad zell[0m
[02:33] [0mRoken flaps : ya wonder when i can tank him[0m
[02:48] [0m[37;1m[JEDI]:[0m H'ssani C'talan arrives at the Academy.[0m
[02:52] [0mYou can currently reforge 4 items.[0m
[03:01] [0m[35;1mTinnitus [Jedi(0)]:[0m We are the people our parents warned us about.[0m
[03:16] [0m[37;1m[JEDI]:[0m Durnoth arrives at the Academy.[0m
[03:45] [0m[37;1m[JEDI]:[0m Tobias Kel'ach'nar arrives at the Academy.[0m
[03:47] [0m[34;1mArchangel shouts:[0m Woo!!![0m
[03:53] [0mYou can currently reforge 8 items.[0m
[04:00] [0m[34;1mJasmine shouts:[0m DIRTY FILTHY MEMORY![0m
[04:00] [0m[34;1mUkyo shouts:[0m You know you like it.[0m
[04:08] [0m<- ! The Vigilant ! -> :  A destabilization Kayos event has been detected in[0m
[04:08] [0m                          Deserts of Fantasy!  We are localizing it now -[0m
[04:08] [0m                          get ready![0m
[04:17] [0m[37;1m[JEDI]:[0m Rhaan arrives at the Academy.[0m
[04:19] [0mArchangel flaps : Event portal: wayhaven west exit/leave/7w/n[0m
[04:20] [0mArchangel flaps : slashing[0m
[04:40] [0m[37;1m[JEDI]:[0m Wennic Ber'ni'lok arrives at the Academy.[0m
[05:06] [0m[37;1m[JEDI]:[0m Kerran Halcyon arrives at the Academy.[0m
[05:30] [0m[37;1m[JEDI]:[0m Ylenic It'kla arrives at the Academy.[0m
[05:32] [0mHooligan flaps : h-h[0m
[05:53] [0m[37;1m[JEDI]:[0m Reena Bel Noir arrives at the Academy.[0m
[10:45] [0mYou can currently reforge 8 items.[0m
[10:46] [0mCaeli flaps : Wait, what?  HUGE 7 foot crocodile found in IL creek. That's[0m
[10:46] [0m              not huge.....[0m
[10:46] [0mDyne flaps : When it's not a native species, it's Always considered Huge.[0m
[10:48] [0mCaeli flaps : I guess living in Louisiana I'd consider 15 foot plus to be[0m
[10:48] [0m              huge.[0m
[10:49] [0m[32mYou tell Simonz:[0m hi![0m
[10:50] [0m[32;1mFrom afar, Simonz bows before you.[0m[0m
[10:52] [0mAdalius flaps : When the normal length of crocodiles in IL is 0', 7' is[0m
[10:52] [0m                quite a large increase.[0m
[10:52] [0m[32mYou tell Simonz:[0m wanna help me get blacksmith to journeyman? I need 113%[0m
[10:52] [0mnewb Lickloick [juggernaut/54]: im a newbie:) and cant find that chaos[0m
[10:52] [0m                                mushroom[0m
[10:53] [0mnewb Lickloick [juggernaut/54]: wandering if anyone knows where its at?[0m
[11:04] [0m[37;1m[JEDI]:[0m Alyssa K'tal arrives at the Academy.[0m
[11:16] [0mnewb Gaidin [elemental/131]: You talking about the one 4w from center of[0m
[11:16] [0m                             chaos?[0m
[11:18] [0mYou can currently reforge 12 items.[0m
[11:24] [0mnewb Lickloick [juggernaut/54]: yes yes i am[0m
[11:33] [0m[37;1m[JEDI]:[0m Janath Meelin arrives at the Academy.[0m
[11:40] [0m[32mVoodoo tells you:[0m As much as I know about laptops, I dont know shit about[0m
[11:40] [0m        computers.[0m
[11:40] [0m[34;1mNauda shouts:[0m Lapdance, best dance[0m
[11:40] [0m[34;1mSquirrel shouts:[0m bogagloo till you do[0m
[11:41] [0m[34;1mSpace shouts:[0m as much as i know about Voodoo, HE doesn't know much about[0m
[11:41] [0m              pants![0m
[11:41] [0m[32;1mFrom afar, you meep at Voodoo.[0m[0m
[11:41] [0m[34;1mTurnhold shouts:[0m The lapdance is always better when the stripper is crying.[0m
[11:42] [0m[34;1mVagrant shouts:[0m You tell Voodoo: i want when i poop, stuff comes out of my[0m
[11:42] [0m                butthole[0m
[11:42] [0m[34;1mXiu shouts:[0m and when her kids are watching from the door because her shift[0m
[11:42] [0m            ended 15min ago[0m
[11:42] [0m[34;1mBoosh shouts:[0m computers are about combine to form skynet in one year google[0m
[11:42] [0m              is main processor[0m
[11:43] [0m[34;1mSpace shouts:[0m stripper tears are.......lube for a dry hump[0m
[11:45] [0m[34;1mBoosh shouts:[0m its not often i can correct space so here goes dry hump means[0m
[11:45] [0m              no lube[0m
[11:45] [0m[34;1mNik shouts:[0m youre a bit late to the party[0m
[11:46] [0m[34;1mRoken shouts:[0m he likkes to make an entrance[0m
[11:46] [0m[34;1mBoosh shouts:[0m doors to tight hold on[0m
[11:46] [0m[34;1mRoken shouts:[0m fashionably late as they say[0m
[11:46] [0m[34;1mNik shouts:[0m playcult like a booty clappin lapdance technician[0m
[11:57] [0m[37;1m[JEDI]:[0m Wennic Ber'ni'lok arrives at the Academy.[0m
[12:05] [0m[34;1mHex shouts:[0m a laptop is just a computer on your lap[0m
[12:06] [0m[34;1mHex shouts:[0m e.g. a fleshlight[0m
[12:08] [0m[32mChavee says:[0m Welcome back, Roken, and I wish you the best of luck![0m
[12:19] [0mYou can currently reforge 4 items.[0m
[12:32] [0m[37;1m[JEDI]:[0m Durnoth arrives at the Academy.[0m
[12:34] [0mRoken <Craft>: I don't want to craft ... I want to be a LUMBERJACK!![0m
[12:43] [0m[Clan] Saim : a bit over 100mil i think[0m
[12:44] [0m[Clan] Ser : ok not yet i dont think, he has summons too right[0m
[12:44] [0m[Clan] Saim : i dont think so, but dont quote me on that[0m
[12:49] [0mnewb Lickloick [juggernaut/56]: how do you get to zambies?[0m
[12:50] [0mnewb Lickloick [juggernaut/56]: i cant find it on hotel[0m
[12:50] [0mnewb Space [necromancer/141]: easy, type wipeme hit enter then enter your[0m
[12:50] [0m                              password hit enter[0m
[12:50] [0mnewb Lickloick [juggernaut/56]: shut up[0m
[13:03] [0m[37;1m[JEDI]:[0m Kerran Halcyon arrives at the Academy.[0m
[13:20] [0mYou can currently reforge 8 items.[0m
[13:20] [0m[Clan] Byron : conglom has summons. like 5mil[0m
[13:21] [0m[Clan] Byron : hes 125mil[0m
[13:21] [0mGaidin {Professions}: Anybody need hearts of shadow upgraded?[0m
[13:21] [0mDyne {Professions}: I wouldn't object.[0m
[13:21] [0m[Clan] Byron : if i wasnt using bus station wifi i'd offee to kill him[0m
[13:21] [0m[Clan] Byron : maybe later[0m
[13:30] [0m[Clan] Ser : anyone want tacos refreshed[0m
[13:30] [0m[34;1mHooligan shouts:[0m wooooo[0m
[13:30] [0m[Clan] Ser : accccccccctually[0m
[13:30] [0m[Clan] Ser : i'll just run them on sock too[0m
[13:31] [0m[Clan] Ser : tryna get a damn guac before tomorrow[0m
[13:37] [0m[37;1m[JEDI]:[0m Talia Ska arrives at the Academy.[0m
[13:51] [0m[Clan] Nik : if you happen upon an extra spork that no one needs, could you[0m
[13:51] [0m             bag it fer me please?[0m
[13:51] [0m[Clan] Ser : yah fo sure[0m
[13:51] [0m[Clan] Ser : only a codpiece so far tho, and i didnt bag it[0m
[13:52] [0m[Clan] Nik : i broke or lost yiks spork XD and hows the adamantite bracers[0m
[13:52] [0m             compare to that 1? yiks autoloadin with that atm[0m
[13:54] [0m[Clan] Ser : more ac by far[0m
[13:55] [0m[Clan] Nik : haha dangit[0m
[13:56] [0m[32mSer tells you:[0m yo[0m
[13:57] [0m[32;1mFrom afar, you wave in greeting to Ser.[0m[0m
[13:57] [0m[32mSer tells you:[0m i have stuff for you[0m
[13:58] [0m[32mSer tells you:[0m @chess[0m
[13:58] [0m[32mSer tells you:[0m in like 2 minutes[0m
[13:58] [0m[32mSer tells you:[0m like 30 seconds[0m
[13:58] [0m[32mSer tells you:[0m ok like 10 seconds[0m
[13:59] [0m[34;1mSpace shouts:[0m cheers[0m
[13:59] [0m[32mSer tells you:[0m drink up[0m
[13:59] [0m[32mSer tells you:[0m then go find 2 more rings[0m
[14:01] [0m[32mYou tell Sock:[0m eating doms, drank potions[0m
[14:03] [0m[32mSock tells you:[0m congrats you can wear more rings[0m
[14:04] [0m[32mYou tell Sock:[0m 4eva?[0m
[14:04] [0m[32mSock tells you:[0m till boot[0m
[14:05] [0m[32mSock tells you:[0m common bootrun item for a lot of people[0m
[14:05] [0m[32mSock tells you:[0m generally takes a party to kill the guy, he's ~200mil[0m
[14:05] [0m[32mSock tells you:[0m well not bootrun but shortly after boot people have mini[0m
[14:05] [0m        parties to kill him[0m
[14:07] [0m[35;1mDy [Jedi(72)]:[0m You know there is a problem with the education system when[0m
[14:07] [0m               you realize that out of the 3 R's only one begins with an R.[0m
[14:15] [0m[37;1m[JEDI]:[0m Alyssa K'tal arrives at the Academy.[0m
[14:21] [0mYou can currently reforge 12 items.[0m
[14:41] [0m[35;1mDy [Jedi(72)]:[0m Murphy's Fourth Law: If there is a possibility that several[0m
[14:41] [0m               things can go wrong, then the one that will cause the[0m
[14:41] [0m               greatest damage will be the one to go wrong.[0m
[14:43] [0m[37;1m[JEDI]:[0m Tobias Kel'ach'nar arrives at the Academy.[0m
[14:44] [0m[35;1mDy [Jedi(72)]:[0m stupid cpain[0m
[14:46] [0m[35;1mDy [Jedi(72)]:[0m I blame Adalius.[0m
[14:48] [0m[35;1mDy [Jedi(72)]:[0m Or maybe I'll just blame the California government, they're[0m
[14:48] [0m               always to blame for things being messed up.[0m
[14:49] [0mDy flaps : This death is brought to you by[0m
[14:50] [0m[35;1mDy [Jedi(72)]:[0m I really need to change my repeat command.[0m
[14:50] [0mDy flaps : This death is brought to you by - The California government sucks[0m
[14:50] [0m           and everything is their fault.[0m
[14:50] [0mZor flaps : just jump in yo see if You die![0m
[14:59] [0m[Clan] Mud : wonder if i should get tactician to 35 before i dump magician. [0m
[14:59] [0m             assume there is still the restriction to join additional ones[0m
[15:00] [0m[Clan] Roken : restriction remains[0m
[15:00] [0m[Clan] Mud : or is it 'all must be 30'?[0m
[15:00] [0m[Clan] Roken : 35[0m
[15:00] [0m[Clan] Mud : cool, thankya[0m
[15:00] [0m[Clan] Roken : the order of when you acquire them MAY affect[0m
[15:01] [0m[Clan] Roken : applies to when you want to change multiple at the same time[0m
[15:02] [0m[Clan] Mud : yah, ill just grind this one up[0m
[15:05] [0m[Clan] Roken : someone learned the hard way[0m
[15:05] [0m[Clan] Mud : for the benefit of mankind[0m
[15:06] [0mCaeli flaps : Just remembered my stepdaughter invited us to dinner tonight.[0m
[15:10] [0m[34;1mDy shouts:[0m Dy pokes your eyes out! *squish*[0m
[15:11] [0m[37;1m[JEDI]:[0m H'ssani C'talan arrives at the Academy.[0m
[15:15] [0m[35;1mSimple [Jedi(31)]:[0m residual life?[0m
[15:16] [0m[34;1mTony shouts:[0m dude, only 11.5b more xp for a level up!!  then i can spam da[0m
[15:16] [0m             mudz[0m
[15:17] [0m[34;1mSpace shouts:[0m and go mia for another year only to comeback with x3 RLI and[0m
[15:17] [0m              get another level in a day!@[0m
[15:19] [0m[34;1mXavier shouts:[0m do any of you monkeys live in Houston?[0m
[15:21] [0mYou can currently reforge 12 items.[0m
[15:26] [0mCaeli flaps : Took my terrier and pit mix to PetSmart today. They both did[0m
[15:26] [0m              so well. The other dogs barking didn't even bother them.[0m
[15:27] [0mCaeli flaps : And they begged for pets from everyone.[0m
[15:32] [0m[Clan] Mud : need a skillpoint if possible, figure skillquests 10 (kill all[0m
[15:32] [0m             pedes) would be easy.  though never been there.  is that in[0m
[15:32] [0m             land?[0m
[15:34] [0m[Clan] Mud : nevermind, got the point needed[0m
[15:40] [0m[34;1mLickloick shouts:[0m how does zombies go from 60k to 178k in one level?[0m
[15:40] [0m[34;1mUkyo shouts:[0m welcome to the wonderful world of scaling?[0m
[15:41] [0m[34;1mSpace shouts:[0m just like they go from 10m at scaler 117 to 23m at scaler 118[0m
[15:44] [0m[37;1m[JEDI]:[0m Reena Bel Noir arrives at the Academy.[0m
[15:44] [0m[34;1mUkyo shouts:[0m it's a feature, not a bug.[0m
[16:14] [0m[37;1m[JEDI]:[0m Durnoth arrives at the Academy.[0m
[16:22] [0mYou can currently reforge 12 items.[0m
[16:28] [0m[32mSock tells you:[0m yo[0m
[16:28] [0m[32mSock tells you:[0m can i hit behind you out of party on my hardcore character[0m
[16:52] [0m[37;1m[JEDI]:[0m Kerran Halcyon arrives at the Academy.[0m
[16:55] [0mSimonz {Professions}: lots of voidstone ore at the crafting box if anyone[0m
[16:55] [0m                      needs it for transmuter pxp[0m
[17:13] [0m[34;1mNik shouts:[0m do you got fat luck? playcult[0m
[17:14] [0m[34;1mKitt shouts:[0m Nope[0m
[17:21] [0m[37;1m[JEDI]:[0m Talia Ska arrives at the Academy.[0m
[17:25] [0m[Clan] Ser : 3 fucking sporks and 2 codpieces so far[0m
[17:25] [0m[Clan] Ser : jfc[0m
[17:25] [0m[Clan] Xaryl : oops[0m
[17:27] [0m[Clan] Mud : im gonna reset tacos if anyone else besides ser/sock wants to[0m
[17:27] [0m             get frustrated[0m
[17:28] [0mMud flaps : gonna reset dtaco if anyone interested[0m
[17:29] [0mMud flaps : sorry, probably like 30-40 mins. ill follow up[0m
[17:32] [0m[Clan] Roken : @ser blacked sorry mate[0m
[17:32] [0m[Clan] Roken : b out[0m
[17:32] [0m[32mYou tell Ser:[0m Sorry I blacked out[0m
[17:32] [0m[32;1mFrom afar, Sock pats you on the head.[0m[0m
[17:34] [0m[34;1mHooligan shouts:[0m woooooooy[0m
[17:34] [0m[34;1mFluffy shouts:[0m small name, big letters![0m
[17:34] [0m[34;1mKichi shouts:[0m what is aka 115?[0m
[17:34] [0m[34;1mKichi shouts:[0m one hundred and eleventy five[0m
[17:34] [0m[34;1mHooligan shouts:[0m sounds like common core math...[0m
[17:34] [0m[34;1mWhoknows shouts:[0m wouldn't that be eleventy four?[0m
[17:35] [0m[34;1mBoosh shouts:[0m the world will end in 25 hundred hours o clock[0m
[17:36] [0m[34;1mZor shouts:[0m woo!!!!!!!!!!!!!!!!!!!!!!!!!!!!!!!!!!!!!!!!![0m
[17:37] [0m[34;1mLickloick shouts:[0m nice[0m
[17:59] [0m[37;1m[JEDI]:[0m Janath Meelin arrives at the Academy.[0m
[18:01] [0mYou can currently reforge 12 items.[0m
[18:31] [0m[37;1m[JEDI]:[0m Rhaan arrives at the Academy.[0m
[18:45] [0m[32mChavee says:[0m Welcome back, Roken, and I wish you the best of luck![0m
[18:51] [0m[34;1mLachlan shouts:[0m QUICK THE WIZARDS ARE GONE... TIME TO PARTY![0m
[18:52] [0mLachlan flaps : seriously I think that's the only time I haven't seen a wiz[0m
[18:52] [0m                on Who.[0m
[18:52] [0m[32mChavee says:[0m Welcome back, Roken, and I wish you the best of luck![0m
[18:53] [0mDy flaps : Type who w after 9 pm MST. They are usually gone or hiding by[0m
[18:53] [0m           then.[0m
[18:53] [0mGaidin flaps : Happens at US night sometimes.[0m
[18:55] [0mLachlan flaps : ahh, this ole timer is asleep by then as well I guess[0m
[19:00] [0m[32mChavee says:[0m Welcome back, Roken, and I wish you the best of luck![0m
[19:01] [0mYou can currently reforge 4 items.[0m
[19:03] [0mnewb Whoknows [priest/98]: anyone know if Marivn the Paranoid Android is[0m
[19:03] [0m                           useful in any way? cuz it's annoying the heck[0m
[19:03] [0m                           outta me[0m
[19:03] [0m[37;1m[JEDI]:[0m Herah Wylann arrives at the Academy.[0m
[19:03] [0mnewb Gaidin [elemental/131]: Yes, he is useful in a way[0m
[19:04] [0mnewb Whoknows [priest/98]: useful as a dead droid or recycled metals?[0m
[19:07] [0m[32mYou say: [0mlearn                                                                [0m
[19:07] [0;32mYvon says: [0mTraining is quite simple!  Once you've learned everything you[0m
[19:07] [0m           can at your current level of instruction, you can say[0m
[19:07] [0m           'teachmenow' and I'll show you some new tricks!  Of course, if[0m
[19:07] [0m           you want to forget some of the things you know so that you can[0m
[19:07] [0m           learn other professions, you can say 'unteachmenow' and I'll[0m
[19:07] [0m           take care of the unpleasantries.                               [0m
[19:07] [0m[32mYou say: [0mteachmenow                                                           [0m
[19:07] [0m[32mYvon says: [0mSure, here, lemme show you a few things ...[0m
[19:07] [0m[32mYvon says: [0mYou're a natural!                                               [0m
[19:10] [0m[34;1mOreo shouts:[0m lies[0m
[19:10] [0m[34;1mRoken shouts:[0m hax[0m
[19:11] [0m[34;1mNauda shouts:[0m hexen[0m
[19:11] [0m[34;1mHex shouts:[0m tyvm everyone[0m
[19:14] [0m[34;1mOreo shouts:[0m i see raylorns still molesting his sparrow[0m
[19:19] [0m[Clan] Archangel : Hmm... Drunk Master seems to be making about a 30M/hr[0m
[19:19] [0m                   difference.[0m
[19:19] [0m[Clan] Nik : pretty big difference![0m
[19:19] [0m[Clan] Archangel : Indeed[0m
[19:26] [0mMud -=(OMP)=- omp[0m
[19:26] [0mNik -=(OMP)=- womp womp[0m
[19:27] [0mNooster -=(OMP)=- ?[0m
[19:29] [0m[37;1m[JEDI]:[0m Wennic Ber'ni'lok arrives at the Academy.[0m
[19:34] [0m[32mChavee says:[0m Welcome back, Sorin, and I wish you the best of luck![0m
[19:37] [0m[32mChavee says:[0m Welcome back, Roken, and I wish you the best of luck![0m
[19:37] [0mRoken <Craft>: anyone have vol 1 mining tomes? pay for em[0m
[19:39] [0m[32mChavee says:[0m Welcome back, Roken, and I wish you the best of luck![0m
[19:54] [0m[37;1m[JEDI]:[0m Ylenic It'kla arrives at the Academy.[0m
[20:02] [0mYou can currently reforge 8 items.[0m
[20:12] [0m[Clan] Byron : Any ideas for how to make a "hidden in room" mob appear?[0m
[20:13] [0m[Clan] Byron : My bard stuff/songs cant pick it up.  I k ow its there[0m
[20:13] [0m               because of consider.[0m
[20:13] [0m[Clan] Xaryl : Psi detect invis?[0m
[20:13] [0m[Clan] Nik : poke it with a stick till it smokes you[0m
[20:14] [0m[Clan] Byron : Dunno, im killing it now, just would love to make it appear[0m
[20:14] [0m               in the room for my stepper[0m
[20:14] [0m[Clan] Xaryl : laugh[0m
[20:14] [0m[Clan] Xaryl : what area?[0m
[20:14] [0m[Clan] Byron : NOC[0m
[20:14] [0m[Clan] Xaryl : nod[0m
[20:19] [0m[32mYou tell Ser:[0m iamawesome.tim[0m
[20:19] [0m[32mYou tell Ser:[0m iamawesome.com[0m
[20:19] [0m[32mYou tell Ser:[0m omg[0m
[20:19] [0m[32mYou tell Ser:[0m found two dumb sites. theuselessweb.com and[0m
[20:19] [0m        weirdorconfusing.com[0m
[20:21] [0m[37;1m[JEDI]:[0m Bithoff Jonansaan arrives at the Academy.[0m
[20:37] [0m[34;1mKitt shouts:[0m knock it out of the ballpark Son![0m
[20:38] [0m[34;1mNik shouts:[0m tink[0m
[20:41] [0m<- ! The Vigilant ! -> :  A destabilization Kayos event has been detected in[0m
[20:41] [0m                          Northern Hills of Fantasy!  We are localizing it[0m
[20:41] [0m                          now - get ready![0m
[20:51] [0m[37;1m[JEDI]:[0m Tobias Kel'ach'nar arrives at the Academy.[0m
[21:00] [0mArchangel flaps : Event portal: Road Portal/16e/3n electrifying[0m
[21:03] [0mYou can currently reforge 12 items.[0m
[21:04] [0m[34;1mNightrider shouts:[0m le moo?[0m
[21:22] [0m[37;1m[JEDI]:[0m Talia Ska arrives at the Academy.[0m
[21:34] [0m[35;1mAsp [Jedi(45)]:[0m woo new blood[0m
[21:35] [0m[34;1mCrolack shouts:[0m This is not a Rick Roll -[0m
[21:35] [0m                https://www.youtube.com/watch?v=KvRJjC28pKE[0m
[21:36] [0m[34;1mNauda shouts:[0m It's a Rick Rack[0m
[21:36] [0m[34;1mRoken shouts:[0m just because you say it isnt doesnt make it so[0m
[21:36] [0m[35;1mAerne [Jedi(0)]:[0m Hi Everyone[0m
[21:36] [0m[34;1mNik shouts:[0m oh really? i guess ill just subvert my expectations[0m
[21:36] [0m[35;1mRoken [Jedi(56)]:[0m yolo[0m
[21:37] [0m[35;1mAsp [Jedi(45)]:[0m yolt if second childhood is any indication[0m
[21:37] [0m[34;1mNauda shouts:[0m Sasageyo! sasageyo! shinzou wo sasageyo![0m
[21:38] [0m[34;1mVoodoo shouts:[0m why yes, my mother does wear combat boots[0m
[21:38] [0m[34;1mOreo shouts:[0m she adds high heals when she is mad though[0m
[21:40] [0m[34;1mCrolack shouts:[0m Idol, JPop and Deathmetal -[0m
[21:40] [0m                https://www.youtube.com/watch?v=X48UZ4j9N04[0m
[21:42] [0m[35;1mAerne [Jedi(0)]:[0m what is a good weapon for a new Jedi?[0m
[21:43] [0m[34;1mNik shouts:[0m playcult like creepio![0m
[21:43] [0m[35;1mKortor [Jedi(64)]:[0m I was lazy starting out, learned jedi HTH, always have it[0m
[21:43] [0m                   and it never breaks[0m
[21:43] [0m[35;1mAsp [Jedi(45)]:[0m hmm something from the donation box, laser sword is a decent[0m
[21:43] [0m                weapon[0m
[21:43] [0m[35;1mKortor [Jedi(64)]:[0m and I still have it when the saber breaks[0m
[21:44] [0m[35;1mKortor [Jedi(64)]:[0m definitely a Kya-night down here[0m
[21:45] [0mByron flaps : anyone find a fancy portal?[0m
[21:47] [0mArchangel flaps : Nope, you won't find a fancy interdimensional portal thats[0m
[21:47] [0m                  16e/3n of road portal.  Just trust me on this.[0m
[21:48] [0m[37;1m[JEDI]:[0m Alyssa K'tal arrives at the Academy.[0m
[21:52] [0m[34;1mNik shouts:[0m oh i see... if its a dance battle you want, a dance battle you[0m
[21:52] [0m            will get[0m
[21:53] [0m[Clan] Pol leaves the game.  [0m
[22:01] [0mLachlan flaps : it's Time for EVERYONE to MOOSE Nik... just saying, my moose[0m
[22:01] [0m                is in the blender already.[0m
[22:01] [0m[34;1mNik shouts:[0m cmon, moose me harder[0m
[22:02] [0m[34;1mCrolack shouts:[0m reproduce lachlan[0m
[22:02] [0m[34;1mOreo shouts:[0m and give me access to that one character with all his eq[0m
[22:02] [0m             awesome ill take it[0m
[22:04] [0mYou can currently reforge 12 items.[0m
[22:04] [0m[34;1mOreo shouts:[0m pants crolack[0m
[22:04] [0m[34;1mCrolack shouts:[0m not wearing pants[0m
[22:04] [0m[34;1mNik shouts:[0m pants are the #1 cause of life alert calls[0m
[22:05] [0m[34;1mLachlan shouts:[0m Tell me o Wizards... why is there NO pants soul? I mean...[0m
[22:05] [0m                that is a long-standing meme here.. time to get some updated[0m
[22:05] [0m                souls.[0m
[22:06] [0mLachlan flaps : hrm, soul kissb and kissc no longer work. No mud sexting for[0m
[22:06] [0m                me tonight.[0m
[22:09] [0m[5m[1m[41mYour lightsaber begins to flicker and the handle warms![0m[0m                 [0m
[22:13] [0m[37;1m[JEDI]:[0m H'ssani C'talan arrives at the Academy.[0m
[22:19] [0m[35;1mSimple [Jedi(31)]:[0m does holocron box resaet at boot?[0m
[22:20] [0m[35;1mSimple [Jedi(31)]:[0m reset at boot?[0m
[22:20] [0m[35;1mAsp [Jedi(45)]:[0m yeah[0m
[22:27] [0m[34;1mJasmine shouts:[0m I AM ALIVE![0m
[22:29] [0m[34;1mZera shouts:[0m Huzzah![0m
[22:29] [0m[34;1mLickloick shouts:[0m really i never new that[0m
[22:50] [0m[37;1m[JEDI]:[0m Kerran Halcyon arrives at the Academy.[0m
[22:51] [0m[Clan] Byron : bah shouldve saved reset for event[0m
[22:54] [0m[34;1mKitt shouts:[0m Get Rekt[0m
[22:55] [0m[34;1mWhisper shouts:[0m he knew...[0m
[22:56] [0m[34;1mKitt shouts:[0m Next![0m
[23:02] [0m[Clan] Ser : woo guac[0m
[23:03] [0m[Clan] Nik : wooo! took long enough[0m
[23:05] [0mYou can currently reforge 12 items.[0m
[23:05] [0m[Clan] Ser : yah i was helping buddy install a roof vent[0m
[23:05] [0m[Clan] Ser : well roof fan[0m
[23:05] [0m[Clan] Ser : roof vent fan[0m
[23:05] [0m[Clan] Ser : w/e[0m
[23:05] [0m[Clan] Nik : laff[0m
[23:06] [0m[Clan] Ser : just needed the guac for tomorrow morning's firebat[0m
[23:07] [0m[Clan] Ser : instead i got 3?  4? sporks and 2 codpieces[0m
[23:07] [0m[Clan] Ser : think i ditched a spork and codpiece[0m
[23:08] [0m[Clan] Nik : XD[0m
[23:10] [0m[Clan] Ser : but dont worry i have plenty[0m
[23:18] [0m[37;1m[JEDI]:[0m Reena Bel Noir arrives at the Academy.[0m
[23:19] [0m[Clan] Knox enters the game.  [0m
[23:19] [0mCaeli flaps : I haz a drunk![0m
[23:19] [0mInix flaps : Put it in a tank?[0m
[23:21] [0m[Clan] Ser : and another fucking lance[0m
[23:21] [0m[Clan] Nik : laff[0m
[23:29] [0m[Clan] Byron : you need a guac?[0m
[23:29] [0m[Clan] Byron : day 7?[0m
[23:30] [0m[Clan] Ser : i got one[0m
[23:30] [0m[Clan] Ser : yahg[0m
[23:34] [0m[34;1mVoodoo shouts:[0m Laces Out![0m
[23:36] [0m[35;1mAerne [Jedi(1)]:[0m how do I get out of the chessboard?[0m
[23:51] [0m[34;1mRaest shouts:[0m shout out if you've been here since the mid-90's[0m
[23:51] [0m[34;1mHooligan shouts:[0m rangers?[0m
[23:51] [0m[34;1mChonos shouts:[0m What is mid 90s?  I feel like my first guy was probably 96[0m
[23:51] [0m[34;1mVagrant shouts:[0m shout shout let it alll outtt[0m
[23:52] [0m[34;1mVika shouts:[0m we're all old farts[0m
[23:52] [0m[34;1mHooligan shouts:[0m newbreed?[0m
[23:52] [0m[34;1mLickloick shouts:[0m oh yeah i really am:)[0m
[23:52] [0m[37;1m[JEDI]:[0m Durnoth arrives at the Academy.[0m
[23:53] [0m[34;1mHooligan shouts:[0m ahhh. nostalgia[0m
[23:53] [0m[34;1mVagrant shouts:[0m mine was 93-94, man the times my parents would pick up the[0m
[23:53] [0m                phone when I was connected vial dail-up and kick me off[0m
[23:53] [0m                while PK made me sad...[0m
[23:53] [0m[34;1mHyperion shouts:[0m yeah confirming old man game[0m
[23:54] [0m[34;1mLickloick shouts:[0m oh yeah i really am:)[0m
[23:54] [0m[34;1mHooligan shouts:[0m back when all the guilds were in town?[0m
[23:54] [0m[34;1mHooligan shouts:[0m and queue times due to full capacity?[0m
[23:54] [0m[34;1mRaest shouts:[0m 14.4 highspeed, baby[0m
[23:54] [0m[34;1mNauda shouts:[0m omg, I remember full capacity thing.[0m
[23:55] [0m[34;1mHooligan shouts:[0m and qps limiting levels?[0m
[23:55] [0m[34;1mXiu shouts:[0m i started a bit before the 5150 change, when ppl used to shout[0m
[23:55] [0m            "downgrade adventurers, make them join bards!"[0m
[23:55] [0m[34;1mChonos shouts:[0m I do remember having a level 29 but glevel 100 mage, heh[0m
[23:55] [0m[34;1mNauda shouts:[0m downgrade adventurers, make them join xiu![0m
[23:56] [0m[34;1mLeto shouts:[0m Yay Old People![0m
[23:56] [0m[34;1mHooligan shouts:[0m marines![0m
[23:56] [0m[34;1mRaest shouts:[0m CyberCorps![0m
[23:56] [0m[34;1mHooligan shouts:[0m gold docs and mr fusion. heh[0m
[23:57] [0m[34;1mJasmine shouts:[0m witches![0m
[23:57] [0m[34;1mLickloick shouts:[0m yeah you old people shout out too you guys[0m
[23:58] [0m[34;1mNauda shouts:[0m I remember I couldn't get glevels in mage needed level 20 for[0m
[23:58] [0m              guild level 75[0m
[23:58] [0mKitt gshouts: Got MOO? Got MOO? Got Moo?[0m
[23:59] [0m[34;1mLeto shouts:[0m my first movie rental The Last Starfighter. It was soooo[0m
[23:59] [0m             awesome, on my Commodore 64 monitor.[0m
