- = LOG STARTED [00:00] = -
[00:03] [4m[31m[JEDI]: Reena Bel Noir leaves the Academy.[0m[0m
[00:05] [0m[32mYou tell Ser:[0m whats this in my inventory?[0m
[00:05] [0m[32mYou tell Ser:[0m "You can tag an item to load next lo"[0m
[00:06] [0mYou can currently reforge 8 items.[0m
[00:07] [0m[32mSer tells you:[0m that should answer your question[0m
[00:07] [0m[32mSer tells you:[0m help icotag[0m
[00:07] [0m[32mSer tells you:[0m *mind blown*[0m
[00:09] [0m[32mYou tell Ser:[0m only saves if quit and come back before 10 minutes so not[0m
[00:09] [0m        reboots dang[0m
[00:10] [0m[32mSer tells you:[0m yes it does[0m
[00:10] [0m[32mSer tells you:[0m i.e. you need to be on for reboot for it to work[0m
[00:10] [0m[32mYou tell Ser:[0m and that is 9 eastern[0m
[00:12] [0m[32mYou tell Ser:[0m i know you are still connected. see this bot string..[0m
[00:16] [0m[32mSer tells you:[0m what about it[0m
[00:17] [0m[4m[31m[JEDI]: Herah Wylann arrives at the Academy.[0m[0m[0m
[00:18] [0m[32mYou tell Ser:[0m is it triggering the monster?[0m
[00:18] [0m[32mSer tells you:[0m what[0m
[00:20] [0m[4m[31m[JEDI]: Willy has disconnected.[0m[0m[0m
[00:32] [0m[4m[31m[JEDI]: Herah Wylann leaves the Academy.[0m[0m[0m
[00:35] [0m[4m[31m[JEDI]: Carolina has disconnected.[0m[0m[0m
[00:37] [0mYou adjust your reforger's kit slightly, ready to do more business.[0m
[00:37] [0mYou can currently reforge 12 items.[0m
[00:44] [0mVagrant flaps : forming up a firebat partay for our good friend Ser[0m
[00:45] [0m[4m[31m[JEDI]: Wennic Ber'ni'lok arrives at the Academy.[0m[0m[0m
[00:51] [0m[34;1mVagrant shouts:[0m FIREBAT PARTAY forming for our GREAT friend Ser. message[0m
[00:51] [0m                him.[0m
[00:52] [0m[34;1mSer shouts:[0m pretty please i have been trying to move into my friends house[0m
[00:52] [0m            cuz i'm a freeloader and havent had much time because i've been[0m
[00:52] [0m            dodging his 3 kids[0m
[00:53] [0m[34;1mSimonz shouts:[0m train dodge rlskill?[0m
[00:53] [0m[34;1mSer shouts:[0m you're officially signed up thnx simonz[0m
[00:53] [0m[34;1mSimonz shouts:[0m awesome, I'll be right there![0m
[00:54] [0m[34;1mHooligan shouts:[0m firebat firebat go go go![0m
[00:54] [0m[34;1mHooligan shouts:[0m Need more vespine gas![0m
[00:54] [0m[34;1mVagrant shouts:[0m FOR EYE-R[0m
[00:54] [0m[34;1mFluffy shouts:[0m for the horde![0m
[00:55] [0m[34;1mHooligan shouts:[0m I'd help but I'm about 40 levels/40 glevels too tiny.  :P[0m
[00:55] [0m[34;1mVagrant shouts:[0m its fine just throw your body at it! :)[0m
[00:55] [0m[34;1mHooligan shouts:[0m I'm still too human and not enough machine yet.[0m
[00:56] [0m[34;1mXiu shouts:[0m come on folks, what's life without adventure? you maggots want[0m
[00:56] [0m            to live forever?[0m
[00:56] [0m[34;1mSimonz shouts:[0m not looking to become one with the force tonight[0m
[00:56] [0m[34;1mVagrant shouts:[0m ^[0m
[00:57] [0m[34;1mHooligan shouts:[0m and on a totally unrelated note, the new season of Stranger[0m
[00:57] [0m                 Things is AWESOME![0m
[00:57] [0m[34;1mCixx shouts:[0m I've got 2 episodes left.[0m
[00:57] [0m[34;1mHooligan shouts:[0m I'm on episode 8[0m
[00:57] [0m[34;1mCixx shouts:[0m Trying to savor it.[0m
[00:57] [0mNightrider flaps : anyone know where the event is at , i dont see it in any[0m
[00:57] [0m                   chats[0m
[00:57] [0m[34;1mHooligan shouts:[0m I'll savor the next 3 watch through's.  :P[0m
[00:58] [0mSer flaps : NR Wanna go die a bunch to firebat[0m
[00:58] [0mNightrider flaps : do i have to?[0m
[00:58] [0mSer flaps : i'd appreciate you[0m
[00:58] [0mXiu flaps : only if it hits you to 0 or less hp[0m
[00:58] [0mSer flaps : a little more[0m
[00:58] [0mVagrant flaps : hmm events must be hawtness if every1 been doing it... i[0m
[00:58] [0m                should check it out sometime[0m
[00:58] [0mNightrider flaps : i guess[0m
[00:59] [0mNightrider flaps : let me know ill teleport in[0m
[00:59] [0mSer flaps : i think vagrant maybe will do a crypt if i ask him enough times[0m
[00:59] [0m            nicely[0m
[01:00] [0mNightrider flaps : with vag you tell dont ask[0m
[01:00] [0mXiu flaps : poke me when you get here if i don't respond[0m
[01:01] [0mNightrider flaps : ill give you poke alright[0m
[01:01] [0mXiu flaps : just be sure to wrap it, my tests haven't come back yet[0m
[01:01] [0m[4m[31m[JEDI]: Wennic Ber'ni'lok leaves the Academy.[0m[0m[0m
[01:02] [0m[34;1mVagrant shouts:[0m crypt up resid,n,e[0m
[01:02] [0mVagrant flaps : crypt up resid,n,e[0m
[01:03] [0mSiem [Jedi(43)]: anyone into csgo?[0m
[01:04] [0m[4m[31m[JEDI]: Mugen has disconnected.[0m[0m[0m
[01:09] [0m[34;1mVagrant shouts:[0m SER SATISFIED.[0m
[01:09] [0m[34;1mSer shouts:[0m that's what she calls me m8[0m
[01:11] [0m[34;1mSer shouts:[0m thanks again all[0m
[01:12] [0m[4m[31m[JEDI]: H'ssani C'talan arrives at the Academy.[0m[0m[0m
[01:22] [0m[4m[31m[JEDI]: Gandalf has reconnected.[0m[0m[0m
[01:28] [0m[4m[31m[JEDI]: H'ssani C'talan leaves the Academy.[0m[0m[0m
[01:31] [0m[34;1mFluffy shouts:[0m big letters[0m
[01:31] [0m[34;1mHooligan shouts:[0m WOOT![0m
[01:32] [0m[4m[31m[JEDI]: Asp has learned to better sense the Force.[0m[0m[0m
[01:37] [0mYou adjust your reforger's kit slightly, ready to do more business.[0m
[01:37] [0mYou can currently reforge 12 items.[0m
[01:40] [0m[4m[31m[JEDI]: The Force ripples as Saint awakens.[0m[0m[0m
[01:40] [0m[4m[31m[JEDI]: Saint has become a Jedi padawan.[0m[0m[0m
[01:48] [0m[4m[31m[JEDI]: Janath Meelin arrives at the Academy.[0m[0m[0m
[01:49] [0mSaint [Jedi(0)]: Leave it to Adalius to come in and muck up everything.[0m
[01:56] [0mSimonz [Jedi(52)]: hey saint! com for this line[0m
[01:56] [0mSaint [Jedi(0)]: Thanks :)[0m
[01:58] [0m[4m[31m[JEDI]: Janath Meelin leaves the Academy.[0m[0m[0m
[02:15] [0m[4m[31m[JEDI]: Ylenic It'kla arrives at the Academy.[0m[0m[0m
[02:17] [0m[4m[31m[JEDI]: Saint slumbers once more.[0m[0m[0m
[02:21] [0m[4m[31m[JEDI]: Jasmine has reconnected.[0m[0m[0m
[02:26] [0m[4m[31m[JEDI]: Ylenic It'kla leaves the Academy.[0m[0m[0m
[02:29] [0m[4m[31m[JEDI]: Ukyo has reconnected.[0m[0m[0m
[02:37] [0mYou adjust your reforger's kit slightly, ready to do more business.[0m
[02:37] [0mYou can currently reforge 12 items.[0m
[02:39] [0m[4m[31m[JEDI]: Talia Ska arrives at the Academy.[0m[0m[0m
[02:53] [0m[4m[31m[JEDI]: Talia Ska leaves the Academy.[0m[0m[0m
[02:59] [0m[34;1mJasmine shouts:[0m PLAYCULT! 1 more needed[0m
[03:06] [0m[4m[31m[JEDI]: Tobias Kel'ach'nar arrives at the Academy.[0m[0m[0m
[03:12] [0mUkyo [Jedi(76)]: rli xp bonus goes away after a certain amount of xp has[0m
[03:12] [0m                 been garnered, right?[0m
[03:13] [0mSimonz [Jedi(52)]: i think so[0m
[03:13] [0mUkyo [Jedi(76)]: hrm. interesting.[0m
[03:15] [0m[34;1mJasmine shouts:[0m DIRTY FILTHY MEMORY![0m
[03:15] [0m[34;1mFluffy shouts:[0m a tad premature[0m
[03:21] [0m[4m[31m[JEDI]: Tobias Kel'ach'nar leaves the Academy.[0m[0m[0m
[03:36] [0m[4m[31m[JEDI]: Rhaan arrives at the Academy.[0m[0m[0m
[03:38] [0mYou adjust your reforger's kit slightly, ready to do more business.[0m
[03:38] [0mYou can currently reforge 12 items.[0m
[03:42] [0m[4m[31m[JEDI]: Asp has learned to better control the Force.[0m[0m[0m
[03:44] [0m[4m[31m[JEDI]: Hyuga has reconnected.[0m[0m[0m
[03:49] [0m[4m[31m[JEDI]: Rhaan leaves the Academy.[0m[0m[0m
[03:50] [0mUkyo [Jedi(76)]: hrm. i wonder if i really want to drink this hemlock poison[0m
[03:50] [0m                 or not?[0m
[03:58] [0m[4m[31m[JEDI]: Requiem has reconnected.[0m[0m[0m
[04:03] [0m[4m[31m[JEDI]: Kerran Halcyon arrives at the Academy.[0m[0m[0m
[04:14] [0m[4m[31m[JEDI]: Kerran Halcyon leaves the Academy.[0m[0m[0m
[04:14] [0m[4m[31m[JEDI]: Ukyo slumbers once more.[0m[0m[0m
[04:15] [0m[4m[31m[JEDI]: The Force fluxes as Ukyo awakens.[0m[0m[0m
[04:18] [0mUkyo [Jedi(76)]: possible death incoming[0m
[04:18] [0mUkyo [Jedi(76)]: drinking a potion that i THINK will probably kill me[0m
[04:18] [0mUkyo [Jedi(76)]: on second thought, i'm going to just leave it[0m
[04:19] [0mAsp [Jedi(17)]: tease[0m
[04:34] [0m[4m[31m[JEDI]: Alyssa K'tal arrives at the Academy.[0m[0m[0m
[04:38] [0mYou adjust your reforger's kit slightly, ready to do more business.[0m
[04:38] [0mYou can currently reforge 4 items.[0m
[04:49] [0mNauda flaps : a test hello[0m
[04:53] [0m[4m[31m[JEDI]: Alyssa K'tal leaves the Academy.[0m[0m[0m
[05:07] [0m[4m[31m[JEDI]: Bithoff Jonansaan arrives at the Academy.[0m[0m[0m
[05:15] [0m[4m[31m[JEDI]: Jasmine has disconnected.[0m[0m[0m
[05:24] [0m[4m[31m[JEDI]: Bithoff Jonansaan leaves the Academy.[0m[0m[0m
[05:33] [0m[4m[31m[JEDI]: Requiem has disconnected.[0m[0m[0m
[05:34] [0m[4m[31m[JEDI]: Requiem has reconnected.[0m[0m[0m
[05:34] [0m[4m[31m[JEDI]: Requiem has disconnected.[0m[0m[0m
[05:36] [0m[4m[31m[JEDI]: Janath Meelin arrives at the Academy.[0m[0m[0m
[05:54] [0m[4m[31m[JEDI]: Janath Meelin leaves the Academy.[0m[0m[0m
[05:58] [0mYou adjust your reforger's kit slightly, ready to do more business.[0m
[05:58] [0mYou can currently reforge 8 items.[0m
[05:59] [0m[4m[31m[JEDI]: Call has reconnected.[0m[0m[0m
[06:00] [0m[34;1mRoadblock shouts:[0m what? I made massxp awesome!!!!!!!!!!!!![0m
[06:00] [0m[4m[31m[JEDI]: Call slumbers once more.[0m[0m[0m
[06:00] [0m[34;1mHooligan shouts:[0m Wooo!  Me too apparently.[0m
[06:00] [0m[34;1mHooligan shouts:[0m Must be a slow night.  :P[0m
[06:00] [0m[34;1mRoadblock shouts:[0m yea that's surprising Im never on it[0m
[06:12] [0m[4m[31m[JEDI]: Reena Bel Noir arrives at the Academy.[0m[0m[0m
[06:13] [0m[34;1mHooligan shouts:[0m WOOOT![0m
[06:13] [0m[34;1mRoadblock shouts:[0m nice[0m
[06:17] [0m[4m[31m[JEDI]: Mugen has reconnected.[0m[0m[0m
[06:21] [0m[4m[31m[JEDI]: Asp has learned to better sense the Force.[0m[0m[0m
[06:27] [0m[4m[31m[JEDI]: Reena Bel Noir leaves the Academy.[0m[0m[0m
[06:28] [0m[4m[31m[JEDI]: Simonz has disconnected.[0m[0m[0m
[06:37] [0m[4m[31m[JEDI]: You feel a disturbance in the Force....[0m[0m[0m
[06:37] [0m[4m[31m[JEDI]: Asp has fallen to Wyvern in Forest of Despair (se,sw,ne,n,s).[0m[0m[0m
[06:38] [0m[34;1mBoosh shouts:[0m don't asp it, the wyvern will keeeel you![0m
[06:40] [0m[34;1mRoadblock shouts:[0m sings aint that tough enough[0m
[06:41] [0m[4m[31m[JEDI]: Ylenic It'kla arrives at the Academy.[0m[0m[0m
[06:52] [0m[4m[31m[JEDI]: Asp has gained understanding of: dodge.[0m[0m[0m
[06:53] [0m[4m[31m[JEDI]: Siem has disconnected.[0m[0m[0m
[06:54] [0m[4m[31m[JEDI]: Ylenic It'kla leaves the Academy.[0m[0m[0m
[06:58] [0m[4m[31m[JEDI]: Gandalf has disconnected.[0m[0m[0m
[07:04] [0m[4m[31m[JEDI]: Gandalf has reconnected.[0m[0m[0m
[07:06] [0m[4m[31m[JEDI]: H'ssani C'talan arrives at the Academy.[0m[0m[0m
[07:17] [0m[4m[31m[JEDI]: Gandalf has disconnected.[0m[0m[0m
[07:17] [0m[4m[31m[JEDI]: Willy has reconnected.[0m[0m[0m
[07:17] [0m[4m[31m[JEDI]: Gandalf has reconnected.[0m[0m[0m
[07:24] [0mYou adjust your reforger's kit slightly, ready to do more business.[0m
[07:24] [0mYou can currently reforge 12 items.[0m
[07:25] [0m[4m[31m[JEDI]: H'ssani C'talan leaves the Academy.[0m[0m[0m
[07:38] [0m[4m[31m[JEDI]: Asp has disconnected.[0m[0m[0m
[07:43] [0m[4m[31m[JEDI]: Kerran Halcyon arrives at the Academy.[0m[0m[0m
[08:02] [0m[4m[31m[JEDI]: Kerran Halcyon leaves the Academy.[0m[0m[0m
[08:17] [0m[4m[31m[JEDI]: Durnoth arrives at the Academy.[0m[0m[0m
[08:20] [0mArmy shouts: Game reboot in 50 minutes 53 seconds [0m
[08:31] [0m[4m[31m[JEDI]: Simonz has reconnected.[0m[0m[0m
[08:33] [0mArmy shouts: Game reboot in 37 minutes 59 seconds [0m
[08:34] [0m[4m[31m[JEDI]: Magneto has reconnected.[0m[0m[0m
[08:35] [0mPlunos flaps : hmm[0m
[08:37] [0m[4m[31m[JEDI]: Durnoth leaves the Academy.[0m[0m[0m
[08:43] [0mArmy shouts: Game reboot in 28 minutes 19 seconds [0m
[08:44] [0mYou adjust your reforger's kit slightly, ready to do more business.[0m
[08:44] [0mYou can currently reforge 12 items.[0m
[08:44] [0mHyuga flaps : PBR Hard Coffee?[0m
[08:46] [0m[34;1mVapor shouts:[0m got 36 corpses if anyone would like to have, at sci entrance[0m
[08:47] [0m[34;1mBoosh shouts:[0m psst pass the cow[0m
[08:47] [0mHyuga [Jedi(89)]: woot[0m
[08:48] [0mHyuga [Jedi(89)]: Mastery 18 :)[0m
[08:48] [0mMugen [Jedi(Knight)]: nice[0m
[08:48] [0mWilly [Jedi(15)]: I'm still waiting for 17.[0m
[08:48] [0mWilly [Jedi(15)]: and 3[0m
[08:49] [0mHyuga [Jedi(89)]: 17... you have another jedi?[0m
[08:49] [0mWilly [Jedi(15)]: you missed my second comment ;)[0m
[08:50] [0mHyuga [Jedi(89)]: i miss all things[0m
[08:50] [0mArmy shouts: Game reboot in 21 minutes 4 seconds [0m
[08:51] [0m[4m[31m[JEDI]: Wennic Ber'ni'lok arrives at the Academy.[0m[0m[0m
[08:56] [0mArmy shouts: Game reboot in 15 minutes 38 seconds [0m
[08:57] [0mAlstor [Jedi(Staff)]: I shall be selling the Armory off shortly. Please[0m
[08:57] [0m                      return any borrowed equipment promptly.[0m
[08:57] [0mAlstor [Jedi(Staff)]: I sold the contents of the Armory for 2333664 coins[0m
[08:57] [0m                      and credited your accounts with your share of the[0m
[08:57] [0m                      proceeds.[0m
[08:59] [0mAlstor [Jedi(Staff)]: I sold the contents of the Armory for 35571 coins and[0m
[08:59] [0m                      credited your accounts with your share of the[0m
[08:59] [0m                      proceeds.[0m
[09:00] [0mArmy shouts: Game reboot in 11 minutes 33 seconds [0m
[09:00] [0mAlstor [Jedi(Staff)]: I sold the contents of the Armory for 87081 coins and[0m
[09:00] [0m                      credited your accounts with your share of the[0m
[09:00] [0m                      proceeds.[0m
[09:01] [0mAlstor [Jedi(Staff)]: I sold the contents of the Armory for 55358 coins and[0m
[09:01] [0m                      credited your accounts with your share of the[0m
[09:01] [0m                      proceeds.[0m
[09:03] [0mArmy shouts: Game reboot in 8 minutes 29 seconds [0m
[09:03] [0mAlstor [Jedi(Staff)]: I sold the contents of the Armory for 97249 coins and[0m
[09:03] [0m                      credited your accounts with your share of the[0m
[09:03] [0m                      proceeds.[0m
[09:04] [0mYou can currently reforge 12 items.[0m
[09:04] [0m[4m[31m[JEDI]: Gandalf has disconnected.[0m[0m[0m
[09:04] [0mAlstor [Jedi(Staff)]: I sold the contents of the Armory for 1450 coins and[0m
[09:04] [0m                      credited your accounts with your share of the[0m
[09:04] [0m                      proceeds.[0m
[09:05] [0mArmy shouts: Game reboot in 6 minutes 11 seconds [0m
[09:05] [0mAlstor [Jedi(Staff)]: I sold the contents of the Armory for 8000 coins and[0m
[09:05] [0m                      credited your accounts with your share of the[0m
[09:05] [0m                      proceeds.[0m
[09:06] [0mAlstor [Jedi(Staff)]: I sold the contents of the Armory for 31600 coins and[0m
[09:06] [0m                      credited your accounts with your share of the[0m
[09:06] [0m                      proceeds.[0m
[09:07] [0mArmy shouts: TELL ARMY if you want a free transport![0m
[09:07] [0mArmy shouts: Game reboot in 4 minutes 28 seconds [0m
[09:07] [0m[34;1mNightrider shouts:[0m HELP THE WORLD IS ENDING[0m
[09:08] [0mArmy shouts: Game reboot in 3 minutes 11 seconds [0m
[09:08] [0mAlstor [Jedi(Staff)]: I sold the contents of the Armory for 1274 coins and[0m
[09:08] [0m                      credited your accounts with your share of the[0m
[09:08] [0m                      proceeds.[0m
[09:08] [0m[4m[31m[JEDI]: Gandalf slumbers once more.[0m[0m[0m
[09:08] [0m[4m[31m[JEDI]: Wennic Ber'ni'lok leaves the Academy.[0m[0m[0m
[09:09] [0mArmy shouts: Game reboot in 2 minutes 13 seconds [0m
[09:10] [0mArmy shouts: Game reboot in 1 minute 29 seconds [0m
[09:10] [0mSquirrel flaps : mask icotaged[0m
[09:10] [0mArmy shouts: Game reboot in 56 seconds [0m
[09:11] [0m  _   _   _   _   _   _   _   _   _   _   _   _   _   _   _   _   _   _   _[0m
[09:11] [0m | |_| |_| |_| |_| |_| |_| |_| |_| |_| |_| |_| |_| |_| |_| |_| |_| |_| |_| |[0m
[09:11] [0m |                                                                         |[0m
[09:11] [0m |  [1mCurrent Reboot : #1802 [1 week 4 days 7 hours 6 minutes]              [0m |[0m
[09:11] [0m |  [1mCurrent Time   : (US EDT) Sat Jul 06, 2019 09:11:05 am                [0m |[0m
[09:11] [0m |  [36;1mCurrent Uptime : 1 week 4 days 7 hours 5 minutes 44 seconds (99%)     [0m |[0m
[09:11] [0m |  [33;1mNext Reboot in : 34 seconds                                           [0m |[0m
[09:11] [0m |                                                                         |[0m
[09:11] [0m |  [32m(Started)[0m [32;1mTue Jun 25 02:05 am[0m              [31;1m Sat Jul 6 09:11 am[0m [31m(Ends)[0m  |[0m
[09:11] [0m |  [32;1m(>[0m[32;1m===============================================================[0m[1m>[0m[31;1m-[0m[31;1m<)[0m  |[0m
[09:11] [0m (_________________________________________________________________________)[0m
[09:11] [0mArmy shouts: Game reboot in 32 seconds [0m
[09:11] [0mArmy shouts: Game reboot in 14 seconds [0m
[09:11] [0m[34;1mTurnhold shouts:[0m Last n' stuff.[0m
[09:11] [0mArmy shouts: The sweltering heat of this arid desert is making your head ache[0m
[09:11] [0m[4m[31m[JEDI]: Roken slumbers once more.[0m[0m[0m
[09:12] [4m[31m[JEDI]: The Force ripples as Roken awakens.[0m[0m
[09:12] [4m[31m[JEDI]: The Force fluxes as Willy awakens.[0m[0m
[09:12] [4m[31m[JEDI]: Carolina slumbers once more.[0m[0m
[09:12] [4m[31m[JEDI]: Janath Meelin arrives at the Academy.[0m[0m
[09:13] [4m[31m[JEDI]: Willy slumbers once more.[0m[0m
[09:13] [0m[4m[31m[JEDI]: The Force trembles as Inquisitor awakens.[0m[0m[0m
[09:16] [0mSimonz [Jedi(52)]: sweet[0m
[09:16] [0mSimonz [Jedi(52)]: w/l[0m
[09:16] [0mInquisitor [Jedi(Knight)]: How sweet is it?[0m
[09:16] [0mHyuga [Jedi(89)]: DUDE[0m
[09:16] [0mHyuga [Jedi(89)]: whats mine say?[0m
[09:16] [0mInquisitor [Jedi(Knight)]: Well played.[0m
[09:18] [0mSimonz [Jedi(52)]: 4  R5 Astromech Droid     astromech       N   F   N   C  [0m
[09:18] [0m                   N      6000[0m
[09:18] [0mHyuga [Jedi(89)]: thanks :)[0m
[09:18] [0mHyuga [Jedi(89)]: i can use that one actually[0m
[09:18] [0mSimonz [Jedi(52)]: cool[0m
[09:19] [0mHyuga [Jedi(89)]: i haven't repaired my saber in awhile, prolly bout to[0m
[09:19] [0m                  break[0m
[09:19] [0mSimonz [Jedi(52)]: how high does the level go for each droid type?[0m
[09:19] [0mInquisitor [Jedi(Knight)]: Land2 warhaft gloves/cloak @ CoG, got some spares[0m
[09:19] [0mRoken [Jedi(45)]: droids stay after quit?[0m
[09:20] [0mHyuga [Jedi(89)]: no[0m
[09:20] [0mMugen [Jedi(Knight)]: no way, shouldnt[0m
[09:20] [0mSimonz [Jedi(52)]: nope =/[0m
[09:20] [0mWyvern [Jedi(90)]: nope, have to buy it again[0m
[09:20] [0mSimonz [Jedi(52)]: hate that[0m
[09:26] [0mInquisitor [Jedi(Knight)]: Anybody need cow/chicken plate?[0m
[09:26] [0m[4m[31m[JEDI]: Janath Meelin leaves the Academy.[0m[0m[0m
[09:26] [0;1;34mRikken shouts: [0mPolls are now open![0m
[09:27] [0mRoken flaps : byron and fluffy sure love dying![0m
[09:27] [0mSimonz flaps : it's a weird compulsion, they just like to get it out of the[0m
[09:27] [0m               way early in the boot[0m
[09:27] [0mByron flaps : dying is my favorite[0m
[09:34] [0m[32mYou tell Ser:[0m yo[0m
[09:34] [0m[32mSer tells you:[0m hey[0m
[09:34] [0m[32mSer tells you:[0m everyone is still asleep[0m
[09:35] [0m[32mYou tell Ser:[0m did you sleep[0m
[09:35] [0m[32mSer tells you:[0m yah[0m
[09:36] [0m[32mYou tell Ser:[0m we discording?[0m
[09:36] [0m[34;1mHyuga shouts:[0m ug adventurers[0m
[09:36] [0m[34;1mVagrant shouts:[0m ^[0m
[09:39] [0m[32mYou tell Ser:[0m im showering wanna get mapping. will this be written in a tin[0m
[09:39] [0m        file?[0m
[09:39] [0m[32mSer tells you:[0m i named mine 3k.map[0m
[09:40] [0m[32mYou tell Ser:[0m shared between characters?[0m
[09:40] [0m[32;1mFrom afar, Ser nods to you.[0m[0m
[09:41] [0m[32mYou tell Ser:[0m k shower[0m
[09:41] [0m[32;1mFrom afar, Ser nods to you.[0m[0m
[09:43] [0m[4m[31m[JEDI]: Ylenic It'kla arrives at the Academy.[0m[0m[0m
[09:45] [0mYou adjust your reforger's kit slightly, ready to do more business.[0m
[09:45] [0mYou can currently reforge 4 items.[0m
[09:54] [0mArmy shouts: Game reboot in 11 hours [0m
[09:54] [0m[34;1mHyuga shouts:[0m lol[0m
[09:54] [0m[34;1mInquisitor shouts:[0m What is this, 1994?[0m
[09:54] [0m[34;1mFluffy shouts:[0m what did you break ... this time ?[0m
[09:54] [0m[34;1mVagrant shouts:[0m I thought it was just me[0m
[09:55] [0m[34;1mMetaljaz shouts:[0m oh i didnt just see that did i[0m
[09:55] [0m[34;1mHyuga shouts:[0m nice. i can make some coins this boot![0m
[09:59] [0m[34;1mFluffy shouts:[0m cut our losses and reboot this puppy now![0m
[09:59] [0m[32;1mFrom afar, you bow to Ser.[0m[0m
[09:59] [0m[32mSer tells you:[0m blah[0m
[10:00] [0m[32mSer tells you:[0m wasted a dupe item and boot went from a 10 day boot to a 10[0m
[10:00] [0m        hr boot[0m
[10:00] [0m[32mSer tells you:[0m and it has a 3 day cooldown[0m
[10:01] [0m[32mSer tells you:[0m *AND* i got a tag on firebat/cmc for no fkin reason[0m
[10:01] [0mArnic gshouts: 3scapes is down?[0m
[10:02] [0m[4m[31m[JEDI]: Ylenic It'kla leaves the Academy.[0m[0m[0m
[10:04] [0m[32mYou tell Ser:[0m wasted a dope item or duplicate   is icotag?[0m
[10:04] [0m[32mSer tells you:[0m dupe item...  eternal power[0m
[10:04] [0m[32mSer tells you:[0m   4/6 duplicate item       :   35   3.4D   3.3D  7.9B[0m
[10:04] [0m[32mYou tell Ser:[0m ah im not privileged to such info until lv111[0m
[10:04] [0m[32mSer tells you:[0m how you doing on stats?[0m
[10:05] [0m[32mYou tell Ser:[0m only 11 stats behind at lvl 90[0m
[10:05] [0m[32;1mFrom afar, Ser goes 'Woo Woo!' at you.[0m[0m
[10:05] [0m[32mSer tells you:[0m was the 30 levels worth not having any gear at boot?[0m
[10:05] [0m[32mYou tell Ser:[0m and only died 30+ times :D[0m
[10:06] [0m[4m[31m[JEDI]: The Force quavers as Firebird awakens.[0m[0m[0m
[10:06] [0m[4m[31m[JEDI]: Firebird has disconnected.[0m[0m[0m
[10:06] [0m[32mYou tell Ser:[0m yes and no. no because i am not ready to take on PB armor[0m
[10:06] [0m        mobs[0m
[10:06] [0m[32mSer tells you:[0m ok go to cot, going to give you a quick and dirty map[0m
[10:06] [0m        lesson, will help you flesh it out more later[0m
[10:13] [0m[4m[31m[JEDI]: Firebird has reconnected.[0m[0m[0m
[10:13] [0m[4m[31m[JEDI]: Firebird has disconnected.[0m[0m[0m
[10:17] [0m[34;1mMugen shouts:[0m I concur, boot fluffy now[0m
[10:17] [0m[34;1mFluffy shouts:[0m make bacon .. again![0m
[10:18] [0m[4m[31m[JEDI]: You feel a disturbance in the Force....[0m[0m[0m
[10:18] [0m[4m[31m[JEDI]: Mugen has fallen to Ned Flanders in Approaching the Altar (w,e).[0m[0m[0m
[10:19] [0m[4m[31m[JEDI]: Inquisitor has disconnected.[0m[0m[0m
[10:20] [0m[4m[31m[JEDI]: Alyssa K'tal arrives at the Academy.[0m[0m[0m
[10:27] [0mSimonz [Jedi(52)]: how often is normal?[0m
[10:27] [0mSimonz [Jedi(52)]: w/l[0m
[10:29] [0m[Auction] Robert : Up for bids: A transparent camisole, Willie's Kilt, The[0m
[10:29] [0m                   Scroll of Well-Being, Battlesuit of the Warchief and Orc[0m
[10:29] [0m                   Captain's Shield.[0m
[10:29] [0m[Auction] Robert : Fluffy has requested 1,337 as the opening offer.[0m
[10:29] [0m[Auction] Fluffy (chan) : junk![0m
[10:29] [0m[Auction] Robert : Got 1,337 from Mugen(jedi).  Do I hear 1,387?[0m
[10:30] [0m[Auction] Robert : 1,337 going once![0m
[10:30] [0m[Auction] Robert : 1,337 going twice![0m
[10:30] [0m[Auction] Hyuga (jedi) : bsomgbidlikefoo[0m
[10:30] [0m[Auction] Robert : Got 1,387 from Zion(chan).  Do I hear 1,437?[0m
[10:30] [0m[Auction] Zion (chan) : my cammi[0m
[10:30] [0m[Auction] Fluffy (chan) : bbqchicken[0m
[10:30] [0m[Auction] Mugen (jedi) : wtf mate[0m
[10:30] [0m[Auction] Robert : 1,387 going once![0m
[10:30] [0m[Auction] Zion (chan) : That sensualization is not the jedi way.. i'm saving[0m
[10:30] [0m                        you[0m
[10:30] [0m[Auction] Robert : 1,387 going twice![0m
[10:31] [0m[Auction] Robert : Sold to Zion for 1,387 coins![0m
[10:31] [0m[Auction] Fluffy (chan) : this is not the erotic thrill you are looking for[0m
[10:31] [0m                          ... *waves tentacles*[0m
[10:31] [0m[Auction] Zion (chan) : lol[0m
[10:31] [0m[4m[31m[JEDI]: The Force ripples as Chaed awakens.[0m[0m[0m
[10:31] [0mHyuga [Jedi(89)]: moo[0m
[10:31] [0m[Auction] Robert : Up for bids: Willie's Kilt, The Scroll of Well-Being,[0m
[10:31] [0m                   Battlesuit of the Warchief and Orc Captain's Shield.[0m
[10:31] [0m[Auction] Robert : Zion has requested 1 as the opening offer.[0m
[10:31] [0m[Auction] Robert : Got 1 from Mugen(jedi).  Do I hear 51?[0m
[10:32] [0m[Auction] Robert : 1 going once![0m
[10:32] [0m[4m[31m[JEDI]: Firebird has reconnected.[0m[0m[0m
[10:32] [0m[Auction] Robert : 1 going twice![0m
[10:32] [0m[Auction] Robert : Sold to Mugen for 1 coins![0m
[10:33] [0mChaed [Jedi(AGM)]: short boot, in case nobody noticed[0m
[10:33] [0mMugen [Jedi(Knight)]: oh yes[0m
[10:33] [0mHyuga [Jedi(89)]: yeah its been a slight item of contention so far[0m
[10:33] [0mFirebird [Jedi(37)]: thanks[0m
[10:34] [0mChaed [Jedi(AGM)]: don't see why...it's not like the reason's a non-critical[0m
[10:34] [0m                   one[0m
[10:34] [0mHyuga [Jedi(89)]: not only are we mudders but we are old and crotchety. so[0m
[10:34] [0m                  double stuck in our ways[0m
[10:34] [0mMugen [Jedi(Knight)]: i think most folks would rather not wait, if gonna do[0m
[10:34] [0m                      it, just go ahead and do it[0m
[10:34] [0mHyuga [Jedi(89)]: personally i am fine with it :)[0m
[10:35] [0mHyuga [Jedi(89)]: but i can understand why others would be slightly miffed[0m
[10:35] [0mMugen [Jedi(Knight)]: imma smack you in the head with this hammer... in 11[0m
[10:35] [0m                      hours.... no, just go ahead, get it over with[0m
[10:35] [0mHyuga [Jedi(89)]: its an old school 12 hour boot![0m
[10:35] [0m[4m[31m[JEDI]: Firebird has disconnected.[0m[0m[0m
[10:35] [0mChaed [Jedi(AGM)]: imagine the backlash if they didn't bring the mud back[0m
[10:35] [0m                   immediately after boot[0m
[10:36] [0mMugen [Jedi(Knight)]: without warning, sure, thatd be terribad, but thats[0m
[10:36] [0m                      what facebook and discord are for[0m
[10:36] [0mMugen [Jedi(Knight)]: its now been an hour, so do it now[0m
[10:36] [0mChaed [Jedi(AGM)]: giving us an 11 hour warning is fairly generous of them[0m
[10:36] [0m                   imho[0m
[10:36] [0mChaed [Jedi(AGM)]: who knows? maybe thor's *gasp* busy[0m
[10:36] [0mHyuga [Jedi(89)]: yeah i agree. better than the usual 5 minute warning[0m
[10:36] [0mChaed [Jedi(AGM)]: or they're doing backups with some antiquated magnetic[0m
[10:36] [0m                   tapes[0m
[10:37] [0mMugen [Jedi(Knight)]: nog, thats one thought, which is understandable, but[0m
[10:37] [0m                      communication helps that just fine[0m
[10:37] [0mChaed [Jedi(AGM)]: or worse yet, a portable CD player burning at 2x[0m
[10:37] [0mChaed [Jedi(AGM)]: I'd rather they do what they do, than communicate with us[0m
[10:37] [0m                   every step of what they're doing[0m
[10:37] [0mMugen [Jedi(Knight)]: the problem is we have to fly him to the server from[0m
[10:37] [0m                      his private island 3k bought for him[0m
[10:37] [0m[4m[31m[JEDI]: Alyssa K'tal leaves the Academy.[0m[0m[0m
[10:37] [0m[4m[31m[JEDI]: Firebird has reconnected.[0m[0m[0m
[10:38] [0mChaed [Jedi(AGM)]: no wonder we need vafs[0m
[10:38] [0mHyuga [Jedi(89)]: it 'would' be cool tho if when you logged in it had some[0m
[10:38] [0m                  msg that on X day at X time there would be a server[0m
[10:38] [0m                  shutdown for maintenance[0m
[10:38] [0mMugen [Jedi(Knight)]: im guessing this wasnt a planned hardware failure[0m
[10:39] [0mHyuga [Jedi(89)]: i would tend to agree[0m
[10:39] [0mMugen [Jedi(Knight)]: or they would of told us sooner that they were shoving[0m
[10:39] [0m                      a sandwich into it to make it fail[0m
[10:39] [0mSimonz [Jedi(52)]: please schedule all unplanned outages at least 2 weeks in[0m
[10:39] [0m                   advance[0m
[10:45] [0mYou adjust your reforger's kit slightly, ready to do more business.[0m
[10:45] [0mYou can currently reforge 8 items.[0m
[10:47] [0m[4m[31m[JEDI]: The Force roils as Saint awakens.[0m[0m[0m
[10:50] [0mSaint [Jedi(0)]: When choosing career, what do the letters in "info[0m
[10:50] [0m                 <career>" stand for?[0m
[10:50] [0mChaed [Jedi(AGM)]: info skill difficulty explains that[0m
[10:50] [0mSaint [Jedi(0)]: thanks[0m
[10:51] [0mHyuga [Jedi(89)]: it can be a bit overwhelming at first[0m
[10:51] [0mSaint [Jedi(0)]: I see that.[0m
[10:52] [0mHyuga [Jedi(89)]: if you need something explained and the info file is[0m
[10:52] [0m                  confusing you more, i/we can help with that :)[0m
[10:53] [0m[4m[31m[JEDI]: H'ssani C'talan arrives at the Academy.[0m[0m[0m
[10:53] [0mChaed [Jedi(AGM)]: yeah, wait til he reads info stats[0m
[10:53] [0mSaint [Jedi(0)]: Thanks, just trying to get started. I guess the best thing[0m
[10:53] [0m                 to do is go with theme and let the rest work itself out.[0m
[10:53] [0m                 heh[0m
[10:53] [0mHyuga [Jedi(89)]: yeah[0m
[10:54] [0m[4m[31m[JEDI]: Saint has set aside his life as a bounty hunter.[0m[0m[0m
[10:54] [0mHyuga [Jedi(89)]: you will have to get your feet wet and ascend a few[0m
[10:54] [0m                  times/raise skills before it really starts to reveal[0m
[10:54] [0m                  itself imo[0m
[10:55] [0mHyuga [Jedi(89)]: some people change their mind and decide they should have[0m
[10:55] [0m                  gonr a different path for faster advancement, but in the[0m
[10:55] [0m                  long run career doesn't matter at all[0m
[10:55] [0mHyuga [Jedi(89)]: so picking something thematic that you enjoy is always a[0m
[10:55] [0m                  safe bet[0m
[10:56] [0mChaed [Jedi(AGM)]: except for hunter-gatherer[0m
[10:56] [0mChaed [Jedi(AGM)]: unless you want to have a miserable time :)[0m
[10:56] [0mHyuga [Jedi(89)]: or if you think you will regret a thematic choice, you can[0m
[10:56] [0m                  always emulate someone strong :)[0m
[10:57] [0mHyuga [Jedi(89)]: oo bounty hunter, sweet[0m
[10:57] [0mSimonz [Jedi(52)]: I just do what hyuga and mugen do[0m
[10:58] [0m[4m[31m[JEDI]: The Force fluxes as Gandalf awakens.[0m[0m[0m
[10:58] [0m[4m[31m[JEDI]: Roken slumbers once more.[0m[0m[0m
[11:01] [0mPlunos flaps : guess 3s is down. cant connect lol[0m
[11:02] [0m[32mYou tell Ser:[0m hi i quit. giving maybe cyborg a chance[0m
[11:03] [0m[32mYou tell Ser:[0m the go cot stopped working even at chaos exit[0m
[11:03] [0m[32mSer tells you:[0m then you fked something up somewhere[0m
[11:03] [0mWhoknows flaps : probably taking some time to get files uploaded to new[0m
[11:03] [0m                 drive[0m
[11:04] [0mPlunos flaps : hmm ok thanks[0m
[11:04] [0mWhoknows flaps : or everything got erased[0m
[11:04] [0mWhoknows flaps : and now they gotta find a good backup :D[0m
[11:04] [0mInago flaps : unless two drives failed...[0m
[11:05] [0mSissy flaps : aread appears to indicate just a single drive down[0m
[11:06] [0mWhoknows flaps : we're rebooting in under 10h so probably alot of things[0m
[11:06] [0m                 going on[0m
[11:06] [0mGlowie flaps : i have my dog[0m
[11:06] [0m  rules as normal quests (read '[36;1mhelp quests[0m') and you will be severely[0m
[11:06] [0m  punished for sharing qinfo about them.[0m
[11:09] [0mnewb Dartholiver [Newbie]: how do i view costs of each mud stat?[0m
[11:10] [0mnewb Sissy [knight/41]: rcost[0m
[11:10] [0mnewb Glowie [knight/51]: rcost[0m
[11:10] [0mnewb Dartholiver [Newbie]: thank you lol[0m
[11:12] [0mLachlan flaps : me too[0m
[11:23] [0mnewb Dartholiver [Newbie]: what's a fun guild that i can imitate green[0m
[11:23] [0m                           arrow?[0m
[11:23] [0mnewb Pytlak [changeling/62]: Be kind of meh and just hang on for years? [0m
[11:23] [0m                             Monks.[0m
[11:24] [0mnewb Pytlak [changeling/62]: Seriously though, there's no real ranged[0m
[11:24] [0m                             combat, so it kind of limits options.[0m
[11:24] [0mnewb Lachlan [bladesinger/113]: green arrow.. hrm. no archery guilds that I[0m
[11:24] [0m                                know of.[0m
[11:24] [0mnewb Pytlak [changeling/62]: Jedi can get blasters[0m
[11:24] [0mnewb Din [bladesinger/106]: angel guild still around?  they kinda have a[0m
[11:24] [0m                            range thing[0m
[11:24] [0mnewb Dartholiver [Newbie]: ok what about batman?[0m
[11:24] [0mnewb Pytlak [changeling/62]: Batman is probably cyborgs.[0m
[11:25] [0mnewb Lachlan [bladesinger/113]: yeah, probably the closest. I don't even[0m
[11:25] [0m                                ever remember bows on the mud?[0m
[11:25] [0mnewb Hustle [fighter/60]: I'm Batman![0m
[11:25] [0mnewb Dartholiver [Newbie]: some archers in chessboard with longbow drops[0m
[11:26] [0mnewb Pytlak [changeling/62]: But it really depends more on what aspect of[0m
[11:26] [0m                             green arrow/batman you like.[0m
[11:27] [0mnewb Pytlak [changeling/62]: If it's just device-assisted combat them, then[0m
[11:27] [0m                             cyborgs fit that pretty squarely.[0m
[11:29] [0mnewb Dartholiver [Newbie]: i like his fight style including trick arrows but[0m
[11:29] [0m                           outside arrow i like playing shooters and stealth[0m
[11:29] [0mnewb Din [bladesinger/106]: this really isn't the game for you[0m
[11:30] [0mnewb Dartholiver [Newbie]: i'm liking jedi on my first character[0m
[11:31] [0mnewb Dartholiver [Newbie]: control decks in hearthstone and magic[0m
[11:32] [0mnewb Dartholiver [Newbie]: and token aggro decks are fun. any of that apply[0m
[11:32] [0m                           here[0m
[11:32] [0mnewb Pytlak [changeling/62]: Summon mages[0m
[11:33] [0mnewb Pytlak [changeling/62]: Mages also have a bunch of utility/novelty[0m
[11:33] [0m                             spells, if I remember correctly[0m
[11:49] [0mnewb Dartholiver [Newbie]: narrowed it down to monk and bladesinger[0m
[11:51] [0mnewb Dartholiver [Newbie]: monk def fun on diablo[0m
[11:52] [0mnewb Hyuga [jedi/133]: fremen have stealth and guns[0m
[11:52] [0mnewb Saint [jedi/32]: Anyone able to tell me which mob holds the spoon?[0m
[11:53] [0mnewb Arnic [knight/103]: hobbit[0m
[11:53] [0mnewb Floobity [psicorps/50]: there's one in lego land.[0m
[11:53] [0mnewb Floobity [psicorps/50]: and one in the veggie garden as well[0m
[11:53] [0mnewb Din [bladesinger/106]: there's one in tulip's area in chaos[0m
[11:53] [0mnewb Arnic [knight/103]: oh wait sorry, thats the pipe thing, uhmm chef in[0m
[11:53] [0m                         tuesday's area does.[0m
[11:54] [0mnewb Arnic [knight/103]: 0h[0m
[11:59] [0mSquirrel flaps : what makes a mage, a mage. is it the flippy zappity?[0m
[11:59] [0m # Item[0m
[12:00] [0mLachlan flaps : avada kedavra?[0m
[12:00] [0mSquirrel flaps : bibbity boo?[0m
[12:00] [0mWhoknows flaps : or maybe they just like holding thin sticks[0m
[12:01] [0mLachlan flaps : but is a wizard the same as a mage?[0m
[12:02] [0mWhoknows flaps : wizard of Oz, or like Hobbit wizards? or 3k wizards?[0m
[12:02] [0mSquirrel flaps : hobbit wizard, they play with fire and trees[0m
[12:02] [0mFirebird flaps : there are no wizards in 3k, only Zuul[0m
[12:06] [0m[32mYou say: [0mhi                                                                   [0m
[12:06] [0;32mJocelyn says: [0mWell hello there, Dartholiver!  It's a pleasure to meet you.[0m
[12:06] [0m              I will gladly help you with acclimating yourself to Three[0m
[12:06] [0m              Kingdoms.  Simply type 'say proceed' and I will continue our[0m
[12:06] [0m              conversation in a more discreet manner.                     [0m
[12:06] [0m[32mYou say:[0m  proceed[0m
[12:06] [0mYou whisper to Jocelyn: proceed                                               [0m
[12:06] [0;32mJocelyn says: [0mVery good Dartholiver!  You are beginning to learn how to[0m
[12:06] [0m              interact with some of the more verbal denizens of Three[0m
[12:06] [0m              Kingdoms such as me.                                        [0m
[12:07] [0mYou whisper to Jocelyn: responses                                             [0m
[12:07] [0;32mJocelyn says: [0mThe words and phrases that I respond to are as follows:[0m
[12:07] [0m              hello, proceed, help, communication, newbie, inventory,[0m
[12:07] [0m              escort, newbie helpers, say, tell, shout, nezbit, journal,[0m
[12:07] [0m              page, tutorial, look, examine, newb.  I may respond to more[0m
[12:07] [0m              than that, but those are the most important topics I can[0m
[12:07] [0m              clarify for you, should you have any questions about them.  [0m
[12:07] [0mYou whisper to Jocelyn: journal                                               [0m
[12:07] [0;32mJocelyn says: [0mThe journal entitled 'Newbie Lore Vol 1' is a magically[0m
[12:07] [0m              enchanted artifact.  It is a basic guide to understanding[0m
[12:07] [0m              how to play here on Three Kingdoms.  While I wish I could[0m
[12:07] [0m              say it was all encompassing, it is not.                     [0m
[12:08] [0m[32mJocelyn says:[0m I call all of the brownies Nezbit so I can remember [0m
[12:08] [0m              everyone's name.  There are simply too many brownies [0m
[12:08] [0m              to count![0m
[12:16] [0m[32mYou tell Mugen:[0m hi 'newb journal'[0m
[12:43] [0mnewb Dartholiver [Newbie]: stuck in recruitment hall[0m
[12:43] [0m[32mYou say:[0m hi[0m
[12:44] [0mZion shouts: Try the gruel...it's deadly magnificent![0m
[12:47] [0m[32mYou tell Ser:[0m stuck in recruitment hall. not seeing a hidden exit. i m in a[0m
[12:47] [0m        box between core guilds and adventurer guild[0m
[12:48] [0m[32mYou tell Ser:[0m oh nvm i accidentally left newbieland[0m
[12:49] [0mnewb Dartholiver [Newbie]: nvm accidentally left newbieland[0m
[12:58] [0mLachlan flaps : but in reality there are a few padmins that did not want to[0m
[12:58] [0m                do that.[0m
[12:58] [0mLachlan flaps : maybe rightly so, as some players pay vafs to be hidden.[0m
[13:01] [0mnewb Dartholiver [adventurer/5]: who can recruit me to monks guild?[0m
[13:02] [0mnewb Lachlan [bladesinger/113]: only Xavier at this point[0m
[13:02] [0m [[30;1m~135 [0m]  Gore the Ancient Shepherd, Dark Veil (XVI) (righteous) [30;1m[ld 77m][0m[0m
[13:03] [0mnewb Lachlan [bladesinger/113]: hes the only monk on, just send him a tell[0m
[13:03] [0m [36mNightrider -> Xavier[0m [0m(>60 days ago)[0m[0m
[13:03] [0m[0m  YO YO YO YO YO !                                                         [0m[0m
[13:03] [0m [36mComet -> Xavier[0m [0m(>60 days ago)[0m[0m
[13:03] [0m[0m  nanananananananana!                                                      [0m[0m
[13:03] [0m[32mYou tell Xavier:[0m HI may i join the monk guild?[0m
[13:04] [0m[32;1mFrom afar, Xavier nods to you.[0m[0m
[13:04] [0m[32;1mFrom afar, you smile at Xavier.[0m[0m
[13:04] [0m[32mXavier tells you:[0m where are you[0m
[13:05] [0m[32mXavier tells you:[0m can you find monk guild[0m
[13:05] [0m[32mYou tell Xavier:[0m at the monastery[0m
[13:05] [0m[32mXavier tells you:[0m meditate[0m
[13:05] [0m[32mXavier tells you:[0m have to do it when no one is in room[0m
[13:07] [0m[32mSer tells you:[0m fogure it out?[0m
[13:08] [0m[32mYou tell Ser:[0m officially a monk[0m
[13:26] [0m[32mSmurfette says: [0mLet me massage those worries away.[0m
[13:28] [0m[32mAntonio tells you:[0m What yould you like to acquire? A 'keyring' perhaps?[0m
[13:28] [0m[32mAntonio tells you:[0m This is your house keyring - it's your link to us.  Use it[0m
[13:28] [0m                   to store guest keys that are given to you, as well as owner[0m
[13:28] [0m                   keys that you get from houses that you own.  The keyring is[0m
[13:28] [0m                   wired in with your house account, so you can use it to[0m
[13:28] [0m                   deposit money and pay for house expenses.  You can look at[0m
[13:28] [0m                   it to see what you can do with it, too.[0m
[13:48] [0mnewb Vax [android/36]: how do i get out of the weed area inside the veggie[0m
[13:48] [0m                       garden?[0m
[13:49] [0mnewb Arnic [knight/104]: pull weeds[0m
[13:49] [0mnewb Vax [android/36]: thanks[0m
[14:00] [0mnewb Vax [android/37]: anyone available to train dodge mskill?[0m
[14:01] [0mnewb Pytlak [changeling/62]: I can[0m
[14:01] [0mnewb Vax [android/37]: where?[0m
[14:02] [0mnewb Crolack [Wizard]: I can throw wrenches at you.[0m
[14:02] [0mnewb Pytlak [changeling/62]: Meet at SS in a minute[0m
[14:02] [0mnewb Vax [android/37]: thanks[0m
[14:02] [0mnewb Vax [android/37]: maybe after i've trained dodge past 0, C[0m
[14:25] [0mGlowie flaps : probably more like the prostate exam[0m
[14:26] [0mUkyo flaps : This is not the wrong line you're looking for. Move along, move[0m
[14:26] [0m             along.[0m
[14:37] [4m[31m[JEDI]: The Force ripples as Roken awakens.[0m[0m
[14:38] [0m[34;1mXavier shouts:[0m be just like beggar's canyon back home[0m
[14:39] [0m[34;1mNotabot shouts:[0m will it?[0m
[14:39] [0m[34;1mNotabot shouts:[0m For the record I feel a slight amount of shame for not[0m
[14:39] [0m                having played the latest COD[0m
[14:42] [0mGlowie flaps : LOL oops - i have them ansi'd the same, i should maybe[0m
[14:42] [0m               consider changing that[0m
[14:47] [0m[4m[31m[JEDI]: Talia Ska leaves the Academy.[0m[0m[0m
[14:49] [0m[34;1mHustle shouts:[0m does that mean Warhaft is cheesy enough?[0m
[14:50] [0m[34;1mPlunos shouts:[0m i guess he is lactose and tolerant?[0m
[14:50] [0mUkyo [Jedi(76)]: i'll check for you when they pop, hyuga[0m
[14:50] [0mUkyo [Jedi(76)]: no medical[0m
[14:51] [0mUkyo [Jedi(76)]: no astromechs either[0m
[14:51] [0mHyuga [Jedi(89)]: cool. next medical that pops in i am gunna ftouch my gear[0m
[14:52] [0m[4m[31m[JEDI]: The Force roils as Trisky awakens.[0m[0m[0m
[14:53] [0mUkyo [Jedi(76)]: for those that don't read the memos, this is a short boot,[0m
[14:53] [0m                 don't get terribly comfortable[0m
[14:53] [0mWilly [Jedi(17)]: wasted my icotag :([0m
[14:53] [0mWilly [Jedi(17)]: sorta[0m
[14:58] [0mUkyo [Jedi(76)]: doesn't ftouching items reduce their ac?[0m
[14:58] [0mHyuga [Jedi(89)]: nope[0m
[14:58] [0mUkyo [Jedi(76)]: then it's bags that have reduced carrying capacity, in that[0m
[14:58] [0m                 case.[0m
[14:58] [0mHyuga [Jedi(89)]: not sure thats true either[0m
[14:59] [0mUkyo [Jedi(76)]: iirc. i seem to recall one of the two being the case[0m
[14:59] [0mHyuga [Jedi(89)]: perhaps once upon a time[0m
[15:00] [0mHyuga [Jedi(89)]: i would be happy to test tho[0m
[15:04] [0m[4m[31m[JEDI]: Gandalf has reconnected.[0m[0m[0m
[15:06] [0m[4m[31m[JEDI]: The Force trembles as Archimedes awakens.[0m[0m[0m
[15:06] [0m[4m[31m[JEDI]: Bithoff Jonansaan arrives at the Academy.[0m[0m[0m
[15:11] [0m[4m[31m[JEDI]: Wyvern has disconnected.[0m[0m[0m
[15:11] [0m[4m[31m[JEDI]: Wyvern has reconnected.[0m[0m[0m
[15:14] [0m[4m[31m[JEDI]: Archimedes has disconnected.[0m[0m[0m
[15:15] [0m[4m[31m[JEDI]: Archimedes has reconnected.[0m[0m[0m
[15:15] [0mHyuga [Jedi(89)]: hey archi[0m
[15:15] [0mArchimedes [Jedi(Legend)]: Hola[0m
[15:17] [0m[34;1mArchimedes shouts:[0m Woo!![0m
[15:18] [0mHyuga [Jedi(89)]: woot[0m
[15:18] [0mMagneto [Light(62)]: I either Get what I want or I change my mind.[0m
[15:18] [0mMagneto [Jedi(62)]: I wonder how much dust has settled on Alerik from all[0m
[15:18] [0m                    his idling?[0m
[15:18] [0mUkyo [Jedi(76)]: Heh. (This 'Heh.' brought to you by the AlerikHehBot)[0m
[15:18] [0m[4m[31m[JEDI]: Bithoff Jonansaan leaves the Academy.[0m[0m[0m
[15:18] [0mArchimedes [Jedi(Legend)]: If you can't convince them, confuse them.[0m
[15:20] [0mHyuga [Jedi(89)]: lol. wow[0m
[15:20] [0mHyuga [Jedi(89)]: HP: 767/4397[0m
[15:20] [0mUkyo <Craft>: does login gear scale with level?[0m
[15:20] [0mUkyo [Jedi(76)]: eeked out of that death?[0m
[15:20] [0mHyuga [Jedi(89)]: wimpy was off and somehow I didn't die[0m
[15:21] [0mArchimedes [Jedi(Legend)]: Everyone here is much more BS than me. :P[0m
[15:21] [0mMugen [Jedi(Knight)]: nogs[0m
[15:21] [0mHyuga [Jedi(89)]: it was 85M. only trounced/pummeled me that round :)[0m
[15:22] [0mUkyo <Craft>: because apparently, my login gear is better than a superior[0m
[15:22] [0m              copper set. just sayin.[0m
[15:22] [0mArnic <Craft>: thats sounds about right...[0m
[15:22] [0mHyuga [Jedi(89)]: i hmhealed and it demolished/exterminated me :)[0m
[15:22] [0mArnic <Craft>: 20 max ac on any slot for login gear:P[0m
[15:24] [0mHyuga [Jedi(89)]: if you spent some time on this char you would be surprised[0m
[15:24] [0m                  how tufff you are archi[0m
[15:24] [0mHyuga [Jedi(89)]: but knights are cool too[0m
[15:24] [0mHyuga [Jedi(89)]: prolly better dmg in the long run[0m
[15:25] [0mYou adjust your reforger's kit slightly, ready to do more business.[0m
[15:25] [0mYou can currently reforge 12 items.[0m
[15:25] [0mArchimedes [Jedi(Legend)]: From what I've seen of you guys, I'm sure[0m
[15:27] [0mArchimedes [Jedi(Legend)]: I think I'm more about theme with guilds,[0m
[15:27] [0m                           followed closely by power.  When I joined Jedi, I[0m
[15:27] [0m                           went Dark as fast as I could.[0m
[15:28] [0mHyuga [Jedi(89)]: i am no expert but i think dark could be done, but it[0m
[15:28] [0m                  would require a few trillion xp[0m
[15:31] [0m[4m[31m[JEDI]: Talia Ska arrives at the Academy.[0m[0m[0m
[15:37] [0mFlaxen <Craft>: superior copper is a wise use of your time[0m
[15:38] [0mFlaxen <Craft>: you mouthbreathing fart roach[0m
[15:38] [0m[4m[31m[JEDI]: Archimedes has disconnected.[0m[0m[0m
[15:38] [0mCaboose <Craft>: of course it is, as cxp to get to making REAL sets of eq[0m
[15:39] [0mMugen <Craft>: stepping stones will hurt my bones, but farming will overtake[0m
[15:39] [0m               me[0m
[15:40] [0mUkyo <Craft>: hehehe[0m
[15:40] [0mUkyo <Craft>: i'm just saying, if login gear is the base line . . .[0m
[15:41] [0mMugen <Craft>: login gear was made post crafting, lets nerf login gear[0m
[15:42] [0mUkyo <Craft>: or that[0m
[15:42] [0mMugen <Craft>: login gear was made in 2015, from the logs[0m
[15:43] [0m[4m[31m[JEDI]: Talia Ska leaves the Academy.[0m[0m[0m
[15:45] [0m[4m[31m[JEDI]: Magneto has disconnected.[0m[0m[0m
[15:45] [0mFlaxen <Craft>: it scales[0m
[15:46] [0mUkyo <Craft>: interesting. good to know. thanks.[0m
[15:46] [0mFlaxen <Craft>: anyone actually doing copper gear would have crappytactular[0m
[15:46] [0m                login gear.  maybe[0m
[15:46] [0mUkyo <Craft>: hehe[0m
[15:47] [0mArnic <Craft>: heh login gear scales with levels i thought, i didnt know[0m
[15:47] [0m               crafting had anything to do with login gear?[0m
[15:47] [0mFlaxen <Craft>: O may also be drunk or not care[0m
[15:48] [0mUkyo <Craft>: since it scales, my argument/statement, while valid, is no[0m
[15:48] [0m              longer sound, since one of its premises has been falsified.[0m
[15:48] [0mFlaxen <Craft>: your face is falsified[0m
[15:49] [0mUkyo <Craft>: Dark Matter got Falsified: https://arxiv.org/abs/1610.08981[0m
[15:50] [0mFlaxen <Craft>: so are nodes all nodey and such ?  l;ess mopbby?[0m
[15:50] [0mUkyo <Craft>: ayup. many thanks![0m
[15:53] [0m[4m[31m[JEDI]: H'ssani C'talan arrives at the Academy.[0m[0m[0m
[15:56] [0mFirebird [Jedi(38)]: anyone have time to train my skills?[0m
[15:57] [0m[4m[31m[JEDI]: Firebird has mastered: control pain.[0m[0m[0m
[15:57] [0mUkyo [Jedi(76)]: teaching, tho my holocron is about to reset. if it does,[0m
[15:57] [0m                 just tug me[0m
[15:58] [0mHyuga [Jedi(89)]: don't threaten ME with a good time[0m
[15:58] [0mUkyo [Jedi(76)]: I don't even know who you are.[0m
[15:58] [0m[4m[31m[JEDI]: Firebird has become adept at: enhance metabolism.[0m[0m[0m
[15:59] [0m[4m[31m[JEDI]: Firebird has mastered: enhance metabolism.[0m[0m[0m
[15:59] [0mFirebird [Jedi(38)]: ok all set[0m
[15:59] [0mFirebird [Jedi(38)]: thanks[0m
[16:00] [0m[4m[31m[JEDI]: Firebird has disconnected.[0m[0m[0m
[16:02] [0m[4m[31m[JEDI]: Saint has reconnected.[0m[0m[0m
[16:03] [0m[4m[31m[JEDI]: Saint has learned to better control the Force.[0m[0m[0m
[16:04] [0m[4m[31m[JEDI]: Magneto has reconnected.[0m[0m[0m
[16:05] [0m[4m[31m[JEDI]: Firebird has reconnected.[0m[0m[0m
[16:11] [0m<- ! The Vigilant ! -> :  A destabilization Kayos event has been detected in[0m
[16:11] [0m                          Northern Hills of Fantasy!  We are localizing it[0m
[16:11] [0m                          now - get ready![0m
[16:13] [0m[4m[31m[JEDI]: H'ssani C'talan leaves the Academy.[0m[0m[0m
[16:15] [0m[34;1mFirebird shouts:[0m Autobots Assemble![0m
[16:18] [0mYou can currently reforge 12 items.[0m
[16:19] [0mYou can currently reforge 0 items.[0m
[16:20] [0m[34;1mDangus shouts:[0m anyone havibg trouble connecting to 3scapes?[0m
[16:20] [0m[32mYou say:[0m I am not the aspiring jedi you are looking for.[0m
[16:21] [0m[34;1mUkyo shouts:[0m there's a distinct possibility that it may be related to the[0m
[16:21] [0m             reason we're having such a short boot today[0m
[16:21] [0m[34;1mGlowie shouts:[0m aread - assume it has something to do with that[0m
[16:21] [0m[34;1mFirebird shouts:[0m they canceled 3s[0m
[16:21] [0m[34;1mDangus shouts:[0m makes me tingle[0m
[16:22] [0m[4m[31m[JEDI]: Firebird has disconnected.[0m[0m[0m
[16:23] [0m[34;1mNightrider shouts:[0m North Exit 9 n 1 e[0m
[16:23] [0m[34;1mUkyo shouts:[0m or 8 north, 1 northeast. it's really six of one, and a half[0m
[16:23] [0m             dozen of the other.[0m
[16:25] [0mYou adjust your reforger's kit slightly, ready to do more business.[0m
[16:25] [0mYou can currently reforge 4 items.[0m
[16:25] [0mSaint [Jedi(6)]: Can anyone info me with an area that contains some[0m
[16:25] [0m                 300xp(ish) mobs? I know, it's been years since any of you[0m
[16:25] [0m                 looked for one. Me too.[0m
[16:26] [0mUkyo [Jedi(76)]: help areadirections[0m
[16:26] [0mSaint [Jedi(6)]: thanks[0m
[16:26] [0mSaint [Jedi(6)]: That'll help.[0m
[16:26] [0mUkyo [Jedi(76)]: i'm about to grind on some alphabets if yoiu want to hit[0m
[16:26] [0m                 with me for a bit?[0m
[16:27] [0mUkyo [Jedi(76)]: relatively safe.[0m
[16:28] [0m[4m[31m[JEDI]: Janath Meelin arrives at the Academy.[0m[0m[0m
[16:28] [0m[32mYou say:[0m I am not the aspiring jedi you are looking for.[0m
[16:29] [0m[4m[31m[JEDI]: Simonz has disconnected.[0m[0m[0m
[16:29] [0m[4m[31m[JEDI]: Simonz has reconnected.[0m[0m[0m
[16:37] [0m[32mYou say:[0m I am not the aspiring jedi you are looking for.[0m
[16:40] [0mSaint [Jedi(6)]: "info stats" is helpful.[0m
[16:40] [0mUkyo [Jedi(76)]: yea, isn't it though?[0m
[16:43] [0m[4m[31m[JEDI]: Saint has learned to better control the Force.[0m[0m[0m
[16:46] [0m[32mYou say:[0m I am not the aspiring jedi you are looking for.[0m
[16:46] [0m[4m[31m[JEDI]: Janath Meelin leaves the Academy.[0m[0m[0m
[16:47] [0m[4m[31m[JEDI]: Firebird has reconnected.[0m[0m[0m
[16:48] [0m[4m[31m[JEDI]: Magneto has disconnected.[0m[0m[0m
[16:54] [0m[4m[31m[JEDI]: Mysterio has disconnected.[0m[0m[0m
[16:55] [0m[32mYou say:[0m I am not the aspiring jedi you are looking for.[0m
[16:55] [0m[32mYou say:[0m I am not the aspiring jedi you are looking for.[0m
[16:57] [0m[4m[31m[JEDI]: Wyvern has disconnected.[0m[0m[0m
[17:00] [0m[4m[31m[JEDI]: Trisky has disconnected.[0m[0m[0m
[17:01] [0m[4m[31m[JEDI]: Alyssa K'tal arrives at the Academy.[0m[0m[0m
[17:04] [0m[4m[31m[JEDI]: Willy has learned to better alter the Force.[0m[0m[0m
[17:05] [0m[32mYou say:[0m I am not the aspiring jedi you are looking for.[0m
[17:06] [0m[4m[31m[JEDI]: Willy has disconnected.[0m[0m[0m
[17:13] [0m[32mYou say:[0m I am not the aspiring jedi you are looking for.[0m
[17:18] [0m[32mYou say:[0m I am not the aspiring jedi you are looking for.[0m
[17:20] [0m[4m[31m[JEDI]: Alyssa K'tal leaves the Academy.[0m[0m[0m
[17:25] [0mYou adjust your reforger's kit slightly, ready to do more business.[0m
[17:25] [0mYou can currently reforge 8 items.[0m
[17:26] [0m[32mYou say:[0m I am not the aspiring jedi you are looking for.[0m
[17:29] [0m[4m[31m[JEDI]: Saint has disconnected.[0m[0m[0m
[17:31] [0m[4m[31m[JEDI]: Tobias Kel'ach'nar arrives at the Academy.[0m[0m[0m
[17:37] [0m[32mYou say:[0m I am not the aspiring jedi you are looking for.[0m
[17:39] [0m[4m[31m[JEDI]: Saint has reconnected.[0m[0m[0m
[17:43] [0m[4m[31m[JEDI]: Tobias Kel'ach'nar leaves the Academy.[0m[0m[0m
[17:45] [0m[4m[31m[JEDI]: Willy has reconnected.[0m[0m[0m
[17:47] [0m[32mYou say:[0m I am not the aspiring jedi you are looking for.[0m
[17:47] [0m[4m[31m[JEDI]: You feel a disturbance in the Force....[0m[0m[0m
[17:47] [0m[4m[31m[JEDI]: Hyuga has fallen to Force Saturation in Beside the dark ocean[0m[0m[0m
[17:47] [0m        (sw,nw,n,w).[0m
[17:48] [0m[34;1mUkyo shouts:[0m Sith happens(tm).[0m
[17:55] [0m[32mYou say:[0m I am not the aspiring jedi you are looking for.[0m
[17:57] [0m[34;1mFirebird shouts:[0m i woke up this.morning to boot run, but i got high[0m
[18:01] [0mStasis <Craft>: after some hearts of soul if anyone wants to trade hearts[0m
[18:02] [0mUkyo <Craft>: cxp grade? worthless, crude, poor?[0m
[18:03] [0mStasis <Craft>: average/good[0m
[18:03] [0m[4m[31m[JEDI]: Kerran Halcyon arrives at the Academy.[0m[0m[0m
[18:03] [0mStasis <Craft>: major gemchanting grade :)[0m
[18:05] [0m[32mYou say:[0m I am not the aspiring jedi you are looking for.[0m
[18:06] [0m[4m[31m[JEDI]: Simonz has disconnected.[0m[0m[0m
[18:07] [0m[34;1mFirebird shouts:[0m i need da mend plz[0m
[18:08] [0m[4m[31m[JEDI]: The Force ripples as Siem awakens.[0m[0m[0m
[18:09] [0m[4m[31m[JEDI]: Gandalf has disconnected.[0m[0m[0m
[18:09] [0m[4m[31m[JEDI]: Gandalf has reconnected.[0m[0m[0m
[18:10] [0m[4m[31m[JEDI]: Simonz has reconnected.[0m[0m[0m
[18:11] [0m[32mYou say:[0m I am not the aspiring jedi you are looking for.[0m
[18:13] [0m[32mYou say:[0m I am not the aspiring jedi you are looking for.[0m
[18:15] [0m[32mYou say:[0m I am not the aspiring jedi you are looking for.[0m
[18:16] [0m[32mYou say:[0m I am not the aspiring jedi you are looking for.[0m
[18:17] [0m[4m[31m[JEDI]: Gandalf has disconnected.[0m[0m[0m
[18:17] [0m[4m[31m[JEDI]: Firebird has disconnected.[0m[0m[0m
[18:18] [0m[32mYou say:[0m I am not the aspiring jedi you are looking for.[0m
[18:18] [0m[32mYou say:[0m I am not the aspiring jedi you are looking for.[0m
[18:19] [0m[4m[31m[JEDI]: Saint has disconnected.[0m[0m[0m
[18:19] [0mUkyo <Craft>: Yo, Stasis, how many hearts are you looking for?[0m
[18:20] [0m[32mYou say:[0m I am not the aspiring jedi you are looking for.[0m
[18:20] [0mUkyo <Craft>: like 3, or 5?[0m
[18:20] [0mStasis <Craft>: no real limit, just whatever number of hearts i have that[0m
[18:20] [0m                you want[0m
[18:21] [0mStasis <Craft>: i could use 100 or a handful[0m
[18:22] [0m[32mYou say:[0m I am not the aspiring jedi you are looking for.[0m
[18:22] [0m[4m[31m[JEDI]: Kerran Halcyon leaves the Academy.[0m[0m[0m
[18:24] [0m[32mYou say:[0m I am not the aspiring jedi you are looking for.[0m
[18:25] [0mYou adjust your reforger's kit slightly, ready to do more business.[0m
[18:25] [0mYou can currently reforge 12 items.[0m
[18:26] [0m[32mYou say:[0m I am not the aspiring jedi you are looking for.[0m
[18:28] [0m[32mYou say:[0m I am not the aspiring jedi you are looking for.[0m
[18:29] [0m[32mYou say:[0m I am not the aspiring jedi you are looking for.[0m
[18:30] [0mUkyo {Professions}: think i found a small bug with fieldsmith. great.[0m
[18:32] [0m[32mYou say:[0m I am not the aspiring jedi you are looking for.[0m
[18:34] [0m[32mYou say:[0m I am not the aspiring jedi you are looking for.[0m
[18:34] [0m[32mYou say:[0m I am not the aspiring jedi you are looking for.[0m
[18:36] [0m[32mYou say:[0m I am not the aspiring jedi you are looking for.[0m
[18:38] [0m[32mYou say:[0m I am not the aspiring jedi you are looking for.[0m
[18:38] [0m[32mYou say:[0m I am not the aspiring jedi you are looking for.[0m
[18:38] [0m[32mYou say:[0m I am not the aspiring jedi you are looking for.[0m
[18:40] [0m[34;1mFelony shouts:[0m crime doesnt pay...[0m
[18:40] [0m[32mYou say:[0m I am not the aspiring jedi you are looking for.[0m
[18:40] [0m[34;1mSimonz shouts:[0m it was too foxy for you[0m
[18:41] [0m[4m[31m[JEDI]: Herah Wylann arrives at the Academy.[0m[0m[0m
[18:41] [0m[32mYou say:[0m I am not the aspiring jedi you are looking for.[0m
[18:43] [0m[32mYou say:[0m I am not the aspiring jedi you are looking for.[0m
[18:45] [0m[32mYou say:[0m I am not the aspiring jedi you are looking for.[0m
[18:46] [0m[32mYou say:[0m I am not the aspiring jedi you are looking for.[0m
[18:48] [0m[32mYou say:[0m I am not the aspiring jedi you are looking for.[0m
[18:48] [0m[4m[31m[JEDI]: You feel a disturbance in the Force....[0m[0m[0m
[18:48] [0m[4m[31m[JEDI]: Hyuga has fallen to Force Saturation in A dungeon (n,s,w,e).[0m[0m[0m
[18:48] [0mWilly [Jedi(18)]: doh[0m
[18:49] [0mSimonz [Jedi(52)]: oops[0m
[18:49] [0mUkyo [Jedi(76)]: meh, he does it all the time. it's a quick way for him to[0m
[18:49] [0m                 get back to town[0m
[18:51] [0m[32mYou say:[0m I am not the aspiring jedi you are looking for.[0m
[18:52] [0mUkyo [Jedi(76)]: well, i didn't do my usual cash run, but there might be[0m
[18:52] [0m                 enough to give you youngun's some vcash, even on a short[0m
[18:52] [0m                 boot.[0m
[18:53] [0m[32mYou say:[0m I am not the aspiring jedi you are looking for.[0m
[18:53] [0m[32mYou say:[0m I am not the aspiring jedi you are looking for.[0m
[18:53] [0m[32mYou say:[0m I am not the aspiring jedi you are looking for.[0m
[18:55] [0m[32mYou say:[0m I am not the aspiring jedi you are looking for.[0m
[18:57] [0m[32mYou say:[0m I am not the aspiring jedi you are looking for.[0m
[18:58] [0mHyuga [Jedi(89)]: that time i died because i was afk and my saber ran out of[0m
[18:58] [0m                  juice :)[0m
[18:58] [0mHyuga [Jedi(89)]: but it was a convenient excuse to get more cells[0m
[18:58] [0mSimonz [Jedi(52)]: that's what i figured[0m
[18:58] [0mSimonz [Jedi(52)]: lol[0m
[18:59] [0m[32mYou say:[0m I am not the aspiring jedi you are looking for.[0m
[18:59] [0m[4m[31m[JEDI]: Herah Wylann leaves the Academy.[0m[0m[0m
[19:00] [0m[4m[31m[JEDI]: Magneto has reconnected.[0m[0m[0m
[19:01] [0m[32mYou say:[0m I am not the aspiring jedi you are looking for.[0m
[19:02] [0m[4m[31m[JEDI]: Willy has disconnected.[0m[0m[0m
[19:02] [0m[32mYou say:[0m I am not the aspiring jedi you are looking for.[0m
[19:04] [0m[32mYou say:[0m I am not the aspiring jedi you are looking for.[0m
[19:05] [0m[4m[31m[JEDI]: Willy has reconnected.[0m[0m[0m
[19:06] [0m[32mYou say:[0m I am not the aspiring jedi you are looking for.[0m
[19:08] [0m[32mYou say:[0m I am not the aspiring jedi you are looking for.[0m
[19:10] [0m[32mYou say:[0m I am not the aspiring jedi you are looking for.[0m
[19:11] [0m[32mYou say:[0m I am not the aspiring jedi you are looking for.[0m
[19:13] [0m[32mYou say:[0m I am not the aspiring jedi you are looking for.[0m
[19:15] [0m[32mYou say:[0m I am not the aspiring jedi you are looking for.[0m
[19:16] [0m[32mYou say:[0m I am not the aspiring jedi you are looking for.[0m
[19:17] [0m[34;1mNik shouts:[0m playcult like youre that trouble hdd and you know the end is[0m
[19:17] [0m            nigh![0m
[19:18] [0m[32mYou say:[0m I am not the aspiring jedi you are looking for.[0m
[19:18] [0m[32mYou say:[0m I am not the aspiring jedi you are looking for.[0m
[19:18] [0m[4m[31m[JEDI]: Rhaan arrives at the Academy.[0m[0m[0m
[19:21] [0mYou can currently reforge 12 items.[0m
[19:22] [0m[34;1mCaboose shouts:[0m once it's swapped out, you're the only trouble here![0m
[19:25] [0mYou adjust your reforger's kit slightly, ready to do more business.[0m
[19:25] [0mYou can currently reforge 4 items.[0m
[19:30] [0m[34;1mSer shouts:[0m we are in the age of hotswappable hdds, why even reboot?  just[0m
[19:30] [0m            rebuild the array live![0m
[19:30] [0m[4m[31m[JEDI]: Rhaan leaves the Academy.[0m[0m[0m
[19:31] [0m[34;1mNotabot shouts:[0m but what about the variables[0m
[19:33] [0m[34;1mNauda shouts:[0m I AGREE WITH SER, SEEMS SUPER STRANGE THAT YOU NEED TO SHUT[0m
[19:33] [0m              DOWN SERVER TO SWAP A HDD, I GUESS IF A RAID CONTROLER OR SOME[0m
[19:33] [0m              OTHER PIECE OF HARDWARE WAS FAULTY[0m
[19:34] [0m[34;1mNotabot shouts:[0m OR IF YOU HAVE A KEYBOARD THAT IS PS2 AND IT CAME UNPLUGGED[0m
[19:34] [0m                WHEN CHECKING THE HDD RAID CONTROLLER[0m
[19:34] [0m[34;1mTurnhold shouts:[0m all the caps, eh?[0m
[19:34] [0m[34;1mStasis shouts:[0m it's a conspiracy! they're going to steal all our gold![0m
[19:34] [0m[34;1mVax shouts:[0m yes, let's all question the guy holding everything we hold dear[0m
[19:34] [0m            in his mitts[0m
[19:35] [0m[34;1mNotabot shouts:[0m this guy knows whats up ^^^^^^^^^^^^^^^^^[0m
[19:35] [0m[34;1mSimonz shouts:[0m I aGrEe WiTh NaUdA tHaT nOrMaL cApItAlIzAtIoN iS oVeRrAtEd[0m
[19:36] [0m[34;1mHyuga shouts:[0m ur mom knows whats up[0m
[19:36] [0m[34;1mNotabot shouts:[0m That makes me feel down[0m
[19:36] [0m[34;1mNotabot shouts:[0m For those who care there is about 17 minutes before box[0m
[19:36] [0m                donates aren't accepted[0m
[19:37] [0m[34;1mTurnhold shouts:[0m it's a saturday night. how's about you all go out and[0m
[19:37] [0m                 drink, hit a club, mebbe some electric lettuce.[0m
[19:37] [0m[34;1mWhoknows shouts:[0m wtf is electric lettuce?[0m
[19:37] [0m[34;1mZion shouts:[0m Khat.  From the Africas[0m
[19:37] [0m[34;1mHyuga shouts:[0m i have to stay home and dog sit. so i am gunna get drunk[0m
[19:37] [0m[34;1mKitt shouts:[0m your moms toy[0m
[19:37] [0m[34;1mSimonz shouts:[0m BeCaUsE I HaVe A tWo YeAr OlD aNd A oNe MoNtH oLd[0m
[19:38] [0m[34;1mKitt shouts:[0m mudders procreate?[0m
[19:38] [0m[34;1mSimonz shouts:[0m believe it or not[0m
[19:39] [0m[34;1mMud shouts:[0m george isnt at home[0m
[19:39] [0m[34;1mMud shouts:[0m leave a message at the beep[0m
[19:39] [0m[34;1mKitt shouts:[0m i need pizza[0m
[19:39] [0m[34;1mZion shouts:[0m My brain keeps telling me NEED but by body ... my body agrees i[0m
[19:39] [0m             NEEDS it[0m
[19:41] [0m[4m[31m[JEDI]: Bithoff Jonansaan arrives at the Academy.[0m[0m[0m
[19:44] [0mKitt flaps : want me to run up to AA to fix your Box?[0m
[19:45] [0mKitt flaps : ill upgrade that box to more Ram / Rom too[0m
[19:48] [0m[4m[31m[JEDI]: Wyvern has reconnected.[0m[0m[0m
[20:00] [0m[4m[31m[JEDI]: Bithoff Jonansaan leaves the Academy.[0m[0m[0m
[20:05] [0mArmy shouts: Game reboot in 48 minutes 54 seconds [0m
[20:09] [0m[34;1mDangus shouts:[0m Im a silly boi[0m
[20:10] [0m[4m[31m[JEDI]: Ylenic It'kla arrives at the Academy.[0m[0m[0m
[20:13] [0m[34;1mBoosh shouts:[0m the debil made me do it[0m
[20:14] [0m[34;1mThor shouts:[0m Miscalculated the time.  Was off by an hour.[0m
[20:14] [0m[34;1mYik shouts:[0m as in early? ;][0m
[20:14] [0mArmy shouts: TELL ARMY if you want a free transport![0m
[20:14] [0mArmy shouts: Game reboot in 5 minutes [0m
[20:15] [0m[34;1mYik shouts:[0m yay![0m
[20:15] [0m[34;1mMugen shouts:[0m oh snap[0m
[20:16] [0mArmy shouts: Game reboot in 3 minutes 35 seconds [0m
[20:16] [0m[34;1mDangus shouts:[0m Bye Boyz[0m
[20:16] [0mWilly [Jedi(18)]: come on armory![0m
[20:17] [0m[4m[31m[JEDI]: Saint slumbers once more.[0m[0m[0m
[20:17] [0m[4m[31m[JEDI]: Firebird slumbers once more.[0m[0m[0m
[20:17] [0m[4m[31m[JEDI]: Gandalf slumbers once more.[0m[0m[0m
[20:17] [0m[4m[31m[JEDI]: Trisky slumbers once more.[0m[0m[0m
[20:17] [0m[4m[31m[JEDI]: Mysterio slumbers once more.[0m[0m[0m
[20:17] [0mArmy shouts: Game reboot in 2 minutes 31 seconds [0m
[20:17] [0m[4m[31m[JEDI]: Archimedes slumbers once more.[0m[0m[0m
[20:17] [0m[4m[31m[JEDI]: Chaed slumbers once more.[0m[0m[0m
[20:17] [0m[4m[31m[JEDI]: Piriform slumbers once more.[0m[0m[0m
[20:18] [0mArmy shouts: Game reboot in 1 minute 43 seconds [0m
[20:18] [0m[34;1mYik shouts:[0m playcult in the next world![0m
[20:18] [0m[34;1mMugen shouts:[0m next world arrival time 5-185 minutes, please wait[0m
[20:18] [0mArmy shouts: Game reboot in 1 minute 7 seconds [0m
[20:19] [0m[34;1mVax shouts:[0m repent![0m
[20:19] [0m[34;1mYik shouts:[0m please leave your tray in the up-right position[0m
[20:19] [0mArmy shouts: Game reboot in 40 seconds [0m
[20:19] [0m[34;1mThom shouts:[0m enjoy RL![0m
[20:19] [0m[34;1mArchangel shouts:[0m How long will it be down?[0m
[20:19] [0m[34;1mXiu shouts:[0m that'd be a first[0m
[20:19] [0mArmy shouts: Game reboot in 20 seconds [0m
[20:19] [0m[34;1mMugen shouts:[0m atleast 1 minutes, maybe up to 400 minutes[0m
[20:19] [0mWilly [Jedi(18)]: unscheduled boot must've messed up Alstor. drat.[0m
[20:19] [0mAlstor [Jedi(Staff)]: I sold the contents of the Armory for 339082 coins and[0m
[20:19] [0m                      credited your accounts with your share of the[0m
[20:19] [0m                      proceeds.[0m
[20:19] [0mMugen [Jedi(Knight)]: woot![0m
[20:19] [0mWilly [Jedi(18)]: woo![0m
[20:19] [0m[34;1mYik shouts:[0m treefiddy[0m
[20:19] [0m[34;1mVax shouts:[0m please return the stewardess to her original upright position[0m
[20:19] [0m[34;1mBoosh shouts:[0m the world ends permantly in 2099[0m
[20:19] [0mArmy shouts: Game reboot in 5 seconds [0m
[20:19] [0mMugen [Jedi(Knight)]: laf[0m
[20:19] [0mMagneto [Jedi(62)]: woo[0m
[20:19] [0mMugen [Jedi(Knight)]: win[0m
[20:19] [0mMagneto [Jedi(62)]: If you think nobody cares if you're alive, try missing a[0m
[20:19] [0m                    couple of car payments.[0m
[20:20] [0mMugen [Jedi(Knight)]: no idlys[0m
[20:20] [0mArmy shouts: The sweltering heat of this arid desert is making your head ache[0m
[20:20] [0m[4m[31m[JEDI]: Wyvern slumbers once more.[0m[0m[0m
[20:20] [0m[4m[31m[JEDI]: Willy slumbers once more.[0m[0m[0m
[20:20] [0m[4m[31m[JEDI]: Siem slumbers once more.[0m[0m[0m
[20:20] [0m[4m[31m[JEDI]: Hyuga slumbers once more.[0m[0m[0m
[20:20] [0m[4m[31m[JEDI]: Mugen slumbers once more.[0m[0m[0m
[20:20] [0m[4m[31m[JEDI]: Roken slumbers once more.[0m[0m[0m
[21:09] [4m[31m[JEDI]: The Force roils as Roken awakens.[0m[0m
[21:10] [0m[34;1mNik shouts:[0m it lives!!![0m
[21:11] [0m[34;1mXiu shouts:[0m now this feels like mudding on a good hard drive[0m
[21:13] [0m[4m[31m[JEDI]: The Force roils as Magneto awakens.[0m[0m[0m
[21:14] [0mYou adjust your reforger's kit slightly, ready to do more business.[0m
[21:14] [0mYou can currently reforge 8 items.[0m
[21:19] [0m[Auction] Fluffy (chan) : flap![0m
[21:23] [0;1;34mRikken shouts: [0mPolls are now open![0m
[21:23] [0mMugen [Jedi(Knight)]: Kikipopo is the coolest guild wizard ever?[0m
[21:23] [0mSimonz [Jedi(52)]: The spiciest of spices, pure Cinnamon (sizzle).[0m
[21:23] [0mHyuga [Jedi(89)]: RAGEQUIT[0m
[21:24] [0mMagneto [Jedi(62)]: If you can't convince them, confuse them.[0m
[21:24] [0mSimonz [Jedi(52)]: Ohh, a great warrior, hmmm? Wars not make one great.[0m
[21:24] [0m                   --Master Yoda[0m
[21:24] [0m[4m[31m[JEDI]: Wennic Ber'ni'lok leaves the Academy.[0m[0m[0m
[21:24] [0mSimonz [Jedi(52)]: fake news[0m
[21:25] [0m[34;1mBoosh shouts:[0m take more swims[0m
[21:27] [0m[34;1mHyuga shouts:[0m and so it begins.[0m
[21:28] [0m[Auction] Robert : Up for bids: Silver scroll of enchant armour.[0m
[21:28] [0m[Auction] Robert : Vax has requested 1,000 as the opening offer.[0m
[21:28] [0m[Auction] Robert : Got 1,000 from Mugen(jedi).  Do I hear 1,050?[0m
[21:29] [0m[Auction] Robert : 1,000 going once![0m
[21:29] [0m[Auction] Robert : 1,000 going twice![0m
[21:29] [0m[Auction] Robert : Sold to Mugen for 1,000 coins![0m
[21:29] [0m[4m[31m[JEDI]: The Force quavers as Torric awakens.[0m[0m[0m
[21:29] [0m[4m[31m[JEDI]: The Force ripples as Firebird awakens.[0m[0m[0m
[21:30] [0m[4m[31m[JEDI]: Torric has disconnected.[0m[0m[0m
[21:30] [0m[4m[31m[JEDI]: Firebird has disconnected.[0m[0m[0m
[21:32] [0m[4m[31m[JEDI]: Archimedes has disconnected.[0m[0m[0m
[21:37] [0m[4m[31m[JEDI]: Archimedes has reconnected.[0m[0m[0m
[21:40] [0m[4m[31m[JEDI]: Archimedes has disconnected.[0m[0m[0m
[21:41] [0m[4m[31m[JEDI]: Archimedes has reconnected.[0m[0m[0m
[21:41] [0m[4m[31m[JEDI]: Archimedes has disconnected.[0m[0m[0m
[21:41] [0m[4m[31m[JEDI]: Archimedes has reconnected.[0m[0m[0m
[21:41] [0m[4m[31m[JEDI]: Archimedes has disconnected.[0m[0m[0m
[21:42] [0m[4m[31m[JEDI]: Ylenic It'kla arrives at the Academy.[0m[0m[0m
[21:43] [0mHyuga [Jedi(89)]: oops[0m
[21:43] [0m[4m[31m[JEDI]: You feel a disturbance in the Force....[0m[0m[0m
[21:43] [0m[4m[31m[JEDI]: Hyuga has fallen to Force Saturation in A chamber of elements (out).[0m[0m[0m
[21:43] [0mSimonz [Jedi(52)]: ?[0m
[21:43] [0mSimonz [Jedi(52)]: lol[0m
[21:43] [0mSimonz [Jedi(52)]: focus dissipate on regen...[0m
[21:44] [0mMugen [Jedi(Knight)]: laf, with all 400 energy this early in boot[0m
[21:44] [0mHyuga [Jedi(89)]: it was too late[0m
[21:44] [0mSimonz [Jedi(52)]: heh[0m
[21:44] [0mSimonz [Jedi(52)]: 2850 atm but I've been going through zell to get a[0m
[21:44] [0m                   headband[0m
[21:45] [0mWyvern [Jedi(90)]: i always have to target the adds :([0m
[21:48] [0m[4m[31m[JEDI]: Archimedes has reconnected.[0m[0m[0m
[21:49] [0m[4m[31m[JEDI]: Wyvern has disconnected.[0m[0m[0m
[21:49] [0m[4m[31m[JEDI]: Wyvern has reconnected.[0m[0m[0m
[21:51] [0mHyuga [Jedi(89)]: yeah i was tanking finr but i forgot i use the 2 of each[0m
[21:51] [0m                  bunch for pyres hehe[0m
[21:51] [0m[34;1mHawkeyes shouts:[0m looking for a clan to join[0m
[21:52] [0m[4m[31m[JEDI]: Wyvern has disconnected.[0m[0m[0m
[21:52] [0m[4m[31m[JEDI]: Wyvern has reconnected.[0m[0m[0m
[21:53] [0m[Auction] Robert : Up for bids: A set of used armor.[0m
[21:53] [0m[Auction] Robert : Hooligan has requested 2,000 as the opening offer.[0m
[21:53] [0m[Auction] Robert : Got 2,000 from Hawkeyes(jugg).  Do I hear 2,040?[0m
[21:53] [0m[Auction] Robert : 2,000 going once![0m
[21:54] [0m[Auction] Robert : 2,000 going twice![0m
[21:54] [0m[Auction] Robert : Sold to Hawkeyes for 2,000 coins![0m
[21:54] [0mYou can currently reforge 8 items.[0m
[21:56] [0m[4m[31m[JEDI]: Ylenic It'kla leaves the Academy.[0m[0m[0m
[21:56] [0m[32mYou say:[0m I am not the aspiring jedi you are looking for.[0m
[22:01] [0m[32mYou say:[0m I am not the aspiring jedi you are looking for.[0m
[22:01] [0m[4m[31m[JEDI]: You feel a disturbance in the Force....[0m[0m[0m
[22:01] [0m[4m[31m[JEDI]: Archimedes has fallen to Zelligar in Zelligar's Castle (s).[0m[0m[0m
[22:01] [0m[4m[31m[JEDI]: You feel a disturbance in the Force....[0m[0m[0m
[22:01] [0m[4m[31m[JEDI]: Simonz has fallen to Zelligar in Zelligar's Castle (s).[0m[0m[0m
[22:01] [0mHyuga [Jedi(89)]: laf[0m
[22:02] [0mSimonz [Jedi(52)]: that was a blick[0m
[22:02] [0mHyuga [Jedi(89)]: i shoulda gone to zell i guess[0m
[22:03] [0m[4m[31m[JEDI]: Simonz has disconnected.[0m[0m[0m
[22:04] [0m[4m[31m[JEDI]: Simonz has reconnected.[0m[0m[0m
[22:06] [0m[4m[31m[JEDI]: You feel a disturbance in the Force....[0m[0m[0m
[22:06] [0m[4m[31m[JEDI]: Archimedes has fallen to Zelligar in Zelligar's Castle (s).[0m[0m[0m
[22:09] [0m[34;1mSimonz shouts:[0m man, zelligar is mean today[0m
[22:10] [0m[32mYou say:[0m I am not the aspiring jedi you are looking for.[0m
[22:11] [0m[4m[31m[JEDI]: Hyuga slumbers once more.[0m[0m[0m
[22:15] [0mYou adjust your reforger's kit slightly, ready to do more business.[0m
[22:15] [0mYou can currently reforge 4 items.[0m
[22:15] [0m[4m[31m[JEDI]: The Force roils as Hyuga awakens.[0m[0m[0m
[22:16] [0m[4m[31m[JEDI]: Durnoth arrives at the Academy.[0m[0m[0m
[22:17] [0m[4m[31m[JEDI]: Hyuga slumbers once more.[0m[0m[0m
[22:17] [0m[4m[31m[JEDI]: The Force fluxes as Hyuga awakens.[0m[0m[0m
[22:19] [0m[32mYou say:[0m I am not the aspiring jedi you are looking for.[0m
[22:19] [0m[Auction] Robert : Up for bids: Pyrite Ring of Heroism.[0m
[22:19] [0m[Auction] Robert : Hooligan has requested 1,000 as the opening offer.[0m
[22:19] [0m[Auction] Robert : Got 1,000 from Hyuga(jedi).  Do I hear 1,050?[0m
[22:19] [0m[Auction] Robert : 1,000 going once![0m
[22:19] [0m[Auction] Robert : 1,000 going twice![0m
[22:19] [0m[Auction] Robert : Got 1,050 from Ser(psic).  Do I hear 1,100?[0m
[22:20] [0m[Auction] Robert : 1,050 going once![0m
[22:20] [0m[Auction] Robert : 1,050 going twice![0m
[22:20] [0m[Auction] Robert : Sold to Ser for 1,050 coins![0m
[22:20] [0m[Auction] Robert : Up for bids: Metal Slime.[0m
[22:20] [0m[Auction] Robert : Hooligan has requested 1,000 as the opening offer.[0m
[22:21] [0m[Auction] Robert : Oh, come on... just 1000 coins?[0m
[22:21] [0m[Auction] Robert : Fine, bollocks to the lot of you[0m
[22:21] [0m[Auction] Robert : Up for bids: Jacinth Ring of Speed.[0m
[22:21] [0m[Auction] Robert : Hooligan has requested 2,500 as the opening offer.[0m
[22:22] [0m[Auction] Robert : Oh, come on... just 2500 coins?[0m
[22:22] [0m[Auction] Robert : Fine, bollocks to the lot of you[0m
[22:26] [0m[34;1mNauda shouts:[0m The rhythm of the night, this is reebok of the nike.[0m
[22:28] [0m[4m[31m[JEDI]: The Dark Side ripples as Xaro awakens.[0m[0m[0m
[22:29] [0m[4m[31m[JEDI]: Xaro has disconnected.[0m[0m[0m
[22:29] [0m[32mYou say:[0m I am not the aspiring jedi you are looking for.[0m
[22:31] [0m[4m[31m[JEDI]: Durnoth leaves the Academy.[0m[0m[0m
[22:32] [0m[Auction] Fluffy (chan) : wtb wmay gloves[0m
[22:32] [0mNauda flaps : Parallel lins have so much in common, It's a shame they will[0m
[22:32] [0m              never meet.[0m
[22:32] [0mNauda flaps : lines*[0m
[22:33] [0mAl flaps : well, that was an interesting tangent[0m
[22:33] [0mAl flaps : too bad i didn't get the point[0m
[22:34] [0mSer flaps : I'd hate to diverge from this conversation, but...[0m
[22:37] [0mNauda flaps : What do you say to your sister when she is crying? Are you[0m
[22:37] [0m              haveing a crysis?[0m
[22:38] [0mTurnhold flaps : your joke is bad, and you should feel bad.[0m
[22:38] [0m[32mYou say:[0m I am not the aspiring jedi you are looking for.[0m
[22:46] [0m[4m[31m[JEDI]: The Force fluxes as Asp awakens.[0m[0m[0m
[22:47] [0m[32mYou say:[0m I am not the aspiring jedi you are looking for.[0m
[22:50] [0m[4m[31m[JEDI]: Talia Ska arrives at the Academy.[0m[0m[0m
[22:56] [0m[32mYou say:[0m I am not the aspiring jedi you are looking for.[0m
[23:06] [0m[4m[31m[JEDI]: Talia Ska leaves the Academy.[0m[0m[0m
[23:06] [0m[32mYou say:[0m I am not the aspiring jedi you are looking for.[0m
[23:11] [0m[4m[31m[JEDI]: You feel a disturbance in the Force....[0m[0m[0m
[23:11] [0m[4m[31m[JEDI]: Mugen has fallen to A Conglomeration of Energies in A chamber of[0m[0m[0m
[23:11] [0m        elements (out).[0m
[23:15] [0mYou adjust your reforger's kit slightly, ready to do more business.[0m
[23:15] [0mYou can currently reforge 8 items.[0m
[23:15] [0m[34;1mNightrider shouts:[0m Come to ss if you wanna dup be dup[0m
[23:16] [0m[32mYou say:[0m I am not the aspiring jedi you are looking for.[0m
[23:16] [0mNightrider flaps : anyone need to dup mask?[0m
[23:16] [0mInfectious flaps : fluffy does[0m
[23:16] [0mInix flaps : I think Nightrider wants a dupe[0m
[23:17] [0mNightrider flaps : anyone else want to dupie mask?[0m
[23:18] [0mVagrant flaps : i want to ouch ur body[0m
[23:18] [0m[4m[31m[JEDI]: Rhaan arrives at the Academy.[0m[0m[0m
[23:18] [0mSky flaps : i want to ouch his body too.[0m
[23:19] [0m[Auction] Robert : Up for bids: Quesadilla Codpiece (massive).[0m
[23:19] [0m[Auction] Robert : Xiu has requested 0 as the opening offer.[0m
[23:19] [0m[Auction] Xiu (blad) : one size fits (massive)[0m
[23:19] [0m[Auction] Robert : Got 0 from Anzyn(cybo).  Do I hear 50?[0m
[23:19] [0m[Auction] Robert : Got 50 from Eagleeyes(necr).  Do I hear 100?[0m
[23:19] [0m[Auction] Robert : Got 100 from Sky(jugg).  Do I hear 150?[0m
[23:19] [0m[Auction] Robert : Got 666 from Nofx(prie).  Do I hear 716?[0m
[23:19] [0m[Auction] Robert : Got 716 from Anzyn(cybo).  Do I hear 766?[0m
[23:19] [0m[Auction] Robert : Got 766 from Magneto(jedi).  Do I hear 816?[0m
[23:19] [0m[Auction] Robert : Got 1,000 from Sky(jugg).  Do I hear 1,050?[0m
[23:19] [0m[Auction] Robert : Got 1,337 from Fluffy(chan).  Do I hear 1,387?[0m
[23:19] [0m[Auction] Robert : Got 10,000 from Sky(jugg).  Do I hear 10,200?[0m
[23:19] [0m[Auction] Anzyn (cybo) : out[0m
[23:19] [0m[4m[31m[JEDI]: Wyvern has disconnected.[0m[0m[0m
[23:19] [0m[Auction] Robert : 10,000 going once![0m
[23:19] [0m[Auction] Robert : 10,000 going twice![0m
[23:20] [0m[4m[31m[JEDI]: Wyvern has reconnected.[0m[0m[0m
[23:20] [0m[Auction] Robert : Sold to Sky for 10,000 coins![0m
[23:20] [0m[4m[31m[JEDI]: Archimedes has disconnected.[0m[0m[0m
[23:20] [0m[4m[31m[JEDI]: You feel a disturbance in the Force....[0m[0m[0m
[23:20] [0m[4m[31m[JEDI]: Hyuga has fallen to Queen of Hearts in East Side of the Garden[0m[0m[0m
[23:20] [0m        (nw,s).[0m
[23:21] [0m[4m[31m[JEDI]: Archimedes has reconnected.[0m[0m[0m
[23:22] [0mLeianne flaps : hmm.. can't unload room with player in here :([0m
[23:23] [0mXiu flaps : yeah you have to be the only object. helps to have massively bad[0m
[23:23] [0m            gas, gets rid of everyone else[0m
[23:24] [0m[4m[31m[JEDI]: Firebird has reconnected.[0m[0m[0m
[23:26] [0m[4m[31m[JEDI]: Wyvern has disconnected.[0m[0m[0m
[23:26] [0m[32mYou say:[0m I am not the aspiring jedi you are looking for.[0m
[23:26] [0m[4m[31m[JEDI]: Firebird has disconnected.[0m[0m[0m
[23:26] [0m[4m[31m[JEDI]: Wyvern has reconnected.[0m[0m[0m
[23:30] [0m[4m[31m[JEDI]: Rhaan leaves the Academy.[0m[0m[0m
[23:31] [0m[4m[31m[JEDI]: Xaro has reconnected.[0m[0m[0m
[23:32] [0m[4m[31m[JEDI]: Xaro has disconnected.[0m[0m[0m
[23:35] [0m[32mYou say:[0m I am not the aspiring jedi you are looking for.[0m
[23:36] [0m[Auction] Robert : Up for bids: Sodalite Ring of Feather Falling, Quartz[0m
[23:36] [0m                   Ring of Light, Gold Ring of the Seven Seas and Zirconian[0m
[23:36] [0m                   Ring of Light.[0m
[23:36] [0m[Auction] Robert : Ser has requested 420 as the opening offer.[0m
[23:37] [0m[Auction] Nightrider (knig) : super bs for Monks[0m
[23:37] [0m[Auction] Robert : Oh, come on... just 420 coins?[0m
[23:37] [0m[Auction] Robert : Fine, bollocks to the lot of you[0m
[23:41] [0mNightrider flaps : shes ready! [Clan] Sky : okay i should be good to receive[0m
[23:41] [0m                   :)[0m
[23:42] [0m[34;1mNightrider shouts:[0m NIX NIX NIX NIX NIX !!!![0m
[23:42] [0m[34;1mVagrant shouts:[0m XIN XIN XIN XIN XINQ![0m
[23:42] [0m[34;1mLachlan shouts:[0m death spam while runeing, its like fireworks... keeps you[0m
[23:42] [0m                mesmerized[0m
[23:42] [0m[4m[31m[JEDI]: Bithoff Jonansaan arrives at the Academy.[0m[0m[0m
[23:43] [0m[34;1mNightrider shouts:[0m yezzzzz Vagrant[0m
[23:43] [0m[34;1mHyuga shouts:[0m stoned[0m
[23:43] [0m[34;1mLachlan shouts:[0m one of these things does not belong here...[0m
[23:44] [0m[34;1mHooligan shouts:[0m No red axe for you.  You come back 1 years![0m
[23:45] [0m[4m[31m[JEDI]: Mugen has disconnected.[0m[0m[0m
[23:45] [0m[34;1mHyuga shouts:[0m WHEN WILL HE DIE?!?![0m
[23:45] [0m[32mYou say:[0m I am not the aspiring jedi you are looking for.[0m
[23:50] [0m[4m[31m[JEDI]: Mugen has reconnected.[0m[0m[0m
[23:50] [0m[34;1mLachlan shouts:[0m awe... the shows over. Im not done runeing.[0m
[23:54] [0m[4m[31m[JEDI]: Wyvern has disconnected.[0m[0m[0m
[23:54] [0m[4m[31m[JEDI]: Wyvern has reconnected.[0m[0m[0m
[23:55] [0m[32mYou say:[0m I am not the aspiring jedi you are looking for.[0m
[23:56] [0m[5m[1m[44mYour lightsaber begins to flicker and the handle warms![0m[0m                 [0m
[23:56] [0m[4m[31m[JEDI]: Hyuga has disconnected.[0m[0m[0m
[23:58] [0m[4m[31m[JEDI]: Hyuga has reconnected.[0m[0m[0m
