- = LOG STARTED [00:00] = -
[00:01] [0mGaidin flaps : How bad are bagpipes?  20mil-ish, right?[0m
[00:01] [0mHyuga flaps : low 20s[0m
[00:01] [0mSpun flaps : 19.5[0m
[00:01] [0mNauda flaps : I was there to kill grampa and had no corpses, wasnt ready for another fight[0m
[00:01] [0mGaidin flaps : That's pretty brutal.[0m
[00:01] [0mKirrin flaps : making pipes use the grab neds angel does would probably be the easiest fix,[0m
[00:01] [0m               noone is going to kill willie and leave pipes around for no reason then (and at[0m
[00:01] [0m               that point you have obvious malice intent)[0m
[00:02] [0mGaidin flaps : That's probably be the best answer to put forward, before Frank decides to get[0m
[00:02] [0m               "creative."[0m
[00:02] [0mKirrin flaps : and yeah, pipes is 20m and does pure mind damage[0m
[00:02] [0mGaidin flaps : I mean, I'd have to blow my (immort (if it was up) to survive it.[0m
[00:03] [0mGaidin flaps : Oh, I could blow a guild defense, if it's pure mind[0m
[00:04] [0mGaidin flaps : But I can't remember which one.[0m
[00:04] [0mHyuga flaps : people are still getting eq on day 7? :p[0m
[00:05] [0mGaidin flaps : Doesn't matter the day.[0m
[00:05] [0mNauda flaps : day 7 A KrustyBrand(tm) Medic-Alert Bracelet, the best one[0m
[00:05] [0mGaidin flaps : I keep meaning to get my under-60s some of the simpsons stuff[0m
[00:05] [0mNauda flaps : at bootrun I'd be dead most likely if I met bagpipe naked[0m
[00:06] [0mGaidin flaps : Mentals have element shield, which can make us immune to a single damage type[0m
[00:06] [0m               "for a limited time."[0m
[00:06] [0mGaidin flaps : Not sure what that limited time is, and I don't care to try it out on a 20mil[0m
[00:06] [0m               mob..[0m
[00:07] [0mStasis flaps : flap and limited to twice a week[0m
[00:07] [0mGaidin flaps : Yea, but for how long[0m
[00:07] [0mNauda flaps : 150 rounds?[0m
[00:12] [0mHyuga flaps : honestly i think frank should just recode it would be hilarious if you left the[0m
[00:12] [0m              mob alive and leave the area it just starts droning on and on in your head until[0m
[00:12] [0m              your eardrums crack your eyes bleed, and you take increasing dmg until you die[0m
[00:12] [0mNauda flaps : so many ways to die, doo doo doo[0m
[00:12] [0mHyuga flaps : then if you leave the death area and still dont kill it, random itema in your inv[0m
[00:12] [0m              start desting until nothing is left. then it removes your pboj[0m
[00:13] [0mHyuga flaps : problem solved![0m
[00:13] [0m[37;1m[JEDI]:[0m Alyssa K'tal arrives at the Academy.[0m
[00:15] [0mNauda flaps : good idea in text game, why not make game mechanic that removes players[0m
[00:51] [0m[37;1m[JEDI]:[0m Reena Bel Noir arrives at the Academy.[0m
[00:52] [0m[34;1mFluffy shouts:[0m big letters![0m
[00:53] [0m[34;1mKirrin shouts:[0m thanks all[0m
[01:22] [0m[37;1m[JEDI]:[0m Kerran Halcyon arrives at the Academy.[0m
[06:35] [37;1m[JEDI]:[0m Herah Wylann arrives at the Academy.[0m
[06:52] [0m[35;1mBlubber [Jedi(33)]:[0m I haven't felt this excited since lvl 30[0m
[07:03] [0m[37;1m[JEDI]:[0m Janath Meelin arrives at the Academy.[0m
[07:30] [0m[37;1m[JEDI]:[0m Alyssa K'tal arrives at the Academy.[0m
[07:50] [0m<- ! The Vigilant ! -> :  A destabilization Kayos event has been detected in Deserts of Fantasy![0m
[07:50] [0m                          We are localizing it now - get ready![0m
[07:50] [0m[35;1mBlubber [Jedi(33)]:[0m Since upgrading to fdef 2 I see a lot of 'You lose focus and miss deflecting[0m
[07:50] [0m                    Clay Golem's attack!'[0m
[07:52] [0m[35;1mLicklick [Jedi(47)]:[0m dang your 1 to 2 took way less time than mine[0m
[07:52] [0m[35;1mBlubber [Jedi(33)]:[0m I'm only on 2 at the moment[0m
[07:52] [0m[35;1mLicklick [Jedi(47)]:[0m and its stillxhetter it might be too small[0m
[07:53] [0m[35;1mBlubber [Jedi(33)]:[0m Took me about 2 combat days just to get to 2[0m
[07:53] [0m[35;1mLicklick [Jedi(47)]:[0m yeah it took me 9 to 11[0m
[07:53] [0m[35;1mLicklick [Jedi(47)]:[0m i played alphabet which hits 1 per round[0m
[07:53] [0m[35;1mLicklick [Jedi(47)]:[0m not 5[0m
[07:54] [0m[35;1mBlubber [Jedi(33)]:[0m I spend my days in chess[0m
[07:54] [0m[35;1mBlubber [Jedi(33)]:[0m so 2 hits[0m
[07:54] [0m[35;1mLicklick [Jedi(47)]:[0m zelligarrrrrsss is beessst[0m
[07:55] [0m[35;1mBlubber [Jedi(33)]:[0m It's killing me softly at the moment[0m
[07:55] [0m[35;1mBlubber [Jedi(33)]:[0m 2x350k's make me bounce[0m
[07:56] [0m[35;1mLicklick [Jedi(47)]:[0m should thats 700kcyour not doing that[0m
[07:56] [0m[35;1mBlubber [Jedi(33)]:[0m This is pretty much the best I can handle[0m
[07:57] [0m[35;1mBlubber [Jedi(33)]:[0m Killed a 700k zombie but I wimpied about 5 times[0m
[07:57] [0m[35;1mBlubber [Jedi(33)]:[0m I'd say 500k zombie and I'll be fine[0m
[07:57] [0m[35;1mLicklick [Jedi(47)]:[0m yeah so dont[0m
[07:57] [0m[35;1mBlubber [Jedi(33)]:[0m I'm just testing out the limits[0m
[07:58] [0m[35;1mLicklick [Jedi(47)]:[0m try it get to where you feel safe then grind, 3k wiki helps me[0m
[07:58] [0m[35;1mBlubber [Jedi(33)]:[0m nog[0m
[07:58] [0m[35;1mBlubber [Jedi(33)]:[0m Just waiting for chess to reset[0m
[07:58] [0m[35;1mLicklick [Jedi(47)]:[0m go somewhere else like alphabet[0m
[07:59] [0m[35;1mBlubber [Jedi(33)]:[0m That's why I'm doing zel atm[0m
[07:59] [0m[35;1mLicklick [Jedi(47)]:[0m ooo thats good[0m
[08:01] [0mQuaritch <Craft>: how do I advance a craft past lvl 32?[0m
[08:01] [0mKirrin <Craft>: you need to raise cap at the npc[0m
[08:01] [0mGaidin <Craft>: Go back to the trainer and say "advancemenow"[0m
[08:03] [0mQuaritch <Craft>: hmm so for blacksmith should be in Yvon's room? doesn't seem to be working[0m
[08:03] [0mGaidin <Craft>: Smithing trainer is in the nw corner of the area.[0m
[08:03] [0mQuaritch <Craft>: right. Yvon[0m
[08:04] [0mGaidin <Craft>: I may have the command not quite right.  They respond to "say" for more info.[0m
[08:04] [0mXiu <Craft>: yeah i think it's teachmenow or somesuch[0m
[08:05] [0mQuaritch <Craft>: ah ha![0m
[08:05] [0mQuaritch <Craft>: thanks all[0m
[08:06] [0m[37;1m[JEDI]:[0m Reena Bel Noir arrives at the Academy.[0m
[08:16] [0m[35;1mBlubber [Jedi(33)]:[0m Interesting, I get that 'You lose focus and miss deflecting' emote only when[0m
[08:16] [0m                    the mob does 'struck, but did no damage to you' damage emote.[0m
[08:34] [0m[37;1m[JEDI]:[0m Durnoth arrives at the Academy.[0m
[13:50] [0m[34;1mKitt shouts:[0m You all are PeePs[0m
[13:51] [0m[34;1mNauda shouts:[0m There are no female peeps[0m
[13:57] [0m[34;1mKitt shouts:[0m All Da Perps Are Gone![0m
[14:02] [0mYour transmuter's stone bursts with 4 new colours![0m
[14:04] [0m[37;1m[JEDI]:[0m H'ssani C'talan arrives at the Academy.[0m
[14:13] [0mDalthazar flaps : anyone handy with juniper OS commands?[0m
[14:17] [0mKitt flaps : im handy with directions[0m
[14:34] [0m[37;1m[JEDI]:[0m Ylenic It'kla arrives at the Academy.[0m
[14:52] [0m[34;1mKitt shouts:[0m Take Take me Home! Cus i dont remeber![0m
[14:55] [0m[34;1mNauda shouts:[0m Take me anywhere, just take me, please[0m
[15:00] [0m[37;1m[JEDI]:[0m Reena Bel Noir arrives at the Academy.[0m
[15:07] [0mInix flaps : People who read their own book often discover they don't like the main[0m
[15:07] [0m             character...and are rarely happy with how it ends...[0m
[15:11] [0mNauda flaps : best books are written about thing you are not happy about[0m
[15:31] [0m[37;1m[JEDI]:[0m Rhaan arrives at the Academy.[0m
[15:42] [0m[35;1mTrisky [Jedi(51)]:[0m which droids are  for  Maintenance ?[0m
[15:59] [0m[37;1m[JEDI]:[0m Wennic Ber'ni'lok arrives at the Academy.[0m
[19:44] [0m[33;1m[Clan] Roken :[0m woo event![0m
[19:44] [0m[33;1m[Clan] Roken :[0m reset dungeon ready in 1.4hrs[0m
[19:48] [0m[33;1m[Clan] Roken :[0m offer for house accepted[0m
[19:48] [0m[33;1m[Clan] Roken :[0m you ser?[0m
[20:09] [0m[34;1mKitt shouts:[0m sally up day 8 firebat[0m
[20:09] [0m[37;1m[JEDI]:[0m Ylenic It'kla arrives at the Academy.[0m
[20:10] [0m[33;1m[Clan] Ser :[0m The Vigilant                        idolized   |-------------------*|    995619[0m
[20:10] [0m[33;1m[Clan] Ser :[0m guess i better pick up some ac or stat boosts before i run this[0m
[20:11] [0m[34;1mKitt shouts:[0m event portal. northern exit 10 n 1 e[0m
[20:12] [0mKitt flaps : norther exit 10 n 1 e arcane dmg go forth and botz[0m
[20:17] [0mYour transmuter's stone bursts with 3 new colours![0m
[20:39] [0m[37;1m[JEDI]:[0m Kerran Halcyon arrives at the Academy.[0m
[20:53] [0mFluffy <Craft>: I don't want to craft ... I want to be a LUMBERJACK!![0m
[20:57] [0m[32;1mFrom afar, Ser shakes his head no to you.[0m[0m
[21:13] [0m[37;1m[JEDI]:[0m Talia Ska arrives at the Academy.[0m
[21:13] [0m[34;1mFluffy shouts:[0m Death by snu-snu![0m
[21:17] [0mYour transmuter's stone bursts with 4 new colours![0m
[21:34] [0mVagrant flaps : getting day 7 tags for fluffy come join[0m
[21:34] [0mFluffy flaps : that guy is a slacker![0m
[21:34] [0mVagrant flaps : crypt u[p[0m
[21:34] [0mWhoknows flaps : yeah! let him get his own tag :D[0m
[21:38] [0mVagrant flaps : so far its me and voodoo, come get ur day 7 tag, crypt resid,n,e[0m
[21:42] [0mVagrant flaps : 3 people heere where you at[0m
[21:42] [0mVagrant flaps : fluffy[0m
[21:42] [0mKoth flaps : stayin' alive[0m
[21:42] [0mWhoknows flaps : slacker![0m
[21:42] [0mFluffy flaps : gimme sec to finish this dtaco ... and ill go find crypt[0m
[21:46] [0mVagrant flaps : come get ur day 7 tags![0m
[21:49] [0mVagrant flaps : call all champions for day 7![0m
[21:49] [0m[37;1m[JEDI]:[0m Bithoff Jonansaan arrives at the Academy.[0m
[21:53] [0mVagrant flaps : starting[0m
[21:54] [0mVagrant flaps : started[0m
[21:57] [0m[34;1mVagrant shouts:[0m woohooKirrriIn![0m
[21:57] [0m[34;1mZor shouts:[0m woo!!!!!!!!!!!!!!!!!!!!!!!!!!!!!!!!!!!!!!!!!!!!!!!!!![0m
[21:57] [0m[34;1mPokey shouts:[0m BS and stuff[0m
[21:57] [0m[34;1mHooligan shouts:[0m woooo[0m
[21:58] [0m[34;1mKirrin shouts:[0m thanks everyone[0m
[22:01] [0m[33;1m[Clan] Sock wiggles off your foot.[0m  [0m
[22:01] [0m[37;1mVagrant <.oO>:[0m noiceee[0m
[22:01] [0m[37;1mZor <.oO>:[0m woo!!!!!!!!!!!!!!!!!!!!!!!!!!!!!!!!!![0m
[22:03] [0mVagrant flaps : it perished![0m
[22:04] [0mCaeli flaps : Were Member's Only jackets 80s or 90s?[0m
[22:10] [0m[35;1mFreak [Jedi(19)]:[0m Hey jedis[0m
[22:17] [0m[37;1m[JEDI]:[0m Rhaan arrives at the Academy.[0m
[22:17] [0mYour transmuter's stone bursts with 3 new colours![0m
[22:29] [0m[35;1mFreak [Jedi(19)]:[0m anyone have hunting suggestions beyond mahjongg?[0m
[22:35] [0m[35;1mLicklick [Jedi(48)]:[0m yes[0m
[22:36] [0m[35;1mLicklick [Jedi(48)]:[0m go on 3k wiki, dungeons go on zelligars, alphabet land, chess,maybe hotel[0m
[22:37] [0m[35;1mLicklick [Jedi(48)]:[0m $B!H(Bscaler #$B!I(B  to set scaler, like scaler 50 then go into the[0m
[22:37] [0m                     dungeon and grinf[0m
[22:37] [0m[35;1mLicklick [Jedi(48)]:[0m grind*[0m
[22:43] [0m[34;1mFluffy shouts:[0m big letters[0m
[22:43] [0m[34;1mZor shouts:[0m woo!!!!!!!!!!!!!!!!!!!!!!!!!!!!!!!!!![0m
[22:49] [0m[37;1m[JEDI]:[0m Alyssa K'tal arrives at the Academy.[0m
[23:17] [0mYour transmuter's stone bursts with 4 new colours![0m
[23:24] [0m[37;1m[JEDI]:[0m Durnoth arrives at the Academy.[0m
[23:56] [0m[37;1m[JEDI]:[0m Herah Wylann arrives at the Academy.[0m
