- = LOG STARTED [00:00] = -
[00:06] [0m[34;1mVoodoo shouts:[0m No Regerts![0m
[00:07] [0m[34;1mScaf shouts:[0m No Ragrets, that's my creedo. Kna wha I'm sayin'?[0m
[00:15] [0m[33;1m[Clan] Ser :[0m hmm if i unlearn destroy and heightened awareness that's 100bil xp right there[0m
[00:15] [0m[33;1m[Clan] Ser :[0m and i need 174bil tnl[0m
[00:15] [0m[33;1m[Clan] Martyr :[0m got stats to raise?[0m
[00:15] [0m[33;1m[Clan] Ser :[0m no[0m
[00:15] [0m[33;1m[Clan] Martyr :[0m Can you unlearn 1 or 2?[0m
[00:15] [0m[33;1m[Clan] Ser :[0m i want level[0m
[00:15] [0m[33;1m[Clan] Ser :[0m nah you unlearn the whole thing[0m
[00:15] [0m[33;1m[Clan] Ser :[0m but you can buy it right back[0m
[00:15] [0m[33;1m[Clan] Martyr :[0m i mean, can you unlearn 2 powers[0m
[00:15] [0m[33;1m[Clan] Martyr :[0m on the 7th[0m
[00:16] [0m[33;1m[Clan] Ser :[0m right[0m
[00:16] [0m[33;1m[Clan] Ser :[0m i have 2 weeks to get 75bil xp[0m
[00:17] [0m[33;1m[Clan] Martyr :[0m got a res?[0m
[00:18] [0m[33;1m[Clan] Ser :[0m nope[0m
[00:18] [0m[33;1m[Clan] Ser :[0m i just try not to die[0m
[00:19] [0m[34;1mKitt shouts:[0m Show ME The Money![0m
[00:37] [0m[37;1m[JEDI]:[0m Ylenic It'kla arrives at the Academy.[0m
[00:41] [0m[34;1mInix shouts:[0m No, then you'll try to steal it.[0m
[00:44] [0m[34;1mMotivation shouts:[0m death taco shart death[0m
[00:59] [0m[37;1mSpace <.oO>:[0m BoOm![0m
[00:59] [0m[37;1m[JEDI]:[0m H'ssani C'talan arrives at the Academy.[0m
[01:00] [0m[37;1mMartyr <.oO>:[0m woo[0m
[01:00] [0m[37;1mSpace <.oO>:[0m bOoMz![0m
[14:13] [0m[35;1mShadearth [Jedi(36)]:[0m meh i feel trans armour is overrated[0m
[14:13] [0m[35;1mBlubber [Jedi(43)]:[0m 'unique' as in there's still a set amount per booty[0m
[14:13] [0m[35;1mChaed [Jedi(AGM)]:[0m the first 1-3 are the "original", and everything after that is bop or boe[0m
[14:14] [0m[35;1mLicklick [Jedi(49)]:[0m trans is easy too get[0m
[14:16] [0m[35;1mChaed [Jedi(AGM)]:[0m also, with (powers, you don't even have to camp![0m
[14:16] [0m[35;1mBlubber [Jedi(43)]:[0m With my gen I don't have to camp ;)[0m
[14:16] [0m[35;1mChaed [Jedi(AGM)]:[0m for us peasants[0m
[14:17] [0m[35;1mLicklick [Jedi(49)]:[0m waayyyyyyy i got a bracelet[0m
[14:19] [0m[35;1mBlubber [Jedi(43)]:[0m So where does Jedi peak on mob score?[0m
[14:19] [0m[35;1mGilgalal [Jedi(74)]:[0m Yes.[0m
[14:20] [0m[35;1mBlubber [Jedi(43)]:[0m Sounds about right.[0m
[14:20] [0m[35;1mRoken [Jedi(74)]:[0m can we tank a day 7 firebat?[0m
[14:21] [0m[35;1mChaed [Jedi(AGM)]:[0m does half a round count?[0m
[14:21] [0m[35;1mChaed [Jedi(AGM)]:[0m problem isn't tanking it, problem is killing it before your tanking fails[0m
[14:21] [0m[35;1mBlubber [Jedi(43)]:[0m Is it damage or tanking that eventually caps us?[0m
[14:21] [0m[35;1mBlubber [Jedi(43)]:[0m ah[0m
[14:22] [0m[35;1mChaed [Jedi(AGM)]:[0m using (powers, can probably last 180 rounds before you're dead[0m
[14:22] [0m[35;1mBlubber [Jedi(43)]:[0m Make ki burst work with guide, problem solved.[0m
[14:22] [0m[35;1mGilgalal [Jedi(74)]:[0m Guide is so much better than it used to be[0m
[14:23] [0mYour transmuter's stone bursts with 2 new colours![0m
[14:23] [0m[35;1mChaed [Jedi(AGM)]:[0m I don't think any one player does enough damage to kill day7 in a reasonable[0m
[14:23] [0m                   amount of time[0m
[14:23] [0m[35;1mRoken [Jedi(74)]:[0m ok how bout QoH[0m
[14:23] [0m[32;1mFrom afar, Gilgalal nods to you.[0m[0m
[14:23] [0m[35;1mBlubber [Jedi(43)]:[0m From what I've seen mastery dictates most of the damage of guide, not lsc[0m
[14:23] [0m                    level[0m
[14:24] [0m[35;1mGilgalal [Jedi(74)]:[0m Along with stats[0m
[14:24] [0m[35;1mBlubber [Jedi(43)]:[0m My guide was just slightly nerfed when I was shim[0m
[14:24] [0m[35;1mChaed [Jedi(AGM)]:[0m QoH, depends if the other cards are assisting her[0m
[14:24] [0m[35;1mBlubber [Jedi(43)]:[0m and wow let me tell you how much of a difference that +skill in[0m
[14:24] [0m                    dodge/cpain/gfs/lfs makes[0m
[14:25] [0m[35;1mLicklick [Jedi(49)]:[0m all the herds and packs are on me in land2 and im getting 10 deflects in[0m
[14:25] [0m                     one round[0m
[14:25] [0m[35;1mBlubber [Jedi(43)]:[0m I swear I've been on fdef 2 for 3+ weeks now and most of my tanking has come[0m
[14:25] [0m                    from the other skills.[0m
[14:26] [0m[35;1mChaed [Jedi(AGM)]:[0m you only get 1 round of deflect xp regardless of the # of deflects[0m
[14:26] [0m[35;1mChaed [Jedi(AGM)]:[0m mmm, shimura with cpain +12[0m
[14:26] [0m[35;1mBlubber [Jedi(43)]:[0m Going from 400k to 3mil in 15 glvls or so[0m
[14:26] [0m[35;1mBlubber [Jedi(43)]:[0m I was tanking my bk on my shim with 19dsp[0m
[14:26] [0m[35;1mChaed [Jedi(AGM)]:[0m or +13 lfs[0m
[14:27] [0m[35;1mBlubber [Jedi(43)]:[0m slobber[0m
[14:27] [0m[35;1mTrisky [Jedi(52)]:[0m fdef is too strong[0m
[14:27] [0m[35;1mBlubber [Jedi(43)]:[0m Does fdef scale with glvl as well as skill level?[0m
[14:27] [0m[35;1mChaed [Jedi(AGM)]:[0m stats help with everything[0m
[14:27] [0m[35;1mBlubber [Jedi(43)]:[0m It does[0m
[14:28] [0m[35;1mGilgalal [Jedi(74)]:[0m I believe so, glvl does affect fdef[0m
[14:28] [0m[35;1mBlubber [Jedi(43)]:[0m Nerf this christmas stat boost[0m
[14:28] [0m[35;1mChaed [Jedi(AGM)]:[0m fdef used to be all or nothing[0m
[14:28] [0m[35;1mBlubber [Jedi(43)]:[0m Jedi's still the most fun I've had in a guild.[0m
[14:28] [0m[34;1mRoken shouts:[0m happy holidays mud peeps![0m
[14:28] [0m[35;1mChaed [Jedi(AGM)]:[0m I feel like the partial deflects are a good compromise[0m
[14:29] [0m[35;1mBlubber [Jedi(43)]:[0m and what's up with dark side, takes forever to get to 20.[0m
[14:29] [0m[35;1mChaed [Jedi(AGM)]:[0m because ppl were complaining that it was too easy to fall :D[0m
[14:29] [0m[34;1mGilneas shouts:[0m Bah Humbug![0m
[14:29] [0m[35;1mChaed [Jedi(AGM)]:[0m "I didn't see the falling to the darkside msgs, now I'm dark"[0m
[14:29] [0m[35;1mBlubber [Jedi(43)]:[0m 2-3 combat days is a looooong time just to join a trad[0m
[14:30] [0m[35;1mBlubber [Jedi(43)]:[0m That said spell + ki burst + hands = heaven for gxp[0m
[14:30] [0m[35;1mChaed [Jedi(AGM)]:[0m I guess Adal wants you to be absolutely sure[0m
[14:30] [0m[35;1mBlubber [Jedi(43)]:[0m nog[0m
[14:30] [0m[35;1mBlubber [Jedi(43)]:[0m noone can say they dropped by accident at this rate[0m
[14:31] [0m[34;1mYik shouts:[0m murry treeday![0m
[14:31] [0m[35;1mChaed [Jedi(AGM)]:[0m or if you still unwittingly fall, he can relentlessly mock you for being a[0m
[14:31] [0m                   bot[0m
[14:31] [0m[35;1mRoken [Jedi(74)]:[0m adalius mock? nahhhh[0m
[14:33] [0m[35;1mAdalius [Jedi(WGM)]:[0m AdAlIuS mOcK? nAhHhH[0m
[14:33] [0m[35;1mBlubber [Jedi(43)]:[0m lol[0m
[14:33] [0m[35;1mGilgalal [Jedi(74)]:[0m Addy has calmed in his old age.[0m
[14:34] [0m[35;1mAdalius [Jedi(WGM)]:[0m god have I ever[0m
[14:34] [0m[35;1mRoken [Jedi(74)]:[0m 70 years young?[0m
[14:35] [0m[34;1mNauda shouts:[0m happy mud peeps[0m
[14:35] [0m[35;1mGilgalal [Jedi(74)]:[0m Your birthday is coming up isnt it?[0m
[14:35] [0m[35;1mAdalius [Jedi(WGM)]:[0m 8 days[0m
[14:35] [0m[37;1m[JEDI]:[0m Tobias Kel'ach'nar arrives at the Academy.[0m
[14:35] [0m[35;1mLicklick [Jedi(49)]:[0m yes[0m
[14:35] [0m[35;1mGilgalal [Jedi(74)]:[0m How I remembered that...not sure[0m
[14:35] [0m[35;1mChaed [Jedi(AGM)]:[0m hey, that's my online birthday too![0m
[14:36] [0m[35;1mChaed [Jedi(AGM)]:[0m 1/1/1970 for every website that asks me[0m
[14:37] [0m[35;1mRoken [Jedi(74)]:[0m anyone need holocron frags?[0m
[14:37] [0m[35;1mGilgalal [Jedi(74)]:[0m Oo I should donate again too[0m
[14:38] [0m[35;1mRoken [Jedi(74)]:[0m 140 and counting[0m
[14:41] [0m[35;1mRoken [Jedi(74)]:[0m hi requiem[0m
[14:41] [0m[35;1mRoken [Jedi(74)]:[0m happy mud days[0m
[14:42] [0m[35;1mBlubber [Jedi(43)]:[0m He connected and dc'd fast[0m
[14:42] [0m[35;1mRoken [Jedi(74)]:[0m :([0m
[14:42] [0m[32;1mFrom afar, you cheer Simonz on!!![0m[0m
[14:45] [0m[34;1mSer shouts:[0m happy mud poops[0m
[14:46] [0m[32;1mFrom afar, you go 'PoopySer!  PoopySer!' at Ser.[0m[0m
[14:47] [0m[34;1mBlubber shouts:[0m Idle![0m
[14:47] [0m[35;1mRoken [Jedi(74)]:[0m hi trisky[0m
[14:47] [0m[34;1mKenny shouts:[0m anyone wanna feel my codpiece?[0m
[14:47] [0m[34;1mMaggot shouts:[0m it felt funny[0m
[14:47] [0m[34;1mRoken shouts:[0m hmmmmmM yeah[0m
[14:47] [0m[34;1mJeraud shouts:[0m No, I'm pretty sure it's felt.[0m
[14:48] [0m[34;1mSpun shouts:[0m there something missing[0m
[14:48] [0m[32mYou tell Ser:[0m jammin loud music woooooo nobody home[0m
[14:48] [0m[34;1mJeraud shouts:[0m The gefilte fish?[0m
[14:49] [0m[34;1mNauda shouts:[0m I sense a disturbance in the force as if millions of hands try to feel Kenny's[0m
[14:49] [0m              codpiece[0m
[14:50] [0m[34;1mRoken shouts:[0m who gave Nauda the force?[0m
[14:50] [0m[34;1mKitt shouts:[0m Voodoo from behind[0m
[14:52] [0m[32mYou tell Ser:[0m wish I can keep my xp rate... darn event and embiggen and 12 days buff spoiling[0m
[14:52] [0m        me[0m
[15:02] [0m[37;1m[JEDI]:[0m Alyssa K'tal arrives at the Academy.[0m
[15:02] [1;37;40m set to 1 hour Idle Timeout
[15:06] [0mKitt flaps : you tell kenny, would you take one for the team? [15:05] Kenny : i would[0m
[15:11] [0mDy flaps : The spice is counterflowing.[0m
[15:16] [0m[35;1mBlubber [Jedi(43)]:[0m Just read what licklick said[0m
[15:17] [0m[35;1mBlubber [Jedi(43)]:[0m Hope Turnhold isn't talking about you Lick[0m
[15:17] [0m[35;1mRoken [Jedi(74)]:[0m it was Nauda[0m
[15:18] [0m[35;1mBlubber [Jedi(43)]:[0m Ah[0m
[15:20] [0m[34;1mKitt shouts:[0m DORK[0m
[15:20] [0m[34;1mHooligan shouts:[0m Mork![0m
[15:23] [0mYour transmuter's stone bursts with 6 new colours![0m
[15:28] [0m[37;1m[JEDI]:[0m Kerran Halcyon arrives at the Academy.[0m
[15:32] [0m[32;1mFrom afar, Ser grins at you.[0m[0m
[15:37] [0m[34;1mKodachrome shouts:[0m Ta ta ta![0m
[15:51] [0m[35;1mBlubber [Jedi(43)]:[0m Licklick NOOOOOO![0m
[15:59] [0m[37;1m[JEDI]:[0m Durnoth arrives at the Academy.[0m
[16:04] [0m[35;1mTrisky [Jedi(52)]:[0m is there any website with some Qinfo for this mud ?[0m
[16:07] [0m[35;1mBlubber [Jedi(43)]:[0m yeah[0m
[16:07] [0m[35;1mBlubber [Jedi(43)]:[0m Can't remember where though[0m
[16:11] [0m[35;1mBlubber [Jedi(43)]:[0m http://qinfo.dyndns.org/[0m
[16:11] [0m[35;1mBlubber [Jedi(43)]:[0m but you need an account and lord knows I've been waiting for years[0m
[16:12] [0m[35;1mBlubber [Jedi(43)]:[0m finger andeddu[0m
[16:20] [0m[33;1m[Clan] Mud leaves the game.[0m  [0m
[16:23] [0mYour transmuter's stone bursts with 5 new colours![0m
[16:23] [0m[37;1m[JEDI]:[0m Janath Meelin arrives at the Academy.[0m
[16:25] [0m[33;1m[Clan] Cambiador :[0m :([0m
[16:27] [0m[35;1mTrisky [Jedi(52)]:[0m yea, i was waiting forever too[0m
[16:31] [0m[33;1m[Clan] Nix :[0m just got a delibery of cinnamon and apple pie moonshine[0m
[16:35] [0mKitt flaps : sorry peeps dropped a deuce deuce, proceed to your botz schedule[0m
[16:43] [0m[33;1m[Clan] Ser :[0m noice[0m
[16:54] [0m[37;1m[JEDI]:[0m Rhaan arrives at the Academy.[0m
[17:16] [0mKitt flaps : The portal suddenly implodes with a resounding *WHOMP*![0m
[17:23] [0mYour transmuter's stone bursts with 5 new colours![0m
[17:31] [0m[37;1m[JEDI]:[0m Wennic Ber'ni'lok arrives at the Academy.[0m
[17:58] [0m[37;1m[JEDI]:[0m Ylenic It'kla arrives at the Academy.[0m
[18:06] [0m[34;1mZor shouts:[0m woo!!!!!!!!!!!!!!!!!!!!!!!!!!!!!!!!!!!!!![0m
[18:16] [0m[34;1mSer shouts:[0m 7-13 hrs to next event, be ready![0m
[18:23] [0mYour transmuter's stone bursts with 3 new colours![0m
[18:23] [0m[35;1mDy [Jedi(74)]:[0m The first sign of maturity is the discovery that the volume knob also turns to[0m
[18:23] [0m               the left.[0m
[18:27] [0m[37;1m[JEDI]:[0m Herah Wylann arrives at the Academy.[0m
[18:55] [0m[37;1m[JEDI]:[0m H'ssani C'talan arrives at the Academy.[0m
[19:02] [0m[35;1mDy [Jedi(74)]:[0m We are the people our parents warned us about.[0m
[19:02] [0m[33;1m[Clan] Ser :[0m wow, was away from my keyboard for ~5 mins, i look at my screen and mouse is moving[0m
[19:02] [0m             on its own opening my credit card website[0m
[19:03] [0m[33;1m[Clan] Ser :[0m on the 19th, my crypto wallet w/ the ethereum i've mined was sent[0m
[19:05] [0m[33;1m[Clan] Ser :[0m so my computer is compromised[0m
[19:06] [0m[33;1m[Clan] Ser :[0m desktop is, anyways, laptop is running linux[0m
[19:10] [0m[33;1m[Clan] Roken :[0m ah shame. at first i thought you were bragging that you have your computer[0m
[19:10] [0m               automating a task[0m
[19:11] [0m[33;1m[Clan] Ser :[0m i mean i had a payment scheduled, but not yet[0m
[19:21] [0m[37;1m[JEDI]:[0m Reena Bel Noir arrives at the Academy.[0m
[19:23] [0mYour transmuter's stone bursts with 3 new colours![0m
[19:25] [0m[35;1mLicklick [Jedi(49)]:[0m why greivous attack space jesus[0m
[19:25] [0m[35;1mLicklick [Jedi(49)]:[0m makes no sense[0m
[19:26] [0m[35;1mRoken [Jedi(74)]:[0m fresh holofrags[0m
[19:30] [0m[32mYou tell Ser:[0m colin and mom says hi[0m
[19:35] [0m[35;1mLicklick [Jedi(49)]:[0m death doesnt really effect me, i got out of it in 2 hours which is good for[0m
[19:35] [0m                     me[0m
[19:39] [0m[32mSer tells you:[0m hi back[0m
[19:41] [0m[33;1m[Clan] Ser :[0m i dont know if i got rid of the threat, but malwarebytes has 8 detections so far. [0m
[19:41] [0m             changed a bunch of passwords & set up 2fa[0m
[19:42] [0m[33;1m[Clan] Ser :[0m might just have to sign out of my accounts for now[0m
[19:45] [0mnewb Licklick [jedi/78]: "Align  : Angelic [:|:::]" what does the [:|:::] mean?[0m
[19:46] [0mnewb Merrick [cyborg/131]: how far into the good/evil scale you are[0m
[19:46] [0m[35;1mLicklick [Jedi(49)]:[0m so the more red is bad?[0m
[19:46] [0mnewb Licklick [jedi/78]: so the more red is bad?[0m
[19:49] [0mnewb Merrick [cyborg/131]: help spirituality[0m
[19:50] [0mDy flaps : The governor of Arizona's last name is Deucey.[0m
[19:51] [0m[37;1m[JEDI]:[0m Talia Ska arrives at the Academy.[0m
[19:52] [0mDy flaps : I told him I did a Deucey in the toilet.[0m
[19:57] [0mDy flaps : Bob Ross bandages, happy little accidents.[0m
[20:05] [0mDy flaps : Hand blender? Why would you want to blend your hand?[0m
[20:06] [0mDy flaps : Blend me a hand![0m
[20:08] [0mnewb Licklick [jedi/78]: that skill seems useless[0m
[20:08] [0mnewb Merrick [cyborg/131]: so's yer face[0m
[20:20] [0mnewb Licklick [jedi/79]: merry christmas to you too merrick[0m
[20:21] [0m[37;1m[JEDI]:[0m Herah Wylann arrives at the Academy.[0m
[20:23] [0mYour transmuter's stone bursts with 6 new colours![0m
[20:32] [0m[33;1m[Clan] Yik :[0m o wow, that sounds like a really shitty xmas present >.<[0m
[20:35] [0m[33;1m[Clan] Ser :[0m either that or i sent it to an alternative address[0m
[20:37] [0mDy flaps : You yeeter, don't be yeeting![0m
[20:38] [0mDy flaps : Ya peeps![0m
[20:51] [0m[37;1m[JEDI]:[0m Janath Meelin arrives at the Academy.[0m
[21:16] [0m[37;1m[JEDI]:[0m H'ssani C'talan arrives at the Academy.[0m
[21:23] [0mYour transmuter's stone bursts with 2 new colours![0m
[21:47] [0m[37;1m[JEDI]:[0m Alyssa K'tal arrives at the Academy.[0m
[21:51] [0m[34;1mMaggot shouts:[0m The grey is the leader![0m
[21:52] [0mDyne gshouts: Merry Christmas everyone.[0m
[21:58] [0mLicklick gshouts: merry christmas[0m
[22:01] [0mMetaljaz gshouts: merry christmas[0m
[22:13] [0mVagrant flaps : forming up day 7 partay for those that missed and for fluffy, lets rock[0m
[22:13] [0mByron flaps : FOR FLUFFY[0m
[22:14] [0mNightrider flaps : i get og![0m
[22:15] [0mDyne flaps : So, advice for a VAF virgin. Where are these Amazon wishlists posted about in[0m
[22:15] [0m             announcement[0m
[22:17] [0mVagrant flaps : choo choo train for day 7 starting shortly! crypt resid,n,e[0m
[22:18] [0m[34;1mJeraud shouts:[0m Finger your individual wizard of choice generally.[0m
[22:20] [0m[37;1m[JEDI]:[0m Bithoff Jonansaan arrives at the Academy.[0m
[22:21] [0mDyne flaps : TY[0m
[22:21] [0mVagrant flaps : it has died![0m
[22:22] [0mNightrider flaps : cmc at ss for dupage[0m
[22:23] [0mVagrant flaps : LONG LIVE KITTS[0m
[22:23] [0mYour transmuter's stone bursts with 4 new colours![0m
[22:24] [0mKitt flaps : Back to kitt[0m
[22:26] [0m[32mSimonz tells you:[0m XP Gain for the last 30 minutes: 317,004,01[0m
[22:27] [0m[32;1mFrom afar, you cheer Simonz on!!![0m[0m
[22:32] [0m[32mSimonz tells you:[0m 130 zombies w/embiggen[0m
[22:34] [0m[32mSimonz tells you:[0m 414 dex, 472 wis[0m
[22:35] [0m[35;1mDy [Jedi(74)]:[0m I get out of death immediately, gotta love rez.[0m
[22:36] [0m[35;1mSimonz [Jedi(Knight)]:[0m boggle, why res, 25m is like 5min of xp[0m
[22:36] [0m[35;1mSimonz [Jedi(Knight)]:[0m you can make up the xp before you can find a priest to res[0m
[22:37] [0m[35;1mDy [Jedi(74)]:[0m I use eternal rez.[0m
[22:38] [0m[35;1mSimonz [Jedi(Knight)]:[0m heh, id never spend the xp to get that[0m
[22:39] [0m[35;1mDy [Jedi(74)]:[0m It adds up eventually but it does cost billions to get.[0m
[22:39] [0m[35;1mSimonz [Jedi(Knight)]:[0m yeah, roi takes too long for me, id rather get srats[0m
[22:39] [0m[35;1mDy [Jedi(74)]:[0m rez 5 teleports and rezzes party members though.[0m
[22:40] [0m[35;1mDy [Jedi(74)]:[0m rez has been taken down to nothing since my initial raising but I kept it anyway.[0m
[22:41] [0m[35;1mDy [Jedi(74)]:[0m Don't even lose gear anymore.[0m
[22:42] [0m[35;1mDy [Jedi(74)]:[0m Probably won't get 5 for a long time.[0m
[22:42] [0m[35;1mDy [Jedi(74)]:[0m Oooh almost ready for elvl 18[0m
[22:43] [0m[35;1mDy [Jedi(74)]:[0m I need reset dungeon next.[0m
[22:44] [0m[35;1mDy [Jedi(74)]:[0m Don't use items but might be fun to have duplicate item.[0m
[22:45] [0m[35;1mRoken [Jedi(74)]:[0m tier 1 is worth it to dupe cmc[0m
[22:46] [0m[35;1mDy [Jedi(74)]:[0m Unbinding a binding item isn't all that popular?[0m
[22:47] [0m[35;1mRoken [Jedi(74)]:[0m idk[0m
[22:47] [0m[35;1mDy [Jedi(74)]:[0m I guess it depends on how much gear you bother with.[0m
[22:51] [0m[37;1m[JEDI]:[0m Wennic Ber'ni'lok arrives at the Academy.[0m
[22:53] [0mDy flaps : I hear Marines will be out in 2 weeks.[0m
[22:54] [0mInago flaps : that's what I hear. so close![0m
[22:54] [0mXiu flaps : it's so close that the first downgrades are already being planned[0m
[22:54] [0mJeraud flaps : But are they as good as the original Marines?[0m
[22:55] [0mDy flaps : They better be, we have to send them in.[0m
[22:55] [0mInago flaps : Nah. Can't allow that. That's why OG Marines got shut down. No one was playing[0m
[22:55] [0m              other guilds.[0m
[22:57] [0mDy flaps : I hear they are like teepo jedi but instead of concentration it is wastedness and[0m
[22:57] [0m           instead of force sat it is poisoning.[0m
[22:57] [0mHooligan flaps : i dont remember that many ppl playing marines[0m
[22:58] [0mInago flaps : Shh! Just let the legend live on in my mind![0m
[23:11] [0mKitt flaps : i just did a deed![0m
[23:12] [0m[33;1m[Clan] Byron :[0m it dead?[0m
[23:12] [0m[33;1m[Clan] Byron :[0m woo[0m
[23:12] [0mLemming flaps : did you wash your hands afterwards?[0m
[23:12] [0m[33;1m[Clan] Ser :[0m huh[0m
[23:12] [0mDy flaps : A dirty deed done with sheep?[0m
[23:12] [0mKitt flaps : that be yo mom[0m
[23:12] [0m[33;1m[Clan] Yik :[0m i got Byron to kill a queen[0m
[23:21] [0m[34;1mKitt shouts:[0m For the first time in forever![0m
[23:23] [0mYour transmuter's stone bursts with 6 new colours![0m
[23:24] [0m[37;1m[JEDI]:[0m Rhaan arrives at the Academy.[0m
[23:27] [0m[34;1mInago shouts:[0m Who the heck needs 8000 salad plates?[0m
[23:29] [0mCaeli flaps : Ok, this sounds snotty, but WHO puts good silver in the dishwasher???????[0m
[23:29] [0mKitt flaps : you did next[0m
[23:30] [0mCaeli flaps : Well, I never![0m
[23:32] [0mInago flaps : Someone inserted silverware in your housekeeper? How ruse![0m
[23:34] [0mCaeli flaps : LOL!  I'm a maid, but I'm seriously judging one of the clients for puting her[0m
[23:34] [0m              silver in a dishwasher.[0m
[23:37] [0m[34;1mOreo shouts:[0m a rascally wabbit thats who trix are kids[0m
[23:38] [0mInago flaps : Oh dear. The Club would never approve.[0m
[23:40] [0m[34;1mOreo shouts:[0m let me know if you spot santa so i can shout you're crazy[0m
[23:40] [0m[34;1mInago shouts:[0m He just left.[0m
[23:47] [0m[34;1mKitt shouts:[0m < 15 mins for your tree potions get in line ya Botz[0m
[23:48] [0m[37;1m[JEDI]:[0m Ylenic It'kla arrives at the Academy.[0m
[23:52] [0m[34;1mZor shouts:[0m woo!!!!!!!!!!!!!!!!!!!!!!!!!!!!!!!!!!!!!![0m
