- = LOG STARTED [00:00] = -
[00:06] [0mYou can currently reforge 4 items.[0m
[00:07] [0mnewb Lickloick [juggernaut/56]: is there a online version of this game?[0m
[00:07] [0mnewb Chonos [android/30]: Huh?[0m
[00:08] [0mnewb Lickloick [juggernaut/56]: heeee heeee[0m
[00:08] [0mnewb Lickloick [juggernaut/56]: im just messing with you[0m
[00:11] [0mnewb Lickloick [juggernaut/56]: if this is a old person game whats t[0m
[00:11] [0mnewb Lickloick [juggernaut/56]: the age limit[0m
[00:12] [0m[34;1mHooligan shouts:[0m wooooo[0m
[00:12] [0m[34;1mWhisper shouts:[0m ROTROK![0m
[00:13] [0m[34;1mHooligan shouts:[0m cyborgs.  we have force fields![0m
[00:14] [0m[34;1mLickloick shouts:[0m and im not a hooligan[0m
[00:16] [0m[34;1mLickloick shouts:[0m nice[0m
[00:16] [0m[34;1mLickloick shouts:[0m ahhh thats a dream[0m
[00:25] [0m[Clan] Decado leaves the game.  [0m
[00:29] [0m[37;1m[JEDI]:[0m Ylenic It'kla arrives at the Academy.[0m
[00:39] [0mUkyo <Craft>: twelve rooms into the mines before getting first phasemetal[0m
[00:39] [0m              deposit? #rnghatesme[0m
[00:51] [0mVagrant flaps : zambies resetting swing by entrance[0m
[00:51] [0m[34;1mVagrant shouts:[0m zambies resetting swing by entrance[0m
[01:01] [0m[37;1m[JEDI]:[0m Wennic Ber'ni'lok arrives at the Academy.[0m
[01:07] [0mYou can currently reforge 8 items.[0m
[01:10] [0m[34;1mHex shouts:[0m zombees? undead killer deads. run![0m
[01:28] [0m[37;1m[JEDI]:[0m Janath Meelin arrives at the Academy.[0m
[01:54] [0m[34;1mSpace shouts:[0m Xiu to the se of me and Byron to the north, here I am, Dismal[0m
[01:54] [0m              stuck in the middle with you[0m
[01:55] [0m[34;1mXiu shouts:[0m laff[0m
[01:56] [0m[37;1m[JEDI]:[0m Rhaan arrives at the Academy.[0m
[01:59] [0m[34;1mLeto shouts:[0m lag?[0m
[01:59] [0m[34;1mKichi shouts:[0m wooooow lag[0m
[02:00] [0m[34;1mSky shouts:[0m sames[0m
[02:00] [0m[34;1mSky shouts:[0m cpu usage had a spike[0m
[02:00] [0m[34;1mUkyo shouts:[0m Is having, ongoing.[0m
[02:00] [0m[34;1mSky shouts:[0m up to 101%....[0m
[02:00] [0m[34;1mSpace shouts:[0m sorry my bad Wyvern attacking you! {25}.Black Patrol Guard[0m
[02:00] [0m              attacking you! {130}.Black Patrol Leader attacking you! {32}.[0m
[02:01] [0m[34;1mSky shouts:[0m wtf?[0m
[02:01] [0m[34;1mVagrant shouts:[0m Ooo i wonder what pyushed it to 100[0m
[02:01] [0m[34;1mWhisper shouts:[0m pr0n?[0m
[02:01] [0mInfectious flaps : resetting zambies swing by[0m
[02:01] [0m[34;1mInfectious shouts:[0m resetting zambies swing by[0m
[02:04] [0mInfectious flaps : ZAMBIES rwing by[0m
[02:04] [0mInfectious flaps : resetting in 15 secs![0m
[02:05] [0mSky flaps : assuming Space's lag will elt you[0m
[02:05] [0mInfectious flaps : hahaha[0m
[02:06] [0mSky flaps : sorry but thats too buggish in my opinion. The fact that one can[0m
[02:06] [0m            attack that many mobs..[0m
[02:08] [0mYou can currently reforge 12 items.[0m
[02:23] [0m[35;1mUkyo [Jedi(77)]:[0m did golem's get a regen upgrade?[0m
[02:34] [0m[37;1m[JEDI]:[0m Bithoff Jonansaan arrives at the Academy.[0m
[03:05] [0m[37;1m[JEDI]:[0m Herah Wylann arrives at the Academy.[0m
[03:08] [0mYou can currently reforge 12 items.[0m
[03:37] [0m[37;1m[JEDI]:[0m Janath Meelin arrives at the Academy.[0m
[03:45] [0m[34;1mSky shouts:[0m holy cow[0m
[03:45] [0m[34;1mUkyo shouts:[0m Moar?[0m
[03:45] [0m[34;1mUkyo shouts:[0m Negative. Just a peckin on the surface.[0m
[04:00] [0m[34;1mJasmine shouts:[0m DIRTY FILTHY MEMORY![0m
[04:00] [0m[34;1mUkyo shouts:[0m You know you like it.[0m
[04:06] [0m[37;1m[JEDI]:[0m Wennic Ber'ni'lok arrives at the Academy.[0m
[04:09] [0mYou can currently reforge 12 items.[0m
[04:29] [0m[37;1m[JEDI]:[0m Alyssa K'tal arrives at the Academy.[0m
[05:05] [0m[37;1m[JEDI]:[0m Ylenic It'kla arrives at the Academy.[0m
[05:39] [0m[37;1m[JEDI]:[0m Durnoth arrives at the Academy.[0m
[06:31] [0mYou can currently reforge 12 items.[0m
[06:48] [0m[37;1m[JEDI]:[0m Bithoff Jonansaan arrives at the Academy.[0m
[07:11] [0mYou can currently reforge 4 items.[0m
[07:14] [0m[37;1m[JEDI]:[0m Reena Bel Noir arrives at the Academy.[0m
[07:52] [0m[37;1m[JEDI]:[0m Herah Wylann arrives at the Academy.[0m
[07:55] [0m[Clan] Byron : dont blow your epiwers[0m
[07:56] [0m[Clan] Byron : this is day 6[0m
[07:56] [0m[Clan] Archangel : Too late.  Already blew immortality[0m
[07:56] [0m[Clan] Xaryl : nod :( used immortality alreasy[0m
[07:58] [0mnewb Borneo [Newbie]: hi[0m
[07:59] [0mnewb Nightrider [knight/136]: sup homie[0m
[07:59] [0mnewb Nightrider [knight/136]: wanna play a game[0m
[08:00] [0m[Clan] Xaryl : cannot believe I got tag[0m
[08:00] [0m[Clan] Byron : me either[0m
[08:01] [0m[Clan] Byron : can you reforge mine?[0m
[08:01] [0m[Clan] Xaryl : sure, and Ftouch[0m
[08:01] [0mnewb Edward [priest/105]: hi[0m
[08:01] [0m[Clan] Byron : woo2[0m
[08:01] [0m[Clan] Byron : can finally use string[0m
[08:01] [0mnewb Lickloick [juggernaut/56]: no[0m
[08:01] [0mnewb Lickloick [juggernaut/56]: hi[0m
[08:02] [0mnewb Lickloick [juggernaut/56]: what good[0m
[08:03] [0m[Clan] Xaryl : at box ifg you want reforge[0m
[08:03] [0m[Clan] Byron : omw[0m
[08:04] [0m[Clan] Xaryl : donates in also[0m
[08:06] [0m[Clan] Byron : can you refotge loads on cooon/ftoich?[0m
[08:06] [0m[Clan] Xaryl : sure![0m
[08:06] [0m[Clan] Byron : gonna zosi it[0m
[08:07] [0m[Clan] Byron : woo[0m
[08:07] [0m[Clan] Byron : at box[0m
[08:07] [0m[Clan] Xaryl : brt[0m
[08:11] [0m[Clan] Byron : woo. bs gear[0m
[08:26] [0m[37;1m[JEDI]:[0m Talia Ska arrives at the Academy.[0m
[08:50] [0m[Clan] Ser : ermergerd did i miss fbat[0m
[08:50] [0m[Clan] Archangel : Yup :([0m
[08:50] [0m[Clan] Xaryl : I blame Gore[0m
[08:50] [0m[Clan] Ser : gonna be another one?[0m
[08:50] [0m[Clan] Xaryl : I got tag!! which I was so surprised with all the sick damage[0m
[08:50] [0m               in the room[0m
[08:51] [0m[Clan] Xaryl : I can help in 2 hours when Protection reset[0m
[08:57] [0m[Clan] Byron : I can help[0m
[08:58] [0m[37;1m[JEDI]:[0m H'ssani C'talan arrives at the Academy.[0m
[09:02] [0m[Clan] Ser : but yah, X/Aa you know what happened to OG?[0m
[09:02] [0m[Clan] Byron : The party was Gore/Nightrider/Me/Space/Mugen/Xaryl/AA/Inix[0m
[09:02] [0m[Clan] Xaryl : space I think[0m
[09:03] [0m[Clan] Byron : Space doesn't have it[0m
[09:03] [0m[Clan] Byron : Mugen commented on the original being left ont he ground[0m
[09:03] [0m[Clan] Xaryl : I hope not gore or NR[0m
[09:03] [0m[Clan] Byron : I think he duped it and left it there[0m
[09:03] [0m[Clan] Byron : And it rotted tbh[0m
[09:03] [0m[Clan] Ser : vag has[0m
[09:04] [0m[Clan] Byron : Anyone know why I keep getting There is no reason to <119> in[0m
[09:04] [0m               my tt++ return for a string?[0m
[09:04] [0m[Clan] Byron : Is it something not escaping?[0m
[09:04] [0m[Clan] Byron : Wtf is <119> mapped to?[0m
[09:04] [0m[Clan] Ser : its a color code[0m
[09:07] [0m[34;1mAl shouts:[0m ya-hooligan![0m
[09:08] [0m[34;1mHooligan shouts:[0m it wasnt me...  it was the one-armed man...[0m
[09:08] [0m[34;1mVagrant shouts:[0m noice!![0m
[09:09] [0m[34;1mOreo shouts:[0m the six fingered man clearly done did it[0m
[09:24] [0m[Clan] Nix : bat yet?[0m
[09:25] [0m[Clan] Archangel : Done[0m
[09:25] [0m[Clan] Nix : round 2[0m
[09:25] [0m[Clan] Archangel : *shrug*[0m
[09:25] [0m[Clan] Archangel : Got enough peoples?[0m
[09:25] [0m[Clan] Nix : i'll get em[0m
[09:26] [0m[Clan] Nix : or they're beat on belochs and all the other shit i help out[0m
[09:26] [0m             with at boot lol[0m
[09:26] [0m[Clan] Nix : jk =P[0m
[09:26] [0m[Clan] Byron : We should have enoguhf or bat[0m
[09:31] [0m[Clan] Byron : you want me in the party?[0m
[09:32] [0m[Clan] Byron : dont want to fuck up your tag[0m
[09:32] [0m[Clan] Nix : yeah why not[0m
[09:32] [0m[Clan] Byron : i wont roll acid[0m
[09:32] [0m[Clan] Nix : never had problems on this mob before[0m
[09:32] [0m[Clan] Byron : i already got cmc[0m
[09:32] [0m[Clan] Xaryl : I still have 1.4 hours left on protection :([0m
[09:32] [0m[Clan] Xaryl : do not think I would survive w/out it[0m
[09:32] [0m[Clan] Ser : i think we got enoufh[0m
[09:32] [0m[37;1m[JEDI]:[0m Kerran Halcyon arrives at the Academy.[0m
[15:31] [0mYou can currently reforge 4 items.[0m
[15:47] [0mYou can currently reforge 4 items.[0m
[15:50] [0m[37;1m[JEDI]:[0m Talia Ska arrives at the Academy.[0m
[16:13] [0m[37;1m[JEDI]:[0m Bithoff Jonansaan arrives at the Academy.[0m
[16:28] [0m[Clan] Nix :  .[0m
[16:33] [0m[Clan] Archangel : You have become a level  95  Lumberjack![0m
[16:34] [0m[Clan] Aka : thats alot of chopped trees[0m
[16:34] [0m[Clan] Archangel : Yes. Trees.[0m
[16:35] [0m[34;1mRaest shouts:[0m cheater![0m
[16:35] [0m[34;1mSorin shouts:[0m nice![0m
[16:35] [0m[34;1mWhisper shouts:[0m YOU SHALL PASS TO A NEW LEVEL![0m
[16:35] [0m[34;1mNauda shouts:[0m Gandalf the rainbow color[0m
[16:35] [0m[34;1mLachlan shouts:[0m When you hit 130... do you become "Gandalf the Yuuuge!"[0m
[16:36] [0m[34;1mGandalf shouts:[0m gandalf the white of course[0m
[16:38] [0m[34;1mHyuga shouts:[0m ~  o  0  (  )    <-- smoke rings for gandalf[0m
[16:40] [0mYou can currently reforge 4 items.[0m
[16:44] [0m[37;1m[JEDI]:[0m Ylenic It'kla arrives at the Academy.[0m
[16:48] [0mYou can currently reforge 4 items.[0m
[16:56] [0m[32;1mFrom afar, you scream Doooohhhhhhhh!!! at Ser.[0m[0m
[16:57] [0m[32mYou tell Ser:[0m help <hpbar> did not change a thing from yesterday to today.[0m
[16:57] [0m        Tried killing it and killing all to re-read. $defflag represents[0m
[16:57] [0m        nothing[0m
[16:59] [0m[34;1mNauda shouts:[0m Autobots roll out![0m
[17:00] [0m[34;1mNik shouts:[0m predacons, playcult![0m
[17:02] [0m[32mYou tell Ser:[0m fixed it. Some reason it had stopped working because I did[0m
[17:02] [0m        not have var first before the if statement. Same with wepchg[0m
[17:02] [0m        yesterday. Had to to move it too[0m
[17:03] [0m[32mChavee says:[0m Welcome back, Roken, and I wish you the best of luck![0m
[17:15] [0m[37;1m[JEDI]:[0m Kerran Halcyon arrives at the Academy.[0m
[17:20] [0m[34;1mWhisper shouts:[0m i said M O O... and M O O spells chicken cacciatore![0m
[17:20] [0m[34;1mNik shouts:[0m BOK![0m
[17:21] [0mByron flaps : bye any chance anyone know if theres a function or operation[0m
[17:21] [0m              to multiply 2 arrays in tt++?[0m
[17:23] [0mGaidin flaps : Like matrix multiplication?[0m
[17:23] [0mByron flaps : yep[0m
[17:23] [0mSquirrel flaps : google?[0m
[17:24] [0mGaidin flaps : #run with a python script?[0m
[17:24] [0mGaidin flaps : Or whatever your language of choice is.[0m
[17:24] [0mByron flaps : bajillion results for c++, tt isnt close to making the[0m
[17:24] [0m              rankings even adding a + or ""s to my parameter[0m
[17:29] [0mSky flaps : you have to google "tintin++" that usually gets the best results[0m
[17:29] [0m            related to TT (cause i feel your pain)[0m
[17:30] [0mAsp flaps : i'm always disappointed and confused when i google 'finished oak[0m
[17:30] [0m            cabinets' :(   i power through and finish though![0m
[17:35] [0mMud flaps : this is not that type of flapchat[0m
[17:37] [0mMud flaps : that'd be fapchat[0m
[17:44] [0m[37;1m[JEDI]:[0m H'ssani C'talan arrives at the Academy.[0m
[17:49] [0mYou can currently reforge 8 items.[0m
[17:58] [0m[34;1mOreo shouts:[0m the shadow of death passes west, i think ill go east and stay[0m
[17:58] [0m             down wind it might be fluffy in disquise[0m
[17:58] [0m[34;1mMud shouts:[0m dis guys![0m
[17:59] [0m[34;1mVasha shouts:[0m You're ok, until the shadow of death pauses and stretches his[0m
[17:59] [0m              bony hand towards you and utters, "PULL MY FINGER"[0m
[17:59] [0m[34;1mCarolina shouts:[0m no no, dose guys[0m
[17:59] [0m[34;1mOreo shouts:[0m i dont know where that fingers been[0m
[18:08] [0m[34;1mGaidin shouts:[0m I do know where that finger's been, which is worse.[0m
[18:11] [0m[37;1m[JEDI]:[0m Durnoth arrives at the Academy.[0m
[18:38] [0m[37;1m[JEDI]:[0m Ylenic It'kla arrives at the Academy.[0m
[18:50] [0mYou can currently reforge 12 items.[0m
[18:57] [0m[32mChavee says:[0m Welcome back, Roken, and I wish you the best of luck![0m
[19:10] [0m[37;1m[JEDI]:[0m Alyssa K'tal arrives at the Academy.[0m
[19:43] [0m[Clan] Sock wiggles off your foot.  [0m
[19:43] [0m[37;1m[JEDI]:[0m Herah Wylann arrives at the Academy.[0m
[19:51] [0mYou can currently reforge 4 items.[0m
[19:56] [0mnewb Borneo [priest/12]: +h[0m
[19:56] [0mnewb Gaidin [gentech/131]: (it's -h)[0m
[19:57] [0mnewb Borneo [priest/12]: thanks[0m
[19:59] [0m[33;1m[Clan] Roken :[0m hi[0m
[20:00] [0m[33;1m[Clan] Archangel :[0m Hi Roken[0m
[20:00] [0m[33;1m[Clan] Roken :[0m cshout is weird[0m
[20:01] [0m[33;1m[Clan] Roken :[0m won't waste time coding that into chatlog[0m
[20:06] [0m[33;1m[Clan] Roken :[0m in two boots, wanna help me getting zel headband at least the[0m
[20:06] [0m               scaler 90 one[0m
[20:08] [0m[33;1m[Clan] Archangel :[0m Who?[0m
[20:08] [0m[33;1m[Clan] Roken :[0m anyone in the clan[0m
[20:09] [0m[33;1m[Clan] Roken :[0m next long boot[0m
[20:09] [0m[33;1m[Clan] Archangel :[0m Sure, just remind me.  But can get you a 130 scaler one[0m
[20:09] [0m                   if you need.[0m
[20:09] [0m[33;1m[Clan] Archangel :[0m Do you have one now?[0m
[20:09] [0m[33;1m[Clan] Roken :[0m no i don't[0m
[20:09] [0m[33;1m[Clan] Archangel :[0m Want one?[0m
[20:09] [0m[33;1m[Clan] Nix :[0m yea 130.or bust roken[0m
[20:10] [0m[33;1m[Clan] Roken :[0m horrible mistake to be conservative[0m
[20:10] [0m[33;1m[Clan] Roken :[0m you right Nix[0m
[20:10] [0m[33;1m[Clan] Archangel :[0m After this zombie, will go grab you one.[0m
[20:11] [0m[33;1m[Clan] Roken :[0m you can solo?[0m
[20:11] [0m[33;1m[Clan] Xaryl :[0m nod[0m
[20:12] [0m[37;1m[JEDI]:[0m Rhaan arrives at the Academy.[0m
[20:13] [0m[33;1m[Clan] Roken :[0m ooftah been in this guild for a month and still weak ish[0m
[20:13] [0m[33;1m[Clan] Archangel :[0m You'll get there, with time and patience.[0m
[20:13] [0m[33;1m[Clan] Roken :[0m i'd like to finish hotel before moving on. Is it ok that I am[0m
[20:13] [0m               still saved in zel?[0m
[20:14] [0m[33;1m[Clan] Roken :[0m i don't remember how party mechanics work[0m
[20:14] [0m[33;1m[Clan] Nix :[0m thwres no other sane choose other than conservatism[0m
[20:14] [0m[33;1m[Clan] Xaryl :[0m we will bring you headband[0m
[20:14] [0m[33;1m[Clan] Roken :[0m unless it involves the orange man[0m
[20:15] [0m[33;1m[Clan] Roken :[0m so it is an issue. 40 minutes before zell resets[0m
[20:16] [0mYou can currently reforge 4 items.[0m
[20:16] [0m[32mXaryl tells you:[0m no issue when we use the breed bags[0m
[20:17] [0m[33;1m[Clan] Nix :[0m theres not another option in 2020[0m
[20:18] [0m[33;1m[Clan] Roken :[0m so says him[0m
[20:18] [0m[33;1m[Clan] Nix :[0m trump 2020!!![0m
[20:18] [0m[33;1m[Clan] Roken :[0m he's an evil genius[0m
[20:19] [0m[33;1m[Clan] Roken :[0m the trump haters know pence would be worse[0m
[20:19] [0m[33;1m[Clan] Xaryl :[0m let me know when you are ready for the headband[0m
[20:19] [0m[33;1m[Clan] Xaryl :[0m we can meet at entrance to Zombie[0m
[20:20] [0m[33;1m[Clan] Roken :[0m ok[0m
[20:27] [0m[33;1m[Clan] Archangel :[0m Anyone know how much xp it costs to raise a state from[0m
[20:27] [0m                   200 to 275?[0m
[20:28] [0m[33;1m[Clan] Roken :[0m found a calc[0m
[20:28] [0m[33;1m[Clan] Archangel :[0m 3k.parimd.com?[0m
[20:28] [0m[33;1m[Clan] Roken :[0m ya[0m
[20:30] [0m[33;1m[Clan] Archangel :[0m Doesn't go to 275 on stats.  Probably needs to be[0m
[20:30] [0m                   updated.[0m
[20:31] [0m[33;1m[Clan] Roken :[0m ya seeing that.. doesn't even like lvl 139[0m
[20:32] [0m[33;1m[Clan] Roken :[0m top level is 100 and stats 200[0m
[20:35] [0m[33;1m[Clan] Roken :[0m muffling me. ... top L is 135 and stats 250. So ya needs an[0m
[20:35] [0m               update. from 200 to 250 74B xp[0m
[20:36] [0m[33;1m[Clan] Roken :[0m ser would have a closer answer probs. He did max out str[0m
[20:39] [0m[37;1m[JEDI]:[0m Reena Bel Noir arrives at the Academy.[0m
[20:41] [0m[33;1m[Clan] Roken :[0m done at hotel[0m
[20:42] [0m[32mYou tell Xaryl:[0m meet you at fantasy portal[0m
[20:42] [0m[32mXaryl tells you:[0m ok, meet at SS instead (w/s from magic)...in about a[0m
[20:42] [0m        minute[0m
[20:42] [0m[33;1m[Clan] Archangel :[0m Be right there after this zombie.[0m
[20:43] [0m[33;1m[Clan] Roken :[0m uh ser hijacked me[0m
[20:43] [0m[33;1m[Clan] Xaryl :[0m tell him to take you to SS![0m
[20:43] [0m[33;1m[Clan] Roken :[0m he took me to rimalkin cave[0m
[20:44] [0m[33;1m[Clan] Xaryl :[0m we will wait at SS for when ya'll finish that mob[0m
[20:45] [0m[33;1m[Clan] Roken :[0m at ss[0m
[20:45] [0m[32mXaryl says:[0m take headband from annulus[0m
[20:45] [0m[32mXaryl says:[0m Most powerful Selene... Grant our disciple, Roken the[0m
[20:45] [0m            power of your divine blessing, so we may destroy your[0m
[20:45] [0m            enemies![0m
[20:45] [0m[32mXaryl says:[0m then drop all your stuff[0m
[20:45] [0m[32mXaryl says:[0m so I can Ftouch it[0m
[20:46] [0m[32mXaryl says:[0m did you grab teh headband?[0m
[20:47] [0m[32mYou tell Xaryl:[0m did and dropped all for ftouch[0m
[20:47] [0m[32mYou tell Xaryl:[0m can't believe thundering dropped it's a world drop and[0m
[20:47] [0m        bound[0m
[20:48] [0m[32mXaryl tells you:[0m it is a fun ring[0m
[20:48] [0m[32mXaryl says:[0m all done[0m
[20:49] [0m[33;1m[Clan] Roken :[0m zell? 7 minutes for my reset[0m
[20:50] [0m[32;1mFrom afar, you thank Xaryl.[0m[0m
[20:50] [0m[32mXaryl tells you:[0m :) glad to help[0m
[20:52] [0mYou can currently reforge 4 items.[0m
[20:59] [0m[32mChavee says:[0m Welcome back, Roken, and I wish you the best of luck![0m
[20:59] [0m[32;1mFrom afar, Ser laffs at you![0m[0m
[21:00] [0m[32mYou tell Ser:[0m what thought'd it be fun to still fight zell in a group, not[0m
[21:00] [0m        be handed to me[0m
[21:01] [0m[34;1mKitt shouts:[0m RUN AWAY[0m
[21:03] [0m[37;1m[JEDI]:[0m Talia Ska arrives at the Academy.[0m
[21:09] [0m[32mChavee says:[0m Welcome back, Roken, and I wish you the best of luck![0m
[21:10] [0m[34;1mWhisper shouts:[0m OWWW  mah tanitus[0m
[21:13] [0m[32mSer tells you:[0m and[0m
[21:14] [0m[32mChavee says:[0m Welcome back, Roken, and I wish you the best of luck![0m
[21:26] [0m[37;1m[JEDI]:[0m Wennic Ber'ni'lok arrives at the Academy.[0m
[21:28] [0m[32mSer tells you:[0m started using my script that rotates areas, made like 500k[0m
[21:28] [0m        coins in the last 2 days[0m
[21:28] [0m[32;1mFrom afar, Ser flexes his steroid-sucking, no-necked,[0m
[21:30] [0m[32mSer tells you:[0m never had adapted it for ser, glad i finally did[0m
[21:30] [0m[32mSer tells you:[0m need to start cranking my damage up now so i have more[0m
[21:30] [0m        areas to roll thru[0m
[21:31] [0m[32mSer tells you:[0m granted i don't even have chess in the rotation so that +[0m
[21:31] [0m        rimalkins would probably give enough time for hotel to clear[0m
[21:34] [0m[32mYou tell Ser:[0m how do u make 200+M from rimalkins?[0m
[21:35] [0m[32mSer tells you:[0m do more damage[0m
[21:38] [0m[32mYou tell Ser:[0m that's it. They are easy mobs? respawns fast and many? 20+[0m
[21:38] [0m        lvl like areadirections say[0m
[21:53] [0mYou can currently reforge 4 items.[0m
[21:55] [0m[37;1m[JEDI]:[0m Janath Meelin arrives at the Academy.[0m
[22:00] [0m[34;1mCheetos shouts:[0m leave the baby alone !!![0m
[22:01] [0m[34;1mInix shouts:[0m No, it's what's for dinner...[0m
[22:02] [0m[32mSer tells you:[0m also rimalkins 2.0[0m
[22:02] [0m[34;1mCheetos shouts:[0m finished oak cabinets !![0m
[22:02] [0m[32mSer tells you:[0m not normal rimalkins[0m
[22:02] [0m[32mSer tells you:[0m 2.0 is 10-25mil or so w a 90-100mil boss[0m
[22:03] [0m[34;1mRoken shouts:[0m Boom! Shaka Laka![0m
[22:03] [0mWhisper flaps : 2x lance @ fantasy[0m
[22:04] [0mInix flaps : Two?  Seems like a lot...like....a lot of lances...or...a[0m
[22:04] [0m             lance-a-lot.[0m
[22:04] [0mRoken flaps : waht is this i need 4 M and it was a 5.5 M golem... I come up[0m
[22:04] [0m              short on XP?[0m
[22:05] [0mRoken flaps : round 2..[0m
[22:05] [0m[34;1mRoken shouts:[0m Boom! Shaka Laka![0m
[22:05] [0m[32;1mFrom afar, Nik goes '\\// [()] [()]  \\// [()] [()] !! !!' at you in[0m
[22:05] [0m[32;1mFrom afar, Archangel goes 'Woo Woo!' at you.[0m[0m
[22:05] [0m[32;1mFrom afar, Al goes 'Woo Woo!' at you.[0m[0m
[22:06] [0m[32;1mFrom afar, Chaed claps at you.[0m[0m
[22:07] [0mInix flaps : ...?[0m
[22:10] [0mRoken flaps : sorry been equivalating xp with rating all this time[0m
[22:11] [0mInix flaps : With class, you mean.  Yeah, it's about 80% class to xp ratio,[0m
[22:11] [0m             wis plays some factor.[0m
[22:15] [0m[32;1mFrom afar, Dalandra cheers you on!!![0m[0m
[22:22] [0m[37;1m[JEDI]:[0m Bithoff Jonansaan arrives at the Academy.[0m
[22:51] [0m[37;1m[JEDI]:[0m Tobias Kel'ach'nar arrives at the Academy.[0m
[22:54] [0mYou can currently reforge 8 items.[0m
[23:22] [0m[37;1m[JEDI]:[0m Ylenic It'kla arrives at the Academy.[0m
[23:46] [0m[5m[1m[41mYour lightsaber begins to flicker and the handle warms![0m[0m                 [0m
[23:51] [0m[37;1m[JEDI]:[0m Janath Meelin arrives at the Academy.[0m
[23:55] [0mYou can currently reforge 4 items.[0m
