- = LOG STARTED [00:00] = -
[08:12] [0m[32mYou tell Ser:[0m i was smashing chess on scaler 2[0m
[08:13] [0m[32mSer tells you:[0m 2?[0m
[08:13] [0m[32mSer tells you:[0m you cant scale that low[0m
[08:13] [0m[32mYou tell Ser:[0m ya huh i was on 1[0m
[08:14] [0m[32mYou tell Ser:[0m 2 set me to lvl 44[0m
[08:17] [0m[32mSer tells you:[0m help scaler[0m
[08:18] [0m[32mSer tells you:[0m you can 3/4 of level to level +5[0m
[09:24] [0mUkyo [Jedi(74)]: Those who cannot remember the past will spend a lot of time[0m
[09:24] [0m                 looking for their cars in mall parking lots.[0m
[09:29] [0m[34;1mZor shouts:[0m woo!!!!!!!!!!!!!!!!!!!!!!!!!![0m
[09:29] [0m[34;1mScadar shouts:[0m hack[0m
[09:29] [0m[34;1mXiu shouts:[0m slicing thru the levels[0m
[09:35] [0m[34;1mGore shouts:[0m big badda boom[0m
[09:35] [0m[34;1mOreo shouts:[0m frank go in my belly in june when i have barbeque[0m
[09:35] [0m[34;1mXiu shouts:[0m guess he forgot his multipass. don't leave home without your[0m
[09:35] [0m            multipass[0m
[09:49] [0m[34;1mZor shouts:[0m lost connection and dies[0m
[09:50] [0m[34;1mSquirrel shouts:[0m you think you're pretty smart trebek with your dago[0m
[09:50] [0m                 mustache and greasy black hair![0m
[10:39] [0mBurnaby [Jedi(44)]: we can't diss on shield AND attack, right?[0m
[10:40] [0mUkyo [Jedi(74)]: correct[0m
[10:40] [0mScadar flaps : Donut and beer truck collide on highway, police are on the[0m
[10:40] [0m               scene: This has been a record for police response. We've[0m
[10:40] [0m               never seen them arrive so quickly.[0m
[10:40] [0mBurnaby [Jedi(44)]: and diss shield lasts pretty much until you use your[0m
[10:40] [0m                    energy or are out of combat for a while, correct?[0m
[10:40] [0mSaim [Jedi(Master)]: turns off after a bit if you dont use it[0m
[10:41] [0mBurnaby [Jedi(44)]: ok. anyone ever find themselves running out of[0m
[10:41] [0m                    dissipates then before reset?[0m
[10:41] [0mHyuga [Jedi(87)]: i don't think dis shield drops until shields drop or you[0m
[10:41] [0m                  ht/med[0m
[10:41] [0mBurnaby [Jedi(44)]: becuase Im barely using mine[0m
[10:41] [0mUkyo [Jedi(74)]: you have six to work with[0m
[10:41] [0mUkyo [Jedi(74)]: or five[0m
[10:41] [0mUkyo [Jedi(74)]: depending on circumstance, i think[0m
[10:41] [0mHyuga [Jedi(87)]: dis attack drops out of combat[0m
[10:41] [0mSimonz [Jedi(39)]: dis shield doesn't drop on med, just ht[0m
[10:41] [0mBurnaby [Jedi(44)]: maybe thats why there's a bit. I mainly use shield[0m
[10:43] [0mBurnaby [Jedi(44)]: woot nbk[0m
[10:51] [0m[34;1mTurnhold shouts:[0m woo[0m
[10:51] [0m[34;1mZor shouts:[0m woo!!!!!!!!!!!!!!!!!!!!!!!!!!!!!!!!!!!!!!!!!!!!!!!!!!!!![0m
[10:51] [0m[34;1mXiu shouts:[0m woo! (but i bet you saw that coming)[0m
[10:52] [0m[34;1mTurnhold shouts:[0m Your joke is bad, and you should feel bad.[0m
[10:53] [0m[34;1mHyuga shouts:[0m At no point in your rambling, incoherent response were you[0m
[10:53] [0m              even close to anything that could be considered a rational[0m
[10:53] [0m              thought. Everyone in this room is now dumber for having[0m
[10:53] [0m              listened to it. I award you no points, and may God have mercy[0m
[10:53] [0m              on your soul.[0m
[10:54] [0m[34;1mXiu shouts:[0m no points? i expected to _lose_ points, so rock on! great[0m
[10:54] [0m            success![0m
[10:57] [0m[34;1mHyuga shouts:[0m He is my neighbor Nursultan Tuliagby. He is pain in my ****. I[0m
[10:57] [0m              get a window from a glass, he must get a window from a glass.[0m
[10:57] [0m              I get a step, he must get a step. I get a clock radio, he[0m
[10:57] [0m              cannot afford. Great success![0m
[11:06] [0mHyuga [Jedi(87)]: oh[0m
[11:06] [0mHyuga [Jedi(87)]: wait for me ylenic![0m
[11:13] [0m[34;1mUkyo shouts:[0m what's up with the cpu usage?[0m
[11:14] [0m[34;1mXiu shouts:[0m i bet they're coding a bunch of awesome upgrades[0m
[11:14] [0m[34;1mZor shouts:[0m You wish lol[0m
[11:14] [0m[34;1mScadar shouts:[0m pr0n dl[0m
[11:16] [0m[34;1mCrolack shouts:[0m wiz deathmatch[0m
[11:17] [0m[34;1mDin shouts:[0m THIS....is Thunderdome[0m
[11:19] [0m[34;1mXiu shouts:[0m two wiz enter, mud go boom, no one leave.[0m
[11:21] [0m[34;1mScadar shouts:[0m When Honea was asked if he knew Chuck Norris he said "I don't[0m
[11:21] [0m               know her."[0m
[12:00] [0mHyuga [Jedi(87)]: I either Get what I want or I change my mind.[0m
[12:00] [0mBurnaby [Jedi(44)]: If you think nobody cares if you're alive, try missing a[0m
[12:00] [0m                    couple of car payments.[0m
[12:14] [0mRoken [Jedi(27)]: i need a master of lightsaber combat and dodge :)[0m
[12:15] [0mSimonz [Jedi(39)]: brt[0m
[12:15] [0mGunman [Jedi(66)]: come to cog[0m
[12:15] [0mSimonz [Jedi(39)]: or not ;)[0m
[12:16] [0m[32;1mFrom afar, Gunman pokes you in the ribs.[0m[0m
[12:16] [0mRoken [Jedi(27)]: im at guest chambers thought thats the place[0m
[12:16] [0mGunman [Jedi(66)]: sw[0m
[12:16] [0mSimonz [Jedi(39)]: it can be anywhere[0m
[12:16] [0m[32;1mFrom afar, Simonz goes 'Woo Woo!' at you.[0m[0m
[12:16] [0m[32mYou say:[0m nice[0m
[12:17] [0m[32mYou say:[0m how does one become a master? if you need to learn higher skill[0m
[12:17] [0m         from another player?[0m
[12:17] [0mRoken [Jedi(27)]: how does one become a master? if you need to learn higher[0m
[12:17] [0m                  skill from another player?[0m
[12:17] [0m[32mGunman says:[0m my saber mastery is 11/11 I can teach you top level[0m
[12:21] [0mRoken [Jedi(27)]: how do i repair armor?[0m
[12:21] [0mGunman [Jedi(66)]: smithy s e s of cot[0m
[12:22] [0mRoken [Jedi(27)]: thanks[0m
[12:22] [0m[32mCK30 says: [0mHello Roken!                                                    [0m
[12:22] [0m[32;1mFrom afar, Gunman gives you a thumbs up.[0m[0m
[12:22] [0mGunman [Jedi(66)]: np[0m
[12:25] [0m[32mSmith says:[0m You require 3333 coins to repair *Pitch Black Armour (broken).[0m
[13:06] [0m[34;1mSaim shouts:[0m woo![0m
[13:06] [0m[34;1mZor shouts:[0m woo!!!!!!!!!!!!!!!!!!!!!!!![0m
[13:17] [0m[34;1mSaim shouts:[0m people act nice to steal...[0m
[15:07] [0m[32mCK30 says: [0mHello Roken!                                                    [0m
[15:08] [0m[32mCK30 says: [0mHello Roken!                                                    [0m
[15:52] [0m[34;1mMugen shouts:[0m bad.... call ?[0m
[15:54] [0m[34;1mDisruptor shouts:[0m you gotta quit out...to kill the hunting or hes gunna keep[0m
[15:54] [0m                  on killn you[0m
[15:58] [0mMugen [Jedi(Knight)]: nice[0m
[15:58] [0mSimonz [Jedi(40)]: =)[0m
[16:04] [0mUkyo [Jedi(74)]: oyasumi.[0m
[16:17] [0m[32mYou tell Ser:[0m do i go past lvl 60 at this point?[0m
[16:19] [0m[32mYou tell Ser:[0m what was the importance of saturday?[0m
[16:50] [0mDisruptor {Professions}: do phasemetal mats nto xmute for trasmuter xp?[0m
[16:55] [0mRoken [Jedi(27)]: what happens to my character past lvl 60?[0m
[16:56] [0mBurnaby [Jedi(44)]: ssdd[0m
[16:56] [0mMugen [Jedi(Knight)]: what do you mean[0m
[16:57] [0mBurnaby [Jedi(44)]: mo xp, mo levels[0m
[16:57] [0mRoken [Jedi(27)]: do i lose things on reboot?[0m
[16:58] [0mMugen [Jedi(Knight)]: gear yes, will no longer autoload, but gear is easy to[0m
[16:58] [0m                      get, and you have full access to the guild item box[0m
[16:58] [0mMugen [Jedi(Knight)]: you will get some super basic 'login gear' that is ok,[0m
[16:58] [0m                      but you will be able to rekill the things you killed[0m
[16:58] [0m                      to get what you have now[0m
[16:59] [0mMugen [Jedi(Knight)]: all of your xp, gxp, etc stays, and that is where 90%[0m
[16:59] [0m                      of your power comes from[0m
[16:59] [0mRoken [Jedi(27)]: idk where Pitch black armour comes from... a friend[0m
[16:59] [0m                  donated that to me[0m
[16:59] [0mBurnaby [Jedi(44)]: no one does/[0m
[17:00] [0mBurnaby [Jedi(44)]: it magically appears in the box[0m
[17:00] [0mMugen [Jedi(Knight)]: im sure your friend would be happy to get some again,[0m
[17:00] [0m                      or yes, there is often some of that in the guild box[0m
[17:00] [0m[32mMugen tells you:[0m which friend?[0m
[17:00] [0mBurnaby [Jedi(44)]: but honestly that gear is on a tough mob so only the[0m
[17:00] [0m                    higher ups are gbetting it[0m
[17:00] [0mRoken [Jedi(27)]: ser[0m
[17:00] [0mMugen [Jedi(Knight)]: im sure ser can get it again, ser is on all the time[0m
[17:01] [0mRoken [Jedi(27)]: are there exclusive jedi armor more beneficial?[0m
[17:02] [0mMugen [Jedi(Knight)]: im not aware of any jedi exclusives really[0m
[17:02] [0mRoken [Jedi(27)]: ok, how about more beneficial and obtainable armor for[0m
[17:02] [0m                  jedi?[0m
[17:03] [0mBurnaby [Jedi(44)]: the guild has a nice backpack for sell. I get one. also[0m
[17:03] [0m                    the shop sells damage type crystals that you'll need to[0m
[17:03] [0m                    replace on reboot[0m
[17:03] [0mRoken [Jedi(27)]: do i lose the contents of my pack each reboot?[0m
[17:03] [0mBurnaby [Jedi(44)]: pack goes away[0m
[17:04] [0mRoken [Jedi(27)]: cells in pack too then[0m
[17:04] [0mBurnaby [Jedi(44)]: you might have a couple items that autoload but they[0m
[17:04] [0m                    arent really gear[0m
[17:04] [0mBurnaby [Jedi(44)]: yup[0m
[17:04] [0mBurnaby [Jedi(44)]: use em or lose em[0m
[17:08] [0mRoken [Jedi(27)]: anyone play csgo?[0m
[17:08] [0mMugen [Jedi(Knight)]: not even sure what that is[0m
[17:09] [0mRoken [Jedi(27)]: desktop first person shooter multiplayer[0m
[17:09] [0mRoken [Jedi(27)]: counter strike[0m
[17:09] [0mMugen [Jedi(Knight)]: ahh ok[0m
[17:10] [0mRoken [Jedi(27)]: 20 year old game now[0m
[17:10] [0mRoken [Jedi(27)]: 20 year old game now, current iteration 7 years[0m
[17:11] [0mMugen [Jedi(Knight)]: definitely heard of it, never played though[0m
[17:16] [0mGargoyle <cgame>: Gore has joined the game.[0m
[17:16] [0mGargoyle <cgame>: Gaidin has joined the game.[0m
[17:16] [0mGargoyle <cgame>: Trisky has joined the game.[0m
[17:16] [0mGargoyle <cgame>: Whoknows has joined the game.[0m
[17:16] [0mGargoyle <cgame>: Disruptor has joined the game.[0m
[17:16] [0mGargoyle <cgame>: Din has joined the game.[0m
[17:16] [0mGargoyle <cgame>: Calisp has joined the game.[0m
[17:16] [0mGargoyle <cgame>: Kremlin has joined the game.[0m
[17:16] [0mGargoyle <cgame>: Iron has joined the game.[0m
[17:16] [0mGargoyle <cgame>: Oreo has joined the game.[0m
[17:16] [0mGargoyle <cgame>: Zor has joined the game.[0m
[17:16] [0mGargoyle <cgame>: Hyperion has joined the game.[0m
[17:16] [0mGargoyle <cgame>: Nauda has joined the game.[0m
[17:16] [0mGargoyle <cgame>: Al has joined the game.[0m
[17:16] [0mGargoyle <cgame>: Inix has joined the game.[0m
[17:16] [0mGargoyle <cgame>: Stasis has joined the game.[0m
[17:16] [0mGargoyle <cgame>: Malachi has joined the game.[0m
[17:16] [0mGargoyle <cgame>: Mugen has joined the game.[0m
[17:16] [0mGargoyle <cgame>: Fluffy has joined the game.[0m
[17:16] [0mGargoyle <cgame>: Rictor has joined the game.[0m
[17:16] [0mGargoyle <cgame>: Slash has joined the game.[0m
[17:16] [0mGargoyle <cgame>: Eggplant has joined the game.[0m
[17:16] [0mGargoyle <cgame>: Lorr has joined the game.[0m
[17:16] [0mGargoyle <cgame>: Korendir has joined the game.[0m
[17:16] [0mGargoyle <cgame>: Ellegon has joined the game.[0m
[17:16] [0mGargoyle <cgame>: Kvinan has joined the game.[0m
[17:16] [0mGargoyle <cgame>: Spun has joined the game.[0m
[17:16] [0mGargoyle <cgame>: Mellaous has joined the game.[0m
[17:16] [0mGargoyle <cgame>: Grixvorta has joined the game.[0m
[17:16] [0mGargoyle <cgame>: Inago has joined the game.[0m
[17:16] [0mGargoyle <cgame>: Toad has joined the game.[0m
[17:16] [0mGargoyle <cgame>: Simonz has joined the game.[0m
[17:16] [0mGargoyle <cgame>: Sky has joined the game.[0m
[17:16] [0mGargoyle <cgame>: Thom has joined the game.[0m
[17:16] [0mGargoyle <cgame>: Aka has joined the game.[0m
[17:16] [0mGargoyle <cgame>: Nani has joined the game.[0m
[17:16] [0mGargoyle <cgame>: Space has joined the game.[0m
[17:16] [0mGargoyle <cgame>: Parisienne has joined the game.[0m
[17:16] [0mGargoyle <cgame>: Merrick has joined the game.[0m
[17:16] [0mGargoyle <cgame>: Burnaby has joined the game.[0m
[17:16] [0mGargoyle <cgame>: Ser has joined the game.[0m
[17:16] [0mGargoyle <cgame>: Kirwan has joined the game.[0m
[17:16] [0mGargoyle <cgame>: Roken has joined the game.[0m
[17:16] [0mGargoyle <cgame>: The game begins![0m
[17:16] [0m[32mGargoyle whispers: [0mYou are a cultist.[0m
[17:16] [0m[32mGargoyle whispers: [0mThe cultists are: Gandalf, Roken, Ser, Eggplant,[0m
[17:16] [0m                    Al, Crolack, Inago, Disruptor, Merrick, Burnaby and[0m
[17:16] [0m                    Mellaous.[0m
[17:16] [0mGargoyle <cgame>: An evil cult is hidden amongst the villagers of Scariton. [0m
[17:16] [0m                  The village is sleeping peacefully one night as the cult[0m
[17:16] [0m                  emerges....  It is now night time.  Role players, please[0m
[17:16] [0m                  enter your actions.[0m
[17:16] [0mVoodoo <cgame>: woo![0m
[17:16] [0mByron <cgame>: LAF[0m
[17:16] [0mNauda <cgame>: Omigosh we're all gonna die![0m
[17:16] [0mCrolack <cgame>: Nightrider did it[0m
[17:16] [0mGargoyle <cgame>: Gore has left the game.[0m
[17:16] [0mGargoyle <cgame>: Gandalf has left the game.[0m
[17:16] [0mGargoyle <cgame>: Burnaby has left the game.[0m
[17:16] [0mEllegon <cgame>: Omigosh we're all gonna die![0m
[17:16] [0mGargoyle <cgame>: Simonz has left the game.[0m
[17:16] [0mGargoyle <cgame>: Disruptor has left the game.[0m
[17:16] [0mEllegon <cgame>: commands[0m
[17:16] [0mMugen <cgame>: this needs a block command, and you a douche[0m
[17:16] [0mByron <cgame>: Omigosh we're all gonna die![0m
[17:16] [0mNauda <cgame>: did everyone on the mud got pulled in?[0m
[17:16] [0mGargoyle <cgame>: Kirwan has left the game.[0m
[17:16] [0mGrixvorta <cgame>: quit[0m
[17:16] [0mGargoyle <cgame>: Gaidin has left the game.[0m
[17:16] [0mByron <cgame>: looks like it[0m
[17:16] [0mGargoyle <cgame>: Calisp has left the game.[0m
[17:16] [0mGargoyle <cgame>: Fluffy has left the game.[0m
[17:16] [0mGargoyle <cgame>: Iron has left the game.[0m
[17:16] [0mByron <cgame>: mugen cult[0m
[17:16] [0mGargoyle <cgame>: Nightrider did it.[0m
[17:16] [0mVoodoo <cgame>: 'quit cult'[0m
[17:16] [0mKremlin <cgame>: Omigosh we're all gonna die![0m
[17:16] [0mGargoyle <cgame>: Grixvorta has left the game.[0m
[17:16] [0mGargoyle <cgame>: Stasis has left the game.[0m
[17:16] [0mGargoyle <cgame>: Nightrider did it.[0m
[17:17] [0mGargoyle <cgame>: Aka has left the game.[0m
[17:17] [0mGargoyle <cgame>: One more minute left for role players to enter night[0m
[17:17] [0m                  actions.[0m
[17:17] [0mGargoyle <cgame>: Oreo has left the game.[0m
[17:17] [0mNik <cgame>: holy cow[0m
[17:17] [0mMugen <cgame>: Omigosh we're all gonna die![0m
[17:17] [0mGargoyle <cgame>: Eggplant has been booted from the game by Crolack.[0m
[17:17] [0mGargoyle <cgame>: Spun has been booted from the game by Crolack.[0m
[17:17] [0mAka <cgame>: Omigosh we're all gonna die![0m
[17:17] [0mGargoyle <cgame>: Trisky has been booted from the game by Voodoo.[0m
[17:17] [0mGargoyle <cgame>: Space has been booted from the game by Crolack.[0m
[17:17] [0mGargoyle <cgame>: Tuba has been booted from the game by Voodoo.[0m
[17:17] [0mGargoyle <cgame>: Parisienne has been booted from the game by Voodoo.[0m
[17:17] [0mGargoyle <cgame>: Ser has been booted from the game by Voodoo.[0m
[17:17] [0mGargoyle <cgame>: Mugen has left the game.[0m
[17:17] [0mGargoyle <cgame>: Inix has been booted from the game by Ellegon.[0m
[17:17] [0mGargoyle <cgame>: Merrick has been booted from the game by Voodoo.[0m
[17:18] [0mGargoyle <cgame>: Kvinan has been booted from the game by Ellegon.[0m
[17:18] [0mGargoyle <cgame>: Time's up!  The sun is rising.[0m
[17:18] [0mGargoyle <cgame>: Nightrider, an innocent, has been murdered by the cult![0m
[17:18] [0mGargoyle <cgame>: It is now daytime.  It is time to convict someone.[0m
[17:18] [0mGargoyle <cgame>: Nauda votes to convict Crolack.[0m
[17:18] [0mRoken [Jedi(27)]: gargoyle?[0m
[17:18] [0mNauda <cgame>: I bet it's the evil wizards[0m
[17:18] [0mEllegon <cgame>: I'm blue, and Voodoo has no pants.[0m
[17:18] [0mCrolack <cgame>: I'm red, so is Al, Inage, Mellanous and Roken[0m
[17:18] [0mGargoyle <cgame>: Nik votes to convict Din.[0m
[17:18] [0mGargoyle <cgame>: Voodoo votes to convict Crolack.[0m
[17:18] [0mGargoyle <cgame>: Din has been booted from the game by Voodoo.[0m
[17:19] [0mGargoyle <cgame>: Nik has removed his vote for Din.[0m
[17:19] [0mGargoyle <cgame>: Nik votes to convict Voodoo.[0m
[17:19] [0mMugen [Jedi(Knight)]: its a game, 'cultist' that people play[0m
[17:19] [0mGargoyle <cgame>: One more minute left to finish voting.  The villager with[0m
[17:19] [0m                  the most votes against in a minute will be convicted. [0m
[17:19] [0m                  Ties will be broken randomly.[0m
[17:19] [0mGargoyle <cgame>: Sky has left the game.[0m
[17:19] [0m[32mSer tells you:[0m no stay at 60 gxp...  andi need to work on my truck if you[0m
[17:19] [0m        wanna help[0m
[17:19] [0mThom <cgame>: Omigosh we're all gonna die![0m
[17:19] [0mGargoyle <cgame>: Lorr has left the game.[0m
[17:19] [0mMugen [Jedi(Knight)]: like 'mafia' or something, its a version of that[0m
[17:19] [0mBurnaby [Jedi(44)]: exa fetish[0m
[17:19] [0mGargoyle <cgame>: Ellegon votes to convict Nik.[0m
[17:19] [0mCrolack <cgame>: cult destroy btw[0m
[17:19] [0mNightrider <cgame>: wow[0m
[17:19] [0m[32mYou tell Ser:[0m character lvl[0m
[17:19] [0mGargoyle <cgame>: Kremlin votes to convict Nik.[0m
[17:19] [0mGargoyle <cgame>: Thom has left the game.[0m
[17:20] [0mScadar flaps : A small fetish doll mysteriously appears in your pocket. ->[0m
[17:20] [0m               cult destroy[0m
[17:20] [0mGargoyle <cgame>: Time's up!  The sun is setting.[0m
[17:20] [0mGargoyle <cgame>: Nik, you have been convicted of participation in a[0m
[17:20] [0m                  murderous evil cult.  May the gods have mercy on your[0m
[17:20] [0m                  soul.[0m
[17:20] [0mGargoyle <cgame>: Nik is led to the scaffold... as his feet twitch and the[0m
[17:20] [0m                  breath is squeezed out of his body, he is revealed to be[0m
[17:20] [0m                  an innocent![0m
[17:20] [0mGargoyle <cgame>: It is now nighttime.  Role players, make your moves.[0m
[17:20] [0mKremlin <cgame>: aww shucks[0m
[17:20] [0mGaidin flaps : Doesn't work when there's shenaigans to bypass the message[0m
[17:20] [0mEllegon <cgame>: whoops.[0m
[17:20] [0mGaidin flaps : It needs a hard block command, because this is just getting[0m
[17:20] [0m               obnoxious, now.[0m
[17:21] [0mGargoyle <cgame>: One more minute left for role players to enter night[0m
[17:21] [0m                  actions.[0m
[17:21] [0mEllegon <cgame>: I trusted you Voodoo, you led me astray.[0m
[17:21] [0mNauda flaps : wipeme password[0m
[17:21] [0mEllegon <cgame>: Better slay me by morning, or you're getting a great finger[0m
[17:21] [0m                 wagging in the morning.[0m
[17:21] [0mNightrider <cgame>: haha[0m
[17:21] [0mGargoyle <cgame>: Rictor has been booted from the game by Crolack.[0m
[17:21] [0mGargoyle <cgame>: Zor has been booted from the game by Crolack.[0m
[17:22] [0mSky flaps : i cast my vote for obnoxious as well.[0m
[17:22] [0mGargoyle <cgame>: Time's up!  The sun is rising.[0m
[17:22] [0mGargoyle <cgame>: No one was murdered by the cultists tonight.[0m
[17:22] [0mGargoyle <cgame>: It is now daytime.  It is time to convict someone.[0m
[17:22] [0mCrolack flaps : it's nightrider's fault[0m
[17:22] [0mGargoyle <cgame>: Ellegon votes to convict Voodoo.[0m
[17:22] [0mFluffy flaps : that bastard![0m
[17:22] [0mGargoyle <cgame>: Voodoo votes to convict Crolack.[0m
[17:22] [0mCrolack flaps : he triple dog dared me[0m
[17:22] [0mSky flaps : you're a traitor[0m
[17:22] [0mGargoyle <cgame>: Nauda votes to convict Crolack.[0m
[17:22] [0mGargoyle <cgame>: Crolack votes to convict Al.[0m
[17:22] [0mSky flaps : so like, i cant believe nuffin you say[0m
[17:22] [0mGargoyle <cgame>: Crolack has removed his vote for Al.[0m
[17:22] [0mGargoyle <cgame>: Crolack votes to convict Voodoo.[0m
[17:22] [0mFluffy flaps : take away his sword ... and give him a beggar's bowl![0m
[17:22] [0mAl <cgame>: Omigosh we're all gonna die![0m
[17:23] [0mAl <cgame>: me[0m
[17:23] [0mAl <cgame>: me?[0m
[17:23] [0mGargoyle <cgame>: One more minute left to finish voting.  The villager with[0m
[17:23] [0m                  the most votes against in a minute will be convicted. [0m
[17:23] [0m                  Ties will be broken randomly.[0m
[17:23] [0mGargoyle <cgame>: Al votes to convict Crolack.[0m
[17:23] [0mScadar flaps : I narrowed it down to Voodoo's small fetish.[0m
[17:23] [0mNightrider flaps : Its not small[0m
[17:23] [0mNightrider flaps : ive been told stories[0m
[17:23] [0mSky flaps : you are mistaken, none of voodoo's fetishes are small.[0m
[17:23] [0mScadar flaps : A little BIG fetish.[0m
[17:24] [0mGargoyle <cgame>: Time's up!  The sun is setting.[0m
[17:24] [0mGargoyle <cgame>: Crolack, you have been convicted of participation in a[0m
[17:24] [0m                  murderous evil cult.  May the gods have mercy on your[0m
[17:24] [0m                  soul.[0m
[17:24] [0mGargoyle <cgame>: Pitchforks waving, the angry mob rushes Crolack.  As blood[0m
[17:24] [0m                  oozes from his body, he is revealed to be a cultist![0m
[17:24] [0mGargoyle <cgame>: It is now nighttime.  Role players, make your moves.[0m
[17:24] [0mVoodoo <cgame>: woo![0m
[17:24] [0mNightrider <cgame>: woo[0m
[17:24] [0mVoodoo <cgame>: die foo![0m
[17:24] [0mNightrider <cgame>: dead Crolack[0m
[17:24] [0mKremlin <cgame>: nice one[0m
[17:24] [0mCrolack <cgame>: so yeah, I killed NR[0m
[17:24] [0mCrolack <cgame>: I'm red, so is Al, Inage, Mellanous and Roken[0m
[17:25] [0mNauda <cgame>: Crolack <cgame>: I'm red, so is Al, Inage, Mellanous and[0m
[17:25] [0m               Roken[0m
[17:25] [0mGargoyle <cgame>: One more minute left for role players to enter night[0m
[17:25] [0m                  actions.[0m
[17:25] [0mNightrider <cgame>: Nauda <cgame>: Crolack <cgame>: I'm red, so is Al,[0m
[17:25] [0m                    Inage, Mellanous and Roken[0m
[17:25] [0mGaidin flaps : Wiz: you have to pay attention and respond to tells.  Also[0m
[17:25] [0m               Wiz: I'm gonna flood both your screen and chat monitor with[0m
[17:25] [0m               spam from something you've opted out of a dozen times.[0m
[17:26] [0mGargoyle <cgame>: Time's up!  The sun is rising.[0m
[17:26] [0mGargoyle <cgame>: No one was murdered by the cultists tonight.[0m
[17:26] [0mGargoyle <cgame>: It is now daytime.  It is time to convict someone.[0m
[17:26] [0mNauda flaps : also wiz is the rule around this parts[0m
[17:26] [0mGargoyle <cgame>: Nauda votes to convict Al.[0m
[17:26] [0mSky flaps : eh i just dont want to have spam i dont want[0m
[17:26] [0mNightrider flaps : crolak wants to make sure you are not butting err botting[0m
[17:26] [0mGargoyle <cgame>: Korendir has been booted from the game by Nauda.[0m
[17:26] [0mSky flaps : your FACE is butting[0m
[17:27] [0mGargoyle <cgame>: Al votes to convict Voodoo.[0m
[17:27] [0mKremlin <cgame>: Omigosh we're all gonna die![0m
[17:27] [0mGaidin flaps : Especially 50+ lines of it[0m
[17:27] [0mGargoyle <cgame>: One more minute left to finish voting.  The villager with[0m
[17:27] [0m                  the most votes against in a minute will be convicted. [0m
[17:27] [0m                  Ties will be broken randomly.[0m
[17:27] [0mGargoyle <cgame>: Voodoo votes to convict Al.[0m
[17:27] [0mKremlin <cgame>: let the fates decide[0m
[17:27] [0mScadar flaps : I like spam, it goes well with my sammich.[0m
[17:27] [0mSky flaps : yeah but 50 lines of whine isnt going to fix it, either[0m
[17:27] [0mGargoyle <cgame>: Kremlin votes to convict Voodoo.[0m
[17:27] [0mAl <cgame>: Omigosh we're all gonna die![0m
[17:27] [0mSky flaps : spam is good fried crispy with mustard![0m
[17:27] [0mGargoyle <cgame>: Ellegon votes to convict Voodoo.[0m
[17:27] [0mKremlin <cgame>: aw[0m
[17:27] [0mScadar flaps : Stone ground mustard![0m
[17:28] [0mFluffy flaps : ok ok simmer down ... someone is going to have to 'take one[0m
[17:28] [0m               for the team' and mud sex Crow ...[0m
[17:28] [0mGargoyle <cgame>: Time's up!  The sun is setting.[0m
[17:28] [0mGargoyle <cgame>: Voodoo, you have been convicted of participation in a[0m
[17:28] [0m                  murderous evil cult.  May the gods have mercy on your[0m
[17:28] [0m                  soul.[0m
[17:28] [0mGargoyle <cgame>: Voodoo is led to the scaffold... as his feet twitch and[0m
[17:28] [0m                  the breath is squeezed out of his body, he is revealed to[0m
[17:28] [0m                  be an innocent![0m
[17:28] [0mGargoyle <cgame>: It is now nighttime.  Role players, make your moves.[0m
[17:28] [0mEllegon <cgame>: eoops[0m
[17:28] [0mSky flaps : who is crow?[0m
[17:28] [0mVoodoo flaps : that thing you told me to eat[0m
[17:28] [0mGargoyle <cgame>: Byron has been booted from the game by Crolack.[0m
[17:28] [0mSky flaps : Nightrider's moo can mud sex crolack, though[0m
[17:28] [0mFluffy flaps : i can get you a bunch moo .. voodude[0m
[17:29] [0mKremlin <cgame>: ok, i know who it is[0m
[17:29] [0mGargoyle <cgame>: One more minute left for role players to enter night[0m
[17:29] [0m                  actions.[0m
[17:30] [0mGargoyle <cgame>: Time's up!  The sun is rising.[0m
[17:30] [0mGargoyle <cgame>: No one was murdered by the cultists tonight.[0m
[17:30] [0mGargoyle <cgame>: It is now daytime.  It is time to convict someone.[0m
[17:30] [0mGargoyle <cgame>: Ellegon votes to convict Whoknows.[0m
[17:30] [0mGargoyle <cgame>: Al votes to convict Whoknows.[0m
[17:30] [0mEllegon <cgame>: pretty sure he's a bad guy[0m
[17:30] [0mGargoyle <cgame>: Kremlin votes to convict Al.[0m
[17:30] [0mGargoyle <cgame>: Ellegon has removed his vote for Whoknows.[0m
[17:30] [0mGargoyle <cgame>: Ellegon votes to convict Al.[0m
[17:30] [0mGargoyle <cgame>: Nauda votes to convict Al.[0m
[17:30] [0mGargoyle <cgame>: Al has removed its vote for Whoknows.[0m
[17:30] [0mGargoyle <cgame>: Al votes to convict Nauda.[0m
[17:31] [0mAl <cgame>:  -h[0m
[17:31] [0mEllegon <cgame>: you outed yourself Al.[0m
[17:31] [0mGargoyle <cgame>: One more minute left to finish voting.  The villager with[0m
[17:31] [0m                  the most votes against in a minute will be convicted. [0m
[17:31] [0m                  Ties will be broken randomly.[0m
[17:31] [0mScadar flaps : Moo-bies are really cow boobies.[0m
[17:32] [0mGargoyle <cgame>: Time's up!  The sun is setting.[0m
[17:32] [0mGargoyle <cgame>: Al, you have been convicted of participation in a[0m
[17:32] [0m                  murderous evil cult.  May the gods have mercy on your[0m
[17:32] [0m                  soul.[0m
[17:32] [0mGargoyle <cgame>: Al is led to the scaffold... as its feet twitch and the[0m
[17:32] [0m                  breath is squeezed out of its body, it is revealed to be a[0m
[17:32] [0m                  cultist![0m
[17:32] [0mGargoyle <cgame>: It is now nighttime.  Role players, make your moves.[0m
[17:32] [0mAl <cgame>: laf[0m
[17:33] [0mGargoyle <cgame>: One more minute left for role players to enter night[0m
[17:33] [0m                  actions.[0m
[17:33] [0mGargoyle <cgame>: Toad has left the game.[0m
[17:34] [0mGargoyle <cgame>: Time's up!  The sun is rising.[0m
[17:34] [0mGargoyle <cgame>: No one was murdered by the cultists tonight.[0m
[17:34] [0mGargoyle <cgame>: It is now daytime.  It is time to convict someone.[0m
[17:34] [0mGargoyle <cgame>: Kremlin votes to convict Ellegon.[0m
[17:35] [0mGargoyle <cgame>: One more minute left to finish voting.  The villager with[0m
[17:35] [0m                  the most votes against in a minute will be convicted. [0m
[17:35] [0m                  Ties will be broken randomly.[0m
[17:35] [0mGargoyle <cgame>: Ellegon votes to convict Kremlin.[0m
[17:35] [0mEllegon <cgame>: clearly, you're affraid of me, Cultist.[0m
[17:36] [0mEllegon <cgame>: FYI, Kremlin is cultist or I'll destroy my cult thingy.[0m
[17:36] [0mGargoyle <cgame>: Time's up!  The sun is setting.[0m
[17:36] [0mGargoyle <cgame>: Kremlin, you have been convicted of participation in a[0m
[17:36] [0m                  murderous evil cult.  May the gods have mercy on your[0m
[17:36] [0m                  soul.[0m
[17:36] [0mGargoyle <cgame>: The angry village ties Kremlin to a stake and lights a[0m
[17:36] [0m                  fire beneath.  As his agonized death screams echo through[0m
[17:36] [0m                  the village, he is revealed to be an innocent![0m
[17:36] [0mGargoyle <cgame>: It is now nighttime.  Role players, make your moves.[0m
[17:36] [0mEllegon <cgame>: ok, so mistakes were made.[0m
[17:37] [0mGargoyle <cgame>: One more minute left for role players to enter night[0m
[17:37] [0m                  actions.[0m
[17:38] [0mGargoyle <cgame>: Time's up!  The sun is rising.[0m
[17:38] [0mGargoyle <cgame>: No one was murdered by the cultists tonight.[0m
[17:38] [0mGargoyle <cgame>: It is now daytime.  It is time to convict someone.[0m
[17:38] [0mGargoyle <cgame>: Inago has been booted from the game by Voodoo.[0m
[17:38] [0mVoodoo <cgame>: from the grave![0m
[17:38] [0mGargoyle <cgame>: Nauda votes to convict Roken.[0m
[17:39] [0mGargoyle <cgame>: One more minute left to finish voting.  The villager with[0m
[17:39] [0m                  the most votes against in a minute will be convicted. [0m
[17:39] [0m                  Ties will be broken randomly.[0m
[17:39] [0mEllegon <cgame>: no idea.[0m
[17:40] [0mGargoyle <cgame>: Time's up!  The sun is setting.[0m
[17:40] [0mGargoyle <cgame>: Roken, you have been convicted of participation in a[0m
[17:40] [0m                  murderous evil cult.  May the gods have mercy on your[0m
[17:40] [0m                  soul.[0m
[17:40] [0mGargoyle <cgame>: The angry, vengeful villagers rush Roken and knock him[0m
[17:40] [0m                  over.  Jumping and stamping, they trample the life from[0m
[17:40] [0m                  his body.  As his breath ceases, Roken is revealed to be a[0m
[17:40] [0m                  cultist![0m
[17:40] [0mGargoyle <cgame>: It is now nighttime.  Role players, make your moves.[0m
[17:41] [0mGargoyle <cgame>: One more minute left for role players to enter night[0m
[17:41] [0m                  actions.[0m
[17:42] [0mGargoyle <cgame>: Time's up!  The sun is rising.[0m
[17:42] [0mGargoyle <cgame>: No one was murdered by the cultists tonight.[0m
[17:42] [0mGargoyle <cgame>: It is now daytime.  It is time to convict someone.[0m
[17:42] [0mGargoyle <cgame>: Nauda votes to convict Mellaous.[0m
[17:42] [0mGargoyle <cgame>: Ellegon votes to convict Mellaous.[0m
[17:43] [0mGargoyle <cgame>: One more minute left to finish voting.  The villager with[0m
[17:43] [0m                  the most votes against in a minute will be convicted. [0m
[17:43] [0m                  Ties will be broken randomly.[0m
[17:44] [0mGargoyle <cgame>: Time's up!  The sun is setting.[0m
[17:44] [0mGargoyle <cgame>: Mellaous, you have been convicted of participation in a[0m
[17:44] [0m                  murderous evil cult.  May the gods have mercy on your[0m
[17:44] [0m                  soul.[0m
[17:44] [0mGargoyle <cgame>: Mellaous is led to the scaffold... as her feet twitch and[0m
[17:44] [0m                  the breath is squeezed out of her body, she is revealed to[0m
[17:44] [0m                  be a cultist![0m
[17:44] [0mGargoyle <cgame>: All the cultists are dead.  The village wins![0m
[17:44] [0mGargoyle <cgame>: Remaining roles: none![0m
[17:44] [0mGargoyle <cgame>: Crolack has joined the game.[0m
[17:44] [0mNauda <cgame>: yay[0m
[17:44] [0mGargoyle <cgame>: Voodoo has joined the game.[0m
[17:44] [0mGargoyle <cgame>: Nightrider has joined the game.[0m
[17:44] [0mVoodoo <cgame>: Christmas is saved![0m
[17:44] [0mNightrider <cgame>: silly game[0m
[17:44] [0mNauda <cgame>: all thanks to Crolack for tellhing who the cultists were[0m
[17:45] [0mEllegon <cgame>: I thought Nauda was a greeny, you were just guessing?[0m
[18:01] [0m[32;1mFrom afar, Ser pokes you in the ribs.[0m[0m
[18:02] [0m[32mSer tells you:[0m if you level past 60 you have to get gear every boot[0m
[18:02] [0m[32mSer tells you:[0m and trust me the gear you have is way OP for what you could[0m
[18:02] [0m        acquire[0m
[18:02] [0m[32mSer tells you:[0m your damage is more affected by gxp than xp[0m
[18:02] [0m[32mSer tells you:[0m so i would just keep gxping until you're 35-40, then burn[0m
[18:02] [0m        it all[0m
[18:03] [0m[32mSer tells you:[0m also i have another piece of eq for you[0m
[18:06] [0mHyuga [Jedi(87)]: more gear? you can buy a robe and get a lightsaber. what[0m
[18:06] [0m                  more do you want? :)[0m
[18:06] [0mHyuga [Jedi(87)]: just get the High Ground and you are set[0m
[18:09] [0m[32mSer tells you:[0m so if you respond i can get it to you[0m
[18:11] [0m[32mYou tell Ser:[0m where did you find the black armor[0m
[18:26] [0m[32mYou tell Ser:[0m why am i stuck at scaler 44 when i set it hgiher?[0m
[18:26] [0m[32mYou tell Ser:[0m i cleared dungeon i think when bot runs its course... and[0m
[18:26] [0m        exited and went elsewhere came back. still same scale[0m
[18:27] [0m[32mSer tells you:[0m dungeons[0m
[18:29] [0m[32mYou tell Ser:[0m ok i dont know where others are[0m
[18:30] [0m[32mYou tell Ser:[0m rating 1.5 / 30 minutes[0m
[18:31] [0m[32mSer tells you:[0m what[0m
[18:31] [0m[32mYou tell Ser:[0m still rating 1.5m/30 minutes at scale lvl 44 in chess[0m
[18:32] [0m[32mSer tells you:[0m wait for dungeon to reset[0m
[18:32] [0m[32mYou tell Ser:[0m so longer than a quickie bang at mahjongg?[0m
[18:52] [0mnewb Nani [priest/22]: i am supposed to be using the skill points i got like[0m
[18:52] [0m                       11[0m
[18:53] [0mnewb Byron [bard/133]: They're helpful[0m
[18:53] [0mnewb Byron [bard/133]: There's a 3k wiki with a lot of info on skills and[0m
[18:53] [0m                       trainers[0m
[18:53] [0mnewb Byron [bard/133]: And what each does.[0m
[18:55] [0mnewb Thom [bard/40]: 3kwiki.com[0m
[18:55] [0mnewb Thom [bard/40]: i use the site a lot XD[0m
[18:55] [0mnewb Saim [jedi/134]: the only must have is cartography imo[0m
[18:55] [0mnewb Nani [priest/22]: looking it over now[0m
[18:55] [0mnewb Saim [jedi/134]: 2/3 works fine[0m
[18:57] [0mnewb Nani [priest/22]: just feel like i hit a wall right now the places i[0m
[18:57] [0m                       was exp slowed down not sure where get to go[0m
[18:58] [0mnewb Sky [juggernaut/131]: explore! find new places (but prepare to die)[0m
[18:59] [0mnewb Inix [juggernaut/137]: 'help areadirections' has some good starters[0m
[18:59] [0mnewb Nani [priest/22]: should i be in level 20 areas or in 17 still[0m
[19:04] [0mnewb Inix [juggernaut/137]: THey aren't precisely rated...you'll just have[0m
[19:04] [0m                            to try them out to see how well you do.[0m
[19:05] [0mHyuga [Jedi(87)]: that thing used to be super prized by mages. tranzic[0m
[19:05] [0m                  usually had it[0m
[19:05] [0mHyuga [Jedi(87)]: err wl[0m
[19:05] [0mnewb Thom [bard/40]: pretty much. just gotta figure out where you can[0m
[19:05] [0m                     survive and when you gotta run xD[0m
[19:05] [0mnewb Nani [priest/22]: thanks[0m
[19:09] [0m[32mYou tell Ser:[0m maybe ive never cleared the upper level of chessboard[0m
[19:09] [0m[32mYou tell Ser:[0m i see you have chessboard2 bot[0m
[19:09] [0m[32mYou tell Ser:[0m gamechanger![0m
[19:11] [0mnewb Thom [bard/40]: you may find the consider command to be useful for[0m
[19:11] [0m                     gagueing enemies, in a relative sense[0m
[19:11] [0mnewb Nani [priest/22]: thanks[0m
[19:11] [0mnewb Inix [juggernaut/137]: or you may find it garbage, who knows[0m
[19:12] [0mnewb Zor [priest/130]: or it may get you killed[0m
[19:43] [0mGargoyle <cgame>: Nik has joined the game.[0m
[19:43] [0mGargoyle <cgame>: Jasmine has joined the game.[0m
[19:43] [0mJasmine <cgame>: 2 more to kill or boot nik[0m
[20:05] [0m[34;1mJasmine shouts:[0m PLAYCULT! 2 more to kill or boot nik[0m
[20:06] [0m[34;1mNik shouts:[0m ill boot your face[0m
[20:06] [0m[34;1mHyuga shouts:[0m you do the tokey smokey and you burn it all out. thats what[0m
[20:06] [0m              its all about[0m
[20:07] [0m[34;1mOreo shouts:[0m booting sounds fun[0m
[20:07] [0m[34;1mHyuga shouts:[0m boofing?[0m
[20:23] [0mNightrider -=(OMP)=- so is this going to happen?[0m
[20:26] [0mJasmine <cgame>: Omigosh Nik is gonna die![0m
[20:26] [0mGargoyle <cgame>: Frustrated has joined the game.[0m
[20:27] [0mJasmine <cgame>: 1 more[0m
[20:27] [0mNik <cgame>: im invincible[0m
[20:35] [0mNik <cgame>: join so i can boot Jas's ass[0m
[20:40] [0mGargoyle <cgame>: Edward has joined the game.[0m
[20:40] [0mGargoyle <cgame>: The game begins![0m
[20:40] [0mGargoyle <cgame>: An evil cult is hidden amongst the villagers of Black[0m
[20:40] [0m                  River.  The village is sleeping peacefully one night as[0m
[20:40] [0m                  the cult emerges....  It is now night time.  Role players,[0m
[20:40] [0m                  please enter your actions.[0m
[20:40] [0mFrustrated <cgame>: jasmine did it[0m
[20:40] [0mGargoyle <cgame>: Crolack has been booted from the game by Frustrated.[0m
[20:41] [0mGargoyle <cgame>: One more minute left for role players to enter night[0m
[20:41] [0m                  actions.[0m
[20:42] [0mGargoyle <cgame>: Time's up!  The sun is rising.[0m
[20:42] [0mGargoyle <cgame>: No one was murdered by the cultists tonight.[0m
[20:42] [0mGargoyle <cgame>: It is now daytime.  It is time to convict someone.[0m
[20:42] [0m[32mYou tell Ser:[0m love to have a small vlc linux box[0m
[20:43] [0mGargoyle <cgame>: One more minute left to finish voting.  The villager with[0m
[20:43] [0m                  the most votes against in a minute will be convicted. [0m
[20:43] [0m                  Ties will be broken randomly.[0m
[20:44] [0mGargoyle <cgame>: Time's up!  The sun is setting.[0m
[20:44] [0mGargoyle <cgame>: Voodoo, you have been convicted of participation in a[0m
[20:44] [0m                  murderous evil cult.  May the gods have mercy on your[0m
[20:44] [0m                  soul.[0m
[20:44] [0mGargoyle <cgame>: The village mob grabs Voodoo and drags him to the[0m
[20:44] [0m                  headsman.  The terrible axe falls.  As Voodoo's headless[0m
[20:44] [0m                  body twitches, he is revealed to be the vigilante![0m
[20:44] [0mGargoyle <cgame>: It is now nighttime.  Role players, make your moves.[0m
[20:45] [0mGargoyle <cgame>: One more minute left for role players to enter night[0m
[20:45] [0m                  actions.[0m
[20:46] [0mGargoyle <cgame>: Time's up!  The sun is rising.[0m
[20:46] [0mGargoyle <cgame>: No one was murdered by the cultists tonight.[0m
[20:46] [0mGargoyle <cgame>: It is now daytime.  It is time to convict someone.[0m
[20:46] [0mGargoyle <cgame>: Frustrated votes to convict Nik.[0m
[20:47] [0mGargoyle <cgame>: One more minute left to finish voting.  The villager with[0m
[20:47] [0m                  the most votes against in a minute will be convicted. [0m
[20:47] [0m                  Ties will be broken randomly.[0m
[20:48] [0mGargoyle <cgame>: Nik has been booted from the game by Jasmine.[0m
[20:48] [0mGargoyle <cgame>: Time's up!  The sun is setting.[0m
[20:48] [0mGargoyle <cgame>: Nik, you have been convicted of participation in a[0m
[20:48] [0m                  murderous evil cult.  May the gods have mercy on your[0m
[20:48] [0m                  soul.[0m
[20:48] [0mGargoyle <cgame>: The village mob seizes Nik and hurls him off a cliff.  As[0m
[20:48] [0m                  his broken body becomes still at the bottom, he is[0m
[20:48] [0m                  revealed to be an innocent![0m
[20:48] [0mGargoyle <cgame>: It is now nighttime.  Role players, make your moves.[0m
[20:48] [0mJasmine <cgame>: lol was booted and killed[0m
[20:48] [0mFrustrated <cgame>: double hit[0m
[20:49] [0mGargoyle <cgame>: One more minute left for role players to enter night[0m
[20:49] [0m                  actions.[0m
[20:50] [0mGargoyle <cgame>: Time's up!  The sun is rising.[0m
[20:50] [0mGargoyle <cgame>: No one was murdered by the cultists tonight.[0m
[20:50] [0mGargoyle <cgame>: It is now daytime.  It is time to convict someone.[0m
[20:50] [0mGargoyle <cgame>: Jasmine votes to convict Edward.[0m
[20:51] [0mGargoyle <cgame>: One more minute left to finish voting.  The villager with[0m
[20:51] [0m                  the most votes against in a minute will be convicted. [0m
[20:51] [0m                  Ties will be broken randomly.[0m
[20:52] [0mGargoyle <cgame>: Time's up!  The sun is setting.[0m
[20:52] [0mGargoyle <cgame>: Edward, you have been convicted of participation in a[0m
[20:52] [0m                  murderous evil cult.  May the gods have mercy on your[0m
[20:52] [0m                  soul.[0m
[20:52] [0mGargoyle <cgame>: The village descends upon Edward with clubs.  As the[0m
[20:52] [0m                  cudgels pound up and down on her body, she is revealed to[0m
[20:52] [0m                  be a cultist![0m
[20:52] [0mGargoyle <cgame>: All the cultists are dead.  The village wins![0m
[20:52] [0mGargoyle <cgame>: Remaining roles: none![0m
[20:52] [0mNightrider <cgame>: woo[0m
[20:52] [0mJasmine <cgame>: I win![0m
[20:52] [0mFrustrated <cgame>: good job jasmine[0m
[20:53] [0mGargoyle <cgame>: Nik has joined the game.[0m
[20:53] [0mGargoyle <cgame>: Frustrated has joined the game.[0m
[20:59] [0m[32mCK30 says: [0mHello Roken!                                                    [0m
[21:02] [0m[32;1mFrom afar, Ser shouts 'WAKE UP!' at you. (at 10:02 pm)[0m[0m
[21:02] [0m[32mSer tells you:[0m yo[0m
[21:02] [0m[32mCK30 says: [0mHello Roken!                                                    [0m
[21:03] [0m[32mYou tell Ser:[0m hey[0m
[21:03] [0m[32mSer tells you:[0m upper level isnt dungeon[0m
[21:03] [0m[32mYou tell Ser:[0m gotta go to smithy[0m
[21:03] [0m[32mSer tells you:[0m and its tiny[0m
[21:03] [0m[32mSer tells you:[0m and its tiny[0m
[21:03] [0m[32mSer tells you:[0m like mob size is[0m
[21:03] [0m[32mYou tell Ser:[0m heh well don't know what you mean by dungeon reset then[0m
[21:03] [0m[32mSer tells you:[0m smithy is s/e/s from cot[0m
[21:03] [0m[32mSer tells you:[0m meet @ cot[0m
[21:04] [0m[32mYou tell Ser:[0m iknow[0m
[21:04] [0m[32mSer tells you:[0m been mudding on my laptop for the last few days[0m
[21:04] [0m[32mYou tell Ser:[0m everything packed?[0m
[21:04] [0m[32mSer tells you:[0m nothing is[0m
[21:04] [0m[32mYou tell Ser:[0m well uh keyboard broke?[0m
[21:05] [0m[32mSer tells you:[0m nah just watching anime[0m
[21:05] [0m[32mYou tell Ser:[0m coffee nut[0m
[21:05] [0m[32mYou tell Ser:[0m i am at cot[0m
[21:05] [0m[32mYou say:[0m  hi[0m
[21:05] [0m[32mSer tells you:[0m get headband from bag[0m
[21:05] [0m[32mSer tells you:[0m & taco[0m
[21:06] [0m[32mSer tells you:[0m then give me back bag[0m
[21:06] [0m[32mSer tells you:[0m eat taco[0m
[21:06] [0m[32mSer tells you:[0m wear headband[0m
[21:06] [0m[32mSer tells you:[0m enjoy[0m
[21:07] [0m[32mSer tells you:[0m after you give me back bag[0m
[21:07] [0m[32mYou say:[0m  did i give bag back?[0m
[21:07] [0m[32mSer tells you:[0m no[0m
[21:07] [0m[32mYou say:[0m  how[0m
[21:07] [0m[32mSer tells you:[0m give bag to ser[0m
[21:08] [0m[32mSer says:[0m Brigga Bragga!  Hizzie wizzie snizzie lizzie!  CHOWDA CHOWDA CHOWDA!!!![0m
[21:08] [0m[32mYou tell Ser:[0m im over encumbered[0m
[21:08] [0m[32mSer tells you:[0m ok[0m
[21:08] [0m[32mSer tells you:[0m go put some coins in bank[0m
[21:08] [0m[32mSer tells you:[0m and eat taco[0m
[21:08] [0m[32mSer tells you:[0m and keep all equip[0m
[21:11] [0m[32mYou tell Ser:[0m eq has headband under unknown[0m
[21:11] [0m[32;1mFrom afar, Ser nods to you.[0m[0m
[21:11] [0m[32mSer tells you:[0m that's normal[0m
[21:11] [0m[32mSer tells you:[0m that's the slot it takes[0m
[21:11] [0m[32mYou tell Ser:[0m ok why not head[0m
[21:11] [0m[32mYou tell Ser:[0m logical slot[0m
[21:11] [0m[32mSer tells you:[0m i dont fucking know[0m
[21:11] [0m[32mSer tells you:[0m i didnt code the object[0m
[21:11] [0m[32mSer tells you:[0m it also doesnt have ac[0m
[21:11] [0m[32mSer tells you:[0m so ???[0m
[21:12] [0m[32mYou tell Ser:[0m ac[0m
[21:12] [0m[32mSer tells you:[0m but it heals & provides dr[0m
[21:12] [0m[32mSer tells you:[0m armor class[0m
[21:12] [0m[32mYou tell Ser:[0m dr[0m
[21:12] [0m[32mSer tells you:[0m your 'resistances' under eq[0m
[21:12] [0m[32mSer tells you:[0m damage reduction[0m
[21:12] [0m[32mYou tell Ser:[0m noice thanks[0m
[21:12] [0m[32mSer tells you:[0m reduces damage taken but not ac[0m
[21:12] [0m[32mYou tell Ser:[0m the day you become a wiwzard[0m
[21:13] [0m[32mSer tells you:[0m i'll dest you for asking too many questions[0m
[21:13] [0m[32mSer tells you:[0m nah to do that i have to give up all my characters at first[0m
[21:13] [0m[32mSer tells you:[0m i wanna beat the game first[0m
[21:13] [0m[32;1mFrom afar, Ser grins at you.[0m[0m
[21:13] [0m[32mYou tell Ser:[0m so when you are 50?[0m
[21:13] [0m[32mSer tells you:[0m maybe[0m
[21:14] [0m[32mSer tells you:[0m or 36[0m
[21:14] [0m[32mYou tell Ser:[0m able to play my character?[0m
[21:14] [0m[32mYou tell Ser:[0m with yours[0m
[21:15] [0m[34;1mArchangel shouts:[0m Woo!![0m
[21:15] [0m[34;1mBurnaby shouts:[0m THWEET![0m
[21:17] [0m[32mYou tell Ser:[0m too many cells maybe for 52 str[0m
[21:18] [0m[32mYou tell Ser:[0m wild[0m
[21:18] [0m[32mYou tell Ser:[0m gone[0m
[21:29] [0m[32mSer tells you:[0m do i gotta switch to my desktop just to chat with you[0m
[21:34] [0m[32mYou tell Ser:[0m what's your discord?[0m
[21:36] [0mRoken flaps : 3k discord?[0m
[21:38] [0mRoken [Jedi(27)]: 3k discord?[0m
[21:43] [0mThom flaps : xd that already exists :P[0m
[21:44] [0mSer flaps : what is it[0m
[21:46] [0m[34;1mVagrant shouts:[0m I AM KITT[0m
[21:46] [0m[34;1mKitt shouts:[0m I AM VAGRANT[0m
[21:48] [0m[34;1mBurnaby shouts:[0m Wrong. I am Schrute.[0m
[21:59] [0mXiu flaps : i've whinged on about this before but can we get the "when"[0m
[21:59] [0m            command to ignore scan shielding? i mean it's meant to tell you[0m
[21:59] [0m            if it's somebody's mob (and if so, who) not reveal details about[0m
[21:59] [0m            its class or dmg types or anything.[0m
[22:05] [0m[34;1mSpace shouts:[0m Death Cow disposed. You feel refreshed after your good deed.[0m
[22:08] [0m[32mSer tells you:[0m on steam[0m
[22:31] [0m[32mSer tells you:[0m nothing[0m
[22:44] [0m[32mSock tells you:[0m ok[0m
[22:48] [0mVolagas [Jedi(37)]: Woot! That's like two shields put together wow... good[0m
[22:48] [0m                    snag.[0m
[22:54] [0m[32mCK30 says: [0mHello Roken!                                                    [0m
[22:58] [0m[32;1mFrom afar, Simonz goes 'Woo Woo!' at you.[0m[0m
[23:00] [0m[32mGoblin says: Kill 'em! They looks like they gots some good stuff![0m[0m
[23:01] [0m[32mScout says: One day we shall exact our revenge on Zalasta and his followers,[0m
[23:05] [0m[32mSock tells you:[0m you're about to get a new best kill[0m
[23:06] [0m[32mSock tells you:[0m 288k[0m
[23:28] [0m[32mYou say: [0mcraftmenow                                                           [0m
[23:28] [0;32mChavee says: [0mDone!  Welcome to the Crafter's Guild!  Feel free to explore![0m
[23:28] [0m             Make sure you speak with each of the individual trainers to[0m
[23:28] [0m             learn a profession!                                          [0m
[23:28] [0m[32mCK30 says: [0mHello Roken!                                                    [0m
[23:31] [0m[32mYou tell Ser:[0m craftmenow?[0m
[23:31] [0m[32mSer tells you:[0m gives you a satchel that automatically picks up crafting[0m
[23:31] [0m        ingredient[0m
[23:31] [0m[32mSer tells you:[0m i.e. all those fragments/essences[0m
[23:46] [0m[32mYou tell Ser:[0m crafting is for what?[0m
[23:46] [0m[32mSer tells you:[0m crafthelp[0m
[23:48] [0m[32mSer tells you:[0m you may die there[0m
[23:48] [0m[32mSer tells you:[0m just a warning[0m
[23:48] [0m[32mSer tells you:[0m but you seem to be doing pretty good[0m
[23:48] [0m[32;1mFrom afar, Ser shrugs at you.[0m[0m
[23:48] [0m[32mYou tell Ser:[0m dont lwt me[0m
[23:48] [0m[32mSer tells you:[0m shrug[0m
[23:49] [0m[32mSer tells you:[0m 50m to reset, you're tanking 4 mobs[0m
[23:49] [0m[32mYou tell Ser:[0m not about to die a 5th tkme[0m
[23:49] [0m[32mYou tell Ser:[0m not about to die a 5th tkme[0m
[23:49] [0m[32mSer tells you:[0m you're tanking 4 mobs[0m
[23:49] [0m[32mSer tells you:[0m Deaths   : 305[0m
[23:52] [0m[32mSer tells you:[0m ok finished steins gate i'm going to bed[0m
[23:54] [0m[32mYou tell Ser:[0m good night!![0m
