- = LOG STARTED [00:00] = -
[00:03] [0m[37;1m[JEDI]:[0m Durnoth arrives at the Academy.[0m
[00:06] [0m[33;1m[Clan] Xaryl :[0m oops[0m
[00:07] [0mYour transmuter's stone bursts with 6 new colours![0m
[00:08] [0m[33;1m[Clan] Roken :[0m killed 19 at least, all smalls[0m
[00:08] [0m[33;1m[Clan] Xaryl :[0m nice[0m
[00:08] [0m[33;1m[Clan] Roken :[0m had to keep peacing and roughly 80 rounds :( pfft not quite ready[0m
[00:09] [0mRoken <Craft>: I don't want to craft ... I want to be a LUMBERJACK!![0m
[00:09] [0m[33;1m[Clan] Roken :[0m oh ser isn't on.. coaxed me into =/[0m
[00:38] [0m[37;1m[JEDI]:[0m Rhaan arrives at the Academy.[0m
[00:46] [0m[34;1mFluffy shouts:[0m where is crow-slack ... i want a cow to kick around!??![0m
[00:46] [0m[34;1mNik shouts:[0m musta crackish[0m
[00:47] [0m[34;1mHyuga shouts:[0m he and the cows are having... quality time[0m
[01:06] [0m[37;1m[JEDI]:[0m Bithoff Jonansaan arrives at the Academy.[0m
[01:07] [0mYour transmuter's stone bursts with 6 new colours![0m
[01:13] [0m[33;1m[Clan] Martyr :[0m night[0m
[01:35] [0m[32mFluffy tells you:[0m you have a smelly droid[0m
[01:37] [0m[32;1mFrom afar, you burst into tears because of Fluffy.[0m[0m
[01:41] [0m[37;1m[JEDI]:[0m Kerran Halcyon arrives at the Academy.[0m
[01:51] [0m[34;1mFluffy shouts:[0m Your talisman grows warm.[0m
[01:52] [0mCandi says: I can give it as rough as you like, baby!                      [0m
[01:52] [0mCandi says: You leave my corpse alone, you hear?[0m
[01:52] [0mBertolo says: I'll take care of this mess.                                 [0m
[01:56] [0mDakeda flaps : Anyone know how to get rid of random whitespace and weird characters like ยก and[0m
[01:56] [0m               ยง appearing onscreen in cmud?[0m
[02:02] [0m[32mZachary says: [0mI got tiger blood in my veins.  How 'bout you?[0m
[02:02] [0mZachary says: May your face melt off and your children weep over[0m
[02:05] [0mXiu flaps : dunno but if you smoke the right herbs you can read those funky characters and the[0m
[02:05] [0m            story's a hoot[0m
[02:05] [0mFluffy flaps : turn in, tune out ... kill whitey![0m
[02:05] [0mBabylon flaps : I took that class in college, it says 'send nudes[0m
[02:05] [0mVagrant flaps : laf[0m
[02:06] [0mVagrant flaps : not sure why you get those chars Dakeda, I use cmud and don't... probably a[0m
[02:06] [0m                setting somewhere you have, what are you doing when they appear? alternative you[0m
[02:06] [0m                could jsut gag them if you can't figure it out[0m
[02:07] [0mKirrin flaps : most likely an emulation setting or terminal type change[0m
[02:07] [0mVoodoo flaps : wearing pants has been linked to random whitespace and weird characters in cmud[0m
[02:07] [0mYour transmuter's stone bursts with 4 new colours![0m
[02:09] [0m[Auction] Vagrant (necr) : auction, enchanter, counterpoise[0m
[02:13] [0m[37;1m[JEDI]:[0m Reena Bel Noir arrives at the Academy.[0m
[02:35] [0m[32mPedestrian says: [0mPardon me, do you know what time it is?[0m
[02:35] [0m[32mPedestrian says: [0mI hate this smog, I haven't seen the sun in weeks.[0m
[02:41] [0m[33;1m[Clan] Archangel :[0m Night all[0m
[02:51] [0m[37;1m[JEDI]:[0m Herah Wylann arrives at the Academy.[0m
[03:08] [0mYour transmuter's stone bursts with 5 new colours![0m
[03:25] [0m[34;1mFluffy shouts:[0m big letters[0m
[03:25] [0m[34;1mEagleeyes shouts:[0m congrats[0m
[03:25] [0m[34;1mBoosh shouts:[0m 5 more in 5 more years[0m
[03:25] [0m[34;1mHooligan shouts:[0m woo[0m
[03:29] [0m[37;1m[JEDI]:[0m Ylenic It'kla arrives at the Academy.[0m
[03:50] [0mDakeda flaps : anyone else seeing weird characters on their screen?[0m
[03:52] [0mKrataok flaps : nope, other than this channel[0m
[03:52] [0mKrataok flaps : bazinga[0m
[03:57] [0m[37;1m[JEDI]:[0m Kerran Halcyon arrives at the Academy.[0m
[04:00] [0m[34;1mJasmine shouts:[0m DIRTY FILTHY MEMORY![0m
[04:27] [0m[37;1m[JEDI]:[0m Bithoff Jonansaan arrives at the Academy.[0m
[04:55] [0m[37;1m[JEDI]:[0m Alyssa K'tal arrives at the Academy.[0m
[11:50] [0m[34;1mKitt shouts:[0m See kids, look what happens when you dont Answer a Wiz right away[0m
[11:57] [0m[34;1mMartyr shouts:[0m I missed it, smite him again[0m
[11:58] [0m[33;1m[Clan] Martyr :[0m who got smited?[0m
[11:58] [0m[33;1m[Clan] Phenom :[0m dunno i saw no smiting[0m
[11:58] [0m[33;1m[Clan] Roken :[0m says kitt died to a zombie once[0m
[12:01] [0mCandi says: I can give it as rough as you like, baby!                      [0m
[12:01] [0mCandi says: Let's see just what you taste like...                          [0m
[12:01] [0mCandi says: You leave my corpse alone, you hear?[0m
[12:02] [0mBertolo says: Y'know what we got here? Motherfuckin' Charlie Bronson!      [0m
[12:07] [0m[37;1m[JEDI]:[0m Tobias Kel'ach'nar arrives at the Academy.[0m
[12:11] [0m[32mZachary says: [0mI got tiger blood in my veins.  How 'bout you?[0m
[12:11] [0mZachary says: May your face melt off and your children weep over[0m
[12:13] [0mBertolo says: Y'know what we got here? Motherfuckin' Charlie Bronson!      [0m
[12:18] [0mYour transmuter's stone bursts with 2 new colours![0m
[12:21] [0m[34;1mFluffy shouts:[0m big letters[0m
[12:22] [0m[32;1mFrom afar, you cheer Eagleeyes on!!![0m[0m
[12:27] [0m[35;1mSimonz [Jedi(Knight)]:[0m lol[0m
[12:28] [0m[35;1mSimonz [Jedi(Knight)]:[0m w/l[0m
[12:30] [0m[Auction] Robert : Up for bids: Sapphire ring.[0m
[12:30] [0m[Auction] Robert : Nik has requested 42 as the opening offer.[0m
[12:30] [0m[Auction] Robert : Got 420 from Fluffy(chan).  Do I hear 470?[0m
[12:30] [0m[Auction] Robert : 420 going once![0m
[12:31] [0m[Auction] Robert : 420 going twice![0m
[12:31] [0m[Auction] Robert : Sold to Fluffy for 420 coins![0m
[12:41] [0m<- ! The Vigilant ! -> :  A destabilization Kayos event has been detected in Northern Hills of[0m
[12:41] [0m                          Fantasy!  We are localizing it now - get ready![0m
[12:45] [0m[37;1m[JEDI]:[0m Herah Wylann arrives at the Academy.[0m
[12:49] [0mSimonz flaps : ngate/9n/2e[0m
[12:54] [0mRoken flaps : damage type?[0m
[12:55] [0mSimonz flaps : blunt[0m
[12:56] [0m[32;1mFrom afar, you moo at Simonz.[0m[0m
[13:15] [0m[32mYou say:[0m Wizza Wazza!  Da bibble for rizzle Wikkie Wakky Yakko Wakko and Dot![0m
[13:17] [0m[34;1mKitt shouts:[0m I got A Blunt[0m
[13:18] [0m[37;1m[JEDI]:[0m Alyssa K'tal arrives at the Academy.[0m
[13:18] [0mYour transmuter's stone bursts with 4 new colours![0m
[13:26] [0m[32mYou tell Simonz:[0m 1.6B tnl :D Moooooo[0m
[13:37] [0mTuba <Craft>: I don't want to craft ... I want to be a LUMBERJACK!![0m
[13:48] [0m[37;1m[JEDI]:[0m Kerran Halcyon arrives at the Academy.[0m
[13:57] [0m[33;1m[Clan] Void enters the game.[0m  [0m
[14:12] [0m[37;1m[JEDI]:[0m H'ssani C'talan arrives at the Academy.[0m
[14:16] [0m[32mSmith says:[0m You require 68 coins to repair *Pitch Black Boots [Transmuted to ring] (worn on feet).[0m
[14:19] [0mYour transmuter's stone bursts with 4 new colours![0m
[14:38] [0m[33;1m[Clan] Xaryl :[0m year! no tag for me[0m
[14:38] [0m[33;1m[Clan] Mud :[0m same[0m
[14:38] [0m[33;1m[Clan] Archangel :[0m yeah, no tag[0m
[14:41] [0m[37;1m[JEDI]:[0m Wennic Ber'ni'lok arrives at the Academy.[0m
[14:41] [0m[34;1mSpace shouts:[0m Assassin has OG day 7, bug him ![0m
[14:42] [0m[34;1mHyuga shouts:[0m Syntax: bug <descriptive text (more than 1 word)>[0m
[14:43] [0m[34;1mHyuga shouts:[0m ur mom is on the ground now[0m
[14:43] [0m[34;1mSer shouts:[0m ur face[0m
[14:43] [0m[34;1mHyuga shouts:[0m oops wl[0m
[14:44] [0m[34;1mMellaous shouts:[0m DOH[0m
[14:45] [0m[34;1mMellaous shouts:[0m This is why Fluffy usually stay's in the house.[0m
[14:46] [0m[34;1mInago shouts:[0m Fluffes eunt domus![0m
[14:47] [0m[34;1mSpace shouts:[0m LAST call for string dup, its about to be used up[0m
[14:49] [0m[33;1m[Clan] Xaryl :[0m got tag![0m
[14:49] [0m[33;1m[Clan] Xaryl :[0m now need a string party[0m
[14:49] [0m[33;1m[Clan] Xaryl :[0m laugh![0m
[14:50] [0m[33;1m[Clan] Ser :[0m nice, i had mine from last boot[0m
[14:51] [0m[33;1m[Clan] Xaryl :[0m Ftouch Med & Ser?[0m
[14:51] [0m[33;1m[Clan] Xaryl :[0m Mud[0m
[14:51] [0m[33;1m[Clan] Mud :[0m sure, where at?[0m
[14:51] [0m[33;1m[Clan] Xaryl :[0m at SS[0m
[14:52] [0m[33;1m[Clan] Martyr :[0m day 7?[0m
[14:54] [0mCrolack flaps : All the 'c's in Pacific Ocean are pronounced differently.[0m
[14:54] [0m[34;1mFluffy shouts:[0m need a light ?[0m
[14:55] [0m[34;1mInago shouts:[0m Job's finished![0m
[14:55] [0m[34;1mRaest shouts:[0m sell me some propane and propane accessories[0m
[14:55] [0m[34;1mBurnaby shouts:[0m Someone call for an exterminator?[0m
[14:55] [0m[34;1mCrolack shouts:[0m I tell you what[0m
[14:55] [0m[34;1mKrataok shouts:[0m Pocket sand?[0m
[14:55] [0m[34;1mBoosh shouts:[0m chickenbutt said what[0m
[14:56] [0m[34;1mDin shouts:[0m which?[0m
[14:59] [0m[34;1mNik shouts:[0m entaro adun[0m
[15:02] [0m[34;1mNik shouts:[0m playcult like you trust kerrigan, multiple times[0m
[15:04] [0m[34;1mLeto shouts:[0m nancy kerrigan?[0m
[15:09] [0m[37;1m[JEDI]:[0m Durnoth arrives at the Academy.[0m
[15:19] [0mYour transmuter's stone bursts with 6 new colours![0m
[15:39] [0m[32mFrank says:[0m I did NOT see that coming![0m
[15:42] [0m[37;1m[JEDI]:[0m Bithoff Jonansaan arrives at the Academy.[0m
[16:04] [0m[34;1mJasmine shouts:[0m PLAYCULT! One more needed to kill Nik![0m
[16:06] [0m[33;1m[Clan] Seoman enters the game.[0m  [0m
[16:07] [0m[37;1m[JEDI]:[0m Rhaan arrives at the Academy.[0m
[16:19] [0mYour transmuter's stone bursts with 6 new colours![0m
[16:29] [0mNauda flaps : invasion?[0m
[16:29] [0m[34;1mLeto shouts:[0m noooooo... i just took a shower.[0m
[16:30] [0m[34;1mInago shouts:[0m My 7 year old reacts to showers the same way[0m
[16:38] [0m[34;1mTurnhold shouts:[0m MMMMMmMMMMM[0m
[16:39] [0mKitt gshouts: Got MOO? Got MOO? Got Moo?[0m
[16:41] [0m[37;1m[JEDI]:[0m Janath Meelin arrives at the Academy.[0m
[17:12] [0m[35;1mSimonz [Jedi(Knight)]:[0m that might be for the regular mobs and not apply to the boss mobs?[0m
[17:14] [0m[37;1m[JEDI]:[0m Ylenic It'kla arrives at the Academy.[0m
[17:19] [0mYour transmuter's stone bursts with 5 new colours![0m
[17:32] [0m[34;1mMerrick shouts:[0m PWNT[0m
[17:33] [0m[34;1mElindal shouts:[0m pew...pewpewpew![0m
[17:33] [0m[34;1mSimonz shouts:[0m crispix is the only reasonable response[0m
[17:33] [0m[34;1mKitt shouts:[0m C Ya later Sucka[0m
[17:39] [0mScadar flaps : Taste the painbow![0m
[17:40] [0mKikipopo flaps : It's hemorrhage flavored![0m
[17:41] [0mSimonz flaps : read that wrong as hemorrhoid flavored[0m
[17:41] [0mKikipopo flaps : I mean[0m
[17:41] [0mKikipopo flaps : I never specified.[0m
[17:42] [0m[34;1mNik shouts:[0m https://tinyurl.com/qzm6yhx Keith Apicary and SKITTLES on youtubes![0m
[17:42] [0m[33;1m[Clan] Martyr :[0m Woo, got an XP / Kill tracker now.  What I'd like to do is work towards saving[0m
[17:42] [0m                it on a sql lite database on the shared drive.  Then can query/build a database[0m
[17:42] [0m                with all of us who use it.[0m
[17:44] [0m[37;1m[JEDI]:[0m Wennic Ber'ni'lok arrives at the Academy.[0m
[17:45] [0m[33;1m[Clan] Martyr :[0m Not sure how useful it would be, but more because it's so easy to make an INSERT[0m
[17:45] [0m                statement[0m
[17:46] [0m[33;1m[Clan] Nik :[0m does it put stuff together like 1-1.9m or does it save allll the exps?[0m
[17:52] [0m[33;1m[Clan] Martyr :[0m So, this is an example of the list I have running in TinTin[0m
[17:52] [0m[33;1m[Clan] Martyr :[0m Mob: A zombie bell hop waiting to carry your things  Rounds: 141   Class:[0m
[17:52] [0m                5093611   XP Gained: 4129424[0m
[17:53] [0m[33;1m[Clan] Nik :[0m thats awesome[0m
[17:53] [0m[33;1m[Clan] Martyr :[0m I also just added an Xp/Rnd thing[0m
[17:53] [0m[33;1m[Clan] Mud :[0m oh... for a sec i thought that was a 50m zombie.   was gonna say I want those![0m
[17:53] [0m[33;1m[Clan] Nik :[0m mmmm, 50m zombies[0m
[17:54] [0m[33;1m[Clan] Phenom :[0m mmm 3.1M zombies[0m
[17:54] [0m[33;1m[Clan] Martyr :[0m So, for certain areas - I've made "high target" steppers with the Xp/Rnd data.[0m
[17:54] [0m[34;1mNik shouts:[0m more smeat please![0m
[17:54] [0m[33;1m[Clan] Martyr :[0m And my stepper kills the highest Xp/Rnd stuff first, then goes to the[0m
[17:54] [0m                Middle-Tier Xp/Rnd, then everything[0m
[17:55] [0m[33;1m[Clan] Martyr :[0m (Was something I did on Byron a while ago) - but I'm abstracting it out for this[0m
[17:55] [0m                guy and tweaking stuff a bit more.[0m
[17:55] [0m[33;1m[Clan] Nik :[0m haha seems good[0m
[17:56] [0m[33;1m[Clan] Phenom :[0m your steppers are a lot better than mine, mine just attacks whatever it finds,[0m
[17:56] [0m                cancer, zombies, other players followers, etc[0m
[17:57] [0m[33;1m[Clan] Phenom :[0m packy the golem, etc[0m
[17:57] [0m[33;1m[Clan] Martyr :[0m Laf[0m
[17:57] [0m[33;1m[Clan] Martyr :[0m Your stepper has a bit more style[0m
[17:57] [0m[33;1m[Clan] Phenom :[0m but we'll always have that time in sri lanka together[0m
[17:57] [0m[35;1mSimonz [Jedi(Knight)]:[0m what scaler?[0m
[17:57] [0m[33;1m[Clan] Phenom :[0m mine has an attitude problem[0m
[17:57] [0m[33;1m[Clan] Martyr :[0m <3[0m
[17:58] [0m[35;1mBurnaby [Jedi(62)]:[0m 110[0m
[17:58] [0m[35;1mElindal [Jedi(27)]:[0m ouch[0m
[17:59] [0m[35;1mSimonz [Jedi(Knight)]:[0m yeah, it starts getting ouchy past 105 I think[0m
[18:01] [0m[5m[1m[41mYour lightsaber begins to flicker and the handle warms![0m[0m                 [0m
[18:02] [0m[34;1mThom shouts:[0m thanks![0m
[18:07] [0mCrolack flaps : brush your fires![0m
[18:11] [0m[33;1m[Clan] Xaryl :[0m some donates in[0m
[18:16] [0m[37;1m[JEDI]:[0m Talia Ska arrives at the Academy.[0m
[18:16] [0m[33;1m[Clan] Martyr :[0m woo[0m
[18:19] [0mYour transmuter's stone bursts with 5 new colours![0m
[18:21] [0mFrom afar, a firetruck shows up to spray water on Inix. He got BURRRNED.[0m
[18:26] [0m[34;1mLeto shouts:[0m spam makes me feel alive. Green eggs and spam is better.[0m
[18:32] [0m[35;1mElindal [Jedi(27)]:[0m what's up peeps[0m
[18:34] [0m[33;1m[Clan] Xaryl :[0m diving in the Abyss is bad XP![0m
[18:36] [0mLeto flaps : anyone ever try to make a spam burger. I did. It was't very good.[0m
[18:36] [0mXaryl flaps : did you pan fry the spam 1st?[0m
[18:36] [0mLeto flaps : I did.[0m
[18:37] [0mLeto flaps : maybe i just wanted a burger... so that colored my opinion.[0m
[18:43] [0m[33;1m[Clan] Anecdote enters the game.[0m  [0m
[18:45] [0m[37;1m[JEDI]:[0m Rhaan arrives at the Academy.[0m
[18:48] [0m[34;1mWhoknows shouts:[0m RUN AWAY!!![0m
[19:09] [0m[33;1m[Clan] Ser :[0m ~5.5 days g2n[0m
[19:09] [0m[33;1m[Clan] Ser :[0m pant pant[0m
[19:09] [0m[33;1m[Clan] Xaryl :[0m woot[0m
[19:09] [0m[33;1m[Clan] Ser :[0m honestly surprised i haven't passed calisp yet[0m
[19:10] [0m[33;1m[Clan] Xaryl :[0m I have 4.5 combat days for Glvl :([0m
[19:10] [0m[33;1m[Clan] Xaryl :[0m but will take 2 Glvls to get anything[0m
[19:10] [0m[33;1m[Clan] Xaryl :[0m *pout*[0m
[19:10] [0m[33;1m[Clan] Ser :[0m hehe[0m
[19:10] [0m[33;1m[Clan] Ser :[0m dont worry you'll get your 2 before i get my 2[0m
[19:11] [0m[33;1m[Clan] Xaryl :[0m but you 2 will mean way more than my 2 :([0m
[19:12] [0m[33;1m[Clan] Ser :[0m 25.5 days g2n for next one, and not really, i get 1 t7 power next glevel (which is[0m
[19:12] [0m             pretty cool), then 98[0m
[19:12] [0m[33;1m[Clan] Xaryl :[0m ugh[0m
[19:12] [0m[33;1m[Clan] Ser :[0m is my next 'big' glevel...  and that's a good ways away[0m
[19:13] [0m[33;1m[Clan] Ser :[0m 790mil gxp @ ehhh 4.2mil/day or so *dgrin*[0m
[19:13] [0m[33;1m[Clan] Xaryl :[0m I have roughly 75 combat days before my next 'big' Glvl[0m
[19:14] [0m[33;1m[Clan] Xaryl :[0m very depressing![0m
[19:14] [0m[33;1m[Clan] Ser :[0m i just wanna pass krank[0m
[19:14] [0m[33;1m[Clan] Ser :[0m laf[0m
[19:14] [0m[33;1m[Clan] Xaryl :[0m laugh[0m
[19:15] [0m[37;1m[JEDI]:[0m Durnoth arrives at the Academy.[0m
[19:17] [0m[33;1m[Clan] Ser :[0m only 548 combat days to glevel 100 if my math is right![0m
[19:17] [0m[33;1m[Clan] Xaryl :[0m ugh[0m
[19:17] [0m[33;1m[Clan] Ser :[0m i should've have done the math[0m
[19:17] [0m[33;1m[Clan] Ser :[0m shouldn't've done[0m
[19:19] [0mYour transmuter's stone bursts with 4 new colours![0m
[19:45] [0m[37;1m[JEDI]:[0m Bithoff Jonansaan arrives at the Academy.[0m
[19:49] [0m[34;1mNik shouts:[0m playcult like you enjoy the taste of spiderwebs![0m
[20:07] [0m[32;1mFrom afar, you cheer Ser on!!![0m[0m
[20:08] [0m[33;1m[Clan] Nix :[0m who has the cmc?[0m
[20:11] [0m[37;1m[JEDI]:[0m Kerran Halcyon arrives at the Academy.[0m
[20:17] [0m[34;1mFluffy shouts:[0m mighty purty[0m
[20:18] [0m[34;1mHyuga shouts:[0m ZING[0m
[20:19] [0mYour transmuter's stone bursts with 2 new colours![0m
[20:23] [0m[34;1mAdalius shouts:[0m Let's see if I can try that again...[0m
[20:23] [0m[34;1mAdalius shouts:[0m Marginally better.[0m
[20:24] [0m[34;1mHyuga shouts:[0m the both were spammy and had your name in it. so yay wizard stuff[0m
[20:25] [0m[34;1mAnzyn shouts:[0m is that like a dsave?[0m
[20:29] [0m[33;1m[Clan] Ser :[0m uhh[0m
[20:29] [0m[33;1m[Clan] Ser :[0m nix you get cmc[0m
[20:29] [0m[33;1m[Clan] Ser :[0m ass has it[0m
[20:29] [0m[33;1m[Clan] Nix :[0m he's ld...[0m
[20:29] [0m[33;1m[Clan] Ser :[0m then not sure[0m
[20:30] [0m[33;1m[Clan] Ser :[0m can you reforge mine :P[0m
[20:30] [0m[33;1m[Clan] Nix :[0m i can later[0m
[20:30] [0m[33;1m[Clan] Ser :[0m np[0m
[20:31] [0m[33;1m[Clan] Mud :[0m i could if ya need.  is there a forge in new house?[0m
[20:31] [0m[33;1m[Clan] Ser :[0m forgot i had string[0m
[20:31] [0m[33;1m[Clan] Ser :[0m yah there is[0m
[20:32] [0m[33;1m[Clan] Ser :[0m at armoury, think it's invisible tho[0m
[20:34] [0m[33;1m[Clan] Martyr :[0m can someone reforge my redaxe/dundee knife?  I want to test penetration on it[0m
[20:34] [0m[33;1m[Clan] Mud :[0m sure, ive got 3x yet[0m
[20:34] [0m[33;1m[Clan] Martyr :[0m woo[0m
[20:34] [0m[33;1m[Clan] Martyr :[0m meet whre?[0m
[20:34] [0m[33;1m[Clan] Mud :[0m home 227, s[0m
[20:37] [0m[33;1m[Clan] Martyr :[0m anyone w/ Show wc able to see how much WC it cost me to reforge this?[0m
[20:37] [0m[33;1m[Clan] Mud :[0m for loads, i take 35ac.  not certain if same for wc[0m
[20:37] [0m[33;1m[Clan] Ser :[0m sure[0m
[20:37] [0m[33;1m[Clan] Martyr :[0m nod, <=2% penetration for 35 WC would be...madness[0m
[20:37] [0m[33;1m[Clan] Martyr :[0m but its possible[0m
[20:38] [0m[33;1m[Clan] Nix :[0m yeah that would be pretty shitty[0m
[20:39] [0m[37;1m[JEDI]:[0m Janath Meelin arrives at the Academy.[0m
[20:39] [0m[33;1m[Clan] Ser :[0m not sure i believe it[0m
[20:40] [0m[33;1m[Clan] Ser :[0m get a wiz to look at em[0m
[20:40] [0m[33;1m[Clan] Martyr :[0m probably that mod thing[0m
[20:50] [0mInfectious flaps : resetting zambies, swing by[0m
[20:51] [0m[32mYou say:[0m hi[0m
[20:51] [0m[33;1m[PARTY][0m Roken joins the party.[0m
[20:51] [0m[32mVagrant tells you:[0m rally good sir[0m
[20:51] [0m[33;1m[PARTY][0m Vagrant joins the party.[0m
[20:51] [0m[33;1m[PARTY][0m Simonz joins the party.[0m
[20:51] [0m[33;1m[PARTY][0m Kirwan joins the party.[0m
[20:51] [0m[35;1mAdalius [Jedi(WGM)]:[0m Gilgalal gained a fdef level, so I'm going to tweak it again to slow it[0m
[20:51] [0m                     down even more. Enjoy![0m
[20:51] [0mInfectious flaps : done[0m
[20:51] [0m[33;1m[PARTY][0m Infectious has quit the party.[0m
[20:51] [0m[33;1m[PARTY][0m The leader quit the party![0m
[20:51] [0m[33;1m[PARTY][0m New leader for the party: vagrant.[0m
[20:51] [0m[35;1mGilgalal [Jedi(70)]:[0m Hush you![0m
[20:52] [0mKitt flaps : not done[0m
[20:52] [0m[32mYou tell Vagrant:[0m done[0m
[20:52] [0m[35;1mHyuga [Jedi(94)]:[0m but but but[0m
[20:52] [0m[35;1mHyuga [Jedi(94)]:[0m i am only .3% from being under -100%[0m
[20:52] [0m[35;1mGilgalal [Jedi(70)]:[0m -100%, pffft[0m
[20:53] [0m[32mYou say:[0m ok to pquit?[0m
[20:53] [0m[35;1mHyuga [Jedi(94)]:[0m thats from -288% after being at 75% :)[0m
[20:53] [0m[33;1m[PARTY][0m Vagrant has quit the party.[0m
[20:53] [0m[33;1m[PARTY][0m The leader quit the party![0m
[20:53] [0m[33;1m[PARTY][0m New leader for the party: kirwan.[0m
[20:53] [0m[35;1mGilgalal [Jedi(70)]:[0m still got ya beat[0m
[20:54] [0m[33;1m[PARTY][0m Roken has quit the party.[0m
[20:54] [0m[32mAnzyn says:[0m anyone resetting?[0m
[20:54] [0m[32mVagrant says:[0m just rsetted:([0m
[20:54] [0m[35;1mAdalius [Jedi(WGM)]:[0m Gilgalal...wanted...*snicker* me to... *snicker* reset his entire fdef just[0m
[20:54] [0m                     so he wouldnt *snicker* see the negative number *BWAHAHAHAHAHA*[0m
[20:54] [0m[32mAnzyn says:[0m shit[0m
[20:54] [0m[35;1mGilgalal [Jedi(70)]:[0m tis true[0m
[20:55] [0m[35;1mHyuga [Jedi(94)]:[0m gilga-vanku?[0m
[20:56] [0m[35;1mGilgalal [Jedi(70)]:[0m Its still demoralizing, but less so now.[0m
[20:56] [0m[35;1mHyuga [Jedi(94)]:[0m one day i will hit 17[0m
[20:56] [0m[35;1mAdalius [Jedi(WGM)]:[0m You know what else is demoralizing? YOUR FACE[0m
[20:56] [0m[35;1mGilgalal [Jedi(70)]:[0m gasp[0m
[20:58] [0mAdalius flaps : Is it wrong that the wife is on a trip with her mom tonight so I'm home alone[0m
[20:58] [0m                and all I really want to do is go to bed at 8pm?[0m
[20:58] [0mShenanigans flaps : that sounds amazing[0m
[20:59] [0m[34;1mAl shouts:[0m Smithers and his Shenanigans...[0m
[21:09] [0m[37;1m[JEDI]:[0m H'ssani C'talan arrives at the Academy.[0m
[21:15] [0mJizmak flaps : when subcontracting goes too far[0m
[21:15] [0mJizmak flaps : https://metro.co.uk/2019/10/23/hitman-hires-hitman-hires-hitman-hires-hitman-hire[0m
[21:15] [0m               s-hitman-tells-police-10971438/[0m
[21:15] [0mJizmak flaps : https://tinyurl.com/y52c5dmq[0m
[21:16] [0mNix <Craft>: is there a way to untoggle frags/essences/hearts from dropping??[0m
[21:19] [0mYour transmuter's stone bursts with 6 new colours![0m
[21:20] [0mNauda flaps : I guess the law can be that silly if one person promises something to the next and[0m
[21:20] [0m              next promises another and so on, you could inciminate unlimited amount of people[0m
[21:20] [0m              with something that started with one promise[0m
[21:21] [0mBabylon flaps : when the promise is murdering someone we usually call that a conspiracy to[0m
[21:21] [0m                commit premeditated murder, not a promise ;)[0m
[21:24] [0mAdalius flaps : Hey! Turnhold made the news again![0m
[21:24] [0mAdalius flaps : https://tinyurl.com/y3btkr7k[0m
[21:26] [0mNauda flaps : wr[0m
[21:38] [0m[34;1mNightrider shouts:[0m le moo?[0m
[21:38] [0mKitt gshouts: Got MOO? Got MOO? Got Moo?[0m
[21:39] [0m[34;1mFirebird shouts:[0m Le MOO[0m
[21:41] [0m[37;1m[JEDI]:[0m Herah Wylann arrives at the Academy.[0m
[21:44] [0mThom flaps : gshout is the connected mud chat isnt it?[0m
[21:45] [0mNauda flaps : there is a wall now[0m
[21:53] [0m[34;1mFluffy shouts:[0m big letters[0m
[21:53] [0m[32;1mFrom afar, Sorin goes 'Woo Woo!' at you.[0m[0m
[21:53] [0m[32;1mFrom afar, Shenanigans goes 'Woo Woo!' at you.[0m[0m
[21:53] [0m[34;1mHooligan shouts:[0m woooo[0m
[21:53] [0m[34;1mVagrant shouts:[0m woohooo[0m
[21:53] [0m[32;1mFrom afar, Gilgalal goes 'Woo Woo!' at you.[0m[0m
[21:53] [0m[34;1mRoken shouts:[0m thanks all!!1![0m
[21:54] [0m[34;1mNooster shouts:[0m WOOO![0m
[22:00] [0m[32;1mFrom afar, Simonz cheers you on!!![0m[0m
[22:08] [0m[37;1m[JEDI]:[0m Alyssa K'tal arrives at the Academy.[0m
[22:08] [0m[33;1m[Clan] Ser :[0m pulling 265-285/half w cmc[0m
[22:09] [0m[33;1m[Clan] Ser :[0m not too shabby[0m
[22:09] [0m[33;1m[Clan] Xaryl :[0m nice[0m
[22:09] [0m[33;1m[Clan] Xaryl :[0m in what area?[0m
[22:09] [0m[33;1m[Clan] Ser :[0m rimalkins[0m
[22:19] [0mYour transmuter's stone bursts with 5 new colours![0m
[22:23] [0m[35;1mHyuga [Jedi(94)]:[0m *flex* medical droid lv 4![0m
[22:39] [0m[37;1m[JEDI]:[0m Reena Bel Noir arrives at the Academy.[0m
[22:52] [0m[34;1mFluffy shouts:[0m mooo-velous[0m
[22:54] [0m[34;1mCrolack shouts:[0m Don't take Fluffy if you are allergic to its ingredients.[0m
[22:54] [0m[34;1mFluffy shouts:[0m if *I* last more than 4 hours ... stfu and enjoy it![0m
[23:01] [0m[37;1m[JEDI]:[0m Tobias Kel'ach'nar arrives at the Academy.[0m
[23:19] [0mYour transmuter's stone bursts with 4 new colours![0m
[23:26] [0m[37;1m[JEDI]:[0m Talia Ska arrives at the Academy.[0m
[23:30] [0m[37;1mFluffy <.oO>:[0m you go gurl, shake that eexp![0m
[23:40] [0mAnzyn flaps : anyone have a dungeon reset available?[0m
[23:50] [0m[35;1mBurnaby [Jedi(62)]:[0m I'm David S Pumpkins. Any questions?[0m
[23:53] [0mScadar flaps : yourmomonline.com check out this new game xD[0m
[23:54] [0mHyuga flaps : man that game is older than chess[0m
[23:54] [0mFluffy flaps : so is his mom[0m
[23:54] [0mAl flaps : what game? the pimp game?[0m
[23:55] [0mScadar flaps : I probably should have checked before linking that site, it lead to a site that[0m
[23:55] [0m               isn't porn though.[0m
[23:56] [0mScadar flaps : cyberpimp[0m
[23:58] [0m[37;1m[JEDI]:[0m Tobias Kel'ach'nar arrives at the Academy.[0m
