- = LOG STARTED [00:00] = -
[00:18] [0m[37;1m[JEDI]:[0m Tobias Kel'ach'nar arrives at the Academy.[0m
[00:48] [0mYour transmuter's stone bursts with 5 new colours![0m
[00:50] [0m[37;1m[JEDI]:[0m Rhaan arrives at the Academy.[0m
[01:19] [0m[37;1m[JEDI]:[0m Talia Ska arrives at the Academy.[0m
[01:25] [0m[34;1mSpace shouts:[0m wooooooo![0m
[01:25] [0m[34;1mArchangel shouts:[0m Woo!![0m
[01:48] [0mYour transmuter's stone bursts with 5 new colours![0m
[01:52] [0m[37;1m[JEDI]:[0m Alyssa K'tal arrives at the Academy.[0m
[02:22] [0m[34;1mKity shouts:[0m hello[0m
[02:22] [0m[34;1mVagrant shouts:[0m hi[0m
[02:23] [0m[37;1m[JEDI]:[0m Wennic Ber'ni'lok arrives at the Academy.[0m
[02:23] [0m[34;1mKity shouts:[0m how has everyone been?[0m
[02:26] [0m[34;1mBoosh shouts:[0m blarghedy honk[0m
[02:40] [0m[34;1mKity shouts:[0m goodnight all[0m
[02:47] [0m[35;1mHyuga [Jedi(92)]:[0m woo. last 1%. home stretch[0m
[02:48] [0mYour transmuter's stone bursts with 5 new colours![0m
[02:53] [0m[33;1m[Clan] Xaryl :[0m donates in[0m
[02:59] [0m[37;1m[JEDI]:[0m H'ssani C'talan arrives at the Academy.[0m
[03:09] [0mnewb Miriandra [fighter/78]: Should I kennel my dog before reboot or will it[0m
[03:09] [0m                             automatically be put in one when the server[0m
[03:09] [0m                             reboots?[0m
[03:09] [0mnewb Claptrap [changeling/50]: i've been told in the past one should kennel[0m
[03:10] [0mnewb Killergate [bard/137]: Im not kenneling btw[0m
[03:10] [0mnewb Killergate [bard/137]: the dxp loss is insignificant at dog lvl 30[0m
[03:10] [0mnewb Killergate [bard/137]: and the coinage for kenneling just keeps[0m
[03:10] [0m                            increasing[0m
[03:11] [0mnewb Miriandra [fighter/78]: So a dog loses xp if you don't kennel it before[0m
[03:11] [0m                             reboot?[0m
[03:11] [0mnewb Caboose [cyborg/136]: depends on what you care about losing more...[0m
[03:11] [0m                           kenneling will give a very minor rep loss, and[0m
[03:11] [0m                           then cost coins to pull it back out, NOT doing so[0m
[03:11] [0m                           will result in loss of dog xp, and a free pull[0m
[03:11] [0m                           out[0m
[03:11] [0mnewb Killergate [bard/137]: nog[0m
[03:11] [0mnewb Miriandra [fighter/78]: Alrighty, thanks.[0m
[03:11] [0mnewb Jasmine [jedi/76]: if you dont feel like kenneling can always take the[0m
[03:11] [0m                        dog to a nice asian restaurant for dinner[0m
[03:12] [0mnewb Caboose [cyborg/136]: however, once you get to about 18th dog level or[0m
[03:12] [0m                           so, the costs of kennel time start outweighing[0m
[03:12] [0m                           the xp loss.... and like KG said, at higher[0m
[03:12] [0m                           levels it's a miniscule amount of xp[0m
[03:13] [0mnewb Miriandra [fighter/78]: I'll keep that in mind.  Right now he's only[0m
[03:13] [0m                             level 8 and the coin cost is basically nothing.[0m
[03:13] [0mnewb Caboose [cyborg/136]: depends on how long he'll be kenneled[0m
[03:14] [0mnewb Caboose [cyborg/136]: for a couple hours til bootrun is over, no big[0m
[03:14] [0m                           deal, forget about him for a couple of days,[0m
[03:14] [0m                           youll see it start to add up... mine was in for a[0m
[03:14] [0m                           whole week log boot from being on an alt, and it[0m
[03:14] [0m                           cost over a mil coins to pull him back out[0m
[03:14] [0mnewb Miriandra [fighter/78]: Ouch[0m
[03:15] [0mnewb Caboose [cyborg/136]: price is doglevel X time kenneled, starts to add[0m
[03:15] [0m                           up QUICK at higher levels[0m
[03:15] [0mnewb Claptrap [changeling/50]: i've given up on one of my alts dogs for this[0m
[03:15] [0m                               reason, not worth the cost to take it back[0m
[03:15] [0m                               out[0m
[03:17] [0mnewb Caboose [cyborg/136]: so once i saw that, mine hasn't been kenneled[0m
[03:17] [0m                           since[0m
[03:22] [0m[34;1mDyne shouts:[0m Squish[0m
[03:38] [0m[37;1m[JEDI]:[0m Bithoff Jonansaan arrives at the Academy.[0m
[03:48] [0mYour transmuter's stone bursts with 2 new colours![0m
[03:50] [0m[33;1m[Clan] Phenom :[0m boo reboot, phenom hatessss it[0m
[04:00] [0m[34;1mJasmine shouts:[0m DIRTY FILTHY MEMORY![0m
[04:06] [0m[37;1m[JEDI]:[0m Durnoth arrives at the Academy.[0m
[04:33] [0m[37;1m[JEDI]:[0m Ylenic It'kla arrives at the Academy.[0m
[04:48] [0mYour transmuter's stone bursts with 3 new colours![0m
[04:49] [0m[34;1mBoosh shouts:[0m a few hours until the end of the world get your pens out sign[0m
[04:49] [0m              your wills to me[0m
[04:50] [0m[34;1mSpace shouts:[0m or get busy drinking and gratifying yourselves since its the[0m
[04:50] [0m              end of the world, wills wont matter, no one will survive not[0m
[04:50] [0m              even boosh[0m
[04:50] [0m[34;1mBoosh shouts:[0m i've got my hidy hole[0m
[04:51] [0m[34;1mHooligan shouts:[0m till shade is gone, till water is gone...[0m
[04:52] [0m[34;1mBoosh shouts:[0m infinite water supply tapped into the toilet[0m
[04:52] [0m[34;1mHooligan shouts:[0m into the shadow with teeth bared, svrew[0m
[04:52] [0m[34;1mHooligan shouts:[0m screaming defiance with my last breath[0m
[04:53] [0m[34;1mHooligan shouts:[0m to spit in sightblinders eye on the last day[0m
[04:54] [0m[34;1mHooligan shouts:[0m rip 3k warders...[0m
[05:09] [0m[37;1m[JEDI]:[0m Herah Wylann arrives at the Academy.[0m
[05:21] [0m<- ! The Vigilant ! -> :  A destabilization Kayos event has been detected in[0m
[05:21] [0m                          Deserts of Fantasy!  We are localizing it now -[0m
[05:21] [0m                          get ready![0m
[05:32] [0mSleepy flaps : 6w from desert portal, poison damage[0m
[05:47] [0m[37;1m[JEDI]:[0m H'ssani C'talan arrives at the Academy.[0m
[05:50] [0mArchangel flaps : Event portal: xaxis/2w/2s poisonous[0m
[06:10] [0m[37;1m[JEDI]:[0m Kerran Halcyon arrives at the Academy.[0m
[06:13] [0m[35;1mLicklick [Jedi(40)]:[0m 0 dsp[0m
[06:14] [0m[34;1mLicklick shouts:[0m idle fight sucks hyuga[0m
[06:47] [0m[37;1m[JEDI]:[0m Wennic Ber'ni'lok arrives at the Academy.[0m
[08:31] [0m[32;1mFrom afar, Ser waves in your direction.[0m[0m
[08:31] [0m [1mCurrent Reboot : #1813 [1 week 1 day 7 hours 48 minutes]              [0m[0m
[08:31] [0m [1mCurrent Time   : (US EDT) Sun Sep 29, 2019 08:31:50 am                [0m[0m
[08:31] [0m [32;1mReboot Started : Sat Sep 21 02:30 am[0m[0m
[08:31] [0m [36;1mCurrent Uptime : 1 week 1 day 6 hours 1 minute 44 seconds (99%)       [0m[0m
[08:31] [0m [31;1mReboot Ends    : Sun Sep 29 10:18 am[0m[0m
[08:31] [0m [33;1mNext Reboot in : 1 hour 46 minutes 39 seconds                         [0m[0m
[08:31] [0m     [33mAfter That : [1815] Tue Oct 08 05:58 pm[0m[0m
[08:31] [0m     [33mAfter That : [1816] Thu Oct 17 03:29 pm[0m[0m
[08:47] [0m[32;1mFrom afar, you go 'Woo Woo!' at Simple.[0m[0m
[08:48] [0m[32mYou tell Ser:[0m hi[0m
[08:49] [0m[37;1m[JEDI]:[0m Talia Ska arrives at the Academy.[0m
[08:50] [0m[32mYou tell Ser:[0m 300m tnl[0m
[08:51] [0m[32;1mFrom afar, Ser goes 'Woo Woo!' at you.[0m[0m
[08:51] [0m[32mSer tells you:[0m down to 75bil here[0m
[08:52] [0m[34;1mBoosh shouts:[0m who let the dog out[0m
[08:52] [0m[34;1mNauda shouts:[0m who let the boosh out[0m
[08:52] [0m[34;1mSer shouts:[0m yip yip yip[0m
[08:52] [0m[34;1mSpace shouts:[0m tex ket the boosh out[0m
[08:53] [0m[34;1mBoosh shouts:[0m texmex?[0m
[08:54] [0m[32mYou tell Ser:[0m so roughly 200 hours @ 400m/hr[0m
[08:56] [0m[32mSer tells you:[0m sounds about right[0m
[08:57] [0m[32mSer tells you:[0m the little thing in xp says 1 week 3 days and that's at[0m
[08:57] [0m        157mil/half, so 314mil/hr[0m
[08:57] [0m[32mSer tells you:[0m because i'm in the mines right now[0m
[08:57] [0m[32mYou tell Ser:[0m aint so bad, how many hours per day you play?[0m
[08:57] [0m[32mSer tells you:[0m 24[0m
[08:57] [0m[32;1mFrom afar, Ser laffs at you![0m[0m
[08:58] [0m[32mSer tells you:[0m 8-16 depending on the day[0m
[08:58] [0m[32mYou tell Ser:[0m i wish to sleep when im dead[0m
[08:59] [0m[32mSer tells you:[0m i need to go grocery shopping[0m
[09:00] [0m[32mYou tell Ser:[0m well go... it's 9 already[0m
[09:00] [0m[32mSer tells you:[0m i have all day[0m
[09:01] [0m[32mSer tells you:[0m also got a 6" auger for digging post holes[0m
[09:01] [0m[32mSer tells you:[0m i wanna get at least 10 holes dug today so i should go play[0m
[09:01] [0m        with it[0m
[09:02] [0m[32mSer tells you:[0m if it works as easy as i hope i can probably get them all[0m
[09:02] [0m        done in like an hour, but i'm afraid it won't be as easy as i think[0m
[09:03] [0m[32mSer tells you:[0m got some cbd juice that's 50mg/ml[0m
[09:03] [0m[32;1mFrom afar, Ser winks at you suggestively.[0m[0m
[09:04] [0m[32mYou tell Ser:[0m do you use a separate tank fo cbd?[0m
[09:04] [0m[33;1m[Clan] Nik leaves the game.[0m  [0m
[09:04] [0m[33;1m[Clan] Wik enters the game.[0m  [0m
[09:04] [0m[32mYou tell Ser:[0m and the hole digging will be ez for you trust[0m
[09:04] [0m[32mSer tells you:[0m nah i went back to dipping[0m
[09:05] [0m[32mSer tells you:[0m so no nic vape[0m
[09:05] [0m[33;1m[Clan] Wik leaves the game.[0m  [0m
[09:05] [0m[33;1m[Clan] Nik enters the game.[0m  [0m
[09:06] [0m[32mYou tell Ser:[0m disgusting[0m
[09:06] [0m[32mSer tells you:[0m not as disgusting as MN state rep but w/e[0m
[09:07] [0mYour transmuter's stone bursts with 2 new colours![0m
[09:07] [0m[33;1m[Clan] Nik leaves the game.[0m  [0m
[09:07] [0m[33;1m[Clan] Yik enters the game.[0m  [0m
[09:17] [0m[37;1m[JEDI]:[0m Reena Bel Noir arrives at the Academy.[0m
[09:26] [0m[35;1mInquisitor [Jedi(Knight)]:[0m adamantium boots/greaves/gloves (smeared and[0m
[09:26] [0m                           reforged) + Land2 warhaft armor transmuted as[0m
[09:26] [0m                           breastplate (smeared and reforged) + land2[0m
[09:26] [0m                           warhaft helmet (smeared reforged) in armory[0m
[09:27] [0m[34;1mDisruptor shouts:[0m if you didn't donate your corpses...forever hold them for[0m
[09:27] [0m                  the next hour.[0m
[09:28] [0mArmy shouts: Game reboot in 50 minutes [0m
[09:40] [0m[33;1m[Clan] Parisienne :[0m oh good i didn't implode last night i guess[0m
[09:40] [0m[33;1m[Clan] Parisienne :[0m thank god for Meg Webster[0m
[09:41] [0mArmy shouts: Game reboot in 37 minutes 20 seconds [0m
[09:41] [0m[33;1m[Clan] Parisienne :[0m she somehow kept me in line.. didn't send a single weird[0m
[09:41] [0m                    message to ANYONE haha[0m
[09:41] [0m[33;1m[Clan] Nix :[0m woke up in one of those.. im still alive moods?[0m
[09:41] [0m[33;1m[Clan] Parisienne :[0m yeah woke up totally naked with no sheets on my bed. was[0m
[09:41] [0m                    concerning[0m
[09:41] [0m[33;1m[Clan] Xaryl :[0m bad boy![0m
[09:42] [0m[33;1m[Clan] Parisienne :[0m whoooooooops[0m
[09:43] [0m[33;1m[Clan] Parisienne :[0m I wrote to apologize to her but she hasn't responded.[0m
[09:43] [0m                    but she left me a message at 6am saying thanks for the[0m
[09:43] [0m                    great evening so I am hoping I didn't mess it up too bad[0m
[09:43] [0m                    haha[0m
[09:43] [0m[33;1m[Clan] Parisienne :[0m (not implying that I slept with her)[0m
[09:44] [0m[33;1m[Clan] Parisienne :[0m unfortunately my phone did not survive the evening[0m
[09:50] [0m[33;1m[Clan] Byron :[0m morning[0m
[09:50] [0mArmy shouts: Game reboot in 27 minutes 50 seconds [0m
[09:51] [0m[34;1mNightrider shouts:[0m Praise the Lord for 3k Bootruns![0m
[09:52] [0m[37;1m[JEDI]:[0m Rhaan arrives at the Academy.[0m
[09:55] [0m[33;1m[Clan] Ser :[0m man these holes are hard work[0m
[09:55] [0m[33;1m[Clan] Ser :[0m got an auger but GA red clay ain't no joke[0m
[09:55] [0m[33;1m[Clan] Nix :[0m fertile dirt[0m
[09:57] [0mArmy shouts: Game reboot in 20 minutes 42 seconds [0m
[09:58] [0m[33;1m[Clan] Ser :[0m i think what i'll do is start the holes, pour some water, let[0m
[09:58] [0m             it sit, come back[0m
[09:58] [0m[33;1m[Clan] Ser :[0m but reboot soon so i'll revisit that idea shortly[0m
[09:59] [0m[33;1m[Clan] Ser :[0m it's been dry af recently so it's like digging through pottery[0m
[10:03] [0mArmy shouts: Game reboot in 15 minutes 21 seconds [0m
[10:03] [0m[35;1mKortor [Jedi(65)]:[0m forgot about reboot[0m
[10:04] [0m[35;1mMugen [Jedi(Knight)]:[0m i gotta remember how to do it[0m
[10:05] [0m[35;1mAlstor [Jedi(Staff)]:[0m I shall be selling the Armory off shortly. Please[0m
[10:05] [0m                      return any borrowed equipment promptly.[0m
[10:05] [0m[35;1mAlstor [Jedi(Staff)]:[0m I sold the contents of the Armory for 1092332 coins[0m
[10:05] [0m                      and credited your accounts with your share of the[0m
[10:05] [0m                      proceeds.[0m
[10:06] [0m[35;1mAlstor [Jedi(Staff)]:[0m I sold the contents of the Armory for 90 coins and[0m
[10:06] [0m                      credited your accounts with your share of the[0m
[10:06] [0m                      proceeds.[0m
[10:07] [0mArmy shouts: Game reboot in 11 minutes 20 seconds [0m
[10:07] [0m[35;1mAlstor [Jedi(Staff)]:[0m I sold the contents of the Armory for 487900 coins and[0m
[10:07] [0m                      credited your accounts with your share of the[0m
[10:07] [0m                      proceeds.[0m
[10:07] [0m[35;1mJasmine [Jedi(Knight)]:[0m whee vcash time........not like i have too much[0m
[10:07] [0m                        already or anything[0m
[10:08] [0m[33;1m[Clan] Martyr enters the game.[0m  [0m
[10:08] [0mYour transmuter's stone bursts with 4 new colours![0m
[10:08] [0m[35;1mAlstor [Jedi(Staff)]:[0m I sold the contents of the Armory for 20539 coins and[0m
[10:08] [0m                      credited your accounts with your share of the[0m
[10:08] [0m                      proceeds.[0m
[10:10] [0mArmy shouts: Game reboot in 8 minutes 20 seconds [0m
[10:10] [0m[35;1mJasmine [Jedi(Knight)]:[0m yea your mom is rotating her offerings too[0m
[10:11] [0m[35;1mAlstor [Jedi(Staff)]:[0m I sold the contents of the Armory for 144548 coins and[0m
[10:11] [0m                      credited your accounts with your share of the[0m
[10:11] [0m                      proceeds.[0m
[10:11] [0m[34;1mLeto shouts:[0m :D[0m
[10:12] [0m[33;1m[Clan] Nix :[0m wont be on at boot sp spmeone go for auro[0m
[10:12] [0mArmy shouts: Game reboot in 6 minutes 5 seconds [0m
[10:12] [0m[35;1mInquisitor [Jedi(Knight)]:[0m Hmm.  Guess I should come back and craft gear[0m
[10:12] [0m                           later.[0m
[10:12] [0m[35;1mAlstor [Jedi(Staff)]:[0m I sold the contents of the Armory for 10870 coins and[0m
[10:12] [0m                      credited your accounts with your share of the[0m
[10:12] [0m                      proceeds.[0m
[10:12] [0m[33;1m[Clan] Ser :[0m blah how big is guardian[0m
[10:12] [0m[35;1mInquisitor [Jedi(Knight)]:[0m Pesky gear.[0m
[10:12] [0m[33;1m[Clan] Nix :[0m 12m[0m
[10:13] [0m[33;1m[Clan] Byron :[0m i thought he was 30ish[0m
[10:13] [0m[33;1m[Clan] Ser :[0m can i bounce?[0m
[10:13] [0m[33;1m[Clan] Byron :[0m Ya, I'm gonna go for it tho too[0m
[10:13] [0m[35;1mAlstor [Jedi(Staff)]:[0m I sold the contents of the Armory for 892 coins and[0m
[10:13] [0m                      credited your accounts with your share of the[0m
[10:13] [0m                      proceeds.[0m
[10:13] [0m[33;1m[Clan] Ser :[0m well i'll meander my way there so i do a better job of brunning[0m
[10:13] [0m             it next time[0m
[10:13] [0m[33;1m[Clan] Ser :[0m does drealms have blockers?[0m
[10:13] [0m[33;1m[Clan] Byron :[0m nope[0m
[10:14] [0m[33;1m[Clan] Ser :[0m like the maze?[0m
[10:14] [0mArmy shouts: TELL ARMY if you want a free transport![0m
[10:14] [0mArmy shouts: Game reboot in 4 minutes 23 seconds [0m
[10:14] [0m[33;1m[Clan] Ser :[0m let me rephrase that, does the path to drealms have blockers[0m
[10:14] [0m[33;1m[Clan] Byron :[0m besides the maze to get to drealms, no[0m
[10:14] [0m[35;1mAlstor [Jedi(Staff)]:[0m I sold the contents of the Armory for 69287 coins and[0m
[10:14] [0m                      credited your accounts with your share of the[0m
[10:14] [0m                      proceeds.[0m
[10:14] [0m[33;1m[Clan] Byron :[0m no blockers within deralms[0m
[10:14] [0m[33;1m[Clan] Ser :[0m grr decisions[0m
[10:15] [0m[33;1m[Clan] Byron :[0m decisions?[0m
[10:15] [0m[33;1m[Clan] Ser :[0m i really suck w/o a weapon, but on the other hand, auro has a[0m
[10:15] [0m             weapon[0m
[10:15] [0m[33;1m[Clan] Xaryl :[0m if you beat space, that would make me SO happy[0m
[10:15] [0mArmy shouts: Game reboot in 3 minutes 7 seconds [0m
[10:15] [0m[33;1m[Clan] Byron :[0m Space usually doesnt bother running auro 1st[0m
[10:15] [0m[33;1m[Clan] Archimedes leaves the game.[0m  [0m
[10:15] [0m[33;1m[Clan] Xaro leaves the game.[0m  [0m
[10:15] [0m[33;1m[Clan] Anecdote leaves the game.[0m  [0m
[10:15] [0m[33;1m[Clan] Martyr leaves the game.[0m  [0m
[10:15] [0m[33;1m[Clan] Phenom :[0m boo reboot[0m
[10:15] [0m[33;1m[Clan] Knox leaves the game.[0m  [0m
[10:15] [0m[33;1m[Clan] Ipsie leaves the game.[0m  [0m
[10:15] [0m[33;1m[Clan] Byron :[0m Since Nix beats him there[0m
[10:15] [0m[33;1m[Clan] Aka leaves the game.[0m  [0m
[10:16] [0mArmy shouts: Game reboot in 2 minutes 10 seconds [0m
[10:16] [0m[35;1mAlstor [Jedi(Staff)]:[0m I sold the contents of the Armory for 2000 coins and[0m
[10:16] [0m                      credited your accounts with your share of the[0m
[10:16] [0m                      proceeds.[0m
[10:16] [0m[33;1m[Clan] Boot enters the game.[0m  [0m
[10:16] [0m[33;1m[Clan] Ser leaves the game.[0m  [0m
[10:17] [0m[33;1m[Clan] Boot leaves the game.[0m  [0m
[10:17] [0m[33;1m[Clan] Ser enters the game.[0m  [0m
[10:17] [0m[33;1m[Clan] Ser :[0m laf[0m
[10:17] [0mArmy shouts: Game reboot in 1 minute 27 seconds [0m
[10:17] [0m[33;1m[Clan] Ser :[0m already kicked me out[0m
[10:17] [0m[33;1m[Clan] Nix :[0m no cant[0m
[10:17] [0m[33;1m[Clan] Nix :[0m hell heal[0m
[10:17] [0m[33;1m[Clan] Ser :[0m hmm[0m
[10:17] [0m[34;1mSer shouts:[0m first last[0m
[10:17] [0m[35;1mAlstor [Jedi(Staff)]:[0m I sold the contents of the Armory for 95708 coins and[0m
[10:17] [0m                      credited your accounts with your share of the[0m
[10:17] [0m                      proceeds.[0m
[10:17] [0mArmy shouts: Game reboot in 55 seconds [0m
[10:17] [0m[34;1mVasha shouts:[0m last first?[0m
[10:17] [0m[34;1mBoosh shouts:[0m nah[0m
[10:17] [0m[34;1mQuaritch shouts:[0m first[0m
[10:18] [0mArmy shouts: Game reboot in 31 seconds [0m
[10:18] [0m[34;1mSer shouts:[0m last[0m
[10:18] [0mArmy shouts: Game reboot in 13 seconds [0m
[10:18] [0m[34;1mTurnhold shouts:[0m Last n stuff.[0m
[10:18] [0m[34;1m **        **     ****   ****** [0m
[10:18] [0;1;34m **       ****   **        **   [0m
[10:18] [0;1;34m **      **  **  ***       **   [0m
[10:18] [0;1;34m **      **  **    ***     **   [0m
[10:18] [0;1;34m **      ******      **    **   [0m
[10:18] [0;1;34m **  **  **  **     ***    **   [0m
[10:18] [0;1;34m ******  **  **  ****      **   [0m
[10:19] [0mArmy shouts: The sweltering heat of this arid desert is making your head ache[0m
[12:45] [0m[33;1m[Clan] Roken enters the game.[0m  [0m
[12:45] [0m[33;1m[Clan] Ser :[0m i can level in 9-ish days[0m
[12:45] [0m[33;1m[Clan] Nix :[0m roken will do it[0m
[12:45] [0m[33;1m[Clan] Ser :[0m oh roken i updated tintin[0m
[12:45] [0m[33;1m[Clan] Ser :[0m it probably broke a couple things[0m
[12:45] [0m[33;1m[Clan] Nix :[0m brun 28B on refresh area wit me![0m
[12:45] [0m[33;1m[Clan] Roken :[0m yah broken hpbar[0m
[12:46] [0m[35;1mInquisitor [Jedi(Knight)]:[0m 2x Spiderskin Codpiece @ CoG, getcha one.[0m
[12:46] [0m[33;1m[Clan] Ser :[0m you need to change prompt to -3 and -2 instead of 1/2[0m
[12:47] [0m[33;1m[Clan] Nix :[0m ooo nauda not at huri![0m
[12:47] [0m[33;1m[Clan] Nix :[0m afk and camping~![0m
[12:47] [0m[33;1m[Clan] Ser :[0m i *CAN* recompile 2.01.6 but i'd rather not[0m
[12:48] [0m[33;1m[Clan] Nix :[0m is there like a community college course i can take to learn[0m
[12:48] [0m             how to code? =P[0m
[12:48] [0m[33;1m[Clan] Nix :[0m tintin for morons[0m
[12:48] [0m[33;1m[Clan] Phenom :[0m got a mac? just use homebrew :)[0m
[12:49] [0m[33;1m[Clan] Nix :[0m nah i'm an android guy[0m
[12:49] [0m[33;1m[Clan] Nix :[0m windows etc.[0m
[12:49] [0m[Auction] Robert : Up for bids: Quesadilla Codpiece (massive).[0m
[12:49] [0m[Auction] Robert : Ser has requested 1 as the opening offer.[0m
[12:49] [0m[Auction] Robert : Got 1 from Nix(bard).  Do I hear 51?[0m
[12:49] [0m[Auction] Robert : Got 5,000 from Din(blad).  Do I hear 5,100?[0m
[12:49] [0m[Auction] Robert : Got 5,100 from Nix(bard).  Do I hear 5,355?[0m
[12:49] [0m[Auction] Robert : Got 15,000 from Din(blad).  Do I hear 15,750?[0m
[12:49] [0m[Auction] Robert : Got 25,000 from Nix(bard).  Do I hear 27,500?[0m
[12:50] [0m[Auction] Robert : Got 45,000 from Din(blad).  Do I hear 49,500?[0m
[12:50] [0m[Auction] Robert : Got 50,000 from Agni(necr).  Do I hear 55,000?[0m
[12:50] [0m[Auction] Nix (bard) : yours[0m
[12:50] [0m[Auction] Robert : Got 100,000 from Din(blad).  Do I hear 110,000?[0m
[12:50] [0m[Auction] Whoknows (prie) : no yours, really[0m
[12:50] [0m[Auction] Robert : 100,000 going once![0m
[12:50] [0m[Auction] Robert : 100,000 going twice![0m
[12:50] [0m[Auction] Robert : Got 110,000 from Vapor(jugg).  Do I hear 121,000?[0m
[12:50] [0m[Auction] Nix (bard) : Great Scott![0m
[12:50] [0m[Auction] Robert : 110,000 going once![0m
[12:50] [0m[Auction] Robert : 110,000 going twice![0m
[12:51] [0m[Auction] Robert : Sold to Vapor for 110,000 coins![0m
[12:52] [0m[37;1m[JEDI]:[0m Kerran Halcyon arrives at the Academy.[0m
[12:58] [0m[33;1m[Clan] Parisienne :[0m i don't know if you know this Nik but I'm kinda a big[0m
[12:58] [0m                    deal -- I can SOLO cae[0m
[12:59] [0m[33;1m[Clan] Xaryl :[0m laugh[0m
[12:59] [0m[33;1m[Clan] Nik :[0m im not waitin to corpsecion tho[0m
[13:00] [0m[33;1m[Clan] Parisienne :[0m blehhhh so I decided not to fire Gracie because fuck I'm[0m
[13:00] [0m                    going to be a nice guy on this[0m
[13:01] [0m[33;1m[Clan] Parisienne :[0m apparently the only bar to entry from getting hired for[0m
[13:01] [0m                    my company is being a hot woman. I'm going to need Nix's[0m
[13:01] [0m                    services jesus[0m
[13:08] [0m[32mYou tell Ser:[0m so negative rows ... i have 3[0m
[13:11] [0m[32mSock tells you:[0m so -4,-3,-2[0m
[13:12] [0mnewb Uthyr [Newbie]: hello[0m
[13:12] [0mnewb Miriandra [fighter/78]: Howdy[0m
[13:15] [0m[32;1mFrom afar, you nog at Ser.[0m[0m
[13:17] [0m[33;1m[Clan] Xaryl :[0m anyone want a Dtaco reset?[0m
[13:17] [0m[33;1m[Clan] Ser :[0m sure![0m
[13:17] [0m[33;1m[Clan] Ser :[0m lemme get out of mines, give me 2 mins[0m
[13:17] [0m[33;1m[Clan] Xaryl :[0m sure think[0m
[13:18] [0m[33;1m[Clan] Xaryl :[0m thing[0m
[13:18] [0m[37;1m[JEDI]:[0m Janath Meelin arrives at the Academy.[0m
[13:21] [0m[34;1mNightrider shouts:[0m What A pig![0m
[13:21] [0m[33;1m[Clan] Xaryl :[0m laugh! cannot unload room Cae anymore?[0m
[13:21] [0m[33;1m[Clan] Nix :[0m someone probbaly has a watch up[0m
[13:22] [0m[33;1m[Clan] Xaryl :[0m ah![0m
[13:22] [0m[33;1m[Clan] Nik :[0m try again[0m
[13:23] [0m[33;1m[Clan] Ser :[0m where to X?[0m
[13:23] [0m[33;1m[Clan] Xaryl :[0m can be at magic in a second[0m
[13:23] [0mNauda flaps : bloody lag[0m
[13:25] [0m[32mYou tell Ser:[0m do you have a lot of pearl mats?[0m
[13:25] [0mnewb Miriandra [fighter/78]: Can anyone recommend a good weapon I could get[0m
[13:25] [0m                             on my own?  I can generally handle mobs around[0m
[13:25] [0m                             700k without issue.[0m
[13:25] [0mnewb Squirrel [priest/130]: rapier[0m
[13:25] [0m[32mSock tells you:[0m no[0m
[13:25] [0mnewb Squirrel [priest/130]: nanoblade[0m
[13:25] [0mnewb Hyperion [mage/137]: ghoti blade?[0m
[13:25] [0m[33;1m[Clan] Sock :[0m running to get food, will have phone, don't call me[0m
[13:25] [0mnewb Nightrider [knight/136]: voodoos pants[0m
[13:26] [0mnewb Hyperion [mage/137]: or is ghoti too high? been awhile[0m
[13:26] [0mnewb Din [bladesinger/113]: any preference for weapon type?[0m
[13:26] [0mnewb Din [bladesinger/113]: or damage type?[0m
[13:26] [0mnewb Miriandra [fighter/78]: No preference.  My main problem is I don't[0m
[13:26] [0m                             really know where any good weapon are.[0m
[13:27] [0m[33;1m[Clan] Sock :[0m if i can find my truck key[0m
[13:27] [0mnewb Nauda [necromancer/132]: where nightrider said, the best pointy thing[0m
[13:27] [0m                              in 3k[0m
[13:27] [0m[34;1mAl shouts:[0m BAYxp[0m
[13:30] [0m[34;1mAl shouts:[0m BABY SHARK DOO DOOO DOODOOODOODOOO[0m
[13:34] [0m[33;1m[Clan] Sock :[0m stupid key was literally 2 feet from where i was sitting next[0m
[13:34] [0m              to my computer[0m
[13:34] [0m[33;1m[Clan] Sock :[0m sigh[0m
[13:34] [0m[33;1m[Clan] Sock :[0m ok *NOW* i'm getting food[0m
[13:37] [0m[33;1m[Clan] Xaryl :[0m what are some good non-edged weapons?[0m
[13:37] [0mYour transmuter's stone bursts with 5 new colours![0m
[13:38] [0m[33;1m[Clan] Xaryl :[0m I hate farming lettuce leafs[0m
[13:39] [0m[33;1m[Clan] Parisienne :[0m pain in the ass[0m
[13:40] [0m[33;1m[Clan] Byron :[0m why not use oil of impact?[0m
[13:40] [0m[33;1m[Clan] Xaryl :[0m it does not add WC?[0m
[13:40] [0m[33;1m[Clan] Xaryl :[0m *heh*[0m
[13:40] [0m[33;1m[Clan] Byron :[0m what weap are you starting with?[0m
[13:40] [0m[33;1m[Clan] Byron :[0m 100wc or bust :P[0m
[13:41] [0m[33;1m[Clan] Xaryl :[0m guild weapon[0m
[13:41] [0m[33;1m[Clan] Byron :[0m nog[0m
[13:41] [0m[33;1m[Clan] Xaryl :[0m then beg Vorpal if I can[0m
[13:41] [0m[33;1m[Clan] Xaryl :[0m or SSQ[0m
[13:45] [0m[33;1m[Clan] Nix :[0m mugen has vorpal[0m
[13:45] [0m[33;1m[Clan] Xaryl :[0m but he _never_ replies to tells asking for Dupes[0m
[13:46] [0m[33;1m[Clan] Byron :[0m mugen?[0m
[13:46] [0m[33;1m[Clan] Xaryl :[0m nod[0m
[13:46] [0m[33;1m[Clan] Byron :[0m good thing he never gets things I need duped[0m
[13:46] [0m[33;1m[Clan] Byron :[0m And wtf does a monk/jedi need vorpal for[0m
[13:46] [0m[33;1m[Clan] Xaryl :[0m I like it as my Jedi for Melee[0m
[13:47] [0m[33;1m[Clan] Xaryl :[0m I try to get it...but Serinth takes SO long at boot[0m
[13:47] [0m[37;1m[JEDI]:[0m Herah Wylann arrives at the Academy.[0m
[13:47] [0m[33;1m[Clan] Xaryl :[0m would get RoLM if I knew how :([0m
[13:48] [0m[33;1m[Clan] Xaryl :[0m I like the Rusty Hoe[0m
[13:48] [0m[33;1m[Clan] Xaryl :[0m but the 700 HP random damage is kinda scary[0m
[13:48] [0mSquirrel flaps : ftouches at ss[0m
[13:50] [0mDisruptor flaps : its a trap![0m
[13:50] [0m[33;1m[Clan] Byron :[0m botd?[0m
[13:50] [0m[33;1m[Clan] Byron :[0m fire dmg[0m
[13:50] [0m[33;1m[Clan] Byron :[0m 100wc[0m
[13:50] [0mWhoknows flaps : he's gonna take all yer nutz[0m
[13:50] [0m[33;1m[Clan] Xaryl :[0m fire is bad for Abyss[0m
[13:50] [0m[33;1m[Clan] Parisienne :[0m ooh[0m
[13:50] [0m[33;1m[Clan] Byron :[0m o[0m
[13:50] [0mDisruptor flaps : wants every1 camping to run to ss lol[0m
[13:50] [0m[33;1m[Clan] Parisienne :[0m hehe famerian hammer is good right?[0m
[13:50] [0m[33;1m[Clan] Xaryl :[0m ha![0m
[13:50] [0mBink flaps : I only got 2 nuts[0m
[13:50] [0m[33;1m[Clan] Byron :[0m for wielding? dunno[0m
[13:50] [0mXiu flaps : clever girl[0m
[13:50] [0m[33;1m[Clan] Xaryl :[0m it is no-Ftouch!![0m
[13:51] [0mHavox flaps : is ss safe?[0m
[13:51] [0m[33;1m[Clan] Parisienne :[0m but it has that clumsy rating[0m
[13:51] [0mNightrider flaps : dont Blink[0m
[13:51] [0mSquirrel flaps : no one here but us trees[0m
[13:51] [0m[33;1m[Clan] Parisienne :[0m what about mace?[0m
[13:51] [0mHavox flaps : last boot someone steal simonz equip[0m
[13:51] [0mSquirrel flaps : A forest of maple trees (n)[0m
[13:51] [0m[33;1m[Clan] Parisienne :[0m laf i forget what it is called holy crap[0m
[13:51] [0m[33;1m[Clan] Byron :[0m mace? rod of dispater?[0m
[13:51] [0m[33;1m[Clan] Parisienne :[0m sp mace form DE[0m
[13:51] [0m[33;1m[Clan] Xaryl :[0m rod breaks in under an hour[0m
[13:51] [0m[33;1m[Clan] Byron :[0m oh, valyns maul[0m
[13:51] [0m[33;1m[Clan] Byron :[0m ya thats BS[0m
[13:52] [0m[33;1m[Clan] Parisienne :[0m has decent blunt wc right?[0m
[13:52] [0m[33;1m[Clan] Byron :[0m but gotta deal with DE[0m
[13:52] [0m[33;1m[Clan] Parisienne :[0m you can code DE[0m
[13:52] [0m[33;1m[Clan] Byron :[0m yep[0m
[13:52] [0m[33;1m[Clan] Byron :[0m code?[0m
[13:52] [0mNauda flaps : a pointy thing 8==={>[0m
[13:52] [0m[33;1m[Clan] Xaryl :[0m nod, I need to get my macros for keys fixed[0m
[13:52] [0m[33;1m[Clan] Xaryl :[0m for DE[0m
[13:52] [0m[33;1m[Clan] Parisienne :[0m trigger to open a trigger for the short room desc when[0m
[13:52] [0m                    he boots you, then have the 2nd trigger macro you back[0m
[13:52] [0mDisruptor flaps : a shovel?[0m
[13:52] [0m[33;1m[Clan] Byron :[0m yeah, but still gotta wait in carriage etc[0m
[13:52] [0m[33;1m[Clan] Byron :[0m hope for no sludge[0m
[13:52] [0mNauda flaps : anything can be a shovel if you are brave enough[0m
[13:53] [0m[33;1m[Clan] Parisienne :[0m oh right you guys don't have cryptwalk[0m
[13:53] [0mAl flaps : r/butcheredmemes[0m
[13:53] [0mRaest flaps : i thought that was 'Anything can be a dildo if you're brave[0m
[13:53] [0m              enough'[0m
[13:53] [0m[33;1m[Clan] Parisienne :[0m well .. happy to open up a crypt for whoever[0m
[13:53] [0m[33;1m[Clan] Byron :[0m heh[0m
[13:53] [0mTurnhold flaps : easy now[0m
[13:53] [0m[33;1m[Clan] Parisienne :[0m I just bought a phone and asked someone to marry me.[0m
[13:53] [0m                    productive day[0m
[13:53] [0mWhoknows flaps : that what .. nm[0m
[13:53] [0m[33;1m[Clan] Xaryl :[0m ha! why is the phone 1st?[0m
[13:53] [0mSquirrel flaps : yeah you're getting turnhold hot and bothered :P[0m
[13:54] [0m[33;1m[Clan] Parisienne :[0m both life-changing things :)[0m
[13:54] [0mAl flaps : is turny looking for some shoveling?[0m
[13:54] [0mThom flaps : lol[0m
[13:54] [0mSquirrel flaps : any more tomfoolery and he'll start stabbity with pointy[0m
[13:54] [0m                 things[0m
[13:55] [0mDisruptor flaps : we r still talking about shovels, right?[0m
[13:55] [0mBink flaps : no, pointy things, cause shovels aren't supposed to be pointy[0m
[13:55] [0mRaest flaps : Every pizza is a Personal Pizza if you try hard and believe in[0m
[13:55] [0m              yourself.[0m
[13:56] [0mDisruptor flaps : Binkhas never used a shovel, methinks[0m
[13:57] [0mSquirrel flaps : beefcake?[0m
[13:57] [0mXiu flaps : i followed my dreams, but didn't reach my goals. turns out i[0m
[13:57] [0m            wasn't beefcake.[0m
[13:59] [0mVoodoo flaps : I prefer Betty Crocker, because he cakes are SuperMoist![0m
[13:59] [0m[33;1m[Clan] Parisienne :[0m heh I paid Bliss 100 mil coins to do research to get her[0m
[13:59] [0m                    kitten from Italy to her home in Russia[0m
[14:00] [0m[33;1m[Clan] Parisienne :[0m I think I am just trying to avoid a boring life[0m
[14:00] [0m[33;1m[Clan] Xaryl :[0m heh[0m
[14:00] [0mBink flaps : cakes in voodooo's pants are SuperMoist[0m
[14:00] [0mXiu flaps : pudding in the mix![0m
[14:01] [0mSquirrel flaps : ever seen his double chaluppa?[0m
[14:01] [0mDisruptor flaps : you cant have your pudding if you don't eat you meat![0m
[14:01] [0mNik flaps : no no, it goes cake, then pudding, then meat[0m
[14:01] [0mWhoknows flaps : haha eat yeah, that's what i thought it said back in those[0m
[14:01] [0m                 days[0m
[14:02] [0m[33;1m[Clan] Parisienne :[0m I feel like I did the day I started smoking. I know it's[0m
[14:02] [0m                    bad, but it's going to also be a good 7 years[0m
[14:02] [0mXiu flaps : how can you have any pudding if you don't eat your meat?[0m
[14:02] [0m[33;1m[Clan] Parisienne :[0m then I'll hire Nix :)[0m
[14:09] [0m[33;1m[Clan] Byron :[0m pretty sure he works for coins too[0m
[14:09] [0m[33;1m[Clan] Sock :[0m hi[0m
[14:10] [0m[33;1m[Clan] Parisienne :[0m ooh coins[0m
[14:10] [0m[33;1m[Clan] Parisienne :[0m hello sock. do you have legal advice for me?[0m
[14:10] [0m[33;1m[Clan] Byron :[0m attacking qoh[0m
[14:10] [0m[33;1m[Clan] Xaryl :[0m all area attacked me :([0m
[14:11] [0m[33;1m[Clan] Xaryl :[0m though NR cleared the area aggro[0m
[14:11] [0m[33;1m[Clan] Sock :[0m no he hamstrung all the mobs[0m
[14:11] [0m[33;1m[Clan] Xaryl :[0m laugh![0m
[14:11] [0m[33;1m[Clan] Byron :[0m none are attacking me[0m
[14:13] [0m[33;1m[Clan] Xaryl :[0m usually make archi tank them all...and I just heal[0m
[14:18] [0m[37;1m[JEDI]:[0m Tobias Kel'ach'nar arrives at the Academy.[0m
[14:21] [0m[35;1mInquisitor [Jedi(Knight)]:[0m molecule scatter! //cheese// armor penetrate[0m
[14:21] [0m                           fires - Pulverize![0m
[14:21] [0m[35;1mInquisitor [Jedi(Knight)]:[0m Love it when I waste what could have been a good[0m
[14:21] [0m                           hit.  :P[0m
[14:23] [0mSpun flaps : all the game today are boring as @#&#[0m
[14:27] [0m[32mYou tell Ser:[0m i wimpied[0m
[14:27] [0m[32mYou tell Ser:[0m on scaler 85 hotel and naked[0m
[14:27] [0m[32;1mFrom afar, Ser shrugs at you.[0m[0m
[14:27] [0m[32mYou tell Ser:[0m i still suck lol[0m
[14:28] [0m[33;1m[Clan] Xaryl :[0m hmm, I need to be schooled in the proper even AC stuff[0m
[14:28] [0m[33;1m[Clan] Xaryl :[0m I added AC to 5 pieces of EQ and the AC I gained did not[0m
[14:28] [0m               addup![0m
[14:30] [0m[33;1m[Clan] Parisienne :[0m that's cause you have a bunch of ac-boosting skillz etc[0m
[14:30] [0m                    i assume[0m
[14:30] [0m[33;1m[Clan] Parisienne :[0m but if you want a lesson I'll learned you one[0m
[14:30] [0m[33;1m[Clan] Xaryl :[0m just the shield one[0m
[14:31] [0m[32mYou tell Ser:[0m lawl it was the last zombie too[0m
[14:31] [0m[32;1mFrom afar, Xaryl goes 'Woo Woo!' at you.[0m[0m
[14:31] [0m[34;1mNauda shouts:[0m Rock on![0m
[14:31] [0m[32;1mFrom afar, Voodoo goes 'clackety-clack' on his keyboard and demotes[0m
[14:32] [0m[32;1mFrom afar, Whoknows goes 'WOOT WOOT!' at you.[0m[0m
[14:32] [0m[34;1mSquirrel shouts:[0m hadoken?[0m
[14:32] [0m[34;1mRoken shouts:[0m ever closer to being BS[0m
[14:32] [0mRoken flaps : thanks for the return spam ;)[0m
[14:37] [0mYour transmuter's stone bursts with 3 new colours![0m
[14:38] [0m[35;1mKortor [Jedi(65)]:[0m woot[0m
[14:39] [0m[33;1m[Clan] Ser :[0m ok upgrading to a newer debian on server[0m
[14:39] [0m[32;1mFrom afar, Ser pokes you in the ribs.[0m[0m
[14:40] [0m[32mSer tells you:[0m going to reboot server in 5 mins[0m
[14:40] [0m[33;1m[Clan] Xaryl :[0m did you add the mend% to HP bar?[0m
[14:40] [0m[33;1m[Clan] Xaryl :[0m w/l[0m
[14:45] [0mAnzyn <Craft>: I don't want to craft ... I want to be a LUMBERJACK!![0m
[14:48] [0m[32;1mFrom afar, Nik goes '\\// [()] [()]  \\// [()] [()] !! !!' at you in[0m
[14:56] [0m[35;1mUkyo [Jedi(Knight)]:[0m dead mail in box. decent main[0m
[14:57] [0m[37;1m[JEDI]:[0m Talia Ska arrives at the Academy.[0m
[14:58] [0m[32;1mFrom afar, Ser shouts 'WAKE UP!' at you. (at 2:58 pm)[0m[0m
[14:58] [0m[32mSer tells you:[0m ok you're ld nvm[0m
[14:59] [0m[32mYou tell Ser:[0m ya dude i am[0m
[14:59] [0m[32mYou tell Ser:[0m ok ill end session[0m
[14:59] [0m[32;1mFrom afar, Ser nods to you.[0m[0m
[14:59] [0m[32mYou tell Ser:[0m 1 mob[0m
[14:59] [0m[35;1mHyuga [Jedi(93)]:[0m one time i had one last bowl left and i took the first hit[0m
[14:59] [0m                  and coughed and blew the rest of the bowl all over the[0m
[14:59] [0m                  floor[0m
[21:03] [0m[33;1m[Clan] Ser :[0m also if you have that weird buffer issue let me know as well, i[0m
[21:03] [0m             joined the tintin discord[0m
[21:03] [0m[33;1m[Clan] Ser :[0m so i can harass him easier[0m
[21:03] [0m[33;1m[Clan] Byron :[0m how do I fix the map piece?[0m
[21:03] [0m[33;1m[Clan] Ser :[0m holy fuck byron[0m
[21:03] [0m[33;1m[Clan] Ser :[0m now it's #map map {ROWS} {COLS} {overwrite} {path/to/map.txt}[0m
[21:03] [0m[33;1m[Clan] Ser :[0m now it's #map map {ROWS} {COLS} {overwrite} {path/to/map.txt}[0m
[21:03] [0m[33;1m[Clan] Ser :[0m now it's #map map {ROWS} {COLS} {overwrite} {path/to/map.txt}[0m
[21:03] [0m[33;1m[Clan] Ser :[0m now it's #map map {ROWS} {COLS} {overwrite} {path/to/map.txt}[0m
[21:04] [0m[33;1m[Clan] Ser :[0m instead of #map map ROWSxCOLS /path/to/map.txt[0m
[21:04] [0m[33;1m[Clan] Xaryl :[0m was it explained why the changes went into effect?[0m
[21:04] [0m[33;1m[Clan] Byron :[0m yeah...that resembles nothing in the follow_map.sh file[0m
[21:04] [0m[33;1m[Clan] Ser :[0m that's because that's the script that *FOLLOWS* the map[0m
[21:04] [0m[33;1m[Clan] Ser :[0m not where the map itself is drawn from tintin[0m
[21:05] [0m[33;1m[Clan] Ser :[0m @Xaryl, the changes for prompt was so his math could be easier[0m
[21:05] [0m[33;1m[Clan] Ser :[0m the changes for map is because he's adding a lot of map feature[0m
[21:05] [0m[33;1m[Clan] Ser :[0m unicode line drawing, etc[0m
[21:06] [0m[33;1m[Clan] Ser :[0m i guess he added a "map draw" where it will draw on an area in[0m
[21:06] [0m             the split instead of having to pipe to a file[0m
[21:06] [0m[33;1m[Clan] Ser :[0m which means technically could use one screen to display chatlog[0m
[21:06] [0m             & map, just no scrolling in chatlog[0m
[21:07] [0m[33;1m[Clan] Ser :[0m right now i have tmux broken into 3 "panes" with the new[0m
[21:07] [0m             drawing thing could use a split region in tmux to display[0m
[21:07] [0m             chatlog & draw map to the side of it[0m
[21:07] [0m[33;1m[Clan] Ser :[0m err not split in tmux, split in tintin[0m
[21:07] [0m[33;1m[Clan] Ser :[0m let the client do all the work, basically[0m
[21:10] [0m[33;1m[Clan] Byron :[0m wtf. qoh area attacking me now[0m
[21:10] [0m[33;1m[Clan] Byron :[0m didnt attack me last qoh[0m
[21:10] [0m[33;1m[Clan] Parisienne :[0m did she shriek?[0m
[21:10] [0m[33;1m[Clan] Byron :[0m want to heal me xaryl and we claer it?[0m
[21:11] [0m[33;1m[Clan] Byron :[0m yep[0m
[21:11] [0m[33;1m[Clan] Parisienne :[0m I think it might be the person who does the most damage[0m
[21:11] [0m                    to her over the boot[0m
[21:11] [0m[33;1m[Clan] Byron :[0m shriek = ?[0m
[21:11] [0m[33;1m[Clan] Xaryl :[0m sure, I can[0m
[21:11] [0m[33;1m[Clan] Byron :[0m at entrance[0m
[21:11] [0m[33;1m[Clan] Byron :[0m anyone else want to hit?[0m
[21:12] [0m[33;1m[Clan] Aka enters the game.[0m  [0m
[21:12] [0m[34;1mTex shouts:[0m voodoo logs in gets smack around by a knight voodoo logs out to[0m
[21:12] [0m            go cry over it, and say it aint right[0m
[21:13] [0m[33;1m[Clan] Byron :[0m oh fuck[0m
[21:13] [0m[33;1m[Clan] Byron :[0m lots of mobs now[0m
[21:13] [0m[33;1m[Clan] Byron :[0m crushing my karma[0m
[21:15] [0m[33;1m[Clan] Xaryl :[0m want me to rez u?[0m
[21:15] [0m[33;1m[Clan] Byron :[0m nah[0m
[21:15] [0m[33;1m[Clan] Byron :[0m xp is easy[0m
[21:17] [0mKortor <Craft>: I don't want to craft ... I want to be a LUMBERJACK!![0m
[21:17] [0mKortor <Craft>: some adam/obsid/ebon bars in the box[0m
[21:17] [0m[37;1m[JEDI]:[0m Alyssa K'tal arrives at the Academy.[0m
[21:20] [0m[33;1m[Clan] Xaryl :[0m so nasty![0m
[21:21] [0m[33;1m[Clan] Byron :[0m ya...any chance you can grab some of these mobs paris?[0m
[21:21] [0m[33;1m[Clan] Parisienne :[0m like in the butt Bush-style?[0m
[21:21] [0m[33;1m[Clan] Parisienne :[0m dammit I was waxing about Maria[0m
[21:21] [0m[33;1m[Clan] Parisienne :[0m brt[0m
[21:24] [0m[33;1m[Clan] Roken :[0m tonight around 2200 eastern, anyone want to help me with 130[0m
[21:24] [0m               zel headband?[0m
[21:26] [0m[34;1mXiu shouts:[0m such heartless violent murder[0m
[21:28] [0m[33;1m[Clan] Byron :[0m laf this is absurd[0m
[21:28] [0m[33;1m[Clan] Byron :[0m fighting the whole area[0m
[21:28] [0m[33;1m[Clan] Nix :[0m my hero[0m
[21:28] [0m[32mYou tell Ser:[0m greg are you able to beat 130 zelligar?[0m
[21:29] [0m[33;1m[Clan] Mud :[0m zone was same way to me last boot.  i just stayed out instead[0m
[21:29] [0m             of tanking 6+ at once[0m
[21:29] [0m[33;1m[Clan] Mud :[0m did you piss off the queen just after boot, but not kill her?[0m
[21:29] [0m[33;1m[Clan] Byron :[0m I think im tanking 15 of them[0m
[21:29] [0m[33;1m[Clan] Xaryl :[0m prob my fault![0m
[21:29] [0m[33;1m[Clan] Parisienne :[0m heh we could use more people[0m
[21:29] [0m[33;1m[Clan] Byron :[0m roasting my karma w RF[0m
[21:29] [0m[33;1m[Clan] Parisienne :[0m one sec[0m
[21:39] [0m[32mSer tells you:[0m yah i can[0m
[21:41] [0mYour transmuter's stone bursts with 5 new colours![0m
[21:48] [0m[37;1m[JEDI]:[0m Durnoth arrives at the Academy.[0m
[21:51] [0m[34;1mTex shouts:[0m sorin tried to free willy, willy said no ill free you[0m
[21:53] [0m[35;1mKortor [Jedi(65)]:[0m ack[0m
[21:55] [0m[33;1m[Clan] Parisienne :[0m sorry[0m
[21:55] [0m[33;1m[Clan] Parisienne :[0m did we survive?[0m
[21:55] [0m[33;1m[Clan] Byron :[0m ya[0m
[21:55] [0m[33;1m[Clan] Byron :[0m hoe in box[0m
[21:55] [0m[33;1m[Clan] Xaryl :[0m was sick and scary[0m
[21:55] [0m[33;1m[Clan] Parisienne :[0m damn that's offensive[0m
[21:55] [0m[33;1m[Clan] Byron :[0m heh nod[0m
[21:56] [0m[33;1m[Clan] Byron :[0m o your shield xaryl[0m
[21:56] [0m[33;1m[Clan] Byron :[0m in box too[0m
[21:57] [0m[33;1m[Clan] Byron :[0m back in a bit, that was fun[0m
[21:57] [0m[33;1m[Clan] Xaryl :[0m yes it was![0m
[22:16] [0m[34;1mNix shouts:[0m always swim in front of a lifeguard[0m
[22:18] [0m[32mYou tell Ser:[0m free tonight?[0m
[22:20] [0mNightrider flaps : who is all in for a paul party?[0m
[22:20] [0mNightrider flaps : looking for 6 suckers[0m
[22:21] [0m[37;1m[JEDI]:[0m Ylenic It'kla arrives at the Academy.[0m
[22:23] [0m[32mSer tells you:[0m not in particular, what's up[0m
[22:25] [0m[32mYou tell Ser:[0m i want the top notch zelband that blicks me still[0m
[22:25] [0m[32;1mFrom afar, Ser laffs at you![0m[0m
[22:28] [0m[32mYou tell Ser:[0m i can grab tier 3 headband[0m
[22:32] [0m[32;1mFrom afar, Ser pings you.[0m[0m
[22:32] [0m[32;1mFrom afar, you ack at Ser.[0m[0m
[22:38] [0m[33;1m[Clan] Nik leaves the game.[0m  [0m
[22:38] [0m[33;1m[Clan] Yik enters the game.[0m  [0m
[22:39] [0m[33;1m[Clan] Yik leaves the game.[0m  [0m
[22:39] [0m[33;1m[Clan] Yik enters the game.[0m  [0m
[22:41] [0m[33;1m[Clan] Archangel :[0m if free, may I dupe the Redaxe?[0m
[22:41] [0m[33;1m[Clan] Nix :[0m yea come to huri[0m
[22:43] [0mYour transmuter's stone bursts with 3 new colours![0m
[22:52] [0m[37;1m[JEDI]:[0m Reena Bel Noir arrives at the Academy.[0m
[22:52] [0m[32mSer tells you:[0m also i need to run headband for myself[0m
[22:55] [0m[34;1mKitt shouts:[0m Watch yo step next time[0m
[22:57] [0m[33;1m[Clan] Ser :[0m test[0m
[22:57] [0m[33;1m[Clan] Parisienne :[0m epic fail[0m
[22:58] [0m[34;1mSquirrel shouts:[0m pawn takes you[0m
[22:58] [0m[33;1m[Clan] Ser :[0m 1 more time[0m
[22:58] [0m[33;1m[Clan] Ser :[0m ok last time[0m
[22:58] [0m[33;1m[Clan] Ser :[0m ok that worked[0m
[22:58] [0m[33;1m[Clan] Ser :[0m weird[0m
[23:00] [0m[33;1m[Clan] Ser :[0m i broke it[0m
[23:10] [0m[33;1m[Clan] Nix :[0m im killing one more hurinteon and leaving the room, if anyone[0m
[23:10] [0m             wants to camp or room watch it[0m
[23:11] [0m[33;1m[Clan] Ser :[0m if anyoen wants enhances mhu[0m
[23:11] [0m[33;1m[Clan] Ser :[0m hmu too[0m
[23:15] [0m[33;1m[Clan] Archangel :[0m laugh, found a buckler in tacos & already have one[0m
[23:15] [0m[33;1m[Clan] Ser :[0m oo i need to do my tacos again[0m
[23:19] [0m[33;1m[Clan] Nix :[0m just killed huri if you want the room xaryl[0m
[23:21] [0m[37;1m[JEDI]:[0m Bithoff Jonansaan arrives at the Academy.[0m
[23:28] [0m[33;1m[Clan] Nix :[0m did you guys clear out QoH area earlier?[0m
[23:28] [0m[33;1m[Clan] Nix :[0m wondering if the aggro tag is reset[0m
[23:28] [0m[33;1m[Clan] Xaryl :[0m nod, Byron tanked[0m
[23:29] [0m[33;1m[Clan] Xaryl :[0m was scary most of the time[0m
[23:43] [0m[37;1m[JEDI]:[0m Wennic Ber'ni'lok arrives at the Academy.[0m
[23:44] [0m[33;1m[Clan] Nix :[0m ooo broke 600k kills[0m
[23:44] [0m[33;1m[Clan] Parisienne :[0m too many kills. kill Nix!!![0m
[23:44] [0mYour transmuter's stone bursts with 4 new colours![0m
[23:44] [0m[33;1m[Clan] Nix :[0m and 1166 deaths =)[0m
[23:44] [0m[33;1m[Clan] Ser :[0m running shard w/ +1-6 on it[0m
[23:45] [0m[33;1m[Clan] Ser :[0m flex[0m
[23:45] [0m[33;1m[Clan] Nix :[0m oo nice[0m
[23:45] [0m[33;1m[Clan] Nix :[0m i might trick out a shield when i get one[0m
[23:45] [0m[33;1m[Clan] Ser :[0m gore has OG[0m
[23:45] [0m[33;1m[Clan] Ser :[0m i have a dupe up, but i want more shards damnit[0m
[23:46] [0m[33;1m[Clan] Nix :[0m oo 15%[0m
[23:55] [0m[33;1m[Clan] Nix :[0m some pb gear in box[0m
[23:55] [0m[33;1m[Clan] Nix :[0m be back in a few going to grab dinner[0m
[23:56] [0m[33;1m[Clan] Parisienne :[0m warning: nix is totally whipped :) he's on pickle patrol[0m
[23:56] [0m[33;1m[Clan] Parisienne :[0m which for the record I think is fucking awesome. if you[0m
[23:56] [0m                    have a pregnant wife make her fucking happy[0m
[23:57] [0m[33;1m[Clan] Parisienne :[0m but still ... he's in a pickle[0m
[23:58] [0m[33;1m[Clan] Ser :[0m that's what happens when you use your pickle[0m
[23:58] [0m[33;1m[Clan] Ser :[0m wink wink[0m
[23:59] [0m[33;1m[Clan] Parisienne :[0m pickle juice has a mind of its own and turns into pickle[0m
[23:59] [0m                    monster[0m
[23:59] [0m[33;1m[Clan] Parisienne :[0m ok I'm weird[0m
[23:59] [0m[33;1m[Clan] Xaryl :[0m gross?[0m
[23:59] [0m[33;1m[Clan] Parisienne :[0m I'm stunned from asking exactly what I wanted in life[0m
[23:59] [0m                    and getting it[0m
[21:05] [0m[33;1m[Clan] Ser :[0m 7999 at login[0m
[21:05] [0m[33;1m[Clan] Xaryl :[0m wow[0m
[21:05] [0m[33;1m[Clan] Ipsie :[0m damnn[0m
[21:05] [0m[33;1m[Clan] Byron :[0m tanking beloch[0m
[21:06] [0m[33;1m[Clan] Yik :[0m mind if i mooch?[0m
[21:06] [0m[33;1m[Clan] Ser :[0m no eye deer[0m
[21:06] [0m[33;1m[Clan] Ser :[0m ok omw i guess[0m
[21:06] [0m[33;1m[Clan] Byron :[0m come on down[0m
[21:06] [0m[33;1m[Clan] Ser :[0m I WAS TRYNA GET ZELLIGARS[0m
[21:06] [0m[33;1m[Clan] Ser :[0m so i can go do event[0m
[21:08] [0m[37;1m[JEDI]:[0m Janath Meelin arrives at the Academy.[0m
[21:11] [0m[33;1m[Clan] Byron :[0m this is basically me solo'ing him :P[0m
[21:15] [0m[34;1mKitt shouts:[0m Will the Real Botters Please stand up![0m
[21:18] [0m[33;1m[Clan] Ser :[0m paris wanna hit beloch and speed this up[0m
[21:21] [0m[33;1m[Clan] Byron :[0m IceAxe = rolm?[0m
[21:21] [0m[33;1m[Clan] Byron :[0m Dont remember that one[0m
[21:21] [0m[33;1m[Clan] Byron :[0m Think it is though[0m
[21:21] [0m[34;1mNightrider shouts:[0m Next[0m
[21:28] [0m[34;1mNightrider shouts:[0m Nix is a big meanie[0m
[21:28] [0m[33;1m[Clan] Byron :[0m laf, 10 of us[0m
[21:29] [0m[33;1m[Clan] Ser :[0m *whines* can someone check cocoon for me after this[0m
[21:29] [0m[33;1m[Clan] Mud :[0m was just there, caboose camping atm[0m
[21:29] [0m[33;1m[Clan] Mud :[0m but, ill try to get a couple soonish, can box extras[0m
[21:29] [0m[33;1m[Clan] Mud :[0m you cant tank the spiders?[0m
[21:29] [0m[33;1m[Clan] Ser :[0m who me[0m
[21:30] [0m[33;1m[Clan] Ser :[0m i need to finish the questline[0m
[21:30] [0m[33;1m[Clan] Mud :[0m oh, forgot bout that.[0m
[21:30] [0m[33;1m[Clan] Mud :[0m makes sense[0m
[21:30] [0m[33;1m[Clan] Mud :[0m thought they were ser blickers[0m
[21:30] [0m[33;1m[Clan] Ser :[0m nah i can tank some shit these days[0m
[21:31] [0m[33;1m[Clan] Ser :[0m can i smuggle skin[0m
[21:31] [0m[33;1m[Clan] Mud :[0m whats the command to reuse last input command, so I could do[0m
[21:31] [0m             stuff like this?[0m
[21:31] [0m[33;1m[Clan] Mud :[0m whats the command to reuse last input command, so I could do[0m
[21:31] [0m             stuff like this?[0m
[21:31] [0m[33;1m[Clan] Ser :[0m #config {REPEAT ENTER} {ON}[0m
[21:31] [0m[33;1m[Clan] Parisienne :[0m wait am I mudding?[0m
[21:32] [0m[33;1m[Clan] Ser :[0m you probably have it as #conf repeat like i did[0m
[21:32] [0m[33;1m[Clan] Ser :[0m which doesn't work anymore[0m
[21:32] [0m[33;1m[Clan] Mud :[0m yeah, ill update that now[0m
[21:32] [0m[33;1m[Clan] Mud :[0m thankya[0m
[21:32] [0m[33;1m[Clan] Ser :[0m yes-ish, @paris[0m
[21:36] [0m[37;1m[JEDI]:[0m H'ssani C'talan arrives at the Academy.[0m
[21:37] [0m[33;1m[Clan] Ser :[0m someone burn my enhances when i switch[0m
[21:37] [0m[33;1m[Clan] Sock :[0m 5, go[0m
[21:37] [0m[33;1m[Clan] Sock :[0m EAT MY ENHANCES[0m
[21:37] [0m[33;1m[Clan] Sock :[0m ok leaving[0m
[21:38] [0m[33;1m[Clan] Byron :[0m was about to toss you stuff heh[0m
[21:39] [0m[33;1m[Clan] Ser :[0m too slow[0m
[21:40] [0mYour transmuter's stone bursts with 2 new colours![0m
[21:45] [0m[33;1m[Clan] Nix :[0m anyone want a ned aura?[0m
[21:46] [0m[33;1m[Clan] Nix :[0m i'm killing him now, if anyone's interested[0m
[21:48] [0mSquirrel flaps : ftouchs @ss[0m
[21:51] [0m[34;1mParisienne shouts:[0m if you want to see this kitten again Xar he will be a day[0m
[21:51] [0m                   older[0m
[21:51] [0mSquirrel flaps : last call for ftouches[0m
[21:51] [0m[35;1mBurnaby [Jedi(60)]:[0m yo![0m
[21:52] [0m[33;1m[Clan] Parisienne :[0m I mean I'm going to be about as happy as I am not if I[0m
[21:52] [0m                    DON'T marry Maria, but life will be so interesting if i[0m
[21:52] [0m                    DO even if she owns me from now on[0m
[21:53] [0m[33;1m[Clan] Parisienne :[0m it would shut me up about women too![0m
[21:53] [0m[33;1m[Clan] Parisienne :[0m mud-wine[0m
[21:53] [0m[33;1m[Clan] Ser :[0m mud-wine or mud-wide[0m
[21:53] [0m[33;1m[Clan] Ser :[0m or mud-vine[0m
[21:53] [0m[33;1m[Clan] Parisienne :[0m if i marry Maria I'll stop talking about my love-life[0m
[21:54] [0m[33;1m[Clan] Parisienne :[0m sounds like something you want[0m
[21:54] [0m[33;1m[Clan] Ser :[0m doesn't bother me dude[0m
[21:54] [0m[33;1m[Clan] Parisienne :[0m ok Ser you cinched it[0m
[21:54] [0m[33;1m[Clan] Parisienne :[0m I'm going to marry her[0m
[21:54] [0m[33;1m[Clan] Ser :[0m laf[0m
[21:54] [0m[33;1m[Clan] Parisienne :[0m I was just looking for an excuse I really want to[0m
[21:54] [0m[33;1m[Clan] Parisienne :[0m dude she's so hot[0m
[21:55] [0m[33;1m[Clan] Parisienne :[0m I"m going to have to be a new type of musician to[0m
[21:55] [0m                    survive haa[0m
[21:55] [0m[33;1m[Clan] Parisienne :[0m did you all see Ad Astra?[0m
[21:55] [0m[33;1m[Clan] Ser :[0m nope not yet[0m
[21:56] [0m[33;1m[Clan] Nix :[0m i want to see that so bad.. looks good[0m
[21:56] [0m[33;1m[Clan] Parisienne :[0m I helped make it :)[0m
[21:56] [0m[33;1m[Clan] Parisienne :[0m all the audio with Liv Tyler[0m
[21:56] [0m[33;1m[Clan] Parisienne :[0m but it looks so beautiful, Liv was entranced[0m
[21:57] [0m[33;1m[Clan] Parisienne :[0m I learned a lot from how a movie looks from watching Liv[0m
[21:57] [0m[33;1m[Clan] Parisienne :[0m Chris Elliot coming in this week for Schitt's creek[0m
[21:58] [0m[33;1m[Clan] Parisienne :[0m I've become insanely successful, how do I incorpate this[0m
[21:58] [0m                    into my normal life? being an asshole on 3k just gets me[0m
[21:58] [0m                    booted from 3k[0m
[21:59] [0m[33;1m[Clan] Ser :[0m don't be an asshole[0m
[21:59] [0m[33;1m[Clan] Ser :[0m how's that song go, "BITCH BE HUMBLE"[0m
[21:59] [0m[33;1m[Clan] Mud :[0m DBAD[0m
[21:59] [0m[33;1m[Clan] Parisienne :[0m yeah but call me on it? I try but sometimes I am[0m
[22:00] [0m[33;1m[Clan] Parisienne :[0m both you are the best specimines of this mud but also[0m
[22:00] [0m                    that means people are worse. also means you might like[0m
[22:00] [0m                    Crepes?[0m
[22:00] [0m[33;1m[Clan] Ser :[0m who doesn't like crepes[0m
[22:00] [0m[33;1m[Clan] Parisienne :[0m Emma got booted out of her school because she was so[0m
[22:00] [0m                    bullied[0m
[22:00] [0m[33;1m[Clan] Parisienne :[0m it breaks my heart![0m
[22:00] [0m[33;1m[Clan] Parisienne :[0m so I gave her a job too[0m
[22:01] [0m[33;1m[Clan] Yik :[0m i like crepes[0m
[22:01] [0m[33;1m[Clan] Parisienne :[0m I think they meseed with her because she's so talented[0m
[22:01] [0m                    and she's also particularly beautiful.[0m
[22:01] [0m[37;1m[JEDI]:[0m Talia Ska arrives at the Academy.[0m
[22:02] [0m[33;1m[Clan] Parisienne :[0m but I will only say: my daughter[0m
[22:02] [0m[33;1m[Clan] Parisienne :[0m which you guys don't know about. she's 12. anyways[0m
[22:02] [0m[33;1m[Clan] Parisienne :[0m nice to catch up. sorry I'm such an asshole[0m
[22:03] [0m[33;1m[Clan] Parisienne :[0m I've been texting my daughter all night and nothing[0m
[22:03] [0m                    brings me more joy than her emoji's :) :) :)[0m
[22:03] [0m[33;1m[Clan] Ser :[0m whoa[0m
[22:06] [0m[33;1m[Clan] Nix :[0m now queen is mad at me =([0m
[22:07] [0m[34;1mParisienne shouts:[0m she could always dance better than the girls on the TV[0m
[22:07] [0mRaest flaps : Where can i get a luiji board?[0m
[22:07] [0m[33;1m[Clan] Byron :[0m area going crazy?[0m
[22:08] [0m[33;1m[Clan] Parisienne :[0m my problem is suddenly I love someone/some group so much[0m
[22:08] [0m                    I can't even handle it[0m
[22:08] [0m[33;1m[Clan] Parisienne :[0m how do I deal with that? you guys do not know[0m
[22:08] [0mScadar flaps : Same place you get a Majio board?[0m
[22:08] [0m[33;1m[Clan] Parisienne :[0m this is where you'll meet Maria[0m
[22:11] [0m[33;1m[Clan] Roken :[0m rum raisin pannekoek hmm[0m
[22:13] [0mScadar flaps : h[0m
[22:14] [0m[33;1m[Clan] Byron :[0m forgot I wanted to save my refresh for aurothon[0m
[22:14] [0m[33;1m[Clan] Byron :[0m or maybe i dupe w martyr in the morning when its off CD[0m
[22:17] [0mRoken flaps : anyone appreciate a pannekoek? stroopwafel?[0m
[22:19] [0m[34;1mSer shouts:[0m IF AIN'T FUNKY, BACK IT UP! BACK IT UP! BACK IT UP![0m
[22:20] [0m[33;1m[Clan] Byron :[0m drew brees is hut?[0m
[22:20] [0m[33;1m[Clan] Nix :[0m yeah were the hell have you been[0m
[22:20] [0m[33;1m[Clan] Byron :[0m mexico[0m
[22:20] [0m[33;1m[Clan] Nix :[0m living that cartel lifestyle?[0m
[22:21] [0m[33;1m[Clan] Byron :[0m working on it[0m
[22:23] [0m[34;1mXiu shouts:[0m if not exist="funk" then copy *.* D:\[0m
[22:30] [0m[32;1mFrom afar, you eek at A ghostly form of Vagrant.[0m[0m
[22:34] [0m[32;1mFrom afar, Vagrant dances a little jig with you.[0m[0m
[22:35] [0mScadar flaps : If a problem comes along you must click it![0m
[22:36] [0m[37;1m[JEDI]:[0m Rhaan arrives at the Academy.[0m
[22:39] [0m[34;1mNightrider shouts:[0m GET OUT[0m
[22:39] [0m[34;1mSpace shouts:[0m no no co.eback die some more at the altar of paul![0m
[22:40] [0mYour transmuter's stone bursts with 3 new colours![0m
[22:40] [0m[34;1mByron shouts:[0m I'm not invited :([0m
[22:41] [0m[34;1mNix shouts:[0m #youcantsitwitus[0m
[22:41] [0m[34;1mSpace shouts:[0m it was an open invite on hmline n8x claimed it before u![0m
[22:41] [0m[34;1mByron shouts:[0m he's just jealous I outhit him and steal his damage[0m
[22:42] [0m[34;1mParisienne shouts:[0m don't take it personally, they're just distancing[0m
[22:42] [0m                   themselves from me: the mudwide a-hole[0m
[23:02] [0m[33;1m[Clan] Byron :[0m wtf[0m
[23:02] [0m[33;1m[Clan] Byron :[0m 'ow' tries to do west[0m
[23:02] [0m[33;1m[Clan] Nix :[0m you fucked it up[0m
[23:02] [0m[33;1m[Clan] Byron :[0m instead of the emote[0m
[23:02] [0m[33;1m[Clan] Byron :[0m wonder if thats new tt[0m
[23:03] [0m[34;1mSquirrel shouts:[0m die google chrome, die.[0m
[23:03] [0m[33;1m[Clan] Byron :[0m gotta be...#send ow works[0m
[23:03] [0m[33;1m[Clan] Nix :[0m oh wow queen heals if you die?[0m
[23:03] [0m[33;1m[Clan] Nix :[0m why did you clear the area douch bag?[0m
[23:04] [0m[33;1m[Clan] Byron :[0m dont think my clearing it has anything to do with you sucking[0m
[23:04] [0m[33;1m[Clan] Nix :[0m resets the tag[0m
[23:04] [0m[33;1m[Clan] Nix :[0m so im fucked[0m
[23:04] [0m[33;1m[Clan] Parisienne :[0m good thing you're a lawyer[0m
[23:04] [0m[33;1m[Clan] Byron :[0m yeah[0m
[23:04] [0m[33;1m[Clan] Nix :[0m i'm just going to go out of my way to burn byron this boot[0m
[23:04] [0m[33;1m[Clan] Byron :[0m come to mexico and serve me[0m
[23:05] [0m[33;1m[Clan] Nix :[0m calling ICE right now[0m
[23:05] [0m[33;1m[Clan] Nix :[0m you will not get back into this country![0m
[23:05] [0m[33;1m[Clan] Byron :[0m i'll take a margarita without salt, rocks[0m
[23:05] [0m[33;1m[Clan] Nix :[0m laf[0m
[23:05] [0m[33;1m[Clan] Byron :[0m don julio 1942[0m
[23:05] [0m[33;1m[Clan] Byron :[0m so, now that you're fucked for your rings. how bout xp'ing my[0m
[23:05] [0m               alts?[0m
[23:06] [0m[33;1m[Clan] Nix :[0m laf no way[0m
[23:06] [0m[33;1m[Clan] Nix :[0m i'm done with that noise[0m
[23:06] [0m[33;1m[Clan] Parisienne :[0m I'm not going to be that asshole today[0m
[23:06] [0m[33;1m[Clan] Nix :[0m gl your gentech[0m
[23:06] [0m[33;1m[Clan] Nix :[0m and maybe[0m
[23:08] [0m[33;1m[Clan] Nix :[0m how did you get hit with the qoh tag anyway?[0m
[23:13] [0m[37;1m[JEDI]:[0m Herah Wylann arrives at the Academy.[0m
[23:18] [0m[33;1m[Clan] Parisienne :[0m please helpe me[0m
[23:18] [0m[33;1m[Clan] Parisienne :[0m fuck[0m
[23:18] [0m[33;1m[Clan] Parisienne :[0m I just fell in loe with her[0m
[23:18] [0m[33;1m[Clan] Parisienne :[0m i'm so fucked[0m
[23:18] [0m[33;1m[Clan] Parisienne :[0m I just had this thought of her hair sitting on her[0m
[23:18] [0m                    shoulder so right[0m
[23:18] [0m[33;1m[Clan] Parisienne :[0m I'm going to be dead very soon[0m
[23:18] [0m[33;1m[Clan] Parisienne :[0m irl[0m
[23:19] [0m[34;1mParisienne shouts:[0m you're opening another door and I'm running through to[0m
[23:19] [0m                   you[0m
[23:19] [0m[34;1mSquirrel shouts:[0m bon jovi is that you?[0m
[23:19] [0mSquirrel flaps : or bryan adams?[0m
[23:20] [0m[34;1mParisienne shouts:[0m Caroline Polochek[0m
[23:21] [0m[34;1mParisienne shouts:[0m you all will have no info about my Fiancee - made that[0m
[23:21] [0m                   mistake once[0m
[23:24] [0m[34;1mSquirrel shouts:[0m that only matters if she can bake pie.[0m
[23:24] [0m[34;1mParisienne shouts:[0m really the only thing that matters is that I can date my[0m
[23:24] [0m                   woman in peace with none of you harassing her[0m
[23:24] [0m[34;1mParisienne shouts:[0m who gives a crap if I am happy or not eh? we are all like[0m
[23:24] [0m                   40[0m
[23:25] [0m[34;1mParisienne shouts:[0m here's the deal, I marry Maria and we all get along like[0m
[23:25] [0m                   we're all happy 40/y/olds[0m
[23:25] [0m[34;1mSquirrel shouts:[0m well, that's the thing with hookers, they come with no[0m
[23:25] [0m                 pants and they leave after you pay them. Srly, Voodoo has[0m
[23:25] [0m                 no pants.[0m
[23:25] [0m[34;1mVoodoo shouts:[0m I love me some hookers[0m
[23:25] [0m[34;1mParisienne shouts:[0m this is why we all like Voodoo[0m
[23:26] [0m[33;1m[Clan] Parisienne :[0m boom there's how it is done[0m
[23:26] [0m[33;1m[Clan] Parisienne :[0m marrying Maria[0m
[23:26] [0m[34;1mNightrider shouts:[0m Just dont Marry Voodoo's Pants[0m
[23:26] [0m[34;1mYik shouts:[0m oops[0m
[23:26] [0m[33;1m[Clan] Parisienne :[0m I'm going to marry the fuck out of this girl[0m
[23:27] [0m[35;1mHyuga [Jedi(93)]:[0m rofl[0m
[23:27] [0m[33;1m[Clan] Parisienne :[0m she's going to be so happy she won't be able to deal[0m
[23:27] [0m                    with me except for acting it out in sexual ways[0m
[23:27] [0m[35;1mHyuga [Jedi(93)]:[0m crap[0m
[23:27] [0m[33;1m[Clan] Yik :[0m laff, i like that plan[0m
[23:27] [0m[35;1mHyuga [Jedi(93)]:[0m i was busy killing a qoh for nix and i didnt notice herah[0m
[23:27] [0m[33;1m[Clan] Parisienne :[0m I haven't loved a girl in 7 years, kinda-sorta with[0m
[23:27] [0m                    Gracie[0m
[23:27] [0m[33;1m[Clan] Parisienne :[0m only my daughter[0m
[23:28] [0m[33;1m[Clan] Parisienne :[0m and she's like "Dad wtf are you holding back for???"[0m
[23:28] [0m[33;1m[Clan] Parisienne :[0m i literally checked my texts from her to be sure about[0m
[23:28] [0m                    that btw[0m
[23:29] [0m[33;1m[Clan] Parisienne :[0m the fucked up thing is that I moved away from the mud,[0m
[23:29] [0m                    people attack me outside of here .. not so much in here[0m
[23:29] [0m                    .. but they tried to attack me for child porn for my own[0m
[23:29] [0m                    fucking daughter haha[0m
[23:29] [0m[33;1m[Clan] Parisienne :[0m and yeah there is no reason for that[0m
[23:30] [0m[32mYou tell Ser:[0m whoa, you weren't kidding about the drama[0m
[23:31] [0m[32mYou tell Ser:[0m noone going to say anything or let paris vent?[0m
[23:31] [0m[35;1mHyuga [Jedi(93)]:[0m whee. now i can always see where ukyo is hiding[0m
[23:31] [0m[35;1mChaed [Jedi(AGM)]:[0m some things are better left unknown[0m
[23:31] [0m[35;1mHyuga [Jedi(93)]:[0m too true :([0m
[23:32] [0m[33;1m[Clan] Parisienne :[0m my weakness is saying Maria is too beautiful to get[0m
[23:32] [0m                    married[0m
[23:32] [0m[33;1m[Clan] Parisienne :[0m but I'm wrong == she wants to get married to SOMEONE[0m
[23:32] [0m[33;1m[Clan] Parisienne :[0m what more matters is me being there in the right[0m
[23:32] [0m                    place/right timme[0m
[23:37] [0m[37;1m[JEDI]:[0m Wennic Ber'ni'lok arrives at the Academy.[0m
[23:37] [0m[34;1mParisienne shouts:[0m I'm juust waiting on you. just waiting on you![0m
[23:38] [0m[33;1m[Clan] Parisienne :[0m yeah me bing low-impact is rare[0m
[23:40] [0mYour transmuter's stone bursts with 5 new colours![0m
[23:40] [0m[33;1m[Clan] Parisienne :[0m the routine is to be like blah blah blah I was an[0m
[23:40] [0m                    asshole to you[0m
[23:40] [0m[33;1m[Clan] Parisienne :[0m then she takes off her clothing[0m
[23:40] [0m[33;1m[Clan] Parisienne :[0m and I become that asshole[0m
[23:41] [0m[33;1m[Clan] Parisienne :[0m seemes like reddit has more trouble hacking the new[0m
[23:41] [0m                    routers[0m
[23:48] [0m[33;1m[Clan] Parisienne :[0m YESSSSS[0m
[23:48] [0m[33;1m[Clan] Parisienne :[0m fuck yeah[0m
[23:48] [0m[33;1m[Clan] Parisienne :[0m so yeah[0m
[23:48] [0m[33;1m[Clan] Parisienne :[0m YEAH[0m
[23:48] [0m[33;1m[Clan] Parisienne :[0m marrying Maria[0m
[23:49] [0m[33;1m[Clan] Yik :[0m woooooooooo! \o/[0m
[23:49] [0m[33;1m[Clan] Parisienne :[0m how do I upload this photo of my wife[0m
[23:50] [0m[33;1m[Clan] Parisienne :[0m without any identifying info[0m
[23:50] [0m[33;1m[Clan] Parisienne :[0m haha I was thinking our good times would make her say[0m
[23:50] [0m                    yes. I hope that was the case[0m
[23:52] [0m[33;1m[Clan] Parisienne :[0m wow I am marrying Maria[0m
[23:53] [0m[33;1m[Clan] Parisienne :[0m wait what do I say to the woman that just accepted my[0m
[23:53] [0m                    marriage proposal[0m
[23:53] [0m[33;1m[Clan] Parisienne :[0m I feel ill-informed[0m
[23:54] [0m[33;1m[Clan] Yik :[0m something about happieness and cult[0m
[23:55] [0m[33;1m[Clan] Parisienne :[0m I loaded her picture on my desktop and it feels right[0m
[23:55] [0m[33;1m[Clan] Parisienne :[0m but holy fuck[0m
[23:55] [0m[33;1m[Clan] Parisienne :[0m I did not expect to log in and start a family[0m
[23:55] [1;32;49m KEEP MINING Gold, Mithril, Ebon, Titanium, and Addy for Mats---
[23:55] [1;37;40m	Titanium Set
[23:55] [0m[33;1m[Clan] Parisienne :[0m muah[0m
