- = LOG STARTED [00:00] = -
[06:18] [0mYour transmuter's stone bursts with 3 new colours![0m
[06:27] [0m[37;1m[JEDI]:[0m Talia Ska arrives at the Academy.[0m
[06:33] [0mCandi says: Let's see just what you taste like...                          [0m
[06:33] [0mCandi says: You leave my corpse alone, you hear?[0m
[06:33] [0m[33;1m[Clan] Xaryl :[0m donates in[0m
[06:35] [0m[32mNetta says: [0mYou make me hot too much.  Ouch, so hot.[0m
[06:44] [0mZachary says: May your face melt off and your children weep over[0m
[07:06] [0m[37;1m[JEDI]:[0m H'ssani C'talan arrives at the Academy.[0m
[07:18] [0mYour transmuter's stone bursts with 3 new colours![0m
[07:39] [0m[37;1m[JEDI]:[0m Reena Bel Noir arrives at the Academy.[0m
[07:48] [0mnewb Igros [elemental/18]: What do folks do in this game with junk loot?[0m
[07:50] [0mnewb Vksnr [knight/41]: I will either sell it or 'dispose' of it[0m
[07:51] [0mnewb Turnhold [Wizard]: Most guilds have a "guild box", where you can donate[0m
[07:51] [0m                        items, even junk, for guild storage credit.[0m
[07:51] [0m                        Sometimes theres a benefit to it, sometimes there is[0m
[07:51] [0m                        not.[0m
[08:01] [0m[37;1m[JEDI]:[0m Herah Wylann arrives at the Academy.[0m
[08:05] [0mnewb Kitt [priest/132]: turnhold is always sneaky[0m
[08:25] [0m[37;1m[JEDI]:[0m Janath Meelin arrives at the Academy.[0m
[08:26] [0m[34;1mFrank shouts:[0m just because you can't see me, doesn't mean i'm not watching[0m
[08:26] [0m              you.[0m
[08:26] [0m[34;1mParzival shouts:[0m dag nabbit[0m
[08:26] [0m[34;1mSomeone shouts:[0m @.@[0m
[08:26] [0m[34;1mKrataok shouts:[0m He knows...[0m
[08:27] [0m[34;1mHex shouts:[0m kinky[0m
[08:27] [0m[34;1mElindal shouts:[0m you like what you see frankie? :P[0m
[08:27] [0m[34;1mSomeone shouts:[0m very much, i like seeing active players[0m
[08:28] [0m[34;1mKrataok shouts:[0m I'm only 'active' in so much my fingers move.[0m
[08:44] [0m[34;1mKitt shouts:[0m it feels like someone is always watching me[0m
[08:46] [0m[34;1mSpace shouts:[0m someone always is its called the NSA[0m
[08:54] [0m[37;1m[JEDI]:[0m Bithoff Jonansaan arrives at the Academy.[0m
[09:20] [0m[37;1m[JEDI]:[0m Rhaan arrives at the Academy.[0m
[09:20] [0m[33;1m[Clan] Martyr :[0m mornin[0m
[09:22] [0m[33;1m[Clan] Archangel :[0m Morning[0m
[09:22] [0m[33;1m[Clan] Nix :[0m go to hell martyr[0m
[09:22] [0m[33;1m[Clan] Saim :[0m brep[0m
[09:27] [0m[33;1m[Clan] Martyr :[0m The alphabet stat boost lasts a nice while[0m
[09:27] [0m[33;1m[Clan] Martyr :[0m 47 hours from a scaler 83[0m
[09:28] [0m[33;1m[Clan] Archangel :[0m How oddly specific[0m
[09:29] [0m[33;1m[Clan] Martyr :[0m Yeah, kinda odd.[0m
[09:29] [0m[33;1m[Clan] Martyr :[0m But that's a great duration, makes doing it worthwhile on[0m
[09:29] [0m                Byron probably.[0m
[09:30] [0m[33;1m[Clan] Saim :[0m tomorrow we doin a TAO run - wanna pick a time?[0m
[09:30] [0m[33;1m[Clan] Martyr :[0m I thought today after Day 7[0m
[09:30] [0m[33;1m[Clan] Martyr :[0m /tonight[0m
[09:30] [0m[33;1m[Clan] Saim :[0m thats fine too, whenever[0m
[09:30] [0m[33;1m[Clan] Nix :[0m night time works best for me[0m
[09:30] [0m[33;1m[Clan] Martyr :[0m Lets do tonight[0m
[09:30] [0m[33;1m[Clan] Martyr :[0m Hopefully can score a guac[0m
[09:30] [0m[33;1m[Clan] Nix :[0m you confirm no preserved in a freezer?[0m
[09:30] [0m[33;1m[Clan] Saim :[0m lets pick a time-ish too, i get busy but if we have a time i[0m
[09:30] [0m              can remember to pop on[0m
[09:31] [0m[33;1m[Clan] Nix :[0m 7pm est?[0m
[09:31] [0m[33;1m[Clan] Martyr :[0m i'm good w that[0m
[09:31] [0m[33;1m[Clan] Saim :[0m looks like day 7 is about 6pm??[0m
[09:31] [0m[33;1m[Clan] Saim :[0m does that seem right?[0m
[09:31] [0m[33;1m[Clan] Nix :[0m i think its around 5pmish[0m
[09:31] [0m[33;1m[Clan] Saim :[0m will try to be on at 5:30ish for cmc[0m
[09:32] [0m[33;1m[Clan] Martyr :[0m yeah, roughtly 6pm[0m
[09:32] [0m[33;1m[Clan] Martyr :[0m not sure what time exactly the fbat resets[0m
[09:32] [0m[33;1m[Clan] Saim :[0m thought it was 1 hour before day 7[0m
[09:32] [0m[33;1m[Clan] Saim :[0m if someone doesnt mess up and go to the room right next to it[0m
[09:33] [0m[33;1m[Clan] Saim :[0m if not, we have to kill day 6/7[0m
[09:33] [0m[33;1m[Clan] Martyr :[0m Hex is probably fighting it[0m
[09:33] [0m[33;1m[Clan] Martyr :[0m So we'll have to kill 2[0m
[09:33] [0m[33;1m[Clan] Nix :[0m yeah he'll screw it up[0m
[09:33] [0m[33;1m[Clan] Saim :[0m 94 days combat age and tanking the fb himself???[0m
[09:34] [0m[33;1m[Clan] Nix :[0m yup, bouncing it[0m
[09:34] [0m[33;1m[Clan] Saim :[0m seems legit[0m
[09:47] [0mYour transmuter's stone bursts with 2 new colours![0m
[09:49] [0m[32mPedestrian says: [0mIf you are waiting for a bus, they don't run here[0m
[09:49] [0m                 any more.[0m
[09:50] [0mCandi says: You leave my corpse alone, you hear?[0m
[09:50] [0m[37;1m[JEDI]:[0m Wennic Ber'ni'lok arrives at the Academy.[0m
[10:02] [0m[35;1mSimonz [Jedi(Knight)]:[0m oh hi![0m
[10:02] [0m[35;1mBurnaby [Jedi(61)]:[0m yo![0m
[10:11] [0m[34;1mKrataok shouts:[0m Royal Guard gave me 666 SPU, 666 divided by 222 gives 3,[0m
[10:11] [0m                Half life confirmed.[0m
[10:12] [0m[34;1mBurnaby shouts:[0m dont forget to add yeet! after everything you say[0m
[10:12] [0m[34;1mKrataok shouts:[0m yeet![0m
[10:12] [0m[34;1mNik shouts:[0m project borealis is the closest we will get[0m
[10:12] [0m[34;1mBurnaby shouts:[0m yeet![0m
[10:13] [0m[34;1mNik shouts:[0m it is gonna use the epistle 3 story the half life writer did[0m
[10:13] [0m            when he got canned by valve, yeet[0m
[10:14] [0m[34;1mKrataok shouts:[0m all the proof I need yeet![0m
[10:14] [0m[34;1mLeto shouts:[0m half life 2 was fun.[0m
[10:14] [0m[34;1mNik shouts:[0m but its on the unreal engine instead of valve's new one, so its[0m
[10:14] [0m            gonna suck[0m
[10:15] [0m[34;1mKrataok shouts:[0m and be exclusive on epic store[0m
[10:15] [0m[34;1mNik shouts:[0m prolly, glados would be proud[0m
[10:17] [0m[34;1mEnemy shouts:[0m seedos is a punk[0m
[10:21] [0m[37;1m[JEDI]:[0m Tobias Kel'ach'nar arrives at the Academy.[0m
[10:39] [0m[34;1mHyuga shouts:[0m abyss lvl 666... here i come... yeet![0m
[10:41] [0m[33;1m[Clan] Byron :[0m yeah, freezer only holds fresh corpses[0m
[10:41] [0m[33;1m[Clan] Void :[0m nod told ya[0m
[10:41] [0m[33;1m[Clan] Byron :[0m So just need fresh corpes[0m
[10:41] [0m[33;1m[Clan] Void :[0m i assume ultra-tech cooler is the same way[0m
[10:42] [0m[33;1m[Clan] Void :[0m oh shit, we should start running that[0m
[10:42] [0m[33;1m[Clan] Byron :[0m I think tech cooler might take preservations.  I think you[0m
[10:42] [0m               can put like anything in that[0m
[10:43] [0m[33;1m[Clan] Byron :[0m (items, etc.)[0m
[10:47] [0m[37;1m[JEDI]:[0m H'ssani C'talan arrives at the Academy.[0m
[10:50] [0m[34;1mKrataok shouts:[0m YEEET![0m
[10:50] [0m[34;1mLeto shouts:[0m *flies through the air off into the distance*[0m
[10:53] [0mCandi says: Let's see just what you taste like...                          [0m
[10:53] [0mCandi says: Let's see just what you taste like...                          [0m
[10:54] [0mCandi says: You leave my corpse alone, you hear?[0m
[10:57] [0mZachary says: May your face melt off and your children weep over[0m
[11:11] [0m[32;1mFrom afar, Turnhold waves in your direction.[0m[0m
[11:11] [0m[32mTurnhold tells you:[0m how goes out there?[0m
[11:13] [0m[37;1m[JEDI]:[0m Talia Ska arrives at the Academy.[0m
[11:14] [0m[33;1m[Clan] Void :[0m i can't believe they're making another one, but i can't wait[0m
[11:14] [0m              to see it[0m
[11:22] [0m[32mYou tell Turnhold:[0m hi[0m
[11:22] [0m[32;1mFrom afar, Turnhold grins demonically at you.[0m[0m
[11:22] [0m[32mYou tell Turnhold:[0m er fire drill at work[0m
[11:24] [0m[32mPedestrian says: [0mI hate this damn weather.[0m
[11:25] [0m[32mPedestrian says: [0mI hate this damn weather.[0m
[11:25] [0m[32mPedestrian says: [0mHey You? got a qwarter for a cup of cawfee?[0m
[11:26] [0m[32mPedestrian says: [0mHey You? got a qwarter for a cup of cawfee?[0m
[11:28] [0mYour transmuter's stone bursts with 3 new colours![0m
[11:29] [0m[32mPedestrian says: [0mI hate this damn weather.[0m
[11:29] [0m[32mPedestrian says: [0mI hate this damn weather.[0m
[11:29] [0m[32mPedestrian says: [0mHey You? got a qwarter for a cup of cawfee?[0m
[11:29] [0m[32mPedestrian says: [0mI hate this damn weather.[0m
[11:31] [0m[32mPedestrian says: [0mI hate this damn weather.[0m
[11:31] [0m[32mPedestrian says: [0mI hate this damn weather.[0m
[11:32] [0m[32mPedestrian says: [0mI hate this damn weather.[0m
[11:33] [0m[32mPedestrian says: [0mI hate this damn weather.[0m
[11:33] [0m[32mPedestrian says: [0mHey You? got a qwarter for a cup of cawfee?[0m
[11:34] [0m[32mPedestrian says: [0mI hate this damn weather.[0m
[11:35] [0m[32mPedestrian says: [0mI hate this damn weather.[0m
[11:36] [0m[32mPedestrian says: [0mHey You? got a qwarter for a cup of cawfee?[0m
[11:36] [0m[32mPedestrian says: [0mHey You? got a qwarter for a cup of cawfee?[0m
[11:37] [0m[32mPedestrian says: [0mI hate this damn weather.[0m
[11:38] [0m[32mPedestrian says: [0mI hate this damn weather.[0m
[11:38] [0m[32mPedestrian says: [0mHey You? got a qwarter for a cup of cawfee?[0m
[11:38] [0m[32mPedestrian says: [0mHey You? got a qwarter for a cup of cawfee?[0m
[11:39] [0m[32mPedestrian says: [0mHey You? got a qwarter for a cup of cawfee?[0m
[11:40] [0m[34;1mDin shouts:[0m why is it always a death cow?  it'd be nice for once to see a[0m
[11:40] [0m            lifecow, rocking a red one-piece while jogging in slow motion[0m
[11:40] [0m            across the sand[0m
[11:40] [0m[34;1mNik shouts:[0m id be happy with ultra mega chicken[0m
[11:40] [0m[34;1mElindal shouts:[0m LANDSHARK![0m
[11:42] [0m[34;1mNauda shouts:[0m We all got a chicken duck woman thing waiting for us in The[0m
[11:42] [0m              Bushes of Love[0m
[11:45] [0m[34;1mNik shouts:[0m turns out its sort of a dinosaur-dragon-bird type creature[0m
[11:45] [0m[37;1m[JEDI]:[0m Ylenic It'kla arrives at the Academy.[0m
[11:54] [0mSky flaps : man i missed a bot hunting season? who got it last time?[0m
[11:56] [0mScadar flaps : It's not bot season, it's wild turkey season. O.o We're going[0m
[11:56] [0m               have to take the wizard in for bot hunting out of season.[0m
[11:57] [0m[34;1mRoken shouts:[0m could we kick Chucky around?[0m
[11:57] [0mScadar flaps : Turkey: Shot with arrows, yo![0m
[12:00] [0mNauda flaps : was there a thanksgiving invasion?[0m
[12:00] [0mLachlan flaps : 3k doesn't recognize Canada, so no.[0m
[12:02] [0mNauda flaps : now I know it's not the same day for USA and Canada, the more[0m
[12:02] [0m              I know[0m
[12:05] [0m[34;1mJoao shouts:[0m can we rename it spammy cow?[0m
[12:10] [0m[37;1m[JEDI]:[0m Kerran Halcyon arrives at the Academy.[0m
[12:13] [0mRoken flaps : CSGO's mascot happens to be a chicken[0m
[12:14] [0mScadar flaps : Fry up that mascot, we're having chicken tonight![0m
[12:14] [0mBurnaby flaps : yeet![0m
[12:28] [0mYour transmuter's stone bursts with 5 new colours![0m
[12:45] [0m[37;1m[JEDI]:[0m Alyssa K'tal arrives at the Academy.[0m
[13:00] [0m[34;1mSpace shouts:[0m cheers[0m
[13:01] [0m[34;1mNauda shouts:[0m Void stalker[0m
[13:05] [0m[32;1mFrom afar, you cheer Void on!!![0m[0m
[13:08] [0m[34;1mParzival shouts:[0m I am blessed![0m
[13:08] [0m[34;1mBoosh shouts:[0m i am perveted[0m
[13:08] [0m[34;1mNauda shouts:[0m Join priests![0m
[13:10] [0m[34;1mBoosh shouts:[0m or would rather be touched by angel? join angels![0m
[13:10] [0m[37;1m[JEDI]:[0m Durnoth arrives at the Academy.[0m
[13:15] [0m[34;1mBoosh shouts:[0m psst the enemy is in a small hovel. pass it along[0m
[13:26] [0mKitt flaps : if youre doing day 7 cmc i have 2 free dups for you[0m
[13:28] [0mRoken flaps : murdering Doh's place of biz[0m
[13:29] [0mCandi says: You leave my corpse alone, you hear?[0m
[13:29] [0mBertolo says: Y'know what we got here? Motherfuckin' Charlie Bronson!      [0m
[13:38] [0m[32mZachary says: [0mHah, this is good training for my upcoming action flick.[0m
[13:38] [0mZachary says: May your face melt off and your children weep over[0m
[13:42] [0m[34;1mLeto shouts:[0m moo[0m
[13:44] [0m[37;1m[JEDI]:[0m Talia Ska arrives at the Academy.[0m
[13:45] [0mYour transmuter's stone bursts with 5 new colours![0m
[13:46] [0m[34;1mDisruptor shouts:[0m today is last day to file your tax returns if you[0m
[13:46] [0m                  extended...dont forget!![0m
[13:48] [0m[34;1mSimonz shouts:[0m and if you live in your parent's basement and don't work,[0m
[13:48] [0m               then you're all set![0m
[13:51] [0m[34;1mFluffy shouts:[0m shank![0m
[13:53] [0m[34;1mNauda shouts:[0m Bring out more Cows[0m
[14:16] [0m[37;1m[JEDI]:[0m Tobias Kel'ach'nar arrives at the Academy.[0m
[14:23] [0m[33;1m[Clan] Byron :[0m nik, would you be able to port to me/port void to me?[0m
[14:24] [0m[33;1m[Clan] Nik :[0m for sure, gimme 2 mins to kill this stack[0m
[14:24] [0m[33;1m[Clan] Byron :[0m ok[0m
[14:32] [0m[33;1m[Clan] Byron :[0m another fuckin codpiece[0m
[14:33] [0m[33;1m[Clan] Aka :[0m protect ya junk[0m
[14:47] [0m[37;1m[JEDI]:[0m Alyssa K'tal arrives at the Academy.[0m
[14:48] [0m[32mPedestrian says: [0mI hate this damn weather.[0m
[14:52] [0m[32mFrank says:[0m You're about to be in... dead place![0m
[14:53] [0m[32mFrank says:[0m Aw, c'mon! It's getting to be ri-goddamn-diculous![0m
[14:53] [0m[32mFrank says:[0m I did NOT see that coming![0m
[14:54] [0mKitt flaps : Hear ye Hear Ye.  ill be resetting zombies once im done running[0m
[14:54] [0m             kitt thru[0m
[14:55] [0mKitt flaps : Get yo pitch forks. we going Chicken Hunting with ICP[0m
[14:55] [0m[35;1mBurnaby [Jedi(62)]:[0m would it be advisable to AT concentration or force?[0m
[14:56] [0m[35;1mSimonz [Jedi(Knight)]:[0m yes[0m
[14:57] [0m[37;1mNauda <.oO>:[0m Sorin soaring[0m
[14:58] [0m[37;1mHex <.oO>:[0m woo[0m
[14:58] [0mYour transmuter's stone bursts with 3 new colours![0m
[14:59] [0m[35;1mLicklick [Jedi(41)]:[0m deflect three[0m
[15:06] [0m[35;1mRoken [Jedi(67)]:[0m woo[0m
[15:09] [0mNauda flaps : 0 C temperature = 32 F, then if temperature doubles then 0 C +[0m
[15:09] [0m              0 C = 62 F[0m
[15:10] [0mCathartic flaps : HAA HAA STUPID EUROPEANS! TAKE THAT![0m
[15:11] [0mEnemy flaps : i feel like somehow that's what responsible for global warming[0m
[15:12] [0mEnemy flaps : because science and 'murica[0m
[15:13] [0mScadar flaps : No, it's Canadian imports of maple syrup and snow.[0m
[15:13] [0mNik flaps : we're throwing science at the wall and seeing what sticks[0m
[15:13] [0mAdalius flaps : 0K = -273C, if temperature doubles then 0K + 0K = -546C and[0m
[15:13] [0m                world implodes since somehow the temperature is less than[0m
[15:13] [0m                absolute 0.[0m
[15:13] [0mPrismal flaps : I prefer my world unimploded[0m
[15:14] [0mNauda flaps : someone get me whatever Adalius is smoking[0m
[15:14] [0mAdalius flaps : Or maybe, just maybe, none of this works like that and this[0m
[15:14] [0m                presumption on temperature math is all wrong. Who knows. I'm[0m
[15:14] [0m                not a scientist.[0m
[15:14] [0mScadar flaps : I'm a doctor, not a script writer![0m
[15:14] [0mEnemy flaps : i'm not a scientist, but I have twitter[0m
[15:14] [0mAdalius flaps : Damnit Jim, I'm an alcoholic, not a doctor![0m
[15:15] [0m[37;1m[JEDI]:[0m Durnoth arrives at the Academy.[0m
[15:16] [0mNauda flaps : In starcraft Jim was the alcoholic[0m
[15:16] [0mHex flaps : the conversion 2 * 0K still equals 0K[0m
[15:16] [0mHex flaps : and 0K is still equivalent to -273C[0m
[15:17] [0mAdalius flaps : Gasp, Hex gets that you do the conversion afterwards! Thank[0m
[15:17] [0m                Jeebus.[0m
[15:17] [0mAl flaps : hex is an absolute zero[0m
[15:17] [0mNauda flaps : but double the -273 C and you get below absolute zero[0m
[15:17] [0m              temperature[0m
[15:17] [0mNik flaps : i like to just add ~50ish with a few more for higher stuff, no[0m
[15:17] [0m            conversion problems there[0m
[15:17] [0mAdalius flaps : I just do everything in kelvin and it works out fine.[0m
[15:17] [0mHex flaps : the earth is still flat and global warming is a hoax; begin[0m
[15:17] [0m            debate now[0m
[15:18] [0mNik flaps : less trees = moar hotter[0m
[15:18] [0mAdalius flaps : it's a lovely 279.261K today.[0m
[15:18] [0mEnemy flaps : the earth is flat, but global warming is causing it to rise[0m
[15:18] [0m              like bread dough[0m
[15:19] [0mNik flaps : dang glutens destroying the earth[0m
[15:19] [0mNauda flaps : it's cold breeze with 262K here[0m
[15:19] [0mAdalius flaps : We'll have that soon enough. Already got snow flurries last[0m
[15:19] [0m                week. *grumble*[0m
[15:20] [0mAdalius flaps : Still, could be worse. Up north they got actual snow,[0m
[15:20] [0m                Montana got what, 3-4' of snow a couple weeks back, and I'm[0m
[15:20] [0m                sure parts of Canada it never melted :D[0m
[15:20] [0mHex flaps : snowed on the mountain tops here recently[0m
[15:20] [0mHex flaps : clear evidence that global warming is a hoax[0m
[15:21] [0mSimonz flaps : will not snow here[0m
[15:21] [0mNauda flaps : How dare you![0m
[15:21] [0mSimonz flaps : phoenix.  snow would be funny[0m
[15:22] [0mAdalius flaps : well, it's looking more and more like nuclear winter is[0m
[15:22] [0m                again a possibility... so it might snow. just not the kind[0m
[15:22] [0m                you're used to.[0m
[15:22] [0mRoken flaps : snow tease in MN last week[0m
[15:22] [0mByron flaps : so the kind with strippers?[0m
[15:22] [0mFlux flaps : that escalated quickly[0m
[15:23] [0mSimonz flaps : that's vegas[0m
[15:23] [0mRoken flaps : get head out of gutter[0m
[15:25] [0mRoken flaps : like it feels cold enough to snow... it use to blizzard around[0m
[15:25] [0m              halloween.[0m
[15:25] [0mRoken flaps : snow in tucson when there,, on the mtn tops[0m
[15:26] [0mKitt flaps : and the Great Lakes are rising due to ice caps melting[0m
[15:26] [0mSimonz flaps : nod, it will occasionally snow in tucson, esp on the ne side[0m
[15:27] [0m[37;1mHex <.oO>:[0m nopantscheck[0m
[15:28] [0m[37;1mRoken <.oO>:[0m failed[0m
[15:34] [0mBink flaps : it never snows when there is an ino, that must be global[0m
[15:34] [0m             warming too![0m
[15:34] [0mBink flaps : omp, not ino[0m
[15:34] [0mLicklick flaps : lol[0m
[15:35] [0mByron flaps : what is this omp[0m
[15:35] [0mSimonz flaps : Official Mud Parties?  I don't think they exist...[0m
[15:36] [0m[35;1mLicklick [Jedi(41)]:[0m wooo!![0m
[15:36] [0mJasmine flaps : they said female mudders dont exist either but that was[0m
[15:36] [0m                wrong[0m
[15:36] [0mCathartic flaps : I been gone for like 10 years, from the boards it looked[0m
[15:36] [0m                  like omps ended when Tensor stepped down?[0m
[15:37] [0mBink flaps : only proof there are female mudders[0m
[15:39] [0mRoken flaps : OMP don't exist? Real life in the way, "yeah right"[0m
[15:40] [0mThom flaps : the issue of omp is really the same as the issue of any con,[0m
[15:40] [0m             where and who/what can afford it, and will the attenence amount[0m
[15:40] [0m             be worth the cost[0m
[15:41] [0mKitt flaps : https://m.youtube.com/watch?v=JTnGI6Knw5Q#[0m
[15:41] [0mKitt flaps : watch it[0m
[15:43] [0mRoken flaps : what happens at one anyway? Compare scripts? Or have a day[0m
[15:43] [0m              outside adventuring/at an amusement park?[0m
[15:43] [0mRoken flaps : @kitt is it SFW?[0m
[15:43] [0mSimonz flaps : it's kitt.....[0m
[15:43] [0mThom flaps : from what i've heard its mostly just chat with MUD people irl[0m
[15:43] [0m             and have fun playing the MUD but with actually people in[0m
[15:43] [0m             person. party up and go ham wild. share stories and such[0m
[15:44] [0mThom flaps : kind of makes me wish there was a "MUD" con XD[0m
[15:44] [0mSimonz flaps : scavenger hunts, board games, a poker tourney, etc[0m
[15:44] [0mRoken flaps : so a lan party[0m
[15:44] [0m[37;1m[JEDI]:[0m Bithoff Jonansaan arrives at the Academy.[0m
[15:44] [0mKitt flaps : its an organ that over 100 years old playing queen[0m
[15:45] [0mRoken flaps : sweet @kitt[0m
[15:46] [0m[34;1mKitt shouts:[0m lets reset zombies whos in[0m
[15:47] [0m[33;1m[Clan] Ser :[0m nightrider resetting hotel[0m
[15:47] [0m[34;1mNightrider shouts:[0m resetting zombies you damn bots[0m
[15:48] [0mRoken flaps : horrible laptop work speakers don't do it justice[0m
[15:48] [0m[32mYou tell Roken:[0m https://m.youtube.com/watch?v=JTnGI6Knw5Q#[0m
[15:48] [0m[32mRoken tells you:[0m https://m.youtube.com/watch?v=JTnGI6Knw5Q#[0m
[15:48] [0mNightrider flaps : nope[0m
[15:48] [0mNightrider flaps : but bad ass to listen[0m
[15:49] [0mRoken flaps : lemme exit hotel[0m
[15:49] [0m[34;1mNightrider shouts:[0m ok lets do this[0m
[15:50] [0m[34;1mRoken shouts:[0m coming[0m
[15:50] [0m[33;1m[PARTY][0m Roken joins the party.[0m
[15:50] [0m[32mNauda says:[0m rally[0m
[15:50] [0m[33;1m[PARTY][0m Nauda joins the party.[0m
[15:50] [0m[33;1m[PARTY][0m Nightrider: botz all of you[0m
[15:50] [0m[33;1m[PARTY][0m Nauda: me me me[0m
[15:50] [0m[33;1m[PARTY][0m Nightrider has quit the party.[0m
[15:50] [0m[33;1m[PARTY][0m Kitt has quit the party.[0m
[15:50] [0m[33;1m[PARTY][0m The leader quit the party![0m
[15:50] [0m[33;1m[PARTY][0m New leader for the party: simonz.[0m
[15:50] [0m[33;1m[PARTY][0m Simonz has quit the party.[0m
[15:50] [0m[33;1m[PARTY][0m The leader quit the party![0m
[15:50] [0m[33;1m[PARTY][0m New leader for the party: ser.[0m
[15:50] [0m[33;1m[PARTY][0m Nauda has quit the party.[0m
[15:50] [0m[33;1m[PARTY][0m Voodoo has quit the party.[0m
[15:51] [0m[33;1m[PARTY][0m Roken has quit the party.[0m
[15:51] [0mKitt flaps : ok till next reset you bots[0m
[15:51] [0mThom flaps : if you get a tell to an alt, does it show up on the character[0m
[15:51] [0m             your on as well?[0m
[15:51] [0mNauda flaps : yes[0m
[15:51] [0m[34;1mRoken shouts:[0m woo! 1 Tap to the chest, 1 Tap to the head[0m
[15:52] [0mRoken flaps : only if they are linked, yes?[0m
[15:52] [0mKitt flaps : yes[0m
[15:52] [0mBink flaps : kinda illegal to have you main and alt on at same time[0m
[15:52] [0mKitt flaps : talk to the hand[0m
[15:52] [0m[34;1mRoken shouts:[0m think i failed the Zombieland reference[0m
[15:53] [0mSimonz flaps : ref:vaf ldlogin[0m
[15:53] [0mKitt flaps : i have ldlogin bot[0m
[15:54] [0m[34;1mKitt shouts:[0m To Voodoo's pants and beyond![0m
[15:54] [0mLachlan flaps : mmmm LDlogin... I have it, but have never used it![0m
[15:54] [0m<- ! The Vigilant ! -> :  A destabilization Kayos event has been detected in[0m
[15:54] [0m                          Northern Hills of Fantasy!  We are localizing it[0m
[15:54] [0m                          now - get ready![0m
[15:54] [0mKitt flaps : well you a poor bot[0m
[15:54] [0mLachlan flaps : talk about a bot![0m
[15:54] [0mThom flaps : xd its on my list of vaf i want, but probably will never get[0m
[15:54] [0m             lol.[0m
[15:55] [0mKitt flaps : i have 3 chars with epowers it rocks[0m
[15:55] [0mLachlan flaps : well 40% off and 2for1 vafs this past september... it made[0m
[15:55] [0m                me pull the trigger![0m
[15:55] [0mLachlan flaps : now all I need is an active alt[0m
[15:55] [0mKitt flaps : thats not what she said , you shooting vlanks[0m
[15:56] [0mBurnaby flaps : Buy gold or leveled alts. www.3kgold4u.com[0m
[15:56] [0mLachlan flaps : All I have to do first is pass Space on tplist.[0m
[15:56] [0mScadar flaps : Ni hao![0m
[15:57] [0mNauda flaps : Lachland you can do it while Space is sleeping[0m
[15:57] [0mLachlan flaps : well he better become rip van winkle then[0m
[15:58] [0mYour transmuter's stone bursts with 2 new colours![0m
[15:59] [0mBurnaby flaps : ever since this game went free 2 play the dregs have come[0m
[15:59] [0m                out of the woodwork[0m
[15:59] [0mNauda flaps : who are you kidding? Krank logged out almost 2 years, try[0m
[15:59] [0m              passing him on tplist[0m
[16:01] [0mHex flaps : that tplist by xp + xp spent? or just xp?[0m
[16:01] [0mAl flaps : i dunno, i just know that space makes it very difficult to[0m
[16:01] [0m           maintain a % of his equipment[0m
[16:01] [0mAl flaps : xp[0m
[16:02] [0mAl flaps : stupid nicknames[0m
[16:02] [0mNauda flaps : tplist=spent+free[0m
[16:02] [0mSimonz flaps : you have xp nicknamed to equipment? You're right, that is a[0m
[16:02] [0m               stupid one ;)[0m
[16:02] [0m[34;1mCathartic shouts:[0m Whee! Earthquake![0m
[16:03] [0m[34;1mCathartic shouts:[0m 4.5 last night, 4.8 a few mins ago, we rockin'and rollin'[0m
[16:03] [0m                  in the Bay Area :)[0m
[16:03] [0m[34;1mSimonz shouts:[0m not a very cathartic experience, if you ask me[0m
[16:03] [0mHex flaps : "help tplist" -> what you want a help file? pssshhhaw[0m
[16:04] [0mAl flaps : so who's gonna play w/ firebat in an hour[0m
[16:04] [0mScadar flaps : Oooh mind event.[0m
[16:08] [0m[37;1m[JEDI]:[0m Wennic Ber'ni'lok arrives at the Academy.[0m
[16:14] [0m[33;1m[Clan] Void :[0m anyone have a (res[0m
[16:16] [0m[32;1mFrom afar, Chaed claps at you.[0m[0m
[16:16] [0m[32;1mFrom afar, Wilhelm goes 'Woo Woo!' at you.[0m[0m
[16:16] [0m[35;1mElindal [Jedi(26)]:[0m woo roken![0m
[16:16] [0m[32;1mFrom afar, Simonz cheers you on!!![0m[0m
[16:16] [0m[32;1mFrom afar, you thank Elindal.[0m[0m
[16:16] [0m[32;1mFrom afar, Gandalf goes 'Woo Woo!' at you.[0m[0m
[16:16] [0m[32;1mFrom afar, you thank Wilhelm.[0m[0m
[16:16] [0m[32;1mFrom afar, you thank Simonz.[0m[0m
[16:16] [0m[33;1m[Clan] Nix :[0m 44minutes until bat[0m
[16:16] [0m[32;1mFrom afar, you thank Gandalf.[0m[0m
[16:16] [0m[32;1mFrom afar, you thank Chaed.[0m[0m
[16:18] [0m[33;1m[Clan] Byron :[0m Ah, shadow got you. hidden mobs in here are tough[0m
[16:18] [0m[34;1mBoosh shouts:[0m the shadow knows the void[0m
[16:18] [0m[33;1m[Clan] Byron :[0m Hop back, lets see if I can res. Or you staying on Nix until[0m
[16:18] [0m               bat?[0m
[16:19] [0m[33;1m[Clan] Nix :[0m i can try[0m
[16:19] [0m[33;1m[Clan] Void :[0m i already at the death[0m
[16:19] [0m[33;1m[Clan] Void :[0m back to bard[0m
[16:19] [0m[33;1m[Clan] Byron :[0m oh, was gonna res you back[0m
[16:19] [0m[34;1mElindal shouts:[0m quite intimately it seems[0m
[16:24] [0mElindal flaps : so does your dog hit harder as he becomes hungrier?[0m
[16:25] [0mScadar flaps : He hits hungrier as he gets harder.[0m
[16:32] [0mNauda flaps : harder he gets hit[0m
[16:36] [0m[37;1m[JEDI]:[0m Herah Wylann arrives at the Academy.[0m
[16:37] [0m[33;1m[Clan] Saim :[0m day 7 in a bit[0m
[16:38] [0m[33;1m[Clan] Nix :[0m hex has dibs[0m
[16:38] [0m[33;1m[Clan] Nix :[0m your beat[0m
[16:38] [0m[33;1m[Clan] Ser :[0m omg i can see[0m
[16:39] [0m[33;1m[Clan] Ser :[0m got new glasses in today[0m
[16:39] [0m[33;1m[Clan] Saim :[0m what does that mean hex has dibs?[0m
[16:40] [0m[33;1m[Clan] Saim :[0m he can fucking bounce fb to his hearts content AFTER the group[0m
[16:40] [0m              of ppl - ill even refresh it for him[0m
[16:42] [0m[33;1m[Clan] Ser :[0m i may have fucked up[0m
[16:42] [0m[33;1m[Clan] Saim :[0m you did[0m
[16:42] [0m[33;1m[Clan] Saim :[0m im invis[0m
[16:42] [0m[33;1m[Clan] Ser :[0m well we just have to kill day 6 then and i'll set this as my[0m
[16:42] [0m             safe room[0m
[16:42] [0mnewb Thom [bard/87]: for the armor.main mskill, do we know if works on[0m
[16:42] [0m                     "heavy body" and "light body" or just equipment of type[0m
[16:42] [0m                     "main"[0m
[16:43] [0m[33;1m[Clan] Saim :[0m no Hex here so he can gfh[0m
[16:43] [0m[33;1m[Clan] Ser :[0m are you n[0m
[16:43] [0mnewb Din [bladesinger/114]: light body is cloak, not main.  dunno if it[0m
[16:43] [0m                            works for bp/greaves[0m
[16:43] [0m[33;1m[Clan] Nix :[0m why did you go in?[0m
[16:44] [0mnewb Ser [psicorps/133]: i thought cloak was cloak[0m
[16:44] [0m[33;1m[Clan] Ser :[0m just to hear people complain about it[0m
[16:44] [0m[33;1m[Clan] Ser :[0m duh[0m
[16:44] [0m[33;1m[Clan] Saim :[0m well, now im just 1e from fb[0m
[16:44] [0mnewb Vksnr [knight/40]: I think it is just mains, because there are mskills[0m
[16:44] [0m                        for combat.armor.greaves, cloak and bp[0m
[16:44] [0mnewb Nauda [necromancer/132]: help combat.armor.light[0m
[16:44] [0mnewb Din [bladesinger/114]: mud eq screen shows cloak slot as "light body"[0m
[16:45] [0mnewb Din [bladesinger/114]: which i think is what he was referring to[0m
[16:45] [0mnewb Nauda [necromancer/132]: help combat.armor.light.medium[0m
[16:45] [0mnewb Nauda [necromancer/132]: help combat.armor.light.medium.heavy[0m
[16:45] [0mnewb Thom [bard/87]: no i was wondreing about combat.armor.main[0m
[16:45] [0mnewb Nauda [necromancer/132]: help combat.armor.main[0m
[16:46] [0mnewb Nauda [necromancer/132]: main is main, not bp[0m
[16:46] [0mnewb Whoknows [priest/112]: main is usually heavy body isn't it?[0m
[16:46] [0mnewb Whoknows [priest/112]: when you type eq[0m
[16:49] [0mnewb Thom [bard/87]: yeah thats basically what i'm wanting to know XD, what[0m
[16:49] [0m                     category of armor under like eq is main. or is main[0m
[16:49] [0m                     actually its own varient. i was just wanting to[0m
[16:49] [0m                     strengthen my chest armor since it has usually the[0m
[16:49] [0m                     largest stat block[0m
[16:50] [0mHex flaps : help combat.armor.offensive.other.no.pants[0m
[16:50] [0mnewb Whoknows [priest/112]: i think that's it thom.   main = heavy body,[0m
[16:50] [0m                            since there's categories for each  of the other[0m
[16:50] [0m                            slots[0m
[16:51] [0m[33;1m[Clan] Saim :[0m i wanted to save my embiggen for tao run, but not sure now if[0m
[16:51] [0m              we need to kill both day 6 and 7[0m
[16:51] [0m[33;1m[Clan] Byron :[0m sit out day 6 i guess[0m
[16:52] [0m[33;1m[Clan] Nix :[0m sit out day 6[0m
[16:52] [0m[33;1m[Clan] Ser :[0m sorry[0m
[16:58] [0mYour transmuter's stone bursts with 3 new colours![0m
[16:59] [0m[33;1m[Clan] Saim :[0m whos coming to fb??[0m
[16:59] [0m[33;1m[Clan] Saim :[0m get here[0m
[17:00] [0m[33;1m[Clan] Byron :[0m once this mob is dead i'll make my way[0m
[17:00] [0m[33;1m[Clan] Byron :[0m we got 2 to kill :P[0m
[17:04] [0m[33;1m[Clan] Byron :[0m I suggested to Turnhold that they turn gentech dropships into[0m
[17:04] [0m               battlecruisers for combat, how amazing would that be[0m
[17:04] [0m[33;1m[Clan] Nix :[0m rofl can't you pilot them?[0m
[17:04] [0m[33;1m[Clan] Byron :[0m ya[0m
[17:04] [0m[33;1m[Clan] Byron :[0m would be so cool[0m
[17:04] [0m[33;1m[Clan] Nix :[0m wouldn't go past gl 30, but would be nice to have even more[0m
[17:04] [0m             resets[0m
[17:05] [0m[33;1m[Clan] Byron :[0m huh?[0m
[17:05] [0m[33;1m[Clan] Byron :[0m oh, to make a gentech[0m
[17:05] [0m[33;1m[Clan] Nix :[0m tslide 2/2 at gl 30 right?[0m
[17:05] [0m[33;1m[Clan] Byron :[0m the same guild you bitch day and night about me[0m
[17:05] [0m[33;1m[Clan] Byron :[0m yeah, 2/2 at 30[0m
[17:07] [0m[37;1m[JEDI]:[0m H'ssani C'talan arrives at the Academy.[0m
[17:13] [0m[33;1m[Clan] Ser :[0m are we trying to do tao right after or what's the plan[0m
[17:13] [0m[33;1m[Clan] Nix :[0m 7pm i thought we said[0m
[17:13] [0m[33;1m[Clan] Byron :[0m wait for archi/xaryl[0m
[17:13] [0m[33;1m[Clan] Ser :[0m ok ET?[0m
[17:13] [0m[33;1m[Clan] Saim :[0m yea 7[0m
[17:13] [0m[33;1m[Clan] Nix :[0m yep[0m
[17:13] [0m[33;1m[Clan] Byron :[0m ya, 7[0m
[17:15] [0m[33;1m[Clan] Byron :[0m reforge for me?[0m
[17:15] [0m[33;1m[Clan] Ser :[0m me 2[0m
[17:16] [0m[33;1m[Clan] Nix :[0m sure[0m
[17:16] [0m[33;1m[Clan] Ser :[0m where is this stupid shuttle[0m
[17:16] [0m[33;1m[Clan] Nix :[0m where at[0m
[17:17] [0m[33;1m[Clan] Byron :[0m im on it[0m
[17:17] [0m[33;1m[Clan] Byron :[0m Andddd we're lifted off[0m
[17:17] [0m[33;1m[Clan] Nix :[0m im at 227 armoury[0m
[17:17] [0m[33;1m[Clan] Ser :[0m brt[0m
[17:18] [0m[33;1m[Clan] Byron :[0m gotta get another cocoon now[0m
[17:18] [0m[33;1m[Clan] Nix :[0m i have a spare[0m
[17:18] [0m[33;1m[Clan] Byron :[0m fuck yeah[0m
[17:18] [0m[33;1m[Clan] Byron :[0m reforge it for me?[0m
[17:18] [0m[33;1m[Clan] Nix :[0m it's in box and reforged[0m
[17:20] [0m[35;1mSimonz [Jedi(Knight)]:[0m give me a few minutes and I can run it[0m
[17:20] [0m[35;1mSimonz [Jedi(Knight)]:[0m w/l[0m
[17:21] [0m[33;1m[Clan] Byron :[0m woo[0m
[17:28] [0mSimonz flaps : anyone find the event?[0m
[17:30] [0mScadar flaps : The spot out of north wayhaven[0m
[17:30] [0mParzival flaps : in the northern hills, you say?[0m
[17:30] [0mSimonz flaps : thx[0m
[17:31] [0mSimonz flaps : ngate, 10n/2e[0m
[17:40] [0m[37;1m[JEDI]:[0m Kerran Halcyon arrives at the Academy.[0m
[17:44] [0m[33;1m[Clan] Archimedes leaves the game.[0m  [0m
[17:51] [0mEnemy flaps : Alas, the temptations of the flesh are too great[0m
[17:52] [0m[33;1m[Clan] Archangel :[0m Who has day 7 cmc?[0m
[17:52] [0m[33;1m[Clan] Byron :[0m I'm not quite sure[0m
[17:52] [0m[33;1m[Clan] Byron :[0m I duped, but didnt see who kept OG[0m
[17:53] [0m[33;1m[Clan] Nix :[0m i duped too not sure[0m
[17:53] [0m[33;1m[Clan] Byron :[0m gore has it[0m
[17:53] [0m[33;1m[Clan] Nix :[0m how does he have it? he wasn't even there[0m
[17:54] [0m[33;1m[Clan] Byron :[0m nfi[0m
[17:54] [0m[33;1m[Clan] Byron :[0m that's what Al said[0m
[17:54] [0m[33;1m[Clan] Archangel :[0m Kewl.. thanks. :)[0m
[17:54] [0m[33;1m[Clan] Byron :[0m "Let thou who has the most dupes amongst you get the OG"[0m
[17:54] [0m[33;1m[Clan] Byron :[0m And it was said[0m
[17:55] [0m[33;1m[Clan] Xaryl :[0m and the worst bot.....so can ignore requests for hours &[0m
[17:55] [0m               hours[0m
[17:58] [0mYour transmuter's stone bursts with 5 new colours![0m
[17:58] [0m[33;1m[Clan] Roken :[0m beep boop 010101[0m
[17:59] [0m[34;1mRoken shouts:[0m got a steal on soylent! .99 cents a pop! bought their entire[0m
[17:59] [0m              stock[0m
[17:59] [0mRoken flaps : holiday gas station[0m
[18:02] [0m[33;1m[Clan] Xaryl :[0m now we can Tao![0m
[18:02] [0m[33;1m[Clan] Xaryl :[0m are you free to make preservations NIk?[0m
[18:02] [0m[33;1m[Clan] Byron :[0m I'm gonna eat dinner in like 30 mins, but I don't expect us[0m
[18:02] [0m               to be in the hard part of Tao for at least an hour, right?[0m
[18:03] [0m[33;1m[Clan] Byron :[0m (and I'm burning my HA)[0m
[18:03] [0m[33;1m[Clan] Xaryl :[0m prob[0m
[18:03] [0m[33;1m[Clan] Byron :[0m let's stick to 7pm[0m
[18:08] [0m[35;1mElindal [Jedi(26)]:[0m i love that damage emote. "You bring down your[0m
[18:08] [0m                    lightsaber on $mob$ with the wrath of God."[0m
[18:12] [0m[37;1m[JEDI]:[0m Rhaan arrives at the Academy.[0m
[18:18] [0m[33;1m[Clan] Xaryl :[0m that is 7 pm CTS? ETS?[0m
[18:19] [0m[33;1m[Clan] Byron :[0m eastern[0m
[18:19] [0m[33;1m[Clan] Xaryl :[0m got it![0m
[18:38] [0m[37;1m[JEDI]:[0m Janath Meelin arrives at the Academy.[0m
[18:46] [0m[33;1m[Clan] Saim :[0m i just showed my girlfriend all the boons i had, and she said:[0m
[18:46] [0m              "great. look at all those words you have."[0m
[18:47] [0m[33;1m[Clan] Xaryl :[0m laugh![0m
[18:49] [0m[33;1m[Clan] Saim :[0m i like to tell her accomplishments i have in 3k, but without[0m
[18:49] [0m              context since she never played. ill tell her shit like "i just[0m
[18:49] [0m              killed day 7 firebat"[0m
[18:49] [0m[33;1m[Clan] Saim :[0m in a tone that implies she should be impressed[0m
[18:50] [0m[33;1m[Clan] Xaryl :[0m ha[0m
[18:50] [0m[33;1m[Clan] Saim :[0m shes never impresseed[0m
[18:51] [0m[33;1m[Clan] Nix :[0m i do the same shit saim[0m
[18:51] [0m[33;1m[Clan] Saim :[0m haha[0m
[18:51] [0m[33;1m[Clan] Nix :[0m my wife's been around for 10 years... "you still play that[0m
[18:51] [0m             stupid text game"[0m
[18:52] [0m[33;1m[Clan] Saim :[0m extra point if she at some time or another actually made a[0m
[18:52] [0m              character[0m
[18:52] [0m[33;1m[Clan] Nix :[0m negative, she refuses i've tried[0m
[18:52] [0m[33;1m[Clan] Saim :[0m haha[0m
[18:54] [0m[33;1m[Clan] Xaryl :[0m heh, I guess she doe snot like spending time with you![0m
[18:54] [0m[33;1m[Clan] Xaryl :[0m when archi and I started dating I told him "stop playing, or[0m
[18:54] [0m               teach me"[0m
[18:55] [0m[33;1m[Clan] Xaryl :[0m so we could spend time together![0m
[18:56] [0m[33;1m[Clan] Nix :[0m geeze... won't let me reload second freezer[0m
[18:56] [0m[33;1m[Clan] Nix :[0m says it doesn't exist[0m
[18:56] [0m[33;1m[Clan] Xaryl :[0m but will not tell you many years ago that was....makes me[0m
[18:56] [0m               sound super old[0m
[18:56] [0m[33;1m[Clan] Nix :[0m heh[0m
[18:56] [0m[33;1m[Clan] Xaryl :[0m you have to have other people do it for you[0m
[18:56] [0m[33;1m[Clan] Xaryl :[0m or an alt...[0m
[18:56] [0m[33;1m[Clan] Nix :[0m ahh nod[0m
[18:57] [0m[33;1m[Clan] Byron :[0m ok, back[0m
[18:58] [0m[33;1m[Clan] Byron :[0m gonna go crush some pol 1 mobs to charge AOE[0m
[18:58] [0m[33;1m[Clan] Nix :[0m im tanking[0m
[18:58] [0mYour transmuter's stone bursts with 4 new colours![0m
[18:58] [0m[33;1m[Clan] Byron :[0m Yeah, but now you don't have to defend me[0m
[18:59] [0m[33;1m[Clan] Byron :[0m And not break your hit limiter[0m
[18:59] [0m[33;1m[Clan] Nix :[0m true true[0m
[18:59] [0m[33;1m[Clan] Nix :[0m where the hell is tao again[0m
[19:00] [0m[33;1m[Clan] Saim :[0m chaos book store?[0m
[19:00] [0m[33;1m[Clan] Archangel :[0m book nook, I believe[0m
[19:00] [0m[33;1m[Clan] Nix :[0m yeah can[0m
[19:00] [0m[33;1m[Clan] Byron :[0m yep, book nook[0m
[19:00] [0m[33;1m[Clan] Nix :[0m cant remember how to get there[0m
[19:00] [0m[33;1m[Clan] Byron :[0m diablo 2[0m
[19:00] [0m[33;1m[Clan] Byron :[0m same area[0m
[19:01] [0m[33;1m[Clan] Nix :[0m ahh nog got it[0m
[19:01] [0m[33;1m[Clan] Saim :[0m im outside the room[0m
[19:01] [0m[33;1m[Clan] Saim :[0m with the book[0m
[19:01] [0m[33;1m[Clan] Nix :[0m hmm don't think its d2[0m
[19:02] [0m[33;1m[Clan] Saim :[0m know where santa is?[0m
[19:02] [0m[33;1m[Clan] Nix :[0m yup[0m
[19:02] [0m[33;1m[Clan] Saim :[0m down that way, but just enter[0m
[19:02] [0m[33;1m[Clan] Nix :[0m got it[0m
[19:02] [0m[33;1m[Clan] Byron :[0m you got guac?[0m
[19:03] [0m[33;1m[Clan] Nix :[0m nope[0m
[19:03] [0m[33;1m[Clan] Nix :[0m cods and sporks..[0m
[19:03] [0m[33;1m[Clan] Byron :[0m yeah, me too[0m
[19:03] [0m[33;1m[Clan] Saim :[0m i have 2[0m
[19:04] [0m[33;1m[Clan] Byron :[0m ok, omw[0m
[19:04] [0m[33;1m[Clan] Saim :[0m TAO RUN!!! STARTING IN A FEW MINUTES[0m
[19:04] [0m[33;1m[Clan] Saim :[0m come to book nook tao room[0m
[19:04] [0m[33;1m[Clan] Nix :[0m load up on corpses[0m
[19:04] [0m[33;1m[Clan] Byron :[0m ser/nik[0m
[19:05] [0m[33;1m[Clan] Saim :[0m i can hold some preserved corpses if needed in my inventory[0m
[19:05] [0m[33;1m[Clan] Byron :[0m Let me make another golem[0m
[19:05] [0m[37;1m[JEDI]:[0m Reena Bel Noir arrives at the Academy.[0m
[19:05] [0m[33;1m[Clan] Nix :[0m ok saim is full[0m
[19:06] [0m[33;1m[Clan] Byron :[0m did you ftouch all those corpses Xaryl?[0m
[19:06] [0m[33;1m[Clan] Saim :[0m the ones i have?[0m
[19:06] [0m[33;1m[Clan] Byron :[0m Can you ftouch CMC/Cocoon for me so I can carry more?[0m
[19:06] [0m[33;1m[Clan] Byron :[0m Ya[0m
[19:06] [0m[33;1m[Clan] Nix :[0m they all shgould be[0m
[19:06] [0m[33;1m[Clan] Byron :[0m I put another 1000 in Paris's crypt[0m
[19:07] [0m[33;1m[Clan] Byron :[0m Not sure if those are ftouched[0m
[19:07] [0m[33;1m[Clan] Archangel :[0m Trying to quick finish the event[0m
[19:07] [0m[33;1m[Clan] Saim :[0m if i start getting hit later ill have to release these badboys[0m
[19:07] [0m              just fyi[0m
[19:07] [0m[33;1m[Clan] Byron :[0m nod[0m
[19:07] [0m[33;1m[Clan] Nix :[0m nog, we'll burn em[0m
[19:07] [0m[33;1m[Clan] Saim :[0m im gonna make a trig to drop a corpse[0m
[19:07] [0m[33;1m[Clan] Byron :[0m I'll keep roasting small mobs for AOE then[0m
[19:08] [0m[33;1m[Clan] Byron :[0m Until you finish event[0m
[19:08] [0m[33;1m[Clan] Nix :[0m i think we'll be fine when we get deep[0m
[19:08] [0m[33;1m[Clan] Nix :[0m didn't have embiggen before and way more dodge[0m
[19:12] [0m[33;1m[Clan] Saim :[0m lets do this[0m
[19:12] [0m[33;1m[Clan] Nix :[0m yeah what's the word[0m
[19:12] [0m[33;1m[Clan] Saim :[0m forget the event for tonight[0m
[19:12] [0m[33;1m[Clan] Nix :[0m saim and our about to burn this book[0m
[19:13] [0m[33;1m[Clan] Byron :[0m they're in spaceship[0m
[19:14] [0m[33;1m[Clan] Ser :[0m hi[0m
[19:14] [0m[33;1m[Clan] Ser :[0m are you guys doin xao[0m
[19:14] [0m[33;1m[Clan] Martyr :[0m ya[0m
[19:14] [0m[33;1m[Clan] Nix :[0m yeah xao xe cheng[0m
[19:18] [0m[33;1m[Clan] Saim :[0m what are we waiting for?[0m
[19:18] [0m[33;1m[Clan] Byron :[0m Xaryl and Archi[0m
[19:18] [0m[33;1m[Clan] Nix :[0m martyr can't read[0m
[19:18] [0m[33;1m[Clan] Nix :[0m err byron[0m
[19:18] [0m[33;1m[Clan] Nix :[0m trying to find an audio version of tao te chenge[0m
[19:19] [0m[33;1m[Clan] Byron :[0m interesting, I didn't bulwark and my shield went[0m
[19:20] [0m[33;1m[Clan] Byron :[0m errr recharged[0m
[19:23] [0m[33;1m[Clan] Nix :[0m let's go byron[0m
[19:23] [0m[33;1m[Clan] Saim :[0m ser, aka, nik???[0m
[19:24] [0m[33;1m[Clan] Byron :[0m omw[0m
[19:25] [0m[33;1m[Clan] Saim :[0m who else is coming?[0m
[19:26] [0m[33;1m[Clan] Nix :[0m last call[0m
[19:27] [0m[33;1m[Clan] Nix :[0m getting ready to start reading[0m
[19:27] [0m[33;1m[Clan] Aka :[0m i'd come if i didn't miss chance[0m
[19:28] [0m[33;1m[Clan] Aka :[0m if i missed oh well[0m
[19:28] [0m[33;1m[Clan] Byron :[0m port to me[0m
[19:28] [0m[33;1m[Clan] Nix :[0m come now[0m
[19:28] [0m[33;1m[Clan] Aka :[0m noport[0m
[19:29] [0m[33;1m[Clan] Saim :[0m book nook - worn book[0m
[19:29] [0m[33;1m[Clan] Aka :[0m i'm at axl.. idk what worn book means exactly[0m
[19:29] [0m[33;1m[Clan] Nix :[0m nw,n,read book[0m
[19:29] [0m[33;1m[Clan] Byron :[0m nw/n/read book[0m
[19:31] [0m[33;1m[Clan] Ser :[0m what[0m
[19:31] [0m[33;1m[Clan] Ser :[0m where is nw[0m
[19:31] [0m[33;1m[Clan] Byron :[0m grab whatever corpses you see on the way in[0m
[19:32] [0m[33;1m[Clan] Ser :[0m crap i went to covenant[0m
[19:32] [0m[33;1m[Clan] Saim :[0m might be able to still reach us[0m
[19:32] [0m[33;1m[Clan] Saim :[0m hurry[0m
[19:43] [0m[37;1m[JEDI]:[0m Ylenic It'kla arrives at the Academy.[0m
[19:45] [0m[33;1m[Clan] Ser :[0m yah i give up[0m
[19:45] [0m[33;1m[Clan] Xaryl :[0m will the mobs reset on the way?[0m
[19:45] [0m[33;1m[Clan] Nix :[0m i think so[0m
[19:48] [0m[33;1m[Clan] Ser :[0m fuck it[0m
[19:49] [0mVagrant flaps : reserting zamvbies swing by[0m
[19:52] [0mCandi says: You leave my corpse alone, you hear?[0m
[20:07] [0mYour transmuter's stone bursts with 4 new colours![0m
[20:15] [0m[37;1m[JEDI]:[0m Tobias Kel'ach'nar arrives at the Academy.[0m
[20:51] [0m[37;1m[JEDI]:[0m Reena Bel Noir arrives at the Academy.[0m
[20:52] [0m[34;1mAl shouts:[0m Throw Back Tuesdays![0m
[20:52] [0m[34;1mParzival shouts:[0m yeah love seeing people still die to titans :)[0m
[20:53] [0m[34;1mAl shouts:[0m so, how big *do* they get?[0m
[20:53] [0m[34;1mBoosh shouts:[0m robin killing em with bad jokes?[0m
[20:55] [0m[34;1mWilhelm shouts:[0m See, me and Al, we had this bright idea.  And by bright I[0m
[20:55] [0m                mean terrible.  But we did it anyway, so, there's that.[0m
[20:55] [0m[34;1mAl shouts:[0m he stopped me from summoning my own throwback[0m
[20:56] [0m[34;1mParzival shouts:[0m nice new arch, at least![0m
[20:56] [0m[34;1mAl shouts:[0m wilhelms a good egg--and put his life on the line for me[0m
[20:57] [0m[34;1mBoosh shouts:[0m you won't know it's a bad idea until you try it![0m
[20:57] [0m[34;1mAl shouts:[0m come help[0m
[20:59] [0m[34;1mAl shouts:[0m to hell with it.  anybody up to maybe die to a titan throwback[0m
[20:59] [0m           about my size?[0m
[20:59] [0m[34;1mGilead shouts:[0m you can doooo eeeeet[0m
[20:59] [0m[34;1mKitt shouts:[0m well it isnt that big then[0m
[20:59] [0m[34;1mAl shouts:[0m not what yo baby momma told me[0m
[21:07] [0mYour transmuter's stone bursts with 2 new colours![0m
[21:10] [0m[37;1mNauda <.oO>:[0m Got Woot?[0m
[21:15] [0m[33;1m[Clan] Ser :[0m how is tao going[0m
[21:15] [0m[33;1m[Clan] Xaryl :[0m boring w/out you![0m
[21:15] [0m[33;1m[Clan] Nix :[0m book 5 - chapter 28[0m
[21:15] [0m[33;1m[Clan] Saim :[0m get a knight to send you via esquire[0m
[21:16] [0m[33;1m[Clan] Ser :[0m laf[0m
[21:17] [0m[37;1m[JEDI]:[0m Janath Meelin arrives at the Academy.[0m
[21:21] [0m[33;1m[Clan] Sock wiggles on your foot.[0m  [0m
[21:21] [0m[34;1mAl shouts:[0m Trout the Hellfish![0m
[21:22] [0m[34;1mSpace shouts:[0m better than Predator the Hellfire![0m
[21:24] [0m[34;1mBoosh shouts:[0m throw it back thow it back now[0m
[21:26] [0m[32mSer tells you:[0m hey[0m
[21:26] [0m[32mSer tells you:[0m got any nethernium i can transmute for you?[0m
[21:26] [0m[34;1mParzival shouts:[0m jenkins[0m
[21:26] [0m[32mSer tells you:[0m i'm like 10% from getting to voidstone[0m
[21:26] [0m[32mYou tell Ser:[0m ya 112 shards, and 55 ore[0m
[21:28] [0m[32mYou tell Ser:[0m i'm at aegis[0m
[21:30] [0mnewb Rytch [breed/16]: I seem to be stuck in woonsocket. I have the pendant,[0m
[21:30] [0m                       but the commands aren't working. Any ideas?[0m
[21:30] [0m[32mSer tells you:[0m very cool[0m
[21:30] [0m[32mSer tells you:[0m i've been clearing that every couple hours just to piss[0m
[21:30] [0m        people off[0m
[21:30] [0mnewb Sky [juggernaut/131]: seriously wish that would get fixed already[0m
[21:30] [0m[32mSer tells you:[0m i 2 rounds most zombies[0m
[21:30] [0mnewb Sky [juggernaut/131]: exa pendant[0m
[21:31] [0mnewb Sky [juggernaut/131]: help townportal[0m
[21:36] [0m[32mYou tell Ser:[0m hmm must be why i don't see much at aegis throughout today[0m
[21:36] [0m[32mYou tell Ser:[0m been going there about every 90 minutes[0m
[21:38] [0m[32mYou tell Ser:[0m so we meeting somewhere else then to unload the nether?[0m
[21:40] [0m[32mPedestrian says: [0mI hate this damn weather.[0m
[21:42] [0mCandi says: Let's see just what you taste like...                          [0m
[21:42] [0mCandi says: You leave my corpse alone, you hear?[0m
[21:43] [0m[34;1mWhoknows shouts:[0m RUN AWAY!!![0m
[21:44] [0m[32mYou say:[0m hi[0m
[21:45] [0m[32mNetta says: [0mUnencountered program deploy code lambda /obj/sperm #441.[0m
[21:45] [0m[37;1m[JEDI]:[0m Ylenic It'kla arrives at the Academy.[0m
[21:45] [0m[32mNetta says: [0mRub me all over and make it feel g-g-g-g-g.[0m
[21:47] [0m[32mSer tells you:[0m uh cbox?[0m
[21:47] [0mSsRPDFd  Wm:g Wc: 60% Gx: 32.38% Fx: 28.66%[0m
[21:49] [0m[32;1mFrom afar, Ser shouts 'WAKE UP!' at you. (at 9:49 pm)[0m[0m
[21:50] [0m[32mYou tell Ser:[0m finishing whores[0m
[21:50] [0m[32mSer tells you:[0m i disposed like 400 average voidstone ore[0m
[21:50] [0m[32;1mFrom afar, Ser winks at you suggestively.[0m[0m
[21:51] [0m[32mYou tell Ser:[0m craft box not clan box[0m
[21:52] [0m[32mSer tells you:[0m waiting on you[0m
[21:52] [0m[32;1mFrom afar, you nog at Ser.[0m[0m
[21:52] [0m[32mSer tells you:[0m dont make me come to whores and clean up[0m
[21:53] [0m[32mYou tell Ser:[0m noooooooooooooooo i need 4.5 million dollars[0m
[21:53] [0m[32mSer tells you:[0m alright[0m
[21:53] [0m[32mSer tells you:[0m you should probably sell all the shit they drop too then[0m
[21:53] [0m[32mSer tells you:[0m stupid[0m
[21:54] [0mZachary says: May your face melt off and your children weep over[0m
[21:54] [0m[32mSer tells you:[0m clear[0m
[21:55] [0mBertolo says: I'll take care of this mess.                                 [0m
[21:55] [0m[32mSer tells you:[0m guess i'll clear aegis while i wait[0m
[21:55] [0m[32mSer tells you:[0m lvl 1 clear[0m
[21:56] [0m[32mYou tell Ser:[0m ok be my guest... i'm going home[0m
[21:56] [0m[32mSer tells you:[0m 2 clear[0m
[21:56] [0m[32mSer tells you:[0m 3 clear[0m
[21:56] [0m[32mSer tells you:[0m ran into boosh[0m
[21:58] [0m[32mSer tells you:[0m 4 clear[0m
[21:58] [0m[32;1mFrom afar, Simonz goes 'Woo Woo!' at you.[0m[0m
[21:58] [0m[35;1mHyuga [Jedi(93)]:[0m woot[0m
[21:59] [0m[32mSer tells you:[0m lemme know when you're out[0m
[22:01] [0m[32mYou tell Ser:[0m at east of chavee[0m
[22:01] [0m[32mSer says:[0m gimme all your neth[0m
[22:02] [0m[32;1mFrom afar, Ser exclaims wtf!?, at you.[0m[0m
[22:02] [0m[32mYou tell Ser:[0m come w[0m
[22:02] [0m[32mSer says:[0m got more?[0m
[22:03] [0m[32mSer says:[0m hey girl[0m
[22:04] [0m[32mSer says:[0m Brigga Bragga!  Hizzie wizzie snizzie lizzie!  CHOWDA CHOWDA CHOWDA!!!![0m
[22:04] [0m[32mYou say:[0m got em[0m
[22:04] [0m[32mSer says:[0m there[0m
[22:04] [0m[32mSer says:[0m i didnt need the ore after all[0m
[22:04] [0m[32mSer says:[0m standby[0m
[22:04] [0m[32mSer says:[0m Brigga Bragga!  Hizzie wizzie snizzie lizzie!  CHOWDA CHOWDA CHOWDA!!!![0m
[22:04] [0m[32;1mFrom afar, you bow to Ser.[0m[0m
[22:05] [0m[32mYou tell Ser:[0m neat grenade[0m
[22:05] [0m[32mSer tells you:[0m it's from aegis[0m
[22:05] [0m[33;1m[Clan] Nix :[0m Book 6 - chapter 19[0m
[22:06] [0m[33;1m[Clan] Byron :[0m so many new rooms[0m
[22:07] [0m[32mSer tells you:[0m thanks, now to save up enough colors to transmute the rest[0m
[22:07] [0m        of my ore[0m
[22:07] [0m[32;1mFrom afar, Ser grins at you.[0m[0m
[22:08] [0mYour transmuter's stone bursts with 5 new colours![0m
[22:08] [0m[32mYou tell Ser:[0m sitting at 59 charges myself[0m
[22:08] [0m[32mYou tell Ser:[0m blowing my load tonight ;)[0m
[22:09] [0m[32mSer tells you:[0m i expected to die in this party and 2 people have and i[0m
[22:09] [0m        don't think i'm going to[0m
[22:09] [0m[32mSer tells you:[0m pretty neat[0m
[22:10] [0m[34;1mSpace shouts:[0m Gore has OG bug him for dups, NOW[0m
[22:13] [0m[34;1mHex shouts:[0m OG = oozing growth?[0m
[22:13] [0m[34;1mSer shouts:[0m oversized growth[0m
[22:13] [0m[34;1mNix shouts:[0m original gangsta[0m
[22:13] [0m[34;1mWhoknows shouts:[0m Original Ghon.. nm[0m
[22:14] [0m[34;1mFluffy shouts:[0m thief![0m
[22:14] [0m[34;1mWhoknows shouts:[0m prove it![0m
[22:15] [0m[34;1mHex shouts:[0m don't blame me[0m
[22:15] [0m[34;1mWhoknows shouts:[0m i wasn't supposed to bless the firebat?[0m
[22:15] [0m[34;1mParzival shouts:[0m nor growth it[0m
[22:16] [0m[37;1m[JEDI]:[0m Wennic Ber'ni'lok arrives at the Academy.[0m
[22:16] [0m[34;1mWhoknows shouts:[0m Now you tell me![0m
[22:18] [0m[32mYou tell Ser:[0m i need ob shards/ghoti tears/opal to transmute or compassion[0m
[22:18] [0m        ess[0m
[22:19] [0m[32mYou tell Ser:[0m nvm hah .. went to pearl like DUH[0m
[22:19] [0m[32mSer tells you:[0m if you want to die[0m
[22:19] [0m[32mSer tells you:[0m there's a fun party going on[0m
[22:20] [0m[32mSer tells you:[0m you'd get a new arch foe[0m
[22:20] [0m[32mSer tells you:[0m about 2x the size[0m
[22:20] [0m[32mYou tell Ser:[0m nahhhh firebat is a cool arch[0m
[22:21] [0m[32mYou tell Ser:[0m well still need that stuff but down to 12 charges and[0m
[22:21] [0m        transmuter 62 (01%)[0m
[22:21] [0m[32;1mFrom afar, Ser goes 'WHEEEEEEEE!' at you.[0m[0m
[22:28] [0mParzival {Professions}: what effect does transmuting have on ac/wc values?[0m
[22:28] [0m                        like if I find a great weapon that's not a sword but[0m
[22:28] [0m                        wanted a sword...[0m
[22:28] [0mInix {Professions}: zero change[0m
[22:29] [0mParzival {Professions}: interesting[0m
[22:34] [0m[32mFrank says:[0m I'm gonna straight-up murder your ass![0m
[22:34] [0m[32mFrank says:[0m Aw, c'mon! It's getting to be ri-goddamn-diculous![0m
[22:35] [0m[32mFrank says:[0m Aw, c'mon! It's getting to be ri-goddamn-diculous![0m
[22:35] [0m[34;1mNightrider shouts:[0m I cant die Raest says, welp yes you can Says Ringo[0m
[22:36] [0m[34;1mSpace shouts:[0m as does Firebat[0m
[22:47] [0m[37;1m[JEDI]:[0m Durnoth arrives at the Academy.[0m
[22:49] [0m[33;1m[Clan] Ser :[0m well i am #3 on psicorps board now[0m
[22:49] [0m[33;1m[Clan] Nix :[0m whose ahead of you? krank and ?[0m
[22:49] [0m[33;1m[Clan] Ser :[0m just Calisp and Krank[0m
[22:50] [0m[33;1m[Clan] Ser :[0m not sure when i passed Hull[0m
[23:03] [0m[33;1m[Clan] Ser :[0m how do i get to evilest[0m
[23:03] [0m[33;1m[Clan] Nik :[0m want a daemon graft?[0m
[23:03] [0m[33;1m[Clan] Nix :[0m goblin blade too[0m
[23:03] [0m[33;1m[Clan] Xaryl :[0m goblin blade, dorthy amulet, necro deamon grft[0m
[23:04] [0m[33;1m[Clan] Ser :[0m nah lets schedule for tomorrow[0m
[23:04] [0m[33;1m[Clan] Ser :[0m then i can drag you with me[0m
[23:04] [0m[33;1m[Clan] Ser :[0m ill send you a calendar invite[0m
[23:05] [0m[33;1m[Clan] Nik :[0m thatd be awesome, many grafts![0m
[23:05] [0m[33;1m[Clan] Nix :[0m have your people call my people[0m
[23:06] [0m[33;1m[Clan] Nix :[0m i'm confirmed[0m
[23:06] [0m[33;1m[Clan] Ser :[0m nik...  i put it in my calendar, started to share it, g9t to[0m
[23:06] [0m             the "share with" and it suggested your name[0m
[23:07] [0m[33;1m[Clan] Ser :[0m like wtf[0m
[23:07] [0m[33;1m[Clan] Nik :[0m spooky[0m
[23:07] [0m[33;1m[Clan] Nik :[0m do not question the googoracle[0m
[23:07] [0m[33;1m[Clan] Ser :[0m thnx google[0m
[23:07] [0m[37;1mWhoknows <.oO>:[0m oO[0m
[23:07] [0m[33;1m[Clan] Byron :[0m demon graft makes you evilest fastest probably (but only to a[0m
[23:07] [0m               certna level), then stops making you evil[0m
[23:08] [0m[37;1mWhoknows <.oO>:[0m Oo[0m
[23:08] [0mYour transmuter's stone bursts with 3 new colours![0m
[23:08] [0m[33;1m[Clan] Ser :[0m is tao a quest[0m
[23:08] [0m[33;1m[Clan] Xaryl :[0m dorthy amulet works best on lots of small mobs[0m
[23:08] [0m[33;1m[Clan] Nix :[0m nah but it should be[0m
[23:08] [0m[33;1m[Clan] Nix :[0m we are in book 6, chapter 65[0m
[23:08] [0m[33;1m[Clan] Ser :[0m how big are mobs?  and hitaround?[0m
[23:08] [0m[33;1m[Clan] Nik :[0m crikey[0m
[23:10] [0m[33;1m[Clan] Byron :[0m 44mil apiece, 6/room[0m
[23:10] [0m[33;1m[Clan] Nix :[0m no hit around[0m
[23:10] [0m[33;1m[Clan] Byron :[0m I'm pulling 700m/hr[0m
[23:10] [0m[33;1m[Clan] Byron :[0m Which is probably what everyone is pulling[0m
[23:10] [0m[33;1m[Clan] Byron :[0m w/ CMC[0m
[23:10] [0m[33;1m[Clan] Xaryl :[0m well, not all of us :([0m
[23:11] [0m[33;1m[Clan] Byron :[0m No? Should be pretty evne split I figured[0m
[23:11] [0m[33;1m[Clan] Xaryl :[0m 680 mil for me[0m
[23:11] [0m[33;1m[Clan] Xaryl :[0m you do way more damage[0m
[23:13] [0mHex flaps : bootcheckthelaces[0m
[23:15] [0m[37;1m[JEDI]:[0m Kerran Halcyon arrives at the Academy.[0m
[23:33] [0mHyuga flaps : weird. ps4 and facebook severing ties?[0m
[23:33] [0mHyuga flaps : can't say i am sad to see it[0m
[23:51] [0m[37;1m[JEDI]:[0m Talia Ska arrives at the Academy.[0m
[23:58] [0m[37;1mInix <.oO>:[0m Wootles![0m
[23:58] [0m[37;1mHex <.oO>:[0m woo[0m
[23:59] [0m[37;1mAsh <.oO>:[0m wewt[0m
