- = LOG STARTED [00:00] = -
[00:25] [0m[37;1m[JEDI]:[0m Ylenic It'kla arrives at the Academy.[0m
[00:52] [0m[37;1m[JEDI]:[0m Wennic Ber'ni'lok arrives at the Academy.[0m
[09:11] [0m[37;1m[JEDI]:[0m Tobias Kel'ach'nar arrives at the Academy.[0m
[09:21] [0m[34;1mFlaxen shouts:[0m sugah[0m
[09:23] [0m[34;1mSaim shouts:[0m booger sugah[0m
[09:34] [0mYour transmuter's stone bursts with 6 new colours![0m
[09:38] [0m[37;1m[JEDI]:[0m Janath Meelin arrives at the Academy.[0m
[09:55] [0m[34;1mNightrider shouts:[0m Who Da Botz in Da House?[0m
[09:56] [0m[34;1mGilead shouts:[0m beep boop bleep bop[0m
[09:56] [0m[34;1mYik shouts:[0m input error[0m
[10:00] [0m[34;1mHooligan shouts:[0m pick me pick me[0m
[10:01] [0m[34;1mHyuga shouts:[0m someone cook me some eggs bacon and hashbrowns[0m
[10:01] [0m[34;1mYik shouts:[0m playcult now for a free continental breakfast![0m
[10:02] [0m[34;1mSaim shouts:[0m wtf? this is just an otis spunkenmyer muffin and sanka...[0m
[10:02] [0m[34;1mHyuga shouts:[0m ooo... tiny cereals, and stale bagels! yay[0m
[10:02] [0m[34;1mTurnhold shouts:[0m Only breakfast you need is coffee. Anything more than that is being extra, and[0m
[10:02] [0m                 no one has time for all that.[0m
[10:03] [0m[34;1mHyuga shouts:[0m exactly, someone cook my damn breakfast *sips coffee*[0m
[10:03] [0m[37;1m[JEDI]:[0m Tobias Kel'ach'nar arrives at the Academy.[0m
[10:05] [0m[34;1mNauda shouts:[0m Don't do drugs, or if you do, don't stop.[0m
[10:07] [0m[34;1mYik shouts:[0m quitters dont do drugs[0m
[10:09] [0m[34;1mYik shouts:[0m elvis didnt do no drugs![0m
[10:11] [0m[34;1mCrolack shouts:[0m I have a breakfast sandwich maker.[0m
[10:12] [0m[34;1mNauda shouts:[0m I met she is mexican[0m
[10:12] [0m[34;1mPytlak shouts:[0m One of those waffle-maker type things with the stacked rings?[0m
[10:12] [0m[34;1mCrolack shouts:[0m yeah[0m
[10:12] [0m[34;1mPytlak shouts:[0m I have one like that, too.  I love it.  Just wish it was big enough for bagels.[0m
[10:13] [0m[34;1mCrolack shouts:[0m Sarah Lee makes toaster bagels that just fit.[0m
[10:13] [0m[34;1mHyuga shouts:[0m around what?[0m
[10:13] [0m[34;1mNauda shouts:[0m If it fits, it sits[0m
[10:15] [0m[34;1mSaim shouts:[0m you guys are all sick[0m
[10:20] [0m[34;1mYik shouts:[0m where do i get one of these stacked samich makers? mine just looks like a dude with[0m
[10:20] [0m            no pants[0m
[10:31] [0m[34;1mYik shouts:[0m playcult like youre down with sinterklaas![0m
[10:31] [0m[34;1mNauda shouts:[0m There's a moment during the cremation process when the meat is perfectly cooked.[0m
[10:31] [0m[34;1mYik shouts:[0m mmm, long pig[0m
[10:36] [0m[34;1mInago shouts:[0m No, the cremation temperature is way too high. Meat is burned almost immediately.[0m
[10:36] [0m              Low heat, slow cooking is the way to go.[0m
[10:39] [0m[37;1m[JEDI]:[0m Alyssa K'tal arrives at the Academy.[0m
[10:41] [0m[37;1mKichi <.oO>:[0m woo[0m
[10:41] [0m[37;1mVapor <.oO>:[0m WOOT[0m
[10:41] [0m[37;1mDanica <.oO>:[0m ...[0m
[10:41] [0mYour transmuter's stone bursts with 4 new colours![0m
[11:08] [0m[34;1mNightrider shouts:[0m le moo?[0m
[11:08] [0m[37;1mWhoknows <.oO>:[0m boom boom boom[0m
[11:12] [0m[37;1m[JEDI]:[0m H'ssani C'talan arrives at the Academy.[0m
[11:22] [0m[34;1mNauda shouts:[0m Jesus invited prostitutes to dine with him and he is the light of the world, I do[0m
[11:22] [0m              it and I am "making Thanksgiving awkward."[0m
[11:26] [0m[34;1mPdog shouts:[0m dg event mobs[0m
[11:27] [0m[34;1mWhoknows shouts:[0m why?[0m
[11:40] [0m[37;1m[JEDI]:[0m Bithoff Jonansaan arrives at the Academy.[0m
[11:41] [0mYour transmuter's stone bursts with 2 new colours![0m
[12:05] [0m[37;1m[JEDI]:[0m Reena Bel Noir arrives at the Academy.[0m
[12:12] [0m[35;1mElindal [Jedi(28)]:[0m howdy kids![0m
[12:15] [0m[34;1mJoao shouts:[0m woo[0m
[12:15] [0m[34;1mNauda shouts:[0m Who let the dog out? who who?[0m
[12:15] [0m[34;1mZor shouts:[0m woo!!!!!!!!!!!!!!!!!!!!!![0m
[12:29] [0m[37;1m[JEDI]:[0m Rhaan arrives at the Academy.[0m
[12:35] [0m[34;1mMellaous shouts:[0m woo[0m
[12:35] [0m[34;1mCrolack shouts:[0m sploosh[0m
[12:35] [0m[34;1mCrolack shouts:[0m If you're happy and you know it, fishslap voodoo[0m
[12:41] [0mYour transmuter's stone bursts with 6 new colours![0m
[13:02] [0m[37;1m[JEDI]:[0m Talia Ska arrives at the Academy.[0m
[13:21] [0m<- ! The Vigilant ! -> :  A destabilization Kayos event has been detected in Deserts of Fantasy![0m
[13:21] [0m                          We are localizing it now - get ready![0m
[13:27] [0mNauda flaps : 8inix, did a rimalkin just kill inix?[0m
[13:31] [0m[37;1m[JEDI]:[0m Kerran Halcyon arrives at the Academy.[0m
[13:36] [0mCrolack flaps : Hey Necros, don't forget to cast animated dead on the turkey this Thanksgiving.[0m
[13:36] [0mQuanchi flaps : that could be a good one[0m
[13:37] [0mQuanchi flaps : The turkey would go - hey don't stuff this in me![0m
[13:43] [0mYour transmuter's stone bursts with 2 new colours![0m
[13:46] [0m[34;1mJoao shouts:[0m woot[0m
[13:47] [0m[34;1mRoken shouts:[0m wahoo[0m
[13:51] [0m[34;1mZor shouts:[0m woo!!!!!!!!!!!!!!!!!!!!!!!!!!!!!![0m
[13:51] [0m[34;1mKenny shouts:[0m woot[0m
[13:52] [0m[34;1mPrismal shouts:[0m you can't call yourself invincible while at the same time having an arch foe[0m
[14:03] [0m[34;1mUbaldo shouts:[0m hello, everyone![0m
[14:06] [0m[37;1m[JEDI]:[0m Ylenic It'kla arrives at the Academy.[0m
[14:32] [0m[37;1m[JEDI]:[0m Herah Wylann arrives at the Academy.[0m
[14:46] [0mYour transmuter's stone bursts with 3 new colours![0m
[14:57] [0m[37;1m[JEDI]:[0m Durnoth arrives at the Academy.[0m
[15:05] [0m[37;1mZor <.oO>:[0m woo!!!!!!!!!!!!!!!!!!!!!!!!!![0m
[15:12] [0m[35;1mChaed [Jedi(AGM)]:[0m welcome aboard[0m
[15:12] [0m[35;1mAristodemus [Jedi(0)]:[0m thanks[0m
[15:14] [0m[35;1mHyuga [Jedi(94)]:[0m hax[0m
[15:14] [0m[35;1mAristodemus [Jedi(0)]:[0m meow[0m
[15:14] [0m[35;1mAristodemus [Jedi(0)]:[0m ow my ansi is all clunky[0m
[15:15] [0m[35;1mHyuga [Jedi(94)]:[0m true jedi mud from telnet with no ansi[0m
[15:15] [0m[35;1mHyuga [Jedi(94)]:[0m oh wait no, thats just zartan. nm[0m
[15:16] [0m[35;1mAristodemus [Jedi(0)]:[0m ow where is mr zar[0m
[15:19] [0m[35;1mHyuga [Jedi(94)]:[0m noone knows. legend has it, when thr moon is full, you can still hear him[0m
[15:19] [0m                  whining about fdef[0m
[15:20] [0m[35;1mAristodemus [Jedi(4)]:[0m hehehhe[0m
[15:20] [0m[35;1mAristodemus [Jedi(4)]:[0m ow damnit I need to stat reset[0m
[15:20] [0m[35;1mAristodemus [Jedi(4)]:[0m too much sp[0m
[15:32] [0m[37;1m[JEDI]:[0m Wennic Ber'ni'lok arrives at the Academy.[0m
[15:33] [0m[35;1mAristodemus [Jedi(6)]:[0m gnight[0m
[15:33] [0m[35;1mHyuga [Jedi(94)]:[0m laterz[0m
[15:46] [0mYour transmuter's stone bursts with 5 new colours![0m
[15:51] [0m[35;1mAdalius [Jedi(WGM)]:[0m What's really funny is I had, at one point, intended to put a hard coded[0m
[15:51] [0m                     ban against him in, I was that angry :P[0m
[15:51] [0m[35;1mAdalius [Jedi(WGM)]:[0m Laugh laugh laugh[0m
[15:51] [0m[35;1mHyuga [Jedi(94)]:[0m oops wl? :p[0m
[15:52] [0m[35;1mAdalius [Jedi(WGM)]:[0m Maybe?[0m
[15:52] [0m[35;1mAdalius [Jedi(WGM)]:[0m Or maybe just stoking the flames of paranoia![0m
[15:54] [0m[35;1mLicklick [Jedi(45)]:[0m who were you angry at?[0m
[15:54] [0m[35;1mAdalius [Jedi(WGM)]:[0m You! *grabs LickLick and starts shaking him*[0m
[15:54] [0m[35;1mLicklick [Jedi(45)]:[0m oh, which time?[0m
[15:55] [0m[35;1mHyuga [Jedi(94)]:[0m yeah better not anger him or he will make your energy cells heavy again[0m
[15:56] [0m[35;1mLicklick [Jedi(45)]:[0m remember he messed with me with tobias[0m
[15:56] [0m[35;1mHyuga [Jedi(94)]:[0m we all vouched for you, don't make us look bad[0m
[15:57] [0m[37;1m[JEDI]:[0m Kerran Halcyon arrives at the Academy.[0m
[16:04] [0m[35;1mLicklick [Jedi(45)]:[0m =h[0m
[16:04] [0m[35;1mLicklick [Jedi(45)]:[0m =)[0m
[16:04] [0m[35;1mLicklick [Jedi(45)]:[0m thats what i meant[0m
[16:07] [0m[5m[1m[48;5;124mYour lightsaber begins to flicker and the handle warms![0m[0m                 [0m
[16:17] [0m[34;1mCrolack shouts:[0m 3K: More fun than a package of hot dogs![0m
[16:18] [0m[34;1mNauda shouts:[0m good idea, aboid hot dogs like a plague unless you personally knew the dog[0m
[16:30] [0m[37;1m[JEDI]:[0m Herah Wylann arrives at the Academy.[0m
[16:46] [0mYour transmuter's stone bursts with 6 new colours![0m
[17:00] [0m[37;1m[JEDI]:[0m Rhaan arrives at the Academy.[0m
[17:10] [0m[37;1mZor <.oO>:[0m woo!!!!!!!!!!!!!!!!!!!!!!!!!!!!!!![0m
[17:10] [0m[37;1mWhoknows <.oO>:[0m boom![0m
[17:29] [0m[37;1m[JEDI]:[0m Ylenic It'kla arrives at the Academy.[0m
[17:31] [0mArmy shouts: Game reboot in 46 minutes 14 seconds [0m
[17:37] [0m[34;1mJoao shouts:[0m woot[0m
[17:37] [0m[34;1mZor shouts:[0m woo!!!!!!!!!!!!!!!!!!!!!!!!!!!!!!!!!!!!!!!![0m
[17:37] [0m[34;1mAlchian shouts:[0m woo[0m
[17:37] [0m[34;1mMud shouts:[0m spanks all[0m
[17:37] [0m[34;1mInago shouts:[0m It's only a model...[0m
[17:38] [0m[34;1mHooligan shouts:[0m yay the mud leveled[0m
[17:39] [0m[34;1mNauda shouts:[0m Whole mud or only a part of it?[0m
[17:40] [0m[34;1mNightrider shouts:[0m the world is ending[0m
[17:40] [0m[34;1mWhoknows shouts:[0m oh noes, We're all gonna go POOF![0m
[17:41] [0m[34;1mNauda shouts:[0m Whoknows, it might be true.[0m
[17:41] [0m[34;1mMud shouts:[0m LAST![0m
[17:43] [0mArmy shouts: Game reboot in 34 minutes 30 seconds [0m
[17:46] [0mYour transmuter's stone bursts with 2 new colours![0m
[17:50] [0m[33;1m[Clan] Void leaves the game.[0m  [0m
[17:51] [0mArmy shouts: Game reboot in 25 minutes 42 seconds [0m
[17:58] [0mArmy shouts: Game reboot in 19 minutes 6 seconds [0m
[18:01] [0m[37;1m[JEDI]:[0m Talia Ska arrives at the Academy.[0m
[18:03] [0mArmy shouts: Game reboot in 14 minutes 9 seconds [0m
[18:04] [0m[35;1mAlstor [Jedi(Staff)]:[0m I shall be selling the Armory off shortly. Please return any borrowed[0m
[18:04] [0m                      equipment promptly.[0m
[18:05] [0m[35;1mAlstor [Jedi(Staff)]:[0m I sold the contents of the Armory for 491696 coins and credited your[0m
[18:05] [0m                      accounts with your share of the proceeds.[0m
[18:07] [0mArmy shouts: Game reboot in 10 minutes 26 seconds [0m
[18:09] [0mArmy shouts: Game reboot in 7 minutes 39 seconds [0m
[18:12] [0mArmy shouts: Game reboot in 5 minutes 34 seconds [0m
[18:12] [0m[33;1m[Clan] Ser :[0m sigh[0m
[18:12] [0m[33;1m[Clan] Ser :[0m i fucked uop[0m
[18:13] [0mArmy shouts: TELL ARMY if you want a free transport![0m
[18:13] [0mArmy shouts: Game reboot in 4 minutes [0m
[18:14] [0m[33;1m[Clan] Byron leaves the game.[0m  [0m
[18:14] [0mArmy shouts: Game reboot in 2 minutes 50 seconds [0m
[18:15] [0m[33;1m[Clan] Nix leaves the game.[0m  [0m
[18:15] [0m[33;1m[Clan] Phenom leaves the game.[0m  [0m
[18:15] [0m[33;1m[Clan] Silverhand leaves the game.[0m  [0m
[18:15] [0m[33;1m[Clan] Xaris leaves the game.[0m  [0m
[18:15] [0m[33;1m[Clan] Yik leaves the game.[0m  [0m
[18:15] [0mArmy shouts: Game reboot in 1 minute 57 seconds [0m
[18:15] [0m[33;1m[Clan] Archangel leaves the game.[0m  [0m
[18:15] [0m[33;1m[Clan] Knox leaves the game.[0m  [0m
[18:16] [0mArmy shouts: Game reboot in 1 minute 17 seconds [0m
[18:16] [0mArmy shouts: Game reboot in 47 seconds [0m
[18:17] [0m[33;1m[Clan] Seoman leaves the game.[0m  [0m
[18:17] [0m[33;1m[Clan] Cambiador leaves the game.[0m  [0m
[18:17] [0m[33;1m[Clan] Archimedes leaves the game.[0m  [0m
[18:17] [0m[33;1m[Clan] Xaryl leaves the game.[0m  [0m
[18:17] [0mArmy shouts: Game reboot in 25 seconds [0m
[18:17] [0m[33;1m[Clan] Aka leaves the game.[0m  [0m
[18:17] [0mArmy shouts: Game reboot in 8 seconds [0m
[18:17] [0mArmy shouts: The sweltering heat of this arid desert is making your head ache[0m
[18:23] [33;1m[Clan] Roken enters the game.[0m  [0m
[18:25] [0m[33;1m[Clan] Ser :[0m hmm[0m
[18:25] [0m[33;1m[Clan] Ser :[0m did they patch bshroud so the 'code' doesnt work[0m
[18:29] [0m[34;1mVilgan shouts: [0mI want everyone to know that Hyuga is a big dumb meany.[0m
[18:31] [0m[32mYou say:[0m hi[0m
[18:31] [0m[32mMerrick says:[0m corpsetriggers that trigger off of someone elses kblow is[0m
[18:31] [0m              weaksauce[0m
[18:31] [0m[32mMerrick says:[0m fix yer shit:P[0m
[18:32] [0m[33;1m[Clan] Roken :[0m beloch party? er saving refresh for that over pb armor[0m
[18:32] [0m[33;1m[Clan] Ser :[0m people are still trying to get gear i think[0m
[18:33] [0m[32mYou say:[0m oh wtf... sorry[0m
[18:33] [0m[33;1m[Clan] Ser :[0m we're 15 mins in this boot, calm down there[0m
[18:33] [0m[32mYou tell Ser:[0m so use refresh then wait 20h?[0m
[18:33] [0;1;34mRikken shouts: [0mPolls are now open![0m
[18:34] [0m[33;1m[Clan] Roken :[0m ok second wave of beloch parties it is...[0m
[18:35] [0m[34;1mSpace shouts:[0m mask Dups at ss for the next 2 min[0m
[18:36] [0m[Auction] Robert : Up for bids: Ring of Hearts.[0m
[18:36] [0m[Auction] Robert : Mellaous has requested 20,000 as the opening offer.[0m
[18:36] [0m[Auction] Robert : Got 20,000 from Nauda(necr).  Do I hear 22,000?[0m
[18:36] [0m[Auction] Robert : Got 50,000 from Merrick(cybo).  Do I hear 55,000?[0m
[18:36] [0m[32mYou tell Merrick:[0m sorry heh it was me... kblow doesn't include my name since CMC once dealt[0m
[18:36] [0m        blow[0m
[18:36] [0m[Auction] Robert : Got 55,000 from Nauda(necr).  Do I hear 60,500?[0m
[18:37] [0m[Auction] Robert : 55,000 going once![0m
[18:38] [0mMellaous flaps : Gesh, mud taxes are almost worse than California![0m
[18:40] [0m[33;1m[Clan] Ser :[0m oo, unbound halo other[0m
[18:40] [0m[33;1m[Clan] Sock wiggles on your foot.[0m  [0m
[18:43] [0m[33;1m[Clan] Mud enters the game.[0m  [0m
[18:43] [0m[33;1m[Clan] Mud :[0m driving home during boot.  was there UK spam already?[0m
[18:52] [0m[32mYou say:[0m come Lord![0m
[18:52] [0m[32mYou say:[0m come Lord![0m
[18:52] [0m[32mYou say:[0m come Lord![0m
[18:52] [0m[32mYou say:[0m Lord![0m
[18:52] [0m[32mYou say:[0m Lord![0m
[18:52] [0m[32mYou say:[0m Lord![0m
[18:52] [0m[32mYou say:[0m Lord![0m
[18:52] [0m[33;1m[Clan] Ser :[0m haven't seen any[0m
[18:52] [0mYour transmuter's stone bursts with 4 new colours![0m
[18:53] [0m[33;1m[Clan] Mud :[0m sent voodoo/inix a tell but havnt heard back,  could chip in whenever that happens[0m
[18:54] [0m[33;1m[Clan] Ser :[0m i've got an isleth right now, hoping for a hone[0m
[18:54] [0m[37;1m[JEDI]:[0m Tobias Kel'ach'nar arrives at the Academy.[0m
[18:54] [0m[34;1mSpace shouts:[0m auro shield for dup at ss for the next 2 min[0m
[19:01] [0m[32mSpun says:[0m  mind if reset[0m
[19:02] [0m[32mSpun tells you:[0m mind if reset[0m
[19:11] [0m[32mYou say:[0m reset?[0m
[19:11] [0m[32mMetaljaz says:[0m yours[0m
[19:12] [0m[32mMetaljaz says:[0m need help?[0m
[19:12] [0m[32mYou say:[0m i dont  mind[0m
[19:12] [0m[32mSylence tells you:[0m nat reset[0m
[19:13] [0m[32mMetaljaz says:[0m you dont want those pieces[0m
[19:13] [0m[32mMetaljaz says:[0m you dont want those pieces[0m
[19:14] [0m[32mYou say:[0m armour is yours[0m
[19:14] [0m[32mMetaljaz says:[0m thanks[0m
[19:14] [0m[32mMetaljaz tells you:[0m what pieces did you still need?[0m
[19:14] [0m[32mYou tell Metaljaz:[0m got em.[0m
[19:15] [0m[32mMetaljaz tells you:[0m okies[0m
[19:17] [0m[32mYou say:[0m SHAMA RAMA!  BIGGIE BIGGIE OH SO BIGGIE!  KLAMA RAMA RINGADINGADINGIEDING![0m
[19:17] [0m[37;1m[JEDI]:[0m Bithoff Jonansaan arrives at the Academy.[0m
[19:24] [0m[32mSpun tells you:[0m can you make me some greaves?[0m
[19:25] [0m[32mSpun tells you:[0m when you get a chance please?[0m
[19:28] [0m[32;1mFrom afar, you nod to Spun.[0m[0m
[19:31] [0m[33;1m[Clan] Yik enters the game.[0m  [0m
[19:34] [0m[32mYou tell Spun:[0m which std gem needed? i can make phasemetal greaves[0m
[19:35] [0m[33;1m[Clan] Knox enters the game.[0m  [0m
[19:36] [0m[33;1m[Clan] Ipsie enters the game.[0m  [0m
[19:37] [0m[33;1m[Clan] Rebar enters the game.[0m  [0m
[19:39] [0mNauda flaps : whoknows where is the supereme bacon[0m
[19:40] [0mWhoknows flaps : heh[0m
[19:43] [0m[33;1m[Clan] Yik leaves the game.[0m  [0m
[19:43] [0m[37;1m[JEDI]:[0m Durnoth arrives at the Academy.[0m
[19:43] [0m[33;1m[Clan] Nik enters the game.[0m  [0m
[19:50] [0m[34;1mNauda shouts:[0m I wash my corpses real good.[0m
[19:52] [0mYour transmuter's stone bursts with 5 new colours![0m
[20:01] [0mArundin shouts: Many thanks to Jiwa!  With his donation, the Necromancer[0m
[20:01] [0m                Guild is now leading in donations![0m
[20:03] [0m[33;1m[Clan] Nix materializes into existence.[0m  [0m
[20:10] [0m[37;1mWhoknows <.oO>:[0m do all powers timers last over reboot?[0m
[20:10] [0m[37;1mRictor <.oO>:[0m yes[0m
[20:10] [0m[37;1mWhoknows <.oO>:[0m boo :([0m
[20:11] [0m[37;1m[JEDI]:[0m Herah Wylann arrives at the Academy.[0m
[20:12] [0m[33;1m[Clan] Mud :[0m oo, was afk. i can help with uk[0m
[20:18] [0m[33;1m[Clan] Nix leaves the game.[0m  [0m
[20:18] [0m[33;1m[Clan] Nix materializes into existence.[0m  [0m
[20:25] [0m[33;1m[Clan] Pol enters the game.[0m  [0m
[20:25] [0m[35;1mHyuga [Jedi(94)]:[0m eep[0m
[20:25] [0m[33;1m[Clan] Nix :[0m if tinnitus would've stolen that axe.. i would have moosed, cupid darted, and[0m
[20:25] [0m             kickd'd him all boot[0m
[20:34] [0m[33;1m[Clan] Mud :[0m yeah, was waiting for something like that[0m
[20:38] [0m[33;1m[Clan] Nik :[0m haha, dest him now[0m
[20:38] [0m[33;1m[Clan] Mud :[0m what he do?[0m
[20:38] [0m[33;1m[Clan] Nix :[0m nada, sith said he steals gear[0m
[20:39] [0m[33;1m[Clan] Mud :[0m think he tries to kill folks doing beloch[0m
[20:42] [0m[33;1m[Clan] Mud :[0m think he tries to kill folks doing beloch[0m
[20:42] [0m[33;1m[Clan] Mud :[0m oops[0m
[20:43] [0m[33;1m[Clan] Pol :[0m anybody need a hitter?[0m
[20:43] [0m[33;1m[Clan] Nik :[0m he tries to be a dick in any way possible[0m
[20:43] [0m[33;1m[Clan] Mud :[0m a one hitter?[0m
[20:43] [0m[33;1m[Clan] Nik :[0m ima need more than 1 hit[0m
[20:43] [0m[33;1m[Clan] Mud :[0m yah same[0m
[20:43] [0m[33;1m[Clan] Nix :[0m that reminds me i have some bit of hash in my truck[0m
[20:44] [0m[33;1m[Clan] Pol :[0m people still smoke hash?[0m
[20:44] [0m[33;1m[Clan] Nix :[0m it was free[0m
[20:44] [0m[33;1m[Clan] Pol :[0m i got offered hash in europe.  hadn't heard that term except in movies[0m
[20:44] [0m[33;1m[Clan] Nix :[0m i use to smoke it in college had a decent connect, but its been a few years[0m
[20:44] [0m[33;1m[Clan] Pol :[0m it's different than weed right? but variant?[0m
[20:45] [0m[33;1m[Clan] Nix :[0m its just super coindenced wee[0m
[20:45] [0m[33;1m[Clan] Nix :[0m err condensed[0m
[20:45] [0m[33;1m[Clan] Ser :[0m just distilled weed basically..  like beer is to whiskey[0m
[20:45] [0m[33;1m[Clan] Pol :[0m interesting[0m
[20:46] [0m[33;1m[Clan] Nik :[0m hasish tho, thats where its at[0m
[20:46] [0m[33;1m[Clan] Nik :[0m just crystals n hairs scraped from the plant[0m
[20:46] [0m[37;1m[JEDI]:[0m Talia Ska arrives at the Academy.[0m
[20:52] [0mYour transmuter's stone bursts with 2 new colours![0m
[20:53] [0m[33;1m[Clan] Mud :[0m decent ammy?  i dont feel like grinding rep for cocoon yet[0m
[20:53] [0m[33;1m[Clan] Nix :[0m marge necklace?[0m
[20:53] [0m[33;1m[Clan] Mud :[0m how big is she? dont think ive fought her before[0m
[20:54] [0m[33;1m[Clan] Nix :[0m 10m?[0m
[20:54] [0m[33;1m[Clan] Mud :[0m ahh, easy.  better than ned[0m
[20:57] [0m[32mSpun tells you:[0m you busy?[0m
[20:57] [0m[32mYou tell Spun:[0m ya fighting zombie[0m
[20:58] [0m[32mSpun tells you:[0m have willy can you make me some greaves?[0m
[21:02] [0mCaeli flaps : A friend of mine who doesn't like pit bulls got bitten in the face by a husky[0m
[21:02] [0m              today.....[0m
[21:03] [0mNik flaps : thatll show her[0m
[21:03] [0mCaeli flaps : Him[0m
[21:03] [0mCaeli flaps : And I'm sure the poor thing isn't getting the mental and physical exercise it[0m
[21:03] [0m              needs[0m
[21:03] [0mVoodoo flaps : put them both down, no room for hate[0m
[21:03] [0m[37;1mSpun <.oO>:[0m -={ opall }=-[0m
[21:04] [0m[32mYou tell Spun:[0m probs ya, after my game of cs[0m
[21:05] [0m[32mSpun tells you:[0m cs?[0m
[21:05] [0m[34;1mNik shouts:[0m repent and/or playcult[0m
[21:07] [0m[32mYou tell Spun:[0m counter strike[0m
[21:12] [0m[33;1m[Clan] Byron enters the game.[0m  [0m
[21:14] [0m[33;1m[Clan] Martyr enters the game.[0m  [0m
[21:16] [0m[37;1m[JEDI]:[0m Wennic Ber'ni'lok arrives at the Academy.[0m
[21:17] [0m[33;1m[Clan] Byron :[0m who got auro?[0m
[21:17] [0m[33;1m[Clan] Mud :[0m know space has one[0m
[21:18] [0m[33;1m[Clan] Nix :[0m nope[0m
[21:18] [0m[33;1m[Clan] Nix :[0m skald and he is ld[0m
[21:22] [0m[33;1m[Clan] Byron :[0m so, turkeys?[0m
[21:24] [0m[33;1m[Clan] Nik :[0m bok bok[0m
[21:24] [0m[33;1m[Clan] Martyr :[0m hmheal someone?[0m
[21:28] [0m[32mYou tell Spun:[0m ready[0m
[21:28] [0m[32mSpun tells you:[0m getting last scale[0m
[21:28] [0m[32mSpun tells you:[0m otw[0m
[21:31] [0m[32mYou tell Spun:[0m hah.. didn't read drop[0m
[21:31] [0m[32mYou tell Spun:[0m where ya at?>[0m
[21:32] [0m[32mYou say:[0m ok thx[0m
[21:33] [0m[33;1m[Clan] Byron :[0m anyone get mask?[0m
[21:33] [0m[33;1m[Clan] Ser :[0m space but he may have disposed[0m
[21:33] [0m[33;1m[Clan] Byron :[0m laf[0m
[21:34] [0m[32mSpun says: [0menchantmenow                                                       [0m
[21:34] [0;32mSebastian says: [0mCongratulations!  You are ready to begin enchanting! [0m
[21:34] [0m                Remember to come back for training once you have learned[0m
[21:34] [0m                everything you can.                                       [0m
[21:34] [0m[33;1m[Clan] Byron :[0m oh, space has mask and shield[0m
[21:34] [0m[33;1m[Clan] Nix :[0m he does not have shield[0m
[21:34] [0m[32;1m <Congratulations!>[0m : Spun has become a chaos wrangler![0m
[21:34] [0m[33;1m[Clan] Nix :[0m i said who has shield[0m
[21:34] [0m[33;1m[Clan] Nix :[0m and they went ld[0m
[21:35] [0m[33;1m[Clan] Mud :[0m (and i had also mentioned space had one)[0m
[21:36] [0m[33;1m[Clan] Mud :[0m well, he offered dupes at SS shortly after boot...  i guess i assume he has shield[0m
[21:36] [0m             from that[0m
[21:37] [0m[33;1m[Clan] Nix :[0m he gave it to skald[0m
[21:37] [0m[33;1m[Clan] Nix :[0m skald duped got 15%, so space traded him the 5% og[0m
[21:37] [0m[33;1m[Clan] Martyr :[0m how nice of him[0m
[21:37] [0m[37;1m[JEDI]:[0m Ylenic It'kla arrives at the Academy.[0m
[21:37] [0m[33;1m[Clan] Nix :[0m skald went ld.. no shield for anyone[0m
[21:37] [0m[33;1m[Clan] Mud :[0m yah, makes sense then[0m
[21:38] [0m[33;1m[Clan] Martyr :[0m I need to get dupe to 4 at least[0m
[21:38] [0m[33;1m[Clan] Martyr :[0m 2.5d CD left[0m
[21:39] [0m[32mYou tell Spun:[0m come get it[0m
[21:39] [0m[32mSpun tells you:[0m at chavee[0m
[21:39] [0m[32;1mFrom afar, Spun thanks you.[0m[0m
[21:42] [0m[33;1m[Clan] Byron :[0m beloch?[0m
[21:53] [0mYour transmuter's stone bursts with 2 new colours![0m
[22:08] [0m[33;1m[Clan] Byron :[0m wow someone killed DE[0m
[22:09] [0m[37;1m[JEDI]:[0m Reena Bel Noir arrives at the Academy.[0m
[22:16] [0m[34;1mFluffy shouts:[0m you broke it, you bought it![0m
[22:18] [0m[33;1m[Clan] Byron :[0m fuck yes. greaves/armour 2.0[0m
[22:25] [0m[34;1mNightrider shouts:[0m This is the Way[0m
[22:28] [0m[33;1m[Clan] Byron :[0m ah fuck qoh hates me[0m
[22:29] [0m[33;1m[Clan] Byron :[0m oh wow[0m
[22:29] [0m[33;1m[Clan] Byron :[0m i just enthralled them[0m
[22:29] [0m[33;1m[Clan] Byron :[0m and it worked[0m
[22:29] [0m[33;1m[Clan] Byron :[0m it doesnt hate my anymore[0m
[22:31] [0m[33;1m[Clan] Byron :[0m ok they hate me again[0m
[22:31] [0m[33;1m[Clan] Byron :[0m probably safe for you other people to go in[0m
[22:35] [0m[35;1mAristodemus [Jedi(8)]:[0m oop[0m
[22:41] [0m[33;1m[Clan] Byron :[0m lettuce leaf is +wc?[0m
[22:42] [0m[33;1m[Clan] Nik :[0m turns it all blunt n adds a lil wc[0m
[22:42] [0m[33;1m[Clan] Byron :[0m ok, got a maul[0m
[22:42] [0m[33;1m[Clan] Byron :[0m so will try to get that too[0m
[22:42] [0m[33;1m[Clan] Byron :[0m time to test this new song[0m
[22:43] [0m[34;1mNightrider shouts:[0m This is the Way[0m
[22:43] [0m[37;1m[JEDI]:[0m Alyssa K'tal arrives at the Academy.[0m
[22:44] [0m[34;1mMud shouts:[0m da wae[0m
[22:45] [0m[33;1m[Clan] Byron :[0m jesus fucking christ, rainbow might be better than this[0m
[22:45] [0m[33;1m[Clan] Byron :[0m which i thought was impossible[0m
[22:51] [0m[33;1m[Clan] Nik leaves the game.[0m  [0m
[22:51] [0m[34;1mNightrider shouts:[0m Hey Tinn im going to soul kill you if you do that again[0m
[22:52] [0m[33;1m[Clan] Yik enters the game.[0m  [0m
[22:52] [0m[34;1mZion shouts:[0m Hey Nightrider... We all read that so I'm thinking Tinn did too... no excuses[0m
[22:53] [0mYour transmuter's stone bursts with 5 new colours![0m
[22:56] [0m[34;1mHavox shouts:[0m Pitch Black Helmet on ground, bind on pickup[0m
[23:03] [0m[35;1mAristodemus [Jedi(10)]:[0m interesting... can I forcexplode still ?[0m
[23:11] [0m[34;1mZion shouts:[0m oi[0m
[23:14] [0m[37;1m[JEDI]:[0m Kerran Halcyon arrives at the Academy.[0m
[23:16] [0m[33;1m[Clan] Byron leaves the game.[0m  [0m
[23:16] [0m[33;1m[Clan] Byron enters the game.[0m  [0m
[23:27] [0m[35;1mHyuga [Jedi(94)]:[0m yes. i dont think anything as changed since you left[0m
[23:34] [0m[35;1mAristodemus [Jedi(11)]:[0m oww you have been waiting for me ...[0m
[23:40] [0m[33;1m[Clan] Ser :[0m anyone want a spork[0m
[23:42] [0m[33;1m[Clan] Ser :[0m or quesadilla codpiece[0m
[23:46] [0m[33;1m[Clan] Yik :[0m ooo, cod happen to be on ground?[0m
[23:46] [0m[33;1m[Clan] Ser :[0m no soz[0m
[23:46] [0m[33;1m[Clan] Yik :[0m hehe no worries![0m
[23:46] [0m[33;1m[Clan] Ser :[0m you can still have it tho[0m
[23:46] [0m[33;1m[Clan] Yik :[0m haha defly beats nothin[0m
[23:47] [0m[37;1m[JEDI]:[0m Janath Meelin arrives at the Academy.[0m
[23:47] [0m[33;1m[Clan] Yik :[0m for some reason ive lost 2 adamantite bracers now, ima try a dif one this time XD[0m
