- = LOG STARTED [00:00] = -
[00:15] [0m[37;1m[JEDI]:[0m Ylenic It'kla arrives at the Academy.[0m
[00:22] [0m[37;1mSpace <.oO>:[0m BOOM![0m
[00:29] [0m[33;1m[Clan] Anecdote leaves the game.[0m  [0m
[00:29] [0m[33;1m[Clan] Xaro leaves the game.[0m  [0m
[00:47] [0m[33;1m[Clan] Xaryl :[0m donates in[0m
[00:51] [0m[37;1m[JEDI]:[0m Alyssa K'tal arrives at the Academy.[0m
[18:07] [0mYour transmuter's stone bursts with 6 new colours![0m
[18:13] [0m[37;1m[JEDI]:[0m Rhaan arrives at the Academy.[0m
[18:13] [0m[32mTurak says: [0mhi                                                                [0m
[18:13] [0m[32mDaniel says:[0m Hi, Turak, do you seek to learn about mining?                 [0m
[18:13] [0m[32mTurak says: [0mjoin                                                              [0m
[18:13] [0;32mDaniel says: [0mJoining is the easy part and the beginning of your learning. [0m
[18:13] [0m             Simply say 'minemenow' and we'll get you started.            [0m
[18:13] [0m[32mTurak says: [0mminemenow                                                         [0m
[18:14] [0m[32;1m <Congratulations!>[0m : Turak has become a miner![0m
[18:14] [0;32mDaniel says: [0mCongratulations!  You are ready to begin mining!  Remember to[0m
[18:14] [0m             come back for training once you have learned everything you[0m
[18:14] [0m             can.                                                         [0m
[18:23] [0m[34;1mKitt shouts:[0m We are One with Da Panda[0m
[18:44] [0m[37;1m[JEDI]:[0m Janath Meelin arrives at the Academy.[0m
[19:06] [0m[33;1m[Clan] Roken :[0m damn cold virus[0m
[19:06] [0m[32;1mFrom afar, Ipsie comforts you.[0m[0m
[19:07] [0mYour transmuter's stone bursts with 2 new colours![0m
[19:07] [0m[33;1m[Clan] Roken :[0m whole house sick[0m
[19:09] [0m[32mYou tell Turnhold:[0m where's the mail? got a notif.. SUBJECT: PER LAST EMAIL[0m
[19:09] [0m[32;1mFrom afar, Turnhold grins demonically at you.[0m[0m
[19:10] [0m[32;1mFrom afar, you GIRN like an idiot who can't spell at Turnhold.[0m[0m
[19:11] [0m[37;1m[JEDI]:[0m Herah Wylann arrives at the Academy.[0m
[19:16] [0m[34;1mZor shouts:[0m woo!!!!!!!!!!!!!!!!!!!!!!!!!!!!!!!!!!!!!!!!!!!!!!!![0m
[19:18] [0m[32mYou tell Turnhold:[0m do you write the help files for monk?[0m
[19:19] [0m[32mTurnhold tells you:[0m the info files or the main help monks file?[0m
[19:19] [0m[32mYou tell Turnhold:[0m info files[0m
[19:20] [0m[32mTurnhold tells you:[0m i think rictor and i, yes[0m
[19:20] [0m[32mYou tell Turnhold:[0m well done! :)[0m
[19:22] [0m[34;1mKitt shouts:[0m Panda![0m
[19:22] [0m[34;1mAl shouts:[0m the chinese took the dc panda.  :([0m
[19:25] [0m[34;1mWhoknows shouts:[0m they gonna eat it?[0m
[19:25] [0m[33;1m[Clan] Seoman enters the game.[0m  [0m
[19:25] [0m[33;1m[Clan] Silverhand enters the game.[0m  [0m
[19:26] [0m[33;1m[Clan] Xaris enters the game.[0m  [0m
[19:26] [0m[34;1mAl shouts:[0m its a tool of their soft power--panda diplomacy, its called[0m
[19:34] [0m[34;1mRictor shouts:[0m Hax[0m
[19:34] [0m[34;1mJoao shouts:[0m woo[0m
[19:34] [0m[34;1mZor shouts:[0m woo!!!!!!!!!!!!!!!!!!!!![0m
[19:34] [0m[34;1mMellaous shouts:[0m cheater![0m
[19:34] [0m[34;1mFrank shouts:[0m  cheatwho?[0m
[19:35] [0m[32;1mFrom afar, you go 'Woo Woo!' at Mental.[0m[0m
[19:35] [0m[32;1mFrom afar, you cheer Mental on!!![0m[0m
[19:35] [0m[32;1mFrom afar, Mental spanks you hard on the butt.[0m[0m
[19:43] [0m[37;1m[JEDI]:[0m Talia Ska arrives at the Academy.[0m
[19:52] [0msRPDFd  Wm:g Wc: 60% Gx: 20.89% Fx:  5.48%[0m
[20:07] [0mYour transmuter's stone bursts with 3 new colours![0m
[20:15] [0m[37;1m[JEDI]:[0m Ylenic It'kla arrives at the Academy.[0m
[20:30] [0m[33;1m[Clan] Sock wiggles off your foot.[0m  [0m
[20:34] [0m[34;1mKitt shouts:[0m So who Is Da Botz tonight[0m
[20:35] [0m[34;1mVaan shouts:[0m notit[0m
[20:36] [0m[34;1mRoken shouts:[0m pickme[0m
[20:39] [0m[37;1m[JEDI]:[0m H'ssani C'talan arrives at the Academy.[0m
[20:40] [0m[33;1m[Clan] Anecdote enters the game.[0m  [0m
[20:58] [0m[33;1m[Clan] Ser :[0m  Profession #1 : Transmuter                (Level 79) [..................o.][0m
[20:58] [0m[33;1m[Clan] Ser :[0m ugh[0m
[20:59] [0m[33;1m[Clan] Ser :[0m ughhhhhhh  Profession #1 : Transmuter                (Level 79)[0m
[20:59] [0m             [...................o][0m
[21:00] [0m[33;1m[Clan] Roken :[0m ughhhhhh Transmuter                (Level 76) [.o..................][0m
[21:00] [0m[33;1m[Clan] Ser :[0m it doesnt get quicker[0m
[21:00] [0m[33;1m[Clan] Roken :[0m ik and its out of rhythm[0m
[21:00] [0m[33;1m[Clan] Ser :[0m  2   94 Ser[0m
[21:01] [0m[33;1m[Clan] Roken :[0m gotta mine ore below my mining lvl for transmutation[0m
[21:01] [0m[33;1m[Clan] Mud :[0m Profession #1 : Reforger                  (Level 92) [.o..................][0m
[21:02] [0m[33;1m[Clan] Ser :[0m noice[0m
[21:02] [0m[33;1m[Clan] Ser :[0m i'm #2 psicorps now[0m
[21:02] [0m[33;1m[Clan] Ser :[0m how bout dat[0m
[21:02] [0m[33;1m[Clan] Ser :[0m and i still suck[0m
[21:02] [0m[33;1m[Clan] Roken :[0m 2 of 2?[0m
[21:03] [0m[33;1m[Clan] Ser :[0m nah the list has 60 people on it[0m
[21:03] [0m[33;1m[Clan] Ser :[0m i'd say the top 5 have half a year to a year combat age[0m
[21:04] [0m[33;1m[Clan] Ipsie :[0m do the top four add up to kranks cage ?[0m
[21:04] [0m[33;1m[Clan] Ser :[0m me, calisp, hull & ees?[0m
[21:05] [0m[33;1m[Clan] Ser :[0m laf probably not[0m
[21:05] [0m[33;1m[Clan] Ser :[0m however he does only have 48 weeks in psicorps[0m
[21:05] [0m[33;1m[Clan] Ser :[0m but age didn't track per guild yet i don't think[0m
[21:06] [0m[33;1m[Clan] Ser :[0m his guild age is - Guild Age   : 2 years 46 weeks 3 days 3 hrs 44 mins 10 secs     [0m
[21:06] [0m             -[0m
[21:06] [0m[33;1m[Clan] Ser :[0m so if you take .75* that[0m
[21:07] [0m[33;1m[Clan] Ser :[0m ~2 yrs combat age[0m
[21:07] [0mYour transmuter's stone bursts with 5 new colours![0m
[21:07] [0m[33;1m[Clan] Ser :[0m 2 yrs 8.5 weeks[0m
[21:07] [0m[33;1m[Clan] Ser :[0m only another year or 3![0m
[21:08] [0m[33;1m[Clan] Ipsie :[0m hehe[0m
[21:08] [0m[33;1m[Clan] Byron :[0m Kranks gobj is just...stupid[0m
[21:08] [0m[33;1m[Clan] Byron :[0m So much dmg[0m
[21:08] [0m[33;1m[Clan] Ser :[0m yah i dont disagree[0m
[21:08] [0m[34;1mCrolack shouts:[0m Hot dogs[0m
[21:08] [0m[33;1m[Clan] Byron :[0m It's what you should get that for much combat time[0m
[21:08] [0m[34;1mMud shouts:[0m nom nom[0m
[21:08] [0m[33;1m[Clan] Ser :[0m nod[0m
[21:08] [0m[33;1m[Clan] Ser :[0m that's why xiu is beast[0m
[21:08] [0m[37;1m[JEDI]:[0m Kerran Halcyon arrives at the Academy.[0m
[21:08] [0m[33;1m[Clan] Byron :[0m Yeah, he's ridiculous too[0m
[21:08] [0m[33;1m[Clan] Byron :[0m Only recently though[0m
[21:09] [0m[33;1m[Clan] Ser :[0m nod[0m
[21:09] [0m[33;1m[Clan] Byron :[0m He sucked until Rasta tweaked them[0m
[21:09] [0m[33;1m[Clan] Byron :[0m Xero should be insane too[0m
[21:09] [0m[33;1m[Clan] Byron :[0m Voodoo probably has as much cage as krank[0m
[21:09] [0m[33;1m[Clan] Byron :[0m But it's half in gnome[0m
[21:09] [0m[33;1m[Clan] Byron :[0m voodoo probably has more actually[0m
[21:12] [0m[34;1mTex shouts:[0m hmmm an hpc named frank and a wizard named frank thats odd[0m
[21:21] [0m[32;1mFrom afar, Ser pokes you in the ribs.[0m[0m
[21:22] [0m[32mSer tells you:[0m when you get an in-game dog[0m
[21:23] [0m[32mYou tell Ser:[0m there a point?[0m
[21:24] [0m[34;1mCrolack shouts:[0m what?[0m
[21:27] [0m[34;1mYik shouts:[0m Crolack, king of the bots![0m
[21:30] [0m[34;1mTex shouts:[0m that cro lacks the power to bot[0m
[21:31] [0m[34;1mCrolack shouts:[0m !Variable not defined[0m
[21:32] [0m[34;1mTex shouts:[0m reading the bible is fruitless![0m
[21:33] [0mCaeli flaps : So, I've discovered pit bulls will spoil a person for other dogs.[0m
[21:39] [0m[32mSer tells you:[0m they do damage[0m
[21:39] [0m[32mSer tells you:[0m and if you get dog join they can tank for you[0m
[21:39] [0m[32;1mFrom afar, Ser shrugs at you.[0m[0m
[21:39] [0m[32mSer tells you:[0m for smaller chars[0m
[21:43] [0m[37;1m[JEDI]:[0m Reena Bel Noir arrives at the Academy.[0m
[22:04] [0mCaeli flaps : WTF is Steyer?[0m
[22:04] [0m [1mCurrent Reboot : #1819 [1 week 19 hours 52 minutes]                   [0m[0m
[22:04] [0m [30;1m3Kingdoms Time : (US EST) Wed Nov 20, 2019 10:04:33 pm                [0m[0m
[22:04] [0m [32;1mReboot Started : Wed Nov 13 01:20 pm[0m[0m
[22:04] [0m [36;1mCurrent Uptime : 1 week 7 hours 43 minutes 43 seconds (93%)           [0m[0m
[22:04] [0m [31;1mReboot Ends    : Thu Nov 21 09:12 am[0m[0m
[22:04] [0m [33;1mNext Reboot in : 12 hours 8 minutes 34 seconds                        [0m[0m
[22:04] [0m     [33mAfter That : [1821] Mon Nov 25 05:15 pm[0m[0m
[22:04] [0m     [33mAfter That : [1822] Sun Dec 01 08:14 pm[0m[0m
[22:04] [0mCaeli flaps : w/l[0m
[22:04] [0m[33;1m[Clan] Martyr :[0m wooooooooooooo gentech clones are in[0m
[22:04] [0mInago flaps : Weapon manufacturer?[0m
[22:05] [0mCaeli flaps : No clue. Watching the Dem debate[0m
[22:06] [0m[33;1m[Clan] Yik :[0m ooo[0m
[22:07] [0m[33;1m[Clan] Void :[0m unless they can attack.. trash[0m
[22:07] [0mYour transmuter's stone bursts with 3 new colours![0m
[22:07] [0m[33;1m[Clan] Martyr :[0m Andeddu planned enough on them that he needed approval from up top, so there's[0m
[22:07] [0m                that[0m
[22:09] [0m[32mYou tell Ser:[0m boogie woogie! bewgie wewgie[0m
[22:09] [0m[33;1m[Clan] Martyr :[0m You sit down at one of the computer workstations and begin to enter in your[0m
[22:09] [0m                variable sets and pattern arrays to begin the cloning procedure. The big[0m
[22:09] [0m                cylinder tanks begin to bubble.[0m
[22:10] [0m[33;1m[Clan] Martyr :[0m coooollll[0m
[22:10] [0m[33;1m[Clan] Martyr :[0m it has it's own gobj kinda[0m
[22:11] [0m[37;1m[JEDI]:[0m Janath Meelin arrives at the Academy.[0m
[22:13] [0m[32mSer tells you:[0m mine does ~180-300 dmg depending on what i am fighting[0m
[22:43] [0m[37;1m[JEDI]:[0m Kerran Halcyon arrives at the Academy.[0m
[23:06] [0mVoodoo flaps : "Play cult or die trying!" - Yikky Cent[0m
[23:06] [0m[37;1m[JEDI]:[0m Talia Ska arrives at the Academy.[0m
[23:07] [0mYour transmuter's stone bursts with 6 new colours![0m
[23:31] [0m[37;1m[JEDI]:[0m Ylenic It'kla arrives at the Academy.[0m
[23:41] [0m[37;1mSpace <.oO>:[0m BOOM![0m
[23:53] [0m[34;1mVagrant shouts:[0m yay ya yay![0m
[23:53] [0m[34;1mFluffy shouts:[0m who knew ?[0m
[23:53] [0m[34;1mMellaous shouts:[0m woo![0m
[23:53] [0m[34;1mHooligan shouts:[0m wooooo[0m
[23:53] [0m[34;1mWhoknows shouts:[0m i didn't think it was possible! :D[0m
[23:54] [0m[34;1mVoodoo shouts:[0m without pants, anything is possible[0m
[23:55] [0m[34;1mRoken shouts:[0m woo!1![0m
[23:56] [0m[34;1mMellaous shouts:[0m woo![0m
