- = LOG STARTED [00:00] = -
[00:39] [0mEllegon <Craft>: I don't want to craft ... I want to be a LUMBERJACK!![0m
[00:39] [0mHyuga <Craft>: i want to be a male stripper[0m
[00:39] [0mVagrant <Craft>: chat me too[0m
[00:53] [0m<- ! The Vigilant ! -> :  A destabilization Kayos event has been detected in[0m
[00:53] [0m                          Deserts of Fantasy!  We are localizing it now -[0m
[00:53] [0m                          get ready![0m
[01:00] [0m[34;1mXiu shouts:[0m desert portal 4n poison[0m
[01:01] [0m[34;1mUkyo shouts:[0m Poison?[0m
[01:01] [0m[34;1mUkyo shouts:[0m oh, type[0m
[01:08] [0m[34;1mUkyo shouts:[0m Beacon (3,4), Bunkers (0,1) (7,4) (5,5), Pad (1,6)[0m
[03:00] [0m[34;1mJasmine shouts:[0m Dirty Filthy Memory![0m
[03:45] [0m[34;1mSquirrel shouts:[0m are you sleeping?[0m
[03:46] [0m[34;1mXiu shouts:[0m somebody's hunting wabbits?[0m
[03:46] [0m[34;1mKichi shouts:[0m you wont be able to hear the neighbours going at it, no matter[0m
[03:46] [0m              how quiet we are[0m
[10:41] [0mnewb Byron [bard/133]: test[0m
[10:44] [0mnewb Crolack [Wizard]: faile[0m
[10:46] [0mnewb Bart [juggernaut/10]: off[0m
[11:09] [0m[34;1mZor shouts:[0m woo!!!!!!!!!!!!!!!!!!!!!!!!!!!!!!![0m
[11:09] [0m[34;1mDisruptor shouts:[0m WOWOWOOWOWWOOOO!![0m
[11:54] [0mEllegon <Craft>: can someone send me a tell for a crash course in chaos[0m
[11:54] [0m                 wrangling?[0m
[11:55] [0mEllegon <Craft>: I think I understand, but then I don't get it[0m
[11:55] [0mDisruptor <Craft>: make a gem from enchanting....then entrap a mob before it[0m
[11:55] [0m                   dies...get essence wrangle gem[0m
[11:55] [0mGaidin <Craft>: I'll just do it here.[0m
[11:55] [0mDisruptor <Craft>: if the mob is too big, you blow up the gem[0m
[11:55] [0mDisruptor <Craft>: too small, and it partial fills[0m
[11:55] [0mGaidin <Craft>: Get a gem.  Either enchant it yourself, or get one from an[0m
[11:55] [0m                enchanter.[0m
[11:55] [0mDisruptor <Craft>: the gem made from enchanting gives you the option to[0m
[11:55] [0m                   etnrap[0m
[11:56] [0mGaidin <Craft>: Each level of gem has a total amount of class that will fill[0m
[11:56] [0m                it up.  You've got to hit that mark within 5-10% (depending[0m
[11:56] [0m                on the quality of the gem).  If you go over a little, it[0m
[11:56] [0m                cracks (goes down in quality), if you go over too much it[0m
[11:56] [0m                explodes.[0m
[11:57] [0mDisruptor <Craft>: no cxp for boom gems[0m
[11:57] [0mGaidin <Craft>: So, while you're in combat you "wrangle" the mob, then when[0m
[11:57] [0m                it dies it drops a chaotic essence which you have to grab[0m
[11:57] [0m                and wrangle it into the gem.[0m
[11:58] [0mGaidin <Craft>: Err, sorry, you "entrap" the mob.[0m
[11:58] [0mGaidin <Craft>: then "wrangle" the essence that's dropped.[0m
[12:30] [0m<- ! The Vigilant ! -> :  A destabilization Kayos event has been detected in[0m
[12:30] [0m                          Northern Hills of Fantasy!  We are localizing it[0m
[12:30] [0m                          now - get ready![0m
[12:38] [0m[34;1mNightrider shouts:[0m AutoBots Attack[0m
[12:42] [0m[34;1mNightrider shouts:[0m Fire balls from my ass[0m
[12:42] [0m[34;1mSaim shouts:[0m whoa - you can say the bad butt word on shout now?[0m
[12:42] [0m[34;1mHyuga shouts:[0m my virgin eyes[0m
[12:43] [0m[34;1mNauda shouts:[0m fire balls from my hairy donkey[0m
[12:43] [0mNightrider flaps : its a saying from a move[0m
[12:43] [0mNightrider flaps : movie[0m
[12:44] [0m[34;1mNightrider shouts:[0m I am William Wallace[0m
[12:54] [0m[34;1mThom shouts:[0m FREEDOM![0m
[12:54] [0m[34;1mBlunt shouts:[0m fuel?[0m
[12:57] [0m[34;1mZor shouts:[0m it's not free anymore![0m
[12:57] [0m[34;1mBlunt shouts:[0m your mom isn't free[0m
[12:57] [0m[34;1mNightrider shouts:[0m Oh got smoked[0m
[13:00] [0m[34;1mOreo shouts:[0m free dom you going to supply the whips and handcuffs?[0m
[13:10] [0m[34;1mThom shouts:[0m sure. i'll bring rope too :P[0m
[13:33] [0m[34;1mZor shouts:[0m the cow got loose out of the barn![0m
[13:33] [0m[34;1mScadar shouts:[0m I thought the moose was loose.[0m
[13:33] [0m[34;1mCrolack shouts:[0m **   **  ******  ******  ****** [0m
[13:33] [0m                *** ***  **  **  **  **  **  ** [0m
[13:33] [0m                ** * **  **  **  **  **  **  ** [0m
[13:33] [0m                ** * **  **  **  **  **  **  ** [0m
[13:33] [0m                **   **  **  **  **  **  **  ** [0m
[13:33] [0m                **   **  **  **  **  **  **  ** [0m
[13:33] [0m                **   **  ******  ******  ****** [0m
[13:39] [0m[34;1mEllegon shouts:[0m Exploring? You've found UK. Congrats.[0m
[13:39] [0m[34;1mScadar shouts:[0m He was lost?[0m
[13:40] [0m[34;1mUkyo shouts:[0m Yes. Very.[0m
[13:42] [0m[34;1mUkyo shouts:[0m Yes. Very.[0m
[13:42] [0m[34;1mKichi shouts:[0m Ves. Yery.[0m
[13:46] [0mDisruptor <Craft>: anyone with some superior/legendary opal dust willing to[0m
[13:46] [0m                   part with it?[0m
[13:46] [0mUkyo <Craft>: i'll check. i think i just started mining it. probably got a[0m
[13:46] [0m              few obsidian i can't prospect[0m
[13:49] [0mUkyo <Craft>: only two good, and one average.[0m
[13:49] [0mUkyo <Craft>: put'em up on consign for 1 gold each. have at'em[0m
[13:49] [0mDisruptor <Craft>: cheers![0m
[13:50] [0mGaidin <Craft>: If you scare up more, I can transmute[0m
[13:50] [0mUkyo <Craft>: i've got 22 superior obsidian ore, too[0m
[14:31] [0m[34;1mUkyo shouts:[0m Name two things that never get old:[0m
[14:31] [0m[34;1mRaest shouts:[0m unvaccinated kids?[0m
[14:44] [0mNauda <Craft>: if transmute essence from one to other will I get pxp, what[0m
[14:44] [0m               does determine it from which or into which I transmute?[0m
[14:45] [0mGaidin <Craft>: There's a full table on the wiki[0m
[14:45] [0mGaidin <Craft>: google "3kwiki transmuter info"[0m
[14:46] [0mHyuga <Craft>: basically any essence can be transmuted into any other[0m
[14:46] [0m               essence[0m
[14:46] [0mInix <Craft>: And apparently, that leads to "REKT"[0m
[14:46] [0m[34;1mByron shouts:[0m laf[0m
[14:47] [0mHyuga <Craft>: other mats are relevant to its level[0m
[14:48] [0mSimonz [Jedi(40)]: doh[0m
[14:51] [0mNauda <Craft>: and no pxp if you take essences that are trivial and[0m
[14:51] [0m               transmute into ones that are not trivial[0m
[14:54] [0m[32mCK30 says: [0mHello Roken!                                                    [0m
[14:56] [0mGaidin <Craft>: And if you want to level transmuter, always use your gear[0m
[14:56] [0m                transmute.[0m
[14:56] [0mNauda <Craft>: that's once a boot[0m
[14:56] [0mGaidin <Craft>: Yep.  Don't forget to use it[0m
[14:59] [0mNauda <Craft>: any essence can be transmuted into other, tho the ratio is[0m
[14:59] [0m               strange 10 light into 1 knowledge, is it so for all of them?[0m
[15:00] [0mDisruptor <Craft>: light are at the bottom of the hierarchy i think? so[0m
[15:00] [0m                   takes more to move up the heirarchy to a higher level[0m
[15:11] [0mEllegon <Craft>: You put essence into a gem? like you have to mine a gem[0m
[15:11] [0m                 first?[0m
[15:12] [0mChaed <Craft>: gems are made at the enchanting station in the crafting area[0m
[15:13] [0mChaed <Craft>: the recipe usually calls for stuff from the mines, and a[0m
[15:13] [0m               fragment/essence/heart[0m
[15:13] [0mOreo <Craft>: go to enchanting room buy moulding search satchel for[0m
[15:13] [0m              suppplies go to room with kiln put all in kiln including[0m
[15:13] [0m              modling fire kiln get gem bam then go fight a mob entrap get[0m
[15:13] [0m              essence wrangle[0m
[15:13] [0mOreo <Craft>: moulding rather[0m
[15:15] [0mOreo <Craft>: crafting made easy by oreo 1.) dont follow flaxens rules for[0m
[15:15] [0m              crafting 2. bug flaxen for free stuff 3. repeat 1 and 2[0m
[15:16] [0mOreo <Craft>: end announcement on rules made by oreo this is not for real[0m
[15:16] [0m              have a good time[0m
[15:41] [0mSimonz [Jedi(40)]: it would be great if we could remotely check what droids[0m
[15:41] [0m                   are available for purchase...[0m
[15:41] [0mHyuga [Jedi(87)]: technically you can :p[0m
[15:42] [0mHyuga [Jedi(87)]: if you have high enough robotics heh[0m
[15:42] [0mSimonz [Jedi(40)]: huh? oh, lol[0m
[15:42] [0mSimonz [Jedi(40)]: that doesn't help me[0m
[15:42] [0mHyuga [Jedi(87)]: oh wait nm i guess not[0m
[15:43] [0mHyuga [Jedi(87)]: i was thinking you could make droids perform actions but i[0m
[15:43] [0m                  was wrong[0m
[15:44] [0mHyuga [Jedi(87)]: if adalius changed the list to a physical item in the room[0m
[15:44] [0m                  it would work :D[0m
[15:44] [0mSimonz [Jedi(40)]: nod[0m
[15:48] [0mHyuga [Jedi(87)]: wow it isnt listed in the file but i can make my droid[0m
[15:48] [0m                  leave via exits[0m
[15:49] [0mHyuga [Jedi(87)]: i cant be in combat tho[0m
[15:51] [0mSimonz [Jedi(40)]: hmm...I bet I could script something in tintin to walk a[0m
[15:51] [0m                   droid to a room that I've labeled on the map[0m
[15:52] [0mHyuga [Jedi(87)]: that would be handy for camping nex :)[0m
[15:53] [0mSimonz [Jedi(40)]: I'll have to look into that later[0m
[15:55] [0mSimonz [Jedi(40)]: it wouldn't be pretty though[0m
[15:56] [0mSimonz [Jedi(40)]: getting the path would be easy.  parsing it out into[0m
[15:56] [0m                   commands for the droid would be ugly[0m
[15:56] [0mHyuga [Jedi(87)]: nod[0m
[15:58] [0mBurnaby [Jedi(44)]: load path into array, use a walker function to cut first[0m
[15:58] [0m                    char and walk it. then repeat loop[0m
[15:59] [0mSimonz [Jedi(40)]: right, I already have that for me, but making my droid do[0m
[15:59] [0m                   it would be more difficult[0m
[16:04] [0mSimonz [Jedi(40)]: actually, it looks like it might not be that hard after[0m
[16:04] [0m                   all[0m
[16:20] [0mNauda <Craft>: we are lemmings, we are miners, wrong clan[0m
[16:20] [0mNauda <Craft>: and wrong line too[0m
[16:21] [0mBurnaby [Jedi(44)]: woot nbk[0m
[16:34] [0mCrolack -=(OMP)=-  ****** **   **  *****  [0m
[16:34] [0m                   **  ** *** ***  **  ** [0m
[16:34] [0m                   **  ** ** * **  **  ** [0m
[16:34] [0m                   **  ** ** * **  *****  [0m
[16:34] [0m                   **  ** **   **  **     [0m
[16:34] [0m                   **  ** **   **  **     [0m
[16:34] [0m                   ****** **   **  **     [0m
[16:34] [0mFluffy -=(OMP)=- you're a omp-aloompa ?[0m
[16:37] [0mBlunt -=(OMP)=- uhh I thought OMPs were retired?[0m
[16:38] [0mNauda -=(OMP)=- was there a year without omp?[0m
[16:38] [0mBlunt -=(OMP)=- omp command shows 2016 as last event lol[0m
[16:40] [0mMud -=(OMP)=- I put the MMMmmm in omp[0m
[16:44] [0m[34;1mZor shouts:[0m cows are just falling fromthe skys there's no place to hide![0m
[16:58] [0m[34;1mSky shouts:[0m cows are NOT falling out of me.[0m
[17:26] [0m[32;1mFrom afar, Simonz goes 'Woo Woo!' at you.[0m[0m
[17:39] [0mSimonz [Jedi(40)]: how do I get my security droid to attack?  I assume[0m
[17:39] [0m                   that's what it does?[0m
[18:36] [0m[32mSer tells you:[0m yo[0m
[18:36] [0m[32mSer tells you:[0m just picked up a half inch impact wrench (and some other[0m
[18:36] [0m        handy tools)[0m
[18:36] [0m[32mSer tells you:[0m should make lives easier tomorrow[0m
[18:56] [0m[34;1mSer shouts:[0m Smith says: You require 558 coins to repair *A shiny[0m
[18:56] [0m            force-shield assembly belt (worn).[0m
[18:56] [0m[34;1mRaest shouts:[0m that guy at the smithy has skills![0m
[19:03] [0m[32mSer tells you:[0m yo[0m
[19:06] [0m[34;1mOreo shouts:[0m i might lose power[0m
[19:20] [0mSimonz [Jedi(40)]: can anyone recruit, or do we still have to go through the[0m
[19:20] [0m                   process listed in the info file?[0m
[19:26] [0mSimonz [Jedi(40)]: com for this line[0m
[19:26] [0mSimonz [Jedi(40)]: welcome![0m
[19:32] [0mRoken [Jedi(29)]: welcome[0m
[19:32] [0m[32mYou tell Simonz:[0m are you master[0m
[19:32] [0m[32mSimonz tells you:[0m nope[0m
[19:32] [0m[32mSimonz tells you:[0m gwho shows ranks[0m
[19:33] [0m[32mSimonz tells you:[0m err, jedis[0m
[19:35] [0mRoken [Jedi(29)]: masterful jedis teach me pla[0m
[19:35] [0mRoken [Jedi(29)]: pls[0m
[19:35] [0mSimonz [Jedi(40)]: teach what?[0m
[19:37] [0mRoken [Jedi(29)]: control pain hibernation dissipate absorb energy[0m
[19:37] [0mSimonz [Jedi(40)]: oh, I can probably train you on everything except absorb[0m
[19:38] [0m[32mSimonz tells you:[0m sw[0m
[19:38] [0m[32mSimonz says:[0m  already set[0m
[19:38] [0m[32mCall says:[0m what career gives lightsabers pretty quickly[0m
[19:39] [0m[32mSimonz says:[0m  aspiring jedi[0m
[19:39] [0m[32mYou say:[0m  ooops[0m
[19:39] [0m[32mYou say:[0m  was using train[0m
[19:42] [0m[32mYou tell Simonz:[0m looks good[0m
[19:42] [0m[32mYou tell Simonz:[0m thank you sir[0m
[19:42] [0m[32mCall says:[0m okay i did that[0m
[19:43] [0m[32mCall says:[0m how do i see like my gscore[0m
[19:43] [0m[32mYou say:[0m  gs[0m
[19:43] [0m[32mSimonz says:[0m  focus guild stats[0m
[19:43] [0m[32mSimonz says:[0m  yeah, it's an alias[0m
[19:44] [0m[32mSimonz says:[0m  afk a min[0m
[19:44] [0m[32mCall says:[0m okay[0m
[19:49] [0mRoken [Jedi(29)]: will need to learn lesser force shield and optionally[0m
[19:49] [0m                  absorb energy, thank you Masters in advance[0m
[19:50] [0m[32mVolagas tells you:[0m I am in the guest chambers. I am a master of those.[0m
[19:51] [0m[32mSimonz tells you:[0m I should be able to do lfs[0m
[19:51] [0m[32mVolagas says:[0m I'm old.[0m
[19:52] [0m[32mVolagas tells you:[0m You good?[0m
[19:52] [0mRoken [Jedi(29)]: thank you Simonz and Volagas, all caught up on my[0m
[19:52] [0m                  emphasized skills[0m
[19:53] [0m[32;1mFrom afar, Volagas snarfs at you.[0m[0m
[21:13] [0m[34;1mXiu shouts:[0m taste the brainbow![0m
[21:14] [0m[34;1mOreo shouts:[0m nom nom taste the rainbow[0m
[21:15] [0m[34;1mRoken shouts:[0m dominos nom nom[0m
[21:17] [0mNightrider flaps : 8inix: will the mud reboot in 7.9 days[0m
[21:17] [0mInix flaps : [30;1m([34;1m8[30;1m)[0mInix : Concentrate and ask again[0m
[21:17] [0mNightrider flaps : lol[0m
[21:17] [0mXiu flaps : that doesn't sound good[0m
[21:18] [0mXiu flaps : 8inix: is 3K gonna crash, corrupting some of our character files[0m
[21:18] [0m            at random?[0m
[21:19] [0mInix flaps : [30;1m([34;1m8[30;1m)[0mInix : Reply hazy, try again[0m
[21:19] [0mNightrider flaps : 8Inix: are we alll going to die?[0m
[21:19] [0mInix flaps : [30;1m([34;1m8[30;1m)[0mInix : Outlook good[0m
[21:20] [0mNightrider -=(OMP)=- 8Inix: will there be an Omp sometime soon?[0m
[21:20] [0mAdalius flaps : 8Inix: Should Nightrider give it a rest?[0m
[21:20] [0mInix flaps : [30;1m([34;1m8[30;1m)[0mInix : Yes - definitely[0m
[21:20] [0mXiu flaps : laff[0m
[21:20] [0mTurnhold -=(OMP)=- if you show up at OMP, I will hit you with bottle of jack[0m
[21:20] [0m                   daniels.[0m
[21:20] [0mNightrider flaps : haha[0m
[21:20] [0mAdalius flaps : The 8 ball has spoken.[0m
[21:20] [0mNightrider -=(OMP)=- im so there[0m
[21:21] [0mIron -=(OMP)=- mmm, Jack Dagnells[0m
[21:22] [0mNightrider flaps : ya'll just playa Hate[0m
[21:31] [0m[34;1mOreo shouts:[0m ramen time[0m
[21:45] [0m[32mYou tell Ser:[0m omg why does chess take so long[0m
[21:46] [0m[32mYou tell Ser:[0m i killed a 288k as my best but my arch foe is 188k shadow[0m
[21:46] [0m        guard[0m
[21:49] [0m[32mYou tell Simonz:[0m youve suggested chess for g20s, is there a great place for[0m
[21:49] [0m        the 30s?[0m
[21:59] [0m[32mSimonz tells you:[0m at 30 I started just rotating dungeons[0m
[21:59] [0m[32mSimonz tells you:[0m I still do chess, and I do the hotel transylvania[0m
[21:59] [0m        dungeon, and zelligar's castle[0m
[21:59] [0m[32mSimonz tells you:[0m with dungeons, you can keep the same places for gxp/xp,[0m
[21:59] [0m        you just increase the scaler as you go[0m
[22:05] [0mnewb Whoknows [priest/54]: anything i can do if my doggy just sits there[0m
[22:05] [0m                           during combat?[0m
[22:05] [0mnewb Thom [bard/40]: there are dog commands[0m
[22:05] [0mnewb Whoknows [priest/54]: nevermind[0m
[22:05] [0mnewb Thom [bard/40]: one will make him cassist[0m
[22:06] [0mnewb Thom [bard/40]: check like dog help?[0m
[22:06] [0mnewb Whoknows [priest/54]: had him heel'd at some point and forgot to turn[0m
[22:06] [0m                           it off[0m
[22:10] [0m[32mSer tells you:[0m because the mobs respawn quicker than you kill them[0m
[22:14] [0m[32mSer tells you:[0m made some bomb ass dirty rice[0m
[22:19] [0m[32mCK30 says: [0mHello Roken!                                                    [0m
- = LOG STARTED [22:24] = -
[22:27] [0m[32;1mFrom afar, Ser winks at you suggestively.[0m[0m
[22:27] [0m[32mSer tells you:[0m doing some server maintenance, figured i'd restart your[0m
[22:27] [0m        chatlog for ya[0m
[22:30] [0mOreo <Craft>: welcome to the trap[0m
[22:30] [0mOreo <Craft>: welcome to the trap[0m
[22:31] [0mOreo <Craft>: oops[0m
[22:31] [0mTchazzar <Craft>: woo?[0m
[22:43] [0m[32mYou tell Ser:[0m historical roasts is so funny[0m
[22:43] [0m[32mSer tells you:[0m you talking about[0m
[22:43] [0m[32mSer tells you:[0m epic rap battles?[0m
[22:43] [0mInix flaps : think you're so criminal[0m
[22:44] [0mIron flaps : udefine 558[0m
[22:44] [0m[32mYou tell Ser:[0m no roasting historical figures, 1st ep abe lincoln 2nd anne[0m
[22:44] [0m        frank 3rd rosa parks now on 4th cleopatra[0m
[22:45] [0mInix flaps : no udefine on the flappy chats[0m
[22:45] [0m[32mYou tell Ser:[0m muhammad ali is the last 1 of season 1... also 3 other[0m
[22:45] [0m        historical figures will come up to roast the star figure[0m
[22:52] [0mScadar flaps : Only white man can cut off top of blanket and sew it on[0m
[22:52] [0m               bottom and think he has a bigger blanket.[0m
[22:53] [0mInix flaps : wtf are you talking about?[0m
[22:53] [0mSaim flaps : =h[0m
[22:53] [0mScadar flaps : Daylight savings of course. -.-[0m
[22:54] [0m[32mSer tells you:[0m what scaler[0m
[22:56] [0m[32mYou tell Ser:[0m 48 until reset[0m
[23:00] [0m[32mSer tells you:[0m what size?[0m
[23:01] [0m[32;1mFrom afar, Ser winks at you suggestively.[0m[0m
[23:02] [0m[32mSer tells you:[0m 33.7bil tnl[0m
[23:02] [0m[32;1mFrom afar, Ser sweeps you across the dance floor.[0m[0m
[23:07] [0mBurnaby [Jedi(44)]: yo![0m
[23:08] [0m[32mSer tells you:[0m ctl + b, alt + up/down[0m
[23:18] [0m[32mSimonz tells you:[0m so, one bit of advice, when you get force deflection. [0m
[23:18] [0m        It levels up crazy slow.[0m
[23:19] [0m[32mSimonz tells you:[0m you can either miss the deflect, get a partial deflect,[0m
[23:19] [0m        or get a full deflect[0m
[23:19] [0m[32mSimonz tells you:[0m but you only get fdef xp for a full deflect[0m
[23:20] [0m[32mSimonz tells you:[0m so chessboard and zelligars castle at lower scalers are[0m
[23:20] [0m        great for gxping, because they have lots of weaker hits per round,[0m
[23:20] [0m        so you get fdef xp almost every found[0m
[23:20] [0m[32mSimonz tells you:[0m almost every round[0m
[23:21] [0m[32mYou tell Simonz:[0m thank uou[0m
[23:23] [0m[32mSer tells you:[0m damn bro almost glevel 30 already[0m
[23:23] [0m[32mSer tells you:[0m impressive[0m
[23:23] [0m[32mSimonz tells you:[0m no problem.  The only trig with zelligars is not to run[0m
[23:23] [0m        into the guy himself, cause he'll probably blick you ;)[0m
[23:24] [0m[32mSimonz tells you:[0m but the rest of the area is great[0m
[23:27] [0mHyuga [Jedi(87)]: oy[0m
[23:50] [0m[32mYou tell Ser:[0m will this game bash trump? and make light fun of obama?[0m
[23:53] [0m[32mYou tell Simonz:[0m is it a good time to have fdef?[0m
[23:54] [0m[32mYou tell Simonz:[0m thats right i need glvl 30 for it even tho it is starred[0m
[23:54] [0m        awhile now[0m
[23:54] [0m[32;1mFrom afar, Simonz nods to you.[0m[0m
[23:55] [0m[32mYou tell Simonz:[0m wizards pls fix[0m
