- = LOG STARTED [00:00] = -
[00:03] [0m[34;1mFluffy shouts:[0m he blowed up REAL good![0m
[00:04] [0m[35;1mHyuga [Jedi(94)]:[0m heh i was in htrance when i died[0m
[00:06] [0m[37;1m[JEDI]:[0m Reena Bel Noir arrives at the Academy.[0m
[00:37] [0m[37;1m[JEDI]:[0m Alyssa K'tal arrives at the Academy.[0m
[00:57] [0mVagrant flaps : reseting zanbies swing by[0m
[01:09] [0m[37;1m[JEDI]:[0m Janath Meelin arrives at the Academy.[0m
[06:32] [0mYour transmuter's stone bursts with 5 new colours![0m
[06:33] [0m[35;1mAliona [Jedi(9)]:[0m so very very weird to not have deflect thatneeds training up[0m
[06:36] [0m[35;1mHyuga [Jedi(94)]:[0m gl 30 :)[0m
[06:37] [0m[35;1mAliona [Jedi(9)]:[0m right, fdef.  I'm used to lightweapons having a deflect -mode-[0m
[06:39] [0m[35;1mAliona [Jedi(9)]:[0m I'm a refugee from 3S, left playing over there for reasons I don't want to[0m
[06:39] [0m                  talk about.  Still getting used to how much the ports diverged[0m
[06:47] [0m[35;1mHyuga [Jedi(94)]:[0m nod i have a shimura over there[0m
[06:47] [0m[35;1mHyuga [Jedi(94)]:[0m although i dont rrally see myself playing it much ever again[0m
[06:50] [0m[37;1m[JEDI]:[0m Wennic Ber'ni'lok arrives at the Academy.[0m
[07:16] [0m[34;1mVagrant shouts:[0m hell yah boi[0m
[07:25] [0m[37;1m[JEDI]:[0m Janath Meelin arrives at the Academy.[0m
[07:32] [0m[34;1mAtreyu shouts:[0m anyone checked out the Mandalorian?[0m
[07:32] [0m[34;1mNauda shouts:[0m I did, wasn't impressed.[0m
[07:38] [0m[34;1mAtreyu shouts:[0m Zum zum![0m
[07:55] [0m[37;1m[JEDI]:[0m Durnoth arrives at the Academy.[0m
[08:21] [0m[37;1m[JEDI]:[0m Talia Ska arrives at the Academy.[0m
[08:23] [0mNauda flaps : resetting zombies in 1min[0m
[08:53] [0m[33;1m[Clan] Phenom :[0m morning chums![0m
[08:53] [0m[33;1m[Clan] Ser :[0m yo[0m
[08:53] [0m[33;1m[Clan] Ser :[0m lo[0m
[08:57] [0m[37;1m[JEDI]:[0m Reena Bel Noir arrives at the Academy.[0m
[09:05] [0m[33;1m[Clan] Nix :[0m hey ser you missed out last night[0m
[09:05] [0m[33;1m[Clan] Nix :[0m martyr got us in the tomb![0m
[09:16] [0mYour transmuter's stone bursts with 4 new colours![0m
[09:18] [0m[37;1m[JEDI]:[0m Bithoff Jonansaan arrives at the Academy.[0m
[09:44] [0m[37;1m[JEDI]:[0m Tobias Kel'ach'nar arrives at the Academy.[0m
[10:09] [0m[37;1m[JEDI]:[0m Talia Ska arrives at the Academy.[0m
[10:16] [0mYour transmuter's stone bursts with 5 new colours![0m
[10:18] [0m[33;1m[Clan] Ser :[0m noice[0m
[10:33] [0m[33;1m[Clan] Xaryl :[0m some donates in[0m
[10:39] [0m[37;1m[JEDI]:[0m Janath Meelin arrives at the Academy.[0m
[11:16] [0m[37;1m[JEDI]:[0m Kerran Halcyon arrives at the Academy.[0m
[11:23] [0mYour transmuter's stone bursts with 3 new colours![0m
[11:51] [0m[37;1m[JEDI]:[0m Rhaan arrives at the Academy.[0m
[11:52] [0m[32mGilgalal tells you:[0m Im trying to remmember where the cow herds are, do you know?[0m
[11:53] [0m[32mYou tell Gilgalal:[0m no :( I remember some cows near theatre in chaos[0m
[12:10] [0mGaidin flaps : Didn't someone say they'd written a command queue for tt++ a while back?[0m
[12:12] [0mKitt flaps : yup[0m
[12:13] [0mKitt flaps : wipeme : password , I LOVE IT HERE[0m
[12:21] [0m[37;1m[JEDI]:[0m H'ssani C'talan arrives at the Academy.[0m
[12:23] [0mYour transmuter's stone bursts with 4 new colours![0m
[12:51] [0m[37;1m[JEDI]:[0m Reena Bel Noir arrives at the Academy.[0m
[12:54] [0m[33;1m[Clan] Yik leaves the game.[0m  [0m
[12:55] [0m[33;1m[Clan] Nik enters the game.[0m  [0m
[13:01] [0m<- ! The Vigilant ! -> :  A destabilization Kayos event has been detected in Deserts of Fantasy![0m
[13:01] [0m                          We are localizing it now - get ready![0m
[13:02] [0m[34;1mKitt shouts:[0m Get Ready Suckas[0m
[13:02] [0m[34;1mVoid shouts:[0m your going to wipe?[0m
[13:03] [0m[34;1mNauda shouts:[0m with both hands?[0m
[13:03] [0m[33;1m[Clan] Void :[0m there is no player i enjoy screwing with more than kitt/NR ... really like to guy[0m
[13:03] [0m              but i just love busting his balls[0m
[13:03] [0m[33;1m[Clan] Void :[0m like the guy rather[0m
[13:04] [0m[33;1m[Clan] Martyr :[0m laf[0m
[13:05] [0m[33;1m[Clan] Nik :[0m i miss stabbin him! and ima be in an out fer the next few hours, sittin at corpse[0m
[13:05] [0m             box, ping me to preserve[0m
[13:05] [0m[33;1m[Clan] Martyr :[0m he was talking about putting his dog down yesterday, so way to raise his spirits[0m
[13:05] [0m                nix[0m
[13:05] [0m[33;1m[Clan] Nik :[0m aww :'([0m
[13:06] [0m[33;1m[Clan] Void :[0m now i feel bad[0m
[13:26] [0m[37;1m[JEDI]:[0m Ylenic It'kla arrives at the Academy.[0m
[13:28] [0m[34;1mKitt shouts:[0m See Kids, that what happens when you get Turnhold's Hands[0m
[13:29] [0m[34;1mMental shouts:[0m he gives hands like its his job.....[0m
[13:30] [0m[34;1mClaptrap shouts:[0m  "( ͡° ʖ ͡°)[0m
[13:35] [0mYour transmuter's stone bursts with 2 new colours![0m
[13:46] [0m[34;1mNauda shouts:[0m cmc at ss[0m
[13:50] [0m[33;1m[Clan] Ser :[0m hovering around 88.11% DR[0m
[13:51] [0m[33;1m[Clan] Ser :[0m not sure if dex is helping, it might be[0m
[13:51] [0mRoken flaps : 11w from wgate, acid[0m
[13:51] [0m[34;1mRoken shouts:[0m 11w from wgate, acid[0m
[14:00] [0m[34;1mNightrider shouts:[0m  A robotic tiger [corroding regenerating rampaging] xaxis 1 e 1 n[0m
[14:00] [0m[34;1mInquisitor shouts:[0m No thank you.[0m
[14:01] [0m[37;1m[JEDI]:[0m Herah Wylann arrives at the Academy.[0m
[14:04] [0m[33;1m[Clan] Ser :[0m hmm i really need to train one of my gp1 skills[0m
[14:31] [0m[37;1m[JEDI]:[0m Alyssa K'tal arrives at the Academy.[0m
[14:34] [0m[33;1m[Clan] Ser :[0m are guild vafs yearly or forever[0m
[14:35] [0mYour transmuter's stone bursts with 2 new colours![0m
[14:45] [0m[37;1mWhoknows <.oO>:[0m boom[0m
[14:46] [0m[33;1m[Clan] Ser :[0m ok i spent 9mil gxp on body fuel, think i'm already seeing a bit of difference in[0m
[14:46] [0m             stam usage[0m
[14:46] [0m[33;1m[Clan] Ser :[0m debating getting ureset[0m
[14:46] [0m[33;1m[Clan] Ser :[0m which is unlimited resets of tours/skills[0m
[14:46] [0m[33;1m[Clan] Ser :[0m oh only lasts though 4/30[0m
[14:47] [0m[34;1mNightrider shouts:[0m Zombie Reset Come get some![0m
[14:48] [0mNightrider flaps : zombie reset come get some[0m
[14:49] [0mNightrider flaps : 1 min left[0m
[14:49] [0mNightrider flaps : don[0m
[15:08] [0m[37;1m[JEDI]:[0m Durnoth arrives at the Academy.[0m
[15:22] [0m[33;1m[Clan] Martyr :[0m ask lacky, might be 1yr[0m
[15:36] [0mYour transmuter's stone bursts with 6 new colours![0m
[15:36] [0m[34;1mTex shouts:[0m all your frosted belonging to the tex[0m
[15:42] [0m[37;1m[JEDI]:[0m Wennic Ber'ni'lok arrives at the Academy.[0m
[16:00] [0m[34;1mAndeddu shouts:[0m baby shark do do do do do do[0m
[16:03] [0m[34;1mNauda shouts:[0m daddy shark[0m
[16:04] [0m[34;1mWhoknows shouts:[0m yeah sure, teach kids that sharks are fun and friendly fishes, til one day...[0m
[16:05] [0m[34;1mNauda shouts:[0m you eat them for dinner[0m
[16:06] [0m[34;1mSer shouts:[0m i was thinking LANDSHARK[0m
[16:09] [0m[34;1mTex shouts:[0m the mamma shark ate them both when they didnt take out the trash[0m
[16:16] [0m[37;1m[JEDI]:[0m H'ssani C'talan arrives at the Academy.[0m
[16:23] [0m[34;1mInago shouts:[0m Any fremen willing to train reflex for me?[0m
[16:26] [0m[34;1mKitt shouts:[0m No Fremen here, Only Botz[0m
[16:26] [0m[34;1mInago shouts:[0m And zuul. Bots and Zuul.[0m
[16:27] [0m[33;1m[Clan] Ser :[0m RoH in[0m
[16:28] [0m[33;1m[Clan] Ser :[0m has 2 counterpoise on it[0m
[16:31] [0m[34;1mNauda shouts:[0m I can't talk about Fremen on public lines.[0m
[16:36] [0mYour transmuter's stone bursts with 2 new colours![0m
[16:41] [0m[37;1m[JEDI]:[0m Herah Wylann arrives at the Academy.[0m
[17:06] [0m[37;1m[JEDI]:[0m Talia Ska arrives at the Academy.[0m
[17:33] [0m[37;1m[JEDI]:[0m Tobias Kel'ach'nar arrives at the Academy.[0m
[17:36] [0mYour transmuter's stone bursts with 4 new colours![0m
[17:52] [0m[34;1mVoid shouts:[0m was that your big news from earlier?[0m
[18:02] [0m[37;1m[JEDI]:[0m Bithoff Jonansaan arrives at the Academy.[0m
[18:25] [0m[34;1mFluffy shouts:[0m big letters[0m
[18:25] [0m[34;1mNauda shouts:[0m go go Babs be fat and sexy[0m
[18:26] [0m[34;1mAl shouts:[0m BIG OLE BABY[0m
[18:29] [0m[32;1mFrom afar, Gilgalal goes 'Woo Woo!' at you.[0m[0m
[18:31] [0m[35;1mHyuga [Jedi(94)]:[0m its like 9n3w from ngate[0m
[18:31] [0m[32mYou think to Gilgalal . o O ([0m [36;1m am I catching up to? [0m [32m)[0m[0m
[18:33] [0m[32mYou think to Gilgalal . o O ([0m [36;1m am I catching up to you? hah er 3%[0m
[18:33] [0;1;36m           into 71 [0m [32m)[0m[0m
[18:33] [0m[32mGilgalal tells you:[0m I think I'm still keeping ahead heh[0m
[18:36] [0mYour transmuter's stone bursts with 3 new colours![0m
[18:36] [0m[32mGilgalal tells you:[0m You have a few lvls on me tho[0m
[18:40] [0m[37;1m[JEDI]:[0m Kerran Halcyon arrives at the Academy.[0m
[18:48] [0m[34;1mHyuga shouts:[0m Inago has poop on his hand![0m
[18:48] [0m[34;1mFluffy shouts:[0m come here big boy, i'll poop on your hand for ya ;-)[0m
[18:55] [0m[34;1mNauda shouts:[0m he was touching himself with that hand[0m
[19:04] [0m[33;1m[Clan] Nix :[0m 10 minutes .. pulling smoked ribs off[0m
[19:05] [0m[33;1m[Clan] Nix :[0m so much for that veggie based diet har har har[0m
[19:05] [0m[33;1m[Clan] Mud :[0m was gonna say :P  but smoked ribs sounds better[0m
[19:06] [0m[33;1m[Clan] Xaryl :[0m heh[0m
[19:06] [0m[33;1m[Clan] Mud :[0m and smells, and tastes better.   veggies are what your food eats[0m
[19:06] [0m[33;1m[Clan] Xaryl :[0m he will have grilled veggies also!![0m
[19:06] [0m[33;1m[Clan] Nix :[0m mashed sweet potatoes and stuffing[0m
[19:06] [0m[33;1m[Clan] Nix :[0m and byron over here too[0m
[19:06] [0m[33;1m[Clan] Mud :[0m mmm[0m
[19:06] [0m[33;1m[Clan] Nix :[0m so don't let me brag lol[0m
[19:06] [0m[33;1m[Clan] Mud :[0m not the byron part[0m
[19:07] [0m[33;1m[Clan] Nix :[0m bout my ribs i mean lol[0m
[19:08] [0m[37;1m[JEDI]:[0m Janath Meelin arrives at the Academy.[0m
[19:13] [0m[33;1m[Clan] Xaryl :[0m smoked ribs makes my chicken n dumplings sound so lame :([0m
[19:13] [0m[33;1m[Clan] Ipsie :[0m idk, that sounds really good too[0m
[19:13] [0m[33;1m[Clan] Xaryl :[0m archi always make me make stuff from scratch![0m
[19:14] [0m[33;1m[Clan] Ipsie :[0m what kind of dumplings ?[0m
[19:14] [0m[33;1m[Clan] Xaryl :[0m teh flat ones...not the biscuit style ones[0m
[19:26] [0m[33;1m[Clan] Xaro leaves the game.[0m  [0m
[19:36] [0mYour transmuter's stone bursts with 4 new colours![0m
[19:42] [0m[37;1m[JEDI]:[0m Ylenic It'kla arrives at the Academy.[0m
[20:08] [0m[37;1m[JEDI]:[0m Reena Bel Noir arrives at the Academy.[0m
[20:10] [0m[34;1mAndeddu shouts:[0m why aren't you bots XP'n faster?!?!?!?!?![0m
[20:10] [0m[34;1mMud shouts:[0m need bigger stuffs![0m
[20:10] [0m[34;1mKitt shouts:[0m because of 'These hands' from Turnhold[0m
[20:12] [0m[34;1mTurnhold shouts:[0m These hands are rated E for everyone.[0m
[20:13] [0m[34;1mKitt shouts:[0m ^^^ see[0m
[20:25] [0m[33;1m[Clan] Ser :[0m been playing 2016 doom in 4k[0m
[20:25] [0m[33;1m[Clan] Ser :[0m it's nice and scary[0m
[20:27] [0m[32mSer tells you:[0m how goes it[0m
[20:30] [0m[32mYou tell Ser:[0m jus' watching Between Two Ferns on Funny or Die[0m
[20:34] [0m[37;1m[JEDI]:[0m Alyssa K'tal arrives at the Academy.[0m
[20:36] [0mYour transmuter's stone bursts with 4 new colours![0m
[20:47] [0m[32mYou tell Ser:[0m balling in laughter at Hilary Clinton's interview with Zach Galifanakis[0m
[21:06] [0m[37;1m[JEDI]:[0m Rhaan arrives at the Academy.[0m
[21:08] [0m[32mSer tells you:[0m dass old shit[0m
[21:08] [0m[32;1mFrom afar, Gilgalal goes 'Woo Woo!' at you.[0m[0m
[21:09] [0m[32mYou tell Ser:[0m still Funny especially after seeing th netflix movie[0m
[21:09] [0m[32mYou say: [0mskills                                                               [0m
[21:09] [0;32mRhaan says: [0mI have mastered hibernation trance, meditation, dodge, hand to[0m
[21:09] [0m            hand combat, channel energy, dissipate energy, release force,[0m
[21:09] [0m            ki burst, lightsaber alteration, force sight.                 [0m
[21:10] [0;32mRhaan says: [0mI have become adept at accelerated healing, detoxify poison,[0m
[21:10] [0m            concentration, control pain, resist poison, resist stun,[0m
[21:10] [0m            enhance metabolism, animal affinity, telekinesis, transfer[0m
[21:10] [0m            force, absorb energy.                                         [0m
[21:10] [0;32mRhaan says: [0mAnd I have gained an understanding of force, melee combat,[0m
[21:10] [0m            lesser force shield, greater force shield, launch item,[0m
[21:10] [0m            inflict pain, injure-kill, telekinetic kill, force lightning,[0m
[21:10] [0m            life sense, magnify senses, sense force, cloud mind,[0m
[21:10] [0m            misdirect, enrage, confusion, mindblock, drain crystals,[0m
[21:10] [0m            displace matter.                                              [0m
[21:10] [0m[32mRhaan says: [0mI can teach you any of those if you wish.                      [0m
[21:15] [0m[34;1mKitt shouts:[0m hey Pluto, Oink Oink . too many twinkiees[0m
[21:36] [0m[37;1m[JEDI]:[0m Wennic Ber'ni'lok arrives at the Academy.[0m
[21:36] [0mYour transmuter's stone bursts with 4 new colours![0m
[21:57] [0m[33;1m[Clan] Martyr :[0m anyone able to teforge a main for me?[0m
[21:57] [0m[33;1m[Clan] Mud :[0m sure, chouse?[0m
[21:57] [0m[33;1m[Clan] Martyr :[0m woo[0m
[21:57] [0m[33;1m[Clan] Martyr :[0m vrt[0m
[21:57] [0m[33;1m[Clan] Martyr :[0m brt[0m
[22:05] [0m[37;1m[JEDI]:[0m Durnoth arrives at the Academy.[0m
[22:06] [0m[34;1mTex shouts:[0m stop sniffing the glue off my tops papers who ever  you are thats 3 out of this pack[0m
[22:06] [0m            now. you darn green ghost on the roof![0m
[22:07] [0m[34;1mKitt shouts:[0m OK Ok, Who Da Botz tonight?[0m
[22:07] [0m[34;1mEoin shouts:[0m pick me[0m
[22:07] [0m[34;1mKenny shouts:[0m Pick me[0m
[22:07] [0m[34;1mVaan shouts:[0m notit, i'm on telnet[0m
[22:07] [0m[34;1mMartyr shouts:[0m my bot dead[0m
[22:08] [0m[34;1mKitt shouts:[0m This is a Botz responds -  Tex: all of us wtf you mean who[0m
[22:08] [0m[34;1mTex shouts:[0m i confess flaxen killed kenny[0m
[22:22] [0m[33;1m[Clan] Martyr :[0m 75mil in the hole[0m
[22:36] [0mYour transmuter's stone bursts with 4 new colours![0m
[22:39] [0m[37;1m[JEDI]:[0m Herah Wylann arrives at the Academy.[0m
[22:56] [0m[33;1m[Clan] Sock wiggles off your foot.[0m  [0m
[23:05] [0m[37;1m[JEDI]:[0m H'ssani C'talan arrives at the Academy.[0m
[23:32] [0m[37;1m[JEDI]:[0m Bithoff Jonansaan arrives at the Academy.[0m
[23:56] [0m[37;1m[JEDI]:[0m Reena Bel Noir arrives at the Academy.[0m
