- = LOG STARTED [00:00] = -
[00:00] [0m[33;1m[Clan] Mud :[0m i died? thought i was parked 1e of firebat[0m
[00:00] [0m[33;1m[Clan] Byron :[0m you ded[0m
[00:00] [0m[33;1m[Clan] Mud :[0m gotta hit that quota[0m
[00:06] [0m[33;1m[Clan] Byron :[0m it's a bard tradition[0m
[00:08] [0m[37;1m[JEDI]:[0m Bithoff Jonansaan arrives at the Academy.[0m
[00:09] [0m[33;1m[Clan] Ser :[0m stupid guac wasnt enough[0m
[00:09] [0m[33;1m[Clan] Ser :[0m i guess i better keep checking tacos for day 7[0m
[00:13] [0m[33;1m[Clan] Ser :[0m 31 all else[0m
[00:15] [0m[33;1m[Clan] Byron :[0m is the trade-off for stats better for you Ser?[0m
[00:15] [0m[33;1m[Clan] Byron :[0m crafted gear mostly sucks across the board for me[0m
[00:15] [0m[33;1m[Clan] Ser :[0m probably.  i should try 2 +wis for +40 wis[0m
[00:20] [0m[33;1m[Clan] Byron :[0m fyi - 10% auro shield and shard in box[0m
[00:23] [0m[33;1m[Clan] Ser :[0m khan you are already #71 on the top psicorps board[0m
[00:23] [0m[33;1m[Clan] Ser :[0m btw, you can probably hit 50 in ~10 combat days[0m
[00:23] [0m[33;1m[Clan] Ser :[0m and i'd say probably 80 at ~10 combat weeks[0m
[00:24] [0m[33;1m[Clan] Martyr :[0m cool[0m
[00:34] [0m[37;1m[JEDI]:[0m Talia Ska arrives at the Academy.[0m
[00:41] [0m[33;1m[Clan] Ser :[0m killing beloch if anyone wants gxp[0m
[00:53] [0mVagrant flaps : restting zombies, swing by[0m
[00:55] [0mVagrant flaps : resetted![0m
[01:00] [0mYour transmuter's stone bursts with 4 new colours![0m
[01:03] [0m[37;1m[JEDI]:[0m Herah Wylann arrives at the Academy.[0m
[01:25] [0m[37;1m[JEDI]:[0m Wennic Ber'ni'lok arrives at the Academy.[0m
[01:56] [0m[37;1m[JEDI]:[0m Reena Bel Noir arrives at the Academy.[0m
[02:00] [0mYour transmuter's stone bursts with 6 new colours![0m
[02:09] [0m[33;1m[Clan] Decado enters the game.[0m  [0m
[02:25] [0m[37;1m[JEDI]:[0m Rhaan arrives at the Academy.[0m
[02:30] [0m[37;1mFluffy <.oO>:[0m you go girl, shake that eexp![0m
[02:52] [0mKitt flaps : i hate acid reflux ugh[0m
[02:52] [0mStasis flaps : raw cabbage ftw[0m
[02:53] [0mFluffy flaps : eat your vegetables(wrinkled) ![0m
[02:54] [0m[37;1m[JEDI]:[0m Janath Meelin arrives at the Academy.[0m
[03:20] [0m[37;1m[JEDI]:[0m H'ssani C'talan arrives at the Academy.[0m
[03:52] [0m[37;1m[JEDI]:[0m Tobias Kel'ach'nar arrives at the Academy.[0m
[04:00] [0m[34;1mJasmine shouts:[0m DIRTY FILTHY MEMORY![0m
[04:22] [0m[37;1m[JEDI]:[0m Durnoth arrives at the Academy.[0m
[09:21] [0mYour transmuter's stone bursts with 2 new colours![0m
[09:21] [0mNauda flaps : baby yoda, doo doo, doo doo, baby yoda, doo doo, doo doo[0m
[09:22] [0m[37;1m[JEDI]:[0m Rhaan arrives at the Academy.[0m
[09:35] [0m[33;1m[Clan] Ser :[0m i should be back at max for event reps, will have to pick up some ac and +stats i[0m
[09:35] [0m             guess[0m
[09:36] [0m[33;1m[Clan] Ser :[0m shucks[0m
[09:37] [0m[33;1m[Clan] Roken :[0m what is max?[0m
[09:37] [0m[33;1m[Clan] Ser :[0m 1mil[0m
[09:37] [0m[33;1m[Clan] Byron :[0m +/- 1mil[0m
[09:37] [0m[33;1m[Clan] Byron :[0m I wish I could just go into debt buying event reps[0m
[09:37] [0m[33;1m[Clan] Byron :[0m And stay at -1million[0m
[09:37] [0m[33;1m[Clan] Ser :[0m lol[0m
[09:37] [0m[33;1m[Clan] Byron :[0m I'll pay ya later vigilant![0m
[09:37] [0m[33;1m[Clan] Roken :[0m laf[0m
[09:38] [0m[33;1m[Clan] Ser :[0m and no more skill training, it's slowing down my glevel progress[0m
[09:38] [0m[33;1m[Clan] Byron :[0m why do you want glvl vs. skills?[0m
[09:38] [0m[33;1m[Clan] Byron :[0m or vicey versey[0m
[09:38] [0m[33;1m[Clan] Ser :[0m more glevels earn me gxp faster[0m
[09:39] [0m[33;1m[Clan] Ser :[0m more skills just means more damage/defense[0m
[09:39] [0m[33;1m[Clan] Byron :[0m nod[0m
[09:39] [0m[33;1m[Clan] Byron :[0m Can you split?[0m
[09:39] [0m[33;1m[Clan] Byron :[0m Like gentech do[0m
[09:39] [0m[33;1m[Clan] Ser :[0m to max my psiwield, it'll cost 101.6mil gxp, whereas my glevel is ~125mil gxp[0m
[09:40] [0m[33;1m[Clan] Byron :[0m Is glvl 95 a bump or something?[0m
[09:40] [0m[33;1m[Clan] Byron :[0m Like a new power/slot[0m
[09:40] [0m[33;1m[Clan] Ser :[0m and at 96? or 97 i will be forced to train skills (minimum 1/3 of glvl spent on[0m
[09:40] [0m             skills)[0m
[09:41] [0m[33;1m[Clan] Byron :[0m On another topic, have you spent all your turkey reps?[0m
[09:41] [0m[33;1m[Clan] Byron :[0m Or any?[0m
[09:41] [0m[33;1m[Clan] Byron :[0m The stuffing is fucking BS[0m
[09:41] [0m[33;1m[Clan] Ser :[0m another t4 power, so not great.  96 is bigger, w/ another t5, and 97 i get another[0m
[09:41] [0m             t6, 98 another t7, 99 another t5, and 100 another t6[0m
[09:41] [0m[33;1m[Clan] Ser :[0m i haven't spent any of my reps but i only have 4k[0m
[09:42] [0m[33;1m[Clan] Byron :[0m Stuffing = dmg, Cranberry = 50% dr[0m
[09:42] [0m[33;1m[Clan] Byron :[0m stuffing is like 1500 dmg/rnd[0m
[09:42] [0m[33;1m[Clan] Byron :[0m For ~4 hrs[0m
[09:42] [0m[33;1m[Clan] Ser :[0m got damn[0m
[09:42] [0m[33;1m[Clan] Ser :[0m how much reps[0m
[09:42] [0m[33;1m[Clan] Byron :[0m Wish I had another dupe w/ low cooldown so I could keep duping the one I have[0m
[09:42] [0m[33;1m[Clan] Byron :[0m 2.5k[0m
[09:42] [0m[33;1m[Clan] Byron :[0m I've been duping the stuffing I bought[0m
[09:42] [0m[33;1m[Clan] Ser :[0m laf[0m
[09:43] [0m[33;1m[Clan] Ser :[0m i'll get that fixed for ya[0m
[09:43] [0m[33;1m[Clan] Ser :[0m 'fixed'[0m
[09:44] [0m[33;1m[Clan] Ser :[0m i thought level 130 was smaller event, but these mobs are 18-20mil[0m
[09:44] [0m[33;1m[Clan] Ser :[0m well, 15-21mil so far[0m
[09:48] [0m[33;1m[Clan] Ser :[0m going to go look at a house 15 mins away that's in 'need of serious rehab', list[0m
[09:48] [0m             price is 39,900[0m
[09:48] [0m[33;1m[Clan] Byron :[0m There's a bit of variation[0m
[09:48] [0m[33;1m[Clan] Byron :[0m I always do max scaler, boss this event was 63mil, last event was 75mil[0m
[09:49] [0m[33;1m[Clan] Ser :[0m i was trying to do 'lower' scaler so i could get through it quicker[0m
[09:49] [0m[33;1m[Clan] Byron :[0m Nog[0m
[09:50] [0m[37;1m[JEDI]:[0m Ylenic It'kla arrives at the Academy.[0m
[09:54] [0m[34;1mVoodoo shouts:[0m SEND IN THE BIG BOOTIED HOS!!![0m
[09:54] [0m[32;1mFrom afar, Voodoo does the Big Booty dance for you.[0m[0m
[09:54] [0m[32mYou say:[0m SEND IN THE BIG BOOTIED HOS!!![0m
[09:55] [0m[34;1mByron shouts:[0m big botted* hos[0m
[09:56] [0m[33;1m[Clan] Roken :[0m dirt cheap house[0m
[10:01] [0m[34;1mXiu shouts:[0m i like big bots and i cannot lie, all you other scripters can't deny[0m
[10:02] [0m[33;1m[Clan] Ser :[0m do i waste embiggen on event, or do i save it for 2 hrs to do zombies w/ and run HA[0m
[10:03] [0m[33;1m[Clan] Byron :[0m save + HA[0m
[10:06] [0m[34;1mKitt shouts:[0m Da Booty is here[0m
[10:06] [0m[34;1mNix shouts:[0m looks like cottage cheese shoved into a stocking[0m
[10:21] [0mYour transmuter's stone bursts with 4 new colours![0m
[10:21] [0m[37;1m[JEDI]:[0m H'ssani C'talan arrives at the Academy.[0m
[10:26] [0m[33;1m[Clan] Nix :[0m where is event[0m
[10:26] [0m[33;1m[Clan] Ser :[0m ngate, 1n of road, east[0m
[10:26] [0m[33;1m[Clan] Ser :[0m is that enough info[0m
[10:26] [0m[33;1m[Clan] Nix :[0m ser aye ser[0m
[10:27] [0mByron flaps : 9n/2e I think[0m
[10:27] [0mByron flaps : oops[0m
[10:27] [0m[33;1m[Clan] Byron :[0m 9n/2e I think from north gate[0m
[10:27] [0m[33;1m[Clan] Phenom leaves the game.[0m  [0m
[10:28] [0m[33;1m[Clan] Ser :[0m anyone want these corpses when i'm done?  i'm about to be on bunkers[0m
[10:28] [0m[33;1m[Clan] Wik :[0m ill donate the heck outta em if no one needs em![0m
[10:33] [0m[32mYou tell Ser:[0m try 23 mil zomvies?[0m
[10:34] [0m[34;1mKitt shouts:[0m Event portal.if needed is 9 n 2 e electric.dmg[0m
[10:34] [0m[34;1mWik shouts:[0m only bots use .'s as spaces![0m
[10:38] [0m[33;1m[Clan] Roken :[0m new bk woo[0m
[10:38] [0m[32;1mFrom afar, Nix goes 'Woo Woo!' at you.[0m[0m
[10:39] [0m[33;1m[Clan] Roken :[0m 115 rounds but will vary with cmc buffs[0m
[10:41] [0m[33;1m[Clan] Byron :[0m woo[0m
[10:41] [0m[34;1mKitt shouts:[0m Stop stepping on my toes ya Botz[0m
[10:48] [0m[37;1m[JEDI]:[0m Tobias Kel'ach'nar arrives at the Academy.[0m
[11:01] [0m[32;1mFrom afar, Gilgalal screams Doooohhhhhhhh!!! at you.[0m[0m
[11:02] [0m[32mSer tells you:[0m imma do 135[0m
[11:05] [0m[33;1m[Clan] Roken :[0m 7 zombies in.. that 8th killed me twice[0m
[11:05] [0m[32mYou say:[0m die fucker![0m
[11:13] [0m[33;1m[Clan] Roken :[0m lame ok i give up[0m
[11:15] [0m[34;1mOreo shouts:[0m well we all know preist are not tanks[0m
[11:16] [0m[34;1mKitt shouts:[0m Yup[0m
[11:21] [0m[37;1m[JEDI]:[0m Kerran Halcyon arrives at the Academy.[0m
[11:21] [0m[32mSer tells you:[0m  A zombie cook looking for some Along a wall(zan)                        30.1M[0m
[11:24] [0mYour transmuter's stone bursts with 1 new colours![0m
[11:48] [0m[32mYou tell Ser:[0m got enough for T2 embiggen[0m
[11:48] [0m[32mYou tell Ser:[0m 4.5B[0m
[11:54] [0m[37;1m[JEDI]:[0m Bithoff Jonansaan arrives at the Academy.[0m
[12:00] [0m[33;1m[Clan] Byron :[0m some zombies are stronger/curse you[0m
[12:00] [0m[33;1m[Clan] Byron :[0m Im not sure if it starts at a certain scaler[0m
[12:06] [0m[32;1mFrom afar, Ser goes 'Woo Woo!' at you.[0m[0m
[12:06] [0m[32mSer tells you:[0m XP Gain for the last 30 minutes: 445,000,792[0m
[12:07] [0m[32mYou tell Ser:[0m WHAT how!?[0m
[12:20] [0m[33;1m[Clan] Byron :[0m The Aurothon Guardian has reset.[0m
[12:22] [0m[37;1m[JEDI]:[0m Alyssa K'tal arrives at the Academy.[0m
[12:29] [0m[32mSer tells you:[0m heightened awareness + embiggen in big hotel[0m
[12:29] [0m[32mSer tells you:[0m only scaler 130, i should've done max[0m
[12:29] [0m[32mSer tells you:[0m should be able to test with day 7[0m
[12:29] [0m[32;1mFrom afar, Ser winks at you suggestively.[0m[0m
[12:30] [0m[32mSer tells you:[0m ha is up in 1.6 days so monday[0m
[12:44] [0m[33;1m[Clan] Void enters the game.[0m  [0m
[12:46] [0m[32mYou tell Ser:[0m you look at the house?[0m
[12:53] [0m[37;1m[JEDI]:[0m Herah Wylann arrives at the Academy.[0m
[12:57] [0m[35;1mLicklick [Jedi(47)]:[0m everytime i kill a wind its a shield or helmet sometimes a ring bu thats it[0m
[13:00] [0m[35;1mLicklick [Jedi(47)]:[0m okay it says MAY hinder my ability to dodge[0m
[13:10] [0m[32mSer tells you:[0m 2:30[0m
[13:11] [0m[33;1m[Clan] Ser :[0m doggy died[0m
[13:12] [0m[33;1m[Clan] Cambiador :[0m Wish the dogs were more tanky.[0m
[13:12] [0m[33;1m[Clan] Ser :[0m it was 5 rimalkins so i think lasting a couple rounds against 1 is alright[0m
[13:14] [0m[33;1m[Clan] Ser :[0m hmm[0m
[13:16] [0m[35;1mBlubber [Jedi(32)]:[0m nog, not a bad skill to have then[0m
[13:17] [0m[35;1mBlubber [Jedi(32)]:[0m poison is 5[0m
[13:18] [0m[37;1m[JEDI]:[0m H'ssani C'talan arrives at the Academy.[0m
[13:44] [0mMellaous flaps : moo![0m
[13:55] [0m[37;1m[JEDI]:[0m Durnoth arrives at the Academy.[0m
[14:23] [0m[37;1m[JEDI]:[0m Reena Bel Noir arrives at the Academy.[0m
[14:25] [0m[33;1m[Clan] Byron :[0m The Queen of Hearts has reset.[0m
[14:30] [0mFd  Wm:g Wc: 14% Gx: 87.96% Fx: 37.75%[0m
[14:57] [0m[33;1m[Clan] Ser :[0m dont forget today is unlearn day[0m
[14:57] [0m[33;1m[Clan] Roken :[0m is unlearn a tier?[0m
[14:57] [0m[33;1m[Clan] Roken :[0m it^[0m
[14:57] [0m[33;1m[Clan] Ser :[0m no the whole skill[0m
[14:58] [0m[33;1m[Clan] Roken :[0m pass[0m
[14:58] [0m[33;1m[Clan] Ser :[0m instant xp back so you can go relearn if you want[0m
[14:58] [0m[33;1m[Clan] Ser :[0m max 2 skills[0m
[14:59] [0m[37;1m[JEDI]:[0m Rhaan arrives at the Academy.[0m
[15:00] [0m[33;1m[Clan] Roken :[0m ooo nearly 5 lvls to max mining[0m
[15:03] [0mRoken <C-Trade>: wtb legendary heart of soul(s)[0m
[15:03] [0mInix <C-Trade>: Seeker of Souls, eh, that's not ebil at all[0m
[15:24] [0m[37;1m[JEDI]:[0m Wennic Ber'ni'lok arrives at the Academy.[0m
[15:25] [0mYour transmuter's stone bursts with 2 new colours![0m
[15:26] [0mBotzilla flaps : sup[0m
[15:27] [0mBotzilla flaps : anyone seen straight outta compton? any good?[0m
[15:29] [0mBotzilla flaps : or any other recommended movies come out in the past year?[0m
[15:29] [0mAdalius flaps : Wife liked it, has super high reviews, so it's probably good.[0m
[15:29] [0mVoodoo flaps : Sharknado 5[0m
[15:30] [0mBotzilla flaps : so had good reviews? ok maybe check it out later, ty adalius[0m
[15:30] [0mAdalius flaps : My recommendations: https://bit.ly/34YBTIg[0m
[15:33] [0mBotzilla flaps : cute another google drone[0m
[15:35] [0mAdalius flaps : in all honesty, almost every movie it listed as popular is good, I've seen[0m
[15:35] [0m                almost all of them.[0m
[15:35] [0mVoodoo flaps : it's a trap![0m
[15:49] [0mNauda flaps : you seeing them doesn't make them good, I consider good most moves that have 9 on[0m
[15:49] [0m              imdb, and some that have 8-9[0m
[15:53] [0m[32mSpermi@3s tells you:[0m do you know how to find a static suit for[0m
[15:53] [0m        tradition[0m
[15:54] [0m[34;1mKitt shouts:[0m If you are botzin, let us know.  we like to show you some hands![0m
[15:54] [0m[34;1mShenanigans shouts:[0m jazz hands?[0m
[15:54] [0m[34;1mNauda shouts:[0m I am not interesetd in hands, how B(. Y .)BIES[0m
[15:55] [0mAdalius flaps : I'm saying I thought they were good, Nauda :P What you consider good has no[0m
[15:55] [0m                bearing on my opinion of good. :P[0m
[15:56] [0mNauda flaps : something we can agree on[0m
[15:56] [0mYou tell Spermi@3s: no clue[0m
[15:57] [0m[32;1mFrom afar, Spermi@3s nods to you.[0m[0m
[15:57] [0m[37;1m[JEDI]:[0m Herah Wylann arrives at the Academy.[0m
[16:04] [0mnewb Sandon [changeling/9]: I need this char gone[0m
[16:04] [0mnewb Sandon [changeling/9]: so glitch[0m
[16:04] [0mnewb Sandon [changeling/9]: made new one[0m
[16:04] [0mnewb Vara [sorcerer/9]: Aaaa! I'm so sick of starting in woonsocket![0m
[16:05] [0mnewb Vara [sorcerer/9]: how do I fix it/?[0m
[16:06] [0mnewb Gaidin [elemental/131]: You can use wipeme to get rid of your character and start over. [0m
[16:06] [0m                             But it's pretty hard to really mess up your character at such a low[0m
[16:06] [0m                             level.[0m
[16:23] [0m[33;1m[Clan] Byron :[0m jesus fucking christ, 4 furtives in that room[0m
[16:23] [0m[33;1m[Clan] Ser :[0m sounds like a tongue twister[0m
[16:23] [0m[33;1m[Clan] Nix :[0m dont take the lords bame in vain[0m
[16:23] [0m[33;1m[Clan] Byron :[0m blicked me basically[0m
[16:23] [0m[33;1m[Clan] Nix :[0m you blasphemous dickbag[0m
[16:24] [0m[33;1m[Clan] Wik :[0m blasphemy harder[0m
[16:25] [0mYour transmuter's stone bursts with 3 new colours![0m
[16:26] [0m[33;1m[Clan] Byron :[0m join cult so I can sta you all[0m
[16:27] [0m[37;1m[JEDI]:[0m Bithoff Jonansaan arrives at the Academy.[0m
[16:36] [0m[33;1m[Clan] Byron :[0m You hit Furtive 8 times for 71904 damage.[0m
[16:36] [0m[33;1m[Clan] Byron :[0m woo[0m
[16:36] [0m[33;1m[Clan] Byron :[0m love a good timed fry[0m
[16:43] [0m[33;1m[Clan] Nix :[0m freedom fries ftw[0m
[16:53] [0m[37;1m[JEDI]:[0m Ylenic It'kla arrives at the Academy.[0m
[17:19] [0m[37;1m[JEDI]:[0m Janath Meelin arrives at the Academy.[0m
[17:25] [0mYour transmuter's stone bursts with 3 new colours![0m
[17:58] [0m[37;1m[JEDI]:[0m Tobias Kel'ach'nar arrives at the Academy.[0m
[18:16] [0mWhoknows flaps : 2 words, japanese whisky[0m
[18:22] [0m[37;1m[JEDI]:[0m Kerran Halcyon arrives at the Academy.[0m
[18:25] [0mYour transmuter's stone bursts with 3 new colours![0m
[18:58] [0m[37;1m[JEDI]:[0m Alyssa K'tal arrives at the Academy.[0m
[19:25] [0mYour transmuter's stone bursts with 4 new colours![0m
[19:37] [0m[37;1m[JEDI]:[0m Talia Ska arrives at the Academy.[0m
[19:41] [0m[35;1mLicklick [Jedi(47)]:[0m woooooo my defensive:VBad[0m
[19:41] [0m[35;1mLicklick [Jedi(47)]:[0m whatever that means[0m
[19:55] [0mLicklick [Light(47)]: Ferret screams at you "Get out of Wexsmuk that's MY CITY!!"[0m
[19:56] [0m[35;1mLicklick [Jedi(47)]:[0m so if my control is at 30 i will get 15 skill points[0m
[19:58] [0m[33;1m[Clan] Anecdote leaves the game.[0m  [0m
[20:05] [0m[34;1mOreo shouts:[0m anyone else lagging?[0m
[20:15] [0m[37;1m[JEDI]:[0m Herah Wylann arrives at the Academy.[0m
[20:19] [0mCaeli flaps : GEAUX TIGERS![0m
[20:19] [0mAl flaps : lsu won, eh?[0m
[20:20] [0m[33;1m[Clan] Pol enters the game.[0m  [0m
[20:25] [0mYour transmuter's stone bursts with 2 new colours![0m
[20:27] [0m[34;1mLeianne shouts:[0m any wiz available to quickly check my inventory to see what's causing 'Your[0m
[20:27] [0m                sensitive mind notices a wrongness in the fabric of space'. There is no trigger[0m
[20:27] [0m                this time and still bogged :([0m
[20:27] [0m[34;1mLeianne shouts:[0m want to know the troublesome piece so I won't be wearing it next time :([0m
[20:28] [0m[34;1mKitt shouts:[0m Its Yo Botz! Kill it now![0m
[20:28] [0m[34;1mSpace shouts:[0m its your gobj[0m
[20:28] [0m[34;1mSky shouts:[0m remove all unkeep all dorp all, pick up one at a time?[0m
[20:28] [0m[34;1mNauda shouts:[0m Is it the wrongness of Space again?[0m
[20:28] [0m[34;1mKitt shouts:[0m I really think, its YO FACE![0m
[20:29] [0m[34;1mStasis shouts:[0m it seems to be leianne specific whatever it is[0m
[20:29] [0m[34;1mLeianne shouts:[0m Hit by guacamole.. no aura[0m
[20:34] [0m[34;1mSky shouts:[0m anyone have an adventurer alt that i could borrow for 30 seconds?[0m
[20:34] [0m[34;1mMental shouts:[0m account sharing is illegal[0m
[20:37] [0mKitt flaps : I have a Bush!  A magical Channukah Bush[0m
[20:38] [0mNauda flaps : Everyday I worry all day, About what's waiting in the bushes of love[0m
[20:39] [0mNauda flaps : But we all got a chicken duck woman thing Waiting for us, Waiting in the bushes of[0m
[20:39] [0m              love[0m
[20:52] [0m[37;1m[JEDI]:[0m Kerran Halcyon arrives at the Academy.[0m
[21:04] [0m[34;1mTurnhold shouts:[0m PROTIP: If you're over level 100, and not HM, I consider you nothing but a bot,[0m
[21:04] [0m                 and will treat you accordingly. :)[0m
[21:04] [0m[34;1mLeianne shouts:[0m no wonder I get botcheck so frequently :p[0m
[21:04] [0m[34;1mTurnhold shouts:[0m Which translates to: Go get HM, then talk smack to me:P[0m
[21:04] [0m[34;1mNauda shouts:[0m I am a bot, can someone do quests for me, wait, account sharing is illegal, damn[0m
[21:05] [0m[34;1mOreo shouts:[0m so is cursing on the shoutline[0m
[21:06] [0m[34;1mNauda shouts:[0m What is next step in this progression? Did you VAF? no, Vaf then talk to me again?[0m
[21:06] [0m[34;1mSpace shouts:[0m cussing - I curse oreo to grow a brain, see? cursing IS allowed, cussing is not,[0m
[21:06] [0m              try it, send out a F U[0m
[21:08] [0m[34;1mTurnhold shouts:[0m I follow one simple rule for dealing with people: Don't be DBAD.[0m
[21:09] [0m[34;1mMud shouts:[0m double negative = BAD[0m
[21:15] [0mSer flaps : so while you're here can we do a lottery[0m
[21:25] [0m[34;1mRoken shouts:[0m True story: am a bot and horrible at quests.[0m
[21:25] [0mYour transmuter's stone bursts with 6 new colours![0m
[21:25] [0m[37;1m[JEDI]:[0m Ylenic It'kla arrives at the Academy.[0m
[21:25] [0m[32;1mFrom afar, you laff at Turnhold.[0m[0m
[21:28] [0m[33;1m[Clan] Martyr :[0m 650mil to go til dupe 4[0m
[21:28] [0m[33;1m[Clan] Pol :[0m nice[0m
[21:28] [0m[33;1m[Clan] Martyr :[0m 50% CD is pretty amazing[0m
[21:28] [0m[33;1m[Clan] Martyr :[0m I could have it now if I didn't buy quicken to test[0m
[21:31] [0m[34;1mNauda shouts:[0m What is the main reason for divorce? Marriage?[0m
[21:33] [0m[33;1m[Clan] Nix :[0m so unlearn quicke  its the 7th[0m
[21:33] [0m[34;1mSpace shouts:[0m one can lead to the other, but its not the reason for the other[0m
[21:34] [0m[33;1m[Clan] Ser :[0m   Mining     :  99 / 100 (  2%) [      Master     ][0m
[21:36] [0m[33;1m[Clan] Martyr :[0m holy fuck it is[0m
[21:36] [0m[33;1m[Clan] Martyr :[0m wooooo[0m
[21:37] [0m[33;1m[Clan] Byron :[0m woo another stuffing for me[0m
[21:39] [0m[33;1m[Clan] Martyr :[0m had no idea today was the 7th[0m
[21:39] [0m[33;1m[Clan] Wik :[0m who am i? what am i doing here?![0m
[21:39] [0m[33;1m[Clan] Martyr :[0m killing villagers[0m
[21:42] [0m[35;1mRoken [Jedi(72)]:[0m 5600 rounds to next gl[0m
[21:42] [0m[35;1mLicklick [Jedi(47)]:[0m coooooooll mines.....[0m
[21:45] [0m[35;1mLicklick [Jedi(47)]:[0m 15000[0m
[21:48] [0mLicklick flaps : santa is at zambies[0m
[21:50] [0mNauda flaps : did he bring presents?[0m
[21:53] [0m[37;1m[JEDI]:[0m Rhaan arrives at the Academy.[0m
[22:07] [0mNauda flaps : The new sex dolls are so realistic that they only want to be friends with you.[0m
[22:11] [0m[35;1mRoken [Jedi(72)]:[0m darn won't hit it before bed[0m
[22:13] [0m[35;1mLicklick [Jedi(47)]:[0m just turn on a bit[0m
[22:13] [0m[35;1mLicklick [Jedi(47)]:[0m *bot[0m
[22:17] [0m[37;1m[JEDI]:[0m Bithoff Jonansaan arrives at the Academy.[0m
[22:23] [0m<- ! The Vigilant ! -> :  A destabilization Kayos event has been detected in Deserts of Fantasy![0m
[22:23] [0m                          We are localizing it now - get ready![0m
[22:25] [0mNauda flaps : Frustrated got it right, 4.45 days[0m
[22:25] [0mNauda flaps : wl[0m
[22:25] [0mYour transmuter's stone bursts with 4 new colours![0m
[22:26] [0m[35;1mRoken [Jedi(72)]:[0m ah shoot event![0m
[22:35] [0mCambiador flaps : Event portal: Desert portal/3w/2s electrifying[0m
[22:35] [0mRoken flaps : thought it was energy[0m
[22:35] [0mVoodoo flaps : Event portal: Residential/home voodoo/budoir/blunt[0m
[22:52] [0m[37;1m[JEDI]:[0m Janath Meelin arrives at the Academy.[0m
[23:11] [0m[34;1mOreo shouts:[0m Your sensitive mind notices a wrongness in the fabric of space. im getting this[0m
[23:11] [0m             message in the road in the forest near necros guild?[0m
[23:13] [0m[34;1mOreo shouts:[0m im at west gate 2e from entrance and its telling me i cant go west[0m
[23:13] [0mLicklick [Light(47)]: If you think nobody cares if you're alive, try missing a couple of car[0m
[23:13] [0m                      payments.[0m
[23:14] [0m[34;1mWik shouts:[0m have you tried poking it till it smokes you?[0m
[23:14] [0mNauda flaps : better idea, drive a little off road to a place facing down into a ravine or cliff[0m
[23:14] [0m              and then start screaming when all you can see is insane free fall down into abyss[0m
[23:15] [0mWik flaps : are we faking deaths our murders here[0m
[23:17] [0m[35;1mLicklick [Jedi(47)]:[0m what command shows all the careers[0m
[23:20] [0m[35;1mRoken [Jedi(72)]:[0m try info 4[0m
[23:22] [0m[34;1mOreo shouts:[0m ok fixed hopefully thanks adalius[0m
[23:22] [0m[35;1mLicklick [Jedi(47)]:[0m no unless im missing something[0m
[23:22] [0m[35;1mRoken [Jedi(72)]:[0m ok try info[0m
[23:23] [0m[35;1mLicklick [Jedi(47)]:[0m well it says careers but that file just says what they are[0m
[23:25] [0m[37;1m[JEDI]:[0m Durnoth arrives at the Academy.[0m
[23:25] [0m[35;1mLicklick [Jedi(47)]:[0m oh wait career[0m
[23:25] [0m[35;1mRoken [Jedi(72)]:[0m click[0m
[23:25] [0mYour transmuter's stone bursts with 6 new colours![0m
[23:25] [0m[35;1mRoken [Jedi(72)]:[0m ok night[0m
[23:25] [0m[35;1mLicklick [Jedi(47)]:[0m noght[0m
[23:26] [0m[33;1m[Clan] Byron :[0m The Queen of Hearts has reset.[0m
[23:27] [0m[35;1mAdalius [Jedi(WGM)]:[0m 'info career' lists them[0m
[23:27] [0m[35;1mAdalius [Jedi(WGM)]:[0m 'info careers' gives you info about careers in general[0m
[23:28] [0m[35;1mLicklick [Jedi(47)]:[0m yep but makes no sense cause careers shows its plural which confused me[0m
[23:46] [0m[35;1mAdalius [Jedi(WGM)]:[0m Well, if I want to know about careerS, plural, I want the general info on[0m
[23:46] [0m                     all careers, if I want to know about a specific career (non-plural) 'info[0m
[23:46] [0m                     career' then makes total sense.[0m
[23:52] [0m[32mSer tells you:[0m really looking at that house + 2 acres for 39900[0m
[23:52] [0m[32mSer tells you:[0m it's a piece of shit/needs to be completely renovated/overhauled[0m
[23:53] [0m[37;1m[JEDI]:[0m H'ssani C'talan arrives at the Academy.[0m
[23:53] [0m[32mSer tells you:[0m giant patches of drywall missing, subfloor falling apart, balcony & railings[0m
[23:53] [0m        falling apart, 2 squatters + 2 campers in back[0m
[23:53] [0m[32mSer tells you:[0m needs a new roof[0m
[23:53] [0m[32mSer tells you:[0m it'd keep me busy for 5 years or so[0m
[23:54] [0m[33;1m[Clan] Byron :[0m The Queen of Hearts has reset.[0m
[23:55] [0m[33;1m[Clan] Ser :[0m doing event[0m
[23:55] [0m[33;1m[Clan] Ser :[0m rolling 4.7k now w/ day 5, got a guac for day 7[0m
[23:55] [0m[33;1m[Clan] Ser :[0m unbreakable w/o cmc reforged[0m
[23:56] [0m[33;1m[Clan] Ser :[0m got 2 lime wedges if anyone ever gets me a hoe (or i will try after event)[0m
[23:56] [0m[33;1m[Clan] Ser :[0m archangel/xaryl i think usually grab an extra[0m
[23:56] [0m[33;1m[Clan] Cambiador :[0m You needing one?[0m
[23:57] [0m[33;1m[Clan] Ser :[0m oh hi[0m
[23:57] [0m[33;1m[Clan] Ser :[0m i'll see if i can't get one after event[0m
