- = LOG STARTED [00:00] = -
[00:00] [0m<- ! The Vigilant ! -> :  A destabilization Kayos event has been detected in[0m
[00:00] [0m                          Deserts of Fantasy!  We are localizing it now -[0m
[00:00] [0m                          get ready![0m
[00:07] [0m[34;1mKitt shouts:[0m AutoBotz, Get ready[0m
[00:09] [0m[34;1mKitt shouts:[0m Xaxis , 3 n[0m
[00:09] [0mKitt flaps : xaxis, 3 n[0m
[00:10] [0mKitt flaps : arcane dmg[0m
[00:18] [0m[37;1m[JEDI]:[0m Talia Ska arrives at the Academy.[0m
[00:25] [0m[33;1m[Clan] Byron :[0m no cha?[0m
[00:25] [0m[33;1m[Clan] Byron :[0m ypur ugly ser[0m
[00:48] [0mYou can currently reforge 12 items.[0m
[00:49] [0m[37;1m[JEDI]:[0m Alyssa K'tal arrives at the Academy.[0m
[01:16] [0m[37;1m[JEDI]:[0m Janath Meelin arrives at the Academy.[0m
[01:28] [0mDFd  Wm:g Wc: 27% Gx: 54.81% Fx:  3.44%[0m
[01:38] [0m[5m[1m[44mYour lightstaff begins to flicker and the handle warms![0m[0m                 [0m
[01:41] [0m[5m[1m[44mYour lightstaff begins to flicker and the handle warms![0m[0m                 [0m
[01:44] [0m[37;1m[JEDI]:[0m Durnoth arrives at the Academy.[0m
[01:45] [0m[5m[1m[44mYour lightstaff begins to flicker and the handle warms![0m[0m                 [0m
[01:48] [0m[5m[1m[44mYour lightstaff begins to flicker and the handle warms![0m[0m                 [0m
[01:49] [0mYou can currently reforge 12 items.[0m
[01:52] [0m[5m[1m[44mYour lightstaff begins to flicker and the handle warms![0m[0m                 [0m
[01:55] [0m[5m[1m[44mYour lightstaff begins to flicker and the handle warms![0m[0m                 [0m
[02:14] [0m[37;1m[JEDI]:[0m Herah Wylann arrives at the Academy.[0m
[02:42] [0m[37;1m[JEDI]:[0m Tobias Kel'ach'nar arrives at the Academy.[0m
[02:50] [0mYou can currently reforge 12 items.[0m
[03:16] [0m[37;1m[JEDI]:[0m H'ssani C'talan arrives at the Academy.[0m
[03:51] [0m[34;1mCarolina shouts:[0m Gentlemen, BEHOLD[0m
[03:51] [0mYou can currently reforge 12 items.[0m
[03:51] [0m[34;1mFluffy shouts:[0m big letters![0m
[03:51] [0m[34;1mNauda shouts:[0m You go girl, shake that exp[0m
[03:51] [0m[37;1m[JEDI]:[0m Ylenic It'kla arrives at the Academy.[0m
[03:52] [0m[34;1mNauda shouts:[0m the loned lemming survivor[0m
[03:52] [0m[34;1mVagrant shouts:[0m woot wooot[0m
[04:00] [0m[34;1mJasmine shouts:[0m DIRTY FILTHY MEMORY![0m
[04:17] [0m[37;1m[JEDI]:[0m Rhaan arrives at the Academy.[0m
[04:54] [0m[37;1m[JEDI]:[0m Wennic Ber'ni'lok arrives at the Academy.[0m
[05:28] [0m[37;1m[JEDI]:[0m Reena Bel Noir arrives at the Academy.[0m
[06:05] [0m[37;1m[JEDI]:[0m Talia Ska arrives at the Academy.[0m
[06:34] You can currently reforge 12 items.[0m
[06:35] [0m[34;1mSpace shouts:[0m hmmm, racist? Ju attacking you!.[0m
[06:35] [0m[34;1mSmokess shouts:[0m he was defending his country[0m
[06:36] [0mYou can currently reforge 0 items.[0m
[06:38] [0m[37;1m[JEDI]:[0m Wennic Ber'ni'lok arrives at the Academy.[0m
[06:48] [0m[37;1mSpace <.oO>:[0m does (heal work from afar ? (on others)[0m
[06:48] [0mYou can currently reforge 4 items.[0m
[06:52] [0m[37;1mGaidin <.oO>:[0m It says "from an infinite distance"[0m
[06:53] [0m[37;1mSpace <.oO>:[0m ah, thanks, somehow didnt read the 1st line[0m
[06:57] [0m[34;1mFlaxen shouts:[0m cowz[0m
[06:57] [0m[34;1mSpace shouts:[0m sheeple ?[0m
[07:03] [0m[37;1m[JEDI]:[0m Reena Bel Noir arrives at the Academy.[0m
[07:06] [0m[33;1m[Clan] Ser :[0m rude byron[0m
[07:28] [0m[37;1m[JEDI]:[0m Tobias Kel'ach'nar arrives at the Academy.[0m
[07:41] [0m[34;1mFlaxen shouts:[0m hippies[0m
[07:49] [0mYou can currently reforge 8 items.[0m
[08:03] [0m[37;1m[JEDI]:[0m Alyssa K'tal arrives at the Academy.[0m
[08:27] [0mYou can currently reforge 0 items.[0m
[08:30] [0m[37;1m[JEDI]:[0m Janath Meelin arrives at the Academy.[0m
[08:35] [0msRPDFd  Wm:g Wc: 70% Gx: 58.63% Fx:  4.13%[0m
[08:42] [0m[35;1mBurnaby [Jedi(57)]:[0m yo![0m
[08:57] [0m[37;1m[JEDI]:[0m Durnoth arrives at the Academy.[0m
[09:07] [0mYou can currently reforge 4 items.[0m
[09:16] [0m[34;1mUkyo shouts:[0m two?[0m
[09:22] [0m[34;1mLeto shouts:[0m the bean of doom![0m
[09:22] [0m[34;1mNauda shouts:[0m That's Mr Bean to you[0m
[09:22] [0m[34;1mUkyo shouts:[0m the energizer bean. it keeps going, and going, and going[0m
[09:23] [0m[34;1mLeto shouts:[0m everyone else washed their hands before handling the bean, yes?[0m
[09:23] [0m[34;1mBurnaby shouts:[0m and after![0m
[09:26] [0mThom flaps : i assume the bean is just a fun item?[0m
[09:27] [0mLeto flaps : i am not sure, i've tried eating, but it keeps getting away.[0m
[09:27] [0mUkyo flaps : I think it's a regen type bean. a bean boon.[0m
[09:27] [0mClaptrap flaps : it heals you when it lands in your hands, can't eat it[0m
[09:27] [0mClaptrap flaps : it's a boon, yarp[0m
[09:28] [0mVoodoo flaps : Adalius has a big bean[0m
[09:28] [0mNauda flaps : have you smelt it?[0m
[09:28] [0mUkyo flaps : Adalius' bean has much vitality![0m
[09:29] [0mParzival flaps : ymmv, but I'd try licking the bean[0m
[09:30] [0mVoodoo flaps : it's a trap![0m
[09:32] [0mnewb Leto [juggernaut/83]: other than dogs, and possible guild pets type[0m
[09:32] [0m                           things, are there any other ways to increase dps,[0m
[09:32] [0m                           like hirelings, or something similar? Multiple[0m
[09:32] [0m                           dogs?[0m
[09:32] [0mnewb Kale [changeling/79]: go Sally[0m
[09:33] [0mnewb Thom [bard/71]: \\tell the closest i can think[0m
[09:33] [0mnewb Thom [bard/71]: the closest i can think of is maybe the diablo person[0m
[09:33] [0m                     if they can come out of the computer XD[0m
[09:34] [0m[37;1m[JEDI]:[0m Ylenic It'kla arrives at the Academy.[0m
[09:34] [0mnewb Leto [juggernaut/83]: :D[0m
[09:34] [0mnewb Ukyo [jedi/112]: there are other items out there, yes, but essentially[0m
[09:34] [0m                      just extra summons[0m
[09:35] [0mnewb Leto [juggernaut/83]: thank you. :)[0m
[09:35] [0mnewb Ukyo [jedi/112]: or items that do direct damage that have charges[0m
[10:08] [0m[37;1m[JEDI]:[0m Bithoff Jonansaan arrives at the Academy.[0m
[10:09] [0mYou can currently reforge 8 items.[0m
[10:40] [0m[37;1m[JEDI]:[0m Herah Wylann arrives at the Academy.[0m
[10:55] [0m[34;1mRoken shouts:[0m SPAM[0m
[10:55] [0m[32;1mFrom afar, Pokey goes 'Woo Woo!' at you.[0m[0m
[10:55] [0m[32;1mFrom afar, Simonz goes 'Woo Woo!' at you.[0m[0m
[10:55] [0m[32;1mFrom afar, Burnaby goes '\/\/[][]  \/\/[][]!' at you.[0m[0m
[10:55] [0m[32;1mFrom afar, Vasha goes 'Woo Woo!' at you.[0m[0m
[10:55] [0m[32;1mFrom afar, Sorin goes 'Woo Woo!' at you.[0m[0m
[10:55] [0m[32;1mFrom afar, Whoknows goes 'Woo Woo!' at you.[0m[0m
[10:56] [0m[32;1mFrom afar, Ukyo cheers you on!!![0m[0m
[10:56] [0m[34;1mRoken shouts:[0m Good morning, kind folks![0m
[11:09] [0m[37;1m[JEDI]:[0m Kerran Halcyon arrives at the Academy.[0m
[11:11] [0mYou can currently reforge 12 items.[0m
[11:34] [0msRPDFd  Wm:g Wc: 42% Gx: 63.90% Fx:  5.23%[0m
[11:39] [0m[37;1m[JEDI]:[0m H'ssani C'talan arrives at the Academy.[0m
[11:43] [0m[37;1mDin <.oO>:[0m woot[0m
[11:44] [0m[37;1mZor <.oO>:[0m woo!!!!!!!!!!!!!!!!!!!!!!!![0m
[11:54] [0m[35;1mElindal [Jedi(19)]:[0m think i have to raise alter this glevel.[0m
[11:54] [0m[35;1mElindal [Jedi(19)]:[0m don't wanna[0m
[11:56] [0m[33;1m[Clan] Saim :[0m think im gonna dump (immortality next buyback[0m
[11:56] [0m[32;1mFrom afar, Chaed claps at you.[0m[0m
[11:57] [0m[33;1m[Clan] Nix :[0m i hardly ever use it myself[0m
[12:00] [0m[34;1mVasha shouts:[0m wee ooo wee ooo wee ooo[0m
[12:01] [0m[34;1mZor shouts:[0m Aa said He wouldn't leave that at cot anymore but He lied[0m
[12:03] [0msRPDFd  Wm:g Wc: 18% Gx: 64.85% Fx:  5.42%[0m
[12:03] [0m[35;1mChaed [Jedi(AGM)]:[0m woohoo[0m
[12:04] [0m[32mAdalius tells you:[0m what the hell was it you wanted me to fix again?           [0m
[12:05] [0m[34;1mAu shouts:[0m fix the no pants[0m
[12:05] [0m[34;1mHavox shouts:[0m everything[0m
[12:05] [0m[34;1mMellaous shouts:[0m fremen :/[0m
[12:05] [0m[34;1mMellaous shouts:[0m :)[0m
[12:05] [0m[34;1mDin shouts:[0m ass-ended[0m
[12:05] [0m[34;1mGore shouts:[0m lets fix tellalls out of existence[0m
[12:05] [0m[34;1mGlowie shouts:[0m haha that was a good one :)[0m
[12:05] [0m[34;1mElindal shouts:[0m almost fell for that one. didn't know you were going to[0m
[12:05] [0m                buttonhook me[0m
[12:05] [0m[34;1mSpace shouts:[0m no no no we need more tellalls to mess with idle on incoming[0m
[12:05] [0m              tell triggers![0m
[12:06] [0m[34;1mGlowie shouts:[0m normally, i agree, gore - but that one was a solid chuckle[0m
[12:06] [0m               (when usually they are old and dull)[0m
[12:06] [0m[34;1mSaim shouts:[0m i need you all to fix your attitudes[0m
[12:06] [0m[37;1m[JEDI]:[0m Rhaan arrives at the Academy.[0m
[12:06] [0m[34;1mNauda shouts:[0m Saim beat me to it.[0m
[12:08] [0m[34;1mKikipopo shouts:[0m Wizards, we put the something in attitude.[0m
[12:12] [0mYou can currently reforge 12 items.[0m
[12:12] [0m[34;1mClaptrap shouts:[0m my face[0m
[12:12] [0m[34;1mParzival shouts:[0m fix it? or put something in it?[0m
[12:13] [0m[34;1mSpace shouts:[0m you put your weed in it ?[0m
[12:13] [0m[34;1mZor shouts:[0m like Your finger to see if it gets chopped off?[0m
[12:23] [0mYou can currently reforge 0 items.[0m
[12:39] [0m[37;1m[JEDI]:[0m Reena Bel Noir arrives at the Academy.[0m
[13:05] [0mnewb Triple [cyborg/71]: how do you look at a secondary item? like in most[0m
[13:05] [0m                         muds its "Look 2.item"[0m
[13:06] [0mnewb Simonz [jedi/119]: look at item 2[0m
[13:06] [0mnewb Simonz [jedi/119]: or if it's on the ground you can look at item on[0m
[13:06] [0m                        ground[0m
[13:07] [0mSimonz <Craft>: interesting, i tried to read a tome in my inventory, and it[0m
[13:07] [0m                defaulted to one on the ground and wouldn't let me read it[0m
[13:07] [0m                because I was beyond that level[0m
[13:08] [0m[37;1m[JEDI]:[0m Ylenic It'kla arrives at the Academy.[0m
[13:08] [0mSimonz <Craft>: also, there are v1 tomes of smith/mine/enchanter/wrangler on[0m
[13:08] [0m                the ground at the donation bin if anyone needs them[0m
[13:12] [0m[35;1mUkyo [Jedi(Knight)]:[0m so i wonder which of my gbugs prompted him to send that[0m
[13:12] [0m                     echoall[0m
[13:13] [0m[35;1mSimonz [Jedi(64)]:[0m which one?  I missed it[0m
[13:13] [0m[35;1mUkyo [Jedi(Knight)]:[0m adalius' echoall asking what needed fix[0m
[13:13] [0mYou can currently reforge 4 items.[0m
[13:13] [0m[35;1mSimonz [Jedi(64)]:[0m ah, laf[0m
[13:14] [0m[35;1mSimonz [Jedi(64)]:[0m well, notice he's over in fremen now ;)[0m
[13:14] [0m[35;1mUkyo [Jedi(Knight)]:[0m yea[0m
[13:15] [0m[35;1mSaim [Jedi(Master)]:[0m im gonna go ahead and say he didnt send that[0m
[13:15] [0m[35;1mUkyo [Jedi(Knight)]:[0m turnhold?[0m
[13:15] [0m[35;1mSimonz [Jedi(64)]:[0m or kiki[0m
[13:15] [0m[35;1mUkyo [Jedi(Knight)]:[0m or kiki[0m
[13:15] [0m[35;1mSaim [Jedi(Master)]:[0m for sure one of them[0m
[13:27] [0mnewb Dyne [monk/76]: And for exploratory nuts, if there's something unique,[0m
[13:27] [0m                     look at Item in room[0m
[13:30] [0m[37;1m[JEDI]:[0m H'ssani C'talan arrives at the Academy.[0m
[13:41] [0m[33;1m[Clan] Saim :[0m i barely use (protection, but at least that one has a short cd[0m
[13:41] [0m              time[0m
[13:49] [0m<- ! The Vigilant ! -> :  A destabilization Kayos event has been detected in[0m
[13:49] [0m                          Northern Hills of Fantasy!  We are localizing it[0m
[13:49] [0m                          now - get ready![0m
[14:05] [0m[37;1m[JEDI]:[0m Bithoff Jonansaan arrives at the Academy.[0m
[14:06] [0mArchangel flaps : Even Portal: ant hole/w freezing[0m
[14:11] [0m[33;1m[Clan] Archangel :[0m What's the minimum level to do instanced-dungeons?[0m
[14:11] [0m[33;1m[Clan] Ser :[0m 1[0m
[14:12] [0m[33;1m[Clan] Archangel :[0m Interesting[0m
[14:12] [0m[33;1m[Clan] Ser :[0m but you cant scale them until 35[0m
[14:12] [0m[33;1m[Clan] Archangel :[0m Ahhh[0m
[14:14] [0mYou can currently reforge 8 items.[0m
[14:28] [0mYou can currently reforge 0 items.[0m
[14:42] [0mPDFd  Wm:g Wc: 43% Gx: 67.92% Fx:  5.94%[0m
[14:42] [0m[37;1m[JEDI]:[0m Talia Ska arrives at the Academy.[0m
[14:45] [0mEllegon flaps : what's berzerking again? that hits around right?[0m
[15:04] [0m[37;1m[JEDI]:[0m Alyssa K'tal arrives at the Academy.[0m
[15:05] [0mSsRPDFd  Wm:g Wc: 25% Gx: 68.66% Fx:  6.09%[0m
[15:07] [0mRPDFd  Wm:g Wc: 23% Gx: 68.75% Fx:  6.11%[0m
[15:15] [0mYou can currently reforge 4 items.[0m
[15:38] [0m[37;1m[JEDI]:[0m Durnoth arrives at the Academy.[0m
[15:48] [0m[33;1m[Clan] Xaryl :[0m donates in[0m
[15:51] [0m[34;1mLeto shouts:[0m Skittles![0m
[15:53] [0m[34;1mZor shouts:[0m that scream don't eat Me![0m
[16:08] [0m[37;1m[JEDI]:[0m Kerran Halcyon arrives at the Academy.[0m
[16:16] [0mYou can currently reforge 8 items.[0m
[16:19] [0mUkyo {Professions}: how many shards does it take to transmute into a jewel?[0m
[16:25] [0mSimonz {Professions}: I just turned 3 neth shards into 2 opal dust[0m
[16:27] [0mSimonz {Professions}: same ratio held for opal[0m
[16:30] [0m[35;1mElindal [Jedi(20)]:[0m so the only gquest that are in are mentios's saber, and[0m
[16:30] [0m                    dark temple?[0m
[16:31] [0m[35;1mUkyo [Jedi(Knight)]:[0m i'm not seeing that dark temple is open[0m
[16:31] [0m[35;1mUkyo [Jedi(Knight)]:[0m focus check /gquet[0m
[16:31] [0m[35;1mUkyo [Jedi(Knight)]:[0m focus check /gquest[0m
[16:31] [0m[35;1mElindal [Jedi(20)]:[0m oh. figured it was open b/c there was an info file on it[0m
[16:31] [0m[35;1mElindal [Jedi(20)]:[0m and not on the others[0m
[16:32] [0m[35;1mKortor [Jedi(65)]:[0m got my hopes up, lol[0m
[16:34] [0m[35;1mGandalf [Jedi(65)]:[0m finally, eastern pat of chaos done[0m
[16:34] [0m[35;1mUkyo [Jedi(Knight)]:[0m it's the bigger, and somewhat easier side of chaos.[0m
[16:35] [0m[35;1mGandalf [Jedi(65)]:[0m taking a break:)[0m
[16:43] [0m[37;1m[JEDI]:[0m Tobias Kel'ach'nar arrives at the Academy.[0m
[16:50] [0m[34;1mMario shouts:[0m pfind, i jump on things!![0m
[16:50] [0m[34;1mCrolack shouts:[0m He'll steal your coins[0m
[16:55] [0m[34;1mSmokess shouts:[0m yay coffee with sugar dis time[0m
[17:14] [0m[37;1m[JEDI]:[0m Wennic Ber'ni'lok arrives at the Academy.[0m
[17:18] [0mYou can currently reforge 12 items.[0m
[17:35] [0m[35;1mGandalf [Jedi(66)]:[0m hmm why cant i learn concentration from raas?[0m
[17:35] [0m[35;1mSimonz [Jedi(64)]:[0m no skill points left?[0m
[17:35] [0m[35;1mBurnaby [Jedi(57)]:[0m cause that person isnt here?[0m
[17:35] [0m[35;1mSimonz [Jedi(64)]:[0m that's what my problem was last time?[0m
[17:35] [0m[35;1mGandalf [Jedi(66)]:[0m got 9 skill points and AT 20/20[0m
[17:35] [0m[35;1mBurnaby [Jedi(57)]:[0m oh you mean fondant[0m
[17:36] [0m[35;1mUkyo [Jedi(Knight)]:[0m are you using learn or study?[0m
[17:36] [0m[35;1mGandalf [Jedi(66)]:[0m learn[0m
[17:46] [0m[37;1m[JEDI]:[0m Janath Meelin arrives at the Academy.[0m
[17:47] [0m[35;1mSimonz [Jedi(64)]:[0m does it show up as something you can train?[0m
[17:48] [0m[35;1mGandalf [Jedi(66)]:[0m sense isnt hight enough[0m
[17:48] [0m[35;1mSimonz [Jedi(64)]:[0m interesting[0m
[17:52] [0mWhisper flaps : Sam VS Smeagol... one way or the other, the lambas bread is[0m
[17:52] [0m                gone.[0m
[17:53] [0mNooster flaps : *Lembas[0m
[18:02] [0mWhoknows flaps : how are all the florida peeps doing?[0m
[18:02] [0mWhoknows flaps : how are all the florida peeps doing?[0m
[18:03] [0mUkyo flaps : Wet?[0m
[18:03] [0mWhoknows flaps : indeed[0m
[18:13] [0m[37;1m[JEDI]:[0m Herah Wylann arrives at the Academy.[0m
[18:17] [0mWhisper flaps : can someone please check the pulses of the deities in[0m
[18:17] [0m                crimson area?[0m
[18:19] [0mYou can currently reforge 12 items.[0m
[18:22] [0mWhoknows flaps : reset zahmbiez plz :D[0m
[18:27] [0m[34;1mVapor shouts:[0m Juggers do it with no pants![0m
[18:36] [0mCrolack flaps : no[0m
[18:44] [0m[37;1m[JEDI]:[0m Rhaan arrives at the Academy.[0m
[19:04] [0mSquirrel <Craft>: forge and hammer vol 2 at magic[0m
[19:06] [0mYou can currently reforge 0 items.[0m
[19:07] [0m[32mChavee says:[0m Welcome back, Roken, and I wish you the best of luck![0m
[19:09] [0m[37;1m[JEDI]:[0m Janath Meelin arrives at the Academy.[0m
[19:15] [0mByron <Craft>: ooo thats a spooky one[0m
[19:15] [0mUkyo <Craft>: what's that?[0m
[19:19] [0mByron <Craft>: volume 2 of the hammer and forge[0m
[19:19] [0mByron <Craft>: really sets up volume 3 nicely[0m
[19:20] [0mYou can currently reforge 4 items.[0m
[19:46] [0mWhoknows flaps : is there a way to hide autoload stuff from inventory?[0m
[19:46] [0mWhisper flaps : you mean the autoloading gear?[0m
[19:46] [0mWhoknows flaps : professions items, and auction line...[0m
[19:47] [0mWhoknows flaps : or is there a cleaner 'i'nventory cmd?[0m
[19:47] [0m[37;1m[JEDI]:[0m Reena Bel Noir arrives at the Academy.[0m
[19:48] [0mUkyo flaps : Jedi have one.[0m
[19:49] [0mUkyo flaps : not sure if other guilds have appropriated it yet.[0m
[19:50] [0mWhoknows flaps : ah found it i think... didn't think to look in guild help[0m
[19:50] [0m                 files[0m
[19:56] [0mWhisper flaps : excuse me Mr. Laggypants![0m
[20:12] [0m[34;1mWhoknows shouts:[0m RUN AWAY!!![0m
[20:20] [0m[37;1m[JEDI]:[0m Wennic Ber'ni'lok arrives at the Academy.[0m
[20:21] [0m[34;1mLickloick shouts:[0m Wow the greeting is wonderful[0m
[20:21] [0mYou can currently reforge 8 items.[0m
[20:29] [0m[34;1mSmokess shouts:[0m chili flavored ramen nom nom[0m
[20:31] [0m[34;1mZor shouts:[0m that will bring the farts[0m
[20:34] [0mEllegon flaps : any kniggets on , want "The Shield of Keylon"?[0m
[20:47] [0m[37;1m[JEDI]:[0m Rhaan arrives at the Academy.[0m
[21:11] [0m[5m[1m[41mYour lightsaber begins to flicker and the handle warms![0m[0m                 [0m
[21:13] [0m[34;1mKitt shouts:[0m Getty up thats the jingle rock[0m
[21:17] [0m[37;1mKitt <.oO>:[0m stupid wouldnt let me train my eradication unless i raised my[0m
[21:17] [0m            glvl[0m
[21:18] [0m[37;1mNauda <.oO>:[0m so stupid indeed[0m
[21:19] [0m[37;1m[JEDI]:[0m Alyssa K'tal arrives at the Academy.[0m
[21:19] [0m[34;1mWhisper shouts:[0m N[0m
[21:19] [0m[34;1mSmokess shouts:[0m no  UUUUUUUUUUUUUUUUUUUUUUUUUU[0m
[21:19] [0m[34;1mNauda shouts:[0m No you.[0m
[21:19] [0m[34;1mLeto shouts:[0m YOU![0m
[21:19] [0mYou can currently reforge 0 items.[0m
[21:22] [0mYou can currently reforge 4 items.[0m
[21:42] [0m[34;1mVoodoo shouts:[0m feel, feel, feel, feel, feel .... my heat[0m
[21:48] [0m[37;1m[JEDI]:[0m Durnoth arrives at the Academy.[0m
[22:21] [0mYou can currently reforge 0 items.[0m
[22:21] [0m[32mChavee says:[0m Welcome back, Roken, and I wish you the best of luck![0m
[22:23] [0mYou can currently reforge 4 items.[0m
[22:26] [0m[37;1m[JEDI]:[0m Herah Wylann arrives at the Academy.[0m
[22:27] [0m[34;1mZor shouts:[0m woo!!!!!!!!!!!!!!!!!!!!!!!!!!!!!!!!![0m
[22:27] [0m[33;1m[Clan] Ser :[0m yawn[0m
[22:27] [0m[34;1mRoken shouts:[0m moment of silence for Zokko[0m
[22:27] [0m[32;1mFrom afar, Zokko licks you.[0m[0m
[22:28] [0m[33;1m[Clan] Ser :[0m roken you get squad[0m
[22:28] [0m[34;1mFlaxen shouts:[0m someone say something good[0m
[22:28] [0m[33;1m[Clan] Ser :[0m c'mon man 12$ humble bundle[0m
[22:28] [0m[34;1mSer shouts:[0m huh[0m
[22:28] [0m[34;1mEagleeyes shouts:[0m something good[0m
[22:28] [0m[34;1mNik shouts:[0m im like a dog chasing cars[0m
[22:29] [0m[33;1m[Clan] Roken :[0m nah 3k ruined me for the time being[0m
[22:32] [0m[34;1mKitt shouts:[0m Flaxen Is Da Man[0m
[22:33] [0m[34;1mUkyo shouts:[0m cool?[0m
[22:35] [0m[33;1m[Clan] Ser :[0m but squad is like 30-40$[0m
[22:35] [0m[33;1m[Clan] Ser :[0m and its better than cs go[0m
[22:35] [0m[33;1m[Clan] Ser :[0m wink wink[0m
[22:36] [0m[33;1m[Clan] Nik :[0m hey thats on the humble monthly atm[0m
[22:36] [0m[33;1m[Clan] Ser :[0m i know[0m
[22:36] [0m[33;1m[Clan] Ser :[0m been playing the shit out of it[0m
[22:36] [0m[33;1m[Clan] Nik :[0m good deal o game modes?[0m
[22:36] [0m[33;1m[Clan] Ser :[0m thats ehy im tryna get him to spend 12$ now so he doesnt have[0m
[22:36] [0m             to spend 40 later[0m
[22:37] [0m[33;1m[Clan] Nik :[0m haha cant beat humble Roken![0m
[22:37] [0m[33;1m[Clan] Ser :[0m its like hardcore battlefield with logistics[0m
[22:37] [0m[33;1m[Clan] Nik :[0m ooo[0m
[22:38] [0m[33;1m[Clan] Ser :[0m bullet drop, set up FOBs and rwlly points, need to take/hold[0m
[22:38] [0m             objectives, at least 3 game modes i know about[0m
[22:38] [0m[33;1m[Clan] Nik :[0m is ctf one of em?[0m
[22:38] [0m[33;1m[Clan] Ser :[0m its still in early access so its not polished yet[0m
[22:39] [0m[33;1m[Clan] Ser :[0m i dont think so[0m
[22:39] [0m[33;1m[Clan] Nik :[0m aww[0m
[22:39] [0m[33;1m[Clan] Ser :[0m havent seen it yet anyways[0m
[22:41] [0m[33;1m[Clan] Ser :[0m looks like there is a ctf mod[0m
[22:41] [0m[33;1m[Clan] Nik :[0m double aww, i love me some ctf[0m
[22:53] [0m[37;1m[JEDI]:[0m Talia Ska arrives at the Academy.[0m
[22:58] [0mYou can currently reforge 0 items.[0m
[23:04] [0m[34;1mLance shouts:[0m open a window[0m
[23:05] [0m[34;1mHooligan shouts:[0m its not the smell so much as the burning of my eyes...[0m
[23:11] [0mInfectious flaps : zambie resets, swing by[0m
[23:11] [0m[34;1mInfectious shouts:[0m zambie resets, swing by[0m
[23:11] [0mKitt flaps : im swinging left[0m
[23:11] [0mKitt flaps : in the breeze[0m
[23:20] [0m[37;1m[JEDI]:[0m Tobias Kel'ach'nar arrives at the Academy.[0m
[23:23] [0m[33;1m[Clan] Ser :[0m nini[0m
[23:24] [0mYou can currently reforge 4 items.[0m
[23:25] [0mSsRPDFd  Wm:g Wc: 98% Gx: 82.73% Fx:  8.48%[0m
[23:26] [0mGlowie flaps : Since Voodoo is a "never-nude" even though he doesn't have[0m
[23:26] [0m               pants, i vote we make 3k never-nude with no more reboots.[0m
[23:26] [0m[34;1mFluffy shouts:[0m a free plast![0m
[23:26] [0m[34;1mGlowie shouts:[0m just "a" plast?[0m
[23:27] [0mVoodoo flaps : blasphemer![0m
[23:27] [0m[34;1mUkyo shouts:[0m ahh, now that that's dead.[0m
[23:28] [0mFluffy flaps : ok now THAT was hawt --> Diced Tomatoes squirt BURNING juice[0m
[23:28] [0m               on Guardian Angel![0m
[23:29] [0mnewb Miriandra [fighter/28]: Do weapons get weaker as they get damaged?[0m
[23:29] [0mnewb Kitt [priest/131]: nope[0m
[23:30] [0mnewb Miriandra [fighter/28]: ty ty[0m
[23:30] [0mnewb Zor [priest/130]: they just break![0m
[23:32] [0m[35;1mRoken [Jedi(60)]:[0m nini[0m
[23:32] [0m[33;1m[Clan] Roken :[0m nini[0m
[23:33] [0m[33;1m[Clan] Roken :[0m squad like ... i think ser is just bad at cs[0m
[23:34] [0m[34;1mSpace shouts:[0m guardian lasted a 6 whole rounds![0m
[23:36] [0m[34;1mFluffy shouts:[0m mine died ... can i have a new one ?[0m
[23:37] [0m[34;1mVagrant shouts:[0m Mmmmmmbop[0m
[23:46] [0m[37;1m[JEDI]:[0m Ylenic It'kla arrives at the Academy.[0m
