- = LOG STARTED [00:00] = -
[00:21] [0m[37;1m[JEDI]:[0m Bithoff Jonansaan arrives at the Academy.[0m
[00:32] [0m[34;1mFluffy shouts:[0m voodude![0m
[00:39] [0m[34;1mNooster shouts:[0m You do, the voodoo that you do so well[0m
[00:39] [0m[34;1mHooligan shouts:[0m who do?[0m
[00:40] [0m[34;1mNik shouts:[0m who do ya voodoo[0m
[00:40] [0m[34;1mHooligan shouts:[0m doodoo?[0m
[00:40] [0m[34;1mOreo shouts:[0m he wears pants just saying[0m
[00:40] [0m[34;1mFluffy shouts:[0m voo doo doo doo, voo da da da ... that's all i have to say to[0m
[00:40] [0m               you[0m
[00:51] [0m[37;1m[JEDI]:[0m Rhaan arrives at the Academy.[0m
[00:54] [0m[34;1mOreo shouts:[0m 3k needs a coffee mug, no not a picture of voodoo pulling his[0m
[00:54] [0m             pants down either[0m
[00:55] [0m[34;1mSky shouts:[0m Enema, coffee, whats the difference?[0m
[00:59] [0m[34;1mHex shouts:[0m the orifice it goes into[0m
[01:18] [0m[34;1mInix shouts:[0m There's a cafepress store linked through 3k.org with the logo[0m
[01:18] [0m             printed on stuff, including coffee mugs.[0m
[01:26] [0m[37;1m[JEDI]:[0m Janath Meelin arrives at the Academy.[0m
[01:28] [0m[34;1mFluffy shouts:[0m big letters[0m
[01:28] [0m[34;1mOreo shouts:[0m it will never be the siem[0m
[01:28] [0m[34;1mRynn shouts:[0m LOUD NOISES[0m
[01:29] [0m[34;1mHooligan shouts:[0m woot[0m
[01:29] [0m[34;1mSpace shouts:[0m loud Woo[0m
[01:29] [0m[34;1mHavox shouts:[0m congrat[0m
[01:29] [0m[34;1mSiem shouts:[0m thanks all :)[0m
[06:20] [0mYou can currently reforge 8 items.[0m
[06:40] [0m[37;1m[JEDI]:[0m Herah Wylann arrives at the Academy.[0m
[06:47] [0mWhisper gshouts: M E O OOOOO W[0m
[06:47] [0mVal@3s gshouts: like a cow[0m
[06:48] [0mWhisper gshouts: i didn't invent yoga, but i do like a catcow pose[0m
[07:00] [0mYou can currently reforge 4 items.[0m
[07:07] [0m[37;1m[JEDI]:[0m Reena Bel Noir arrives at the Academy.[0m
[07:27] [0m[5m[1m[41mYour lightsaber begins to flicker and the handle warms![0m[0m                 [0m
[07:40] [0m[35;1mElindal [Jedi(13)]:[0m even on 3s, ipain works with guide[0m
[07:40] [0m[35;1mElindal [Jedi(13)]:[0m odd[0m
[07:44] [0m[37;1m[JEDI]:[0m Alyssa K'tal arrives at the Academy.[0m
[07:46] [0m[35;1mMugen [Jedi(Knight)]:[0m these are 2 seperate muds with vastly diverging code[0m
[07:46] [0m                      at this point[0m
[08:08] [0mKitt gshouts: Le Moo[0m
[08:14] [0m[37;1m[JEDI]:[0m Kerran Halcyon arrives at the Academy.[0m
[08:33] [0mYou can currently reforge 4 items.[0m
[08:51] [0m[37;1m[JEDI]:[0m Ylenic It'kla arrives at the Academy.[0m
[09:20] [0m[34;1mLickloick shouts:[0m CREEPER[0m
[09:30] [0m[37;1m[JEDI]:[0m Talia Ska arrives at the Academy.[0m
[09:33] [0mYou can currently reforge 8 items.[0m
[09:55] [0m[37;1m[JEDI]:[0m Wennic Ber'ni'lok arrives at the Academy.[0m
[10:03] [0m[33;1m[Clan] Byron :[0m Stelari could build a damn area[0m
[10:03] [0m[33;1m[Clan] Byron :[0m I love NOC 2[0m
[10:03] [0m[33;1m[Clan] Byron :[0m They need to 2.0/3.0 cowville[0m
[10:04] [0m[33;1m[Clan] Saim :[0m yea its nice for me as well[0m
[10:04] [0m[33;1m[Clan] Byron :[0m Not just the xp/gxp[0m
[10:04] [0m[33;1m[Clan] Saim :[0m i love cowville, i think ive figured out most of it[0m
[10:04] [0m[33;1m[Clan] Byron :[0m The descriptions, mob emotes, themes[0m
[10:04] [0m[33;1m[Clan] Saim :[0m a lot of crap i forget but could prob figure out again[0m
[10:04] [0m[33;1m[Clan] Byron :[0m It's just beautifully written[0m
[10:04] [0m[33;1m[Clan] Saim :[0m summoning the cow gods would be interesting in 2.0[0m
[10:04] [0m[33;1m[Clan] Byron :[0m Ya, exactly[0m
[10:05] [0m[33;1m[Clan] Byron :[0m 500mil Ultimoo[0m
[10:05] [0m[33;1m[Clan] Byron :[0m Like 50m cow herds[0m
[10:05] [0m[33;1m[Clan] Saim :[0m i havent been down by the moonitar in ages either[0m
[10:05] [0m[33;1m[Clan] Byron :[0m That area would be amazing for 2.0[0m
[10:05] [0m[33;1m[Clan] Byron :[0m Laf, nod.[0m
[10:05] [0m[33;1m[Clan] Byron :[0m Forgot all about the moon section[0m
[10:05] [0m[33;1m[Clan] Saim :[0m i mailed adalius my area from 3s... see what happens[0m
[10:06] [0m[33;1m[Clan] Saim :[0m would be a nice dungeon or whatever[0m
[10:06] [0m[33;1m[Clan] Byron :[0m I think regular area would be fine[0m
[10:06] [0m[32mYou say: [0mskills                                                               [0m
[10:06] [0m[32mWennic says: [0mI have mastered lightsaber alteration.                        [0m
[10:06] [0;32mWennic says: [0mI have become adept at disturbing aura, misdirect, confusion,[0m
[10:06] [0m             mindblock, alter technology.                                 [0m
[10:06] [0m[33;1m[Clan] Saim :[0m either would be fine to have something i worked on for a long[0m
[10:06] [0m              while actually be used[0m
[10:06] [0m[33;1m[Clan] Saim :[0m 3s is mostly jareth[0m
[10:06] [0m[35;1mBurnaby [Jedi(56)]:[0m yo![0m
[10:07] [0m[33;1m[Clan] Byron :[0m I'm not a big fan of dungeons personally[0m
[10:07] [0m[33;1m[Clan] Saim :[0m i like them[0m
[10:07] [0m[33;1m[Clan] Byron :[0m ct O I thought you meant cowville 2.0 as dungeon[0m
[10:07] [0m[33;1m[Clan] Byron :[0m not your area[0m
[10:07] [0m[33;1m[Clan] Saim :[0m oh cowville id say keep normal[0m
[10:07] [0m[33;1m[Clan] Saim :[0m it depends on the area[0m
[10:07] [0m[33;1m[Clan] Byron :[0m Ya.  Hotel makes sense as a dungeon[0m
[10:07] [0m[33;1m[Clan] Saim :[0m grindy areas = dungeons[0m
[10:08] [0m[33;1m[Clan] Byron :[0m I havent played my 3s guy in ages, dont think I plan on it[0m
[10:08] [0m               again[0m
[10:08] [0m[33;1m[Clan] Byron :[0m Does Rumor do much there or mostly Jareth?[0m
[10:08] [0m[33;1m[Clan] Saim :[0m i have nfc, i stay away from that mess[0m
[10:08] [0m[33;1m[Clan] Byron :[0m Why do you say its a mess?[0m
[10:09] [0m[33;1m[Clan] Nameless :[0m 3s is... eh[0m
[10:09] [0m[33;1m[Clan] Saim :[0m cause it a) takes away from 3k and the group as a whole, which[0m
[10:09] [0m              is already very small, b) its mostly jareth characters c) it[0m
[10:09] [0m              has like 8 players[0m
[10:10] [0m[35;1mElindal [Jedi(13)]:[0m mornin[0m
[10:10] [0m[35;1mSaim [Jedi(Master)]:[0m heyo[0m
[10:10] [0m[33;1m[Clan] Byron :[0m I thought it served a purpose when it was created, but 3k got[0m
[10:10] [0m               it's act together[0m
[10:10] [0m[33;1m[Clan] Byron :[0m Maybe as a result of 3s[0m
[10:10] [0m[33;1m[Clan] Saim :[0m i can agree with that[0m
[10:11] [0m[33;1m[Clan] Byron :[0m The current wizard atmosphere is the best its been in a long[0m
[10:11] [0m               time imo, even if its just a few people.[0m
[10:11] [0m[33;1m[Clan] Saim :[0m agree with that too[0m
[10:12] [0m[33;1m[Clan] Saim :[0m whoever had the eternal idea, really should take the credit -[0m
[10:12] [0m              it gave lvl 130+ a real reason to stay and play[0m
[10:12] [0m[33;1m[Clan] Saim :[0m along with wiz now being able to open really bs mob areas[0m
[10:12] [0m[33;1m[Clan] Byron :[0m The high end content is nice, I just hope with the guild[0m
[10:12] [0m               upgrades everyone can get there.[0m
[10:13] [0m[35;1mElindal [Jedi(13)]:[0m anyone have advice on mskills?[0m
[10:13] [0m[33;1m[Clan] Byron :[0m It feels like you're finally able to "beat the game" so to[0m
[10:13] [0m               speak, whereas Tensor wanted a carrot just inches from you[0m
[10:13] [0m               forever[0m
[10:13] [0m[33;1m[Clan] Byron :[0m Which to some people is fine, but creates some weird balance[0m
[10:13] [0m               issues imo[0m
[10:14] [0m[33;1m[Clan] Byron :[0m When you try to keep a carrot in place for people with 200+[0m
[10:14] [0m               days of combat time[0m
[10:14] [0m[35;1mBurnaby [Jedi(56)]:[0m I do[0m
[10:14] [0m[33;1m[Clan] Nameless :[0m agreed[0m
[10:14] [0m[33;1m[Clan] Saim :[0m only a few guilds really cant get "there" atm[0m
[10:15] [0m[33;1m[Clan] Byron :[0m Nod, for once I actually have faith they will.[0m
[10:15] [0m[33;1m[Clan] Saim :[0m fremen, mentals, breed (maybe)[0m
[10:15] [0m[33;1m[Clan] Byron :[0m If bards can be BS, anyone can :P[0m
[10:15] [0m[33;1m[Clan] Saim :[0m come to mind[0m
[10:15] [0m[33;1m[Clan] Saim :[0m jesus jedi too[0m
[10:15] [0m[33;1m[Clan] Saim :[0m forever we sucked hard[0m
[10:15] [0m[33;1m[Clan] Byron :[0m heh, nod[0m
[10:16] [0m[35;1mBurnaby [Jedi(56)]:[0m sorry for the crappy mail edit[0m
[10:16] [0m[33;1m[Clan] Byron :[0m Bards might have been the scum at the bottom of the barrel,[0m
[10:16] [0m               but Jedi were pretty close to us[0m
[10:16] [0m[35;1mElindal [Jedi(13)]:[0m thank you[0m
[10:16] [0m[33;1m[Clan] Byron :[0m I think fremen are probably the worst of the lot atm.[0m
[10:17] [0m[33;1m[Clan] Byron :[0m And with such a specific theme...you basically need someone[0m
[10:17] [0m               who is into/understands Dune as a wiz to fix them.[0m
[10:17] [0m[33;1m[Clan] Saim :[0m i am a great resource on that... but i am a shit wiz[0m
[10:17] [0m[33;1m[Clan] Byron :[0m heh[0m
[10:17] [0m[33;1m[Clan] Byron :[0m I want to read Dune[0m
[10:17] [0m[33;1m[Clan] Byron :[0m I think that'll be my next big Sci-Fi read[0m
[10:17] [0m[33;1m[Clan] Byron :[0m I just finished Red Rising series[0m
[10:17] [0m[33;1m[Clan] Saim :[0m one of my fav books ever - there are 6, and the last 3 are the[0m
[10:17] [0m              best imo[0m
[10:18] [0m[33;1m[Clan] Byron :[0m But you dont have a fremen?[0m
[10:18] [0m[33;1m[Clan] Saim :[0m insanely heady shit those last 3[0m
[10:18] [0m[33;1m[Clan] Saim :[0m i did for a bit, they just sucked and my jedi was bigger[0m
[10:18] [0m[33;1m[Clan] Byron :[0m nog[0m
[10:20] [0m[35;1mBurnaby [Jedi(56)]:[0m combat.armor.maintenance  2 just because[0m
[10:20] [0m[35;1mSaim [Jedi(Master)]:[0m thats my favorite mskill[0m
[10:20] [0m[35;1mBurnaby [Jedi(56)]:[0m some others like reflex and cartography[0m
[10:20] [0m[35;1mElindal [Jedi(13)]:[0m anyone available for some training for m?[0m
[10:20] [0m[35;1mElindal [Jedi(13)]:[0m *me?[0m
[10:20] [0m[33;1m[Clan] Byron :[0m I really wish tt++ had closures or some kind of variable[0m
[10:20] [0m               scoping.[0m
[10:21] [0m[35;1mBurnaby [Jedi(56)]:[0m I would but im in the middle of an aegis loop[0m
[10:21] [0m[37;1m[JEDI]:[0m Rhaan arrives at the Academy.[0m
[10:21] [0m[33;1m[Clan] Byron :[0m Roken.  Your hotel open?[0m
[10:21] [0m[35;1mSaim [Jedi(Master)]:[0m right atm i am also in a place that requres annoyance[0m
[10:21] [0m                     to leave[0m
[10:21] [0m[33;1m[Clan] Byron :[0m O, he's idle.[0m
[10:21] [0m[34;1mSaim shouts:[0m whose foot is this?[0m
[10:22] [0m[35;1mChaed [Jedi(AGM)]:[0m at cog teachin[0m
[10:22] [0m[34;1mCrolack shouts:[0m Something's[0m
[10:23] [0m[34;1mHsima shouts:[0m Feet are commonly found separated from corpses near bodies of[0m
[10:23] [0m              water, especially rivers, often still in shoes[0m
[10:24] [0m[34;1mWhoknows shouts:[0m .[0m
[10:25] [0m[34;1mAdalius shouts:[0m Apologies, had chili last night.[0m
[10:25] [0m[34;1mLeto shouts:[0m the ... everything is lava![0m
[10:27] [0m[35;1mChaed [Jedi(AGM)]:[0m you awake Eli? teaching[0m
[10:27] [0m[34;1mHex shouts:[0m mmm 5-alarm chili[0m
[10:34] [0mYou can currently reforge 4 items.[0m
[10:51] [0m[37;1m[JEDI]:[0m Durnoth arrives at the Academy.[0m
[10:56] [0m[32mYou tell Ser:[0m hijack me again?[0m
[11:01] [0m[35;1mChaed [Jedi(AGM)]:[0m that smurfin' smurf[0m
[11:01] [0m[35;1mRoken [Jedi(57)]:[0m what lvl are they at scale 119?[0m
[11:11] [0m[35;1mRoken [Jedi(57)]:[0m wiki scaler 120 lvl is what.. and a rat comes to help[0m
[11:11] [0m                  smurfs oof 2x ~6m attackers[0m
[11:17] [0m[34;1mCrolack shouts:[0m Slopes![0m
[11:21] [0m[37;1m[JEDI]:[0m Rhaan arrives at the Academy.[0m
[11:23] [0m[34;1mZor shouts:[0m don't take the back entrance it will lead to death![0m
[11:25] [0m[35;1mElindal [Jedi(13)]:[0m where is bron?[0m
[11:30] [0mAdalius flaps : So, normally I wouldn't geek out about Minecraft, but the[0m
[11:30] [0m                new demo with RTX ray tracing looks preeeeettty[0m
[11:30] [0mDyne flaps : One of my friends got the ray tracing set and jumped in.[0m
[11:30] [0mDyne flaps : Prior to that day, he never played Minecraft before.[0m
[11:31] [0mAdalius flaps : How'd he get it, the update isnt released yet[0m
[11:32] [0mTchazzar <Craft>: I don't want to craft ... I want to be a LUMBERJACK!![0m
[11:32] [0mTchazzar <Craft>: score[0m
[11:32] [0mDyne flaps : Mod pack, not anything Official.[0m
[11:32] [0mLeto <Craft>: lumberjacks unite![0m
[11:32] [0mDyne flaps : Also, Patreon.[0m
[11:32] [0mCrolack flaps : moo[0m
[11:37] [0mYou can currently reforge 8 items.[0m
[11:40] [0m[35;1mSaim [Jedi(Master)]:[0m westersea[0m
[11:50] [0m[37;1m[JEDI]:[0m Tobias Kel'ach'nar arrives at the Academy.[0m
[11:55] [0m[34;1mKitt shouts:[0m .com[0m
[12:19] [0m<- ! The Vigilant ! -> :  A destabilization Kayos event has been detected in[0m
[12:19] [0m                          Deserts of Fantasy!  We are localizing it now -[0m
[12:19] [0m                          get ready![0m
[12:19] [0m[34;1mWhoknows shouts:[0m End of Days![0m
[12:23] [0m[37;1m[JEDI]:[0m Janath Meelin arrives at the Academy.[0m
[12:35] [0m[32mHyperion says:[0m <- !!! -> : The portal has been stabilized!  Make your way to Deserts of Fantasy and assault the forces of Kayos![0m
[12:35] [0m[32mBurnaby says:[0m hiiiidey ho![0m
[12:36] [0m[32mBurnaby says:[0m Oh, look! Another hippie! Peace, nauda[0m
[12:39] [0mYou can currently reforge 12 items.[0m
[12:48] [0m[33;1m[Clan] Byron :[0m anyone find portal?[0m
[12:48] [0m[33;1m[Clan] Byron :[0m About to go run in...my reset is up as well[0m
[12:48] [0m[33;1m[Clan] Byron :[0m So I can hit it 2x[0m
[12:49] [0m[37;1m[JEDI]:[0m Reena Bel Noir arrives at the Academy.[0m
[12:50] [0m[33;1m[Clan] Byron :[0m portal is basically all n frmo desert portal[0m
[12:51] [0m[32;1mFrom afar, Ukyo says 'yo' to you.[0m[0m
[12:51] [0m[32;1mFrom afar, Simonz goes 'Woo Woo!' at you.[0m[0m
[12:51] [0m[32;1mFrom afar, you wave in greeting to Ukyo.[0m[0m
[12:51] [0m[32;1mFrom afar, you wave in greeting to Simonz.[0m[0m
[12:59] [0mByron flaps : Portal basically all north from desert portal[0m
[13:00] [0mByron flaps : cold dmg[0m
[13:10] [0m[37;1m[JEDI]:[0m Herah Wylann arrives at the Academy.[0m
[13:20] [0m[34;1mUkyo shouts:[0m that was my fault. i broke his stride with crafting/transmuting[0m
[13:20] [0m             stuff. sorry about that.[0m
[13:23] [0m[33;1m[Clan] Byron :[0m have a stupid amoutn of time traveling in the next 24[0m
[13:23] [0m               hours...have endgame and spiderman homecoming[0m
[13:23] [0m               downloaded...any other suggestions?[0m
[13:23] [0m[33;1m[Clan] Saim :[0m download Dune the books per our earlier conversation[0m
[13:23] [0m[33;1m[Clan] Saim :[0m also time traveling should be pretty instantaneous, no?[0m
[13:24] [0m[33;1m[Clan] Saim :[0m guess you could watch an infinite amount of movies while in[0m
[13:24] [0m              the time-stream[0m
[13:31] [0m[33;1m[Clan] Byron :[0m true[0m
[13:31] [0m[33;1m[Clan] Byron :[0m And i'll hop on the ebooks channel and grab dune[0m
[13:34] [0m[33;1m[Clan] Byron :[0m what book is the first?[0m
[13:38] [0m[37;1m[JEDI]:[0m Bithoff Jonansaan arrives at the Academy.[0m
[13:40] [0mYou can currently reforge 4 items.[0m
[13:51] [0m[32mKichi tells you:[0m Why won't you love me? :([0m
[13:51] [0m[34;1mUkyo shouts:[0m Because I have Autism.[0m
[13:51] [0m[34;1mLachlan shouts:[0m I HATE you... hate hate hate... HATE you![0m
[13:51] [0m[34;1mUkyo shouts:[0m I don't love anybody.[0m
[13:51] [0m[34;1mXiu shouts:[0m because i'm just a script, i wasn't coded for love[0m
[13:51] [0m[34;1mLachlan shouts:[0m Kichi Kinbottom... I loathe you![0m
[13:51] [0m[34;1mNauda shouts:[0m cause you won't party with me[0m
[13:51] [0m[34;1mNameless shouts:[0m beepboop[0m
[13:52] [0m[34;1mKichi shouts:[0m I TRY SO HARD[0m
[13:53] [0m[34;1mTurnhold shouts:[0m And got so far?[0m
[13:53] [0m[34;1mTchazzar shouts:[0m BUT IN THE END.[0m
[13:53] [0m[34;1mRequiem shouts:[0m oh great now that's in my head[0m
[13:53] [0m[34;1mTurnhold shouts:[0m It'd doesn't even matter?[0m
[13:53] [0m[34;1mPhoenix shouts:[0m there are worse things[0m
[13:53] [0m[34;1mLeto shouts:[0m it'[0m
[13:54] [0m[34;1mLeto shouts:[0m ... combo breaker! ... I ruined it.[0m
[13:55] [0m[34;1mUkyo shouts:[0m Something to clear your mind from turnholds song:[0m
[13:55] [0m             https://www.youtube.com/watch?v=n55QVlBoDxI[0m
[13:59] [0m[34;1mKichi shouts:[0m it's like goldy and bronzy only it's made out of iron.[0m
[14:00] [0mDyne flaps :  Possibly bugged. Any wiz free?[0m
[14:00] [0mTurnhold flaps : I'm always free. 'MURICA[0m
[14:06] [0m[37;1m[JEDI]:[0m Wennic Ber'ni'lok arrives at the Academy.[0m
[14:14] [0m[33;1m[Clan] Saim :[0m just Dune[0m
[14:15] [0m[33;1m[Clan] Byron :[0m Nod, downloaded them all[0m
[14:15] [0m[33;1m[Clan] Saim :[0m will talk once/if you finish them heh[0m
[14:15] [0m[33;1m[Clan] Nik :[0m ever seen pontypool?[0m
[14:15] [0m[32mSer tells you:[0m unfollow ser[0m
[14:15] [0m[33;1m[Clan] Byron :[0m huh?[0m
[14:15] [0m[33;1m[Clan] Saim :[0m zombie flick?[0m
[14:15] [0m[33;1m[Clan] Nik :[0m shhh! but yea[0m
[14:15] [0m[33;1m[Clan] Byron :[0m "Pontypool"?[0m
[14:15] [0m[33;1m[Clan] Byron :[0m English movie?[0m
[14:16] [0m[33;1m[Clan] Nik :[0m aye, its a name that really sticks with you[0m
[14:16] [0m[33;1m[Clan] Byron :[0m No, but i'll check it out[0m
[14:16] [0m[33;1m[Clan] Nik :[0m its good n weird![0m
[14:17] [0m[33;1m[Clan] Byron :[0m hmmm not on the IRC channel I use for movies[0m
[14:17] [0m[33;1m[Clan] Byron :[0m WIll have to find it somewhere else I guess[0m
[14:17] [0m[33;1m[Clan] Nik :[0m aww[0m
[14:18] [0m[33;1m[Clan] Nik :[0m how bout paranoia 1.0?[0m
[14:19] [0m[33;1m[Clan] Nik :[0m that 1s also weird! hmm, i like weird stuff[0m
[14:21] [0m[33;1m[Clan] Byron :[0m I'll have to get more of your recs then[0m
[14:21] [0m[33;1m[Clan] Byron :[0m Pontypool trailer looks cool[0m
[14:22] [0m[34;1mWhisper shouts:[0m nah nah na na nahhh nah[0m
[14:22] [0m[32mAdalius says: [0mI don't know who you are. I don't know what you want.[0m
[14:22] [0m[32mAdalius says: [0mIf you're looking for ransom, I can tell you I don't[0m
[14:22] [0m              have any money.[0m
[14:22] [0m[32mAdalius says: [0mBut what I do have are a very particular set of skills,[0m
[14:22] [0m              skills I have acquired over a very long career.[0m
[14:22] [0m[34;1mHex shouts:[0m echo all?[0m
[14:22] [0m[32mAdalius says: [0mSkills that make me a nightmare for people like you.[0m
[14:22] [0m[32mAdalius says: [0mIf you stop being a thorn in the side of 3K, that'll be[0m
[14:22] [0m              the end of it.[0m
[14:22] [0m[32mAdalius says: [0mI will not look for you, I will not pursue you.[0m
[14:23] [0m[32mAdalius says: [0mBut if you don't, I will look for you, I will find you,[0m
[14:23] [0m              and I will dest you.[0m
[14:23] [0m[32mTurnhold says: [0mGood luck.[0m
[14:23] [0m[32mTurnhold says: [0mPlease, understand... please try... Please understand,[0m
[14:23] [0m               it was all business. It wasn't personal![0m
[14:23] [0m[32mAdalius says: [0mIt was all personal to me...[0m
[14:23] [0m[34;1mHex shouts:[0m oops[0m
[14:23] [0m[34;1mSpace shouts:[0m in the name of the 3k god, have mercy on my bot[0m
[14:24] [0m[34;1mRequiem shouts:[0m Adalius unloads into Turnhold, eh?[0m
[14:24] [0m[34;1mAdalius shouts:[0m He's a dirty, dirty wizard.[0m
[14:24] [0m[34;1mHex shouts:[0m interesting choice of words....[0m
[14:24] [0m[34;1mSaim shouts:[0m whats this fleshy cucumber in my inventory all of a sudden?[0m
[14:24] [0m[34;1mNik shouts:[0m too many cooks![0m
[14:24] [0m[33;1m[Clan] Byron :[0m Going to reset event very soon[0m
[14:25] [0m[33;1m[Clan] Byron :[0m If you want it, go to 1st room[0m
[14:25] [0mByron flaps : Resetting event very soon, if you want in.  Wait in the first[0m
[14:25] [0m              room.[0m
[14:27] [0mUkyo flaps : hrm. might actually want in on that. i wonder if i can kill the[0m
[14:27] [0m             boss blockers fast enough?[0m
[14:27] [0mUkyo flaps : well, it's either that, or sleep. i think i'm going to go with[0m
[14:27] [0m             sleep. go on without me.[0m
[14:33] [0m[37;1m[JEDI]:[0m Ylenic It'kla arrives at the Academy.[0m
[14:46] [0m[33;1m[Clan] Roken :[0m 350m to l110[0m
[14:50] [0m[33;1m[Clan] Byron :[0m woo[0m
[14:51] [0m[34;1mUkyo shouts:[0m this one time, at lag camp, with this chick named reginald, she[0m
[14:51] [0m             had this wand. Wand of Wonder, i think it was. . .[0m
[14:52] [0mYou can currently reforge 8 items.[0m
[14:54] [0m[37;1m[JEDI]:[0m H'ssani C'talan arrives at the Academy.[0m
[14:56] [0mKitt flaps : man when your logistic manager is like 4 hours emails behind[0m
[14:56] [0m             you, and you already answered an email to a customer[0m
[14:58] [0mKitt flaps : the she answers it again its like wtf[0m
[14:59] [0mKitt flaps : just hate it when ppl pick and choose which emails to read[0m
[14:59] [0mKitt flaps : real world problems[0m
[15:00] [0mByron flaps : send dick pic and request a read receipt[0m
[15:00] [0mByron flaps : time to take the power back[0m
[15:02] [0mThom flaps : haha xd[0m
[15:19] [0m[37;1m[JEDI]:[0m Durnoth arrives at the Academy.[0m
[15:32] [0m[35;1mUkyo [Jedi(77)]:[0m full set of legendary voidstone gear in box. i may not be[0m
[15:32] [0m                 on for boot[0m
[15:35] [0m[35;1mUkyo [Jedi(77)]:[0m also, a full set of pedal gear. at least, i think it is[0m
[15:45] [0mCrolack flaps : adaliuscam.com[0m
[15:46] [0mNik flaps : 4.99 per hour[0m
[15:47] [0m[35;1mUkyo [Jedi(77)]:[0m think i'm about tapped. oyasumi, minnasan.[0m
[15:47] [0m[35;1mBurnaby [Jedi(56)]:[0m co knee chee wah[0m
[15:47] [0m[35;1mSimonz [Jedi(62)]:[0m ja ne[0m
[15:49] [0m[37;1m[JEDI]:[0m Kerran Halcyon arrives at the Academy.[0m
[15:53] [0mYou can currently reforge 4 items.[0m
[16:10] [0mWhisper flaps : someones pr0n upload i tell ya![0m
[16:10] [0mNauda flaps : 3k is just front for porn industry[0m
[16:21] [0m[37;1m[JEDI]:[0m Talia Ska arrives at the Academy.[0m
[16:32] [0mCrolack flaps : bitcoin mining[0m
[16:39] [0m[34;1mNightrider shouts:[0m le moo?[0m
[16:39] [0m[34;1mNik shouts:[0m el bok[0m
[16:39] [0m[34;1mWhisper shouts:[0m NO![0m
[16:40] [0m[34;1mElindal shouts:[0m No moo for you. Next![0m
[16:43] [0m[34;1mQuaker shouts:[0m Moo is for everyone.[0m
[16:48] [0m[37;1m[JEDI]:[0m Alyssa K'tal arrives at the Academy.[0m
[16:49] [0mYou can currently reforge 4 items.[0m
[16:54] [0mYou can currently reforge 8 items.[0m
[17:04] [0mEllegon flaps : can someone make the "events" command show the old stuff[0m
[17:04] [0m                first and the new info at the bottom?[0m
[17:05] [0m[34;1mElindal shouts:[0m No changes for you. NEXT![0m
[17:05] [0m[35;1mSimonz [Jedi(62)]:[0m need to be able to 'focus dissipate on fdef xp'[0m
[17:06] [0m[35;1mElindal [Jedi(14)]:[0m come to the dark side. we have broken stuff. :P[0m
[17:06] [0m[35;1mSimonz [Jedi(62)]:[0m I have enough broken stuff at work[0m
[17:23] [0m[37;1m[JEDI]:[0m Durnoth arrives at the Academy.[0m
[17:44] [0m[37;1m[JEDI]:[0m Tobias Kel'ach'nar arrives at the Academy.[0m
[17:54] [0m[34;1mZor shouts:[0m woo!!!!!!!!!!!!!!!!!!!!!!!![0m
[17:55] [0m[34;1mInago shouts:[0m thanks all![0m
[17:55] [0m[34;1mCrolack shouts:[0m I killed your father.[0m
[17:55] [0m[34;1mLance shouts:[0m Prepare to die[0m
[17:55] [0m[34;1mLeto shouts:[0m so... like do i have time to write my will?[0m
[17:56] [0mYou can currently reforge 12 items.[0m
[17:57] [0m[34;1mLance shouts:[0m As long as you leave me stuff[0m
[17:57] [0m[34;1mLeto shouts:[0m WIN![0m
[18:09] [0m[34;1mRoken shouts:[0m Get Ready to Rumble!![0m
[18:10] [0m[34;1mKitt shouts:[0m #FakeNews[0m
[18:10] [0m[34;1mKitt shouts:[0m Moo ■♤♡◇♧○●€[0m
[18:11] [0m[34;1mInago shouts:[0m Huzzah![0m
[18:11] [0m[32;1mFrom afar, Lance goes 'Woo Woo!' at you.[0m[0m
[18:11] [0m[32mYou tell Ser:[0m oh my nic rush!... i forgot my ejuice this morning[0m
[18:12] [0mRoken flaps : wait a minute, I'm not level 111 yet wtfuq[0m
[18:13] [0m[32mChavee says:[0m Welcome back, Roken, and I wish you the best of luck![0m
[18:17] [0m[32;1mFrom afar, Zor goes 'Woo Woo!' at you.[0m[0m
[18:17] [0m[34;1mRoken shouts:[0m thanks all[0m
[18:17] [0m[32;1mFrom afar, Simonz goes 'Woo Woo!' at you.[0m[0m
[18:18] [0m[37;1m[JEDI]:[0m Alyssa K'tal arrives at the Academy.[0m
[18:20] [0m[32;1mFrom afar, Lance asks you "Who da man?"[0m[0m
[18:20] [0m[32mYou say:[0m I da man![0m
[18:21] [0m[32;1mFrom afar, Siem cheers you on!!![0m[0m
[18:21] [0m[34;1mKitt shouts:[0m get to it then and Get Rekt[0m
[18:29] [0m[32mSer tells you:[0m laugh with natural progression you probably would be in the[0m
[18:29] [0m        80s tops[0m
[18:30] [0m[32mSer tells you:[0m still havent past simonz yet tho huh[0m
[18:31] [0m[34;1mWhoknows shouts:[0m Run Away!!![0m
[18:32] [0m[32mYou tell Ser:[0m yah probs[0m
[18:33] [0m[32mYou tell Ser:[0m only 5 g levels behind simonz[0m
[18:39] [0mLance <Craft>: I don't want to craft ... I want to be a LUMBERJACK!![0m
[18:39] [0m[37;1m[JEDI]:[0m H'ssani C'talan arrives at the Academy.[0m
[18:57] [0mYou can currently reforge 4 items.[0m
[18:58] [0m[32mYou tell Ser:[0m well im in trouble[0m
[19:00] [0m[32mYou tell Ser:[0m how do i get out of the whale[0m
[19:05] [0m[33;1m[Clan] Roken :[0m i'm stuck inside a whale[0m
[19:06] [0m[33;1m[Clan] Nameless :[0m whale whale whale, what do we have here[0m
[19:09] [0m[32;1mFrom afar, you pull on Ser's leg.[0m[0m
[19:14] [0m[37;1m[JEDI]:[0m Reena Bel Noir arrives at the Academy.[0m
[19:15] [0m[35;1mElindal [Jedi(15)]:[0m are the visiting elders on a rotation?[0m
[19:16] [0m[35;1mRoken [Jedi(57)]:[0m ya roughly every half hour. ~15 minutes in. noone ~15[0m
[19:16] [0m                  minutes. Think whoever comes is random[0m
[19:16] [0m[35;1mElindal [Jedi(15)]:[0m ok[0m
[19:17] [0m[35;1mRoken [Jedi(57)]:[0m stuck in the belly of a whale.. why can't i slice him open[0m
[19:17] [0m[34;1mZor shouts:[0m woo!!!!!!!!!!!!!!!!!!!!!!!!!!!!!![0m
[19:17] [0m[32;1mFrom afar, you go 'Woo Woo!' at Whoknows.[0m[0m
[19:18] [0m[34;1mRoken shouts:[0m yah baby![0m
[19:18] [0m[34;1mLickloick shouts:[0m whos that its just a bunch of stars?[0m
[19:18] [0m[34;1mLickloick shouts:[0m eh whoknows?[0m
[19:19] [0m[33;1m[Clan] Roken :[0m how long does my connection need to be severed to be ported[0m
[19:19] [0m               to login room?[0m
[19:19] [0m[34;1mCrolack shouts:[0m whoknows who leveled[0m
[19:19] [0m[34;1mWhoknows shouts:[0m I wish i knew...[0m
[19:20] [0m[34;1mLickloick shouts:[0m i agree[0m
[19:21] [0m[34;1mLickloick shouts:[0m whoever it what was graet job 101[0m
[19:21] [0m[32;1mFrom afar, Whoknows thanks you.[0m[0m
[19:28] [0mnewb Roken [jedi/110]: I'm a noob who doesn't carry a tickling feather to[0m
[19:28] [0m                       get oneself out of a whale's belly[0m
[19:31] [0m[34;1mLickloick shouts:[0m NEXT PERSON TO LVL GETS 20K[0m
[19:32] [0m[34;1mLance shouts:[0m O SNAL[0m
[19:34] [0m[34;1mThom shouts:[0m lol i could do that easy :P i have the xp if i wanted lol[0m
[21:53] [0m[33;1m[Clan] Roken :[0m damn still here[0m
[21:55] [0m[33;1m[Clan] Roken :[0m anyway to commit suicide[0m
[21:55] [0m[33;1m[Clan] Byron :[0m where are you?[0m
[21:56] [0m[33;1m[Clan] Byron :[0m sever/quit?[0m
[21:56] [0m[33;1m[Clan] Roken :[0m belly of a whale[0m
[21:58] [0m[33;1m[Clan] Roken :[0m no chance, like to donate the gear[0m
[21:59] [0m[34;1mLickloick shouts:[0m WHAT THE FREK[0m
[21:59] [0m[34;1mLickloick shouts:[0m REFUND REFUND[0m
[22:02] [0mLickloick flaps : so much for doing a good thing[0m
[22:04] [0m[33;1m[Clan] Ser :[0m go out the blowhole[0m
[22:05] [0m[33;1m[Clan] Ser :[0m ask fluffy tbh[0m
[22:05] [0m[32mAka tells you:[0m what area is whale in?[0m
[22:06] [0m[32mYou tell Aka:[0m i slid down onto a glacier[0m
[22:06] [0m[32mAka tells you:[0m what does is say when you type rating[0m
[22:06] [0m[32mAka tells you:[0m for area name?[0m
[22:07] [0m[32mYou tell Aka:[0m winter wonderland[0m
[22:08] [0m[32mYou tell Aka:[0m think i need something to tickle my way out[0m
[22:10] [0m[32mAka tells you:[0m sounds about right, i'm not familiar personally. was just[0m
[22:10] [0m        gonna see if there was any info for you on necro files[0m
[22:10] [0m[32mAka tells you:[0m there isn't heh[0m
[22:11] [0m[32;1mFrom afar, Ser pokes you in the ribs.[0m[0m
[22:11] [0m[32;1mFrom afar, Ser pokes you in the ribs.[0m[0m
[22:11] [0m[32;1mFrom afar, Ser pokes you in the ribs.[0m[0m
[22:11] [0m[33;1m[Clan] Roken :[0m cant find his blowhole. a one room whale[0m
[22:11] [0m[32;1mFrom afar, Ser pokes you in the ribs.[0m[0m
[22:11] [0m[32;1mFrom afar, Ser pokes you in the ribs.[0m[0m
[22:11] [0m[33;1m[Clan] Ser :[0m ask fluffy[0m
[22:12] [0m[33;1m[Clan] Ser :[0m he knows[0m
[22:13] [0m[32mYou tell Fluffy:[0m hey hey how do i get out of the whale's belly?[0m
[22:13] [0m[32mFluffy tells you:[0m you did bring a feather with you, right ?[0m
[22:13] [0m[32mFluffy tells you:[0m .. long delay .. im guessing no ?[0m
[22:13] [0m[32mYou tell Fluffy:[0m no[0m
[22:14] [0m[32;1mFrom afar, Fluffy looks at you questioningly.[0m[0m
[22:14] [0m[32mYou tell Fluffy:[0m no feather[0m
[22:14] [0m[32mFluffy tells you:[0m omw[0m
[22:15] [0m[32mFluffy says:[0m wtf were you thinking, getting eaten without a feather ?[0m
[22:15] [0m[32mFluffy says:[0m ready /[0m
[22:15] [0m[32mYou tell Fluffy:[0m wasnt[0m
[22:16] [0mYou can currently reforge 8 items.[0m
[22:16] [0m[32mFluffy says:[0m thar she blows![0m
[22:16] [0m[32mFluffy tells you:[0m wait for it[0m
[22:16] [0m[37;1m[JEDI]:[0m Rhaan arrives at the Academy.[0m
[22:16] [0m[32mYou tell Fluffy:[0m wow fireworks of a graphic[0m
[22:16] [0m[32mFluffy tells you:[0m east from start/climb ledge/kill albatross to get the[0m
[22:16] [0m        feather ... otherwise pita ... no port etc[0m
[22:17] [0m[32mFluffy tells you:[0m not bad for 5th area coded on 3k ?[0m
[22:17] [0m[32mYou tell Fluffy:[0m feather near rhe wahle[0m
[22:17] [0m[32mYou tell Fluffy:[0m feather near rhe wahle[0m
[22:17] [0m[32mFluffy tells you:[0m where you enter/e/climb ledge/kill albatross ... it wont[0m
[22:17] [0m        be there as i killed to get you out[0m
[22:19] [0m[32mYou tell Fluffy:[0m grazie  but is that way out of here?[0m
[22:19] [0m[32mFluffy tells you:[0m can you fly?[0m
[22:19] [0m[32mYou tell Fluffy:[0m levitate[0m
[22:20] [0m[32mFluffy tells you:[0m go to room you start in after slide[0m
[22:20] [0m[32mFluffy tells you:[0m if you can fly/hover/wtf should work[0m
[22:21] [0m[32mFluffy tells you:[0m climb glacier/climb up[0m
[22:21] [0m[32mFluffy tells you:[0m if not, search drift and get boots or others, wear and[0m
[22:21] [0m        do those 2 commands[0m
[22:21] [0m[32mFluffy tells you:[0m that is one/easiest way i know ... ther eis something[0m
[22:21] [0m        like 6 or 7 ways to get outta there/been decade or more since i[0m
[22:21] [0m        really explored in tehre[0m
[22:22] [0m[32mYou tell Fluffy:[0m sweet jesus that worked[0m
[22:22] [0m[32mFluffy tells you:[0m of course it worked[0m
[22:22] [0m[32;1mFrom afar, Fluffy bonks you on the head.[0m[0m
[22:23] [0m[32mYou tell Fluffy:[0m i was looking around for ralintaro[0m
[22:27] [0m[32;1mFrom afar, you thank Fluffy.[0m[0m
[22:27] [0m[32mFluffy tells you:[0m i love that ascii whale, every year or so i go there for[0m
[22:27] [0m        a good laught[0m
[22:27] [0m[34;1mFluffy shouts:[0m Thar she blows![0m
[22:30] [0m[34;1mRoken shouts:[0m i stink of fish[0m
[22:30] [0m[34;1mOreo shouts:[0m at least you dont smell like a swere[0m
[22:41] [0m[33;1m[Clan] Byron :[0m where you go ser[0m
[22:41] [0mSimonz <Craft>: anyone need any legendary bars for crafting?  trying to pare[0m
[22:41] [0m                down my supply before reboot[0m
[22:46] [0m[37;1m[JEDI]:[0m Janath Meelin arrives at the Academy.[0m
[22:48] [0m[32mYou tell Simonz:[0m love some[0m
[22:48] [0m[32mSimonz tells you:[0m just dropped them all at the crafting bin[0m
[22:48] [0m[32mSimonz tells you:[0m might be above the level you're working on though[0m
[22:49] [0m[32mSimonz tells you:[0m adamantium and ebon mostly[0m
[22:49] [0m[32mSimonz tells you:[0m a few gold[0m
[22:49] [0m[32mYou tell Simonz:[0m ah guess not[0m
[22:50] [0m[32mSimonz tells you:[0m 3.75 levels left to chaostone[0m
[22:50] [0m[32mYou tell Simonz:[0m exciting[0m
[22:51] [0m[32mSimonz tells you:[0m I just cant keep my transmuter up with my mining[0m
[22:51] [0m[32mSimonz tells you:[0m i've almost caught up to your level though[0m
[22:52] [0m[32mYou tell Simonz:[0m on what my reforge lvl?[0m
[22:52] [0m[32mSimonz tells you:[0m nod[0m
[22:53] [0m[32mYou tell Simonz:[0m eh reforge is easy[0m
[22:57] [0m[32;1mFrom afar, you bet that Simonz gives GREAT helmet![0m[0m
[22:57] [0m[32mSimonz tells you:[0m May the Schwartz be with you![0m
[22:57] [0m[32mYou tell Simonz:[0m good night[0m
[22:57] [0m[32mSimonz tells you:[0m later[0m
[23:01] [0m[34;1mFluffy shouts:[0m one more![0m
[23:01] [0m[34;1mOreo shouts:[0m din din din and i dont mean dinner[0m
[23:05] [0mSleepy <Craft>: what's the syntax to get promoted from an apprentice?[0m
[23:05] [0mSquirrel <Craft>: teach[0m
[23:05] [0mSimonz <Craft>: say teachmenow[0m
[23:05] [0mSleepy <Craft>: thank you :)[0m
[23:05] [0mFluffy <Craft>: you go gurl![0m
[23:07] [0m[33;1m[Clan] Byron :[0m just finished endgame[0m
[23:07] [0m[33;1m[Clan] Byron :[0m onto spiderman homecoming[0m
[23:07] [0m[33;1m[Clan] Byron :[0m then samurai troopers[0m
[23:16] [0mYou can currently reforge 12 items.[0m
[23:20] [0m[33;1m[Clan] Byron :[0m o the whale[0m
[23:20] [0m[33;1m[Clan] Byron :[0m you find a sword to stab the stomach[0m
[23:20] [0m[33;1m[Clan] Byron :[0m i think[0m
[23:21] [0m[33;1m[Clan] Pol leaves the game.[0m  [0m
[23:22] [0m[37;1m[JEDI]:[0m Talia Ska arrives at the Academy.[0m
[23:50] [0m[37;1m[JEDI]:[0m Reena Bel Noir arrives at the Academy.[0m
[23:52] [0m[34;1mNik shouts:[0m playcult for free knowlegit[0m
[23:53] [0m[34;1mLickloick shouts:[0m Din ruined it im sorry i trust no one :) lol[0m
[23:53] [0m[34;1mNik shouts:[0m thats how youre sposed to cult[0m
[23:54] [0m[34;1mLickloick shouts:[0m whats a cult?[0m
