- = LOG STARTED [00:00] = -
[00:00] [0m[32mSimonz tells you:[0m i cant do zell on any of my scalers[0m
[00:00] [0mDartholiver flaps : what the monk gobj gives me +15 dex?[0m
[00:00] [0m[32;1mFrom afar, you boggle at Simonz.[0m[0m
[00:01] [0m[32mSimonz tells you:[0m scaler 82 jumps to 22m[0m
[00:02] [0m[32mYou tell Simonz:[0m oh... can't go to 81 anymore[0m
[00:02] [0m[32mSimonz tells you:[0m and my minimum scsler is 95[0m
[00:02] [0m[MONK] Enemy : in combat some forms do[0m
[00:02] [0m[MONK] Dartholiver : phoenix method[0m
[00:02] [0m[32mSimonz tells you:[0m if you ask voodoo really nice he'll get you one[0m
[00:02] [0m[MONK] Dartholiver : is that what you mean?[0m
[00:03] [0m[MONK] Enemy : yes[0m
[00:03] [0m[MONK] Enemy : no there out of combat, there in combat[0m
[00:08] [0;1;35m[0m[MONK] Dartholiver : best place to train? liking mahjongg but is 44 gxp per[0m
[00:08] [0m                     round the most efficient?[0m
[00:09] [0m[32;1mFrom afar, you nod to Simonz.[0m[0m
[00:10] [0m[32mYou tell Simonz:[0m i'd have to take my pants off first[0m
[00:10] [0m<- ! The Vigilant ! -> :  A destabilization Kayos event has been detected in[0m
[00:10] [0m                          Deserts of Fantasy!  We are localizing it now -[0m
[00:10] [0m                          get ready![0m
[00:10] [0m[32;1mFrom afar, you shout 'WAKE UP!' at Ser.[0m[0m
[00:10] [0m[Clan] Dartholiver : EVENT TIME BABY[0m
[00:13] [0m[34;1mWhoknows shouts:[0m RUN A.. err wait, get READY![0m
[00:18] [0m[34;1mWhoknows shouts:[0m GO GETEM![0m
[00:19] [0m[34;1mFluffy shouts:[0m xaxis/2e/4s ... theem arcane=energy[0m
[00:20] You can currently reforge 0 items.[0m
[00:22] [0m[34;1mFluffy shouts:[0m Sw corner (1,1) ... Ne Corner (8,8) .... my favorite[0m
[00:22] [0m               (Row,Col) foramt ... Beacon (7,5) ... Bunkers[0m
[00:22] [0m               (5,3)(5,6)&(7,2) ... Pad (3,5)[0m
[00:25] [0m[34;1mHooligan shouts:[0m where all my leo's be at tonight?  :P[0m
[00:25] [0m[34;1mJasmine shouts:[0m Stay off Ne Corner, that's Nik's corner and he doesn't like[0m
[00:25] [0m                competition[0m
[00:26] [0m[34;1mNik shouts:[0m this is my curb, get yet own![0m
[00:27] [0m[34;1mSpace shouts:[0m thanks Fluffy[0m
[00:30] [0m[32mYou tell Simonz:[0m what jewelry runs to do you post reboot?[0m
[00:31] [0m[32mYou tell Simonz:[0m do you do post reboot?[0m
[00:32] [0m[32mSimonz tells you:[0m i transmute an aoe to ring, and string a coon or a pb[0m
[00:32] [0m        main[0m
[00:32] [0m[32mSimonz tells you:[0m and wsit for the clan to get roh[0m
[00:33] [0m[32mYou tell Simonz:[0m know what a coon is but dunno where[0m
[00:36] [0m[32mSimonz tells you:[0m westersea in west fantasy, i know where the area is now,[0m
[00:36] [0m        but you have to do a lot of mini quests and farm reps to be able to[0m
[00:36] [0m        do the spiders[0m
[00:37] [0mYou can currently reforge 4 items.[0m
[00:37] [0m[32mSimonz tells you:[0m only like 3m mobs im told[0m
[00:39] [0m[32mYou tell Simonz:[0m sounds easy enough, i'll ask ser about it[0m
[00:43] [0m[32mYou tell Simonz:[0m sad proc rate at scaler 93 kayos -- 24%[0m
[00:43] [0m[37;1m[JEDI]:[0m Alyssa K'tal arrives at the Academy.[0m
[00:49] [0m[33;1m[Clan] Byron :[0m donde es el evento?[0m
[00:50] [0m[33;1m[Clan] Xaryl :[0m xaxis/2e/4s[0m
[00:50] [0m[33;1m[Clan] Roken :[0m ez enuf to find in desert w/o directions. Saying alot I'm bad[0m
[00:50] [0m[33;1m[Clan] Byron :[0m gracias[0m
[00:51] [0m[32mSimonz tells you:[0m but yeah, my brun mostly consists of filling gems and[0m
[00:51] [0m        crafting a set[0m
[00:52] [0m[32mYou tell Simonz:[0m i wanted simple rings to wear like i find in the gbox[0m
[00:52] [0m[32mSimonz tells you:[0m elven forest e,4s,w from eforest portal had a couple[0m
[00:52] [0m        regularly that you can id[0m
[00:53] [0m[32mSimonz tells you:[0m occasionally get stoneskin[0m
[00:54] [0m[33;1m[Clan] Byron :[0m desert isnthebgimme area, trur[0m
[00:56] [0m[32;1mFrom afar, you thank Simonz.[0m[0m
[00:57] [0m[32;1mFrom afar, you inform Simonz that it is done.[0m[0m
[00:57] [0m[32mYou tell Simonz:[0m noted[0m
[01:06] [0mYou can currently reforge 0 items.[0m
[01:08] [0m[32mSmith says:[0m You require 49 coins to repair *Zelligar's Headband -=|[.oOo.]|=- (worn).[0m
[01:14] [0m[37;1m[JEDI]:[0m Kerran Halcyon arrives at the Academy.[0m
[01:19] [0m[33;1m[Clan] Parisienne :[0m sooo know how I said I was gonna lie about breaking up[0m
[01:19] [0m                    with Gracie?[0m
[01:19] [0m[33;1m[Clan] Parisienne :[0m and for those of you who didn't know .. that's why I[0m
[01:19] [0m                    returned[0m
[01:20] [0m[33;1m[Clan] Parisienne :[0m well you guessed it, I did ..[0m
[01:20] [0m[33;1m[Clan] Parisienne :[0m the only reason I say so is because I didn't want anyone[0m
[01:20] [0m                    to feel like they had to maintain a lie[0m
[01:21] [0m[33;1m[Clan] Xaryl :[0m nod :([0m
[01:21] [0m[33;1m[Clan] Parisienne :[0m I did it[0m
[01:21] [0m[33;1m[Clan] Parisienne :[0m thanks[0m
[01:22] [0m[33;1m[Clan] Roken :[0m had plausible deniability up to now[0m
[01:37] [0mYou can currently reforge 4 items.[0m
[01:45] [0m[37;1m[JEDI]:[0m Durnoth arrives at the Academy.[0m
[01:45] [0m[34;1mHavox shouts:[0m [PARTY] Space: REALLY HARD[0m
[01:47] [0m[35;1mRoken [Jedi(64)]:[0m top level past 141?[0m
[01:48] [0m[35;1mUkyo [Jedi(Knight)]:[0m err, error?[0m
[01:49] [0m[35;1mRoken [Jedi(64)]:[0m doing the math with 75 stats per lvl past lvl 129. With[0m
[01:49] [0m                  L141 in mind, I won't max all stats[0m
[01:51] [0m[35;1mRoken [Jedi(64)]:[0m oh well.. past L134 it's a balance of int/cha/str, mains[0m
[01:51] [0m                  maxed[0m
[01:53] [0m[34;1mKitt shouts:[0m Y K YOOOOO[0m
[01:53] [0m[34;1mRoken shouts:[0m better late then never XD[0m
[01:53] [0m[32;1mFrom afar, you cheer Ukyo on!!![0m[0m
[01:53] [0m[32;1mFrom afar, Ukyo thanks you.[0m[0m
[01:57] [0m[37;1mUkyo <.oO>:[0m Thwap![0m
[01:58] [0m[37;1mStasis <.oO>:[0m this is the BOOM! line[0m
[01:58] [0m[37;1mStasis <.oO>:[0m BOOM![0m
[01:58] [0m[37;1mUkyo <.oO>:[0m think i'll stick at this level till i get erad up a few more[0m
[01:59] [0m[37;1mKitt <.oO>:[0m if your lvl isnt high enough, it wont let you lvl erad until[0m
[01:59] [0m            your lvl iss higher[0m
[02:00] [0m[37;1mFluffy <.oO>:[0m Skills cannot be trained higher than 1/2 your guild level.[0m
[02:00] [0m[37;1mKitt <.oO>:[0m happened to me, had to lvl up before training that[0m
[02:00] [0m[37;1mUkyo <.oO>:[0m well, not sure i'm even at that point. only have erad 2[0m
[02:00] [0m[37;1mUkyo <.oO>:[0m won't raise a level until cost of erad is greater than 5 levels[0m
[02:02] [0m[37;1mUkyo <.oO>:[0m i'm not even sure how much damage my lightweapons do per round,[0m
[02:02] [0m            but i suppose erad is doing 1800 whenever it procs[0m
[02:18] [0m[37;1m[JEDI]:[0m Rhaan arrives at the Academy.[0m
[02:37] [0mYou can currently reforge 8 items.[0m
[02:45] [0m[37;1m[JEDI]:[0m Janath Meelin arrives at the Academy.[0m
[03:18] [0m[37;1m[JEDI]:[0m Ylenic It'kla arrives at the Academy.[0m
[03:37] [0mYou can currently reforge 12 items.[0m
[03:55] [0m[37;1m[JEDI]:[0m Wennic Ber'ni'lok arrives at the Academy.[0m
[04:00] [0m[34;1mJasmine shouts:[0m DIRTY FILTHY MEMORY![0m
[04:00] [0m[34;1mUkyo shouts:[0m This, coming from the mouth of a Sith. You cannot pretend that[0m
[04:00] [0m             you do not like it.[0m
[04:26] [0m[37;1m[JEDI]:[0m Tobias Kel'ach'nar arrives at the Academy.[0m
[04:37] [0mYou can currently reforge 12 items.[0m
[04:56] [0m[37;1m[JEDI]:[0m Reena Bel Noir arrives at the Academy.[0m
[05:23] [0m[37;1m[JEDI]:[0m Bithoff Jonansaan arrives at the Academy.[0m
[06:01] [0m[37;1m[JEDI]:[0m Herah Wylann arrives at the Academy.[0m
[06:31] [0m[37;1m[JEDI]:[0m Bithoff Jonansaan arrives at the Academy.[0m
[10:38] You can currently reforge 12 items.[0m
[10:38] [0m[37;1mZiphe <.oO>:[0m yeah probably right, I mean I counted sheep to determine 1.5[0m
[10:39] [0m[37;1mZiphe <.oO>:[0m the second sheep was a little smaller, so I was off.[0m
[10:39] [0mYou can currently reforge 0 items.[0m
[10:40] [0m[37;1mMugen <.oO>:[0m its 1800 rounds/hr[0m
[10:45] [0m[37;1mNauda <.oO>:[0m rounds are exactly 2 seconds, killed zombie in 4m14, exactly[0m
[10:45] [0m             127 rounds[0m
[10:46] [0m[37;1mZiphe <.oO>:[0m yeah I believed you 10 minutes ago[0m
[10:46] [0m[37;1mSpace <.oO>:[0m it takes you 127 rounds to drop a zombie?[0m
[10:46] [0mnewb Space [necromancer/141]: UG necs! or do a lower scaler - nah scratah[0m
[10:46] [0m                              that UG neccs![0m
[10:46] [0m[37;1mSpace <.oO>:[0m UG necs! or do a lower scaler - nah scratah that UG neccs![0m
[10:46] [0mnewb Space [necromancer/141]: wl[0m
[10:51] [0m[37;1mHex <.oO>:[0m UG angels we're weak as hell ;)[0m
[10:52] [0m[37;1mSpace <.oO>:[0m thats not what the firebat room said, btw thanks for farming[0m
[10:52] [0m             600m firebats, made everyone elses life more difficult :p[0m
[10:52] [0m[37;1mHex <.oO>:[0m ixnay irbat fay[0m
[10:53] [0m[37;1mSpace <.oO>:[0m i dont speak angel so there it that[0m
[10:53] [0m[35;1mBurnaby [Jedi(60)]:[0m yo![0m
[10:54] [0m[35;1mChaed [Jedi(AGM)]:[0m ahoy hoy[0m
[10:54] [0m[35;1mRoken [Jedi(64)]:[0m ay ay[0m
[10:54] [0m[35;1mHyuga [Jedi(92)]:[0m meep mop[0m
[10:54] [0m[35;1mBurnaby [Jedi(60)]:[0m how goes the galactic peace keeping?[0m
[10:54] [0mWhoknows flaps : why the hell do bagels have holes in em?[0m
[10:55] [0mBurnaby flaps : so you can carry 3[0m
[10:55] [0m[35;1mChaed [Jedi(AGM)]:[0m slow...need a faster method to earn 200bil xp[0m
[10:55] [0mAdalius flaps : So they can stack them on a stick to sell them in the street[0m
[10:55] [0mHex flaps : because you can warm them and stick your....[0m
[10:55] [0mHex flaps : yes, what Adalius said[0m
[10:55] [0mBurnaby flaps : sure. let's go with the sensible answer[0m
[10:55] [0m[35;1mSaim [Jedi(Elder)]:[0m try buying the mud[0m
[10:56] [0m[35;1mBurnaby [Jedi(60)]:[0m oh snap[0m
[10:56] [0m[33;1m[Clan] Nix :[0m 3 digit gtnl!!![0m
[10:56] [0mWhoknows flaps : haha[0m
[10:56] [0m[35;1mChaed [Jedi(AGM)]:[0m sorry, I didn't know the first rule was not to be poor[0m
[10:56] [0m[32mChaed tells you:[0m Care to spare a dollar to the 'Chaed-is-broke' fund?[0m
[10:56] [0m[35;1mHyuga [Jedi(92)]:[0m there is no faster. only fast[0m
[10:57] [0m[32;1mFrom afar, you start to strangle Chaed.[0m[0m
[10:57] [0m[33;1m[Clan] Nix :[0m [ADVANCE] Nix has advanced to mastery level 99!![0m
[10:58] [0m[33;1m[Clan] Nix :[0m 99->100 is going to be a grind 107m[0m
[10:58] [0m[33;1m[Clan] Nix :[0m almost 53 days of  combat[0m
[10:58] [0m[37;1m[JEDI]:[0m Kerran Halcyon arrives at the Academy.[0m
[11:02] [0m[33;1m[Clan] Roken :[0m day 5 cmc already happen?[0m
[11:03] [0m[33;1m[Clan] Saim :[0m idk but im down to kill[0m
[11:03] [0m[33;1m[Clan] Saim :[0m if we can do it soon[0m
[11:18] [0mYou can currently reforge 4 items.[0m
[11:25] [0m[37;1m[JEDI]:[0m Janath Meelin arrives at the Academy.[0m
[11:38] [0m[34;1mAdalius shouts:[0m I have 0 tolerance for idle bots.[0m
[11:38] [0m[34;1mAdalius shouts: [0mAlright! Today we're gonna make FRUIT SMOOTHIES![0m
[11:38] [0m[34;1mSimonz shouts: [0mMmmmmmm. Fruity![0m
[11:38] [0m[34;1mHyuga shouts:[0m i am out of fresh turnholds :([0m
[11:38] [0m[34;1mSimonz shouts: [0mSmooth and refreshing![0m
[11:38] [0m[34;1mChaed shouts: [0mMMM! I feel energized![0m
[11:38] [0m[34;1mAdalius shouts: [0mBAM! Dested it up a notch![0m
[11:39] [0m[34;1mGilneas shouts:[0m well thats new and exciting![0m
[11:39] [0m[34;1mAdalius shouts:[0m Lucky for you it didn't say 'fresh' Turnhold.[0m
[11:39] [0m[34;1mSky shouts:[0m Thats what smells pretty ripe.[0m
[11:44] [0mYou can currently reforge 0 items.[0m
[11:48] [0m[37;1m[JEDI]:[0m Reena Bel Noir arrives at the Academy.[0m
[11:55] [0m[35;1mSimonz [Jedi(68)]:[0m oh hey, hesvy industry droid up to 3. only five more to[0m
[11:55] [0m                   robotics 3 heh[0m
[11:56] [0m[35;1mRoken [Jedi(64)]:[0m you're getting more than 8%?[0m
[11:56] [0m[35;1mSimonz [Jedi(68)]:[0m 3 == 25%[0m
[11:57] [0m[35;1mSimonz [Jedi(68)]:[0m and i already was at 50% before the level up[0m
[11:58] [0m[35;1mRoken [Jedi(64)]:[0m so if i stuck to business droid i'd level rob faster? 1 ->[0m
[11:58] [0m                  2 == 8%[0m
[11:59] [0m[35;1mRoken [Jedi(64)]:[0m and 2 -> 3 == 25% am i following?[0m
[12:01] [0mAdalius flaps : Well today should be fun.[0m
[12:01] [0mMelly flaps : what do?[0m
[12:01] [0mAdalius flaps : Jerk-butt tenant that has been threatening a lawsuit for[0m
[12:01] [0m                months just got his final rebuttal from me at 11PM last[0m
[12:01] [0m                night. And today I ran out of my blood pressure medication.[0m
[12:01] [0m                So let's see if I have a coronary if/when he responds. Place[0m
[12:01] [0m                your bets![0m
[12:02] [0mHsima flaps : blood everywhere![0m
[12:02] [0mMelly flaps : i'm betting no, because i don't want to profit if you die,[0m
[12:02] [0m              mostly because i dont want you to die[0m
[12:02] [0mNauda flaps : a lottery?[0m
[12:02] [0mVasha flaps : Fremen kills a lot of wizards.. haha[0m
[12:02] [0mPrismal flaps : same like Melly[0m
[12:03] [0mVasha flaps : and the upcoming frivilous lawsuit of being called a 'jerk[0m
[12:03] [0m              butt'.. i mean, i'm sure its more than just his butt thats a[0m
[12:03] [0m              jerk..[0m
[12:14] [0m[33;1m[Clan] Byron :[0m resetting hotel soonish[0m
[12:15] [0mMelly flaps : i like calling amazon seller support: "we don't have a[0m
[12:15] [0m              technical team". you're a trillion dollar website. and you[0m
[12:15] [0m              have no one who works on that? very believable.[0m
[12:18] [0m[33;1m[Clan] Nix :[0m how soon is soonish[0m
[12:18] [0mYou can currently reforge 4 items.[0m
[12:19] [0m[37;1m[JEDI]:[0m Wennic Ber'ni'lok arrives at the Academy.[0m
[12:19] [0m[33;1m[Clan] Byron :[0m last room[0m
[12:19] [0mcart saying "You must purify your mind and body before attempting this[0m
[12:20] [0mAdalius flaps : It's only a quarter trillion website. They don't have the[0m
[12:20] [0m                margins for the team yet.[0m
[12:22] [0m[34;1mKitt shouts:[0m Wait the freaking min!! Rictor Dies?[0m
[12:22] [0m[34;1mBoosh shouts:[0m duh![0m
[12:23] [0m[34;1mInago shouts:[0m What are you even telling me this story for, Granpa? Who kills[0m
[12:23] [0m              Humperdinck???[0m
[12:23] [0m[34;1mBoosh shouts:[0m don't you nomind it[0m
[12:23] [0m[34;1mGilneas shouts:[0m Humperdink, Humperdink, Humperdink![0m
[12:26] [0m[34;1mBoosh shouts:[0m http://tinyurl.com/hewilltellu trust me its good[0m
[12:45] [0m[37;1m[JEDI]:[0m Wennic Ber'ni'lok arrives at the Academy.[0m
[13:04] [0m[34;1mNik shouts:[0m the first rule of playcult is there is no rules[0m
[13:04] [0m[34;1mSpace shouts:[0m lies rule is to murder/takeout/vote Nik[0m
[13:05] [0m[34;1mSimonz shouts:[0m it's a last man stabbing event[0m
[13:07] [0m[32mSimonz tells you:[0m did you want dirs to westersea?[0m
[13:11] [0m[37;1m[JEDI]:[0m Alyssa K'tal arrives at the Academy.[0m
[13:13] [0m[32mSimonz tells you:[0m portal wforest,e,s,s,s,s,s,w,w,w,w,w,w,nw,w,nw,w,sw,s,nw[0m
[13:13] [0m        ,n,nw,w,w,sw,w,w,sw,w,w,w,w,w,w,w,w,w[0m
[13:14] [0m[32mSimonz tells you:[0m there's a clear log and a clear path in there somewhere,[0m
[13:14] [0m        heh[0m
[13:14] [0m[32mSimonz tells you:[0m it's obvious from the room desc when you get to them[0m
[13:19] [0mYou can currently reforge 8 items.[0m
[13:21] [0m[32mYou tell Simonz:[0m thank you, wrote it down[0m
[13:22] [0m[32;1mFrom afar, Simonz tips his hat to you.[0m[0m
[13:22] [0m[32mSimonz tells you:[0m how many qp do you have?[0m
[13:23] [0m[32mYou tell Simonz:[0m qp? or gp?[0m
[13:23] [0m[32mSimonz tells you:[0m quest points[0m
[13:24] [0m[32mYou tell Simonz:[0m 15(5/10/0)[0m
[13:24] [0m[32;1mFrom afar, Simonz eeps at you.[0m[0m
[13:24] [0m[32mSimonz tells you:[0m dude, you gotta do some questing lol.[0m
[13:25] [0m[32mSimonz tells you:[0m I vaguely remember what it was like before getting[0m
[13:25] [0m        high-mortal and being able to pick a fantasy portal[0m
[13:25] [0m[32mSimonz tells you:[0m such a pain lol[0m
[13:25] [0m[32mYou tell Simonz:[0m i manage[0m
[13:26] [0m[32mYou tell Simonz:[0m qp are shared between all my characters?[0m
[13:27] [0m[32;1mFrom afar, Simonz nods to you.[0m[0m
[13:27] [0m[32mYou tell Simonz:[0m neat[0m
[13:27] [0m[32mYou tell Simonz:[0m monk is L60... can i still do newbie? shall give it a try[0m
[13:28] [0m[32mYou tell Simonz:[0m almost  to 180 dex[0m
[13:28] [0m[32mSimonz tells you:[0m level 50 I think[0m
[13:29] [0m[32mYou tell Simonz:[0m so no benefit for completing Ralintaro on roken?[0m
[13:30] [0m[32mYou tell Simonz:[0m as an example of one completed on a newb char[0m
[13:30] [0m[32mSimonz tells you:[0m you have to type questlist, that will sync your[0m
[13:30] [0m        characters up[0m
[13:30] [0m[32mYou tell Simonz:[0m i did and see 3 solved[0m
[13:31] [0m[32mYou tell Simonz:[0m like to know where it is in fantasy, found in the newbie[0m
[13:31] [0m        tower mirror place[0m
[13:42] [0m[33;1m[Clan] Mud :[0m dex and con max now.  yay!  can raise some cheap stats finally[0m
[13:43] [0m[33;1m[Clan] Xaro :[0m sweet![0m
[13:49] [0m[37;1m[JEDI]:[0m Reena Bel Noir arrives at the Academy.[0m
[14:06] [0m[34;1mNightrider shouts:[0m zombie reset lets go[0m
[14:08] [0m[34;1mNightrider shouts:[0m zombie reset lets go 1 min left[0m
[14:11] [0mNauda flaps : people who say others suck, suck[0m
[14:11] [0mWhoknows flaps : people who suck others rock[0m
[14:11] [0mThom flaps : *snort*[0m
[14:13] [0mNauda flaps : suck harder![0m
[14:19] [0mYou can currently reforge 12 items.[0m
[14:20] [0m[37;1m[JEDI]:[0m Herah Wylann arrives at the Academy.[0m
[14:20] [0m[34;1mBoosh shouts:[0m killswitch finger active[0m
[14:44] [0m[37;1m[JEDI]:[0m Rhaan arrives at the Academy.[0m
[14:50] [0m[35;1mBurnaby [Jedi(60)]:[0m Mastery 10. We all wanna be big stars. Don't know how or[0m
[14:50] [0m                    don't know why.[0m
[14:50] [0m[35;1mSimonz [Jedi(68)]:[0m just got it?[0m
[14:50] [0m[35;1mBurnaby [Jedi(60)]:[0m sometime today. not paying attn[0m
[14:50] [0m[35;1mSimonz [Jedi(68)]:[0m nice![0m
[14:51] [0m[35;1mSimonz [Jedi(68)]:[0m now you just need guide 10[0m
[14:52] [0m[35;1mBurnaby [Jedi(60)]:[0m got that too[0m
[14:52] [0m[35;1mBurnaby [Jedi(60)]:[0m im assuming same time[0m
[14:52] [0m[35;1mSimonz [Jedi(68)]:[0m oh wow[0m
[14:52] [0m[35;1mSimonz [Jedi(68)]:[0m I got mastery 10 on my staff way before I got guide 10[0m
[14:52] [0m[35;1mWhisper [Jedi(31)]:[0m mastery goes to 20 no?[0m
[14:53] [0m[35;1mSimonz [Jedi(68)]:[0m I got master 11 about a week after I got guide 10, but[0m
[14:53] [0m                   mastery 10 was like 5 or 6 weeks before[0m
[14:53] [0m[35;1mBurnaby [Jedi(60)]:[0m i think so. theoretically anyway[0m
[14:53] [0m[35;1mSimonz [Jedi(68)]:[0m yes[0m
[14:53] [0m[34;1mBoosh shouts:[0m isn't that charcter how you pronounce princes new/old name[0m
[14:55] [0m[34;1mSimonz shouts:[0m i think he's trolling us[0m
[15:09] [0m[35;1mSimple [Jedi(50)]:[0m doh[0m
[15:09] [0m[35;1mSimonz [Jedi(68)]:[0m oops[0m
[15:11] [0m[35;1mWhisper [Jedi(31)]:[0m meh[0m
[15:12] [0m[34;1mHyuga shouts:[0m Bo knows.[0m
[15:12] [0m[34;1mWhoknows shouts:[0m number is too big, i cannot read it[0m
[15:16] [0m[37;1m[JEDI]:[0m Ylenic It'kla arrives at the Academy.[0m
[15:19] [0mYou can currently reforge 12 items.[0m
[15:21] [0m[35;1mBurnaby [Jedi(60)]:[0m grr breaking weapons seriously puts a damper on my[0m
[15:21] [0m                    scripting.[0m
[15:21] [0m[35;1mSimonz [Jedi(68)]:[0m get a droid that repairs[0m
[15:22] [0m[35;1mBurnaby [Jedi(60)]:[0m I would if it didnt take 2500+ rounds to go up 1%[0m
[15:22] [0m[35;1mSimonz [Jedi(68)]:[0m meh, I don't even care about how fast it goes, I just[0m
[15:22] [0m                   want my staff to never break[0m
[15:23] [0m[35;1mBurnaby [Jedi(60)]:[0m Business T2 from 1-2 avg 975. so far 2-3 avg 1857[0m
[15:24] [0m[35;1mSimonz [Jedi(68)]:[0m I figure robotics levels will come as they come,[0m
[15:24] [0m                   important thing for me is getting the benefit I want, so[0m
[15:24] [0m                   I just get the ones that fix my weapon[0m
[15:24] [0m[35;1mHyuga [Jedi(92)]:[0m both are valid approaches[0m
[15:25] [0m[35;1mHyuga [Jedi(92)]:[0m although if all you care about is pumping robo you will[0m
[15:25] [0m                  hit a wall at 4-5 and you might reevaluate your method[0m
[15:44] [0m[33;1m[Clan] Xaryl :[0m donates in[0m
[15:51] [0m[37;1m[JEDI]:[0m Janath Meelin arrives at the Academy.[0m
[16:05] [0m[34;1mNauda shouts:[0m woot[0m
[16:06] [0m[34;1mHooligan shouts:[0m woot[0m
[16:06] [0m[34;1mBoosh shouts:[0m disrupted again plan foiled[0m
[16:06] [0m[34;1mDisruptor shouts:[0m thanks guys![0m
[16:07] [0m[32;1mFrom afar, you congratulate Disruptor.[0m[0m
[16:14] [0m[37;1m[JEDI]:[0m H'ssani C'talan arrives at the Academy.[0m
[16:15] [0m[35;1mWhisper [Jedi(31)]:[0m Fd, im like what in the world is wrong with my[0m
[16:15] [0m                    hpbar...HAH. force deflection.[0m
[16:19] [0mYou can currently reforge 12 items.[0m
[16:26] [0m[35;1mSimonz [Jedi(68)]:[0m oops[0m
[16:27] [0m[34;1mBoosh shouts:[0m shhhhhh![0m
[16:27] [0m[35;1mWhisper [Jedi(31)]:[0m heh not oops...shield dropped, and blick[0m
[16:27] [0m[35;1mSimonz [Jedi(68)]:[0m I've never actually killed him, how big is he compared to[0m
[16:27] [0m                   the golems?[0m
[16:27] [0m[35;1mWhisper [Jedi(31)]:[0m 9mil at this scaler[0m
[16:28] [0m[35;1mSimonz [Jedi(68)]:[0m which scaler?[0m
[16:28] [0m[35;1mWhisper [Jedi(31)]:[0m 92[0m
[16:28] [0m[35;1mSimonz [Jedi(68)]:[0m dang.  good thing I never bothered[0m
[16:30] [0m[35;1mWhisper [Jedi(31)]:[0m hehehe[0m
[16:32] [0m[35;1mWhisper [Jedi(31)]:[0m sorry, 8.2mil[0m
[16:43] [0m[37;1m[JEDI]:[0m Tobias Kel'ach'nar arrives at the Academy.[0m
[16:54] [0mYou can currently reforge 0 items.[0m
[16:57] [0m<- ! The Vigilant ! -> :  A destabilization Kayos event has been detected in[0m
[16:57] [0m                          Northern Hills of Fantasy!  We are localizing it[0m
[16:57] [0m                          now - get ready![0m
[16:59] [0m[32mSimonz tells you:[0m need a +9 wis gem for gemchanting?[0m
[17:01] [0m[32mYou tell Simonz:[0m can i on pb main?[0m
[17:01] [0m[32;1mFrom afar, Simonz nods to you.[0m[0m
[17:03] [0m[32mYou tell Simonz:[0m yes, please[0m
[17:05] [0m[32mYou tell Simonz:[0m i just started zombies... where shall I meet you? And is[0m
[17:05] [0m        my crafting lvl adequate?[0m
[17:05] [0m[32mSimonz tells you:[0m anyone can gemchant a gem that's already filled[0m
[17:06] [0m[32mSimonz tells you:[0m outside zombies[0m
[17:06] [0m[32mYou say:[0m hi[0m
[17:06] [0m[32mSimonz says:[0m  careful which gem you use on what[0m
[17:06] [0m[32mSimonz says:[0m  lion is con/str[0m
[17:07] [0m[32;1mFrom afar, you thank Simonz.[0m[0m
[17:08] [0m[34;1mScadar shouts:[0m Damage type?[0m
[17:08] [0m[34;1mDin shouts:[0m emotional[0m
[17:08] [0m[34;1mScadar shouts:[0m emo?[0m
[17:10] [0m[32mYou tell Simonz:[0m thank you that works well. armour degrades faster so it[0m
[17:10] [0m        has lion. cloak has insight[0m
[17:12] [0m[34;1mSimonz shouts:[0m road portal, 2e,3n, electric[0m
[17:13] [0mArchangel flaps : Event portal: road portal/2e/3n electrifying[0m
[17:16] [0m[37;1m[JEDI]:[0m Kerran Halcyon arrives at the Academy.[0m
[17:19] [0mYou can currently reforge 4 items.[0m
[17:31] [0mGilneas flaps : when you customize your hp and add the average custom[0m
[17:31] [0m                strength of your coffin size, has anyone had it show up as[0m
[17:31] [0m                the variable inside of the brackets?[0m
[17:31] [0mGilneas flaps : IE: [.....$ACF$][0m
[17:37] [0m[33;1m[Clan] Phenom :[0m anyone able to tell me why the puppy mill isn't able to be[0m
[17:37] [0m                reset? it never shows up in 'dungeons' with a reset time[0m
[17:37] [0m[33;1m[Clan] Xaryl :[0m it resets like a normal area[0m
[17:37] [0m[33;1m[Clan] Phenom :[0m ahh thanks![0m
[17:37] [0m[33;1m[Clan] Xaryl :[0m it is just your own private area[0m
[17:37] [0m[33;1m[Clan] Phenom :[0m so the scaler doesn't work there?[0m
[17:38] [0m[33;1m[Clan] Xaryl :[0m it should[0m
[17:38] [0m[33;1m[Clan] Phenom :[0m ahh thanks i'll try again :)[0m
[17:38] [0m[33;1m[Clan] Xaryl :[0m not worth doing a bigger one though....since they are crap XP[0m
[17:39] [0m[33;1m[Clan] Phenom :[0m yeah i want it smaller, the 3 mobs beats the crap out of my[0m
[17:39] [0m                weenie gobj :)[0m
[17:39] [0m[33;1m[Clan] Xaryl :[0m heh[0m
[17:46] [0m[33;1m[Clan] Mud :[0m believe the puppies scaler may stick for each boot.   If I go[0m
[17:46] [0m             in first time with scaler 130, I think that may be stuck at 130[0m
[17:46] [0m             until next boot[0m
[17:46] [0m[33;1m[Clan] Nix :[0m nog it lasts all boot long[0m
[17:47] [0m[33;1m[Clan] Mud :[0m ill usually go in after reboot with lowest scaler.   then dont[0m
[17:47] [0m             worry about it for remainder of that boot.   I've burned myself[0m
[17:47] [0m             a couple times not setting it correctly though[0m
[17:50] [0m[37;1m[JEDI]:[0m Durnoth arrives at the Academy.[0m
[17:52] [0m[33;1m[Clan] Phenom :[0m ah that's useful to know, thank you :)[0m
[17:54] [0m[33;1m[Clan] Mud :[0m only Puppies area behaves like that (as far as I know)[0m
[18:05] [0mYou can currently reforge 0 items.[0m
[18:14] [0m[37;1m[JEDI]:[0m Bithoff Jonansaan arrives at the Academy.[0m
[18:18] [0m[34;1mMurder shouts:[0m laggy game[0m
[18:19] [0m[34;1mNauda shouts:[0m Happy birthday Google.[0m
[18:19] [0mYou can currently reforge 4 items.[0m
[18:23] [0m[35;1mWhisper [Jedi(31)]:[0m heh just for the first time warning asbout lightwep[0m
[18:23] [0m                    blowing up[0m
[18:28] [0m[35;1mSimonz [Jedi(68)]:[0m first time ever?  in 31 gl's??[0m
[18:33] [0mGilneas flaps : A Powers Ltd. L-20 freeze hand-gun?[0m
[18:37] [0m[35;1mSimonz [Jedi(68)]:[0m what's the hit limit for fdef?[0m
[18:37] [0m[35;1mWhisper [Jedi(31)]:[0m 69?[0m
[18:38] [0m[35;1mLicklick [Jedi(39)]:[0m heh heh lol[0m
[18:42] [0m[37;1m[JEDI]:[0m Talia Ska arrives at the Academy.[0m
[18:56] [0m[33;1m[Clan] Parisienne :[0m yeah the scaler is boot-long[0m
[18:56] [0m[33;1m[Clan] Parisienne :[0m oh that was a while ago haha[0m
[19:04] [0mnewb Skyblade [sorcerer/59]: is there anything besides the spoon in newbie[0m
[19:04] [0m                             land that lets you do "something" with corpses?[0m
[19:04] [0mnewb Whisper [jedi/133]: phrasing...[0m
[19:04] [0mnewb Babylon [gentech/114]: highly inapproriate emotes? :P[0m
[19:05] [0mnewb Whisper [jedi/133]: and if you mean "use" a corpse to heal hps, spoon[0m
[19:05] [0m                         is the only thing available[0m
[19:05] [0mnewb Scadar [changeling/47]: Bury corpse but it's worse than spoon.[0m
[19:05] [0m[35;1mWhisper [Jedi(32)]:[0m whoop whoop, thats the sound of the glvl![0m
[19:05] [0mnewb Skyblade [sorcerer/59]: yes, "Use" like heal, but not neccesarily heal.[0m
[19:06] [0m[35;1mWhisper [Jedi(32)]:[0m woot![0m
[19:07] [0m[32mSmith says:[0m You require 91 coins to repair *Zelligar's Headband -=|[.oOo.]|=- (worn).[0m
[19:07] [0mYou can currently reforge 0 items.[0m
[19:09] [0m[37;1m[JEDI]:[0m Reena Bel Noir arrives at the Academy.[0m
[19:11] [0mnewb Whisper [jedi/133]: for your core guild, using spoon is your only[0m
[19:11] [0m                         option afaik[0m
[19:12] [0mnewb Skyblade [sorcerer/59]: any newbies on? I'll give you 1000 coins for a[0m
[19:12] [0m                             spoon.[0m
[19:13] [0mnewb Skyblade [sorcerer/59]: unless its available outside of the newbie area[0m
[19:13] [0m                             ... anyone know?[0m
[19:14] [0mnewb Scadar [changeling/47]: Nomads in the desert have them.[0m
[19:14] [0mnewb Simple [jedi/105]: you can take survival mskill and turn corpses into[0m
[19:14] [0m                        steak to eat for heals[0m
[19:14] [0mnewb Scadar [changeling/47]: I forget where that is though.[0m
[19:14] [0mnewb Whisper [jedi/133]: www.3kwiki.com[0m
[19:14] [0mnewb Whisper [jedi/133]: check out mskill section, and their trainers.[0m
[19:15] [0mnewb Simple [jedi/105]: there a spoon hidden in vegtable patch[0m
[19:15] [0mnewb Skyblade [sorcerer/59]: steaks are great for healing hp/sp some, but[0m
[19:15] [0m                             Sorcs don't use SP, and rarely get hit for more[0m
[19:15] [0m                             than 5-10 HP per fight. Hence a spoon.[0m
[19:15] [0mnewb Scadar [changeling/47]: There is no spoon. There is only code. :O[0m
[19:16] [0mnewb Taris [bladesinger/96]: Have you considered asking for a staff of[0m
[19:16] [0m                             nature or maybe a demented farmer pipe?  Or a[0m
[19:16] [0m                             crafter to build you an HP regen gem?[0m
[19:16] [0mnewb Thom [bard/80]: what the heck are solarpeak skillpoins?[0m
[19:16] [0mnewb Disruptor [elemental/127]: qinfo[0m
[19:16] [0mnewb Thom [bard/80]: ah. noted[0m
[19:18] [0mnewb Scadar [changeling/47]: Regeneration helps a little but not much.[0m
[19:19] [0mYou can currently reforge 4 items.[0m
[19:33] [0m[37;1m[JEDI]:[0m Herah Wylann arrives at the Academy.[0m
[19:52] [0m[34;1mTaris shouts:[0m Holy crap, I finally used up all of my RL Intervetion xp![0m
[19:52] [0m[34;1mSkyblade shouts:[0m You should stock up some more right away![0m
[19:53] [0m[34;1mSkyblade shouts:[0m Get it?[0m
[20:02] [0m[37;1m[JEDI]:[0m Janath Meelin arrives at the Academy.[0m
[20:20] [0m[33;1m[Clan] Sock wiggles off your foot.[0m  [0m
[20:24] [0m[37;1m[JEDI]:[0m Ylenic It'kla arrives at the Academy.[0m
[20:36] [0mYou can currently reforge 8 items.[0m
[20:41] [0mYou can currently reforge 0 items.[0m
[20:48] [0m[37;1m[JEDI]:[0m Alyssa K'tal arrives at the Academy.[0m
[20:55] [0m[34;1mCrolack shouts:[0m bot like a donut![0m
[20:55] [0m[34;1mVoodoo shouts:[0m playcult! murder crolack![0m
[21:05] [0m[35;1mWhisper [Jedi(32)]:[0m well then[0m
[21:05] [0m[35;1mWhisper [Jedi(32)]:[0m round both shields droped, blick from 2000 hp heh[0m
[21:06] [0m[35;1mArchimedes [Jedi(Legend)]:[0m You don't use maintain?[0m
[21:06] [0m[35;1mChaed [Jedi(AGM)]:[0m force sat[0m
[21:06] [0m[35;1mArchimedes [Jedi(Legend)]:[0m Also, says you died to force saturation.[0m
[21:06] [0m[35;1mWhisper [Jedi(32)]:[0m oh crap:|[0m
[21:06] [0m[35;1mWhisper [Jedi(32)]:[0m i see it now[0m
[21:06] [0m[35;1mWhisper [Jedi(32)]:[0m thanks guys.[0m
[21:07] [0m[35;1mWhisper [Jedi(32)]:[0m apparently fdef and 2 golems is a bit much at this[0m
[21:07] [0m                    scaler[0m
[21:07] [0m[35;1mChaed [Jedi(AGM)]:[0m shields will fire b4 the mob hits you[0m
[21:07] [0m[35;1mWhisper [Jedi(32)]:[0m oh, even in the same round they drop?[0m
[21:08] [0m[35;1mChaed [Jedi(AGM)]:[0m the mob would've hit you already[0m
[21:09] [0m[34;1mMellaous shouts:[0m 16 jedi on?!?[0m
[21:09] [0m[34;1mGrinner shouts:[0m downgrade jedi[0m
[21:09] [0m[34;1mMellaous shouts:[0m Adalius must be giving out free candy and rides[0m
[21:10] [0m[34;1mMellaous shouts:[0m Here little jedi, would you like some candy?[0m
[21:10] [0m[34;1mRoken shouts:[0m Sure, you have Butterfingers?![0m
[21:13] [0m[35;1mWhisper [Jedi(32)]:[0m gotcha, thanks[0m
[21:14] [0m[35;1mWhisper [Jedi(32)]:[0m im a bit of noob to all the new jedi stuff heh[0m
[21:23] [0m[37;1m[JEDI]:[0m Talia Ska arrives at the Academy.[0m
[21:34] [0m[35;1mWhisper [Jedi(32)]:[0m some damn variable refused to fill, and force sat went[0m
[21:34] [0m                    nuts fast heh[0m
[21:34] [0m[35;1mKortor [Jedi(65)]:[0m just wasn't payin attention[0m
[21:35] [0m[35;1mKortor [Jedi(65)]:[0m got the kill though[0m
[21:36] [0mYou can currently reforge 4 items.[0m
[21:51] [0mRoken flaps : anyone with OG day 5 CMC i can dupe?[0m
[21:51] [0m[37;1m[JEDI]:[0m Durnoth arrives at the Academy.[0m
[21:53] [0mSkeksis@3s gshouts: theon quit hiding you sultry minx![0m
[22:00] [0m[33;1m[Clan] Nix :[0m phenom can you grab your ring of life out of the crypt box?[0m
[22:01] [0m[33;1m[Clan] Nix :[0m i hate this boe box bullshit[0m
[22:01] [0m[33;1m[Clan] Nix :[0m i'd rather it just drop on the ground then block me from[0m
[22:01] [0m             getting all from a box[0m
[22:01] [0m[33;1m[Clan] Ser :[0m yah its stupid[0m
[22:01] [0m[33;1m[Clan] Nix :[0m they should just treat that shit like its not even there to any[0m
[22:01] [0m             other play.. i imagine is just a flag[0m
[22:01] [0m[33;1m[Clan] Ser :[0m i've bugged adalius about it multiple times[0m
[22:02] [0m[33;1m[Clan] Roken :[0m adalius busy making jedi bs ;)[0m
[22:02] [0m[33;1m[Clan] Ser :[0m is there any way to block just 1 person on clan line[0m
[22:02] [0m[33;1m[Clan] Nix :[0m ftf![0m
[22:03] [0m[33;1m[Clan] Nix :[0m F*** the Force![0m
[22:03] [0m[33;1m[Clan] Ser :[0m did you get a day 5 cmc?[0m
[22:03] [0m[33;1m[Clan] Roken :[0m no[0m
[22:03] [0m[33;1m[Clan] Nix :[0m nah i got the tag, but never duped it[0m
[22:03] [0m[33;1m[Clan] Ser :[0m who's got OG?[0m
[22:03] [0m[33;1m[Clan] Nix :[0m space[0m
[22:03] [0m[33;1m[Clan] Nix :[0m why dupe now tho? day 6 isn't far away[0m
[22:03] [0m[33;1m[Clan] Ser :[0m i won't be up that early[0m
[22:03] [0m[33;1m[Clan] Ser :[0m and i dont have a guac[0m
[22:04] [0m[33;1m[Clan] Ser :[0m dont feel like doing tacos, too late[0m
[22:15] [0m[37;1m[JEDI]:[0m Kerran Halcyon arrives at the Academy.[0m
[22:20] [0m[33;1m[Clan] Martyr leaves the game.[0m  [0m
[22:27] [0m[33;1m[Clan] Nix :[0m where does prismal fight? smurf?[0m
[22:28] [0m[33;1m[Clan] Ipsie :[0m blades got sexier while i was gone[0m
[22:28] [0m[33;1m[Clan] Parisienne :[0m jedi got potent too[0m
[22:28] [0m[33;1m[Clan] Parisienne :[0m guess I was gone shorter than you, hah![0m
[22:32] [0m[33;1m[Clan] Ser :[0m ooo mud you're gonna bump me down soon[0m
[22:32] [0m[33;1m[Clan] Mud :[0m naw, i be slackin[0m
[22:33] [0m[33;1m[Clan] Ser :[0m i just changed a bunch of powers out, wondering if i can turn[0m
[22:33] [0m             dodge off[0m
[22:33] [0m[33;1m[Clan] Nix :[0m i can res you if you die[0m
[22:33] [0m[33;1m[Clan] Ser :[0m laf[0m
[22:33] [0m[33;1m[Clan] Ser :[0m seems like it's pretty effective without it on in chess[0m
[22:34] [0m[33;1m[Clan] Ser :[0m but that's not a good test[0m
[22:34] [0m[33;1m[Clan] Nix :[0m if you turn on nothing but dmg what do you do a round?[0m
[22:34] [0m[33;1m[Clan] Ser :[0m i dont even know what i have for straight damage[0m
[22:34] [0m[33;1m[Clan] Ser :[0m probably not much more tbh[0m
[22:34] [0m[33;1m[Clan] Ser :[0m most of the powers are tanky[0m
[22:35] [0m[33;1m[Clan] Nix :[0m what's your avg now?[0m
[22:35] [0m[33;1m[Clan] Ser :[0m 4.3k according to guild[0m
[22:35] [0m[33;1m[Clan] Ser :[0m 4.9k according to my tracker[0m
[22:35] [0m[33;1m[Clan] Nix :[0m nah, it'll get higher than that[0m
[22:35] [0m[33;1m[Clan] Ser :[0m cmc helps a bit[0m
[22:35] [0m[33;1m[Clan] Nix :[0m Krank[0m
[22:35] [0m[33;1m[Clan] Ser :[0m yah most of my damage will come from maxing psiwield[0m
[22:36] [0m[33;1m[Clan] Ser :[0m which is a good gxp sink, which is why i haven't done it yet[0m
[22:36] [0mYou can currently reforge 8 items.[0m
[22:36] [0m[33;1m[Clan] Ser :[0m looks like i can run with dodge off for the most part[0m
[22:37] [0m[33;1m[Clan] Ser :[0m which means i can keep damage up higher[0m
[22:37] [0m[33;1m[Clan] Ser :[0m honestly i want to max dodge + riposte[0m
[22:37] [0m[33;1m[Clan] Ser :[0m which lets me hit enemy if i dodge attack[0m
[22:38] [0m[33;1m[Clan] Nix :[0m oo[0m
[22:38] [0m[33;1m[Clan] Ser :[0m but everything takes stam sooo[0m
[22:38] [0m[33;1m[Clan] Ser :[0m again, i just need to shoot for glevels, once i have to train[0m
[22:38] [0m             skills again i'll probably work on maxing psiwield stuff[0m
[22:38] [0m[35;1mLicklick [Jedi(39)]:[0m gnight yall[0m
[22:39] [0m[33;1m[Clan] Ser :[0m more glevels = more gxp/rnd[0m
[22:39] [0m[33;1m[Clan] Ser :[0m it's only 1% more each glevel, but hey[0m
[22:39] [0m[33;1m[Clan] Nix :[0m it adds up[0m
[22:39] [0m[33;1m[Clan] Ser :[0m that'll be 7% more by the time i hit 100[0m
[22:39] [0m[33;1m[Clan] Ser :[0m which i'll probably have most things maxed by then anyways[0m
[22:39] [0m             because of the damn gxp cost[0m
[22:40] [0m[33;1m[Clan] Ser :[0m pulling ~4.7k in rimalkins, gonna test with dodge on[0m
[22:40] [0m[33;1m[Clan] Nix :[0m how's sock these days?[0m
[22:40] [0m[33;1m[Clan] Ser :[0m as far as[0m
[22:40] [0m[33;1m[Clan] Nix :[0m overall powaaa[0m
[22:40] [0m[33;1m[Clan] Ser :[0m eh same, i guess w/ tanking boost prolly better but havent[0m
[22:40] [0m             really geared him out and tested him[0m
[22:40] [0m[33;1m[Clan] Nix :[0m i'm either dumping time in to mages, breed or gswapping another[0m
[22:40] [0m             spot[0m
[22:40] [0m[33;1m[Clan] Ser :[0m damage still sucks[0m
[22:40] [0m[33;1m[Clan] Ser :[0m i guess sucks isnt the right word[0m
[22:41] [0m[33;1m[Clan] Nix :[0m it does tho[0m
[22:41] [0m[33;1m[Clan] Ser :[0m i can outtank shit now tho & w/ the improvements to psi[0m
[22:41] [0m             handling it's a little better[0m
[22:41] [0m[33;1m[Clan] Ser :[0m can actually sustain longer combat, before it was just crap[0m
[22:42] [0m[33;1m[Clan] Ser :[0m turned off displacement, turned dodge + riposte on, actually[0m
[22:42] [0m             maintaining psi[0m
[22:42] [0m[33;1m[Clan] Ser :[0m on ser that is--  finally loaded the 'big' defense power, t7[0m
[22:42] [0m             greater valotr[0m
[22:43] [0m[33;1m[Clan] Ser :[0m valor*  --  i've been running the t4 'improved valor'[0m
[22:43] [0m[33;1m[Clan] Ser :[0m so i think that's helping tankability a lot[0m
[22:43] [0m[33;1m[Clan] Nix :[0m nice boost?[0m
[22:43] [0m[33;1m[Clan] Ser :[0m yah seem to be maintaining stam in rimalkins which is uhh not[0m
[22:43] [0m             usually how it goes[0m
[22:44] [0m[33;1m[Clan] Ser :[0m damage has gone up ~100/rnd so far w/ running riposte as well,[0m
[22:44] [0m             we'll see what it peaks at in about 15 mins[0m
[22:44] [0m[37;1m[JEDI]:[0m H'ssani C'talan arrives at the Academy.[0m
[22:44] [0m[33;1m[Clan] Ser :[0m my riposte skill is only 20/100[0m
[22:44] [0m[33;1m[Clan] Ser :[0m and psiwields are still both only 50/100[0m
[22:44] [0m[33;1m[Clan] Ser :[0m so i've got a lot of improvement to make, but again..  stupid[0m
[22:44] [0m             gxp pool[0m
[22:46] [0m[33;1m[Clan] Ser :[0m honestly whenever i get about 10 mill gxp saved up i just want[0m
[22:46] [0m             to blow it all on skills and i have to check myself, like no[0m
[22:46] [0m             that's a good short term solution, but long term...[0m
[22:46] [0m[33;1m[Clan] Ser :[0m damage is up 200 points so far[0m
[22:50] [0m[33;1m[Clan] Ser :[0m i'll say about a 300 point increase, and i'm not even running[0m
[22:50] [0m             some of the major damage powers i had before[0m
[22:50] [0m[33;1m[Clan] Ser :[0m going to have to get a few glevels before i can load them in[0m
[22:50] [0m             again[0m
[22:50] [0m[33;1m[Clan] Ser :[0m let's say 4-5 glevels[0m
[22:50] [0m[34;1mHyuga shouts:[0m Update your grey matter, cuz one day it may matter.[0m
[22:50] [0m[33;1m[Clan] Ser :[0m well maybe just 1-5[0m
[22:52] [0m[33;1m[Clan] Nix :[0m heh, shame the pools not separated[0m
[22:59] [0m[33;1m[Clan] Byron :[0m laf, 4-5 gls is max no?[0m
[23:00] [0m[33;1m[Clan] Nix :[0m 7 more[0m
[23:01] [0m[33;1m[Clan] Ser :[0m 98 is when i get 5th/final t7 slot[0m
[23:01] [0m[33;1m[Clan] Ser :[0m i get 4th t7 next glevel[0m
[23:02] [0m[33;1m[Clan] Ser :[0m think i am just going to put all stats into wis next lvl[0m
[23:02] [0m[33;1m[Clan] Ser :[0m see if that bring my damage up[0m
[23:14] [0m[37;1m[JEDI]:[0m Wennic Ber'ni'lok arrives at the Academy.[0m
[23:36] [0mYou can currently reforge 12 items.[0m
[23:38] [0m[37;1m[JEDI]:[0m Rhaan arrives at the Academy.[0m
