- = LOG STARTED [00:00] = -
[00:00] [0m[32mByron says:[0m BELOCH LIFE 3[0m
[00:01] [0m[33;1m[PARTY][0m Roken: so forgetful... k my ktrig is off[0m
[00:01] [0m[33;1m[PARTY][0m Roken: refresh at death[0m
[00:01] [0m[33;1m[PARTY][0m Mud: go for it[0m
[00:02] [0m[33;1m[PARTY][0m Mud: ill refresh next round[0m
[00:03] [0m[32mByron says:[0m BELOCH LIFE 2[0m
[00:04] [0m[32mByron says:[0m BELOCH LIFE 3[0m
[00:06] [0m[33;1m[PARTY][0m Mud: freshed[0m
[00:07] [0m[33;1m[PARTY][0m Mud: roken pot on ground[0m
[00:07] [0m[33;1m[PARTY][0m Roken: any skins?[0m
[00:07] [0m[33;1m[PARTY][0m Mud: havent seen many lately or yet[0m
[00:07] [0m[33;1m[PARTY][0m Roken: someone can have the pot[0m
[00:08] [0m[33;1m[PARTY][0m Ser: i have a refresh[0m
[00:08] [0m[33;1m[PARTY][0m Ser: after this one[0m
[00:08] [0m[33;1m[PARTY][0m Mud: id be willing to swipe 1x of the extras if weve got them[0m
[00:08] [0m[32mByron says:[0m BELOCH LIFE 2[0m
[00:08] [0m[33;1m[PARTY][0m Nik: i got an extra refresh too[0m
[00:08] [0m[34;1mKitt shouts:[0m We are siamese, if you please[0m
[00:09] [0m[33;1m[PARTY][0m Mud: ill be full once this beloch dies[0m
[00:09] [0m[32mByron says:[0m BELOCH LIFE 3[0m
[00:10] [0m[33;1m[PARTY][0m Mud: imagine getting 10x fingers total would be nice[0m
[00:11] [0m[33;1m[PARTY][0m Mud: ser tern?[0m
[00:12] [0m[33;1m[PARTY][0m Ser: i'm full[0m
[00:13] [0m[32mByron says:[0m BELOCH LIFE 2[0m
[00:14] [0m[32mByron says:[0m BELOCH LIFE 3[0m
[00:15] [0m[33;1m[PARTY][0m Mud: oops[0m
[00:15] [0m[33;1m[PARTY][0m Mud: think my deadman kicked in, even though in combat.  not[0m
[00:15] [0m     sure wtf.  omw back[0m
[00:16] [0m[33;1m[PARTY][0m Ser: anyone's pot[0m
[00:17] [0m[33;1m[PARTY][0m Ser: i can refresh another[0m
[00:17] [0m[33;1m[PARTY][0m Mud: i dont need[0m
[00:17] [0m[33;1m[PARTY][0m Byron: i'll give it to martyr[0m
[00:17] [0m[33;1m[PARTY][0m Byron: he needs[0m
[00:17] [0m[33;1m[Clan] Nik :[0m want me to refresh?[0m
[00:17] [0m[33;1m[PARTY][0m Nik: whoops n haha not yet[0m
[00:17] [0m[34;1mKitt shouts:[0m voodoo loves you all[0m
[00:17] [0m[33;1m[PARTY][0m Ser: stupid dog[0m
[00:17] [0m[34;1mInfectious shouts:[0m ^[0m
[00:17] [0m[34;1mVoodoo shouts:[0m i love you long time[0m
[00:17] [0m[33;1m[Clan] Byron :[0m sure[0m
[00:18] [0m[34;1mHooligan shouts:[0m as long as you are pantsless...[0m
[00:18] [0m[33;1m[Clan] Ser :[0m who else needs?[0m
[00:18] [0m[33;1m[Clan] Mud :[0m ^ referring to finger pos[0m
[00:18] [0m[33;1m[Clan] Mud :[0m pots[0m
[00:18] [0m[33;1m[Clan] Mud :[0m pokin smot[0m
[00:19] [0m[32mByron says:[0m BELOCH LIFE 2[0m
[00:19] [0m[33;1m[PARTY][0m Mud: 2.75ish hours for glvl[0m
[00:20] [0m[32mByron says:[0m BELOCH LIFE 3[0m
[00:22] [0m[33;1m[PARTY][0m Mud: there is your skin roken[0m
[00:23] [0m[37;1m[JEDI]:[0m Wennic Ber'ni'lok arrives at the Academy.[0m
[00:23] [0m[33;1m[PARTY][0m Mud: that nik's refresh? or another nat[0m
[00:25] [0m[33;1m[PARTY][0m Nik: i freshed, dont need the potion tho[0m
[00:26] [0m[32mByron says:[0m BELOCH LIFE 2[0m
[00:27] [0m[33;1m[PARTY][0m Mud: and another skin[0m
[00:27] [0m[32mByron says:[0m BELOCH LIFE 3[0m
[00:27] [0;1;35m[33;1m[PARTY][0m Mud: niks refresh/niks skin  isnk sink[0m
[00:27] [0m[32mVoodoo says:[0m pants life 0[0m
[00:29] [0m[32mByron says:[0m refresh if you want one[0m
[00:29] [0m[32mVoodoo says:[0m refleshing[0m
[00:29] [0m[32mMud says:[0m ouch[0m
[00:29] [0m[32mVoodoo says:[0m refleshing[0m
[00:30] [0m[32mByron says:[0m BELOCH LIFE 4[0m
[00:30] [0m[32mVoodoo says:[0m woo life 4[0m
[00:30] [0m[32mMud says:[0m weve gone plaid[0m
[00:30] [0m[32mByron says:[0m BELOCH LIFE 5[0m
[00:32] [0m[32mMud says:[0m think thats it?[0m
[00:32] [0m[33;1m[PARTY][0m Mud: any more?[0m
[00:32] [0m[32;1mFrom afar, you go 'Woo Woo!' at Thiral.[0m[0m
[00:32] [0m[32mByron says:[0m im getting to bed[0m
[00:32] [0m[33;1m[PARTY][0m Nik: bed sounds good![0m
[00:33] [0m[33;1m[PARTY][0m Roken: yep[0m
[00:33] [0m[33;1m[PARTY][0m Roken: thank you al[0m
[00:33] [0m[33;1m[Clan] Roken :[0m thank you all[0m
[00:33] [0m[33;1m[PARTY][0m Roken has quit the party.[0m
[00:50] [0mYour transmuter's stone bursts with 5 new colours![0m
[00:53] [0m[37;1m[JEDI]:[0m Herah Wylann arrives at the Academy.[0m
[00:54] [0m[35;1mAristodemus [Jedi(21)]:[0m phee I thought it was Siam but its another jedi altogether[0m
[00:54] [0m[35;1mSiem [Jedi(60)]:[0m d:[0m
[00:54] [0m[35;1mAristodemus [Jedi(21)]:[0m We are going to have some confusion here[0m
[00:55] [0m[35;1mAristodemus [Jedi(21)]:[0m next you gonna say you are twins...[0m
[00:55] [0m[35;1mAristodemus [Jedi(21)]:[0m Siam twins[0m
[01:07] [0m[33;1m[Clan] Anecdote enters the game.[0m  [0m
[01:09] [0mFd  Wm:g Wc: 46% Gx:  7.06% Fx: 21.77%[0m
[01:12] [0mSock flaps : steam controllers on sale for 5$[0m
[01:12] [0mSock flaps : they're not making anymore, 8$ shipping but w/e[0m
[01:12] [0mSock flaps : usually 60$ so[0m
[01:13] [0mRoken flaps : still make console?[0m
[01:13] [0mRoken flaps : still make console?[0m
[01:14] [0mSock flaps : for pc/w/e[0m
[01:20] [0m[34;1mNik shouts:[0m cast yourselves upon the gears[0m
[01:22] [0m[35;1mAristodemus [Jedi(21)]:[0m hax[0m
[01:25] [0m[37;1m[JEDI]:[0m Reena Bel Noir arrives at the Academy.[0m
[01:26] [0m[34;1mBeebo shouts:[0m Any chance of a turduken of death this year?[0m
[01:34] [0m[34;1mBlubber shouts:[0m Baturduchickquailenkkeycon[0m
[01:34] [0m[34;1mBlubber shouts:[0m Baostturduchickquailenkkeyrishcon[0m
[01:36] [0m[34;1mBlubber shouts:[0m He knows...[0m
[01:36] [0m[34;1mFluffy shouts:[0m big ... something ...[0m
[01:36] [0m[34;1mSpace shouts:[0m dont think there will be a turduken this year since turkey farm is already in play[0m
[01:36] [0m              as thanksgiving special event[0m
[01:37] [0m[34;1mBlubber shouts:[0m Gobblegobble[0m
[01:37] [0m[34;1mBeebo shouts:[0m Turkey Farm![0m
[01:41] [0m[34;1mVagrant shouts:[0m he knows![0m
[01:50] [0mYour transmuter's stone bursts with 3 new colours![0m
[01:51] [0m[37;1m[JEDI]:[0m Talia Ska arrives at the Academy.[0m
[02:01] [0m[34;1mDin shouts:[0m charmin ads are weird.  Mom and Dad bear won't pick up Kid's undies, assuming[0m
[02:01] [0m            they're poo-caked.  Nasty already, but if he wears clothes/undies, why are none of[0m
[02:01] [0m            them wearing clothes?[0m
[02:01] [0m[34;1mFluffy shouts:[0m just squeeze it ... no one will notice/say anything ...[0m
[02:22] [0m[37;1m[JEDI]:[0m Kerran Halcyon arrives at the Academy.[0m
[02:51] [0m[35;1mBlubber [Jedi(19)]:[0m What would be a good main that I could use with h2h/shim? Druid?[0m
[02:57] [0m[37;1m[JEDI]:[0m Ylenic It'kla arrives at the Academy.[0m
[03:04] [0m[35;1mAristodemus [Jedi(22)]:[0m shimura[0m
[03:04] [0m[35;1mAristodemus [Jedi(22)]:[0m ki burst is a lethal weapon[0m
[03:05] [0m[35;1mAristodemus [Jedi(22)]:[0m it will boost your damage and gxp rate but in the end , I think lsc with[0m
[03:05] [0m                        guide will do more[0m
[03:05] [0m[35;1mBlubber [Jedi(19)]:[0m What?[0m
[03:06] [0m[35;1mBlubber [Jedi(19)]:[0m I meant to ask what main armour would work with the restrictions of h2h and[0m
[03:06] [0m                    shimura monk (non heavy).[0m
[03:12] [0m[35;1mAristodemus [Jedi(22)]:[0m ow hhehehehee[0m
[03:12] [0m[35;1mAristodemus [Jedi(22)]:[0m Well I dont remember actually[0m
[03:12] [0m[35;1mAristodemus [Jedi(22)]:[0m sorryz[0m
[03:25] [0m[37;1m[JEDI]:[0m Janath Meelin arrives at the Academy.[0m
[03:46] [0mXiu flaps : i just discovered a major flaw in the mud. there's one more space between[0m
[03:46] [0m            "resistances:" and edged ac in score vs eq. probably should shut down the game now[0m
[03:46] [0m            for maintenance.[0m
[09:36] [0m[35;1mHyuga [Jedi(94)]:[0m uhh[0m
[09:37] [0m[35;1mHyuga [Jedi(94)]:[0m light sabers are offensive[0m
[09:38] [0m[35;1mLicklick [Jedi(46)]:[0m but dont use force[0m
[09:41] [0m[35;1mHyuga [Jedi(94)]:[0m focus mode /guide -- You draw upon the Force to help you find the weaknesses[0m
[09:41] [0m                  in your foes so that you may strike most effectively with your lightsaber.[0m
[09:41] [0m                  With the Force guiding your strikes, you feel confident to face the challenges[0m
[09:41] [0m                  of the universe.[0m
[09:41] [0m[35;1mHyuga [Jedi(94)]:[0m yep. no force there[0m
[09:42] [0m[35;1mLicklick [Jedi(46)]:[0m yeah guide your strike, not a poser of the force[0m
[09:42] [0m[35;1mLicklick [Jedi(46)]:[0m *power[0m
[09:42] [0m[35;1mHyuga [Jedi(94)]:[0m rofl[0m
[09:42] [0m[35;1mHyuga [Jedi(94)]:[0m u funny 2lick[0m
[09:42] [0m[35;1mLicklick [Jedi(46)]:[0m you guide me not do it for me[0m
[09:43] [0m[35;1mHyuga [Jedi(94)]:[0m can i please buy some pot, from you?[0m
[09:43] [0m[35;1mBlubber [Jedi(4)]:[0m so which lightsaber? lightstaff?[0m
[09:43] [0m[35;1mHyuga [Jedi(94)]:[0m i would go with saber[0m
[09:44] [0m[35;1mLicklick [Jedi(46)]:[0m davgers[0m
[09:44] [0m[35;1mLicklick [Jedi(46)]:[0m *daggers[0m
[09:44] [0m[35;1mHyuga [Jedi(94)]:[0m staff isnt bad but i have heard that the mastery trains a bit slower[0m
[09:44] [0m[35;1mBlubber [Jedi(4)]:[0m It irks me that normal lightsaber isn't 1h[0m
[09:44] [0m[35;1mHyuga [Jedi(94)]:[0m i don't know that thats actually true tho[0m
[09:44] [0m[35;1mLicklick [Jedi(46)]:[0m daggers[0m
[09:45] [0m[35;1mLicklick [Jedi(46)]:[0m daggers train faster[0m
[09:46] [0m[35;1mHyuga [Jedi(94)]:[0m if you wanted to idle gxp for 400 rnds, nod. daggers :)[0m
[09:46] [0m[35;1mLicklick [Jedi(46)]:[0m cant idle 400 lol[0m
[09:46] [0m[35;1mLicklick [Jedi(46)]:[0m gxp wont cum:)[0m
[09:46] [0m[35;1mLicklick [Jedi(46)]:[0m *come[0m
[09:47] [0m[35;1mBlubber [Jedi(4)]:[0m Any difference between lightstaff/lightsaber damage wise[0m
[09:47] [0m[35;1mHyuga [Jedi(94)]:[0m i mean if you are using daggers you clearly don't care what you are doing haha[0m
[09:47] [0m[35;1mHyuga [Jedi(94)]:[0m nope[0m
[09:47] [0m[35;1mLicklick [Jedi(46)]:[0m nope daggers are cool[0m
[09:47] [0m[35;1mBlubber [Jedi(4)]:[0m How's flurry?[0m
[09:47] [0m[35;1mLicklick [Jedi(46)]:[0m easy[0m
[09:47] [0m[35;1mLicklick [Jedi(46)]:[0m more rounds[0m
[09:48] [0m[35;1mLicklick [Jedi(46)]:[0m daggers lvl flurry faster[0m
[09:48] [0m[35;1mHyuga [Jedi(94)]:[0m ukyo has 9/9 daggers i think and does like 50% of his guide dmg[0m
[09:48] [0m[35;1mLicklick [Jedi(46)]:[0m so just use spells[0m
[09:48] [0m[35;1mLicklick [Jedi(46)]:[0m UNLIMITED POWERR[0m
[09:48] [0m[35;1mBlubber [Jedi(4)]:[0m POWAH![0m
[09:49] [0m[35;1mBlubber [Jedi(4)]:[0m If I could tank as a dark I would[0m
[09:49] [0m[35;1mBlubber [Jedi(4)]:[0m Lord knows I like the lore better[0m
[09:49] [0m[35;1mHyuga [Jedi(94)]:[0m licklick, your advice is absolutely terrible :)[0m
[09:49] [0m[35;1mLicklick [Jedi(46)]:[0m obi wans coolest[0m
[09:49] [0m[35;1mBlubber [Jedi(4)]:[0m Give me Palpies every day of the week[0m
[09:50] [0m[35;1mLicklick [Jedi(46)]:[0m i know im saying use daggers while im using and enjoying saber[0m
[09:50] [0m[35;1mHyuga [Jedi(94)]:[0m i don't think many/any of the big jedi have flurry or use it[0m
[09:51] [0m[35;1mHyuga [Jedi(94)]:[0m since they are all lightside there is literally 0 point to using it[0m
[09:51] [0m[37;1m[JEDI]:[0m Talia Ska arrives at the Academy.[0m
[09:51] [0m[35;1mHyuga [Jedi(94)]:[0m with specific mob exceptions[0m
[09:51] [0m[35;1mHyuga [Jedi(94)]:[0m i use flurry to kill sauk[0m
[09:51] [0m[35;1mLicklick [Jedi(46)]:[0m hyuga guide him[0m
[09:51] [0m[35;1mLicklick [Jedi(46)]:[0m i like your advice[0m
[09:51] [0m[35;1mHyuga [Jedi(94)]:[0m basically flurry is normal mode emotes, which a chance for multiple attacks[0m
[09:52] [0m[35;1mLicklick [Jedi(46)]:[0m hyuga is my obi-wan[0m
[09:52] [0m[35;1mHyuga [Jedi(94)]:[0m guide on the other hand is just a massive dmg boost[0m
[09:53] [0m[35;1mLicklick [Jedi(46)]:[0m so wise[0m
[09:53] [0m[35;1mBlubber [Jedi(4)]:[0m lol[0m
[09:55] [0m[35;1mHyuga [Jedi(94)]:[0m so, saber will break a lot initially, and you will question your sanity and[0m
[09:55] [0m                  lufe choices[0m
[09:56] [0m[35;1mHyuga [Jedi(94)]:[0m but just stick it out, it gets better[0m
[09:56] [0m[35;1mHyuga [Jedi(94)]:[0m and the thing with saber tho is that you can swap off guide if you are killing[0m
[09:56] [0m                  too fast and wanna crank it back and gxp[0m
[09:57] [0m[35;1mHyuga [Jedi(94)]:[0m you have options[0m
[09:57] [0m[35;1mBlubber [Jedi(4)]:[0m nog[0m
[09:57] [0m[35;1mHyuga [Jedi(94)]:[0m you can go flurry, you can swap to say a lighstaff with lower mastery, or even[0m
[09:57] [0m                  2lick's daggers. you can even use h2h if ya want[0m
[09:58] [0m[35;1mHyuga [Jedi(94)]:[0m but when you wanna blast off, set your phaser and kill and guide them foos to[0m
[09:58] [0m                  their deaths[0m
[09:58] [0m[35;1mHyuga [Jedi(94)]:[0m and=to[0m
[10:04] [0m[35;1mLicklick [Jedi(46)]:[0m lightning at 13 sounds fun[0m
[10:04] [0m[35;1mHyuga [Jedi(94)]:[0m my security droid is going crazy atm[0m
[10:05] [0m[35;1mLicklick [Jedi(46)]:[0m ooooooooooooooooooo ihave idea[0m
[10:05] [0m[35;1mLicklick [Jedi(46)]:[0m lightning mastery ooooo[0m
[10:06] [0m[35;1mHyuga [Jedi(94)]:[0m trust me you don't want that[0m
[10:08] [0m[35;1mHyuga [Jedi(94)]:[0m it could be a cool idea depending on how it was implemented[0m
[10:08] [0m[35;1mHyuga [Jedi(94)]:[0m but the current system it would take you 50 days of casting flight before you[0m
[10:08] [0m                  are doing full dmg[0m
[10:09] [0m[35;1mHyuga [Jedi(94)]:[0m as opposed to doing full dmg for 50 days[0m
[10:10] [0m[35;1mHyuga [Jedi(94)]:[0m you have a mage, they have spell mastery :)[0m
[10:10] [0m[35;1mLicklick [Jedi(46)]:[0m yeah mage is coolest guild[0m
[10:10] [0m[35;1mHyuga [Jedi(94)]:[0m that it is[0m
[10:11] [0m[35;1mHyuga [Jedi(94)]:[0m mages are prolly the king of ultility[0m
[10:11] [0m[35;1mHyuga [Jedi(94)]:[0m necros and gentech too[0m
[10:12] [0m[35;1mLicklick [Jedi(46)]:[0m mages have literally infinite potential[0m
[10:12] [0m[35;1mLicklick [Jedi(46)]:[0m literally[0m
[10:12] [0m[35;1mHyuga [Jedi(94)]:[0m well, sorta[0m
[10:13] [0m[35;1mHyuga [Jedi(94)]:[0m there is also a fair amount they can't do[0m
[10:13] [0m[35;1mHyuga [Jedi(94)]:[0m like heal[0m
[10:13] [0m[35;1mHyuga [Jedi(94)]:[0m and they are dependant on gems always[0m
[10:13] [0mAdalius flaps : Whats funny is that its not a bug, its specifically coded (as in it passes an[0m
[10:13] [0m                argument to remove 1 space) to do that. Don't ask me why.[0m
[10:13] [0mAdalius flaps : Maybe someone just wanted to remove Space and thought that would do it.[0m
[10:13] [0mBlubber flaps : Why?[0m
[10:14] [0mHyuga flaps : because it was breaking stuff and someone fixed it?[0m
[10:14] [0m[35;1mLicklick [Jedi(46)]:[0m heah but there def is goy and the mud auto heal helps[0m
[10:14] [0mXiu flaps : if alcohol was invovled i completely understand[0m
[10:14] [0mMellaous flaps : Xiu has become so BS he is now starting to see through the Matrix[0m
[10:14] [0m[37;1m[JEDI]:[0m Reena Bel Noir arrives at the Academy.[0m
[10:14] [0mXiu flaps : laff[0m
[10:15] [0m[35;1mHyuga [Jedi(94)]:[0m yeah in the right hands they can do a lot[0m
[10:15] [0mAdalius flaps : The only thing I can think of is on EQ it lines up with the first letter of the[0m
[10:15] [0m                equipment, and on score it lines up with the first digit of the hp/sp/gp, so[0m
[10:15] [0m                maybe they did that rather than shifting everything over 1.[0m
[10:15] [0m[35;1mHyuga [Jedi(94)]:[0m in the wrong hands tho... not much[0m
[10:15] [0m[35;1mLicklick [Jedi(46)]:[0m i needed lots of help from elminster hes my poopie teen[0m
[10:16] [0mMellaous flaps : He took the Red Pill![0m
[10:16] [0m[35;1mHyuga [Jedi(94)]:[0m poor elmi[0m
[10:16] [0mXiu flaps : on 3K when we say "there is no spoon" it's because the drop rate is bad[0m
[10:16] [0mMellaous flaps : And now Adalius aka. Mr. Anderson is going to get him[0m
[10:18] [0m[35;1mLicklick [Jedi(46)]:[0m no way thanks blubber[0m
[10:18] [0m[35;1mBlubber [Jedi(6)]:[0m mm?[0m
[10:19] [0m[35;1mLicklick [Jedi(46)]:[0m didnt know reena was here and i didnt know but you brought me to him now im[0m
[10:19] [0m                     qt 9 ri[0m
[10:19] [0m[35;1mHyuga [Jedi(94)]:[0m time to go kill a 1M class mob[0m
[10:20] [0m[35;1mLicklick [Jedi(46)]:[0m lol i have no armor[0m
[10:20] [0m[35;1mHyuga [Jedi(94)]:[0m time to go learn where to get some armour[0m
[10:20] [0m[35;1mLicklick [Jedi(46)]:[0m translucent but thats it[0m
[10:21] [0m[35;1mHyuga [Jedi(94)]:[0m thats a start[0m
[10:23] [0m[35;1mLicklick [Jedi(46)]:[0m todays wendsday right[0m
[10:23] [0m[35;1mBlubber [Jedi(6)]:[0m thursday[0m
[10:23] [0m[35;1mLicklick [Jedi(46)]:[0m oooooooooooooooppps[0m
[10:24] [0m[35;1mHyuga [Jedi(94)]:[0m rofl[0m
[10:24] [0m[35;1mLicklick [Jedi(46)]:[0m oh i well no one will notice[0m
[10:25] [0m[35;1mHyuga [Jedi(94)]:[0m if it doesnt have gravy on it i am not paying attention[0m
[10:25] [0mWhoknows flaps : does anyone else hear the adam sandler turkey song in their head every[0m
[10:25] [0m                 thanksgiving or is it just me?[0m
[10:26] [0mZor flaps : Turkey for you, Turkey for Me[0m
[10:28] [0m[35;1mLicklick [Jedi(46)]:[0m 1 million is close but too far[0m
[10:28] [0m[35;1mLicklick [Jedi(46)]:[0m do zombies do blunt dmg?[0m
[10:28] [0m[35;1mBlubber [Jedi(6)]:[0m Depends on if they still have skin I guess[0m
[10:29] [0m[35;1mLicklick [Jedi(46)]:[0m i need more fragments so i can start ancient teachings on cpain[0m
[10:30] [0m[35;1mLicklick [Jedi(46)]:[0m hyuga have u donated any yet?[0m
[10:37] [0m[37;1m[JEDI]:[0m Herah Wylann arrives at the Academy.[0m
[10:40] [0mNauda flaps : and a turkey for the turkey[0m
[10:45] [0m[35;1mBlubber [Jedi(8)]:[0m bbiab[0m
[10:46] [0m[35;1mAristodemus [Jedi(23)]:[0m brb[0m
[10:54] [0m[35;1mLicklick [Jedi(46)]:[0m if i somehow hit lvl 100 ill fast enough ill be back to 99[0m
[10:59] [0mYour transmuter's stone bursts with 5 new colours![0m
[11:02] [0m[37;1m[JEDI]:[0m Bithoff Jonansaan arrives at the Academy.[0m
[11:11] [0m[35;1mAristodemus [Jedi(23)]:[0m The road back to 30 is fun but painful[0m
[11:18] [0m[37;1mBoosh <.oO>:[0m can i get a rez please[0m
[11:20] [0m[34;1mBeebo shouts:[0m Happy Thanksgiving![0m
[11:24] [0mDalthazar flaps : Happy Thanksgiving to the craziest bunch of nuts this side of the nut house![0m
[11:26] [0m[34;1mRoken shouts:[0m Happy Thanksgivings, Mudders![0m
[11:28] [0m[37;1m[JEDI]:[0m Kerran Halcyon arrives at the Academy.[0m
[11:32] [0m[34;1mWhoknows shouts:[0m may your bellies be full, and your cups never run dry![0m
[11:33] [0m[34;1mNauda shouts:[0m and who knows what else[0m
[11:33] [0m<- ! The Vigilant ! -> :  A destabilization Kayos event has been detected in Northern Hills of[0m
[11:33] [0m                          Fantasy!  We are localizing it now - get ready![0m
[11:33] [0m[34;1mWhoknows shouts:[0m hazah![0m
[11:33] [0m[34;1mKitt shouts:[0m Awwwwww Crap, Check out the event![0m
[11:34] [0m[34;1mWhoknows shouts:[0m is it full of jive turkies?[0m
[11:41] [0m[34;1mWhoknows shouts:[0m ATTACK![0m
[11:42] [0m[34;1mPytlak shouts:[0m Everybody make sure you listen to Alice's Restaurant today.[0m
[11:42] [0m[34;1mWhoknows shouts:[0m dont go down the hole?[0m
[11:43] [0m[34;1mZor shouts:[0m that's the rabbit hole who knows where it goes[0m
[11:49] [0mDalthazar flaps : portal is 8n,e,n from n wayhaven exit[0m
[11:49] [0mDalthazar flaps : arcane[0m
[11:57] [0m[37;1m[JEDI]:[0m Wennic Ber'ni'lok arrives at the Academy.[0m
[11:59] [0mYour transmuter's stone bursts with 2 new colours![0m
[12:01] [0m[35;1mAristodemus [Jedi(23)]:[0m 2lick[0m
[12:01] [0m[35;1mAristodemus [Jedi(23)]:[0m I am guessing you can take on a mil[0m
[12:01] [0m[35;1mAristodemus [Jedi(23)]:[0m unless there was a significant change lately[0m
[12:02] [0m[35;1mAristodemus [Jedi(23)]:[0m of course don't go hunting them 1mil pantsless[0m
[12:10] [0m[37;1mZor <.oO>:[0m woo!!!!!!!!!!!!!!!!!!!!!!!!!!!!!![0m
[12:16] [0m[35;1mAristodemus [Jedi(23)]:[0m cheers for now[0m
[12:16] [0m[35;1mAristodemus [Jedi(23)]:[0m I might reconnect and might not[0m
[12:34] [0m[37;1m[JEDI]:[0m Herah Wylann arrives at the Academy.[0m
[12:36] [0m[33;1m[Clan] Nik leaves the game.[0m  [0m
[12:36] [0m[33;1m[Clan] Yik enters the game.[0m  [0m
[12:38] [0m[34;1mYik shouts:[0m playcult like a turkey and revolt![0m
[12:48] [0m[34;1mBlubber shouts:[0m Don't moose me brah![0m
[12:58] [0m[37;1m[JEDI]:[0m Rhaan arrives at the Academy.[0m
[12:59] [0m[33;1m[Clan] Pol enters the game.[0m  [0m
[12:59] [0mYour transmuter's stone bursts with 6 new colours![0m
[13:04] [0m[33;1m[Clan] Pol :[0m do they still do invasions?[0m
[13:05] [0m[35;1mPol [Jedi(Knight)]:[0m whoa olorin is here?[0m
[13:11] [0m[34;1mHooligan shouts:[0m happy turkey day 3k![0m
[13:11] [0m[34;1mBlubber shouts:[0m Gobble gobble mf[0m
[13:12] [0m[33;1m[Clan] Martyr :[0m yeah[0m
[13:12] [0m[33;1m[Clan] Martyr :[0m halloween had one[0m
[13:12] [0m[33;1m[Clan] Martyr :[0m theres a turkey farm area open atm[0m
[13:12] [0m[33;1m[Clan] Pol :[0m what was ever in there?[0m
[13:12] [0m[33;1m[Clan] Pol :[0m is that the one where you needed someone small in your party?[0m
[13:21] [0m[33;1m[Clan] Nix :[0m i think at one poont.. now its just big 300m mobs[0m
[13:26] [0m[37;1m[JEDI]:[0m Janath Meelin arrives at the Academy.[0m
[13:39] [0m[33;1m[Clan] Martyr :[0m Yik, you want a tank?[0m
[13:39] [0m[33;1m[Clan] Yik :[0m thatd be tits![0m
[13:39] [0m[33;1m[Clan] Martyr :[0m woo[0m
[13:59] [0mYour transmuter's stone bursts with 2 new colours![0m
[14:03] [0m[37;1m[JEDI]:[0m Durnoth arrives at the Academy.[0m
[14:33] [0m[34;1mKitt shouts:[0m Let it Go, Let it go![0m
[14:35] [0m[34;1mKitt shouts:[0m Here i stand! Let the Strom rag on![0m
[14:37] [0m[37;1m[JEDI]:[0m Reena Bel Noir arrives at the Academy.[0m
[15:00] [0mYour transmuter's stone bursts with 2 new colours![0m
[15:08] [0m[37;1m[JEDI]:[0m Bithoff Jonansaan arrives at the Academy.[0m
[15:13] [0m[35;1mAristodemus [Jedi(23)]:[0m owww[0m
[15:13] [0m[34;1mKitt shouts:[0m it was just a horse of course!![0m
[15:13] [0m[35;1mAristodemus [Jedi(23)]:[0m the horse was very angry indeed[0m
[15:16] [0m[35;1mAristodemus [Jedi(23)]:[0m I thought idle dying was hyuga's thing[0m
[15:17] [0m[35;1mLicklick [Jedi(46)]:[0m lol[0m
[15:27] [0m[35;1mAristodemus [Jedi(24)]:[0m haxx[0m
[15:29] [0m[35;1mAristodemus [Jedi(24)]:[0m gnight[0m
[15:29] [0m[35;1mRoken [Jedi(72)]:[0m night[0m
[15:42] [0m[37;1m[JEDI]:[0m Talia Ska arrives at the Academy.[0m
[16:00] [0mYour transmuter's stone bursts with 3 new colours![0m
[16:10] [0m[37;1m[JEDI]:[0m Alyssa K'tal arrives at the Academy.[0m
[16:32] [0m[34;1mPer shouts:[0m oldfart invasion[0m
[16:32] [0m[34;1mFlaxen shouts:[0m raah[0m
[16:34] [0m[34;1mKitt shouts:[0m Flaxen in box[0m
[16:43] [0m[37;1m[JEDI]:[0m H'ssani C'talan arrives at the Academy.[0m
[17:00] [0mYour transmuter's stone bursts with 5 new colours![0m
[17:05] [0m[37;1m[JEDI]:[0m Kerran Halcyon arrives at the Academy.[0m
[17:17] [0m[34;1mKitt shouts:[0m Hahah, Jumped out the window![0m
[17:17] [0m[34;1mWhoknows shouts:[0m RUN AWAY!!![0m
[17:18] [0m[34;1mKitt shouts:[0m You cant tank, the Tank![0m
[17:18] [0m[34;1mNauda shouts:[0m Last death of this event[0m
[17:21] [0m[34;1mFlaxen shouts:[0m omg get the corpse[0m
[17:21] [0m[34;1mNauda shouts:[0m You need to put tank in your tank[0m
[17:21] [0m[34;1mFlaxen shouts:[0m GET TO DA COHPSE[0m
[17:21] [0m[34;1mFluffy shouts:[0m medic!![0m
[17:21] [0m[34;1mKitt shouts:[0m Corpse At COT[0m
[17:23] [0m[34;1mFlaxen shouts:[0m ur ded[0m
[17:25] [0m[34;1mWhoknows shouts:[0m that's u're[0m
[17:33] [0m[37;1m[JEDI]:[0m Ylenic It'kla arrives at the Academy.[0m
[17:57] [0m[33;1m[Clan] Void enters the game.[0m  [0m
[18:00] [0mYour transmuter's stone bursts with 4 new colours![0m
[18:03] [0m[37;1m[JEDI]:[0m Tobias Kel'ach'nar arrives at the Academy.[0m
[18:07] [0m[33;1m[Clan] Nix :[0m heading to the hospital in 53 mins[0m
[18:07] [0m[33;1m[Clan] Nix :[0m nerves are pumping[0m
[18:20] [0m[33;1m[Clan] Martyr :[0m if its a boy name him byron[0m
[18:25] [0m[37;1m[JEDI]:[0m Talia Ska arrives at the Academy.[0m
[18:30] [0m[33;1m[Clan] Yik :[0m im alive?![0m
[18:39] [0m[35;1mLicklick [Jedi(46)]:[0m sabers best it has flurry and guide and i need both[0m
[18:39] [0m[35;1mLicklick [Jedi(46)]:[0m i admit it[0m
[18:52] [0m[33;1m[Clan] Ser :[0m one of my buddies makes fun of me every time i say clannies[0m
[18:56] [0m[37;1m[JEDI]:[0m Reena Bel Noir arrives at the Academy.[0m
[19:00] [0m[34;1mHyuga shouts:[0m I am Turkatron. I have come from the year 9595 to save this bird that lies before[0m
[19:00] [0m              you for he is the great, great, great, great grandfather...of Goblox...the turkey[0m
[19:00] [0m              that's destined to lead the rebellion against master chickens.[0m
[19:02] [0m[34;1mHyuga shouts:[0m Do you know who Goblox is?! I will tell you who Goblox is. In the year 9595, a[0m
[19:02] [0m              race of deformed turkey was genetically developed by chicken scientists[0m
[19:02] [0m              as revenge against his bird brother.[0m
[19:02] [0m[34;1mYik shouts:[0m THOUSANDS OF YEARS AGO[0m
[19:02] [0m[34;1mFluffy shouts:[0m so we will need more gravy ?[0m
[19:07] [0m[34;1mHyuga shouts:[0m Pass me more wine. I shall require it to finish.[0m
[19:26] [0m[35;1mLicklick [Jedi(46)]:[0m i wonder how deflection ancient teachings work[0m
[19:29] [0m[37;1m[JEDI]:[0m Ylenic It'kla arrives at the Academy.[0m
[19:30] [0mYour transmuter's stone bursts with 3 new colours![0m
[19:37] [0m[33;1m[Clan] Ser :[0m ~25.5 days g2n[0m
[19:37] [0m[33;1m[Clan] Ser :[0m \o/[0m
[19:54] [0m[37;1m[JEDI]:[0m Janath Meelin arrives at the Academy.[0m
[20:11] [0m[33;1m[Clan] Ser :[0m we doing a turkey run or you guys done w/ those[0m
[20:14] [0m[33;1m[Clan] Yik :[0m what was the old mystery with those and what all can you buy with the.. feathers?[0m
[20:19] [0m[33;1m[Clan] Ser :[0m do i say fk it and max psiwield[0m
[20:20] [0m[33;1m[Clan] Yik :[0m does that add more slots?[0m
[20:21] [0m[33;1m[Clan] Ser :[0m no, but would start maxing my damage potential...  ~35 combat days to max, i've got[0m
[20:21] [0m             about 3 combat days worth[0m
[20:22] [0m[37;1m[JEDI]:[0m Alyssa K'tal arrives at the Academy.[0m
[20:24] [0m[33;1m[Clan] Yik :[0m ahh, well i spose that still sounds worth it![0m
[20:29] [0m[33;1m[Clan] Nix :[0m max dmg[0m
[20:31] [0mYour transmuter's stone bursts with 2 new colours![0m
[20:44] [0mFrom afar, you sense the psychic link between Yik and his host snap,[0m
[20:44] [0m[35;1mHyuga [Jedi(94)]:[0m lame[0m
[20:44] [0m[34;1mXiu shouts:[0m or perhaps not alone... which is so much worse.[0m
[20:45] [0m[33;1m[Clan] Yik :[0m o dangit[0m
[20:46] [0m[33;1m[Clan] Yik :[0m i was all, 'one more youtube video, then ill go get a new bod'[0m
[20:49] [0m[34;1mNooster shouts:[0m I don't know.  Generally that door is one person wide.[0m
[20:50] [0m[34;1mKitt shouts:[0m Black friday is overrated[0m
[20:51] [0m[34;1mYik shouts:[0m but red friday, that i can get behind[0m
[20:51] [0m[34;1mFluffy shouts:[0m you'll never go back![0m
[20:56] [0m[37;1m[JEDI]:[0m H'ssani C'talan arrives at the Academy.[0m
[20:57] [0m[34;1mXiu shouts:[0m red friday, the Clauses send their regards.[0m
[21:01] [0m[34;1mHyuga shouts:[0m in soviet russia, red friday buys YOU[0m
[21:02] [0m[34;1mNauda shouts:[0m In soviet 3k, Hyuga hugs your[0m
[21:15] [0m[33;1m[Clan] Ser :[0m i mean technically[0m
[21:15] [0m[33;1m[Clan] Ser :[0m but gxp[0m
[21:19] [0m[34;1mSpace shouts:[0m in soviet hyuga, Bulwarks get eaten for breakfast[0m
[21:20] [0m[33;1m[Clan] Ser :[0m just put 20 points in power[0m
[21:20] [0m[33;1m[Clan] Ser :[0m 70/100[0m
[21:20] [0m[33;1m[Clan] Ser :[0m going to check average in 30 mins or so, see what the difference is[0m
[21:20] [0m[37;1mSpace <.oO>:[0m hmm, just did (recover and it removed all my fs tags[0m
[21:20] [0m[33;1m[Clan] Ser :[0m was at ~4350[0m
[21:23] [0m[34;1mHyuga shouts:[0m and dinner![0m
[21:26] [0m[37;1m[JEDI]:[0m Wennic Ber'ni'lok arrives at the Academy.[0m
[21:31] [0mYour transmuter's stone bursts with 5 new colours![0m
[21:40] [0m[33;1m[Clan] Ser :[0m ~4550 now[0m
[21:40] [0m[33;1m[Clan] Ser :[0m so another 30 points, probably around 4850 w/o speed[0m
[21:44] [0m[34;1mSpace shouts:[0m could someone send me a whole lotta stuffing please?[0m
[21:45] [0m[34;1mYik shouts:[0m i can stuff you with daggers[0m
[21:45] [0m[34;1mSpace shouts:[0m for that you'd need to get me to playcult first :p[0m
[21:55] [0m[37;1m[JEDI]:[0m Kerran Halcyon arrives at the Academy.[0m
[22:00] [0m[33;1m[Clan] Ser :[0m so, ~250 point increase for ~20mil gxp[0m
[22:00] [0m[33;1m[Clan] Ser :[0m is that worth it :P[0m
[22:07] [0m[33;1m[Clan] Martyr :[0m yes, you hit like a bearded lady[0m
[22:21] [0m[32mErig says: [0mYou must stop Zelligar! He has gone crazy![0m
[22:25] [0m[37;1m[JEDI]:[0m Tobias Kel'ach'nar arrives at the Academy.[0m
[22:31] [0mYour transmuter's stone bursts with 6 new colours![0m
[22:50] [0m[37;1m[JEDI]:[0m Rhaan arrives at the Academy.[0m
[22:55] [0m[34;1mBeebo shouts:[0m How does the whole amazon gift card deal work?  Do I just pick a wizard and send[0m
[22:55] [0m              it to the email address they have listed in their finger page?[0m
[22:55] [0m[34;1mSpace shouts:[0m yes[0m
[23:09] [0m[33;1m[Clan] Mud :[0m any turkey farmin?[0m
[23:15] [0m[33;1m[Clan] Ser :[0m not that i know of[0m
[23:16] [0m[33;1m[Clan] Ser :[0m they said i needed another year of combat time[0m
[23:16] [0m[33;1m[Clan] Mud :[0m who[0m
[23:16] [0m[33;1m[Clan] Ser :[0m just making shit up[0m
[23:16] [0m[33;1m[Clan] Mud :[0m ahh[0m
[23:17] [0m[37;1m[JEDI]:[0m Durnoth arrives at the Academy.[0m
[23:19] [0m[33;1m[Clan] Ser :[0m mud mind coming to hit/tank queen for me[0m
[23:19] [0m[33;1m[Clan] Mud :[0m in middle of conglomeration, otherwise id be right there[0m
[23:19] [0m[33;1m[Clan] Ser :[0m no worries, i'll be chipping away[0m
[23:20] [0m[33;1m[Clan] Mud :[0m should be its last life[0m
[23:20] [0m[33;1m[Clan] Mud :[0m omw[0m
[23:28] [0m[33;1m[Clan] Ser :[0m yo Void you want +bare hands[0m
[23:28] [0m[33;1m[Clan] Ser :[0m boxed[0m
[23:29] [0m[33;1m[Clan] Nix :[0m if i olay that char at some point ill grab[0m
[23:38] [0mYour transmuter's stone bursts with 4 new colours![0m
[23:49] [0m[37;1m[JEDI]:[0m Bithoff Jonansaan arrives at the Academy.[0m
[23:55] [0m[33;1m[Clan] Roken :[0m yo[0m
[23:55] [0m[33;1m[Clan] Mud :[0m gi[0m
[23:55] [0m[33;1m[Clan] Roken :[0m bear[0m
[23:55] [0m[33;1m[Clan] Mud :[0m eyy boo boo[0m
[23:56] [0m[33;1m[Clan] Roken :[0m lmao[0m
