- = LOG STARTED [00:00] = -
[00:12] [0m[34;1mVagrant shouts:[0m firebat touched them...[0m
[00:13] [0m[34;1mSpace shouts:[0m #FAKENEWS[0m
[00:13] [0m[34;1mVagrant shouts:[0m UG monks pls[0m
[00:14] [0m[34;1mXiu shouts:[0m some wiz must be bored, spamming us to make it look like Rictor[0m
[00:14] [0m            died. that's unpossible[0m
[00:15] [0m[34;1mSomeone shouts:[0m jokes on you. Rictor actually killed me and my wiz obj[0m
[00:21] [0mInix flaps : On 'got talent' show "It finally feels like I'm accepted.  My[0m
[00:21] [0m             family.. "  YOu HAVE A FER:LJKAS:FLJK FAMILY, why are you[0m
[00:21] [0m             looking for strangers to be accepted!?[0m
[00:22] [0mSky flaps : how drunk does inix have to be to watch talent shows?[0m
[00:22] [0mVagrant flaps : 5/10[0m
[00:22] [0mFluffy flaps : 3.141592653589[0m
[00:24] [0mYou adjust your reforger's kit slightly, ready to do more business.[0m
[00:24] [0mYou can currently reforge 12 items.[0m
[00:28] [0mCaeli flaps : I am 10?10 drunk![0m
[00:28] [0m[34;1mKitt shouts:[0m See kids, smoking weed will kill you[0m
[00:29] [0mKitt flaps : a wut[0m
[00:29] [0mFluffy flaps : lush![0m
[00:30] [0m[34;1mRoadblock shouts:[0m if anyone is available I need to max out my dodge skill[0m
[00:30] [0m                  please Im at COT if anyone can train me.[0m
[00:30] [0mCaeli flaps : Fluffy has hit the nail on the head[0m
[00:30] [0mNightrider flaps : you smashed fluffy?[0m
[00:31] [0mCall [Jedi(20)]: I am becoming more powerful than any jedi has ever dreamed[0m
[00:31] [0m                 of.[0m
[00:34] [0mCall [Jedi(21)]: can someone come teach me meditation at fondon?[0m
[00:37] [0mHyuga [Jedi(89)]: yep[0m
[00:37] [0mCall [Jedi(21)]: i am at fondon[0m
[00:38] [0mCall [Jedi(21)]: thank you hyuga[0m
[00:40] [0mKitt flaps : 8Inix: is Inix cool? Like the Fonze?[0m
[00:40] [0mInix flaps : [30;1m([34;1m8[30;1m)[0mInix : It is decidedly so[0m
[00:41] [0mKitt flaps : 8Inix: will Turnhold Upgrade Juggers?[0m
[00:41] [0mRaest flaps : 8Inix is it even worth me going to bed tonight[0m
[00:41] [0mInix flaps : [30;1m([34;1m8[30;1m)[0mInix : Without a doubt[0m
[00:41] [0mInix flaps : [30;1m([34;1m8[30;1m)[0mInix : Don't count on it[0m
[00:41] [0mInix flaps : The latter is the mostest accurate, fwiw[0m
[00:41] [0mKitt flaps : haha[0m
[00:42] [0mRaest flaps : i wonder if a wiz were to force all online players to do that[0m
[00:42] [0m              at the same time if it'd break something[0m
[00:43] [0mKitt flaps : you could spam it but i doubt it[0m
[00:43] [0mInix flaps : If all players were forced to watch Hailey Reinhart's[0m
[00:43] [0m             "postmodern jukebox" cover of Radiohead's "Creep"?[0m
[00:43] [0mInix flaps : THey'd al be super lucky...because it's amazeballs[0m
[00:43] [0mRaest flaps : oh, i'd just kill myself at that point[0m
[00:46] [0mInix flaps : Whatever makes you happy...whatever you want[0m
[00:59] [0mInix flaps : Black hole Sun, won't you come[0m
[01:00] [0mGlazed flaps : and wash away the pain?[0m
[01:09] [0mInix flaps : I think I'm going to try to find people to teach me piano...[0m
[01:09] [0mInix flaps : granted, I mean 'keyboard', I'll have to buy one of those[0m
[01:09] [0m             synthetic practice pianos....but I like it as a real instrument[0m
[01:11] [0mInix flaps : *watching "Dr. House" sing and play piano*[0m
[01:12] [0mInix flaps : AKA Hugh Laurie[0m
[01:17] [0mCaeli flaps : Hugh Laurie is an awesome musician![0m
[01:18] [0mInix flaps : Truth factg[0m
[01:18] [0mInix flaps : So is Haley Reinhart >.>[0m
[01:18] [0mCall [Jedi(21)]: i gleveled[0m
[01:18] [0mCaeli flaps : I have a bunch of his songs on my phone. Who?[0m
[01:19] [0mUkyo [Jedi(75)]: soon enough, you'll be passing Jasmine up.[0m
[01:19] [0mAsp flaps : different tastes for sure, i feel like i have ear cancer now[0m
[01:19] [0m            after checking out haley's creep and black hole sun covers[0m
[01:19] [0mInix flaps : She's a frequent 'featured' for Postmodern Jukebox[0m
[01:19] [0mCaeli flaps : I'll check her out then![0m
[01:20] [0mCaeli flaps : OH!  I've heard her Creep remake![0m
[01:20] [0mInix flaps : It's amazeballs...I don't know what Asp's defect is[0m
[01:21] [0mCaeli flaps : It is!  Inix, have you heard of Ivy Levan or Melody Gardot?[0m
[01:21] [0m[34;1mJasmine shouts:[0m PLAYCULT! 1 more needed to kill Ukyo[0m
[01:22] [0mAsp flaps : i generally like that singer/songwriter/lounge type female[0m
[01:22] [0m            singers too. She just sounds like a teenager that's putting on a[0m
[01:22] [0m            weird accent heh[0m
[01:22] [0m[34;1mVagrant shouts:[0m I tried to learn one time but failed so nmever went back to[0m
[01:22] [0m                that game![0m
[01:22] [0mInix flaps : I'm sorry Asp, that's not nice...what you said, different[0m
[01:22] [0m             tastes.  I do like her voice/style though.[0m
[01:23] [0mInix flaps : That being said, if you have an example of the "same but[0m
[01:23] [0m             better", I'd lide to watch it/compare[0m
[01:23] [0mInix flaps : like*[0m
[01:24] [0mCaeli flaps : She's pretty cute[0m
[01:24] [0mYou adjust your reforger's kit slightly, ready to do more business.[0m
[01:24] [0mYou can currently reforge 12 items.[0m
[01:24] [0m[34;1mLughna shouts:[0m woo woo[0m
[01:24] [0m[34;1mSquirrel shouts:[0m big letters[0m
[01:24] [0m[34;1mEagleeyes shouts:[0m woo[0m
[01:25] [0m[34;1mBoosh shouts:[0m 3 more to go for eternals[0m
[01:25] [0mAsp flaps : https://www.youtube.com/watch?v=sO-XQJnXhiM  <3[0m
[01:27] [0mCaeli flaps : Asp, that's a fantastic cover too![0m
[01:27] [0mInix flaps : definitely more umm..independent, so less 'studio' ambiance,[0m
[01:27] [0m             but more 'soulfulness' which is really a key aspect for this[0m
[01:27] [0m             specific song[0m
[01:28] [0mAsp flaps : check out her kiss me, sixpence none the richer cover[0m
[01:28] [0mInix flaps : Will do[0m
[01:28] [0mAsp flaps : yeah she's buckets of soul[0m
[01:28] [0mCaeli flaps : Yep![0m
[01:30] [0mInix flaps : wow..that register[0m
[01:30] [0mCaeli flaps : I like the remake of Radioactive by Pentatonix.[0m
[01:31] [0mInix flaps : f u Asp[0m
[01:31] [0mInix flaps : *sinks into depression*[0m
[01:31] [0mInix flaps : /kiss me, beneath the milky twilight/[0m
[01:31] [0mCaeli flaps : DOes anyone else here listen to Lindsey Stirling?[0m
[01:31] [0mAsp flaps : aww it's not depression, it's overwhelming heart-love![0m
[01:34] [0mInix flaps : Down by the broken treehouse, swing me by it's hanging tire[0m
[01:34] [0mInix flaps : She has a beautiful voice[0m
[01:35] [0mInix flaps : and face, obviously[0m
[01:35] [0mAsp flaps : yeah she's a peach[0m
[01:36] [0mInix flaps : ugh, I think tonight's about to go in a Julian Baker direction[0m
[01:36] [0m[34;1mJasmine shouts:[0m PLAYCULT! 2 more needed to kill Ukyo[0m
[01:37] [0m[34;1mRoadblock shouts:[0m shout shout let it all out[0m
[01:37] [0m[34;1mUkyo shouts:[0m Never gonna give you up[0m
[01:38] [0mCaeli flaps : I kinda veered into Pentatonix[0m
[01:47] [0m[34;1mUkyo shouts:[0m OOOOAOOOAOAOA I *LOVE* that LAG!!![0m
[01:49] [0mInix flaps : On the last page of life, that's written in gold...don't waste[0m
[01:49] [0m             it, always doing what you're told.[0m
[01:51] [0mCaeli flaps : Is it weid to have multiple versions of one song on a device?[0m
[01:57] [0mInix flaps : oh em jebus...there's a PMJ cover of "Bad Guy" by Billie[0m
[01:57] [0m             Eilish....it's...interesting.[0m
[02:00] [0mCaeli flaps : OH??????[0m
[02:01] [0mCaeli flaps : Listening now[0m
[02:03] [0mCaeli flaps : Interesting.[0m
[02:03] [0mInix flaps : Indeed[0m
[02:06] [0mCaeli flaps : And no down the PMJ rabbit hole![0m
[02:07] [0mInix flaps : It's a fine journey for a Saturday evening :)[0m
[02:08] [0mCaeli flaps : Enjoying it a lot.[0m
[02:08] [0mInix flaps : Watching the Benjamin Zander TED Talk for about the 10th[0m
[02:08] [0m             time...I really wanna learn piano now.[0m
[02:09] [0mCaeli flaps : DON'T STOP BELIEEEEEVIIIING!!!!!![0m
[02:10] [0mInix flaps : The job of the C is to make the B sad.[0m
[02:10] [0mUkyo flaps : a little dark, but one of my favorites:[0m
[02:10] [0m             https://www.youtube.com/watch?v=RLYlMq6MU2s[0m
[02:11] [0mInix flaps : oo, watched 0.5 seconds, looks exciting.  Gonna finish this TED[0m
[02:11] [0m             talk then watch it[0m
[02:13] [0mUkyo flaps : ooh, speaking of ted talks, here's one that goes into how the[0m
[02:13] [0m             Dark Matter hypothesis has been falsified, and is no longer a[0m
[02:13] [0m             valid theory. https://www.youtube.com/watch?v=fnNKC82wUmY[0m
[02:13] [0mCaeli flaps : I'll gone down that hole tomorrow.[0m
[02:14] [0mUkyo flaps : here's the paper he references https://arxiv.org/abs/1610.08981[0m
[02:14] [0mUkyo flaps : i love the tolkien reference they used for the title[0m
[02:18] [0mCaeli flaps : OMG!  Pinky and the Brain theme by PMJ![0m
[02:24] [0mYou adjust your reforger's kit slightly, ready to do more business.[0m
[02:24] [0mYou can currently reforge 12 items.[0m
[02:25] [0mCaeli flaps : Wayne Brady can sing????[0m
[02:25] [0mInix flaps : Crybaby wasn't that dark, Ukyo, I liked it[0m
[02:28] [0mInix flaps : ...narf[0m
[02:28] [0mUkyo flaps : here, the paper that throws dark matter out the window.[0m
[02:28] [0m             https://arxiv.org/abs/1709.04918[0m
[02:34] [0mCaeli flaps : Holy crap, Seth McFarlan an sing[0m
[02:34] [0mCaeli flaps : can[0m
[02:40] [0mCaeli flaps : Someone I work with thinks Anthony Bourdain was killed because[0m
[02:40] [0m              he couldn't possibly be THAT depressed.\[0m
[02:40] [0mUkyo flaps : he wanted to retire, so he had to have his death faked.[0m
[02:42] [0mUkyo flaps : same for the comedian, Robin Williams[0m
[02:43] [0mUkyo flaps : 2pac actually alluded to his faked death in Machiaveli(sp)[0m
[02:43] [0mUkyo flaps : nothing new, move along, move along[0m
[02:43] [0mCaeli flaps : Ummmm.....[0m
[02:43] [0mInix flaps : ...I think you've gone past reality, Ukyo[0m
[02:44] [0mUkyo flaps : Machiavelli[0m
[02:44] [0mInix flaps : Machievelli preceded Shakur by many years...[0m
[02:44] [0mUkyo flaps : ah, but tell me, what was the name of 2pac's album?[0m
[02:44] [0mInix flaps : No[0m
[02:45] [0mInix flaps : Because I don't care...I do, however, care about real art, such[0m
[02:45] [0m             as classic literature.[0m
[02:48] [0mCaeli flaps : As an artist, I disagree that there is no such thing as "fake"[0m
[02:48] [0m              art.[0m
[02:48] [0mCaeli flaps : Errr.. such a thing as......[0m
[02:51] [0mInix flaps : Well, unfortunately your agreement or lack thereof doesn't[0m
[02:51] [0m             bring talent to other people.[0m
[02:52] [0mCaeli flaps : I didn't say people were talented or not. Just saying art is[0m
[02:52] [0m              extremely subjective.[0m
[02:52] [0mHyuga flaps : 2pac album Me against the world is art[0m
[02:53] [0mInix flaps : Yes, it is...and people stating personal opinions are obviously[0m
[02:53] [0m             their opinions without needing to say 'in my opinion'[0m
[02:53] [0mInix flaps : Such as, "In my opinion, rap is garbage and none if it is art",[0m
[02:53] [0m             the phrase, 'in my opinion', is superfluous.[0m
[02:53] [0mCaeli flaps : Fair enough[0m
[02:54] [0mXiu flaps : i allow that certain things are art which i wouldn't personally[0m
[02:54] [0m            deem to have value, if they have artistic value to another. so[0m
[02:54] [0m            long as others return the favor for my strange tastes[0m
[03:24] [0mYou adjust your reforger's kit slightly, ready to do more business.[0m
[03:24] [0mYou can currently reforge 12 items.[0m
[03:57] [0mnewb One [psicorps/71]: anyone familiar with psicorps?[0m
[04:24] [0mYou adjust your reforger's kit slightly, ready to do more business.[0m
[04:24] [0mYou can currently reforge 12 items.[0m
[05:24] [0mYou adjust your reforger's kit slightly, ready to do more business.[0m
[05:24] [0mYou can currently reforge 12 items.[0m
[05:27] [0m[32mCK30 says: [0mHello Roken!                                                    [0m
[05:29] [0m[32mGarath says: [0mGreetings Roken.                                              [0m
[05:29] [0m[32mGarath says: [0mHave you brought me something for the library?                [0m
[06:05] [0mNightrider flaps : Good Morning peeps[0m
[06:16] [0m[32mYou tell Simonz:[0m gargamel castle is smurf castle  why not say so[0m
[06:20] [0m[34;1mShenanigans shouts:[0m Need a light?[0m
[06:20] [0m[34;1mKitt shouts:[0m Im Scared Daddy[0m
[06:21] [0m[34;1mYik shouts:[0m en taro adun[0m
[06:24] [0mYou adjust your reforger's kit slightly, ready to do more business.[0m
[06:24] [0mYou can currently reforge 4 items.[0m
[06:57] [0m[34;1mYik shouts:[0m playcult or yer a bot![0m
[07:25] [0mYou adjust your reforger's kit slightly, ready to do more business.[0m
[07:25] [0mYou can currently reforge 8 items.[0m
[08:04] [0m[34;1mNix shouts:[0m duh[0m
[08:05] [0m[34;1mPrismal shouts:[0m go away, batin'.... er bottin'[0m
[08:10] [0m[32mTurnhold tells you:[0m you bottin?[0m
[08:16] [0m[32mYou tell Turnhold:[0m nah[0m
[08:16] [0m[32;1mFrom afar, Turnhold cheers you on!!![0m[0m
[08:25] [0mYou adjust your reforger's kit slightly, ready to do more business.[0m
[08:25] [0mYou can currently reforge 12 items.[0m
[09:25] [0mYou adjust your reforger's kit slightly, ready to do more business.[0m
[09:25] [0mYou can currently reforge 12 items.[0m
[09:41] [0m[32mCreepy says: [0mWow, a real live person. Please stay a while. Muahaha![0m
[09:41] [0m[32mCreepy says: [0mWow, a real live person. Please stay a while. Muahaha![0m
[09:42] [0m[32mCreepy says: [0mWould you like some toad eye soup? It's fresh.[0m
[09:42] [0m[32mCreepy says: [0mWow, a real live person. Please stay a while. Muahaha![0m
[09:42] [0m[32mCreepy says: [0mWould you like some toad eye soup? It's fresh.[0m
[09:43] [0m[32mCreepy says: [0mWould you like some toad eye soup? It's fresh.[0m
[09:43] [0m[32mCreepy says: [0mWow, a real live person. Please stay a while. Muahaha![0m
[09:43] [0m[32mCreepy says: [0mWould you like some toad eye soup? It's fresh.[0m
[09:43] [0m[32mCreepy says: [0mWould you like some toad eye soup? It's fresh.[0m
[09:43] [0m[32mCreepy says: [0mWould you like some toad eye soup? It's fresh.[0m
[09:43] [0m[32mCreepy says: [0mWow, a real live person. Please stay a while. Muahaha![0m
[09:43] [0m[32mCreepy says: [0mWow, a real live person. Please stay a while. Muahaha![0m
[09:44] [0m[32mCreepy says: [0mWould you like some toad eye soup? It's fresh.[0m
[09:44] [0m[32mCreepy says: [0mWow, a real live person. Please stay a while. Muahaha![0m
[09:44] [0m[32mCreepy says: [0mWould you like some toad eye soup? It's fresh.[0m
[09:44] [0m[32mCreepy says: [0mWould you like some toad eye soup? It's fresh.[0m
[09:44] [0m[32mCreepy says: [0mWould you like some toad eye soup? It's fresh.[0m
[09:44] [0m[32mCreepy says: [0mWould you like some toad eye soup? It's fresh.[0m
[09:44] [0m[32mCreepy says: [0mWow, a real live person. Please stay a while. Muahaha![0m
[09:45] [0m[32mCreepy says: [0mWow, a real live person. Please stay a while. Muahaha![0m
[09:45] [0m[32mCreepy says: [0mWould you like some toad eye soup? It's fresh.[0m
[09:45] [0m[32mCreepy says: [0mWould you like some toad eye soup? It's fresh.[0m
[09:45] [0m[32mCreepy says: [0mWow, a real live person. Please stay a while. Muahaha![0m
[09:45] [0m[32mCreepy says: [0mWould you like some toad eye soup? It's fresh.[0m
[09:45] [0m[32mCreepy says: [0mWould you like some toad eye soup? It's fresh.[0m
[09:45] [0m[32mCreepy says: [0mWow, a real live person. Please stay a while. Muahaha![0m
[09:46] [0m[32mCreepy says: [0mWould you like some toad eye soup? It's fresh.[0m
[09:46] [0m[32mCreepy says: [0mWould you like some toad eye soup? It's fresh.[0m
[09:46] [0m[32mCreepy says: [0mWould you like some toad eye soup? It's fresh.[0m
[09:46] [0m[32mCreepy says: [0mWould you like some toad eye soup? It's fresh.[0m
[09:46] [0m[32mCreepy says: [0mWould you like some toad eye soup? It's fresh.[0m
[09:46] [0m[32mCreepy says: [0mWould you like some toad eye soup? It's fresh.[0m
[09:46] [0m[32mCreepy says: [0mWow, a real live person. Please stay a while. Muahaha![0m
[09:46] [0m[32mCreepy says: [0mWow, a real live person. Please stay a while. Muahaha![0m
[09:48] [0m[32mCreepy says: [0mWould you like some toad eye soup? It's fresh.[0m
[09:48] [0m[32mCreepy says: [0mWow, a real live person. Please stay a while. Muahaha![0m
[09:48] [0m[32mCreepy says: [0mWould you like some toad eye soup? It's fresh.[0m
[09:49] [0m[32mCreepy says: [0mWould you like some toad eye soup? It's fresh.[0m
[09:49] [0m[32mCreepy says: [0mWow, a real live person. Please stay a while. Muahaha![0m
[09:49] [0m[32mCreepy says: [0mWould you like some toad eye soup? It's fresh.[0m
[09:49] [0m[32mCreepy says: [0mWould you like some toad eye soup? It's fresh.[0m
[09:49] [0m[32mCreepy says: [0mWould you like some toad eye soup? It's fresh.[0m
[09:49] [0m[32mCreepy says: [0mWould you like some toad eye soup? It's fresh.[0m
[09:50] [0m[32mCreepy says: [0mWow, a real live person. Please stay a while. Muahaha![0m
[09:50] [0m[32mCreepy says: [0mWould you like some toad eye soup? It's fresh.[0m
[09:50] [0m[32mCreepy says: [0mWow, a real live person. Please stay a while. Muahaha![0m
[09:50] [0m[32mCreepy says: [0mWow, a real live person. Please stay a while. Muahaha![0m
[09:51] [0m[32mCreepy says: [0mWow, a real live person. Please stay a while. Muahaha![0m
[09:59] [0mSky flaps : anyone up for hitting beloch?[0m
[10:11] [0mNauda flaps : his mom, and xiu[0m
[10:14] [0mYou can currently reforge 12 items.[0m
[10:14] [0mYou can currently reforge 0 items.[0m
[10:25] [0mYou adjust your reforger's kit slightly, ready to do more business.[0m
[10:25] [0mYou can currently reforge 4 items.[0m
[10:26] [0m[34;1mRoadblock shouts:[0m Fear does not exist in this dojo does it?[0m
[10:26] [0m[34;1mDevolved shouts:[0m No Sensei![0m
[10:26] [0m[34;1mNightrider shouts:[0m It does in the loo[0m
[10:26] [0m[34;1mRoadblock shouts:[0m pain does not exist in this dojo does it![0m
[10:26] [0m[34;1mRoadblock shouts:[0m what do we train here?[0m
[10:26] [0m[34;1mLachlan shouts:[0m NR, you might want to get that checked out[0m
[10:29] [0m[34;1mNauda shouts:[0m train here, train there, train everywhere[0m
[11:00] [0m[34;1mNightrider shouts:[0m Bean![0m
[11:00] [0m<- ! The Vigilant ! -> :  A destabilization Kayos event has been detected in[0m
[11:00] [0m                          Northern Hills of Fantasy!  We are localizing it[0m
[11:00] [0m                          now - get ready![0m
[11:01] [0m[34;1mRoadblock shouts:[0m Gig for Bean!!![0m
[11:02] [0mnewb Whoknows [priest/76]: doh, didn't know that was a teleport[0m
[11:02] [0mnewb Whoknows [priest/76]: wasted[0m
[11:21] [0m[34;1mSpace shouts:[0m HK- keep/8e/poison[0m
[11:25] [0mYou adjust your reforger's kit slightly, ready to do more business.[0m
[11:25] [0mYou can currently reforge 8 items.[0m
[11:28] [0mYou can currently reforge 8 items.[0m
[11:28] [0mYou can currently reforge 8 items.[0m
[11:28] [0mYou can currently reforge 8 items.[0m
[11:28] [0mYou can currently reforge 8 items.[0m
[11:28] [0mYou can currently reforge 8 items.[0m
[11:28] [0mYou can currently reforge 8 items.[0m
[11:28] [0mYou can currently reforge 8 items.[0m
[11:28] [0mYou can currently reforge 8 items.[0m
[11:29] [0m[32mCK30 says: [0mHello Roken!                                                    [0m
[11:30] [0mUkyo <Craft>: any tomes of enhanced enchanting vII out there?[0m
[11:49] [0m[34;1mArchangel shouts:[0m Woo![0m
[12:17] [0mHank [Jedi(17)]: doh[0m
[12:17] [0mUkyo [Jedi(75)]: there's a place i haven't been to in probably a decade or[0m
[12:17] [0m                 more[0m
[12:20] [0mCarolina [Jedi(42)]: and that's what happens when you forget to turn mode[0m
[12:20] [0m                     back on after running out of conc...[0m
[12:22] [0mUkyo [Jedi(75)]: not gonna lie, i died earlier due to a stack of 11 ghouls[0m
[12:22] [0m                 doing two hits(i think), and i was saturating like crazy.[0m
[12:22] [0m                 and burning conc. that's the first time in years i've used[0m
[12:22] [0m                 that much conc/force, and i still didn't go below 50% conc[0m
[12:22] [0m                 by the end of the fight. i did get up to 80% saturation.[0m
[12:22] [0m                 and this was a stack of 800k's.[0m
[12:23] [0mUkyo [Jedi(75)]: the death was due to the fact that it went over our 20 hit[0m
[12:23] [0m                 limit.[0m
[12:23] [0mUkyo [Jedi(75)]: but the conc usage and saturation where when i came back to[0m
[12:23] [0m                 clean up the mess. had to bounce down to 10, then,[0m
[12:23] [0m                 conc/force usage was higher than i've dealt with in a LONG[0m
[12:23] [0m                 time.[0m
[12:25] [0mYou adjust your reforger's kit slightly, ready to do more business.[0m
[12:25] [0mYou can currently reforge 4 items.[0m
[12:26] [0mCarolina [Jedi(42)]: well, i AM fighting 17 of these things...[0m
[12:27] [0mUkyo [Jedi(75)]: yea, i THINK our hit limiter is 20. i could be wrong.[0m
[12:27] [0mHank [Jedi(17)]: thought hit limiter was just for fdef?[0m
[12:27] [0mCarolina [Jedi(42)]: working like the jugger one, where only the ones that[0m
[12:27] [0m                     actually hit you count?[0m
[12:28] [0mUkyo [Jedi(75)]: i'm not sure i follow the logic, considering i don't know[0m
[12:28] [0m                 juggers well enough to make a comparison.[0m
[12:28] [0mCarolina [Jedi(42)]: this has taught me however, that number of attacks[0m
[12:28] [0m                     deflected per round don't affect fdef xp enough[0m
[12:28] [0mCarolina [Jedi(42)]: as in 20 hits, but 27 come in and 9 of them completely[0m
[12:28] [0m                     whiff, only 18 counted towards the limit[0m
[12:28] [0mUkyo [Jedi(75)]: you have to understand, the alts i've made in the past,[0m
[12:28] [0m                 were probably more than a decade ago, and i've never really[0m
[12:28] [0m                 kept or used a second. i think i've had a few over the[0m
[12:28] [0m                 years, but it's been forever, and so i only know jedi[0m
[12:28] [0m                 really well.[0m
[12:29] [0mCarolina [Jedi(42)]: i would ASSUME it works that way, since i'm fighting 17[0m
[12:29] [0m                     things that all get at least 2 attacks...[0m
[12:30] [0mUkyo [Jedi(75)]: yea, fdef xp is capped to 1 per round. basically, did you[0m
[12:30] [0m                 use it or not. REALLY not the ideal setup, considering i'm[0m
[12:30] [0m                 still at negative two hundred sixty nine point something[0m
[12:30] [0mUkyo [Jedi(75)]: negative two hundred sixty eight point six nine five[0m
[12:30] [0mUkyo [Jedi(75)]: and i get .001% every 30 rounds[0m
[12:30] [0mUkyo [Jedi(75)]: so, it'll be a while before i get my next fdef level[0m
[12:32] [0m[34;1mYik shouts:[0m good cultist[0m
[12:33] [0mUkyo [Jedi(75)]: and all these years later, there's this obscure skill we[0m
[12:33] [0m                 have and i still don't know how to interpret the[0m
[12:33] [0m                 information it gives.[0m
[12:36] [0mUkyo [Jedi(75)]: crap, been burning energy into shields all this time.[0m
[12:36] [0m                 probably wasted 10k worth of energy. guess i'll have to[0m
[12:36] [0m                 farm some more later tonight[0m
[13:02] [0m[34;1mArchangel shouts:[0m Woo!![0m
[13:02] [0m[34;1mZor shouts:[0m woo!!!!!!!!!!!!!!!!!!!!!!!!!!!!!!!!!!!!!!![0m
[13:03] [0m[34;1mMud shouts:[0m thanks all![0m
[13:19] [0mnewb One [psicorps/71]: anyone on that is familiar with psicorps?[0m
[13:20] [0mnewb Ukyo [jedi/103]: while i realize a negative response is not a good one,[0m
[13:20] [0m                      it's better than deafening silence. good luck.[0m
[13:22] [0mnewb Gaidin [elemental/130]: You can ask and we can see if how familiar we[0m
[13:22] [0m                             are is good enough?[0m
[13:24] [0mnewb One [psicorps/71]: mostly i'm just wondering if i'm doing this right. [0m
[13:24] [0m                        From what i've read, you just sink all your gxp into[0m
[13:24] [0m                        glvl and concentration skill for the foreseeable[0m
[13:24] [0m                        future.  Though apparently concentration only makes[0m
[13:24] [0m                        it so you can use your powers in combat, which has[0m
[13:24] [0m                        yet to fail on me.. am i gimping myself by not[0m
[13:24] [0m                        raising other skills?[0m
[13:25] [0mYou adjust your reforger's kit slightly, ready to do more business.[0m
[13:25] [0mYou can currently reforge 8 items.[0m
[13:28] [0mUkyo [Jedi(75)]: another saturation death? did something happen to[0m
[13:28] [0m                 saturation while i was asleep?[0m
[13:29] [0mSiem [Jedi(42)]: no, im just big dumb[0m
[13:29] [0mUkyo [Jedi(75)]: not complaining, i mean, the rest of the mud has been[0m
[13:29] [0m                 complaining that we need to get a little 'balancing' done,[0m
[13:29] [0m                 but dang.[0m
[13:29] [0mnewb Gaidin [elemental/130]: I seem to remember there was a rule of thumb[0m
[13:29] [0m                             for how high to keep conc, but I can't remember[0m
[13:29] [0m                             it.[0m
[13:30] [0mnewb One [psicorps/71]: and i guess this is more of an observation, but it[0m
[13:30] [0m                        seems weird that you have to sink many glvls worth[0m
[13:30] [0m                        of gxp into sp regen before you can even start[0m
[13:30] [0m                        working on gp regen.  for example.  the whole skill[0m
[13:30] [0m                        system, if i understand it, seems very weird[0m
[13:32] [0mnewb Ukyo [jedi/103]: i'm sure from some perspective, every guild looks a[0m
[13:32] [0m                      little weird.[0m
[13:33] [0mnewb Sleepy [cyborg/115]: that sounds about right for psicorps[0m
[13:33] [0mnewb Sleepy [cyborg/115]: been years since I played it, but the skills are[0m
[13:33] [0m                          painful for a while, and then very good.  rule of[0m
[13:33] [0m                          thumb, as I recall, is to do minimum skills until[0m
[13:33] [0m                          at least glvl 50[0m
[13:33] [0mnewb One [psicorps/71]: i guess it'll work out in the end, just makes for a[0m
[13:33] [0m                        pretty boring new player experience.[0m
[13:33] [0mnewb Gaidin [elemental/130]: Some guilds have odd quirks like that. [0m
[13:33] [0m                             Sometimes, it'll eventually click and you'll[0m
[13:33] [0m                             figure out what the designing wiz meant.[0m
[13:34] [0mnewb Gaidin [elemental/130]: You can always mail a larger Psi and ask them. [0m
[13:34] [0m                             Even if they're not one when you are, they can[0m
[13:34] [0m                             respond.[0m
[13:35] [0mnewb Lachlan [bladesinger/112]: or finger them and find out if they have an[0m
[13:35] [0m                                alt online[0m
[13:46] [0mnewb Kombat [cyborg/60]: If you're raising only minimal skills to get your[0m
[13:46] [0m                         glvls, you're essentially shooting for gxp rate[0m
[13:46] [0m                         asap since glvls improve gxp... you'll get some[0m
[13:46] [0m                         added strength from gaining slots though... some[0m
[13:46] [0m                         people do that and shoot for glvl 80 for the gxp[0m
[13:46] [0m                         boost that happens there[0m
[14:09] [0mYou can currently reforge 8 items.[0m
[14:16] [0mUkyo [Jedi(75)]: oyasumi[0m
[14:22] [0mUkyo [Jedi(75)]: blarg, gotta wait until i can read this tome[0m
[14:25] [0mYou adjust your reforger's kit slightly, ready to do more business.[0m
[14:25] [0mYou can currently reforge 12 items.[0m
[15:00] [0mYou can currently reforge 0 items.[0m
[15:07] [0mUkyo <Craft>: I don't want to craft ... I want to be a LUMBERJACK!![0m
[15:25] [0mYou adjust your reforger's kit slightly, ready to do more business.[0m
[15:25] [0mYou can currently reforge 4 items.[0m
[15:38] [0mUkyo [Jedi(75)]: ok, oyasumi. neru toki no desu yo.[0m
[15:46] [0m[34;1mRoadblock shouts:[0m Transformers more than meets the eye[0m
[15:47] [0m[34;1mZor shouts:[0m that's old news![0m
[16:25] [0mYou adjust your reforger's kit slightly, ready to do more business.[0m
[16:25] [0mYou can currently reforge 8 items.[0m
[16:31] [0m[34;1mZor shouts:[0m no only a dew[0m
[17:22] [0mYou can currently reforge 8 items.[0m
[17:24] [0m[32mGarath says: [0mGreetings Roken.                                              [0m
[17:24] [0m[32mGarath says: [0mHave you brought me something for the library?                [0m
[17:24] [0mGaidin flaps : For the git-types:  I'm new to this, how do I say "eh, forget[0m
[17:24] [0m               literally everyting and start from scratch in regards to git"[0m
[17:25] [0mGaidin flaps : I forgot to add a log directory to my first commit, and I[0m
[17:25] [0m               wanna make sure that never sees the light of day[0m
[17:25] [0mYou adjust your reforger's kit slightly, ready to do more business.[0m
[17:25] [0mYou can currently reforge 12 items.[0m
[17:25] [0mGaidin flaps : Literally starting from scratch (git-wise) is a perfectly[0m
[17:25] [0m               viable option[0m
[17:26] [0mByron flaps : git reset hard[0m
[17:26] [0mGaidin flaps : That won't affect any actual files, right?[0m
[17:26] [0mByron flaps : it will roll things back[0m
[17:27] [0mByron flaps : but thats what you want to do, no?[0m
[17:27] [0mGaidin flaps : I wanna just shoot git in the head and, when the new git[0m
[17:27] [0m               comes it, it doesn't know it's new.[0m
[17:29] [0mGaidin flaps : I don't want to lose any of the existing files, I just want[0m
[17:29] [0m               git to forget about the whole thing[0m
[17:29] [0mGaidin flaps : At the moment, I have nothing commited except my inital[0m
[17:29] [0m               commit with the directories I forgot to ignore.[0m
[17:30] [0mByron flaps : then scrap it and make a new git repo[0m
[17:30] [0mGaidin flaps : What's that command?[0m
[17:30] [0mByron flaps : if you have nothing commited you have no git repo[0m
[17:30] [0mByron flaps : change what you need to change and commit[0m
[17:30] [0mGaidin flaps : I committed once, but it had stuff I didn't want to commit[0m
[17:31] [0mGaidin flaps : I don't want it part of the repo at all[0m
[17:31] [0mGaidin flaps : Basically, I wanna go back to "git init"[0m
[17:32] [0mByron flaps : delete .git[0m
[17:33] [0mByron flaps : init again[0m
[17:33] [0mGaidin flaps : Okay[0m
[17:34] [0mGaidin flaps : It's not stored elsewhere, by default?[0m
[17:34] [0m[32mCK30 says: [0mHello Roken!                                                    [0m
[17:34] [0mGaidin flaps : It just .git/* that keeps track of stuff?[0m
[17:34] [0mByron flaps : correct[0m
[17:36] [0mByron flaps : rm -rf .git[0m
[17:36] [0mByron flaps : if youre on linux[0m
[17:37] [0mGaidin flaps : I am.  It's my tintin dir.[0m
[17:37] [0mGaidin flaps : Thanks for the help[0m
[17:40] [0mGaidin flaps : I did a bit with revision control back in the 90s, but it was[0m
[17:40] [0m               basicially dumb revision control.  The smart stuff makes me[0m
[17:40] [0m               leery.[0m
[17:40] [0mByron flaps : git is quite nice once you get the hang of it[0m
[17:41] [0mXiu flaps : once you "git gud" at it?[0m
[17:41] [0m[34;1m  ****   ******  ******           ****   **  **  *****  [0m
[17:41] [0;1;34m **  **    **      **            **  **  **  **  **  ** [0m
[17:41] [0;1;34m **        **      **            **      **  **  **  ** [0m
[17:41] [0;1;34m **        **      **            **      **  **  **  ** [0m
[17:41] [0;1;34m ** ***    **      **            ** ***  **  **  **  ** [0m
[17:41] [0;1;34m **  **    **      **            **  **  **  **  **  ** [0m
[17:41] [0;1;34m  ****   ******    **             ****    ****   *****  [0m
[17:42] [0m[34;1mXiu shouts:[0m i'm a newb, can somebody give me equipment and teach me how to[0m
[17:42] [0m            bot and tell me which is pk best guild?[0m
[17:43] [0mGaidin flaps : Yea, it's a bit of a learning curve.[0m
[17:43] [0m[34;1mGally shouts:[0m people still PK? that is so 1998[0m
[17:43] [0m[34;1mRoadblock shouts:[0m sure okay to bot you want to move like a robot also called[0m
[17:43] [0m                  pop locking[0m
[17:43] [0mGaidin flaps : Ask a warder.[0m
[17:43] [0m[34;1mGaidin shouts:[0m Ask a warder.[0m
[17:44] [0m[34;1mXiu shouts:[0m trouble with learning to bot is all the ppl you'd really want to[0m
[17:44] [0m            ask won't respond because they're bots![0m
[17:45] [0m[34;1mRoadblock shouts:[0m botting is illegal help botting[0m
[17:46] [0mGaidin flaps : I'm learning it in steps.  First was getting a repo set up.  [0m
[17:46] [0m               Nice to know there's an out-of-band reset[0m
[17:47] [0mGaidin flaps : If it's purely a personal project (i.e. my tintin dir) I can[0m
[17:47] [0m               just make changes and commit again, right?[0m
[17:47] [0mGaidin flaps : I don't need the pulls and branches and stuff?[0m
[17:48] [0m[34;1mGaidin shouts:[0m Botting is illegal like pot is illegal.  As long as it's[0m
[17:48] [0m               under 15 minutes/grams, it's legal.[0m
[17:49] [0m[34;1mGaidin shouts:[0m And, no matter how much you don't like them, you have you let[0m
[17:49] [0m               your wiz smoke with yout.[0m
[18:08] [0mByron flaps : i usually have a master and a developer branch[0m
[18:08] [0mByron flaps : work on developer and merge with maste when its ready to[0m
[18:08] [0m              commit upstream[0m
[18:10] [0mByron flaps : so, you would do git checkout master / git merge developer /[0m
[18:10] [0m              git push origin master[0m
[18:10] [0mByron flaps : after committing om the developer branch[0m
[18:12] [0m[32mYou tell Simonz:[0m where's the best gathering ground for grabbing armory[0m
[18:12] [0m        donations?[0m
[18:13] [0mRoken [Jedi(43)]: love to convert my coins into v_cash[0m
[18:13] [0mGaidin flaps : But if I were just making changes in my usual tintin files, I[0m
[18:13] [0m               can just "git add file" and "git commit", right?[0m
[18:13] [0mGaidin flaps : After I edited them?[0m
[18:22] [0mThom flaps : i do believe you should be able to yeah, as long as there isnt[0m
[18:22] [0m             a need to diffmerge[0m
[18:23] [0mGaidin flaps : If there ever were, I'd be very surprised.[0m
[18:25] [0mYou adjust your reforger's kit slightly, ready to do more business.[0m
[18:25] [0mYou can currently reforge 12 items.[0m
[18:26] [0mByron flaps : yeah, what im des ribing is just a better method for dealing[0m
[18:26] [0m              with larger codebases[0m
[18:26] [0mByron flaps : and what works for me[0m
[18:28] [0mYou can currently reforge 4 items.[0m
[18:28] [0mGaidin flaps : It looks like it's working alright.  Thanks, again.[0m
[18:29] [0m[32mCancer says:[0m Have you voted today ? [0m
[18:29] [0m http://www.3k.org/vote [0m
[18:30] [0mYou can currently reforge 4 items.[0m
[18:30] [0m[34;1mYik shouts:[0m if i ever make a bot it will just randomly shout stuff involving[0m
[18:30] [0m            playcult[0m
[19:00] [0m[32mYou tell Ser:[0m where can i gather shitloads of stuff for guild armory? i'm[0m
[19:00] [0m        out of cash. nearly out of cells and no $ for repairs[0m
[19:03] [0m[32mSer tells you:[0m what..  smurfs is easiest coins[0m
[19:04] [0m[32mYou tell Ser:[0m they don't convert to v_cash[0m
[19:05] [0m[32mYou tell Ser:[0m have nearly a million in bank but no use for buying cells or[0m
[19:05] [0m        repairing saber[0m
[19:13] [0m[32mYou tell Ser:[0m got some stuff from chess2 idk how much guild credit they[0m
[19:13] [0m        fair with garbage stuff like unicorn horn's rusty dagger etc[0m
[19:16] [0mYou can currently reforge 0 items.[0m
[19:16] [0mYou can currently reforge 0 items.[0m
[19:25] [0mYou adjust your reforger's kit slightly, ready to do more business.[0m
[19:25] [0mYou can currently reforge 4 items.[0m
[19:32] [0mHyuga [Jedi(89)]: whee i hit the jedi sandwich on tplist[0m
[19:56] [0m[32;1mFrom afar, you say 'yo' to Ser.[0m[0m
[19:59] [0m[32mCK30 says: [0mHello Roken!                                                    [0m
[20:09] [0m[32;1mFrom afar, Ser waves in your direction.[0m[0m
[20:09] [0m[32mSer tells you:[0m just stay on around reboot time and you make money[0m
[20:13] [0m[32mYou tell Ser:[0m well ticker keeps me online[0m
[20:13] [0m[32mSer tells you:[0m illegal but ok[0m
[20:17] [0m[32mYou tell Ser:[0m ya well don't think i was online the last reboot[0m
[20:17] [0m[32mYou tell Ser:[0m now im mostly fucked[0m
[20:17] [0m[32mYou tell Ser:[0m so im fighting mahjongg armless[0m
[20:18] [0m[32mYou tell Ser:[0m do other guilds restrict to guild credits?[0m
[20:21] [0m[32mYou tell Ser:[0m help botting[0m
[20:25] [0mYou adjust your reforger's kit slightly, ready to do more business.[0m
[20:25] [0mYou can currently reforge 8 items.[0m
[21:02] [0m[34;1mKitt shouts:[0m Space Dies for our Sins[0m
[21:06] [0m[34;1mCrolack shouts:[0m tadaima![0m
[21:08] [0m[34;1mVagrant shouts:[0m tadaima![0m
[21:25] [0mYou adjust your reforger's kit slightly, ready to do more business.[0m
[21:25] [0mYou can currently reforge 12 items.[0m
[21:56] [0m[32mCancer says:[0m I have some really great stuff today![0m
[21:57] [0m[34;1mBahram shouts:[0m thanks all[0m
[21:58] [0m[34;1mKitt shouts:[0m For?[0m
[21:58] [0mCaeli flaps : So this show is acting SOOOOOOOOOOO shocked that the US used[0m
[21:58] [0m              nazi scientists for the space program.[0m
[21:59] [0mCaeli flaps : I thought Van Braun's involvement has been known for a while.[0m
[22:00] [0mXiu flaps : yeah that's old news[0m
[22:00] [0mScaf flaps : like, 70 years old[0m
[22:02] [0mCaeli flaps : I was.... amused by how "surprised" these people were.[0m
[22:02] [0mAsp flaps : i thought you American's were used to seeing nazis under every[0m
[22:02] [0m            rock and leaf these days heh[0m
[22:03] [0mScaf flaps : if it ain't Natzis, it's a Zionist conspiracy![0m
[22:04] [0mCaeli flaps : Maybe some. But I'm tired of people calling someone who[0m
[22:04] [0m              disagrees with them a Nazi[0m
[22:04] [0mYik flaps : a lot of countries are socialists, few are so nationalistic tho[0m
[22:04] [0mKitt flaps : you nazi?[0m
[22:05] [0mCaeli flaps : I'm also opposed to punching people for different views.[0m
[22:05] [0mKitt flaps : punch first ask questions later[0m
[22:05] [0mCaeli flaps : Not worth hurting myself.[0m
[22:06] [0mAsp flaps : i'd rather punch a hundred innocent people than miss out on[0m
[22:06] [0m            punching one nazi[0m
[22:06] [0mAsp flaps : /s obvs (not sure anything is obvs these days)[0m
[22:12] [0mCaeli flaps : Sigh, don't want to work the next three days and then drive 9[0m
[22:12] [0m              hours[0m
[22:25] [0mYou adjust your reforger's kit slightly, ready to do more business.[0m
[22:25] [0mYou can currently reforge 4 items.[0m
[22:29] [0mScaf flaps : when is "Cosmos: Possible Worlds" coming out?[0m
[22:50] [0mHyuga [Jedi(89)]: man i love advancing hp[0m
[23:27] [0m[32;1mFrom afar, Ser pokes you in the ribs.[0m[0m
[23:31] [0mHyuga [Jedi(89)]: oh and a mud grinch can play[0m
[23:31] [0mHyuga [Jedi(89)]: wl[0m
[23:31] [0m[32mSer tells you:[0m aread 631, 7671[0m
[23:32] [0m[32mSer tells you:[0m err, 631, 767, 768, 769,[0m
[23:33] [0m[32mSer tells you:[0m 772[0m
[23:34] [0m[32mSer tells you:[0m also cant you just "donate" coins to guild?[0m
[23:43] [0m[34;1mLachlan shouts:[0m previous Wizard named Z? - GO![0m
[23:48] [0m[34;1mCrolack shouts:[0m Zetron[0m
