- = LOG STARTED [00:00] = -
[00:03] [0mHyuga [Jedi(90)]: Easy isn't for Jedi. -- Mara Jade, Jedi Knight[0m
[00:03] [0m[32mYou say:[0m I am not the aspiring jedi you are looking for.[0m
[00:06] [0mSimonz [Jedi(54)]: Sheep screams something incomprehensible at you, then[0m
[00:06] [0m                   looks at you quizzically awaiting a responce.[0m
[00:07] [0m[32mYou say:[0m I am not the aspiring jedi you are looking for.[0m
[00:07] [0m[32mYou say:[0m I am not the aspiring jedi you are looking for.[0m
[00:11] [0m[32mYou say:[0m I am not the aspiring jedi you are looking for.[0m
[00:15] [0m[32mYou say:[0m I am not the aspiring jedi you are looking for.[0m
[00:17] [0mHyuga [Jedi(90)]: don't you need like 20 dsp to fall?[0m
[00:17] [0mUkyo [Jedi(76)]: ayup[0m
[00:18] [0mHyuga [Jedi(90)]: something tells me that he isn't going to get that far[0m
[00:19] [0mUkyo [Jedi(76)]: with just disturbing aura? debatable. depends on how[0m
[00:19] [0m                 stubborn he is. it'd be quicker with a spell, but . . .[0m
[00:19] [0m[32mYou say:[0m I am not the aspiring jedi you are looking for.[0m
[00:19] [0mSimonz [Jedi(54)]: I kinda want to make a second and run through the dark[0m
[00:19] [0m                   side path to see how it goes[0m
[00:19] [0mUkyo [Jedi(76)]: it goes FAST.[0m
[00:19] [0m[4m[31m[JEDI]: Tobias Kel'ach'nar arrives at the Academy.[0m[0m[0m
[00:19] [0mUkyo [Jedi(76)]: you think you make gxp now? hehehe. darksiders gxp super[0m
[00:19] [0m                 fast.[0m
[00:20] [0mSimonz [Jedi(54)]: i mean from a viability standpoint[0m
[00:20] [0mUkyo [Jedi(76)]: oh, yea, totally not viable unless you've got a meatshield[0m
[00:22] [0m[32mYou say:[0m I am not the aspiring jedi you are looking for.[0m
[00:22] [0m[32mYou say:[0m I am not the aspiring jedi you are looking for.[0m
[00:24] [0mHyuga [Jedi(90)]: at my size as a darksider i would prolly be lucky if i[0m
[00:24] [0m                  could grind on 1M class mobs[0m
[00:25] [0mUkyo [Jedi(76)]: i don't know.[0m
[00:25] [0mHyuga [Jedi(90)]: just based on what i have heard. thats with 90 dsp[0m
[00:25] [0mUkyo [Jedi(76)]: cordelia isn't around to ask[0m
[00:25] [0mHyuga [Jedi(90)]: with less dsp that number would be significantly higher[0m
[00:26] [0mChaed [Jedi(AGM)]: each DSP lowers your tanking abilities by some %[0m
[00:26] [0m[32mYou say:[0m I am not the aspiring jedi you are looking for.[0m
[00:27] [0mChaed [Jedi(AGM)]: at 90 DSP, you're weaker than a baby's fart[0m
[00:27] [0mUkyo [Jedi(76)]: you could ask xaro's alts if he could check it out? he's[0m
[00:27] [0m                 got a sith. highest sith, in fact[0m
[00:27] [0mSimonz [Jedi(54)]: so how do you go darkside yet keep the poiunts down?[0m
[00:27] [0mUkyo [Jedi(76)]: release force[0m
[00:27] [0mChaed [Jedi(AGM)]: info dark side points[0m
[00:28] [0mUkyo [Jedi(76)]: chaed, please tell me release force still reduces dsp? i[0m
[00:28] [0m                 heard a rumor that it didn't do it as much as it should[0m
[00:28] [0m                 anymore[0m
[00:28] [0mChaed [Jedi(AGM)]: you can't pyre 600 corpses anymore, if that's what you[0m
[00:28] [0m                   mean[0m
[00:28] [0mChaed [Jedi(AGM)]: that used to wipe out DSP in seconds[0m
[00:28] [0mUkyo [Jedi(76)]: no, someone was complaining about rf taking points when[0m
[00:28] [0m                 they were using it in combat.[0m
[00:29] [0mUkyo [Jedi(76)]: and sstill trying to go dark[0m
[00:29] [0mChaed [Jedi(AGM)]: pyres are one method to reduce DSP[0m
[00:29] [0mUkyo [Jedi(76)]: ok, so, no truth to the rumor. got it[0m
[00:29] [0mChaed [Jedi(AGM)]: it'll only reduce it to some number, then it'll be[0m
[00:29] [0m                   ineffective beyond that[0m
[00:30] [0mHyuga [Jedi(90)]: also the deeper you are the less effective it is. so if[0m
[00:30] [0m                  you're trying to fall rf will be more effective[0m
[00:30] [0mHyuga [Jedi(90)]: i think the last few points have to be removed in the[0m
[00:30] [0m                  temple[0m
[00:31] [0m[32mYou say:[0m I am not the aspiring jedi you are looking for.[0m
[00:31] [0mUkyo [Jedi(76)]: cutoff for neutral>>liked in reps is 30k, right?[0m
[00:31] [0mChaed [Jedi(AGM)]: nod, the last few you have to bribe valtor[0m
[00:31] [0mChaed [Jedi(AGM)]: then to remove the final piece you'd have to meditate in[0m
[00:31] [0m                   the guild[0m
[00:31] [0mHyuga [Jedi(90)]: all the reps have their own specific scaling[0m
[00:32] [0mChaed [Jedi(AGM)]: I'm liked at 25K for the Detroit Metro PD[0m
[00:32] [0mUkyo [Jedi(76)]: wow, i don't even have that one in my list[0m
[00:33] [0mHyuga [Jedi(90)]: trying to train gun mskill? hehe[0m
[00:33] [0mUkyo [Jedi(76)]: i'm despised by aegis global, and i haven't been back there[0m
[00:33] [0m                 in a decade. i remember LOVING to train Deflect[0m
[00:33] [0m                 Mode[Defunkt] there[0m
[00:33] [0mUkyo [Jedi(76)]: doh?[0m
[00:33] [0mMagneto [Jedi(62)]: oops[0m
[00:34] [0m[32mYou say:[0m I am not the aspiring jedi you are looking for.[0m
[00:39] [0m[32mYou say:[0m I am not the aspiring jedi you are looking for.[0m
[00:43] [0m[32mYou say:[0m I am not the aspiring jedi you are looking for.[0m
[00:46] [0mYou adjust your reforger's kit slightly, ready to do more business.[0m
[00:46] [0mYou can currently reforge 12 items.[0m
[00:47] [0m[32mYou say:[0m I am not the aspiring jedi you are looking for.[0m
[00:48] [0m[4m[31m[JEDI]: Talia Ska arrives at the Academy.[0m[0m[0m
[00:51] [0m[32mYou say:[0m I am not the aspiring jedi you are looking for.[0m
[00:57] [0m[32mYou say:[0m I am not the aspiring jedi you are looking for.[0m
[01:00] [0m[32mYou say:[0m I am not the aspiring jedi you are looking for.[0m
[01:03] [0m[34;1mCrolack shouts:[0m **   **  ******  ****** [0m
[01:03] [0m                *** ***  **  **  **  ** [0m
[01:03] [0m                ** * **  **  **  **  ** [0m
[01:03] [0m                ** * **  **  **  **  ** [0m
[01:03] [0m                **   **  **  **  **  ** [0m
[01:03] [0m                **   **  **  **  **  ** [0m
[01:03] [0m                **   **  ******  ****** [0m
[01:03] [0mKitt gshouts: Got MOO? Got MOO? Got Moo?[0m
[01:04] [0m[Auction] Robert : Up for bids: The mask of Gemino Mortis.[0m
[01:04] [0m[Auction] Robert : Byron has requested 25,000 as the opening offer.[0m
[01:04] [0m[Auction] Kitt (prie) : #fakenews[0m
[01:04] [0m[Auction] Robert : Got 25,000 from Mud(bard).  Do I hear 27,500?[0m
[01:04] [0m[32mYou say:[0m I am not the aspiring jedi you are looking for.[0m
[01:05] [0m[Auction] Simonz (jedi) : the whole mud wants it[0m
[01:05] [0m[Auction] Robert : 25,000 going once![0m
[01:05] [0m[Auction] Robert : 25,000 going twice![0m
[01:05] [0m[Auction] Kitt (prie) : comes with an icotag[0m
[01:05] [0m[Auction] Robert : Sold to Mud for 25,000 coins![0m
[01:06] [0m[Auction] Robert : Up for bids: Spork Lance (wicked) (enchanted).[0m
[01:06] [0m[Auction] Robert : Mud has requested 0 as the opening offer.[0m
[01:07] [0m[Auction] Robert : Oh, come on... just 0 coins?[0m
[01:07] [0m[Auction] Robert : Fine, bollocks to the lot of you[0m
[01:09] [0m[32mYou say:[0m I am not the aspiring jedi you are looking for.[0m
[01:12] [0m[4m[31m[JEDI]: Ylenic It'kla arrives at the Academy.[0m[0m[0m
[01:12] [0m[32mYou say:[0m I am not the aspiring jedi you are looking for.[0m
[01:12] [0m[32mYou say:[0m I am not the aspiring jedi you are looking for.[0m
[01:14] [0mSimonz [Jedi(54)]: ....you got a lot of chocolate[0m
[01:14] [0mUkyo [Jedi(76)]: Cacao nibs.[0m
[01:15] [0mHyuga [Jedi(90)]: thats not chocolate... thats doo doo baby![0m
[01:15] [0mSaint flaps : Angels pull off the no-hitter while wearing the jersey of[0m
[01:15] [0m              their recently deceased teammate. Good story.[0m
[01:16] [0mCall [Jedi(19)]: i eat chocolate quite a bit before that time each month.[0m
[01:16] [0m[32mYou say:[0m I am not the aspiring jedi you are looking for.[0m
[01:18] [0mUkyo [Jedi(76)]: hrm. i guess this'll be enough to clear a screen or two.[0m
[01:18] [0mSaint [Jedi(15)]: Anyone want a vol I enchanting tome?[0m
[01:18] [0mUkyo [Jedi(76)]: pretty sure i left one at the craftbox earlier too.[0m
[01:20] [0mSaint [Jedi(15)]: Whoa...I got a rank...didn't even notice.[0m
[01:21] [0m[32mYou say:[0m I am not the aspiring jedi you are looking for.[0m
[01:21] [0mAsp [Jedi(29)]: woo sizzle-sword![0m
[01:22] [0mUkyo [Jedi(76)]: sorry, not sorry, for the screen clear in advance, guys.[0m
[01:22] [0mHyuga [Jedi(90)]: woo[0m
[01:22] [0m[34;1mArchangel shouts:[0m Woo!!![0m
[01:22] [0mHyuga [Jedi(90)]: now you will never gain a rank again[0m
[01:23] [0mSaint [Jedi(15)]: "Grand Master" looks nice. I think I'll take that one[0m
[01:23] [0m                  next. ;)[0m
[01:24] [0mHyuga [Jedi(90)]: i aspired to be a jedi. nothing more :)[0m
[01:24] [0m[32mYou say:[0m I am not the aspiring jedi you are looking for.[0m
[01:28] [0m[32mYou say:[0m I am not the aspiring jedi you are looking for.[0m
[01:32] [0m[32mYou say:[0m I am not the aspiring jedi you are looking for.[0m
[01:36] [0m[32mYou say:[0m I am not the aspiring jedi you are looking for.[0m
[01:39] [0m[34;1mVagrant shouts:[0m I am Vagrant[0m
[01:40] [0m[32mYou say:[0m I am not the aspiring jedi you are looking for.[0m
[01:43] [0m[4m[31m[JEDI]: Janath Meelin arrives at the Academy.[0m[0m[0m
[01:44] [0m[32mYou say:[0m I am not the aspiring jedi you are looking for.[0m
[01:47] [0mYou adjust your reforger's kit slightly, ready to do more business.[0m
[01:47] [0mYou can currently reforge 12 items.[0m
[01:48] [0m[32mYou say:[0m I am not the aspiring jedi you are looking for.[0m
[01:55] [0m[32mYou say:[0m I am not the aspiring jedi you are looking for.[0m
[01:58] [0m[32mYou say:[0m I am not the aspiring jedi you are looking for.[0m
[01:58] [0m[32mYou say:[0m I am not the aspiring jedi you are looking for.[0m
[02:02] [0m[32mYou say:[0m I am not the aspiring jedi you are looking for.[0m
[02:06] [0m[32mYou say:[0m I am not the aspiring jedi you are looking for.[0m
[02:11] [0m[32mYou say:[0m I am not the aspiring jedi you are looking for.[0m
[02:12] [0m[4m[31m[JEDI]: Wennic Ber'ni'lok arrives at the Academy.[0m[0m[0m
[02:14] [0m[32mYou say:[0m I am not the aspiring jedi you are looking for.[0m
[02:18] [0m[32mYou say:[0m I am not the aspiring jedi you are looking for.[0m
[02:18] [0m[32mYou say:[0m I am not the aspiring jedi you are looking for.[0m
[02:22] [0m[32mYou say:[0m I am not the aspiring jedi you are looking for.[0m
[02:27] [0m[32mYou say:[0m I am not the aspiring jedi you are looking for.[0m
[02:30] [0m[32mYou say:[0m I am not the aspiring jedi you are looking for.[0m
[02:34] [0mUkyo <Craft>: any idea if the 3kwiki is going to go back up? or is its[0m
[02:34] [0m              maintainer unreachable?[0m
[02:34] [0mAsp <Craft>: it's up, feels like it was reactivated on a cheaper tier of[0m
[02:34] [0m             hosting though[0m
[02:34] [0m[32mYou say:[0m I am not the aspiring jedi you are looking for.[0m
[02:35] [0mUkyo <Craft>: hrm. i still can't reach it properly.[0m
[02:35] [0mUkyo <Craft>: might be my ip blocked. i'll have to use a vpn.[0m
[02:35] [0mAsp <Craft>: keep refreshing, who ever's on there atm will leave eventually[0m
[02:37] [0mUkyo <Craft>: yea, probably my ip. works like a charm once i get that taken[0m
[02:37] [0m              care of.[0m
[02:37] [0mUkyo <Craft>: so much for net neutrality[0m
[02:37] [0mAsp <Craft>: nah, it's probably on a free tier host atm[0m
[02:38] [0mAsp <Craft>: i feel like 3k.org should take it on[0m
[02:38] [0m[32mYou say:[0m I am not the aspiring jedi you are looking for.[0m
[02:39] [0m[4m[31m[JEDI]: H'ssani C'talan arrives at the Academy.[0m[0m[0m
[02:40] [0mUkyo <Craft>: nope, it's my ip. pretty sure.[0m
[02:40] [0mAsp <Craft>: well mine too then, and i assume everyone elses heh[0m
[02:42] [0mHyuga <Craft>: sounds like a job for ip man[0m
[02:42] [0m[32mYou say:[0m I am not the aspiring jedi you are looking for.[0m
[02:46] [0m[32mYou say:[0m I am not the aspiring jedi you are looking for.[0m
[02:47] [0mYou adjust your reforger's kit slightly, ready to do more business.[0m
[02:47] [0mYou can currently reforge 12 items.[0m
[02:50] [0m[32mYou say:[0m I am not the aspiring jedi you are looking for.[0m
[02:53] [0mHyuga [Jedi(90)]: moo[0m
[02:53] [0mDspawn [Jedi(24)]: hey[0m
[02:54] [0mDspawn [Jedi(24)]: is it my glvl, or does dodge (which i have at skill 9)[0m
[02:54] [0m                   suck balls[0m
[02:54] [0mDspawn [Jedi(24)]: it seems to fire once every 10th round[0m
[02:54] [0mUkyo [Jedi(76)]: what's your encumbrance, str, and dex?[0m
[02:54] [0mUkyo [Jedi(76)]: very very dependant on encumbrance, hence the need for str,[0m
[02:54] [0m                 and dex helps a lot.[0m
[02:55] [0mDspawn [Jedi(24)]: encumberance is in the green, str 58, dex 53[0m
[02:55] [0mUkyo [Jedi(76)]: if you're not in green ampersands, then, yea, it's your[0m
[02:55] [0m                 lack of dex[0m
[02:55] [0m[32mYou say:[0m I am not the aspiring jedi you are looking for.[0m
[02:55] [0mDspawn [Jedi(24)]: hmm ok cool[0m
[02:55] [0mDspawn [Jedi(24)]: thanks[0m
[02:55] [0mUkyo [Jedi(76)]: i've got str 51, and only now am i thinking about raising[0m
[02:55] [0m                 it[0m
[02:55] [0mHyuga [Jedi(90)]: dex and glvl prolly[0m
[02:56] [0mUkyo [Jedi(76)]: i'm going to go with dex[0m
[02:56] [0mDspawn [Jedi(24)]: thanks guys, i stopped dex at 50 to push wis/str/con but[0m
[02:56] [0m                   i think ill keep dex up with it[0m
[02:56] [0mUkyo [Jedi(76)]: my dex, modified by +54 dex is at 170, so yea, there's[0m
[02:56] [0m                 that.[0m
[02:56] [0mUkyo [Jedi(76)]: you can let str lag if you're using a lightweapon.[0m
[02:56] [0mDspawn [Jedi(24)]: im using melee[0m
[02:57] [0mUkyo [Jedi(76)]: not sure on str's impact with melee or h2h.[0m
[02:57] [0mUkyo [Jedi(76)]: i'm sure it's there, i just don't know how much[0m
[02:57] [0mHyuga [Jedi(90)]: i say glvl because with the recent gswaps of people with[0m
[02:57] [0m                  max dex asking basically the same thing[0m
[02:58] [0mDspawn [Jedi(24)]: makes sense, its proccing more now i ftouched my eq[0m
[02:58] [0m[32mYou say:[0m I am not the aspiring jedi you are looking for.[0m
[03:00] [0mHyuga [Jedi(90)]: stats apparently have little to no impact on h2h. not sure[0m
[03:00] [0m                  about melee tho[0m
[03:01] [0mDspawn [Jedi(24)]: maybe thats why they are left in the dirt by lsc then[0m
[03:02] [0mDspawn [Jedi(24)]: thats a simple fix[0m
[03:02] [0m[32mYou say:[0m I am not the aspiring jedi you are looking for.[0m
[03:02] [0mHyuga [Jedi(90)]: which is part of why i think shimura is a viable HC patb[0m
[03:02] [0mDspawn [Jedi(24)]: cos you never get that many stats anyway i guess[0m
[03:03] [0mHyuga [Jedi(90)]: well it allows you to focus on dex/con[0m
[03:03] [0mDspawn [Jedi(24)]: ah[0m
[03:05] [0mHyuga [Jedi(90)]: mysterio played shimura pretty high. like into the 60s or[0m
[03:05] [0m                  70s[0m
[03:05] [0mHyuga [Jedi(90)]: he indicated that raising many levels and stats saw no[0m
[03:05] [0m                  increase in dmg[0m
[03:06] [0mHyuga [Jedi(90)]: but who knows :)[0m
[03:07] [0m[32mYou say:[0m I am not the aspiring jedi you are looking for.[0m
[03:09] [0m[4m[31m[JEDI]: Kerran Halcyon arrives at the Academy.[0m[0m[0m
[03:10] [0m[32mYou say:[0m I am not the aspiring jedi you are looking for.[0m
[03:13] [0m[32mYou say:[0m I am not the aspiring jedi you are looking for.[0m
[03:41] [0m[4m[31m[JEDI]: Alyssa K'tal arrives at the Academy.[0m[0m[0m
[03:48] [0mYou adjust your reforger's kit slightly, ready to do more business.[0m
[03:48] [0mYou can currently reforge 4 items.[0m
[03:54] [0m[5m[1m[44mYour lightsaber begins to flicker and the handle warms![0m[0m                 [0m
[04:11] [0mHyuga [Jedi(90)]: man shimura sure are popular lately :)[0m
[04:11] [0mDspawn [Jedi(24)]: trend setter[0m
[04:11] [0mUkyo [Jedi(76)]: yea, volagas really broke'em open, i think[0m
[04:12] [0mDspawn [Jedi(24)]: just a damn fun theme[0m
[04:12] [0mDspawn [Jedi(24)]: kind of like spiderman without the goo[0m
[04:12] [0m[4m[31m[JEDI]: Ylenic It'kla arrives at the Academy.[0m[0m[0m
[04:14] [0mDspawn [Jedi(25)]: can someone please teach me force/conc/med/dodge[0m
[04:14] [0mAsp [Jedi(30)]: and fdef for me please :)[0m
[04:14] [0mUkyo [Jedi(76)]: on it[0m
[04:14] [0mDspawn [Jedi(25)]: ukyo is here, what a hero[0m
[04:22] [0m[34;1mUkyo shouts:[0m Love that lag.[0m
[04:22] [0m[34;1mDspawn shouts:[0m kill the lag monster![0m
[04:25] [0mYou can currently reforge 4 items.[0m
[04:26] [0mDspawn [Jedi(25)]: what do droids do?[0m
[04:26] [0mUkyo [Jedi(76)]: stuff.[0m
[04:26] [0mDspawn [Jedi(25)]: room watcher?[0m
[04:30] [0m[34;1mArchangel shouts:[0m Woo!!![0m
[04:30] [0m[32mYou think to Ukyo . o O ([0m [36;1m i need more con? con 111 wis 105 dex[0m
[04:30] [0;1;36m           140 [0m [32m)[0m[0m
[04:30] [0m[34;1mHyuga shouts:[0m hey i am sleepy too[0m
[04:31] [0m[32mUkyo thinks . o O ([0m [32;1m yea, con more important. cpain requires we[0m
[04:31] [0;1;32m           have a large hp pool [0m [32m)[0m[0m
[04:31] [0m[32mYou think to Ukyo . o O ([0m [36;1m can currently allocate 13 points [0m [32m)[0m[0m
[04:32] [0m[32mYou think to Ukyo . o O ([0m [36;1m how close do i need each of those key[0m
[04:32] [0;1;36m           stats? [0m [32m)[0m[0m
[04:33] [0m[32mUkyo thinks . o O ([0m [32;1m no idea, mine are fairly disparate atm,[0m
[04:33] [0;1;32m           going more for 111 so i can start maxing con first, though. i[0m
[04:33] [0;1;32m           need to raise str, just don't have enough to spare atm [0m [32m)[0m[0m
[04:34] [0m[32mUkyo thinks . o O ([0m [32;1m atm, i'm sitting on 136 con, 116 dex, 111[0m
[04:34] [0;1;32m           wis, 81 cha, 51 str/int [0m [32m)[0m[0m
[04:34] [0m[32mUkyo thinks . o O ([0m [32;1m but something else to keep in mind is fdef.[0m
[04:34] [0;1;32m           not sure what influences it, and i'm thinking i'm going to[0m
[04:34] [0;1;32m           have to raise intelligence soon [0m [32m)[0m[0m
[04:36] [0m[32mYou think to Ukyo . o O ([0m [36;1m thanks for clarity. why more str? [0m [32m)[0m[0m
[04:36] [0m[32mUkyo thinks . o O ([0m [32;1m carry weight, more than anything [0m [32m)[0m[0m
[04:36] [0m[32mUkyo thinks . o O ([0m [32;1m encumbrance is a big issue for us [0m [32m)[0m[0m
[04:36] [0m[34;1mNik shouts:[0m playcult or your a bot![0m
[04:36] [0m[32mYou think to Ukyo . o O ([0m [36;1m telekinesis not enough? [0m [32m)[0m[0m
[04:36] [0m[32mUkyo thinks . o O ([0m [32;1m not always [0m [32m)[0m[0m
[04:37] [0m[32mYou think to Ukyo . o O ([0m [36;1m i find it not always activating in[0m
[04:37] [0;1;36m           light of "not needed now" but I have a yellow & requires more[0m
[04:37] [0;1;36m           yellow lol [0m [32m)[0m[0m
[04:44] [0mHyuga [Jedi(90)]: if you need frags tell me because i am disposing of mine[0m
[04:44] [0m                  for the rest of boot[0m
[04:46] [0mUkyo [Jedi(76)]: holocron frags?[0m
[04:46] [0mUkyo [Jedi(76)]: why not donate them at the library? or is it full?[0m
[04:47] [0mGandalf [Jedi(57)]: just laziness? :)[0m
[04:47] [0m[4m[31m[JEDI]: Rhaan arrives at the Academy.[0m[0m[0m
[04:48] [0mHyuga [Jedi(90)]: i can't macro out of silver blue[0m
[04:48] [0mHyuga [Jedi(90)]: it takes like 2 mins[0m
[04:48] [0mHyuga [Jedi(90)]: not worth my time or effort[0m
[04:49] [0mHyuga [Jedi(90)]: unless someone needs one, hence my com[0m
[04:49] [0mYou adjust your reforger's kit slightly, ready to do more business.[0m
[04:49] [0mYou can currently reforge 4 items.[0m
[04:49] [0mUkyo [Jedi(76)]: they're weightless, put them in a pack[0m
[04:49] [0mHyuga [Jedi(90)]: i don't have a pack[0m
[04:49] [0mHyuga [Jedi(90)]: i have a bag of major sending, which they screw up[0m
[04:49] [0mHyuga [Jedi(90)]: if you need fragments, tell me :)[0m
[04:50] [0mHyuga [Jedi(90)]: otherwise i am destroying them[0m
[04:50] [0mHyuga [Jedi(90)]: i have donated like 1000 already this boot. i think i have[0m
[04:50] [0m                  done my part[0m
[05:13] [0m[4m[31m[JEDI]: Tobias Kel'ach'nar arrives at the Academy.[0m[0m[0m
[05:19] [0m<- ! The Vigilant ! -> :  A destabilization Kayos event has been detected in[0m
[05:19] [0m                          Deserts of Fantasy!  We are localizing it now -[0m
[05:19] [0m                          get ready![0m
[05:23] [0m[32mYou say:[0m I am not the aspiring jedi you are looking for.[0m
[05:26] [0m[32mYou say:[0m I am not the aspiring jedi you are looking for.[0m
[05:30] [0m[32mYou say:[0m I am not the aspiring jedi you are looking for.[0m
[05:36] [0m[32mYou say:[0m I am not the aspiring jedi you are looking for.[0m
[05:39] [0m[32mYou say:[0m I am not the aspiring jedi you are looking for.[0m
[05:44] [0m[32mYou say:[0m I am not the aspiring jedi you are looking for.[0m
[05:45] [0m[4m[31m[JEDI]: Talia Ska arrives at the Academy.[0m[0m[0m
[05:47] [0m[32mYou say:[0m I am not the aspiring jedi you are looking for.[0m
[05:51] [0mYou adjust your reforger's kit slightly, ready to do more business.[0m
[05:51] [0mYou can currently reforge 8 items.[0m
[05:51] [0m[32mYou say:[0m I am not the aspiring jedi you are looking for.[0m
[05:55] [0m[32mYou say:[0m I am not the aspiring jedi you are looking for.[0m
[05:59] [0m[32mYou say:[0m I am not the aspiring jedi you are looking for.[0m
[06:03] [0m[32mYou say:[0m I am not the aspiring jedi you are looking for.[0m
[06:07] [0m[32mYou say:[0m I am not the aspiring jedi you are looking for.[0m
[06:09] [0m[4m[31m[JEDI]: Reena Bel Noir arrives at the Academy.[0m[0m[0m
[06:11] [0m[32mYou say:[0m I am not the aspiring jedi you are looking for.[0m
[06:11] [0m[32mYou say:[0m I am not the aspiring jedi you are looking for.[0m
[06:15] [0m[32mYou say:[0m I am not the aspiring jedi you are looking for.[0m
[06:19] [0m[32mYou say:[0m I am not the aspiring jedi you are looking for.[0m
[06:19] [0m[32mYou say:[0m I am not the aspiring jedi you are looking for.[0m
[06:23] [0m[32mYou say:[0m I am not the aspiring jedi you are looking for.[0m
[06:24] [0mUkyo [Jedi(76)]: yea. probably not a good idea to ki burst those[0m
[06:24] [0mUkyo [Jedi(76)]: need a hand clearing them? i've got the pair of razors and[0m
[06:24] [0m                 a stinger of toxy[0m
[06:24] [0mUkyo [Jedi(76)]: if you want them?[0m
[06:25] [0mAssassin [Jedi(44)]: would love a razor[0m
[06:25] [0mUkyo [Jedi(76)]: how about a few of hte pedal pieces of gear?[0m
[06:25] [0mUkyo [Jedi(76)]: or do you have better?[0m
[06:26] [0mAssassin [Jedi(44)]: im good thx on that count[0m
[06:27] [0m[32mYou say:[0m I am not the aspiring jedi you are looking for.[0m
[06:31] [0m[32mYou say:[0m I am not the aspiring jedi you are looking for.[0m
[06:35] [0m[32mYou say:[0m I am not the aspiring jedi you are looking for.[0m
[06:38] [0m[32mYou say:[0m I am not the aspiring jedi you are looking for.[0m
[06:39] [0m[4m[31m[JEDI]: Bithoff Jonansaan arrives at the Academy.[0m[0m[0m
[06:42] [0m[32mYou say:[0m I am not the aspiring jedi you are looking for.[0m
[06:47] [0m[32mYou say:[0m I am not the aspiring jedi you are looking for.[0m
[06:47] [0m[32mYou say:[0m I am not the aspiring jedi you are looking for.[0m
[06:51] [0mYou adjust your reforger's kit slightly, ready to do more business.[0m
[06:51] [0mYou can currently reforge 12 items.[0m
[06:52] [0m[32mYou say:[0m I am not the aspiring jedi you are looking for.[0m
[06:52] [0m[32mYou say:[0m I am not the aspiring jedi you are looking for.[0m
[06:54] [0m[32mYou say:[0m I am not the aspiring jedi you are looking for.[0m
[06:58] [0m[32mYou say:[0m I am not the aspiring jedi you are looking for.[0m
[07:02] [0m[32mYou say:[0m I am not the aspiring jedi you are looking for.[0m
[07:06] [0m[32mYou say:[0m I am not the aspiring jedi you are looking for.[0m
[07:06] [0m[4m[31m[JEDI]: Janath Meelin arrives at the Academy.[0m[0m[0m
[07:10] [0m[32mYou say:[0m I am not the aspiring jedi you are looking for.[0m
[07:15] [0m[32mYou say:[0m I am not the aspiring jedi you are looking for.[0m
[07:18] [0m[32mYou say:[0m I am not the aspiring jedi you are looking for.[0m
[07:18] [0m[32mYou say:[0m I am not the aspiring jedi you are looking for.[0m
[07:22] [0m[32mYou say:[0m I am not the aspiring jedi you are looking for.[0m
[07:26] [0m[32mYou say:[0m I am not the aspiring jedi you are looking for.[0m
[07:30] [0m[32mYou say:[0m I am not the aspiring jedi you are looking for.[0m
[07:30] [0mNightrider flaps : event 2 w 2 s[0m
[07:30] [0mNightrider flaps : from desert portal[0m
[07:31] [0m[34;1mNightrider shouts:[0m event desert portal 2 w 2 s[0m
[07:31] [0m[34;1mSpace shouts:[0m slashing[0m
[07:33] [0m[4m[31m[JEDI]: Herah Wylann arrives at the Academy.[0m[0m[0m
[07:34] [0m[32mYou say:[0m I am not the aspiring jedi you are looking for.[0m
[07:38] [0m[32mYou say:[0m I am not the aspiring jedi you are looking for.[0m
[07:42] [0m[32mYou say:[0m I am not the aspiring jedi you are looking for.[0m
[07:47] [0m[32mYou say:[0m I am not the aspiring jedi you are looking for.[0m
[07:47] [0m[32mYou say:[0m I am not the aspiring jedi you are looking for.[0m
[07:47] [0m[32mYou say:[0m I am not the aspiring jedi you are looking for.[0m
[07:49] [0m[32mYou say:[0m I am not the aspiring jedi you are looking for.[0m
[07:52] [0mYou adjust your reforger's kit slightly, ready to do more business.[0m
[07:52] [0mYou can currently reforge 12 items.[0m
[07:53] [0m[32mYou say:[0m I am not the aspiring jedi you are looking for.[0m
[07:58] [0m[32mYou say:[0m I am not the aspiring jedi you are looking for.[0m
[08:01] [0m[32mYou say:[0m I am not the aspiring jedi you are looking for.[0m
[08:05] [0m[32mYou say:[0m I am not the aspiring jedi you are looking for.[0m
[08:07] [0m[4m[31m[JEDI]: Durnoth arrives at the Academy.[0m[0m[0m
[08:09] [0m[32mYou say:[0m I am not the aspiring jedi you are looking for.[0m
[08:13] [0m[32mYou say:[0m I am not the aspiring jedi you are looking for.[0m
[08:19] [0m[32mYou say:[0m I am not the aspiring jedi you are looking for.[0m
[08:21] [0m[32mYou say:[0m I am not the aspiring jedi you are looking for.[0m
[08:25] [0m[32mYou say:[0m I am not the aspiring jedi you are looking for.[0m
[08:30] [0m[4m[31m[JEDI]: Janath Meelin arrives at the Academy.[0m[0m[0m
[08:30] [0m[32mYou say:[0m I am not the aspiring jedi you are looking for.[0m
[08:33] [0m[34;1mNightrider shouts:[0m take my breath away[0m
[08:34] [0m[32mYou say:[0m I am not the aspiring jedi you are looking for.[0m
[08:37] [0m[32mYou say:[0m I am not the aspiring jedi you are looking for.[0m
[08:42] [0m[32mYou say:[0m I am not the aspiring jedi you are looking for.[0m
[08:45] [0m[32mYou say:[0m I am not the aspiring jedi you are looking for.[0m
[08:45] [0m[32mYou say:[0m I am not the aspiring jedi you are looking for.[0m
[08:49] [0m[32mYou say:[0m I am not the aspiring jedi you are looking for.[0m
[08:52] [0mYou adjust your reforger's kit slightly, ready to do more business.[0m
[08:52] [0mYou can currently reforge 12 items.[0m
[08:52] [0m[32mYou say:[0m I am not the aspiring jedi you are looking for.[0m
[08:59] [0m[4m[31m[JEDI]: Kerran Halcyon arrives at the Academy.[0m[0m[0m
[09:26] [0m[4m[31m[JEDI]: Tobias Kel'ach'nar arrives at the Academy.[0m[0m[0m
[09:55] [0m[4m[31m[JEDI]: Rhaan arrives at the Academy.[0m[0m[0m
[09:57] [0mWhisper flaps : you, with the face...[0m
[09:59] [0mSimonz flaps : YOUR FACE IS YOU....wait...[0m
[10:00] [0mNauda flaps : who is running 3k wiki? when I want to creat login, it asks[0m
[10:00] [0m              "Who runs this bloody 3k wiki thing?"[0m
[10:01] [0mSimonz flaps : shadowspawn i think[0m
[10:01] [0mWhisper flaps : amish?[0m
[10:04] [0mNauda flaps : it's shadowspawn, the site kept giving error 500, so I wasn't[0m
[10:04] [0m              sure[0m
[10:05] [0mSimonz flaps : anyone have contact info for him?  Wiki is really not[0m
[10:05] [0m               responding well the last week or so[0m
[10:06] [0mWhisper flaps : alot of load/404's[0m
[10:06] [0mNauda flaps : a lot of load for a mostly text only wiki?[0m
[10:06] [0mNauda flaps : or is somethere some hidden pron part to that wiki?[0m
[10:21] [0mSimonz flaps : found an anonymized admin email for the 3kwiki on google's[0m
[10:21] [0m               domain hosting whois, sent off an email[0m
[10:23] [0m[4m[31m[JEDI]: Talia Ska arrives at the Academy.[0m[0m[0m
[10:29] [0mByron flaps : tell that noob to 1v1 me[0m
[10:38] [0m[34;1mFluffy shouts:[0m shank![0m
[10:39] [0mSer flaps : i have a mirror but i haven't updated it recently... [0m
[10:39] [0m            wiki.maybeits.us  --  will run imports, also the main page is[0m
[10:39] [0m            kinda borky but the rest should work well[0m
[10:42] [0mSer flaps : i should at least get it up to date[0m
[10:42] [0mSer flaps : it's been almost a year now since i imported any changes from[0m
[10:42] [0m            the main wiki, so *gets on it*[0m
[10:55] [0m[4m[31m[JEDI]: Bithoff Jonansaan arrives at the Academy.[0m[0m[0m
[17:25] [0m[32mYou say:[0m I am not the aspiring jedi you are looking for.[0m
[17:28] [0m[32mYou say:[0m I am not the aspiring jedi you are looking for.[0m
[17:32] [0m[32mYou say:[0m I am not the aspiring jedi you are looking for.[0m
[17:35] [0m[32mYou say:[0m I am not the aspiring jedi you are looking for.[0m
[17:38] [0m[32mYou say:[0m I am not the aspiring jedi you are looking for.[0m
[17:42] [0m[32mYou say:[0m I am not the aspiring jedi you are looking for.[0m
[17:47] [0m[32mYou say:[0m I am not the aspiring jedi you are looking for.[0m
[17:48] [0m[4m[31m[JEDI]: Alyssa K'tal arrives at the Academy.[0m[0m[0m
[17:50] [0m[32mYou say:[0m I am not the aspiring jedi you are looking for.[0m
[17:55] [0m[32mYou say:[0m I am not the aspiring jedi you are looking for.[0m
[17:59] [0m[32mYou say:[0m I am not the aspiring jedi you are looking for.[0m
[18:00] [0mYou adjust your reforger's kit slightly, ready to do more business.[0m
[18:00] [0mYou can currently reforge 12 items.[0m
[18:03] [0m[32mYou say:[0m I am not the aspiring jedi you are looking for.[0m
[18:08] [0m[32mYou say:[0m I am not the aspiring jedi you are looking for.[0m
[18:11] [0m[32mYou say:[0m I am not the aspiring jedi you are looking for.[0m
[18:15] [0m[32mYou say:[0m I am not the aspiring jedi you are looking for.[0m
[18:18] [0m[4m[31m[JEDI]: Tobias Kel'ach'nar arrives at the Academy.[0m[0m[0m
[18:19] [0m[32mYou say:[0m I am not the aspiring jedi you are looking for.[0m
[18:23] [0m[32mYou say:[0m I am not the aspiring jedi you are looking for.[0m
[18:27] [0m[32mYou say:[0m I am not the aspiring jedi you are looking for.[0m
[18:31] [0m[32mYou say:[0m I am not the aspiring jedi you are looking for.[0m
[18:35] [0m[32mYou say:[0m I am not the aspiring jedi you are looking for.[0m
[18:39] [0m[32mYou say:[0m I am not the aspiring jedi you are looking for.[0m
[18:43] [0m[34;1mHyuga shouts:[0m ooooooooow[0m
[18:43] [0m[32mYou say:[0m I am not the aspiring jedi you are looking for.[0m
[18:47] [0m[32mYou say:[0m I am not the aspiring jedi you are looking for.[0m
[18:47] [0m[32mYou say:[0m I am not the aspiring jedi you are looking for.[0m
[18:47] [0m[32mYou say:[0m I am not the aspiring jedi you are looking for.[0m
[18:51] [0m[32mYou say:[0m I am not the aspiring jedi you are looking for.[0m
[18:55] [0m[4m[31m[JEDI]: Durnoth arrives at the Academy.[0m[0m[0m
[18:55] [0m[32mYou say:[0m I am not the aspiring jedi you are looking for.[0m
[18:59] [0m[32mYou say:[0m I am not the aspiring jedi you are looking for.[0m
[19:01] [0mYou adjust your reforger's kit slightly, ready to do more business.[0m
[19:01] [0mYou can currently reforge 12 items.[0m
[19:03] [0m[32mYou say:[0m I am not the aspiring jedi you are looking for.[0m
[19:07] [0m[32mYou say:[0m I am not the aspiring jedi you are looking for.[0m
[19:07] [0mHyuga [Jedi(90)]: The spiciest of spices, pure Cinnamon (sizzle).[0m
[19:10] [0m[32mYou say:[0m I am not the aspiring jedi you are looking for.[0m
[19:14] [0m[32mYou say:[0m I am not the aspiring jedi you are looking for.[0m
[19:19] [0m[32mYou say:[0m I am not the aspiring jedi you are looking for.[0m
[19:23] [0m[32mYou say:[0m I am not the aspiring jedi you are looking for.[0m
[19:25] [0m[Auction] Robert : Up for bids: Bag of Major Sending.[0m
[19:25] [0m[Auction] Robert : Eagleeyes has requested 25,000 as the opening offer.[0m
[19:26] [0m[Auction] Robert : Oh, come on... just 25000 coins?[0m
[19:26] [0m[Auction] Robert : Fine, bollocks to the lot of you[0m
[19:26] [0m<- ! The Vigilant ! -> :  A destabilization Kayos event has been detected in[0m
[19:26] [0m                          Deserts of Fantasy!  We are localizing it now -[0m
[19:26] [0m                          get ready![0m
[19:27] [0m[32mYou say:[0m I am not the aspiring jedi you are looking for.[0m
[19:28] [0m[4m[31m[JEDI]: Wennic Ber'ni'lok arrives at the Academy.[0m[0m[0m
[19:30] [0m[32mYou say:[0m I am not the aspiring jedi you are looking for.[0m
[19:34] [0m[32mYou say:[0m I am not the aspiring jedi you are looking for.[0m
[19:34] [0m[34;1mSimonz shouts:[0m huh, that's funny, I thought the mud killed marines....[0m
[19:35] [0m[34;1mHyuga shouts:[0m guildc killed the marines. the mud loves marines[0m
[19:36] [0m[34;1mSimonz shouts:[0m event at 3w, 1n of desert portal[0m
[19:36] [0m[34;1mSimonz shouts:[0m ice damage[0m
[19:38] [0m[32mYou say:[0m I am not the aspiring jedi you are looking for.[0m
[19:42] [0m[32mYou say:[0m I am not the aspiring jedi you are looking for.[0m
[19:46] [0m[32mYou say:[0m I am not the aspiring jedi you are looking for.[0m
[19:50] [0m[32mYou say:[0m I am not the aspiring jedi you are looking for.[0m
[19:55] [0m[32mYou say:[0m I am not the aspiring jedi you are looking for.[0m
[19:58] [0m[32mYou say:[0m I am not the aspiring jedi you are looking for.[0m
[20:01] [0m[4m[31m[JEDI]: Herah Wylann arrives at the Academy.[0m[0m[0m
[20:01] [0mYou adjust your reforger's kit slightly, ready to do more business.[0m
[20:01] [0mYou can currently reforge 12 items.[0m
[20:03] [0m[32mYou say:[0m I am not the aspiring jedi you are looking for.[0m
[20:07] [0m[32mYou say:[0m I am not the aspiring jedi you are looking for.[0m
[20:11] [0m[32mYou say:[0m I am not the aspiring jedi you are looking for.[0m
[20:14] [0m[32mYou say:[0m I am not the aspiring jedi you are looking for.[0m
[20:19] [0m[32mYou say:[0m I am not the aspiring jedi you are looking for.[0m
[20:22] [0m[32mYou say:[0m I am not the aspiring jedi you are looking for.[0m
[20:23] [0m[Auction] Robert : Up for bids: Translucent Cloak (augmented), Translucent[0m
[20:23] [0m                   Cloak (augmented) and Translucent Bracelet (augmented).[0m
[20:23] [0m[Auction] Robert : Fluffy has requested 7 as the opening offer.[0m
[20:23] [0m[Auction] Robert : Got 420 from Hyuga(jedi).  Do I hear 470?[0m
[20:24] [0m[Auction] Robert : 420 going once![0m
[20:24] [0m[Auction] Robert : 420 going twice![0m
[20:24] [0m[Auction] Robert : Sold to Hyuga for 420 coins![0m
[20:24] [0m[Auction] Hyuga (jedi) : WOOOO[0m
[20:26] [0m[32mYou say:[0m I am not the aspiring jedi you are looking for.[0m
[20:28] [0m[32mYou tell Simonz:[0m ready when are, lead me on to fortitude ~ please![0m
[20:30] [0m[32mYou say:[0m I am not the aspiring jedi you are looking for.[0m
[20:33] [0m[4m[31m[JEDI]: Kerran Halcyon arrives at the Academy.[0m[0m[0m
[20:34] [0mCaeli flaps : Well, so far power is still on, no flooding in my area and[0m
[20:34] [0m              Yeah........[0m
[20:37] [0mRoken [Jedi(48)]: YAS! I can max reduce injury![0m
[20:37] [0mHyuga [Jedi(90)]: FYMF!!!![0m
[20:37] [0m[32;1mFrom afar, Simonz goes 'Woo Woo!' at you.[0m[0m
[20:38] [0m[32mSimonz tells you:[0m iscrewed up[0m
[20:38] [0m[32mSimonz tells you:[0m 102% fdef, cant adv because o dont have any skill points[0m
[20:39] [0m[32mYou tell Simonz:[0m lmao wuhh oh no![0m
[20:40] [0m[32mYou tell Simonz:[0m glvl in no time[0m
[20:42] [0m[32mYou say: [0mskills                                                               [0m
[20:42] [0;32mKerran says: [0mI have mastered telepathy, lightsaber alteration.            [0m
[20:42] [0;32mKerran says: [0mI have become adept at clear mind, channel energy, drain[0m
[20:42] [0m             crystals, release force.                                     [0m
[20:42] [0;32mKerran says: [0mAnd I have gained an understanding of accelerated healing,[0m
[20:42] [0m             reduce injury, concentration, hibernation trance, meditation,[0m
[20:42] [0m             control pain, lesser force shield, greater force shield,[0m
[20:42] [0m             resist poison, resist stun, enhance metabolism, inflict pain,[0m
[20:42] [0m             injure-kill, telekinetic kill, animal affinity, cloud mind,[0m
[20:42] [0m             disturbing aura, misdirect, enrage, confusion, mindblock,[0m
[20:42] [0m             telekinesis, absorb energy, distract, alter technology.      [0m
[20:42] [0m[32mKerran says: [0mI can teach you any of those if you wish.                     [0m
[20:44] [0mHyuga flaps : any looting yet?[0m
[20:44] [0mFluffy flaps : nope, only pillaging and plundering[0m
[20:45] [0mMud flaps : participating in some anarchy[0m
[20:45] [0mSquirrel flaps : rioting in the local walmart?[0m
[20:46] [0mMud flaps : no, backwards toilet paper[0m
[20:53] [0mLicklick [Jedi(33)]: hyuga im a quarter of the way there[0m
[20:55] [0mHyuga [Jedi(90)]: to what[0m
[20:55] [0mLicklick [Jedi(33)]: 100k coins[0m
[20:55] [0mLicklick [Jedi(33)]: im going to know what happened at band camp[0m
[20:55] [0mHyuga [Jedi(90)]: i gave it to you for free last time you were on[0m
[20:55] [0mHyuga [Jedi(90)]: but i will take the 100k if you want[0m
[20:56] [0mLicklick [Jedi(33)]: will u tell me what happened[0m
[20:57] [0mHyuga [Jedi(90)]: simonz tell him what happened[0m
[20:57] [0mSimonz [Jedi(54)]: nope[0m
[20:57] [0mHyuga [Jedi(90)]: doh[0m
[20:58] [0mHyuga [Jedi(90)]: i can't tell you today. maybe tomorrow[0m
[21:00] [0mRoken [Jedi(48)]: wow seriously, leaving us hanging![0m
[21:00] [0mAsp [Jedi(30)]: stick 100k into the pot[0m
[21:02] [0mYou adjust your reforger's kit slightly, ready to do more business.[0m
[21:02] [0mYou can currently reforge 4 items.[0m
[21:03] [0mRoken [Jedi(48)]: can do 13x that[0m
[21:04] [0mHyuga [Jedi(90)]: nice, 1.3M?[0m
[21:04] [0m[4m[31m[JEDI]: Ylenic It'kla arrives at the Academy.[0m[0m[0m
[21:04] [0mHyuga [Jedi(90)]: hook it up bruh[0m
[21:04] [0mRoken [Jedi(48)]: ya[0m
[21:05] [0mRoken [Jedi(48)]: should pay ser back his 500k[0m
[21:05] [0m[32mYou tell Ser:[0m want your 500k back?[0m
[21:06] [0mRoken [Jedi(48)]: someone in need of building a guild weapon?[0m
[21:07] [0mHyuga [Jedi(90)]: oo[0m
[21:08] [0m[32;1mFrom afar, Ser goes "Heh heh heh" at you.[0m[0m
[21:08] [0mSiem [Jedi(44)]: i can swing a saber pretty good i guess[0m
[21:08] [0m[32mSer tells you:[0m sure[0m
[21:08] [0mCaeli flaps : I haven't been out of the house today[0m
[21:08] [0m[32mYou tell Ser:[0m meet me at town's bank[0m
[21:08] [0m[32mSer tells you:[0m "transfer 500000 coins to ser"[0m
[21:08] [0m[32mSer tells you:[0m XP Gain for the last 30 minutes: 268,759,959[0m
[21:08] [0mInix flaps : It's not too late, explore the backyard.[0m
[21:11] [0m[32mSer tells you:[0m thnx[0m
[21:11] [0m[32mSer tells you:[0m want some xp on oliver?[0m
[21:11] [0m[32;1mFrom afar, Ser pokes you in the ribs.[0m[0m
[21:11] [0m[32mSer tells you:[0m hey[0m
[21:11] [0m[32mSer tells you:[0m hi[0m
[21:11] [0m[32mSer tells you:[0m hello[0m
[21:12] [0m[32mSer tells you:[0m salutations[0m
[21:12] [0m[32mYou tell Ser:[0m sure[0m
[21:12] [0m[32mSer tells you:[0m ok[0m
[21:12] [0m[32mSer tells you:[0m will pick you up at CoT[0m
[21:12] [0mRoken [Jedi(48)]: BYEEE going to play monk[0m
[21:13] [0m[32mSer tells you:[0m yo[0m
[21:13] [0m[32mSer tells you:[0m start medding so your combat preparedness goes up[0m
[21:13] [0m[32mSer tells you:[0m mob at 45%[0m
[21:15] [0m[32mSer tells you:[0m where ya at[0m
[21:16] [0m[32mYou tell Ser:[0m on a quiet road of woonsocket[0m
[21:16] [0m[32mSer tells you:[0m townportal[0m
[21:16] [0m[32mYou tell Ser:[0m can't med unless nothing is in the room[0m
[21:17] [0m[32mYou tell Ser:[0m can i eventually block out things mentally?[0m
[21:17] [0m[32mSer tells you:[0m yah glevel 36 or so i think you can med w/ other people in[0m
[21:17] [0m        room[0m
[21:18] [0m[32;1mFrom afar, Ser pokes you in the ribs.[0m[0m
[21:18] [0m[32mSer tells you:[0m you comin[0m
[21:18] [0m[32mYou tell Ser:[0m ok im at 52% combat ready[0m
[21:20] [0m[34;1mFluffy shouts:[0m big letters[0m
[21:20] [0m[33;1m[PARTY][0m Dartholiver joins the party.[0m
[21:20] [0m[33;1m[PARTY][0m Ser: hi[0m
[21:20] [0m[32mYou tell Ser:[0m how do i disable pages? each long file is asks me to press[0m
[21:20] [0m        enter[0m
[21:21] [0m[32mSer tells you:[0m setmod ROWS 10000[0m
[21:21] [0m[34;1mLicklick shouts:[0m is he happy or frustrated hes that level?[0m
[21:21] [0m[33;1m[PARTY][0m Ser: n/s[0m
[21:21] [0m[34;1mBoosh shouts:[0m its frusteating ask him[0m
[21:21] [0m[33;1m[PARTY][0m Ser: n/s[0m
[21:21] [0m[33;1m[PARTY][0m Ser: go n/s[0m
[21:21] [0m[34;1mFrustrated shouts:[0m It's finger licking good[0m
[21:21] [0m[32mYou tell Ser:[0m pchat?[0m
[21:21] [0m[34;1mHyuga shouts:[0m i ate some frust once. not that great[0m
[21:21] [0m[33;1m[PARTY][0m Ser: ptell[0m
[21:21] [0m[33;1m[PARTY][0m Ser: go n/s[0m
[21:21] [0m[33;1m[PARTY][0m Ser: ffs[0m
[21:21] [0m[33;1m[PARTY][0m Dartholiver: do i need cassist?[0m
[21:21] [0m[33;1m[PARTY][0m Ser: yes[0m
[21:22] [0m[33;1m[PARTY][0m Ser: go FUCKING NORTH THEN SOUTH[0m
[21:22] [0m[33;1m[PARTY][0m Ser: jfc[0m
[21:22] [0m[33;1m[PARTY][0m Dartholiver: says im too weak to fight effectively[0m
[21:22] [0m[33;1m[PARTY][0m Ser: need to enervate[0m
[21:23] [0m[33;1m[PARTY][0m Ser: no chi[0m
[21:23] [0m[33;1m[PARTY][0m Ser: enervate 20;hands[0m
[21:24] [0m[33;1m[PARTY][0m Ser: do it until your chi is full[0m
[21:24] [0m[33;1m[PARTY][0m Ser: need to get reflex[0m
[21:26] [0m[33;1m[PARTY][0m Ser: hey fuckstick[0m
[21:27] [0m[33;1m[PARTY][0m Dartholiver: i am enervating[0m
[21:27] [0m[33;1m[PARTY][0m Ser: i know[0m
[21:27] [0m[33;1m[PARTY][0m Ser: get some levels[0m
[21:27] [0m[33;1m[PARTY][0m Ser: then get reflex[0m
[21:27] [0m[33;1m[PARTY][0m Ser: you use 1chi/rnd[0m
[21:27] [0m[33;1m[PARTY][0m Ser: you're out of chi again[0m
[21:27] [0m[33;1m[PARTY][0m Ser: GET A FEW LEVELS[0m
[21:28] [0m[33;1m[PARTY][0m Dartholiver: shit what thought i completed the rquired quest. can't[0m
[21:28] [0m             goto lv10[0m
[21:29] [0m[33;1m[PARTY][0m Ser: sigh[0m
[21:29] [0m[33;1m[PARTY][0m Ser: in the meantime[0m
[21:31] [0m[33;1m[PARTY][0m Dartholiver: why aren't all your chats going to chatlog[0m
[21:31] [0m[33;1m[PARTY][0m Ser: i dunno, prolly cuz you've fucked w/ it[0m
[21:31] [0m[33;1m[PARTY][0m Dartholiver: did not[0m
[21:32] [0m[33;1m[PARTY][0m Ser: do your quest[0m
[21:33] [0m[33;1m[PARTY][0m Dartholiver: why does it say solved when i type questlist[0m
[21:34] [0m[32mThief says: [0mRun while you have the chance![0m
[21:34] [0m[33;1m[PARTY][0m Ser: because you've solved it on another character[0m
[21:34] [0m[33;1m[PARTY][0m Dartholiver: is it the library gal?[0m
[21:35] [0m[32mJocelyn says:[0m Type 'say responses' to see what I respond to.[0m
[21:35] [0m[33;1m[PARTY][0m Ser: ...  i left you in the room[0m
[21:35] [0m[32mYou say:[0m resposnes[0m
[21:35] [0m[33;1m[PARTY][0m Ser: it's questlist 8[0m
[21:35] [0mYou whisper to Jocelyn: responses                                             [0m
[21:35] [0;32mJocelyn says: [0mThe words and phrases that I respond to are as follows:[0m
[21:35] [0m              hello, proceed, help, communication, newbie, inventory,[0m
[21:35] [0m              escort, newbie helpers, say, tell, shout, nezbit, journal,[0m
[21:35] [0m              page, tutorial, look, examine, newb.  I may respond to more[0m
[21:35] [0m              than that, but those are the most important topics I can[0m
[21:35] [0m              clarify for you, should you have any questions about them.  [0m
[21:35] [0m[33;1m[PARTY][0m Ser: newbie academy[0m
[21:37] [0m[32mYou say:[0m hi[0m
[21:37] [0m[32mYou say:[0m quest[0m
[21:38] [0mSomeone says: Go ahead, 'take exam', and you'll be out of here in no time. [0m
[21:41] [0mQuestion  2: Can you give or sell quest items to other players? [0m
[21:41] [0m             [Answer yes/no.] [0m
[21:42] [0mQuestion  3: Can a player under level 50, with no other characters, create[0m
[21:42] [0m             a legal non-hardcore second character?[0m
[21:42] [0m             [Ignore VAF perks.][0m
[21:42] [0mQuestion  4: Do you need a valid email address to play on 3K? [0m
[21:42] [0mQuestion  5: If you have found a bug concerning quests, what command can [0m
[21:42] [0m             you use to report to the wizards?  [Note: The question asks [0m
[21:42] [0m             the command only, not the syntax of the command.] [0m
[21:43] [0mQuestion  6: How many levels will you lose when you die? [0m
[21:46] [0mQuestion  7: If you want to find out someone's email address, which [0m
[21:46] [0m             command might help you? [0m
[21:46] [0mQuestion  8: At what level can you join a guild? [0m
[21:47] [0mQuestion  9: Which command will let you check your bank balance from [0m
[21:47] [0m             any place? [0m
[21:49] [0m[33;1m[PARTY][0m Ser: how's the quest coming[0m
[21:50] [0m[32;1mFrom afar, Ser pokes you in the ribs.[0m[0m
[21:53] [0m[32mYou tell Ser:[0m exam[0m
[21:53] [0m[32mYou tell Ser:[0m prolly fail[0m
[21:54] [0m[32mYou tell Ser:[0m how many feelings? gosh help files don't tell me[0m
[21:59] [0m[32mSer tells you:[0m try 'feelings'[0m
[21:59] [0m[32mYou tell Ser:[0m got 8 correct. Didn't see question1 got q2,6,10, and 13 wrong[0m
[21:59] [0m[32mSer tells you:[0m was walking dog[0m
[22:00] [0mSomeone says: Go ahead, 'take exam', and you'll be out of here in no time. [0m
[22:01] [0mQuestion  1: Tell me the name of one of the Archons of this mud. [0m
[22:01] [0m             [Remember to write the answer in lower case characters.] [0m
[22:01] [0m[32mSer tells you:[0m so you pass or fail?[0m
[22:01] [0m[32mYou tell Ser:[0m no. Is Archons a wizard?[0m
[22:01] [0m[32mSer tells you:[0m no that's a rank of wizards[0m
[22:02] [0m[32mYou tell Ser:[0m what's a name of one?[0m
[22:03] [0m[32mSer tells you:[0m help wizards[0m
[22:04] [0mQuestion  2: Can you give or sell quest items to other players? [0m
[22:04] [0m             [Answer yes/no.] [0m
[22:04] [0mQuestion  3: Can a player under level 50, with no other characters, create[0m
[22:04] [0m             a legal non-hardcore second character?[0m
[22:04] [0m             [Ignore VAF perks.][0m
[22:04] [0mQuestion  4: Do you need a valid email address to play on 3K? [0m
[22:04] [0mQuestion  5: If you have found a bug concerning quests, what command can [0m
[22:04] [0m             you use to report to the wizards?  [Note: The question asks [0m
[22:04] [0m             the command only, not the syntax of the command.] [0m
[22:04] [0m[32;1mFrom afar, Ser tells you: I always hated you.  I always hated you the[0m
[22:04] [0mQuestion  6: How many levels will you lose when you die? [0m
[22:05] [0mQuestion  7: If you want to find out someone's email address, which [0m
[22:05] [0m             command might help you? [0m
[22:05] [0mQuestion  8: At what level can you join a guild? [0m
[22:05] [0mQuestion  9: Which command will let you check your bank balance from [0m
[22:05] [0m             any place? [0m
[22:07] [0m[34;1mSaint shouts:[0m If anyone around my level, or with an alt around my level,[0m
[22:07] [0m              would like to party...You can find me on pfind. :)[0m
[22:08] [0m[32mYou tell Ser:[0m complete[0m
[22:08] [0m[32mSer tells you:[0m ok you know how to get to cot?[0m
[22:09] [0m[33;1m[PARTY][0m Ser: penis[0m
[22:09] [0m[33;1m[PARTY][0m Dartholiver: penis[0m
[22:09] [0m[33;1m[PARTY][0m Dartholiver: hail the cancer king[0m
[22:09] [0m[33;1m[PARTY][0m Ser: brt, mob at 25%[0m
[22:10] [0m[33;1m[PARTY][0m Ser: you have no peace[0m
[22:10] [0m[33;1m[PARTY][0m Ser: need peace to fight[0m
[22:10] [0m[33;1m[PARTY][0m Ser: need chi to fight[0m
[22:10] [0m[33;1m[PARTY][0m Ser: need to med to get peace, medding takes chi, need to[0m
[22:10] [0m     enervate to get chi[0m
[22:10] [0m[33;1m[PARTY][0m Ser: go to your guild shop and buy some incense[0m
[22:12] [0m[33;1m[PARTY][0m Ser: incense lets you med in the same room as other players[0m
[22:13] [0m[34;1mNauda shouts:[0m There only one person that uses pfind, and his name is Hsima,[0m
[22:13] [0m              you are on his lawn, boy.[0m
[22:13] [0m[33;1m[PARTY][0m Dartholiver: ok, shall i get acrobat tact healer as a minor?[0m
[22:13] [0m[33;1m[PARTY][0m Ser: i dont care what you do[0m
[22:14] [0m[33;1m[PARTY][0m Dartholiver: no prof won't interfere?[0m
[22:14] [0m[33;1m[PARTY][0m Dartholiver: unlike jedi[0m
[22:15] [0m[33;1m[PARTY][0m Ser: shrug[0m
[22:15] [0m[33;1m[PARTY][0m Ser: nah[0m
[22:15] [0m[33;1m[PARTY][0m Ser: no weird shit like fdef[0m
[22:16] [0m[33;1m[PARTY][0m Ser: you still havent meditated[0m
[22:16] [0m[33;1m[PARTY][0m Ser: jfc dude[0m
[22:16] [0m[32mThael says: Thank you for supporting the guild.[0m
[22:16] [0m[32mThael says: Thank you for supporting the guild.[0m
[22:16] [0m[32mThael says: Thank you for supporting the guild.[0m
[22:16] [0m[32mThael says: Thank you for supporting the guild.[0m
[22:17] [0m[33;1m[PARTY][0m Ser: or gotten reflex[0m
[22:17] [0m ******************************************************[0m
[22:17] [0m **               Available Skills                   **[0m
[22:17] [0m ******************************************************[0m
[22:18] [0m[33;1m[PARTY][0m Ser: c'mon[0m
[22:18] [0m[33;1m[PARTY][0m Ser: we don't have time[0m
[22:18] [0m[33;1m[PARTY][0m Ser: mud is resetting hotel in 2 mins[0m
[22:18] [0m[33;1m[PARTY][0m Ser: you're fucking retarded or something and don't do anything[0m
[22:18] [0m     i tell you to[0m
[22:18] [0m[32;1mFrom afar, Ser shouts 'WAKE UP!' at you. (at 10:18 pm)[0m[0m
[22:18] [0m[32;1mFrom afar, Ser shouts 'WAKE UP!' at you. (at 10:18 pm)[0m[0m
[22:18] [0m[32;1mFrom afar, Ser shouts 'WAKE UP!' at you. (at 10:18 pm)[0m[0m
[22:18] [0m[32;1mFrom afar, Ser shouts 'WAKE UP!' at you. (at 10:18 pm)[0m[0m
[22:18] [0m[32;1mFrom afar, Ser shouts 'WAKE UP!' at you. (at 10:18 pm)[0m[0m
[22:18] [0m[32;1mFrom afar, Ser shouts 'WAKE UP!' at you. (at 10:18 pm)[0m[0m
[22:18] [0m[32;1mFrom afar, Ser shouts 'WAKE UP!' at you. (at 10:18 pm)[0m[0m
[22:18] [0m[33;1m[PARTY][0m Ser: hurry the fuck up[0m
[22:18] [0m[32mYou tell Ser:[0m fuck how do i learn reflex[0m
[22:18] [0m[33;1m[PARTY][0m Ser: JUST FUCKING GET TO ME[0m
[22:18] [0m ******************************************************[0m
[22:18] [0m **               Available Skills                   **[0m
[22:18] [0m ******************************************************[0m
[22:18] [0m[33;1m[PARTY][0m Ser: GET INCENSE AND GET FUCKING HERE[0m
[22:19] [0m[33;1m[PARTY][0m Ser: I TOLD YOU HOW TO TRAIN REFLEX LIKE 30 MINUTES AGO WHEN[0m
[22:19] [0m     YOU LEVELLED[0m
[22:19] [0m[33;1m[PARTY][0m Ser: did you get incense?[0m
[22:19] [0m[33;1m[PARTY][0m Dartholiver: yes[0m
[22:19] [0m[33;1m[PARTY][0m Ser: ok[0m
[22:20] [0m[33;1m[PARTY][0m Dartholiver is being booted from the party.[0m
[22:20] [0m[33;1m[PARTY][0m Dartholiver joins the party.[0m
[22:20] [0m[32mMud says:[0m anyone else?[0m
[22:20] [0m[32mSer tells you:[0m do NOT save after he reset[0m
[22:20] [0m[32mInix says:[0m Just your mom[0m
[22:20] [0m[33;1m[PARTY][0m Mud: that everyone?[0m
[22:20] [0m[33;1m[PARTY][0m Mud: face and stuff[0m
[22:20] [0m[33;1m[PARTY][0m Inix: You know it[0m
[22:20] [0m[32mSer tells you:[0m pquit[0m
[22:20] [0m[33;1m[PARTY][0m Space has quit the party.[0m
[22:21] [0m[33;1m[PARTY][0m Dartholiver has quit the party.[0m
[22:21] [0m[33;1m[PARTY][0m Dartholiver joins the party.[0m
[22:21] [0m[33;1m[PARTY][0m Ser: now save[0m
[22:21] [0m[33;1m[PARTY][0m Ser: now advance health.reflex[0m
[22:21] [0m[33;1m[PARTY][0m Ser: and light incense[0m
[22:21] [0m[33;1m[PARTY][0m Ser: and meditate[0m
[22:21] [0m[33;1m[PARTY][0m Ser: and reflex add gp1 <50% enervate 20[0m
[22:22] [0m[33;1m[PARTY][0m Dartholiver: light or ignite incense don't work[0m
[22:22] [0m[33;1m[PARTY][0m Ser: fuckin burn it[0m
[22:22] [0m[33;1m[PARTY][0m Ser: burn incense[0m
[22:22] [0m[33;1m[PARTY][0m Ser: i dunno[0m
[22:22] [0m[33;1m[PARTY][0m Ser: you need to meditate[0m
[22:23] [0m[33;1m[PARTY][0m Dartholiver: tired[0m
[22:23] [0m[33;1m[PARTY][0m Dartholiver: tried![0m
[22:23] [0m[33;1m[PARTY][0m Ser: right you need incense[0m
[22:23] [0m[33;1m[PARTY][0m Ser: try dropping it then light it[0m
[22:24] [0m[33;1m[PARTY][0m Ser: meditate[0m
[22:25] [0m[33;1m[PARTY][0m Ser: ...[0m
[22:25] [0m[33;1m[PARTY][0m Ser: still waiting[0m
[22:25] [0m[33;1m[PARTY][0m Ser: still waiting[0m
[22:25] [0m[33;1m[PARTY][0m Ser: still waiting[0m
[22:25] [0m[33;1m[PARTY][0m Dartholiver: can't with someone in the room[0m
[22:25] [0m[33;1m[PARTY][0m Ser: meditate[0m
[22:25] [0m[33;1m[PARTY][0m Ser: if you type 'members' you can see the max of your peace[0m
[22:25] [0m[33;1m[PARTY][0m Ser: 201[0m
[22:26] [0m[33;1m[PARTY][0m Ser: did you add a reflex for enervate?  no[0m
[22:26] [0m[33;1m[PARTY][0m Ser: holy fuck dude[0m
[22:28] [0m[33;1m[PARTY][0m Dartholiver: added reflex im power lv 3 gxp to spend is 23 spent 0[0m
[22:28] [0m[33;1m[PARTY][0m Ser: ok[0m
[22:28] [0m[33;1m[PARTY][0m Ser: follow[0m
[22:29] [0m[33;1m[PARTY][0m Ser: go n/s[0m
[22:30] [0m[33;1m[PARTY][0m Dartholiver: how do i get inventory formatting like jedis'?[0m
[22:32] [0m[33;1m[PARTY][0m Ser: join jedi?[0m
[22:33] [0m[33;1m[PARTY][0m Dartholiver: so no eq/carried/autoloading just a plain list[0m
[22:33] [0m[33;1m[PARTY][0m Dartholiver: awesome[0m
[22:34] [0mHyuga flaps : whats your favorite carnival food?[0m
[22:34] [0mDartholiver flaps : elephant ears[0m
[22:35] [0mHyuga flaps : turkey legs![0m
[22:35] [0mSimonz flaps : taco bell[0m
[22:41] [0m[33;1m[PARTY][0m Ser: go s[0m
[22:41] [0m[33;1m[PARTY][0m Ser: meditate[0m
[22:41] [0m[33;1m[PARTY][0m Ser: come n when ready[0m
[22:41] [0mVagrant flaps : going to reset zombies if ppl want, meet at entrance![0m
[22:41] [0m[33;1m[PARTY][0m Dartholiver: ok i need privacy[0m
[22:42] [0m[33;1m[PARTY][0m Ser: GO S[0m
[22:42] [0m[33;1m[PARTY][0m Ser: MEDITATE[0m
[22:42] [0m[33;1m[PARTY][0m Dartholiver: wtf it is too dark[0m
[22:42] [0m[33;1m[PARTY][0m Ser: to meditate?[0m
[22:43] [0m[33;1m[PARTY][0m Dartholiver: med now[0m
[22:43] [0m[33;1m[PARTY][0m Dartholiver: lit some incense[0m
[22:43] [0m[33;1m[PARTY][0m Ser: goddamn dude r u fuckin stoned m8[0m
[22:43] [0m[33;1m[PARTY][0m Ser: like i dont mind helping you but you are slow as shit[0m
[22:43] [0m[33;1m[PARTY][0m Dartholiver: no how about you fucking play me. I'm not making up these[0m
[22:43] [0m             errors[0m
[22:44] [0m[33;1m[PARTY][0m Dartholiver: would not let me go s or look because it is soo god damn[0m
[22:44] [0m             dark[0m
[22:45] [0m[33;1m[PARTY][0m Ser: why do you need to see[0m
[22:46] [0m[33;1m[PARTY][0m Ser: and it does let you go south[0m
[22:46] [0m[33;1m[PARTY][0m Ser: you just cant see[0m
[22:46] [0m[33;1m[PARTY][0m Ser: wtf you need to see to go 's', 'meditate', wait until gp2[0m
[22:46] [0m     is full, 'b'[0m
[22:46] [0m[33;1m[PARTY][0m Ser: n'[0m
[22:47] [0m[33;1m[PARTY][0m Dartholiver: maybe you are stoned. told me to go s then won't let me..[0m
[22:47] [0m             idk how i am meditating maybe incense worked this time[0m
[22:47] [0m[33;1m[PARTY][0m Ser: it does let you[0m
[22:47] [0m[33;1m[PARTY][0m Ser: its just dark[0m
[22:47] [0m[33;1m[PARTY][0m Ser: it doesnt tell you the room description when it's dark,[0m
[22:47] [0m     dumbass[0m
[22:47] [0m[33;1m[PARTY][0m Ser: but you can still go that way[0m
[22:47] [0m[33;1m[PARTY][0m Dartholiver: ok since i am blind. am i in the same room?[0m
[22:48] [0m[33;1m[PARTY][0m Ser: no, you're 1s[0m
[22:52] [0m[33;1m[PARTY][0m Ser: you need to med again after this one[0m
[22:52] [0m[33;1m[PARTY][0m Ser: i would max meditate, hands, focus[0m
[22:52] [0m[33;1m[PARTY][0m Ser: go s, meditate, come n when full[0m
[22:52] [0m[33;1m[PARTY][0m Ser: go s, meditate, come n when full[0m
[22:55] [0m[33;1m[PARTY][0m Dartholiver: tickling zombies[0m
[22:58] [0m[33;1m[PARTY][0m Ser: you're gonna need to med again[0m
[22:59] [0m[33;1m[PARTY][0m Ser: can you try "focus 20"[0m
[23:00] [0m[33;1m[PARTY][0m Dartholiver: that worked. focus 20 doesn't if above 20[0m
[23:01] [0m[33;1m[PARTY][0m Ser: yah the more you train focus the more you can use it[0m
[23:01] [0m     between resets[0m
[23:02] [0m[33;1m[PARTY][0m Dartholiver: am i med again[0m
[23:02] [0m[33;1m[PARTY][0m Ser: s/med[0m
[23:02] [0m[33;1m[PARTY][0m Ser: ok you r[0m
[23:02] [0m[33;1m[PARTY][0m Ser: good[0m
[23:10] [0m[33;1m[PARTY][0m Ser: pausing after this one, s/meditate after dead[0m
[23:10] [0m[33;1m[PARTY][0m Ser: also stay at level 60[0m
[23:11] [0m[33;1m[PARTY][0m Dartholiver: copy[0m
[23:11] [0m[33;1m[PARTY][0m Dartholiver: gotta hit bed in 10 minutes[0m
[23:11] [0m[33;1m[PARTY][0m Ser: ok[0m
[23:11] [0m[33;1m[PARTY][0m Ser: enough time for 2 kills if you hurry up and go med[0m
[23:12] [0mKitt gshouts: Got MOO? Got MOO? Got Moo?[0m
[23:12] [0m[34;1mNightrider shouts:[0m le moo?[0m
[23:13] [0m[33;1m[PARTY][0m Ser: ok c'mon slowpoke[0m
[23:13] [0mnewb Deacon [adventurer/10]: Is there an NPC I can speak to, to join bards?[0m
[23:13] [0m[33;1m[PARTY][0m Ser: c'mon chop chop[0m
[23:14] [0mnewb Nightrider [knight/136]: let me get directions[0m
[23:14] [0mnewb Fluffy [changeling/134]: i believe bards still require a recruits ...[0m
[23:14] [0m                              'players bard' and use tell/bug them[0m
[23:14] [0mnewb Fluffy [changeling/134]: recruiter ...[0m
[23:14] [0mnewb Deacon [adventurer/10]: Okay, thanks.[0m
[23:17] [0m[33;1m[PARTY][0m Ser: go w/med[0m
[23:18] [0m[33;1m[PARTY][0m Ser: GO W / MED[0m
[23:19] [0m[33;1m[PARTY][0m Dartholiver: so botting won't work so well with botting?[0m
[23:19] [0m[33;1m[PARTY][0m Dartholiver: monks*[0m
[23:19] [0m[33;1m[PARTY][0m Ser: sure[0m
[23:19] [0m[33;1m[PARTY][0m Ser: you just gotta set up so you med[0m
[23:19] [0m[33;1m[PARTY][0m Ser: like your htrance shit[0m
[23:19] [0m[33;1m[PARTY][0m Ser: come e[0m
[23:20] [0m[33;1m[PARTY][0m Ser: dropping you off after this one[0m
[23:20] [0m[33;1m[PARTY][0m Dartholiver: need higher peace pool[0m
[23:20] [0m[33;1m[PARTY][0m Dartholiver: can't find hp values to make a hpbar[0m
[23:23] [0m[33;1m[PARTY][0m Ser: ok[0m
[23:23] [0m[33;1m[PARTY][0m Ser: sorry forgot to stop this[0m
[23:23] [0m[33;1m[PARTY][0m Ser: going to drop you off after this one[0m
[23:23] [0m[33;1m[PARTY][0m Ser: try focus[0m
[23:26] [0m[33;1m[PARTY][0m Dartholiver is being booted from the party.[0m
[23:26] [0m[32mSer tells you:[0m get gud[0m
[23:27] [0m[32mYou tell Ser:[0m god damn mean[0m
[23:27] [0m[32;1mFrom afar, you bow to Ser.[0m[0m
[23:28] [0m[32;1mFrom afar, you thank Ser.[0m[0m
[23:41] [0m[32mYou tell Rictor:[0m how do i train skills?[0m
[23:43] [0m[32mRictor tells you:[0m at grand monk in guild[0m
[23:44] [0m[32mYou tell Rictor:[0m think i finally found the info file for it. wow so I need[0m
[23:44] [0m        1500 GXP to train meditation[0m
[23:44] [0m[32mRictor tells you:[0m nodnod, costs are on gs[0m
[23:45] [0m[32mRictor tells you:[0m reading info newbie and info FAQ will help a lot[0m
[23:45] [0m[32;1mFrom afar, you thank Rictor.[0m[0m
[23:45] [0m[32;1mFrom afar, you bow to Rictor.[0m[0m
[23:46] [0m[32;1mFrom afar, Rictor bows before you.[0m[0m
[23:49] [0m[32mYou say:[0m I am not the aspiring jedi you are looking for.[0m
[23:54] [0m[32mSimonz tells you:[0m 4% to go...[0m
[23:55] [0m[32mYou tell Simonz:[0m to next gl?[0m
[23:55] [0m[32;1mFrom afar, Simonz nods to you.[0m[0m
[23:59] [0m[32;1mFrom afar, you go 'Woo Woo!' at Simonz.[0m[0m
