- = LOG STARTED [00:00] = -
[00:03] [0m[37;1m[JEDI]:[0m Talia Ska arrives at the Academy.[0m
[00:08] [0m[34;1mFluffy shouts:[0m he just wanted some help ... why ... WHY!![0m
[00:08] [0m[34;1mChrys shouts:[0m you....you don't know....know what he wanted help doing.....The HORROR!!![0m
[00:09] [0m[31;1m[Clan] Taleast :[0m could someone please spare 3 loads reforges?[0m
[00:33] [0m[37;1m[JEDI]:[0m Janath Meelin arrives at the Academy.[0m
[00:37] [0m[34;1mPrettypony shouts:[0m neat[0m
[00:37] [0m[34;1mFluffy shouts:[0m i say .. i say old boy[0m
[00:37] [0m[34;1mChrys shouts:[0m I kninda remember a turkey invasion on here I think[0m
[00:37] [0m[34;1mLicklick shouts:[0m is it morning already[0m
[00:40] [0mYou can currently reforge 12 items.[0m
[00:42] [0m[34;1mLicklick shouts:[0m Oh yeah, HAPPY THANKSGIVING[0m
[00:42] [0m[37;1mGlorfindel flaps :[0m heh... I keep getting these people in Hearthstone Tavern[0m
[00:42] [0m                   brawl who are apparently AFK[0m
[00:43] [0m[34;1mFluffy shouts:[0m gobble gobble[0m
[00:43] [0m[37;1mScaf flaps :[0m If only it was ranked play.[0m
[00:43] [0m[37;1mGlorfindel flaps :[0m Seriously.  I'm still stuck at gold 5[0m
[00:43] [0m[37;1mChrys flaps :[0m eventually the turkeys are going to get revenge[0m
[00:44] [0m[37;1mGlorfindel flaps :[0m In ranked, it seems like absolutely everyone already has[0m
[00:44] [0m                   c'thun.  I must be doing something wrong[0m
[00:44] [0m[37;1mLicklick flaps :[0m as long as I have my gun, good luck to the turkeys[0m
[00:44] [0m[37;1mLicklick flaps :[0m hehehe[0m
[00:44] [0m[37;1mSiem flaps :[0m well, its ranked. anywhere above silver people actually spend[0m
[00:44] [0m             money on the game, I think[0m
[00:44] [0m[37;1mAlassra flaps :[0m it's been awhile since I've played HS, but with Whispers of[0m
[00:44] [0m                the Old Gods, you got a C'thun for free[0m
[00:45] [0m[37;1mSiem flaps :[0m or at least spend money[0m
[00:45] [0m[37;1mGlorfindel flaps :[0m That must be it.[0m
[00:45] [0m[37;1mGlorfindel flaps :[0m Maybe I'll thiunk about buying it[0m
[00:45] [0m[37;1mPrettypony flaps :[0m try legends of runeterra! apparently many hearthstone[0m
[00:45] [0m                   players are leaving for it[0m
[00:45] [0m[37;1mSiem flaps :[0m sometimes you just get lucky[0m
[00:45] [0m[37;1mSiem flaps :[0m LoR is okay. definitely a cool play style for a card game[0m
[00:45] [0m[37;1mScaf flaps :[0m Runeterra doesn't exploit its players for money, so that's good[0m
[00:46] [0m[37;1mPrettypony flaps :[0m i think it needs more cards, but the base system is[0m
[00:46] [0m                   pretty intricate[0m
[00:46] [0m[37;1mFluffy flaps :[0m might want to avoid weareshamelessmoneygrabbers ... for ..[0m
[00:46] [0m               obvious reasons[0m
[00:47] [0m[37;1mSiem flaps :[0m just hand over 20 dollars and you'll definitely get that thing[0m
[00:47] [0m             that you want...[0m
[00:56] [0m[37;1mEllegon flaps :[0m Dtacos will leave dog alone if he's heeled right?[0m
[00:57] [0m[37;1mWhoknows flaps :[0m all the ingredients will[0m
[00:57] [0m[37;1mEllegon flaps :[0m i feel like i asked this last night, but i was sleepy[0m
[01:04] [0m<- ! The Vigilant ! -> :  A destabilization Kayos event has been detected in[0m
[01:04] [0m                          Deserts of Fantasy!  We are localizing it now -[0m
[01:04] [0m                          get ready![0m
[01:10] [0m[31;1m[Clan] Taleast :[0m where is insecticide sold again?[0m
[01:10] [0m[31;1m[Clan] Taleast :[0m thought it was brewery swamp[0m
[01:10] [0m[37;1mBruce flaps :[0m redaxe at ss for dupes[0m
[01:10] [0m[31;1m[Clan] Xaryl :[0m the Tavern where the Plant with the most soul is[0m
[01:11] [0m[31;1m[Clan] Taleast :[0m aha, thanks![0m
[01:12] [0m[31;1m[Clan] Archangel :[0m chaos/enter/3e/2s/e/n[0m
[01:12] [0m[31;1m[Clan] Bruce :[0m anyone remember ele spirit quest and wtf a 'decanter' is?[0m
[01:13] [0m[31;1m[Clan] Xaryl :[0m have you searched the board room 1 or 2 south of 'portal[0m
[01:13] [0m               room'?[0m
[01:13] [0m[31;1m[Clan] Taleast :[0m a decanter is a container for liquid[0m
[01:13] [0m[31;1m[Clan] Bruce :[0m i have but i will search more! gnar i hate quests[0m
[01:14] [0m[31;1m[Clan] Xaryl :[0m I remember a secret room in that room where you got an item[0m
[01:25] [0m[34;1mGumby shouts:[0m resetting taco in couple, come to entrance[0m
[01:25] [0m[37;1mGumby flaps :[0m get your fresh tacos here, don't be shy[0m
[01:26] [0m[37;1mChrys flaps :[0m I wish I could get a taco in real[0m
[01:26] [0m[37;1mDin flaps :[0m try and beat taco for a penny!  if you can find cheaper taco[0m
[01:26] [0m            anywhere, munch it![0m
[01:27] [0m[34;1mFluffy shouts:[0m anyone else want a fresh batch of tacos ?[0m
[01:34] [0m[31;1m[Clan] Xaryl :[0m I hate non-idle and non-responsive swedes![0m
[01:34] [0m[31;1m[Clan] Bruce :[0m and korenth is there too[0m
[01:34] [0m[31;1m[Clan] Xaryl :[0m I want to farm QoH....but he is sitting in room and not[0m
[01:34] [0m               replying![0m
[01:39] [0m[31;1m[Clan] Bruce :[0m can i refresh one next xar?[0m
[01:40] [0m[31;1m[Clan] Xaryl :[0m the swedes drive me insane![0m
[01:40] [0m[31;1m[Clan] Xaryl :[0m sure[0m
[01:40] [0m[31;1m[Clan] Bruce :[0m woo thanks(refresh room[0m
[01:40] [0m[31;1m[Clan] Bruce :[0m engage[0m
[01:43] [0m[31;1m[Clan] Bruce :[0m room for 1 more?[0m
[01:43] [0m[31;1m[Clan] Phenom :[0m bah not ready yet[0m
[01:59] [0m[36m<BS> Din :[0m You hit Metatron 7 times for 12318 damage.[0m
[01:59] [0m[36m<BS> Din :[0m an eradicate in there, but still.  pretty good for me[0m
[02:04] [0m[31;1m[Clan] Xaryl :[0m why does a person sitting in a room we are farming think that[0m
[02:04] [0m               the 'natural' belongs to him?[0m
[02:04] [0m[31;1m[Clan] Xaryl :[0m when we were in area 1st?[0m
[02:04] [0m[31;1m[Clan] Prism :[0m hah who is it?[0m
[02:04] [0m[31;1m[Clan] Bruce :[0m swede arrogance :P[0m
[02:04] [0m[31;1m[Clan] Prism :[0m is it Simon[0m
[02:05] [0m[31;1m[Clan] Xaryl :[0m skoren[0m
[02:05] [0m[31;1m[Clan] Prism :[0m if so, its cuz he fucking sucks[0m
[02:09] [0m[36m<BS> Xiu :[0m he had it coming, was never one of my favorites. no Castiel[0m
[02:09] [0m           that's for sure.[0m
[02:22] [0m[31;1m[Clan] Xaryl :[0m 9 RoH and none have good Mskills[0m
[02:22] [0m[31;1m[Clan] Prism :[0m that's a lot of rings[0m
[02:23] [0m[31;1m[Clan] Taleast :[0m hey, if I showed up, could I have help with a slid queen?[0m
[02:23] [0m[31;1m[Clan] Taleast :[0m you could have another shot at skills, I only care about[0m
[02:23] [0m                 the smd[0m
[02:23] [0m[31;1m[Clan] Taleast :[0m can wait for another day if you're busy[0m
[02:24] [0m[31;1m[Clan] Taleast :[0m can't believe it's 2:30 central[0m
[02:24] [0m[Auction] Chrys (frem) : pow pow powerstone!![0m
[02:25] [0m[34;1mPrism shouts:[0m night!![0m
[02:26] [0m[34;1mChrys shouts:[0m Day![0m
[02:27] [0m[34;1mCaboose shouts:[0m Does anyone REALLY know what time it is?[0m
[02:27] [0m[34;1mTex shouts:[0m afternoon[0m
[02:27] [0m[34;1mChrys shouts:[0m turkey time[0m
[15:49] [0mYou can currently reforge 12 items.[0m
[16:23] [0mEcholoc <.oO>: how to learn a power?[0m
[16:23] [0mEcholoc <.oO>: found it[0m
[16:23] [0mSpace <.oO>: you go into the eternal guild, in the appropriate room and[0m
[16:23] [0m             (learn blah[0m
[16:24] [0mEcholoc <.oO>: heh duplicate item 1[0m
[16:24] [0mGumby <.oO>: a common first choice[0m
[16:25] [0mSpace <.oO>: do note, tier 1 power often converts dup'd item to bop[0m
[16:26] [0mEcholoc <.oO>: ok, so i have to use what i copy :)[0m
[16:26] [0mGumby <.oO>: we call that the cindi lauper effect[0m
[16:26] [0mSpace <.oO>: well, meaning if you are dup'ing for an alt make sure after dup[0m
[16:26] [0m             the alt picks it up[0m
[16:27] [0mMaverik <.oO>: gumbys just wanna have fu un.[0m
[16:27] [0mEcholoc <.oO>: i have alts, but i am not playing them at this time.[0m
[16:28] [0mEcholoc <.oO>: with the 7 dat cooldown.. gotta be selective[0m
[16:29] [0mSpace <.oO>: as a jugger you dont have a real choice tho, redaxe it[0m
[16:29] [0mEcholoc <.oO>: cmc was being beastly last boot[0m
[16:30] [0mSpace <.oO>: well, so you get cmc at which point? day 4-5?[0m
[16:30] [0mSpace <.oO>: rather than redaxe now[0m
[16:30] [0mEcholoc <.oO>: i used a day 2 last time[0m
[16:30] [0mSpace <.oO>: tradeoffs[0m
[16:30] [0mEcholoc <.oO>: redaxe breaks?[0m
[16:30] [0mAl <.oO>: easily[0m
[16:31] [0mEcholoc <.oO>: sounds like more of a pain than a help[0m
[16:31] [0mSpace <.oO>: i guess you boyz are not popular with info proliferators[0m
[16:31] [0mSpace <.oO>: cos most know how to nobreak it[0m
[16:31] [0mSpace <.oO>: since the proliferation gang got hold of the info :D[0m
[16:31] [0mEcholoc <.oO>: i know of one way[0m
[16:32] [0mSpace <.oO>: nobreak via vaf is NOT what i was talking about[0m
[16:32] [0mEcholoc <.oO>: same her[0m
[16:32] [0mEcholoc <.oO>: in mud way[0m
[16:33] [0mSpace <.oO>: so if you know how to nobreak it why Eternal [Echoloc ]: redaxe[0m
[16:33] [0m             breaks? - is even a concern ?[0m
[16:33] [0mEcholoc <.oO>: because the way i know is public and takes multiple trips[0m
[16:34] [0mSpace <.oO>: as opposed to a 'private' way ? lol[0m
[16:36] [0mEcholoc <.oO>: and i havent used the axe ever, so getting details on it to[0m
[16:36] [0m               have some clue how to behave :)[0m
[16:37] [0mSpace <.oO>: it heals sps[0m
[16:37] [0mSpace <.oO>: so you tank goodly[0m
[16:37] [0mEcholoc <.oO>: and it does come out early[0m
[16:37] [0m[31;1m[Clan] Sock :[0m for the record, Glazed is glvl 283[0m
[16:38] [0mEcholoc <.oO>: compared to waiting a few days[0m
[16:38] [0mSpace <.oO>: yup UK get spanked pretty early in boot[0m
[16:39] [0mEcholoc <.oO>: i assume the cooldown doesn't take reboot into account :)[0m
[16:39] [0mSpace <.oO>: correct[0m
[16:39] [0mSpace <.oO>: 7 days is 7 days[0m
[16:39] [0mDin <.oO>: for eternal powers?  yeah, they disregard reboots[0m
[16:39] [0mSpace <.oO>: well not all[0m
[16:39] [0mEcholoc <.oO>: that makes some sense[0m
[16:39] [0mSpace <.oO>: reload item resets at reboot[0m
[16:39] [0mDin <.oO>: yeah, except for the ones that are x times per reboot[0m
[16:39] [0mSpace <.oO>: but thats because it doesnt have a cooldown[0m
[16:40] [0mEcholoc <.oO>: heh[0m
[16:40] [0mSpace <.oO>: which other power is x per boot? resurrect ?[0m
[16:41] [0mGumby <.oO>: yup[0m
[16:41] [0mTex <.oO>: yes[0m
[16:42] [0mEcholoc <.oO>: so who does have of axe[0m
[16:42] [0mSpace <.oO>: bruce for one[0m
[16:42] [0mSpace <.oO>: maybe others[0m
[16:42] [0mSpace <.oO>: from earlier [Bruce flaps]: redaxe at ss for dupes[0m
[16:47] [0m[37;1mEcholoc flaps :[0m any og redaxe out there available?[0m
[16:50] [0mTex <.oO>: can someone refresh room at sauk please[0m
[16:52] [0mTex <.oO>: never mind i had one[0m
[17:02] [0mSpace <.oO>: thanks wiener[0m
[17:06] [0m[37;1mNukem flaps :[0m Arr[0m
[17:07] [0m[32mTurnhold tells you:[0m I haz the dumb.[0m
[17:08] [0m[34;1mKsemia shouts:[0m way to go.[0m
[17:08] [0m[34;1mTurnhold shouts:[0m :/[0m
[17:08] [0m[34;1mNauda shouts:[0m I am dumdum[0m
[17:08] [0m[37;1mNukem flaps :[0m voo voo[0m
[17:08] [0m[34;1mAdalius shouts:[0m Happy Thanksgiving. Turkeys in the oven, hope yours tastes[0m
[17:08] [0m                as good as mine.[0m
[17:08] [0m[34;1mPrismal shouts:[0m woo[0m
[17:08] [0m[34;1mSpace shouts:[0m woo[0m
[17:08] [0m[34;1mWhoknows shouts:[0m woohoo[0m
[17:08] [0m[34;1mGlorfindel shouts:[0m It must be Thanksgiving[0m
[17:08] [0m[34;1mTaleast shouts:[0m we still talking turkeys?[0m
[17:09] [0m[34;1mEnder shouts:[0m THanks! Happy thanksgiving everyone down "south" ![0m
[17:09] [0m[34;1mTaleast shouts:[0m MURICA![0m
[17:09] [0m[34;1mGumby shouts:[0m gobble gobble[0m
[17:09] [0m[34;1mWert shouts:[0m oo pretty[0m
[17:10] [0m[34;1mGore shouts:[0m happy merry foody sleepy[0m
[17:14] [0m[34;1mTaleast shouts:[0m Thank you![0m
[17:14] [0m[34;1mSpace shouts:[0m thanks[0m
[17:14] [0m[34;1mGore shouts:[0m thanks[0m
[17:14] [0m[34;1mGumby shouts:[0m danke[0m
[17:16] [0m[Auction] Space (necr) : someone remind Olorin that that mask is to be[0m
[17:16] [0m                         relisted[0m
[17:16] [0m[34;1mInfected shouts:[0m I sohuld've stayed logged in![0m
[17:19] [0mBrasky <Craft>: anyone need enchanting II tome?[0m
[17:46] [0m[31;1m[Clan] Taleast :[0m so wait, only certain GHC got the bonus echelons?[0m
[17:46] [0m[31;1m[Clan] Xaryl :[0m only char starting with Z?[0m
[17:46] [0m[31;1m[Clan] Taleast :[0m no, there were multiple characters, not even sure about Z[0m
[17:46] [0m                 to be honest[0m
[17:47] [0m[31;1m[Clan] Xaryl :[0m nod, heh[0m
[17:47] [0m[31;1m[Clan] Taleast :[0m I'd think if it was 'accidental' and it was a 'merry[0m
[17:47] [0m                 christmas' sort of thing, Vaan and Aka etc would have[0m
[17:47] [0m                 gotten them too[0m
[17:47] [0m[31;1m[Clan] Xaryl :[0m nod[0m
[17:48] [0m[31;1m[Clan] Taleast :[0m that's some shadey looking shit[0m
[17:48] [0m[31;1m[Clan] Aka :[0m gxp care packages for everyone[0m
[17:48] [0m[31;1m[Clan] Aka :[0m it's like life support but it's gxp[0m
[17:48] [0m[31;1m[Clan] Aka :[0m err medkit[0m
[21:50] [0mYou can currently reforge 12 items.[0m
[21:56] [0mYou can currently reforge 12 items.[0m
[22:24] [0m[34;1mAbaddon shouts:[0m I own two dogs that audibly fart and can still look me in[0m
[22:24] [0m                the eyes when they do so.[0m
[22:26] [0m[34;1mWhoknows shouts:[0m throw em on the grill[0m
[22:28] [0m[34;1mWhoknows shouts:[0m then you'll have 2 HOT dogs sharting while looking you in[0m
[22:28] [0m                 the eyes[0m
[22:43] [0m[37;1mChrys flaps :[0m I don't know why but I suddenly feel optimistic that the virus[0m
[22:43] [0m              thing is gonna be over soon:)[0m
[22:43] [0m[37;1mJelly flaps :[0m 1 year[0m
[22:43] [0m[37;1mChrys flaps :[0m noooo that isn't sooooon!![0m
[22:44] [0m[37;1mAlassra flaps :[0m I don't think it'll ever be 100% over, even if the vaccines[0m
[22:44] [0m                end up being effective, people are going to be mentally[0m
[22:44] [0m                scarred for years after[0m
[22:44] [0m[37;1mChrys flaps :[0m I got a cruise scheduled at the end of april, hopefully by[0m
[22:44] [0m              then[0m
[22:44] [0m[37;1mJelly flaps :[0m realize that the vaccines take 2 months to work from the day[0m
[22:44] [0m              you take the 1st dose[0m
[22:44] [0m[37;1mChrys flaps :[0m ack[0m
[22:44] [0m[37;1mNik flaps :[0m as long as we dont let i happen again in 100 years, o wait[0m
[22:44] [0m[37;1mTaleast flaps :[0m I don't know why, but I think you might like this song:[0m
[22:44] [0m                https://www.youtube.com/watch?v=hXzPxBhhmY8[0m
[22:46] [0m[37;1mChrys flaps :[0m I mean, that song is kinda cool/weird[0m
[22:46] [0m[37;1mTaleast flaps :[0m I was just making a joke about their name[0m
[22:49] [0m[37;1mNukem flaps :[0m I wonder if this monkey wrench is made from real monkeys.[0m
[23:00] [0m[34;1mHeimdall shouts:[0m woohoo![0m
[23:00] [0m[34;1mTex shouts:[0m black friday has begun[0m
[23:04] [0m[34;1mSpace shouts:[0m go get ps5 NOW[0m
[23:04] [0m[34;1mChrys shouts:[0m can't they are all gone.[0m
[23:05] [0m[34;1mInix shouts:[0m No thanks, I'll pass.[0m
[23:06] [0m[34;1mDin shouts:[0m i'm still wondering why i bothered with a ps4[0m
[23:06] [0m[34;1mHeimdall shouts:[0m days gone[0m
[23:06] [0m[34;1mSpace shouts:[0m your FACE is a no pass[0m
[23:07] [0m[34;1mInix shouts:[0m That's right, it's a must have.[0m
[23:25] [0m[34;1mSpace shouts:[0m drive +pink floyd and heiniken = win[0m
[23:55] [0m[34;1mGumby shouts:[0m you look marvelous darling ... dead but ABSOLUTELY marvelous[0m
[23:55] [0m[34;1mTex shouts:[0m that'll teach to make out in the bushes city slicker[0m
