- = LOG STARTED [00:00] = -
[00:04] [0m[37;1m[JEDI]:[0m Wennic Ber'ni'lok arrives at the Academy.[0m
[00:21] [0m[31;1m[Clan] Szodrin :[0m night, everyone![0m
[06:09] [0m[31;1m[Clan] Roken :[0m thanks for the party las' night![0m
[06:11] [0m[31;1m[Clan] Roken :[0m oh brucie :) you beautiful bastard! May I dupe your axe?[0m
[06:12] [0m[31;1m[Clan] Roken :[0m shit missed by 90 mins[0m
[06:15] [0m[37;1m[JEDI]:[0m Wennic Ber'ni'lok arrives at the Academy.[0m
[06:44] [0m[37;1m[JEDI]:[0m Reena Bel Noir arrives at the Academy.[0m
[06:51] [0m[31;1m[Clan] Sparkie :[0m just out of curiosity, gentech is set up so thst the qpoint bonus to gxp[0m
[06:51] [0m                 requires the gen to sopve the quests themselves. pointa from alta font count.[0m
[06:51] [0m                 are breed the sa.e way with their qpoint reqyirement?[0m
[07:16] [0m[37;1m[JEDI]:[0m Talia Ska arrives at the Academy.[0m
[07:31] [0m[31;1m[Clan] Dangerzone leaves the game.[0m  [0m
[07:45] [0m[31;1m[Clan] Roor enters the game.[0m  [0m
[07:48] [0m[37;1m[JEDI]:[0m Tobias Kel'ach'nar arrives at the Academy.[0m
[08:06] [0m[31;1m[Clan] Szodrin :[0m morning[0m
[08:06] [0m[31;1m[Clan] Nix :[0m hey[0m
[08:19] [0m[37;1m[JEDI]:[0m Kerran Halcyon arrives at the Academy.[0m
[08:25] [0m[31;1m[Clan] Szodrin :[0m How is everyone this morning? Other than tired, heh.[0m
[08:26] [0m[31;1m[Clan] Roken :[0m truckin 3/4 done with the week[0m
[08:33] [0m[35;1mLorderon [Jedi(44)]:[0m anyone available for teaching?[0m
[08:33] [0m[35;1mSaim [Jedi(Elder)]:[0m ye[0m
[08:33] [0m[5m[1m[48;5;124mYour lightsaber begins to flicker and the handle warms![0m[0m                 [0m
[08:34] [0m[31;1m[Clan] Toren :[0m Anyone up for tanking day 3?[0m
[08:35] [0m[31;1m[Clan] Bruce :[0m how big is it? :P[0m
[08:35] [0m[37;1mToren flaps :[0m Is the day 3 around to dupe?[0m
[08:35] [0m[31;1m[Clan] Toren :[0m day 3 isn't so bad, 90mil?[0m
[08:35] [0m[31;1m[Clan] Toren :[0m It hits harder than any other 90mil probably[0m
[08:35] [0m[31;1m[Clan] Szodrin :[0m huh? I thought day2 was 170m? Is that fluffed up?[0m
[08:35] [0m[31;1m[Clan] Toren :[0m Nah[0m
[08:35] [0m[31;1m[Clan] Toren :[0m Day 2 is like 40 i think[0m
[08:36] [0m[31;1m[Clan] Szodrin :[0m oh, Tex said day2 was his bk[0m
[08:36] [0m[31;1m[Clan] Saim :[0m i can[0m
[08:36] [0m[31;1m[Clan] Toren :[0m Tex smokes pcp[0m
[08:36] [0m[31;1m[Clan] Szodrin :[0m laf[0m
[08:36] [0m[31;1m[Clan] Toren :[0m woot[0m
[08:36] [0m[31;1m[Clan] Toren :[0m omw to bat[0m
[08:36] [0m[31;1m[Clan] Saim :[0m yea teaching then brt[0m
[08:37] [0m[31;1m[Clan] Toren :[0m tex's bk is day 5[0m
[08:37] [0m[31;1m[Clan] Toren :[0m or 4[0m
[08:37] [0m[31;1m[Clan] Toren :[0m day 6 is like 800mil[0m
[08:37] [0m[31;1m[Clan] Toren :[0m I think 5 is like 400[0m
[08:38] [0m[31;1m[Clan] Bruce :[0m looks like i can tank it[0m
[08:38] [0m[31;1m[Clan] Toren :[0m should i come in[0m
[08:38] [0m[31;1m[Clan] Bruce :[0m although he hits me hard[0m
[08:39] [0m[31;1m[Clan] Saim :[0m u guys didnt wait[0m
[08:39] [0m[31;1m[Clan] Saim :[0m next time would be cool to wait to everyone[0m
[08:39] [0m[31;1m[Clan] Bruce :[0m we'll be here for a while, come in[0m
[08:39] [0m[31;1m[Clan] Toren :[0m well, bruce strolled in[0m
[08:39] [0m[31;1m[Clan] Toren :[0m so[0m
[08:39] [0m[31;1m[Clan] Bruce :[0m i may still die :)[0m
[08:39] [0m[31;1m[Clan] Toren :[0m I strolled in[0m
[08:39] [0m[31;1m[Clan] Saim :[0m im talking to bruce[0m
[08:40] [0m[31;1m[Clan] Bruce :[0m i wanted to see if i would die before i took you all down with me[0m
[08:40] [0m[31;1m[Clan] Toren :[0m any idea where OG is?[0m
[08:41] [0m[31;1m[Clan] Bruce :[0m i guess i can tank it[0m
[08:41] [0m[31;1m[Clan] Bruce :[0m 161M[0m
[08:41] [0m[31;1m[Clan] Bruce :[0m and a toren kill too![0m
[08:42] [0m[31;1m[Clan] Toren :[0m well, that's one way to get to town[0m
[08:42] [0m[31;1m[Clan] Saim :[0m someone has is boxed/smuggled so i cant tell who has it[0m
[08:44] [0m[31;1m[Clan] Toren :[0m anyone have loads reforges to spare?[0m
[08:45] [0m[31;1m[Clan] Szodrin :[0m thank you for the specificity :P[0m
[08:45] [0m[31;1m[Clan] Toren :[0m well, need it for cocoon[0m
[08:45] [0m[31;1m[Clan] Saim :[0m yea[0m
[08:45] [0m[31;1m[Clan] Toren :[0m so I can finally string it[0m
[08:45] [0m[31;1m[Clan] Saim :[0m cbox[0m
[08:45] [0m[31;1m[Clan] Toren :[0m woot[0m
[08:46] [0m[31;1m[Clan] Szodrin :[0m ooh, you got any more spare loads reforges, Saim?[0m
[08:47] [0m[31;1m[Clan] Saim :[0m yea[0m
[08:47] [0m[31;1m[Clan] Szodrin :[0m woot[0m
[08:47] [0m[31;1m[Clan] Saim :[0m cbox[0m
[08:47] [0m[31;1m[Clan] Toren :[0m you burning em off?[0m
[08:47] [0m[31;1m[Clan] Toren :[0m I just wanted to take 1, didnt want ot be greedy[0m
[08:47] [0m[31;1m[Clan] Szodrin :[0m Toren first, I'll take anything left over you're willing to share[0m
[08:48] [0m[31;1m[Clan] Ser :[0m yolo[0m
[08:49] [0m[31;1m[Clan] Ser :[0m who do i get to preserve corpses[0m
[08:49] [0m[31;1m[Clan] Toren :[0m I can preserve[0m
[08:49] [0m[31;1m[Clan] Toren :[0m getting an ftouch[0m
[08:50] [0m[31;1m[Clan] Toren :[0m let's fill the boxes again[0m
[08:50] [0m[37;1m[JEDI]:[0m H'ssani C'talan arrives at the Academy.[0m
[08:51] [0m[31;1m[Clan] Toren :[0m I'm hoping once I get CMC on top, I can handle my hotel or cata2[0m
[08:52] [0m[31;1m[Clan] Saim :[0m anyone find day 3?[0m
[08:52] [0m[31;1m[Clan] Toren :[0m not I[0m
[08:53] [0m[31;1m[Clan] Saim :[0m its smuggled for some reason, so i cant see who has it[0m
[08:53] [0m[31;1m[Clan] Toren :[0m space has it[0m
[08:53] [0m[31;1m[Clan] Saim :[0m great[0m
[08:54] [0m[31;1m[Clan] Saim :[0m figures[0m
[08:54] [0m[31;1m[Clan] Toren :[0m he's good to have OGs, he's here all the time[0m
[08:54] [0m[31;1m[Clan] Toren :[0m Said he's grabbing food/on phone. can in a few[0m
[08:54] [0m[31;1m[Clan] Saim :[0m yea but talking to him is a mine field sometimes[0m
[08:54] [0m[31;1m[Clan] Szodrin :[0m heh, would be like him to smuggle it to hide it from people[0m
[08:54] [0m[31;1m[Clan] Toren :[0m It's not smuggled, it's strung[0m
[08:54] [0m[31;1m[Clan] Saim :[0m thats the first person i thought of[0m
[08:55] [0m[31;1m[Clan] Saim :[0m its smuggled too i think[0m
[08:55] [0m[31;1m[Clan] Toren :[0m You probably just can't see it cause he's higher lvl[0m
[08:55] [0m[31;1m[Clan] Saim :[0m usually tells me the person, even if strung[0m
[08:55] [0m[31;1m[Clan] Toren :[0m That's how most of the item find powers work[0m
[08:55] [0m[31;1m[Clan] Toren :[0m You only see people lower or equal lvl than you[0m
[08:55] [0m[31;1m[Clan] Saim :[0m oh so basically space anyway[0m
[08:55] [0m[31;1m[Clan] Saim :[0m haha[0m
[08:55] [0m[31;1m[Clan] Toren :[0m yep[0m
[08:55] [0m[31;1m[Clan] Ser :[0m oh toren come back sorry[0m
[08:56] [0m[31;1m[Clan] Saim :[0m i didnt know that about the lbl[0m
[08:56] [0m[31;1m[Clan] Toren :[0m at cbox[0m
[08:56] [0m[31;1m[Clan] Saim :[0m lvl*[0m
[08:56] [0m[31;1m[Clan] Toren :[0m o we're up to 700 corpses again[0m
[08:56] [0m[31;1m[Clan] Szodrin :[0m shit that reminds me[0m
[08:56] [0m[31;1m[Clan] Toren :[0m start filling the one above it then too[0m
[08:57] [0m[31;1m[Clan] Toren :[0m We could probably use another crypt box[0m
[08:57] [0m[31;1m[Clan] Falthrice :[0m ack[0m
[08:58] [0m[31;1m[Clan] Saim :[0m laf my fault[0m
[08:59] [0m[31;1m[Clan] Saim :[0m forgot to turn my defense on[0m
[08:59] [0m[31;1m[Clan] Falthrice :[0m hey, Toren...[0m
[08:59] [0m[31;1m[Clan] Falthrice :[0m WITNESS ME![0m
[08:59] [0m[31;1m[Clan] Falthrice :[0m I need a necro for improving my preserve[0m
[08:59] [0m[31;1m[Clan] Falthrice :[0m I haven't played Falthrice in a month, what's it called again?[0m
[09:00] [0m[31;1m[Clan] Toren :[0m omega[0m
[09:00] [0m[31;1m[Clan] Falthrice :[0m that's it[0m
[09:00] [0m[31;1m[Clan] Toren :[0m at receiving room[0m
[09:01] [0m[31;1m[Clan] Toren :[0m dont think you can actually max omega it at your size[0m
[09:02] [0m[31;1m[Clan] Toren :[0m I don't think you get the bonus until it's max'd[0m
[09:02] [0m[31;1m[Clan] Toren :[0m It also doesnt cost reagants at max anymore[0m
[09:02] [0m[31;1m[Clan] Szodrin :[0m gonna have to work on him, want him able to make decent corpses for these[0m
[09:02] [0m                 jaunts[0m
[09:02] [0m[31;1m[Clan] Toren :[0m nog[0m
[09:02] [0m[31;1m[Clan] Toren :[0m it's pretty easy to get big as necro[0m
[09:02] [0m[31;1m[Clan] Toren :[0m 10 combat days or so you should have 40+[0m
[09:03] [0m[31;1m[Clan] Szodrin :[0m you're 40+ now![0m
[09:03] [0m[31;1m[Clan] Toren :[0m almost 50 heh[0m
[09:04] [0m[31;1m[Clan] Szodrin :[0m 10 combat days says the circle 47 necro with 2 total days[0m
[09:04] [0m[31;1m[Clan] Toren :[0m I mean, pertinax is tier 14 and that took 110 days[0m
[09:05] [0m[31;1m[Clan] Toren :[0m cmc at ss[0m
[09:05] [0m[34;1mSpace shouts:[0m todays cmc at ss for dup for the next 60secc[0m
[09:05] [0m[31;1m[Clan] Szodrin :[0m I love the Gone In 60 Seconds homage he does every time[0m
[09:05] [0m[31;1m[Clan] Toren :[0m got another loads reforge to spare?[0m
[09:05] [0m[31;1m[Clan] Saim :[0m reforges at box[0m
[09:05] [0m[31;1m[Clan] Toren :[0m woot[0m
[09:06] [0m[31;1m[Clan] Saim :[0m laf[0m
[09:06] [0m[31;1m[Clan] Saim :[0m i died cause i forgot to put my gear back on after, reforging for everyone[0m
[09:06] [0m[34;1mSpace shouts:[0m dup shop closing now[0m
[09:06] [0m[31;1m[Clan] Toren :[0m the ultimate sacrifice[0m
[09:07] [0m[31;1m[Clan] Szodrin :[0m indeed![0m
[09:07] [0m[31;1m[Clan] Saim :[0m at box[0m
[09:07] [0m[31;1m[Clan] Saim :[0m anyone else?[0m
[09:08] [0m[31;1m[Clan] Szodrin :[0m not I, but thank you again![0m
[09:10] [0m[31;1m[Clan] Szodrin :[0m ack[0m
[09:10] [0m[34;1mSevenofnine shouts:[0m toren you forgot that was not the dsave artifact! and cmc doesnt have dsave[0m
[09:10] [0m                    either![0m
[09:10] [0m[34;1mToren shouts:[0m cries in necromancer[0m
[09:14] [0m[32mYou tell Bruce:[0m may i dupe axe?[0m
[09:14] [0m[32;1mFrom afar, Bruce nods rapidly at you, he looks excited![0m[0m
[09:14] [0m[32;1mFrom afar, you jump into Bruce's arms.[0m[0m
[09:14] [0m[32mBruce tells you:[0m ss in a sec :)[0m
[09:19] [0m[5m[1m[48;5;124mYour lightsaber begins to flicker and the handle warms![0m[0m                 [0m
[09:22] [0m[37;1m[JEDI]:[0m Janath Meelin arrives at the Academy.[0m
[09:45] [0m[31;1m[Clan] Falthrice :[0m hey, Toren, when you get a chance could you hang out one more time for some[0m
[09:45] [0m                   omegas?[0m
[09:47] [0m[31;1m[Clan] Toren :[0m meet there now?[0m
[09:47] [0m[31;1m[Clan] Falthrice :[0m sure[0m
[09:54] [0m[37;1m[JEDI]:[0m Durnoth arrives at the Academy.[0m
[10:00] [0m[32mJohawn says:[0m Consider buying a day pass.  Cheaper in the long run.[0m
[10:07] [0m[32mSelma says: [0mAin't nothing like wearing a dress with no undies.[0m
[10:07] [0m[32mSelma says: [0mAin't nothing like wearing a dress with no undies.[0m
[10:08] [0m[32mPatty says: [0mEhh, I don't know what Margie sees in that blob of hers.[0m
[10:08] [0m[32mPatty says: [0mEhh, I don't know what Margie sees in that blob of hers.[0m
[10:08] [0m[31;1m[Clan] Dangerzone enters the game.[0m  [0m
[10:08] [0mYou can currently reforge 0 items.[0m
[10:09] [0m[31;1m[Clan] Roken :[0m anyone like to tank ned? please[0m
[10:10] [0m[31;1m[Clan] Roken :[0m or hit?[0m
[10:11] [0m[37;1mNauda flaps :[0m zombie reset[0m
[10:11] [0mYou can currently reforge 0 items.[0m
[10:11] [0m[31;1m[Clan] Falthrice :[0m I can log in Tal to hit if you need, I definitely can't[0m
[10:11] [0m                   tank :P[0m
[10:12] [0m[32mGuard says: [0mOne day it will be ME making movies.[0m
[10:12] [0m[32mGuard says: [0mOne day it will be ME making movies.[0m
[10:12] [0m[31;1m[Clan] Roken :[0m alright, 1 more stop, naked actress[0m
[10:12] [0m[32mGuard says: [0mOne day it will be ME making movies.[0m
[10:12] [0m[31;1m[Clan] Roken :[0m playing dangerzone a lil for reforging[0m
[10:13] [0m[32mGuard says: [0mOne day it will be ME making movies.[0m
[10:13] [0m[32mGuard says: [0mOne day it will be ME making movies.[0m
[10:13] [0m[32mGuard says: [0mOne day it will be ME making movies.[0m
[10:13] [0m[32mGuard says: [0mOne day it will be ME making movies.[0m
[10:13] [0m[32mGuard says: [0mOne day it will be ME making movies.[0m
[10:14] [0m[5m[1m[48;5;124mYour lightsaber begins to flicker and the handle warms![0m[0m                 [0m
[10:16] [0m[31;1m[Clan] Toren :[0m woot, finally at unbreakable[0m
[10:17] [0m[31;1m[Clan] Bruce :[0m does day 3 have stats? I canna remember[0m
[10:17] [0m[31;1m[Clan] Toren :[0m yep[0m
[10:17] [0m[31;1m[Clan] Toren :[0m thats why i love it[0m
[10:17] [0m[31;1m[Clan] Bruce :[0m ooo fancy[0m
[10:17] [0m[31;1m[Clan] Toren :[0m I only do day 3/day 7 usually[0m
[10:18] [0m[31;1m[Clan] Toren :[0m It doesn't stack as much[0m
[10:18] [0m[31;1m[Clan] Bruce :[0m for day 7, what will i need? a butt load of stats and guac?[0m
[10:18] [0m[31;1m[Clan] Toren :[0m I think the later days fire more frequently[0m
[10:18] [0m[31;1m[Clan] Toren :[0m But not sure how i'd test that[0m
[10:18] [0m[31;1m[Clan] Bruce :[0m i only get day 5 normally[0m
[10:18] [0m[32mNed says:[0m In Leviticus 3:14 it says '...place not thy private[0m
[10:18] [0m          parts between thy legs, to see thyself as a female...'.[0m
[10:18] [0m[31;1m[Clan] Toren :[0m day 7 is probably not do-able for you[0m
[10:18] [0m[32mNed says:[0m In Leviticus 3:14 it says '...place not thy private[0m
[10:18] [0m          parts between thy legs, to see thyself as a female...'.[0m
[10:18] [0m[31;1m[Clan] Bruce :[0m hmph[0m
[10:18] [0m[31;1m[Clan] Toren :[0m guac is BS[0m
[10:19] [0;32mNed says:[0m Hellodly odly!  We got ourselves a new member of the church!    [0m
[10:19] [0m[31;1m[Clan] Bruce :[0m i've never got guac to drop[0m
[10:19] [0m[32mYou say:[0m here to help me out?[0m
[10:19] [0;32mNed says:[0m Hellodly odly!  We got ourselves a new member of the church!    [0m
[10:19] [0m[32;1mYou say 'yo' to Nik.[0m[0m
[10:19] [0m[31;1m[Clan] Toren :[0m could give it a shot, but be ready for more chants of downgrade bards as well[0m
[10:19] [0m[32mNed says:[0m I'm gonna kill you doodly-dead!                                  [0m
[10:19] [0m[31;1m[Clan] Toren :[0m ;)[0m
[10:20] [0m[31;1m[Clan] Bruce :[0m i'm 70 days old, positively ancient[0m
[10:20] [0m[32mYou say:[0m oof my health was in the danger zone! he's slowed for now[0m
[10:20] [0m[33;1m[PARTY][0m Lost our leader![0m
[10:20] [0m[33;1m[PARTY][0m Nik joins the party.[0m
[10:21] [0m[33;1m[PARTY][0m Roken: oh oops, ill have dz pick up the aura[0m
[10:21] [0m[33;1m[PARTY][0m Nik: sounds good[0m
[10:21] [0m[32mNed says:[0m I'm gonna kill you doodly-dead!                                  [0m
[10:21] [0m[32mNed says:[0m I'm gonna kill you doodly-dead!                                  [0m
[10:21] [0m[33;1m[PARTY][0m Roken: heal?[0m
[10:22] [0m[33;1m[PARTY][0m Nik: i cant do that much XD[0m
[10:22] [0m[31;1m[Clan] Blutash :[0m Ancient? I'm 103[0m
[10:22] [0m[31;1m[Clan] Falthrice :[0m doh, I didn't know you were starting[0m
[10:22] [0m[31;1m[Clan] Falthrice :[0m think Tal would make much difference?[0m
[10:22] [0m[31;1m[Clan] Roken :[0m trying with nik heh[0m
[10:22] [0m[31;1m[Clan] Roken :[0m yes maybe cp/dis[0m
[10:23] [0m[32;1mFrom afar, Nik apologizes to you.[0m[0m
[10:23] [0m[31;1m[Clan] Falthrice :[0m cannot dissipate cp on another person, it starts cping you instead, tried[0m
[10:23] [0m                   with Ser the other day[0m
[10:23] [0m[31;1m[Clan] Falthrice :[0m but I can definitely come cp[0m
[10:23] [0m[31;1m[Clan] Roken :[0m going back in[0m
[10:23] [0m[31;1m[Clan] Nik :[0m im outta nps[0m
[10:23] [0m[31;1m[Clan] Roken :[0m die nik?[0m
[10:24] [0m[32mNed says:[0m I'm gonna kill you doodly-dead!                                  [0m
[10:24] [0m[31;1m[Clan] Taleast :[0m 7 minute cooldown before I can gswap[0m
[10:24] [0m[31;1m[Clan] Nik :[0m rope tricked out[0m
[10:24] [0m[32mNed says:[0m I'm gonna kill you doodly-dead!                                  [0m
[10:25] [0m[31;1m[Clan] Roken :[0m close to dead[0m
[10:25] [0m[32mNed says:[0m I'm gonna kill you doodly-dead!                                  [0m
[10:25] [0m[32mNed says:[0m I'm gonna kill you doodly-dead!                                  [0m
[10:25] [0m[32mNed says:[0m I'm gonna kill you doodly-dead!                                  [0m
[10:26] [0m[32mNed says:[0m I'm gonna kill you doodly-dead!                                  [0m
[10:27] [0m[33;1m[PARTY][0m Nik: what i can do is tp Dz in[0m
[10:27] [0mYou can currently reforge 0 items.[0m
[10:29] [0m[31;1m[Clan] Ser :[0m lol 70 days[0m
[10:31] [0m[37;1mToren flaps :[0m element lens at ss[0m
[10:36] [0m[31;1m[Clan] Ser :[0m lol was pulling 2.7k w defenses up[0m
[10:56] [0m[31;1m[Clan] Szodrin :[0m this has been a shitty morning so far for work[0m
[10:57] [0m[32mSzodrin tells you:[0m sorry, guy, had someone teams call me, gswap should be cooled down now if[0m
[10:57] [0m        you still need Tal[0m
[10:58] [0m[32mYou tell Szodrin:[0m you are good :) appreciate the thought[0m
[11:02] [0m[31;1m[Clan] Ser :[0m so that settles it, only pulling 3.7k w psiwield...  so i think[0m
[11:02] [0m             my sphere of influence can block a max of 1k damage[0m
[11:03] [0m[31;1m[Clan] Ser :[0m so when i max psiwield power next glvl, my tank mode should[0m
[11:03] [0m             increase as well[0m
[11:03] [0m[31;1m[Clan] Akir :[0m Only 170 hours to go![0m
[11:04] [0m[31;1m[Clan] Ser :[0m howd you know *gasp*[0m
[11:04] [0m[31;1m[Clan] Akir :[0m I'm a hacker[0m
[11:04] [0m[31;1m[Clan] Ser :[0m almost less than 7 days...[0m
[11:04] [0m[31;1m[Clan] Szodrin :[0m well, total days[0m
[11:05] [0m[31;1m[Clan] Szodrin :[0m I tend to measure things in 15 hour days[0m
[11:05] [0m[31;1m[Clan] Szodrin :[0m if you idle-gxp'd 15 hours every day, you'd have that glvl[0m
[11:05] [0m                 in 12 days[0m
[11:06] [0m[31;1m[Clan] Szodrin :[0m just completely ignore xp except during vamps and go for[0m
[11:06] [0m                 the easiest gxp and you'll knock that shit out quick[0m
[11:07] [0m[31;1m[Clan] Szodrin :[0m so tempted to use tintin for my necro, I want to gxp him[0m
[11:07] [0m                 but the combat is too quick and too dodgy[0m
[11:07] [0m[31;1m[Clan] Szodrin :[0m and work is grrr today[0m
[11:09] [0m[31;1m[Clan] Aka :[0m that's what i needed heh some botty action, i ended up leeching[0m
[11:09] [0m             off a priest most of the way up[0m
[11:09] [0m[31;1m[Clan] Aka :[0m i like playing gentech SO much more than necro, i can just sit[0m
[11:09] [0m             in combat[0m
[11:09] [0m[31;1m[Clan] Akir :[0m I make garbo xp so I never pay attention to it[0m
[11:11] [0m[31;1m[Clan] Szodrin :[0m my problem is I have too many irons in the fire[0m
[11:11] [0m[31;1m[Clan] Szodrin :[0m Tal for transmuter/mining and eternal powers, Szod for[0m
[11:11] [0m                 reforger and eternal powers, Falthrice for corpse quality[0m
[11:11] [0m                 for vamp parties[0m
[11:11] [0m[31;1m[Clan] Szodrin :[0m also Tal for gentech gobject for slides eventually[0m
[11:14] [0m[31;1m[Clan] Ser :[0m hey toren got more to pres[0m
[11:15] [0m[31;1m[Clan] Ser :[0m @ crypt[0m
[11:16] [0m[31;1m[Clan] Aka :[0m heh i know all about too many irons, i've been daydreaming[0m
[11:16] [0m             about a changeling xchar lately :/[0m
[11:16] [0m[31;1m[Clan] Aka :[0m boggle[0m
[11:16] [0m[31;1m[Clan] Akir :[0m I was thinking about an alt in Changelings too, not sure why[0m
[11:16] [0m[31;1m[Clan] Aka :[0m yeah who got in our heads about changers? haha[0m
[11:17] [0m[31;1m[Clan] Akir :[0m I've heard they've got some big problems at the top end,[0m
[11:17] [0m              especially tanking[0m
[11:17] [0m[31;1m[Clan] Aka :[0m no gear is alluring, bootruns have never been my fav[0m
[11:17] [0m[31;1m[Clan] Aka :[0m just a coon to slime at some point[0m
[11:18] [0m[31;1m[Clan] Akir :[0m Yea, I was specifically looking at guilds that didn't require[0m
[11:18] [0m              much setup, those and monks seem pretty good for that, but I[0m
[11:18] [0m              don't wanna be a monk[0m
[11:18] [0m[31;1m[Clan] Aka :[0m monks seem badass, but i agree i don't want to play one heh[0m
[11:19] [0m[31;1m[Clan] Ser :[0m box full[0m
[11:20] [0mYou can currently reforge 4 items.[0m
[11:34] [0m[31;1m[Clan] Nik leaves the game.[0m  [0m
[11:34] [0m[31;1m[Clan] Yik enters the game.[0m  [0m
[11:40] [0m[31;1m[Clan] Toren :[0m i need a spider bot or something[0m
[11:40] [0m[31;1m[Clan] Toren :[0m not enough mobs in pol2 or qhores[0m
[11:47] [0mYou can currently reforge 0 items.[0m
[11:49] [0m[31;1m[Clan] Szodrin :[0m I think Ser put a crystal bot together, maybe he did spiders too[0m
[12:03] [0m[31;1m[Clan] Roken :[0m free gxp, qoh :D[0m
[12:07] [0m[31;1m[Clan] Szodrin :[0m don't get me wrong, I definitely notice a difference in knights with stats...[0m
[12:07] [0m                 but definitely not 5-10 at a time :*([0m
[12:07] [0m[31;1m[Clan] Szodrin :[0m Jedi spoiled me[0m
[12:08] [0m[31;1m[Clan] Roken :[0m jedi rock! (/)[0m
[12:08] [0m[31;1m[Clan] Akir :[0m ^^[0m
[12:08] [0m[31;1m[Clan] Roken :[0m oh escape char[0m
[12:09] [0m[32mYou say:[0m (\/)[0m
[12:09] [0msCSsRPDFd  Wm:g Wc: 16% Gx: 65.73% Fx: 25.89%[0m
[12:09] [0m[31;1m[Clan] Roken :[0m w/e give me a peace sign, please[0m
[12:10] [0m[37;1m[JEDI]:[0m Wennic Ber'ni'lok arrives at the Academy.[0m
[12:39] [0m[37;1m[JEDI]:[0m Talia Ska arrives at the Academy.[0m
[12:54] [0mCSsRPDFd  Wm:g Wc: 81% Gx: 66.27% Fx: 26.02%[0m
[13:14] [0m[37;1m[JEDI]:[0m Bithoff Jonansaan arrives at the Academy.[0m
[13:26] [0m[35;1mAkir [Jedi(Knight)]:[0m yawn[0m
[13:47] [0m[37;1m[JEDI]:[0m Janath Meelin arrives at the Academy.[0m
[14:16] [0m[37;1m[JEDI]:[0m Durnoth arrives at the Academy.[0m
[14:33] [0m[31;1m[Clan] Roken :[0m rally please dz + roken in a few at fantasy?[0m
[14:33] [0mYou can currently reforge 0 items.[0m
[14:34] [0m[32mYou say:[0m hi[0m
[14:34] [0m[32mYik says:[0m heyyyo[0m
[14:34] [0m[32mYou say:[0m can i borrow you a sec?[0m
[14:34] [0m[32mYik tells you:[0m for sure! what you need?[0m
[14:34] [0m[33;1m[PARTY][0m Lost our leader![0m
[14:34] [0m[33;1m[PARTY][0m Yik joins the party.[0m
[14:34] [0mYou can currently reforge 0 items.[0m
[14:34] [0m[32;1mFrom afar, Yik goes "Heh heh heh" at you.[0m[0m
[14:34] [0m[33;1m[PARTY][0m Dangerzone joins the party.[0m
[14:34] [0m[32;1mFrom afar, Yik bows before you with a flourish.[0m[0m
[14:34] [0m[33;1m[PARTY][0m Yik has quit the party.[0m
[14:34] [0m[31;1m[Clan] Szodrin :[0m on the way[0m
[14:35] [0m[31;1m[Clan] Dangerzone :[0m yik got me[0m
[14:35] [0m[31;1m[Clan] Szodrin :[0m that darn Yik[0m
[14:35] [0m[31;1m[Clan] Yik :[0m sneaky devil![0m
[14:35] [0m[31;1m[Clan] Aka :[0m i heard he's a cultist[0m
[14:35] [0m[31;1m[Clan] Yik :[0m lies![0m
[14:35] [0mYou can currently reforge 0 items.[0m
[14:35] [0m[31;1m[Clan] Szodrin :[0m yes he does[0m
[14:36] [0mYou can currently reforge 0 items.[0m
[14:36] [0m[31;1m[Clan] Yik :[0m one day everyone will realize im the only goodguy in the[0m
[14:36] [0m             village[0m
[14:41] [0m[31;1m[Clan] Dangerzone :[0m just another back alley deal at ss :D[0m
[14:42] [0m[31;1m[Clan] Szodrin :[0m just be sure to use protection[0m
[14:42] [0m[31;1m[Clan] Akir :[0m laf[0m
[14:42] [0m[32;1mFrom afar, Yik laffs at you![0m[0m
[14:43] [0m[34;1mTex shouts:[0m bar bar bar barbavoodoooo oooo no pants[0m
[14:44] [0m[34;1mVoodoo shouts:[0m I just thought of pants and was smited![0m
[14:45] [0m[34;1mYik shouts:[0m those which shall not be named[0m
[14:45] [0m[34;1mTex shouts:[0m thats what you get for pantsing around[0m
[14:47] [0m[34;1mEcholoc shouts:[0m Down with Pants![0m
[14:47] [0m[34;1mElindal shouts:[0m up with skirts![0m
[14:47] [0m[34;1mSaim shouts:[0m was that just sexual assault?[0m
[14:48] [0m[34;1mHsima shouts:[0m Sexual harassment technically?[0m
[14:48] [0m[34;1mYik shouts:[0m not until someone says no[0m
[14:48] [0m[34;1mElindal shouts:[0m only if its unwanted *wink wink*[0m
[14:49] [0m[34;1mSzodrin shouts:[0m of course it was sexual assault technically, we're mudding[0m
[14:49] [0m[34;1mTex shouts:[0m yik you always say no but no one listens[0m
[14:54] [0m[34;1mTex shouts:[0m finished oak cabinets[0m
[15:05] [0m[37;1mElindal flaps :[0m no vaf bonuses? come on,how about some love for us players[0m
[15:05] [0m                :P[0m
[15:08] [0mYou can currently reforge 4 items.[0m
[15:32] [0m[37;1mWert flaps :[0m anyone with access to day3 og able to let me dupe it?[0m
[15:32] [0m[37;1mHooligan flaps :[0m no, die[0m
[15:32] [0m[37;1mHooligan flaps :[0m tm. Twist[0m
[15:32] [0m[37;1mWert flaps :[0m lil extreme heh[0m
[15:33] [0m[37;1mVoler flaps :[0m but woudln't it have been cool if like.. Who died right then? [0m
[15:33] [0m              right after that chat?   so cool to see that death spam..[0m
[15:33] [0m              right then[0m
[15:35] [0m<- ! The Vigilant ! -> :  A destabilization Kayos event has been detected in[0m
[15:35] [0m                          Northern Hills of Fantasy!  We are localizing it[0m
[15:35] [0m                          now - get ready![0m
[15:43] [0m[34;1mAl shouts:[0m blickblick[0m
[15:48] [0m[31;1m[Clan] Toren :[0m jesus fucking christ[0m
[15:48] [0m[31;1m[Clan] Toren :[0m arahnapogue steaming through the rooms again[0m
[15:48] [0m[31;1m[Clan] Aka :[0m haha i remember that when i was in whores/aegis[0m
[15:48] [0m[31;1m[Clan] Aka :[0m he's the worst[0m
[15:48] [0m[34;1mAl shouts:[0m blickblick[0m
[15:49] [0m[31;1m[Clan] Toren :[0m How on earth is the head gm?[0m
[15:49] [0m[31;1m[Clan] Szodrin :[0m Space didn't want it?[0m
[15:50] [0m[31;1m[Clan] Akir :[0m Space is more of a power player than an admin type player I[0m
[15:50] [0m              think[0m
[15:50] [0m[31;1m[Clan] Szodrin :[0m more so then Arachnapogue eh?[0m
[15:50] [0m[37;1mVoler flaps :[0m ya'll find event portal yet?  heh[0m
[15:51] [0m[37;1mJavelin flaps :[0m all north, 3e from wayhaven exit - ice[0m
[15:51] [0m[37;1mVoler flaps :[0m danke :)[0m
[15:52] [0m[31;1m[Clan] Szodrin :[0m the main difference I've noticed between the two is that[0m
[15:52] [0m                 Space doesn't actively fuck people over on such mundane[0m
[15:52] [0m                 things, but he's more abrasive socially than lava soap on[0m
[15:52] [0m                 steel wool[0m
[15:53] [0m[31;1m[Clan] Szodrin :[0m they both don't seem too concerned with your average player[0m
[15:53] [0m                 let alone their guildmates[0m
[15:53] [0m[31;1m[Clan] Yik :[0m isnt Elektra still head?[0m
[15:53] [0m[31;1m[Clan] Yik :[0m which is almost worse XD[0m
[15:55] [0m[31;1m[Clan] Szodrin :[0m guild admin personality is the type that is at least[0m
[15:55] [0m                 'slightly' patient even with slightly abrasive people and[0m
[15:55] [0m                 helpful, but not necessarily a doormat[0m
[15:58] [0m[31;1m[Clan] Toren :[0m To Arahnapogue: The fact you even beat my corpse trigger is[0m
[15:58] [0m               impressive[0m
[15:58] [0m[31;1m[Clan] Yik :[0m geez, hes been doin that for years[0m
[15:59] [0m[31;1m[Clan] Toren :[0m Arahnapogue: i skip over rooms with players. I'm not sure[0m
[15:59] [0m               what may have happened.[0m
[15:59] [0m[31;1m[Clan] Toren :[0m To Arahnapogue: I mean, you took my QT Amulet last time it[0m
[15:59] [0m               happen, so it's been broken for awhile[0m
[16:00] [0m[31;1m[Clan] Toren :[0m like, seriously.[0m
[16:00] [0m[31;1m[Clan] Toren :[0m Do you even need fucking donates at tier 20+?[0m
[16:00] [0m[31;1m[Clan] Yik :[0m prolly[0m
[16:00] [0m[31;1m[Clan] Yik :[0m haha gotta keep that radiant up[0m
[16:02] [0m[31;1m[Clan] Aka :[0m i'm surprised arahn's bk isn't an aegis genocide trooper[0m
[16:03] [0m[31;1m[Clan] Toren :[0m this is even funnier.... Arahnapogue : are you talking about[0m
[16:03] [0m               your corpse?  To: Arahnapogue : And all the stuff inside it,[0m
[16:03] [0m               yes.   Arahnapogue : hmmm i don't think i took anything or at[0m
[16:03] [0m               least it's not in my backlog. I don't have any spare equ[0m
[16:03] [0m[31;1m[Clan] Toren :[0m So...I never said what he took[0m
[16:03] [0m[31;1m[Clan] Toren :[0m Then he says oh you mean the corpse i stole off the ground[0m
[16:03] [0m[31;1m[Clan] Toren :[0m Then says he never saw it[0m
[16:07] [0m[31;1m[Clan] Szodrin :[0m there any good donate areas in the 5-10m range?[0m
[16:07] [0m[31;1m[Clan] Szodrin :[0m other than angels[0m
[16:07] [0m[31;1m[Clan] Toren :[0m um....[0m
[16:07] [0m[31;1m[Clan] Szodrin :[0m I know, unlikely[0m
[16:07] [0m[31;1m[Clan] Toren :[0m the mobs i can even think of in that size is dundee[0m
[16:07] [0m[31;1m[Clan] Akir :[0m I need to write an angel script cuz moving rooms there is too[0m
[16:07] [0m              much work :([0m
[16:07] [0m[31;1m[Clan] Toren :[0m Do what I do[0m
[16:08] [0mYou can currently reforge 8 items.[0m
[16:08] [0m[31;1m[Clan] Toren :[0m #action {killing blow} {get all/onward/doorway/kill angel}[0m
[16:08] [0m[31;1m[Clan] Toren :[0m angel script[0m
[16:08] [0m[31;1m[Clan] Akir :[0m yea that's what I'm setting up right now haha[0m
[16:08] [0m[31;1m[Clan] Toren :[0m If yo have ktrig[0m
[16:08] [0m[31;1m[Clan] Szodrin :[0m laf, that's what I do manually[0m
[16:08] [0m[31;1m[Clan] Toren :[0m YOu can even make it in your ktrig[0m
[16:09] [0m[31;1m[Clan] Akir :[0m I don't have ktrig but I want it[0m
[16:09] [0m[31;1m[Clan] Toren :[0m ktrig get all/onward/doorway + repeat nocombat/kill angel[0m
[16:09] [0m[31;1m[Clan] Szodrin :[0m ga;onward;doorway;k angel[0m
[16:28] [0m[31;1m[Clan] Szodrin :[0m I wish there were more angels, they're quite tasty xp[0m
[16:29] [0m[31;1m[Clan] Toren :[0m do you xp in dundee?[0m
[16:30] [0m[31;1m[Clan] Szodrin :[0m not even certain where it is[0m
[16:30] [0m[31;1m[Clan] Szodrin :[0m chaos?[0m
[16:30] [0m[31;1m[Clan] Toren :[0m yeah[0m
[16:30] [0m[31;1m[Clan] Aka :[0m w,s,enter swamp[0m
[16:30] [0m[31;1m[Clan] Akir :[0m Yea, Chaos[0m
[16:30] [0m[31;1m[Clan] Aka :[0m gotta get a permit from the NPC[0m
[16:30] [0m[31;1m[Clan] Toren :[0m It's a great area[0m
[16:30] [0m[31;1m[Clan] Aka :[0m then give all the bits that drop to the Master Hunter on the[0m
[16:30] [0m             east end[0m
[16:30] [0m[31;1m[Clan] Akir :[0m It's like all rep based iirc[0m
[16:30] [0m[31;1m[Clan] Szodrin :[0m hmm, may be a rough rep drive though[0m
[16:30] [0m[31;1m[Clan] Aka :[0m till X reps then you can get through to the questy part[0m
[16:30] [0m[31;1m[Clan] Aka :[0m 75k reps? i forget[0m
[16:30] [0m[31;1m[Clan] Toren :[0m You'll only be able to access the first swamp until you get[0m
[16:30] [0m               reps, then miniquests + reps open bigger swamps[0m
[16:31] [0m[31;1m[Clan] Aka :[0m worth it imo, just bot in there[0m
[16:31] [0m[31;1m[Clan] Toren :[0m There are 6 swamps.  The 6th has mobs up to 30mil[0m
[16:31] [0m[31;1m[Clan] Aka :[0m i'm on the 4th swamp 200k reps area[0m
[16:32] [0m[31;1m[Clan] Szodrin :[0m I'll look it up after metatron[0m
[16:43] [0m[31;1m[Clan] Ser :[0m og hi guys[0m
[16:43] [0m[31;1m[Clan] Szodrin :[0m oh hai[0m
[16:43] [0m[31;1m[Clan] Archangel :[0m Hola[0m
[16:43] [0m[31;1m[Clan] Akir :[0m oh hay hay[0m
[16:44] [0m[31;1m[Clan] Yik leaves the game.[0m  [0m
[16:45] [0m[31;1m[Clan] Nik enters the game.[0m  [0m
[16:48] [0m[34;1mAl shouts:[0m WOOOOO SIEM! Uncle Al's proud of you![0m
[16:53] [0m[31;1m[Clan] Ser :[0m r we doing this again[0m
[16:53] [0m[31;1m[Clan] Ser :[0m w/ nix tanking?[0m
[16:53] [0m[31;1m[Clan] Nik :[0m im down to do dmgs[0m
[16:53] [0m[31;1m[Clan] Toren :[0m sup[0m
[16:54] [0m[31;1m[Clan] Toren :[0m I'm in. but nix has been idle an hour[0m
[16:54] [0m[31;1m[Clan] Ser :[0m well fuggim[0m
[16:54] [0m[31;1m[Clan] Xaryl :[0m after this final Event Boss, sure[0m
[16:54] [0m[31;1m[Clan] Ser :[0m i can try 145[0m
[16:54] [0m[31;1m[Clan] Xaryl :[0m but we have a tag-a-long[0m
[16:54] [0m[31;1m[Clan] Ser :[0m oh nooooooooo[0m
[16:54] [0m[31;1m[Clan] Ser :[0m ok[0m
[16:55] [0m[31;1m[Clan] Ser :[0m i'll go try to max out aoe[0m
[16:55] [0m[31;1m[Clan] Szodrin :[0m I have about 500 corpses I believe[0m
[16:56] [0m[31;1m[Clan] Szodrin :[0m mostly 2-3star[0m
[16:56] [0m[31;1m[Clan] Ser :[0m i know the crypt is full, not sure how big[0m
[16:56] [0m[31;1m[Clan] Akir :[0m yawnsies[0m
[16:56] [0m[31;1m[Clan] Ser :[0m Archangel, can we get another box room?[0m
[16:56] [0m[31;1m[Clan] Ser :[0m for corpses?[0m
[16:56] [0m[31;1m[Clan] Archangel :[0m Sure[0m
[16:57] [0m[31;1m[Clan] Xaryl :[0m we can do that[0m
[16:58] [0m[31;1m[Clan] Toren :[0m yayyyy[0m
[16:58] [0m[31;1m[Clan] Toren :[0m Uncle Archi can we? can we really?[0m
[16:59] [0m[31;1m[Clan] Archangel :[0m Heh... of course.[0m
[16:59] [0m[31;1m[Clan] Toren :[0m :P[0m
[16:59] [0m[31;1m[Clan] Archangel :[0m I'll just use Xaryl's account.[0m
[16:59] [0m[31;1m[Clan] Archangel :[0m He's not using the gold.[0m
[16:59] [0m[31;1m[Clan] Akir :[0m haha[0m
[16:59] [0m[31;1m[Clan] Sparkie :[0m imma start stealing those corpses at the end of boot. im[0m
[16:59] [0m                 wanting to work my decomposer control level down. lol[0m
[17:00] [0m[31;1m[Clan] Akir :[0m I'm sorry but my not yet made Changeling alt is going to need[0m
[17:00] [0m              lots of plasts ok?[0m
[17:00] [0m[31;1m[Clan] Akir :[0m Or maybe he doesn't, I know nothing about Changelings[0m
[17:00] [0m[31;1m[Clan] Toren :[0m ok, made a spider stepper[0m
[17:00] [0m[31;1m[Clan] Sparkie :[0m I have a changer. The plasts arent a big issue once you get[0m
[17:00] [0m                 bigger[0m
[17:00] [0m[31;1m[Clan] Toren :[0m lets see how this goes[0m
[17:01] [0m[31;1m[Clan] Toren :[0m hopefully the mobs last[0m
[17:01] [0m[31;1m[Clan] Sparkie :[0m when youre little youll pop them like tic tacs[0m
[17:01] [0m[31;1m[Clan] Akir :[0m haha[0m
[17:01] [0m[31;1m[Clan] Akir :[0m I don't know why I want to play a Morph alt I just do, but it[0m
[17:01] [0m              won't happen for a while[0m
[17:01] [0m[31;1m[Clan] Sparkie :[0m i got mine to i think 120, and the reliniquishes mixed with[0m
[17:01] [0m                 higher form familiarity do wonders for stamina[0m
[17:01] [0m[31;1m[Clan] Sparkie :[0m I like changers, But i always felt like i was doing it[0m
[17:01] [0m                 wrong[0m
[17:02] [0m[31;1m[Clan] Akir :[0m That's how I feel with almost everything in my life so don't[0m
[17:02] [0m              worry about it[0m
[17:02] [0m[31;1m[Clan] Sparkie :[0m having all the forms to play with, i was worried that i was[0m
[17:02] [0m                 focusing on ones that wouldnt pay out well later on[0m
[17:02] [0m[31;1m[Clan] Akir :[0m I wanna be a turtle and run around having mobs beat on me[0m
[17:02] [0m[37;1mAsp flaps :[0m https://www.nasa.gov/nasalive  10 minutes to Bennu contact[0m
[17:02] [0m[31;1m[Clan] Sparkie :[0m thats the 2nd form i took to 30 FF. slime was my first.[0m
[17:02] [0m[31;1m[Clan] Sparkie :[0m im in the middle of working on human, just because i can[0m
[17:02] [0m[37;1mWhoknows flaps :[0m the world is gonna end[0m
[17:02] [0m[31;1m[Clan] Akir :[0m Is 30 the highest then?[0m
[17:03] [0m[31;1m[Clan] Sparkie :[0m with form familiarity? yes, 30[0m
[17:03] [0m[31;1m[Clan] Szodrin :[0m I always got anky first[0m
[17:03] [0m[37;1mVoler flaps :[0m about time[0m
[17:03] [0m[31;1m[Clan] Szodrin :[0m but that's because dodge has always been a bit broken[0m
[17:03] [0m[37;1mInix flaps :[0m it does happen occasionally[0m
[17:03] [0m[31;1m[Clan] Ser :[0m lol[0m
[17:03] [0m[31;1m[Clan] Szodrin :[0m bad broken[0m
[17:03] [0m[37;1mEnder flaps :[0m what's the uptime on the next reboot tho?[0m
[17:03] [0m[31;1m[Clan] Sparkie :[0m i thought i saw a info new that suggested dodge was toned[0m
[17:03] [0m                 down[0m
[17:03] [0m[37;1mTaris flaps :[0m Well, the good news is I'm not harassing my wife.  If we all[0m
[17:03] [0m              go splat, I didn't die with her mad at me.[0m
[17:03] [0m[31;1m[Clan] Sparkie :[0m maybe that was 3scapes?[0m
[17:03] [0m[31;1m[Clan] Szodrin :[0m not sure[0m
[17:03] [0m[31;1m[Clan] Akir :[0m I dunno how morphs even are top end. I heard their tanking is[0m
[17:03] [0m              not good, damage might be solid tho[0m
[17:04] [0m[31;1m[Clan] Sparkie :[0m their tanking is wonky[0m
[17:04] [0m[31;1m[Clan] Akir :[0m That's what I've heard too[0m
[17:04] [0m[31;1m[Clan] Szodrin :[0m you're a glass cannon with a big hitpoint pool[0m
[17:04] [0m[31;1m[Clan] Sparkie :[0m they have an overall damage redux, and their forms have[0m
[17:04] [0m                 specials that reduce damage[0m
[17:04] [0m[37;1mAsp flaps :[0m it's a spacecraft about to take a sample from an asteroid 200[0m
[17:04] [0m            million miles away. we're safe ;)[0m
[17:04] [0m[31;1m[Clan] Szodrin :[0m you mow smaller mobs and use plasts to heal o the big stuff[0m
[17:04] [0m[31;1m[Clan] Toren :[0m I think you kinda do the salamander thing[0m
[17:04] [0m[31;1m[Clan] Sparkie :[0m but htey have active skills that reduce specific damage[0m
[17:04] [0m                 types,but they are hella expensive to use for me[0m
[17:04] [0m[31;1m[Clan] Toren :[0m Get a huge hp pool[0m
[17:04] [0m[37;1mTaris flaps :[0m Oh.  I think I might rather have us go splat.[0m
[17:04] [0m[37;1mInix flaps :[0m That's right in our neighborhood![0m
[17:04] [0m[37;1mEnder flaps :[0m you havent seen alien have you.[0m
[17:05] [0m[31;1m[Clan] Szodrin :[0m I can't give you specifics, but eat all the coins you can[0m
[17:05] [0m[31;1m[Clan] Ser :[0m bulwark is maxed[0m
[17:05] [0m[31;1m[Clan] Ser :[0m b ut i still have like 5000 packs[0m
[17:05] [0m[31;1m[Clan] Ser :[0m lol[0m
[17:05] [0m[31;1m[Clan] Toren :[0m spiders are nice, woot[0m
[17:06] [0m[31;1m[Clan] Toren :[0m Hopefully nobody else ever comes in[0m
[17:06] [0m[31;1m[Clan] Toren :[0m EVER[0m
[17:06] [0m[31;1m[Clan] Akir :[0m :O[0m
[17:06] [0m[31;1m[Clan] Szodrin :[0m meet you where?[0m
[17:06] [0m[31;1m[Clan] Toren :[0m Or my mud client crashes and I get lost in here[0m
[17:06] [0m[31;1m[Clan] Toren :[0m Cause I'm gonna hate my life[0m
[17:06] [0m[31;1m[Clan] Sparkie :[0m how is knight treating you szo?[0m
[17:06] [0m[31;1m[Clan] Ser :[0m i'll go to entrance to hotel as soon as i finish cleaning these[0m
[17:06] [0m             up[0m
[17:06] [0m[31;1m[Clan] Toren :[0m I think I'd quit and just play a different char lol[0m
[17:06] [0m[31;1m[Clan] Toren :[0m we doing vampires?[0m
[17:06] [0m[31;1m[Clan] Sparkie :[0m they always seemed nice but i never was all that thrilled[0m
[17:06] [0m                 with the theme[0m
[17:07] [0m[31;1m[Clan] Akir :[0m and here I am, saved to hotel like a dumbass[0m
[17:07] [0m[31;1m[Clan] Ser :[0m what scaler[0m
[17:07] [0m[31;1m[Clan] Toren :[0m I think morphs take way too much time to get half decent[0m
[17:07] [0m[31;1m[Clan] Toren :[0m max[0m
[17:07] [0m[31;1m[Clan] Ser :[0m no Akir[0m
[17:07] [0m[31;1m[Clan] Toren :[0m max scaler always[0m
[17:07] [0m[31;1m[Clan] Akir :[0m oh I was just doing 95 cuz lazy[0m
[17:07] [0m[31;1m[Clan] Ser :[0m damnit man[0m
[17:07] [0m[31;1m[Clan] Ser :[0m well we'll reset after prolly[0m
[17:07] [0m[31;1m[Clan] Akir :[0m I can't do my max scaler zombies[0m
[17:08] [0m[31;1m[Clan] Toren :[0m Throw more corpses at them[0m
[17:08] [0m[31;1m[Clan] Toren :[0m They'll get full eventually[0m
[17:08] [0mYou can currently reforge 12 items.[0m
[17:08] [0m[31;1m[Clan] Ser :[0m The field has reached its maximum energy capacity.[0m
[17:08] [0m[31;1m[Clan] Sparkie :[0m well, considering my alts, im borg, got a gentech, changer,[0m
[17:08] [0m                 and psicorp. i like them all, but changer would be the one[0m
[17:08] [0m                 i ditch. And i think the theme is great. I love not needing[0m
[17:08] [0m                 gear[0m
[17:09] [0m[31;1m[Clan] Ser :[0m at entrance[0m
[17:09] [0m[31;1m[Clan] Sparkie :[0m though changers can use gear if they want[0m
[17:09] [0m[31;1m[Clan] Toren :[0m changers just need love[0m
[17:09] [0m[31;1m[Clan] Toren :[0m and a easier gxp curve[0m
[17:09] [0m[31;1m[Clan] Szodrin :[0m @Sparkie pretty good with decent eq[0m
[17:09] [0m[31;1m[Clan] Szodrin :[0m well great eq for me[0m
[17:09] [0m[31;1m[Clan] Ser :[0m X/A?  you guys ready?[0m
[17:09] [0m[31;1m[Clan] Toren :[0m omw to hotel[0m
[17:09] [0m[31;1m[Clan] Szodrin :[0m ooh, ooh, can I come? :D[0m
[17:09] [0m[31;1m[Clan] Akir :[0m I have a Jedi, Bard, Gentech, and Cyborg but I only have the[0m
[17:09] [0m              Cyborg for one reason :P[0m
[17:09] [0m[31;1m[Clan] Ser :[0m why[0m
[17:09] [0m[31;1m[Clan] Toren :[0m dickhammer[0m
[17:09] [0m[31;1m[Clan] Akir :[0m rebuild, laf[0m
[17:09] [0m[31;1m[Clan] Ser :[0m lol[0m
[17:10] [0m[31;1m[Clan] Ser :[0m psicorps have matter rearrangement, what does rebuild do[0m
[17:10] [0m[31;1m[Clan] Toren :[0m makes main -> bplate[0m
[17:10] [0m[31;1m[Clan] Akir :[0m changes from .. yea[0m
[17:10] [0m[31;1m[Clan] Ser :[0m that's it?[0m
[17:10] [0m[31;1m[Clan] Ser :[0m psicorps ftw then[0m
[17:10] [0m[31;1m[Clan] Szodrin :[0m ac loss?[0m
[17:10] [0m[31;1m[Clan] Toren :[0m yeah[0m
[17:10] [0m[31;1m[Clan] Akir :[0m I can't transmute mains, I can transmute bplates tho[0m
[17:10] [0m[31;1m[Clan] Toren :[0m matter rearrangement is sick[0m
[17:10] [0m[31;1m[Clan] Akir :[0m psi is full ac loss I think[0m
[17:10] [0m[31;1m[Clan] Toren :[0m you can't rebuild then transmute anymore[0m
[17:10] [0m[31;1m[Clan] Szodrin :[0m that's apparently going away soon, Akir[0m
[17:10] [0m[31;1m[Clan] Toren :[0m the fun police took it away[0m
[17:10] [0m[31;1m[Clan] Akir :[0m I did it this boot?[0m
[17:10] [0m[31;1m[Clan] Szodrin :[0m work that transmute quick[0m
[17:10] [0m[31;1m[Clan] Akir :[0m oh shit really?[0m
[17:10] [0m[31;1m[Clan] Ser :[0m Frank said no after[0m
[17:11] [0m[31;1m[Clan] Ser :[0m yah[0m
[17:11] [0m[31;1m[Clan] Akir :[0m My transmute is only at 62/80 for cocoon!!!!!![0m
[17:11] [0m[31;1m[Clan] Ser :[0m the loopholes i find they like to take away[0m
[17:11] [0m[31;1m[Clan] Toren :[0m rally me ser?[0m
[17:11] [0m[31;1m[Clan] Ser :[0m missing a lot of people[0m
[17:11] [0m[31;1m[Clan] Szodrin :[0m wasn't sure if I was invited[0m
[17:11] [0m[31;1m[Clan] Toren :[0m well, we need X & A for sure[0m
[17:11] [0m[31;1m[Clan] Sparkie :[0m I have wanted to get a jedi up big. My goal was GHC on my[0m
[17:11] [0m                 gentech. Got it. SI 75 on here, and im on my way. Maybe ill[0m
[17:11] [0m                 work psic up to 80, and then idk[0m
[17:12] [0m[31;1m[Clan] Ser :[0m sparkie you coming[0m
[17:12] [0m[31;1m[Clan] Sparkie :[0m maybe give changer a chance to hit 150 comp[0m
[17:12] [0m[31;1m[Clan] Xaryl :[0m are we doing Vamps now?[0m
[17:12] [0m[31;1m[Clan] Szodrin :[0m 200 is where changers start[0m
[17:12] [0m[31;1m[Clan] Sparkie :[0m Im bout to hop on ffxiv, sorry[0m
[17:12] [0m[31;1m[Clan] Ser :[0m ya![0m
[17:12] [0m[31;1m[Clan] Xaryl :[0m Ser tanking?[0m
[17:13] [0m[31;1m[Clan] Ser :[0m yah sure[0m
[17:13] [0m[31;1m[Clan] Xaryl :[0m ok, let us get out of AByss[0m
[17:13] [0m[31;1m[Clan] Xaryl :[0m I will Ftouch the corpses so we can carry more[0m
[17:14] [0m[31;1m[Clan] Sparkie :[0m hey szo, if i get a my changer to 200, does the FF curve[0m
[17:14] [0m                 suck so bad?[0m
[17:14] [0m[31;1m[Clan] Sparkie :[0m the weakness of a low FF i mean[0m
[17:14] [0m[31;1m[Clan] Ser :[0m btw guys i have a feather so invisible[0m
[17:15] [0m[31;1m[Clan] Xaryl :[0m be there in a couple[0m
[17:15] [0m[31;1m[Clan] Akir :[0m Well good news is I can do something different with my 4th alt[0m
[17:16] [0m[31;1m[Clan] Sparkie :[0m part of me is tempted to take my HC character and remake[0m
[17:16] [0m                 him as a jedi for giggles[0m
[17:16] [0m[31;1m[Clan] Akir :[0m Jedi are a good not great guild IMO[0m
[17:16] [0m[31;1m[Clan] Akir :[0m Kinda boring but get power quickly[0m
[17:17] [0m[31;1m[Clan] Xaryl :[0m Ftouching corpses real quick[0m
[17:17] [0m[31;1m[Clan] Ser :[0m all 800?[0m
[17:17] [0m[31;1m[Clan] Xaryl :[0m yep![0m
[17:18] [0m[31;1m[Clan] Xaryl :[0m I can do about 200-ish a Ftouch[0m
[17:18] [0m[31;1m[Clan] Xaryl :[0m Selene's Ftouches are BS![0m
[17:18] [0m[31;1m[Clan] Sparkie :[0m wait you dont have to hit 1 item at a time?![0m
[17:18] [0m[31;1m[Clan] Szodrin :[0m if you folks already created the crypt expansion I can drag[0m
[17:18] [0m                 my corpses over[0m
[17:18] [0m[31;1m[Clan] Xaryl :[0m no, all priest can do room Ftouches[0m
[17:19] [0m[31;1m[Clan] Szodrin :[0m 1 item casts are to lighten very heavy items[0m
[17:19] [0m[31;1m[Clan] Xaryl :[0m mine are just better[0m
[17:19] [0m[31;1m[Clan] Toren :[0m boscar only has 2 ftouches[0m
[17:19] [0m[31;1m[Clan] Akir :[0m omg maybe Kaex will be a Priest :)[0m
[17:19] [0m[31;1m[Clan] Sparkie :[0m is it smart, or do you gotta clean up the room as yo ugo?[0m
[17:19] [0m[31;1m[Clan] Toren :[0m mutiny![0m
[17:19] [0m[31;1m[Clan] Xaryl :[0m I have 12[0m
[17:19] [0m[31;1m[Clan] Xaryl :[0m just do room until cannot, then target[0m
[17:20] [0m[31;1m[Clan] Xaryl :[0m I _could_ target the corpses also, but that would be way too[0m
[17:20] [0m               much work[0m
[17:21] [0m[31;1m[Clan] Ser :[0m anyone else coming[0m
[17:23] [0m[31;1m[Clan] Ser :[0m going once, twice[0m
[17:23] [0m[31;1m[Clan] Akir :[0m I am saved but let me know if you end up resetting![0m
[17:25] [0m[31;1m[Clan] Ser :[0m you guys are like herding cats[0m
[17:54] [0mYou can currently reforge 5 items.[0m
[17:54] [0mYou can currently reforge 0 items.[0m
[17:59] [0m[31;1m[Clan] Akir :[0m afk a minute[0m
[17:59] [0m[31;1m[Clan] Akir :[0m oops wl, but.. uh, yea afk[0m
[18:03] [0m[37;1mSamiel flaps :[0m random thought bubble is anyone playing who was born after[0m
[18:03] [0m               the year 2000?[0m
[18:03] [0m[37;1mSinahi flaps :[0m please say yes please say yes please say yes please say yes[0m
[18:04] [0m[37;1mStasis flaps :[0m (please send feet pics)?[0m
[18:04] [0m[37;1mSinahi flaps :[0m feeling so old lol[0m
[18:04] [0m[37;1mSinahi flaps :[0m 1990? anyone? anyone?[0m
[18:05] [0m[37;1mVoler flaps :[0m so yesterday I looked at steam games on sale.. and saw a game[0m
[18:05] [0m              called 'happy feet cabin'.. I thought this was funny.. so[0m
[18:05] [0m              opened it .. grabbed a link to send to 3k for da lolz....[0m
[18:05] [0m[37;1mVoler flaps :[0m but the steam algorythm doens't get my humor... so now it[0m
[18:05] [0m              keeps showing me wierd japanese fetish games ...[0m
[18:05] [0m[37;1mSamiel flaps :[0m happy feet? as in the penguin thing?[0m
[18:06] [0m[37;1mVoler flaps :[0m .... and it's really starting to get expensive![0m
[18:06] [0m[37;1mStasis flaps :[0m thanks, now that 'hit me up' song by gia farrel is stuck in[0m
[18:06] [0m               head again[0m
[18:07] [0m[37;1mVoler flaps :[0m and no.. no penguins in 'happy feet cabin'.. just virtually[0m
[18:07] [0m              rubbing, tickling, and positioning women's feet[0m
[18:07] [0m[37;1mSamiel flaps :[0m oh good gravy[0m
[18:07] [0m[37;1mAlassra flaps :[0m is this an app made by Ben Shapiro?[0m
[18:08] [0m[37;1mStasis flaps :[0m laf[0m
[18:08] [0mYou can currently reforge 4 items.[0m
[18:08] [0m[37;1mVoler flaps :[0m ya know.. it's kinda sexist that they just ASSUME all the foot[0m
[18:08] [0m              fetishist video gamers are all straight males.. where are the[0m
[18:08] [0m              big scaley bunioned dude feet?![0m
[18:08] [0m[37;1mStasis flaps :[0m he rubs your feet while reading saucy rap lyrics and telling[0m
[18:08] [0m               his wife is a doctor over and over?[0m
[18:08] [0m[37;1mAlassra flaps :[0m yeah no kink shaming here - different strokes for different[0m
[18:08] [0m                folks[0m
[18:08] [0m[37;1mSamiel flaps :[0m honestly I tend to think of feet as a bit on the gross side..[0m
[18:09] [0m[37;1mFrank flaps :[0m i just ate, cut it out[0m
[18:10] [0m[31;1m[Clan] Szodrin :[0m my youngest is obsessed with a bad lipsynching song and[0m
[18:10] [0m                 it's stuck in my wife's head and driving her crazy[0m
[18:10] [0m[31;1m[Clan] Szodrin :[0m https://www.youtube.com/watch?v=RySHDUU2juM[0m
[18:11] [0m[37;1mStasis flaps :[0m dua lipa eating wings on hot ones is my current fetish[0m
[18:11] [0m[37;1mAlassra flaps :[0m What did you eat?  I have slow cooker pork adobo waiting for[0m
[18:11] [0m                me.[0m
[18:11] [0m[37;1mAlassra flaps :[0m I don't know who Dua Lipa is[0m
[18:11] [0m[37;1mStasis flaps :[0m educate yo self![0m
[18:11] [0m[37;1mDin flaps :[0m i threw together some crock pot chili.  been cooking on low for[0m
[18:11] [0m            about 6 hours now.. should be about as good as it's going to get[0m
[18:12] [0m[31;1m[Clan] Szodrin :[0m thankfully she hasn't yet remembered that I introduced my[0m
[18:12] [0m                 daughter to it[0m
[18:12] [0m[37;1mAlassra flaps :[0m Google is too difficult.  Too many yeets and fortnites is[0m
[18:12] [0m                scary.[0m
[18:12] [0m[31;1m[Clan] Akir :[0m I'm going to tell her[0m
[18:12] [0m[31;1m[Clan] Szodrin :[0m do your worst![0m
[18:13] [0m[31;1m[Clan] Akir :[0m Put her behind the keyboard for a second[0m
[18:13] [0m[31;1m[Clan] Szodrin :[0m don't make me turn this thing around, Akir![0m
[18:13] [0m[31;1m[Clan] Akir :[0m lmao[0m
[18:13] [0m[31;1m[Clan] Toren :[0m man that's a jam szod[0m
[18:14] [0m[37;1mStasis flaps :[0m Hot Ones is a fun youtube show for people that like wings and[0m
[18:14] [0m               watching famous people suffer[0m
[18:14] [0m[37;1mVoler flaps :[0m 3k>google.    dua lipa is a modern pop singer which means she[0m
[18:14] [0m              sings pretty, her songs feature rap breaks for bridges,[0m
[18:14] [0m              spanish lyrics, and she's hot..[0m
[18:14] [0m[31;1m[Clan] Szodrin :[0m it's way more catchy than it has a right to be for a joke[0m
[18:14] [0m                 song[0m
[18:14] [0m[37;1mAlassra flaps :[0m I liked the Aubrey Plaza episode of that[0m
[18:14] [0m[37;1mSamiel flaps :[0m sorry I looked her up, elbows way too poiny for me ;)[0m
[18:15] [0m[31;1m[Clan] Szodrin :[0m I especially enjoy the humor of Luke's daydreams[0m
[18:15] [0m                 considering the movies[0m
[18:15] [0m[37;1mStasis flaps :[0m yeah that was a good one[0m
[18:15] [0m[37;1mVolt flaps :[0m hahaha.[0m
[18:15] [0m[37;1mVoler flaps :[0m Aubrey Plaza makes everything good[0m
[18:15] [0m[37;1mDin flaps :[0m i just watched a couple aubrey plaza movies yesterday.  Safety[0m
[18:15] [0m            Not Guaranteed was pretty fun[0m
[18:15] [0m[37;1mAlassra flaps :[0m well, we know what part Samiel looks at first[0m
[18:15] [0m[37;1mVolt flaps :[0m i liked how she credited satan for some award acceptance speech[0m
[18:16] [0m[31;1m[Clan] Toren :[0m crispy bodies by the dooorrrr[0m
[18:16] [0m[37;1mVoler flaps :[0m  there are a^$ men... and b#$B men...  Samiel the first[0m
[18:16] [0m              'elbow' man[0m
[18:16] [0m[37;1mSamiel flaps :[0m you say that like it's a bad thing Alassra :p[0m
[18:16] [0m[31;1m[Clan] Szodrin :[0m lol[0m
[18:16] [0m[37;1mDin flaps :[0m don't remember the other one, was very weird, had some good[0m
[18:16] [0m            finished oak cabinet activity tho.  something about witches[0m
[18:16] [0m            pretending to be nuns or something[0m
[18:16] [0m[34;1mVolt shouts:[0m bad ash[0m
[18:16] [0m[31;1m[Clan] Szodrin :[0m you may enjoy the other one then[0m
[18:16] [0m                 https://www.youtube.com/watch?v=U9t-slLl30E[0m
[18:17] [0m[37;1mSamiel flaps :[0m shop smart. shop S-Mart[0m
[18:19] [0m[37;1mEcholoc flaps :[0m This, is my boonstick...[0m
[18:21] [0m[31;1m[Clan] Szodrin :[0m I love Chewbacca in this one[0m
[18:21] [0m                 https://www.youtube.com/watch?v=k9tgLnI0fFc[0m
[18:33] [0m[31;1m[Clan] Toren :[0m szodrin's waitin in the bushes of love[0m
[18:36] [0m[31;1m[Clan] Toren :[0m laf[0m
[18:36] [0m[31;1m[Clan] Toren :[0m these are great[0m
[18:38] [0m[31;1m[Clan] Toren :[0m bushes of love is the best[0m
[18:45] [0m[31;1m[Clan] Szodrin :[0m agreed[0m
[18:46] [0m[31;1m[Clan] Szodrin :[0m sorry, been listening to Weird Al, it transitioned in[0m
[18:46] [0m                 because of Star Wars into The Saga Begins[0m
[18:46] [0m[31;1m[Clan] Szodrin :[0m https://www.youtube.com/watch?v=hEcjgJSqSRU[0m
[18:46] [0m[31;1m[Clan] Toren :[0m nope[0m
[19:02] [0m[31;1m[Clan] Toren :[0m I feel like I can bail on xmuter on 1 of my chars now[0m
[19:02] [0m[31;1m[Clan] Toren :[0m I guess I'll make Toren a trapper or soemthing[0m
[19:02] [0m[31;1m[Clan] Akir :[0m nog I'm bailing on a while damn character :P[0m
[19:02] [0m[31;1m[Clan] Toren :[0m gasp[0m
[19:02] [0m[31;1m[Clan] Toren :[0m Vidae?![0m
[19:03] [0m[31;1m[Clan] Akir :[0m No, Kaex! He was only a Cyborg for rebuild :P[0m
[19:03] [0m[31;1m[Clan] Toren :[0m ah[0m
[19:03] [0m[31;1m[Clan] Toren :[0m where you thinking of hopping?[0m
[19:04] [0m[31;1m[Clan] Akir :[0m Honestly, I don't know why but I've wanted to play a Morph for[0m
[19:04] [0m              a while now[0m
[19:04] [0m[31;1m[Clan] Ser :[0m for friends sake lol[0m
[19:04] [0m[31;1m[Clan] Akir :[0m lmaop[0m
[19:04] [0m[31;1m[Clan] Ser :[0m what a silly clan name...  whose is it? NR?[0m
[19:04] [0m[31;1m[Clan] Toren :[0m Nog, go for it[0m
[19:04] [0m[31;1m[Clan] Akir :[0m I heard For Friends Sake had some good Bards[0m
[19:04] [0m[31;1m[Clan] Toren :[0m Nog, Nightrider's come one come all gang of freaks :P  I love[0m
[19:04] [0m               that clan[0m
[19:04] [0m[31;1m[Clan] Ser :[0m no just was looking at Wert's clan[0m
[19:04] [0m[31;1m[Clan] Ser :[0m Akir you still saved to hotel?[0m
[19:05] [0m[31;1m[Clan] Akir :[0m Toren ignored my tell and it hurt my feelings, can he be[0m
[19:05] [0m              punished?[0m
[19:05] [0m[31;1m[Clan] Akir :[0m Yea for an hour and a half still :([0m
[19:05] [0m[34;1mEcholoc shouts:[0m Stop that, you'll blunt them...[0m
[19:05] [0m[31;1m[Clan] Toren :[0m laf, i just saw it[0m
[19:05] [0m[31;1m[Clan] Ser :[0m we *SHOULD* be done soon[0m
[19:05] [0m[31;1m[Clan] Toren :[0m Ya, I'm byron[0m
[19:05] [0m[31;1m[Clan] Akir :[0m How are you gunna pass Nix if you're playin alts smh[0m
[19:05] [0m[34;1mTex shouts:[0m why not slurp them[0m
[19:06] [0m[31;1m[Clan] Toren :[0m Best Bard is a way of life, not a glvl[0m
[19:06] [0m[31;1m[Clan] Akir :[0m haha[0m
[19:06] [0m[31;1m[Clan] Toren :[0m When people hear Nix, they think Bad bard[0m
[19:06] [0m[31;1m[Clan] Toren :[0m When they hear Byron, they get tight in the pants[0m
[19:06] [0m[31;1m[Clan] Akir :[0m Why do they get tight in the pants?[0m
[19:06] [0m[31;1m[Clan] Toren :[0m cause i'm sexy af[0m
[19:07] [0m[31;1m[Clan] Akir :[0m Oh okay![0m
[19:08] [0mYou can currently reforge 8 items.[0m
[19:12] [0m[34;1mSer shouts:[0m obligatory spam[0m
[19:12] [0m[34;1mEcholoc shouts:[0m woot![0m
[19:12] [0m[34;1mToren shouts:[0m You'll woo me and you'll like it[0m
[19:12] [0m[34;1mSer shouts:[0m i heard you said moose you[0m
[19:22] [0m[31;1m[Clan] Szodrin :[0m I only have 2 400 size boxes and one is filled :P[0m
[19:23] [0m[31;1m[Clan] Szodrin :[0m w/l[0m
[19:31] [0m[32;1mFrom afar, Nik goes '\\// [()] [()]  \\// [()] [()] !! !!' at you in[0m
[19:32] [0mAlassra <.oO>: Hiiiiigggghhwwwaaaayyy ttthhrrrouughhh tthhheee...[0m
[19:32] [0m[32;1mFrom afar, you laff at Alassra.[0m[0m
[19:32] [0mTex <.oO>: can we just get a song lyric line already for space and alassra[0m
[19:32] [0mWhoknows <.oO>: boOM[0m
[19:33] [0m[32;1mFrom afar, Ser pokes you in the ribs.[0m[0m
[19:33] [0m[32mSer tells you:[0m if you wanna come to vamps for xp you're welcome to[0m
[19:33] [0mAlassra <.oO>: Space should be easy to find one for.  I would be impressed[0m
[19:33] [0m               if you can find a song lyric for mine.[0m
[19:34] [0m[32mYou tell Ser:[0m ok at entrance[0m
[19:35] [0m[32;1mFrom afar, Ser goes 'Woo Woo!' at you.[0m[0m
[19:35] [0m[32mSer tells you:[0m ok give us a minute to kill this one[0m
[19:36] [0m[32mSer tells you:[0m ewell should pop here in a moment[0m
[19:37] [0m[32mSer says:[0m pquit DZ[0m
[19:37] [0m[32mXaryl says:[0m Most powerful Selene... Grant our disciple, Dangerzone[0m
[19:37] [0m            the power of your divine blessing, so we may destroy[0m
[19:37] [0m            your enemies![0m
[19:40] [0m[31;1m[Clan] Taleast :[0m bout 300 corpses in clan crypt room[0m
[19:40] [0m[31;1m[Clan] Taleast :[0m on ground[0m
[19:40] [0m[31;1m[Clan] Xaryl :[0m just box, I will Ftouch later[0m
[19:41] [0m[31;1m[Clan] Taleast :[0m filled box, putting rest back, lol[0m
[19:42] [0m[32mSzodrin says:[0m sorry for the wait[0m
[19:42] [0m[32mSzodrin says:[0m I'm sorry[0m
[19:42] [0m[32mYou tell Ser:[0m am i rallied?[0m
[19:42] [0m[32mSer tells you:[0m no[0m
[19:42] [0m[32mSer tells you:[0m you didnt fucking respond so i left[0m
[19:42] [0m[33;1m[PARTY][0m Dangerzone has quit the party.[0m
[19:43] [0m[32mYou tell Ser:[0m oops im partied[0m
[19:43] [0m[32mSer tells you:[0m yup, texted you, woke you like 10x[0m
[19:43] [0m[32mSer tells you:[0m it's ok i'll come pick you up after this one[0m
[19:46] [0m[33;1m[PARTY][0m Dangerzone joins the party.[0m
[19:46] [0m[33;1m[PARTY][0m Ser: follow[0m
[19:46] [0m[33;1m[PARTY][0m Ser: go n[0m
[19:46] [0m[33;1m[PARTY][0m Ser: whatever[0m
[19:46] [0m[33;1m[PARTY][0m Ser: find us[0m
[19:46] [0m[33;1m[PARTY][0m Wert: went north[0m
[19:47] [0m[33;1m[PARTY][0m Ser: yah not you Wert :P[0m
[19:48] [0m[33;1m[PARTY][0m Toren: another reason I love (summon :D[0m
[19:48] [0m[33;1m[PARTY][0m Dangerzone: found a chubby in the north[0m
[19:48] [0m[33;1m[PARTY][0m Dangerzone: aggro[0m
[19:49] [0m[33;1m[PARTY][0m Dangerzone: following nik[0m
[19:49] [0m[33;1m[PARTY][0m Toren: you survived a round?[0m
[19:49] [0m[33;1m[PARTY][0m Ser: he wont' when we run back thru there[0m
[19:49] [0m[33;1m[PARTY][0m Ser: lol[0m
[19:49] [0mXaryl whispers a prayer and points at Ugly Vampire.[0m
[19:49] [0m[33;1m[PARTY][0m Dangerzone: shrug left at "x attacking me"[0m
[19:50] [0m[33;1m[PARTY][0m Ser: you have cartography?[0m
[19:50] [0m[33;1m[PARTY][0m Ser: sigh[0m
[19:50] [0m[33;1m[PARTY][0m Dangerzone: yes just not enough light[0m
[19:50] [0mXaryl whispers a prayer and points at Buff Vampire.[0m
[19:51] [0mXaryl whispers a prayer and points at Buff Vampire.[0m
[19:52] [0mXaryl whispers a prayer and points at Buff Vampire.[0m
[19:53] [0mXaryl whispers a prayer and points at Buff Vampire.[0m
[19:53] [0mXaryl whispers a prayer and points at Buff Vampire.[0m
[19:54] [0mXaryl whispers a prayer and points at Buff Vampire.[0m
[19:55] [0mXaryl whispers a prayer and points at Buff Vampire.[0m
[19:56] [0m[32mXaryl says:[0m Most powerful Selene... Grant me the power of your[0m
[19:56] [0m            divine blessing, so we may destroy your enemies![0m
[19:56] [0mXaryl whispers a prayer and points at Buff Vampire.[0m
[19:56] [0m[32mSzodrin tells you:[0m wisewoman in village in portal of life gives a +7 torch[0m
[19:56] [0m        if you say 'yes' in the room with her, if she doesn't give it to[0m
[19:56] [0m        you come back in an hour and do the same thing, it's light and is[0m
[19:56] [0m        enough light for almost every room on the mud[0m
[19:57] [0m[32mSzodrin tells you:[0m I mean it's lightweight[0m
[19:57] [0mXaryl whispers a prayer and points at Buff Vampire.[0m
[19:57] [0m[33;1m[PARTY][0m Ser: this is a fun game[0m
[19:57] [0m[33;1m[PARTY][0m Ser: "which room is going to wipe half the party"[0m
[19:58] [0m[33;1m[PARTY][0m Szodrin: laf[0m
[19:58] [0mXaryl whispers a prayer and points at Ugly Vampire.[0m
[19:58] [0m[33;1m[PARTY][0m Szodrin: eh, just one vampire from reset, and we'll get more[0m
[19:58] [0m         corpses[0m
[19:59] [0mXaryl whispers a prayer and points at Ugly Vampire.[0m
[19:59] [0mXaryl whispers a prayer and points at Ugly Vampire.[0m
[20:00] [0m[33;1m[PARTY][0m Toren: this was a big dungeon[0m
[20:00] [0m[34;1mNightrider shouts:[0m le moo?[0m
[20:00] [0mXaryl whispers a prayer and points at Ugly Vampire.[0m
[20:01] [0mXaryl whispers a prayer and points at Ugly Vampire.[0m
[20:01] [0m[37;1mNightrider flaps :[0m Sup Botz[0m
[20:01] [0m[37;1mHooligan flaps :[0m beep boop whirrrr[0m
[20:02] [0m[33;1m[PARTY][0m Dangerzone: 4B to go heehee, t1 refresh room would be cool[0m
[20:02] [0m[33;1m[PARTY][0m Wert: these got some negative ac or something right[0m
[20:02] [0mXaryl whispers a prayer and points at Chubby Vampire.[0m
[20:02] [0m[33;1m[PARTY][0m Wert: cause i just saw a 9k which is cool but odd[0m
[20:03] [0m[33;1m[PARTY][0m Ser: damage bonus if 5+ iirc[0m
[20:03] [0mXaryl whispers a prayer and points at Chubby Vampire.[0m
[20:03] [0mXaryl whispers a prayer and points at Chubby Vampire.[0m
[20:04] [0mXaryl whispers a prayer and points at Chubby Vampire.[0m
[20:05] [0mXaryl whispers a prayer and points at Chubby Vampire.[0m
[20:05] [0m[33;1m[PARTY][0m Ser: man they's a lot left, must be 30+ mobs in here[0m
[20:05] [0mXaryl whispers a prayer and points at Chubby Vampire.[0m
[20:06] [0mXaryl whispers a prayer and points at Buff Vampire.[0m
[20:07] [0mXaryl whispers a prayer and points at Buff Vampire.[0m
[20:08] [0mYou can currently reforge 12 items.[0m
[20:08] [0mXaryl whispers a prayer and points at Buff Vampire.[0m
[20:08] [0m[33;1m[PARTY][0m Xaryl: someone pass Princess some corpses?[0m
[20:09] [0mXaryl whispers a prayer and points at Buff Vampire.[0m
[20:09] [0mXaryl whispers a prayer and points at Buff Vampire.[0m
[20:10] [0mXaryl whispers a prayer and points at Lethe Spirit.[0m
[20:11] [0mXaryl whispers a prayer and points at Ugly Vampire.[0m
[20:11] [0m[33;1m[PARTY][0m Ser: manually stepping btw, so sorry if i'm slow[0m
[20:11] [0m[33;1m[PARTY][0m Ser: just excited to find "the one"[0m
[20:11] [0m[33;1m[PARTY][0m Xaryl: ha[0m
[20:11] [0m[33;1m[PARTY][0m Szodrin: we could change up follow order[0m
[20:12] [0mXaryl whispers a prayer and points at Ugly Vampire.[0m
[20:12] [0mXaryl whispers a prayer and points at Ugly Vampire.[0m
[20:13] [0mXaryl whispers a prayer and points at Ugly Vampire.[0m
[20:14] [0m[33;1m[PARTY][0m Toren: I cleared my wimpy just in case[0m
[20:14] [0mXaryl whispers a prayer and points at Ugly Vampire.[0m
[20:14] [0m[33;1m[PARTY][0m Ser: whats your wimpy got to do with it[0m
[20:14] [0m[33;1m[PARTY][0m Toren: I wouldn't want to get off the train before it pulls into[0m
[20:14] [0m       the station[0m
[20:14] [0mXaryl whispers a prayer and points at Chubby Vampire.[0m
[20:15] [0m[33;1m[PARTY][0m Szodrin: what's wimpy, but a second hand defense trigger?[0m
[20:15] [0m[33;1m[PARTY][0m Szodrin: who needs a wimpy when first attack will kill o~/[0m
[20:15] [0m[33;1m[PARTY][0m Toren: This may come as a shock...but none of my chars have ever[0m
[20:15] [0m       had wimpy set :P[0m
[20:15] [0m[33;1m[PARTY][0m Toren: hardcor eincluded[0m
[20:15] [0mXaryl whispers a prayer and points at Chubby Vampire.[0m
[20:16] [0m[33;1m[PARTY][0m Szodrin: I know, it's not as good as Bushes of Love[0m
[20:16] [0mXaryl whispers a prayer and points at Chubby Vampire.[0m
[20:17] [0mXaryl whispers a prayer and points at Chubby Vampire.[0m
[20:18] [0m[33;1m[PARTY][0m Ser: 3...2...[0m
[20:18] [0m[33;1m[PARTY][0m Xaryl: wimpy == death for me almost every time[0m
[20:18] [0mXaryl whispers a prayer and points at Ugly Vampire.[0m
[20:18] [0m[33;1m[PARTY][0m Ser: my wimpy is set to 5%[0m
[20:19] [0mXaryl whispers a prayer and points at Ugly Vampire.[0m
[20:20] [0m[33;1m[PARTY][0m Ser: oooomg i should get a hammer for psiwield[0m
[20:20] [0m[33;1m[PARTY][0m Ser: 100 wc, and blunt[0m
[20:20] [0m[33;1m[PARTY][0m Toren: Is it being a hammer significant?[0m
[20:20] [0m[33;1m[PARTY][0m Toren: or blunt?[0m
[20:20] [0mXaryl whispers a prayer and points at Ugly Vampire.[0m
[20:21] [0m[33;1m[PARTY][0m Ser: sphere of influence, the power i'm using to tank goes off[0m
[20:21] [0m     of wc of weapons[0m
[20:21] [0mXaryl whispers a prayer and points at Ugly Vampire.[0m
[20:21] [0m[33;1m[PARTY][0m Ser: so varied wc is good[0m
[20:21] [0m[33;1m[PARTY][0m Toren: why does that matter?[0m
[20:21] [0m[33;1m[PARTY][0m Ser: so i'm better at tanking multiple damage types[0m
[20:21] [0m[33;1m[PARTY][0m Toren: oh[0m
[20:21] [0m[33;1m[PARTY][0m Toren: gotcha[0m
[20:21] [0m[33;1m[PARTY][0m Nik: get this man a hammer![0m
[20:21] [0m[33;1m[PARTY][0m Ser: instead of all edged etc[0m
[20:21] [0m[33;1m[PARTY][0m Toren: Why dont you ever get wraithvein?[0m
[20:21] [0m[33;1m[PARTY][0m Ser: cuz i hate rloft[0m
[20:21] [0mXaryl whispers a prayer and points at Ugly Vampire.[0m
[20:21] [0m[33;1m[PARTY][0m Toren: Easy 100wc weapon[0m
[20:21] [0m[33;1m[PARTY][0m Ser: again[0m
[20:22] [0m[33;1m[PARTY][0m Ser: i hate rloft[0m
[20:22] [0m[33;1m[PARTY][0m Toren: laf[0m
[20:22] [0m[33;1m[PARTY][0m Toren: I'll start grabbing it for you if I hit castle[0m
[20:22] [0mXaryl whispers a prayer and points at Chubby Vampire.[0m
[20:22] [0m[33;1m[PARTY][0m Toren: now that the gentech bug is fixed they don't hoard it[0m
[20:22] [0m[33;1m[PARTY][0m Ser: lol something w/ genarm?[0m
[20:22] [0m[33;1m[PARTY][0m Szodrin: wraithvein is easy?[0m
[20:23] [0m[33;1m[PARTY][0m Szodrin: man I got the wrong idea about ravenloft when I was new[0m
[20:23] [0mXaryl whispers a prayer and points at Chubby Vampire.[0m
[20:23] [0m[33;1m[PARTY][0m Toren: Genarm basically applied the dmg to each dtype... so if[0m
[20:23] [0m       you had 2dtypes is was x2, 3 dtypes it was x3, etc.[0m
[20:23] [0m[33;1m[PARTY][0m Toren: So if you had...Darkheart + an enchant or something, you[0m
[20:23] [0m       could even get 4[0m
[20:24] [0m[33;1m[PARTY][0m Toren: And a few gentechs, I think just Zanadu and Trout, are[0m
[20:24] [0m       ihgh enough order they have 2 genarms[0m
[20:24] [0m[33;1m[PARTY][0m Ser: ahh[0m
[20:24] [0m[33;1m[PARTY][0m Toren: So...x8 dmg[0m
[20:24] [0mXaryl whispers a prayer and points at Chubby Vampire.[0m
[20:24] [0m[33;1m[PARTY][0m Ser: so rolm would be nice too[0m
[20:24] [0m[33;1m[PARTY][0m Toren: Yep[0m
[20:24] [0m[33;1m[PARTY][0m Toren: Same reason you saw that on them too[0m
[20:25] [0m[33;1m[PARTY][0m Ser: guys, i'm really excited about this glevel[0m
[20:25] [0m[33;1m[PARTY][0m Toren: Since it was blunt + wahtever they're vuln to[0m
[20:25] [0mXaryl whispers a prayer and points at Chubby Vampire.[0m
[20:25] [0m[33;1m[PARTY][0m Szodrin: you should be[0m
[20:25] [0m[33;1m[PARTY][0m Szodrin: took you a long-ass time and it's going to open up your[0m
[20:25] [0m         damage more[0m
[20:25] [0m[33;1m[PARTY][0m Ser: and defense![0m
[20:25] [0m[33;1m[PARTY][0m Szodrin: I'm excited for you too[0m
[20:26] [0m[33;1m[PARTY][0m Ser: im gonna be so good at huggin![0m
[20:26] [0m[33;1m[PARTY][0m Toren: And Szod, wraithvein isn't "easy" per say...but if you[0m
[20:26] [0m       know how the mob works and where it's at. then it is[0m
[20:26] [0m[33;1m[PARTY][0m Ser: anyone wanna take bets[0m
[20:26] [0mXaryl whispers a prayer and points at Chubby Vampire.[0m
[20:26] [0m[32mXaryl says:[0m Most powerful Selene... Grant me the power of your[0m
[20:26] [0m            divine blessing, so we may destroy your enemies![0m
[20:26] [0m[33;1m[PARTY][0m Nik: what dtype is that 1?[0m
[20:26] [0m[33;1m[PARTY][0m Ser: ooo 1 more i think[0m
[20:26] [0m[33;1m[PARTY][0m Toren: wraithvein?  It's 95 electric + 5 blunt I think[0m
[20:26] [0m[33;1m[PARTY][0m Ser: crushing + electric[0m
[20:27] [0mXaryl whispers a prayer and points at Chubby Vampire.[0m
[20:27] [0m[33;1m[PARTY][0m Toren: It's a sweet weapon, and has some awesome[0m
[20:27] [0m       specials/descriptions[0m
[20:27] [0m[33;1m[PARTY][0m Xaryl: but takes the gloves slot, right?[0m
[20:27] [0m[33;1m[PARTY][0m Ser: no[0m
[20:28] [0m[34;1mSpace shouts:[0m day 3 cmc at ss for dup for the next 60 sec[0m
[20:28] [0mXaryl whispers a prayer and points at Chubby Vampire.[0m
[20:28] [0m[33;1m[PARTY][0m Ser: just responds to glove[0m
[20:28] [0m[33;1m[PARTY][0m Nik: wow, thatd be awesome on wik[0m
[20:28] [0m[33;1m[PARTY][0m Ser: i think it's exotic[0m
[20:29] [0m[33;1m[PARTY][0m Ser: i think[0m
[20:29] [0mXaryl whispers a prayer and points at Chubby Vampire.[0m
[20:29] [0m[33;1m[PARTY][0m Ser: you feed it corpses and it summons zombies to fight for[0m
[20:29] [0m     you[0m
[20:29] [0m[34;1mSpace shouts:[0m shop closed[0m
[20:29] [0mXaryl whispers a prayer and points at Chubby Vampire.[0m
[20:29] [0m[33;1m[PARTY][0m Nik: laf, thats awesome[0m
[20:29] [0m[33;1m[PARTY][0m Xaryl: someone pass Princess some corpses?[0m
[20:29] [0m[33;1m[PARTY][0m Nik: im dry[0m
[20:30] [0m[33;1m[PARTY][0m Ser: we wanna make a run?[0m
[20:30] [0m[33;1m[PARTY][0m Ser: ok here goes[0m
[20:30] [0mXaryl whispers a prayer and points at Chubby Vampire.[0m
[20:30] [0m[33;1m[PARTY][0m Ser: i cant find the zombie[0m
[20:30] [0m[33;1m[PARTY][0m Ser: err vamp[0m
[20:30] [0m[33;1m[PARTY][0m Ser: unless this was it[0m
[20:31] [0m[33;1m[PARTY][0m Szodrin: we could start a search party[0m
[20:31] [0m[33;1m[PARTY][0m Szodrin: ...wait[0m
[20:31] [0mXaryl whispers a prayer and points at Chubby Vampire.[0m
[20:31] [0m[33;1m[PARTY][0m Nik: laf[0m
[20:31] [0mXaryl whispers a prayer and points at Chubby Vampire.[0m
[20:32] [0mXaryl whispers a prayer and points at Chubby Vampire.[0m
[20:32] [0m[33;1m[PARTY][0m Ser: anyone got more corpses for Princess?[0m
[20:33] [0mXaryl whispers a prayer and points at Chubby Vampire.[0m
[20:34] [0m[33;1m[PARTY][0m Szodrin: if we find the right vampire I might[0m
[20:34] [0m[33;1m[PARTY][0m Toren: princess is full[0m
[20:35] [0m[33;1m[PARTY][0m Ser: cleared[0m
[20:35] [0m[33;1m[PARTY][0m Toren: woot[0m
[20:35] [0m[33;1m[PARTY][0m Ser: no deaths[0m
[20:35] [0m[33;1m[PARTY][0m Ser: much better than yesterday[0m
[20:35] [0m[33;1m[PARTY][0m Toren: reset?[0m
[20:35] [0m[33;1m[PARTY][0m Ser: yah i can grab sock[0m
[20:35] [0m[31;1m[Clan] Karvec enters the game.[0m  [0m
[20:35] [0m[31;1m[Clan] Sock wiggles on your foot.[0m  [0m
[20:35] [0m[31;1m[Clan] Sock :[0m it's one of these buttons[0m
[20:36] [0m[33;1m[PARTY][0m Sock joins the party.[0m
[20:36] [0m[33;1m[PARTY][0m Toren: still 700 corpses in box[0m
[20:36] [0m[33;1m[PARTY][0m Toren: load up boys[0m
[20:36] [0m[33;1m[PARTY][0m Sock has quit the party.[0m
[20:36] [0m[33;1m[PARTY][0m Ser: ok everyone[0m
[20:36] [0m[33;1m[PARTY][0m Ser: let's resave[0m
[20:37] [0m[33;1m[PARTY][0m Ser: sitting 1n[0m
[20:37] [0m[33;1m[PARTY][0m Ser: Wert, Szodrin[0m
[20:37] [0m[33;1m[PARTY][0m Ser: come n[0m
[20:37] [0m[33;1m[PARTY][0m Dangerzone: so no "the one" still alive[0m
[20:37] [0m[33;1m[PARTY][0m Wert: im no[0m
[20:37] [0m[33;1m[PARTY][0m Wert: north[0m
[20:38] [0m[33;1m[PARTY][0m Ser: we killed it[0m
[20:38] [0m[33;1m[PARTY][0m Dangerzone: obvi[0m
[20:38] [0mXaryl whispers a prayer and points at Chubby Vampire.[0m
[20:38] [0m[33;1m[PARTY][0m Ser: alright choo choo motherfuckers[0m
[20:38] [0m[33;1m[PARTY][0m Ser: ahh[0m
[20:38] [0m[33;1m[PARTY][0m Ser: expertise bad[0m
[20:38] [0m[33;1m[PARTY][0m Ser: let's not take 6k+ damage/rnd[0m
[20:38] [0mXaryl whispers a prayer and points at Chubby Vampire.[0m
[20:39] [0mXaryl whispers a prayer and points at Chubby Vampire.[0m
[20:40] [0mXaryl whispers a prayer and points at Chubby Vampire.[0m
[20:41] [0mXaryl whispers a prayer and points at Chubby Vampire.[0m
[20:42] [0mXaryl whispers a prayer and points at Buff Vampire.[0m
[20:43] [0mXaryl whispers a prayer and points at Buff Vampire.[0m
[20:44] [0mXaryl whispers a prayer and points at Buff Vampire.[0m
[20:44] [0mXaryl whispers a prayer and points at Buff Vampire.[0m
[20:45] [0mXaryl whispers a prayer and points at Buff Vampire.[0m
[20:46] [0mXaryl whispers a prayer and points at Ugly Vampire.[0m
[20:46] [0mXaryl whispers a prayer and points at Ugly Vampire.[0m
[20:47] [0mXaryl whispers a prayer and points at Ugly Vampire.[0m
[20:48] [0mXaryl whispers a prayer and points at Ugly Vampire.[0m
[20:49] [0mXaryl whispers a prayer and points at Ugly Vampire.[0m
[20:50] [0mXaryl whispers a prayer and points at Chubby Vampire.[0m
[20:51] [0mXaryl whispers a prayer and points at Chubby Vampire.[0m
[20:52] [0mXaryl whispers a prayer and points at Chubby Vampire.[0m
[20:52] [0m[31;1m[Clan] Ser :[0m OH FUCK I FORGOT ABOUT AKIR[0m
[20:52] [0m[31;1m[Clan] Ser :[0m akir did your dungeon clear yet[0m
[20:52] [0m[31;1m[Clan] Akir :[0m yes sir[0m
[20:52] [0m[31;1m[Clan] Szodrin :[0m woot![0m
[20:52] [0m[31;1m[Clan] Ser :[0m go to entrance[0m
[20:53] [0mXaryl whispers a prayer and points at Chubby Vampire.[0m
[20:53] [0m[31;1m[Clan] Ser :[0m mob at 24%[0m
[20:53] [0m[31;1m[Clan] Akir :[0m here[0m
[20:53] [0m[31;1m[Clan] Ser :[0m they take awhile[0m
[20:53] [0m[31;1m[Clan] Ser :[0m 13%[0m
[20:53] [0m[31;1m[Clan] Akir :[0m nog laf no rush[0m
[20:53] [0m[31;1m[Clan] Ser :[0m Aka/Sparkie?  you guys interested?[0m
[20:54] [0m[33;1m[PARTY][0m Akir joins the party.[0m
[20:54] [0m[33;1m[PARTY][0m Xaryl: let me grab corpses[0m
[20:54] [0m[31;1m[Clan] Ser :[0m going once[0m
[20:54] [0m[31;1m[Clan] Ser :[0m going twice[0m
[20:55] [0m[31;1m[Clan] Ser :[0m choo choo[0m
[20:56] [0m[33;1m[PARTY][0m Xaryl: go[0m
[20:56] [0mXaryl whispers a prayer and points at Zombie.[0m
[20:56] [0m[33;1m[PARTY][0m Ser: aww but zammmmmmmmbie[0m
[20:56] [0mXaryl whispers a prayer and points at Buff Vampire.[0m
[20:56] [0m[32mXaryl says:[0m Most powerful Selene... Grant our disciple, Akir the[0m
[20:56] [0m            power of your divine blessing, so we may destroy your[0m
[20:56] [0m            enemies![0m
[20:56] [0m[32mXaryl says:[0m Most powerful Selene... Grant me the power of your[0m
[20:56] [0m            divine blessing, so we may destroy your enemies![0m
[20:57] [0mXaryl whispers a prayer and points at Buff Vampire.[0m
[20:58] [0mXaryl whispers a prayer and points at Buff Vampire.[0m
[20:58] [0mXaryl whispers a prayer and points at Buff Vampire.[0m
[20:59] [0mXaryl whispers a prayer and points at Buff Vampire.[0m
[21:00] [0mXaryl whispers a prayer and points at Buff Vampire.[0m
[21:00] [0m[33;1m[PARTY][0m Ser: daaaaaaaaaaaaaaaaaaance the niiiiiiight away[0m
[21:00] [0mXaryl whispers a prayer and points at Buff Vampire.[0m
[21:01] [0mXaryl whispers a prayer and points at Buff Vampire.[0m
[21:02] [0mXaryl whispers a prayer and points at Buff Vampire.[0m
[21:03] [0mXaryl whispers a prayer and points at Buff Vampire.[0m
[21:03] [0mXaryl whispers a prayer and points at Buff Vampire.[0m
[21:04] [0mXaryl whispers a prayer and points at Ugly Vampire.[0m
[21:05] [0mXaryl whispers a prayer and points at Ugly Vampire.[0m
[21:06] [0mXaryl whispers a prayer and points at Ugly Vampire.[0m
[21:06] [0mXaryl whispers a prayer and points at Ugly Vampire.[0m
[21:07] [0m[31;1m[Clan] Sparkie :[0m thank uiu ser. but im bout tovgo to bed.[0m
[21:07] [0m[31;1m[Clan] Ser :[0m i think you need to[0m
[21:07] [0m[31;1m[Clan] Akir :[0m laf[0m
[21:07] [0m[31;1m[Clan] Ser :[0m with spelling that horrible[0m
[21:07] [0mXaryl whispers a prayer and points at Ugly Vampire.[0m
[21:08] [0mYou can currently reforge 12 items.[0m
[21:08] [0mXaryl whispers a prayer and points at Chubby Vampire.[0m
[21:09] [0mXaryl whispers a prayer and points at Chubby Vampire.[0m
[21:10] [0m[33;1m[PARTY][0m Ser: guys, i think this is awesome and i'm glad we have such[0m
[21:10] [0m     great people to party with[0m
[21:10] [0mXaryl whispers a prayer and points at Chubby Vampire.[0m
[21:10] [0m[33;1m[PARTY][0m Ser: make parties great again (Frank, 2020)[0m
[21:10] [0m[33;1m[PARTY][0m Nik: i love it too! except i feel like Frank has somethin[0m
[21:10] [0m     against vamps[0m
[21:11] [0mXaryl whispers a prayer and points at Chubby Vampire.[0m
[21:12] [0m[33;1m[PARTY][0m Akir: Much better when I gag red axe emotes! :D[0m
[21:12] [0mXaryl whispers a prayer and points at Chubby Vampire.[0m
[21:12] [0mXaryl whispers a prayer and points at Chubby Vampire.[0m
[21:13] [0mXaryl whispers a prayer and points at Chubby Vampire.[0m
[21:14] [0mXaryl whispers a prayer and points at Chubby Vampire.[0m
[21:15] [0mXaryl whispers a prayer and points at Chubby Vampire.[0m
[21:15] [0mXaryl whispers a prayer and points at Ugly Vampire.[0m
[21:16] [0mXaryl whispers a prayer and points at Ugly Vampire.[0m
[21:17] [0mXaryl whispers a prayer and points at Ugly Vampire.[0m
[21:17] [0m[33;1m[PARTY][0m Szodrin: I'm gonna get really damn close to a glvl again tonight[0m
[21:18] [0m[33;1m[PARTY][0m Szodrin: 7 more after that and I get another heal per round[0m
[21:18] [0m[33;1m[PARTY][0m Xaryl: nice[0m
[21:18] [0m[33;1m[PARTY][0m Wert: heh im hitting mine tomorrow, but level and glvl racing[0m
[21:18] [0m      each other[0m
[21:18] [0m[33;1m[PARTY][0m Szodrin: at your level/glvl that's a good thing![0m
[21:18] [0mXaryl whispers a prayer and points at Ugly Vampire.[0m
[21:19] [0m[33;1m[PARTY][0m Szodrin: you should ask Ser about Psicorp glvls, they come so often[0m
[21:19] [0m         it's annoying, like you can barely leave the guild[0m
[21:19] [0mXaryl whispers a prayer and points at Chubby Vampire.[0m
[21:19] [0m[33;1m[PARTY][0m Ser: ikr luckily you can train outside guild[0m
[21:19] [0m[33;1m[PARTY][0m Wert: i had to get crolack to let me leave the guild on my alt[0m
[21:19] [0m      :P[0m
[21:19] [0m[34;1mSevenofnine shouts:[0m Shot through the hull, and you're in flames, you give[0m
[21:19] [0m                    pilots a bad name![0m
[21:20] [0mXaryl whispers a prayer and points at Chubby Vampire.[0m
[21:20] [0m[33;1m[PARTY][0m Toren: princess full[0m
[21:21] [0mXaryl whispers a prayer and points at Chubby Vampire.[0m
[21:22] [0mXaryl whispers a prayer and points at Chubby Vampire.[0m
[21:22] [0m[33;1m[PARTY][0m Ser: i'm 84.5% thru glevel with just under 7 combat days left[0m
[21:22] [0mXaryl whispers a prayer and points at Chubby Vampire.[0m
[21:23] [0mXaryl whispers a prayer and points at Buff Vampire.[0m
[21:23] [0mXaryl whispers a prayer and points at Buff Vampire.[0m
[21:24] [0mXaryl whispers a prayer and points at Buff Vampire.[0m
[21:24] [0m[33;1m[PARTY][0m Szodrin: I think I'm gonna train up battlecry and study to 50 each[0m
[21:24] [0m         to see if that helps a little[0m
[21:25] [0m[33;1m[PARTY][0m Szodrin: endure takes toooooooo looooooong[0m
[21:25] [0m[33;1m[PARTY][0m Toren: does battlecry lower mob defense, or your attack?[0m
[21:25] [0m[32mXaryl says:[0m Most powerful Selene... Grant our disciple, Archangel[0m
[21:25] [0m            the power of your divine blessing, so we may destroy[0m
[21:25] [0m            your enemies![0m
[21:25] [0m[33;1m[PARTY][0m Xaryl: increases your attack[0m
[21:25] [0m[33;1m[PARTY][0m Szodrin: it's me so it lowers my attack[0m
[21:25] [0mXaryl whispers a prayer and points at Buff Vampire.[0m
[21:26] [0m[33;1m[PARTY][0m Szodrin: I wish battlecry was an assist ability[0m
[21:26] [0m[33;1m[PARTY][0m Szodrin: or study[0m
[21:26] [0m[33;1m[PARTY][0m Szodrin: would be nice, that's our one weakness I think[0m
[21:26] [0m[33;1m[PARTY][0m Szodrin: one 'distinct' weakness[0m
[21:26] [0mXaryl whispers a prayer and points at Chubby Vampire.[0m
[21:27] [0m[32mXaryl says:[0m Most powerful Selene... Grant me the power of your[0m
[21:27] [0m            divine blessing, so we may destroy your enemies![0m
[21:27] [0m[33;1m[PARTY][0m Toren: I got a bard idea I'm gonna kick to TH[0m
[21:27] [0mXaryl whispers a prayer and points at Chubby Vampire.[0m
[21:27] [0m[33;1m[PARTY][0m Toren: I think Leader of the Band should do like a huge party[0m
[21:27] [0m       boon somehow[0m
[21:27] [0m[33;1m[PARTY][0m Akir: It will probably be glorious since you're the greatest of[0m
[21:27] [0m      all time[0m
[21:27] [0m[33;1m[PARTY][0m Toren: We need a rally song for the party that is badass[0m
[21:28] [0m[33;1m[PARTY][0m Xaryl: yeah! LoTB would be a great party song[0m
[21:28] [0m[33;1m[PARTY][0m Toren: Akir knows[0m
[21:28] [0m[33;1m[PARTY][0m Xaryl: just some K regen is kinda odd[0m
[21:28] [0mXaryl whispers a prayer and points at Chubby Vampire.[0m
[21:29] [0m[33;1m[PARTY][0m Szodrin: We Are the Champions[0m
[21:29] [0m[33;1m[PARTY][0m Toren: It takes insturment + voice too[0m
[21:29] [0m[33;1m[PARTY][0m Toren: So I can't do shit while I'm singing it (dmg spells or dmg[0m
[21:29] [0m       songs and my melee gets cut down too)[0m
[21:29] [0m[33;1m[PARTY][0m Toren: If it gave like +50 to stats across the baord[0m
[21:29] [0m[33;1m[PARTY][0m Toren: or something[0m
[21:29] [0m[33;1m[PARTY][0m Szodrin: wouldn't require voice or instrument, just stomp[0m
[21:29] [0mXaryl whispers a prayer and points at Chubby Vampire.[0m
[21:29] [0m[33;1m[PARTY][0m Toren: lol[0m
[21:30] [0m[33;1m[PARTY][0m Szodrin: the slap is a melee attack[0m
[21:30] [0m[33;1m[PARTY][0m Szodrin: er clap[0m
[21:30] [0m[33;1m[PARTY][0m Akir: use cats claw for highest dps output[0m
[21:31] [0mXaryl whispers a prayer and points at Ugly Vampire.[0m
[21:31] [0m[33;1m[PARTY][0m Ser: my program is using rand() and it generates the same[0m
[21:31] [0m     sequence of random numbers each time[0m
[21:31] [0m[33;1m[PARTY][0m Ser: each time the first # generated is 41[0m
[21:31] [0mXaryl whispers a prayer and points at Ugly Vampire.[0m
[21:32] [0m[33;1m[PARTY][0m Xaryl: that is possible![0m
[21:32] [0m[31;1m[Clan] Szodrin :[0m your seed isn't randomized[0m
[21:32] [0m[31;1m[Clan] Szodrin :[0m w/l and giggity[0m
[21:32] [0mXaryl whispers a prayer and points at Ugly Vampire.[0m
[21:32] [0m[33;1m[PARTY][0m Szodrin: whatever is determining your seed is using the same number[0m
[21:32] [0m         each time[0m
[21:33] [0m[31;1m[Clan] Szodrin :[0m there's no 'actual' randomized number with computers, they[0m
[21:33] [0m                 use seed#s to determine the set of numbers[0m
[21:33] [0mXaryl whispers a prayer and points at Ugly Vampire.[0m
[21:33] [0m[31;1m[Clan] Szodrin :[0m again with the f'in w/l[0m
[21:33] [0m[31;1m[Clan] Ser :[0m ahh[0m
[21:33] [0mXaryl whispers a prayer and points at Ugly Vampire.[0m
[21:34] [0mXaryl whispers a prayer and points at Ugly Vampire.[0m
[21:35] [0mXaryl whispers a prayer and points at Ugly Vampire.[0m
[21:36] [0mXaryl whispers a prayer and points at Ugly Vampire.[0m
[21:37] [0mXaryl whispers a prayer and points at Ugly Vampire.[0m
[21:37] [0mXaryl whispers a prayer and points at Ugly Vampire.[0m
[21:38] [0mXaryl whispers a prayer and points at Ugly Vampire.[0m
[21:38] [0m[33;1m[PARTY][0m Szodrin: sorry, was busy, in online games for instance, to[0m
[21:38] [0m         determine your randomized items from mobs, they might use[0m
[21:38] [0m         the first letter of your character's name[0m
[21:39] [0m[33;1m[PARTY][0m Szodrin: to determine your seed number[0m
[21:39] [0mXaryl whispers a prayer and points at Ugly Vampire.[0m
[21:40] [0mXaryl whispers a prayer and points at Ugly Vampire.[0m
[21:41] [0mXaryl whispers a prayer and points at Ugly Vampire.[0m
[21:41] [0mXaryl whispers a prayer and points at Spirit of Shadow.[0m
[21:42] [0mXaryl whispers a prayer and points at Ugly Vampire.[0m
[21:43] [0mXaryl whispers a prayer and points at Ugly Vampire.[0m
[21:43] [0mXaryl whispers a prayer and points at Ugly Vampire.[0m
[21:44] [0mXaryl whispers a prayer and points at Ugly Vampire.[0m
[21:45] [0mXaryl whispers a prayer and points at Ugly Vampire.[0m
[21:46] [0m[33;1m[PARTY][0m Akir: saber breaking, fun![0m
[21:46] [0mXaryl whispers a prayer and points at Ugly Vampire.[0m
[21:47] [0mXaryl whispers a prayer and points at Ugly Vampire.[0m
[21:48] [0m[37;1mSparkie flaps :[0m woot[0m
[21:48] [0mXaryl whispers a prayer and points at Ugly Vampire.[0m
[21:48] [0mXaryl whispers a prayer and points at Ugly Vampire.[0m
[21:48] [0m[33;1m[PARTY][0m Xaryl: we are going to have to in about 10 minutes :([0m
[21:48] [0m[33;1m[PARTY][0m Xaryl: hate to stop teh XP chain![0m
[21:49] [0m[33;1m[PARTY][0m Ser: ok[0m
[21:49] [0mXaryl whispers a prayer and points at Ugly Vampire.[0m
[21:49] [0m[33;1m[PARTY][0m Ser: thanks for being the awesomest healer[0m
[21:50] [0mXaryl whispers a prayer and points at Ugly Vampire.[0m
[21:50] [0m[33;1m[PARTY][0m Xaryl: is my job![0m
[21:50] [0m[33;1m[PARTY][0m Ser: hope the gxp was good haha[0m
[21:50] [0m[33;1m[PARTY][0m Xaryl: and getting about .04% more GXP an hour!![0m
[21:50] [0mXaryl whispers a prayer and points at Ugly Vampire.[0m
[21:50] [0m[33;1m[PARTY][0m Ser: i'll make it go back down eventually[0m
[21:51] [0mXaryl whispers a prayer and points at Ugly Vampire.[0m
[21:52] [0mXaryl whispers a prayer and points at Chubby Vampire.[0m
[21:53] [0mXaryl whispers a prayer and points at Chubby Vampire.[0m
[21:53] [0m[31;1m[Clan] Dangerzone :[0m night folks[0m
[21:53] [0mXaryl whispers a prayer and points at Chubby Vampire.[0m
[21:54] [0m[33;1m[PARTY][0m Ser: how many more we doing X?[0m
[21:54] [0m[33;1m[PARTY][0m Ser: 1-2?[0m
[21:54] [0m[33;1m[PARTY][0m Xaryl: sounds good[0m
[21:54] [0m[33;1m[PARTY][0m Wert: ha nice im falling asleep too! love not being the one to[0m
[21:54] [0m      call first heh[0m
[21:54] [0m[33;1m[PARTY][0m Ser: i'm doing homework[0m
[21:54] [0mXaryl whispers a prayer and points at Chubby Vampire.[0m
[21:54] [0m[33;1m[PARTY][0m Ser: probably not going to be done w/in an hour[0m
[21:55] [0mXaryl whispers a prayer and points at Chubby Vampire.[0m
[21:55] [0m[33;1m[PARTY][0m Ser: when it's due[0m
[21:55] [0m[33;1m[PARTY][0m Szodrin:  :([0m
[21:55] [0m[33;1m[PARTY][0m Dangerzone: night folks, thanks all for xp[0m
[21:55] [0m[33;1m[PARTY][0m Akir: night dude![0m
[21:55] [0mXaryl whispers a prayer and points at Chubby Vampire.[0m
[21:56] [0m[33;1m[PARTY][0m Dangerzone: probs pboot when ya can at entrance :)[0m
[21:56] [0m[33;1m[PARTY][0m Ser: ok[0m
[21:56] [0mXaryl whispers a prayer and points at Chubby Vampire.[0m
[21:57] [0m[33;1m[PARTY][0m Akir: its telling me when my saber is breaking :P[0m
[21:57] [0mXaryl whispers a prayer and points at Chubby Vampire.[0m
[21:57] [0m[32mXaryl says:[0m Most powerful Selene... Grant me the power of your[0m
[21:57] [0m            divine blessing, so we may destroy your enemies![0m
[21:57] [0m[33;1m[PARTY][0m Ser: ok[0m
[21:58] [0m[33;1m[PARTY][0m Ser: will make this alst one[0m
[21:58] [0mXaryl whispers a prayer and points at Chubby Vampire.[0m
[22:00] [0m[33;1m[PARTY][0m Szodrin: night, everyone[0m
[22:00] [0m[33;1m[PARTY][0m Ser: later nerds[0m
[22:00] [0m[33;1m[PARTY][0m Szodrin: thank you for the party[0m
[22:00] [0m[33;1m[PARTY][0m Akir: Thank you for the invite, that was awesome[0m
[22:00] [0m[33;1m[PARTY][0m Szodrin has quit the party.[0m
[22:00] [0m[31;1m[Clan] Toren :[0m thanks for party boys[0m
[22:00] [0m[31;1m[Clan] Ser :[0m same time same place tomorrow?[0m
[22:00] [0m[31;1m[Clan] Ser :[0m :D[0m
[22:00] [0m[31;1m[Clan] Nik :[0m thanks erybody[0m
[22:00] [0m[31;1m[Clan] Akir :[0m I will never do zombies solo again[0m
[22:00] [0m[31;1m[Clan] Ser :[0m you can, just have reset dungeon handy[0m
[22:00] [0m[31;1m[Clan] Roor :[0m sounds like amateur hour at the apollo went down[0m
[22:00] [0m[36m<BS> Zokko :[0m nice[0m
[22:01] [0m[31;1m[Clan] Akir :[0m WOW LOOK WHO IT IS[0m
[22:01] [0m[31;1m[Clan] Roor :[0m sorry i was making paper![0m
[22:01] [0m[31;1m[Clan] Roor :[0m turning tricks on the corner[0m
[22:01] [0m[31;1m[Clan] Szodrin :[0m one page per timeslide?[0m
[22:01] [0m[31;1m[Clan] Ser :[0m you missed a good 2-3 hours of grinding[0m
[22:01] [0m[31;1m[Clan] Szodrin :[0m isn't that inefficient?[0m
[22:01] [0m[33;1m[PARTY][0m Archangel has quit the party.[0m
[22:01] [0m[31;1m[Clan] Akir :[0m Nix, Nix! I made like a billion exp![0m
[22:01] [0m[33;1m[PARTY][0m Akir has quit the party.[0m
[22:01] [0m[31;1m[Clan] Roor :[0m awesome![0m
[22:01] [0m[33;1m[PARTY][0m Ser has quit the party.[0m
[22:01] [0m[33;1m[PARTY][0m The leader quit the party![0m
[22:01] [0m[33;1m[PARTY][0m New leader for the party: dangerzone.[0m
[22:01] [0m[33;1m[PARTY][0m Xaryl has quit the party.[0m
[22:01] [0m[31;1m[Clan] Ser :[0m maybe closer to 4[0m
[22:01] [0;32mVilgan whispers: [0mPsstt, Barrakith has the Demon Marble hidden in its room![0m
[22:02] [0m[33;1m[PARTY][0m Wert: thx all[0m
[22:02] [0m[33;1m[PARTY][0m Toren has quit the party.[0m
[22:02] [0m[33;1m[PARTY][0m Wert has quit the party.[0m
[22:11] [0m[34;1mMud shouts:[0m VIKINGS[0m
[22:11] [0m[34;1mTony shouts:[0m lumberjacks[0m
[22:12] [0mYou can currently reforge 12 items.[0m
[22:12] [0m[34;1mSzodrin shouts:[0m Hey! I'm a lumberjack! Ask me how I am![0m
[22:12] [0m[34;1mAkir shouts:[0m how are you[0m
[22:12] [0m[34;1mEcholoc shouts:[0m you should be Ok[0m
[22:12] [0m[34;1mSzodrin shouts:[0m I am! I am OK![0m
[22:17] [0m[32mNik says:[0m te[0m
[22:28] [0m[31;1m[Clan] Szodrin :[0m so, dundee, the parts you find on critters, I can't find someone to take them,[0m
[22:28] [0m                 do they give reps?[0m
[22:28] [0m[31;1m[Clan] Ser :[0m some of them[0m
[22:28] [0m[31;1m[Clan] Ser :[0m at least 1 is for a miniquest[0m
[22:39] [0m[37;1m[JEDI]:[0m Talia Ska arrives at the Academy.[0m
[22:45] [0m[37;1mAgni flaps :[0m resetting zombies[0m
[23:15] [0m[37;1m[JEDI]:[0m Wennic Ber'ni'lok arrives at the Academy.[0m
[23:19] [0m[31;1m[Clan] Roor :[0m anyone wnat an anchor[0m
[23:19] [0m[31;1m[Clan] Roor :[0m i mean apartymate[0m
[23:20] [0m[31;1m[Clan] Szodrin :[0m I'll probably be around til the top of the hour, but you appear to fight[0m
[23:20] [0m                 similar size mobs[0m
[23:20] [0m[31;1m[Clan] Szodrin :[0m unless that bk was a fluke?[0m
[23:20] [0m[31;1m[Clan] Ser :[0m i finished my C++ homework guys[0m
[23:20] [0m[31;1m[Clan] Akir :[0m yay[0m
[23:20] [0m[31;1m[Clan] Szodrin :[0m woot![0m
[23:20] [0m[31;1m[Clan] Akir :[0m In time?[0m
[23:20] [0m[31;1m[Clan] Ser :[0m gonna go fight terra[0m
[23:20] [0m[31;1m[Clan] Ser :[0m yah school is like 2 hrs behind[0m
[23:20] [0m[31;1m[Clan] Akir :[0m wow Terra? dg psis lol jk there is only one of you[0m
[23:21] [0m[31;1m[Clan] Szodrin :[0m with over a year of guild time, lol[0m
[23:21] [0m[31;1m[Clan] Ser :[0m figured i'd grab a hammer and test it out[0m
[23:21] [0m[31;1m[Clan] Szodrin :[0m oh, for special?[0m
[23:21] [0m[31;1m[Clan] Szodrin :[0m is it blunt?[0m
[23:21] [0m[31;1m[Clan] Ser :[0m for sphere-y goodness[0m
[23:21] [0m[31;1m[Clan] Ser :[0m yah[0m
[23:22] [0m[31;1m[Clan] Szodrin :[0m makes sense since she's slamming the ground I think[0m
[23:27] [0m[31;1m[Clan] Szodrin :[0m er[0m
[23:37] [0m[35;1mAkir [Jedi(Knight)]:[0m How many skill points do you get per glevel? How is that determined? Can't[0m
[23:37] [0m                     find a formula anywhere[0m
[23:37] [0m[31;1m[Clan] Toren :[0m what size chess do you run szod?[0m
[23:37] [0m[37;1m[JEDI]:[0m Tobias Kel'ach'nar arrives at the Academy.[0m
[23:38] [0m[35;1mVolt [Jedi(60)]:[0m there is one, let me look.  after a cwrtain glvl the file says it is fixed[0m
[23:38] [0m[35;1mAkir [Jedi(Knight)]:[0m Hm maybe I didn't look hard enough[0m
[23:39] [0m[31;1m[Clan] Szodrin :[0m 135 currently[0m
[23:39] [0m[31;1m[Clan] Toren :[0m o nice[0m
[23:39] [0m[31;1m[Clan] Toren :[0m Is it forever mobs?[0m
[23:39] [0m[31;1m[Clan] Akir :[0m I was going to call you a cheater but you prob use Taleasts huh :D[0m
[23:40] [0m[31;1m[Clan] Akir :[0m Or have the scaler vaf, I'm just now realizing, derp[0m
[23:40] [0m[31;1m[Clan] Szodrin :[0m yes[0m
[23:40] [0m[31;1m[Clan] Toren :[0m nah, he'd need someones dungeon[0m
[23:40] [0m[31;1m[Clan] Szodrin :[0m and yes[0m
[23:40] [0m[31;1m[Clan] Szodrin :[0m 135 chess isn't much bigger than 100 chess though[0m
[23:41] [0m[31;1m[Clan] Toren :[0m you're in like 5mil right[0m
[23:41] [0m[31;1m[Clan] Szodrin :[0m 5.1-5.5m mobs[0m
[23:41] [0m[31;1m[Clan] Toren :[0m i wonder if i hit behind you if the mobs ever run out[0m
[23:41] [0m[31;1m[Clan] Toren :[0m I doubt I outhit Oscar, and at scaler 140+ he has infinite mobs[0m
[23:42] [0m[31;1m[Clan] Toren :[0m I think veil is tied to dex, so might raise that[0m
[23:42] [0m[31;1m[Clan] Szodrin :[0m we should try sometime, I'm heading out in the next 30 though and I'm dragging[0m
[23:42] [0m                 Roor[0m
[23:42] [0m[31;1m[Clan] Toren :[0m nog[0m
[23:42] [0m[31;1m[Clan] Toren :[0m I'm heaing out soon, didn't mean tonight[0m
[23:42] [0m[31;1m[Clan] Szodrin :[0m he could probably use someone else to drag him when I leave though if someone[0m
[23:42] [0m                 is willing[0m
[23:42] [0m[31;1m[Clan] Toren :[0m i got 9 fleecing atm, so have been making sure to be in coin areas mostly[0m
[23:43] [0m[31;1m[Clan] Szodrin :[0m shit, forgot to waste my reforges, have to do that in a sec[0m
[23:43] [0m[31;1m[Clan] Szodrin :[0m not that I'm complaining about a 3 hour vamp run[0m
[23:43] [0m[31;1m[Clan] Toren :[0m stupid vampires[0m
[23:44] [0m[31;1m[Clan] Toren :[0m giving too much xp[0m
[23:44] [0m[31;1m[Clan] Szodrin :[0m you shut your whore mouth![0m
[23:44] [0m[31;1m[Clan] Akir :[0m Yea that stupid party getting me like a billion exp[0m
[23:44] [0m[31;1m[Clan] Szodrin :[0m I mean... I disagree[0m
[23:52] [0m[31;1m[Clan] Ser :[0m it was ~4 hrs not counting breaks[0m
[23:52] [0m[31;1m[Clan] Akir :[0m mm xp[0m
[23:52] [0m[31;1m[Clan] Ser :[0m and i think we averaged 350-450m/half the whole time[0m
[23:53] [0m[31;1m[Clan] Ser :[0m which considering the amount of people that dont have high damage output, id say[0m
[23:53] [0m             thats pretty good[0m
[23:53] [0m[31;1m[Clan] Akir :[0m Yea my damage is really bad atm[0m
[23:53] [0m[31;1m[Clan] Ser :[0m myself included[0m
[23:54] [0m[31;1m[Clan] Ser :[0m i was just the meatball[0m
[23:54] [0m[31;1m[Clan] Roor :[0m i want to a big time party run in there... max out dps[0m
[23:54] [0m[31;1m[Clan] Akir :[0m Not sure my damage will ever be "good".. it gets to an okay level[0m
[23:54] [0m[31;1m[Clan] Roor :[0m get caustic critic on vidae[0m
[23:54] [0m[31;1m[Clan] Toren :[0m i'd imagine we'd be at like 2bil/hr with all hitters[0m
[23:54] [0m[31;1m[Clan] Ser :[0m well we need people to stop playing alts[0m
[23:54] [0m[31;1m[Clan] Nik :[0m more alts you say?[0m
[23:54] [0m[31;1m[Clan] Akir :[0m Who has time to grind to glevel 85? :P[0m
[23:54] [0m[31;1m[Clan] Toren :[0m we need ser to get gud[0m
[23:54] [0m[31;1m[Clan] Ser :[0m and i wont have max anything for another year[0m
[23:54] [0m[31;1m[Clan] Toren :[0m critic got bumped to 85?[0m
[23:55] [0m[31;1m[Clan] Akir :[0m I'm just being a shit[0m
[23:55] [0m[31;1m[Clan] Roor :[0m that is sort've the proposed fix[0m
[23:56] [0m[31;1m[Clan] Akir :[0m realistically it seems to make more sense that way[0m
[23:57] [0m[31;1m[Clan] Akir :[0m But my Bard is still tiny so :) I don't know anything![0m
