- = LOG STARTED [00:00] = -
[00:01] [0m[37;1m[JEDI]:[0m Talia Ska arrives at the Academy.[0m
[00:05] [0mYour transmuter's stone bursts with 5 new colours![0m
[00:06] [0m[32mSimonz tells you:[0m got fdef 12 last night[0m
[00:07] [0m[35;1mWound [Jedi(45)]:[0m thanks.[0m
[00:08] [0m[32;1mFrom afar, you cheer Simonz on!!![0m[0m
[00:08] [0m[32mYou tell Simonz:[0m good night[0m
[00:10] [0mSquirrel flaps : https://tinyurl.com/y8m6t4l6 man in georgie discovers he has 100,000 bees in[0m
[00:10] [0m                 his house which were removed[0m
[00:10] [0mSquirrel flaps : good thing he got rid of them before the murder hornets showed up[0m
[00:11] [0mFik flaps : bees arent the best defense against murder hornets, but you just need alot of em[0m
[00:12] [0mXiu flaps : i'm impressed somebody bothered to count them all[0m
[00:14] [0m[35;1mWound [Jedi(45)]:[0m These are not the droids you are looking for....        .. Try These![0m
[00:14] [0mReality flaps : murder hornets are nightmare inducing[0m
[00:14] [0mWound flaps : no, death, they kill you.[0m
[00:14] [0m[35;1mMellaous [Jedi(75)]:[0m droid gxp is slow hehe[0m
[00:14] [0mSquirrel flaps : murder hornets are the key to zombies walking the earth[0m
[00:14] [0mOmni flaps : they will lay pupae in your neck![0m
[00:15] [0mMellaous flaps : anyone see the Praying Mantis vs Murder Hornet video?[0m
[00:15] [0mMellaous flaps : mantis made him his B..[0m
[00:15] [0mSquirrel flaps : praying mantis wasnt playing around[0m
[00:16] [0mWound flaps : ok, so someone cage matched a murder hornet and a praying mantis?[0m
[00:17] [0mWound flaps : we gotta new tigerhunter... whos this person...[0m
[00:17] [0mSquirrel flaps : carol baskins[0m
[00:17] [0mFik flaps : nah baskins old news now[0m
[00:17] [0mWound flaps : right, its KAren, i am sure tho[0m
[00:18] [0mWound flaps : or becky.[0m
[00:18] [0mSquirrel flaps : who's karen?[0m
[00:18] [0mWound flaps : internet karen from a few years back, it sher comeback[0m
[00:18] [0mLachlan flaps : jesus... eating from the head down. but why is the hornet turned away, seems[0m
[00:18] [0m                like a disadvantage.[0m
[00:18] [0mXiu flaps : imho the most amazing thing about murder hornets is that they're not (afaik) from[0m
[00:18] [0m            Australia.[0m
[00:19] [0mSquirrel flaps : you know the female praying mantis eats the male, just like spiders.[0m
[00:19] [0mWound flaps : all that burned.[0m
[00:19] [0mWound flaps : nog, guess the hornet was done then?[0m
[00:19] [0mLachlan flaps : hrm... a second video shows murder hornet killing a mantis.[0m
[00:20] [0mBabylon flaps : cuz austrialian bees eat murder hornets. hornets like nah, they cray down there,[0m
[00:20] [0m                we're going to america...[0m
[00:20] [0mWound flaps : chasing a migration.[0m
[00:20] [0mXiu flaps : heh yeah it could only be because australia has something even meaner[0m
[00:20] [0mSquirrel flaps : asain honey bees will surround the murder hornet and increase their body temp[0m
[00:20] [0m                 to kill the hornet[0m
[00:21] [0mWound flaps : or the recent fires, hornets are like dat'z all dedz, 'merka has fat ppl.[0m
[00:21] [0mXiu flaps : sounds like a delicacy. bee-cooked hornet. dipped in slave child tears and the[0m
[00:21] [0m            finest chocolate.[0m
[00:21] [0mLachlan flaps : lol... slave child tears[0m
[00:21] [0mWound flaps : umm, double dip mine![0m
[00:22] [0mSquirrel flaps : you talking dove chocolate or hersey?[0m
[00:22] [0mSquirrel flaps : or reeces[0m
[00:22] [0mWound flaps : something german...[0m
[00:22] [0mWound flaps : can you get the tears on the side, asking for a friend.[0m
[00:22] [0mLachlan flaps : I think you're missing a binding agent.. the tears would make it slippery for[0m
[00:22] [0m                the chocolate. Need to add the hyman of a virgin dear... or something just as[0m
[00:22] [0m                awkward and gross.[0m
[00:23] [0mXiu flaps : gross?! well no accounting for taste i guess.[0m
[00:23] [0mWound flaps : OR, dip in the tear afterwards, i want mine freshly dipped. (twice)[0m
[00:23] [0mSquirrel flaps : right, someone code the player tears brewery in chaos[0m
[00:23] [0mWound flaps : ^^^^[0m
[00:23] [0mSquirrel flaps : bottles of whining players tears if you get the keg you're scored[0m
[00:24] [0mLachlan flaps : lol[0m
[00:24] [0mWound flaps : laf[0m
[00:24] [0mZor flaps : doesn't need to be in Chaos![0m
[00:24] [0mXiu flaps : i should wiz and make that area then de-wiz and be a player again so it can truly be[0m
[00:24] [0m            player tears.[0m
[00:25] [0mSquirrel flaps : so if you put an area in town it won't count[0m
[00:26] [0mSquirrel flaps : minesweeper would be another good area idea, get flags at the entrance to mark[0m
[00:26] [0m                 bad entrances, the further you go in the area the more dangerous it gets.[0m
[00:26] [0m                 reward maybe you get an icotag[0m
[00:26] [0mZor flaps : because You died to the Monster that You created and thought You could kill ir![0m
[00:26] [0mXiu flaps : "you drink down the player tears, expecting a huge SP heal! it does nothing for you,[0m
[00:26] [0m            but on the bright side the tears you wept in disappointment have refilled the[0m
[00:26] [0m            glass!"[0m
[00:26] [0mWound flaps : and a medal.[0m
[00:27] [0mSquirrel flaps : you drink a keg of tears, you expected to find yourself to be able to endure[0m
[00:27] [0m                 more but yet you've drowned yourself in player tears.[0m
[00:31] [0mSquirrel flaps : right, the other area, the honey hive, there are bees inside the hive, until[0m
[00:31] [0m                 you find... dun dun dun the Murder Hornet![0m
[00:32] [0mXiu flaps : agro, hunts across the whole mud, hits around, 99 lives, class 2bn[0m
[00:33] [0mSquirrel flaps : kills newbies at the drop of a hat[0m
[00:33] [0mLachlan flaps : the only saviour is the all-mighty pen... Epi, that is.[0m
[00:33] [0mXiu flaps : murder hornet, thou art the new chuck norris.[0m
[00:36] [0m[37;1m[JEDI]:[0m Wennic Ber'ni'lok arrives at the Academy.[0m
[00:39] [0mStasis flaps : i'm not even sure how we survived the Africanized Killer Bee invasions of the[0m
[00:39] [0m               90s. But I believe humanity will also prevail against the Murder Hornet. And if[0m
[00:39] [0m               not, then may God have mercy on our souls.[0m
[00:39] [0mSquirrel flaps : need more praying mantis[0m
[00:39] [0mWound flaps : yep[0m
[00:39] [0mStasis flaps : according to wiki, manti are their preferred food though[0m
[00:40] [0mWound flaps : and geneticly alter them to be larger.[0m
[00:40] [0mWound flaps : boss housepet.[0m
[00:40] [0mStasis flaps : you're all drones working for the Hornets![0m
[00:40] [0mXiu flaps : giant manti... i see no way in which this plan could backfire[0m
[00:40] [0mWound flaps : keep them cat off your stoop, fosho.[0m
[00:41] [0mLachlan flaps : how the mobs in Silence were constructed - genetically modified manti[0m
[00:42] [0mWound flaps : nm, scratch that, had a starship trooper thought of zerk amounts if them attacking[0m
[00:42] [0m              something..[0m
[00:42] [0mXiu flaps : service guarantees citizenship![0m
[00:43] [0mXiu flaps : (pine box included free)[0m
[00:43] [0mLachlan flaps : service just guarantees a tip in my books[0m
[00:43] [0mMichael flaps : sign me up... oh wait did that already[0m
[00:43] [0mSquirrel flaps : right, pine box.[0m
[00:43] [0mPdog flaps : I love the smell of pine[0m
[00:43] [0mOmni flaps : The Larch.[0m
[00:55] [0m[35;1mWound [Jedi(45)]:[0m love when i type 'wimpy' to see what its set at, and it tells me about the[0m
[00:55] [0m                  help file.[0m
[00:56] [0m[35;1mWound [Jedi(45)]:[0m wonder how long its been that way :P[0m
[00:56] [0m[35;1mBurnaby [Jedi(72)]:[0m use sc to see wimpy setting[0m
[00:56] [0m[35;1mWound [Jedi(45)]:[0m didnt see it listed, so.[0m
[00:57] [0m[35;1mWound [Jedi(45)]:[0m <--- nowimpy[0m
[00:58] [0m[34;1mFik shouts:[0m playcult like you were part of mk ultra, but you got the electro shock instead of[0m
[00:58] [0m            lsd[0m
[01:01] [0m[34;1mXiu shouts:[0m you can't have any lsd unless you take your electroshock! how can you have any lsd[0m
[01:01] [0m            if you don't take your electroshock?![0m
[01:02] [0m[34;1mPdog shouts:[0m see the violence inherent in the system! see the violence inherent in the system![0m
[01:08] [0m[37;1m[JEDI]:[0m Bithoff Jonansaan arrives at the Academy.[0m
[01:17] [0mBaramore {Professions}: Hi ho, hi ho ... it's off to work I go.[0m
[01:18] [0mBaramore {Professions}: Question about transmuting.  Do we get more pxp for transmuting[0m
[01:18] [0m                        something that is closest to our transmute level?  Or does transmuting[0m
[01:18] [0m                        anything in the non-trivial range give us the same pxp?[0m
[01:19] [0mSquirrel {Professions}: as long as it's trivial[0m
[01:19] [0mSquirrel {Professions}: from min to max[0m
[01:19] [0mBaramore {Professions}: I know that when blacksmithing, for example, you get more cxp for[0m
[01:19] [0m                        forging the highest level items.[0m
[01:19] [0mSquirrel {Professions}: works the same for transmuting[0m
[01:20] [0mBaramore {Professions}: oh really?  So I should try to transmute the highest thing I can, then?[0m
[01:20] [0mSquirrel {Professions}: yeah[0m
[01:20] [0mXiu {Professions}: turn your spam up to 11 and it'd be easy to do some testing to see the[0m
[01:20] [0m                   differences[0m
[01:20] [0mBaramore {Professions}: Damn, I wish I knew that before. :)  Okay.[0m
[01:23] [0mBaramore {Professions}: Thanks for the suggestion about spammy.  There's no difference in pxp.[0m
[01:36] [0m[37;1m[JEDI]:[0m Herah Wylann arrives at the Academy.[0m
[01:57] [0mSquirrel flaps : priests can heal your guild points, mends mends mends.[0m
[01:57] [0mHooligan flaps : They can?  :P[0m
[01:57] [0mHooligan flaps : Shhh!  Don't tell everyone.  I need gp mend monopoly![0m
[02:02] [0m[35;1mWound [Jedi(45)]:[0m 46 day 4 hour 20 min combat age.[0m
[08:34] [0m[37;1m[JEDI]:[0m Tobias Kel'ach'nar arrives at the Academy.[0m
[08:47] [0m[33;1m[Clan] Saim :[0m @nix - u ever get a coon?[0m
[08:58] [0m[33;1m[Clan] Wesig :[0m anyone free for a rally ?[0m
[09:05] [0m[37;1m[JEDI]:[0m H'ssani C'talan arrives at the Academy.[0m
[09:07] [0mYour transmuter's stone bursts with 5 new colours![0m
[09:16] [0m[35;1mBurnaby [Jedi(72)]:[0m yo![0m
[09:31] [0m[37;1m[JEDI]:[0m Ylenic It'kla arrives at the Academy.[0m
[09:49] [0m[33;1m[Clan] Saim :[0m boots of the spirit seem to be the hard items to get...[0m
[10:02] [0m[35;1mHyuga [Jedi(97)]:[0m kill everyone at the pound, find dog, dog follow[0m
[10:04] [0mNauda flaps : zombie reset in a few[0m
[10:04] [0m[37;1m[JEDI]:[0m Herah Wylann arrives at the Academy.[0m
[10:09] [0m[35;1mBurnaby [Jedi(72)]:[0m can you drop lesser force shield manually or do you just need to wait for it[0m
[10:09] [0m                    to expire?[0m
[10:09] [0m[35;1mSaim [Jedi(Elder)]:[0m just wait, it only costs force/conc in combat[0m
[10:09] [0m[35;1mSaim [Jedi(Elder)]:[0m and when it goes up[0m
[10:10] [0m[35;1mInquisitor [Jedi(Knight)]:[0m All righty then.  Demondim animals for the coffin, and then[0m
[10:10] [0m                           conventional gxp.[0m
[10:10] [0m[37;1mOmni <.oO>:[0m welcome![0m
[10:11] [0m[34;1mSpace shouts:[0m cheers[0m
[10:11] [0m[35;1mInquisitor [Jedi(Knight)]:[0m The corpses are so I can feed the dog, it's not for like, energy.[0m
[10:12] [0m[35;1mSaim [Jedi(Elder)]:[0m put some pb gear in, not sure ppl even use the armouy anymore[0m
[10:16] [0mYour transmuter's stone bursts with 3 new colours![0m
[10:18] [0m[35;1mInquisitor [Jedi(Knight)]:[0m Somewhere I remember seeing that we're not supposed to go linkdead[0m
[10:18] [0m                           with armory gear.[0m
[10:19] [0m[35;1mBurnaby [Jedi(72)]:[0m probably because it affects your armory status if the gear gets[0m
[10:19] [0m                    disposed/sold[0m
[10:19] [0m[34;1mTony shouts:[0m not like dis!![0m
[10:19] [0m[35;1mInquisitor [Jedi(Knight)]:[0m If that's the case, it would make the armory somewhat obsolete given[0m
[10:19] [0m                           the current bulk style of play.[0m
[10:19] [0m[35;1mInquisitor [Jedi(Knight)]:[0m I got near 20k in armory donations.  A ring isn't going to break the[0m
[10:19] [0m                           bank.  :)[0m
[10:19] [0m[35;1mInquisitor [Jedi(Knight)]:[0m As a newb though, it would be a hindrance.[0m
[10:29] [0m[35;1mSimonz [Jedi(Knight)]:[0m back to the convo last night about scripting the client, I've got the[0m
[10:29] [0m                       number of power cells smuggled in my backpack listed on my hpbar, along[0m
[10:29] [0m                       with whether there's one in my inventory or not.  I also have the number[0m
[10:29] [0m                       of combat rounds on the current mob, and my fdef proc rate.  that's the[0m
[10:29] [0m                       kind of fun things you can do when you script your client[0m
[10:29] [0m[35;1mBurnaby [Jedi(72)]:[0m yeah but can your client see why kids love the taste of cinnamon toast[0m
[10:29] [0m                    crunch?[0m
[10:30] [0m[35;1mInquisitor [Jedi(Knight)]:[0m If they don't already know how awesome cinnamon toast crunch is[0m
[10:30] [0m                           they're probably communists and you'd have  no reason to do business[0m
[10:30] [0m                           with them.[0m
[10:30] [0m[35;1mSimonz [Jedi(Knight)]:[0m ...duh?[0m
[10:30] [0m[35;1mSimonz [Jedi(Knight)]:[0m w/l[0m
[10:31] [0m[35;1mHyuga [Jedi(97)]:[0m my hp bar just has my gilgalal rating and thats it[0m
[10:31] [0m[35;1mHyuga [Jedi(97)]:[0m thats all i need to know[0m
[10:31] [0m[35;1mSimonz [Jedi(Knight)]:[0m laf, what does that even mean?[0m
[10:31] [0m[35;1mBurnaby [Jedi(72)]:[0m dont forget to purchase evaluation and capture the monsters damage type[0m
[10:31] [0m                    based on ansi color[0m
[10:32] [0m[35;1mHyuga [Jedi(97)]:[0m i dunno, whats yours?[0m
[10:32] [0m[35;1mSimonz [Jedi(Knight)]:[0m I'd love for someone to purchase vaf's for me[0m
[10:32] [0m[35;1mSimonz [Jedi(Knight)]:[0m mine is 11[0m
[10:32] [0m[35;1mBurnaby [Jedi(72)]:[0m and trigger emet and rpoison on ice and poison[0m
[10:32] [0m[35;1mHyuga [Jedi(97)]:[0m whats your fdef[0m
[10:32] [0m[35;1mSimonz [Jedi(Knight)]:[0m oh, 12[0m
[10:32] [0m[35;1mSimonz [Jedi(Knight)]:[0m so it's fdef lol[0m
[10:32] [0m[35;1mHyuga [Jedi(97)]:[0m i was thinking gr was fdef[0m
[10:32] [0m[35;1mInquisitor [Jedi(Knight)]:[0m I'm stuck in Spinal Tap mode.[0m
[10:32] [0m[35;1mSimonz [Jedi(Knight)]:[0m it was 11 last I looked, but now it's 12, and I just got fdef 12[0m
[10:32] [0m[35;1mInquisitor [Jedi(Knight)]:[0m I'm trying to turn mine back up to 11.[0m
[10:32] [0m[35;1mHyuga [Jedi(97)]:[0m if yours matches then thats what it is[0m
[10:33] [0m[35;1mHyuga [Jedi(97)]:[0m woo we solved it[0m
[10:33] [0m[35;1mSimonz [Jedi(Knight)]:[0m mystery solved![0m
[10:33] [0m[37;1m[JEDI]:[0m Kerran Halcyon arrives at the Academy.[0m
[10:37] [0m[33;1m[Clan] Oscar :[0m Ok, pumped the price I think enough[0m
[10:46] [0m[34;1mShenanigans shouts:[0m Witness me!!![0m
[10:46] [0m[34;1mSpace shouts:[0m are you kelly mcgillus from the 80s? no, then meh[0m
[10:48] [0m[34;1mAdalius shouts:[0m I'm just excited to see my lord and savior Baphomet represented in such glorious[0m
[10:48] [0m                Italian stone. I do hope his eyes gaze upon me and that my allegiance is[0m
[10:48] [0m                recognized.... I dunno. Notice me senpai, notice me.[0m
[10:49] [0m[34;1mTex shouts:[0m solution to everything build a wall around it![0m
[10:50] [0m[34;1mSimonz shouts:[0m crolack gets a taste of his own moodecine[0m
[10:51] [0m[35;1mSimonz [Jedi(Knight)]:[0m sup sorin[0m
[10:51] [0m[35;1mSorin [Jedi(17)]:[0m hey guys[0m
[10:51] [0m[35;1mSaim [Jedi(Elder)]:[0m heyo[0m
[10:55] [0m[35;1mInquisitor [Jedi(Knight)]:[0m Hmm.  96% of the way to blacksmith 85.  I should...  not bother with[0m
[10:55] [0m                           it right now because I can't mine the next material yet anyway.[0m
[10:56] [0m[35;1mMichael [Jedi(41)]:[0m but you can gxp in mines at least[0m
[10:56] [0m[35;1mInquisitor [Jedi(Knight)]:[0m Sort of.  The level where I mine the critters are only about 120k[0m
[10:56] [0m[35;1mInquisitor [Jedi(Knight)]:[0m It works for snap shot but not so much for aimed.[0m
[10:57] [0m[35;1mInquisitor [Jedi(Knight)]:[0m I don't know how big the beholders are in the deepest mine level.[0m
[10:57] [0m[35;1mInquisitor [Jedi(Knight)]:[0m Memory tells me, second hand anyway, that they're around class 600k[0m
[10:57] [0m                           but should probably be a million?[0m
[10:57] [0m[35;1mInquisitor [Jedi(Knight)]:[0m I dunno.[0m
[10:58] [0m[37;1m[JEDI]:[0m Talia Ska arrives at the Academy.[0m
[10:58] [0m[35;1mInquisitor [Jedi(Knight)]:[0m I could go fight one to see but that's technically mine abuse[0m
[10:58] [0m                           according to crafting rules.[0m
[11:05] [0mZachitnik {Professions}: Does anything improve with Transmuter skill?[0m
[11:05] [0mInquisitor {Professions}: You can transmute higher level items?  But if you mean ratio, not that[0m
[11:05] [0m                          I know of.[0m
[11:06] [0mAl {Professions}: only thing i want from it is to transmute bigtime eq.  but i'm a slow slacker[0m
[11:06] [0mSimonz {Professions}: the crafting mats you can transmute changes, higher level stuff opens up[0m
[11:07] [0mModrack {Professions}: transmute works based on AC, I think. so your level of transmuter[0m
[11:07] [0m                       directly translates into a maximum AC range of a piece of gear you can[0m
[11:07] [0m                       transmute. lower transmuter can only transmute items with relatively low[0m
[11:07] [0m                       AC levels, and higher can do higher.[0m
[11:07] [0mInquisitor {Professions}: Or WC.  Some of us do get asked to transmute swords.[0m
[11:07] [0mInquisitor {Professions}: Well, weapons.  Not inherently swords.  You know what I meant. [0m
[11:07] [0m                          Probably.[0m
[11:07] [0mZachitnik {Professions}: Thank you[0m
[11:16] [0mYour transmuter's stone bursts with 3 new colours![0m
[11:25] [0m[37;1m[JEDI]:[0m Reena Bel Noir arrives at the Academy.[0m
[11:26] [0m[34;1mZor shouts:[0m stop killing the cows there's going to be no more milk![0m
[11:28] [0mPrismal flaps : laf[0m
[11:28] [0mSimonz flaps : hahaha[0m
[11:34] [0m[34;1mSpace shouts:[0m Death Cow disposed. You feel refreshed after your good deed.[0m
[11:34] [0m[34;1mSpace shouts:[0m Death Cow disposed. You feel refreshed after your good deed.[0m
[11:35] [0m[34;1mBahram shouts:[0m lol![0m
[11:35] [0m[34;1mAlazar shouts:[0m It's raining cows![0m
[11:36] [0m[34;1mSpace shouts:[0m Death Cow disposed. You feel refreshed after your good deed.[0m
[11:40] [0m[34;1mSpace shouts:[0m Death Cow disposed. You feel refreshed after your good deed.[0m
[11:41] [0m[34;1mSpace shouts:[0m Death Cow disposed. You feel refreshed after your good deed.[0m
[11:41] [0mPrismal flaps : Space, do you still feel the need to announce your disposal even with the advent[0m
[11:41] [0m                of cowshield?[0m
[11:41] [0mAl flaps : I AM THE SHIELD THAT STOPS COWS IN THE NIGHT. I AM.......... COWSHIELD![0m
[11:42] [0mSpace flaps : yes[0m
[11:42] [0mSpace flaps : i find it more fun[0m
[11:42] [0m[34;1mSpace shouts:[0m Death Cow disposed. You feel refreshed after your good deed.[0m
[11:42] [0mSpace flaps : its like get that cow out of my inventory![0m
[11:42] [0mPrettypony flaps : it is sorta similar to just kicking it i guess[0m
[11:43] [0mPrismal flaps : you could just as easily code a trigger to just punt it back to the person that[0m
[11:43] [0m                sent it to you, would accomplish the same thing[0m
[11:43] [0mSpace flaps : no[0m
[11:43] [0mSpace flaps : i want to destroy it[0m
[11:43] [0m[34;1mSpace shouts:[0m Death Cow disposed. You feel refreshed after your good deed.[0m
[11:43] [0mPdog flaps : ya but thats less dickisg[0m
[11:44] [0mPrismal flaps : some people just want to wath the world burn[0m
[11:44] [0mSimonz flaps : and some want to be the person to set it on fire[0m
[11:44] [0mPrismal flaps : laf, I'm up to 3 cows now[0m
[11:44] [0mSimonz flaps : I still haven't gotten one, heh[0m
[11:44] [0mSpace flaps : i dont want the world to burn, but i do want the beef to burn and make a crispy, 0[0m
[11:44] [0m              pink/blood steak :p[0m
[11:45] [0mAlazar flaps : that is not steak[0m
[11:45] [0mElindal flaps : you heathen! no one eats a steak without it being medium or less![0m
[11:45] [0mPrismal flaps : wait, when you say 0 pink you don't mean like well done do you? because that's[0m
[11:45] [0m                just gross[0m
[11:45] [0mSimonz flaps : gotta agree with space[0m
[11:45] [0mAlazar flaps : may as well close your eyes and eat a piece of cardboard[0m
[11:45] [0mElindal flaps : both of you are sick individuals.[0m
[11:46] [0mSpace flaps : when i order steak at the restaurant my precise words are, extra well done, if you[0m
[11:46] [0m              burn it i wont complain, if these is any shade of pink i am sending it back[0m
[11:46] [0mPdog flaps : wait... people cook steak?[0m
[11:46] [0mAlazar flaps : if it ain't mooing i ain't chewin[0m
[11:46] [0m[34;1mTex shouts:[0m enough with the cow[0m
[11:46] [0mAl flaps : heresy[0m
[11:46] [0m[34;1mTuba shouts:[0m cows![0m
[11:47] [0mAl flaps : alazar knows wassup[0m
[11:47] [0mPrismal flaps : what is even the point of having steak after that? you might as well just eat[0m
[11:47] [0m                some shoe leather[0m
[11:47] [0mPdog flaps : if anyone ever made me cook a steak like that i would drop it on the floor first[0m
[11:47] [0m             and serve it with a bottle of ketchup[0m
[11:47] [0mAlazar flaps : save the cow for the rest of us, eat a vegan burger[0m
[11:48] [0mPrismal flaps : don't get me wrong, rare isn't my bag either, but a medium rare or medium rare+[0m
[11:48] [0m                depending on the cut[0m
[11:48] [0mAl flaps : "I'd like whatever was leftover from the last unsatisfied order, please?"[0m
[11:48] [0mAl flaps : that's what chefs hear when they hear 'well done'[0m
[11:48] [0mSpace flaps : whats the point of cooking? might as well bite into meat at he supermarket[0m
[11:48] [0mAlazar flaps : beef tartare yummmm[0m
[11:49] [0mSylph flaps : just gotta flash off the bacteria from the surface - then its gtg[0m
[11:49] [0mPrismal flaps : because cooking it, in the right amount, makes it yummy? over cooking it makes[0m
[11:49] [0m                it not yummy[0m
[11:49] [0mOmni flaps : 1 inch thick 'berta top sirloin, let sit 15min until room temp, salt and pepper[0m
[11:49] [0m             heavily, grill at 400, flipping every minute, let sit 2 minutes, down the hatch.[0m
[11:49] [0mMalfean flaps : I used to eat steak well done, and never understood why people were so into it.[0m
[11:49] [0m                Once I learned to appreciate rare(got someone else's order in low lights and[0m
[11:49] [0m                couldn't figure out why it was so good, lol) I understood.[0m
[11:49] [0mAl flaps : cook it for the maillard reaction[0m
[11:49] [0mSpace flaps : to you perhaps prismal[0m
[11:50] [0mSylph flaps : i'm with Omni[0m
[11:50] [0mAl flaps : that's all you need--maillard reaction + a warm moist interior[0m
[11:50] [0mTurnhold flaps : flip twice, for those good grill marks.[0m
[11:50] [0mAl flaps : if you're going to eat overcooked steak, get a steak burrito[0m
[11:51] [0mSpace flaps : do note, i dont eat western style of steak, there are places other than drumpfland[0m
[11:51] [0m              and europe you know? where steaks are prepared with spices etc ;) and also i[0m
[11:51] [0m              simply cant put a piece of under cooked meat in my mouth, unless i wish to make[0m
[11:51] [0m              myself puke[0m
[11:51] [0mAl flaps : i used to say the same thing about the ladies, then i grew up[0m
[11:53] [0mAlazar flaps : you call it under cooked, the rest of the world calls it cooked to perfection[0m
[11:53] [0mPdog flaps : ya you can masque the flavor of overcooked beef with spices... but thats a holdover[0m
[11:53] [0m             from when meat was rancid[0m
[11:53] [0mPdog flaps : we live in the modern era[0m
[11:53] [0mSpace flaps : again 500m people dont make the freakin world[0m
[11:53] [0mSpace flaps : get out of drumpfland for 5 sec read, get some education inn  your system[0m
[11:53] [0mAl flaps : you and old donnie eat your steaks the same way[0m
[11:54] [0mAl flaps : that's whats heartbreaking here[0m
[11:54] [0mAl flaps : you just don't use ketchup[0m
[11:54] [0mOmni flaps : masque! oo fancy *sips tea with pinky extended*[0m
[11:55] [0mPdog flaps : ya like that statement is the essence of ignorance space[0m
[11:55] [0mTurnhold flaps : Well, since we all live in the USA, we're all ignorant?[0m
[11:55] [0mSpace flaps : its how i answer ignorant people who consider america+eu = the rest of the world[0m
[11:55] [0mPdog flaps : i guess so laf[0m
[11:55] [0mAl flaps : i can definitely say that as an american i am, in fact, ignorant[0m
[11:55] [0mBabylon flaps : Right? we don't need the EU.[0m
[11:56] [0mOmni flaps : he didn't mean indigent al.[0m
[11:56] [0mSpace flaps : india is 20% if worlds population majority vegetarians, how many are you western[0m
[11:56] [0m              whites?[0m
[11:56] [0m[35;1mAl [Jedi(38)]:[0m laf, i hit the gxp cap on arachnus[0m
[11:56] [0mSpace flaps : rest of the freakin world[0m
[11:56] [0mAlazar flaps : i grew up cooking vietnamese style and never once was i told to burn my meat to[0m
[11:56] [0m               make it taste good, no matter how i seasoned it[0m
[11:56] [0m[34;1mHex shouts:[0m next you're going to tell us the world isn't flat![0m
[11:56] [0mTurnhold flaps : I mean, I'm a little slow sometimes, but I don't think i'm ignorant. BUT, I[0m
[11:56] [0m                 might be ignorant to the fact that I am actually ignorant...[0m
[11:56] [0m[35;1mMichael [Jedi(41)]:[0m UG Al?[0m
[11:56] [0mSaim flaps : i think they meant europe and US make up 90% of the weight of the world[0m
[11:56] [0mOmni flaps : is it possible to be ignorant and self aware? I think so[0m
[11:57] [0mSylph flaps : a lot of people don't know what they don't know...[0m
[11:57] [0mOmni flaps : "I don't know what your fancy letters, and books say, and I don't want to know"[0m
[11:57] [0m[35;1mAl [Jedi(38)]:[0m valor in armour[0m
[11:57] [0m[35;1mAl [Jedi(38)]:[0m valor in armoury[0m
[11:57] [0m[37;1m[JEDI]:[0m Alyssa K'tal arrives at the Academy.[0m
[11:57] [0m[34;1mHex shouts:[0m what was the quote....."Everybody is ignorant, only on different subjects."[0m
[11:57] [0mSimonz flaps : it's sad how people treat something that is so obviously objective so seriously. [0m
[11:57] [0m               You like it the way you like it, others like it the way they like it.  it's the[0m
[11:57] [0m               height of idiocy to think otherwise[0m
[11:57] [0mTurnhold flaps : But, if I don't know WHAT I don't know, how do I know if I know it or don't[0m
[11:57] [0m                 know it?"[0m
[11:57] [0mSylph flaps : and then there are people who think they know, but don't know that they actually[0m
[11:57] [0m              don't know...[0m
[11:57] [0mGaidin flaps : That's subjective.[0m
[11:58] [0mAlazar flaps : yes i live in america, but that's not to say my cooking is american by any means[0m
[11:58] [0mSimonz flaps : err, subjective, not objective[0m
[11:58] [0mTuba flaps : the unknown unknowns[0m
[11:58] [0mTurnhold flaps : *head 'splode*[0m
[11:58] [0mSimonz flaps : sorry, heh[0m
[11:58] [0mSaim flaps : Cause if TH didnt know, now he know[0m
[11:58] [0mHex flaps : mmmm dunning kruger effect is strong[0m
[11:58] [0mOmni flaps : i mean, the more you learn about, the more you realize how much you don't know, and[0m
[11:58] [0m             won't ever learn there's too much and too few years in life.[0m
[11:58] [0mSpace flaps : i simply said "perhaps to you" to prismal which = to each their own, then i was[0m
[11:58] [0m              fed "rest of the world" bullshit[0m
[11:58] [0mTurnhold flaps : easy there turbo.[0m
[11:58] [0mTurnhold flaps : dont get all pantytwisted.[0m
[11:59] [0mOmni flaps : don't kink shame, I like pantytwisting[0m
[11:59] [0mTurnhold flaps : we're having a nice conversation here.[0m
[11:59] [0mTuba flaps : because you have the things you know, the things you know you know, the things you[0m
[11:59] [0m             don't know you know (maybe?), the things you know you don't know, and the things[0m
[11:59] [0m             you don't know that you don't know.  My head is hurting now[0m
[11:59] [0mPdog flaps : the rest of the world is full of people, who... some like their beef correctly, and[0m
[11:59] [0m             some are just wrong :)[0m
[11:59] [0mAdalius flaps : We have a pol line, do I now need to make a steak line?[0m
[11:59] [0mSylph flaps : problem with that is that there are so many people who know they know, but[0m
[11:59] [0m              actually don't know what they think they know, ya know?[0m
[11:59] [0mPdog flaps : yes[0m
[11:59] [0mOmni flaps : known unknows, and unknown unknowns. ol' cheney[0m
[12:00] [0m[34;1mTurnhold shouts:[0m medium rare steak time![0m
[12:00] [0mAsher flaps : needs more maple syrup...[0m
[12:00] [0mSaim flaps : what i do know is.... you STOLE fizzy lifting drink, and now the ceiling has to[0m
[12:00] [0m             WASHED and STERILIZED!![0m
[12:00] [0mBaramore flaps : Sometimes, blissful ignorance is the way to be.[0m
[12:00] [0mSylph flaps : aww, got so excited there!!!:P[0m
[12:00] [0mOmni flaps : tease! There is no reason to 'steakchat' here.[0m
[12:00] [0mTurnhold flaps : steakchat woo! -> There is no reason to 'steakchat' here. :(((([0m
[12:01] [0mSylph flaps : if we have a steakchat, we'd also need a chilichat[0m
[12:01] [0mHex flaps : is that the vampire line? stakechat?[0m
[12:01] [0mSylph flaps : cuz.. chili...[0m
[12:01] [0mTurnhold flaps : mmmm, chili[0m
[12:01] [0mOmni flaps : that's bitechat[0m
[12:01] [0mPdog flaps : Pdog (rare) steakchats: Mmm butter![0m
[12:01] [0mMalfean flaps : we gonna have the bean argument?[0m
[12:01] [0mOmni flaps : or the harder to use icometosuckyourbloodchat[0m
[12:01] [0mSylph flaps : i'm gonna say - + on beans[0m
[12:02] [0m[35;1mAl [Jedi(38)]:[0m didn't realize there was a round cap on mobs, lol[0m
[12:02] [0m[35;1mAl [Jedi(38)]:[0m arachnus + flurry[0m
[12:02] [0mHex flaps : I like the oldmanrant line the best[0m
[12:02] [0mAl flaps : onto more important things--steakchat[0m
[12:03] [0mAl flaps : can i haz steakchat line pleez[0m
[12:03] [0mTurnhold flaps : i can upgrade bards, or I can code a steakchat line.[0m
[12:03] [0mOmni flaps : pangolin and bat gumbo, coming right up[0m
[12:03] [0mSylph flaps : steakchat line[0m
[12:03] [0mAl flaps : upgrade bards?![0m
[12:03] [0mPdog flaps : steakchat bet idea of 2020[0m
[12:03] [0mBaramore flaps : steakchat it is.[0m
[12:03] [0mAl flaps : sidegrade bards, update steakchat[0m
[12:04] Space flaps : oo autoloading redaxe and auro shield in their gobj ?[0m
[12:04] [0mAl flaps : laf[0m
[12:04] [0mSylph flaps : do hellcows drop steaks?[0m
[12:04] [0mAl flaps : sadly, they're well done[0m
[12:04] [0mOmni flaps : um, if you butcher them with survival they do[0m
[12:04] [0mMalfean flaps : it's a rare drop :D[0m
[12:05] [0mHex flaps : in honor of tiger king, tiger pets need to be added puppy mill[0m
[12:06] [0mEli flaps : oh man.. that announcement mademy day. What does it even mean[0m
[12:06] [0m            when your mud has reached a point that it has a command called[0m
[12:06] [0m            cowshield hahha[0m
[12:06] [0mOmni flaps : an abundance of airborne cows I guess[0m
[12:06] [0mEli flaps : I just want a T-shirt that says cowshield on it[0m
[12:07] [0mOmni flaps : [Steakchat Omni]: there we go, perfect.[0m
[12:08] [0mFik flaps : why just steak? why not a meatline?[0m
[12:08] [0mVoodoo flaps : SMEAT![0m
[12:08] [0mAl flaps : (redder the better) : good idea[0m
[12:08] [0mHex flaps : is spam a meat?[0m
[12:08] [0mInquisitor flaps : Sort of?[0m
[12:09] [0mOmni flaps : [Smeatchat Omni]: some large % is... probably.[0m
[12:09] [0mHex flaps : cause it'd be sad to have spam in a meat line[0m
[12:09] [0mAl flaps : [The Redder, the Better] : -h[0m
[12:09] [0mAl flaps : [The Redder, the Better] : cackle[0m
[12:09] [0mElindal flaps : flame kissed and still moo-ing[0m
[12:10] [0mTurnhold flaps : Wisconson has the nastiest thing I ever heard of.[0m
[12:10] [0mTurnhold flaps : have Adalius tell you about it sometime.[0m
[12:10] [0mAl flaps : [The Redder, the Better] : like firemen were *just* too late in[0m
[12:10] [0m           rescuing them from that burning building[0m
[12:10] [0mAl flaps : [The Redder, the Better] : -h[0m
[12:10] [0mSylph flaps : steakchat it is![0m
[12:11] [0mOmni flaps : [Smeatchat Omni]: laziness? ineptitude.[0m
[12:12] [0mDangerzone flaps : nope![0m
[12:15] [0mTurnhold flaps : wow[0m
[12:15] [0mPdog flaps : [Cook it well, go to Hell]: hmm bards did better than i[0m
[12:15] [0m             expected[0m
[12:15] [0mTurnhold flaps : 42% bard work, 57% steakchat[0m
[12:16] [0mSylph flaps : nod, and i'm in bard object and still voted steakchat[0m
[12:18] [0mPdog flaps : new bard song, steak for chicken by the moldy peaches[0m
[12:18] [0mPdog flaps : one of my alltime favorite songs[0m
[12:19] [0mTurnhold flaps : on a side note, this steak convo literally  happened at my[0m
[12:19] [0m                 house IRL sunday, because my 19 year old son only eats his[0m
[12:19] [0m                 steaks "well", which means burnt, which means he should[0m
[12:19] [0m                 have HAD CHICKEN.[0m
[12:19] [0mElindal flaps : how about Kitty by PoTUS. Make you randomly punt kittens to[0m
[12:19] [0m                random mud people[0m
[12:19] [0mPdog flaps : see its a sign[0m
[12:19] [0m[Clan] Wesig : people seem feisty today ... or i'm just paying more[0m
[12:19] [0m               attention then i normally do.[0m
[12:19] [0mPdog flaps : steak for chicken[0m
[12:19] [0mOmni flaps : [SteakChat Omni]: ugh[0m
[12:19] [0mSylph flaps : that just means u failed as a parent TH:( sorry[0m
[12:19] [0mFik flaps : there exists a steak that has no red and is not burnt, but most[0m
[12:19] [0m            ppl cant hit it[0m
[12:19] [0mPrettypony flaps : look, you try to raise them right, but sometimes[0m
[12:20] [0mTurnhold flaps : he also refuses to play 3k.[0m
[12:20] [0mTurnhold flaps : the other son loves 3k.[0m
[12:20] [0mElindal flaps : disown him. quick[0m
[12:20] [0mSylph flaps : u sure he is yours?[0m
[12:20] [0mTurnhold flaps : and loves medium rare steak[0m
[12:20] [0mSylph flaps : does he look anything like Al?[0m
[12:20] [0mElindal flaps : yup, mailman's kid. get rid of him quick.[0m
[12:20] [0mFik flaps : nothin wrong with no red[0m
[12:21] [0mElindal flaps : theres everything wrong with no red fik[0m
[12:21] [0mOmni flaps : [SteakChat Omni {Rare is Right}]: nog, it should bleed a[0m
[12:21] [0m             little.[0m
[12:21] [0mPdog flaps : [Cook it well, go to Hell]: amen[0m
[12:21] [0mBruce flaps : steak should be still moo'ing and quivering on the plate[0m
[12:22] [0mTurnhold flaps : no, dont need it moo'ing at me. thats horrible.[0m
[12:22] [0mSpace flaps : ok my division break is over, i wont bother u guys anymore,[0m
[12:22] [0m              eat away uncooked beef its good for you![0m
[12:22] [0mBruce flaps : mooooooooo[0m
[12:22] [0mElindal flaps : if it aint mooing, i ain't chewing.[0m
[12:22] [0mAl flaps : [Dare to be Rare!] : the redder, the better[0m
[12:22] [0mAl flaps : [Dare to be Rare!] : just try it space[0m
[12:22] [0mBruce flaps : i want to see the arteries pumping blood as i chew into it[0m
[12:22] [0mAl flaps : [Dare to be Rare!] : even if you work down --'medium well', then[0m
[12:22] [0m           'medium', etc[0m
[12:23] [0mSpace flaps : no chance, no way, physical reaction, i will/have puked after[0m
[12:23] [0m              1 bite at a friends bbq, yuck[0m
[12:23] [0mElindal flaps : look like tom green from freddy got fingered[0m
[12:23] [0mFik flaps : lets talk about grasshoppers, the new meat[0m
[12:24] [0mOmni flaps : [SteakChat{Rare is Right}]: just feed the grasshopper meal to[0m
[12:24] [0m             the chickens[0m
[12:24] [0mAl flaps : [Dare to be Rare!] : go to a good place, even if it was michelin[0m
[12:24] [0m           starred or something[0m
[12:25] [0mAl flaps : embiggened, i can tank one[0m
[12:30] [0mFik flaps : bugs are apparently the meat of the future, easier to produce[0m
[12:30] [0mOmni flaps : [SteakChat{Rare is Right}]: feed them to the livestock[0m
[12:31] [0m[32mArmadillo says: [0mTractor trailer trucks should be outlawed![0m
[12:31] [0mFik flaps : trust me, id want chicken till the end, but you cant argue with[0m
[12:31] [0m            maths[0m
[12:31] [0mOmni flaps : [SteakChat{Rare is Right}]: I mean, birds do well on insect[0m
[12:31] [0m             meals[0m
[12:33] [0mPrismal flaps : they both quit because bards, and I don't see them coming[0m
[12:33] [0m                back[0m
[12:37] [0m[32mNix tells you:[0m *arms flailing* stopbotstopbotstopbot[0m
[12:37] [0m[34;1mFik shouts:[0m hide yer bots![0m
[12:37] [0m[34;1mNauda shouts:[0m bot lives matter![0m
[12:38] [0m[34;1mBahram shouts:[0m I AM NOMAD S-T-E-R-I-L-I-Z-E[0m
[12:38] [0m[34;1mTex shouts:[0m do mind im idle botting here[0m
[12:39] [0m[34;1mDangerzone shouts:[0m gotta sanitize keyboard each command[0m
[12:40] [0m[34;1mOmni shouts:[0m directions unclear, now I have bleach pouring out of my laptop[0m
[12:40] [0m[34;1mPrismal shouts:[0m still better than what usually seems to happen when the[0m
[12:40] [0m                directions are unclear[0m
[12:42] [0m[34;1mFik shouts:[0m Bots are just like people. Most of them are good, but some have[0m
[12:42] [0m            been changed by circumstance.[0m
[12:47] [0m[32mKerym says: [0mWell met, Swordbrother Dangerzone, May the Seldarine's Blessings be upon you.[0m
[12:51] [0m[34;1mZor shouts:[0m stop licking that it's acid![0m
[12:52] [0m[34;1mKikipopo shouts:[0m Gimme[0m
[12:57] [0m[34;1mSpace shouts:[0m Death Cow disposed. You feel refreshed after your good deed.[0m
[12:57] [0m[34;1mSpace shouts:[0m Death Cow disposed. You feel refreshed after your good deed.[0m
[12:58] [0m[34;1mElindal shouts:[0m Frank the Shank![0m
[13:00] [0m[34;1mSpaceghost shouts:[0m woonsocket, is sooooo lame[0m
[13:15] [0mEli flaps : Spaceghost has mastered the five magics[0m
[13:16] [0mSpaceghost flaps : I dance like a woman, if she were a man![0m
[13:17] [0mNauda flaps : I can't dance, I can't talk, Only thing about me is the way I[0m
[13:17] [0m              bot[0m
[13:17] [0mSquirrel flaps : you can dance like you want to....[0m
[13:18] [0m[34;1mSpace shouts:[0m Death Cow disposed. You feel refreshed after your good deed.[0m
[13:19] [0m[34;1mVasha shouts:[0m Death Cow needs a moderate % chance to pull you into the[0m
[13:19] [0m              disposal void with it.[0m
[13:20] [0m[34;1mNauda shouts:[0m What is this disposal void, tell me more[0m
[13:20] [0m[34;1mBarian shouts:[0m the disposed cow is brought to you by the letter S[0m
[13:21] [0m[34;1mVasha shouts:[0m I'd consider it a self-inflicted dest.  Lost gear and all. ;)[0m
[13:26] [0mnewb Fronchan [Newbie]: help[0m
[13:26] [0mnewb Squirrel [priest/131]: hi[0m
[13:26] [0mnewb Disruptor [jedi/131]: Hey, welcome to 3k[0m
[13:27] [0mnewb Fronchan [Newbie]: what's wrong with vilager in first locacion[0m
[13:27] [0mnewb Fronchan [Newbie]: stuck here[0m
[13:27] [0mnewb Squirrel [priest/131]: you have to talk to the guy that's there[0m
[13:27] [0mnewb Squirrel [priest/131]: say hi, help, etc pretty much gets you started[0m
[13:27] [0mnewb Fronchan [Newbie]: yes, but about what?[0m
[13:28] [0mnewb Squirrel [priest/131]: well, most npcs respond to 'nouns' in the game.[0m
[13:28] [0mnewb Squirrel [priest/131]: you might need a newbie pendant[0m
[13:31] [0mnewb Squirrel [priest/131]: did that help any?[0m
[13:32] [0mnewb Spaceghost [gentech/15]: say leave[0m
[13:32] [0mnewb Spaceghost [gentech/15]: then say yes a lot and then nod[0m
[13:32] [0mnewb Spaceghost [gentech/15]: he'll give you a pendant, rub it, it'll give[0m
[13:32] [0m                              you a teleport command to leave that silly[0m
[13:32] [0m                              prison[0m
[13:33] [0mnewb Daagar [changeling/50]: The only way out is _with_ the pendent[0m
[13:33] [0m                             teleport, too. Even though he says he'll let[0m
[13:33] [0m                             you leave via the exit.[0m
[13:34] [0mnewb Fronchan [Newbie]: works, thank for help[0m
[13:37] [0m[Clan] Martyr : anyone got spare gloves/boots?[0m
[13:37] [0m[Clan] Martyr : or rings[0m
[13:37] [0m[Clan] Saim : clan box has gloves[0m
[13:38] [0mnewb Daagar [changeling/50]: Hooray! Another new player that might not quit[0m
[13:38] [0m                             because they couldn't leave the first few[0m
[13:38] [0m                             rooms![0m
[13:38] [0mnewb Spaceghost [gentech/15]: yeah, not sure why it's a prison now with a[0m
[13:38] [0m                              npc that asks you not once, not twice, but 3[0m
[13:38] [0m                              times ifyou're sure-sure-sure you wanna leave.[0m
[13:38] [0m                              ick[0m
[13:39] [0m[Clan] Rebar leaves the game.  [0m
[13:39] [0mnewb One [elemental/90]: i appreciate the effort, but that area sucks[0m
[13:39] [0mnewb Gaidin [changeling/132]: Frankly, we probably just need something like[0m
[13:39] [0m                              an good old-fashioned Mud School.[0m
[13:41] [0mnewb One [elemental/90]: i always thought it'd be cool to have newbie mobs[0m
[13:41] [0m                         that are based on the guilds.  The 2 big draws of[0m
[13:41] [0m                         3k, in my mind, are the depth of areas/pure[0m
[13:41] [0m                         roomcount and the unique guilds.  Give new players[0m
[13:41] [0m                         a taste of just how interesting the guilds are and[0m
[13:41] [0m                         they're more likely to stay[0m
[13:41] [0mnewb Spaceghost [gentech/15]: that's a pretty good idea..[0m
[13:42] [0mnewb Saim [jedi/136]: 3K should obviously start with you waking up in a[0m
[13:42] [0m                      wooden cart with your hands tied, and someone asking[0m
[13:42] [0m                      what your name is stranger[0m
[13:42] [0mnewb One [elemental/90]: hah[0m
[13:43] [0mnewb Pdog [fremen/123]: Necromancer psibleeds you. Necromancer bites you[0m
[13:43] [0m                        giving you rabies. Necromancer teleports you to[0m
[13:43] [0m                        aviary. Necromancer ropetricks to you. Necromancer[0m
[13:43] [0m                        casts invoke prime at you.[0m
[13:43] [0mnewb One [elemental/90]: that long-ass sequence is why I have so much[0m
[13:43] [0m                         trouble getting into that game[0m
[13:43] [0mnewb Gaidin [changeling/132]: Years ago, I thought it would be a neat thing[0m
[13:43] [0m                              to make adventueres long-term viable by having[0m
[13:43] [0m                              a pice of gear from each guild that imparted[0m
[13:43] [0m                              powers you could advance.[0m
[13:44] [0mnewb Alazar [fremen/39]: i woulda stayed adventurer[0m
[13:44] [0mnewb Saim [jedi/136]: thats the cultural appropriatin guild, or the CAG for[0m
[13:44] [0m                      short[0m
[13:44] [0mnewb Gaidin [changeling/132]: Kind of turn Adventurers into LInk from Link[0m
[13:44] [0m                              to the Past.[0m
[13:44] [0mnewb Hex [angel/131]: just make adventurers more powerful for each room[0m
[13:44] [0m                      discovered and quest completed and item obtained.[0m
[13:45] [0mnewb One [elemental/90]: i think it'd be cool if each guild had something[0m
[13:45] [0m                         they could teach other players.  Would be a lot of[0m
[13:45] [0m                         work, though[0m
[13:45] [0mnewb Killergate [monk/137]: apart from mskills?[0m
[13:45] [0mnewb Saim [jedi/136]: life lessons[0m
[13:45] [0mnewb Gaidin [changeling/132]: Gentech have something like that.  DNA[0m
[13:45] [0m                              Splicing can "sample" DNA from one guild and[0m
[13:45] [0m                              splice it onto a player from a nother guild to[0m
[13:45] [0m                              grant mskill points.[0m
[13:46] [0mnewb One [elemental/90]: is that what that does?[0m
[13:46] [0mnewb Gaidin [changeling/132]: It does not go overmax, though, and there's a[0m
[13:46] [0m                              limited number of skills.[0m
[13:46] [0mnewb Hex [angel/131]: the guild master title of "Indiana Jones"[0m
[13:47] [0mnewb Gaidin [changeling/132]: I mentioned to And that it'd be neat ifi you[0m
[13:47] [0m                              could sample from any trainer and grant[0m
[13:47] [0m                              temporary points for any skill.  He said he[0m
[13:47] [0m                              liked the idea.  It's probably on a list[0m
[13:47] [0m                              somewhere.[0m
[14:00] [0m[34;1mNauda shouts:[0m we could idle party at the CoT if you are interested[0m
[14:00] [0m[34;1mAl shouts:[0m i only party with the undead on halloween[0m
[14:00] [0m[34;1mDevin shouts:[0m that's my favorite kind of party.[0m
[14:01] [0m[34;1mNauda shouts:[0m 53 minutes idle adventurer name Volt is here so we have a[0m
[14:01] [0m              party[0m
[14:01] [0m[34;1mSquirrel shouts:[0m get guuud[0m
[14:04] [0m[34;1mNauda shouts:[0m Come one, come all, you're just in time to witness Al and Volt[0m
[14:04] [0m              in a party[0m
[14:04] [0mnewb Fronchan [Newbie]: Goodbye, tahnk for help see you soon[0m
[14:08] [0m[34;1mAka shouts:[0m lol[0m
[14:10] [0mNauda flaps : pervy nauda wants you in his party at CoT[0m
[14:10] [0mAl flaps : join up[0m
[15:02] [0mLachlan flaps : resetting zombies 2 mins[0m
[15:05] [0mLachlan flaps : restting... come NOW[0m
[15:05] [0mSquirrel flaps : it's your dungeon, use it when you NEED it.[0m
[15:06] [0m<- ! The Vigilant ! -> :  A destabilization Kayos event has been detected in[0m
[15:06] [0m                          Northern Hills of Fantasy!  We are localizing it[0m
[15:06] [0m                          now - get ready![0m
[15:07] [0mLachlan flaps : reset... you missed it. have fun.[0m
[15:07] [0mLachlan flaps : I don't mind sharing a free reset and waiting a couple[0m
[15:07] [0m                minutes.[0m
[15:11] [0m[34;1mFik shouts:[0m geee, i dont know Zorak[0m
[15:11] [0m[34;1mAlazar shouts:[0m SpAAAAACeGhooOOST[0m
[15:16] [0m[Clan] Martyr : I'm gonna hop back on my hc[0m
[15:16] [0m[Clan] Martyr : wl[0m
[15:24] [0mDamage flaps : portal: ngate 9n3e electrifying[0m
[15:30] [0m[34;1mZor shouts:[0m woo!!!!!!!!!!!!!!!!!!!!!!!!!!!!!!!!!!!!!!!!!!!!!!!!!!!!!!!!!!!![0m
[15:31] [0m[34;1mPdog shouts:[0m yay i am at my mskill goal![0m
[15:31] [0m[34;1mSimonz shouts:[0m it's not thursday, you're a day early baramore[0m
[15:32] [0m[34;1mBaramore shouts:[0m Okay, so he was a bit too big for me.[0m
[15:34] [0m[34;1mBaramore shouts:[0m Be careful going to the underdark.[0m
[15:42] [0m[32mKerym says: [0mWell met, Swordbrother Dangerzone, May the Seldarine's Blessings be upon you.[0m
[15:42] [0mOmni flaps : [SteakChat{Rare is Right}]: east forest is somewhat hazardous[0m
[15:42] [0m             atm, cleaning[0m
[15:42] [0m[34;1mDracula shouts:[0m got milk?[0m
[15:43] [0m[34;1mGlorfindel shouts:[0m Got Crolack?[0m
[15:43] [0mNauda flaps : that I ran past that room twice I am still not agro to that[0m
[15:43] [0m              titan[0m
[15:43] [0m[34;1mFik shouts:[0m ol crack on the floor![0m
[15:43] [0mDemonedge flaps : it ran right past me and i survived[0m
[15:43] [0mOmni flaps : [SteakChat{Rare is Right}]: i don't have a lot of experience[0m
[15:43] [0m             with these things, but he keepsleaving[0m
[15:43] [0mOmni flaps : [SteakChat{Rare is Right}]: which sucks, some priest vines this[0m
[15:43] [0m             foo[0m
[15:44] [0mSquirrel flaps : die TITAN )[0m
[15:44] [0mNauda flaps : this titan is good mannered, he doesn't kill noobies and[0m
[15:44] [0m              weeklings[0m
[15:44] [0mSquirrel flaps : :)[0m
[15:44] [0mPdog flaps : [Cook it well, go to Hell]: where at?[0m
[15:44] [0mGlowie flaps : wtf yall i got 2 damn cows for idling?![0m
[15:44] [0mBaramore flaps : He left.[0m
[15:44] [0mOmni flaps : [SteakChat{Rare is Right}]: eforest[0m
[15:44] [0mOmni flaps : [SteakChat{Rare is Right}]: he keeps just walking out[0m
[15:44] [0mSquirrel flaps : he won't hunt you no more[0m
[15:44] [0mOmni flaps : [SteakChat{Rare is Right}]: where's he at?[0m
[15:44] [0mSquirrel flaps : his home[0m
[15:44] [0mDracula flaps : i should be fine then. i'm an eternal noob[0m
[15:45] [0mBaramore flaps : It just said that the titan 'left'.  No explanation.[0m
[15:45] [0mOmni flaps : [SteakChat{Rare is Right}]: ok then[0m
[15:45] [0mNauda flaps : I keep going there when I go to guild and back[0m
[15:45] [0mBaramore flaps : a titan throw-back, challenged by Baramore leaves.[0m
[15:45] [0mSquirrel flaps : it's a baby 54mil[0m
[15:45] [0mOmni flaps : [SteakChat{Rare is Right}]: hamstring does nothing heh[0m
[15:45] [0mSquirrel flaps : it's dead[0m
[15:46] [0mAl flaps : [Dare to be Rare!] : gxp[0m
[15:46] [0mBaramore flaps : Boo, I was hoping to at least make up the xp that I lost.[0m
[15:46] [0mSquirrel flaps : you need to fill those with more fiber[0m
[15:46] [0mOmni flaps : [SteakChat{Rare is Right}]: nog, we were beating him senseless,[0m
[15:46] [0m             he kept scared-y cat running away[0m
[15:46] [0mPdog flaps : [Cook it well, go to Hell]: make him into a steak[0m
[15:46] [0mSquirrel flaps : be a priest, they hurt less[0m
[15:47] [0mSimonz flaps : ....really?[0m
[15:48] [0m[34;1mDracula shouts:[0m no milk for you![0m
[15:55] [0mLachlan flaps : is cowshield really necessary? People were cyring that hard[0m
[15:55] [0m                over death cows? Or am I missing something.[0m
[15:55] [0mSquirrel flaps : that's why we need the player's tears brewrey in chaos[0m
[15:56] [0mSquirrel flaps : you can drown your sorrows from all the whining booze[0m
[15:56] [0mLachlan flaps : I agree with that one.[0m
[15:56] [0mEli flaps : it's the only official way to protect yourself from the dangers[0m
[15:56] [0m            of cows[0m
[15:56] [0mEli flaps : they got tired of all the unofficial cow prevention going on[0m
[15:56] [0mDracula flaps : Players tears (tm) now with extra salt. new: now also[0m
[15:56] [0m                available in light products![0m
[15:56] [0mSquirrel flaps : just be lucky Crolack doesn't code a steakhouse where death[0m
[15:56] [0m                 cows become readliy available for dispensing.[0m
[15:56] [0mGlorfindel flaps : I feel left out that no one punted me a deathcow. :([0m
[15:56] [0mBaramore flaps : I, for one, welcome our bovine overlords![0m
[15:57] [0mFik flaps : all hail ultra mega chicken[0m
[15:57] [0mDracula flaps : isn't that undead chicken?[0m
[15:57] [0mOmni flaps : [SteakChat{Rare is Right}]: no, he just legend[0m
[15:57] [0mGlorfindel flaps : Chicken plate used to be so BS[0m
[15:57] [0mFik flaps : chicken arise[0m
[15:57] [0mLachlan flaps : what I wouldnt give for a plate of chicken[0m
[15:58] [0mDracula flaps : me too lachlan :D[0m
[15:58] [0mMichael flaps : look[0m
[16:01] [0mLachlan flaps : I can forever now say... I have drank your collective tears![0m
[16:01] [0m                I am the OG Player Tear-Drinker![0m
[16:02] [0mLachlan flaps : wait a minute[0m
[16:02] [0mLachlan flaps : drink cup/drink tears = nadda[0m
[16:03] [0mTurnhold flaps : mere mortals could not take the pain of drinking those[0m
[16:03] [0m                 tears.[0m
[16:03] [0mLachlan flaps : could I at least get the medal for wizard auction then, lol?[0m
[16:04] [0mLachlan flaps : best million I ever spent... inventory item of cup of[0m
[16:04] [0m                players tears that cannot be drank. :P[0m
[16:04] [0mVolt flaps : wow!  cup is filling up with your tears[0m
[16:04] [0mSimonz flaps : and just think you could have donated to ogotaz...[0m
[16:04] [0mTurnhold flaps : In the famous words of some dude on the internet:[0m
[16:04] [0m                 Sometimes, it be like that.[0m
[16:04] [0mLachlan flaps : lol[0m
[16:04] [0mTurnhold flaps : you don't think it be like that, but it do.[0m
[16:05] [0mSimonz flaps : where do you think the tears come from?  they're yours, when[0m
[16:05] [0m               you realize you dumped a bunch of money on it and it does[0m
[16:05] [0m               nothing[0m
[16:05] [0mLachlan flaps : rather amazing really. Please let it be autoloading every[0m
[16:05] [0m                boot. just a "A Cup of Players Tears {filled}." sitting in[0m
[16:05] [0m                my inventory![0m
[16:05] [0mOmni flaps : [SteakChat{Rare is Right}]: You need a crane to lift this.[0m
[16:05] [0mGaidin flaps : There's a VAF for that.[0m
[16:06] [0mSquirrel flaps : probably can't ftouch it[0m
[16:06] [0mLachlan flaps : not even the crappy wizard auction medal either[0m
[16:06] [0mKirrin flaps : I think that's just a skillquest and not a medal[0m
[16:06] [0mLachlan flaps : nope.. no ftouches cause technically you cannot[0m
[16:06] [0m                touch/exa/search etc the cup.[0m
[16:06] [0mOmni flaps : [SteakChat{Rare is Right}]: I love it, the cup fills ![0m
[16:07] [0mVolt flaps : what's the difference between dubai and abu dhabi?   People in[0m
[16:07] [0m             dubai don't like the flintstones, but abu dhabi do.[0m
[16:07] [0mLachlan flaps : oh wait... 'exa tears'[0m
[16:07] [0mLachlan flaps : apparently the cup is light. and the tears.. they do GLOW![0m
[16:07] [0mLachlan flaps : ooh, lightsource?[0m
[16:11] [0m[34;1mDracula shouts:[0m squishy![0m
[16:11] [0m[34;1mDracula shouts:[0m fresh free beef! yay[0m
[16:11] [0m[34;1mFik shouts:[0m free, yes, fresh, welllll[0m
[16:12] [0m[34;1mSnuggles shouts:[0m mad flying cow durring this virus too great[0m
[16:12] [0m[34;1mSquirrel shouts:[0m yeah Crolack spread his MOOvid-19[0m
[16:12] [0m[34;1mSnuggles shouts:[0m best get that checked lol[0m
[16:15] [0m[34;1mDracula shouts:[0m animal cruelty![0m
[16:16] [0m[34;1mSnuggles shouts:[0m hey man squirrels shouldnt have been where the cows were[0m
[16:20] [0m[34;1mTex shouts:[0m eliminate your waste size all together simple solution wer no[0m
[16:20] [0m            pants[0m
[16:21] [0m[Clan] Oscar : There should be a hardcore arena[0m
[16:21] [0m[34;1mVasha shouts:[0m edukashun at wurk[0m
[16:21] [0m[Clan] Oscar : If you kill the other guy you get 5 levels[0m
[16:21] [0mKitt flaps : whoa its a snuggles[0m
[16:21] [0m[34;1mSimonz shouts:[0m waste -> waist, wer -> were, idea -> stupid ;)[0m
[16:21] [0mDracula flaps : you're imagining things. :D[0m
[16:22] [0m[34;1mKitt shouts:[0m I am Here to pass U Moo![0m
[16:22] [0mKitt flaps : ya i see that[0m
[16:22] [0m[34;1mSimonz shouts:[0m udderly disgusting[0m
[16:23] [0m[34;1mTex shouts:[0m im sure me and simonz both meant wear[0m
[16:24] [0mOmni flaps : [SteakChat{Rare is Right}]: hewcid awn fonex werkid phur mi[0m
[16:28] [0mHex flaps : know eit deeant[0m
[16:31] [0mCrolack flaps : moo[0m
[16:32] [0mSquirrel flaps : what armours are tailored towards electric?[0m
[16:33] [0mSquirrel flaps : isnt the scale mail?[0m
[16:33] [0mNauda flaps : Carmine[0m
[16:33] [0mSquirrel flaps : those are random[0m
[16:33] [0mCrolack flaps : moo[0m
[16:34] [0mBaramore flaps : [SteakChat{Medium Rare is Fair}]: My own steak preference.[0m
[16:34] [0mNauda flaps : The mask of Gemino Mortis, The skin of Beloch, Frosted armour[0m
[16:34] [0m              of Aylin[0m
[16:34] [0mAdalius flaps : [SteakChat{Bloodier The Better}]: Are we back on steakchat[0m
[16:34] [0m                again?[0m
[16:35] [0mNauda flaps : Arakfobiallan carcass[0m
[16:35] [0mSquirrel flaps : icodilies too I think[0m
[16:35] [0mPrismal flaps : I'm pretty amused the great steak debate continues[0m
[16:35] [0mNauda flaps : ico is not good[0m
[16:35] [0mHex flaps : : [Rocky Mountain Oysters{Juicier the better}]: Taking over the[0m
[16:35] [0m            steakchat line.[0m
[16:36] [0mOmni flaps : [SteakChat{Rare is Right}]: down the hatch.[0m
[16:36] [0mLachlan flaps : if anyone says steak: well done.. time for a lynching.[0m
[16:36] [0mPrismal flaps : you should have been paying attention earlier, or was that[0m
[16:36] [0m                all on hm line?[0m
[16:36] [0mBaramore flaps : Our glorious president thinks that steak should be well[0m
[16:36] [0m                 done...with ketchup.[0m
[16:36] [0mLachlan flaps : WTF![0m
[16:37] [0mLachlan flaps : why don't you just get a hamburger then...[0m
[16:37] [0mBaramore flaps : So please, lynch the bastard.[0m
[16:37] [0mTurnhold flaps : hey now, dont bring politics into the steak debate.[0m
[16:37] [0mTurnhold flaps : we're talking about steaks, not presidents/etc. Keep it to[0m
[16:37] [0m                 topic.[0m
[16:37] [0mAdalius flaps : [SteakChat{Bloodier The Better}]: Rockey Mountain Oysters[0m
[16:37] [0m                with bbq sauce aren't bad. Wish they'd stop serving them[0m
[16:37] [0m                with ranch by default.[0m
[16:38] [0mSquirrel flaps : want a good steak, head to the Big Texan in Amarillo.[0m
[16:38] [0mDracula flaps : i had my steak rare last night. seasoned with bbq herbs[0m
[16:38] [0m                (spicy). from the actual bbq. it was good.[0m
[16:38] [0mElindal flaps : why does that not surprise me ada that you'd eat those[0m
[16:38] [0mBaramore flaps : You're right, my apologies.  It is politically incorrect to[0m
[16:38] [0m                 eat well-done steak.[0m
[16:38] [0mSquirrel flaps : then challenge yourself to eat the 72oz steak with a baked[0m
[16:38] [0m                 potato, salad, and shrimp cocktail.[0m
[16:38] [0mLachlan flaps : $[0m
[16:38] [0mLachlan flaps : TH, you take a $20/lb rib steak, cook it to carbon and add[0m
[16:38] [0m                ketchup... you just need to GYHAS.[0m
[16:38] [0mTurnhold flaps : Hey adalius.[0m
[16:38] [0mTurnhold flaps : tell them about that nasty sammich ya'll cheeseheads eat.[0m
[16:39] [0mAdalius flaps : [SteakChat{Bloodier The Better}]: Heh, Eli, my buddy has a[0m
[16:39] [0m                bar at the State Fair that got popular because they serve[0m
[16:39] [0m                them, and there's a festival north of here (the testicle[0m
[16:39] [0m                festival) that is all about them. I've had them. I don't go[0m
[16:39] [0m                out of my way to get them.[0m
[16:39] [0mAdalius flaps : [SteakChat{Bloodier The Better}]: What TH? The cannibal[0m
[16:39] [0m                sandwich? The best sandwich EVER MADE EVER? Raw beef with[0m
[16:39] [0m                onion, salt, and pepper on cocktail rye?[0m
[16:39] [0mLachlan flaps : omg Ada... that sounds fabulous[0m
[16:40] [0mLachlan flaps : steak tartar sandwich[0m
[16:40] [0mElindal flaps : steak tartar on bread?[0m
[16:40] [0mAdalius flaps : [SteakChat{Bloodier The Better}]: It is amazing. It's a big[0m
[16:40] [0m                German thing here. It's not steak tartar for a couple[0m
[16:40] [0m                reasons, one being that its just ground beef not steak, but[0m
[16:40] [0m                its essentially the same thing, yes.[0m
[16:40] [0mPrismal flaps : I guess that is technically a sandwich, but why would you[0m
[16:40] [0m                ruin 2 perfectly good pieces of break with raw meat[0m
[16:40] [0mAdalius flaps : [SteakChat{Bloodier The Better}]: We do also have a lot of[0m
[16:40] [0m                tartare around here too.[0m
[16:40] [0mAl flaps : [Dare to be Rare!] : while i can't speak for that sandwich, i[0m
[16:40] [0m           will say i'd try it[0m
[16:40] [0mAdalius flaps : [SteakChat{Bloodier The Better}]: Also, stop calling it[0m
[16:40] [0m                'steak tartar'. Tartar is a sauce for your fish. :P[0m
[16:41] [0mLachlan flaps : nod.. tartare[0m
[16:41] [0mAdalius flaps : [SteakChat{Bloodier The Better}]: Prismal, if you haven't[0m
[16:41] [0m                tried it, its hard to explain, but its so freaking[0m
[16:41] [0m                delicious.[0m
[16:41] [0mAl flaps : know what else is good?  raw bacon[0m
[16:41] [0mLachlan flaps : lol[0m
[16:41] [0mTurnhold flaps : @.@[0m
[16:41] [0mPdog flaps : [SteakChat{Cooked to well, go to Hell}]: when i was growing up[0m
[16:41] [0m             i had a friend and when i hung out their house tbey would serve[0m
[16:41] [0m             us raw ground beef on paper plates[0m
[16:41] [0mTurnhold flaps : you communist heathen[0m
[16:41] [0mSquirrel flaps : al likes to wrap things with his naked bacon[0m
[16:41] [0mElindal flaps : i mean, i've eaten some really nasty stuff: pate, blood[0m
[16:41] [0m                sausage, liver, my ex wife. but i don't think i could do a[0m
[16:41] [0m                steak tartare sandwich.[0m
[16:41] [0mAl flaps : his 'friend' was the pet dog.[0m
[16:42] [0mAl flaps : um, pate is the shiznit[0m
[16:42] [0mAdalius flaps : Had pate, blood sausage, liver (ugh), blood soup. Still[0m
[16:42] [0m                prefer cannibal sandwiches.[0m
[16:42] [0mAl flaps : [Dare to be Rare!] : email me one of them cannibals[0m
[16:43] [0mVoodoo flaps : I prefer my steak rare with a dash of E. coli[0m
[16:43] [0mSquirrel flaps : you season it with covid-19[0m
[16:43] [0mLachlan flaps : and add a dash of influenza[0m
[16:43] [0mLachlan flaps : WAVE 2, coming everyone this fall.[0m
[16:43] [0mHooligan flaps : i prefer my steak as venison.[0m
[16:43] [0mAl flaps : [Dare to be Rare!] : ok, i was entertaining the raw meat--raw[0m
[16:43] [0m           onions too?[0m
[16:44] [0mDracula flaps : yum. :D[0m
[16:44] [0mSimonz flaps : venison liver done right is fantastic[0m
[16:45] [0mVoodoo flaps : I got worms, now I need new carpet[0m
[16:45] [0mDracula flaps : froglegs taste like chicken[0m
[16:45] [0mAdalius flaps : [SteakChat{Bloodier The Better}]: Yes raw onions. I have[0m
[16:45] [0m                some onion intolerance so I leave them off and just add a[0m
[16:45] [0m                dash of pepper and a ton of salt[0m
[16:45] [0mAl flaps : [Dare to be Rare!] : but onion intolerance notwithstanding, you[0m
[16:45] [0m           like the raw onion on it?[0m
[16:45] [0mAdalius flaps : Froglegs taste like chicken, squirrel tastes like greasy[0m
[16:45] [0m                chicken, crow tastes like dirty chicken, raccoon tastes[0m
[16:45] [0m                like... well.. coon I guess. Alligator tastes like gooood[0m
[16:45] [0m                chicken.[0m
[16:46] [0mNauda flaps : what is this onion intolerance, sounds like something a kid[0m
[16:46] [0m              would say not to eat them[0m
[16:46] [0mDracula flaps : evidence we're in the matrix. they couldn't figure out what[0m
[16:46] [0m                chicken is supposed to taste like so they made it taste like[0m
[16:46] [0m                everything. ;)[0m
[16:46] [0mCrolack flaps : [SteakChat]: moo[0m
[16:46] [0mCrolack flaps : [SteakChat]: moo[0m
[16:47] [0mAdalius flaps : I wish Nauda. I love onions, they don't love me. I was[0m
[16:47] [0m                getting deathly ill for awhile if I ate them raw or[0m
[16:47] [0m                undercooked.[0m
[16:47] [0mCrolack flaps : moo[0m
[16:47] [0mAdalius flaps : Best I can figure is there was a protein in them that heat[0m
[16:47] [0m                breaks down, so I could only eat them carmelized.[0m
[16:47] [0mTurnhold flaps : dammit, now i gotta roll out the grill and cook some brats.[0m
[16:47] [0mTurnhold flaps : with some onions and peppers[0m
[16:47] [0mAl flaps : cannibrat[0m
[16:48] [0mAdalius flaps : I cut them out of my diet for 3 years completely, took an[0m
[16:48] [0m                Igg test, no issues, so they're slowly getting worked back[0m
[16:48] [0m                into my diet.[0m
[16:48] [0mDracula flaps : there might be something in onion you're allergic to that[0m
[16:48] [0m                isn't in there if they are cooked long enough.[0m
[16:48] [0mSimonz flaps : well, there are plenty of brats here[0m
[16:48] [0mAl flaps : seriously though, raw bacon.  study it out[0m
[16:48] [0mSimonz flaps : and....that should be a new dest, lol[0m
[16:48] [0mAdalius flaps : It wasn't an allergy Dracula, just an intolerance. I didn't[0m
[16:48] [0m                have any swelling issues or anything, just horrible GI[0m
[16:48] [0m                problems.[0m
[16:48] [0mElindal flaps : TH soak them in beer and onions for a couple hours before[0m
[16:48] [0m                you grill them. life changing[0m
[16:48] [0mAl flaps : intolerance'ish[0m
[16:48] [0mPdog flaps : i cooked some brats once[0m
[16:49] [0mPdog flaps : they left breadcrumbs all over my yard[0m
[16:49] [0mDracula flaps : ah ok. might be more in the line of gluten then[0m
[16:49] [0mAl flaps : if i ever am in wisconsin, where should this cannibal be eaten[0m
[16:49] [0mZor flaps : and they were screaming?[0m
[16:49] [0mNauda flaps : I am not big fan of onions, but I had steady supply of them[0m
[16:49] [0m              and so I ate one raw onion every day, now I can eat them just[0m
[16:49] [0m              like apples[0m
[16:49] [0mHex flaps : I will eat my neighbors, honesty is my super power[0m
[16:49] [0mPdog flaps : everything screams when you cook it. thats the flavor coming[0m
[16:49] [0m             out[0m
[16:49] [0mNauda flaps : would never expect that to happen without this corona virus[0m
[16:49] [0m              thingy[0m
[16:50] [0mElindal flaps : especially lobsta's :P[0m
[16:50] [0mSimonz flaps : just make sure you don't let the smoke out.  food tastes[0m
[16:50] [0m               terrible if you let the smoke out[0m
[16:50] [0mAdalius flaps : Al, just ask anybody and they'll point you to somewhere to[0m
[16:50] [0m                get it. Very few restaurants serve it (because of the risk),[0m
[16:50] [0m                but lots of delis will make it for you to take home[0m
[16:50] [0mDracula flaps : remember the trick with the frogs. heat them up slowly and[0m
[16:50] [0m                they'll never move out of the pot.[0m
[16:50] [0m[34;1mTex shouts:[0m he gave you crabs[0m
[16:50] [0mSquirrel flaps : now serving at Crolack's steakhouse, lobsta (with a boston[0m
[16:50] [0m                 accent0[0m
[16:51] [0mHooligan flaps : bah[0m
[16:51] [0mHooligan flaps : rock lobsters are tiny[0m
[16:51] [0mTurnhold flaps : ROCK LOBSTA![0m
[16:51] [0mAl flaps : [Dare to be Rare!] : nod, i'd be willing to try it out, just[0m
[16:51] [0m           deathly paranoid about trying it out at the right place, heh[0m
[16:51] [0m[34;1mBabylon shouts:[0m Best Slayer/B-52's mashup song;[0m
[16:52] [0mTurnhold flaps : https://www.youtube.com/watch?v=mnrfqPoX4WU[0m
[16:52] [0mSquirrel flaps : rock lobsta dipped in player's tears[0m
[16:52] [0mLachlan flaps : ive gotthose[0m
[16:52] [0mAl flaps : [Dare to be Rare!] : for instance, in new orleans i get my shrimp[0m
[16:52] [0m           po boy from this hole in the wall bodega because i don't worry[0m
[16:52] [0m           abou tthem frying the damn things, but i don't know what to[0m
[16:52] [0m           expect from a raw beef sammich[0m
[16:52] [0mBabylon flaps : that was supposed to be in my shout but eff putty[0m
[16:53] [0mAdalius flaps : Your odds of getting sick from the raw beef if its prepped[0m
[16:53] [0m                at a deli fresh is pretty low. I'd be more worried if you[0m
[16:53] [0m                bought it out of the refrigerated section since that could[0m
[16:53] [0m                be regrind.[0m
[16:53] [0mSquirrel flaps : you cook to medium well[0m
[16:53] [0mLachlan flaps : hole in the wall =/ fresh deli. :P[0m
[16:53] [0mAl flaps : yeah,e xactly[0m
[16:54] [0mSquirrel flaps : you must buy gas station sushi[0m
[16:54] [0mLachlan flaps : mmm.. I love when sushi tastes like dead kitty.[0m
[16:54] [0mSquirrel flaps : if it has wings don't eat it[0m
[16:54] [0mAl flaps : been trying ot talk wifey into a cross country trip, so i could[0m
[16:54] [0m           see me wanting to get some of that action on general principle[0m
[16:55] [0mLachlan flaps : grasshoppers... street meat in Beijing.. not bad really.[0m
[16:55] [0mLachlan flaps : deepfried with garlic salt, tastes like kettle chips[0m
[16:55] [0mCrolack flaps : [SteakChat{Medium Boring}]: moo[0m
[16:55] [0mCrolack flaps : [SteakChat{Medium Boring}]: moo[0m
[16:55] [0mCrolack flaps : [SteakChat{Medium Boring}]: moo[0m
[16:55] [0mAdalius flaps : Insects are one of those things I just cant get my mindset[0m
[16:55] [0m                into trying.[0m
[16:56] [0mElindal flaps : protein + crunch[0m
[16:56] [0mCrolack flaps : [SteakChat{Medum Rare is Fare}]: well hmm[0m
[16:56] [0mAl flaps : as long as it ain't roaches, i'm down to try[0m
[16:56] [0mLachlan flaps : cricket flour? just a bit nutty in those things. like[0m
[16:56] [0m                cookies, biscuites etc[0m
[16:56] [0mNauda flaps : snails, bats, and snakes that's some gourmet sit[0m
[16:56] [0mAl flaps : i'm from new orleans, no effing way i can fix my mind to that[0m
[16:56] [0m           shizz[0m
[16:57] [0mCrolack flaps : [SteakChat{Medium Boring}]: much better[0m
[16:57] [0mAl flaps : locusts, crickets, grasshoppers, sure.  roaches?  FOADIAF[0m
[16:57] [0mCrolack flaps : hhe[0m
[16:57] [0mLachlan flaps : legit, was at my son's friends grade 8 grad pool party,[0m
[16:57] [0m                family cooked up a bowl of crickets. *munch, munch* I was[0m
[16:57] [0m                flabbergasted, untill I get eating handfuls.[0m
[16:58] [0mLachlan flaps : but in all seriousness... Your Grandkids will live off[0m
[16:58] [0m                cricket protein steaks, bars etc. :P No more beef for them.[0m
[16:58] [0m                Enjoy it now![0m
[16:58] [0mAl flaps : nod, it seems like a win/win if you're talking about funnel cake.[0m
[16:58] [0m           fried protein ftw[0m
[16:59] [0mAl flaps : nah, the world's going to descend into a fiery abyss b/c noones[0m
[16:59] [0m           giving up their steaks & burgers[0m
[16:59] [0mAdalius flaps : Nah, we'll be eating that cultured meat. Impossible meat is[0m
[16:59] [0m                actually dang good imo, just gets a bit dry if its even[0m
[16:59] [0m                slightly overdone[0m
[17:02] [0mAl flaps : yeah, i'm looking forward to some cultured meat. its like one[0m
[17:02] [0m           step away from the star trek replicators[0m
[17:02] [0mBaramore flaps : At leat we'll die happy, Al.[0m
[17:02] [0mBarian flaps : one you smoke a brisket, you'll never go back[0m
[17:02] [0mBarian flaps : flip every hour for four hours at 200F[0m
[17:03] [0mAl flaps : that's what some dude told me once.  i told him i'm not[0m
[17:03] [0m           interested and i was not getting in his car.[0m
[17:04] [0mElindal flaps : i'll just kill my own meat. thanks.[0m
[17:06] [0mBaramore flaps : Death by spanking?[0m
[17:06] [0m[34;1mSomeone shouts:[0m I sentence you to death. Death by...[0m
[17:07] [0m[34;1mBarian shouts:[0m lobsta![0m
[17:07] [0m[34;1mNauda shouts:[0m Please let it be me...[0m
[17:07] [0mTurnhold flaps : crushed pelvises ftw.[0m
[17:07] [0m[Clan] Ser : pbbbbbbbbbbbbbbt[0m
[17:08] [0m[34;1mVolt shouts:[0m the mind is willing, but the body is weak and spongy[0m
[17:13] [0m[Clan] Sock wiggles on your foot.  [0m
[17:20] [0m[34;1mKitt shouts:[0m Moo[0m
[17:20] [0m[34;1mYardleblarp shouts:[0m Cows[0m
[17:20] [0m[34;1mSimonz shouts:[0m Goo[0m
[17:20] [0m[34;1mYardleblarp shouts:[0m Cows[0m
[17:20] [0mCrolack flaps : [SteakChat{No Moo, No Chew}]: moo[0m
[17:21] [0mSquirrel flaps : ok thats a good one[0m
[17:21] [0mSquirrel flaps : roadkill, no splat no cat[0m
[17:21] [0mCrolack flaps : [SteakChat{No Moo, No Chew}]: randomly generated[0m
[17:22] [0mCrolack flaps : [SteakChat{Medium Boring}]: though it seems to get stuck[0m
[17:22] [0mSquirrel <Craft>: anyone have some phasemetal bars? prefer superior+[0m
[17:24] [0mKitt flaps : I moo do you moo too[0m
[17:25] [0mCrolack flaps : special cow[0m
[17:26] [0mCrolack flaps : inc wipe[0m
[17:26] [0m[34;1mVoodoo shouts:[0m wait for it ...[0m
[17:27] [0m[34;1mKitt shouts:[0m Moo[0m
[17:28] [0mCrolack flaps : Moo[0m
[17:36] [0m[Clan] Oscar : blblbl[0m
[17:38] [0m[Clan] Oscar : thinking of hopping from mentals already heh[0m
[17:38] [0m[Clan] Nix : already?[0m
[17:39] [0m[Clan] Michael : the grind too much?[0m
[17:41] [0m[Clan] Oscar : its just nothing but grind for no interesting things heh[0m
[17:41] [0m[Clan] Oscar : i dont think i give a damn about 1 power I have[0m
[17:42] [0m[Clan] Oscar : if you like to watch a glvl go up and nothing more, sure its[0m
[17:42] [0m               great[0m
[17:42] [0m[Clan] Oscar : not terrible for HC i suppose[0m
[17:44] [0m[Clan] Oscar : thinking of going back to mages[0m
[17:44] [0m[Clan] Oscar : the golem they have is awesome[0m
[17:53] [0m[34;1mZor shouts:[0m woo!!!!!!!!!!!!!!!!!!!!!!!!!!!!!!!!!!!!!!!!!!!!!!!!!!!!!!!!!!!!![0m
[17:53] [0m            !!!!!!!!!!!!!!!!!!!!!!!![0m
[17:59] [0mVoodoo flaps : All wings report in.[0m
[17:59] [0mDracula flaps : flap them wings[0m
[17:59] [0mCrolack flaps : Blue 6 standing by[0m
[18:00] [0mGaidin flaps : Red Six standing by[0m
[18:00] [0mMichael flaps : All the angels left[0m
[18:00] [0mVoodoo flaps : Lock S-foils in attack position.[0m
[18:00] [0mGaidin flaps : Red Five plot armor engaged.[0m
[18:01] [0mCrolack flaps : Watch for enemy fighters.[0m
[18:01] [0mSquirrel flaps : you're carrying to much weight porkins[0m
[18:01] [0m[34;1mZor shouts:[0m woo!!!!!!!!!!!!!!!!!!!!!!!!!!!!!!!!!!!!!!!!!!!!!!!!!!!!!!!!!!!!![0m
[18:01] [0m            !!![0m
[18:01] [0mBaramore flaps : He came from ... behind![0m
[18:01] [0mGaidin flaps : PUll out!  Pull out!  It impacted on the surface.[0m
[18:02] [0mZor flaps : Baramore almost sat on him![0m
[18:03] [0mSquirrel flaps : holy moly[0m
[18:03] [0m[34;1mAl shouts:[0m jesus, all the old school folks are coming back[0m
[18:03] [0m[34;1mSquirrel shouts:[0m it's 1999 again.[0m
[18:03] [0m[34;1mZosma shouts:[0m I am merely doing research[0m
[18:03] [0m[34;1mYardleblarp shouts:[0m sounds like... espionage. sPy![0m
[18:04] [0m[34;1mDracula shouts:[0m nah, you're imagining things. besides, what do you mean[0m
[18:04] [0m                again? it's only 1998.[0m
[18:04] [0m[34;1mVolt shouts:[0m downgrade witch flapgxp[0m
[18:05] [0mCrolack flaps : Voodoo has pants.[0m
[18:06] [0mDracula flaps : the world is going to end now then.[0m
[18:07] [0mAlazar flaps : Lies[0m
[18:07] [0mSquirrel flaps : who's next, alassra?[0m
[18:07] [0mCrolack flaps : Now Alazar has pants[0m
[18:07] [0mDracula flaps : alassra, rouille, moonglow, etc ;)[0m
[18:08] [0mZor flaps : with a rip in them![0m
[18:20] [0m[34;1mKitt shouts:[0m Woo[0m
[18:20] [0m[34;1mDracula shouts:[0m ouch. fresh burgers at mcd tho![0m
[18:21] [0mCrolack flaps : Moo Fik![0m
[18:29] [0m[32mKerym says: [0mWell met, Swordbrother Dangerzone, May the Seldarine's Blessings be upon you.[0m
[18:31] [0m<BS> Lachlan slaps his MIGHTY Hieland Paw on your back, making you go[0m
[18:31] [0m             "oompf", congratulating you on a job well done.[0m
[18:32] [0m[Clan] Oscar : my deltas have gone from 10mil to 40k[0m
[18:32] [0m[Clan] Oscar : woot[0m
[18:43] [0mSimonz flaps : zombie reset, 3min[0m
[18:46] [0m[34;1mAlazar shouts:[0m c-c-c-combo breaker[0m
[18:47] [0mPdog flaps : [SteakChat{Cooked to well, go to Hell}]: -h[0m
[18:47] [0mPdog flaps : [SteakChat{Cooked to well, go to Hell}]: oops. no steakchat[0m
[18:47] [0m             history[0m
[18:51] [0mCrolack flaps : [SteakChat{Medium Rare is Fare}]: heh[0m
[18:52] [0mOmni flaps : [SteakChat{Rare is Right}]: d'you guys salt your steak the[0m
[18:52] [0m             night before?[0m
[18:52] [0mCrolack flaps : mo[0m
[18:52] [0mOmni flaps : [SteakChat{Rare is Right}]: -h[0m
[18:52] [0mAl flaps : [Dare to be Rare!] : the redder the better[0m
[18:53] [0mYardleblarp flaps : now add cheddar![0m
[18:54] [0mOmni flaps : [SteakChat{Rare is Right}]: I read you should either salt like,[0m
[18:54] [0m             .5 minutes before searing, or at least 1hr before, ideally many[0m
[18:54] [0m             hours before, allowing the salt to somewhat prep the whole[0m
[18:54] [0m             situation[0m
[18:54] [0mOmni flaps : [SteakChat{Rare is Right}]: in between right-before and 1hr the[0m
[18:54] [0m             steak will leak juices, but it will suck them back up in about[0m
[18:54] [0m             an hour in the fridge[0m
[19:24] [0m[34;1mFik shouts:[0m babetality[0m
[19:25] [0mnewb Trioxin [Newbie]: hi[0m
[19:25] [0mnewb Zeiron [psicorps/44]: hello[0m
[19:25] [0mnewb Fik [mage/44]: braaaaaaines[0m
[19:25] [0mnewb Trioxin [Newbie]: I'm a lost :( is there anyone who can help?[0m
[19:25] [0mnewb Dangerzone [bladesinger/35]: hola[0m
[19:25] [0mnewb Squirrel [priest/131]: welcome welcome welcome[0m
[19:25] [0mnewb Zeiron [psicorps/44]: maybe[0m
[19:26] [0mnewb Squirrel [priest/131]: you're going to have to tell the guy that's[0m
[19:26] [0m                            holding you back that you want to leave 3x[0m
[19:26] [0mnewb Alazar [fremen/40]: the cow followed the herd, but the shepherd[0m
[19:26] [0m                         followed no one[0m
[19:26] [0mnewb Trioxin [Newbie]: location: The field is a source of food for the town.[0m
[19:26] [0m                       Wheat is grown in this field.[0m
[19:26] [0mnewb Zeiron [psicorps/44]: /h[0m
[19:26] [0mnewb Alazar [fremen/40]: burn field, loot town, escape[0m
[19:28] [0m[34;1mWound shouts:[0m WOO[0m
[19:28] [0m[34;1mDamage shouts:[0m thanks![0m
[19:29] [0mnewb Zor [priest/130]: but a wide forest fire took out the Wheat it's all[0m
[19:29] [0m                       burned!!!!!!!!!!!!!!!!!!!!!![0m
[19:36] [0mnewb Alazar [fremen/40]: oops look like we ran one off[0m
[19:37] [0mnewb Dangerzone [bladesinger/35]: tsk tsk[0m
[19:47] [0mGrot flaps : anyone know where the event is?[0m
[19:59] [0mPdog flaps : [SteakChat{No Moo, No Chew}]: -h[0m
[20:05] [0m[32mKerym says: [0mWell met, Swordbrother Dangerzone, May the Seldarine's Blessings be upon you.[0m
[20:28] [0m[34;1mCrolack shouts:[0m Schlaus backwards is Schalus[0m
[20:29] [0m[34;1mZor shouts:[0m woo!!!!!!!!!!!!!!!!!!!!!!!!!!!!!!!!!!!!!!!!!!!!!!!!!!!!!!!!!!!!![0m
[20:29] [0m            !!!!!![0m
[20:29] [0m[34;1mDevin shouts:[0m woo[0m
[20:37] [0m[Clan] Oscar : XP Gain for the last 30 minutes: 19,081[0m
[20:37] [0m[Clan] Oscar : killin the game as a amge[0m
[20:49] [0m[Clan] Dub : rynn's growing whacky tobacc[0m
[20:49] [0m[Clan] Dub : farmer[0m
[21:29] [0m[34;1mDaagar shouts:[0m Already congratted you like yesterday, To. Won't be tricked[0m
[21:29] [0m               again![0m
[21:52] [0m<BS> Xiu : sup, folks?[0m
[21:52] [0m<BS> Metaljaz : hiya[0m
[21:52] [0m<BS> Dangerzone : nada[0m
[22:11] [0m[34;1mWound shouts:[0m yeah know, skeletons of society - slayer ... has different[0m
[22:11] [0m              meaning now...[0m
[22:12] [0m[34;1mBarian shouts:[0m creeping death[0m
[22:12] [0m[34;1mBeefswellin shouts:[0m die when you die -gg allin and the murder junkies[0m
[22:28] [0m<BS> Stevie : winning[0m
[22:28] [0m<BS> Stevie : still racing Xiu to glvl 150 think he'll beat me?[0m
[22:29] [0m<BS> Xiu : you got this[0m
[22:29] [0m<BS> Stevie : I miss Darius[0m
[22:29] [0m<BS> Stevie : but I also want to pass him[0m
[22:33] [0m[Clan] Oscar : watching john wick finally[0m
[22:34] [0m[32mKerym says: [0mWell met, Swordbrother Dangerzone, May the Seldarine's Blessings be upon you.[0m
[22:35] [0m<BS> Lachlan stands tall and proud as a mighty Hielander, anointing his[0m
[22:35] [0m             Claymore 5 foot broadsword in holy water, anointing you as you[0m
[22:35] [0m             kneel before him, saying "Congratulations on reaching this[0m
[22:35] [0m             esteemed level".[0m
[22:35] [0m<BS> Xiu : woo[0m
[22:39] [0m[Clan] Silverhand : So now you'll understand the memes.[0m
[22:41] [0m[Clan] Oscar : keanu reeves has bad day[0m
[22:41] [0m[Clan] Oscar : everyone dies[0m
[22:50] [0mZachitnik <Craft>: I don't want to craft ... I want to be a LUMBERJACK!![0m
[22:50] [0mLachlan <Craft>: I don't want to craft ... I want to be a LUMBERJACK!![0m
[22:50] [0mZachitnik <Craft>: Do I get more cxp for crafting legendary equip?[0m
[22:50] [0mSquirrel <Craft>: lots[0m
[22:51] [0mZachitnik <Craft>: that explains[0m
[22:51] [0mZachitnik <Craft>: Thank you[0m
[22:51] [0mSquirrel <Craft>: went from bsmith 92 to 97 in one swift swoop[0m
[23:04] [0mCrolack flaps : Moo Fluffy[0m
[23:06] [0mDaagar flaps : No, _cows_ moo. It's okay, take it slow.[0m
[23:06] [0m[34;1mFluffy shouts:[0m i was udderly devasted![0m
[23:07] [0mDaagar flaps : Devast, me hearty's![0m
[23:23] [0m[Clan] Michael : has anyone in the clan tagged fb on day 3?[0m
[23:23] [0m[Clan] Xaris : want to...but doubt I would get tag[0m
[23:24] [0m[Clan] Michael : I am gonna put that thing in clan box for foks if they have[0m
[23:24] [0m                 it. I am no where NEAR able to get a tag[0m
[23:24] [0m[Clan] Ser : i'll test my tanking on it after i get AoE[0m
[23:25] [0m[Clan] Ser : if i dont fall asleep[0m
[23:25] [0m[Clan] Michael : I need to get another ross or a RoMD[0m
[23:25] [0m[Clan] Ser : i need to stop falling asleep[0m
[23:28] [0m[Clan] Ser : almost maxed swordsman[0m
[23:28] [0m[Clan] Ser : 99% thru 99[0m
[23:34] [0m[Clan] Ser : man almost fell asleep killing conglom[0m
[23:34] [0m[Clan] Ser : might be death spam yet[0m
[23:39] [0mKitt flaps : anyone down to get day 3 taggy?[0m
[23:40] [0mWound flaps : Wootz, sign me up![0m
[23:40] [0mWound flaps : i cant wait for friday night![0m
[23:41] [0mKitt flaps : ya me too. tell ypur Mom Al be there at 8[0m
[23:41] [0mKitt flaps : need more hitters for this guy[0m
[23:41] [0mWound flaps : she knows, wants you to bring eggs and milk.[0m
[23:43] [0mKitt flaps : anyone else coming[0m
[23:43] [0mHex flaps : giggity[0m
[23:47] [0mMotorbreath flaps : enroute[0m
[23:47] [0mKitt flaps : dead already[0m
[23:51] [0m[34;1mWound shouts:[0m so much cowage.[0m
[23:54] [0mMotorbreath flaps : sec[0m
[23:57] [0m[Clan] Michael : anyway I can get access to the clan house?[0m
[23:58] [0m[Clan] Xaris : hmm, I thought we have you keys to 227 already[0m
[23:58] [0m[Clan] Michael : it says I can't enter[0m
[23:59] [0m[Clan] Xaris : ok, we will do in a minute[0m
[23:59] [0m[Clan] Michael : got in[0m
[23:59] [0m[Clan] Xaris : woo[0m
[23:59] [0m[Clan] Xaris : have to do from resid portal[0m
[23:59] [0m[Clan] Michael : day 3 cmc in clan box[0m
