- = LOG STARTED [00:00] = -
[11:03] [0mYou can currently reforge 12 items.[0m
[11:14] [0mYou can currently reforge 12 items.[0m
[11:24] [0m[34;1mPrism shouts:[0m hi![0m
[11:24] [0m[34;1mChrys shouts:[0m ho, hi ho, it's off to mud we go!![0m
[11:32] [0m[34;1mTo shouts:[0m thx[0m
[11:32] [0mChrys <.oO>: Tiiimmmmmmaaaaaah[0m
[11:32] [0mTimmy <.oO>: timmah[0m
[11:42] [0m[34;1mLocrian shouts:[0m Bring on the worthless weapons! Yeah!!!! (These boosts are[0m
[11:42] [0m                awesome, thank you!)[0m
[11:44] [0m[34;1mOgotaz shouts:[0m Thank you Oscar for your parsimonious contribution towards[0m
[11:44] [0m               Bless![0m
[11:45] [0m[31;1m[Clan] Oscar :[0m the timing for these xmas boosts couldn't have been better[0m
[12:20] [0m[36m<BS> Zokko :[0m 2 more lances in[0m
[12:54] [0mnewb Ellegon [juggernaut/122]: Can someone make a tellhist toggle that shows[0m
[12:54] [0m                               what had said too? we gettin' old up in here.[0m
[12:54] [0mnewb Ellegon [juggernaut/122]: *what _I_ had[0m
[12:54] [0mnewb Killergate [bard/138]: that already exist[0m
[12:54] [0mnewb Sky [juggernaut/132]: setmod TELLSELF[0m
[12:54] [0mnewb Aka [gentech/130]: setmod TELLSELF 1[0m
[12:55] [0mnewb Ellegon [juggernaut/122]: so.. not retroactive.[0m
[12:55] [0mnewb Sky [juggernaut/132]: nope[0m
[12:55] [0mnewb Crolack [Wizard]: n00b[0m
[12:55] [0mnewb Ellegon [juggernaut/122]: Thanks![0m
[12:56] [0mnewb Oscar [mage/130]: setmod THATSWHATSHESAID 1[0m
[20:20] [0mYou can currently reforge 12 items.[0m
[20:29] [0m[34;1mZanadu shouts:[0m someone let olorin know his mask is at auction on ground[0m
[20:29] [0m[34;1mEcholoc shouts:[0m pick it up and relist?[0m
[20:29] [0m[34;1mScaf shouts:[0m he wore it[0m
[20:29] [0m[34;1mNauda shouts:[0m in a bit[0m
[21:01] [0m[34;1mJenessa shouts:[0m I'm searching![0m
[21:01] [0m[34;1mJenessa shouts:[0m I'm searching![0m
[21:01] [0m[34;1mZiphe shouts:[0m nookin pa nub in all da wong pwaces[0m
[21:10] [0m[34;1mEcholoc shouts:[0m woot[0m
[21:11] [0m[34;1mSpace shouts:[0m thats right, you gave tex a response, after a delay![0m
[21:18] [0m[34;1mEcholoc shouts:[0m woot[0m
[21:20] [0m[34;1mSpace shouts:[0m Ziphe is responsible for the Opioid crisis on 3k, he keeps[0m
[21:20] [0m              passing pills to everyone![0m
[21:21] [0m[34;1mYik shouts:[0m eat some more pills, pill head[0m
[21:32] [0m[34;1mSquirrel shouts:[0m carlos spicey wiener here go ahead.[0m
[22:06] [0m[34;1mEcholoc shouts:[0m woot woot woot[0m
[22:06] [0m[34;1mScaf shouts:[0m Well done, son of Col[0m
[22:06] [0m[34;1mAlassra shouts:[0m one more?[0m
[22:06] [0m[34;1mOscar shouts:[0m Woo! The Chef!  Mr. 99.1% Pure![0m
[22:15] [0mEcholoc <.oO>: woot[0m
[22:15] [0mAlassra <.oO>: welcome, Chef Colson![0m
[22:15] [0mStasis <.oO>: welcome home[0m
[22:15] [0mEcholoc <.oO>: (cm <message>[0m
[22:16] [0mTony <.oO>: now to spend billions and billions and billions[0m
[22:17] [0mOscar <.oO>: woo![0m
[22:17] [0mOscar <.oO>: The cook is here![0m
[22:19] [0m[31;1m[Clan] Oscar :[0m what lvl is cocoon xmuter?  I think i'm almost there[0m
[22:19] [0m[31;1m[Clan] Saim :[0m not reforged or enhanced - 90?[0m
[22:19] [0m[31;1m[Clan] Saim :[0m or 80 something[0m
