- = LOG STARTED [00:00] = -
[00:08] [0m[37;1m[JEDI]:[0m Alyssa K'tal arrives at the Academy.[0m
[00:37] [0m[37;1m[JEDI]:[0m Ylenic It'kla arrives at the Academy.[0m
[00:46] [0m[34;1mTex shouts:[0m plastic see through wrap still counts as pants[0m
[01:06] [0m[37;1m[JEDI]:[0m Tobias Kel'ach'nar arrives at the Academy.[0m
[09:43] [0mSkuggo <Craft>: I don't want to craft ... I want to be a LUMBERJACK!![0m
[09:53] [0mYour transmuter's stone bursts with 2 new colours![0m
[09:59] [0m[37;1m[JEDI]:[0m Reena Bel Noir arrives at the Academy.[0m
[10:18] [0m[31;1m[Clan] Byron :[0m mornin[0m
[10:20] [0m[31;1m[Clan] Roken :[0m mehhh, last day of weekend[0m
[10:30] [0m[37;1m[JEDI]:[0m H'ssani C'talan arrives at the Academy.[0m
[10:49] [0m[31;1m[Clan] Taleast :[0m anyone have time to take another shot at getting my baby necro an autoloading[0m
[10:49] [0m                 spirit cloak?[0m
[10:49] [0m[31;1m[Clan] Taleast :[0m also, good morning, heh[0m
[10:53] [0mYour transmuter's stone bursts with 6 new colours![0m
[10:56] [0m[37;1m[JEDI]:[0m Bithoff Jonansaan arrives at the Academy.[0m
[10:56] [0m[35;1mTaleast [Jedi(36)]:[0m Bithoff if someone needs robotics[0m
[11:06] [0m[35;1mId [Jedi(20)]:[0m Al, who has mastered robotics?[0m
[11:06] [0m[35;1mAl [Jedi(57)]:[0m Ylenic, Bithoff mastered robotics[0m
[11:06] [0m[35;1mId [Jedi(20)]:[0m thats flippin awesome[0m
[11:09] [0m[35;1mId [Jedi(20)]:[0m Al, who has mastered force lightning?[0m
[11:09] [0m[35;1mAl [Jedi(57)]:[0m Tobias, Alyssa mastered force lightning[0m
[11:25] [0m[37;1m[JEDI]:[0m Kerran Halcyon arrives at the Academy.[0m
[11:30] [0m[35;1mInquisitor [Jedi(Knight)]:[0m Oooh neato, blaster mastery up[0m
[11:31] [0m[35;1mTaleast [Jedi(36)]:[0m nice![0m
[11:45] [0m[31;1m[Clan] Oscar :[0m anyone find event?[0m
[11:46] [0m[31;1m[Clan] Oscar :[0m woot[0m
[11:46] [0m[31;1m[Clan] Oscar :[0m 2s from road portal[0m
[11:46] [0m[31;1m[Clan] Roken :[0m ya in a deadend room below road portal, a few w from it and south[0m
[11:46] [0m[31;1m[Clan] Roken :[0m oh[0m
[11:46] [0m[31;1m[Clan] Oscar :[0m ew, blunt dmg[0m
[11:46] [0m[31;1m[Clan] Oscar :[0m looks like i'm gonna die first boss[0m
[11:47] [0m[31;1m[Clan] Roken :[0m knives out is incredible if ya have amazon prime, it's my reco[0m
[11:49] [0m[37;1mTreeconomy flaps :[0m Does anyone have a were alt they could sponsor me with[0m
[11:52] [0m[31;1m[Clan] Nix :[0m if he dies he dies[0m
[11:53] [0mYour transmuter's stone bursts with 2 new colours![0m
[11:54] [0m[37;1mAlazar flaps :[0m sponsor for?[0m
[11:54] [0m[37;1m[JEDI]:[0m Tobias Kel'ach'nar arrives at the Academy.[0m
[11:54] [0m[37;1mId flaps :[0m necro sub form[0m
[11:58] [0m[31;1m[Clan] Taleast :[0m did you survive, Oscar?[0m
[12:01] [0m[31;1m[Clan] Oscar :[0m in the bunker now[0m
[12:01] [0m[31;1m[Clan] Oscar :[0m will know shortly[0m
[12:01] [0m[31;1m[Clan] Oscar :[0m and yeah, knives out was dope[0m
[12:01] [0m[31;1m[Clan] Taleast :[0m you can DO eet![0m
[12:02] [0m[31;1m[Clan] Nix :[0m even a blind squirrel finds a nut once and a while tal[0m
[12:02] [0m[31;1m[Clan] Taleast :[0m ouch[0m
[12:03] [0m[31;1m[Clan] Oscar :[0m just got knocked ot 88hps[0m
[12:03] [0m[31;1m[Clan] Oscar :[0m golem got me[0m
[12:03] [0m[31;1m[Clan] Taleast :[0m see? you didn't die[0m
[12:04] [0m[31;1m[Clan] Oscar :[0m sorry to dissapoint[0m
[12:09] [0m[35;1mTaleast [Jedi(36)]:[0m Woo![0m
[12:10] [0m[35;1mId [Jedi(21)]:[0m Kikipopo is the coolest guild wizard ever?[0m
[12:10] [0m[35;1mTaleast [Jedi(36)]:[0m Those who cannot remember the past will spend a lot of time looking for[0m
[12:10] [0m                    their cars in mall parking lots.[0m
[12:21] [0m[31;1m[Clan] Oscar :[0m woot[0m
[12:21] [0m[31;1m[Clan] Oscar :[0m finished it[0m
[12:21] [0m[31;1m[Clan] Taleast :[0m nice![0m
[12:21] [0m[31;1m[Clan] Taleast :[0m on my final boss now[0m
[12:21] [0m[31;1m[Clan] Taleast :[0m ...for scaler 61, lol[0m
[12:21] [0m[31;1m[Clan] Oscar :[0m nog[0m
[12:21] [0m[31;1m[Clan] Taleast :[0m could go higher but didn't want to chance it since most my scalers would still[0m
[12:21] [0m                 suck for rewards[0m
[12:25] [0m[37;1m[JEDI]:[0m Alyssa K'tal arrives at the Academy.[0m
[12:25] [0m[37;1mBarian flaps :[0m well crolack got a movie 'an american pickle'[0m
[12:26] [0m[37;1mGaidin flaps :[0m I still think it's a long-form joke derived from the PIckle guy on Scrubs.[0m
[12:31] [0m[35;1mId [Jedi(21)]:[0m I've been in this stupid guild for over THREE WEEKS and I *still* can't kill the[0m
[12:31] [0m               undead knight![0m
[12:35] [0m[34;1mId shouts:[0m this is a family mud sir[0m
[12:53] [0mYour transmuter's stone bursts with 4 new colours![0m
[12:59] [0m[37;1m[JEDI]:[0m Wennic Ber'ni'lok arrives at the Academy.[0m
[13:08] [0m[31;1m[Clan] Seoman leaves the game.[0m  [0m
[13:08] [0m[31;1m[Clan] Archimedes leaves the game.[0m  [0m
[13:27] [0m[37;1m[JEDI]:[0m Ylenic It'kla arrives at the Academy.[0m
[13:39] [0m[35;1mId [Jedi(21)]:[0m If you can't convince them, confuse them.[0m
[13:39] [0m[35;1mTaleast [Jedi(36)]:[0m woo![0m
[13:40] [0m[35;1mTaleast [Jedi(36)]:[0m There are three kinds of lies: lies, damned lies, and statistics.[0m
[13:40] [0m[35;1mDroz [Jedi(42)]:[0m Anyone available to teach Alter Tech 9 and GFS 9?[0m
[13:41] [0m[35;1mAl [Jedi(57)]:[0m i can do gfs[0m
[13:41] [0m[35;1mAl [Jedi(57)]:[0m oh and alter[0m
[13:47] [0m[35;1mMichael [Jedi(60)]:[0m nice[0m
[13:48] [0m[35;1mAl [Jedi(57)]:[0m anybody else need any training before i bounce out to go gxping?[0m
[13:48] [0m[35;1mId [Jedi(21)]:[0m get yer grind on[0m
[13:49] [0m[35;1mAl [Jedi(57)]:[0m *tip*[0m
[13:49] [0m[35;1mAl [Jedi(57)]:[0m only 2 hrs left, gotta get it in while i can :)[0m
[13:50] [0m[35;1mId [Jedi(21)]:[0m reboot sneaking up on me[0m
[13:54] [0mYour transmuter's stone bursts with 6 new colours![0m
[13:56] [0m[31;1m[Clan] Martyr enters the game.[0m  [0m
[13:57] [0m[37;1m[JEDI]:[0m Janath Meelin arrives at the Academy.[0m
[14:03] [0m[35;1mSeeker [Jedi(32)]:[0m tracher avail?[0m
[14:04] [0m[35;1mDroz [Jedi(42)]:[0m I'll teach what I can[0m
[14:10] [0m[35;1mAl [Jedi(57)]:[0m grats seeker[0m
[14:11] [0m[35;1mAl [Jedi(57)]:[0m what else you ened training in?[0m
[14:11] [0m[35;1mAl [Jedi(57)]:[0m or you good?[0m
[14:11] [0m[35;1mSeeker [Jedi(32)]:[0m cloud mindblock[0m
[14:11] [0m[35;1mAl [Jedi(57)]:[0m only 5/10 cloud 2/10 mindblock[0m
[14:11] [0m[35;1mAl [Jedi(57)]:[0m so if you're pretty low on those, i got you[0m
[14:11] [0m[35;1mAl [Jedi(57)]:[0m otherwise, you might need somebody else[0m
[14:12] [0m[35;1mSeeker [Jedi(32)]:[0m need 7 on both[0m
[14:12] [0m[35;1mAl [Jedi(57)]:[0m hehe, i'm a loser and eat maggots.  sorry can't help homey[0m
[14:14] [0m[35;1mSeeker [Jedi(32)]:[0m get then later gonna get gxping[0m
[14:27] [0m[37;1m[JEDI]:[0m H'ssani C'talan arrives at the Academy.[0m
[14:28] [0m[35;1mAkir [Jedi(Knight)]:[0m How y'all doin today[0m
[14:30] [0m[35;1mInquisitor [Jedi(Knight)]:[0m Being partly amused, partly horrified.  Turns out that a lot of years[0m
[14:30] [0m                           back, Phil Anselmo performed "Would" with Alice in Chains.  His voice[0m
[14:30] [0m                           just doesn't jive.[0m
[14:31] [0m[35;1mId [Jedi(21)]:[0m glad I finally have a Saturday off[0m
[14:31] [0m[35;1mInquisitor [Jedi(Knight)]:[0m It's not as bad as Puddle of Mudd covering About a Girl, but it's not[0m
[14:31] [0m                           good.[0m
[14:31] [0m[35;1mAkir [Jedi(Knight)]:[0m Inq, that's a very specific gripe and I respect you for it[0m
[14:31] [0m[35;1mAkir [Jedi(Knight)]:[0m Id, I got furloughed, so I have all days off! Try it sometime! :D[0m
[14:32] [0m[35;1mId [Jedi(21)]:[0m I dont know what to do with myself with 1 day off, I couldnt imagine 7[0m
[14:32] [0m[35;1mAkir [Jedi(Knight)]:[0m I've played a lot of 3k and slept a ton, it has been nice actually :P[0m
[14:33] [0m[35;1mSeeker [Jedi(32)]:[0m trying lose all the pounds i gain from all the "days" i had off[0m
[14:33] [0m[35;1mAkir [Jedi(Knight)]:[0m haha I hear that. I was 350, got down to 200, and got back up to 280 cuz of[0m
[14:33] [0m                     lazy work ethic and bad eating habits. Back down in the 250s now.[0m
[14:34] [0m[35;1mSeeker [Jedi(32)]:[0m just wanna lose the 40 i gained[0m
[14:36] [0m[35;1mSeeker [Jedi(32)]:[0m wish i just poor some "tussin" on it[0m
[14:36] [0m[35;1mAkir [Jedi(Knight)]:[0m laf[0m
[14:36] [0m[35;1mInquisitor [Jedi(Knight)]:[0m I teach at a university which stopped doing in-person classes back in[0m
[14:36] [0m                           March.  This has left enough time for exercise that I've gained[0m
[14:36] [0m                           weight.[0m
[14:37] [0m[35;1mInquisitor [Jedi(Knight)]:[0m Up from 175 to about 180.  OoohYeah, or something.[0m
[14:37] [0m[35;1mInquisitor [Jedi(Knight)]:[0m Perks of the job, gotta stay in shape.[0m
[14:39] [0m[35;1mHyuga [Jedi(97)]:[0m why do they always put universities on top of steep hills[0m
[14:39] [0m[35;1mSeeker [Jedi(32)]:[0m so you can exercise your mind and body[0m
[14:40] [0m[35;1mInquisitor [Jedi(Knight)]:[0m I teach at ODU.  Everything is at an altitude of about...  7[0m
[14:40] [0m[35;1mInquisitor [Jedi(Knight)]:[0m When we run the kids, since there aren't any hills, we have to make[0m
[14:40] [0m                           them go up the parking garage.[0m
[14:45] [0mInquisitor <Craft>: Well swear words.  Gem downgraded to superior.  And after I transmuted stuff[0m
[14:45] [0m                    to have all legendary ingredients.[0m
[14:46] [0mMythkeeper <Craft>: enchanter mskill ftw[0m
[14:46] [0mInquisitor <Craft>: Only have miner...[0m
[14:46] [0mInquisitor <Craft>: Correction, 5 miner, 4 blacksmith[0m
[14:49] [0m[37;1mInquisitor flaps :[0m I know it's late in boot but anybody need an item transmuted?  I haven't used[0m
[14:49] [0m                   mine.[0m
[14:54] [0mYour transmuter's stone bursts with 3 new colours![0m
[14:58] [0m[37;1m[JEDI]:[0m Reena Bel Noir arrives at the Academy.[0m
[15:06] [0m[35;1mRoken [Jedi(85)]:[0m neato 6.5% per droid lvl on robotics 3[0m
[15:06] [0m[35;1mAkir [Jedi(Knight)]:[0m laf[0m
[15:06] [0m[35;1mTaleast [Jedi(36)]:[0m laf, that's... greeaaaat[0m
[15:06] [0m[35;1mHyuga [Jedi(97)]:[0m hahahahaha, NO ONE in noc2[0m
[15:07] [0m[35;1mRoken [Jedi(85)]:[0m 15 ish droids[0m
[15:07] [0m[35;1mHyuga [Jedi(97)]:[0m i think it was 16[0m
[15:07] [0m[35;1mHyuga [Jedi(97)]:[0m just wait till you hit tier 4[0m
[15:07] [0m[35;1mHyuga [Jedi(97)]:[0m it feels impossible at first[0m
[15:08] [0m[35;1mRoken [Jedi(85)]:[0m good news Repair (L3) "WED Treadwell Repair" levels fast[0m
[15:10] [0m[31;1m[Clan] Roken :[0m brun for my bsinger.. will there be a port to UK?[0m
[15:12] [0m[37;1mRoken flaps :[0m anyone need Forge and Hammer tome III?[0m
[15:18] [0mArmy shouts: Game reboot in 48 minutes 32 seconds [0m
[15:24] [0m[37;1mNightrider flaps :[0m moo[0m
[15:24] [0m[37;1mNightrider flaps :[0m if your dup is down[0m
[15:24] [0m[37;1mNightrider flaps :[0m call the rider[0m
[15:24] [0m[37;1mNightrider flaps :[0m i have 3 dups and 3 resets with 2 unloads after reboot[0m
[15:25] [0m[37;1mNightrider flaps :[0m not playing until work calms down[0m
[15:25] [0m[37;1mGaidin flaps :[0m I can finally dual-wield Hobbit Pipes without using my (room reset![0m
[15:25] [0m[37;1mNightrider flaps :[0m ill be back after reboot[0m
[15:25] [0m[37;1mXiu flaps :[0m enjoy that till it gets you downgraded[0m
[15:26] [0m[37;1mGaidin flaps :[0m We all know you secretly have Hobbit Pipe dedicated.[0m
[15:26] [0m[37;1mRoken flaps :[0m will there a be port to UK?[0m
[15:27] [0m[37;1mXiu flaps :[0m what if all this time hobbit pipe's special actually blicked UK?[0m
[15:28] [0m[37;1mGaidin flaps :[0m But only if wielded by an Adventurer.[0m
[15:28] [0m[37;1mWert flaps :[0m im told only hardcore players get the power to instakill HK with the hobbit pipe[0m
[15:28] [0m[37;1mWert flaps :[0m err UK :P[0m
[15:29] [0m[37;1mGaidin flaps :[0m That'd be fun.  If you die against UK as an Adventuer with the Hobbit Pipe, you[0m
[15:29] [0m               get the rest of the boot as a normal character.[0m
[15:30] [0m[34;1mSally shouts:[0m some gems and corpses at SS[0m
[15:30] [0m[37;1mWert flaps :[0m don't even need a hobbit pipe, UK turns HC players into normal players[0m
[15:30] [0mArmy shouts: Game reboot in 36 minutes 14 seconds [0m
[15:33] [0m[35;1mRafiji [Jedi(21)]:[0m Does it seem like no jedi in any movie does a fakie hit, then attacks?[0m
[15:33] [0m                   Wouldn't it be effective to pretend slash then cut somewhere else?[0m
[15:37] [0m[37;1m[JEDI]:[0m Talia Ska arrives at the Academy.[0m
[15:39] [0m[32mSmith says:[0m You require 5 coins to repair Pitch Black Armour (modified) (worn).[0m
[15:40] [0mArmy shouts: Game reboot in 27 minutes [0m
[15:42] [0m[35;1mRafiji [Jedi(21)]:[0m 27 minutes! Thats not enough time at all..[0m
[15:42] [0m[32mAlbert says: [0mWhat are you doing here?  Get out at once!                    [0m
[15:42] [0m[32mAlbert says: [0mWhat are you doing here?  Get out at once!                    [0m
[15:42] [0m[32mAlbert says: [0mWhat are you doing here?  Get out at once!                    [0m
[15:43] [0m[32mAlbert says: [0mWhat are you doing here?  Get out at once!                    [0m
[15:43] [0m[32mAlbert says: [0mWhat are you doing here?  Get out at once!                    [0m
[15:47] [0mArmy shouts: Game reboot in 20 minutes 5 seconds [0m
[15:47] [0mcan say who the Ripper really is?                                       [0m
[15:47] [0m[34;1mXiu shouts:[0m wait a minute this isn't super smash bros, this is reboot![0m
[15:52] [0mArmy shouts: Game reboot in 14 minutes 53 seconds [0m
[15:54] [0m[35;1mRafiji [Jedi(21)]:[0m Can I transform my energy into something before reboot[0m
[15:54] [0m[35;1mUkyo [Jedi(Knight)]:[0m wouldn't that be nice?[0m
[15:54] [0m[35;1mAkir [Jedi(Knight)]:[0m I wish we could save a lil bit from one boot to the next, would make[0m
[15:54] [0m                     getting stuff at the start of boots easier[0m
[15:54] [0mYour transmuter's stone bursts with 2 new colours![0m
[15:54] [0m[35;1mTaleast [Jedi(36)]:[0m it is transformed into sadness at boot[0m
[15:55] [0m[35;1mRafiji [Jedi(21)]:[0m Good one![0m
[15:55] [0m[35;1mRafiji [Jedi(21)]:[0m Join the jedi, prepare to lose..[0m
[15:56] [0mArmy shouts: Game reboot in 10 minutes 59 seconds [0m
[15:56] [0m[35;1mAlstor [Jedi(Staff)]:[0m I shall be selling the Armory off shortly. Please return any borrowed[0m
[15:56] [0m                      equipment promptly.[0m
[15:56] [0m[34;1mUkyo shouts:[0m Are you ready?[0m
[15:56] [0m[35;1mRafiji [Jedi(21)]:[0m Woo maybe I'll get some vcash[0m
[15:57] [0m[35;1mAlstor [Jedi(Staff)]:[0m I sold the contents of the Armory for 596395 coins and credited your[0m
[15:57] [0m                      accounts with your share of the proceeds.[0m
[15:59] [0mArmy shouts: Game reboot in 8 minutes 4 seconds [0m
[15:59] [0m[35;1mAlstor [Jedi(Staff)]:[0m I sold the contents of the Armory for 26955 coins and credited your[0m
[15:59] [0m                      accounts with your share of the proceeds.[0m
[16:00] [0m[35;1mAlstor [Jedi(Staff)]:[0m I sold the contents of the Armory for 30935 coins and credited your[0m
[16:00] [0m                      accounts with your share of the proceeds.[0m
[16:01] [0m[35;1mAlstor [Jedi(Staff)]:[0m I sold the contents of the Armory for 119102 coins and credited your[0m
[16:01] [0m                      accounts with your share of the proceeds.[0m
[16:01] [0mArmy shouts: Game reboot in 5 minutes 53 seconds [0m
[16:02] [0m[35;1mAlstor [Jedi(Staff)]:[0m I sold the contents of the Armory for 12983 coins and credited your[0m
[16:02] [0m                      accounts with your share of the proceeds.[0m
[16:02] [0mArmy shouts: TELL ARMY if you want a free transport![0m
[16:02] [0mArmy shouts: Game reboot in 4 minutes 14 seconds [0m
[16:03] [0m[35;1mAlstor [Jedi(Staff)]:[0m I sold the contents of the Armory for 950 coins and credited your accounts[0m
[16:03] [0m                      with your share of the proceeds.[0m
[16:04] [0m[35;1mAlstor [Jedi(Staff)]:[0m I sold the contents of the Armory for 66989 coins and credited your[0m
[16:04] [0m                      accounts with your share of the proceeds.[0m
[16:04] [0m[31;1m[Clan] Martyr leaves the game.[0m  [0m
[16:04] [0mArmy shouts: Game reboot in 3 minutes [0m
[16:04] [0m[31;1m[Clan] Byron leaves the game.[0m  [0m
[16:04] [0m[31;1m[Clan] Oscar leaves the game.[0m  [0m
[16:04] [0m[31;1m[Clan] Ser leaves the game.[0m  [0m
[16:04] [0m[31;1m[Clan] Oscar enters the game.[0m  [0m
[16:04] [0m[31;1m[Clan] Oscar leaves the game.[0m  [0m
[16:04] [0m[31;1m[Clan] Toren leaves the game.[0m  [0m
[16:04] [0m[31;1m[Clan] Cambiador leaves the game.[0m  [0m
[16:04] [0m[31;1m[Clan] Byron enters the game.[0m  [0m
[16:04] [0m[31;1m[Clan] Archangel leaves the game.[0m  [0m
[16:05] [0mArmy shouts: Game reboot in 2 minutes 5 seconds [0m
[16:05] [0m[35;1mAlstor [Jedi(Staff)]:[0m I sold the contents of the Armory for 179473 coins and credited your[0m
[16:05] [0m                      accounts with your share of the proceeds.[0m
[16:05] [0m[31;1m[Clan] Bruce leaves the game.[0m  [0m
[16:05] [0m[35;1mHyuga [Jedi(97)]:[0m oh no....[0m
[16:05] [0m[31;1m[Clan] Blutash leaves the game.[0m  [0m
[16:05] [0m[35;1mHyuga [Jedi(97)]:[0m i accidentally donate my qt amuleg[0m
[16:05] [0mArmy shouts: Game reboot in 1 minute 23 seconds [0m
[16:05] [0m[34;1mGaidin shouts:[0m See y'all on the flippy-flip[0m
[16:05] [0m[35;1mHyuga [Jedi(97)]:[0m sob[0m
[16:06] [0m[35;1mAlstor [Jedi(Staff)]:[0m I sold the contents of the Armory for 349021 coins and credited your[0m
[16:06] [0m                      accounts with your share of the proceeds.[0m
[16:06] [0mArmy shouts: Game reboot in 52 seconds [0m
[16:06] [0m[31;1m[Clan] Byron :[0m port to uk?[0m
[16:06] [0m[34;1mSquirrel shouts:[0m last[0m
[16:06] [0m[34;1mGaidin shouts:[0m Last what?[0m
[16:06] [0mArmy shouts: Game reboot in 29 seconds [0m
[16:06] [0m[35;1mHyuga [Jedi(97)]:[0m hopefully it still loads cuz the box just dested it[0m
[16:06] [0m[34;1mElminster shouts:[0m last shout[0m
[16:06] [0mArmy shouts: Game reboot in 11 seconds [0m
[16:07] [0m[35;1mAlstor [Jedi(Staff)]:[0m I sold the contents of the Armory for 83700 coins and credited your[0m
[16:07] [0m                      accounts with your share of the proceeds.[0m
[16:07] [0m[35;1mUkyo [Jedi(Knight)]:[0m it won't, unfortunately[0m
[16:07] [0mArmy shouts: Following the tracks of a long abandoned rail system[0m
[16:36] [0m[31;1m[Clan] Roken wisps into existence.[0m  [0m
[16:36] [0m[31;1m[Clan] Taleast :[0m sup[0m
[16:37] [0m[31;1m[Clan] Roken :[0m sup[0m
[16:37] [0m[31;1m[Clan] Roken :[0m am i late for UK?[0m
[16:37] [0m[31;1m[Clan] Byron :[0m it's dead[0m
[16:37] [0m[31;1m[Clan] Byron :[0m i got axe[0m
[16:37] [0m[31;1m[Clan] Byron :[0m if you want to dupe[0m
[16:37] [0m[31;1m[Clan] Roken :[0m how long ago[0m
[16:37] [0m[31;1m[Clan] Byron :[0m ? 10 mins[0m
[16:37] [0m[31;1m[Clan] Nix :[0m you can still get a free port when he respawns![0m
[16:37] [0m[31;1m[Clan] Roken :[0m kk yes please[0m
[16:38] [0m[31;1m[Clan] Byron :[0m meet for dupe in a few[0m
[16:38] [0m[37;1m[JEDI]:[0m Durnoth arrives at the Academy.[0m
[16:38] [0m[31;1m[Clan] Nix :[0m cemetary ports ftw![0m
[16:38] [0m[35;1mTaleast [Jedi(36)]:[0m get transmuter high enough and you kind of can[0m
[16:38] [0m[35;1mTaleast [Jedi(36)]:[0m can smear something and transmute it into an other or something[0m
[16:38] [0m[35;1mTaleast [Jedi(36)]:[0m one item per boot[0m
[16:39] [0m[31;1m[Clan] Oscar enters the game.[0m  [0m
[16:39] [0m[34;1mOscar shouts:[0m WOO![0m
[16:39] [0m[31;1m[Clan] Aka enters the game.[0m  [0m
[16:39] [0m[34;1mModrack shouts:[0m I want my money back[0m
[16:39] [0m[34;1mDroz shouts:[0m Nice[0m
[16:39] [0m[34;1mUkyo shouts:[0m Nice desu.[0m
[16:39] [0m[34;1mAl shouts:[0m watch the language![0m
[16:39] [0m[34;1mVoodoo shouts:[0m i missed that, can you do it again?[0m
[16:39] [0m[34;1mFluffy shouts:[0m every-(censored)-thing![0m
[16:40] [0m[31;1m[Clan] Oscar :[0m +30 wis[0m
[16:40] [0m[34;1mHyuga shouts:[0m congrats[0m
[16:40] [0m[31;1m[Clan] Oscar :[0m FUCK yes[0m
[16:40] [0m[34;1mBarian shouts:[0m woot[0m
[16:40] [0m[31;1m[Clan] Roken :[0m ok i'm at SS... OH?! Woo[0m
[16:40] [0m[34;1mBahram shouts:[0m wooo wooo![0m
[16:40] [0m[31;1m[Clan] Aka leaves the game.[0m  [0m
[16:40] [0m[31;1m[Clan] Taleast :[0m me too[0m
[16:40] [0m[34;1mGaidin shouts:[0m Why does the global Monk boon not give a light source?[0m
[16:40] [0m[31;1m[Clan] Byron :[0m I'm in a noleave[0m
[16:40] [0m[31;1m[Clan] Byron :[0m I can't go to SS at the moment[0m
[16:40] [0m[34;1mMohan shouts:[0m i think you know why[0m
[16:40] [0m[31;1m[Clan] Byron :[0m will be ther ein like 10 mins[0m
[16:40] [0m[34;1mKillergate shouts:[0m thanks all[0m
[16:40] [0m[31;1m[Clan] Roken :[0m ok[0m
[16:41] [0m[34;1mAl shouts:[0m this little (lack of a) light (source) of mine, i'm gonna let it shine[0m
[16:41] [0m[37;1mFluffy <.oO>:[0m maskmenow![0m
[16:41] [0m[34;1mGaidin shouts:[0m We make fun, but they're the only guild with two gobjs: the kimono and moon rocks[0m
[16:42] [0m[34;1mWyvern shouts:[0m bards have their songbook and redaxe, same thing[0m
[16:42] [0m[34;1mByron shouts:[0m I hope you get a light just for this boot KG :P[0m
[16:42] [0m[34;1mGaidin shouts:[0m So, I'm thinking that red axe needs to be -1 light to balance things out[0m
[16:48] [0m[35;1mDroz [Jedi(42)]:[0m 1. Security 2. Business 3. Heavy Industry 4. Military 5. Labor are droids in[0m
[16:48] [0m                 shop[0m
[16:48] [0m[35;1mHyuga [Jedi(97)]:[0m good lookin out[0m
[16:49] [0m[35;1mDroz [Jedi(42)]:[0m Got my security droid early so I can finish this level and get Robotics 2[0m
[16:49] [0m[31;1m[Clan] Byron :[0m ANyone know what glvl you get ftouch as a priest?[0m
[16:49] [0m[35;1mUkyo [Jedi(Knight)]:[0m did you say a level 2 business droid?[0m
[16:50] [0m[31;1m[Clan] Nix :[0m depends on what schools you pick[0m
[16:52] [0m[31;1m[Clan] Byron :[0m you there roken?[0m
[16:53] [0m[31;1m[Clan] Roken :[0m nod[0m
[16:53] [0m[31;1m[Clan] Byron :[0m brt[0m
[16:54] [0m[32mByron says:[0m axe on ground[0m
[16:55] [0m[31;1m[Clan] Byron :[0m lemme know when you're ready[0m
[16:58] [0m[31;1m[Clan] Roken :[0m my bad[0m
[16:58] [0m[31;1m[Clan] Roken :[0m here herrr[0m
[16:58] [0m[31;1m[Clan] Byron :[0m brt[0m
[16:58] [0m[31;1m[Clan] Byron :[0m woot, spork[0m
[16:59] [31;1m[Clan] Dangerzone enters the game.[0m  [0m
[17:03] [0m[Auction] Byron (bard) : bs[0m
[17:03] [0m[Auction] Fluffy (chan) : decent ac w/smd ... there are better but it works[0m
[17:05] [0m[35;1mTaleast [Jedi(36)]:[0m whoops[0m
[17:05] [0m[31;1m[Clan] Roken :[0m @taleast need coak still?[0m
[17:06] [0m[31;1m[Clan] Roken :[0m cloak*[0m
[17:06] [0m[31;1m[Clan] Nix :[0m i got him an autoloader end of last boot[0m
[17:06] [0m[31;1m[Clan] Taleast :[0m actually, let me check[0m
[17:06] [0m[31;1m[Clan] Nix :[0m well i hope it works[0m
[17:06] [0m[31;1m[Clan] Taleast :[0m fuck[0m
[17:06] [0m[35;1mRafiji [Jedi(21)]:[0m ERm.. how do i get out of the tank of water?[0m
[17:06] [0m[31;1m[Clan] Taleast :[0m it didn't[0m
[17:06] [0m[31;1m[Clan] Nix :[0m damnit[0m
[17:06] [0m[31;1m[Clan] Roken :[0m how can ya keep it?[0m
[17:06] [0m[31;1m[Clan] Nix :[0m under 60[0m
[17:07] [0m[35;1mUkyo [Jedi(Knight)]:[0m which area?[0m
[17:07] [0m[31;1m[Clan] Roken :[0m well isn't it?[0m
[17:07] [0m[35;1mUkyo [Jedi(Knight)]:[0m type rating[0m
[17:07] [0m[31;1m[Clan] Taleast :[0m only have pitch black helmet boots and armor, nothing else saved[0m
[17:07] [0m[35;1mUkyo [Jedi(Knight)]:[0m also, don't mind the lag[0m
[17:07] [0m[35;1mUkyo [Jedi(Knight)]:[0m uh oh.[0m
[17:07] [0m[31;1m[Clan] Taleast :[0m had a bunch of stuff I removed to wear stuff Ser got me, it didn't save :([0m
[17:08] [0m[31;1m[Clan] Taleast :[0m no idea why, Iwas the only one to touch them[0m
[17:08] [0m[31;1m[Clan] Taleast :[0m I mean, if you can spare a cloak, that would be awesome[0m
[17:08] [0m[31;1m[Clan] Taleast :[0m I can try again to see if it sticks this time[0m
[17:09] [0m[31;1m[Clan] Taleast :[0m thanks again for that by the way, Nix, I got multiple hours with it at least[0m
[17:09] [0m[31;1m[Clan] Roken :[0m got one[0m
[17:09] [0m[31;1m[Clan] Taleast :[0m woot[0m
[17:09] [0m[31;1m[Clan] Nix :[0m no problem[0m
[17:09] [0m[31;1m[Clan] Roken :[0m i'll wait to go all the way thru[0m
[17:09] [0m[31;1m[Clan] Roken :[0m to rally[0m
[17:09] [0m[32mFalthrice tells you:[0m at entrance[0m
[17:10] [0m[32;1mFrom afar, you nod to Falthrice.[0m[0m
[17:11] [0m[35;1mRafiji [Jedi(21)]:[0m Why are so many rooms in chaos no exit[0m
[17:11] [0m[33;1m[PARTY][0m Lost our leader![0m
[17:11] [0m[33;1m[PARTY][0m New leader for the party: roken.[0m
[17:11] [0m[33;1m[PARTY][0m Falthrice joins the party.[0m
[17:12] [0m[32mFalthrice says:[0m thanks[0m
[17:12] [0m[33;1m[PARTY][0m Falthrice has quit the party.[0m
[17:12] [0m[37;1m[JEDI]:[0m Talia Ska arrives at the Academy.[0m
[17:13] [0m[Auction] Robert : Up for bids: Cloak of the Spirit {radiant}.[0m
[17:13] [0m[Auction] Robert : Hooligan has requested 10,000 as the opening offer.[0m
[17:13] [0m[Auction] Robert : Got 10,000 from Ash(prie).  Do I hear 10,500?[0m
[17:13] [0m[31;1m[Clan] Taleast :[0m well, not sure why it failed to stick around last time, but it bound this time[0m
[17:13] [0m[Auction] Robert : 10,000 going once![0m
[17:13] [0m[31;1m[Clan] Taleast :[0m thanks again[0m
[17:13] [0m[Auction] Robert : 10,000 going twice![0m
[17:13] [0m[Auction] Robert : Sold to Ash for 10,000 coins![0m
[17:14] [0mnewb Rafiji [jedi/34]: Does anyone know how to get out of the room filled with cotton in waldo's[0m
[17:14] [0m                       house?[0m
[17:15] [0mnewb Ukyo [jedi/117]: i'd say yes, but only because I solved that quest . . . i don't even[0m
[17:15] [0m                      remember how many years ago. but no, because i'm a senile old codger that[0m
[17:15] [0m                      can't remember that particular detail that far back.[0m
[17:16] [0mnewb Ukyo [jedi/117]: I don't even think the area will let me back in, iirc[0m
[17:16] [0mnewb Whoknows [priest/132]: yeah won't let us back in[0m
[17:16] [0m[31;1m[Clan] Roken :[0m no problemo[0m
[17:17] [0mnewb Ukyo [jedi/117]: also newb related, qinfo can be shared now, though it's best kept to[0m
[17:17] [0m                      private channels. am i wrong?[0m
[17:17] [0mnewb Rictor [monk/138]: Correct[0m
[17:17] [0mnewb Taleast [jedi/111]: good to know[0m
[17:18] [0m[31;1m[Clan] Taleast :[0m ack[0m
[17:18] [0mnewb Roken [jedi/132]: go east till you see "toy chest" then west twice, then east will get you[0m
[17:18] [0m                       out unless you are stuck deeper into waldo[0m
[17:18] [0mnewb Ukyo [jedi/117]: I think he's stuck deeper, and I think someone is helping him via tells.[0m
[17:18] [0mnewb Rafiji [jedi/34]: I figured it out, thanks. Its just a really obnoxious room[0m
[17:19] [0mnewb Caboose [cyborg/136]: well, that is questing here in a nutshell...[0m
[17:19] [0mnewb Taleast [jedi/111]: that's a paddlin'[0m
[17:22] [0m[31;1m[Clan] Michael enters the game.[0m  [0m
[17:22] [0m[31;1m[Clan] Taleast :[0m sup, Michael[0m
[17:27] [0mYour transmuter's stone bursts with 6 new colours![0m
[17:30] [0m[31;1m[Clan] Roken :[0m what is typically the tougher alphabet?[0m
[17:30] [0m[31;1m[Clan] Taleast :[0m er, rl?[0m
[17:31] [0m[31;1m[Clan] Roken :[0m dungeon[0m
[17:31] [0m[31;1m[Clan] Taleast :[0m are you looking for scaler info? I think the letter's damage is always random[0m
[17:31] [0m[31;1m[Clan] Roken :[0m need 345-379K for a wrangle[0m
[17:33] [0m[31;1m[Clan] Taleast :[0m looks like you're lookin for like 86-89? according to 3kwiki[0m
[17:34] [0m[31;1m[Clan] Taleast :[0m http://3kwiki.com/wiki/index.php/Alphabet_Dungeon_Scaling[0m
[17:34] [0m[31;1m[Clan] Taleast :[0m cannot confirm currently though[0m
[17:34] [0m[31;1m[Clan] Taleast :[0m sec, just finished mob, I can try one of them and kill a few[0m
[17:34] [0m[31;1m[Clan] Roken :[0m :( cracked it[0m
[17:34] [0m[31;1m[Clan] Taleast :[0m doh[0m
[17:35] [0m[31;1m[Clan] Roken :[0m 365k Letter A on scaler 87 for L35 Gem[0m
[17:36] [0m[31;1m[Clan] Roken :[0m still a chance to make this item legendary[0m
[17:37] [0m[31;1m[Clan] Roken :[0m 5 blacksmith mskill[0m
[17:37] [0m[31;1m[Clan] Roken :[0m doh[0m
[17:38] [0m[32mYou tell Ukyo:[0m Would you be willing to make legendary chaostone helmet?[0m
[17:38] [0m[32mYou tell Ukyo:[0m or a tip for a better wrangler for lvl 35 gem?[0m
[17:39] [0m[32mUkyo thinks . o O ([0m [32;1m sure. give me a sec? middle of making a[0m
[17:39] [0;1;32m           pair of chaostone greaves [0m [32m)[0m[0m
[17:42] [0m[32mUkyo thinks . o O ([0m [32;1m ok, legendary chaostone helmet, yea? [0m [32m)[0m[0m
[17:43] [0m[32mUkyo thinks . o O ([0m [32;1m what kind of gem do you want? stats or ac?[0m
[17:43] [0;1;32m           [0m [32m)[0m[0m
[17:44] [0m[37;1m[JEDI]:[0m Janath Meelin arrives at the Academy.[0m
[17:47] [0m[34;1mFluffy shouts:[0m resetting tacos in min or two ... be there .. or be ... somewhere else ... send[0m
[17:47] [0m               tells if you will be slowed[0m
[17:47] [0m[37;1mFluffy flaps :[0m taco reset shortly[0m
[17:48] [0m[32mYou think to Ukyo . o O ([0m [36;1m cha/int one or both [0m [32m)[0m[0m
[17:49] [0m[32mArmadillo says: [0mYour father was a hamster, and your mother smelt of Elderberries![0m
[17:50] [0m[32mArmadillo says: [0mTractor trailer trucks should be outlawed![0m
[17:50] [0m[32mArmadillo says: [0mYour father was a hamster, and your mother smelt of Elderberries![0m
[17:50] [0m[34;1mFluffy shouts:[0m anyone other goomers coming for Death Taco reset ?[0m
[17:51] [0m[34;1mHyuga shouts:[0m silly goomers[0m
[17:51] [0m[34;1mMegrim shouts:[0m ok goomer[0m
[17:51] [0m[32mUkyo thinks . o O ([0m [32;1m I can do that. [0m [32m)[0m[0m
[17:55] [0m[32mYou think to Ukyo . o O ([0m [36;1m thank you! making chao gloves [0m [32m)[0m[0m
[17:56] [0m[31;1m[Clan] Michael :[0m some spirit stuff in box[0m
[18:04] [0m[32mYou think to Ukyo . o O ([0m [36;1m woo 100 Blacksmith! [0m [32m)[0m[0m
[18:05] [0m[32;1mFrom afar, Ukyo cheers you on!!![0m[0m
[18:06] [0m[32mUkyo thinks . o O ([0m [32;1m legendary helmet in hole at guest chambers[0m
[18:06] [0;1;32m           [0m [32m)[0m[0m
[18:07] [0m[32mUkyo thinks . o O ([0m [32;1m +6int/cha [0m [32m)[0m[0m
[18:07] [0m[32;1mFrom afar, you thank Ukyo.[0m[0m
[18:08] [0m[32mYou think to Ukyo . o O ([0m [36;1m other gems i made going well :) 1x[0m
[18:08] [0;1;36m           minor 2x standard 1x major so far [0m [32m)[0m[0m
[18:10] [0m[32mYou say:[0m want other helmet?[0m
[18:10] [0m[31;1m[Clan] Oscar :[0m wooot, +6/+8 floaty[0m
[18:10] [0m[31;1m[Clan] Taleast :[0m perfecto[0m
[18:10] [0m[32mUkyo thinks . o O ([0m [32;1m other? [0m [32m)[0m[0m
[18:10] [0m[32mYou think to Ukyo . o O ([0m [36;1m superior [0m [32m)[0m[0m
[18:11] [0m[32mYou think to Ukyo . o O ([0m [36;1m chao helm [0m [32m)[0m[0m
[18:11] [0m[32mUkyo thinks . o O ([0m [32;1m not sure i'd use it. got aylin helmet. what[0m
[18:11] [0;1;32m           are the stats? [0m [32m)[0m[0m
[18:11] [0m[34;1mWhoknows shouts:[0m don't tell me that's 1k?![0m
[18:12] [0m[32mYou think to Ukyo . o O ([0m [36;1m agility.. dex? [0m [32m)[0m[0m
[18:12] [0m[32mUkyo thinks . o O ([0m [32;1m hrm. sure [0m [32m)[0m[0m
[18:12] [0m[32;1mFrom afar, Ukyo thanks you.[0m[0m
[18:12] [0m[34;1mByron shouts:[0m unfornunately laf[0m
[18:12] [0m[34;1mByron shouts:[0m I was waiting at jags but jav didn't show :P[0m
[18:13] [0m[34;1mByron shouts:[0m Although it's poetic that bard hit limiter kills me for 1k[0m
[18:14] [0m[34;1mWhoknows shouts:[0m UG Bards! Sing me a song Mr. Piano man..[0m
[18:14] [0m[36m<BS> Metaljaz :[0m it happens when you grind like we tend to[0m
[18:15] [0m[34;1mTex shouts:[0m the anvils from the sky that say acme keep on falling[0m
[18:15] [0m[34;1mOne shouts:[0m you would expect an airborne anvil to do something else?[0m
[18:15] [0m[36m<BS> Stevie :[0m try making a real elf friend and learning real elven language[0m
[18:15] [0m[36m<BS> Stevie :[0m way harder[0m
[18:15] [0m[33m .=.-----------------------------------------------------------.[0m
[18:16] [0m[32mCorath tells you:[0m You must wait, I'm currently helping someone else.       [0m
[18:20] [0m[34;1mGaidin shouts:[0m Hover in place until observed.[0m
[18:22] [0m[32mYou tell Ukyo:[0m can I still do 3 major persuasiveness even if I have 2 std[0m
[18:22] [0m        and 1 minor of the same?[0m
[18:22] [0m[32;1mFrom afar, Ukyo shakes his head no to you.[0m[0m
[18:23] [0m[32mYou tell Ukyo:[0m baked applies first?[0m
[18:23] [0m[32mUkyo thinks . o O ([0m [32;1m I think so, but I don't know for certain. I[0m
[18:23] [0;1;32m           haven't gemchanted anything in ages. should be a message for[0m
[18:23] [0;1;32m           order of application [0m [32m)[0m[0m
[18:23] [0m[32;1mFrom afar, you nod to Ukyo.[0m[0m
[18:25] [0m[32mUkyo thinks . o O ([0m [32;1m something I always take into consideration[0m
[18:25] [0;1;32m           when making a higher end set is which major gem to use, since[0m
[18:25] [0;1;32m           only 3 work. but, with various alternatives, you can get up to[0m
[18:25] [0;1;32m           +54 in a single stat if you stack'em right [0m [32m)[0m[0m
[18:26] [0m[31;1m[Clan] Sock :[0m enhances anyone[0m
[18:26] [0m[32mTourist says:[0m Get out of my way!  I'm trying to take pictures here.[0m
[18:27] [0m[31;1m[Clan] Byron :[0m aye[0m
[18:27] [0m[31;1m[Clan] Sock :[0m glazed's do +9 now so i need to hurry up and get on it[0m
[18:27] [0m[31;1m[Clan] Byron :[0m and can i get a spork to dagger?[0m
[18:27] [0m[32mYou think to Ukyo . o O ([0m [36;1m build is messed up then [0m [32m)[0m[0m
[18:30] [0m[31;1m[Clan] Xaryl enters the game.[0m  [0m
[18:30] [0m[31;1m[Clan] Archangel enters the game.[0m  [0m
[18:30] [0m[31;1m[Clan] Xaryl :[0m who has Auro Shield and axe?[0m
[18:30] [0m[36m<BS> Metaljaz :[0m my bag is full of them[0m
[18:30] [0m[36m<BS> Metaljaz :[0m be back in a few[0m
[18:31] [0m[31;1m[Clan] Byron :[0m i go taxe[0m
[18:31] [0m[31;1m[Clan] Byron :[0m gore i think has shield[0m
[18:32] [0m[32mYou tell Ukyo:[0m confirmed. I wore my greaves first with major persausiveness[0m
[18:32] [0m        then my breastplate with the minor pers and still grabbed despot[0m
[18:32] [0m        advantage[0m
[18:34] [0m[31;1m[Clan] Nix :[0m he does[0m
[18:34] [0m[31;1m[Clan] Archangel :[0m May I dup axe when it is convenient?[0m
[18:34] [0m[31;1m[Clan] Byron :[0m yeah in like 5 mins[0m
[18:34] [0m[31;1m[Clan] Byron :[0m or less[0m
[18:34] [0m[31;1m[Clan] Byron :[0m prolly[0m
[18:35] [0m[37;1mDangerzone flaps :[0m hmm ibrief all chaostone armour I wear and still glimmers[0m
[18:35] [0m[31;1m[Clan] Archangel :[0m Kewl[0m
[18:35] [0m[37;1mSer flaps :[0m have you submitted it to be ibrief'ed[0m
[18:35] [0m[31;1m[Clan] Archangel :[0m Wait at SS or where would you prefer to meet?[0m
[18:35] [0m[37;1mSer flaps :[0m "ibrief needed <item>[0m
[18:36] [0m[37;1mSer flaps :[0m "[0m
[18:36] [0m[37;1mGaidin flaps :[0m Perhaps all that glitters is old?[0m
[18:36] [0m[37;1mRoken flaps :[0m no submission[0m
[18:36] [0m[37;1mFluffy flaps :[0m cage match![0m
[18:37] [0m[37;1mTex flaps :[0m no ticket boots off train[0m
[18:38] [0m[32mYou tell Fluffy:[0m what gear is needed for changeling?[0m
[18:38] [0m[32mFluffy tells you:[0m nothing, nothing ... and nothing ... at least first couple hundred cpx[0m
[18:39] [0m[37;1m[JEDI]:[0m Kerran Halcyon arrives at the Academy.[0m
[18:39] [0m[32mYou tell Fluffy:[0m cool. How do they attack? Claws of the animal?[0m
[18:40] [0m[31;1m[Clan] Byron :[0m ss[0m
[18:40] [0m[31;1m[Clan] Byron :[0m omw[0m
[18:40] [0m[31;1m[Clan] Archangel :[0m I'm there :D[0m
[18:40] [0m[32mFluffy tells you:[0m one attack/rd ... when you get clone its gets an attack ... emote/damage[0m
[18:40] [0m        type depends on form[0m
[18:41] [0m[31;1m[Clan] Archimedes enters the game.[0m  [0m
[18:42] [0mYour transmuter's stone bursts with 6 new colours![0m
[18:43] [0m[31;1m[Clan] Martyr enters the game.[0m  [0m
[18:43] [0m[31;1m[Clan] Xaro enters the game.[0m  [0m
[18:44] [0m[31;1m[Clan] Cambiador enters the game.[0m  [0m
[18:45] [0m[31;1m[Clan] Ser :[0m showoffs[0m
[18:46] [0m[31;1m[Clan] Roken :[0m anywhere for an ez 3.1M wrangle?[0m
[18:46] [0m[31;1m[Clan] Byron :[0m chessboard[0m
[18:46] [0m[31;1m[Clan] Roken :[0m all dungeons used up[0m
[18:46] [0m[31;1m[Clan] Byron :[0m scaler 75[0m
[18:46] [0m[31;1m[Clan] Byron :[0m oh[0m
[18:46] [0m[31;1m[Clan] Ser :[0m letters[0m
[18:46] [0m[31;1m[Clan] Byron :[0m letters only get to like 1.3mil...could get 3[0m
[18:46] [0m[31;1m[Clan] Roken :[0m gem build has been all over the place[0m
[18:47] [0m[31;1m[Clan] Ser :[0m 3.2m is pol3 guardswoman[0m
[18:47] [0m[31;1m[Clan] Ser :[0m i think[0m
[18:47] [0m[31;1m[Clan] Roken :[0m cooldown on all dungeons excluding zel because headband[0m
[18:47] [0m[31;1m[Clan] Ser :[0m you know pol?[0m
[18:47] [0m[31;1m[Clan] Roken :[0m no[0m
[18:48] [0m[31;1m[Clan] Ser :[0m portal of life[0m
[18:48] [0m[31;1m[Clan] Ser :[0m east side fan out of wayhaven[0m
[18:48] [0m[31;1m[Clan] Ser :[0m standby[0m
[18:49] [0m[31;1m[Clan] Ser :[0m from magic #PATH:  [portal] e e e e e e e e e e e e e e e leave e e e e ne e e e[0m
[18:49] [0m             portal[0m
[18:49] [0m[31;1m[Clan] Ser :[0m instead of last portal though climb right tree[0m
[18:51] [0m[31;1m[Clan] Ser :[0m well[0m
[18:52] [0m[31;1m[Clan] Ser :[0m i'm gonna go help sky change her alternator[0m
[18:52] [0m[31;1m[Clan] Ser :[0m how i got roped into this i dunno but she broke down near me[0m
[18:52] [0m[31;1m[Clan] Ser :[0m so...[0m
[18:52] [0m[31;1m[Clan] Xaryl :[0m she is a TALL woman[0m
[18:52] [0m[31;1m[Clan] Ser :[0m if you don't hear from me again she murdered me[0m
[18:52] [0m[31;1m[Clan] Byron :[0m you able to work you magic on cocoon ser?[0m
[18:52] [0m[31;1m[Clan] Xaryl :[0m laugh![0m
[18:52] [0m[31;1m[Clan] Ser :[0m jk, i got my dog from her X[0m
[18:52] [0m[31;1m[Clan] Byron :[0m and greave it[0m
[18:52] [0m[31;1m[Clan] Ser :[0m yeah[0m
[18:53] [0m[31;1m[Clan] Roken :[0m finding her[0m
[18:53] [0m[32;1mFrom afar, you thank Ser.[0m[0m
[18:53] [0m[31;1m[Clan] Ser :[0m what @Roken[0m
[18:55] [0m[31;1m[Clan] Roken :[0m stack of 4 attacking me lol[0m
[18:55] [0m[31;1m[Clan] Ser :[0m yeah don't run around too much in there[0m
[18:55] [0m[31;1m[Clan] Ser :[0m the wyverns hunt[0m
[18:56] [0m[31;1m[Clan] Roken :[0m what's going to happen?[0m
[18:56] [0m[31;1m[Clan] Roken :[0m they barely bite[0m
[18:56] [0m[31;1m[Clan] Byron :[0m you'll be fine[0m
[18:56] [0m[31;1m[Clan] Byron :[0m ser is girly man[0m
[18:57] [0m[31;1m[Clan] Ser :[0m rude[0m
[18:57] [0m[31;1m[Clan] Ser :[0m go collect 20 of them and see how you do byron[0m
[18:57] [0m[31;1m[Clan] Byron :[0m i die[0m
[18:57] [0m[31;1m[Clan] Ser :[0m see[0m
[18:57] [0m[31;1m[Clan] Byron :[0m like i am to these small cubes[0m
[18:57] [0m[31;1m[Clan] Byron :[0m but i have a bullshit hit limiter[0m
[18:58] [0m[31;1m[Clan] Roken :[0m elite guardswoamn?[0m
[19:00] [0m[31;1m[Clan] Roken :[0m 3.3m worked no crack[0m
[19:01] [0m[31;1m[Clan] Ser :[0m nice[0m
[19:01] [0m[31;1m[Clan] Ser :[0m yw[0m
[19:02] [0m[32;1mFrom afar, you bow to Ser.[0m[0m
[19:03] [0m[31;1m[Clan] Roken :[0m two lizards work too Woo[0m
[19:04] [0m[31;1m[Clan] Roken :[0m thanks bunch @ser[0m
[19:04] [0m[32mScout says: That's awfully nice stuff you have there. We'll be[0m
[19:12] [31;1m[Clan] Xaryl :[0m wft!! 3 foils so far[0m
[19:13] [0m[32mScout says: One day we shall exact our revenge on Zalasta and his followers,[0m
[19:13] [0m[37;1m[JEDI]:[0m Rhaan arrives at the Academy.[0m
[19:37] [0m[37;1m[JEDI]:[0m Bithoff Jonansaan arrives at the Academy.[0m
[19:44] [0m[37;1mXiu flaps :[0m This boot on "can you find the Ned2 aura?" The clue is: beauty and love amongst the[0m
[19:44] [0m            stars.[0m
[19:52] [0mYour transmuter's stone bursts with 6 new colours![0m
[19:55] [0m[31;1m[Clan] Roken :[0m last key at erig? @zelligar[0m
[19:55] [0m[31;1m[Clan] Xaryl :[0m yes[0m
[19:55] [0m[31;1m[Clan] Roken :[0m thanks[0m
[19:56] [0m[32mErig says: [0mYou must stop Zelligar! He has gone crazy![0m
[19:56] [0m[32mErig says: [0mYou must stop Zelligar! He has gone crazy![0m
[20:11] [0m[37;1m[JEDI]:[0m Reena Bel Noir arrives at the Academy.[0m
[20:12] [0m[31;1m[Clan] Nik enters the game.[0m  [0m
[20:24] [0m[31;1m[Clan] Roken :[0m possible to give vigilant items to an alt?[0m
[20:24] [0m[31;1m[Clan] Xaryl :[0m not the items, but you can add * give that item[0m
[20:26] [0m[31;1m[Clan] Roken :[0m buy 3 * give that item[0m
[20:26] [0m[31;1m[Clan] Xaro :[0m you would have to add the AC/WC flask to an item[0m
[20:26] [0m[31;1m[Clan] Xaro :[0m then give that item[0m
[20:27] [0m[31;1m[Clan] Roken :[0m ok stat buffs definitely not[0m
[20:27] [0m[31;1m[Clan] Xaro :[0m nope[0m
[20:28] [0m[32;1mFrom afar, you thank Xaro.[0m[0m
[20:31] [0m[31;1m[Clan] Nix :[0m .... installed ubuntu on new laptop... lord help me ser[0m
[20:31] [0m[31;1m[Clan] Nix :[0m guess i got no choice but to figure shit out now... look out world Nix gon be a[0m
[20:31] [0m             coding guru in no time =P[0m
[20:33] [0m[31;1m[Clan] Nix :[0m my stepdad helped me out.. he's a project manager with Oracle... i think he spent[0m
[20:33] [0m             90% of the time shaking his head at my stupidity[0m
[20:37] [0m[31;1m[Clan] Xaryl :[0m that is what archi does when he helps me![0m
[20:38] [0m[31;1m[Clan] Nix :[0m ubuntu is so clean tho i dig it[0m
[20:38] [0m[31;1m[Clan] Nix :[0m byron's gonna hate me[0m
[20:39] [0m[31;1m[Clan] Roken :[0m should be perfect for noobs[0m
[20:39] [0m[31;1m[Clan] Nix :[0m i'll be blowing his phone up non-stop for tips and troubleshooting[0m
[20:39] [0m[31;1m[Clan] Nix :[0m is there anything below a n00b cause that's where i'm at[0m
[20:39] [0mZelligar says: The Mage Wars have given magic a bad name!                  [0m
[20:39] [0mZelligar says: Who are you?  You don't seem to be much of a threat.        [0m
[20:40] [0m[37;1m[JEDI]:[0m Alyssa K'tal arrives at the Academy.[0m
[20:40] [0m[31;1m[Clan] Xaryl :[0m There is no level zero![0m
[20:43] [0mZelligar says: Who are you?  You don't seem to be much of a threat.        [0m
[20:43] [0mZelligar says: They are coming for me! I know it!                          [0m
[20:43] [0mZelligar says: The Mage Wars have given magic a bad name!                  [0m
[20:43] [0mZelligar says: They are coming for me! I know it!                          [0m
[20:43] [0mZelligar says: The Mage Wars have given magic a bad name!                  [0m
[20:52] [0mYour transmuter's stone bursts with 5 new colours![0m
[20:55] [0m[31;1m[Clan] Dangerzone :[0m can I rally someone to my party at fantasy? for[0m
[20:55] [0m                    dangerzone please[0m
[20:57] [0m[32mYou tell Ukyo:[0m can I rally you for dangerzone from roken[0m
[20:58] [0m[32mYou tell Ukyo:[0m at fantasy[0m
[20:58] [0m[32mUkyo thinks . o O ([0m [32;1m gonna be a minute. [0m [32m)[0m[0m
[20:58] [0m[32mUkyo thinks . o O ([0m [32;1m five more rooms, give or take [0m [32m)[0m[0m
[20:58] [0m[32;1mFrom afar, you thank Ukyo.[0m[0m
[21:00] [0m[32mYou tell Ukyo:[0m on this alt to stop embiggen timer[0m
[21:01] [0m[31;1m[Clan] Taleast :[0m Woot![0m
[21:01] [32mUkyo says:[0m rally whenever you're ready[0m
[21:01] [0m[33;1m[PARTY][0m Ukyo joins the party.[0m
[21:02] [0m[33;1m[PARTY][0m Dangerzone joins the party.[0m
[21:02] [0m[31;1m[Clan] Taleast :[0m always happens, wife wants me to lay down with her and I[0m
[21:02] [0m                 fall asleep and she gets up[0m
[21:02] [0m[33;1m[PARTY][0m Ukyo has quit the party.[0m
[21:02] [0m[32;1mUkyo says, 'May the Force be with you, Dangerzone.'[0m[0m
[21:02] [0m[32;1mFrom afar, Ukyo sticks his thumb up at you and says 'No problemo'.[0m[0m
[21:04] [0m[31;1m[Clan] Roken :[0m got ukyo[0m
[21:04] [0m[37;1m[JEDI]:[0m Herah Wylann arrives at the Academy.[0m
[21:05] [0m[31;1m[Clan] Roken :[0m nekkid beating on zell, i'm bs with just stats[0m
[21:07] [0m[34;1mMaverik shouts:[0m it's not indirectly my fault either!![0m
[21:07] [0m[31;1m[Clan] Michael :[0m I'm pretty much always nekkid fighting Zell too[0m
[21:08] [0m[31;1m[Clan] Roken :[0m which lvl?[0m
[21:17] [0m[31;1m[Clan] Michael :[0m every level[0m
[21:17] [0m[31;1m[Clan] Michael :[0m it's the life of the Jensaarai[0m
[21:17] [0m[31;1m[Clan] Taleast :[0m at all times[0m
[21:17] [0m[31;1m[Clan] Taleast :[0m uphill[0m
[21:18] [0m[31;1m[Clan] Dangerzone :[0m wow bs[0m
[21:19] [0m[31;1m[Clan] Roken :[0m anyone wanna hit on qoh?[0m
[21:20] [0m[31;1m[Clan] Taleast :[0m uh, sure[0m
[21:22] [0m[33;1m[PARTY][0m Taleast joins the party.[0m
[21:24] [0m[33;1m[PARTY][0m Roken: going to implode lol[0m
[21:24] [0m[33;1m[PARTY][0m Taleast: need cpain?[0m
[21:24] [0m[33;1m[PARTY][0m Roken: im good dissipate reg[0m
[21:24] [0m[33;1m[PARTY][0m Taleast: I'm at 0% if you want me to cpain you[0m
[21:25] [0m[33;1m[PARTY][0m Roken: ok :)[0m
[21:28] [0m[33;1m[PARTY][0m Roken: uh oh 26% conc[0m
[21:28] [0m[31;1m[Clan] Roken :[0m woo almost done, thanks for the help[0m
[21:28] [0m[31;1m[Clan] Roken :[0m wl[0m
[21:30] [0m[33;1m[PARTY][0m Taleast has quit the party.[0m
[21:30] [0m[32mYou tell Taleast:[0m want the other?[0m
[21:31] [0m[32mTaleast tells you:[0m oh, you don't need both?[0m
[21:31] [0m[32;1mFrom afar, you shake hands with Taleast.[0m[0m
[21:31] [0m[32;1mFrom afar, you shake your head no to Taleast.[0m[0m
[21:31] [0m[32mYou tell Taleast:[0m mysticism, physical and shield[0m
[21:31] [0m[37;1mSquirrel flaps :[0m come get that taco reset[0m
[21:32] [0m[34;1mSquirrel shouts:[0m resetting tacos[0m
[21:32] [0m[32;1mFrom afar, Taleast thanks you.[0m[0m
[21:32] [0m[37;1mSquirrel flaps :[0m taco reset[0m
[21:32] [0m[37;1m[JEDI]:[0m Ylenic It'kla arrives at the Academy.[0m
[21:33] [0m[37;1mSquirrel flaps :[0m last call for taco reset[0m
[21:33] [0m[31;1m[Clan] Roken :[0m were there any pb cloaks at cbox?[0m
[21:34] [0m[37;1mSquirrel flaps :[0m tacos reset[0m
[21:35] [0m[31;1m[Clan] Dangerzone :[0m cool thanks[0m
[21:35] [0m[31;1m[Clan] Taleast :[0m of course, thank you as well[0m
[21:40] [0m[31;1m[Clan] Ser :[0m alternator changed successfully[0m
[21:43] [0m[31;1m[Clan] Taleast :[0m damn, freak storm, lost power like 3 times in a row[0m
[21:44] [0m[32;1mFrom afar, Grot waves in your direction.[0m[0m
[21:45] [0m[32;1mFrom afar, you wave in Grot's direction.[0m[0m
[21:54] [0m[32;1mFrom afar, Fluffy gasps in astonishment at you![0m[0m
[21:59] [0m[37;1mDangerzone flaps :[0m woops, syntax error on guildside[0m
[22:03] [0m[32mFluffy tells you:[0m stop that[0m
[22:07] [0m[31;1m[Clan] Nix :[0m so... any must download linux apps you guys suggest?[0m
[22:07] [0m[31;1m[Clan] Nik :[0m is chrome on linux? anything but that.[0m
[22:07] [0m[31;1m[Clan] Nix :[0m i have firefox downloaded already =P[0m
[22:08] [0m<- ! The Vigilant ! -> :  A destabilization Kayos event has been detected in[0m
[22:08] [0m                          Deserts of Fantasy!  We are localizing it now -[0m
[22:08] [0m                          get ready![0m
[22:17] [0m[37;1mPer flaps :[0m desert 7west flaming[0m
[22:59] [0m[31;1m[Clan] Ser :[0m taleast[0m
[23:00] [0m[31;1m[Clan] Ser :[0m got cloak[0m
[23:06] [0m[31;1m[Clan] Ser :[0m yo[0m
[23:08] [0m[37;1mSer flaps :[0m anyone have og auro shard willing to let me dupe[0m
[23:08] [0m[31;1m[Clan] Ser :[0m hmm wonder if it'll be up in an hour or so[0m
[23:08] [0m[31;1m[Clan] Nix :[0m what's that?[0m
[23:09] [0m[31;1m[Clan] Ser :[0m guess i can check[0m
[23:09] [0m[31;1m[Clan] Ser :[0m auro[0m
[23:09] [0m[31;1m[Clan] Taleast :[0m doh, sorry[0m
[23:09] [0m[31;1m[Clan] Nix :[0m i think melly may have forced reset early[0m
[23:09] [0m[31;1m[Clan] Ser :[0m what[0m
[23:09] [0m[31;1m[Clan] Taleast :[0m Roken got me earlier[0m
[23:09] [0m[31;1m[Clan] Ser :[0m taleast you want cloak[0m
[23:09] [0m[31;1m[Clan] Ser :[0m ok[0m
[23:09] [0m[31;1m[Clan] Taleast :[0m thank you though, very much[0m
[23:09] [0m[31;1m[Clan] Ser :[0m for your alt?[0m
[23:09] [0m[31;1m[Clan] Taleast :[0m well, I'm not sure if it's more useful than my current[0m
[23:09] [0m                 cloak for my jedi[0m
[23:09] [0m[31;1m[Clan] Taleast :[0m but Roken got me setup for autoload on my necro[0m
[23:09] [0m[31;1m[Clan] Ser :[0m ok cool[0m
[23:10] [0m[31;1m[Clan] Ser :[0m might grab this on my fremen[0m
[23:10] [0m[31;1m[Clan] Taleast :[0m cool cool cool[0m
[23:10] [0m[31;1m[Clan] Ser :[0m anyone mind rally party?[0m
[23:10] [0m[31;1m[Clan] Taleast :[0m I had no idea you even had a fremen[0m
[23:10] [0m[31;1m[Clan] Taleast :[0m sure[0m
[23:10] [0m[31;1m[Clan] Ser :[0m yah boot[0m
[23:10] [0m[31;1m[Clan] Taleast :[0m give me just a sec to kill blockers[0m
[23:10] [0m[31;1m[Clan] Boot enters the game.[0m  [0m
[23:11] [0m[31;1m[Clan] Taleast :[0m fantasy?[0m
[23:11] [0m[31;1m[Clan] Ser :[0m sure[0m
[23:35] [0m[37;1mVagrant flaps :[0m resetting zambies swang by[0m
[23:36] [0m[37;1mVagrant flaps :[0m resetted[0m
[23:41] [0m[34;1mThadar shouts:[0m finished oak cabinets![0m
[23:43] [0m[34;1mOne shouts:[0m I am not your futon![0m
[23:43] [0m[34;1mSer shouts:[0m i said sleep with, not on[0m
[23:44] [0m[34;1mOne shouts:[0m all right then[0m
[23:50] [0m[31;1m[Clan] Ser :[0m my xp is barely moving[0m
[23:50] [0m[31;1m[Clan] Ser :[0m from kill to kill[0m
[23:50] [0m[31;1m[Clan] Taleast :[0m for level?[0m
[23:51] [0m[31;1m[Clan] Ser :[0m no i've killed a few things and it's not really affecting my[0m
[23:51] [0m             "XP Gain"[0m
[23:51] [0m[31;1m[Clan] Ser :[0m i dont have any xp penalties/deaths[0m
[23:51] [0m[31;1m[Clan] Taleast :[0m huh[0m
[23:52] [0m[31;1m[Clan] Ser :[0m ohhhhhhhh[0m
[23:52] [0m[31;1m[Clan] Nix :[0m that's odd[0m
[23:52] [0m[31;1m[Clan] Taleast :[0m you got that titan thing on?[0m
[23:52] [0m[31;1m[Clan] Taleast :[0m no, you arne't part of that[0m
[23:52] [0m[31;1m[Clan] Ser :[0m no its cuz i was in party with hardcore[0m
[23:53] [0m[31;1m[Clan] Ser :[0m yeah working fine now[0m
[23:53] [0m[31;1m[Clan] Taleast :[0m ahh[0m
[23:53] [0m[31;1m[Clan] Ser :[0m i wasn't getting xp in party...  which is opposite of how that[0m
[23:53] [0m             is supposed to work[0m
[23:53] [0m[31;1m[Clan] Nix :[0m oo was the hc getting xp?[0m
[23:53] [0m[31;1m[Clan] Ser :[0m no idea[0m
[23:53] [0m[31;1m[Clan] Taleast :[0m I mean, I thought ld members still affected split?[0m
[23:53] [0m[31;1m[Clan] Taleast :[0m and idle[0m
[23:54] [0m[31;1m[Clan] Boot :[0m dont think so[0m
[23:54] [0m[31;1m[Clan] Taleast :[0m well, give Boot the boot and I can re-party you if you want[0m
[23:54] [0m[31;1m[Clan] Boot :[0m gonna kill a few things i think[0m
[23:55] [0m[31;1m[Clan] Nix :[0m damn spawned a cod[0m
[23:55] [0m[31;1m[Clan] Nix :[0m going to reset tacos when i clear out these works tacos[0m
