- = LOG STARTED [00:00] = -
[09:14] [0mYou can currently reforge 4 items.[0m
[09:15] [0m[37;1mEcholoc flaps :[0m thill[0m
[09:15] [0mYou can currently reforge 0 items.[0m
[09:16] [0m[37;1mEcholoc flaps :[0m spiff[0m
[09:16] [0mAshen <Craft>: mining[0m
[09:16] [0mAshen <Craft>: meh[0m
[09:17] [0mGore <Craft>: good mining to you as well[0m
[09:17] [0mAshen <Craft>: ima mine you[0m
[09:17] [0mEcholoc <Craft>: hi ho, hi ho[0m
[09:17] [0mVaan <Craft>: I don't want to craft ... I want to be a LUMBERJACK!![0m
[09:21] [0mYou can currently reforge 4 items.[0m
[09:23] [0mApocalypse <Craft>: for xmuters.. i have a bunch of frags and essences, what[0m
[09:23] [0m                    should i be xmuting them to?[0m
[09:24] [0mAl <Craft>: hearts![0m
[09:24] [0mApocalypse <Craft>: any particular kind?[0m
[09:24] [0mArahnapogue <Craft>: i'd combine them into hearts and then upgrade the[0m
[09:24] [0m                     hearts to legendary[0m
[09:24] [0mAl <Craft>: that i couldn't say.  i just assemble to hearts to save space[0m
[09:24] [0mAl <Craft>: and xmute for xmutexp[0m
[09:25] [0mAl <Craft>: i'm worthless for that sort of thing though[0m
[09:25] [0mApocalypse <Craft>: was about to say, can't anyone combine them into hearts?[0m
[09:25] [0m                    not a xmuter thing?[0m
[09:26] [0mAl <Craft>: see?  worthless[0m
[09:27] [0mEcholoc <Craft>: Al, your worth lies FAR FAR within.[0m
[09:27] [0mFlaxen <Craft>: I don't want to craft ... I want to be a LUMBERJACK!![0m
[09:35] [0mArahnapogue <Craft>: help essence[0m
[11:00] [0m[34;1mRubix shouts:[0m YABBA DABBA DOOooo...[0m
[11:03] [0m[34;1mTex shouts:[0m badda bing bang no[0m
[11:03] [0m[31;1m[Clan] Aka :[0m i have a feeling i won't be able to brun tree of life naked[0m
[11:03] [0m             next boot lol[0m
[11:07] [0m[31;1m[Clan] Taleast :[0m I'll be surprised if I can even take sac spiders next boot[0m
[11:07] [0m                 with eq, and I got the shielding to 6, I'll probably be[0m
[11:07] [0m                 back to bare-minimum golems or sitting behind a tank and[0m
[11:07] [0m                 I'm supposed to be nearly ghc[0m
[11:07] [0m[31;1m[Clan] Taleast :[0m and none of this would bother me much except for the fact[0m
[11:07] [0m                 that I'll literally be gxp penalized for my level[0m
[11:09] [0m[31;1m[Clan] Taleast :[0m but don't worry, they haven't said this is the entirety of[0m
[11:09] [0m                 the changes, I'm sure there will be a rescaling as well[0m
[11:09] [0m[31;1m[Clan] Roor :[0m Tal, back in my day you don't understand how hard we had it[0m
[11:09] [0m[31;1m[Clan] Taleast :[0m I know, right?[0m
[11:09] [0m[31;1m[Clan] Roor :[0m shit rolled down hill back in the day and you have it to easy[0m
[11:09] [0m[31;1m[Clan] Taleast :[0m as if I haven't been in the guild before when it was shit[0m
[11:10] [0m[31;1m[Clan] Taleast :[0m that's why I fucking left, it was shit[0m
[11:10] [0m[31;1m[Clan] Roor :[0m that's not good enough you need to suffer, like we did[0m
[11:10] [0m[31;1m[Clan] Taleast :[0m but I'm already suffering with Simon and Skuggo in the[0m
[11:10] [0m                 guild, can I get a suffering voucher?[0m
[11:14] [0m[34;1mNauda shouts:[0m yadda yadda...[0m
[11:15] [0m[34;1mZik shouts:[0m yodelay hee hoo[0m
[11:15] [0m[34;1mBespoke shouts:[0m Yabba dabb doo[0m
[11:15] [0m[34;1mEcholoc shouts:[0m walla walla bing bang[0m
[11:15] [0m[34;1mBespoke shouts:[0m I'd like to buy a vowel[0m
[12:44] [0mYou can currently reforge 4 items.[0m
[12:46] [0m[34;1mEcholoc shouts:[0m woot![0m
[12:47] [0m[31;1m[Clan] Prism :[0m Byron[0m
[12:47] [0m[31;1m[Clan] Prism :[0m are beads rotted like coffin[0m
[12:58] [0mYou can currently reforge 8 items.[0m
[13:00] [0mnewb Vara [changeling/9]: Is there somewhere that gives descriptions of[0m
[13:00] [0m                          areas? Like the necro area list in 3s?[0m
[13:01] [0mnewb Saim [jedi/137]: http://3kwiki.com/wiki/index.php/An_Open_3k_Wiki - has[0m
[13:01] [0m                      some, but not too many[0m
[13:02] [0mnewb Saim [jedi/137]: 'help areadirections' has some directions, but not[0m
[13:02] [0m                      descriptions[0m
[13:02] [0mnewb Saim [jedi/137]: not sure if that helps[0m
[13:02] [0mnewb Locrian [bard/58]: i'm currently working on this, but it has all of the[0m
[13:02] [0m                        newbieland areas in it. https://wemudtogether.com/ar[0m
[13:02] [0m                        easmaps/areasmaps_main.html[0m
[13:03] [0mnewb Ksemia [jedi/125]: i was going to recommend the same help file as saim[0m
[13:03] [0m                        (arealist directions). nice starter set of areas[0m
[13:03] [0mnewb Glorfindel [Wizard]: Hey Vara... If you have an idea of about how big a[0m
[13:03] [0m                          thing you can handle, you would likely do well[0m
[13:03] [0m                          asking for suggestions of where to find things in[0m
[13:03] [0m                          that range...[0m
[13:03] [0m[31;1m[Clan] Prism :[0m BOTSCAR MORE LIKE IT[0m
[13:03] [0mnewb Vara [changeling/9]: Alright[0m
[13:03] [0mnewb Vara [changeling/9]: I gotta go or now[0m
[13:03] [0mnewb Vara [changeling/9]: for[0m
[13:22] [0m[34;1mFlaxen shouts:[0m fno[0m
[13:23] [0m[31;1m[Clan] Boscar :[0m nah, beads you gotta keep running[0m
[13:23] [0m[31;1m[Clan] Boscar :[0m they suck to drop[0m
[13:23] [0m[31;1m[Clan] Prism :[0m can you dupe em?[0m
[13:23] [0m[31;1m[Clan] Boscar :[0m yep[0m
[13:23] [0m[31;1m[Clan] Prism :[0m Interesting[0m
[13:23] [0m[31;1m[Clan] Boscar :[0m beads are bop too most the time[0m
[13:24] [0m[31;1m[Clan] Decav :[0m dumb question - you cant dupe a bop item then?[0m
[13:25] [0m[31;1m[Clan] Boscar :[0m you can[0m
[13:25] [0m[31;1m[Clan] Boscar :[0m the owner can[0m
[13:25] [0m[31;1m[Clan] Decav :[0m nog[0m
[13:25] [0m[31;1m[Clan] Boscar :[0m So, if I have a BOP pair of beads and dupe, I can dupe it[0m
[13:25] [0m[31;1m[Clan] Boscar :[0m But I couldn't give it to you and you dupe it[0m
[13:25] [0m[31;1m[Clan] Prism :[0m Oh, LAME, I was gunna start duping em for Decav[0m
[13:25] [0m[31;1m[Clan] Decav :[0m im gettin to the point where beads are nice, so unfortunately[0m
[13:25] [0m               joining the beads rat race, lol[0m
[13:26] [0m[31;1m[Clan] Sparkie :[0m beads?[0m
[13:26] [0m[31;1m[Clan] Prism :[0m Maybe I can find who has some and trade em dupes or something[0m
[13:26] [0m               idk I'll see what people are willing to do[0m
[13:26] [0m[31;1m[Clan] Decav :[0m <3[0m
[13:26] [0m[31;1m[Clan] Boscar :[0m you want them for prism?[0m
[13:26] [0m[31;1m[Clan] Prism :[0m no I want to give em to Decav[0m
[13:26] [0m[31;1m[Clan] Boscar :[0m ah, nod[0m
[13:26] [0m[31;1m[Clan] Decav :[0m nah he's helping me getting em[0m
[13:26] [0m[31;1m[Clan] Boscar :[0m beads are a gamechanger for mages[0m
[13:26] [0m[31;1m[Clan] Prism :[0m I have dupe6 on Prism, nothing on akir or vidae, sAD![0m
[13:26] [0m[31;1m[Clan] Boscar :[0m sparkie - beads are an other that Dotar drops[0m
[13:26] [0m[31;1m[Clan] Decav :[0m beads are hp heals, drops from dotar in wsea. i think you[0m
[13:26] [0m               grasp em and trade sps for hps[0m
[13:27] [0m[31;1m[Clan] Boscar :[0m Dotar is one of the big bosses in westersea[0m
[13:27] [0m[31;1m[Clan] Boscar :[0m Exactly what Decav said.[0m
[13:27] [0m[31;1m[Clan] Prism :[0m overmax hp, not heals right?[0m
[13:27] [0m[31;1m[Clan] Boscar :[0m YOu can get 500% overmax with them[0m
[13:27] [0m[31;1m[Clan] Prism :[0m or do they work the same.. oh jesus[0m
[13:27] [0m[34;1mFlaxen shouts:[0m sheeeouuuuut[0m
[13:27] [0m[31;1m[Clan] Boscar :[0m Well, if you're <100% it's a heal, if you're over it's[0m
[13:27] [0m                overmax so same difference :D[0m
[13:27] [0m[31;1m[Clan] Prism :[0m brb Gusbutt has to go poopoo[0m
[13:27] [0m[31;1m[Clan] Prism :[0m nog[0m
[13:27] [0m[31;1m[Clan] Decav :[0m oh wow. that part i did not know, yeah that's nice[0m
[13:28] [0m[31;1m[Clan] Boscar :[0m They absolutely SUCK to farm[0m
[13:28] [0m[31;1m[Clan] Decav :[0m ive been makin do with spirit cloak but now stuff i wanna[0m
[13:28] [0m               fight can do like 50/rnd to me[0m
[13:28] [0m[34;1mAl shouts:[0m let it all out![0m
[13:28] [0m[31;1m[Clan] Boscar :[0m I've spent like 30 refreshes trying to get them before[0m
[13:28] [0m[31;1m[Clan] Boscar :[0m He drops a lot of different items[0m
[13:28] [0m[31;1m[Clan] Decav :[0m oh god thats awful. is he slidable/resettable etc?[0m
[13:28] [0m[31;1m[Clan] Boscar :[0m I dont remember if you can timeslide[0m
[13:29] [0m[34;1mFlaxen shouts:[0m die die die die[0m
[13:29] [0m[31;1m[Clan] Boscar :[0m I blow my dupe creature on him often[0m
[13:29] [0m[31;1m[Clan] Decav :[0m laf no wonder, when frank asked us what people wanted changed[0m
[13:29] [0m               everyone said they would take a beads drop change over gobj[0m
[13:29] [0m               changes[0m
[13:29] [0m[34;1mAl shouts:[0m The Bart The?[0m
[13:29] [0m[34;1mHsima shouts:[0m I DID, WHAT MORE DO YOU WANT FROM ME[0m
[13:29] [0m[31;1m[Clan] Decav :[0m which is kinda silly[0m
[13:29] [0m[31;1m[Clan] Boscar :[0m lol[0m
[13:29] [0m[31;1m[Clan] Decav :[0m ...but also maybe not that silly[0m
[13:29] [0m[31;1m[Clan] Boscar :[0m beads are just so sick for mages[0m
[13:29] [0m[31;1m[Clan] Boscar :[0m because you have so much sp[0m
[13:29] [0m[31;1m[Clan] Decav :[0m and immersion :)[0m
[13:29] [0m[31;1m[Clan] Decav :[0m i assume that works/[0m
[13:30] [0m[31;1m[Clan] Boscar :[0m negative[0m
[13:30] [0m[31;1m[Clan] Decav :[0m or does it still take sps?[0m
[13:30] [0m[31;1m[Clan] Decav :[0m boo![0m
[13:30] [0m[31;1m[Clan] Boscar :[0m it will take sps if using MI[0m
[13:30] [0m[31;1m[Clan] Boscar :[0m I have a useful alias that checks for how many graps it[0m
[13:30] [0m                takes to get to 500%, and based on a minimum amount of sp[0m
[13:30] [0m                you should leave yourself it, and do the minimum of those[0m
[13:30] [0m                two.[0m
[13:31] [0m[31;1m[Clan] Decav :[0m nice - so MI still tops you off[0m
[13:31] [0m[31;1m[Clan] Boscar :[0m Nog, I have it in my heartbeat[0m
[13:31] [0m[31;1m[Clan] Boscar :[0m So if I'm over 70% sps or something, check if I can/should[0m
[13:31] [0m                heal myself[0m
[13:40] [0m[31;1m[Clan] Prism :[0m Gus went poopoo![0m
[13:40] [0m[31;1m[Clan] Boscar :[0m goooo gus[0m
[13:41] [0m[31;1m[Clan] Taleast :[0m woot![0m
[13:41] [0m[31;1m[Clan] Taleast :[0m why are we wooing?[0m
[13:41] [0m[31;1m[Clan] Prism :[0m My dog went poopoo[0m
[13:41] [0m[31;1m[Clan] Taleast :[0m isnt that his dog?[0m
[13:41] [0m[31;1m[Clan] Boscar :[0m yeah, positive reinforcement[0m
[13:41] [0m[31;1m[Clan] Decav :[0m WOO GUS, GOOD BOY![0m
[13:41] [0m[31;1m[Clan] Taleast :[0m did you take a walkwalk?[0m
[13:42] [0m[31;1m[Clan] Prism :[0m Nah, not yet, we walk around the backyard[0m
[13:42] [0m[31;1m[Clan] Saim :[0m someday your dog will show as much enthusiasm when u poop[0m
[13:45] [0m[31;1m[Clan] Boscar :[0m I also got lvl 80 :([0m
[13:45] [0m[31;1m[Clan] Boscar :[0m nobody cares[0m
[13:45] [0m[31;1m[Clan] Roor :[0m yeah no one cares[0m
[13:45] [0m[31;1m[Clan] Roor :[0m come fight UK at boot[0m
[13:45] [0m[31;1m[Clan] Taleast :[0m skill points are serious business[0m
[13:46] [0m[31;1m[Clan] Roor :[0m then maybe we'll care[0m
[13:46] [0m[31;1m[Clan] Boscar :[0m gentechs are losers now[0m
[13:46] [0m[31;1m[Clan] Boscar :[0m play your hc[0m
[13:46] [0m[31;1m[Clan] Prism :[0m rude[0m
[13:47] [0m[31;1m[Clan] Boscar :[0m there's only dissapointment there![0m
[13:47] [0m[31;1m[Clan] Prism :[0m I commited myself, stop trying to make me make a 4th that[0m
[13:47] [0m               gets nowhere[0m
[14:06] [0m[34;1mFlaxen shouts:[0m booger butts[0m
[14:06] [0mnewb Rhyson [necromancer/88]: How do I turn off More on my mudcommands?[0m
[14:07] [0m[34;1mZiphe shouts:[0m at first I read that as longer boots and I was gonna high five[0m
[14:07] [0m              flaxen, but not anymore[0m
[14:07] [0mnewb Gaidin [priest/134]: setmod ROWS 100000[0m
[14:07] [0mnewb Rhyson [necromancer/88]: ah setmod! Thanks. :)[0m
[14:07] [0m[34;1mFlaxen shouts:[0m up with skirts[0m
[14:08] [0m[34;1mGlorfindel shouts:[0m Down with tank tops?[0m
[14:08] [0m[34;1mEcholoc shouts:[0m that works.[0m
[14:09] [0m[34;1mSaim shouts:[0m I ordered a dozen bees online, and when I got the package it[0m
[14:09] [0m             was 13 bees. I called the person I bought them from, and he[0m
[14:09] [0m             told me it was a freebee.[0m
[14:10] [0m[34;1mEcholoc shouts:[0m Down With Pants![0m
[14:29] [0m[34;1mZanadu shouts:[0m day 7 at ss for limited time. next available time in an hour[0m
[14:35] [0m[34;1mZanadu shouts:[0m ender poofed cmc![0m
[14:36] [0m[34;1mEnder shouts:[0m Poof on you:)[0m
[14:36] [0m[34;1mZanadu shouts:[0m next cmc dupe time in about an hour[0m
[14:39] [0m[34;1mBoscar shouts:[0m I'd like to schedule a duping for december 14th, is there[0m
[14:39] [0m               anything available in the morning?[0m
[14:39] [0m[34;1mRoor shouts:[0m you need a negative covid test from atleast 48 hours beforehand[0m
[14:39] [0m             to schedule your appointment[0m
[14:40] [0m[34;1mAlassra shouts:[0m go for the first AM appointment on Monday[0m
[14:42] [0mEnder <Craft>: hrm. stash all sometimes fails but you can still stash items[0m
[14:42] [0m               individually eh?[0m
[14:43] [0mStasis <Craft>: stash all sometimes fails?[0m
[14:43] [0mWiener <Craft>: I've seen it hit limit, but not outright fail[0m
[14:44] [0mGaidin <Craft>: Yea, max stash/unstash is 50[0m
[14:54] [0m[34;1mEcholoc shouts:[0m woot[0m
[14:58] [0m[31;1m[Clan] Boscar :[0m this food lasts a long time (crafting)[0m
[14:59] [0m[31;1m[Clan] Boscar :[0m nfi how much dmg this breath attack does[0m
[15:15] [0mYou can currently reforge 12 items.[0m
[15:32] [0m[37;1mTuba flaps :[0m zombie reset anyone? don't worry, i've aliased it now[0m
[15:33] [0m[37;1mTuba flaps :[0m going twice[0m
[15:33] [0m[37;1mWert flaps :[0m abid min![0m
[15:52] [0m[37;1mNukem flaps :[0m better off zed?[0m
[15:52] [0mEcholoc <.oO>: BOOM![0m
[15:54] [0m[34;1mEcholoc shouts:[0m woot![0m
[15:55] [0mEcholoc <.oO>: what was the command to get the xp cost per point of a power?[0m
[15:55] [0mAlassra <.oO>: (learn details[0m
[15:59] [0m[34;1mZanadu shouts:[0m cmc 7day at ss for a short time[0m
[15:59] [0mEcholoc <.oO>: refresh room gets charges per cooldown?[0m
[16:00] [0m[34;1mZanadu shouts:[0m anyone else?[0m
[16:02] [0m[37;1mNukem flaps :[0m Defense  : OJ[0m
[16:04] [0m[31;1m[Clan] Sock wiggles on your foot.[0m  [0m
[16:05] [0m[34;1mZanadu shouts:[0m okay one more time i'll be back at ss for cmc 7 dupes if[0m
[16:05] [0m               anyone wants, it will be a while for next availability[0m
[16:11] [0m[34;1mZanadu shouts:[0m 7 day suit at ss for another minute[0m
[16:14] [0mYou can currently reforge 0 items.[0m
[16:15] [0mYou can currently reforge 4 items.[0m
[16:16] [0m[37;1mSer flaps :[0m anyone need to dupe string 1 last time[0m
[16:23] [0m[37;1mNukem flaps :[0m People are gambling all the time. I gambled today, I had[0m
[16:23] [0m              Chinese food.[0m
[16:26] [0m[37;1mEllegon flaps :[0m sounds racist. rephrase? bad takeout?[0m
[16:54] [0m[37;1mCaeli flaps :[0m Is it possible to Rick Roll yourself?[0m
[16:55] [0m[37;1mEcholoc flaps :[0m yes[0m
[16:56] [0m[37;1mCaeli flaps :[0m Good to know. I really just did it talking about my dog[0m
[16:56] [0m              misbehving.[0m
[16:58] [0m[31;1m[Clan] Boscar :[0m I've written 554 tests since last week[0m
[16:58] [0m[31;1m[Clan] Boscar :[0m shoot me[0m
[16:59] [0m[31;1m[Clan] Boscar :[0m It did lead to finding some attacks against the API I didnt[0m
[16:59] [0m                think of, but fuckkkk[0m
[16:59] [0m[31;1m[Clan] Prism :[0m I have only gotten single echelons today. Who do I speak to[0m
[16:59] [0m               about this?[0m
[16:59] [0m[32mKerym says: [0mWell met, Swordbrother Dangerzone, May the Seldarine's Blessings be upon you.[0m
[16:59] [0mYou can currently reforge 0 items.[0m
[17:00] [0m[31;1m[Clan] Boscar :[0m simon[0m
[17:10] [0m[31;1m[Clan] Roor :[0m you know nothing of the attacks coming your way Boscar[0m
[17:10] [0m[31;1m[Clan] Roor :[0m remember those Russians that infiltrated 3kdb[0m
[17:10] [0m[31;1m[Clan] Roor :[0m yeah well, i got them on your trail with your little coding[0m
[17:10] [0m              endeavor[0m
[17:19] [0m[31;1m[Clan] Boscar :[0m fuckin russkis[0m
[17:22] [0mYou can currently reforge 4 items.[0m
[17:26] [0m[31;1m[Clan] Dangerzone :[0m tilix, nice. what do ya use?[0m
[17:27] [0m[31;1m[Clan] Boscar :[0m huh[0m
[17:27] [0m[31;1m[Clan] Dangerzone :[0m terminal emulator[0m
[17:32] [0m[31;1m[Clan] Boscar :[0m i use tmux[0m
[17:32] [0m[31;1m[Clan] Boscar :[0m never heard of tilix[0m
[17:33] [0m[32mTurnhold tells you: lol did u send an unsolicited pic to my email address?[0m[0m
[17:33] [0m[34;1mAlassra shouts:[0m depends on what it's a pic of[0m
[17:33] [0m[34;1mDangerzone shouts:[0m TH rick rolling[0m
[17:33] [0m[34;1mDin shouts:[0m unsolicited.. yeah[0m
[17:33] [0m[34;1mChrys shouts:[0m Penguin porn is totally legal!![0m
[17:33] [0m[34;1mTaleast shouts:[0m Your mouth may not have asked, but your eyes did[0m
[17:34] [0m[34;1mSaim shouts:[0m its rude of TH to send those fake tells, jeez[0m
[17:34] [0m[34;1mCrolack shouts:[0m I sent you a Richard Nixon pic.[0m
[17:34] [0m[34;1mBliss shouts:[0m laff[0m
[17:34] [0m[34;1mPrismal shouts:[0m like what you see?[0m
[17:35] [0m[34;1mZik shouts:[0m arooo[0m
[17:35] [0m[34;1mSparkie shouts:[0m maybe![0m
[17:36] [0m[31;1m[Clan] Taleast :[0m oh fuck[0m
[17:36] [0m[31;1m[Clan] Dangerzone :[0m oh no[0m
[17:36] [0m[31;1m[Clan] Dangerzone :[0m oh no[0m
[17:36] [0m[31;1m[Clan] Sparkie :[0m oh snap![0m
[17:36] [0m[31;1m[Clan] Decav :[0m ah shit sorry dude[0m
[17:36] [0m[31;1m[Clan] Boscar :[0m hmmmm[0m
[17:36] [0m[37;1mBoscar flaps :[0m Res! I need a res![0m
[17:36] [0m[31;1m[Clan] Dangerzone :[0m wow less than your bk[0m
[17:37] [0m[31;1m[Clan] Taleast :[0m it's those fucking specials[0m
[17:37] [0m[31;1m[Clan] Taleast :[0m they hurt[0m
[17:37] [0m[31;1m[Clan] Taleast :[0m specially the energy ones[0m
[17:37] [0m[31;1m[Clan] Boscar :[0m my barksin wore off, I died next round[0m
[17:37] [0m[31;1m[Clan] Boscar :[0m maybe that was it[0m
[17:37] [0m[31;1m[Clan] Sparkie :[0m ouch[0m
[17:37] [0m[31;1m[Clan] Boscar :[0m But my hmserver2 didnt fire either[0m
[17:38] [0m[31;1m[Clan] Boscar :[0m hrmmm[0m
[17:38] [0m Tier Power                : Enrg Cooldn CooldR +Tier[0m
[17:38] [0m ---- -------------------- : ---- ------ ------ -----[0m
[17:38] [0m  0/5 [33;1mdestroy              :   35   7.0D   7.0D  7.5B [0m[0m
[17:38] [0m  0/5 [33;1mdivine insight       :   25   2.0D   2.0D  3.5B [0m[0m
[17:38] [0m  0/6 [33;1mduplicate creature   :   25   5.0h   5.0h  3.0B [0m[0m
[17:38] [0m  1/6 [32;1mduplicate item       :   35   7.0D   1.7D  4.9B [0m[0m
[17:38] [0m  0/6 [33;1membiggen             :   22   1.5D   1.5D  3.2B [0m[0m
[17:38] [0m  0/7 [33;1menergy well          :   55   2.0h   2.0h  1.5B [0m[0m
[17:38] [0m  0/6 [33;1menlarge              :    8   1.0h   1.0h  2.0B [0m[0m
[17:38] [0m  0/5 [33;1mfarsight             :    9   2.0h   2.0h  2.8B [0m[0m
[17:38] [0m  0/6 [33;1mfry                  :   25   5.0h   5.0h  2.0B [0m[0m
[17:38] [0m  0/6 [33;1mhasten               :    5    10m    10m  3.5B [0m[0m
[17:38] [0m  0/5 [33;1mheal                 :   25   1.0h   1.0h  2.5B [0m[0m
[17:38] [0m  0/5 [33;1mheightened awareness :   75   7.0D   7.0D  7.5B [0m[0m
[17:38] [0m  0/5 [33;1mimmortality          :   20  14.0D  14.0D  3.5B [0m[0m
[17:38] [0m  0/5 [33;1mpick pocket          :   25   7.0D   7.0D  5.0B [0m[0m
[17:38] [0m  0/5 [33;1mprotection           :   25  12.0h  12.0h  2.5B [0m[0m
[17:38] [0m  0/7 [33;1mquicken              :   35    20m    20m  1.5B [0m[0m
[17:38] [0m  0/6 [33;1mredact               :   55   1.0D   1.0D  9.0B [0m[0m
[17:38] [0m  0/4 [33;1mrefresh area         :   75   7.0D   7.0D  5.5B [0m[0m
[17:38] [0m  0/4 [33;1mrefresh item         :   50   1.0D   1.0D  1.0B [0m[0m
[17:38] [0m  1/4 [32;1mrefresh room         :   15  20.0h    RDY  7.1B [0m[0m
[17:38] [0m  0/2 [33;1mreload item          :   50  1.0xB     --  5.0B [0m[0m
[17:38] [0m  0/3 [33;1mreset dungeon        :   15   4.0D   4.0D  4.5B [0m[0m
[17:38] [0m  0/5 [33;1mresurrect            :   35  2.0xB     --  2.2B [0m[0m
[17:38] [0m  0/5 [33;1mshred                :   15  12.0h  12.0h  1.5B [0m[0m
[17:38] [0m  0/7 [33;1msummon               :   55   1.0D   1.0D  5.8B [0m[0m
[17:38] [0m  0/7 [33;1mteleport             :   45   1.0D   1.0D  5.2B [0m[0m
[17:38] [0m  0/3 [33;1munload room          :   50   4.0D   4.0D  8.0B [0m[0m
[17:38] [0m[31;1m[Clan] Sparkie :[0m thats problematic[0m
[17:38] [0m[31;1m[Clan] Taleast :[0m mudside?[0m
[17:38] [0m[31;1m[Clan] Boscar :[0m ya[0m
[17:38] [0m[31;1m[Clan] Boscar :[0m reflex[0m
[17:38] [0m[31;1m[Clan] Taleast :[0m maybe worth a chat[0m
[17:39] [0m[31;1m[Clan] Taleast :[0m although, can a reflex fire before the damage when it does[0m
[17:39] [0m                 enough to blick?[0m
[17:39] [0mYou can currently reforge 0 items.[0m
[17:39] [0m[31;1m[Clan] Boscar :[0m welp, thats all folks[0m
[17:40] [0m[31;1m[Clan] Taleast :[0m I don't know if it's like pheal, bro[0m
[17:40] [0m[31;1m[Clan] Boscar leaves the game.[0m  [0m
[17:40] [0m[31;1m[Clan] Oscar enters the game.[0m  [0m
[17:49] [0m[31;1m[Clan] Ser :[0m i think reflex fires right at round end[0m
[17:49] [0m[31;1m[Clan] Oscar :[0m nah, it goes between actions[0m
[17:49] [0m[31;1m[Clan] Oscar :[0m I THINK[0m
[17:50] [0m[31;1m[Clan] Oscar :[0m but, you could be right too[0m
[17:50] [0m[31;1m[Clan] Oscar :[0m *shakes fist*[0m
[17:50] [0m[31;1m[Clan] Oscar :[0m Ya know, this is really all YOUR fault[0m
[17:50] [0m[31;1m[Clan] Oscar :[0m If I'd had a jugger gnome[0m
[17:50] [0m[31;1m[Clan] Oscar :[0m Then we'd be sitting pretty drinkin pina coladas in the rain[0m
[17:50] [0m[31;1m[Clan] Prism :[0m why would we do that?[0m
[17:50] [0m[31;1m[Clan] Prism :[0m oh fuck you died, I'm sorry dude[0m
[17:51] [0m[31;1m[Clan] Oscar :[0m I asked roor for a mend[0m
[17:51] [0m[31;1m[Clan] Oscar :[0m he told me to go fuck myself[0m
[17:51] [0m[31;1m[Clan] Prism :[0m that is really mean[0m
[17:51] [0m[31;1m[Clan] Oscar :[0m nod, BULLY[0m
[17:52] [0m[31;1m[Clan] Taleast :[0m I doubt that because I think he's either driving home or[0m
[17:52] [0m                 fell asleep :D[0m
[17:53] [0m[31;1m[Clan] Taleast :[0m I touched him in a no no place and there were no complaints[0m
[17:57] [0m[31;1m[Clan] Oscar :[0m he's married. he's got no fight left[0m
[17:58] [0m[31;1m[Clan] Taleast :[0m oh I think he's back[0m
[17:59] [0m[31;1m[Clan] Taleast :[0m hide[0m
[17:59] [0m[31;1m[Clan] Prism :[0m who[0m
[17:59] [0m[31;1m[Clan] Taleast :[0m I can't say shit about him, out of 4 hours earlier today I[0m
[17:59] [0m                 think we spent 2-2.5 in combat, kept getting distracted by[0m
[17:59] [0m                 work[0m
[18:00] [0m[31;1m[Clan] Prism :[0m I'm very good at saying shit about people. Who we talking[0m
[18:00] [0m               about?[0m
[18:00] [0m[31;1m[Clan] Taleast :[0m Oscar[0m
[18:00] [0m[31;1m[Clan] Prism :[0m He STINKS[0m
[18:13] [0m[32mYou say:[0m test[0m
[18:22] [0mYou can currently reforge 4 items.[0m
[18:29] [0m[37;1mNukem flaps :[0m Alright, who wants to listen to Billy Ray?[0m
[18:31] [0m[31;1m[Clan] Roor :[0m OHHHHH Boscar you died? wtf?[0m
[18:31] [0m[37;1mNukem flaps :[0m https://www.youtube.com/watch?v=byQIPdHMpjc[0m
[18:32] [0m[31;1m[Clan] Taleast :[0m Roor already knew, I told him, he just wanted to twist the[0m
[18:32] [0m                 knife?[0m
[18:32] [0m[31;1m[Clan] Taleast :[0m why the fuck did I use a question mark?[0m
[18:33] [0m[31;1m[Clan] Taleast :[0m also, joking[0m
[18:33] [0m[31;1m[Clan] Roor :[0m i had to go back to see the logs about why i had no fight left[0m
[18:33] [0m              in me, and i discovered that travesty[0m
[18:33] [0m[31;1m[Clan] Roor :[0m the mud should go into a period of mourning over the loss of[0m
[18:33] [0m              the great boscar[0m
[18:33] [0m[31;1m[Clan] Prism :[0m I did and already got over it[0m
[18:35] [0m[31;1m[Clan] Roor :[0m if we had the right hardcore group i bet we could powerlevel[0m
[18:35] [0m[31;1m[Clan] Roor :[0m a gnome, and 2 or 3 dps[0m
[18:37] [0m[31;1m[Clan] Oscar :[0m that's a great idea roor[0m
[18:37] [0m[31;1m[Clan] Oscar :[0m we should do that[0m
[18:38] [0m[31;1m[Clan] Roor :[0m a gnome can tank great quickly[0m
[18:38] [0m[31;1m[Clan] Oscar :[0m but shit dmg[0m
[18:38] [0m[31;1m[Clan] Roor :[0m ala the SoL special[0m
[18:38] [0m[31;1m[Clan] Roor :[0m gather a few HC's ... mentals/necros and just go all out[0m
[18:38] [0m              offense[0m
[18:38] [0m[31;1m[Clan] Oscar :[0m you hear this great idea roor has guys?[0m
[18:38] [0m[31;1m[Clan] Oscar :[0m I could be the priest![0m
[18:38] [0m[31;1m[Clan] Prism :[0m no[0m
[18:39] [0m[31;1m[Clan] Roor :[0m we don't need a priest, definitely not a dead one[0m
[18:39] [0m[34;1mZanadu shouts:[0m cmc day 7 at ss probably for last time tonight[0m
[18:39] [0m[31;1m[Clan] Oscar :[0m just rude[0m
[18:40] [0m[31;1m[Clan] Oscar :[0m well, while I'm figuring out how to summon stuff, gxp isn't[0m
[18:40] [0m               so bad doing 200-600 dmg a round[0m
[18:40] [0m[31;1m[Clan] Zik :[0m i can bring a necro! wish id made a hc jugg[0m
[18:40] [0m[31;1m[Clan] Oscar :[0m woo![0m
[18:40] [0m[31;1m[Clan] Oscar :[0m jugg is definitely the best HC imo[0m
[18:40] [0m[31;1m[Clan] Oscar :[0m if you just want to get big and not have any utility[0m
[18:41] [0m[31;1m[Clan] Prism :[0m I'm too shitty of a 3ker to be the gnome jug in this thing[0m
[18:42] [0m[31;1m[Clan] Prism :[0m but I could do ELE :D[0m
[18:42] [0m[31;1m[Clan] Oscar :[0m woo![0m
[18:43] [0m[31;1m[Clan] Oscar leaves the game.[0m  [0m
[18:43] [0m[31;1m[Clan] Prism :[0m I didn't mean right now wtf..[0m
[18:47] [0m[31;1m[Clan] Roor :[0m got a big meat order in tonight... my dumbass grabbed it all[0m
[18:47] [0m              barehanded...[0m
[18:47] [0m[31;1m[Clan] Prism :[0m I got a big meat order for you right here I'm sorry I'm[0m
[18:47] [0m               trying to delete this[0m
[18:47] [0m[31;1m[Clan] Roor :[0m now the skin on my finger tips is falling off cause of the dry[0m
[18:47] [0m              ice[0m
[18:47] [0m[31;1m[Clan] Roor :[0m laf[0m
[18:47] [0m[31;1m[Clan] Taleast :[0m um, what's happening?[0m
[18:48] [0m[31;1m[Clan] Prism :[0m Something beautiful[0m
[18:48] [0m[31;1m[Clan] Roor :[0m 4 sets of spare ribs, two 18lb briskets, 4 10oz filets, 2[0m
[18:48] [0m              tri-tips[0m
[18:48] [0m[31;1m[Clan] Roor :[0m and a partridge in a pear tree[0m
[18:48] [0m[34;1mZanadu shouts:[0m cmc probably gone for the night...[0m
[18:48] [0m[31;1m[Clan] Taleast :[0m oh, your order was packed in dry ice, suddenly I[0m
[18:48] [0m                 undersatand[0m
[18:48] [0m[31;1m[Clan] Roor :[0m yeah, i was too excited to grab gloves[0m
[18:48] [0m[31;1m[Clan] Roor :[0m now i can't feel my finger tips on my right hand =P[0m
[18:50] [0m[31;1m[Clan] Taleast :[0m https://s1.r29static.com/bin/entry/ae3/340x283,85/1877048/i[0m
[18:50] [0m                 mage.webp[0m
[19:00] [0m[31;1m[Clan] Roor :[0m 39-40 is like 30m iirc[0m
[19:01] [0m[31;1m[Clan] Oscar enters the game.[0m  [0m
[19:12] [0m[37;1mNukem flaps :[0m One of the annoying parts of living in gov'ment housing is[0m
[19:12] [0m              they randomly inspect the property. Good thing I keep my house[0m
[19:12] [0m              in order. :O[0m
[19:13] [0m[37;1mNukem flaps :[0m I have a feeling we're going to lose some of the people living[0m
[19:13] [0m              here though. It is against the contract to smoke ANYTHING in[0m
[19:13] [0m              the apartment but people still do.[0m
[19:14] [0m[31;1m[Clan] Oscar :[0m anyone have legendary voidstone?[0m
[19:15] [0m[31;1m[Clan] Oscar leaves the game.[0m  [0m
[19:15] [0m[31;1m[Clan] Taleast :[0m I mean, if I'd known earlier, I wouldn't have flushed[0m
[19:15] [0m[31;1m[Clan] Byron enters the game.[0m  [0m
[19:15] [0m[31;1m[Clan] Taleast :[0m you know, after I voided[0m
[19:16] [0m[37;1mNukem flaps :[0m I'm all legal and legit here![0m
[19:16] [0m[31;1m[Clan] Taleast :[0m don't you murderify things quickly you lazy jerk? :P[0m
[19:16] [0m[31;1m[Clan] Byron :[0m i can kill stuff, it's not gonna make me get voidstone bards[0m
[19:16] [0m               heh[0m
[19:16] [0m[31;1m[Clan] Byron :[0m bars*[0m
[19:17] [0m[31;1m[Clan] Taleast :[0m if you give me a minute I can check what I have on[0m
[19:17] [0m                 Falthrice[0m
[19:17] [0m[31;1m[Clan] Taleast :[0m what do you need?[0m
[19:17] [0m[31;1m[Clan] Byron :[0m nod, appreciate it[0m
[19:17] [0m[31;1m[Clan] Taleast :[0m what do you need?[0m
[19:17] [0m[31;1m[Clan] Byron :[0m voidstone bars, obsidian shards, opal, pearl dust[0m
[19:17] [0m[31;1m[Clan] Taleast :[0m wow, that's a shopping list[0m
[19:17] [0m[31;1m[Clan] Byron :[0m well, any of it works[0m
[19:19] [0mByron <Craft>: anyone have a heart of rage (legendary) they wanna sell me?[0m
[19:19] [0m[31;1m[Clan] Byron :[0m or a legendary heart of rage[0m
[19:19] [0m[31;1m[Clan] Taleast :[0m sorry, this mob's gonna last like 10 more minutes[0m
[19:19] [0m[31;1m[Clan] Byron :[0m its ok[0m
[19:20] [0m[31;1m[Clan] Taleast :[0m I probably have the voidstone, I doubt I have the rest,[0m
[19:20] [0m                 I've just been getting ore to feed transmuter[0m
[19:20] [0m[31;1m[Clan] Byron :[0m just wanna use them gems i crafted before boot[0m
[19:20] [0m[31;1m[Clan] Taleast :[0m and I stopped like a month ago to advance[0m
[19:20] [0m[31;1m[Clan] Taleast :[0m I haven't prospected or anything[0m
[19:20] [0m[31;1m[Clan] Byron :[0m nod. oscar cant xmute the ore i dont think. maybe he can now[0m
[19:22] [0mYou can currently reforge 8 items.[0m
[19:22] [0m[31;1m[Clan] Byron :[0m almost 90 miner tho[0m
[19:23] [0m[31;1m[Clan] Byron :[0m man din is awesome[0m
[19:23] [0m[31;1m[Clan] Byron :[0m he hooks me up w a ton of mats[0m
[19:23] [0m[31;1m[Clan] Prism :[0m I need stuff to get me from 25 to 35 trans :)[0m
[19:23] [0m[32mYou say:[0m test[0m
[19:24] [0m[31;1m[Clan] Byron :[0m whats at 35[0m
[19:31] [0m[31;1m[Clan] Byron leaves the game.[0m  [0m
[19:31] [0m[31;1m[Clan] Oscar enters the game.[0m  [0m
[19:38] [0m[31;1m[Clan] Oscar leaves the game.[0m  [0m
[19:38] [0m[31;1m[Clan] Byron enters the game.[0m  [0m
[19:39] [0mByron <Craft>: so, the ratio on wiki is wrong for voidstone maybe. .2857 (2[0m
[19:39] [0m               bars from 7 ore)[0m
[19:39] [0m[31;1m[Clan] Byron :[0m I got 1 bar from 7 ores[0m
[19:39] [0mByron <Craft>: I got 1 bar from 7 ores[0m
[19:40] [0mByron <Craft>: or that's just the FU that seems to be int he crafting rng[0m
[19:40] [0mStasis <Craft>: mskill maybe?[0m
[19:40] [0mByron <Craft>: dunno[0m
[19:40] [0mByron <Craft>: I would assume wiki is the "normal" and not the you have max[0m
[19:40] [0m               miner mskill[0m
[19:41] [0mByron <Craft>: anyone sitting on legendary voidstone bars they dont want?[0m
[19:50] [0m[31;1m[Clan] Byron :[0m nada octn voidstome?[0m
[19:51] [0m[37;1mNukem flaps :[0m I could've used more cowbell on the track![0m
[20:05] [0mVagrant <.oO>: wheeeee[0m
[20:06] [0m[32mYou say:[0m test[0m
[20:22] [0mYou can currently reforge 12 items.[0m
[20:24] [0m[31;1m[Clan] Ser :[0m Voidstone Bar             |   5 |  5 |  0 |  0 |  0 |  0 |  0 |[0m
[20:24] [0m             0 |[0m
[20:25] You can currently reforge 12 items.[0m
[20:26] [0m[32mYou say:[0m test[0m
[20:26] [0mYou can currently reforge 11 items.[0m
[20:26] [0mYou can currently reforge 0 items.[0m
[20:27] [0mYou can currently reforge 0 items.[0m
[20:28] [0m[31;1m[Clan] Byron :[0m ya[0m
[20:28] [0m[31;1m[Clan] Byron :[0m ty[0m
[20:29] [0m[31;1m[Clan] Byron leaves the game.[0m  [0m
[20:29] [0m[31;1m[Clan] Oscar enters the game.[0m  [0m
[20:40] [0m[37;1mNauda flaps :[0m zombie reset[0m
[21:01] [0m[31;1m[Clan] Oscar :[0m woot. 88 bsmith[0m
[21:01] [0m[31;1m[Clan] Prism :[0m FUCK YES DUDE[0m
[21:06] [0m[31;1m[Clan] Oscar :[0m nigjt[0m
[21:11] [0m[31;1m[Clan] Dangerzone :[0m nest wifi is dope on user friendly g-assistant features[0m
[21:11] [0m                    but uh sure lacking. I guess I'll suffer with resetting[0m
[21:11] [0m                    router. Maybe your fancy routers with FOSS lack too in[0m
[21:11] [0m                    this regard?[0m
[21:13] [0m[31;1m[Clan] Ser :[0m what[0m
[21:16] [0m[34;1mEcholoc shouts:[0m woot![0m
[21:16] [0m[34;1mApocalypse shouts:[0m wheee, ty ty, the world will not end tonight.[0m
[21:16] [0m[34;1mHsima shouts:[0m pesimist[0m
[21:17] [0m[31;1m[Clan] Dangerzone :[0m not managing traffic like I hoped with the auto 2.4 5ghz[0m
[21:17] [0m                    setting that is locked[0m
[21:21] [0m[37;1mNukem flaps :[0m fat sucker[0m
[21:22] [0mYou can currently reforge 4 items.[0m
[21:32] [0m[31;1m[Clan] Dangerzone :[0m still grabbing packet loss in csgo, resetting router[0m
[21:32] [0m                    worked 90%[0m
[21:48] [0m[37;1mNukem flaps :[0m Barney loves you![0m
[21:48] [0m[37;1mChrys flaps :[0m shhh that is suposed to be a secret!![0m
[21:52] [0mApocalypse <Craft>: so i have a bunch of copper ore avg, how do i transmute[0m
[21:52] [0m                    it to good?[0m
[21:52] [0mApocalypse <Craft>: keeps telling me i don't have any copper ore average[0m
[21:52] [0mEcholoc <Craft>: use your mojo[0m
[21:53] [0mDin <Craft>: transmute 10 copper ore quality to good[0m
[21:53] [0mStasis <Craft>: transmute all ore quality to good[0m
[21:53] [0mDin <Craft>: or however many you have[0m
[21:53] [0mLocrian <Craft>: din is smart. listen to him.[0m
[21:53] [0mKsemia <Craft>: just do "transmute # copper ore quality to[0m
[21:53] [0m                <good/superior/legendary>"[0m
[21:54] [0mApocalypse <Craft>: ugh, so do ores have to be in inventory? unlike essences[0m
[21:54] [0m                    where it pulls them from satchel?[0m
[21:54] [0mEcholoc <Craft>: legendary copper or... sounds weird[0m
[21:55] [0mLocrian <Craft>: i always keep them in my inventory.[0m
[21:55] [0mNukem <Craft>: I don't want to craft ... I want to be a LUMBERJACK!![0m
[21:55] [0m[34;1mTruth shouts:[0m Let me give you images to last...[0m
[21:55] [0mKsemia <Craft>: i always have those i want to transmute in inventory as well[0m
[21:55] [0mApocalypse <Craft>: ok so ores have to be in inventory[0m
[21:56] [0mEcholoc <Craft>: ore[0m
[21:56] [0mLocrian <Craft>: honestly, i thought it all had to be in inventory.[0m
[21:56] [0mApocalypse <Craft>: weird, essences and fragments will get pulled from[0m
[21:56] [0m                    satchel[0m
[21:56] [0mLocrian <Craft>: didn't know that other stuff got pulled from satchel.[0m
[21:57] [0mApocalypse <Craft>: ok think i'm getting the hang of it now[0m
[21:58] [0mApocalypse <Craft>: thanks all[0m
[21:58] [0m[34;1mLocrian shouts:[0m keep your images to yourself![0m
[22:11] [0m<- ! The Vigilant ! -> :  A destabilization Kayos event has been detected in[0m
[22:11] [0m                          Deserts of Fantasy!  We are localizing it now -[0m
[22:11] [0m                          get ready![0m
[22:11] [0m[34;1mApocalypse shouts:[0m go away vigilant[0m
[22:12] [0m[31;1m[Clan] Prism :[0m Enjoy those last two levels, Tal![0m
[22:13] [0m[34;1mEnder shouts:[0m There are... four lights![0m
[22:14] [0m[34;1mSpace shouts:[0m Darmok and Jalad at tanagra[0m
[22:18] [0m[31;1m[Clan] Archangel :[0m Event portal: desert portal/3w/n flaming[0m
[22:18] [0m[37;1mArchangel flaps :[0m Event portal: desert portal/3w/n flaming[0m
[22:22] [0mYou can currently reforge 8 items.[0m
[22:26] [0m[37;1mInix flaps :[0m Event portal: desert portal/3w/n flaming pile of dog poo[0m
[22:26] [0m[37;1mVoodoo flaps :[0m event: residential, ome voodoo, budior, blunt[0m
[22:26] [0m[37;1mVoodoo flaps :[0m home voodoo that is[0m
[22:45] [0m[37;1mInix flaps :[0m additional flaming dog poo is there, also?[0m
[23:17] [0mYou can currently reforge 0 items.[0m
[23:22] [0mYou can currently reforge 4 items.[0m
[23:27] [0mApocalypse <Craft>: anyone remember what plvl xmuter before u can xmute[0m
[23:27] [0m                    essences and fragments etc..?[0m
[23:27] [0m[32;1mFrom afar, Chrys cheers you on!!![0m[0m
[23:27] [0m[32;1mFrom afar, Vaan goes WOW!!!!!!!!!!!! at you![0m[0m
[23:27] [0m[32;1mFrom afar, Apocalypse goes 'Woo Woo!' at you.[0m[0m
[23:27] [0m[34;1mFluffy shouts:[0m big letters[0m
[23:27] [0m[32;1mFrom afar, Fluffy gasps in astonishment at you![0m[0m
[23:27] [0mDin <Craft>: depends on the frag/ess.  the wiki breaks it down[0m
[23:27] [0m[32;1mFrom afar, Zik goes 'WOOT WOOT!' at you.[0m[0m
[23:27] [0m[34;1mChrys shouts:[0m nobody EVER mentions the numbers, they must feel so ignored.[0m
[23:28] [0m[32;1mFrom afar, you thank Chrys.[0m[0m
[23:28] [0m[32;1mFrom afar, you thank Vaan.[0m[0m
[23:28] [0m[32;1mFrom afar, you thank Apocalypse.[0m[0m
[23:28] [0m[32;1mFrom afar, you thank Fluffy.[0m[0m
[23:28] [0m[32;1mFrom afar, you thank Zik.[0m[0m
[23:28] [0mApocalypse <Craft>: ah is that what min/trivial mean[0m
[23:28] [0mDin <Craft>: 3kwiki.com/wiki/index.php/Transmuter_Info is the official, but[0m
[23:28] [0m             it often fails to load in my experience.  I go to[0m
[23:28] [0m             wiki.maybeits.us/index.php/Transmuter_Info[0m
[23:29] [0mDin <Craft>: min means the minimum level to use it, trivial means it no[0m
[23:29] [0m             longer gives pxp[0m
[23:29] [0mFluffy <.oO>: just hit reload button for any given page on wiki .. i often[0m
[23:29] [0m              get fail to load the 1st time[0m
[23:29] [0mDin <.oO>: yeah, that's why i don't bother with the official one.  Never[0m
[23:29] [0m           have that problem on the mirror[0m
[23:29] [0mApocalypse <Craft>: gotcha, didn't know what that meant so hence my question[0m
[23:31] [0m[31;1m[Clan] Taleast :[0m night, folks[0m
[23:32] [0mInix <Craft>: tis the typical use of questions[0m
[23:33] [0mStasis <Craft>: tis the most wonderful time of year[0m
[23:34] [0mFluffy <Craft>: it's the mooooost wonderful time ... to drink beer .. er ..[0m
[23:34] [0m                of the year[0m
[23:34] [0mInix <Craft>: to each their own I suppose[0m
[23:34] [0mApocalypse <Craft>: beer for you, a beer for you, and a beer for you..[0m
