- = LOG STARTED [00:00] = -
[00:01] [0mYou can currently reforge 4 items.[0m
[01:42] [0m[37;1mEllegon flaps :[0m hehe, too many hitters, I gave it all my pew pew.[0m
[01:42] [0m[37;1mNightrider flaps :[0m who needs tag still?[0m
[01:42] [0m[37;1mEllegon flaps :[0m me[0m
[01:42] [0m[37;1mNightrider flaps :[0m hold on[0m
[01:43] [0m[37;1mNightrider flaps :[0m ill bring cmcm 5 to ss[0m
[01:45] [0m[37;1mNightrider flaps :[0m day 5 is at ss[0m
[01:47] [0m[37;1mNightrider flaps :[0m anyone else that wants day 5 duppage , at ss[0m
[01:53] [0m[34;1mNightrider shouts:[0m Nik thats not firebat@[0m
[01:55] [0m[37;1mNightrider flaps :[0m doing 1 more firebat[0m
[01:55] [0m[37;1mNightrider flaps :[0m anyone else want in?[0m
[01:56] [0m[37;1mNightrider flaps :[0m any other takers?[0m
[11:22] [31;1m[Clan] Roken wisps into existence.[0m  [0m
[11:22] [0mYou can currently reforge 4 items.[0m
[11:22] [0m[31;1m[Clan] Dangerzone :[0m lol been so bad at resetting roken[0m
[11:22] [0m[34;1mZiphe shouts:[0m we need some text-based fireworks![0m
[11:23] [0m[31;1m[Clan] Dangerzone :[0m eggs and pancakes kind of morning[0m
[11:24] [0m[34;1mGilneas shouts:[0m PEW! PEW! BOOOOOM![0m
[11:24] [0m[34;1mGilneas shouts:[0m now shut up, and get back to grinding[0m
[11:24] [0m[34;1mSer shouts:[0m *sad beeping noises*[0m
[11:25] [0m[34;1mEcholoc shouts:[0m i am shooting of 80 missles per round, is that enough[0m
[11:25] [0m                firreworks for you?[0m
[11:25] [0m[34;1mZiphe shouts:[0m too small, can't see em[0m
[11:27] [0m[34;1mZiphe shouts:[0m just need a wiz to go into tensor's folder and load up one of[0m
[11:27] [0m              his 30 pages of spam boons, that should suffice[0m
[11:39] [0m[32;1mFrom afar, Daeth comforts you.[0m[0m
[11:54] [0m[31;1m[Clan] Ser :[0m anyone wanna hit section z scaler 130 w/ me and nik[0m
[11:54] [0m[31;1m[Clan] Decav :[0m sure i can for a bit[0m
[12:03] [0mYou can currently reforge 8 items.[0m
[12:07] [0mnewb Furian [bard/5]: any chat window plugins for mudlet you guys can direct[0m
[12:07] [0m                      me to?[0m
[12:09] [0mnewb Locrian [bard/111]: sorry, i don't use those. i set a line up on my hit[0m
[12:09] [0m                         point bar to notify of anything missed.[0m
[12:09] [0mnewb Furian [bard/5]: also, is there a way to disable the More, or continue?[0m
[12:10] [0mnewb Locrian [bard/111]: when you info or read help files? type q or change[0m
[12:10] [0m                         the ...oh, what is that called?[0m
[12:10] [0mnewb Kai [breed/44]: help setmod[0m
[12:10] [0mnewb Locrian [bard/111]: yeah! that. you want to change the rows on that.[0m
[12:18] [0m[31;1m[Clan] Xaro enters the game.[0m  [0m
[12:26] [0m[31;1m[Clan] Xaryl :[0m anyone need a day 5 tag?[0m
[12:26] [0m[31;1m[Clan] Xaryl :[0m we are going there now[0m
[12:29] [0m[31;1m[Clan] Aka :[0m oo i do[0m
[12:29] [0m[31;1m[Clan] Xaryl :[0m let me know ehen I can pick you up[0m
[12:29] [0m[31;1m[Clan] Aka :[0m omw![0m
[12:29] [0m[31;1m[Clan] Xaryl :[0m hurry up![0m
[12:30] [0m[31;1m[Clan] Nik :[0m oo![0m
[12:30] [0m[31;1m[Clan] Nik :[0m did i miss the train?[0m
[12:30] [0m[31;1m[Clan] Xaryl :[0m I am just inside the pod[0m
[12:30] [0m[31;1m[Clan] Aka :[0m had to gswap quick, gentech no do damage[0m
[12:31] [0m[31;1m[Clan] Aka :[0m bliss wants a tag too, but idk what she's doin[0m
[12:31] [0m[31;1m[Clan] Nik :[0m can i get in on that please?[0m
[12:32] [0m[31;1m[Clan] Archangel :[0m Yes[0m
[12:32] [0m[31;1m[Clan] Xaryl :[0m coming Nik?[0m
[12:32] [0m[31;1m[Clan] Nik :[0m tryin to, whats the deal with this shuttle?[0m
[12:33] [0m[31;1m[Clan] Nik :[0m haha sorry, dont do this often[0m
[12:33] [0m[31;1m[Clan] Archangel :[0m If a shuttle seems to take forever, bounce the room.[0m
[12:33] [0m[31;1m[Clan] Aka :[0m bliss is coming too[0m
[12:33] [0m[31;1m[Clan] Archangel :[0m It's like it wakes for a trigger.[0m
[12:33] [0m[31;1m[Clan] Nik :[0m how odd[0m
[12:35] [0m[31;1m[Clan] Archangel :[0m The shuttle doesn't actually go back and forth while[0m
[12:35] [0m                   people aren't in the perspective rooms.  So it's[0m
[12:35] [0m                   triggered by entering the room.[0m
[12:35] [0m[31;1m[Clan] Nik :[0m ahh![0m
[12:43] [0m[31;1m[Clan] Xaryl :[0m maybe it is!![0m
[12:53] [0m[31;1m[Clan] Nik :[0m woo, i can heal ppl now![0m
[12:57] [0m[31;1m[Clan] Aka :[0m anyone able to snag me a headband?[0m
[13:02] [0m[31;1m[Clan] Xaryl :[0m we can work on that[0m
[13:02] [0m[31;1m[Clan] Aka :[0m ooh nicey! :)[0m
[13:03] [0mYou can currently reforge 12 items.[0m
[13:05] [0m[31;1m[Clan] Aka :[0m i need an ftouch for the cmc also, i'll wait til we're all in[0m
[13:05] [0m             the same place for that[0m
[13:05] [0m[31;1m[Clan] Aka :[0m i tried to fight my 130 zelly this boot, i died lol[0m
[13:05] [0m[31;1m[Clan] Aka :[0m someone reccomended i wet wipe the room, hadn't thought of that[0m
[13:06] [0m[31;1m[Clan] Saim :[0m you get a hb?[0m
[13:08] [0m[31;1m[Clan] Aka :[0m no headbando if you wanna assist![0m
[13:15] [0m[31;1m[Clan] Ser :[0m why you need ftouch[0m
[13:15] [0m[31;1m[Clan] Aka :[0m to string1 cmc[0m
[13:15] [0m[31;1m[Clan] Aka :[0m i don't have a string2[0m
[13:15] [0m[31;1m[Clan] Ser :[0m do you have tag?[0m
[13:15] [0m[31;1m[Clan] Aka :[0m yeee, and a cmc freshly duped[0m
[13:15] [0m[31;1m[Clan] Ser :[0m i duped an extra if you need[0m
[13:16] [0m[31;1m[Clan] Aka :[0m extra string? i'd use it[0m
[13:16] [0m[31;1m[Clan] Ser :[0m i mean string2/paul tag[0m
[13:16] [0m[31;1m[Clan] Aka :[0m ohh i don't have paul nooo[0m
[13:24] [0m[31;1m[Clan] Aka :[0m thanks much guys![0m
[13:24] [0m[31;1m[Clan] Xaryl :[0m anytime[0m
[13:24] [0m[31;1m[Clan] Archangel :[0m No problemo[0m
[13:32] [0m<- ! The Vigilant ! -> :  A destabilization Kayos event has been detected in[0m
[13:32] [0m                          Deserts of Fantasy!  We are localizing it now -[0m
[13:32] [0m                          get ready![0m
[13:55] [0m[34;1mDalthazar shouts:[0m someone left 11 kresh packs inland2. just fyi[0m
[13:57] [0m[34;1mAlassra shouts:[0m not mine, but I'm cleaning the mess up now[0m
[13:57] [0m[34;1mVolt shouts:[0m xp theef![0m
[13:58] [0m[34;1mAlassra shouts:[0m they're laying around waiting for someone to collect it![0m
[13:59] [0m[34;1mSaim shouts:[0m if you open a pack and get a rare or holo-foil, let me know i[0m
[13:59] [0m             might buy it from you[0m
[13:59] [0m[34;1mAlassra shouts:[0m get it PSA graded[0m
[14:00] [0m[34;1mZokko shouts:[0m they are gone[0m
[14:01] [0m[34;1mSaim shouts:[0m nice way to say you murdered them, you murderer[0m
[14:01] [0m[34;1mAlassra shouts:[0m Have you seen the number of kills necros have?  We are[0m
[14:01] [0m                definitely wanted by the UN for acts of genocide.[0m
[14:02] [0m[34;1mSaim shouts:[0m murderer's guild[0m
[14:03] [0mYou can currently reforge 12 items.[0m
[14:15] [0m[37;1mAlassra flaps :[0m Event is desert, 2n/w, Corroding[0m
[14:49] [0m[34;1mTony shouts:[0m is 3k even a game?[0m
[14:49] [0m[34;1mZiphe shouts:[0m not to some people[0m
[14:49] [0m[34;1mTerran shouts:[0m its a feeling.[0m
[14:49] [0m[34;1mGlorfindel shouts:[0m This is the way.[0m
[14:50] [0m[34;1mDalthazar shouts:[0m what way is that? over there?[0m
[14:53] [0mYou can currently reforge 0 items.[0m
[15:06] [0mYou can currently reforge 4 items.[0m
[15:27] [0m[31;1m[Clan] Ser :[0m archie/xaryl[0m
[15:30] [0m[31;1m[Clan] Archangel :[0m hmm?[0m
[15:31] [0m[31;1m[Clan] Ser :[0m we're conspiring[0m
[15:32] [0m[31;1m[Clan] Archangel :[0m I wonder if the crecruit command is not working for me[0m
[15:32] [0m                   because we've hit our cap.[0m
[15:37] [0m[31;1m[Clan] Ser :[0m spring cleaning time![0m
[15:37] [0m[31;1m[Clan] Ser :[0m jk[0m
[15:37] [0m[31;1m[Clan] Prism :[0m It's probably not working cuz a lot of things related to[0m
[15:37] [0m               cworld don't work[0m
[15:38] [0m[31;1m[Clan] Ser :[0m max 79 players?[0m
[15:39] [0m[31;1m[Clan] Ser :[0m maybe need to get a wiz[0m
[15:48] [0m[34;1mOrthas shouts:[0m InARabbit![0m
[16:04] [0m[37;1mZiphe flaps :[0m pg-13 but made me lol: https://tinyurl.com/y8dvmjy6[0m
[16:10] [0m[31;1m[Clan] Xaryl :[0m we are done with Event, want to do Section Z now?[0m
[16:11] [0m[31;1m[Clan] Ser :[0m uhh sure[0m
[16:11] [0m[31;1m[Clan] Ser :[0m is the whole crew ready[0m
[16:12] [0m[31;1m[Clan] Archangel :[0m whee!![0m
[16:12] [0m[31;1m[Clan] Nik :[0m toot toot[0m
[16:12] [0m[37;1mWhoknows flaps :[0m Happy 2021 3k russia[0m
[16:12] [0m[31;1m[Clan] Ser :[0m gimme 15 mins?[0m
[16:12] [0m[37;1mFrank flaps :[0m someone dest him[0m
[16:12] [0m[37;1mWhoknows flaps :[0m someone dest your face[0m
[16:12] [0m[37;1mSally flaps :[0m there is no happy in russia[0m
[16:13] [0m[37;1mWhoknows flaps :[0m where's the in russia commenters..[0m
[16:13] [0m[37;1mNik flaps :[0m in soviet russia, happy bes you[0m
[16:14] [0m[31;1m[Clan] Xaryl :[0m ok![0m
[16:14] [0m[37;1mZiphe flaps :[0m in soviet russia, new year brings you in[0m
[16:14] [0m[37;1mFluffy flaps :[0m hmm when does the 2021 russian bride catalog come out ?[0m
[16:15] [0m[37;1mWhoknows flaps :[0m u can tell it's 2021 down under, none of their players are[0m
[16:15] [0m                 on lol[0m
[16:15] [0m[37;1mWhoknows flaps :[0m u can tell it's 2021 down under, none of their players are[0m
[16:15] [0m                 on lol[0m
[16:15] [0m[37;1mWhoknows flaps :[0m whoops[0m
[16:16] [0m[37;1mStasis flaps :[0m aussies will be sleeping it off. kiwis are brunching[0m
[16:18] [0m[31;1m[Clan] Nik :[0m Xaryl, could i please get some ftouches before the pain train[0m
[16:18] [0m             takes off?[0m
[16:18] [0m[31;1m[Clan] Xaryl :[0m meet Cbox[0m
[16:19] [0m[37;1mWhoknows flaps :[0m skynet will be online soon[0m
[16:20] [0m[37;1mWhoknows flaps :[0m enjoy it while we can[0m
[16:20] [0m[37;1mNik flaps :[0m nah, britain done named their drone network that[0m
[16:20] [0m[37;1mBahram flaps :[0m and Blade Runner was about a year ago[0m
[16:21] [0m[37;1mWhoknows flaps :[0m so we're all stuck in a matrix now?[0m
[16:22] [0m[37;1mBahram flaps :[0m yeah, a matrix where they never stop making matrix movies[0m
[16:22] [0m[37;1mNik flaps :[0m blessed be those in the googoracles algorithim[0m
[16:22] [0m[37;1mZiphe flaps :[0m "he took the mauve pill"[0m
[16:25] [0mnewb Furian [bard/5]: is there any reason for me to go back to my corpse at[0m
[16:25] [0m                      level 5?[0m
[16:26] [0mnewb Whoknows [priest/134]: revenge[0m
[16:26] [0m[37;1mStasis flaps :[0m Johnny Mnemonic was set in 2021 apparently. And his implant[0m
[16:26] [0m               was rated for an unbelievable 80GB![0m
[16:26] [0mnewb Melly [elemental/133]: gear stays with you when you die[0m
[16:27] [0m[31;1m[Clan] Archangel :[0m So, we about ready to start?[0m
[16:28] [0m[31;1m[Clan] Archangel :[0m Who's all in?[0m
[16:28] [0m[31;1m[Clan] Nik :[0m this guy![0m
[16:28] [0mnewb Fluffy [changeling/135]: to sever its nads![0m
[16:31] [0mnewb Whoknows [priest/134]: you and your rocky mountain oysters[0m
[16:35] [0m[37;1mEcholoc flaps :[0m well he had to install a slot and lose a chunk of brain.[0m
[16:40] [0m[37;1mEcholoc flaps :[0m and they showed multiple examples of poor modificatins. hell[0m
[16:40] [0m                the entire disease that the gir lhad was due to mods[0m
[16:46] [0m[34;1mTony shouts:[0m knight party!![0m
[16:46] [0m[34;1mDaeth shouts:[0m Tis the best party!!![0m
[16:55] [0m[37;1mHooligan flaps :[0m the joys of manual play.[0m
[16:56] [0m[34;1mFluffy shouts:[0m big letters![0m
[16:56] [0m[34;1mSorin shouts:[0m thanks everyone![0m
[17:11] [0mnewb Furian [bard/5]: so im doing this duploquest, but i can't pick up the[0m
[17:11] [0m                      ladder cause im too encumbered and i can't drop[0m
[17:11] [0m                      anything.[0m
[17:11] [0mnewb Ser [psicorps/137]: can you get more strength[0m
[17:12] [0mnewb Old [gentech/70]: you can't drop anything?  why?[0m
[17:12] [0mnewb Sky [juggernaut/133]: ask a mage fro help[0m
[17:12] [0mnewb Kai [breed/44]: raise str?[0m
[17:12] [0mnewb Ser [psicorps/137]: someone run this man a floaties potion[0m
[17:12] [0mnewb Old [gentech/70]: carrying a lot of coins?[0m
[17:12] [0mnewb Sky [juggernaut/133]: and meet me at newbie bin i got potion of giant[0m
[17:12] [0m                           str, its temp strength but still strength[0m
[17:12] [0mnewb Jerrod [knight/36]: you can also see if anyone has donated a Gold Ring[0m
[17:12] [0m                         of Unburden in the newbie bin. Wearing one reduces[0m
[17:12] [0m                         your carried weight.[0m
[17:12] [0mnewb Furian [bard/5]: somenoen coming to help my strength issue, ty :)[0m
[17:13] [0mnewb Sky [juggernaut/133]: 4 potions of giant strength in newbie bin[0m
[17:15] [0mnewb Ion [android/69]: boo... was going to get a couple anti-grav devices[0m
[17:15] [0m                       but the baron didn't drop any[0m
[17:16] [0mnewb Echoloc [juggernaut/121]: mabie we could get a nice shot from turnhold[0m
[17:16] [0m                               :)[0m
[17:18] [0m[37;1mSky flaps :[0m anyone need sour cream or salsa and not saved to tacos?[0m
[17:31] [0mYou can currently reforge 8 items.[0m
[17:45] [0m[37;1mCaeli flaps :[0m So I can call the cops starting at 12:30 right?[0m
[18:00] [0mnewb Furian [bard/5]: which help section shows you how to use keys to open[0m
[18:00] [0m                      doors?[0m
[18:00] [0mnewb Echoloc [juggernaut/121]: that depends on the area typically[0m
[18:01] [0mnewb Jerrod [knight/37]: as a general rule, just typing 'unlock door' will[0m
[18:01] [0m                         work if you have the correct key, but there's[0m
[18:01] [0m                         exceptions.[0m
[18:01] [0mnewb Din [jedi/132]: if you have the proper key it's typically 'unlock door'[0m
[18:01] [0m                     'open door', but some may vary[0m
[18:01] [0mnewb Echoloc [juggernaut/121]: help method[0m
[18:01] [0mnewb Furian [bard/5]: so simple yet so complicated. lol[0m
[18:01] [0mnewb Echoloc [juggernaut/121]: so dependant on the person who wrote it[0m
[18:02] [0mnewb Furian [bard/5]: so the syntax differs throughout the game?[0m
[18:02] [0mnewb Echoloc [juggernaut/121]: it can yes[0m
[18:02] [0mnewb Ser [psicorps/137]: some areas will make you tear your hair out with[0m
[18:02] [0m                         syntax[0m
[18:02] [0mnewb Echoloc [juggernaut/121]: and some doors just open[0m
[18:03] [0mnewb Stasis [elemental/135]: duplo area for instance may treat keys and[0m
[18:03] [0m                             locks a little different[0m
[18:03] [0mnewb Jerrod [knight/37]: having nothing be stock or cookie-cutter is a great[0m
[18:03] [0m                         strength of this MUD because it really feels like a[0m
[18:03] [0m                         unique world with a ton of variety in personality.[0m
[18:03] [0m                         Buuuut that has downsides, too. Namely lack of[0m
[18:03] [0m                         standardization of a lot of things.[0m
[18:04] [0mnewb Furian [bard/5]: standardization is never a bad thing.[0m
[18:04] [0mnewb Jerrod [knight/37]: for some things.[0m
[18:04] [0mnewb Din [jedi/132]: keep in mind that this game has been around for...[0m
[18:04] [0m                     what, 27 years?  hundreds of different coders, at least[0m
[18:04] [0m                     a couple different drivers...[0m
[18:05] [0mnewb Din [jedi/132]: and if i'm not mistaken, a 100% custom/unique mudlib[0m
[18:06] [0mnewb Furian [bard/5]: not sure how to take in that information... i want to[0m
[18:06] [0m                      learn this game, but i dont want to learn 100 games :)[0m
[18:06] [0m                      anyway, thanks for the info, dinner time[0m
[18:06] [0mnewb Din [jedi/132]: basically you're playing a story written by hundreds of[0m
[18:06] [0m                     different people with different styles.  Some of it[0m
[18:06] [0m                     you'll love, some you may not like so much[0m
[18:07] [0mnewb Furian [bard/5]: puzzles are fun, determining syntax is not a puzzle[0m
[18:07] [0m                      though.[0m
[18:08] [0mnewb Zanadu [gentech/138]: mip might help with that[0m
[18:08] [0mnewb Furian [bard/5]: just my opinion... dont wan tot start a debate :)[0m
[18:08] [0mnewb Zanadu [gentech/138]:  kinda helps find things to examine etc[0m
[18:08] [0mnewb Stasis [elemental/135]: questing is optional though. so don't keep[0m
[18:08] [0m                             doing something you're not enjoying[0m
[18:09] [0mnewb Jerrod [knight/37]: questing is meant to be a puzzle, and that's where[0m
[18:09] [0m                         like 95% of weird syntaxes crop up. The rest will[0m
[18:09] [0m                         either be standard or made obvious in some way[0m
[18:09] [0m                         (e.g. a room might have an odd exit but it's right[0m
[18:09] [0m                         there in the exit list).[0m
[18:09] [0mnewb Hooligan [cyborg/135]: mip?[0m
[18:10] [0mnewb Furian [bard/5]: so quest points are not required for anything?[0m
[18:10] [0mnewb Elminster [mage/139]: correct[0m
[18:10] [0mnewb Furian [bard/5]: great, thanks![0m
[18:10] [0mnewb Stasis [elemental/135]: besides high mortal. but can work on that much[0m
[18:10] [0m                             later on[0m
[18:10] [0mnewb Thom [bard/109]: technically just HM, but HM isnt a requirement[0m
[18:11] [0mnewb Kai [breed/45]: but you can be a robot, a wizard, or a dinosaur[0m
[18:11] [0m                     depending on what guild you choose! There may or may[0m
[18:11] [0m                     not be other options I may or may not be able to[0m
[18:11] [0m                     disclose about a the possible existance of a guild that[0m
[18:11] [0m                     may or may not exist that might be fun but couldnt[0m
[18:11] [0m                     disclose it if it was...[0m
[18:11] [0mnewb Jerrod [knight/37]: there are a couple guilds that have things tied to[0m
[18:11] [0m                         questing but bard isn't one of them as far as I[0m
[18:11] [0m                         remember.[0m
[18:11] [0mnewb Din [jedi/132]: highmortal is basically an extra chatline, nothing to[0m
[18:11] [0m                     fret about[0m
[18:11] [0mnewb Echoloc [juggernaut/121]: and a few extra exits here and there. but yes[0m
[18:11] [0m                               not all that required :0[0m
[18:13] [0mnewb Zanadu [gentech/138]: highmortal , you will want to eventually get it[0m
[18:14] [0mnewb Kai [breed/45]: do monks still have the random guild quest assignments?[0m
[18:15] [0mnewb Jerrod [knight/37]: you need to do mquests to keep your discipline up,[0m
[18:15] [0m                         but those aren't quests in the classic sense,[0m
[18:15] [0m                         they're tasks assigned by a player admin (basically[0m
[18:15] [0m                         Rictor since he's the only active one)[0m
[18:16] [0mnewb Din [jedi/132]: trying to do all the quests first thing upon finding 3k[0m
[18:16] [0m                     is a rough way to start.  If you want to do them later[0m
[18:16] [0m                     you can, but if you burn out on the game banging your[0m
[18:16] [0m                     head against completely optional side missions then you[0m
[18:16] [0m                     miss out on the real fun, which is the unique guilds[0m
[18:16] [0mnewb Echoloc [juggernaut/121]: keep in mind you can't go back to newbland[0m
[18:16] [0m                               once you go past level 49... but at 50 you[0m
[18:16] [0m                               can create another character and they can do[0m
[18:16] [0m                               the newb quests you missed[0m
[18:17] [0mnewb Frank [Wizard]: all good advice, but #1 don't fret and just try to have[0m
[18:17] [0m                     fun. do the things that intrigue you. everyone (well[0m
[18:17] [0m                     most) will be glad to help[0m
[18:40] [0m[34;1mSer shouts:[0m down with pants[0m
[18:40] [0m[34;1mEcholoc shouts:[0m up with skirts![0m
[18:40] [0m[34;1mCrolack shouts:[0m Who wears pants?[0m
[18:41] [0m[34;1mHooligan shouts:[0m On legs:      none[0m
[18:56] [0m[37;1mEnder flaps :[0m is anyone at DC even trying, like a little bit?[0m
