- = LOG STARTED [00:00] = -
[00:00] [0mYour transmuter's stone bursts with 5 new colours![0m
[00:03] [0mZachary says: May your face melt off and your children weep over[0m
[00:05] [0m[33;1m[Clan] Roor enters the game.[0m  [0m
[00:05] [1;37;40m set to 1 hour Idle Timeout
[00:05] [0m[32;1mFrom afar, you shout 'WAKE UP!' at A ghostly form of Ser.[0m[0m
[00:14] [0m[33;1m[Clan] Sock wiggles off your foot.[0m  [0m
[00:20] [0m[37;1m[JEDI]:[0m Wennic Ber'ni'lok arrives at the Academy.[0m
[00:24] [0m[32mSpace tells you:[0m [Space HM-Seer]: i need to make a script for aegis to pick up coins left[0m
[00:24] [0m        behind by Roken and Boosh, i mean do you guys just fill up on inventory and so spill[0m
[00:24] [0m        coins? or just horrible scripts?[0m
[00:24] [0m[32mYou tell Space:[0m lol ya I couldn't carry any more after whorehouse[0m
[00:33] [0m[32mPedestrian says: [0mI hate this damn weather.[0m
[00:36] [0m[35;1mRoken [Jedi(77)]:[0m 145 frags deposited[0m
[00:46] [0m[37;1m[JEDI]:[0m Bithoff Jonansaan arrives at the Academy.[0m
[00:51] [0m[32mFrank says:[0m You're about to be in... dead place![0m
[00:57] [0m[34;1mFluffy shouts:[0m keep it down, all that din is bugging me![0m
[01:00] [0mYour transmuter's stone bursts with 5 new colours![0m
[01:09] [0m[37;1m[JEDI]:[0m Janath Meelin arrives at the Academy.[0m
[01:10] [0m[34;1mFluffy shouts:[0m big letters![0m
[01:38] [0m[37;1m[JEDI]:[0m Herah Wylann arrives at the Academy.[0m
[01:52] [0m[34;1mBlubber shouts:[0m auto bots assemble![0m
[01:53] [0m[34;1mHooligan shouts:[0m bot bot bot[0m
[01:53] [0m[34;1mBlubber shouts:[0m I'll be the right arm[0m
[02:00] [0mYour transmuter's stone bursts with 3 new colours![0m
[10:44] [0mWhoknows flaps : dayum looks like a good time to buy some stocks[0m
[10:45] [0m[33;1m[Clan] Cambiador leaves the game.[0m  [0m
[10:47] [0m[33;1m[Clan] Martyr :[0m laf, somehow I didnt get tag[0m
[10:47] [0m[33;1m[Clan] Martyr :[0m it must've been immune to nrg[0m
[10:48] [0m[33;1m[Clan] Martyr :[0m that's annoying[0m
[10:50] [0m[33;1m[Clan] Saim :[0m i can help if you wanna kill again[0m
[10:50] [0m[33;1m[Clan] Saim :[0m i had tag from last boot[0m
[10:52] [0m[33;1m[Clan] Martyr :[0m Would need nix to tank[0m
[10:52] [0m[33;1m[Clan] Martyr :[0m or someone[0m
[10:52] [0m[33;1m[Clan] Martyr :[0m that isn't me, heh[0m
[10:53] [0m[33;1m[Clan] Saim :[0m i can w priest[0m
[11:01] [0m[37;1m[JEDI]:[0m Janath Meelin arrives at the Academy.[0m
[11:02] [0m[33;1m[Clan] Martyr :[0m oh fuck me[0m
[11:02] [0m[33;1m[Clan] Martyr :[0m I re-biased 190% defense 0% attack[0m
[11:02] [0m[33;1m[Clan] Phenom :[0m i decline[0m
[11:02] [0m[33;1m[Clan] Saim :[0m perfect[0m
[11:02] [0m[34;1mVagrant shouts:[0m Ogotaz is the man[0m
[11:04] [0mZor flaps : so we leap over tomorrow and goto sunday? lol[0m
[11:15] [0mBlubber flaps : Don't do drugs mkay[0m
[11:15] [0mBlubber flaps : Especially without offering[0m
[11:21] [0mBlubber flaps : So when can we start listening to christmas carols again?[0m
[11:25] [0mTurnhold flaps : 12/1/2020[0m
[11:26] [0mBlubber flaps : That was like a month and a half ago so great! Mariah Carey time![0m
[11:26] [0m[37;1m[JEDI]:[0m Reena Bel Noir arrives at the Academy.[0m
[11:26] [0mBlubber flaps : We dont use your freedom calendar here :D[0m
[11:32] [0mYour transmuter's stone bursts with 2 new colours![0m
[11:35] [0m[34;1mBlubber shouts:[0m When did marine get released?[0m
[11:35] [0m[34;1mBoosh shouts:[0m in two weeks[0m
[11:35] [0m[34;1mBlubber shouts:[0m That's like, in a bit right?[0m
[11:57] [0m[37;1m[JEDI]:[0m Ylenic It'kla arrives at the Academy.[0m
[12:28] [0m[37;1m[JEDI]:[0m Herah Wylann arrives at the Academy.[0m
[12:32] [0mYour transmuter's stone bursts with 4 new colours![0m
[12:35] [0m[34;1mKenny shouts:[0m I'm gunna fix it myself.  - Saul Goodman[0m
[12:53] [0m[33;1m[Clan] Martyr :[0m did you start?[0m
[12:53] [0m[33;1m[Clan] Zorbaine :[0m done[0m
[12:53] [0m[33;1m[Clan] Martyr :[0m oh[0m
[12:53] [0m[33;1m[Clan] Martyr :[0m damn[0m
[12:53] [0m[33;1m[Clan] Zorbaine :[0m was easy fast kill[0m
[12:53] [0m[33;1m[Clan] Martyr :[0m i fucked up getting tag earlier[0m
[12:55] [0m[33;1m[Clan] Martyr :[0m So got this CMC i can't wear[0m
[12:56] [0m[37;1m[JEDI]:[0m Kerran Halcyon arrives at the Academy.[0m
[13:23] [0m[37;1m[JEDI]:[0m Rhaan arrives at the Academy.[0m
[13:23] [0m[34;1mBlubber shouts:[0m You're a bot![0m
[13:29] [0m[34;1mBlubber shouts:[0m HEY YA'LL![0m
[13:29] [0m[34;1mVagrant shouts:[0m yo yo![0m
[13:33] [0mYour transmuter's stone bursts with 4 new colours![0m
[13:37] [0mBlubber <Craft>: I can haz blacksmith burger[0m
[13:44] [0m<- ! The Vigilant ! -> :  A destabilization Kayos event has been detected in Deserts of Fantasy![0m
[13:44] [0m                          We are localizing it now - get ready![0m
[13:49] [0m[37;1m[JEDI]:[0m Talia Ska arrives at the Academy.[0m
[13:52] [0m[32mArmadillo says: [0mCars and trucks may squish us, but we'll be back for more![0m
[13:53] [0mAhkbad says, 'Visit Xaxis, city of mystery and adventure!'                 [0m
[13:57] [0mKitt flaps : if you live near or ever been to Chi and been to Portellos. they are opening one up[0m
[13:57] [0m             maybe in Michigan[0m
[13:57] [0mKitt flaps : if they do i cant wait[0m
[14:00] [0mBlubber flaps : Thanks Obama![0m
[14:12] [0m[37;1m[JEDI]:[0m Janath Meelin arrives at the Academy.[0m
[14:33] [0mYour transmuter's stone bursts with 2 new colours![0m
[14:40] [0m[37;1m[JEDI]:[0m Ylenic It'kla arrives at the Academy.[0m
[14:53] [0m[33;1m[Clan] Zorbaine :[0m ding glvl[0m
[15:07] [0m[37;1m[JEDI]:[0m Tobias Kel'ach'nar arrives at the Academy.[0m
[15:22] [0m[33;1m[Clan] Pol enters the game.[0m  [0m
[15:25] [0m[33;1m[Clan] Ipsie :[0m wooooo[0m
[15:25] [0m[33;1m[Clan] Pol :[0m score![0m
[15:33] [0mYour transmuter's stone bursts with 4 new colours![0m
[15:40] [0m[35;1mSimonz [Jedi(Knight)]:[0m oops[0m
[15:40] [0m[35;1mPol [Jedi(Knight)]:[0m not sure how that happened[0m
[15:40] [0m[35;1mBlubber [Jedi(59)]:[0m You died[0m
[15:44] [0m[37;1m[JEDI]:[0m Alyssa K'tal arrives at the Academy.[0m
[15:49] [0m[35;1mLicklick [Jedi(50)]:[0m so if dsp lower saber dmg then if i go dark again my guide would go more[0m
[15:49] [0m                     than 40 rounds on a 1.5 million, right?[0m
[15:50] [0m[35;1mPol [Jedi(Knight)]:[0m blubber, ha i know.  Not sure how he was able to kill me.[0m
[15:50] [0m[35;1mTrisky [Jedi(55)]:[0m dont go dark[0m
[15:51] [0m[35;1mPol [Jedi(Knight)]:[0m why would you go dark?[0m
[15:51] [0m[35;1mSimonz [Jedi(Knight)]:[0m ...again....?[0m
[15:51] [0m[35;1mSimonz [Jedi(Knight)]:[0m I think he's trying to max his gxp.  If you want to do less damage get a[0m
[15:51] [0m                       staff or daggers and start using them[0m
[15:52] [0m[35;1mSimonz [Jedi(Knight)]:[0m err, not 'max' gxp, but make mobs last longer so he can gxp on them[0m
[15:52] [0m[35;1mPol [Jedi(Knight)]:[0m hmm.  there's unlimited mobs.[0m
[15:52] [0m[35;1mPol [Jedi(Knight)]:[0m to each their own. just surprised[0m
[15:53] [0m[35;1mTrisky [Jedi(55)]:[0m why do u want do less dmg ?[0m
[15:53] [0m[35;1mBlubber [Jedi(59)]:[0m I want to be evil[0m
[15:54] [0m[35;1mTrisky [Jedi(55)]:[0m  dungones has tons of mobs[0m
[15:54] [0m[35;1mLicklick [Jedi(50)]:[0m i go 40 rounds i would like to to do a less dmg but not flurry less dmg[0m
[15:54] [0m[35;1mPol [Jedi(Knight)]:[0m the tradeoff is xp rate. how does this work out?[0m
[15:56] [0m[35;1mTrisky [Jedi(55)]:[0m how do i get more dmg ?[0m
[15:57] [0m[35;1mTrisky [Jedi(55)]:[0m mast at 8 for loooonnng time.[0m
[15:57] [0m[35;1mSimonz [Jedi(Knight)]:[0m increase guide/master, raise wis[0m
[15:57] [0m[35;1mPol [Jedi(Knight)]:[0m stay lightside, gain lvls and glvls[0m
[15:57] [0m[35;1mPol [Jedi(Knight)]:[0m jinx[0m
[15:57] [0m[35;1mBlubber [Jedi(59)]:[0m Use inflict pain[0m
[15:57] [0m[35;1mTrisky [Jedi(55)]:[0m we can?[0m
[15:57] [0m[35;1mBlubber [Jedi(59)]:[0m Yeah sure[0m
[15:57] [0m[35;1mTrisky [Jedi(55)]:[0m with guide?[0m
[15:58] [0m[35;1mBlubber [Jedi(59)]:[0m well no[0m
[15:58] [0m[35;1mSimonz [Jedi(Knight)]:[0m max crafting so you can make chaostone gear, get +75 wis and watch your[0m
[15:58] [0m                       damage go way up ;)[0m
[15:58] [0m[35;1mBlubber [Jedi(59)]:[0m but inflict pain + h2h max does a lot of damage[0m
[15:58] [0m[35;1mBlubber [Jedi(59)]:[0m don't listen to the light siders[0m
[15:58] [0m[35;1mBlubber [Jedi(59)]:[0m quick power comes from the dark side[0m
[15:58] [0m[35;1mTrisky [Jedi(55)]:[0m i dont have craft skills[0m
[15:58] [0m[35;1mSimonz [Jedi(Knight)]:[0m well get going![0m
[15:59] [0m[35;1mTrisky [Jedi(55)]:[0m can u make me a set?[0m
[16:00] [0m[35;1mSimonz [Jedi(Knight)]:[0m would need materials to make it, and time.  I'm about to log off so I can[0m
[16:00] [0m                       get some schoolwork done, heh[0m
[16:00] [0m[35;1mSimonz [Jedi(Knight)]:[0m highly recommend crafting though, it's a fun thing to break up the grind,[0m
[16:00] [0m                       and at the highest levels the gear is pretty sweet[0m
[16:03] [0m[35;1mSimonz [Jedi(Knight)]:[0m if you do, make sure you switch to transmuter for your major profession,[0m
[16:03] [0m                       it's invaluable for improving mats so you can make higher quality items[0m
[16:03] [0m                       and level up faster[0m
[16:21] [0m[37;1m[JEDI]:[0m H'ssani C'talan arrives at the Academy.[0m
[16:23] [0m[35;1mPol [Jedi(Knight)]:[0m saturated.  i'm eating a pizza[0m
[16:23] [0m[35;1mBlubber [Jedi(59)]:[0m Guess how you died there ;)[0m
[16:24] [0m[35;1mPol [Jedi(Knight)]:[0m like a 42M mob can kill me[0m
[16:24] [0m[35;1mDalimar [Jedi(36)]:[0m force boom sure can[0m
[16:24] [0m[35;1mPol [Jedi(Knight)]:[0m jk. a 10m mob could kill me[0m
[16:25] [0m[35;1mPol [Jedi(Knight)]:[0m i should really pay attention[0m
[16:27] [0m[35;1mDalimar [Jedi(36)]:[0m sounds expensive[0m
[16:33] [0mYour transmuter's stone bursts with 6 new colours![0m
[16:38] [0m[35;1mDalimar [Jedi(36)]:[0m man...crafting is just mean[0m
[16:38] [0m[35;1mDalimar [Jedi(36)]:[0m  Wrangling  :  32 /  33 ( 99%),  Enchanter  :  32 /  33 ( 99%)[0m
[16:41] [0m[35;1mDalimar [Jedi(36)]:[0m ope, nevermind, you just have to hit 99% apparently[0m
[16:43] [0m[37;1m[JEDI]:[0m Wennic Ber'ni'lok arrives at the Academy.[0m
[16:50] [0m[34;1mDamian shouts:[0m woo hoo!!!!![0m
[16:50] [0m[34;1mKenny shouts:[0m i could go for a frosty B[0m
[16:50] [0m[34;1mZor shouts:[0m woo!!!!!!!!!!!!!!!!!!!!!!!!!!!!!!!!!!!!!!!![0m
[17:21] [0m[37;1m[JEDI]:[0m Bithoff Jonansaan arrives at the Academy.[0m
[17:45] [0m[37;1m[JEDI]:[0m Durnoth arrives at the Academy.[0m
[18:03] [0m[33;1m[Clan] Nix :[0m zorbs... got any home made potions to combat the coronavirus?[0m
[18:03] [0m[33;1m[Clan] Nix :[0m there's gotta be some fungus you recommend[0m
[18:05] [0m[33;1m[Clan] Wik :[0m ricola[0m
[18:16] [0m[37;1m[JEDI]:[0m Reena Bel Noir arrives at the Academy.[0m
[18:16] [0m[34;1mWik shouts:[0m playcult like you think organic food is better for you! i mean really, gimme some[0m
[18:16] [0m            inorganic food[0m
[18:17] [0m[34;1mMogro shouts:[0m organic vegitables crack me up, I mean, it's a damned vegitable, of course it's[0m
[18:17] [0m              organic, it isn't artificial after all.[0m
[18:18] [0m[34;1mWik shouts:[0m even if it aint a veggie, is non organic food sawdust and plastic bits?[0m
[18:29] [0m[33;1m[Clan] Decado enters the game.[0m  [0m
[18:36] [0m[34;1mZor shouts:[0m gets You killed cause Your not thinking right Your too angry![0m
[18:37] [0m[34;1mCrolack shouts:[0m Grammar sends Grandpar to beat you.[0m
[18:37] [0m[34;1mWik shouts:[0m stay calm, cool, and collected, like a calculated ciller[0m
[18:43] [0m[37;1m[JEDI]:[0m H'ssani C'talan arrives at the Academy.[0m
[18:46] [0mYour transmuter's stone bursts with 2 new colours![0m
[18:53] [0m[34;1mJasmine shouts:[0m Playcult! Join now and kill Wik! Then you can drink your beer from his skull![0m
[18:54] [0m[34;1mKenny shouts:[0m I think I'll just Playfremen and drink my own pee through a straw.[0m
[18:55] [0m[34;1mLance shouts:[0m pee is stored in the thigh pads[0m
[18:57] [0m[34;1mZor shouts:[0m don't need to know that![0m
[18:57] [0m[34;1mJasmine shouts:[0m pee is stored in the toilet![0m
[18:57] [0m[34;1mCinis shouts:[0m I store my pee in the shower[0m
[18:57] [0m[34;1mBoosh shouts:[0m tell that to the bards[0m
[18:58] [0m[34;1mZor shouts:[0m stop drinking it![0m
[19:16] [0m[37;1m[JEDI]:[0m Durnoth arrives at the Academy.[0m
[19:36] [0m[34;1mRoken shouts:[0m Blair's Death sauce. Worth it[0m
[19:46] [0mYour transmuter's stone bursts with 4 new colours![0m
[19:47] [0m[33;1m[Clan] Nix :[0m i need a starboard[0m
[19:53] [0m[37;1m[JEDI]:[0m Wennic Ber'ni'lok arrives at the Academy.[0m
[20:22] [0m[37;1m[JEDI]:[0m Alyssa K'tal arrives at the Academy.[0m
[20:46] [0mYour transmuter's stone bursts with 6 new colours![0m
[20:54] [0m[37;1m[JEDI]:[0m Rhaan arrives at the Academy.[0m
[21:17] [0m[34;1mDaagar shouts:[0m tough crowd. woo Ipsie[0m
[21:18] [0m[34;1mPhenom shouts:[0m boo ipsie we hatesss him[0m
[21:18] [0m[34;1mIpsie shouts:[0m spell good, phenom[0m
[21:18] [0m[34;1mPhenom shouts:[0m death to ipsie![0m
[21:19] [0m[34;1mWik shouts:[0m ip ip ooray![0m
[21:19] [0m[34;1mBoosh shouts:[0m he wears pants kill em[0m
[21:19] [0m[34;1mKenny shouts:[0m WOO[0m
[21:21] [0m[34;1mDaagar shouts:[0m see, thats wasn't too hard[0m
[21:21] [0m[37;1m[JEDI]:[0m Tobias Kel'ach'nar arrives at the Academy.[0m
[21:22] [0m[34;1mBoosh shouts:[0m sylence you[0m
[21:36] [0mcart saying "You must purify your mind and body before attempting this[0m
[21:47] [0mYour transmuter's stone bursts with 6 new colours![0m
[21:51] [0m[34;1mKenny shouts:[0m meep[0m
[21:59] [0m[37;1m[JEDI]:[0m Janath Meelin arrives at the Academy.[0m
[22:01] [0m[35;1mRoken [Jedi(77)]:[0m bull[0m
[22:07] [0mDalthazar flaps : duke's helmet on ground at bigpig[0m
[22:12] [0mNauda flaps : zombie reset[0m
[22:13] [0m[33;1m[PARTY][0m Roken joins the party.[0m
[22:13] [0m[33;1m[PARTY][0m Nauda: ready??[0m
[22:13] [0m[33;1m[PARTY][0m Space: boo now if roken is doing zombies who will liter coins all[0m
[22:13] [0m       over aegis for me?!?![0m
[22:14] [0m[33;1m[PARTY][0m Space: i am ready  yes nauda[0m
[22:14] [0m[33;1m[PARTY][0m Nauda has quit the party.[0m
[22:14] [0m[33;1m[PARTY][0m The leader quit the party![0m
[22:14] [0m[33;1m[PARTY][0m New leader for the party: mud.[0m
[22:14] [0m[33;1m[PARTY][0m Space has quit the party.[0m
[22:14] [0m[33;1m[PARTY][0m Armand has quit the party.[0m
[22:14] [0m[33;1m[PARTY][0m Roken has quit the party.[0m
[22:23] [0mAdalius flaps : Ogotaz's prices have been adjusted some more.[0m
[22:30] [0m[37;1m[JEDI]:[0m Bithoff Jonansaan arrives at the Academy.[0m
[22:48] [0mYour transmuter's stone bursts with 2 new colours![0m
[22:58] [0m[37;1m[JEDI]:[0m Ylenic It'kla arrives at the Academy.[0m
[23:31] [0m[37;1m[JEDI]:[0m Herah Wylann arrives at the Academy.[0m
[23:36] [0m[34;1mKitt shouts:[0m Whhhastt would u do 4 a klondike bar[0m
[23:38] [0m[34;1mKenny shouts:[0m ur mom HAHAHAHA[0m
[23:52] [0m[33;1m[Clan] Mud :[0m 33.5b to lvl[0m
[23:52] [0mYour transmuter's stone bursts with 3 new colours![0m
