- = LOG STARTED [00:00] = -
[00:06] [0m[37;1m[JEDI]:[0m Reena Bel Noir arrives at the Academy.[0m
[00:32] [0m[37;1m[JEDI]:[0m Herah Wylann arrives at the Academy.[0m
[01:01] [0m[37;1m[JEDI]:[0m Kerran Halcyon arrives at the Academy.[0m
[01:17] [0m[31;1m[Clan] Taleast :[0m night![0m
[01:18] [0m[35;1mTaleast [Jedi(53)]:[0m night, folks[0m
[01:35] [0m[37;1m[JEDI]:[0m H'ssani C'talan arrives at the Academy.[0m
[07:21] [0mYou can currently reforge 8 items.[0m
[07:22] [0m[31;1m[Clan] Dangerzone :[0m morning! woo flying to DEN in 2 hours[0m
[07:22] [0m[31;1m[Clan] Bruce :[0m morning, off for 5 hours of tattoo'ing in 2 hours![0m
[07:22] [0m[31;1m[Clan] Bruce :[0m waaaah[0m
[07:23] [0m[31;1m[Clan] Bruce :[0m den is a much nicer plan[0m
[07:23] [0m[31;1m[Clan] Nix :[0m finishing that penis tat on your back bruce?[0m
[07:23] [0m[31;1m[Clan] Bruce :[0m getting a bulls eye added[0m
[07:23] [0m[31;1m[Clan] Nix :[0m haha, i'm kidding[0m
[07:23] [0m[31;1m[Clan] Bruce :[0m i'm not[0m
[07:23] [0m[31;1m[Clan] Bruce :[0m haha[0m
[07:24] [0m[31;1m[Clan] Nix :[0m i'm on a zoom deposition right now, with a witness i could give[0m
[07:24] [0m             two shits about[0m
[07:24] [0m[31;1m[Clan] Bruce :[0m i'm extending this up further up my shoulder and down my[0m
[07:24] [0m               shoulder blade[0m
[07:24] [0m[31;1m[Clan] Bruce :[0m https://photos.app.goo.gl/3k6QLgRTnnq62BLY9[0m
[07:24] [0m[31;1m[Clan] Nix :[0m oh sick that's sweet man[0m
[07:24] [0m[31;1m[Clan] Nix :[0m i need to cover-up the shit on my arm[0m
[07:25] [0m[31;1m[Clan] Nix :[0m have a pirate ship that's all faded and over 10 years old, not[0m
[07:25] [0m             bad looking but meh i was drunk when i got it[0m
[07:25] [0m[31;1m[Clan] Bruce :[0m i love it, but the pain can get fucked[0m
[07:25] [0m[31;1m[Clan] Bruce :[0m ahh yeah and the fading is a bitch[0m
[07:25] [0m[31;1m[Clan] Nix :[0m therapy =P[0m
[07:25] [0m[31;1m[Clan] Taleast :[0m morning[0m
[07:25] [0m[31;1m[Clan] Bruce :[0m i am pretty religious with suncream on mine[0m
[07:25] [0m[31;1m[Clan] Nix :[0m i got one on my calf.. i fell asleep during it[0m
[07:26] [0m[31;1m[Clan] Bruce :[0m god i dream of that[0m
[07:26] [0m[31;1m[Clan] Bruce :[0m i lie there and think happy thoughts / cry / want to cry /[0m
[07:26] [0m               restrain from sobbing in front of my artist[0m
[07:26] [0m[31;1m[Clan] Bruce :[0m mostly because she's really pretty and i need to be manly[0m
[07:26] [0m               because society has conditioned me this way[0m
[07:26] [0m[31;1m[Clan] Nix :[0m lolz[0m
[08:11] [0mYou can currently reforge 12 items.[0m
[08:21] [0mnewb Avalin [necromancer/40]: so if I kill everything in the dungeon will it[0m
[08:21] [0m                              reset? Or do npc's keep spawning in there?[0m
[08:21] [0mnewb Bro [mage/87]: think it depends on the dungeon[0m
[08:21] [0mnewb Avalin [necromancer/40]: chess board[0m
[08:21] [0mnewb Hsima [sii/132]: most rooms have a 45 minute respawn timer[0m
[08:21] [0mnewb Byron [bard/137]: Depends on the dungeon[0m
[08:22] [0mnewb Byron [bard/137]: Some dungeons the monsters do not reset until the[0m
[08:22] [0m                       dungeon resets (your timer runs to 0) and you re-open[0m
[08:22] [0m                       the dungeon.[0m
[08:22] [0mnewb Hsima [sii/132]: chess resets like normal mud rooms, so each room will[0m
[08:22] [0m                      respawn every 45 min or so[0m
[08:22] [0mnewb Byron [bard/137]: Some dungeons the monsters reset according to their[0m
[08:22] [0m                       room's reset timer (typically around 45 mins like[0m
[08:22] [0m                       Hsima said)[0m
[08:23] [0m[31;1m[Clan] Byron :[0m anyone find event[0m
[08:24] [0m[31;1m[Clan] Byron :[0m found it[0m
[08:24] [0m[31;1m[Clan] Byron :[0m THANKS FOR NOTHING[0m
[08:24] [0m[31;1m[Clan] Byron :[0m GAWD[0m
[08:27] [0m[31;1m[Clan] Archangel :[0m Sorry[0m
[08:27] [0m[31;1m[Clan] Archangel :[0m Distracted by work.[0m
[08:28] [0m[31;1m[Clan] Byron :[0m lol, just breaking balls[0m
[08:28] [0m[31;1m[Clan] Byron :[0m man i'm really gonna be sad when i lose ldlogin[0m
[08:29] [0m[31;1m[Clan] Byron :[0m Maybe I'll start a gofundme[0m
[08:32] [0m[37;1mSquirrel flaps :[0m portal froze :([0m
[08:32] [0m[37;1mByron flaps :[0m must be those darn kayos agents[0m
[08:39] [0m[31;1m[Clan] Taleast :[0m yeah I definitely plan to pre-load the money for another[0m
[08:39] [0m                 year of ldlogin the next vaf drive[0m
[08:39] [0m[31;1m[Clan] Byron :[0m will probably have to wait til xmas drive[0m
[08:39] [0m[31;1m[Clan] Byron :[0m But I bought it when it was 40% off[0m
[08:39] [0m[31;1m[Clan] Byron :[0m So, I could've had perm for like 140[0m
[08:40] [0m[31;1m[Clan] Byron :[0m considering the double vaf[0m
[08:42] [0m[32;1mFrom afar, Alassra cheers you on!!![0m[0m
[09:21] [0mYou can currently reforge 12 items.[0m
[09:28] [0m[32mFlaxen tells you:[0m Clickity-clackity, I roll to attackity.[0m
[09:28] [0m[34;1mTaleast shouts:[0m Critical failure![0m
[09:28] [0m[34;1mSarge shouts:[0m i disbelieve the damage![0m
[09:28] [0m[34;1mSeeker shouts:[0m You spin away from Pipe Moron's lethal blow![0m
[09:29] [0m[34;1mThadar shouts:[0m i cast magic missle at thte darkness![0m
[09:29] [0m[34;1mAlassra shouts:[0m Magic Missile the darkness![0m
[09:29] [0m[34;1mHooligan shouts:[0m Jesus saves all others take half damage.[0m
[09:30] [0m[34;1mFlaxen shouts:[0m i was just gaming last night, and we came up with a new[0m
[09:30] [0m               insult.  "bottom goblin"[0m
[09:30] [0m[34;1mAlassra shouts:[0m nerd![0m
[09:30] [0m[34;1mFlaxen shouts:[0m that guy?  yeah i wouldn't trust him, he's a real bottom[0m
[09:30] [0m               goblin[0m
[09:31] [0m[34;1mFujitsu shouts:[0m OOo...a bottom goblin? I put on my robe and wizard hat.[0m
[09:31] [0m[34;1mSamiel shouts:[0m I know of South American intestinal worms with better insults[0m
[09:31] [0m               than that..[0m
[09:32] [0m[34;1mSarge shouts:[0m I ready my HackMaster+12 and get ready to attack the gazebo![0m
[09:33] [0m[34;1mSamiel shouts:[0m don't forget to casst magiv missiles at the darkness![0m
[09:35] [0m[34;1mAl shouts:[0m bottom gobblin'[0m
[09:35] [0m[34;1mThadar shouts:[0m we're out of moutain dew mom.[0m
[09:36] [0m[34;1mSquirrel shouts:[0m why is all the rum gone?[0m
[09:36] [0m[34;1mSamiel shouts:[0m I take off my robes and wizard's hat[0m
[09:36] [0m[34;1mTaleast shouts:[0m Use your crosbow of slaying on the gazebo![0m
[11:00] [0m[34;1mThadar shouts:[0m YABBA DABBA DOOooo...[0m
[11:01] [0m[34;1mWhoknows shouts:[0m WIIILLLLMAAAA!!![0m
[11:08] [0m[36m<BS> Zokko :[0m new bk hehe[0m
[11:08] [0m[36m<BS> Prismal :[0m nice[0m
[11:08] [0m[36m<BS> Zokko :[0m ewell is weird for passive[0m
[11:11] [0m[36m<BS> Din :[0m damn dude[0m
[11:11] [0m[36m<BS> Din :[0m nice bk[0m
[11:11] [0m[36m<BS> Zokko :[0m beats out my day 3 broodwars hehe[0m
[11:13] [0m[31;1m[Clan] Byron :[0m 2% g2n[0m
[11:13] [0m[31;1m[Clan] Byron :[0m woot[0m
[11:15] [0m[31;1m[Clan] Taleast :[0m nice![0m
[11:15] [0m[31;1m[Clan] Taleast :[0m wait, 2% left, right?[0m
[11:16] [0m[31;1m[Clan] Byron :[0m yep[0m
[11:16] [0m[31;1m[Clan] Byron :[0m should get it next boot[0m
[11:17] [0m[31;1m[Clan] Byron :[0m or one of these boots[0m
[13:25] [0mYou can currently reforge 12 items.[0m
[13:25] [0mYou can currently reforge 0 items.[0m
[13:35] [0mYou can currently reforge 4 items.[0m
[13:48] [0m[31;1m[Clan] Taleast :[0m and they still take forever to reset because I suck :P[0m
[13:48] [0m[31;1m[Clan] Taleast :[0m w/l[0m
[13:54] [0m[31;1m[Clan] Michael :[0m I'm just pointing out that there is a solution to your pain[0m
[13:54] [0m                 points[0m
[13:54] [0m[31;1m[Clan] Michael :[0m w/l[0m
[13:54] [0m[31;1m[Clan] Taleast :[0m grin[0m
[13:55] [0m[32mAl tells you:[0m Be honest, do I just need moar combat time?[0m
[13:55] [0m[34;1mSpace shouts:[0m like i care?[0m
[13:55] [0m[34;1mKichi shouts:[0m not in bards[0m
[13:55] [0m[34;1mPrismal shouts:[0m everyone needs more combat time, except maybe Xiu and Space[0m
[13:55] [0m[31;1m[Clan] Michael :[0m ugh my changer is at FF 25 slime... doing it first. I can't[0m
[13:55] [0m                 do it. 10k rounds for each FF to 30[0m
[14:43] [0m[31;1m[Clan] Szodrin enters the game.[0m  [0m
[14:45] [0m[31;1m[Clan] Byron :[0m lvl 2 wrangler tome at timmy[0m
[14:47] [0m[31;1m[Clan] Falthrice enters the game.[0m  [0m
[15:03] [0m[34;1mWhoknows shouts:[0m c-c-c-combo breaker![0m
[15:03] [0m[34;1mGilneas shouts:[0m Terra Wins. Fatality. Flawless Victory.[0m
[19:00] [0mYou can currently reforge 4 items.[0m
[19:01] [0mYou can currently reforge 4 items.[0m
[19:01] [0mYou can currently reforge 4 items.[0m
[19:19] [0mYou can currently reforge 8 items.[0m
[19:39] [0m[31;1m[Clan] Ser :[0m oneplus 8 pro byron[0m
[19:45] [0m[31;1m[Clan] Oscar :[0m ooo sexy[0m
[19:45] [0m[31;1m[Clan] Oscar :[0m i looked into that one[0m
[19:50] [0m[31;1m[Clan] Dangerzone :[0m oh my the candy ser serves ... uhh tempts me to drop the[0m
[19:50] [0m                    iphone[0m
[19:55] [0m[31;1m[Clan] Ser :[0m i sprung for the 12 gb ram/256 gb storage too[0m
[19:56] [0m[31;1m[Clan] Ser :[0m hoping this phone lasts me most of 5g[0m
[19:56] [0m[31;1m[Clan] Oscar :[0m 0h[0m
[19:56] [0m[31;1m[Clan] Ser :[0m and w lineageos or similar i dont see why it wouldnt[0m
[20:09] [0m[36m<BS> Xiu :[0m my screen says something called "reboot" is in 1.2 days? dafuq is[0m
[20:09] [0m           that? sounds like a pain.[0m
[20:19] [0mYou can currently reforge 12 items.[0m
[20:24] [0m[31;1m[Clan] Byron :[0m anyone do free hamstel?[0m
[20:24] [0m[31;1m[Clan] Nix :[0m who dat?[0m
[20:26] [0m[31;1m[Clan] Nix :[0m i haven't even logged a day of combat time this boot...[0m
[20:39] [0m[31;1m[Clan] Nix :[0m is there any way to cancel an amazon order??? was supposed to[0m
[20:39] [0m             be here 8/26... hasn't even shipped yet[0m
[20:39] [0m[31;1m[Clan] Archangel :[0m I would imagine there is.[0m
[20:40] [0m[31;1m[Clan] Nix :[0m august 21st shipping label was printed[0m
[20:41] [0m[31;1m[Clan] Nix :[0m tree stand bullshit.. i should've just sucked it up and drove[0m
[20:41] [0m             to bass pro[0m
[20:42] [0m[31;1m[Clan] Byron :[0m anyone know anyrthing about the sea of suffering?[0m
[20:42] [0m[31;1m[Clan] Byron :[0m oo just found some +dex stuff[0m
[20:50] [0m[31;1m[Clan] Taleast :[0m there are few things more meticulous and annoying than[0m
[20:50] [0m                 attempting to assemble several heavy, fragile objects on[0m
[20:50] [0m                 top of a real wood floor[0m
[20:51] [0m[31;1m[Clan] Taleast :[0m I'd have been done an hour ago but I had to do everything[0m
[20:51] [0m                 gently[0m
[20:53] [0m[31;1m[Clan] Nix :[0m man amazon reps super helpful[0m
[20:53] [0m[31;1m[Clan] Nix :[0m sending me replacement items[0m
[20:54] [0m[31;1m[Clan] Nix :[0m told me if the other ones show up, just keep em[0m
[21:04] [0m[37;1mFujitsu flaps :[0m anyone know what font CUTE used?[0m
[21:17] [0mTaleast <.oO>: I always forget to get the levels before saving for the next[0m
[21:17] [0m               eradicate level. I need them for the next rank anyway and[0m
[21:17] [0m               that's damage left on the table.[0m
[21:17] [0mAlassra <.oO>: exactly![0m
[21:17] [0mAlassra <.oO>: of course you get some sickos who actually toggle erad off...[0m
[21:18] [0mTaleast <.oO>: well... only on my low rank gswaps :P[0m
[21:18] [0mAlassra <.oO>: masochist![0m
[21:19] [0mTaleast <.oO>: occasionally, I mean I just spent 2 hours putting together a[0m
[21:19] [0m               heavy, fake fireplace for my wife[0m
[21:20] [0mTaleast <.oO>: she bought it on sale since it's out of season, but I'm here[0m
[21:20] [0m               to tell you it works good, I was terribly hot after that[0m
[21:20] [0m               debacle[0m
[21:20] [0mAlassra <.oO>: now to wait till the winter to give it a true test run?[0m
[21:21] [0mTaleast <.oO>: I generally don't generally use space heaters myself, but my[0m
[21:21] [0m               wife is always either hot or cold[0m
[21:23] [0m[31;1m[Clan] Taleast :[0m fuck it, I'm making some cocoa and turning on a fan[0m
[21:23] [0m[31;1m[Clan] Taleast :[0m ...right after my shower[0m
[21:23] [0mAlassra <.oO>: I use a space heater mainly because I typically spend most of[0m
[21:23] [0m               my time in 1 room during the day and I don't see much of a[0m
[21:23] [0m               reason to heat the whole house when I can just heat one room.[0m
[21:23] [0m[31;1m[Clan] Archangel :[0m I want icecream.[0m
[21:24] [0m[31;1m[Clan] Taleast :[0m I'm spoiled, I generally only eat icecream with cookie[0m
[21:24] [0m                 monsters[0m
[21:24] [0m[31;1m[Clan] Taleast :[0m that shit is delicious[0m
[21:24] [0m[31;1m[Clan] Archangel :[0m "with cookie monsters"?[0m
[21:24] [0m[31;1m[Clan] Taleast :[0m that being said, a cookie monster is an ordeal, you gotta[0m
[21:24] [0m                 save appetite for that shit and plan ahead, even for small[0m
[21:24] [0m                 ones[0m
[21:24] [0m[31;1m[Clan] Taleast :[0m IN[0m
[21:24] [0m[31;1m[Clan] Byron :[0m i had ice cream w/ waffles[0m
[21:25] [0m[31;1m[Clan] Archangel :[0m Sure, rub it in.[0m
[21:25] [0m[31;1m[Clan] Taleast :[0m you two take that to another channel[0m
[21:25] [0m[31;1m[Clan] Archangel :[0m Next I'm sure you'll say you ate the whip cream and[0m
[21:25] [0m                   cherries off of someone's nipples.[0m
[21:27] [0m[31;1m[Clan] Byron :[0m just the cocaine[0m
[21:28] [0m[31;1m[Clan] Archangel :[0m Isn't it traditional to snort that off of someone's ass?[0m
[21:28] [0m[31;1m[Clan] Taleast :[0m I do enjoy a nice maraschino, but not generally that much[0m
[21:28] [0m[31;1m[Clan] Taleast :[0m That's not the place Letterkenny talks about snorting it[0m
[21:28] [0m                 from[0m
[21:29] [0m[31;1m[Clan] Archangel :[0m Never seen that show.[0m
[21:29] [0m[31;1m[Clan] Taleast :[0m you almost have to watch an episode multiple times, I'm[0m
[21:29] [0m                 slowly digesting it[0m
[21:29] [0m[31;1m[Clan] Taleast :[0m I'm not used to such fast, monotone speech[0m
[21:29] [0m[31;1m[Clan] Byron :[0m ass, tits[0m
[21:29] [0m[31;1m[Clan] Byron :[0m who's judgin[0m
[21:30] [0m[31;1m[Clan] Taleast :[0m well... judges[0m
[21:30] [0m[31;1m[Clan] Taleast :[0m sometimes you say the dumbest shit[0m
[21:31] [0m[31;1m[Clan] Taleast :[0m now come here so I can snort some shit off your nipples[0m
[21:31] [0m[31;1m[Clan] Taleast :[0m er, coke, don't want to give you an inch[0m
[21:31] [0m[31;1m[Clan] Taleast :[0m for that matter please don't give me an inch[0m
[21:31] [0m[31;1m[Clan] Taleast :[0m I may in fact already be on coke[0m
[21:32] [0m[31;1m[Clan] Taleast :[0m cocoa time[0m
[21:38] [0m[37;1mAlassra flaps :[0m Who wants a zombie ride?[0m
[21:38] [0m[31;1m[Clan] Nameless leaves the game.[0m  [0m
[21:38] [0m[37;1mAlassra flaps :[0m that means a reset![0m
[21:38] [0m[37;1mBrasky flaps :[0m is that some kind of euphemism?[0m
[21:40] [0m[37;1mAlassra flaps :[0m only a play on a line from the greatest movie of all time[0m
[21:41] [0m[37;1mAlassra flaps :[0m reset![0m
[21:42] [0mTaleast <.oO>: sorry, was making cocoa :D, that's entirely reasonable, I[0m
[21:42] [0m               generally force the residents of my house to dress more[0m
[21:42] [0m               warmly because I'm cheap and they leave those damn bathroom[0m
[21:42] [0m               fans on for days[0m
[21:43] [0mAlassra <.oO>: the roommates here all have built in coats (because they're[0m
[21:43] [0m               cats)[0m
[21:44] [0mAlassra <.oO>: they generally just follow me around and try and steal my[0m
[21:44] [0m               body heat anyways[0m
[21:44] [0mTaleast <.oO>: lol[0m
[21:46] [0mWhoknows <.oO>: cats try to steal your soul while you sleep[0m
[21:47] [0mWhoknows <.oO>: they are evil[0m
[21:51] [0mAlassra <.oO>: I mean, you're not wrong[0m
[21:53] [0mWhoknows <.oO>: why they are considered pets is beyond me, they don't[0m
[21:53] [0m                listen, they do whatever they want, they invade your space[0m
[21:53] [0m                and claim it as their own, they demand attention whenever it[0m
[21:53] [0m                serves them[0m
[21:53] [0mWhoknows <.oO>: it's more that the humans who have them are the pets[0m
[21:53] [0mAlassra <.oO>: That's correct.  They're not pets.  They're supervisors.[0m
[21:54] [0mAlassra <.oO>: they literally have mind control parasites[0m
[21:55] [0mWhoknows <.oO>: the only thing that humans have that can semi control a cat[0m
[21:55] [0m                is catnip[0m
[21:58] [0mDin <.oO>: and duct tape[0m
[21:59] [0mWhoknows <.oO>: and maybe a laser pointer[0m
[22:01] [0m[31;1m[Clan] Taleast :[0m Byron, I'm beginning to worry you took me seriously :([0m
[22:01] [0m[31;1m[Clan] Byron :[0m laf, I didn't see any of that[0m
[22:01] [0m[31;1m[Clan] Nix :[0m ct flyers > 3k[0m
[22:01] [0m[31;1m[Clan] Byron :[0m I've been watching hockey[0m
[22:01] [0mFujitsu <.oO>: don't know that i've ever seen the eradication message. am i[0m
[22:01] [0m               just not realizing what it is?[0m
[22:01] [0m[31;1m[Clan] Taleast :[0m ct flyers?[0m
[22:02] [0m[31;1m[Clan] Taleast :[0m ahh[0m
[22:02] [0m[31;1m[Clan] Byron :[0m they just won in the 2nd overtime[0m
[22:02] [0mHooligan <.oO>: something like a bolt ofnlightning flashes down[0m
[22:02] [0m[31;1m[Clan] Byron :[0m FORCIN GAME 7 SATURDAY![0m
[22:02] [0m[31;1m[Clan] Taleast :[0m oh, actually, flyers makes sense, and now I understand the[0m
[22:02] [0m                 CT[0m
[22:02] [0m[31;1m[Clan] Nix :[0m ct ct ct[0m
[22:02] [0m[31;1m[Clan] Nix :[0m typo's out the ass[0m
[22:02] [0mWiener <.oO>: A bolt of pure energy flies out of the sky striking Huge[0m
[22:02] [0m              Praying Mantis![0m
[22:02] [0mHooligan <.oO>: or that[0m
[22:02] [0mFujitsu <.oO>: the irony.  I just saw it.[0m
[22:02] [0m[31;1m[Clan] Byron :[0m So, we're gonna do a bunch of blow and swim in the pool[0m
[22:02] [0m[31;1m[Clan] Byron :[0m I'm in[0m
[22:03] [0mFujitsu <.oO>: but I also just toggled it off and back on, so I'm going to[0m
[22:03] [0m               blame Turnhold.[0m
[22:03] [0mWiener <.oO>: I can never remember, I had to wait for itand copy/paste[0m
[22:03] [0mHooligan <.oO>: when in doubt...blame turnhold[0m
[22:04] [0m[31;1m[Clan] Taleast :[0m laf[0m
[22:04] [0m[31;1m[Clan] Taleast :[0m pools closed :*([0m
[22:04] [0mXiu <.oO>: if you wanna make it stand out aset eternal_ansi it to something[0m
[22:04] [0m           like flashing neon strobe lights[0m
[22:04] [0m[31;1m[Clan] Byron :[0m the fuck[0m
[22:04] [0m[31;1m[Clan] Byron :[0m where we gonna have the omp[0m
[22:04] [0m[31;1m[Clan] Taleast :[0m wait, wrong imoji[0m
[22:04] [0m[31;1m[Clan] Taleast :[0m :D[0m
[22:04] [0m[31;1m[Clan] Byron :[0m this is bullshit![0m
[22:04] [0m[31;1m[Clan] Taleast :[0m soy emoji engaged[0m
[22:05] [0m[31;1m[Clan] Byron :[0m it was all worked ouot[0m
[22:05] [0m[31;1m[Clan] Byron :[0m Ser is gonna heat it w/ the miner[0m
[22:05] [0m[31;1m[Clan] Taleast :[0m how did you know I just went to the bathroom?[0m
[22:05] [0m[31;1m[Clan] Byron :[0m It'll be a hot tub[0m
[22:06] [0m[31;1m[Clan] Taleast :[0m actually that's both a fine solution and an amusing joke[0m
[22:06] [0m[31;1m[Clan] Taleast :[0m you sir are awareded 5 internets[0m
[22:07] [0m[31;1m[Clan] Ser :[0m i didnt do anything[0m
[22:08] [0m[31;1m[Clan] Taleast :[0m not you, Byron[0m
[22:08] [0m[31;1m[Clan] Ser :[0m i made like .4 coins since last saturday[0m
[22:08] [0m[31;1m[Clan] Taleast :[0m he hoared out your rig to heat my pool while we do coke of[0m
[22:08] [0m                 each other's dicks[0m
[22:08] [0m[31;1m[Clan] Ser :[0m block rewards are going nuts, making like 2 a month[0m
[22:08] [0m[31;1m[Clan] Ser :[0m wow that escalated super fast[0m
[22:08] [0m[31;1m[Clan] Taleast :[0m that's literally what coke does[0m
[22:09] [0m[31;1m[Clan] Taleast :[0m escalate things quickly[0m
[22:09] [0m[31;1m[Clan] Ser :[0m hey get me a couple g's too thnx byron[0m
[22:10] [0m[31;1m[Clan] Taleast :[0m Byron is currently praying to Canada[0m
[22:10] [0m[31;1m[Clan] Ser :[0m also the cards run a balmy 82C at ~30% fan[0m
[22:12] [0m[31;1m[Clan] Taleast :[0m hopefully 24x4 cubic feet of pool water will drop that to[0m
[22:12] [0m                 about 40 celsius or we'll boil like lobsters and won't feel[0m
[22:12] [0m                 it hopped up on coke[0m
[22:13] [0m[31;1m[Clan] Ser :[0m its been up for 13.25 days since i got the power problem fixed,[0m
[22:13] [0m             running on all 8 cards[0m
[22:14] [0m[31;1m[Clan] Taleast :[0m I will be very disappointed if you don't have one of those[0m
[22:14] [0m                 "* days without an incident" signs[0m
[22:14] [0m[31;1m[Clan] Byron :[0m laf[0m
[22:14] [0m[31;1m[Clan] Taleast :[0m actually, I need one for the fucking pool for next year[0m
[22:15] [0m[31;1m[Clan] Ser :[0m no its rock solid since i upped swap to 64 GB and am running[0m
[22:15] [0m             linux[0m
[22:15] [0m[31;1m[Clan] Ser :[0m the cards are all underclocked[0m
[22:15] [0m[31;1m[Clan] Taleast :[0m I'm just teasing you[0m
[22:17] [0m[31;1m[Clan] Ser :[0m im just proud of my progress[0m
[22:17] [0m[31;1m[Clan] Taleast :[0m you were my first mud-husband, Ser, I'm just being nice to[0m
[22:17] [0m                 the rest of the clan for your sake[0m
[22:17] [0m[31;1m[Clan] Ser :[0m dont make this weird[0m
[22:17] [0m[31;1m[Clan] Taleast :[0m how could you deny me :*([0m
[22:18] [0m[31;1m[Clan] Taleast :[0m seriously though, I'm glad the rig is working well[0m
[22:18] [0m[31;1m[Clan] Taleast :[0m I remember when I first joined the clan you would spend[0m
[22:18] [0m                 hours on it trying to get all the cards working[0m
[22:19] [0m[31;1m[Clan] Taleast :[0m actually we haven't talked a lot lately, partially because[0m
[22:19] [0m                 of your classes, how's shit goin?[0m
[22:20] [0m[31;1m[Clan] Taleast :[0m are you done with school for a while?[0m
[22:20] [0m[31;1m[Clan] Taleast :[0m or were those midterms you shared earlier?[0m
[22:20] [0m[31;1m[Clan] Taleast :[0m my sense of time is all fucked up since covid[0m
[22:26] [0mYou can currently reforge 12 items.[0m
[22:45] [0m[31;1m[Clan] Ser :[0m done for a week[0m
[22:47] [0m[31;1m[Clan] Taleast :[0m well... at least you get a week[0m
[22:47] [0m[31;1m[Clan] Ser :[0m \o/[0m
[23:01] [0m[34;1mSer shouts:[0m woo[0m
[23:03] [0mYou can currently reforge 12 items.[0m
[23:04] [0m[31;1m[Clan] Ser :[0m oh shit, i just thought of a way to make my script a lot easier[0m
[23:05] [0m[37;1mEli flaps :[0m I thought the best movie of all time was Highlander, it won the[0m
[23:05] [0m            academy award you know. for best movie ever made[0m
[23:05] [0m[37;1mSer flaps :[0m ever[0m
[23:05] [0m[37;1mAlassra flaps :[0m the Academy was clearly wrong[0m
[23:05] [0m[31;1m[Clan] Ser :[0m ill fix it tomorrow when im supposed to work[0m
[23:05] [0m[37;1mAlassra flaps :[0m although Sean Connery's "Spanish" accent was great[0m
[23:06] [0m[37;1mSamiel flaps :[0m good movie. although if pressed I would go for Die Hard or[0m
[23:06] [0m               perhaps Aliens..[0m
[23:06] [0m[37;1mEli flaps :[0m oh if we are being serious then yeah. Aliens is definitely in my[0m
[23:06] [0m            top 3 if not number 1[0m
[23:06] [0m[37;1mEli flaps :[0m and Big Trouble in Little China[0m
[23:08] [0m[37;1mAlassra flaps :[0m hard to say for me since there are just so many genres[0m
[23:08] [0m[37;1mEli flaps :[0m right? I have a friend who still makes fun of me for how often I[0m
[23:08] [0m            say the phrase "this is one of my favorite movies"[0m
[23:09] [0m[37;1mDin flaps :[0m highlander is my wife's favorite[0m
[23:09] [0m[37;1mDin flaps :[0m i'd go with true romance[0m
[23:10] [0m[37;1mByron flaps :[0m It white boy day?[0m
[23:10] [0m[37;1mSimonz flaps :[0m Searching for Bobby Fischer[0m
[23:10] [0m[37;1mDin flaps :[0m nah man, it ain't white boy day[0m
[23:11] [0m[37;1mSimonz flaps :[0m true story, I beat someone at chess who beat Bobby Fischer[0m
[23:13] [0m[37;1mAdalius flaps :[0m Consider this a formal heads up, if I can get all the[0m
[23:13] [0m                remaining testing done tomorrow before reboot, coffins v3.0[0m
[23:13] [0m                will be going in at the start of next boot.[0m
[23:13] [0m[37;1mWhoknows flaps :[0m O.o[0m
[23:14] [0m[37;1mKirrin flaps :[0m are they're player facing changes or just internals?[0m
[23:14] [0m[37;1mEli flaps :[0m 3.0? wow. Mybe I should consider finally getting one[0m
[23:14] [0m[37;1mAdalius flaps :[0m They will have a few new minor features, some new quirks[0m
[23:14] [0m                you'll have to get used to, but it should help our lag[0m
[23:14] [0m                situation even more since it removes almost 2000 loaded[0m
[23:14] [0m                objects from the game, and runs at about 50% the CPU[0m
[23:14] [0m                footprint of the old ones.[0m
[23:15] [0m[37;1mAdalius flaps :[0m As for minor features, 'unwrap biggest' to unwrap your[0m
[23:15] [0m                largest corpse, 'unwrap' will automatically do your[0m
[23:15] [0m                smallest, and it will be ibriefable on 'wrap all' so that[0m
[23:15] [0m                instead of 15-25 lines of you wrapping you'll just see a[0m
[23:15] [0m                'You wrapped x corpses.' type of thing.[0m
[23:15] [0m[37;1mSamiel flaps :[0m so it's a primarily an 'under te hood' change?[0m
[23:16] [0m[37;1mKnull flaps :[0m isnt the lowest number corpse always the highest level corpse?[0m
[23:16] [0m              so like unwrap 1 will always get the best?  i thought it was[0m
[23:16] [0m              like that anyway[0m
[23:16] [0m[37;1mKirrin flaps :[0m it is, in the current one[0m
[23:16] [0m[37;1mEli flaps :[0m maybe toss in a button that turns a corpse into a muffin, and[0m
[23:16] [0m            I'm sold[0m
[23:17] [0m[37;1mAdalius flaps :[0m Aye, in the current form it will basically be the opposite[0m
[23:17] [0m                of the new form (which is in part due to a cpu cost quirk[0m
[23:17] [0m                with sorting)[0m
[23:18] [0m[37;1mSamiel flaps :[0m sounds good to me[0m
[23:18] [0m[37;1mSamiel flaps :[0m I'll allow it[0m
[23:18] [0m[37;1mKirrin flaps :[0m so basically it only tries to sort when you ask for biggest,[0m
[23:18] [0m               rather than sorting every time you wrap something?[0m
[23:18] [0m[37;1mAdalius flaps :[0m The mechanics of the change are basically the old one really[0m
[23:18] [0m                is acting like a container, so inside that coffin are the[0m
[23:18] [0m                actual 15-25 or whatever corpse objects. The new version[0m
[23:18] [0m                just stores an integer array of their sizes, so sorting is[0m
[23:18] [0m                just sorting a small array of ints vs having to query[0m
[23:18] [0m                properties on the corpses themselves to figure out what[0m
[23:18] [0m                order to put them in.[0m
[23:19] [0m[37;1mDin flaps :[0m clever[0m
[23:19] [0m[37;1mAdalius flaps :[0m But the CPU cost savings are *tremendous*. 'wrap all' on 24[0m
[23:19] [0m                corpses with a max coffin of 15 in testing was >50% cost[0m
[23:19] [0m                savings.[0m
[23:19] [0m[37;1mKnull flaps :[0m sounds cool to me, hope it gets you guys some good results[0m
[23:19] [0m[37;1mAgni flaps :[0m zombie reset, send tell if you want me to wait for you.[0m
[23:21] [0m[37;1mKnull flaps :[0m side question on that.  right now if you train up survival it[0m
[23:21] [0m              makes corpses last super long, but if you put them in a[0m
[23:21] [0m              coffin, it seems to strip away that benefit and they go back[0m
[23:21] [0m              to deteriorating super fast[0m
[23:21] [0m[37;1mAdalius flaps :[0m Which is odd since the coffin checks your survival to reset[0m
[23:21] [0m                the decay time, both in the old and new...[0m
[23:21] [0m[31;1m[Clan] Nix :[0m oh wtf[0m
[23:21] [0m[31;1m[Clan] Nix :[0m more damn thunder[0m
[23:21] [0m[31;1m[Clan] Nix :[0m the dog just calmed the fuck down, and the baby just fell back[0m
[23:21] [0m             to sleep 20minutes ago[0m
[23:22] [0m[37;1mAgni flaps :[0m done[0m
[23:22] [0m[37;1mAdalius flaps :[0m I'll dig into that to make sure the numbers match what they[0m
[23:22] [0m                should in my testing tomorrow[0m
[23:23] [0m[37;1mAdalius flaps :[0m I have a suspicion that someone either copied it wrong, or[0m
[23:23] [0m                changed it in the original corpse code and not in some[0m
[23:23] [0m                special sauce the coffin uses.[0m
[23:35] [0m[31;1m[Clan] Taleast :[0m lol, that sucks man[0m
[23:43] [0m[34;1mFluffy shouts:[0m vagrant is a peanut ... that is all[0m
[23:43] [0m[34;1mNik shouts:[0m pbj time![0m
[23:47] [0m[31;1m[Clan] Byron :[0m storm stopped here[0m
[23:47] [0m[31;1m[Clan] Byron :[0m it was crazy lightning though[0m
[23:47] [0m[31;1m[Clan] Nik :[0m buzzzaap[0m
