- = LOG STARTED [00:00] = -
[00:03] [0m[31;1m[Clan] Sparkie enters the game.[0m  [0m
[00:03] [0m[31;1m[Clan] Sparkie leaves the game.[0m  [0m
[00:04] [0mArmy shouts: Game reboot in 13 minutes 17 seconds [0m
[00:04] [0m[31;1m[Clan] Sparkie enters the game.[0m  [0m
[00:06] [0m[31;1m[Clan] Taleast :[0m that'll pay for a few cells[0m
[00:07] [0mArmy shouts: Game reboot in 9 minutes 47 seconds [0m
[00:09] [0m[31;1m[Clan] Nix :[0m oh..[0m
[00:09] [0m[31;1m[Clan] Nix :[0m im not gonna bootrun[0m
[00:10] [0m[31;1m[Clan] Archimedes enters the game.[0m  [0m
[00:10] [0mArmy shouts: Game reboot in 7 minutes 10 seconds [0m
[00:10] [0m[32m    [[ >>>>  GUILD box AUTOSELL  <<<< ]][0m
[00:11] [0m[31;1m[Clan] Sparkie leaves the game.[0m  [0m
[00:12] [0mArmy shouts: Game reboot in 5 minutes 12 seconds [0m
[00:13] [0m[37;1mEdward flaps :[0m last minute firebat?[0m
[00:13] [0mArmy shouts: TELL ARMY if you want a free transport![0m
[00:13] [0mArmy shouts: Game reboot in 3 minutes 44 seconds [0m
[00:14] [0m[31;1m[Clan] Xaryl leaves the game.[0m  [0m
[00:14] [0m[31;1m[Clan] Cambiador leaves the game.[0m  [0m
[00:14] [0m[34;1mDoa shouts:[0m thanks army for free teleport[0m
[00:14] [0m[31;1m[Clan] Taleast :[0m I mean, at your size, you could probably still make decent[0m
[00:14] [0m                 gxp/xp naked[0m
[00:14] [0m[31;1m[Clan] Omni leaves the game.[0m  [0m
[00:14] [0m[31;1m[Clan] Spaceghost leaves the game.[0m  [0m
[00:14] [0m[31;1m[Clan] Bruce leaves the game.[0m  [0m
[00:14] [0mArmy shouts: Game reboot in 2 minutes 38 seconds [0m
[00:15] [0m[34;1mDracula shouts:[0m we are all gona die!!!![0m
[00:15] [0m[34;1mThadar shouts:[0m probably not last![0m
[00:15] [0m[34;1mSnuggles shouts:[0m nopw[0m
[00:15] [0m[31;1m[Clan] Nix :[0m just need axe but fairly loaded on world drops to get me by[0m
[00:15] [0m[34;1mEdward shouts:[0m firebat last[0m
[00:15] [0m[34;1mBrazzin shouts:[0m lets see it...[0m
[00:15] [0mArmy shouts: Game reboot in 1 minute 48 seconds [0m
[00:15] [0m[34;1mDracula shouts:[0m -={U}=- -={N}=- -={D}=- -={E}=- -={A}=- -={D}=- -={S}=- we[0m
[00:15] [0m                laugh in the face of reboot![0m
[00:15] [0m[31;1m[Clan] Dub :[0m hehe oscar still in tomb[0m
[00:16] [0m[34;1mSnuggles shouts:[0m lol[0m
[00:16] [0m[34;1mBrazzin shouts:[0m and shere is oscar... now last minute death? Sheesh..[0m
[00:16] [0m                slackin'[0m
[00:16] [0mArmy shouts: Game reboot in 1 minute 11 seconds [0m
[00:16] [0m[34;1mThom shouts:[0m lets sing a warchant before it all quick now![0m
[00:16] [0m[34;1mElminster shouts:[0m still in the graveyard[0m
[00:16] [0mArmy shouts: Game reboot in 43 seconds [0m
[00:16] [0m[34;1mLik shouts:[0m ohhhhh waaaay yooooo[0m
[00:17] [0m[34;1mBrazzin shouts:[0m whatta wuss...[0m
[00:17] [0mArmy shouts: Game reboot in 22 seconds [0m
[00:17] [0mGargoyle <cgame>: Edward has left the game.[0m
[00:17] [0m[34;1mThadar shouts:[0m how long is the reset gonna take?[0m
[00:17] [0m[34;1mAkir shouts:[0m bye I love you[0m
[00:17] [0m[31;1m[Clan] Nix leaves the game.[0m  [0m
[00:17] [0m[34;1mMud shouts:[0m k[0m
[00:17] [0m[34;1mElminster shouts:[0m time travel is complicated[0m
[00:17] [0mArmy shouts: Game reboot in 6 seconds [0m
[00:17] [0m[31;1m[Clan] Roken escapes in a poof of 'roken'.[0m  [0m
[00:17] [0m[37;1mSquirrel flaps :[0m last[0m
[00:17] [0mGargoyle <cgame>: Sagittarii has left the game.[0m
[00:18] [0mArmy shouts: A knight rides onto the field[0m
[08:40] [0m[31;1m[Clan] Roken wisps into existence.[0m  [0m
[08:41] [0m[31;1m[Clan] Roken :[0m UK already done?[0m
[08:41] [0m[31;1m[Clan] Omni :[0m modrack/voodoo[0m
[08:41] [0m[31;1m[Clan] Omni :[0m and yes, like 5 and 7 hrs ago[0m
[08:41] [0m[31;1m[Clan] Omni :[0m always :)[0m
[08:42] [0m[31;1m[Clan] Roken :[0m hmm can i duoe[0m
[08:42] [0m[31;1m[Clan] Roken :[0m dupe[0m
[08:42] [0m[35;1mElindal [Jedi(39)]:[0m wow. jedis on 3s need a damage upgrade[0m
[08:42] [0m[31;1m[Clan] Omni :[0m see previous 2 player names :)[0m
[08:42] [0m[35;1mElindal [Jedi(39)]:[0m my jedi over there doesn't even get near what i do here :P[0m
[08:42] [0m[37;1mRoken flaps :[0m redaxe, can I dupe?[0m
[08:42] [0m[35;1mElindal [Jedi(39)]:[0m and he has 5 glevels on me[0m
[08:43] [0m[31;1m[Clan] Omni :[0m I litearlly just told you who has the 2 og[0m
[08:43] [0m[32mYou tell Gore:[0m may i dupe?[0m
[08:43] [0m[31;1m[Clan] Omni :[0m tho it's possible they boxed them[0m
[08:43] [0m[31;1m[Clan] Roken :[0m gore is the only one[0m
[08:43] [0m[32mGore tells you:[0m yeah in a minute, I will bug you[0m
[08:43] [0m[31;1m[Clan] Omni :[0m i kind of doubt it[0m
[08:43] [0m[31;1m[Clan] Omni :[0m voodoo killed #2[0m
[08:43] [0m[31;1m[Clan] Omni :[0m idk if he kept the second og axe[0m
[08:43] [0m[31;1m[Clan] Roken :[0m voodoo linkd[0m
[08:43] [0m[31;1m[Clan] Omni :[0m but he def soloed the second uk[0m
[08:44] [0m[31;1m[Clan] Omni :[0m i am aware :)[0m
[08:44] [0m[31;1m[Clan] Omni :[0m I guess i just would expect a tell to modrack/gore would be more effective than[0m
[08:44] [0m              flap :) sorry I'm not trying to be grouchy[0m
[08:45] [0m[31;1m[Clan] Omni :[0m just woke up, shouldnt' have brun but I did and havn't had enough time for coffee[0m
[08:45] [0m              to kick in[0m
[08:45] [0m[32;1mFrom afar, Omni bounces on you.[0m[0m
[08:48] [0m[31;1m[Clan] Blutash :[0m Ok, evil...."You are able to identify Bag of Holding"..."take all from bag"[0m
[08:48] [0m                 "You scream in pain as......"[0m
[08:48] [0m[31;1m[Clan] Omni :[0m as?[0m
[08:48] [0m[31;1m[Clan] Omni :[0m cursed fake ? :)[0m
[08:48] [0m[31;1m[Clan] Omni :[0m where from?[0m
[08:49] [0m[31;1m[Clan] Blutash :[0m It's a bag of devouring....but item identify identified it as Bag of Holding[0m
[08:49] [0m[31;1m[Clan] Blutash :[0m random item[0m
[08:49] [0m[31;1m[Clan] Omni :[0m wiz fun :)[0m
[08:49] [0m[31;1m[Clan] Blutash :[0m note to self....don't trust ANYTHING![0m
[08:50] [0mnewb Sarawak [fighter/21]: hi[0m
[08:50] [0m[32;1mFrom afar, you bow to Gore.[0m[0m
[08:50] [0mnewb Omni [knight/135]: morin'[0m
[08:50] [0mnewb Sarawak [fighter/21]: why so few people playing the core guild?[0m
[08:50] [0mnewb Omni [knight/135]: they stop at lvl 100[0m
[08:50] [0mnewb Elindal [jedi/97]: because of the low top end[0m
[08:51] [0mnewb Sarawak [fighter/21]: oh ok[0m
[08:51] [0mnewb Hsima [sii/132]: it is a nice way to get a reasonably powerful character quickly, but not[0m
[08:51] [0m                      as good long term[0m
[08:51] [0mnewb Elindal [jedi/97]: the max glevel is easily attainable, and you cap out at level 100[0m
[08:51] [0m                        (mortal)[0m
[08:51] [0mnewb Omni [knight/135]: they're also very ... basic/simple. not much to them compared to even[0m
[08:51] [0m                        the simple "normal" guilds[0m
[08:51] [0mnewb Elindal [jedi/97]: so its easy to peak with nowhere to go[0m
[08:51] [0m[35;1mHyuga [Jedi(97)]:[0m i have like 15 glvls on my shimura there and i am killing the same size mobs[0m
[08:51] [0mnewb Sarawak [fighter/21]: what are the normal guilds[0m
[08:51] [0mnewb Hsima [sii/132]: but if it is your first character it is not a bad move, then you have[0m
[08:51] [0m                      something to gear up your other characters[0m
[08:51] [0mnewb Omni [knight/135]: well, if I was starting 3k new, I'd use core guild to explore and map[0m
[08:52] [0mnewb Omni [knight/135]: help guilds[0m
[08:52] [0mnewb Hsima [sii/132]: android, cleric, fighter, and sorcerer are the core[0m
[08:53] [0mnewb Omni [knight/135]: and once you get to lvl 50 you can start a second character.[0m
[08:53] [0m[32mGore tells you:[0m ready?[0m
[08:54] [0mnewb Sarawak [fighter/21]: thanks for the input i will reconsider my options[0m
[08:54] [0mnewb Omni [knight/135]: so your second character might be the one you start trying the other[0m
[08:54] [0m                        guilds with[0m
[08:55] [0mnewb Omni [knight/135]: then once #2 is on firm footing, you can take #1 and leave the core[0m
[08:55] [0m                        guild, try something else, kind of stepping stones[0m
[08:55] [0mnewb Sarawak [fighter/21]: sounds good, would you say all guilds are well balanced and its not[0m
[08:55] [0m                           down to theme mostly[0m
[08:55] [0mnewb Omni [knight/135]: always leaving yourself at least 1 character who is capable[0m
[08:55] [0mnewb Omni [knight/135]: ultra loaded question, but yes, to a large extent.[0m
[08:56] [0mnewb Hsima [sii/132]: the goal is for guilds to be well balanced[0m
[08:56] [0mnewb Omni [knight/135]: there's always a few that are more "easy" than others, right now those[0m
[08:56] [0m                        are imo knights/jedi/cyborgs[0m
[08:56] [0mnewb Omni [knight/135]: and man, quite a few others[0m
[08:57] [0mnewb Hyuga [jedi/133]: in reality tho, the guilds are all so different that balancing every[0m
[08:57] [0m                       aspect would be impossible[0m
[08:57] [0mnewb Hsima [sii/132]: angels, mages and breed are a bit harder to get started in[0m
[08:58] [0m[31;1m[Clan] Nix materializes into existence.[0m  [0m
[08:58] [0mnewb Hyuga [jedi/133]: but on a macro scale, yes its more about theme and all the guilds feel[0m
[08:58] [0m                       powerful at some point[0m
[08:58] [0mnewb Omni [knight/135]: I'd put sii, and necros, and changlings in that boat too... lvl5 changer[0m
[08:58] [0m                        w/o a friend and donated plasts. oowweee[0m
[08:59] [0mnewb Hsima [sii/132]: sii are of course the best and easiest guild[0m
[08:59] [0mnewb Omni [knight/135]: sii just complicated, necros are ... pretty flimsy at c<30, and changers[0m
[08:59] [0m                        need help with plasts. every one of those things could be addressed by[0m
[08:59] [0m                        just 1 person helping you tho[0m
[08:59] [0m[32mYou tell Gore:[0m yes[0m
[08:59] [0m[32mYou tell Modrack:[0m oh ya mean fight another uk?[0m
[09:00] [0m[32mModrack tells you:[0m no[0m
[09:00] [0m[32mYou tell Modrack:[0m well gonna say i only know it is in underdark[0m
[09:00] [0mnewb Omni [knight/135]: I have keen memories going changer at lvl5 without any help, no plasts,[0m
[09:00] [0m                        and it was a struggle to kill chaos grocery store, wimpy from mr. clean,[0m
[09:00] [0m                        couldn't even gxp w/o lots of idling[0m
[09:00] [0mnewb Javelin [changeling/135]: yep[0m
[09:00] [0mnewb Hsima [sii/132]: getting some help is usually pretty easy if you ask heh[0m
[09:01] [0mnewb Omni [knight/135]: but with javelin handing you plants and tanking you'd get past that[0m
[09:01] [0m                        phase in hours.[0m
[09:01] [0m[32mModrack says:[0m gimme old axe[0m
[09:01] [0mnewb Sarawak [fighter/21]: so it's all about that initial phase for most guilds[0m
[09:01] [0m[32;1mFrom afar, you bow to Modrack.[0m[0m
[09:01] [0mnewb Omni [knight/135]: and changlings, if you are into the theme, are really good for a newbie,[0m
[09:01] [0m                        since they just become animals and like a druid need no gear to do it[0m
[09:02] [0mnewb Omni [knight/135]: turtle-form, I choose you![0m
[09:02] [0m[31;1m[Clan] Dangerzone enters the game.[0m  [0m
[09:02] [0mnewb Sarawak [fighter/21]: but what about bards, i see our bard friend[0m
[09:02] [0m                           taking on the undead knight[0m
[09:02] [0m[36m<BS> Xiu :[0m hell i thought we were safe[0m
[09:02] [0mnewb Hsima [sii/132]: Sii on the other hand are like changelings, but less[0m
[09:02] [0m                      silly and cute.[0m
[09:02] [0mnewb Elindal [jedi/97]: Nix? hes crazy :P[0m
[09:03] [0mnewb Hsima [sii/132]: Bards are fine, they like the item the undead knight has[0m
[09:03] [0mnewb Elindal [jedi/97]: bards are pretty fun. decent guild. and personally, i love the them. was[0m
[09:03] [0m                        always my go to class in dnd[0m
[09:04] [0m[31;1m[Clan] Nix :[0m who got that shield[0m
[09:04] [0mnewb Lokis [changeling/68]: hopefully you will get into a guild that actually helps you :)[0m
[09:04] [0m[31;1m[Clan] Omni :[0m idk[0m
[09:04] [0m[31;1m[Clan] Nix :[0m ya know the one[0m
[09:05] [0mnewb Sarawak [fighter/21]: thanks, i will keep looking[0m
[09:05] [0m[37;1m[JEDI]:[0m Kerran Halcyon arrives at the Academy.[0m
[09:05] [0mnewb Omni [knight/135]: see how awesome knights are? even when we're dead.[0m
[09:06] [0mnewb Sarawak [fighter/21]: are knights late game?[0m
[09:07] [0mnewb Hsima [sii/132]: knights are pretty good and are very helpful for newbies[0m
[09:07] [0mnewb Hsima [sii/132]: like early to late game good[0m
[09:07] [0mnewb Hsima [sii/132]: they scale well with gear too[0m
[09:07] [0mnewb Hsima [sii/132]: lots of knighty theme[0m
[09:08] [0mnewb Sarawak [fighter/21]: that could be a problem since i don't know where to get the gear[0m
[09:08] [0mnewb Hsima [sii/132]: knights donate gear a lot, it isn't usually a problem[0m
[09:10] [0mnewb Hsima [sii/132]: but if you don't want to fiddle with it to start with, changelings and sii[0m
[09:10] [0m                      are pretty nice[0m
[09:10] [0mnewb Hsima [sii/132]: maybe fremen?[0m
[09:11] [0mnewb Vat [juggernaut/99]: Jugs is fun[0m
[09:12] [0mnewb Sarawak [fighter/21]: which guild is less likely to die early on since i am hardcore[0m
[09:12] [0m[31;1m[Clan] Nix :[0m CHOOOO CHOOOOOOOOOO[0m
[09:13] [0mnewb Omni [knight/135]: but seriously, you could do a lot worse than knights[0m
[09:14] [0mnewb Omni [knight/135]: hmm cyborgs seem exceptionally tough, idk tho[0m
[09:14] [0mnewb Hyuga [jedi/133]: chummer cybirg is a good hardcore choice nod[0m
[09:15] [0mnewb Taris [bladesinger/99]: If you want to be powerful fast, your best choices are Jedi and[0m
[09:15] [0m                             Cyborgs.  Omni is correct, they're quite defensible.[0m
[09:15] [0mnewb Hyuga [jedi/133]: jedi are good hardcores, but only if you know the guild. too many built[0m
[09:15] [0m                       in ways to die[0m
[09:16] [0mnewb Elindal [jedi/97]: aint that the truth[0m
[09:16] [0mnewb Hsima [sii/132]: I mean, hardcore make your other characters have more skill points so you[0m
[09:16] [0m                      could just leave your hardcore in starter, I usually do[0m
[09:16] [0mnewb Hyuga [jedi/133]: sarawak, looks like you created this char once before, 8 years ago?[0m
[09:17] [0mnewb Sarawak [fighter/21]: do i get penalty for eaving guild[0m
[09:17] [0mnewb Hsima [sii/132]: not the starter guilds, but some you do[0m
[09:17] [0mnewb Dub [jedi/104]: not anymore, at least as far as exp[0m
[09:18] [0mnewb Hyuga [jedi/133]: i thought all the penalties were removed[0m
[09:18] [0mnewb Dub [jedi/104]: well, and for core guilds, lvl60[0m
[09:18] [0mnewb Hyuga [jedi/133]: core guilds stats are reset to 1 and they only keep xp up to lvl 60[0m
[09:18] [0mnewb Hsima [sii/132]: very possible they got all the penalties out[0m
[09:20] [0m[31;1m[Clan] Oscar enters the game.[0m  [0m
[09:21] [0m[Auction] Robert : Up for bids: Ring of Peace and Ring of Peace.[0m
[09:21] [0m[Auction] Robert : Dracula has requested 42 as the opening offer.[0m
[09:21] [0mnewb Sparkie [cyborg/113]: i wouldnt sweat the penalties though. Considering it a minor[0m
[09:21] [0m                           inconvience while you are learning the game. then when you decide on[0m
[09:21] [0m                           a guild you like, youll be set :)[0m
[09:21] [0m[Auction] Robert : Got 42 from Sarawak(figh).  Do I hear 92?[0m
[09:22] [0m[Auction] Robert : 42 going once![0m
[09:22] [0m[Auction] Robert : 42 going twice![0m
[09:22] [0m[Auction] Robert : Sold to Sarawak for 42 coins![0m
[09:22] [0m[31;1m[Clan] Nix :[0m 11% i got this and then no dupey dupey for anyone but clannies[0m
[09:23] [0m[31;1m[Clan] Sparkie :[0m :P[0m
[09:24] [0mYour transmuter's stone bursts with 3 new colours![0m
[09:24] [0mnewb Sarawak [adventurer/21]: thanks for the conversation , i have made my choice[0m
[09:27] [0m[34;1mSomeone shouts: ICE CREAAAAM!![0m[0m
[09:27] [0m[34;1mSomeone shouts: ICE CREAAAAM!![0m[0m
[09:28] [0m[34;1mHyuga shouts:[0m someone help that poor bard[0m
[09:29] [0m[31;1m[Clan] Roken :[0m omni, was it 100wc for redaxe? in your rant last night[0m
[09:29] [0m[31;1m[Clan] Roken :[0m quick comparison, sword of the spirit is 75 (edged)[0m
[09:35] [0m[37;1m[JEDI]:[0m Janath Meelin arrives at the Academy.[0m
[09:37] [0mnewb Sarawak [changeling/21]: hi[0m
[09:37] [0mnewb Sarawak [changeling/21]: heh i am changed[0m
[09:37] [0mnewb Roken [jedi/132]: hi[0m
[09:40] [0m[37;1mDracula flaps :[0m it's very dangerous in town. the mosquito is hunting. i think it gives you that[0m
[09:40] [0m                west nile virus ;)[0m
[09:40] [0m[37;1mElindal flaps :[0m gives ya the herps[0m
[09:40] [0m[37;1mHyuga flaps :[0m i hate mosquitos![0m
[09:43] [0mnewb Sarawak [changeling/21]: define legal scripting[0m
[09:43] [0mnewb Sarawak [changeling/21]: wl[0m
[09:44] [0mnewb Omni [knight/135]: if you appear to not be present at the keys, that's the line nowadays.[0m
[09:46] [0mnewb Omni [knight/135]: it's like when you enter the airport, by entering, you consent to be[0m
[09:46] [0m                        searched at any time. if you're on 3k, you consent to be botchecked by[0m
[09:46] [0m                        admin at any time, typically it's just admin sending you a tell like: if[0m
[09:46] [0m                        you're there, respond to me. if you don't, expect to be jailed and[0m
[09:46] [0m                        penalized[0m
[09:47] [0mnewb Omni [knight/135]: the unwritten rule has been you have about 10min to respond, if you're[0m
[09:47] [0m                        working and iaw/not paying attention playing the ps4 or whatever, you[0m
[09:47] [0m                        have a little time to notice, but[0m
[09:48] [0mnewb Omni [knight/135]: like anything else, it's at the whim of the human being at the other end[0m
[09:48] [0m                        of the line, how he wants to handle it. basically automate away, but if[0m
[09:48] [0m                        you need to step away from the game for any amount of time, turn off[0m
[09:48] [0m                        your scripts.[0m
[09:49] [0m[35;1mMav [Jedi(38)]:[0m well hello friends:)[0m
[09:52] [0m[35;1mElindal [Jedi(39)]:[0m oh dear lort. mav's here.[0m
[09:52] [0m[35;1mElindal [Jedi(39)]:[0m at least we have someone to blame now[0m
[09:52] [0m[35;1mMav [Jedi(38)]:[0m it's not my fault dammit!![0m
[09:52] [0m[35;1mElindal [Jedi(39)]:[0m lies[0m
[09:54] [0m[35;1mKoschei [Jedi(37)]:[0m moo[0m
[09:54] [0mnewb Roken [jedi/132]: 10 minutes? Frank usually gives 5 minutes. Turnhold can be leniant at the[0m
[09:54] [0m                       5-10 minute. Speaking from experience.[0m
[09:55] [0mnewb Koschei [jedi/91]: i think the length of time you have to respond is based on a variety of[0m
[09:55] [0m                        factors. like the cheatwho command[0m
[09:56] [0mnewb Omni [knight/135]: laf, TIL...[0m
[09:56] [0mnewb Roken [jedi/132]: curious command. How does it work? Just learned of it[0m
[09:56] [0mnewb Roken [jedi/132]: says Stasis when I did it now[0m
[09:57] [0mnewb Omni [knight/135]: without having any idea, I'd guess a long string of same-as commands[0m
[09:57] [0m                        with no variatin[0m
[09:57] [0mnewb Koschei [jedi/91]: help cheatwho[0m
[09:57] [0mnewb Javelin [changeling/135]: I always assumed it just cycled through generation of random[0m
[09:57] [0m                               player names and that help file was a joke.  shrug.[0m
[09:58] [0mnewb Koschei [jedi/91]: ^^[0m
[09:58] [0mnewb Stasis [elemental/135]: i feel attacked[0m
[09:58] [0mnewb Roken [jedi/132]: groovy algorithm. Sexy that some came from Google[0m
[09:58] [0mnewb Javelin [changeling/135]: I say that because I appeared on it oncein like 2018, and I'm[0m
[09:58] [0m                               pure as the driven snow.[0m
[09:59] [0mShenanigans <Craft>: what are the qualities referenced as 'C' and 'W' in 'stashlist'?[0m
[09:59] [0mnewb Omni [knight/135]: return select.player(rand(online.players(),count(online.players()))[0m
[09:59] [0m[31;1m[Clan] Sparkie leaves the game.[0m  [0m
[09:59] [0mRoken <Craft>: Crude and Worthless[0m
[09:59] [0mOmni <Craft>: like your mother, trebek![0m
[10:00] [0m[31;1m[Clan] Omni :[0m lord, my embiggened sp isn't as big as my booned sp was last boot[0m
[10:00] [0m[31;1m[Clan] Omni :[0m sadface. int isn't worth a lot of sp[0m
[10:01] [0m[31;1m[Clan] Omni :[0m i guess it could be worse, +sp is a nobrainer for knights[0m
[10:01] [0m[31;1m[Clan] Nix :[0m heals?[0m
[10:01] [0m[31;1m[Clan] Nix :[0m and dr?[0m
[10:01] [0m[31;1m[Clan] Omni :[0m dr[0m
[10:01] [0m[31;1m[Clan] Omni :[0m per hit dr, is 1:1 currentsp[0m
[10:01] [0m[31;1m[Clan] Omni :[0m anything, per hit, over my current sp, "leaks" unmitigated.[0m
[10:01] [0m[31;1m[Clan] Nix :[0m ooo[0m
[10:02] [0m[31;1m[Clan] Omni :[0m this is why psicorps pooled int doesn't help me[0m
[10:02] [0m[31;1m[Clan] Omni :[0m and why terra blicks my face[0m
[10:02] [0m[31;1m[Clan] Omni :[0m 8k hits? wtf Im ded[0m
[10:02] [0m[37;1m[JEDI]:[0m Herah Wylann arrives at the Academy.[0m
[10:02] [0m[31;1m[Clan] Omni :[0m i don't have 8k sp1![0m
[10:02] [0m[31;1m[Clan] Omni :[0m tho I Can get it temporarily with beers[0m
[10:02] [0m[31;1m[Clan] Omni :[0m which is how I can do day6/7[0m
[10:02] [0m[31;1m[Clan] Omni :[0m much taco beer harvests[0m
[10:02] [0m[31;1m[Clan] Nix :[0m ahh nod[0m
[10:02] [0m[31;1m[Clan] Aka enters the game.[0m  [0m
[10:03] [0m[31;1m[Clan] Omni :[0m tho I forgo my main gp1/gp2 healing, to keep overmax sp[0m
[10:03] [0m[31;1m[Clan] Omni :[0m corpses fill in[0m
[10:03] [0m[31;1m[Clan] Nix :[0m shame bard smile sucks, could keep you maxed, but youd only get a pool of 1000[0m
[10:03] [0m[31;1m[Clan] Aka leaves the game.[0m  [0m
[10:03] [0m[31;1m[Clan] Roken :[0m wish me luck? no boon just a few eq to tank 130 zel[0m
[10:03] [0m[31;1m[Clan] Omni :[0m every hit is -1 sp, and if I want to use will[0m
[10:04] [0m[31;1m[Clan] Omni :[0m i would be spending that precious overmax 100/heal[0m
[10:04] [0m[31;1m[Clan] Nix :[0m nod[0m
[10:04] [0m[31;1m[Clan] Nix :[0m no wonder redaxe is so nice[0m
[10:04] [0m[31;1m[Clan] Omni :[0m so holding overmax is a thing that's good, but it's gotta be for specific gear[0m
[10:04] [0m              mobs[0m
[10:04] [0m[31;1m[Clan] Omni :[0m yeah, spork is great, axe is ... I never run out of anything[0m
[10:05] [0m[31;1m[Clan] Omni :[0m and with my str, axe extras are non-trivial dmg[0m
[10:06] [0m[31;1m[Clan] Nix leaves the game.[0m  [0m
[10:06] [0m[31;1m[Clan] Nix materializes into existence.[0m  [0m
[10:06] [0m[34;1mKenny shouts:[0m Woot[0m
[10:07] [0m[31;1m[Clan] Omni :[0m god, I'm not sure if I wasted this reset[0m
[10:07] [0m[31;1m[Clan] Omni :[0m killed queen, 10 ticks later I reset the room, kileld queen, no queen here, no[0m
[10:07] [0m              queen exited,[0m
[10:07] [0m[31;1m[Clan] Omni :[0m huh?[0m
[10:07] [0m[31;1m[Clan] Nix :[0m have you seen the tvs in your travels?[0m
[10:07] [0m[31;1m[Clan] Omni :[0m not since I slept[0m
[10:11] [0m[31;1m[Clan] Omni :[0m mystic is pretty good, but axe kind of overshadows it[0m
[10:11] [0m[31;1m[Clan] Omni :[0m I mean, i guess it's hard to tell, but[0m
[10:12] [0m[31;1m[Clan] Omni :[0m anyways, i have a crapton of spregen :)[0m
[10:12] [0m[35;1mDroz [Jedi(40)]:[0m And now we wait.[0m
[10:12] [0m[31;1m[Clan] Omni :[0m (That's the technical term)[0m
[10:13] [0m[31;1m[Clan] Taleast :[0m I think the metric unit is shithouse[0m
[10:13] [0m[31;1m[Clan] Omni :[0m gdi.. space is back to sitting hurinteon w/psionic[0m
[10:14] [0m[31;1m[Clan] Omni :[0m to slide the hell out of auro[0m
[10:14] [0m[31;1m[Clan] Omni :[0m how will I kill 12039123 queens if he multiplays and idles a char there?[0m
[10:14] [0m[31;1m[Clan] Omni :[0m this is an outrage. my ldlogin jedi in the same room is trumped.[0m
[10:18] [0m[34;1mModrack shouts:[0m AWOOOOOOOOOOOOOOGA TEVEN WHAT A HAWWWWWTTTTIIIIIIEEEEEEE[0m
[10:19] [0m[34;1mTeven shouts:[0m thanks all[0m
[10:20] [0m[34;1mMav shouts:[0m Happy Formula 1 Season opener:)[0m
[10:23] [0m[31;1m[Clan] Nix :[0m boy i'm out of shape[0m
[10:23] [0m[31;1m[Clan] Taleast :[0m wait, Space is back?[0m
[10:23] [0m[31;1m[Clan] Nix :[0m just did 3 ...3 minute rounds on punching bag... last 30 seconds just hitting like[0m
[10:23] [0m             maniac... my ass is gassed[0m
[10:24] [0mYour transmuter's stone bursts with 6 new colours![0m
[10:25] [0m[31;1m[Clan] Taleast :[0m that sounds very tiring[0m
[10:25] [0m[31;1m[Clan] Nix :[0m i need to get back in shape, a few years ago i would do that for 10-12 rounds[0m
[10:28] [0m[37;1m[JEDI]:[0m H'ssani C'talan arrives at the Academy.[0m
[10:30] [0m[35;1mAkir [Jedi(49)]:[0m Anyone able to teach alter tech to 10/some med?[0m
[10:30] [0m[35;1mRoken [Jedi(85)]:[0m yes[0m
[10:31] [0m[32;1mFrom afar, Akir thanks you.[0m[0m
[10:31] [0m[35;1mRoken [Jedi(85)]:[0m cog[0m
[10:32] [0m[32mAkir says:[0m ok done[0m
[10:35] [0m[32;1mFrom afar, Akir thanks you.[0m[0m
[10:36] [0m[31;1m[Clan] Omni :[0m 99% sure psionic is space alt[0m
[10:36] [0m[31;1m[Clan] Nix :[0m he is[0m
[10:37] [0m[31;1m[Clan] Nix :[0m maybe havox multiplaing now in a role-reversal[0m
[10:37] [0m[31;1m[Clan] Omni :[0m like, actually tied to space account, psionic is now parked at huri[0m
[10:37] [0m[31;1m[Clan] Omni :[0m oh, he's on havox too[0m
[10:37] [0m[31;1m[Clan] Omni :[0m :P[0m
[10:37] [0m[31;1m[Clan] Omni :[0m since someone said that, it's all making sense.[0m
[10:37] [0m[31;1m[Clan] Omni :[0m and I guess I heard it rumor-wise and put it out of my mind[0m
[10:38] [0m[31;1m[Clan] Omni :[0m but yeah, that's about the shape of it. if you let it bother you, might as well[0m
[10:38] [0m              not play,b ut[0m
[10:38] [0m[31;1m[Clan] Omni :[0m I don't care he's doing that, or paid enough to let him do it[0m
[10:38] [0mnewb Mentok [psicorps/35]: wooo![0m
[10:38] [0m[31;1m[Clan] Omni :[0m I care he's camping multiple things I am trying to get[0m
[10:38] [0m[31;1m[Clan] Omni :[0m at the same damn time[0m
[10:39] [0m[31;1m[Clan] Omni :[0m I mean, I'd like to sturm it up and camp multiple rooms at a time[0m
[10:39] [0m[31;1m[Clan] Nix :[0m i used to anti-idlebot through the night back when he had nauda in there.. soon as[0m
[10:39] [0m             nauda would leave i would just sit there with triggers all night long[0m
[10:39] [0m[31;1m[Clan] Blutash :[0m Woah, flashback[0m
[10:39] [0m[31;1m[Clan] Nix :[0m and then i got chastised, and warned =P[0m
[10:40] [0m[31;1m[Clan] Omni :[0m nauda's also?[0m
[10:40] [0m[31;1m[Clan] Omni :[0m so 3 accounts? wtf[0m
[10:40] [0m[31;1m[Clan] Nix :[0m nah but nauda would sit there for him[0m
[10:40] [0m[31;1m[Clan] Nix :[0m nauda is indepdent person as far as i can tell[0m
[10:40] [0m[31;1m[Clan] Omni :[0m nod, nauda's legit just a disciple and friendly[0m
[10:40] [0m[31;1m[Clan] Nix :[0m nog[0m
[10:40] [0m[31;1m[Clan] Omni :[0m nauda was handing me scrolls like crazy when space was on full break[0m
[10:40] [0m[31;1m[Clan] Roor enters the game.[0m  [0m
[10:41] [0m[31;1m[Clan] Omni :[0m has space -always- been havox?[0m
[10:41] [0m[31;1m[Clan] Roor :[0m yea he usually will hand em out if need bee[0m
[10:41] [0m[31;1m[Clan] Omni :[0m because havox might be original/older[0m
[10:41] [0m[31;1m[Clan] Omni :[0m havox is not the original havox[0m
[10:41] [0m[31;1m[Clan] Roor :[0m nod[0m
[10:41] [0m[31;1m[Clan] Omni :[0m havox was a jedi WAY back and really really made bruns brutally hard[0m
[10:42] [0m[31;1m[Clan] Blutash :[0m so like nightrider....black hole of unique items?[0m
[10:43] [0m[31;1m[Clan] Nix :[0m oh wtf, the card area hates me[0m
[10:43] [0m[31;1m[Clan] Omni :[0m I pulled queen at last[0m
[10:43] [0m[31;1m[Clan] Omni :[0m least*[0m
[10:44] [0m[31;1m[Clan] Nix :[0m songs+acid rock her i love it[0m
[10:44] [0m[31;1m[Clan] Blutash :[0m Anyone know if the gold coffer corpse in ravenloft is unique/limited?[0m
[10:45] [0m[31;1m[Clan] Nix :[0m yeah but random load timer[0m
[10:45] [0m[31;1m[Clan] Omni :[0m nice, I knew I could fix that[0m
[10:45] [0m[31;1m[Clan] Omni :[0m was being annoying tho[0m
[10:45] [0m[31;1m[Clan] Omni :[0m that gardenrer[0m
[10:46] [0m[31;1m[Clan] Omni :[0m well, the gardener is persistant[0m
[10:47] [0m[31;1m[Clan] Taleast :[0m not unique, but like Nix mentioned, very very long reset times sometimes[0m
[10:50] [0m[31;1m[Clan] Omni :[0m what unique items are left?[0m
[10:59] [0m[31;1m[Clan] Nix :[0m redoubt cloak is sick[0m
[10:59] [0m[31;1m[Clan] Nix :[0m i love this thing[0m
[11:01] [0m[31;1m[Clan] Nix :[0m how bad do you want it tal?[0m
[11:01] [0m[31;1m[Clan] Taleast :[0m not that bad[0m
[11:01] [0m[31;1m[Clan] Taleast :[0m can control alignment with mystic forest[0m
[11:01] [0m[31;1m[Clan] Taleast :[0m don't get it for me, please it's OK[0m
[11:02] [0m[31;1m[Clan] Blutash :[0m There is a trick to "safely" get that[0m
[11:02] [0m[31;1m[Clan] Nix :[0m well i think im out =P[0m
[11:02] [0m[31;1m[Clan] Taleast :[0m lol[0m
[11:02] [0m[31;1m[Clan] Blutash :[0m boots of dancing[0m
[11:02] [0m[31;1m[Clan] Nix :[0m ooo never thought of that blutash[0m
[11:02] [0m[31;1m[Clan] Nix :[0m or just make a priest i suppose =P[0m
[11:03] [0m[31;1m[Clan] Blutash :[0m Heh...shh...don't tell anyone[0m
[11:03] [0m[31;1m[Clan] Taleast :[0m only way I know of is using guild powers[0m
[11:03] [0m[31;1m[Clan] Nix :[0m i dont even remember where to get them[0m
[11:03] [0mnewb Mangin [Newbie]: hiyas been lookn at page for newbie guide, when i created i was in pinc[0m
[11:03] [0m                      bout to do the first quest then had to log off then logged back in later[0m
[11:03] [0m                      and was in woonsocket dont know how to get back to pinc to that quest[0m
[11:03] [0m                      start thinggy is there a newbie acadamey etc? i cant find nothing on[0m
[11:03] [0m                      website[0m
[11:03] [0m[31;1m[Clan] Blutash :[0m Boots of dancing are random drop[0m
[11:03] [0m[31;1m[Clan] Blutash :[0m They stop wimpy[0m
[11:03] [0mnewb Kenny [priest/130]: the dreaded woonsocket :p[0m
[11:03] [0m[31;1m[Clan] Taleast :[0m help citymap will help[0m
[11:03] [0mnewb Elindal [jedi/97]: blarg[0m
[11:04] [0m[31;1m[Clan] Taleast :[0m looking for newbie land[0m
[11:04] [0m[31;1m[Clan] Taleast :[0m once there it's the hall of mirrors[0m
[11:04] [0m[31;1m[Clan] Taleast :[0m fuck me wrong long[0m
[11:04] [0mnewb Taleast [jedi/111]: help citymap will help[0m
[11:04] [0mnewb Kenny [priest/130]: go south and talk to harold, eventually he will give you an amulet that[0m
[11:04] [0m                         will give you the ability to leave[0m
[11:04] [0m[31;1m[Clan] Blutash :[0m Tal...try newb ;-)[0m
[11:04] [0m[37;1m[JEDI]:[0m Durnoth arrives at the Academy.[0m
[11:04] [0mnewb Kenny [priest/130]: say yes 3 times, nod, then reverteturcot[0m
[11:05] [0mnewb Kenny [priest/130]: its a feature :)[0m
[11:05] [0mnewb Kenny [priest/130]: once you get level 16, you won't have to deal with it[0m
[11:05] [0mnewb Kenny [priest/130]: its unfortunate you were unable to complete the exam initally, but its[0m
[11:05] [0m                         not the end of the world :)[0m
[11:06] [0mnewb Taleast [jedi/111]: I should not be allowed to operate chatlines[0m
[11:09] [0mnewb Roken [jedi/132]: dmap pinc seesm more updated to help citymap[0m
[11:10] [0m[31;1m[Clan] Void enters the game.[0m  [0m
[11:10] [0m[31;1m[Clan] Taleast :[0m sup[0m
[11:10] [0m[31;1m[Clan] Taleast :[0m oh, Nix[0m
[11:10] [0m[31;1m[Clan] Nix :[0m wave[0m
[11:10] [0m[31;1m[Clan] Nix :[0m just resetting queen[0m
[11:11] [0m[31;1m[Clan] Omni :[0m anyone need rosses?[0m
[11:11] [0m[31;1m[Clan] Omni :[0m do you guys even really check the archi-box?[0m
[11:11] [0m[31;1m[Clan] Nix :[0m nod, but mainly just to put stuff in there for clan[0m
[11:11] [0m[31;1m[Clan] Nix :[0m been slacking last 2 boots tho =([0m
[11:11] [0m[31;1m[Clan] Blutash :[0m Anyone want vampire wings?[0m
[11:11] [0m[31;1m[Clan] Omni :[0m I mean, I'm putting stuff in but right now is prime auction time,[0m
[11:12] [0m[31;1m[Clan] Omni :[0m sure[0m
[11:12] [0m[31;1m[Clan] Nix :[0m aauction away as far as i'm concerned[0m
[11:12] [0m[31;1m[Clan] Omni :[0m I just don't know if people would even look there[0m
[11:12] [0m[31;1m[Clan] Omni :[0m NA box was a hot bed of gear at all times[0m
[11:12] [0m[31;1m[Clan] Taleast :[0m I do occasionally, but not often[0m
[11:12] [0m[31;1m[Clan] Omni :[0m I would box stuff knowing 5-10 players would be like: yay, and take it[0m
[11:13] [0m[31;1m[Clan] Omni :[0m g wings[0m
[11:13] [0m[32mAkir tells you:[0m You got a sec? And have you ever done wsea?[0m
[11:14] [0m[31;1m[Clan] Omni :[0m well, I shoulda boxed em :)[0m
[11:15] [0m[31;1m[Clan] Nix :[0m 8.3 million guns sold in the US since march[0m
[11:15] [0m[32mYou tell Akir:[0m nvr have done wsea[0m
[11:15] [0m[31;1m[Clan] Omni :[0m lol[0m
[11:15] [0m[32;1mFrom afar, Akir nogs at you.[0m[0m
[11:15] [0m[31;1m[Clan] Omni :[0m I thought about getting a .357 cause I have no pistol[0m
[11:15] [0m[31;1m[Clan] Nix :[0m i'm done buying for now... need to trick out my ar[0m
[11:16] [0m[31;1m[Clan] Omni :[0m which make?[0m
[11:16] [0m[31;1m[Clan] Nix :[0m just a smith and wesson[0m
[11:16] [0m[31;1m[Clan] Nix :[0m sport 2[0m
[11:16] [0m[31;1m[Clan] Nix :[0m i dump all my money into my hunting rifles... muzzle breaks, trigger jobs, scopes[0m
[11:17] [0m[31;1m[Clan] Nix :[0m my 7mm is a tac-driver[0m
[11:17] [0m[31;1m[Clan] Nix :[0m balls on at 300yds[0m
[11:17] [0m[31;1m[Clan] Ser enters the game.[0m  [0m
[11:18] [0m[31;1m[Clan] Nix :[0m hello good ser[0m
[11:18] [0m[31;1m[Clan] Ser :[0m yolo[0m
[11:18] [0m[31;1m[Clan] Taleast :[0m sup, Ser[0m
[11:18] [0m[31;1m[Clan] Sock wiggles on your foot.[0m  [0m
[11:18] [0m[31;1m[Clan] Nix :[0m it's Ma'am![0m
[11:18] [0m[31;1m[Clan] Taleast :[0m no, not Sock, only Ser gets my 'sup'![0m
[11:19] [0m[31;1m[Clan] Omni :[0m I found one[0m
[11:19] [0m[31;1m[Clan] Omni :[0m that's kitt'd out close to mine[0m
[11:19] [0m[31;1m[Clan] Omni :[0m https://tinyurl.com/yaaxbbou[0m
[11:19] [0m[31;1m[Clan] Omni :[0m I have a nikon optic on it tho not that nicer rig[0m
[11:20] [0m[31;1m[Clan] Sock :[0m is that a flip over[0m
[11:20] [0m[31;1m[Clan] Nix :[0m oh damn nice...i live in jersey so we're super regulated on what we can do as far[0m
[11:20] [0m             as attachments[0m
[11:20] [0m[31;1m[Clan] Nix :[0m pinned stocks.. limited to 10 round mags[0m
[11:20] [0m[31;1m[Clan] Omni :[0m hehe, nog, slide stock, 30's and 2 point sling/mounts, quick release bipod[0m
[11:21] [0m[31;1m[Clan] Sock :[0m so i went to help my dude out with his laptop and i helped my guy out[0m
[11:21] [0m[31;1m[Clan] Nix :[0m yeah the bipod is about all i can have in jersey[0m
[11:21] [0m[31;1m[Clan] Sock :[0m and he helped me out[0m
[11:21] [0m[31;1m[Clan] Omni :[0m so .... did he cup the balls?[0m
[11:21] [0m[31;1m[Clan] Sock :[0m lit af off one puff wax in 3 mos[0m
[11:21] [0m[31;1m[Clan] Nix :[0m laf i just psit my water out[0m
[11:22] [0m[31;1m[Clan] Sock :[0m still working on his laptop so i figured i'd chill and play 3k while i wait for[0m
[11:22] [0m              setup to flash to usb[0m
[11:22] [0m[31;1m[Clan] Omni :[0m word... I just put mint 19 on a laptop for onodrim[0m
[11:22] [0m[31;1m[Clan] Omni :[0m now I need to find his address and ship it to 'em[0m
[11:22] [0m[31;1m[Clan] Sock :[0m he's got an alienware and uses a lot of winbl0ze apps[0m
[11:22] [0m[31;1m[Clan] Nix :[0m my laptop finally broke last night... using the old school surface tablet...[0m
[11:22] [0m             birthday is on Tuesday and wife said don't go buy a new laptop which is code for i[0m
[11:22] [0m             got you one and you just need to wait 4 more days[0m
[11:23] [0m[31;1m[Clan] Sock :[0m so i'm reinstalling 10, windows got hung up and bootlooped after an update[0m
[11:23] [0m[31;1m[Clan] Omni :[0m fully tested[0m
[11:23] [0m[31;1m[Clan] Sock :[0m whattaya mean[0m
[11:23] [0m[31;1m[Clan] Omni :[0m /s[0m
[11:23] [0m[31;1m[Clan] Sock :[0m ssd looks good, i pulled a bunch of his files off[0m
[11:23] [0m[31;1m[Clan] Sock :[0m no warnings or errors[0m
[11:24] [0m[31;1m[Clan] Sock :[0m he had an external so that was easy[0m
[11:24] [0mYour transmuter's stone bursts with 6 new colours![0m
[11:24] [0m[31;1m[Clan] Sock :[0m got an hdd reader so it's not hard[0m
[11:25] [0m[31;1m[Clan] Sock :[0m plug both drives into laptop, take ownership of his files, make sure not[0m
[11:25] [0m              encrypted, copy over[0m
[11:25] [0m[31;1m[Clan] Sock :[0m ez pz[0m
[11:25] [0m[37;1mSquirrel flaps :[0m anyone around with a mask to dupe?[0m
[11:26] [0m[31;1m[Clan] Sock :[0m they left tho so now i'm gonna go shit in his bathroom[0m
[11:26] [0m[31;1m[Clan] Sock :[0m lol[0m
[11:26] [0m[31;1m[Clan] Roor :[0m might as well let slide reset[0m
[11:26] [0m[31;1m[Clan] Roor :[0m brb[0m
[11:27] [0m[31;1m[Clan] Omni :[0m now I could use some beloch pots, but have no resets atm[0m
[11:28] [0m[31;1m[Clan] Sock :[0m motherfucker, "A media driver blah blah"[0m
[11:30] [0m[31;1m[Clan] Omni :[0m oh, no, not the two-handed mskill... that's literally an unlock and does nohting[0m
[11:30] [0m              tiself[0m
[11:31] [0m[37;1mAmish flaps :[0m There is no reason to 'pants' here.[0m
[11:31] [0m[31;1m[Clan] Sock :[0m anyone want enhances[0m
[11:31] [0m[31;1m[Clan] Omni :[0m ya[0m
[11:31] [0m[37;1mBlutash flaps :[0m Lies...there's ALWAYS a reason to pants![0m
[11:31] [0m[31;1m[Clan] Roor :[0m ok afk brb[0m
[11:31] [0m[31;1m[Clan] Sock :[0m @ box[0m
[11:33] [0m[37;1m[JEDI]:[0m Ylenic It'kla arrives at the Academy.[0m
[11:33] [0m[37;1mAmish flaps :[0m Down with pants!  Up with skirts![0m
[11:33] [0m[31;1m[Clan] Omni :[0m I might die[0m
[11:34] [0m[31;1m[Clan] Omni :[0m you reset this queen ?[0m
[11:34] [0m[31;1m[Clan] Omni :[0m something's odd[0m
[11:46] [0m[37;1mSquirrel flaps :[0m these pants you claim that exist, is it a quest, or a bad syntax?[0m
[11:46] [0m[31;1m[Clan] Omni :[0m afk a moment, brb[0m
[11:50] [0m[34;1mTex shouts:[0m furtive woof sir ten hut[0m
[11:51] [0m[34;1mPdog shouts:[0m oops i forgot to brun headband :([0m
[11:54] [0m[31;1m[Clan] Roor :[0m gentech slides take sooolong to reset[0m
[11:59] [0m[31;1m[Clan] Blutash :[0m Anyone know how the inscription works for the sword of light?[0m
[11:59] [0m[31;1m[Clan] Omni :[0m need learning slate[0m
[11:59] [0m[31;1m[Clan] Omni :[0m from griffon aviary[0m
[11:59] [0m[31;1m[Clan] Blutash :[0m Got one[0m
[12:00] [0m[31;1m[Clan] Omni :[0m I forget lol ask squirrel he's far up that things's ass[0m
[12:00] [0m[31;1m[Clan] Blutash :[0m K[0m
[12:03] [0m[37;1m[JEDI]:[0m Wennic Ber'ni'lok arrives at the Academy.[0m
[12:04] [0m[35;1mAmish [Jedi(58)]:[0m oops[0m
[12:05] [0m[31;1m[Clan] Omni :[0m is space aware nobody's fooled when he says he's just on to help havox?[0m
[12:05] [0m[31;1m[Clan] Omni :[0m I mean, I would have been[0m
[12:05] [0m[31;1m[Clan] Omni :[0m but like, 2-3 independent people reminded me they're the same human[0m
[12:05] [0m[31;1m[Clan] Omni :[0m when he was not online, but was on havox[0m
[12:05] [0m[31;1m[Clan] Omni :[0m I guess he probably enjoys the ruse[0m
[12:06] [0m[31;1m[Clan] Omni :[0m but that's kind of... I mean, if it's allowed, it's allowed.[0m
[12:09] [0m[31;1m[Clan] Nix :[0m this stingy bitch and her one ring loads =([0m
[12:09] [0m[31;1m[Clan] Nix :[0m i'll have to slay her for insolence[0m
[12:09] [0m[31;1m[Clan] Omni :[0m grovel, peasants![0m
[12:09] [0m[31;1m[Clan] Omni :[0m kiss the ring[0m
[12:09] [0m[31;1m[Clan] Omni :[0m bend the knee[0m
[12:09] [0m[31;1m[Clan] Nix :[0m let them eat cake![0m
[12:09] [0m[31;1m[Clan] Omni :[0m *mutters* damn plebs[0m
[12:12] [0m[31;1m[Clan] Sock :[0m ok omni trying to do fresh install of win10 on alienware comp, it keeps hanging up[0m
[12:12] [0m              w/ "Missing media", something about drivers[0m
[12:12] [0m[31;1m[Clan] Sock :[0m i've tried USB 2.0 and 3.0[0m
[12:12] [0m[31;1m[Clan] Sock :[0m no CD/DVD so haven't done that, but it's like once it loads into the setup it[0m
[12:12] [0m              hangs up[0m
[12:13] [0m[31;1m[Clan] Omni :[0m idk my IT experience with newer iterations of win10 installer are pretty limited[0m
[12:13] [0m[31;1m[Clan] Sock :[0m and i've tried forcing install of drivers and no luck, "Newer version exists"[0m
[12:13] [0m[31;1m[Clan] Omni :[0m this is the windows installer itself that's barfing?[0m
[12:13] [0m[31;1m[Clan] Sock :[0m basically.  it's losing the image on the usb stick somehow[0m
[12:13] [0m[31;1m[Clan] Omni :[0m nog, chipset/usb controller[0m
[12:14] [0m[31;1m[Clan] Omni :[0m no possible usb-cdrom and burn iso to dance around that?[0m
[12:14] [0m[31;1m[Clan] Sock :[0m no not on me[0m
[12:15] [0m[31;1m[Clan] Sock :[0m i even have the 2.0 and 3.0 plugged in either side w/ the same image[0m
[12:15] [0m[31;1m[Clan] Sock :[0m maybe i need to image it on windows[0m
[12:15] [0m[31;1m[Clan] Omni :[0m copy down to the hd, don't reformat, browse to it?[0m
[12:15] [0m[31;1m[Clan] Omni :[0m files, not .iso container[0m
[12:15] [0m[31;1m[Clan] Omni :[0m idk this type of thing can get tricky[0m
[12:16] [0m[31;1m[Clan] Omni :[0m like, does it say what file it's missing?[0m
[12:16] [0m[31;1m[Clan] Omni :[0m like win7 used to do?[0m
[12:16] [0m[31;1m[Clan] Omni :[0m I really, haven't done much win10 installing[0m
[12:16] [0m[31;1m[Clan] Omni :[0m that is to say, w/o my image being perfect for the destination hardware[0m
[12:17] [0m[31;1m[Clan] Omni :[0m I've loaded a crap ton of 10, but always a dell driver having image onto dells,[0m
[12:17] [0m              and/or some industrial pc I have all the win10 drivers for[0m
[12:17] [0m[31;1m[Clan] Omni :[0m same kind of issues as raid controller/harddrive controller but you're losing your[0m
[12:17] [0m              usb once the boot.wim is loaded right?[0m
[12:17] [0m[31;1m[Clan] Blutash :[0m got to love the "We know better than you" Microsoft attitude to things[0m
[12:18] [0m[31;1m[Clan] Omni :[0m to be fair *quartet* it's like, there's 102391230 hardwares and it's very[0m
[12:18] [0m              difficult to anticipate them all[0m
[12:18] [0m[31;1m[Clan] Omni :[0m tho alienware you'd think would be in the commonly supported hardware lists[0m
[12:19] [0m[31;1m[Clan] Nix :[0m free cast, bow (WTF?!?!), and helm[0m
[12:19] [0m[31;1m[Clan] Omni :[0m but then again, alienware. I mean, how many of them they sell every year? what[0m
[12:19] [0m              year is this? do they use the same hardware each time or is it like dell, each[0m
[12:19] [0m              "model" has "Whatever was cheapest"[0m
[12:19] [0m[31;1m[Clan] Omni :[0m it could be worse.[0m
[12:19] [0m[31;1m[Clan] Omni :[0m did you see my boots, boots, and boots ring?[0m
[12:19] [0m[31;1m[Clan] Omni :[0m I think it should have extended reboot.[0m
[12:20] [0m[31;1m[Clan] Nix :[0m damn[0m
[12:20] [0m[31;1m[Clan] Nix :[0m no that's crazy omni[0m
[12:20] [0m[31;1m[Clan] Omni :[0m yeah we did a little guessy statistics, like, 1in4mil[0m
[12:20] [0m[31;1m[Clan] Omni :[0m to his 1 in 67 3x consecutively[0m
[12:20] [0m[31;1m[Clan] Omni :[0m but actually the odds are alittle more complicated[0m
[12:20] [0m[31;1m[Clan] Blutash :[0m https://www.dell.com/support/home/en-uk/drivers/osiso/recoverytool/linux[0m
[12:21] [0m[31;1m[Clan] Omni :[0m because there's +1 boots and +2 boots[0m
[12:21] [0m[31;1m[Clan] Omni :[0m well, strictly speaking the odds of all boots, are the same[0m
[12:21] [0m[31;1m[Clan] Blutash :[0m It says linux, but it claims to rebuild a USB for Dell/Alienware windows[0m
[12:21] [0m                 installation too[0m
[12:21] [0m[31;1m[Clan] Omni :[0m but then you can try to figure out what the odds of getting all +1's or all +2's[0m
[12:21] [0m              or any combination of +1 and +2 == +3[0m
[12:22] [0m[31;1m[Clan] Omni :[0m all +1's and all +2's are the very low ends of the bell of probatilities[0m
[12:22] [0mZelligar says: Who are you?  You don't seem to be much of a threat.        [0m
[12:23] [0m[31;1m[Clan] Omni :[0m much much more likely that it will an applied +3 boots, because +1/+2/+2 or[0m
[12:23] [0m              +1/+1/+2 are most of the possible combinations[0m
[12:26] [0mYour transmuter's stone bursts with 3 new colours![0m
[12:27] [0m[32;1mFrom afar, Dracula comforts you.[0m[0m
[12:27] [0m[35;1mTaleast [Jedi(31)]:[0m ack[0m
[12:28] [0m[31;1m[Clan] Nix :[0m ooo maybe i'll do event[0m
[12:28] [0mZelligar says: Who are you?  You don't seem to be much of a threat.        [0m
[12:29] [0mZelligar says: Who are you?  You don't seem to be much of a threat.        [0m
[12:29] [0m[31;1m[Clan] Sock :[0m 5 more enhances at box[0m
[12:29] [0mZelligar says: They are coming for me! I know it!                          [0m
[12:30] [0m[37;1mHawkeyes flaps :[0m anyone not boot running that wants to hit behind me while i do tacos let me[0m
[12:30] [0m                 know[0m
[12:30] [0mZelligar says: Who are you?  You don't seem to be much of a threat.        [0m
[12:30] [0mZelligar says: They are coming for me! I know it!                          [0m
[12:30] [0m[31;1m[Clan] Nix :[0m danke[0m
[12:30] [0m[31;1m[Clan] Omni :[0m k, killing belochs, got my pots, 5 rings[0m
[12:31] [0m[31;1m[Clan] Nix :[0m on my way[0m
[12:31] [0mZelligar says: They are coming for me! I know it!                          [0m
[12:31] [0m[31;1m[Clan] Omni :[0m tho they're not the good rings[0m
[12:31] [0mZelligar says: The Mage Wars have given magic a bad name!                  [0m
[12:31] [0m[31;1m[Clan] Omni :[0m they're not terrible, just no +dmg in the lot[0m
[12:31] [0mZelligar says: They are coming for me! I know it!                          [0m
[12:31] [0mZelligar says: Who are you?  You don't seem to be much of a threat.        [0m
[12:32] [0mZelligar says: Who are you?  You don't seem to be much of a threat.        [0m
[12:32] [0mZelligar says: The Mage Wars have given magic a bad name!                  [0m
[12:32] [0m[37;1m[JEDI]:[0m Bithoff Jonansaan arrives at the Academy.[0m
[12:33] [0mZelligar says: They are coming for me! I know it!                          [0m
[12:33] [0mZelligar says: They are coming for me! I know it!                          [0m
[12:33] [0mZelligar says: They are coming for me! I know it!                          [0m
[12:34] [0m[31;1m[Clan] Roken :[0m i suck[0m
[12:34] [0m[31;1m[Clan] Roken :[0m he's blicking me[0m
[12:35] [0m[31;1m[Clan] Omni :[0m after this beloch I can come smack 'em for you[0m
[12:35] [0m[31;1m[Clan] Omni :[0m but then I really gotta get my shit together and go for a drive[0m
[12:37] [0m[31;1m[Clan] Sock :[0m it's a 2018 comp btw[0m
[12:38] [0m[32;1mFrom afar, Al comforts you.[0m[0m
[12:38] [0m[35;1mSkald [Jedi(75)]:[0m how possible to die 3 times with glvl 85 and embiggen[0m
[12:39] [0m[35;1mRoken [Jedi(85)]:[0m not using it[0m
[12:39] [0m[35;1mAl [Jedi(56)]:[0m idle?[0m
[12:39] [0m[35;1mSkald [Jedi(75)]:[0m aah then possible lol[0m
[12:39] [0m[35;1mAl [Jedi(56)]:[0m now now skald no judgements[0m
[12:39] [0m[35;1mRoken [Jedi(85)]:[0m using dissipate on shield, confusion, and still blicks me eventually[0m
[12:40] [0m[31;1m[Clan] Omni :[0m roken, rally me at entrance[0m
[12:40] [0m[32mAl tells you:[0m what class[0m
[12:40] [0m[32mYou tell Al:[0m 130[0m
[12:40] [0m[32mAl tells you:[0m golems or elligar?[0m
[12:40] [0m[32mOmni tells you:[0m rally me at zelligars entrance[0m
[12:40] [0m[31;1m[Clan] Nix :[0m jumpin on cell[0m
[12:41] [0m[32mYou tell Omni:[0m zelligar[0m
[12:41] [0m[32mOmni says:[0m rally me[0m
[12:41] [0m[32mYou tell Al:[0m zelligar[0m
[12:41] [0m[33;1m[PARTY][0m Lost our leader![0m
[12:41] [0m[33;1m[PARTY][0m New leader for the party: roken.[0m
[12:41] [0m[33;1m[PARTY][0m Omni joins the party.[0m
[12:41] [0m[32mAl tells you:[0m looked as if golem killed you[0m
[12:41] [0m[33;1m[PARTY][0m Omni: -(OPA)- unlock door again[0m
[12:41] [0m[32mAl tells you:[0m did you peace each golem to reduce your hits taken?[0m
[12:42] [0m[32mYou tell Al:[0m yes one time, when 5 or so attacked[0m
[12:42] [0m[32mAl tells you:[0m ahh, nod[0m
[12:42] [0m[32mAl tells you:[0m so whenever i do zell, i wait for him to make a golem, then i peace the golem. [0m
[12:42] [0m        he won't summon more than 3 or 4 i think[0m
[12:42] [0m[33;1m[PARTY][0m Omni: -(OPA)- golems already summoned out?[0m
[12:42] [0m[33;1m[PARTY][0m Roken: already killed[0m
[12:42] [0m[33;1m[PARTY][0m Omni: -(OPA)- nog[0m
[12:42] [0m[33;1m[PARTY][0m Roken: peaced them to hopefully help[0m
[12:43] [0m[33;1m[PARTY][0m Omni: -(OPA)- well, yeah, on reentry if they're just truced it[0m
[12:43] [0m      gets a little icky[0m
[12:43] [0m[33;1m[PARTY][0m Omni: -(OPA)- if you don't have a room-stop[0m
[12:43] [0m[32mYou tell Al:[0m done all that. all golems were summoned by time I died the 1st time. Went back to[0m
[12:43] [0m        peace zelligar and take on golems only[0m
[12:44] [0m[32mAl tells you:[0m ahhhhhh dag[0m
[12:44] [0m[32mYou tell Al:[0m killed all summons to solo zelligar, but I just suck[0m
[12:44] [0m[32mAl tells you:[0m sorry homey[0m
[12:44] [0m[32mAl tells you:[0m nahhhhhh, you don't suck.  but killing golems just means he summons more, no?[0m
[12:44] [0m[32mYou tell Al:[0m been working on my con too @ 255 with 251 wis and 225 dex[0m
[12:44] [0m[32;1mFrom afar, Al thinks you're freaking BS.  Downgrade you.[0m[0m
[12:44] [0m[32mYou tell Al:[0m RI can't keep up? idk and then fdef12[0m
[12:45] [0m[33;1m[PARTY][0m Roken: missing that boon haha[0m
[12:45] [0m[33;1m[PARTY][0m Roken: rally dangerzone, this is for him gotta try out redaxe[0m
[12:45] [0m[33;1m[PARTY][0m Omni has quit the party.[0m
[12:45] [0m[32mAl tells you:[0m i dunno i have stats enough to tank him, but i typically peace golem then peace[0m
[12:45] [0m        zell if i'm taking too much dmg[0m
[12:45] [0m[32mAl tells you:[0m but i don't get blicked usually[0m
[12:45] [0m[32mAl tells you:[0m we'll see what happens today :)[0m
[12:46] [0m[32mYou tell Omni:[0m at zel[0m
[12:46] [0m[33;1m[PARTY][0m Dangerzone joins the party.[0m
[12:46] [33;1m[PARTY][0m Roken has quit the party.[0m
[12:46] [0m[33;1m[PARTY][0m Roken joins the party.[0m
[12:46] [0m[32;1mFrom afar, you bow to Omni.[0m[0m
[12:47] [0m[32;1mFrom afar, Omni nods to you.[0m[0m
[12:50] [0m[32mYou tell Al:[0m saving embiggen for hotel run with ha. omni helped me out heh[0m
[12:50] [0m[32mAl tells you:[0m i heare you there.  i'm trying to get a few bits and bobs so i can run there[0m
[12:50] [0m        myself in a few mins[0m
[12:50] [0m[32mYou tell Al:[0m deaths are no issue like in early lvls[0m
[12:50] [0m[32;1mFrom afar, Al agrees with you.[0m[0m
[12:50] [0m[32mYou tell Al:[0m 184 and counting[0m
[12:50] [0m[32mAl tells you:[0m 465[0m
[12:50] [0m[32;1mFrom afar, you woof at Al.[0m[0m
[12:56] [0m[37;1m[JEDI]:[0m Alyssa K'tal arrives at the Academy.[0m
[13:08] [0m[34;1mTaleast shouts:[0m laf[0m
[13:08] [0m[34;1mBrazzin shouts:[0m WOOOOOOOOOOOOOOOOOOOOOOOOOOOOOOOOOOOOOOOOOOO![0m
[13:09] [0m[34;1mElindal shouts:[0m you forgot your boa when you were over the other night riccy :P[0m
[13:09] [0m[34;1mAl shouts:[0m ravishing[0m
[13:09] [0m[34;1mElindal shouts:[0m that was rick rude[0m
[13:10] [0m[34;1mBrazzin shouts:[0m WOOOOOOOOOOOOOOOOOOOOOOOOOOOOOOOOOOOOOOOOOOO![0m
[13:10] [0m[34;1mBarian shouts:[0m high profiling, wheeling dealing kiss stealing Hamster of a gun![0m
[13:10] [0m[34;1mBrazzin shouts:[0m PICKLE!![0m
[13:13] [0mFloobi@3s gshouts: any glusterfs wizards on?[0m
[13:13] [0m[34;1mBrazzin shouts:[0m MOOOOOO![0m
[13:33] [0m[37;1m[JEDI]:[0m Rhaan arrives at the Academy.[0m
[13:39] [0m[31;1m[Clan] Sock :[0m anyone need enhances?[0m
[13:40] [0m[31;1m[Clan] Sock :[0m otw hopping to ser, got 12 reforges[0m
[13:40] [0m[31;1m[Clan] Sock :[0m so i'm set[0m
[13:40] [0m[31;1m[Clan] Nix :[0m can u smear pb after enhanced[0m
[13:40] [0m[31;1m[Clan] Omni :[0m yes but you get less[0m
[13:40] [0m[31;1m[Clan] Nix :[0m if so ill take some[0m
[13:40] [0m[31;1m[Clan] Omni :[0m since the array will already be topped to max with a smear[0m
[13:40] [0m[31;1m[Clan] Omni :[0m so ... you're spreading the ac out[0m
[13:40] [0m[31;1m[Clan] Omni :[0m vs getting 2 stronger slots[0m
[13:40] [0m[31;1m[Clan] Nix :[0m nod makes sense.. at box sock[0m
[13:40] [0m[31;1m[Clan] Omni :[0m I assume beans/meat[0m
[13:40] [0m[31;1m[Clan] Nix :[0m yea rhats all i use[0m
[13:40] [0m[31;1m[Clan] Omni :[0m and I always like to not enhance them, because[0m
[13:41] [0m[31;1m[Clan] Omni :[0m then I Get poison or energy to reforge[0m
[13:41] [0m[31;1m[Clan] Omni :[0m and e/b maxed[0m
[13:41] [0m[31;1m[Clan] Omni :[0m you will still probably get e/b maxed, if you enhance first[0m
[13:41] [0m[31;1m[Clan] Nix :[0m actually lemme grab smears[0m
[13:41] [0m[31;1m[Clan] Omni :[0m but because you're filling in the rest of the other ac types[0m
[13:41] [0m[31;1m[Clan] Omni :[0m there's no "room" for poison/energy to also top[0m
[13:41] [0m[31;1m[Clan] Omni :[0m so your SMD reforge will not be as possible-big if you enhance first.[0m
[13:41] [0m[31;1m[Clan] Omni :[0m and if you smear, you can't enhance. :) ti's done[0m
[13:41] [0m[31;1m[Clan] Omni :[0m ful[0m
[13:41] [0m[31;1m[Clan] Omni :[0m sorry for the NERD breakdown[0m
[13:42] [0m[31;1m[Clan] Omni :[0m but that's how it is, I tried both[0m
[13:42] [0m[31;1m[Clan] Nix :[0m lol inappreciate the infor[0m
[13:42] [0m[31;1m[Clan] Sock :[0m right[0m
[13:42] [0m[31;1m[Clan] Omni :[0m basically the edge cases almost full items[0m
[13:42] [0m[31;1m[Clan] Omni :[0m make it ... tricky[0m
[13:42] [0m[31;1m[Clan] Omni :[0m if the gear was shitty, you could do both[0m
[13:42] [0m[31;1m[Clan] Omni :[0m w/o worry[0m
[13:42] [0m[31;1m[Clan] Sock :[0m sorry @ box nix[0m
[13:42] [0m[31;1m[Clan] Nix :[0m bet[0m
[13:42] [0m[31;1m[Clan] Omni :[0m it's the weird shit with SMD reforges being ... leveled[0m
[13:43] [0m[31;1m[Clan] Sock :[0m so on that note[0m
[13:43] [0m[31;1m[Clan] Omni :[0m you need 23 to get lots at my reforger level[0m
[13:43] [0m[31;1m[Clan] Sock :[0m you think the +smd from enhance peaks the item?[0m
[13:43] [0m[31;1m[Clan] Omni :[0m enhance adds smd?[0m
[13:43] [0m[31;1m[Clan] Sock :[0m yup[0m
[13:43] [0m[31;1m[Clan] Sock :[0m check your rings[0m
[13:43] [0m[31;1m[Clan] Omni :[0m i have never noticed that b4[0m
[13:43] [0m[31;1m[Clan] Sock :[0m 2 enhances left[0m
[13:43] [0m[31;1m[Clan] Omni :[0m they all had reforges, AND innate smd[0m
[13:44] [0m[31;1m[Clan] Omni :[0m so that's ... entirely impossible to judge by[0m
[13:44] [0m[31;1m[Clan] Sock :[0m what's your defense[0m
[13:44] [0m[31;1m[Clan] Omni :[0m enhance a ross[0m
[13:44] [0m[31;1m[Clan] Taleast :[0m so wait, enhances make it harder to reforge well?[0m
[13:44] [0m[31;1m[Clan] Omni :[0m nonono[0m
[13:44] [0m[31;1m[Clan] Omni :[0m it might spread the AC out too thin to get a max level for slot type[0m
[13:44] [0m[31;1m[Clan] Omni :[0m off[0m
[13:44] [0m[31;1m[Clan] Omni :[0m nothign about "harder" just... if you need a min level[0m
[13:44] [0m[31;1m[Clan] Omni :[0m ok, glass[0m
[13:44] [0m[31;1m[Clan] Omni :[0m has every 10 ac types[0m
[13:44] [0m[31;1m[Clan] Omni :[0m and it's pretty bad for reforging[0m
[13:45] [0m[31;1m[Clan] Omni :[0m because there's nothing that's "full" enough to get a "max sized" for "that slot[0m
[13:45] [0m              type" off on it[0m
[13:45] [0m[31;1m[Clan] Omni :[0m e.g. gloves[0m
[13:45] [0m[31;1m[Clan] Omni :[0m (gloves/hat/boots, same max)[0m
[13:45] [0m[31;1m[Clan] Sock :[0m right[0m
[13:45] [0m[31;1m[Clan] Sock :[0m oh i get it[0m
[13:45] [0m[31;1m[Clan] Taleast :[0m oh, I thought more types was good because then you could reforge something[0m
[13:45] [0m                 different on each piece and still hvae overall good ac while also getting smd[0m
[13:45] [0m[31;1m[Clan] Sock :[0m yes, if the item isn't already near total max[0m
[13:46] [0m[31;1m[Clan] Sock :[0m eq has a per slot max and then an overall max[0m
[13:46] [0m[31;1m[Clan] Omni :[0m my gloves are wmay, and have 30e 20b 7fire 30nrg 20poison, started with[0m
[13:46] [0m              30e/30f/30nrg and I bean smeared them[0m
[13:46] [0m[31;1m[Clan] Omni :[0m I did a "lots" reforge on fire[0m
[13:46] [0m[31;1m[Clan] Taleast :[0m oh, that probably won't be a problem for me then, most my stuff isn't top end[0m
[13:46] [0m[31;1m[Clan] Omni :[0m nuked 23 ac[0m
[13:46] [0m[31;1m[Clan] Sock :[0m yet[0m
[13:46] [0m[31;1m[Clan] Taleast :[0m well, all[0m
[13:46] [0m[31;1m[Clan] Nix :[0m nod lots takes 23 for me[0m
[13:46] [0m[31;1m[Clan] Omni :[0m in an ideal world, poison would go to 23 and I'd nuke that[0m
[13:47] [0m[31;1m[Clan] Omni :[0m sadly I'd rather lose fire ac and get a better reforge, so fire's gotta go[0m
[13:47] [0m[31;1m[Clan] Omni :[0m wanna keep energy for queens[0m
[13:47] [0m[31;1m[Clan] Omni :[0m and also, firebat ain't happening this short boot[0m
[13:47] [0m[31;1m[Clan] Omni :[0m so easy calculus[0m
[13:47] [0m[31;1m[Clan] Omni :[0m fire I typically want to stack, but[0m
[13:47] [0m[31;1m[Clan] Omni :[0m whatever[0m
[13:47] [0m[31;1m[Clan] Omni :[0m smd>fire[0m
[13:47] [0m[31;1m[Clan] Omni :[0m but my whole point about this is[0m
[13:47] [0m[31;1m[Clan] Omni :[0m well, and it gets worse[0m
[13:48] [0m[31;1m[Clan] Omni :[0m if there was 1 point of poison on the gloves, b4 the beans smear[0m
[13:48] [0m[31;1m[Clan] Omni :[0m it would add more than 20 (if possible[0m
[13:48] [0m[31;1m[Clan] Omni :[0m there's 2 adds[0m
[13:48] [0m[31;1m[Clan] Omni :[0m 1 with that armour not having the ac type, and 1 when it's adding on[0m
[13:48] [0m[31;1m[Clan] Omni :[0m but back to glass, glass are 15->all[0m
[13:48] [0m[31;1m[Clan] Omni :[0m 150 total[0m
[13:48] [0m[31;1m[Clan] Omni :[0m boots/gloves/hat[0m
[13:48] [0m[31;1m[Clan] Ser :[0m which is max for those slots iirc[0m
[13:49] [0m[31;1m[Clan] Omni :[0m which means, you're limited to some reforge[0m
[13:49] [0m[31;1m[Clan] Omni :[0m ya, there's 2 different limiters[0m
[13:49] [0m[31;1m[Clan] Omni :[0m per slot, and total[0m
[13:49] [0m[31;1m[Clan] Omni :[0m the reason to not enhance pblack b4 smear, is due to hitting the total, not[0m
[13:49] [0m              per-slot max[0m
[13:49] [0m[31;1m[Clan] Ser :[0m err right i meant eq slots[0m
[13:49] [0m[31;1m[Clan] Ser :[0m nog[0m
[13:49] [0m[31;1m[Clan] Omni :[0m the enhance doesn't hitit, but[0m
[13:49] [0m[31;1m[Clan] Ser :[0m but it adds +smd now[0m
[13:49] [0m[31;1m[Clan] Ser :[0m wink wink[0m
[13:49] [0m[31;1m[Clan] Omni :[0m once enhanced, the smear "bangs it head on the dooreway"[0m
[13:50] [0m[31;1m[Clan] Ser :[0m nod[0m
[13:50] [0m[31;1m[Clan] Ser :[0m cuz the ac is capped[0m
[13:50] [0m[31;1m[Clan] Omni :[0m and can't add enough, nog[0m
[13:50] [0m[31;1m[Clan] Omni :[0m so there's like, 4-5 ways to screw it up, but certain gear is more ... forgiving[0m
[13:50] [0m              and whatnot[0m
[13:50] [0m[31;1m[Clan] Omni :[0m it's become way less of an issue, since there's so much max gear now[0m
[13:51] [0m[31;1m[Clan] Omni :[0m like, moot point. :) can't smear or enhance, already[0m
[13:51] [0m[31;1m[Clan] Omni :[0m firstworld problems :)[0m
[13:51] [0m[31;1m[Clan] Omni :[0m I'm 99% sure the very first pfp is overmax[0m
[13:51] [0m[31;1m[Clan] Omni :[0m like day6 and day7[0m
[13:52] [0m[31;1m[Clan] Omni :[0m but since tensor coded it to be different and you can't see the array even with[0m
[13:52] [0m              showac, I'm only sure because of full equip[0m
[13:52] [0m[31;1m[Clan] Omni :[0m but it showed 90's... the rest after that show 70's[0m
[13:52] [0m[31;1m[Clan] Omni :[0m sorry, I mean to say, I can see applied ac in equip/score but not when I look[0m
[13:52] [0m              directly at the pfp[0m
[13:53] [0m[31;1m[Clan] Omni :[0m I didn't know this, until one boot late, nobody had opened him up yet so I did[0m
[13:53] [0m[31;1m[Clan] Omni :[0m maybe 8hrs into boot[0m
[13:53] [0m[31;1m[Clan] Omni :[0m the key's a pita, not having the lantern and bell are an issue[0m
[13:59] [0m[37;1m[JEDI]:[0m Wennic Ber'ni'lok arrives at the Academy.[0m
[14:03] [0m[31;1m[Clan] Ser :[0m lol crolack made an autoflapper for psicorps[0m
[14:04] [0m[35;1mAmish [Jedi(58)]:[0m bloop[0m
[14:04] [0m[31;1m[Clan] Taleast :[0m one line[0m
[14:04] [0m[31;1m[Clan] Taleast :[0m pickel[0m
[14:04] [0m[31;1m[Clan] Taleast :[0m er pickle[0m
[14:04] [0m[31;1m[Clan] Ser :[0m [14:03] Ser [96]: This is not a clear and present danger? I must read the rule book[0m
[14:04] [0m             again.[0m
[14:04] [0m[31;1m[Clan] Ser :[0m [14:04] Ser [96]: Don't worry about me. I'll just sit here and knit something.[0m
[14:05] [0m[34;1mTex shouts:[0m anyone have zelligar castle map link[0m
[14:05] [0m[31;1m[Clan] Ser :[0m also i think Mentok should be promoted to player admin[0m
[14:05] [0m[31;1m[Clan] Ser :[0m err m/t[0m
[14:05] [0m[34;1mGaidin shouts:[0m It's linked from the wiki[0m
[14:14] [0m[35;1mUkyo [Jedi(Knight)]:[0m someone asked about jedi force trance?[0m
[14:21] [0m[37;1m[JEDI]:[0m Ylenic It'kla arrives at the Academy.[0m
[14:40] [0m[31;1m[Clan] Taleast :[0m well, I think I might try to fully charge twilight gear before reforging and[0m
[14:40] [0m                 otherwise I think I'll be fine to gxp for boot[0m
[14:40] [0m[31;1m[Clan] Taleast :[0m as unlikely as it is, is there anything anyone could use my help doing?[0m
[14:42] [0m[35;1mTaleast [Jedi(31)]:[0m doh[0m
[14:46] [0m[35;1mAl [Jedi(56)]:[0m laf, 3rd or 4th death today[0m
[14:46] [0mYour transmuter's stone bursts with 2 new colours![0m
[14:46] [0m[35;1mMichael [Jedi(58)]:[0m scaler change?[0m
[14:47] [0m[35;1mDroz [Jedi(40)]:[0m This non-boon having stuff made everything suddenly much more dangerous[0m
[14:47] [0m[35;1mElindal [Jedi(39)]:[0m boons are for the weak. we do not train to be merciful here.[0m
[14:48] [0m[35;1mAl [Jedi(56)]:[0m new boot, not fully eq'ed[0m
[14:49] [0m[35;1mMichael [Jedi(58)]:[0m EQ is just a meeting with Janath away[0m
[14:50] [0m[37;1m[JEDI]:[0m Reena Bel Noir arrives at the Academy.[0m
[14:51] [0m[35;1mHyuga [Jedi(97)]:[0m janath has rings of hearts, cocoons, masks, auros and headbands? nicd[0m
[14:53] [0m[37;1mGaidin flaps :[0m Heh, watching an episode of THe Practice and they're talking about how an adult[0m
[14:53] [0m               man with no children having Legos is suspicious of him being a child molester.[0m
[14:54] [0m[37;1mBrazzin flaps :[0m im going to hell.[0m
[14:54] [0m[37;1mAmish flaps :[0m people are stupid[0m
[14:57] [0m[35;1mAkir [Jedi(49)]:[0m Yea he does it's op[0m
[14:57] [0m[35;1mAmish [Jedi(58)]:[0m don't do that, scared me[0m
[14:57] [0m[35;1mAl [Jedi(56)]:[0m not just me, mikey :)[0m
[14:58] [0m[35;1mMichael [Jedi(58)]:[0m bwaha I tried[0m
[15:09] [0m[31;1m[Clan] Taleast :[0m help me out, is celestial not 100% on twilight?[0m
[15:09] [0m[31;1m[Clan] Taleast :[0m or is twilight the last phase[0m
[15:09] [0m[31;1m[Clan] Taleast :[0m my notes are missing[0m
[15:09] [0m[31;1m[Clan] Taleast :[0m er celestial the last phase[0m
[15:10] [0m[34;1mSomeone shouts: ICE CREAAAAM!![0m[0m
[15:10] [0m[35;1mTaleast [Jedi(31)]:[0m can someone remind me the last charge level on twilight gear?[0m
[15:10] [0m[37;1mBrazzin flaps :[0m rings of regeneration are trash.. always : |----------|[0m
[15:11] [0m[37;1mSquirrel flaps :[0m goto quaker's area, far better ings[0m
[15:11] [0m[37;1mSquirrel flaps :[0m rings*[0m
[15:12] [0m[37;1mXiu flaps :[0m yeah RoR seems like it'll never be fixed instead it's just been replaced[0m
[15:12] [0m[37;1mSquirrel flaps :[0m crafting gems have better regen[0m
[15:12] [0m[34;1mTex shouts:[0m chicken patty sandwhiches with cheese on bun[0m
[15:13] [0m[37;1mTaris flaps :[0m Ye olde gem of standard excessive health and spirit.[0m
[15:13] [0m[34;1mBrazzin shouts:[0m makin' nacon pancakes...[0m
[15:13] [0m[34;1mBrazzin shouts:[0m (i hate this keyboard) Bacon*[0m
[15:14] [0m[37;1mSquirrel flaps :[0m they were fixed, they were riekld and you need certain cha and to be the[0m
[15:14] [0m                 required level which doenst make sense[0m
[15:15] [0m[37;1mBabylon flaps :[0m and the RoR's had a finite life span, too. Cuz you know. 1/1 regen could[0m
[15:15] [0m                possibly turn into 2/2 regen if you got 2 and THAT WAS JUST TOO BS[0m
[15:17] [0m[37;1mXiu flaps :[0m i wasn't really around (much) before all the RoR nerfs started happening but to me[0m
[15:17] [0m            it smacks of a situation where a lot of ppl were using them not because they were bs[0m
[15:17] [0m            but because it just worked better (for them) than their other options.[0m
[15:17] [0m[37;1mPrettypony flaps :[0m yeah 1/1 regen is basically meaningless now. they should just fix them[0m
[15:17] [0m[37;1mSquirrel flaps :[0m it's pointless when you can get the rings from else where that provide better[0m
[15:17] [0m                 regen[0m
[15:18] [0m[37;1mPsionic flaps :[0m someone do a very long flapchat, i am trying to modify COLS[0m
[15:19] [0m[37;1mPsionic flaps :[0m someone do a very long flapchat, i am trying to modify COLS, i guess i can do[0m
[15:19] [0m                it, lets see if this is long enough[0m
[15:19] [0m[37;1mPrettypony flaps :[0m when you figure out what the proper thing is for modifying your columns let[0m
[15:19] [0m                   me know. because my columns have been super weird since i started playing[0m
[15:19] [0m                   again and i hate it the most[0m
[15:20] [0m[37;1mPsionic flaps :[0m someone do a very long flapchat, i am trying to modify COLS, i guess i can do[0m
[15:20] [0m                it, lets see if this is long enough[0m
[15:20] [0m[37;1mPsionic flaps :[0m for me modify COLS 77 worked[0m
[15:21] [0m[37;1mSquirrel flaps :[0m Squirrels are generally small animals, ranging in size from the African pygmy[0m
[15:21] [0m                 squirrel and least pygmy squirrel at 1014 cm (3.95.5 in) in total length and[0m
[15:21] [0m                 just 1226 g (0.420.92oz) in weight,[7][8] to the Bhutan giant flying squirrel[0m
[15:21] [0m                 at up to 1.27 m (4 ft 2 in) in total length,[9] and several marmot species,[0m
[15:21] [0m                 which can weigh 8 kg (18 lb) or more.[10][11] Squirrels typically have slender[0m
[15:21] [0m                 bodies with bushy tails and large eyes. In general, their fur is soft and[0m
[15:21] [0m                 silky, though much thick[0m
[15:22] [0m[37;1mVapor flaps :[0m and they eat nuts[0m
[15:22] [0m[37;1mSquirrel flaps :[0m they don't have pants[0m
[15:22] [0m[37;1mPsionic flaps :[0m from this http://prntscr.com/tbcne7 to  http://prntscr.com/tbcnsa[0m
[15:23] [0m[37;1m[JEDI]:[0m Herah Wylann arrives at the Academy.[0m
[15:23] [0m[37;1mBrazzin flaps :[0m https://www.youtube.com/watch?v=cUYSGojUuAU -MmmmMmmmmMmmm Pancakes.[0m
[15:26] [0m[37;1mSquirrel flaps :[0m Crolack Piper picked a peck of pickled pickles. A peck of pickled pickles[0m
[15:26] [0m                 Crolack Piper picked. If Crolack Piper picked a peck of pickled pickles,[0m
[15:26] [0m                 Where's the peck of pickled pickles Crolack Piper picked?[0m
[15:27] [0m[37;1mEdward flaps :[0m thanks, we all good now:)[0m
[15:29] [0m[31;1m[Clan] Taleast :[0m Omni, teach me the ways of reforge[0m
[15:29] [0m[31;1m[Clan] Taleast :[0m do you ever throw e or b in the mix since there's generally so much more of it[0m
[15:29] [0m                 and smd affects regular attacks?[0m
[15:30] [0m[31;1m[Clan] Taleast :[0m oh, you're probably on your drive[0m
[15:43] [0m[35;1mKoschei [Jedi(37)]:[0m my dmg is considerably lower this boot heh[0m
[15:57] [0m[35;1mElindal [Jedi(39)]:[0m omg. can we get something other than a protocol droid at tier 1[0m
[15:57] [0m[35;1mAmish [Jedi(58)]:[0m lies[0m
[16:00] [0m[37;1m[JEDI]:[0m Tobias Kel'ach'nar arrives at the Academy.[0m
[16:07] [0m[32mCorath tells you:[0m Sorry but I cannot prepare worn armour.                  [0m
[16:11] [0m[34;1mKoschei shouts:[0m driving past pickle avenue[0m
[16:15] [0m[31;1m[Clan] Nix :[0m damn rimalkins change is screwing with me on bard[0m
[16:16] [0m[31;1m[Clan] Nix :[0m i need a resetting 15-20mil mob area[0m
[16:16] [0m[31;1m[Clan] Nix :[0m rims, hotel ....[0m
[16:18] [0m[32mFennec tells you:[0m what am I doing wrong with the guild box? i type borrow[0m
[16:18] [0m        sword from box but it tells me there's no such item in the box, but[0m
[16:18] [0m        i see 2 in there. :/[0m
[16:18] [0m[32mYou say:[0m which one?[0m
[16:18] [0m[32mFennec says:[0m elven warsword[0m
[16:19] [0m[32mYou say:[0m just 'borrow' X item[0m
[16:19] [0m[32mFennec tells you:[0m so don't say from box. :p[0m
[16:19] [0m[32;1mFrom afar, you nod to Fennec.[0m[0m
[16:19] [0m[32;1mFrom afar, Fennec thanks you.[0m[0m
[16:20] [0m[32mYou tell Fennec:[0m that works for a house box[0m
[16:20] [0m[32;1mFrom afar, Fennec smiles at you.[0m[0m
[16:20] [0m[32mCorath tells you:[0m You must wait, I'm currently helping someone else.       [0m
[16:25] [0m[32mYou tell Merrick:[0m available to do modification?[0m
[16:25] [0m[32mMerrick tells you:[0m sure, entrance to rimals[0m
[16:26] [0m[32;1mFrom afar, you nod to Merrick.[0m[0m
[16:26] [0m[32mYou tell Merrick:[0m here[0m
[16:26] [0m[32mMerrick tells you:[0m brt[0m
[16:35] [0m[31;1m[Clan] Roken :[0m what change? The removal of respawn?[0m
[16:36] [0mYour transmuter's stone bursts with 6 new colours![0m
[16:36] [0m[37;1m[JEDI]:[0m Janath Meelin arrives at the Academy.[0m
[16:37] [0m[35;1mKoschei [Jedi(37)]:[0m janath hook me up with day3 cmc[0m
[16:37] [0m[35;1mKoschei [Jedi(37)]:[0m michael says you have all the good eq[0m
[16:38] [0m[35;1mRoken [Jedi(85)]:[0m any spirit gear needed?[0m
[16:38] [0m[35;1mKoschei [Jedi(37)]:[0m spare boots?[0m
[16:38] [0m[35;1mKoschei [Jedi(37)]:[0m woo droz[0m
[16:38] [0m[35;1mRoken [Jedi(85)]:[0m will see[0m
[16:38] [0m[35;1mKoschei [Jedi(37)]:[0m nog[0m
[16:39] [0m[35;1mKoschei [Jedi(37)]:[0m thats the only piece i still need[0m
[16:40] [0m[35;1mRoken [Jedi(85)]:[0m cog[0m
[16:44] [0m[32mYou tell Koschei:[0m at armory[0m
[16:45] [0m[35;1mDroz [Jedi(40)]:[0m Hmm, stopping me at 7 pieces instead of the full set even though it says I can[0m
[16:45] [0m                 forge more armor and I maxed armor enhancement[0m
[16:46] [0mMotorbreath {Professions}: no such profession macemen to leave[0m
[16:46] [0mKsemia {Professions}: maceman? (singular)?[0m
[16:46] [0mMotorbreath {Professions}: that worked thanks[0m
[16:48] [0m[35;1mDroz [Jedi(40)]:[0m Hmm, quit and re-log didn't help[0m
[16:52] [0m[35;1mElindal [Jedi(39)]:[0m yup. we are mav[0m
[16:52] [0m[35;1mMav [Jedi(38)]:[0m haha[0m
[16:53] [0m[31;1m[Clan] Nix :[0m yeah[0m
[16:53] [0m[31;1m[Clan] Nix :[0m i kill mobs in other spots too quick.. cant do smurfs cause of the dmg immunities[0m
[16:55] [0m[31;1m[Clan] Slacker :[0m zelligar golems? (maybe just 8m or something)[0m
[16:55] [0m[31;1m[Clan] Nix :[0m yeah i guess i can make a stepper in there[0m
[16:56] [0m[31;1m[Clan] Slacker :[0m my memory is real short, but I think the 120ish ones are like 6m[0m
[16:57] [0m[31;1m[Clan] Slacker :[0m you after xp or gxp? old gentech trick: crapcows[0m
[17:02] [0m[31;1m[Clan] Nix :[0m both[0m
[17:02] [0m[31;1m[Clan] Nix :[0m mainly xp ... im in abyss now this spots good neough[0m
[17:04] [0m[31;1m[Clan] Slacker :[0m I recall crapcows were not that great xp, but was possible as a gentech to[0m
[17:04] [0m                 tweak the kills to 500 rounds to make it respawn before you finished it :)[0m
[17:04] [0m[31;1m[Clan] Slacker :[0m but some hit hard back then[0m
[17:06] [0m[31;1m[Clan] Slacker :[0m but 88 zombie (not including the vamps) about same xp as 111 zelligar golems[0m
[17:06] [0m[31;1m[Clan] Slacker :[0m same xp-rate[0m
[17:11] [0m[31;1m[Clan] Taleast :[0m so, how much do tier...ga[0m
[17:11] [0m[31;1m[Clan] Slacker :[0m where to advance eternal powers?[0m
[17:11] [0m[31;1m[Clan] Taleast :[0m bah[0m
[17:11] [0m[31;1m[Clan] Taleast :[0m (train[0m
[17:12] [0m[31;1m[Clan] Slacker :[0m I mean powers like duplicate item[0m
[17:12] [0m[31;1m[Clan] Slacker :[0m just says I need to be at some location[0m
[17:16] [0m[31;1m[Clan] Taleast :[0m according to (info powers there's a guild hall and you have to 'learn' powers[0m
[17:16] [0m[31;1m[Clan] Slacker :[0m ...and where is that guildhall?[0m
[17:16] [0m[31;1m[Clan] Taleast :[0m ya got me[0m
[17:16] [0m[31;1m[Clan] Roken :[0m s/w/s of pound[0m
[17:17] [0m[31;1m[Clan] Slacker :[0m thanks[0m
[17:18] [0m[31;1m[Clan] Roken :[0m portal/enter[0m
[17:19] [0m[35;1mMav [Jedi(38)]:[0m hrmm what's the command to brief my attacks again?[0m
[17:19] [0mAlazar {Professions}: wasn't dagger recently added as a specialization?[0m
[17:19] [0mKoschei {Professions}: rogue[0m
[17:19] [0mAlazar {Professions}: thanks[0m
[17:26] [0m[32mKoschei tells you:[0m oh i missed tell in ki burst spam, thanks a bajillion[0m
[17:33] [0m[32mArmadillo says: [0mCars and trucks may squish us, but we'll be back for more![0m
[17:34] [0m[37;1mHawkeyes flaps :[0m seeking damage for zombies[0m
[17:44] [0m[36m<BS> Taris :[0m Yeah.  This is nice.[0m
[17:44] [0m[36m<BS> Taris :[0m The regen cap thing I mean.[0m
[17:44] [0m[36m<BS> Taris :[0m I won't be setting the golem scaler to 82 but I'll be cruising[0m
[17:44] [0m             81 just fine.[0m
[17:45] [0m[36m<BS> Fennec :[0m Sounds like a good plan![0m
[17:45] [0m[36m<BS> Taris :[0m The leap jump from tanking 2 550ks to 2 1.3Ms is significant.[0m
[17:46] [0m[36m<BS> Taris :[0m leap jump...  and I'm not even drinking yet.  Shenanigans![0m
[18:17] [0m[36m<BS> Xiu :[0m and with the cap removed, regen rune skills matter now[0m
[18:20] [0m[37;1mHawkeyes flaps :[0m anyone resetting zombies anytime soon?[0m
[18:28] [0m[34;1mMurder shouts:[0m hi[0m
[18:30] [0m[34;1mMurder shouts:[0m i have evidance that pdo[0m
[18:30] [0m[32;1m Broken the title less (neutral)[0m
[18:30] [0m[34;1mMurder shouts:[0m i have evidance than pdog posted qinfo to 3kflame in 2002[0m
[18:30] [0m[34;1mAkir shouts:[0m dope[0m
[18:31] [0m[32mAntonio tells you:[0m What yould you like to acquire? A 'keyring' perhaps?[0m
[18:31] [0m[32mAntonio tells you:[0m You already have a keyring![0m
[18:33] [0m[34;1mOne shouts:[0m burn the witch!!![0m
[18:34] [0m[34;1mThadar shouts:[0m she turned me into a newt![0m
[18:34] [0m[34;1mOne shouts:[0m a newt?!?[0m
[18:34] [0m[34;1mHullabaloo shouts:[0m i got better...[0m
[18:52] [0mnewb Aapostle [adventurer/5]: i got my pendant and harold won't let me leave woonsocket[0m
[18:52] [0mnewb Aapostle [adventurer/5]: anyone know why?[0m
[18:52] [0mnewb Michael [jedi/111]: examine the pendant and rub it[0m
[18:52] [0mnewb Michael [jedi/111]: it gives you a command to leave and to return[0m
[18:52] [0mnewb Elminster [mage/138]: rub the pendant[0m
[18:52] [0mnewb One [elemental/94]: that doesn't help.  you have to enter some funky command[0m
[18:53] [0mnewb One [elemental/94]: revertucot or something weird like that[0m
[18:54] [0mnewb Motorbreath [knight/130]: isnt it say yes three times to that toon?[0m
[18:55] [0mnewb One [elemental/94]: i think if you look at the pendant it gives you the command word, don't[0m
[18:55] [0m                         remember for sure[0m
[18:57] [0mnewb Broken [adventurer/14]: fun guild to pass the time? I hear of viking guild[0m
[18:58] [0mnewb One [elemental/94]: you can pass the time waiting for vikings to come out[0m
[18:58] [0mnewb Aapostle [adventurer/5]: thanks[0m
[18:58] [0mnewb One [elemental/94]: help whoguilds will show you the current guilds[0m
[19:04] [0m[32mJack says: [0mYou don't think I made a good trade?[0m
[19:04] [0m[32mJack says: [0mYou don't think I made a good trade?[0m
[19:07] [0mnewb Broken [adventurer/14]: recruiter for angel?[0m
[19:07] [0m[32mYou say:[0m join[0m
[19:08] [0mnewb Broken [angel/14]: cool, nvm[0m
[19:33] [0m[31;1m[Clan] Nik enters the game.[0m  [0m
[19:33] [0m[36m<BS> Metaljaz :[0m either of you need gear i might be able to get for you?[0m
[19:34] [0m[36m<BS> Dangerzone :[0m lacking 7 unknowns[0m
[19:34] [0m[36m<BS> Metaljaz :[0m check prep room box[0m
[19:34] [0m[36m<BS> Dangerzone :[0m maybe grab camisole and medic-alert bracelet on main[0m
[19:35] [0m[32;1mFrom afar, you nod to Metaljaz.[0m[0m
[19:35] [0m[36m<BS> Metaljaz :[0m oh you would name those..giggle[0m
[19:35] [0m[36m<BS> Metaljaz :[0m check with xiu on those[0m
[19:35] [0m[36m<BS> Dangerzone :[0m severe lack in knowledge of the unknowns in 3k[0m
[19:35] [0m[36m<BS> Metaljaz :[0m you know where the prep room is[0m
[19:35] [0m[36m<BS> Metaljaz :[0m in the guild[0m
[19:36] [0m[36m<BS> Metaljaz :[0m you can always take from that box[0m
[19:36] [0m[32mMetaljaz tells you:[0m just grab them out of the box in the prep room..you[0m
[19:36] [0m        dont have to put them back[0m
[19:41] [0m[37;1mMotorbreath flaps :[0m for those of you looking for a mask to dupe hawkeyes has[0m
[19:41] [0m                    original[0m
[19:42] [0m[32mCorath tells you:[0m Sorry but I cannot prepare worn armour.                  [0m
[19:42] [0m[32mCorath tells you:[0m Sorry but I cannot prepare worn armour.                  [0m
[19:42] [0m[32mCorath tells you:[0m Sorry but I cannot prepare worn armour.                  [0m
[19:44] [0m[32mKerym says: [0mWell met, Swordbrother Dangerzone, May the Seldarine's Blessings be upon you.[0m
[19:46] [0m[32mYou tell Metaljaz:[0m thanks. got 6 unknowns now :D[0m
[19:46] [0m[31;1m[Clan] Oscar :[0m anyone get a apirit cloak[0m
[19:47] [0m[31;1m[Clan] Oscar :[0m they dont want[0m
[19:47] [0m[31;1m[Clan] Dangerzone :[0m nod[0m
[19:47] [0m[32mMetaljaz tells you:[0m okies need one more[0m
[19:47] [0m[31;1m[Clan] Byron enters the game.[0m  [0m
[19:47] [0m[32mYou tell Metaljaz:[0m isn't it 8 now?[0m
[19:48] [0m[32mMetaljaz tells you:[0m probably but i use 7[0m
[19:48] [0m[32mMetaljaz tells you:[0m oh crap let me fill the box. i filled it this morning[0m
[19:48] [0m        and its almost empty..lol[0m
[19:48] [0m[32mMetaljaz tells you:[0m no wonder you were asking[0m
[19:48] [0m[32mMetaljaz tells you:[0m give me a few to refill[0m
[19:49] [0m[32mYou tell Metaljaz:[0m no i dont check the boxes. I'd prefer getting my own.[0m
[19:49] [0m        Where do are the panties, badge, shirt, bracers, and[0m
[19:49] [0m[32mYou tell Metaljaz:[0m earmuffs[0m
[19:50] [0m[32mYou tell Oscar:[0m in a sec, where are ya?[0m
[19:50] [0m[32mMetaljaz tells you:[0m earmuffs are at the shop w and n of sureal spirits and[0m
[19:50] [0m[32mMetaljaz tells you:[0m you have to buy those[0m
[19:53] [0m[32mYou tell Byron:[0m got a cloak on roken[0m
[19:54] [0m[32mMetaljaz tells you:[0m directions for bracers are from magic portal:[0m
[19:54] [0m        3e,s,4e,n,2e,enter,up,3e,d,e,path,12n,road[0m
[19:54] [0m[32mMetaljaz tells you:[0m badges are in star trek[0m
[19:56] [0m[32mMetaljaz tells you:[0m and the shirt and panties are from vortex, 2n,u pay[0m
[19:56] [0m        500 and then go w,n come back and go 3w, n..something like that[0m
[19:56] [0m[32;1mFrom afar, you thank Metaljaz.[0m[0m
[19:57] [0m[32mMetaljaz tells you:[0m 2w,n,w,n and kill frederique to get panties ..thats[0m
[19:57] [0m        the directions after you pay 500[0m
[19:58] [0m[32mMetaljaz tells you:[0m crap now..its 2w then n[0m
[19:58] [0m[32mMetaljaz tells you:[0m and kill frederique[0m
[19:59] [0m[32mMetaljaz tells you:[0m and the salesman has the shirt[0m
[20:01] [0m[32mMetaljaz tells you:[0m mirror shades are in atlanta ..you have to take the d[0m
[20:01] [0m        c megatech train to get there[0m
[20:01] [0m[32mMetaljaz tells you:[0m and get off at the atlanta martha central hub[0m
[20:05] [0m[31;1m[Clan] Taleast :[0m back later[0m
[20:09] [0m[32mYou tell Metaljaz:[0m all saved to notes[0m
[20:11] [0m[34;1mVagrant shouts:[0m pew pew pew![0m
[20:13] [0m[34;1mTex shouts:[0m what do you get when you put 2 necxros and a jugger together in[0m
[20:13] [0m            a party to kill a dragon? smoores roasted[0m
[20:13] [0m[34;1mSnuggles shouts:[0m mmm smores[0m
[20:14] [0m[34;1mVagrant shouts:[0m mMmmmm[0m
[20:15] [0m[31;1m[Clan] Ser :[0m moo[0m
[20:15] [0m[31;1m[Clan] Ser :[0m again[0m
[20:18] [0m[37;1mHawkeyes flaps :[0m zombie reset?[0m
[20:19] [0m[37;1mBrazzin flaps :[0m  pees, someone.[0m
[20:21] [0m[31;1m[Clan] Dangerzone :[0m moo[0m
[20:23] [0mnewb Maverik [necromancer/73]: anyone know the ansi var for mud crits?:)[0m
[20:24] [0m[31;1m[Clan] Ser :[0m hmm only 3 day boot might run minimal gear and just grind[0m
[20:24] [0m             gentech[0m
[20:25] [0m[31;1m[Clan] Dangerzone :[0m next boot too[0m
[20:25] [0m[31;1m[Clan] Ser :[0m nod[0m
[20:26] [0m[32;1mFrom afar, Byron goes 'Woo Woo!' at you.[0m[0m
[20:27] [0m[32mMetaljaz tells you:[0m okies[0m
[20:27] [0m[32mMetaljaz tells you:[0m lab coats are in where the cyber gear is[0m
[20:29] [0m[31;1m[Clan] Ser :[0m hmm cocoon and headband i guess...  maybe a spork, and i'll be[0m
[20:29] [0m             set[0m
[20:29] [0m[31;1m[Clan] Ser :[0m or redaxe-  does redaxe heal hp?[0m
[20:31] [0mnewb Inix [juggernaut/138]: I assume you mean the crits from assassin[0m
[20:31] [0m                            profession[0m
[20:31] [0m[31;1m[Clan] Ser :[0m all a bunch of idlers[0m
[20:35] [0m[31;1m[Clan] Dangerzone :[0m redaxe doing great for sp[0m
[20:35] [0m[36m<BS> Dangerzone :[0m redaxe do hp?[0m
[20:40] [0m[36m<BS> Metaljaz :[0m sp?[0m
[20:40] [0m[36m<BS> Metaljaz :[0m let me check[0m
[20:56] [0m[31;1m[Clan] Nix :[0m maybe i'll do gentech too[0m
[20:56] [0m[31;1m[Clan] Nix :[0m not sure what i want to play.. im like 5k from gl 149 in mages,[0m
[20:56] [0m             could finish the scale to 150[0m
[20:57] [0m[31;1m[Clan] Ser :[0m just roll an illegal second and do both[0m
[20:58] [0m[31;1m[Clan] Nix :[0m 2 roh's in box[0m
[20:58] [0m[34;1mSer shouts:[0m i never said i had *GOOD* advice[0m
[21:00] [0m[31;1m[Clan] Ser :[0m so Nix/DZ, does axe have hp heal or just sp[0m
[21:01] [0m[31;1m[Clan] Ser :[0m if hp then i need to dupe off someone or run it myself[0m
[21:12] [0mnewb Disruptor [elemental/132]: townportal, then touch post[0m
[21:14] [0m[31;1m[Clan] Michael :[0m is it worth it to grind changeling alts now?[0m
[21:14] [0m[31;1m[Clan] Taleast :[0m I know at cpx 200 they get engulf and can use the powers of[0m
[21:14] [0m                 equipment, but not the ac[0m
[21:14] [0m[31;1m[Clan] Nix :[0m no idea, have never realy playyed changelings[0m
[21:14] [0m[31;1m[Clan] Taleast :[0m that is new since I last played[0m
[21:15] [0m[31;1m[Clan] Michael :[0m contemplating what to work on when I finally take a jedi[0m
[21:15] [0m                 break[0m
[21:33] [0mnewb Rafiji [jedi/33]: Anyone want a jedi in their party?[0m
[21:39] [0m[36m<BS> Dangerzone :[0m finally working the redaxe, think it is helping. For more[0m
[21:39] [0m                  SP regen, probably the terra ring[0m
[21:47] [0m[32mMetaljaz tells you:[0m yes its the axe doing some sp regen not sure about the[0m
[21:47] [0m        terra ring[0m
[21:48] [0m[36m<BS> Metaljaz :[0m sp regen=redaxe[0m
[21:48] [0m[32mYou tell Metaljaz:[0m supposedly two blue seeds will help sp[0m
[21:48] [0m[32mMetaljaz tells you:[0m ah ok[0m
[21:53] [0m[31;1m[Clan] Xaryl enters the game.[0m  [0m
[21:53] [0m<- ! The Vigilant ! -> :  A destabilization Kayos event has been detected in[0m
[21:53] [0m                          Northern Hills of Fantasy!  We are localizing it[0m
[21:53] [0m                          now - get ready![0m
[21:53] [0m[31;1m[Clan] Xaryl :[0m who has OG shield/axe?[0m
[21:54] [0m[31;1m[Clan] Nix :[0m modrack[0m
[21:54] [0m[31;1m[Clan] Nix :[0m for both[0m
[21:54] [0m[31;1m[Clan] Nix :[0m my axe is bop[0m
[21:54] [0m[31;1m[Clan] Nix :[0m dupe down for 18hrs =( or i'd toss it your way[0m
[21:58] [0m[31;1m[Clan] Archangel enters the game.[0m  [0m
[22:00] [0m[31;1m[Clan] Snuggles enters the game.[0m  [0m
[22:00] [0m[31;1m[Clan] Archangel :[0m Hola[0m
[22:01] [0m[31;1m[Clan] Nix :[0m hey[0m
[22:02] [0m[31;1m[Clan] Xaro enters the game.[0m  [0m
[22:02] [0m[31;1m[Clan] Archimedes enters the game.[0m  [0m
[22:04] [0m[31;1m[Clan] Ser :[0m what[0m
[22:05] [0m[31;1m[Clan] Nik :[0m vvoo welcome![0m
[22:06] [0m[31;1m[Clan] Ser :[0m i'm mind bottled[0m
[22:07] [0m[31;1m[Clan] Snuggles :[0m hello[0m
[22:07] [0m[31;1m[Clan] Snuggles :[0m im forgot the line chat like a fool hehe[0m
[22:07] [0m[31;1m[Clan] Taleast :[0m oh, welcome![0m
[22:07] [0m[31;1m[Clan] Snuggles :[0m ty ty[0m
[22:08] [0m[37;1mWiener flaps :[0m 10n,2e from northgate of wayahven, mental damage[0m
[22:12] [0m[31;1m[Clan] Xaryl :[0m woot! xeno dropped a mask[0m
[22:12] [0m[31;1m[Clan] Nix :[0m oooo[0m
[22:12] [0m[31;1m[Clan] Nix :[0m bs[0m
[22:12] [0m[31;1m[Clan] Snuggles :[0m oooo[0m
[22:12] [0m[31;1m[Clan] Nix :[0m welcome snuggles[0m
[22:12] [0m[31;1m[Clan] Snuggles :[0m ty ty[0m
[22:27] [0m[31;1m[Clan] Nix :[0m anyone for belochs?[0m
[22:27] [0m[31;1m[Clan] Xaryl :[0m we do not need, but can help[0m
[22:27] [0m[31;1m[Clan] Nix :[0m im here with al and stasis if you want to swing through[0m
[22:28] [0m[31;1m[Clan] Xaryl :[0m be there in a minute[0m
[22:29] [0m[31;1m[Clan] Michael :[0m creators of the Jedi dice based rpg[0m
[22:29] [0m[31;1m[Clan] Michael :[0m w/l[0m
[22:31] [0m[31;1m[Clan] Xaryl :[0m who is tanking?[0m
[22:33] [0m[31;1m[Clan] Taleast :[0m I can do some crappy damage, you guys do him yet?[0m
[22:33] [0m[31;1m[Clan] Nix :[0m still here swing through[0m
[22:39] [0mnewb Mangin [Newbie]: i have not done any quests yet does it matter if i[0m
[22:39] [0m                      level before i do?[0m
[22:40] [0mnewb One [elemental/94]: not really, though you have to do the newbie[0m
[22:40] [0m                         academy[0m
[22:40] [0mnewb One [elemental/94]: before it will let you advance to 5[0m
[22:40] [0mnewb Mangin [Newbie]: ok[0m
[22:40] [0mnewb One [elemental/94]: for the rest you can come back and do them later,[0m
[22:40] [0m                         up to level 49 or 50, somewhere around there[0m
[22:41] [0mnewb Wiener [knight/131]: 49, you're locked out at 50 IIRC[0m
[22:41] [0mnewb One [elemental/94]: 49.  at 50 you can't get back into newbieland[0m
[22:41] [0mnewb Kirrin [necromancer/132]: help milestones[0m
[22:50] [0m[37;1m[JEDI]:[0m Tobias Kel'ach'nar arrives at the Academy.[0m
[22:53] [0m[31;1m[Clan] Taleast :[0m ack[0m
[22:54] [0m[31;1m[Clan] Snuggles :[0m oh no[0m
[22:54] [0m[32;1mFrom afar, you eep at Al.[0m[0m
[22:54] [0m[31;1m[Clan] Archangel :[0m ?[0m
[22:54] [0m[32mAl tells you:[0m iaw :([0m
[22:55] [0m[31;1m[Clan] Archangel :[0m Wudayemiss?[0m
[22:55] [0m[31;1m[Clan] Xaryl :[0m I accidently took a Beloch potion :([0m
[22:55] [0m[31;1m[Clan] Taleast :[0m w/l[0m
[22:55] [0m[31;1m[Clan] Roken :[0m w/l taleast? Al died to QoH[0m
[22:55] [0m[31;1m[Clan] Archangel :[0m Ohhh[0m
[23:02] [0m[35;1mAkir [Jedi(49)]:[0m woah feared[0m
[23:02] [0m[35;1mTaleast [Jedi(32)]:[0m woot![0m
[23:04] [0m[35;1mAkir [Jedi(49)]:[0m Almost a full set (minus the damn amulet, which is what I was going for) of[0m
[23:04] [0m                 spirit in the armory, use it gogo[0m
[23:04] [0m[35;1mAl [Jedi(56)]:[0m i hav eone i think[0m
[23:05] [0m[35;1mAl [Jedi(56)]:[0m nog, meet cog[0m
[23:05] [0mYour transmuter's stone bursts with 6 new colours![0m
[23:14] [0m[37;1m[JEDI]:[0m H'ssani C'talan arrives at the Academy.[0m
[23:38] [0m[37;1m[JEDI]:[0m Wennic Ber'ni'lok arrives at the Academy.[0m
[23:46] [0m[31;1m[Clan] Xaro leaves the game.[0m  [0m
[23:46] [0m[31;1m[Clan] Xaro enters the game.[0m  [0m
[23:47] [0m[35;1mTaleast [Jedi(32)]:[0m given this droid a lot of corpses and have't seen anything happen yet, is[0m
[23:47] [0m                    there a command I'm missing or is it a 'really' long processing time?[0m
[23:48] [0m[35;1mAl [Jedi(56)]:[0m you got the corpse droid?[0m
[23:48] [0m[35;1mTaleast [Jedi(32)]:[0m apparently, heh[0m
[23:48] [0m[35;1mAl [Jedi(56)]:[0m nog, that mofo gives you random bloks of corpse stuff[0m
[23:48] [0m[35;1mAl [Jedi(56)]:[0m check yer inv?[0m
[23:49] [0m[35;1mAl [Jedi(56)]:[0m reminds me of snowpiercer, lol[0m
[23:49] [0m[35;1mTaleast [Jedi(32)]:[0m nothing yet[0m
[23:49] [0m[35;1mAl [Jedi(56)]:[0m and you watch them process corpses in front of you?[0m
[23:50] [0m[35;1mAl [Jedi(56)]:[0m but i haven't tried to work on that gyrowhatever mob[0m
[23:50] [0m[35;1mAl [Jedi(56)]:[0m didn't want to tweak my corpse trig[0m
