- = LOG STARTED [00:00] = -
[00:00] [0m[33;1m[Clan] Byron :[0m The Queen of Hearts has reset.[0m
[00:04] [0m[33;1m[Clan] Xaryl :[0m dropped some extra priest sacks in Cbox if anyone wants any[0m
[00:06] [0m[33;1m[Clan] Byron :[0m The Queen of Hearts has reset.[0m
[00:10] [0m[33;1m[Clan] Byron :[0m The Queen of Hearts has reset.[0m
[00:10] [0m[37;1m[JEDI]:[0m Rhaan arrives at the Academy.[0m
[00:13] [0m[35;1mAnd [Jedi(34)]:[0m HI[0m
[00:14] [0m[35;1mAnd [Jedi(34)]:[0m how goes?[0m
[00:23] [0m[33;1m[Clan] Byron :[0m The Queen of Hearts has reset.[0m
[00:37] [0m[34;1mFluffy shouts:[0m bop wind2 helmet in sw corner[0m
[00:41] [0m[37;1m[JEDI]:[0m H'ssani C'talan arrives at the Academy.[0m
[00:47] [0m[34;1mKenny shouts:[0m WOO![0m
[18:25] [0m[33;1m[Clan] Zorbaine :[0m is Legendary Breastplate of the Titan Legions crafted? or crafted from some[0m
[18:25] [0m                  other miniquest?[0m
[18:25] [0m[33;1m[Clan] Zorbaine :[0m http://3k.parimd.com/library/view.php?armourID=320[0m
[18:32] [0m[33;1m[Clan] Martyr :[0m there are a few moldings like that in the realms[0m
[18:32] [0m[33;1m[Clan] Martyr :[0m think that one is from mystic seal[0m
[18:33] [0m[33;1m[Clan] Zorbaine :[0m nog[0m
[18:33] [0m[37;1m[JEDI]:[0m Talia Ska arrives at the Academy.[0m
[18:37] [0mKitt flaps : i am moo[0m
[18:47] [0m[35;1mDub [Jedi(50)]:[0m man my ansi colors are all unset :/[0m
[18:47] [0m[35;1mSimple [Jedi(70)]:[0m heh[0m
[18:50] [0mYour transmuter's stone bursts with 3 new colours![0m
[18:55] [0m[37;1mMental <.oO>:[0m hax[0m
[18:55] [0m[37;1mHooligan <.oO>:[0m gimme some![0m
[18:55] [0m[37;1mSock <.oO>:[0m just a reminder to level your eternals[0m
[18:55] [0m[37;1mKenny <.oO>:[0m no![0m
[18:55] [0m[37;1mZor <.oO>:[0m woo[0m
[19:01] [0m[37;1m[JEDI]:[0m Rhaan arrives at the Academy.[0m
[19:03] [0m[33;1m[Clan] Byron :[0m The Queen of Hearts has reset.[0m
[19:06] [0mNik flaps : me bok[0m
[19:11] [0m[33;1m[Clan] Byron :[0m The Queen of Hearts has reset.[0m
[19:26] [0m[37;1m[JEDI]:[0m Alyssa K'tal arrives at the Academy.[0m
[19:43] [0m[33;1m[Clan] Zorbaine :[0m wooooooot[0m
[19:43] [0m[33;1m[Clan] Zorbaine :[0m You now have 805 quest points.[0m
[19:43] [0m[33;1m[Clan] Zorbaine :[0m hm baby![0m
[19:47] [0mMaverik <Craft>: I don't want to craft ... I want to be a LUMBERJACK!![0m
[19:51] [0mYour transmuter's stone bursts with 2 new colours![0m
[19:53] [0m[33;1m[Clan] Ser :[0m take sock w/ you[0m
[19:59] [0m[37;1m[JEDI]:[0m Durnoth arrives at the Academy.[0m
[20:02] [0m[33;1m[Clan] Zorbaine :[0m weird[0m
[20:03] [0m[33;1m[Clan] Ser :[0m wierd[0m
[20:03] [0m[33;1m[Clan] Zorbaine :[0m don't make me moose you[0m
[20:23] [0m[33;1m[Clan] Zorbaine weaves the lame.[0m  [0m
[20:23] [0m[33;1m[Clan] Zorbaine enters the game.[0m  [0m
[20:23] [0m[33;1m[Clan] Archangel :[0m Eep[0m
[20:23] [0m[33;1m[Clan] Archangel :[0m Are you exploring or something?[0m
[20:24] [0m[33;1m[Clan] Zorbaine :[0m nawh hm wasnt working[0m
[20:27] [0m[33;1m[Clan] Zorbaine :[0m (didnt drink potions yet, no worries) ... think i may train seconds now that i[0m
[20:27] [0m                  have hm[0m
[20:27] [0m[33;1m[Clan] Zorbaine :[0m (again)[0m
[20:27] [0m[33;1m[Clan] Archangel :[0m heh[0m
[20:27] [0m[33;1m[Clan] Archangel :[0m Was wondering[0m
[20:28] [0m[37;1m[JEDI]:[0m Kerran Halcyon arrives at the Academy.[0m
[20:28] [0m[33;1m[Clan] Zorbaine :[0m noggle[0m
[20:31] [0mInfectious flaps : resertting zambies swang by[0m
[20:32] [0mKitt flaps : wut[0m
[20:32] [0mInfectious flaps : resetted[0m
[20:34] [0mKitt flaps : good[0m
[20:46] [0m[34;1mAka shouts:[0m something something carol baskin[0m
[20:47] [0m[34;1mMental shouts:[0m its carole, you uncultured swine[0m
[20:47] [0m[34;1mFluffy shouts:[0m cannoli ?[0m
[20:47] [0m[34;1mNik shouts:[0m i hate canola oil[0m
[20:47] [0m[34;1mCapernicus shouts:[0m oil is slick brah[0m
[20:48] [0mFluffy flaps : moo[0m
[20:48] [0m[34;1mSylph shouts:[0m the death cow cometh![0m
[20:48] [0m[34;1mNik shouts:[0m playcult like a cow in a line[0m
[20:48] [0m[34;1mSquirrel shouts:[0m invasion of death cows[0m
[20:51] [0mYour transmuter's stone bursts with 2 new colours![0m
[20:51] [0m[34;1mFluffy shouts:[0m shank![0m
[20:51] [0m[34;1mAl shouts:[0m spank![0m
[20:51] [0m[34;1mNik shouts:[0m dank[0m
[20:51] [0m[34;1mOmni shouts:[0m spank[0m
[20:51] [0m[34;1mAl shouts:[0m swank?[0m
[20:55] [0m[34;1mNik shouts:[0m i take it she had a bad time with a tiger?[0m
[20:55] [0m[34;1mKenny shouts:[0m thats what happens when you hang out with joe exotic[0m
[20:55] [0m[34;1mNik shouts:[0m personally i woulda went with the 2 dudes n their tigers, but i spose this ones[0m
[20:55] [0m            newer[0m
[20:56] [0mAl flaps : any priests available for a quick and dirty ftouch?[0m
[20:56] [0m[34;1mMental shouts:[0m i did learn that a luger does fire without a clip in it though[0m
[20:57] [0mJasmine flaps : are you an altar boy?[0m
[20:57] [0m[33;1m[Clan] Byron :[0m The Queen of Hearts has reset.[0m
[20:57] [0mAl flaps : for an ftouch i _can_ be[0m
[20:57] [0mJasmine flaps : are you under 12 yrs old?[0m
[20:57] [0mKenny flaps : lemme ftouch your codpiece[0m
[20:57] [0mAl flaps : as a changeling, i can be whatever you want me to be[0m
[20:57] [0mNik flaps : ok pastor Jasmine, time to put the wine down[0m
[20:57] [0mJasmine flaps : priests might touch you then[0m
[20:58] [0mAl flaps : says the warrior-priest[0m
[20:58] [0mAl flaps : jasmine's suffering from a little saber-envy, iykwis[0m
[20:58] [0mAdalius flaps : So... has anybody figured out what all these countries/states on lockdown is[0m
[20:58] [0m                doing to our greenhouse emissions, like are we quarantining for COVID *and*[0m
[20:58] [0m                global warming or...?[0m
[20:59] [0mKitt flaps : saving the planet[0m
[20:59] [0mByron flaps : So...what you're saying is Greta was behind this?[0m
[20:59] [0mAl flaps : R/CovidDidNothingWrong[0m
[20:59] [0mCrankshaft flaps : EU apparently dropped pollution 40% over the past week or so[0m
[20:59] [0mJasmine flaps : quarantined to create a police state under marshall law[0m
[20:59] [0mOmni flaps : I've seen 13 monkey! it doesn't end well[0m
[20:59] [0mAdalius flaps : #PeopleAreTheVirus[0m
[20:59] [0mLeianne flaps : mother earth strikes back. bring in covid 19 and solved earth air pollution[0m
[20:59] [0m                issues[0m
[20:59] [0mAl flaps : truth--Smith said it in the first matrix movie[0m
[20:59] [0mCaeli flaps : I know China had a HUGE drop in ait pollution.[0m
[20:59] [0mNik flaps : co2 is fine, its lack of trees that gets ya[0m
[20:59] [0mCrolack flaps : Anyone going to your local March Against Corona on April 1st?[0m
[21:00] [0mAl flaps : i'm good, cro[0m
[21:00] [0mKitt flaps : im marching against the use of booting cows[0m
[21:00] [0mNik flaps : down with cows, up with chickens[0m
[21:01] [0mCaeli flaps : I've been taking my dogs on like 10 walks a day each....[0m
[21:01] [0mJasmine flaps : im marching to the liquor store to get a case of corona[0m
[21:01] [0m[37;1m[JEDI]:[0m H'ssani C'talan arrives at the Academy.[0m
[21:01] [0mKitt flaps : Al hates walks[0m
[21:01] [0mAl flaps : yeah, it makes my underboob sweat[0m
[21:05] [0m[33;1m[Clan] Xaryl :[0m more corpses in[0m
[21:10] [0m[34;1mAsher shouts:[0m It's raining cows, hallelujah, it's raining cows![0m
[21:16] [0m[33;1m[Clan] Byron :[0m The Queen of Hearts has reset.[0m
[21:21] [0m[34;1mFluffy shouts:[0m that's not an altar boy addy, dont try to molest it![0m
[21:23] [0m[33;1m[Clan] Byron :[0m bunch fo corpses in there[0m
[21:23] [0m[33;1m[Clan] Byron :[0m oops[0m
[21:23] [0m[33;1m[Clan] Zorbaine :[0m got em[0m
[21:25] [0mcart saying "You must purify your mind and body before attempting this[0m
[21:25] [0m[34;1mMental shouts:[0m frank, zombies are bugged[0m
[21:26] [0m[34;1mYacoub shouts:[0m I get scared when they kill Rictor[0m
[21:26] [0m[34;1mInix shouts:[0m Aegis seems fine to me.[0m
[21:29] [0m[33;1m[Clan] Byron :[0m anyone know where event portal is?[0m
[21:29] [0m[33;1m[Clan] Ser :[0m e of the n/s road[0m
[21:29] [0m[33;1m[Clan] Byron :[0m thanks[0m
[21:29] [0m[33;1m[Clan] Byron :[0m just found it[0m
[21:29] [0m[33;1m[Clan] Ser :[0m yah sorry not descriptive[0m
[21:30] [0m[33;1m[Clan] Ser :[0m only running in half gear so wanted to get a jump on it cuz i suck ass[0m
[21:30] [0m[37;1m[JEDI]:[0m Ylenic It'kla arrives at the Academy.[0m
[21:34] [0m[34;1mYacoub shouts:[0m I got it! I got it![0m
[21:44] [0m[33;1m[Clan] Ser :[0m seriously i just need to get like 2-3 glevels and my damage will be much better... [0m
[21:44] [0m             since that's what i'm going to be dumping gxp into[0m
[21:44] [0m[33;1m[Clan] Zorbaine :[0m ser for president[0m
[21:44] [0m[33;1m[Clan] Ser :[0m i'm at like <33% right now[0m
[21:44] [0m[33;1m[Clan] Byron :[0m You need 2-3 glvls worth of gxp?[0m
[21:44] [0m[33;1m[Clan] Ser :[0m what[0m
[21:45] [0m[33;1m[Clan] Ser :[0m i need to glevel so i am forced to spend gxp on skills[0m
[21:45] [0m[33;1m[Clan] Ser :[0m i just want 100 :'([0m
[21:45] [0m[33;1m[Clan] Byron :[0m Oh.  Why not focus on dmg stuff now?[0m
[21:45] [0m[33;1m[Clan] Byron :[0m Do you get something from gl 96?  100 is another psiwield?[0m
[21:46] [0m[33;1m[Clan] Ser :[0m 100 is another psiwield yes[0m
[21:46] [0m[33;1m[Clan] Byron :[0m So you have 3 psiwields?[0m
[21:46] [0m[33;1m[Clan] Byron :[0m 4?[0m
[21:46] [0m[33;1m[Clan] Zorbaine :[0m whats that mean? you can wield 3 psiblades or something?[0m
[21:46] [0m[33;1m[Clan] Ser :[0m i have 3, 1 every 25 glvls...  and i want glvls because more glvls = more gxp rate[0m
[21:46] [0m[33;1m[Clan] Byron :[0m gotcha[0m
[21:47] [0m[33;1m[Clan] Byron :[0m max out your rate first[0m
[21:47] [0m[33;1m[Clan] Byron :[0m then after 2 years of combat, you can finally enjoy the game :P[0m
[21:47] [0m[33;1m[Clan] Ser :[0m no i psiwield regular mud weapons[0m
[21:47] [0m[33;1m[Clan] Ser :[0m lol[0m
[21:47] [0m[33;1m[Clan] Ser :[0m basically[0m
[21:47] [0m[33;1m[Clan] Zorbaine :[0m clutch[0m
[21:47] [0m[33;1m[Clan] Ser :[0m 5 glevels mean i gxp 5% faster![0m
[21:47] [0m[33;1m[Clan] Ser :[0m depending on how you do the math of course[0m
[21:48] [0m[33;1m[Clan] Nik :[0m i might need to make a psi one of these days, 5 daggers![0m
[21:49] [0m[33;1m[Clan] Nix :[0m psi-yiyiyiyiyiyi- DCUK[0m
[21:49] [0m[33;1m[Clan] Ser :[0m don't expect to be bs anytime soon[0m
[21:49] [0m[33;1m[Clan] Ser :[0m :P[0m
[21:50] [0m[33;1m[Clan] Zorbaine :[0m i feel like i was gone a year and came back and you had a lvl 135 psi[0m
[21:50] [0m[5m[1m[48;5;124mYour lightsaber begins to flicker and the handle warms![0m[0m                 [0m
[21:50] [0m[33;1m[Clan] Zorbaine :[0m but i guess it was longer than that ;p[0m
[21:51] [0mYour transmuter's stone bursts with 2 new colours![0m
[21:52] [0m[33;1m[Clan] Ser :[0m yah i still suck tho[0m
[21:52] [0m[33;1m[Clan] Zorbaine :[0m agreed[0m
[21:52] [0m[33;1m[Clan] Ser :[0m honestly before i fkin accidentally glevelled too much i was pulling 200mil+/half[0m
[21:52] [0m             easy[0m
[21:52] [0m[33;1m[Clan] Ser :[0m but i reset my skills to get rid of some dumb ones and had enough gxp for extra[0m
[21:52] [0m             glevels and didn't notice[0m
[21:53] [0m[33;1m[Clan] Byron :[0m what's a bsingers superpower?[0m
[21:53] [0m[33;1m[Clan] Zorbaine :[0m afaf[0m
[21:54] [0m[33;1m[Clan] Zorbaine :[0m runes? gems to buff stuff?[0m
[21:54] [0m[33;1m[Clan] Ser :[0m runes for gear afaik[0m
[21:54] [0mVagrant flaps : reset zambies swang by[0m
[21:55] [0mVagrant flaps : swang swang swang[0m
[21:57] [0mKitt flaps : reseted[0m
[21:57] [0mInfected flaps : resetted[0m
[21:57] [0mKitt flaps : i said that[0m
[21:58] [0m[33;1m[Clan] Ser :[0m wrong[0m
[21:58] [0mSer flaps : wrong[0m
[21:58] [0m[33;1m[Clan] Ser :[0m mt[0m
[21:58] [0m[33;1m[Clan] Ser :[0m :P[0m
[21:58] [0mKitt flaps : strong[0m
[21:58] [0mSer flaps : bong[0m
[21:58] [0mKitt flaps : long[0m
[21:58] [0mSer flaps : dong[0m
[21:58] [0mFluffy flaps : duk[0m
[21:59] [0mSer flaps : song prong gong[0m
[22:01] [0m[33;1m[Clan] Ser :[0m anyways i used to pull 200mil+/half now i'm down to a measly 120-140mil[0m
[22:01] [0m[33;1m[Clan] Zorbaine :[0m you could always reset again? ;p[0m
[22:01] [0m[33;1m[Clan] Ser :[0m waste of money[0m
[22:01] [0m[33;1m[Clan] Zorbaine :[0m intersting though... i solo about 280mil/half[0m
[22:03] [0m[33;1m[Clan] Byron :[0m You can't raise skills now to get back to that point?[0m
[22:06] [0m[33;1m[Clan] Zorbaine :[0m xiu and prismal said they don't really have superpowers... just some 'blur'[0m
[22:06] [0m                  skills arond glvl 40 which ups defenses a lot[0m
[22:07] [0m[34;1mKitt shouts:[0m lies[0m
[22:08] [0m[34;1mSpace shouts:[0m cheers[0m
[22:08] [0m[34;1mFluffy shouts:[0m big letters![0m
[22:08] [0m[34;1mVagrant shouts:[0m BIG[0m
[22:08] [0m[34;1mHooligan shouts:[0m wooo[0m
[22:08] [0m[37;1m[JEDI]:[0m Talia Ska arrives at the Academy.[0m
[22:08] [0m[34;1mOmni shouts:[0m huge...[0m
[22:08] [0m[34;1mCapernicus shouts:[0m thanks![0m
[22:11] [0m[33;1m[Clan] Byron :[0m The Queen of Hearts has reset.[0m
[22:21] [0mInix flaps : "Do you know how to do an LP?"  "Yes."  "Do you know how to do 9 LPs and say it was[0m
[22:21] [0m             10?"  *blank stare*[0m
[22:26] [0mKitt flaps : 8inix you do LP[0m
[22:26] [0mInix flaps : [30;1m([34;1m8[30;1m)[0mInix : It is certain[0m
[22:27] [0m[33;1m[Clan] Ser :[0m nice[0m
[22:27] [0m[33;1m[Clan] Ser :[0m i fkin did it[0m
[22:28] [0m[33;1m[Clan] Ser :[0m somehow got positive rad after reforge/matter rearrangement and it doesnt make[0m
[22:28] [0m             sense[0m
[22:28] [0m[33;1m[Clan] Ser :[0m cocoon = ring w/ 22 edged, 22 blunt, 32 ice, 45 acid, 43 poison, 8 radiation[0m
[22:28] [0m[33;1m[Clan] Ser :[0m i think i broke it[0m
[22:29] [0m[33;1m[Clan] Byron :[0m laf[0m
[22:29] [0m[33;1m[Clan] Byron :[0m nice[0m
[22:29] [0m[33;1m[Clan] Byron :[0m can you only do that 1x/boot?[0m
[22:29] [0m[33;1m[Clan] Ser :[0m nod[0m
[22:29] [0m[37;1m[JEDI]:[0m Rhaan arrives at the Academy.[0m
[22:30] [0m[33;1m[Clan] Ser :[0m reforged loads, matter rearranged to bplate (while embiggened), smeared, enhanced,[0m
[22:30] [0m             then transmuted[0m
[22:31] [0m[33;1m[Clan] Ser :[0m a little overkill for a ring i think[0m
[22:32] [0m[33;1m[Clan] Ser :[0m but now i can wear cmc when it comes around[0m
[22:32] [0m[33;1m[Clan] Ser :[0m :P[0m
[22:32] [0m[33;1m[Clan] Ser :[0m speaking of, can i dupe shield now[0m
[22:32] [0m[33;1m[Clan] Ser :[0m after i finish checking pb--  nvm still 4h on it[0m
[22:32] [0m[33;1m[Clan] Ser :[0m sigh[0m
[22:32] [0m[33;1m[Clan] Byron :[0m 10 mins when event ends[0m
[22:33] [0m[33;1m[Clan] Ser :[0m i think i might be able to on sock[0m
[22:33] [0m[33;1m[Clan] Ser :[0m give me 5 mins and i'll check, otw it'll have to be tomorrow[0m
[22:34] [0m[33;1m[Clan] Ser :[0m full set on refresh, nice luck[0m
[22:37] [0m[33;1m[Clan] Sock :[0m ffs it'll be tomorrow[0m
[22:41] [0m[34;1mSock shouts:[0m what was that[0m
[22:41] [0m[33;1m[Clan] Byron :[0m huh[0m
[22:42] [0m[33;1m[Clan] Sock :[0m was hoping someone would say who knows[0m
[22:42] [0m[33;1m[Clan] Sock :[0m also my 2 dupes are on cd[0m
[22:42] [0m[33;1m[Clan] Sock :[0m so[0m
[22:43] [0m[33;1m[Clan] Sock :[0m obviously i need someone to power level my elemental[0m
[22:43] [0m[33;1m[Clan] Sock :[0m c'mon byron you owe me at least 3 hours of xp[0m
[22:44] [0m[33;1m[Clan] Byron :[0m ss[0m
[22:44] [0m[33;1m[Clan] Nik :[0m i owe you a few years![0m
[22:44] [0m[33;1m[Clan] Sock :[0m i dont have any dupes[0m
[22:44] [0m[33;1m[Clan] Byron :[0m oh[0m
[22:45] [0m[33;1m[Clan] Sock :[0m necros aren't tanks :P[0m
[22:45] [0m[33;1m[Clan] Sock :[0m i guess i could hit behind your jugger[0m
[22:45] [0m[33;1m[Clan] Sock :[0m next time you fk w/ him[0m
[22:51] [0mYour transmuter's stone bursts with 3 new colours![0m
[22:52] [0m[33;1m[Clan] Sock :[0m well i guess w/ enough corpses you can tank whatever so nvm[0m
[22:52] [0m[33;1m[Clan] Sock :[0m pardon my ignorance[0m
[22:58] [0m[33;1m[Clan] Nik :[0m ooo, my jugg would love dmg![0m
[22:58] [0m[33;1m[Clan] Nik :[0m haha but necro would get you xp quicker, id defly be game tho[0m
[22:58] [0m[33;1m[Clan] Nik :[0m gxp gnome or priest, xp necro, ??? sii[0m
[22:59] [0m[37;1m[JEDI]:[0m Herah Wylann arrives at the Academy.[0m
[23:00] [0m[33;1m[Clan] Xaryl :[0m does Sii have harmonize?[0m
[23:00] [0m[33;1m[Clan] Nik :[0m yessss[0m
[23:00] [0m[33;1m[Clan] Xaryl :[0m woot![0m
[23:00] [0m[33;1m[Clan] Nik :[0m lemme know if you wanna roll the dice![0m
[23:00] [0m[33;1m[Clan] Xaryl :[0m I mind Auro Shard is sick!![0m
[23:01] [0m[33;1m[Clan] Nik :[0m thatd be a sweeeet roll[0m
[23:01] [0m[33;1m[Clan] Nik :[0m lemme kill this zombie n then we meat?[0m
[23:01] [0m[33;1m[Clan] Xaryl :[0m I already varied my Vorpal[0m
[23:01] [0m[33;1m[Clan] Nik :[0m ahh haha[0m
[23:01] [0m[33;1m[Clan] Xaryl :[0m would hate for you to quit out just to try[0m
[23:02] [0m[33;1m[Clan] Nik :[0m no dog, forgot floaties, not much holdin me back![0m
[23:02] [0m[33;1m[Clan] Xaryl :[0m you did not drink finger potion?[0m
[23:02] [0m[33;1m[Clan] Nik :[0m haha totes forgot[0m
[23:03] [0m[33;1m[Clan] Nik :[0m woosh, out the window[0m
[23:06] [0m[33;1m[Clan] Void leaves the game.[0m  [0m
[23:13] [Clan] Dartholiver enters the game.  [0m
[23:36] [0m[Clan] Roor leaves the game.  [0m
