- = LOG STARTED [00:00] = -
[00:01] [0m[33;1m[Clan] Sock :[0m i dont wanna wake up tomorrow[0m
[00:01] [0m[33;1m[Clan] Sock :[0m err go to work[0m
[00:02] [0m[33;1m[Clan] Sock :[0m supposed to say early in there[0m
[00:13] [0m[33;1m[Clan] Byron :[0m The Queen of Hearts has reset.[0m
[00:17] [0m[37;1m[JEDI]:[0m Tobias Kel'ach'nar arrives at the Academy.[0m
[00:32] [0m[34;1mMotivation shouts:[0m woo Thadar[0m
[00:32] [0m[34;1mThadar shouts:[0m where!?[0m
[00:34] [0m[33;1m[Clan] Ser :[0m hmm maybe i should max dex next, seems to help a lot w/ tanking[0m
[00:34] [0m[33;1m[Clan] Ser :[0m like a lot a lot[0m
[00:34] [0mVagrant flaps : reseeting zambies swan by[0m
[00:34] [0m[34;1mMotivation shouts:[0m dunno I saw you hit 105[0m
[00:34] [0mVagrant flaps : SWANG[0m
[00:34] [0m[33;1m[Clan] Ser :[0m ehh nahh, wis it is, i can always sacrifice int for dex[0m
[00:36] [0m[33;1m[Clan] Byron :[0m The Queen of Hearts has reset.[0m
[00:40] [0mVagrant flaps : resetted[0m
[00:42] [0mYour transmuter's stone bursts with 5 new colours![0m
[00:50] [0m[37;1m[JEDI]:[0m Wennic Ber'ni'lok arrives at the Academy.[0m
[00:52] [0m[33;1m[Clan] Byron :[0m The Queen of Hearts has reset.[0m
[01:04] [0m[33;1m[Clan] Byron :[0m who wants cocoon[0m
[01:07] [0m[33;1m[Clan] Byron :[0m The Queen of Hearts has reset.[0m
[01:09] [0m[35;1mMichael [Jedi(20)]:[0m so uh anyone able to clear that super stack someone left on aegis2?  This is[0m
[01:09] [0m                    getting crazy heh[0m
[01:10] [0m[35;1mLicklick [Jedi(55)]:[0m how big?[0m
[01:10] [0m[35;1mMichael [Jedi(20)]:[0m like 3 or 4 sentries and some zombies[0m
[01:11] [0m[33;1m[Clan] Bruce :[0m i do i do i do i do[0m
[01:15] [0m[33;1m[Clan] Byron :[0m The Queen of Hearts has reset.[0m
[01:19] [0m[37;1m[JEDI]:[0m Reena Bel Noir arrives at the Academy.[0m
[01:23] [0m[35;1mLicklick [Jedi(55)]:[0m ever need help again right here(most of the time)[0m
[01:24] [0m[33;1m[Clan] Byron :[0m +2 exotic roh[0m
[01:24] [0m[33;1m[Clan] Byron :[0m in box[0m
[01:24] [0m[35;1mMichael [Jedi(20)]:[0m Thanks! People have left messes like 4 times today[0m
[01:24] [0m[35;1mMichael [Jedi(20)]:[0m figure at 30 with fdef none of them will be an issue[0m
[01:24] [0m[33;1m[Clan] Byron :[0m The Queen of Hearts has reset.[0m
[01:25] [0m[35;1mLicklick [Jedi(55)]:[0m 1-2 million might take a deflect 2 or 3 but that dont take long after 1[0m
[01:26] [0m[35;1mMichael [Jedi(20)]:[0m well those levels top out like 180k[0m
[01:26] [0m[35;1mMichael [Jedi(20)]:[0m the first ones[0m
[01:26] [0m[35;1mMichael [Jedi(20)]:[0m but yeah after that going down[0m
[01:28] [0m[35;1mLicklick [Jedi(55)]:[0m shouldnt take long to take on the lvl 2 but if theres anymore messes one of[0m
[01:28] [0m                     us should be able to help[0m
[01:40] [0mVagrant flaps : gimmie all ur epic gearz[0m
[01:42] [0mYour transmuter's stone bursts with 3 new colours![0m
[01:49] [0m[37;1m[JEDI]:[0m Herah Wylann arrives at the Academy.[0m
[02:05] [0mInfectious flaps : resett swamgib swang by[0m
[02:06] [0m[34;1mInfectious shouts:[0m come get ur zambie resets![0m
[02:06] [0mInfectious flaps : come now![0m
[02:06] [0mInfectious flaps : zambies need you[0m
[02:08] [0mLeianne flaps : err... still haven't recovered from my earlier zambie run.. Need more gems or my[0m
[02:08] [0m                zombie run won't have good exp rate :([0m
[02:08] [0mVoodoo flaps : remove pants[0m
[02:08] [0mInfectious flaps : ^[0m
[02:09] [0mLeianne flaps : heh.. not wearing greaves :p[0m
[02:09] [0mSpace flaps : i dont wear pants! jeans or shorts ftw (90% time shorts)[0m
[02:09] [0mInfectious flaps : resettsed[0m
[02:09] [0mNik flaps : how bout jean short shorts?[0m
[02:09] [0mVoodoo flaps : yoga pants or seatless chaps are the only exceptions[0m
[02:10] [0mSpace flaps : not in my case not since......college[0m
[02:10] [0mLeianne flaps : zombie sees you and chant: yumm... sausage[0m
[02:10] [0mVagrant flaps : you already dominate on massxp leianne, no need to get effienct now, just come[0m
[02:10] [0m                join the zambie fun next time :)[0m
[02:10] [0mVagrant flaps : zammmmmmmmmbies[0m
[02:10] [0mVagrant flaps : kill kill kill[0m
[02:10] [0mSpace flaps : @Leianne you mean Nik? cos not me, and only Golems consider vaggy boy lunch![0m
[02:11] [0mVagrant flaps : nerf golems[0m
[02:11] [0mVagrant flaps : or ug necros pls[0m
[02:12] [0mSpace flaps : seriously! freakin golems kill vaggy, just walking in hell I die, just[0m
[02:12] [0m              walking!?!?! we need UG for surez[0m
[02:13] [0mLeianne flaps : I died to golems last boot too.. just can't be sure I won't die every time[0m
[02:13] [0m                fighting zell 130[0m
[02:14] [0mLeianne flaps : that's why I still haven't trade in my (resurrect. I adv that just for zelligar[0m
[02:16] [0mBaramore flaps : first world problems?[0m
[02:16] [0mVagrant flaps : fifth world![0m
[02:17] [0mSpace flaps : come now leianne at 800m/hr, 50m is like 3.75 minutes worth of work to wipe[0m
[02:17] [0m              deathloss :p[0m
[02:18] [0mLeianne flaps : must be some random special.. 6000+ hp and next round dead and panic triggered[0m
[02:19] [0mSpace flaps : psst, little known fact, mobs can crit too ;)[0m
[02:19] [0mLeianne flaps : I have server panic trigger to get gem from vortex, and react to release soul.[0m
[02:19] [0m                Didn't help when get blicked by Zell[0m
[02:19] [0mSpace flaps : also there is a formula for ac applied, on the board something like every round it[0m
[02:19] [0m              rolls the dice, you get 10% to 100% ac applied to you[0m
[02:20] [0mSpace flaps : so even if you have 991 resists (cap) you may only get 99 applied, which is silly[0m
[02:20] [0mCarthage flaps : eye slot shot sucka[0m
[02:21] [0mLeianne flaps : wow. thanks for the info. You guys know a lot.. I just know I kept getting[0m
[02:21] [0m                killed and still wanting to go back every boot :p[0m
[02:21] [0mSpace flaps : carthage nah thats mob critting the eye shot :p[0m
[02:21] [0mSpace flaps : this ac calculation/roll is just silly bit of wizard magic[0m
[02:22] [0mLeianne flaps : Before TH upgraded mental, the highest scaler I could kill was around 92/93..[0m
[02:22] [0m                didn't die as much back then.. Prefer to die now compared to old mental[0m
[02:24] [0mLeianne flaps : ohh.. Now I remember previously I won't die at scaler 92 as I could kill him[0m
[02:24] [0m                before immortality ran out. Now I usually have like 40% left without immortality[0m
[02:25] [0m[37;1m[JEDI]:[0m Talia Ska arrives at the Academy.[0m
[02:42] [0mYour transmuter's stone bursts with 5 new colours![0m
[02:51] [0m<- ! The Vigilant ! -> :  A destabilization Kayos event has been detected in Deserts of Fantasy![0m
[02:51] [0m                          We are localizing it now - get ready![0m
[02:57] [0m[35;1mLicklick [Jedi(55)]:[0m so close to next glvl and next fdef lvl[0m
[02:57] [0m[35;1mMichael [Jedi(20)]:[0m Same![0m
[02:57] [0m[35;1mMichael [Jedi(20)]:[0m but yours is a bigger deal :)[0m
[02:58] [0m[37;1m[JEDI]:[0m Kerran Halcyon arrives at the Academy.[0m
[02:58] [0m[35;1mLicklick [Jedi(55)]:[0m its 2 am right now and the glvl and fdef cant wait[0m
[02:58] [0m[37;1mDin <.oO>:[0m woot[0m
[03:00] [0m[35;1mMichael [Jedi(20)]:[0m woo[0m
[03:09] [0m[35;1mMichael [Jedi(21)]:[0m anyone available to teach me dodge and lightsaber combat?[0m
[03:27] [0m[37;1m[JEDI]:[0m H'ssani C'talan arrives at the Academy.[0m
[03:29] [0m[33;1m[Clan] Nik :[0m anyone want a hoelerin sword?[0m
[03:44] [0mEli flaps : D stands for dinner[0m
[03:56] [0m[37;1m[JEDI]:[0m Ylenic It'kla arrives at the Academy.[0m
[04:00] [0m[34;1mJasmine shouts:[0m DIRTY FILTHY MEMORY![0m
[04:31] [0m[37;1m[JEDI]:[0m Bithoff Jonansaan arrives at the Academy.[0m
[04:36] [0mLeianne flaps : haha.. Legendary Potion of Experience.. Haven't seen this for quite a long time[0m
[04:36] [0m                since TH fixed the double potions[0m
[09:25] [0m[35;1mMichael [Jedi(21)]:[0m If you think nobody cares if you're alive, try missing a couple of car[0m
[09:25] [0m                    payments.[0m
[09:26] [0m[37;1m[JEDI]:[0m Durnoth arrives at the Academy.[0m
[09:30] [0m[35;1mAl [Jedi(20)]:[0m did someone say full set?[0m
[09:30] [0m[35;1mAl [Jedi(20)]:[0m i thought it was just a bplate[0m
[09:31] [0m[35;1mMichael [Jedi(21)]:[0m Yeah Adalius said it's gonna get updates like the other trads. I like the[0m
[09:31] [0m                    theme a lot.[0m
[09:33] [0m[35;1mAl [Jedi(20)]:[0m but full set, or just a bplate?[0m
[09:33] [0m[35;1mWert [Jedi(51)]:[0m info forge[0m
[09:33] [0m[35;1mMichael [Jedi(21)]:[0m there are 10 pieces[0m
[09:33] [0m[35;1mAl [Jedi(20)]:[0m ah[0m
[09:33] [0m[35;1mMichael [Jedi(21)]:[0m breastplate and greaves were the first ones I got[0m
[09:38] [0m[35;1mAl [Jedi(20)]:[0m nog[0m
[09:38] [0m[35;1mAl [Jedi(20)]:[0m back in my day, i don't think this was the case--but i don't remember, tbh[0m
[09:38] [0m[34;1mNauda shouts:[0m UNO[0m
[09:39] [0mGargoyle <cgame>: Nik has joined the game.[0m
[09:40] [0mChopin <cgame>: where did this fetish come from ??[0m
[09:40] [0mSquirrel <cgame>: Omigosh we're all gonna die![0m
[09:40] [0mTuba <cgame>: cult join[0m
[09:40] [0mTuba <cgame>: i gave it to you, just a fun game :)[0m
[09:41] [0mGargoyle <cgame>: Chopin has joined the game.[0m
[09:41] [0mHooligan flaps : any sii out there want artifact?[0m
[09:41] [0mTuba <cgame>: it is similar to werewolf/mafia if you've ever played those[0m
[09:41] [0mNik <cgame>: or a salem witch trial[0m
[09:41] [0mTuba <cgame>: basically we get a group of 7 (or more) of us together then start a game and try[0m
[09:41] [0m              to figure out who the cultists are before they kill the village[0m
[09:42] [0mNik <cgame>: its almost always Tuba[0m
[09:42] [0mTuba <cgame>: one cultist if only 7 players[0m
[09:42] [0mSquirrel <cgame>: Aa is cult[0m
[09:42] [0mTuba <cgame>: ignore everything nik says and you'll do fine[0m
[09:42] [0mNik <cgame>: see, tricksy![0m
[09:42] [0mGargoyle <cgame>: Voodoo has joined the game.[0m
[09:42] [0mGargoyle <cgame>: Wiener has joined the game.[0m
[09:43] [0mChopin <cgame>: Don't let my afk-ness slow you down[0m
[09:43] [0mTuba <cgame>: people are usually afk in the game anyway, we work around it[0m
[09:43] [0mGargoyle <cgame>: The game begins![0m
[09:43] [0mGargoyle <cgame>: An evil cult is hidden amongst the villagers of Screamburgh.  The village is[0m
[09:43] [0m                  sleeping peacefully one night as the cult emerges....  It is now night time. [0m
[09:43] [0m                  Role players, please enter your actions.[0m
[09:43] [0mTuba <cgame>: the usual preferred options for starting a game are cult startgame -v -n -? -h -t[0m
[09:43] [0m              2[0m
[09:44] [0mGargoyle <cgame>: One more minute left for role players to enter night actions.[0m
[09:44] [0m[33;1m[Clan] Bruce :[0m anyone got a dupable vorpal, sol, redaxe? :D[0m
[09:45] [0mGargoyle <cgame>: Time's up!  The sun is rising.[0m
[09:45] [0mGargoyle <cgame>: No one was murdered by the cultists tonight.[0m
[09:45] [0mGargoyle <cgame>: It is now daytime.  It is time to convict someone.[0m
[09:45] [0mNik <cgame>: if you dont start it right Jas usually aborts it[0m
[09:45] [0mTuba <cgame>: that makes the game have a super vigilante (arrows each night), it hides the[0m
[09:45] [0m              roles, randomizes them, starts the game at night 1 instead of day, and sets the[0m
[09:45] [0m              timer to 2 mins (the shortest option)[0m
[09:45] [0mNik <cgame>: but theyll abort anything[0m
[09:45] [0mGargoyle <cgame>: Tuba votes to convict Eagleeyes.[0m
[09:46] [0mTuba <cgame>: idle is reason, i'm green[0m
[09:46] [0mNik <cgame>: is 2 the shortest?[0m
[09:46] [0mNik <cgame>: i thought we could do speed cult at 1[0m
[09:46] [0mChopin <cgame>: vote[0m
[09:46] [0mTuba <cgame>: yes, i'd like 1 as an option[0m
[09:46] [0mChopin <cgame>: oops[0m
[09:46] [0mGargoyle <cgame>: One more minute left to finish voting.  The villager with the most votes[0m
[09:46] [0m                  against in a minute will be convicted.  Ties will be broken randomly.[0m
[09:46] [0mTuba <cgame>: cult accuse (person)[0m
[09:46] [0mGargoyle <cgame>: Chopin votes to convict Tuba.[0m
[09:46] [0mGargoyle <cgame>: Nik votes to convict Tuba.[0m
[09:46] [0mTuba <cgame>: hey now, i'm the good guy![0m
[09:46] [0mNik <cgame>: Chopin gets it[0m
[09:46] [0mChopin <cgame>: that's not what they told me[0m
[09:47] [0mTuba <cgame>: lol, this is no good, now there are two of them![0m
[09:47] [0mGargoyle <cgame>: Squirrel votes to convict Tuba.[0m
[09:47] [0mGargoyle <cgame>: Eagleeyes has been booted from the game by Tuba.[0m
[09:47] [0mGargoyle <cgame>: Time's up!  The sun is setting.[0m
[09:47] [0mGargoyle <cgame>: Tuba, you have been convicted of participation in a murderous evil cult.  May[0m
[09:47] [0m                  the gods have mercy on your soul.[0m
[09:47] [0mGargoyle <cgame>: The village mob seizes Tuba and hurls him off a cliff.  As his broken body[0m
[09:47] [0m                  becomes still at the bottom, he is revealed to be the angel![0m
[09:47] [0mGargoyle <cgame>: It is now nighttime.  Role players, make your moves.[0m
[09:47] [0mTuba <cgame>: okay it wasn't eagleeyes, also, tuba is clear[0m
[09:47] [0mNik <cgame>: cult murder voodoo[0m
[09:47] [0mChopin <cgame>: lol.  That's a harsh way to find out[0m
[09:47] [0mTuba <cgame>: just call me angel, of the morning.. baby![0m
[09:48] [0mNik <cgame>: sometimes you gotta break a couple tubas to get to the bottom of it[0m
[09:48] [0mTuba <cgame>: now that song is stuck in your head, you're welcome[0m
[09:48] [0mGargoyle <cgame>: One more minute left for role players to enter night actions.[0m
[09:49] [0mGargoyle <cgame>: Time's up!  The sun is rising.[0m
[09:49] [0mGargoyle <cgame>: No one was murdered by the cultists tonight.[0m
[09:49] [0mGargoyle <cgame>: It is now daytime.  It is time to convict someone.[0m
[09:49] [0mGargoyle <cgame>: Nik votes to convict Wiener.[0m
[09:49] [0mGargoyle <cgame>: Nik has removed his vote for Wiener.[0m
[09:49] [0mGargoyle <cgame>: Chopin votes to convict Wiener.[0m
[09:49] [0mWiener <cgame>: Nope[0m
[09:50] [0mChopin <cgame>: just because I have no idea what I'm doing[0m
[09:50] [0mNik <cgame>: perfect, just like salem[0m
[09:50] [0mGargoyle <cgame>: One more minute left to finish voting.  The villager with the most votes[0m
[09:50] [0m                  against in a minute will be convicted.  Ties will be broken randomly.[0m
[09:50] [0mVoodoo <cgame>: wiener is bloo[0m
[09:50] [0mGargoyle <cgame>: Voodoo votes to convict Squirrel.[0m
[09:50] [0mGargoyle <cgame>: Nik votes to convict Voodoo.[0m
[09:50] [0mSquirrel <cgame>: innocent[0m
[09:50] [0mGargoyle <cgame>: Wiener votes to convict Nik.[0m
[09:50] [0mGargoyle <cgame>: Squirrel votes to convict Voodoo.[0m
[09:51] [0mGargoyle <cgame>: Nik has removed his vote for Voodoo.[0m
[09:51] [0mNik <cgame>: thats not how you appease fate![0m
[09:51] [0mSquirrel <cgame>: angel is dead,if I was cult so would you[0m
[09:51] [0mGargoyle <cgame>: Time's up!  The sun is setting.[0m
[09:51] [0mGargoyle <cgame>: Wiener, you have been convicted of participation in a murderous evil cult. [0m
[09:51] [0m                  May the gods have mercy on your soul.[0m
[09:51] [0mGargoyle <cgame>: Wiener is led to the scaffold... as his feet twitch and the breath is squeezed[0m
[09:51] [0m                  out of his body, he is revealed to be an innocent![0m
[09:51] [0mGargoyle <cgame>: It is now nighttime.  Role players, make your moves.[0m
[09:52] [0mNik <cgame>: cult takeout voodoo[0m
[09:52] [0mGargoyle <cgame>: One more minute left for role players to enter night actions.[0m
[09:52] [0mChopin <cgame>: oo[0m
[09:52] [0mGargoyle <cgame>: Squirrel, an innocent, vanished into the night!  There are signs of a[0m
[09:52] [0m                  struggle.  The cult has struck again.[0m
[09:52] [0mGargoyle <cgame>: It is now daytime.  It is time to convict someone.[0m
[09:52] [0m[37;1m[JEDI]:[0m Alyssa K'tal arrives at the Academy.[0m
[09:52] [0mVoodoo <cgame>: squirrel is blue[0m
[09:52] [0mSquirrel <cgame>: :([0m
[09:53] [0mGargoyle <cgame>: Chopin votes to convict Nik.[0m
[09:53] [0mNik <cgame>: after all i helped?[0m
[09:53] [0mGargoyle <cgame>: Voodoo votes to convict Nik.[0m
[09:53] [0mGargoyle <cgame>: Nik, you have been convicted of participation in a murderous evil cult.  May[0m
[09:53] [0m                  the gods have mercy on your soul.[0m
[09:53] [0mGargoyle <cgame>: The village mob grabs Nik and drags him to the headsman.  The terrible axe[0m
[09:53] [0m                  falls.  As Nik's headless body twitches, he is revealed to be an innocent![0m
[09:53] [0mGargoyle <cgame>: The cultists come out of hiding and murder everyone!  The cultists win the[0m
[09:53] [0m                  game.[0m
[09:53] [0mGargoyle <cgame>: The remaining roles were: Cultists: Chopin. Seer: Voodoo. [0m
[09:53] [0mChopin <cgame>: you did?[0m
[09:53] [0mNik <cgame>: im shocked i say, shocked[0m
[09:53] [0mVoodoo <cgame>: woo![0m
[09:53] [0mGargoyle <cgame>: Nik has joined the game.[0m
[09:53] [0mGargoyle <cgame>: Voodoo has joined the game.[0m
[09:53] [0mChopin <cgame>: woo.. won my first game[0m
[09:53] [0mGargoyle <cgame>: Whoknows has joined the game.[0m
[09:58] [0mGargoyle <cgame>: Squirrel has joined the game.[0m
[10:00] [0mGargoyle <cgame>: Tuba has joined the game.[0m
[10:03] [0mChopin <Craft>: Is there a way to get this to autostash components?[0m
[10:03] [0mSquirrel <Craft>: you need a satchel[0m
[10:03] [0mVasha <Craft>: stash all?[0m
[10:04] [0mChopin <Craft>: I have a satchel[0m
[10:04] [0mChopin <Craft>: I'll add a stashall to my looting commands[0m
[10:04] [0mSimonz <Craft>: should be automagic for drops from mobs and mining[0m
[10:05] [0mChopin <Craft>: Hmm.. ok.. Maybe it's me[0m
[10:05] [0mSimonz <Craft>: try 'craftrecover'[0m
[10:05] [0mStasis <Craft>: unless it's full[0m
[10:05] [0mChopin <Craft>: Only 1 thing in it.  Thanks simonz, I'll try the recover[0m
[10:06] [0mWiener <Craft>: And you need to be tanking, if you're using a golem/summon/doggie it'll just[0m
[10:06] [0m                drop to the ground[0m
[10:06] [0mWiener <Craft>: So yea, you might need to do a bit more client side to compensate in that case[0m
[10:06] [0m                (I have in my little alts)[0m
[10:07] [0mChopin <Craft>: ah, that's it then.  Thanks Wiener[0m
[10:07] [0mChopin <Craft>: I can't tank about 24k or so[0m
[10:23] [0m[37;1m[JEDI]:[0m Kerran Halcyon arrives at the Academy.[0m
[10:55] [0m[37;1m[JEDI]:[0m Bithoff Jonansaan arrives at the Academy.[0m
[10:57] [0m[33;1m[Clan] Byron :[0m The Queen of Hearts has reset.[0m
[11:02] [0m[35;1mLicklick [Jedi(56)]:[0m new bk but i think i can do 5 million[0m
[11:02] [0m[35;1mMichael [Jedi(21)]:[0m thats awesome[0m
[11:02] [0m[35;1mSimonz [Jedi(Knight)]:[0m nice arch, heh[0m
[11:03] [0m[35;1mLicklick [Jedi(56)]:[0m my arch says 22 million but since its an npc does that mean i cant kill him[0m
[11:03] [0m[35;1mSimonz [Jedi(Knight)]:[0m basically[0m
[11:07] [0m[35;1mSimonz [Jedi(Knight)]:[0m androids are mean, heh[0m
[11:07] [0m[35;1mLicklick [Jedi(56)]:[0m thats BS i was at 1300 hp and i just die[0m
[11:07] [0m[35;1mSaim [Jedi(Elder)]:[0m thats how it happens in jedi[0m
[11:12] [0m[35;1mSaim [Jedi(Elder)]:[0m if you kill fondon... just dont be surprised if you find you can no long use[0m
[11:12] [0m                    the shop, talk on coms, or even possibly gxp for the rest of boot[0m
[11:12] [0m[35;1mMichael [Jedi(21)]:[0m is that mechanic when force deflect fails?[0m
[11:13] [0m[35;1mLicklick [Jedi(56)]:[0m so fondon doesnt just respawn[0m
[11:14] [0m[35;1mMichael [Jedi(21)]:[0m he does, but his death special nerfs your gob[0m
[11:15] [0m[35;1mSaim [Jedi(Elder)]:[0m i mean even thematically, what do you think will happen if you, a light[0m
[11:15] [0m                    jedi, kill the most beloved trainer of the jedi[0m
[11:15] [0m[35;1mSaim [Jedi(Elder)]:[0m prob even worse if a darksider did something evil like that[0m
[11:15] [0m[35;1mMichael [Jedi(21)]:[0m a sith would get mad props[0m
[11:15] [0m[35;1mMichael [Jedi(21)]:[0m and then be hunted down[0m
[11:16] [0m[35;1mLicklick [Jedi(56)]:[0m so you could technically kill all the trainers[0m
[11:16] [0m[35;1mSaim [Jedi(Elder)]:[0m yea, might not even want that particular darkside jedi to set foot in the[0m
[11:16] [0m                    temple anymore, seeing their penchant for voilance[0m
[11:17] [0m[35;1mSaim [Jedi(Elder)]:[0m i think so yea, but then like i said...bad thing will have to happen[0m
[11:17] [0m[35;1mSaim [Jedi(Elder)]:[0m you guys have Adalius as guild wiz...just remember that ;P[0m
[11:19] [0m[35;1mSaim [Jedi(Elder)]:[0m also if one of the guild trainers go missing, im looking at you licklick[0m
[11:20] [0m[35;1mMichael [Jedi(21)]:[0m He knows the powah[0m
[11:20] [0m[35;1mLicklick [Jedi(56)]:[0m yeah like i could tank one of them[0m
[11:20] [0m[35;1mMichael [Jedi(21)]:[0m I gotta find a gxp area that isn't everyone over level 100's corpse[0m
[11:20] [0m                    collection depot[0m
[11:20] [0m[35;1mSaim [Jedi(Elder)]:[0m soon as you can do dungeons, youll be ok[0m
[11:21] [0m[35;1mSaim [Jedi(Elder)]:[0m what size mobs u need?[0m
[11:21] [0m[35;1mSimonz [Jedi(Knight)]:[0m try mahjong?[0m
[11:21] [0m[35;1mMichael [Jedi(21)]:[0m I need 80-100k. preferably without specials. CAn't do scaler 54 zels or[0m
[11:21] [0m                    chess yet[0m
[11:21] [0m[35;1mMichael [Jedi(21)]:[0m I clear mahjong pretty fast, but I can do it[0m
[11:21] [0m[35;1mWert [Jedi(51)]:[0m letters maybe?[0m
[11:22] [0m[35;1mMichael [Jedi(21)]:[0m I'll try and hit em both[0m
[11:22] [0m[35;1mSimonz [Jedi(Knight)]:[0m nod, abc is probably good[0m
[11:22] [0m[35;1mLicklick [Jedi(56)]:[0m do you have saber?[0m
[11:22] [0m[35;1mSaim [Jedi(Elder)]:[0m cowville[0m
[11:22] [0m[35;1mMichael [Jedi(21)]:[0m I got a saber[0m
[11:23] [0m[35;1mLicklick [Jedi(56)]:[0m flurry is like the second best mode so i like it:) just use it[0m
[11:23] [0m[35;1mMichael [Jedi(21)]:[0m does it really do damage?[0m
[11:23] [0m[35;1mSimonz [Jedi(Knight)]:[0m flurry?  if you train it high enough I guess[0m
[11:23] [0m[35;1mLicklick [Jedi(56)]:[0m oh yeah mahjong should be a godd place to gxp with it[0m
[11:24] [0m[35;1mLicklick [Jedi(56)]:[0m i use both equally[0m
[11:24] [0m[37;1m[JEDI]:[0m Reena Bel Noir arrives at the Academy.[0m
[11:24] [0m[35;1mLicklick [Jedi(56)]:[0m | Lightsaber      -  royal blue  -   Chg:  70%  Mast: 8 [G: 7][F: 7]      [0m
[11:24] [0m                     |[0m
[11:24] [0m[35;1mSimonz [Jedi(Knight)]:[0m oh yeah, if you're gxping and you want to slow it down a bit, you can[0m
[11:24] [0m                       always use flurry on your saber.  or pick up a staff or daggers and use[0m
[11:24] [0m                       those too[0m
[11:25] [0m[35;1mSimonz [Jedi(Knight)]:[0m if you're trying to catch up to your scalers you're not really concerned[0m
[11:25] [0m                       about the xp rate anyways[0m
[11:26] [0m[35;1mMichael [Jedi(21)]:[0m a Jens in flurry... that ust sunds gxp abusey with the lsc hit lol[0m
[11:26] [0m[33;1m[Clan] Byron :[0m The Queen of Hearts has reset.[0m
[11:27] [0m[35;1mLicklick [Jedi(56)]:[0m inquisitor only really used flurry and he didnt get a really high level but[0m
[11:27] [0m                     could could still kill big[0m
[16:33] [0mYour transmuter's stone bursts with 6 new colours![0m
[16:34] [0m[37;1m[JEDI]:[0m Alyssa K'tal arrives at the Academy.[0m
[16:40] [0m[34;1mSimonz shouts:[0m Beloch buries more than most[0m
[16:44] [0m[34;1mTex shouts:[0m i think the firebat kills more than beloch[0m
[16:50] [0m[33;1m[Clan] Martyr :[0m are they really arguing which mob has the highest body count and not mentioning[0m
[16:50] [0m                uk?[0m
[16:51] [0m[33;1m[Clan] Martyr :[0m well not arguing[0m
[16:52] [0m[32mSimonz says:[0m  that was a refresh[0m
[16:52] [0m Tier Power                : Enrg Cooldn CooldR +Tier[0m
[16:52] [0m ---- -------------------- : ---- ------ ------ -----[0m
[16:52] [0m  0/5 [33;1mdestroy              :   35   6.6D   6.6D  7.5B [0m[0m
[16:52] [0m  0/5 [33;1mdivine insight       :   25   1.9D   1.9D  3.5B [0m[0m
[16:52] [0m  0/6 [33;1mduplicate creature   :   25   4.8h   4.8h  3.0B [0m[0m
[16:52] [0m  0/6 [33;1mduplicate item       :   35   6.6D   6.6D  4.0B [0m[0m
[16:52] [0m  6/6 [36;1membiggen             :   22   8.5h    RDY       [0m[0m
[16:52] [0m  0/7 [33;1menergy well          :   55   1.9h   1.9h  1.5B [0m[0m
[16:52] [0m  0/6 [33;1menlarge              :    8    57m    57m  2.0B [0m[0m
[16:52] [0m  0/5 [33;1mfarsight             :    9   1.9h   1.9h  2.8B [0m[0m
[16:52] [0m  0/6 [33;1mfry                  :   25   4.8h   4.8h  2.0B [0m[0m
[16:52] [0m  0/6 [33;1mhasten               :    5     9m     9m  3.5B [0m[0m
[16:52] [0m  0/5 [33;1mheal                 :   25    57m    57m  2.5B [0m[0m
[16:52] [0m  3/5 [32;1mheightened awareness :   75   6.6D   2.0D 11.5B [0m[0m
[16:52] [0m  0/5 [33;1mimmortality          :   20  13.3D  13.3D  3.5B [0m[0m
[16:52] [0m  0/5 [33;1mpick pocket          :   25   6.6D   6.6D  5.0B [0m[0m
[16:52] [0m  0/5 [33;1mprotection           :   25  11.4h  11.4h  2.5B [0m[0m
[16:52] [0m  0/7 [33;1mquicken              :   35    19m    19m  1.5B [0m[0m
[16:52] [0m  0/6 [33;1mredact               :   55  22.8h  22.8h  9.0B [0m[0m
[16:52] [0m  0/4 [33;1mrefresh area         :   75   6.6D   6.6D  5.5B [0m[0m
[16:52] [0m  0/4 [33;1mrefresh item         :   50  22.8h  22.8h  1.0B [0m[0m
[16:52] [0m  1/4 [32;1mrefresh room         :   15  19.0h   1.4h  7.1B [0m[0m
[16:52] [0m  0/2 [33;1mreload item          :   50  1.0xB     --  5.0B [0m[0m
[16:52] [0m  2/3 [32;1mreset dungeon        :   15   1.9D  20.9h  6.4B [0m[0m
[16:52] [0m  0/5 [33;1mresurrect            :   35  2.0xB     --  2.2B [0m[0m
[16:52] [0m  0/5 [33;1mshred                :   15  11.4h  11.4h  1.5B [0m[0m
[16:52] [0m  0/7 [33;1msummon               :   55  22.8h  22.8h  5.8B [0m[0m
[16:52] [0m  0/7 [33;1mteleport             :   45  22.8h  22.8h  5.2B [0m[0m
[16:52] [0m  0/3 [33;1munload room          :   50   3.8D   3.8D  8.0B [0m[0m
[16:58] [0m[35;1mMichael [Jedi(22)]:[0m who is our one darksider online right now?[0m
[16:58] [0m[35;1mMichael [Jedi(22)]:[0m ahh jasmine[0m
[17:01] [0m[33;1m[Clan] Roken :[0m need 2 pots and 1 roh :/  refresh in 1 hour[0m
[17:03] [0m[33;1m[Clan] Saim :[0m i have 0 pots[0m
[17:03] [0m[33;1m[Clan] Roken :[0m grabbing rings rn[0m
[17:03] [0m[33;1m[Clan] Xaryl :[0m we can help if you wanted to do some Belochs[0m
[17:03] [0m[33;1m[Clan] Saim :[0m i can tank if we have xar[0m
[17:04] [0m[37;1m[JEDI]:[0m Herah Wylann arrives at the Academy.[0m
[17:04] [0m[33;1m[Clan] Saim :[0m ill go pull[0m
[17:04] [0m[33;1m[Clan] Ipsie :[0m can hit. no refreshes up/don't need any pots myself.[0m
[17:06] [0m[33;1m[Clan] Xaryl :[0m you coming Roken?[0m
[17:06] [0m[33;1m[Clan] Roken :[0m 60% on qoh[0m
[17:07] [0m[33;1m[Clan] Xaryl :[0m nod[0m
[17:07] [0m[33;1m[Clan] Roken :[0m You must wait 1 hour 12 minutes 40 seconds to use that ability.[0m
[17:07] [0m[33;1m[Clan] Martyr :[0m I could use some pots[0m
[17:07] [0m[33;1m[Clan] Martyr :[0m Will come down in a sec[0m
[17:07] [0m[33;1m[Clan] Roken :[0m refresh isn't up yet, but if you dont care....[0m
[17:07] [0m[33;1m[Clan] Martyr :[0m I got slides[0m
[17:07] [0m[33;1m[Clan] Martyr :[0m And a refresh[0m
[17:08] [0m[33;1m[Clan] Martyr :[0m rally me and mako?[0m
[17:13] [0m[33;1m[Clan] Roken :[0m en route[0m
[17:13] [0mXaryl whispers a prayer and points at Beloch.[0m
[17:14] [0mXaryl whispers a prayer and points at Beloch.[0m
[17:14] [0m[32mArchangel says:[0m 1 lives down![0m
[17:14] [0m[32mMartyr says:[0m BELOCH LIFE 2[0m
[17:15] [0mXaryl whispers a prayer and points at Beloch.[0m
[17:16] [0m[32mMartyr says:[0m BELOCH LIFE 3[0m
[17:16] [0m[32mArchangel says:[0m 2 lives down![0m
[17:16] [0mXaryl whispers a prayer and points at Beloch.[0m
[17:17] [0mXaryl whispers a prayer and points at Beloch.[0m
[17:17] [0mXaryl whispers a prayer and points at Beloch.[0m
[17:18] [0m[33;1m[Clan] Martyr :[0m cassist +everyone[0m
[17:18] [0m[33;1m[Clan] Martyr :[0m laf[0m
[17:18] [0mXaryl whispers a prayer and points at Beloch.[0m
[17:18] [0m[33;1m[Clan] Martyr :[0m This functionality has been disabled due to abuse by Grinch.[0m
[17:18] [0m[33;1m[Clan] Xaryl :[0m laugh[0m
[17:19] [0m[32mArchangel says:[0m 1 lives down![0m
[17:19] [0m[32mMartyr says:[0m BELOCH LIFE 2[0m
[17:19] [0m[33;1m[Clan] Knox :[0m lol[0m
[17:19] [0mXaryl whispers a prayer and points at Beloch.[0m
[17:20] [0mXaryl whispers a prayer and points at Beloch.[0m
[17:20] [0m[32mArchangel says:[0m 2 lives down![0m
[17:20] [0m[32mMartyr says:[0m BELOCH LIFE 3[0m
[17:21] [0mXaryl whispers a prayer and points at Beloch.[0m
[17:21] [0m[32mXaryl says:[0m Most powerful Selene... Grant me the power of your[0m
[17:21] [0m            divine blessing, so we may destroy your enemies![0m
[17:21] [0mXaryl whispers a prayer and points at Beloch.[0m
[17:22] [0m[32mAka says:[0m rallyme[0m
[17:23] [0m[32mXaryl says:[0m Most powerful Selene... Grant our disciple, Aka the[0m
[17:23] [0m            power of your divine blessing, so we may destroy your[0m
[17:23] [0m            enemies![0m
[17:24] [0mXaryl whispers a prayer and points at Beloch.[0m
[17:25] [0mXaryl whispers a prayer and points at Beloch.[0m
[17:25] [0m[32mArchangel says:[0m 1 lives down![0m
[17:25] [0m[32mMartyr says:[0m BELOCH LIFE 2[0m
[17:26] [0mXaryl whispers a prayer and points at Beloch.[0m
[17:27] [0mXaryl whispers a prayer and points at Beloch.[0m
[17:27] [0m[32mArchangel says:[0m 2 lives down![0m
[17:27] [0m[32mMartyr says:[0m BELOCH LIFE 3[0m
[17:28] [0mXaryl whispers a prayer and points at Beloch.[0m
[17:29] [0mXaryl whispers a prayer and points at Beloch.[0m
[17:30] [0mXaryl whispers a prayer and points at Beloch.[0m
[17:30] [0m[32mMartyr says:[0m BELOCH LIFE 2[0m
[17:30] [0m[32mArchangel says:[0m 1 lives down![0m
[17:30] [0mXaryl whispers a prayer and points at Beloch.[0m
[17:31] [0mXaryl whispers a prayer and points at Beloch.[0m
[17:32] [0m[32mArchangel says:[0m 2 lives down![0m
[17:32] [0m[32mMartyr says:[0m BELOCH LIFE 3[0m
[17:32] [0mXaryl whispers a prayer and points at Beloch.[0m
[17:33] [0mXaryl whispers a prayer and points at Beloch.[0m
[17:33] [0mYour transmuter's stone bursts with 5 new colours![0m
[17:34] [0m[32mYou say:[0m  four pots[0m
[17:36] [0m[32mXaryl says:[0m Most powerful Selene... Grant our disciple, Roken the[0m
[17:36] [0m            power of your divine blessing, so we may destroy your[0m
[17:36] [0m            enemies![0m
[17:36] [0m[33;1m[PARTY][0m Roken joins the party.[0m
[17:36] [0m[33;1m[PARTY][0m Xaryl: how many more roken?[0m
[17:37] [0m[33;1m[PARTY][0m Roken: 1 .. idk if that last one was mine[0m
[17:37] [0m[33;1m[PARTY][0m Saim: me tanking?[0m
[17:37] [0m[33;1m[PARTY][0m Xaryl: it was[0m
[17:37] [0m[37;1m[JEDI]:[0m H'ssani C'talan arrives at the Academy.[0m
[17:37] [0m[33;1m[PARTY][0m Xaryl: I can tank now[0m
[17:37] [0m[33;1m[PARTY][0m Saim: kk[0m
[17:37] [0m[33;1m[PARTY][0m Xaryl: refresh roken?[0m
[17:37] [0m[33;1m[PARTY][0m Saim: im fine fyi[0m
[17:37] [0m[33;1m[Clan] Roken :[0m 1 more needed[0m
[17:37] [0m[33;1m[PARTY][0m Saim: if its easier[0m
[17:37] [0m[33;1m[PARTY][0m Xaryl: sure, more GXO for me[0m
[17:37] [0m[33;1m[PARTY][0m Archangel: I will refresh[0m
[17:38] [0mXaryl whispers a prayer and points at Beloch.[0m
[17:38] [0m[33;1m[Clan] Roken :[0m woo woo grand defense[0m
[17:39] [0mXaryl whispers a prayer and points at Beloch.[0m
[17:39] [0m[32mArchangel says:[0m 1 lives down![0m
[17:39] [0m[32mMartyr says:[0m BELOCH LIFE 2[0m
[17:39] [0mXaryl whispers a prayer and points at Beloch.[0m
[17:39] [0m[33;1m[PARTY][0m Saim: **<<< - REFORGE UP - >>>**[0m
[17:39] [0m[33;1m[PARTY][0m Roken: 40 minutes for rfresh[0m
[17:40] [0mXaryl whispers a prayer and points at Beloch.[0m
[17:40] [0m[32mMartyr says:[0m BELOCH LIFE 3[0m
[17:40] [0m[32mArchangel says:[0m 2 lives down![0m
[17:41] [0mXaryl whispers a prayer and points at Beloch.[0m
[17:41] [0mXaryl whispers a prayer and points at Beloch.[0m
[17:42] [0m[33;1m[PARTY][0m Xaryl: grab roken[0m
[17:42] [0m[33;1m[PARTY][0m Xaryl: any more?[0m
[17:42] [0m[35;1mOlorin [Jedi(67)]:[0m next time buy more cells :p[0m
[17:42] [0m[33;1m[PARTY][0m Saim: im good[0m
[17:43] [0m[33;1m[PARTY][0m Xaryl: martyr?[0m
[17:43] [0m[33;1m[PARTY][0m Saim: you guys rock[0m
[17:43] [0m[33;1m[PARTY][0m Roken: im superb[0m
[17:43] [0m[33;1m[Clan] Roken :[0m extra roh in cbox[0m
[17:43] [0m[33;1m[PARTY][0m Saim: we all good?[0m
[17:43] [0m[33;1m[PARTY][0m Martyr: i got a slide[0m
[17:43] [0m[33;1m[PARTY][0m Xaryl: you need potion?[0m
[17:44] [0m[33;1m[PARTY][0m Martyr: ya[0m
[17:44] [0m[33;1m[PARTY][0m Martyr: need 2[0m
[17:44] [0m[33;1m[PARTY][0m Martyr: err 3[0m
[17:44] [0m[33;1m[PARTY][0m Xaryl: still healing Saim[0m
[17:44] [0mXaryl whispers a prayer and points at Beloch.[0m
[17:44] [0m[33;1m[PARTY][0m Martyr: dont wait for me though[0m
[17:44] [0m[33;1m[PARTY][0m Martyr: pretty distracted atm[0m
[17:45] [0mXaryl whispers a prayer and points at Beloch.[0m
[17:45] [0m[32mArchangel says:[0m 1 lives down![0m
[17:45] [0m[32mMartyr says:[0m BELOCH LIFE 2[0m
[17:45] [0m[35;1mMichael [Jedi(22)]:[0m always a good time[0m
[17:45] [0mXaryl whispers a prayer and points at Beloch.[0m
[17:46] [0m[32mArchangel says:[0m 2 lives down![0m
[17:46] [0m[32mMartyr says:[0m BELOCH LIFE 3[0m
[17:46] [0mXaryl whispers a prayer and points at Beloch.[0m
[17:46] [0m[33;1m[PARTY][0m Xaryl: we only need to get your potions[0m
[17:47] [0mXaryl whispers a prayer and points at Beloch.[0m
[17:47] [0m[33;1m[PARTY][0m Saim: again?[0m
[17:47] [0m[33;1m[PARTY][0m Xaryl: let me refresh[0m
[17:48] [0m[33;1m[PARTY][0m Roken: going fast :)[0m
[17:48] [0m[33;1m[PARTY][0m Xaryl: go saim[0m
[17:49] [0mXaryl whispers a prayer and points at Beloch.[0m
[17:50] [0mXaryl whispers a prayer and points at Beloch.[0m
[17:50] [0m[32mArchangel says:[0m 1 lives down![0m
[17:50] [0m[32mMartyr says:[0m BELOCH LIFE 2[0m
[17:51] [0mXaryl whispers a prayer and points at Beloch.[0m
[17:51] [0m[32mArchangel says:[0m 2 lives down![0m
[17:51] [0m[32mMartyr says:[0m BELOCH LIFE 3[0m
[17:51] [0mXaryl whispers a prayer and points at Beloch.[0m
[17:51] [0m[32mXaryl says:[0m Most powerful Selene... Grant me the power of your[0m
[17:51] [0m            divine blessing, so we may destroy your enemies![0m
[17:52] [0mXaryl whispers a prayer and points at Beloch.[0m
[17:53] [0m[33;1m[PARTY][0m Xaryl: I will refresh for his last potion[0m
[17:54] [0m[33;1m[PARTY][0m Saim: kk[0m
[17:54] [0m Tier Power                : Enrg Cooldn CooldR +Tier[0m
[17:54] [0m ---- -------------------- : ---- ------ ------ -----[0m
[17:54] [0m  0/5 [33;1mdestroy              :   35   6.6D   6.6D  7.5B [0m[0m
[17:54] [0m  0/5 [33;1mdivine insight       :   25   1.9D   1.9D  3.5B [0m[0m
[17:54] [0m  0/6 [33;1mduplicate creature   :   25   4.8h   4.8h  3.0B [0m[0m
[17:54] [0m  0/6 [33;1mduplicate item       :   35   6.6D   6.6D  4.0B [0m[0m
[17:54] [0m  6/6 [36;1membiggen             :   22   8.5h   7.7h       [0m[0m
[17:54] [0m  0/7 [33;1menergy well          :   55   1.9h   1.9h  1.5B [0m[0m
[17:54] [0m  0/6 [33;1menlarge              :    8    57m    57m  2.0B [0m[0m
[17:54] [0m  0/5 [33;1mfarsight             :    9   1.9h   1.9h  2.8B [0m[0m
[17:54] [0m  0/6 [33;1mfry                  :   25   4.8h   4.8h  2.0B [0m[0m
[17:54] [0m  0/6 [33;1mhasten               :    5     9m     9m  3.5B [0m[0m
[17:54] [0m  0/5 [33;1mheal                 :   25    57m    57m  2.5B [0m[0m
[17:54] [0m  3/5 [32;1mheightened awareness :   75   6.6D   2.0D 11.5B [0m[0m
[17:54] [0m  0/5 [33;1mimmortality          :   20  13.3D  13.3D  3.5B [0m[0m
[17:54] [0m  0/5 [33;1mpick pocket          :   25   6.6D   6.6D  5.0B [0m[0m
[17:54] [0m  0/5 [33;1mprotection           :   25  11.4h  11.4h  2.5B [0m[0m
[17:54] [0m  0/7 [33;1mquicken              :   35    19m    19m  1.5B [0m[0m
[17:54] [0m  0/6 [33;1mredact               :   55  22.8h  22.8h  9.0B [0m[0m
[17:54] [0m  0/4 [33;1mrefresh area         :   75   6.6D   6.6D  5.5B [0m[0m
[17:54] [0m  0/4 [33;1mrefresh item         :   50  22.8h  22.8h  1.0B [0m[0m
[17:54] [0m  1/4 [32;1mrefresh room         :   15  19.0h    25m  7.1B [0m[0m
[17:54] [0m  0/2 [33;1mreload item          :   50  1.0xB     --  5.0B [0m[0m
[17:54] [0m  2/3 [32;1mreset dungeon        :   15   1.9D  19.9h  6.4B [0m[0m
[17:54] [0m  0/5 [33;1mresurrect            :   35  2.0xB     --  2.2B [0m[0m
[17:54] [0m  0/5 [33;1mshred                :   15  11.4h  11.4h  1.5B [0m[0m
[17:54] [0m  0/7 [33;1msummon               :   55  22.8h  22.8h  5.8B [0m[0m
[17:54] [0m  0/7 [33;1mteleport             :   45  22.8h  22.8h  5.2B [0m[0m
[17:54] [0m  0/3 [33;1munload room          :   50   3.8D   3.8D  8.0B [0m[0m
[17:54] [0mXaryl whispers a prayer and points at Beloch.[0m
[17:55] [0mXaryl whispers a prayer and points at Beloch.[0m
[17:55] [0m[32mArchangel says:[0m 1 lives down![0m
[17:55] [0m[32mMartyr says:[0m BELOCH LIFE 2[0m
[17:56] [0mXaryl whispers a prayer and points at Beloch.[0m
[17:56] [0m[32mArchangel says:[0m 2 lives down![0m
[17:56] [0m[32mMartyr says:[0m BELOCH LIFE 3[0m
[17:57] [0mXaryl whispers a prayer and points at Beloch.[0m
[17:57] [0mXaryl whispers a prayer and points at Beloch.[0m
[17:58] [0m[33;1m[PARTY][0m Xaryl: we are all good, right?[0m
[17:58] [0m[33;1m[PARTY][0m Knox: i think so ? :)[0m
[17:58] [0m[33;1m[PARTY][0m Roken: thumbs up[0m
[17:58] [0m[33;1m[PARTY][0m Xaryl: thanks for the run![0m
[17:58] [0m[33;1m[PARTY][0m Knox has quit the party.[0m
[17:58] [0m[33;1m[PARTY][0m Roken has quit the party.[0m
[18:02] [0m[32mYou tell Simonz:[0m achieved 'superb' defense[0m
[18:02] [0m[32mSimonz tells you:[0m nice[0m
[18:03] [0m[37;1m[JEDI]:[0m Alyssa K'tal arrives at the Academy.[0m
[18:03] [0m[32mSimonz tells you:[0m that's where I'm at as well, I need to try and make a dtaco run to get some[0m
[18:03] [0m        smears and then reforge stuff for more smd[0m
[18:04] [0m[32mYou tell Simonz:[0m what's your max?[0m
[18:06] [0m[32mSimonz tells you:[0m I've never gone above Ultimate[0m
[18:07] [0m[33;1m[Clan] Xaryl :[0m corpses in[0m
[18:23] [0m[35;1mDroz [Jedi(28)]:[0m Yay, I can get the second worst Zelligar's Headband[0m
[18:23] [0m[35;1mSimonz [Jedi(Knight)]:[0m lol[0m
[18:24] [0m<- ! The Vigilant ! -> :  A destabilization Kayos event has been detected in Deserts of Fantasy![0m
[18:24] [0m                          We are localizing it now - get ready![0m
[18:26] [0m[32mSimonz tells you:[0m up for doing the event at scaler 130?  it's a cakewalk, it just takes[0m
[18:26] [0m        forever[0m
[18:27] [0m[32mYou tell Simonz:[0m heh why not[0m
[18:27] [0m[32mSimonz tells you:[0m ok, I'll holler when I find it[0m
[18:29] [0m[35;1mSimonz [Jedi(Knight)]:[0m woot![0m
[18:30] [0m[35;1mAl [Jedi(22)]:[0m doh, no ri this go round[0m
[18:30] [0m[32mSimonz tells you:[0m xaxis 2w,3s[0m
[18:32] [0m[32;1mFrom afar, Simonz nudges you.[0m[0m
[18:32] [0m[32mYou tell Simonz:[0m 40m boss... are you sure about solo-ing?[0m
[18:32] [0m[32mSimonz tells you:[0m yeah, he was easy[0m
[18:33] [0m[32mSimonz tells you:[0m he was smaller than 36m, because he doesn't show up on my kills list above[0m
[18:33] [0m        all the zombies[0m
[18:33] [0m[33;1m[PARTY][0m Roken joins the party.[0m
[18:33] [0mYour transmuter's stone bursts with 2 new colours![0m
[18:34] [0m[33;1m[PARTY][0m Roken: refresh in 20 hrs :([0m
[18:34] [0m[33;1m[PARTY][0m Simonz: heh[0m
[18:34] [0m[33;1m[PARTY][0m Roken: reset dungeon[0m
[18:34] [0m[33;1m[PARTY][0m Roken: event is what i waste it on[0m
[18:34] [0m[33;1m[PARTY][0m Simonz: my refresh is in 3hrs, dungeon reset in 3 days[0m
[18:35] [0m[33;1m[Clan] Mako enters the game.[0m  [0m
[18:35] [0m[33;1m[Clan] Mako :[0m what's up peasants[0m
[18:35] [0m[33;1m[PARTY][0m Simonz: I'm saving up to max the reset dungeon now, should only[0m
[18:35] [0m        take a couple of days[0m
[18:35] [0m[33;1m[PARTY][0m Roken: oh nice you maxed refresh[0m
[18:35] [0m[33;1m[PARTY][0m Simonz: yup, totally worth it too[0m
[18:35] [0m[33;1m[PARTY][0m Simonz: turn off corpse trigger[0m
[18:36] [0m[33;1m[PARTY][0m Roken: nod[0m
[18:36] [0m[33;1m[PARTY][0m Simonz: it'll mess with my setup that gets the keys[0m
[18:36] [0m[33;1m[Clan] Archangel :[0m Event portal: desert portal/6w/s electrifying[0m
[18:36] [0mArchangel flaps : Event portal: desert portal/6w/s electrifying[0m
[18:36] [0m[33;1m[Clan] Roken :[0m or xaxis/2w/3s[0m
[18:36] [0mSimonz flaps : or xaxis 2w/3s if you like those dirs better[0m
[18:36] [0m[33;1m[Clan] Archangel :[0m Tomatoh-Tomahto[0m
[18:37] [0mSimonz flaps : still electrifying though[0m
[18:37] [0m[33;1m[Clan] Roken :[0m if only i spent time away from grinding xp... hm portaling would be nice[0m
[18:37] [0mBaramore flaps : From desert portal makes more sense. :)[0m
[18:37] [0mSimonz flaps : I agree, but people mostly seem to give dirs from xaxis for some reason[0m
[18:38] [0m[32mYou tell Simonz:[0m for hm portal peeps it makes sense[0m
[18:38] [0mOmni flaps : don't touch me, cause I'm electric, and if you touch me, you get[0m
[18:38] [0m             shockedshockedshocked[0m
[18:38] [0mPdog flaps : not me, i give dirs from desert portal[0m
[18:38] [0mPdog flaps : xaxis people are crazy if you ask me[0m
[18:39] [0mOmni flaps : spiderskin duuuude, staffofsunmoonsect![0m
[18:39] [0mSimonz flaps : it's not just the heat, it's the humidity[0m
[18:39] [0mPdog flaps : nod... culty weirdos[0m
[18:39] [0m[37;1m[JEDI]:[0m Wennic Ber'ni'lok arrives at the Academy.[0m
[18:39] [0m[33;1m[PARTY][0m Roken: erad 9 bb![0m
[18:40] [0mOmni flaps : some mage, doing whacky golems again. what is it with evil mages and golem minions?[0m
[18:40] [0m             I mean, one trick pony[0m
[18:40] [0m[33;1m[PARTY][0m Simonz: 15k from erad 10[0m
[18:40] [0mChopin flaps : meat shields[0m
[18:40] [0m[33;1m[Clan] Mako :[0m it's just a grind in there tbh[0m
[18:40] [0m[33;1m[Clan] Mako :[0m this whole game is a grind nowadays[0m
[18:40] [0m[33;1m[PARTY][0m Roken: nice! :) 499.9k from erad 10 haha[0m
[18:41] [0m[33;1m[PARTY][0m Simonz: feels like I've been working on this one forever heh[0m
[18:41] [0m[33;1m[PARTY][0m Simonz: yeah, this is a lot better, takes half the time[0m
[18:41] [0m[33;1m[PARTY][0m Simonz: did it this morning just to see how it went and it took 2+[0m
[18:41] [0m        hrs[0m
[18:41] [0m[33;1m[PARTY][0m Roken: also heard recently having erad lowers the grind a bit[0m
[18:41] [0m[33;1m[PARTY][0m Simonz: +11 con was nice though[0m
[18:42] [0m[33;1m[PARTY][0m Simonz: yeah, you get eternal xp when it fires I think[0m
[18:42] [0m[33;1m[PARTY][0m Roken: nod[0m
[18:42] [0m[33;1m[PARTY][0m Simonz: so yeah, hopefully tomorrow, otherwise thursday[0m
[18:43] [0m[33;1m[PARTY][0m Roken: afk a bit... i want to oven bake bacon without a cooling[0m
[18:43] [0m       rack ugh... i need kitchen things[0m
[18:43] [0m[33;1m[PARTY][0m Simonz: kinda want to dump some xp into continuity[0m
[18:43] [0m[33;1m[PARTY][0m Simonz: heh[0m
[18:43] [0m[33;1m[PARTY][0m Roken: continuity worth it.. i'm at 5[0m
[18:43] [0m[33;1m[PARTY][0m Simonz: oh nice![0m
[18:44] [0m[33;1m[PARTY][0m Roken: embiggen every 8.5 hours and refresh at 19hrs[0m
[18:44] [0m[33;1m[PARTY][0m Roken: reset dungeon 1.9 days[0m
[18:44] [0m[33;1m[PARTY][0m Simonz: yeah, that sounds handy[0m
[18:44] [0m[33;1m[PARTY][0m Simonz: i've just got erad and 2 levels in immunity right now[0m
[18:45] [0m[33;1m[PARTY][0m Roken: after we discussed immunity .... i'm turn off from it[0m
[18:45] [0m       until fdef is 21[0m
[18:45] [0m[33;1m[Clan] Archangel :[0m Sorry, can't hear you over all this grinding noise I'm making.[0m
[18:45] [0m[33;1m[PARTY][0m Roken: afk now[0m
[18:45] [0m[33;1m[PARTY][0m Simonz: yeah, I thought about it some more and decided that I like[0m
[18:45] [0m        having free rounds to heal in case it gets dicey[0m
[18:52] [0m[33;1m[PARTY][0m Roken: weird.. i didnt attack on last mob[0m
[18:53] [0m[33;1m[PARTY][0m Simonz: that is weird[0m
[18:54] [0m[33;1m[PARTY][0m Roken: Last Kill Rounds:  338  Last Kill:           A demon[0m
[18:54] [0m       soldier [electrifying rampaging engaging][0m
[18:55] [0m[33;1m[PARTY][0m Roken: wish monk had last kill rounds[0m
[18:55] [0mCaeli flaps : YAY! I decided to quit cigarettes today and everybody around my area trying to[0m
[18:55] [0m              work my last nerve.[0m
[18:56] [0m[32;1mFrom afar, you go 'Woo Woo!' at Caeli.[0m[0m
[18:57] [0mZor flaps : That's great You quit smoking! it's not good for Your health[0m
[18:58] [0mWhoknows flaps : we all gotta die sometime.. smoke, dont smoke, make it your choice.[0m
[18:58] [0mWhoknows flaps : we all gotta die sometime.. smoke, dont smoke, make it your choice.[0m
[18:59] [0mZor flaps : smoking will make You die sooner![0m
[18:59] [0mCaeli flaps : I'm just over 12 hours in.[0m
[19:00] [0m[33;1m[PARTY][0m Simonz: 338 rounds??[0m
[19:01] [0mWhoknows flaps : smoking crap that big tobacco pushes to the masses probably.  however, plenty[0m
[19:01] [0m                 of people who smoke tobacco have lived long lives[0m
[19:01] [0mCaeli flaps : I scrubbed my kitchen top to bottom and cleaned the fridge out.[0m
[19:02] [0m[33;1m[PARTY][0m Simonz: do you have 3 extra fingers yet?[0m
[19:02] [0m[33;1m[PARTY][0m Simonz: or just 2?[0m
[19:03] [0m[33;1m[PARTY][0m Roken: have all fingers[0m
[19:03] [0m[33;1m[PARTY][0m Simonz: need an extra roh?[0m
[19:03] [0m[33;1m[PARTY][0m Roken: 4 roh and 1 ring of magical deflection[0m
[19:06] [0mCaeli flaps : I'm just worried because two neighbors are pissy with each other and I don't want[0m
[19:06] [0m              to get involved and one of them keeps trying to....[0m
[19:08] [0m[33;1m[PARTY][0m Roken: describing this game as DnD close?[0m
[19:09] [0m[33;1m[PARTY][0m Roken: oven should be close to heating up... going to prep bacon[0m
[19:10] [0m[33;1m[PARTY][0m Simonz: yes, automated dnd[0m
[19:10] [0m[33;1m[PARTY][0m Simonz: with less roleplaying[0m
[19:10] [0mCaeli flaps : Trying to chill out by looking at teacup and saucer sets.... Wedgewood has one for[0m
[19:10] [0m              $975!!!!!!!![0m
[19:10] [0m[37;1m[JEDI]:[0m Herah Wylann arrives at the Academy.[0m
[19:13] [0m[33;1m[Clan] Martyr :[0m thanks for the finger pots[0m
[19:13] [0m[33;1m[Clan] Xaryl :[0m would have gotten for Makos if we knew who he was....[0m
[19:13] [0m[33;1m[Clan] Martyr :[0m got a bit distracted having a beer w the neighbors[0m
[19:13] [0m[33;1m[Clan] Martyr :[0m fuck mako[0m
[19:13] [0m[33;1m[Clan] Martyr :[0m he's a bum[0m
[19:13] [0m[33;1m[Clan] Mako :[0m i am a free man[0m
[19:13] [0m[33;1m[Clan] Martyr :[0m more like bunker[0m
[19:16] [0m[33;1m[PARTY][0m Simonz: wake up heh, you didn't attack this one either[0m
[19:17] [0mCaeli flaps : I'm kinda looking forward to going thrifting when this thing is over.[0m
[19:18] [0mWhoknows flaps : wtf teacup set for almost 1k?[0m
[19:18] [0mSimonz flaps : I'm hoping that price did not help you chill out, heh[0m
[19:18] [0mZor flaps : is it made out of gold & diamonds?[0m
[19:18] [0mSimonz flaps : why pay 1k when you can get 3k for free?[0m
[19:19] [0mWhoknows flaps : haha[0m
[19:19] [0mWhoknows flaps : haha[0m
[19:19] [0m[33;1m[PARTY][0m Roken: kk[0m
[19:19] [0mCaeli flaps : It did not.  I got some teacup sets in my studio that I paid like 2.50 for. It's[0m
[19:19] [0m              by Wedgewood, I have no idea Zor[0m
[19:19] [0m[33;1m[PARTY][0m Simonz: are you using passist or cassist?[0m
[19:19] [0m[33;1m[PARTY][0m Roken: also dont have a big enough half sheet baking pan[0m
[19:19] [0m[33;1m[PARTY][0m Roken: cassist[0m
[19:19] [0m[33;1m[PARTY][0m Simonz: ok, that's what I use.  weird that it's not always working[0m
[19:19] [0m        on the attack[0m
[19:20] [0m[33;1m[PARTY][0m Roken: large bacon patty hope it cooks thru[0m
[19:21] [0m[33;1m[PARTY][0m Simonz: but yeah, this is a cake walk, we're about to start the[0m
[19:21] [0m        last row and my force sat is 6[0m
[19:21] [0mWhoknows flaps : the queen musta used them once[0m
[19:22] [0m[33;1m[PARTY][0m Simonz: do you have embiggen up?[0m
[19:24] [0m[33;1m[PARTY][0m Roken: no spent it on 1 qoh and beloch party[0m
[19:24] [0m[33;1m[PARTY][0m Simonz: how is your hp so high?[0m
[19:25] [0m[33;1m[PARTY][0m Roken: had xaryl's blessing now gone and have asher's marvel for[0m
[19:25] [0m       1 more hour[0m
[19:25] [0m[33;1m[PARTY][0m Simonz: ahh, ok[0m
[19:25] [0m[33;1m[PARTY][0m Simonz: that marvel thing was cool[0m
[19:26] [0mCaeli flaps : Heh, My sister thinks I'm weird for collecting teacups.[0m
[19:27] [0mGlowie flaps : any Google Genuises out there? Trying to update my name on a google account - its[0m
[19:27] [0m               correct in all the places I can find but recipients are still seeing my[0m
[19:27] [0m               predessor... (almost 2 years ago)[0m
[19:27] [0m[34;1mZor shouts:[0m woooo!!!!!!!!!!!!!!!!!!!!!!!!!!!!!!!!!!!!!!!!!!!!!!![0m
[19:28] [0mPdog flaps : have you tried googling it?[0m
[19:28] [0mGlowie flaps : yes, and ive already checked everything ive found... a[0m
[19:28] [0mGlowie flaps : and all those have been updated, loong ago. but theres omewhere hidden i cant[0m
[19:28] [0m               find.[0m
[19:29] [0mWhoknows flaps : how long ago did u update?[0m
[19:29] [0mSimonz flaps : maybe ask siri[0m
[19:30] [0mGlowie flaps : ive been in this position for almost 2 years and ive updated all of it two years[0m
[19:30] [0m               ago and keep trying to find out why its my predessors name[0m
[19:30] [0mGlowie flaps : also, iphone sucks no siri[0m
[19:30] [0m[34;1mPdog shouts:[0m ONE MORE TO GO[0m
[19:31] [0m[33;1m[PARTY][0m Roken: jeepers creepers i re-assisted again[0m
[19:31] [0mnewb Neworder [monk/124]: anyone know how to get rid of the demon blade?[0m
[19:32] [0mnewb Neworder [monk/124]: and it's not cursed[0m
[19:32] [0mnewb Neworder [monk/124]: and you can't dispose it either[0m
[19:32] [0m[33;1m[PARTY][0m Simonz: i think the boss mobs hit around?  but these ones are[0m
[19:32] [0m        still easy, I didn't even dissipate this morning[0m
[19:33] [0mRoken flaps : it's a joke glowie. we all know siri knows nothing :)[0m
[19:33] [0mRoken flaps : source, have an iphone heh[0m
[19:33] [0m[33;1m[PARTY][0m Simonz: maybe not, maybe it's just if they have the right affix[0m
[19:33] [0mYour transmuter's stone bursts with 5 new colours![0m
[19:34] [0m[33;1m[PARTY][0m Simonz: I've never owned an iphone[0m
[19:34] [0m[33;1m[PARTY][0m Simonz: oh hey, I had an interview today for a job at amazon[0m
[19:34] [0m[33;1m[PARTY][0m Roken: how was it?[0m
[19:35] [0m[33;1m[PARTY][0m Simonz: pretty good I think[0m
[19:35] [0m[33;1m[PARTY][0m Simonz: it's for the support team that handles issues with the[0m
[19:35] [0m        tracking system from when the label gets put on the box[0m
[19:35] [0m        until it goes on the truck for delivery[0m
[19:36] [0m[34;1mNauda shouts:[0m I need a haircut![0m
[19:36] [0m[34;1mWhoknows shouts:[0m i'm about to go picard style[0m
[19:38] [0m[33;1m[PARTY][0m Roken: BAYCON![0m
[19:39] [0m[33;1m[PARTY][0m Roken: huh is that in a fulfillment center?[0m
[19:39] [0m[33;1m[PARTY][0m Simonz: didn't know SF had a Con, but I'm assuming it's been[0m
[19:39] [0m        cancelled?[0m
[19:39] [0m[34;1mZor shouts:[0m woo!!!!!!!!!!!!!!!!!!!!!!!!!!!!!!!!!!!![0m
[19:39] [0m[33;1m[PARTY][0m Simonz: no, it's an office in tempe[0m
[19:43] [0m[37;1m[JEDI]:[0m Rhaan arrives at the Academy.[0m
[19:45] [0m[33;1m[PARTY][0m Roken: must be small offices spread through out. That's great,[0m
[19:45] [0m       hope you'll love it when you get it[0m
[19:45] [0m[33;1m[PARTY][0m Roken: bacon needs more time.. figured the patties would[0m
[19:45] [0m       struggle.[0m
[19:45] [0m[33;1m[PARTY][0m Simonz: yeah, I hope I get it[0m
[19:47] [0m[33;1m[PARTY][0m Roken: wow 1800 e-gxp from our run[0m
[19:47] [0m[33;1m[PARTY][0m Roken: how do both of us grab the stat boosts?[0m
[19:48] [0m[33;1m[PARTY][0m Simonz: everyone can open the briefcase[0m
[19:48] [0m[33;1m[PARTY][0m Simonz: dissipate up, last guy[0m
[19:48] [0m[33;1m[PARTY][0m Roken: ok... i'll do it on attack[0m
[19:49] [0m[33;1m[PARTY][0m Simonz: maybe he doesn't hit around[0m
[19:49] [0m[33;1m[PARTY][0m Roken: dying?[0m
[19:49] [0m[33;1m[PARTY][0m Simonz: I'm fine[0m
[19:49] [0m[33;1m[PARTY][0m Simonz: not even losing any force sat[0m
[19:49] [0m[33;1m[PARTY][0m Simonz: healing like once every 8 rounds or something[0m
[19:51] [0m[33;1m[PARTY][0m Simonz: 35.4m[0m
[19:51] [0m[33;1m[PARTY][0m Simonz: thanks, that's tons faster[0m
[19:52] [0m[33;1m[PARTY][0m Roken: no problem[0m
[19:52] [0m[33;1m[PARTY][0m Roken has quit the party.[0m
[19:52] [0m[32;1mFrom afar, you thank Simonz.[0m[0m
[19:52] [0m[32mYou tell Simonz:[0m gunna try hotel 118[0m
[19:52] [0m[32;1mFrom afar, Simonz nods to you.[0m[0m
[19:53] [0m[32mSimonz tells you:[0m I can do 130 w/o embiggen like this, but I have to stop to htrance pretty[0m
[19:53] [0m        often.  I need a bit more smd[0m
[19:53] [0m[32mYou tell Simonz:[0m baby steps :)[0m
[19:53] [0m[32;1mFrom afar, Simonz grins at you.[0m[0m
[19:55] [0m[33;1m[Clan] Martyr :[0m anyone able to hit on qoh?[0m
[19:56] [0m[33;1m[Clan] Archangel :[0m Still working on event atm.[0m
[19:56] [0m[33;1m[Clan] Martyr :[0m ooo i didnt see event[0m
[19:56] [0m[33;1m[Clan] Archangel :[0m I could look for the beacon after this bunker if you need.[0m
[19:56] [0m[33;1m[Clan] Martyr :[0m nah[0m
[19:56] [0m[33;1m[Clan] Nik :[0m simonz is on her[0m
[19:56] [0m[33;1m[Clan] Martyr :[0m I'm going to run event[0m
[19:56] [0m[33;1m[Clan] Martyr :[0m back to your urchin nemo[0m
[19:57] [0m[33;1m[Clan] Archangel :[0m Looks like we're coming out of event anyway.[0m
[19:59] [0m[33;1m[Clan] Byron :[0m where was the event?[0m
[19:59] [0m[33;1m[Clan] Archangel :[0m Event portal: desert portal/6w/s electrifying[0m
[19:59] [0m[33;1m[Clan] Byron :[0m gracias[0m
[20:00] [0m[33;1m[Clan] Xaryl :[0m need a refresh Nik?[0m
[20:01] [0m[33;1m[Clan] Nik :[0m all good, was just helpin!@[0m
[20:01] [0m[33;1m[Clan] Nik :[0m ty tho :D[0m
[20:02] [0m[33;1m[Clan] Roken :[0m luv simonz wish we had him[0m
[20:04] [0m[33;1m[Clan] Mako :[0m let's put the full court press on him[0m
[20:05] [0m[33;1m[Clan] Mako :[0m i thought about branching out with this char... staying anonymous.. but i like you[0m
[20:05] [0m              derelicts too much[0m
[20:06] [0m[33;1m[Clan] Byron :[0m I love that jolly band of rejects Nightrider strung together[0m
[20:06] [0m[33;1m[Clan] Byron :[0m I wouldn't want to break it up for the world[0m
[20:07] [0m[33;1m[Clan] Mako :[0m laf[0m
[20:07] [0m[32mSimonz tells you:[0m oh hey, you want any of the keys from the event?[0m
[20:07] [0m[32mYou tell Simonz:[0m youre good[0m
[20:08] [0m[32;1mFrom afar, Simonz nods to you.[0m[0m
[20:13] [0m[33;1m[Clan] Byron :[0m The Queen of Hearts has reset.[0m
[20:15] [0m[34;1mJasmine shouts:[0m PLAYCULT! Join now and kill Nik![0m
[20:16] [0m[37;1m[JEDI]:[0m Ylenic It'kla arrives at the Academy.[0m
[20:34] [0mYour transmuter's stone bursts with 3 new colours![0m
[20:40] [0m[34;1mKitt shouts:[0m Forward Mudders! There are Botz Ahead![0m
[20:40] [0m[34;1mSimonz shouts:[0m it's funny how you think those are two different things[0m
[20:41] [0m[34;1mKitt shouts:[0m They dont pay me to think![0m
[20:46] [0m[37;1m[JEDI]:[0m Talia Ska arrives at the Academy.[0m
[20:46] [0m[34;1mJasmine shouts:[0m Quarantine is a mudder's dream come true[0m
[20:50] [0m[33;1m[Clan] Archangel :[0m Anyone interested in an event dungeon reset?[0m
[20:50] [0m[33;1m[Clan] Byron :[0m me[0m
[20:51] [0m[33;1m[Clan] Byron :[0m when are you resetting?[0m
[20:52] [0m[33;1m[Clan] Archangel :[0m Soon[0m
[20:52] [0m[33;1m[Clan] Archangel :[0m Too soon?[0m
[20:52] [0m[33;1m[Clan] Byron :[0m whenever you reset is fine[0m
[20:52] [0m[33;1m[Clan] Byron :[0m i'm not even into bunkers yet[0m
[20:52] [0m[33;1m[Clan] Archangel :[0m Scaler 144 events just don't last as long as they used to.[0m
[20:52] [0m[33;1m[Clan] Byron :[0m so will just reset the battlefield[0m
[20:52] [0m[33;1m[Clan] Byron :[0m more reps[0m
[20:52] [0m[33;1m[Clan] Archangel :[0m We can do a round of zombies until you are all ready.[0m
[20:53] [0m[33;1m[Clan] Byron :[0m That's up to you[0m
[20:53] [0m[33;1m[Clan] Byron :[0m Don't wait for me if you want to run another[0m
[20:53] [0m[33;1m[Clan] Archangel :[0m Plenty of time to do a round of zombies first.[0m
[20:53] [0m[33;1m[Clan] Byron :[0m Gracias[0m
[20:57] [0m[34;1mXiu shouts:[0m wait, there's a quarantine?[0m
[20:57] [0m[34;1mTex shouts:[0m worldwide yes[0m
[21:02] [0m[34;1mNauda shouts:[0m You all idle harder![0m
[21:05] [0mLeianne flaps : haha.. don't see this very frequently nowadays: Legendary Potion of Experience  [0m
[21:05] [0m                100%      inf     1H 59M 22S[0m
[21:05] [0mLeianne flaps : this boot is special :p[0m
[21:06] [0mVagrant flaps : yum[0m
[21:06] [0mLeianne flaps : usually get around 50% or 80%. This one is 100%[0m
[21:07] [0mNauda flaps : I love big number, I can not lie[0m
[21:07] [0m[34;1mNauda shouts:[0m 42[0m
[21:13] [0m[33;1m[Clan] Archangel :[0m Did you guys say that Mystic Bards are viable?[0m
[21:13] [0m[33;1m[Clan] Nix :[0m yea[0m
[21:13] [0m[33;1m[Clan] Nix :[0m that's what i play[0m
[21:13] [0m[33;1m[Clan] Archangel :[0m Do you basically play the same way as a Gallant?[0m
[21:13] [0m[33;1m[Clan] Nix :[0m yeah pretty much[0m
[21:13] [0m[34;1mKitt shouts:[0m They dont pay me to think![0m
[21:13] [0mKitt flaps : oops[0m
[21:14] [0m[33;1m[Clan] Nix :[0m i tank better, doesn't really matter tho at this size, but i do less dmg than a[0m
[21:14] [0m             gallant[0m
[21:14] [0m[33;1m[Clan] Nix :[0m melee isn't as good[0m
[21:14] [0m[33;1m[Clan] Archangel :[0m Hmm[0m
[21:14] [0m[33;1m[Clan] Nix :[0m i'm going to switch one of these boots just to test it out[0m
[21:15] [0m[33;1m[Clan] Archangel :[0m Shame that the guild doesn't allow you to distinguish yourself from other[0m
[21:15] [0m                   guild members.[0m
[21:15] [0m[33;1m[Clan] Nix :[0m was a gallant until gl 88ish so not totally new[0m
[21:15] [0mJasmine flaps : "Stop eating fast food, cook at home and you'll lose weight"........Quarantine[0m
[21:15] [0m                determined that was a lie![0m
[21:15] [0m[33;1m[Clan] Archangel :[0m If it weren't for the forms, I'd say the same thing about Changelings.[0m
[21:17] [0mKitt flaps : "Your Mom told you that Voodoo was your daddy and Vagrant wasn't" .... Quarantine[0m
[21:17] [0m             determaed that was a lie![0m
[21:18] [0mSpace flaps : you mom told me you were dropped on your head a lot a a baby[0m
[21:18] [0m[33;1m[Clan] Archangel :[0m I guess what I mean to say is that Bards need more subguilds.[0m
[21:19] [0m[33;1m[Clan] Byron :[0m maybe...i think the careers should more or less merge at the top end[0m
[21:19] [0m[33;1m[Clan] Byron :[0m like necromancers do[0m
[21:20] [0m[33;1m[Clan] Byron :[0m The Queen of Hearts has reset.[0m
[21:20] [0m[37;1m[JEDI]:[0m Tobias Kel'ach'nar arrives at the Academy.[0m
[21:20] [0mJasmine flaps : Vagrant is the Splenda Daddy! That is when you attempt to be a Sugar Daddy but[0m
[21:20] [0m                do not quite have enough money for it.[0m
[21:20] [0m[33;1m[Clan] Archangel :[0m I like the way knights do it.  Everything is the same, but he subguilds give[0m
[21:20] [0m                   bonuses/penalties to training certain skills.[0m
[21:20] [0mVagrant flaps : hahah indeed![0m
[21:20] [0mSpace flaps : what about corn syrup daddies, which catetogory do they fit into ?[0m
[21:21] [0m[33;1m[Clan] Archangel :[0m Though I've always liked the idea of having to use a skill to train it and[0m
[21:21] [0m                   make it better.[0m
[21:21] [0m[33;1m[Clan] Archangel :[0m The more you use it, the bettter and/or cheaper it gets to use.[0m
[21:21] [0mJasmine flaps : Believe those are redneck's[0m
[21:21] [0mSpace flaps : lol[0m
[21:21] [0mSpace flaps : Jasmine on a roll here[0m
[21:21] [0mAsher flaps : h[0m
[21:21] [0mVagrant flaps : hahahah[0m
[21:22] [0mKitt flaps : hah crap i cant top that[0m
[21:23] [0mJasmine flaps : Sugar Free daddys are the ones that went for smokes and never came back[0m
[21:24] [0mKitt flaps : Thats what you call a one night Voodoo Stand[0m
[21:24] [0m[34;1mVasha shouts:[0m https://www.youtube.com/watch?v=EqSclLcbvCA   SFW, not safe for those last few[0m
[21:24] [0m              brain cells.. ;)[0m
[21:25] [0mJasmine flaps : Only if he makes you use your own cash to get the taxi home.......like he did[0m
[21:25] [0m                with Nik[0m
[21:26] [0m[34;1mSpace shouts:[0m someone left covid 19 on that phone, you need to stop licking everything you see[0m
[21:26] [0m              these days![0m
[21:34] [0mYour transmuter's stone bursts with 6 new colours![0m
[21:36] [0m[34;1mZor shouts:[0m woo!!!!!!!!!!!!!!!!!!!!!!!!!!!!!!!!!!!!!!!![0m
[21:40] [0m[33;1m[Clan] Archangel :[0m Zombies cleared[0m
[21:40] [0m[33;1m[Clan] Archangel :[0m How goes your event, Byron?[0m
[21:42] [0m[33;1m[Clan] Byron :[0m about to enter spaceship[0m
[21:42] [0m[33;1m[Clan] Zorbaine :[0m take some pictures[0m
[21:42] [0m[33;1m[Clan] Archangel :[0m Okie, doing some Rimalkins.[0m
[21:42] [0m[33;1m[Clan] Byron :[0m ty[0m
[21:42] [0m[33;1m[Clan] Byron :[0m much appreciated[0m
[21:44] [0m[35;1mDroz [Jedi(28)]:[0m Woo![0m
[21:44] [0m[35;1mMichael [Jedi(23)]:[0m thanks[0m
[21:46] [0m[32mYou tell Simonz:[0m almost 2hrs in hotel.. 3.2k rounds[0m
[21:48] [0m[37;1m[JEDI]:[0m Reena Bel Noir arrives at the Academy.[0m
[21:50] [0m[32mYou tell Simonz:[0m and done woo avg of 80 rounds per mob[0m
[21:50] [0m[32mYou tell Simonz:[0m and no armour was harmed wth[0m
[21:51] [0m[33;1m[Clan] Roken :[0m reset soon?[0m
[21:52] [0m[32mYou say:[0m who is here?[0m
[21:52] [0m[32mSimonz tells you:[0m you probably have a roh with +maintenance[0m
[21:52] [0m ******************************************************[0m
[21:52] [0m **               Available Skills                   **[0m
[21:52] [0m ******************************************************[0m
[21:53] [0m[32mYou tell Simonz:[0m yes 4/4[0m
[21:53] [0m[32mSimonz tells you:[0m yeah, that's 2x normal, so your stuff won't break very much at all[0m
[21:53] [0m[33;1m[Clan] Byron :[0m im' killing spiff now btw[0m
[21:53] [0m[33;1m[Clan] Archangel :[0m As soon as Byron is finished.[0m
[21:58] [0m[33;1m[Clan] Byron :[0m i'm at entrance[0m
[21:59] [0m[35;1mAdalius [Jedi(WGM)]:[0m Any chance I can coax everyone out of combat for a few minutes?[0m
[21:59] [0m[35;1mMichael [Jedi(23)]:[0m sure[0m
[21:59] [0m[35;1mSimonz [Jedi(Knight)]:[0m sure[0m
[21:59] [0m[35;1mAl [Jedi(22)]:[0m sire[0m
[21:59] [0m[35;1mSimonz [Jedi(Knight)]:[0m no trance/med too?[0m
[21:59] [0m[35;1mDroz [Jedi(28)]:[0m Indeed[0m
[21:59] [0m[35;1mAl [Jedi(22)]:[0m sure sire[0m
[21:59] [0m[35;1mAdalius [Jedi(WGM)]:[0m trance/med is fine, just not attacking[0m
[21:59] [0m[35;1mMichael [Jedi(23)]:[0m done, will wait for the grand master's permission to continue killing[0m
[21:59] [0m                    darksiders[0m
[21:59] [0m[32;1mZorbaine says 'yo'.[0m[0m
[22:00] [0m[35;1mAl [Jedi(22)]:[0m dest em[0m
[22:00] [0m[35;1mSiem [Jedi(71)]:[0m what[0m
[22:00] [0m[35;1mMichael [Jedi(23)]:[0m That'd be funny[0m
[22:00] [0m[35;1mAl [Jedi(22)]:[0m dest siem[0m
[22:00] [0m[35;1mAdalius [Jedi(WGM)]:[0m Waiting for everybody to get outta combat so I can update a core combat[0m
[22:00] [0m                     file[0m
[22:00] [0m[33;1m[Clan] Xaryl :[0m he is on a phone call now[0m
[22:00] [0m[35;1mSiem [Jedi(71)]:[0m oh! sorry[0m
[22:00] [0m[35;1mAdalius [Jedi(WGM)]:[0m Probably not gonna break but.....[0m
[22:00] [0m[35;1mWert [Jedi(52)]:[0m i stopped[0m
[22:00] [0m[32mZorbaine says:[0m can you believe browsers don't offer a way to detect the beginning downpress event of the middle mouse button/wheel?[0m
[22:00] [0m[35;1mAdalius [Jedi(WGM)]:[0m yay[0m
[22:00] [0m[35;1mWert [Jedi(52)]:[0m not reading guild chat sry[0m
[22:00] [0m[35;1mAdalius [Jedi(WGM)]:[0m one left[0m
[22:00] [0m[35;1mWert [Jedi(52)]:[0m big part in better call saul :P[0m
[22:00] [0m[32mByron says:[0m rally me?[0m
[22:01] [0m[35;1mSiem [Jedi(71)]:[0m my chatlog doesn't track guild line[0m
[22:01] [0m[32mByron says:[0m nm[0m
[22:01] [0m[32mByron says:[0m thought you were archi heh[0m
[22:01] [0m[35;1mAdalius [Jedi(WGM)]:[0m Tell your dad to code a better one.[0m
[22:01] [0m[35;1mSiem [Jedi(71)]:[0m thank you simonz :)[0m
[22:01] [0m[35;1mSiem [Jedi(71)]:[0m will do[0m
[22:01] [0m[35;1mSimonz [Jedi(Knight)]:[0m heh[0m
[22:01] [0m[35;1mSimonz [Jedi(Knight)]:[0m the wake soul does wonders[0m
[22:01] [0m[35;1mTorric [Jedi(40)]:[0m What if my mom coded it?[0m
[22:01] [0m[33;1m[Clan] Byron :[0m nog[0m
[22:01] [0m[33;1m[Clan] Byron :[0m I'll hang here w/o banner[0m
[22:01] [0m[33;1m[Clan] Byron :[0m whenever you're all done[0m
[22:01] [0m[35;1mAdalius [Jedi(WGM)]:[0m Thats possible, but I know his dad had a hand in his :P[0m
[22:01] [0m[33;1m[Clan] Byron :[0m ty[0m
[22:01] [0m[33;1m[Clan] Roken :[0m ty[0m
[22:01] [0m[35;1mAdalius [Jedi(WGM)]:[0m Waiting on you Torric, lemme know hwen you're out[0m
[22:01] [0m[35;1mAl [Jedi(22)]:[0m foreach combt round, if player == "siem":gxp=gxp-1;endif[0m
[22:01] [0m[32mYou say:[0m zorbs[0m
[22:02] [0m[32mYou say:[0m some bong rips last night knocked me on my ass[0m
[22:02] [0m[32mZorbaine says:[0m heh[0m
[22:02] [0m[35;1mSimonz [Jedi(Knight)]:[0m ok, he's out[0m
[22:02] [0m[35;1mAdalius [Jedi(WGM)]:[0m Ok, change is in. Be careful, if something breaks it will be catastrophic[0m
[22:02] [0m[35;1mSimonz [Jedi(Knight)]:[0m hahahah[0m
[22:02] [0m[35;1mAdalius [Jedi(WGM)]:[0m If it doesnt, you wont even know I was here[0m
[22:02] [0m[35;1mMichael [Jedi(23)]:[0m lol![0m
[22:03] [0m[35;1mSimonz [Jedi(Knight)]:[0m ok, I'll test on QoH[0m
[22:03] [0m[35;1mAl [Jedi(22)]:[0m yay catastrophe![0m
[22:03] [0m[35;1mMichael [Jedi(23)]:[0m do we need to recover?[0m
[22:03] [0m[35;1mAdalius [Jedi(WGM)]:[0m Not joking, its in combat so if it breaks it'll kill your HB. No need to[0m
[22:03] [0m                     recover[0m
[22:03] [0m[35;1mMichael [Jedi(23)]:[0m here goes[0m
[22:03] [0m[35;1mTorric [Jedi(40)]:[0m Done[0m
[22:03] [0m[35;1mWert [Jedi(52)]:[0m im gonna go afk in my house well you all test it[0m
[22:03] [0m[32mYou say:[0m bong is only brought out on 4/20[0m
[22:03] [0m[35;1mMichael [Jedi(23)]:[0m LOL[0m
[22:04] [0m[33;1m[Clan] Archangel :[0m brt[0m
[22:04] [0m[35;1mSimonz [Jedi(Knight)]:[0m well, qoh hasn't killed me yet[0m
[22:04] [0m[35;1mMichael [Jedi(23)]:[0m I'd never tempt fate like that DURING the combat[0m
[22:04] [0m[35;1mTorric [Jedi(40)]:[0m Is it okay to go back in combat?[0m
[22:04] [0m[32mZorbaine says:[0m i had my fair share of spliffs :)[0m
[22:04] [0m[35;1mAdalius [Jedi(WGM)]:[0m yessir[0m
[22:06] [0m[32mYou say:[0m spliffs?? are you british?[0m
[22:07] [0m[32mZorbaine says:[0m no just my thing for the past ~5-7 years[0m
[22:10] [0m[33;1m[PARTY][0m Roken joins the party.[0m
[22:10] [0m[32mXaryl says:[0m Most powerful Selene... Grant our disciple, Roken the[0m
[22:10] [0m            power of your divine blessing, so we may destroy your[0m
[22:10] [0m            enemies![0m
[22:10] [0m[32mXaryl says:[0m Most powerful Selene... Grant our disciple, Byron the[0m
[22:10] [0m            power of your divine blessing, so we may destroy your[0m
[22:10] [0m            enemies![0m
[22:10] [0m[32mXaryl says:[0m Most powerful Selene... Grant our disciple, Zorbaine[0m
[22:10] [0m            the power of your divine blessing, so we may destroy[0m
[22:10] [0m            your enemies![0m
[22:10] [0m[33;1m[PARTY][0m Zorbaine joins the party.[0m
[22:10] [0m[32mXaryl says:[0m I got everyone?[0m
[22:11] [0m[33;1m[PARTY][0m Xaryl: about to reset[0m
[22:11] [0m[32mXaryl says:[0m Most powerful Selene... Grant our disciple, Archangel[0m
[22:11] [0m            the power of your divine blessing, so we may destroy[0m
[22:11] [0m            your enemies![0m
[22:11] [0m[33;1m[PARTY][0m Roken: gotta roll a spliff then join ya :)[0m
[22:11] [0m[33;1m[PARTY][0m Xaryl: whee[0m
[22:11] [0m[33;1m[PARTY][0m Roken: jk ty xarykl[0m
[22:11] [0m[33;1m[PARTY][0m Byron: wow i have +60 dex[0m
[22:11] [0m[33;1m[PARTY][0m Byron is being booted from the party.[0m
[22:11] [0m[33;1m[PARTY][0m Byron has been booted from the party.[0m
[22:12] [0m[33;1m[PARTY][0m Roken is being booted from the party.[0m
[22:12] [0m[33;1m[Clan] Archangel :[0m Kewl[0m
[22:15] [0m[33;1m[Clan] Nix :[0m fuck hell[0m
[22:17] [0m[33;1m[Clan] Zorbaine :[0m amen[0m
[22:17] [0m[37;1m[JEDI]:[0m Janath Meelin arrives at the Academy.[0m
[22:17] [0m[33;1m[Clan] Byron :[0m The Queen of Hearts has reset.[0m
[22:18] [0mLeianne flaps : 4th artifacts this boot and still not mine :( Knight, psi, harness(don't know[0m
[22:18] [0m                which), psi..[0m
[22:19] [0mEli flaps : erm.. psi harness?[0m
[22:19] [0mZion flaps : Hawt[0m
[22:19] [0mFluffy flaps : kinky[0m
[22:19] [0mLeianne flaps : that was some kind of saudakar harness or something yesterday. I shouted and[0m
[22:19] [0m                dropped at SS[0m
[22:19] [0mOmni flaps : you ... read my mind[0m
[22:20] [0mZion flaps : titleofyoursextape[0m
[22:20] [0mByron flaps : its for your mother[0m
[22:20] [0mEli flaps : oh[0m
[22:23] [0mLeianne flaps : this is another one of psi one I believe: Psionatrix of Psychometabolism[0m
[22:23] [0mHyuga flaps : there is another one in wsea sewers i saw on my way out[0m
[22:25] [0m[33;1m[Clan] Byron :[0m hmmm where was event again?[0m
[22:25] [0m[33;1m[Clan] Xaryl :[0m desert 6w/2s[0m
[22:25] [0m[33;1m[Clan] Xaryl :[0m or 1 s[0m
[22:25] [0m[33;1m[Clan] Roken :[0m 2w/3s of xais[0m
[22:25] [0m[33;1m[Clan] Byron :[0m thanks[0m
[22:26] [0m[33;1m[Clan] Roken :[0m xaryl's 1s[0m
[22:28] [0m[35;1mAdalius [Jedi(WGM)]:[0m info new updated[0m
[22:28] [0m[35;1mHyuga [Jedi(96)]:[0m super awesome[0m
[22:28] [0m[35;1mHyuga [Jedi(96)]:[0m thanks addy[0m
[22:28] [0m[35;1mDroz [Jedi(28)]:[0m Nice[0m
[22:28] [0m[35;1mSimonz [Jedi(Knight)]:[0m oh cool![0m
[22:29] [0m[35;1mMichael [Jedi(23)]:[0m Hey hey Wert... you got more PEWPEW[0m
[22:30] [0m[33;1m[Clan] Byron :[0m The Queen of Hearts has reset.[0m
[22:30] [0m[35;1mWert [Jedi(52)]:[0m i do caps now, it rocks[0m
[22:30] [0m[35;1mWert [Jedi(52)]:[0m afk time though[0m
[22:30] [0m[35;1mLicklick [Jedi(56)]:[0m so spells do more dmg or give less dsp[0m
[22:31] [0m[35;1mSimonz [Jedi(Knight)]:[0m do more damage[0m
[22:32] [0m[35;1mLicklick [Jedi(56)]:[0m remember when addy said that if you think spells should do more dmg your[0m
[22:32] [0m                     wrong and its all good[0m
[22:32] [0m[35;1mHyuga [Jedi(96)]:[0m adalius is always right[0m
[22:33] [0m[35;1mSimonz [Jedi(Knight)]:[0m ^^[0m
[22:33] [0m[35;1mHyuga [Jedi(96)]:[0m if he thinks we do enough dmg, we do. until we he thinks we don't :)[0m
[22:33] [0m[35;1mSimonz [Jedi(Knight)]:[0m the mud is constantly changing[0m
[22:33] [0m[35;1mAdalius [Jedi(WGM)]:[0m Remember when you didn't realize I am often called 'Trolldalius' here?[0m
[22:33] [0m[35;1mSimonz [Jedi(Knight)]:[0m what was true one day may not be true the next[0m
[22:33] [0m[35;1mMichael [Jedi(23)]:[0m hehe Trolldalius[0m
[22:33] [0m[35;1mSimonz [Jedi(Knight)]:[0m also, that lol[0m
[22:34] [0m[35;1mHyuga [Jedi(96)]:[0m he lives under a gilded bridge[0m
[22:34] [0mYour transmuter's stone bursts with 3 new colours![0m
[22:35] [0m[35;1mMichael [Jedi(23)]:[0m I think it's one more glvl till another armor enhancement... the grind is[0m
[22:35] [0m                    strong[0m
[22:35] [0m[35;1mHyuga [Jedi(96)]:[0m i was going to get my teepo fix on 3s[0m
[22:35] [0m[35;1mHyuga [Jedi(96)]:[0m like... tomorrow[0m
[22:35] [0m[35;1mHyuga [Jedi(96)]:[0m i guess i can do it here :)[0m
[22:41] [0m[33;1m[Clan] Byron :[0m The Queen of Hearts has reset.[0m
[22:43] [0mZorbaine flaps : can't detect middle mouse wheel mousedown event in browers, but sends mouse[0m
[22:43] [0m                 up... so can't determine middle drag l[0m
[22:43] [0mZorbaine flaps : oops wl[0m
[22:43] [0mZorbaine flaps : but seriously they don't send middle mouse down event[0m
[22:46] [0mRoken flaps : for what? Using middle mouse on links for open in new tab[0m
[22:47] [0m[33;1m[Clan] Roor enters the game.[0m  [0m
[22:47] [0m[33;1m[Clan] Byron :[0m The Queen of Hearts has reset.[0m
[22:50] [0mZorbaine flaps : am trying to build a drag and drop thing where i want you to be able to move[0m
[22:50] [0m                 canvas by holding middle/mousewheel down[0m
[22:51] [0mZorbaine flaps : can get the mouseup event from it, but no mousedown to detect drag start, only[0m
[22:51] [0m                 left and right buttons send those[0m
[22:51] [0mZion flaps : stoopid msft[0m
[22:51] [0mZorbaine flaps : yeah it's silly[0m
[22:51] [0m[37;1m[JEDI]:[0m H'ssani C'talan arrives at the Academy.[0m
[22:54] [0mAdalius flaps : Hrm, are you using jquery?[0m
[22:55] [0mInix flaps : jquery your FACE[0m
[23:07] [0m[33;1m[Clan] Byron :[0m i never bothered much with blood stone[0m
[23:07] [0m[33;1m[Clan] Byron :[0m it do anything nice?[0m
[23:07] [0m[33;1m[Clan] Byron :[0m besides heal me[0m
[23:24] [0m[34;1mHyuga shouts:[0m everyone moose eli[0m
[23:25] [0m[34;1mNik shouts:[0m the power of moose compels you[0m
[23:25] [0m[34;1mHyuga shouts:[0m no not meeeee[0m
[23:25] [0m[32;1mFrom afar, you don a chef's hat and pick up the proper utensils.[0m[0m
[23:25] [0m[32mYou tell Hyuga:[0m Noo, toodie wee well meg dee chocolate mooose.  Step oone, geet a five-pound[0m
[23:25] [0m        block of chocolate.[0m
[23:25] [0m[32mYou tell Hyuga:[0m Step twoo, get dee mooose. Heer, mooosee mooosee mooosee mooosee![0m
[23:25] [0m[32mYou tell Hyuga:[0m Step three, put dee mooose een dee bleender.[0m
[23:25] [0m[32mYou tell Hyuga:[0m Nuutice: dee bleender cuun't hundel dee entlers.  Put dee entlers een last.[0m
[23:26] [0m[37;1m[JEDI]:[0m Kerran Halcyon arrives at the Academy.[0m
[23:26] [0m[32mYou tell Hyuga:[0m Seeve dee entlers, yoo cun use dem fur furks.[0m
[23:26] [0m[32mYou tell Hyuga:[0m Steep three: cuut chocolate eentoo leetle bite-size peeces.  Heer, we uuse a[0m
[23:26] [0m        cleever.[0m
[23:26] [0m[32mYou tell Hyuga:[0m Dees is guud chocolate! Weell, eef at furst yuu dun't succeed, pass dee buck.[0m
[23:26] [0m        Get dee asseesteent...  Asseesteent![0m
[23:26] [0m[34;1mOmni shouts:[0m does it? does it now? not very compelling really[0m
[23:26] [0m[32mYou tell Hyuga:[0m Steep fuur, put chocolate een weeth moose, und bleend egen.[0m
[23:26] [0m[32mYou tell Hyuga:[0m Allweeys remembur oone uf twoo theengs. Eether puut dee leed on dee bleender,[0m
[23:26] [0m        ur meg shuur det yuur diiners ur een dee keetchen.[0m
[23:26] [0m[32mYou tell Hyuga:[0m Uum! Dees ees guud mooosee![0m
[23:26] [0m[32mYou tell Hyuga:[0m Next teeme-a ve-a veell leern hoo tu meke-a frug-a-la-fesh, a steemeeng frug[0m
[23:26] [0m        veet a peech in its muoot.[0m
[23:28] [0mVagrant flaps : anyone up to kill a paul 2.0?[0m
[23:30] [0mVagrant flaps : 3 ppl so far, need 3 moar![0m
[23:30] [0mVagrant flaps : 1 moar! crypt will be resid,n let me go find tv[0m
[23:31] [0mVagrant flaps : form up! resid,n[0m
[23:32] [0mVagrant flaps : thank to all you champions[0m
[23:32] [0mNightrider flaps : lets go its bed sleepy time[0m
[23:33] [0m[32mYou tell Simonz:[0m did event on 120[0m
[23:33] [0mZion flaps : Sleepy sleepy[0m
[23:33] [0m[32mYou tell Simonz:[0m clan reset[0m
[23:34] [0mYour transmuter's stone bursts with 4 new colours![0m
[23:34] [0mVagrant flaps : fun fun fun[0m
[23:35] [0mVagrant flaps : we heading up[0m
[23:36] [0mVagrant flaps : started[0m
[23:37] [0m[34;1mNightrider shouts:[0m Off with his Head[0m
[23:37] [0m[33;1m[Clan] Byron :[0m The Queen of Hearts has reset.[0m
[23:38] [0mNightrider flaps : is this the firebat party?[0m
[23:38] [0m[34;1mVagrant shouts:[0m woot wooot[0m
[23:38] [0m[34;1mEagleeyes shouts:[0m woo woo[0m
[23:38] [0m[34;1mMellaous shouts:[0m woot[0m
[23:38] [0m[34;1mMotorbreath shouts:[0m chaching[0m
[23:38] [0m[34;1mNightrider shouts:[0m le moo?[0m
[23:38] [0m[34;1mFluffy shouts:[0m you go girl, shake that xp[0m
[23:38] [0m[34;1mSpace shouts:[0m cheers[0m
[23:39] [0m[34;1mHooligan shouts:[0m woooo[0m
[23:39] [0m[34;1mZachitnik shouts:[0m Thank you[0m
[23:47] [0m[33;1m[Clan] Byron :[0m Why doesn't Paul give numbers at all?[0m
[23:47] [0m[33;1m[Clan] Byron :[0m even when ther eis no ewell?[0m
[23:50] [0mNightrider flaps : ss for duppage[0m
[23:51] [0mVagrant flaps : thank you all legends for helping![0m
[23:57] [0m[37;1m[JEDI]:[0m Durnoth arrives at the Academy.[0m
[23:58] [0m[33;1m[Clan] Byron :[0m The Queen of Hearts has reset.[0m
