- = LOG STARTED [00:00] = -
[00:00] [0m[34;1mWert shouts:[0m thanks all[0m
[00:06] [0mVagrant flaps : resetting zambies swang by[0m
[00:07] [0mInfected flaps : swang by!!![0m
[00:08] [0mInfected flaps : resetted[0m
[00:09] [0mVagrant flaps : h[0m
[00:11] [0m[37;1m[JEDI]:[0m Herah Wylann arrives at the Academy.[0m
[00:42] [0m[37;1m[JEDI]:[0m H'ssani C'talan arrives at the Academy.[0m
[00:49] [0m[37;1mLeianne <.oO>:[0m Just noticed that (duplicate item is not really flawless duplication. I used it[0m
[00:49] [0m               on sour cream and it gives +6 fire. The original one gives 'impressive fire' on[0m
[00:49] [0m               the same item[0m
[00:49] [0m[37;1mXiu <.oO>:[0m yeah scaled stuff is wonky if duped[0m
[00:50] [0m[37;1mLeianne <.oO>:[0m nog. That explains why duplicate guacamole treatment doesn't last as long[0m
[00:50] [0m[37;1mOmni <.oO>:[0m usually it dup's to tier 1[0m
[00:53] [0m[33;1m[Clan] Martyr leaves the game.[0m  [0m
[01:09] [0m[37;1m[JEDI]:[0m Tobias Kel'ach'nar arrives at the Academy.[0m
[01:13] [0m[34;1mDureal shouts:[0m Mooooooooo[0m
[01:18] [0m[34;1mRynn shouts:[0m SHANK[0m
[01:19] [0m[34;1mRasputin shouts:[0m fresh burgers at mcd![0m
[01:29] [0mGargoyle <cgame>: Jasmine has joined the game.[0m
[01:29] [0mGargoyle <cgame>: The game begins![0m
[01:29] [0mGargoyle <cgame>: An evil cult is hidden amongst the villagers of Pleasant Springs.  The village[0m
[01:29] [0m                  is sleeping peacefully one night as the cult emerges....  It is now night[0m
[01:29] [0m                  time.  Role players, please enter your actions.[0m
[01:29] [0mGargoyle <cgame>: Lik has been booted from the game by Jasmine.[0m
[01:29] [0mGargoyle <cgame>: Lachlan has been booted from the game by Jasmine.[0m
[01:30] [0mGargoyle <cgame>: Lance has been booted from the game by Jasmine.[0m
[01:30] [0mGargoyle <cgame>: One more minute left for role players to enter night actions.[0m
[01:30] [0mGargoyle <cgame>: Jasmine, the vigilante, is found dead with a dagger in the back![0m
[01:30] [0mGargoyle <cgame>: It is now daytime.  It is time to convict someone.[0m
[01:30] [0mGargoyle <cgame>: Fennec votes to convict Crolack.[0m
[01:31] [0mGargoyle <cgame>: Crolack votes to convict Voodoo.[0m
[01:31] [0mGargoyle <cgame>: One more minute left to finish voting.  The villager with the most votes[0m
[01:31] [0m                  against in a minute will be convicted.  Ties will be broken randomly.[0m
[01:32] [0mGargoyle <cgame>: Time's up!  The sun is setting.[0m
[01:32] [0mGargoyle <cgame>: Voodoo, you have been convicted of participation in a murderous evil cult. [0m
[01:32] [0m                  May the gods have mercy on your soul.[0m
[01:32] [0mGargoyle <cgame>: Pitchforks waving, the angry mob rushes Voodoo.  As blood oozes from his body,[0m
[01:32] [0m                  he is revealed to be the jack of all trades![0m
[01:32] [0mGargoyle <cgame>: The cultists come out of hiding and murder everyone!  The cultists win the[0m
[01:32] [0m                  game.[0m
[01:32] [0mGargoyle <cgame>: The remaining roles were: Cultists: Crolack. [0m
[01:32] [0mGargoyle <cgame>: Crolack has joined the game.[0m
[01:32] [0m[37;1m[JEDI]:[0m Wennic Ber'ni'lok arrives at the Academy.[0m
[01:32] [0mGargoyle <cgame>: Voodoo has joined the game.[0m
[01:33] [0mGargoyle <cgame>: Fennec has joined the game.[0m
[01:46] [0mYour transmuter's stone bursts with 4 new colours![0m
[02:04] [0m[37;1m[JEDI]:[0m Reena Bel Noir arrives at the Academy.[0m
[02:04] [0mVagrant flaps : resetting zamibes swang by[0m
[02:04] [0mRynn flaps : swang[0m
[02:05] [0mInfectious flaps : swang swang by[0m
[02:05] [0mPdog flaps : no![0m
[02:06] [0mInfectious flaps : resetted[0m
[02:06] [0mPdog flaps : yay![0m
[02:17] [0mnewb Eod [changeling/16]: anyone use Tiny Fugue for their client?[0m
[02:39] [0m[37;1m[JEDI]:[0m Wennic Ber'ni'lok arrives at the Academy.[0m
[03:07] [0m[37;1m[JEDI]:[0m Rhaan arrives at the Academy.[0m
[03:29] [0m[34;1mFluffy shouts:[0m golem powah![0m
[03:29] [0m[34;1mVagrant shouts:[0m golemsss[0m
[03:32] [0m[37;1m[JEDI]:[0m Ylenic It'kla arrives at the Academy.[0m
[08:14] [0m[37;1m[JEDI]:[0m Kerran Halcyon arrives at the Academy.[0m
[08:32] [0m[34;1mOgotaz shouts:[0m Thank you Arahnapogue for your lavish contribution towards all the boons![0m
[08:32] [0m[34;1mHyuga shouts:[0m bs[0m
[08:32] [0m[34;1mSarge shouts:[0m Yes, ALL THE BOONS!!![0m
[08:33] [0m[34;1mOgotaz shouts: [0mWe all know how hard it is for you not to spend it at Doh's![0m
[08:35] [0m[34;1mFrank shouts:[0m everyone looking for that secret entrance...it's not so secret just pay closer[0m
[08:35] [0m              attention when you get there[0m
[08:41] [0mPer flaps : event: north roadportal, 15east, 1south, ice damage[0m
[08:43] [0m[37;1m[JEDI]:[0m Tobias Kel'ach'nar arrives at the Academy.[0m
[08:47] [0m[34;1mFlaxen shouts:[0m hahahahahahah i mean aww[0m
[08:47] [0m[34;1mKitt shouts:[0m I mean Moo[0m
[08:48] [0mYour transmuter's stone bursts with 2 new colours![0m
[08:48] [0m[34;1mHex shouts:[0m I mean *no pants*[0m
[09:03] [0mPrismal flaps : resetting zombies[0m
[09:16] [0m[37;1m[JEDI]:[0m Ylenic It'kla arrives at the Academy.[0m
[09:26] [0m[33;1m[Clan] Bruce :[0m anyone find the new area entrance?[0m
[09:27] [0m[33;1m[Clan] Oscar :[0m new area?[0m
[09:27] [0m[33;1m[Clan] Oscar :[0m the tree?[0m
[09:27] [0m[33;1m[Clan] Bruce :[0m aread[0m
[09:27] [0m[33;1m[Clan] Bruce :[0m murus 2.0[0m
[09:27] [0m[33;1m[Clan] Oscar :[0m oh wow[0m
[09:28] [0m[33;1m[Clan] Bruce :[0m finally mapped murus, but kinda forgot to look for the entrance whilst i was[0m
[09:28] [0m               doing so[0m
[09:28] [0m[33;1m[Clan] Oscar :[0m i'm going a limb that it's in the first room[0m
[09:28] [0m[33;1m[Clan] Saim :[0m whoa[0m
[09:31] [0m[35;1mWert [Jedi(Knight)]:[0m ok what was the first murus faralain[0m
[09:32] [0m[35;1mWert [Jedi(Knight)]:[0m now there is a 2nd one, im behind the times[0m
[09:32] [0m[35;1mSimonz [Jedi(Knight)]:[0m dunno, i think I've seen it wandering around western fantasy?[0m
[09:32] [0m[35;1mWert [Jedi(Knight)]:[0m its a thing?[0m
[09:32] [0m[35;1mWert [Jedi(Knight)]:[0m that moves..not a fan[0m
[09:33] [0m[35;1mWert [Jedi(Knight)]:[0m think i got time to search for something, if i can't macro to it im out[0m
[09:33] [0m[33;1m[Clan] Bruce :[0m Monster class range since inception: 16,628,474 to 57,786,559[0m
[09:33] [0m[33;1m[Clan] Oscar :[0m that's a really interesting area to 2.0[0m
[09:33] [0m[35;1mSimonz [Jedi(Knight)]:[0m looks like it's e/s/w from the west forest portal[0m
[09:34] [0m[33;1m[Clan] Oscar :[0m There's so much content[0m
[09:34] [0m[33;1m[Clan] Bruce :[0m sw of wforest portal, then west[0m
[09:34] [0m[35;1mIon [Jedi(25)]:[0m or sw[0m
[09:34] [0m[35;1mMellaous [Jedi(78)]:[0m go to wforest then go sw[0m
[09:35] [0m[33;1m[Clan] Bruce :[0m don't do what i did and wander around the second entrance to murus for ages[0m
[09:44] [0m[35;1mMellaous [Jedi(78)]:[0m fair warning.. unless you are a glevel 80 jedi or higher.. or you could be[0m
[09:44] [0m                     my glevel with big stats.. this place will equal death for you hehe[0m
[09:44] [0m[32mSmith says:[0m You require 125 coins to repair *Pitch Black Armour (worn).[0m
[09:44] [0m[35;1mMellaous [Jedi(78)]:[0m pushes my limits with all of these random mobs[0m
[09:44] [0m[35;1mWert [Jedi(Knight)]:[0m glad i didnt go explore it[0m
[09:44] [0m[35;1mMellaous [Jedi(78)]:[0m class is say 20m to 56m ish[0m
[09:47] [0m[35;1mMellaous [Jedi(78)]:[0m this is a deflect dxp dream though[0m
[09:47] [0m[37;1m[JEDI]:[0m Bithoff Jonansaan arrives at the Academy.[0m
[09:47] [0m[35;1mMellaous [Jedi(78)]:[0m which does not happen.. to have okay exp mobs and lots of hits[0m
[09:48] [0mYour transmuter's stone bursts with 2 new colours![0m
[09:48] [0m[35;1mMellaous [Jedi(78)]:[0m most areas I fight for good exp are horrible for dxp[0m
[09:52] [0mAdalius flaps : Breaking News: Carole Baskins awarded ownership of Joe Exotic's zoo (land and[0m
[09:52] [0m                mobile buildings, not the animals).[0m
[09:53] [0mPdog flaps : Hey all you cool cats and kittens![0m
[09:53] [0mSaim flaps : that's from the first era of 2020, i barely remember that far back - we are in era[0m
[09:53] [0m             3or 4 now[0m
[09:57] [0m[33;1m[Clan] Saim :[0m good thing oscar is white, or that last death might have sparked protests[0m
[09:58] [0m[33;1m[Clan] Oscar :[0m laf[0m
[09:58] [0m[33;1m[Clan] Oscar :[0m man i suck[0m
[09:59] [0m[34;1mBrazzin shouts:[0m ya know, it just wouldnt be 3K, if Oscar didnt die atleast once a day.[0m
[09:59] [0m[34;1mPdog shouts:[0m you mean once an hour?[0m
[09:59] [0m[34;1mOscar shouts:[0m Gotta pump that debt up![0m
[10:00] [0m[34;1mBrazzin shouts:[0m haha[0m
[10:00] [0m[34;1mBrazzin shouts:[0m Gainz![0m
[10:02] [0m[34;1mOscar shouts:[0m I had 34 deaths yesterday, I'm at 43 now.  Must be dyslexia...[0m
[10:09] [0m[35;1mKsemia [Jedi(Master)]:[0m morning...how goes the day?[0m
[10:10] [0m[35;1mSimonz [Jedi(Knight)]:[0m morning[0m
[10:10] [0m[35;1mMellaous [Jedi(78)]:[0m morning[0m
[10:10] [0m[35;1mAl [Jedi(46)]:[0m its going[0m
[10:15] [0m[37;1m[JEDI]:[0m Rhaan arrives at the Academy.[0m
[10:22] [0m[32mSimonz tells you (Roken,Wert):[0m come hit beloch[0m
[10:23] [0mParadox flaps : anyone know how to get rid of Gastolovich norgrith 'curse'?[0m
[10:24] [0m[32mYou tell Simonz:[0m event x@[0m
[10:24] [0m[32;1mFrom afar, Simonz nods to you.[0m[0m
[10:24] [0m[32mYou tell Simonz:[0m event x2[0m
[10:24] [0mSaim flaps : hydroxychloroquine shows promise or so ive heard[0m
[10:24] [0mParadox flaps : -5 int/wis :([0m
[10:24] [0mAdalius flaps : Only when mixed with Clorox.[0m
[10:25] [0mLeianne flaps : isn't that supposed to be for malaria?[0m
[10:25] [0mLik flaps : why invent new things when we can hope old stuff will work?[0m
[10:26] [0mLik flaps : not like its gonna sell itself either and we've got shelfloads[0m
[10:28] [0mAdalius flaps : So, the way Gastolovich was coded, the only solution is to log out to fix it.[0m
[10:28] [0m                However, if anybody fights him from now on, that wont be the case.[0m
[10:29] [0mParadox flaps : heh your welcome everybody else![0m
[10:33] [0m[33;1m[Clan] Ser :[0m might get another 4mil knocked out this boot, maybe more[0m
[10:33] [0m[33;1m[Clan] Ser :[0m blah[0m
[10:46] [0m[37;1m[JEDI]:[0m Reena Bel Noir arrives at the Academy.[0m
[10:48] [0mYour transmuter's stone bursts with 4 new colours![0m
[10:53] [0m[35;1mBurnaby [Jedi(73)]:[0m yo![0m
[10:54] [0m[33;1m[Clan] Phenom leaves the game.[0m  [0m
[10:55] [0m[33;1m[Clan] Dub :[0m oh man serious +stats[0m
[10:55] [0m[33;1m[Clan] Dub :[0m on this mythal2 gear[0m
[10:55] [0m[33;1m[Clan] Oscar :[0m really?[0m
[10:55] [0m[33;1m[Clan] Dub :[0m Dexterity +13       Indefinite   Myril Aura[0m
[10:55] [0m[33;1m[Clan] Oscar :[0m how much?[0m
[10:55] [0m[33;1m[Clan] Meph :[0m oh nice[0m
[10:56] [0m[33;1m[Clan] Oscar :[0m Hows the ac[0m
[10:56] [0m[33;1m[Clan] Dub :[0m shityeah[0m
[10:56] [0m[33;1m[Clan] Dub :[0m I don't have the full scan, sec[0m
[10:56] [0m[33;1m[Clan] Meph :[0m full set might be cool[0m
[10:56] [0m[33;1m[Clan] Dub :[0m 15 edged, 15 blunt, good fire, good ice, good acid, good electric, good mind, poor[0m
[10:56] [0m             energy, poor poison, poor radiation[0m
[10:56] [0m[33;1m[Clan] Dub :[0m from mellaous[0m
[10:56] [0m[33;1m[Clan] Dub :[0m I am working and will investigate soon as I get home[0m
[10:56] [0m[33;1m[Clan] Dub :[0m 22-55mil so far[0m
[10:57] [0m[33;1m[Clan] Dub :[0m moving, agro, hunting, assisting (but that doesn't matter since agro)[0m
[10:57] [0m[33;1m[Clan] Dub :[0m idk much I haven't been yet[0m
[10:58] [0m[33;1m[Clan] Oscar :[0m Was the crypt upgraded too?[0m
[10:59] [0m[33;1m[Clan] Oscar :[0m isleth etc[0m
[11:03] [0m[33;1m[Clan] Michael :[0m you folks are flying through the mage glvls. Makes me think I should've just[0m
[11:03] [0m                 grinded through 150 hehe[0m
[11:04] [0m[33;1m[Clan] Nix :[0m hehe[0m
[11:06] [0m[33;1m[Clan] Michael :[0m I just figured I better get this main to eternals before I really dive into[0m
[11:06] [0m                 alts[0m
[11:07] [0m[33;1m[Clan] Oscar :[0m I just hope they don't recurve the gxp based on Nix's rate[0m
[11:07] [0m[33;1m[Clan] Oscar :[0m Because his stats make him go like 5x faster[0m
[11:08] [0m[33;1m[Clan] Michael :[0m mage has always had a fast mid curve... 0-100 sucked[0m
[11:08] [0m[33;1m[Clan] Michael :[0m but 110-150 went by fast for the dedicated grinder... (once ya figure out SAT[0m
[11:08] [0m                 and CnC)[0m
[11:08] [0m[33;1m[Clan] Michael :[0m but they tell me now the guild don't even start till 160[0m
[11:09] [0m[33;1m[Clan] Oscar :[0m That's just people who think there's nothing to 3k but grinding hotel[0m
[11:09] [0m[33;1m[Clan] Michael :[0m hehe what is your impression of mages?[0m
[11:10] [0m[33;1m[Clan] Oscar :[0m I like em[0m
[11:10] [0m[33;1m[Clan] Michael :[0m I went back to my main at like 102 because I was like "This is hella fun, but[0m
[11:10] [0m                 get something to 111"[0m
[11:10] [0m[33;1m[Clan] Oscar :[0m I like utility powers[0m
[11:10] [0m[33;1m[Clan] Oscar :[0m And we have tons of em[0m
[11:11] [0m[33;1m[Clan] Nix :[0m i like them as well[0m
[11:11] [0m[33;1m[Clan] Nix :[0m i just hit 130[0m
[11:12] [0m[33;1m[Clan] Michael :[0m yeah I plan to grind my mage once I get this alt to eternals and hit the jedi[0m
[11:12] [0m                 gxp wall. Think that gxp wall is real close.[0m
[11:18] [0m[35;1mMichael [Jedi(49)]:[0m woo[0m
[11:18] [0m[35;1mMeph [Jedi(17)]:[0m The spiciest of spices, pure Cinnamon (sizzle).[0m
[11:21] [0m[37;1m[JEDI]:[0m Tobias Kel'ach'nar arrives at the Academy.[0m
[11:29] [0m[35;1mMichael [Jedi(49)]:[0m heya Mav[0m
[11:29] [0m[35;1mMav [Jedi(31)]:[0m ahoy[0m
[11:30] [0m[35;1mGibran [Jedi(35)]:[0m whats with the thousand holocron fragments at the shuttle?[0m
[11:30] [0m[35;1mBurnaby [Jedi(73)]:[0m someone's bot failed them. haha[0m
[11:30] [0m[35;1mAdalius [Jedi(WGM)]:[0m Snerk[0m
[11:43] [0m[35;1mBurnaby [Jedi(73)]:[0m *&#*@#&@# forgot mah droid![0m
[11:44] [0m[35;1mBurnaby [Jedi(73)]:[0m 1. maintenance   , 1. maintenance   , 1. maintenance   , 1. maintenance   ,[0m
[11:44] [0m                    1. maintenance[0m
[11:44] [0m[35;1mBurnaby [Jedi(73)]:[0m shite. sorry about that[0m
[11:46] [0m[37;1m[JEDI]:[0m Janath Meelin arrives at the Academy.[0m
[11:48] [0mYour transmuter's stone bursts with 4 new colours![0m
[12:05] [0m[35;1mDy [Jedi(75)]:[0m A synonym is a word you use when you can't spell the word you first thought of.[0m
[12:05] [0m[35;1mKsemia [Jedi(Master)]:[0m I have lots of ideas. Trouble is, most of them suck.[0m
[12:05] [0m[35;1mGibran [Jedi(35)]:[0m Leave it to Adalius to come in and muck up everything.[0m
[12:06] [0m[34;1mTex shouts:[0m this is comedy: https://www.youtube.com/watch?v=aww4HT5g7ig&t=333s[0m
[12:06] [0m[34;1mGlorfindel shouts:[0m If I hear any Rick Astley...[0m
[12:07] [0m[34;1mBrazzin shouts:[0m DAMN![0m
[12:08] [0m[34;1mBrazzin shouts:[0m never seen a double death before...[0m
[12:08] [0m[34;1mBrazzin shouts:[0m did you gain a medal?[0m
[12:08] [0m[34;1mGlazed shouts:[0m hit so hard it killed me twice[0m
[12:09] [0m[34;1mTerran shouts:[0m LOL[0m
[12:14] [0m[33;1m[Clan] Mud :[0m any dupable auro shield around?[0m
[12:15] [0m[37;1m[JEDI]:[0m Kerran Halcyon arrives at the Academy.[0m
[12:15] [0mLachlan flaps : looking for an auro shield... anyone have one I can dupe?[0m
[12:15] [0mMud flaps : ditto[0m
[12:24] [0m[33;1m[Clan] Knox leaves the game.[0m  [0m
[12:27] [0mDy [Light(75)]: Ohh, a great warrior, hmmm? Wars not make one great. --Master Yoda[0m
[12:28] [0m[35;1mBurnaby [Jedi(73)]:[0m Current Droid Offerings: 1. maintenance, 2. security, 3. heavy industry, 4.[0m
[12:28] [0m                    household, 5. household[0m
[12:30] [0m[35;1mKsemia [Jedi(Master)]:[0m need to advance...need one of those household droids to do my laundry and[0m
[12:30] [0m                       dishes...[0m
[12:30] [0m[35;1mArsnova [Jedi(69)]:[0m irl[0m
[12:30] [0m[35;1mGibran [Jedi(35)]:[0m im getting a vacuum bit to deal with dog hair.[0m
[12:30] [0m[35;1mGibran [Jedi(35)]:[0m bot[0m
[12:31] [0m[35;1mGibran [Jedi(35)]:[0m dishes I kinda like. Laundry, i think folding clothes is my least favourite[0m
[12:31] [0m                   thing in the world.[0m
[12:31] [0m[35;1mKsemia [Jedi(Master)]:[0m i've heard after all his work on profs, that's what Adalius is working on[0m
[12:31] [0m                       next: irl bots with sufficient VAFs[0m
[12:32] [0m[35;1mGibran [Jedi(35)]:[0m can my house bot have double attacks when it dissipates like old times?[0m
[12:32] [0m[35;1mKsemia [Jedi(Master)]:[0m only against feline opponents. canines are resistant.[0m
[12:32] [0m[35;1mGibran [Jedi(35)]:[0m heh. well, who needs cats tho.[0m
[12:33] [0m[35;1mWyvern [Jedi(91)]:[0m cats are evil[0m
[12:33] [0m[35;1mGibran [Jedi(35)]:[0m "Men hate cats. We say we like cats when women are listening, but we kick[0m
[12:33] [0m                   cats when they arent looking."[0m
[12:34] [0m[35;1mDy [Jedi(75)]:[0m war kittens?[0m
[12:34] [0m[35;1mGibran [Jedi(35)]:[0m cant remember where I heard that, but made me laugh.[0m
[12:34] [0m[35;1mWyvern [Jedi(91)]:[0m dogs will throw themselves at an attacker to help you.  a cat will go back to[0m
[12:34] [0m                   sleep[0m
[12:35] [0m[35;1mGibran [Jedi(35)]:[0m Throw a dog into your trunk for an hour and it'll be happy to see you when[0m
[12:35] [0m                   you open it up. Try that with your (fill in the blank...)[0m
[12:36] [0m[35;1mGibran [Jedi(35)]:[0m I have an 11 month old white german shepherd.[0m
[12:43] [0m[35;1mSimonz [Jedi(Knight)]:[0m anyone have telepathy maxed?[0m
[12:44] [0m[35;1mKsemia [Jedi(Master)]:[0m i have it to 4 (3)[0m
[12:44] [0m[35;1mKsemia [Jedi(Master)]:[0m so no?[0m
[12:44] [0m[35;1mWert [Jedi(Knight)]:[0m yep i do[0m
[12:44] [0m[35;1mSimonz [Jedi(Knight)]:[0m I just need to get it from 2 to 3, so I think that should be high enough?[0m
[12:44] [0m[35;1mDy [Jedi(75)]:[0m not I[0m
[12:44] [0m[35;1mWert [Jedi(Knight)]:[0m got it maxxed whoever needs training outside zells[0m
[12:48] [0mYour transmuter's stone bursts with 2 new colours![0m
[12:49] [0m[35;1mKsemia [Jedi(Master)]:[0m that's not good...[0m
[12:50] [0m[37;1m[JEDI]:[0m H'ssani C'talan arrives at the Academy.[0m
[12:51] [0m[35;1mSimonz [Jedi(Knight)]:[0m Murphy's Fourth Law: If there is a possibility that several things can go[0m
[12:51] [0m                       wrong, then the one that will cause the greatest damage will be the one[0m
[12:51] [0m                       to go wrong.[0m
[12:51] [0m[35;1mMeph [Jedi(17)]:[0m I wonder how much dust has settled on Alerik from all his idling?[0m
[12:56] [0m[37;1mOmni <.oO>:[0m scabbard[0m
[13:07] [0m[32mCorath tells you:[0m You must wait, I'm currently helping someone else.       [0m
[13:20] [0m[34;1mPer shouts:[0m oooo[0m
[13:20] [0m[34;1mDrax shouts:[0m Wow[0m
[13:20] [0m[34;1mSylph shouts:[0m HOT![0m
[13:20] [0m[34;1mTeven shouts:[0m look, if this starts being nsfw, im out[0m
[13:20] [0m[34;1mMellaous shouts:[0m nice![0m
[13:20] [0m[34;1mBrazzin shouts:[0m EPIC![0m
[13:20] [0m[34;1mHooligan shouts:[0m looks like aphrodite[0m
[13:20] [0m[34;1mCastor shouts:[0m nice![0m
[13:20] [0m[34;1mRasputin shouts:[0m holy cow that looks awesome. :D[0m
[13:20] [0m[34;1mKikipopo shouts:[0m The hair is green, therefore Aphrodite -> Medusa.[0m
[13:20] [0m[34;1mApocalypse shouts:[0m hah, you were all fooled, that is medusa up close![0m
[13:21] [0m[34;1mKikipopo shouts:[0m Cause like, snakes.[0m
[13:21] [0m[34;1mVoodoo shouts:[0m Turnhold's wife tells you: finally! something I can work with[0m
[13:21] [0m[34;1mSaim shouts:[0m always carry a reflective shield[0m
[13:21] [0m[Clan] Zik enters the game.  [0m
[13:21] [0m[34;1mHex shouts:[0m pretty[0m
[13:22] [0m[34;1mSaim shouts:[0m keep it in your pants Hex[0m
[13:22] [0m[34;1mHooligan shouts:[0m my eyes have been replaced with lasers and my corneas with[0m
[13:22] [0m                 ir filters. i think i am immune[0m
[13:24] [0m<BS> Taris : Gah.  I can only set scaler down to 74[0m
[13:26] [0m<BS> Lachlan : scaler2 ftw[0m
[13:26] [0m<BS> Lachlan : I can set to 65 atm.[0m
[13:26] [0m<BS> Taris : I only have 15 VAF so I can't even do scaler[0m
[13:26] [0m[34;1mDangerzone shouts:[0m amazing art, thank you![0m
[13:27] [0m[Clan] Ipsie : woh cool[0m
[13:27] [0m[Clan] Ipsie : 2.0 murus faralain :)[0m
[13:27] [0m<BS> Taris : The bad idea fairy in me wants to try Zelligar at the bottom[0m
[13:27] [0m             end of my scaler, which is 74, which is ...  about a 4.6[0m
[13:27] [0m             million class Zell[0m
[13:28] [0m[Clan] Dub : so this area is not as insane as the treehouse[0m
[13:28] [0m[Clan] Dub : tree zone[0m
[13:28] [0m[Clan] Dub : but it's very nice xp for what omni can tank atm[0m
[13:28] [0m[Clan] Dub : lots of 20-30mils[0m
[13:28] [0m[Clan] Dub : tho ultra death stacks are entirely possible[0m
[13:29] [0m[Clan] Dub : mellaous stacked like 32 20-40mils[0m
[13:29] [0m[Clan] Dub : hehe, they will (slowly) wander apart[0m
[13:29] [0m[Clan] Dub : but there's going to be some rooms with 10+ for a while[0m
[13:29] [0m[Clan] Dub : kathaelis is 62mil and hits up to 9 times with his flurry[0m
[13:29] [0m             special[0m
[13:29] [0m[Clan] Dub : eb immune[0m
[13:29] [0m[Clan] Dub : well, he gets there after he does that bladesinger thing[0m
[13:30] [0m[Clan] Dub : after a few rounds of hitting him edged, you can't anymore.[0m
[13:30] [0m             energy works fine[0m
[13:30] [0m[Clan] Dub : i reckon it's going to help jedi fdef[0m
[13:30] [0m[Clan] Dub : since you can stack like 10 mobs for 30/rd hits at 20mil or so[0m
[13:30] [0m[Clan] Dub : and just idle/flap while grinding fdef[0m
[13:31] [0m[Clan] Dub : tho i can already tell people will stumble onto bigass stacks[0m
[13:31] [0m             and poof, and whine[0m
[13:32] [0m[Clan] Ipsie : how do you get into the 2.0 ?[0m
[13:33] [0m[34;1mSquirrel shouts:[0m that medusa face, that's one that'll get you rock hard off[0m
[13:33] [0m                 of[0m
[13:35] [0m[Clan] Ipsie : ahh, there it is[0m
[13:44] [0m<BS> Taris : Ah, runing.  Everybody's favorite.[0m
[13:44] [0m<BS> Fennec : about how long does it take y'all to rune all of your items?[0m
[13:45] [0m<BS> Dangerzone : few mins[0m
[13:45] [0m<BS> Taris : Without talisman, 45 minutes to an hour depending on if I'm[0m
[13:45] [0m             paying attention.[0m
[13:45] [0m<BS> Fennec : that's a big difference between you two.[0m
[13:45] [0m<BS> Dangerzone : with corath?[0m
[13:45] [0m<BS> Taris : My runes > Corath runes[0m
[13:45] [0m<BS> Prismal : depends on a lot of factors per person, if they use a[0m
[13:45] [0m               script/triggers or are doing it manually, how good the script[0m
[13:45] [0m               is, what their skills are at[0m
[13:46] [0m<BS> Prismal : I think for me it is around 2 to 3 mins per piece of gear[0m
[13:46] [0m<BS> Taris : Mine isn't scripted.  I should probably script it.  :)[0m
[13:46] [0m<BS> Dangerzone : by hand at corath, a few minutes[0m
[13:46] [0m<BS> Taris : But yeah, if you have Corath do it, it's quick[0m
[13:46] [0m<BS> Dangerzone : type fast :D[0m
[13:47] [0m<BS> Prismal : I made a trigger based corath script, can do a full set of[0m
[13:47] [0m               startup gear in something like 2 mins[0m
[13:47] [0m<BS> Fennec : not bad![0m
[13:47] [0m<BS> Lachlan : yeah I ahve a corath brun script too[0m
[13:47] [0m<BS> Lachlan : altho now I don't use it[0m
[13:47] [0m<BS> Taris : Yeah, that would be solid.  Thing is, I almost never use this[0m
[13:47] [0m             character at the beginning of a reboot.  I'll use another[0m
[13:47] [0m             character to get gear first.[0m
[13:47] [0m<BS> Prismal : mei neither[0m
[13:47] [0m<BS> Fennec : do y'all typically always choose the same runes for all of[0m
[13:47] [0m              your items? or mix and match?[0m
[13:48] [0m<BS> Dangerzone : same as Taris[0m
[13:48] [0m<BS> Lachlan : I use the same... set it years ago and too lazy to change it[0m
[13:48] [0m<BS> Dangerzone : same staples, spirit, reva,reju, and power. mix & match on[0m
[13:48] [0m                  health or battle[0m
[13:48] [0m<BS> Lachlan : must have on all armour e/b... however if Xiu was on, he'd[0m
[13:48] [0m               say don't even bother with runes anymore[0m
[13:49] [0m<BS> Lachlan : except regen/power[0m
[13:49] [0m<BS> Prismal : I think everyone that uses a script uses the same rune set[0m
[13:50] [0m<BS> Lachlan : I have e/b on all, 10 balefire/thought/decay, 5 storms, 5[0m
[13:50] [0m               venom, then what you need for max rv/sp/rj[0m
[13:50] [0m<BS> Lachlan : and of course power on all[0m
[13:54] [0m[34;1mHex shouts:[0m that'll be hard to do Saim:  *no pants*[0m
[13:54] [0m<BS> Taris : I have no idea at what point my regen is at its cap because I[0m
[13:54] [0m             gotta go get beat up to see the regen rates[0m
[13:56] [0m<BS> Taris : Looks like I need one more revalrie which means...  SP should[0m
[13:56] [0m             be stacked at 20...  should be...  just gotta take a little[0m
[13:56] [0m             more damage so I can see[0m
[13:56] [0m<BS> Xiu : i put protection runes on stuff to fill out the slots just[0m
[13:56] [0m           because they're there. feels sillier to waste the slots just to[0m
[13:56] [0m           save a couple min[0m
[13:56] [0m<BS> Taris : Dang it mystic, not now[0m
[13:56] [0m<BS> Lachlan : not sure this is right, it may be too many regen runes (and[0m
[13:56] [0m               consider max runes). I have 5 unknowns with rj/rv/he/sp on[0m
[13:56] [0m               all, then, on equip, 6 rv, 3sp, 9rj,[0m
[13:56] [0m<BS> Fennec : how do you know if you have too much on?[0m
[13:57] [0m<BS> Lachlan : you keep taking away RV until your NE is no longer -2[0m
[13:57] [0m<BS> Taris : Get beat up, step out of combat, watch your regen.  20/22/22 is[0m
[13:57] [0m             the goal[0m
[13:57] [0m<BS> Xiu : you'd have to know how much is "just enuf", for SP[0m
[13:57] [0m<BS> Lachlan : thats the goal[0m
[13:57] [0m<BS> Lachlan : and what Taris said for the others[0m
[13:59] [0m<BS> Taris : Runing my last item now, I've been online for 37 minutes and in[0m
[13:59] [0m             that time I've gotten distracted so...  call total runing time[0m
[13:59] [0m             30 minutes?[0m
[14:00] [0m<BS> Taris : Okay.  Runed up, ready to do my test.  But not until after I[0m
[14:00] [0m             lift.[0m
[14:00] [0m<BS> Taris : Pesky responsibility.[0m
[14:10] [0m<BS> Fennec : are your skills kind of like your stats where you can only[0m
[14:10] [0m              raise stuff so many times before you should raise your glvl?[0m
[14:10] [0m<BS> Xiu : there's no skill cap by glevel or anything (you could max[0m
[14:10] [0m           whatever skills you have at any time)[0m
[14:11] [0m<BS> Darkforce : doing it. gonna max them all by gl 5. oh wait[0m
[14:11] [0m<BS> Darkforce : well definitely by gl 2045[0m
[14:11] [0m<BS> Fennec : ha ha[0m
[14:11] [0m<BS> Xiu : that said it's wisest to focus on skills and glevels that will[0m
[14:11] [0m           get you powers[0m
[14:13] [0m<BS> Darkforce : how i get powers xoo[0m
[14:13] [0m<BS> Darkforce : oh cool, circle is a room watch[0m
[14:14] [0m<BS> Xiu : circle is one of our good powers[0m
[14:14] [0m<BS> Darkforce : basically early game is just dodge, rejuv, shadows?[0m
[14:15] [0m<BS> Prismal : I wonder if we could convince Frank to increase our guild[0m
[14:15] [0m               light based on your magic skills[0m
[14:15] [0m<BS> Xiu : yeah those are your core gxp and tanking powers[0m
[14:15] [0m<BS> Prismal : would be nice if at max level it could be a +5 light[0m
[14:15] [0m<BS> Darkforce : i dont think any guild gets +5 light[0m
[14:15] [0m<BS> Darkforce : maybe priest?[0m
[14:15] [0m<BS> Xiu : should add a radiance rune for +light[0m
[14:16] [0m<BS> Zokko : wait radiance is +light?[0m
[14:16] [0m<BS> Zokko : why have i been buying space rocks[0m
[14:16] [0m<BS> Darkforce : he's suggesting[0m
[14:16] [0m<BS> Zokko : oh[0m
[14:16] [0m<BS> Zokko : i was about to go postal on prismal :)[0m
[14:16] [0m<BS> Xiu : if you mean the eternals thing no it's not light but it should be[0m
[14:16] [0m<BS> Prismal : wtf? I'm not even your recruiter![0m
[14:16] [0m<BS> Darkforce : poor prismal[0m
[14:17] [0m<BS> Zokko : lol[0m
[14:17] [0m<BS> Darkforce : gets blamed for everything[0m
[14:17] [0m<BS> Xiu : 3k is weird about light. ppl were talking about that just the[0m
[14:17] [0m           other day, how having a light is treated as more of a big deal[0m
[14:17] [0m           than it should be.[0m
[14:18] [0m<BS> Darkforce : i bet necros can make light[0m
[14:18] [0m<BS> Darkforce : so no other guild could[0m
[14:18] [0m<BS> Darkforce : thats the usual 3k reasoning[0m
[14:18] [0m<BS> Lachlan : yet they stick moon rocks in a 'very' accessible place... so[0m
[14:18] [0m               its already available for all, but "NO, no guild lights!"[0m
[14:19] [0m<BS> Fennec : i thought elementals could. but it's been a really long time[0m
[14:19] [0m              since i've been in that guild.[0m
[14:19] [0m<BS> Xiu : i think fire elementals are a light[0m
[14:19] [0m<BS> Fennec : yeah.[0m
[14:19] [0m<BS> Darkforce : fire and spirit+ can make infinite light[0m
[14:19] [0m<BS> Prismal : I mean we have a light, it just a crappy +1 though[0m
[14:20] [0m<BS> Darkforce : costs 1 nrg/rd/light i think[0m
[14:20] [0m<BS> Darkforce : maybe exponentially though[0m
[14:20] [0m<BS> Darkforce : flare 30, -> 0 energy instantly[0m
[14:23] [0m<BS> Lachlan : for the longest time, I'd just use the jsword light and[0m
[14:23] [0m               +faerielight for a +3 or 4, whatever it is, jsword by itself[0m
[14:23] [0m               only gives you 1+ on LOS but with faerielight it gives you[0m
[14:23] [0m               2+.[0m
[14:23] [0m<BS> Lachlan : now i just get rocks[0m
[14:37] [0m[34;1mFlaxen shouts:[0m Zellidead[0m
[14:43] [0m<BS> Lachlan : damnit... wth[0m
[14:43] [0m<BS> Lachlan : portal keeps freezing on me[0m
[14:43] [0m<BS> Fennec : boooo.[0m
[14:43] [0m<BS> Xiu : oh how fun[0m
[14:43] [0m<BS> Lachlan : ctl J like every 10 rounds[0m
[14:46] [0m<BS> Lachlan snorts in derision, killed by scaler 90 Zelly. BAH![0m
[14:46] [0m<BS> Xiu : i don't think i've ever had to ctrl-j[0m
[14:46] [0m<BS> Lachlan : portal gets glitchy when I have too many programs running[0m
[14:47] [0m<BS> Lachlan : then I have to ctlj often[0m
[14:47] [0m<BS> Xiu : gonna guess it has something to do with that boreland database[0m
[14:47] [0m           thing[0m
[14:49] [0m<BS> Lachlan : nfc, but its annoying. specially cause this laptop is a Dell[0m
[14:49] [0m               XPS 15. $2300... handle it, damn it![0m
[14:49] [0m<BS> Lachlan : i7, 16g ram... good graphics card[0m
[14:50] [0m<BS> Xiu : sadly no amount of power can overcome crap code[0m
[14:50] [0m<BS> Din : wonder what the chokepoint is on borland[0m
[14:50] [0m<BS> Din : cpu? ram? disk access speed?[0m
[14:50] [0m<BS> Xiu : i know where i'd like it to be; my hands around the throat of[0m
[14:50] [0m           whoever thought it was a good idea[0m
[14:50] [0m<BS> Fennec : having my kiddo download portal for his pc, we think it'll be[0m
[14:50] [0m              much easier for him to navigate and recruit his friends if he[0m
[14:50] [0m              uses something easier than tt++.[0m
[14:51] [0m<BS> Darkforce : oh right, we're all old now and people have kids[0m
[14:51] [0m<BS> Darkforce : instead of being the kids[0m
[14:51] [0m<BS> Din : i've tried quite a few other clients, but keep going back to[0m
[14:51] [0m           portal.  just too much easy, convenient stuff i don't want to[0m
[14:51] [0m           bother trying to figure out how to add to others[0m
[14:52] [0m<BS> Fennec : i don't blame you[0m
[14:52] [0m<BS> Darkforce : i use zmud 4.62 :)[0m
[14:54] [0m<BS> Din : my main things are the numpad for moving around and being able to[0m
[14:54] [0m           string commands together with ;.  and just that i'm used to how[0m
[14:54] [0m           aliases and events work in portal[0m
[14:54] [0m<BS> Xiu : pretty much same here[0m
[14:54] [0m<BS> Xiu : plus i've never been able to get another client's mapper to work[0m
[14:54] [0m           right[0m
[14:55] [0m<BS> Din : boo... 3 angels in and not a single piece of gear yet[0m
[14:55] [0m<BS> Din : drop rate on this stuff is generally surprisingly high[0m
[14:57] [0m<BS> Prismal : cmud mapper is the best, but you want to turn off the compass[0m
[14:57] [0m               thing[0m
[14:57] [0m<BS> Prismal : for cmud if I'm mapping an area I usuall switch to running in[0m
[14:57] [0m               brief off no[0m
[14:58] [0m<BS> Darkforce : i just memorize all the areas[0m
[14:58] [0m<BS> Darkforce : in my brain[0m
[14:58] [0m<BS> Prismal : do that and I've never had a problem[0m
[14:58] [0m<BS> Fennec : i don't remember anything at all, so i have to write it all[0m
[14:58] [0m              down. :)[0m
[14:58] [0m<BS> Xiu : never used cmud, it's a pay thing right?[0m
[14:58] [0m<BS> Din : same darkforce, though i do use the mapper for a couple. [0m
[14:58] [0m           der'thalas, dragon realms..[0m
[14:58] [0m<BS> Darkforce : $20 or something? idk, i didn't like the newer versions[0m
[14:58] [0m<BS> Fennec : and prismal, i'm being told that tintin is the best mapper. :p[0m
[14:59] [0m<BS> Darkforce : 4.62 is sleek! stylish![0m
[14:59] [0m[34;1mWound shouts:[0m WOO WOO[0m
[14:59] [0m[34;1mTo shouts:[0m wooooooooooooooooooooooo[0m
[14:59] [0m[34;1mDrax shouts:[0m Woo![0m
[15:00] [0m<BS> Xiu : when i used zmud (god help me, what an effing mess all the way[0m
[15:00] [0m           around) the mapper refused to behave. sometimes it would track my[0m
[15:00] [0m           location and then the next time thru the same area it would just[0m
[15:00] [0m           stop in one room and act as if i didn't move after that. for no[0m
[15:00] [0m           reason i could discern. with portal i've never had an issue[0m
[15:00] [0m           mapping or following[0m
[15:00] [0m<BS> Darkforce : yea i never bothered with zmuds mapper[0m
[15:01] [0m<BS> Darkforce : seemed to have trouble with hidden exits and also you[0m
[15:01] [0m                 walking into walls[0m
[15:01] [0m<BS> Xiu : certain areas are just too funky for me to run without a mapper.[0m
[15:01] [0m           like sections that look the same as far as what dirs there are[0m
[15:01] [0m           but you could be in this section vs that one and if you forget[0m
[15:01] [0m           then you're totally turned around[0m
[15:01] [0m<BS> Darkforce : so i gave up and just memorized everything instead[0m
[15:01] [0m<BS> Darkforce : but guys, my tree looks so treelike[0m
[15:02] [0m<BS> Darkforce : worth mapping![0m
[15:02] [0m<BS> Xiu : heh-heh[0m
[15:02] [0m<BS> Fennec : that's really cool!![0m
[15:02] [0m<BS> Din : terra hits too hard[0m
[15:02] [0mCrankshaft flaps : The lag! It buuuuurrrnnnses us, preciouss![0m
[15:02] [0m<BS> Din : layout is cool tho[0m
[15:03] [0m<BS> Darkforce : look, i can't control numbers :)[0m
[15:03] [0m<BS> Xiu : i'm really glad i mapped bigpedes because i'd never have realized[0m
[15:03] [0m           it was in the shape of a big ass centipede[0m
[15:03] [0m<BS> Lachlan : 3 days into boot and I finally got a headband[0m
[15:03] [0m<BS> Darkforce : personally, i'd tone terra way down at lower scalers, but[0m
[15:03] [0m                 whatevs. i'm not a wizard. i just draw trees[0m
[15:05] [0m<BS> Lachlan : wow... lag is crazy right now[0m
[15:05] [0m<BS> Xiu : that moment when i'm about to make a joke that Terra's too bs[0m
[15:05] [0m           because i have to peace her then i remember that i can actually[0m
[15:05] [0m           peace her.[0m
[15:05] [0mLachlan flaps : umm, Hello Lag, can you go back to your hole.[0m
[15:06] [0mSimonz flaps : that was hyuga stacking all of MF2[0m
[15:07] [0mHyuga flaps : i stacked your MOM[0m
[15:08] [0m<BS> Lachlan : anyone take cmc3?[0m
[15:08] [0m<BS> Lachlan : tag[0m
[15:08] [0mHyuga flaps : eep that is a lot of cpu. i swear it isnt me :/[0m
[15:08] [0mBarian flaps : medusa porn[0m
[15:08] [0m<BS> Lachlan : nm... Im sleepy[0m
[15:08] [0mHyuga flaps : all i have is a cocoon![0m
[15:08] [0m<BS> Lachlan : I never tagged. LOL[0m
[15:09] [0m<BS> Xiu : tag last boot?[0m
[15:09] [0mRasputin flaps : whome released the lag monster?[0m
[15:09] [0mHyuga flaps : oh and the rings. the rest is all nobreak :p[0m
[15:09] [0mKnull flaps : its obviously the power of glvl 5 sii[0m
[15:10] [0mHyuga flaps : assuming nobreak eq does not roll for dmg[0m
[15:10] [0mEli flaps : why is everyone making comments about medusa? I feel like I[0m
[15:10] [0m            super missed something[0m
[15:10] [0mTerran flaps : fancy ansi art earlier[0m
[15:10] [0mHyuga flaps : ascii porn show earlier[0m
[15:10] [0mEli flaps : ah[0m
[15:10] [0mRasputin flaps : it was awesome. she turned every male mudder into stone ;)[0m
[15:10] [0mVoodoo flaps : turnhold was medusa'd and finally got hard[0m
[15:11] [0mHyuga flaps : i was rock hard[0m
[15:11] [0m<BS> Lachlan : good question, maybe[0m
[15:11] [0m<BS> Lachlan : you have a day3?[0m
[15:11] [0m<BS> Lachlan : maybe I could try a dupe[0m
[15:11] [0m<BS> Xiu : me, no?[0m
[15:12] [0m<BS> Lachlan : lol[0m
[15:12] [0m<BS> Xiu : i wasn't invited all the cool kids probably got it and they're[0m
[15:12] [0m           hoarding it while they sit and smoke reefer at the edge of the[0m
[15:12] [0m           playground[0m
[15:13] [0m<BS> Darkforce : sounds legit[0m
[15:19] [0m<BS> Lachlan : WOOOoooo found that stupid rogue priest trigger[0m
[15:20] [0m<BS> Lachlan : no woos for fennec. :P[0m
[15:20] [0m<BS> Taris : Nope.  We're all a bunch of haters.[0m
[15:20] [0m<BS> Fennec : that's okay, haters gonna hate.[0m
[15:21] [0m<BS> Xiu : guess i missed something so woo![0m
[15:21] [0m<BS> Fennec : grin. no worries. :)[0m
[15:22] [0m<BS> Xiu : i usually like to keep track of what new ppl raise so i can see[0m
[15:22] [0m           if they fall into my traps or not. er i mean follow my advice.[0m
[15:22] [0m<BS> Taris : heh[0m
[15:25] [0m<BS> Taris : Looks like I'm about 2/3 of the way through reforger level 64. [0m
[15:25] [0m             Next level I can reforge loads.  FakeBsMeNow[0m
[15:25] [0m<BS> Din : sweet[0m
[15:25] [0m<BS> Lachlan : Reforger Level 1. Woo me[0m
[15:26] [0m<BS> Lachlan : switched from Vet 64. sigh[0m
[15:26] [0m<BS> Xiu : i tried to join reforger but it said i had to do forger first.[0m
[15:26] [0m<BS> Din : oh i haven't transmuted anything this boot...[0m
[15:27] [0m<BS> Xiu : high level reforgers should get a bonus on the blacksmithing[0m
[15:27] [0m           quality RNG[0m
[15:28] [0m<BS> Taris : All right folks, get your death mocks ready.  I'm going to see[0m
[15:28] [0m             if blur makes Zelligar a viable option.[0m
[15:28] [0m<BS> Fennec : good luck!![0m
[15:28] [0m<BS> Xiu : *finger hovering above the rez button*[0m
[15:28] [0m<BS> Lachlan : gluck...[0m
[15:28] [0m<BS> Lachlan : set that wimpy high... 70%+[0m
[15:29] [0m<BS> Taris : Yeah, wimpy was only at 55%[0m
[15:29] [0m<BS> Lachlan : lots of bouncing, better than lots of dying.[0m
[15:29] [0m<BS> Taris : Turned it up, set my wimpydir the correct direction just in[0m
[15:29] [0m             case of shenanigans.[0m
[15:29] [0m<BS> Lachlan : nog[0m
[15:30] [0m<BS> Taris : The one time I tested blur it was against an angel.  I got[0m
[15:30] [0m             rocked pretty good.[0m
[15:30] [0m<BS> Din : i use an alias for 'evade 900' and set it to whatever direction[0m
[15:30] [0m           before each fight[0m
[15:30] [0m<BS> Taris : But Zell does physical damage as far as I know so...  I have a[0m
[15:30] [0m             LOT better AC in that area.[0m
[15:31] [0m<BS> Din : got something set up in the client to scall his summoned golems?[0m
[15:31] [0mSimonz flaps : zombie reset in about half an hour, fyi so you can plan[0m
[15:31] [0m               accordingly[0m
[15:31] [0m<BS> Lachlan : yeah that can help too[0m
[15:33] [0m<BS> Taris : Peaced Zelligar.  Gonna kill the golems.[0m
[15:33] [0m<BS> Din : oh?  for some reason i thought he was peace-proof[0m
[15:33] [0m<BS> Lachlan : zelly heals...[0m
[15:33] [0m<BS> Din : and yeah, his regen is insane[0m
[15:33] [0m<BS> Taris : This is a level 74 Zelligar so it's not as serious as you[0m
[15:33] [0m             think.[0m
[15:33] [0m<BS> Lachlan : so by the time you kill golems, chance hes back to full[0m
[15:33] [0m<BS> Lachlan ahhs[0m
[15:33] [0m<BS> Taris : I just know that I can't tank shit.[0m
[15:34] [0m<BS> Taris : In the interests of my own longevity, especially with the[0m
[15:34] [0m             bounces, I figured I'd take the hit now and whack the golems.[0m
[15:34] [0m<BS> Fennec : are bladesingers not good at tanking? or it depends on skills?[0m
[15:35] [0m<BS> Taris : We're trash tanks.[0m
[15:35] [0m<BS> Taris : up to a point[0m
[15:35] [0m<BS> Din : we're ok, pretty solid once you hit 65, better with glvls after[0m
[15:35] [0m           that[0m
[15:35] [0m<BS> Taris : I'm not to that point.[0m
[15:35] [0m<BS> Lachlan : low is fine, mid tanking is not so great, then mid-top (glvl[0m
[15:35] [0m               65+) is good to great (300+ glvl)[0m
[15:35] [0m<BS> Lachlan : I mean look at Xiu... mans a damn killing machine and Prismal[0m
[15:35] [0m               at glvl 800 is not too far behind[0m
[15:36] [0m<BS> Xiu : we've got some of if not the best tanking mechanincs in the game.[0m
[15:36] [0m           the scaling is fairly top heavy atm[0m
[15:36] [0m<BS> Din : of the ac items, i only got 2 pieces the whole run of angels but[0m
[15:36] [0m           at least it was 2 of the 4 i wanted[0m
[15:36] [0m<BS> Lachlan : the toughest part of Blades is the glvl run from 30 to 65.[0m
[15:36] [0m<BS> Taris : The golems at this level are 425K and they're easy peasy.  When[0m
[15:36] [0m             I go into level 100 smurfs however, I still have to leave the[0m
[15:36] [0m             room once against Gargamel and Azrael.[0m
[15:36] [0m<BS> Din : that is a long dead zone[0m
[15:36] [0m<BS> Din : only thing to look forward to in there is blur at 40[0m
[15:37] [0m<BS> Lachlan : Tons of skills to raise, 35 glvls and no real power/gxp[0m
[15:37] [0m               increases... so its a terrible long slog at a slowish rate.[0m
[15:37] [0m<BS> Din : at least glvl costs stop going up in the early 40s[0m
[15:37] [0m<BS> Din : so there's that[0m
[15:37] [0m<BS> Taris : Interesting.  Freeform is not the ideal combat mode.[0m
[15:37] [0m<BS> Lachlan : yeah, glvl costs stabilize and then never change[0m
[15:37] [0m<BS> Xiu : a lot of ppl make it longer by getting bogged down in skills[0m
[15:37] [0m<BS> Lachlan did[0m
[15:38] [0m<BS> Din : i did pre-restore[0m
[15:38] [0m<BS> Fennec : you mean they just focus on raising the skills and not glvls?[0m
[15:38] [0m<BS> Din : after the restore i got shadows, a little bit of rune skills, and[0m
[15:38] [0m           shot for 65[0m
[15:38] [0m<BS> Lachlan had all most skills maxed pre-65. Only had 4-5 to max at 65[0m
[15:38] [0m<BS> Taris : Yeah. no way.  But hey, sometimes you gotta try stuff.[0m
[15:38] [0m<BS> Din : back then skills maxed at 15[0m
[15:39] [0m<BS> Din : 'unnatural'[0m
[15:39] [0m<BS> Darkforce : skills go over 15 now?[0m
[15:39] [0m<BS> Lachlan : better to shoot for 65 as quick as possible and only raise[0m
[15:39] [0m               what you need. As Xiu has said, leave runing till 65, and use[0m
[15:39] [0m               Corath until then.[0m
[15:39] [0m<BS> Lachlan : yes 17[0m
[15:39] [0m<BS> Din : to 17, but the costs are extreme[0m
[15:39] [0m<BS> Lachlan : fricken like 3-15 glvls worth[0m
[15:39] [0m<BS> Xiu : raising skills _should_ always be a good idea but with our system[0m
[15:39] [0m           it only is up till a point where the cost:benefit ratio works[0m
[15:39] [0m           against you. getting powers is the key thing. once you have the[0m
[15:39] [0m           pwoers then you fill out skills to make them a bit better.[0m
[15:39] [0m<BS> Darkforce : haha[0m
[15:39] [0m<BS> Fennec : oh yeah, prismal mentioned that 2 more were added.[0m
[15:39] [0m<BS> Darkforce : should just be a different gxp system honestly, but whatevs[0m
[15:40] [0m<BS> Din : the skill system definitely needs work[0m
[15:40] [0m<BS> Taris : I'm one of the skills guys.  My combat and casting skills are[0m
[15:40] [0m             ...  a lot higher than they absolutely need to be at my glvl.[0m
[15:40] [0m<BS> Xiu : the gxp system i don't have a problem with but yeah skills are on[0m
[15:40] [0m           an outdated low-cap system[0m
[15:40] [0m<BS> Lachlan : well we all were back then... the top end was 65... so you[0m
[15:40] [0m               back out that progression and it made sense[0m
[15:41] [0m<BS> Lachlan : now with skills, tanking, glvl upgrades.. better to run to 65[0m
[15:41] [0m<BS> Darkforce : when do i get form doom and wheel?[0m
[15:41] [0m<BS> Lachlan : look at Zokko.. made 65 in 100 combat days or something, took[0m
[15:41] [0m               me like 300 or something stupid[0m
[15:42] [0m<BS> Din : when you decide to fart around on 3s instead[0m
[15:42] [0m<BS> Darkforce : i have them there :([0m
[15:42] [0m<BS> Lachlan : or just fart around. :P[0m
[15:42] [0m<BS> Xiu : plus the guild was sorta "intended" to be set up where you'd need[0m
[15:42] [0m           to jump thru the hoops of runes inscribed and donates and[0m
[15:42] [0m           recruits before 65 gave you anything. so just racing to it[0m
[15:42] [0m           without being able to get into shadows would be pointless back[0m
[15:42] [0m           then[0m
[15:42] [0m<BS> Lachlan : ah, yes true.[0m
[15:42] [0m<BS> Din : yeah, the requirements for shadow lodge without a player bypass[0m
[15:42] [0m           are intense[0m
[15:42] [0m<BS> Lachlan : Cloak of Shadows was a secret and you had to figure out how[0m
[15:42] [0m               to get it[0m
[15:43] [0mSimonz flaps : revising that estimate down, reset in < 10min[0m
[15:43] [0m<BS> Darkforce : You are now ready to dance The Wheel weaves a pattern in[0m
[15:43] [0m                 combat.[0m
[15:43] [0m<BS> Din : woo, raph reset already[0m
[15:43] [0m<BS> Lachlan : why cant I join shadow lodge? Response: Mystery, keep trying.[0m
[15:43] [0m               Bwhahahaa[0m
[15:43] [0m<BS> Xiu : yeah[0m
[15:43] [0m<BS> Lachlan : DF... nice reference. I wish they had some WoT forms.[0m
[15:44] [0m<BS> Xiu : just get glevel 35 and your mode can be whatever you want[0m
[15:45] [0m<BS> Xiu : well you need a bit of mastery too but by then you should have it[0m
[15:48] [0m<BS> Taris : So, for anyone curious, Zelligar hit me for a lot of[0m
[15:48] [0m             pulverizes/trounces/massacres while blur was turned on. [0m
[15:48] [0m             Drained my SP/SO like crazy.  Moreover, my damage output is[0m
[15:48] [0m             nowhere near what it would need to be to actually kill him.[0m
[15:48] [0m<BS> Taris : So yes, blur puts in serious work.  No I can't kill a "real"[0m
[15:48] [0m             bad guy.  :)[0m
[15:49] [0m<BS> Zokko : uh i tested blur on Terra, it was the only way to survive the[0m
[15:49] [0m             8k hits, and i still died 5x killing her[0m
[15:51] [0mSimonz flaps : zombie reset in 2min[0m
[15:54] [0mSimonz flaps : last call[0m
[15:54] [0mRasputin flaps : 2 beers and a vodka please[0m
[15:54] [0mZik flaps : 151 or bust[0m
[15:54] [0mUkyo flaps : Two shots of vodka. . . *glug glug glug glug glug*[0m
[15:55] [0mTaris flaps : Generally after I drink 151 it is a bust.[0m
[15:55] [0mSimonz flaps : done[0m
[16:00] [0m<BS> Taris : I only get the 3 resets so even if I ran them all back to back[0m
[16:00] [0m             to back (which I don't have enough NE for) I'd still be ass[0m
[16:00] [0m             out.  At least, against Zelligar anyway.[0m
[16:00] [0m<BS> Taris : In the meantime, I've moved on to chessboard.  These things[0m
[16:00] [0m             don't hit nearly as hard.  :)[0m
[16:01] [0m<BS> Fennec : chessboards for everyone![0m
[16:01] [0m<BS> Din : no thanks[0m
[16:01] [0m<BS> Din : those specials are nasty.  I prefer zombies[0m
[16:01] [0m<BS> Xiu : mahjongg![0m
[16:02] [0m<BS> Fennec : i like that one too. everyone bow to the princess![0m
[16:02] [0m<BS> Din : never tried that one[0m
[16:02] [0m<BS> Lachlan : rims, zombies, golems, smurfs in that order of preference. :P[0m
[16:02] [0m<BS> Xiu : it doesnt' scale but it's awesome for the 20k~40k phase[0m
[16:02] [0m<BS> Taris : Level of scaler is a factor.  I'm only fighting at 82 which is[0m
[16:02] [0m             the bottom end of when they jump to 7 figure critters.[0m
[16:03] [0m<BS> Taris : So I'm not catching big hurt from chess specials.[0m
[16:03] [0m<BS> Fennec : mine is set at 21. mine are tiny. :)[0m
[16:06] [0m<BS> Taris : Okay, this pawn is giving me the business.  Perhaps I spoke too[0m
[16:06] [0m             soon.[0m
[16:08] [0m<BS> Din : pawns have ice specials if i rem right[0m
[16:08] [0m<BS> Taris : That's correct.[0m
[16:17] [0mSimonz flaps : taking pre-orders for gems for next boot.  superior major[0m
[16:17] [0m               gems, 50k/per[0m
[16:17] [0mBarian flaps : go legendary :P[0m
[16:18] [0mSimonz flaps : 500k/per[0m
[16:18] [0m<BS> Xiu : blue/blue ring in[0m
[16:18] [0m<BS> Taris : Is that the new ring?[0m
[16:18] [0m<BS> Xiu : yeah[0m
[16:18] [0mRasputin flaps : how about zirconias? they cheaper? lol[0m
[16:18] [0mSimonz flaps : but the difference in gemchanting legendary major vs superior[0m
[16:18] [0m               major is 9 vs 8, hardly worth it[0m
[16:18] [0mUkyo flaps : wrong line, yo. craft ftw[0m
[16:18] [0mUkyo <Craft>: I don't want to craft ... I want to be a LUMBERJACK!![0m
[16:19] [0mSimonz flaps : nah, not everyone is on craft line, but everyone can gemchant[0m
[16:19] [0m<BS> Taris : So what makes it special?  Ring of Hearts has mskills and SMD,[0m
[16:19] [0m             blue/blue is ...?[0m
[16:19] [0m<BS> Din : sp regen[0m
[16:19] [0m<BS> Din : no ac tho[0m
[16:19] [0m<BS> Din : or smd apparently[0m
[16:20] [0mUkyo <Craft>: hrm. craftwho doesn't have a subtotal of peeps[0m
[16:20] [0m<BS> Xiu : the colors are red; hp regen, blue; sp regen, green; ac, white;[0m
[16:20] [0m           random evade. the ring takes 2 colored seeds, can be the same or[0m
[16:20] [0m           mixed.[0m
[16:21] [0m<BS> Taris : So for general consumption, green/white is the winner.[0m
[16:21] [0mSimonz flaps : also, we should pool together and get an ogotaz bless next[0m
[16:21] [0m               boot[0m
[16:21] [0mSimonz flaps : maybe more than one, heh[0m
[16:21] [0mBarian flaps : those big spenders got 15mil[0m
[16:22] [0mSimonz flaps : nm, cooldown on how often it can go[0m
[16:22] [0m<BS> Xiu : stacking these blue ones makes a big difference for me[0m
[16:23] [0m<BS> Xiu : i'm currently getting like 68~75 sp per tic without mystic[0m
[16:23] [0m           running[0m
[16:24] [0m<BS> Din : wow[0m
[16:24] [0m<BS> Xiu : mystic adds another 60ish per tic when running[0m
[16:24] [0mAdalius flaps : There's enough money in game right now to buy every autoboon[0m
[16:24] [0m                7 times. Just sayin.[0m
[16:24] [0m<BS> Taris : Yeah, when I was dorking around with the Mage gobj, upgraded[0m
[16:24] [0m             mystic was sick.[0m
[16:25] [0mRasputin flaps : only 7 times? slackers[0m
[16:25] [0mElminster flaps : can you just start taxing us?[0m
[16:25] [0mSquirrel flaps : auction doesn't tax enough?[0m
[16:25] [0mTaris flaps : ha[0m
[16:25] [0mWert flaps : thievery![0m
[16:26] [0m[34;1mHooligan shouts:[0m dont like man hands on my coin purse...[0m
[16:27] [0m[34;1mFennec shouts:[0m don't worry men, I'll get his coin purse for you.[0m
[16:29] [0m[34;1mAdalius shouts:[0m Elminster works for Ogotaz. If you don't want him to rough[0m
[16:29] [0m                you up, maybe toss some coins Ogotaz's way.[0m
[16:43] [0m<BS> Lachlan : wait. 9... Seriously 9 blades on? We're overlimit. Last one[0m
[16:43] [0m               'not it' has to leave. NOT IT.[0m
[16:43] [0m<BS> Taris chuckles[0m
[16:44] [0m<BS> Taris : So in my infinite wisdom, I've decided that since dad wants a[0m
[16:44] [0m             new hunting rifle, I'm going to pick one for him for his[0m
[16:44] [0m             birthday.[0m
[16:45] [0m<BS> Taris : I think I found the right one but it's 1100 frekin' dollars[0m
[16:45] [0m             before I put an optic on it.[0m
[16:45] [0m<BS> Din : what does he hunt?[0m
[16:45] [0m<BS> Taris : deerz[0m
[16:45] [0m<BS> Fennec : how much does the optic cost?[0m
[16:45] [0m<BS> Taris : a 6-9x40 from leupold or vortex is probably in the $300 range[0m
[16:46] [0m<BS> Taris : Ain't no sense in getting him a tack-driver rifle and putting[0m
[16:46] [0m             shit optics on it.[0m
[16:46] [0m<BS> Xiu : get him a clan tech gauss rifle, that'll show them deer who's[0m
[16:46] [0m           boss.[0m
[16:46] [0m<BS> Din : 30.06?[0m
[16:46] [0m<BS> Taris : .243, actually[0m
[16:47] [0m<BS> Taris : My father, despite having a good 40 pounds on me, is somewhat[0m
[16:47] [0m             recoil averse.[0m
[16:47] [0m<BS> Taris : So I'm thinking good .243 + optic, kknowing that he won't be[0m
[16:47] [0m             shooting further than maybe 150 yards.  Light recoil,[0m
[16:47] [0m             outstanding terminal ballistics.[0m
[16:47] [0m<BS> Xiu : lasers have negligible recoil. just putting that out there.[0m
[16:47] [0m<BS> Fennec : i agree with xiu.[0m
[16:48] [0m<BS> Taris : I've been playing the 3025 Commander's Edition mod for[0m
[16:48] [0m             Battletech and I found two gauss rifles (IS tech) but I don't[0m
[16:48] [0m             have anything I can mount the big bastards on.[0m
[16:49] [0m<BS> Fennec : y'all are mixing real life weaponry talk with game weaponry[0m
[16:49] [0m              talk, right?[0m
[16:49] [0m<BS> Xiu : heh yeah[0m
[16:49] [0m<BS> Taris : No, we're mixing game weapons with actual guns.[0m
[16:49] [0m<BS> Fennec : got it![0m
[16:49] [0m<BS> Taris : He's only ever going to shoot targets and deer and maybe the[0m
[16:49] [0m             odd coyote with it.  That's hardly weaponized.[0m
[16:50] [0m<BS> Taris : I do understand the recoil aversion though.  When I was 17 or[0m
[16:50] [0m             so I got cracked in the forehead with a scope on a .270 because[0m
[16:50] [0m             I didn't really know what I was doing.[0m
[16:50] [0m<BS> Fennec : i vote for a compound bow then...you don't get recoil with[0m
[16:50] [0m              those, right?[0m
[16:51] [0m<BS> Darkforce : you should get him a gunblade[0m
[16:51] [0m<BS> Taris : A compound bow he already has.[0m
[16:51] [0m<BS> Darkforce : i wanted to get you a gun, but also honor my elven[0m
[16:51] [0m                 ancestors. gunblade.[0m
[16:51] [0m<BS> Taris : And although he's decent with a bow, he's in his 60s.  He's not[0m
[16:51] [0m             got the strength of a young man.  He's not getting frail yet or[0m
[16:51] [0m             anything, but bow hunting is rowdy.[0m
[16:52] [0m<BS> Taris : You gotta practice a LOT.  There's some strength required.[0m
[16:52] [0m<BS> Din : and you don't really want to hunt that way unless you can do it[0m
[16:52] [0m           well enough[0m
[16:52] [0m<BS> Darkforce : all i know about guns is shooting them is fun[0m
[16:52] [0m<BS> Fennec : isn't that the point? make it a challenge to progress and show[0m
[16:52] [0m              your skill?[0m
[16:53] [0m<BS> Taris : No?[0m
[16:53] [0m<BS> Taris : I mean, I'm sure it is for some folks but I'm putting meat in[0m
[16:53] [0m             the freezer.[0m
[16:53] [0m<BS> Din : you need to progress your ability with the bow quite a bit before[0m
[16:53] [0m           you go out hunting with it.  If you can't hit where you want, you[0m
[16:53] [0m           end up just wounding the animal and drawing it out[0m
[16:53] [0m<BS> Fennec : makes sense.[0m
[16:54] [0m<BS> Zokko : thats when the fun begins[0m
[16:54] [0m<BS> Din : or more likely, wounding it and then losing an arrow[0m
[16:54] [0m<BS> Taris : The deer I got last year was a pretty good sized doe, shot her[0m
[16:54] [0m             at just shy of 90 yards.  70 grain solid copper 5.56, went[0m
[16:54] [0m             through both lungs.  It didn't go far.[0m
[16:54] [0m<BS> Taris : I still have a little bit of her left in the freezer.[0m
[16:55] [0m<BS> Din : solid copper?  interesting.  i'm familiar with solid brass, but[0m
[16:55] [0m           hadn't heard of people using copper[0m
[16:55] [0m<BS> Taris : Barnes Vor-Tx.[0m
[16:55] [0m<BS> Darkforce : man xiu really loves sp regen profs[0m
[16:56] [0m<BS> Din : i haven't hunted in probably 30 years, but i used to work for a[0m
[16:56] [0m           company that sold supplies.  nice barrels, scopes, stuff for[0m
[16:56] [0m           making your own ammo/reloading, etc[0m
[16:57] [0m<BS> Taris : For the 5.56 I use a 70 grain Barnes, for the .30-06 I use a[0m
[16:57] [0m             165 grain Federal Fusion.  For the size of critter I'm[0m
[16:57] [0m             shooting, at the distances I'll shoot, the latter is probably a[0m
[16:57] [0m             touch overkill.[0m
[16:58] [0m<BS> Fennec : i have never hunted, but your old job sounds pretty cool, din.[0m
[16:58] [0m              and all of your weaponry sounds very fancy, taris![0m
[16:59] [0m<BS> Taris : I spent a fair chunk o' change on guns before I got married,[0m
[16:59] [0m             yes.[0m
[17:00] [0m<BS> Lachlan : Never even held one. Wife uses a Beretta Storm, special[0m
[17:00] [0m               edition for law enforcement in Canada though[0m
[17:00] [0m<BS> Taris : The .30-06 I bought because it's suitable for basically all[0m
[17:00] [0m             (non-dangerous) big game in North America.[0m
[17:00] [0m<BS> Din : the job actually sucked.  They were super strict about the[0m
[17:00] [0m           timeclock.  Like, if you're 1 minute late coming back from break[0m
[17:00] [0m           3 times in 2 months, you're fired.  Doesn't matter if you've been[0m
[17:00] [0m           there a week or 30 years[0m
[17:00] [0m<BS> Taris : And since I move a lot (thanks job!) I don't always know where[0m
[17:00] [0m             I'll be in hunting season.[0m
[17:01] [0m<BS> Din : did learn some interesting stuff tho[0m
[17:01] [0m<BS> Taris : Of course, when I was out in TX (Mule Deer, Javelina, Boar) I[0m
[17:01] [0m             was in command so I never had time off.[0m
[17:01] [0m<BS> Fennec : your wife is awesome, lachlan.[0m
[17:01] [0m<BS> Taris : The storm is a good pistol.[0m
[17:01] [0m<BS> Fennec : what do you do, taris?[0m
[17:02] [0m<BS> Taris : I'm a logistics officer in the Army.  Currently I teach at Old[0m
[17:02] [0m             Dominion University.[0m
[17:02] [0m<BS> Fennec : well that sounds fun![0m
[17:03] [0m<BS> Taris : It is.  Because of my seniority this is probably the last time[0m
[17:03] [0m             I'll actually have direct interaction as a trainer with a large[0m
[17:03] [0m             audience.[0m
[17:07] [0m<BS> Lachlan : thanks Fennec... she's pretty amazing, vismin keeping us[0m
[17:07] [0m               safe. :P[0m
[17:07] [0m<BS> Lachlan : She fights with weps, I fight with words. :P[0m
[17:08] [0m<BS> Darkforce : but does she look as good in a bikini as lachlan? unlikely[0m
[17:08] [0m<BS> Fennec : lol![0m
[17:08] [0m<BS> Taris : heh[0m
[17:08] [0m<BS> Lachlan : bwhahaha... me in a bikini is a scary thought, even to[0m
[17:08] [0m               myself.[0m
[17:08] [0m<BS> Taris : Don't let your dingle dangle dangle in the dirt.  Pick up your[0m
[17:08] [0m             dingle dangle, stuff it in your shirt.[0m
[17:09] [0m<BS> Taris : Give Lachlan a ticket for exceeding the speedo limit.[0m
[17:09] [0m<BS> Fennec : see taris knows what to do when wearing a bikini![0m
[17:10] [0m<BS> Taris grab his testicles and screams like Beavis: Ow, my liver!  My[0m
[17:10] [0m           liver![0m
[17:11] [0m<BS> Taris pokes his Spaser mastery: Bro, do you even advance?[0m
[17:12] [0m<BS> Taris : Me and my damned skill-chipped monosword...[0m
[17:13] [0m<BS> Lachlan : heh[0m
[17:14] [0m<BS> Lachlan : my dingle berries seem to droop more these days, I feel like[0m
[17:14] [0m               its yet another sign of my aging.[0m
[17:14] [0m<BS> Taris : No shit, there I was.  Kuwait.  Their toilets don't have the[0m
[17:14] [0m             same water flow as ours.[0m
[17:15] [0m<BS> Taris : It comes out of a hole in the back of the toilet and kinda[0m
[17:15] [0m             shoots across to the other side of the bowl letting gravity[0m
[17:15] [0m             create the swirl effect.[0m
[17:15] [0m<BS> Lachlan : shooting you in the hole?[0m
[17:15] [0m<BS> Lachlan : bidet style?[0m
[17:16] [0m<BS> Taris : Alas, the water tower sits in the sun all day so there's no[0m
[17:16] [0m             such thing as cold water.  As such, when you give yourself a[0m
[17:16] [0m             courtesy flush, your floppy ball bag gets blasted by a stream[0m
[17:16] [0m             of hot water and while you're in shock the toilet bcomes a[0m
[17:16] [0m             swirly sauna for your sack.[0m
[17:16] [0m<BS> Lachlan is dying right now... gawd that's funny[0m
[17:16] [0m<BS> Taris : And I was only like 30 then.[0m
[17:17] [0m<BS> Lachlan : better than visiting China and having to 'squat' over a hole[0m
[17:17] [0m               toilet...[0m
[17:17] [0m<BS> Taris : Korea, same[0m
[17:17] [0m<BS> Lachlan : I didn't understand the whole - porcelain toilet inlaid in[0m
[17:17] [0m               tile with foot pads and a hole. Why not just have a damn[0m
[17:17] [0m               hole. Why waste the porcelain. :P[0m
[17:17] [0m<BS> Taris : They also had squat toilets in the trailers near where the[0m
[17:17] [0m             locals and third-country-nationals worked in Afghanistan[0m
[17:18] [0m<BS> Darkforce : i draw my travel lines at bad toilets[0m
[17:18] [0m<BS> Taris : I didn't have a lot of choice in the matter.[0m
[17:18] [0m<BS> Taris : But hey, I didn't have to pay taxes while I was there![0m
[17:18] [0m<BS> Darkforce : yeah fair[0m
[17:19] [0m<BS> Lachlan : heh, mine was a tour... fancy, is how I travel. :P[0m
[17:19] [0m<BS> Darkforce : i'll pay a 1% good toilet tax any day[0m
[17:19] [0m<BS> Lachlan : well in defence of the chinese, this was a 'toilet house' at[0m
[17:19] [0m               the great wall. Most of the Beijing toilets in tourist areas[0m
[17:19] [0m               were regular[0m
[17:20] [0m<BS> Lachlan : man... managing this damn satchel is getting annoying. I[0m
[17:20] [0m               bought the 2x satchel so it wouldnt get full... now its[0m
[17:20] [0m               filling up every week[0m
[17:20] [0m<BS> Lachlan : have to go through and condense frags/ess[0m
[17:21] [0m<BS> Fennec : this is a very humorous conversation. never would i have[0m
[17:21] [0m              imagined i'd learn so much about toilets in other countries[0m
[17:21] [0m              today, and how it affects the male genetalia.[0m
[17:21] [0m<BS> Lachlan : lol[0m
[17:21] [0m<BS> Darkforce : i got a macro for combo frag/ess[0m
[17:21] [0m<BS> Darkforce : i'll send it to you if you want :P[0m
[17:21] [0m<BS> Lachlan : I have one.. but its long and a pita nonetheless[0m
[17:21] [0m<BS> Darkforce : i type combofrag/comboess and then im good for a month[0m
[17:22] [0m<BS> Taris turns into a 13 year old long enoudh to remind you that if your[0m
[17:22] [0m           satchel keeps filling up too fast you just need to masturbate[0m
[17:22] [0m           more often.[0m
[17:22] [0m<BS> Taris : They let me teach college students.  For real.[0m
[17:22] [0m<BS> Darkforce : all i'm saying, is i don't believe that on "too hot to[0m
[17:22] [0m                 handle" no one masturbated the whole time[0m
[17:23] [0m<BS> Taris : Okay, gonna let my Zelligar dungeon reset so I can gxp on[0m
[17:23] [0m             slightly bigger golems.[0m
[17:23] [0m<BS> Taris : Back later.[0m
[17:34] [0m[34;1mHooligan shouts:[0m we love that voodoo that you do[0m
[17:43] [0m[34;1mSimonz shouts:[0m 4 670sp charms @ CoT, ping me in 1999![0m
[17:43] [0m[34;1mOmni shouts:[0m I don't always cause paradoxes, but when I do I don't.[0m
[18:51] [0m<BS> Metaljaz : welcome fennec[0m
[18:51] [0m<BS> Fennec : thanks![0m
[19:54] [0m<BS> Fennec : Well done!!!!!!![0m
[19:55] [0m<BS> Lachlan slaps his MIGHTY Hieland Paw on your back, making you go[0m
[19:55] [0m             "oompf", congratulating you on a job well done.[0m
[20:35] [0m[Clan] Mud : any updable auro shield around?[0m
[20:36] [0m[Clan] Mud : dupable[0m
[20:36] [0m[Clan] Ipsie : i don't have one, sorry[0m
[20:36] [0m[Clan] Nix : didn't get one this boot[0m
[20:36] [0m[Clan] Nix : can't hold a shield while i'm throwing deez hands[0m
[20:36] [0m[Clan] Mud : ive been managing fine without, but thought I'd ask[0m
[20:36] [0m[Clan] Nix : captain sparkle fingers[0m
[20:56] [0mGrot flaps : anyone try murus fairlain?[0m
[20:56] [0mOmni flaps : yes![0m
[20:56] [0mOmni flaps : if you like agro hunting packs of 20-50mil it's your jam baby[0m
[20:57] [0mOmni flaps : it's... ok if you take it slow and have a little beefcake in[0m
[20:57] [0m             your step[0m
[20:58] [0mOmni flaps : I don't recommend macroing through it like you are in the[0m
[20:58] [0m             original area tho :)[0m
[20:58] [0m<BS> Xiu : white/green ring in[0m
[20:59] [0m<BS> Taris : heh[0m
[21:00] [0mQuaker flaps : don't listen, you should totally do that[0m
[21:01] [0mOmni flaps : if you're yellow![0m
[21:01] [0mNix flaps : yeah... go big or go home![0m
[21:02] [0m<BS> Metaljaz : hey T[0m
[21:03] [0m<BS> Taris : howdy[0m
[21:04] [0mSquirrel flaps : go hardcore, 150 tree[0m
[21:05] [0mWert flaps : 0h[0m
[21:18] [0mBabylon flaps : 150 tree is fine :)[0m
[21:18] [0mBabylon flaps : Takes a long time tho.[0m
[21:28] [0m[34;1mZik shouts:[0m am we are potato yet?[0m
[21:28] [0m[34;1mKnull shouts:[0m why use lot word when few word do trick?[0m
[21:32] [0m[34;1mAdalius shouts:[0m Mongo only pawn in game of life[0m
[21:36] [0m<BS> Taris : Woot, and stuff.[0m
[21:37] [0mOscar flaps : Does anyone know if coins is a variable in the MIP string?[0m
[21:38] [0mSimonz flaps : not that I've ever seen[0m
[21:38] [0mOscar flaps : Or is that gobj dependent[0m
[21:38] [0mOscar flaps : Nod. I know some hpbar guildside have the variable, seems like[0m
[21:38] [0m              you should be able to get it somehow.[0m
[21:38] [0mAdalius flaps : type 'coins' Problem solved.[0m
[21:39] [0mOscar flaps : autohp 1 :P[0m
[21:39] [0mKnull flaps : reflex add hp <50000 coins[0m
[21:39] [0mMellaous flaps : hmm.. I see no extra coins put in my bank by Adalius.. he[0m
[21:39] [0m                 is trolling again :)[0m
[21:40] [0mAdalius flaps : Blame Mellaous[0m
[21:40] [0mSquirrel flaps : I hope you're buying hookers and blow with that[0m
[21:40] [0mKnull flaps : i hope these taxes are going towards stat improvements[0m
[21:41] [0mTemeka flaps : needed change for coffee again right?[0m
[21:41] [0m[34;1mThadar shouts:[0m stop thief![0m
[21:41] [0mAdalius flaps : "going towards"? I dest the money as soon as I get it[0m
[21:41] [0mWert flaps : he took like 537 coins of mine earlier, i wont forget it[0m
[21:41] [0mOmni flaps : i want some hookers and blow :|[0m
[21:41] [0mKnull flaps : what kind of monster dests coins[0m
[21:41] [0mDy flaps : I found the coins he took in the fountain.[0m
[21:41] [0mHooligan flaps : time to chop off the thief's hNd[0m
[21:41] [0mWert flaps : all coin dests should go towards boons[0m
[21:42] [0mAdalius flaps : If people voluntarily donated more towards boons, maybe I'd[0m
[21:42] [0m                implement that[0m
[21:42] [0mKnull flaps : how long do those boons last when you get them?[0m
[21:43] [0mAdalius flaps : Depends which one. The bless one lasts the remainder of boot[0m
[21:43] [0mDy flaps : growth one sux[0m
[21:43] [0m[34;1mOgotaz shouts:[0m Thank you Oscar for your parsimonious contribution towards[0m
[21:43] [0m               Bless![0m
[21:43] [0m[34;1mOgotaz shouts:[0m Thank you Oscar for your parsimonious contribution towards[0m
[21:43] [0m               Bless![0m
[21:43] [0m[34;1mOgotaz shouts:[0m Thank you Oscar for your parsimonious contribution towards[0m
[21:43] [0m               Bless![0m
[21:43] [0m[34;1mOgotaz shouts:[0m Thank you Oscar for your parsimonious contribution towards[0m
[21:43] [0m               Bless![0m
[21:43] [0m[34;1mOgotaz shouts:[0m Thank you Oscar for your parsimonious contribution towards[0m
[21:43] [0m               Bless![0m
[21:44] [0m[34;1mOgotaz shouts:[0m Thank you Oscar for your parsimonious contribution towards[0m
[21:44] [0m               Bless![0m
[21:44] [0m[34;1mOgotaz shouts:[0m Thank you Oscar for your parsimonious contribution towards[0m
[21:44] [0m               Bless![0m
[21:44] [0m[34;1mTeven shouts:[0m hah[0m
[21:44] [0m[34;1mMeph shouts:[0m REKT[0m
[21:44] [0m[34;1mModrack shouts:[0m lmao[0m
[21:44] [0m[34;1mKnull shouts:[0m lol, ouch[0m
[21:44] [0m[34;1mVoodoo shouts:[0m downgrade Oscar![0m
[21:44] [0m[34;1mWert shouts:[0m winner[0m
[21:44] [0m[34;1mHyuga shouts:[0m And the Oscar goes to...[0m
[21:44] [0m[34;1mKnull shouts:[0m flexed so hard he blew up[0m
[21:45] [0m[Clan] Oscar : haha that couldn't have gone better[0m
[21:53] [0m[34;1mThadar shouts:[0m ultrasonic resonator at magic![0m
[21:54] [0m[34;1mOmni shouts:[0m superfunkula[0m
[21:54] [0m[34;1mZik shouts:[0m are you the one who drops the thrum of sonic perfection in the[0m
[21:54] [0m            night?[0m
[21:54] [0m[34;1mThadar shouts:[0m well duh.[0m
[22:00] [0mEli flaps : this is probably a stupid question but... There's no way[0m
[22:00] [0m            Wolverine's claws are sanitary , right?[0m
[22:00] [0mSylph flaps : they are naturally bacteriacidal[0m
[22:00] [0mDureal flaps : i mean i bet he uses hand sanitizers and could even use[0m
[22:00] [0m               chlorine[0m
[22:00] [0mAdalius flaps : Maybe adamantium is naturally sterlizing?[0m
[22:00] [0mSylph flaps : well, and his healing ability - he has no foreign organisms in[0m
[22:00] [0m              his bloodstream to infect others with[0m
[22:00] [0mDub flaps : scalpel? *snick*[0m
[22:00] [0mNix flaps : i'm sure his super healing abilities sterilize any contaminants[0m
[22:00] [0m            that make their way in[0m
[22:01] [0mEli flaps : ah, so probably wouldn't get sick. but, like if he cut off a[0m
[22:01] [0m            piece of an apple with one of those things and offered it to[0m
[22:01] [0m            you, that would still be kinda gross[0m
[22:01] [0mSylph flaps : just as long as you are the first to be stabbed, your solid...[0m
[22:01] [0mDub flaps : or he's filthy with organisms but doesn't care[0m
[22:01] [0m[Clan] Oscar : My tanking just got a lot better[0m
[22:01] [0mDureal flaps : well except the admantium actually poisons him[0m
[22:02] [0m[Clan] Oscar : I guess 116 is one of those rasta breakpoint levels.[0m
[22:02] [0m[Clan] Mud : specific spell?[0m
[22:02] [0m[Clan] Oscar : or 115[0m
[22:02] [0m<- ! The Vigilant ! -> :  A destabilization Kayos event has been detected in[0m
[22:02] [0m                          Northern Hills of Fantasy!  We are localizing it[0m
[22:02] [0m                          now - get ready![0m
[22:02] [0m[Clan] Oscar : nah[0m
[22:02] [0m[Clan] Dub : you hit an abs 5th level?[0m
[22:02] [0m[Clan] Oscar : I'm just not tanking as much as a wet paper bag anymore[0m
[22:02] [0m[Clan] Oscar : I also did dump all off my gxp into defense skills[0m
[22:02] [0m[Clan] Michael : that's good to know[0m
[22:02] [0mTemeka flaps : the adamantium poisoning is relatively new i think. when i[0m
[22:02] [0m               was young there was no mention of it in any of the comics[0m
[22:02] [0m[Clan] Dub : every 5 abs/pers[0m
[22:02] [0m[Clan] Dub : is a big bump[0m
[22:02] [0m[Clan] Oscar : And I went pure absorption[0m
[22:02] [0m[Clan] Oscar : So, I have 50 abjuration, 40 absorption[0m
[22:02] [0m[Clan] Dub : 20/25/30/35/40 etc[0m
[22:02] [0m[Clan] Dub : you just hit 40abs?[0m
[22:03] [0m[Clan] Dub : yeah that's huge from 35-39[0m
[22:03] [0m[Clan] Michael : I try to stick to that on my mage too... someday I will[0m
[22:03] [0m                 play it again[0m
[22:03] [0mSylph flaps : i think the adamantium poisoning thing started in the late[0m
[22:03] [0m              90s?[0m
[22:03] [0mAdalius flaps : It does seem odd that we see the red of inner flesh around[0m
[22:03] [0m                the point where the blades come out momentarily as the wound[0m
[22:03] [0m                heals tight around the blades, at least in some of the[0m
[22:03] [0m                movies, but there is no liquid of any kind that comes out on[0m
[22:03] [0m                the blades. You'd think it'd leave serous fluid or something[0m
[22:03] [0m[Clan] Dub : glvl doesn't matter as much as abs #/5[0m
[22:03] [0m[Clan] Nix : ive got 60/35/35 - Offense and 45/25/30 - Defense[0m
[22:03] [0m[Clan] Michael : 50 is big too. Rasta guilds usually have multiples of 25 as[0m
[22:03] [0m                 supe huge[0m
[22:03] [0m[Clan] Oscar : Yep.  I literally trained nothing else.  My avg dmg per round[0m
[22:03] [0m               is like 350[0m
[22:03] [0mEli flaps : claw goo[0m
[22:03] [0mSylph flaps : well, ya gotta assume there are no major blood vessels or[0m
[22:03] [0m              lymphatics in the way of the blades - and the small[0m
[22:03] [0m              capillaries that are cut instantly close up on him[0m
[22:04] [0mTemeka flaps : a few squirts of blood from the little arteries cut by them[0m
[22:04] [0m               right adelius[0m
[22:04] [0mDub flaps : it hurts. every time.[0m
[22:04] [0m[Clan] Oscar : But something just flipped[0m
[22:04] [0mEli flaps : in the comics the holes are always open right? like, there was[0m
[22:04] [0m            an implant that held them open or something[0m
[22:04] [0mMud flaps : squirrel girl goat[0m
[22:04] [0mSylph flaps : you can stick a scalpel through flesh without immediate[0m
[22:04] [0m              bleeding in a lot of cases - I do it all the time when putting[0m
[22:04] [0m              in PEG tubes[0m
[22:04] [0mMud flaps : beat wolverine[0m
[22:04] [0mOmni flaps : hmm I don't remember that eli[0m
[22:04] [0m[Clan] Oscar : mages are fun[0m
[22:04] [0m[Clan] Oscar : I have a pretty dope tt++ setup if any of you want it.[0m
[22:04] [0m[Clan] Oscar : Nix knows[0m
[22:04] [0m[Clan] Michael : yup. I might start pending 1 boot mage and 1 boot jedi soon[0m
[22:05] [0mAdalius flaps : Yea but you're putting PEG tubes in from the outside, these[0m
[22:05] [0m                are pushing up from the inside where things are already[0m
[22:05] [0m                pretty liquid coated[0m
[22:05] [0m[Clan] Michael : I do want it[0m
[22:05] [0m[Clan] Mud : oo, ditto[0m
[22:05] [0mTemeka flaps : i think that was part of his gloves but not sure eli[0m
[22:05] [0mEli flaps : ah, I just remember being like al ittle place ont he back of his[0m
[22:05] [0m            hand where they came out, not sure if he looks different now[0m
[22:05] [0m[Clan] Nix : i added the flare[0m
[22:05] [0m[Clan] Nix : it was lamer then shit before i got on the code[0m
[22:05] [0m[Clan] Nix : been #walling the server with my propaganda![0m
[22:05] [0mSylph flaps : aren't they supposed to be pretty superficial though? not[0m
[22:05] [0m              really cutting through muscle etc each time?[0m
[22:06] [0mHooligan flaps : his skinnheals so fast around the claws it acts like a[0m
[22:06] [0m                 squeegee[0m
[22:06] [0mAdalius flaps : Superficial? They're like... 18" long[0m
[22:06] [0mOmni flaps : so the movies were ... hit/miss but when phoenix is[0m
[22:06] [0m             disintegrating him and he's healing through it, THAT was dope[0m
[22:06] [0mSylph flaps : true... and you dont really see them when they aren't out[0m
[22:06] [0mAdalius flaps : Hooligan, if that was true we shouldnt even see the red then[0m
[22:06] [0mSylph flaps : so they have to be buried in there pretty good[0m
[22:07] [0mHooligan flaps : you see red on his claws?  is this a new movie?[0m
[22:07] [0mAdalius flaps : and I think 18" is just exposed, no clue how much is still[0m
[22:07] [0m                in the hand/arm for structural support. I'm more amazed he[0m
[22:07] [0m                has full motion of his wrist[0m
[22:07] [0mSylph flaps : you make a good point:P[0m
[22:07] [0mAdalius flaps : No, Hooligan. Go re-read what I said, in some of the movies[0m
[22:07] [0m                you see red (like fleshy red) AROUND the claws as they[0m
[22:07] [0m                penetrate, not on the claws[0m
[22:08] [0mHooligan flaps : ahh. monitor didnt go back that far[0m
[22:08] [0mSquirrel flaps : hehe hum he said penetrate[0m
[22:08] [0mHooligan flaps : thatll teach me to jump in in the middle[0m
[22:10] [0mKnull flaps : i do remember him being ripped in half by the hulk and[0m
[22:10] [0m              recovering, and his skeleton being removed, and him being[0m
[22:10] [0m              inside a nuclear blast and regrowing from what was inside his[0m
[22:10] [0m              protected skull somehow[0m
[22:11] [0mAdalius flaps : Shot in the head and it pushed the bullet out[0m
[22:12] [0mKnull flaps : also that time he stabbed cyclops in the eye and permenantly[0m
[22:12] [0m              lost a hand[0m
[22:12] [0mSylph flaps : i think they established that without his adamantium skeleton[0m
[22:12] [0m              his healing is actually stronger, since there is a baseline[0m
[22:12] [0m              usage to maintain the adamantium poisoning[0m
[22:13] [0mKnull flaps : ive always figured it was just whatever the hell the writer at[0m
[22:13] [0m              the time felt like writing[0m
[22:13] [0mOmni flaps : well obviously[0m
[22:14] [0mOmni flaps : the whole concept of retcon is wrapped around that reality :)[0m
[22:14] [0m             we uh... it was a dream.[0m
[22:14] [0mOmni flaps : that was c-137 wolverine :) this is c-135[0m
[22:19] [0m[Clan] Ser : bleh work was long[0m
[22:19] [0m[Clan] Nix : they haven't shut minnesota down yet?[0m
[22:19] [0m[Clan] Michael : nope[0m
[22:19] [0m[Clan] Michael : I'm in Minneapolis and its uts[0m
[22:22] [0m[Clan] Dangerzone : how's it going Michael?[0m
[22:22] [0m[Clan] Oscar : whoops, was too stoned fucking w/ my map[0m
[22:22] [0m[Clan] Nix : they burning it down again?[0m
[22:22] [0m[Clan] Oscar : anyone got a res?[0m
[22:25] [0m[Clan] Sock wiggles off your foot.  [0m
[22:27] [0m[Clan] Michael : It is quiet so far, but it's barely dark[0m
[22:27] [0m[Clan] Michael : The sad part is they set America's first basilica on fire[0m
[22:27] [0m                 the other night[0m
[22:28] [0m[Clan] Ser : atl i heard is quiet tonight as well[0m
[22:29] [0m[Clan] Nix : nothing left to burn i guess[0m
[22:29] [0m[Clan] Nix : no merchandise in any stores[0m
[22:29] [0m[Clan] Ser : nah most of Atl is black owned and the mayor called them out on[0m
[22:29] [0m             it :'D[0m
[22:30] [0m[Clan] Ser : like..  youre burning down shit your people built, knock it off[0m
[22:30] [0m[Clan] Nix : yeah the looting is ridiculous[0m
[22:31] [0m[Clan] Nix : unjustifiable[0m
[22:31] [0mGrot flaps : anyone find the event?[0m
[22:31] [0m[Clan] Oscar : Nix has a concious now[0m
[22:31] [0m[Clan] Oscar : He'll be representing them all in another week.[0m
[22:31] [0m[Clan] Nix : no i don't[0m
[22:31] [0m[Clan] Ser : conscience?[0m
[22:31] [0m[Clan] Nix : i'll represent anyone if they have money[0m
[22:32] [0m[Clan] Ser : has he been unconscious this entire time?[0m
[22:32] [0m[Clan] Oscar : arguably[0m
[22:32] [0m[Clan] Nix : i'm woke ser[0m
[22:32] [0m[Clan] Oscar : Nix has an excellent diversity program at the office[0m
[22:32] [0m[Clan] Oscar : 50/50 women[0m
[22:32] [0m[Clan] Oscar : /men[0m
[22:33] [0m[Clan] Nix : not true... 2 males/1 female/1 non-binary[0m
[22:34] [0m[Clan] Oscar : laf[0m
[22:34] [0m[Clan] Oscar : laf[0m
[22:35] [0mTeven <Craft>: I don't want to craft ... I want to be a LUMBERJACK!![0m
[22:35] [0mGrot flaps : 2s of road portal[0m
[22:35] [0mGrot flaps : blunt[0m
[22:44] [0m<BS> Lachlan : wow, found a twitch stream 'woke' that's live streaming[0m
[22:44] [0m               protests across the US 9 concurrent cameras, LA, NY, DC,[0m
[22:44] [0m               TENN, Columbus, Phoenix[0m
[22:45] [0mElindal flaps : anyone well versed in making mudlet triggers?[0m
[22:48] [0mOmni flaps : I am back to, 1 million ants![0m
[22:48] [0mTemeka flaps : that's a lot of aunts...erm..ants[0m
[22:49] [0m[Clan] Michael : I try to limit crim representation so I hopefully won't be[0m
[22:49] [0m                 asked to represent any looters[0m
[22:52] [0m[Clan] Michael : one ting really annoys me about mages[0m
[22:52] [0m[Clan] Michael : they finally show us n our hpbar actual g2n numbers and not[0m
[22:52] [0m                 percentage... but MIP only shows percent[0m
[22:53] [0m[Clan] Ser : and typing 'hp' is really hard[0m
[22:53] [0m[Clan] Ser : +9 str if any lowbies want it[0m
[22:53] [0m[Clan] Michael : I don't need the information in 2 different formats in 2[0m
[22:53] [0m                 differnt places[0m
[22:53] [0m[Clan] Ser : you should start a riot[0m
[22:53] [0m[Clan] Michael : I'd prefer to be able to gag one... I don't need the[0m
[22:53] [0m                 information in more than 1 place. Got enough combat spam[0m
[22:54] [0m[Clan] Michael : hehe it wouldn't be starting one[0m
[22:54] [0m[Clan] Michael : but I could join one I suppose[0m
[22:54] [0m[Clan] Michael : Covid is gonna spike so hard in 2 weeks[0m
[22:59] [0m<BS> Xiu : woot[0m
[23:01] [0m<BS> Darkforce : whats our panic ability?[0m
[23:01] [0m<BS> Darkforce : evade?[0m
[23:01] [0m<BS> Xiu : yeah evade's the first one[0m
[23:03] [0m<BS> Xiu : i suggest putting rejuv in caction so it'll always try to cast.[0m
[23:03] [0m           can also use panic and repeat if you're not already using them[0m
[23:03] [0m           for something. and reflex if you have it.[0m
[23:03] [0m<BS> Darkforce : put rejuvenate in everything got it[0m
[23:04] [0m[Clan] Ser : Weapon Attacks  Melee    : 6, 6, 6, 6, 6, 6, 6, 6, 6, 6, 6, 6,[0m
[23:04] [0m             6, 6, 6, 6, 6, 6, 6, 6  Psiwield : 3, 3, 3, 3, 3, 3, 3, 3, 3,[0m
[23:04] [0m             3, 3, 3, 3, 3, 3, 3, 3, 3, 3, 3[0m
[23:04] [0m[Clan] Ser : 3's all around for psiwield at 45[0m
[23:04] [0m<BS> Xiu : heh yeah pretty much. tho once you get to glevel 30, evade2 can[0m
[23:04] [0m           handle it alone[0m
[23:04] [0m[Clan] Ser : so not sure if i get more than 6 at 100[0m
[23:05] [0m[Clan] Michael : wow... what weapon you use with all that?[0m
[23:05] [0m[Clan] Ser : shard, shard, shard, and isleth atm[0m
[23:05] [0m[Clan] Ser : xD[0m
[23:05] [0m[Clan] Oscar : What align are golems?[0m
[23:06] [0m[Clan] Ser : i have 1 wielded weapon and 3 psiwields, i get a 4th psiwield[0m
[23:06] [0m             at glvl 100[0m
[23:06] [0m[Clan] Ser : zelligar?[0m
[23:06] [0m[Clan] Oscar : ya[0m
[23:06] [0m[Clan] Oscar : neutral?[0m
[23:06] [0m[Clan] Oscar : err[0m
[23:06] [0m[Clan] Oscar : race[0m
[23:06] [0m[Clan] Oscar : i emant[0m
[23:06] [0m[Clan] Oscar : human?[0m
[23:06] [0m[Clan] Ser : i dunno[0m
[23:06] [0m[Clan] Oscar : I want to train misanthrope and chessboard fucks w/ my pfp[0m
[23:06] [0m[Clan] Ser : i dont think they're human[0m
[23:07] [0m[Clan] Oscar : nod[0m
[23:07] [0m[Clan] Ser : they're a construct[0m
[23:07] [0m[Clan] Oscar : but you gotta label them somethin on the mud[0m
[23:07] [0m[Clan] Oscar : so, dunno what they id as[0m
[23:07] [0m[Clan] Oscar : a sii could see it[0m
[23:07] [0m[Clan] Ser : well i can't 'kill human'[0m
[23:08] [0m[Clan] Ser : why not acrobat[0m
[23:08] [0m[Clan] Ser : or is that a major[0m
[23:09] [0m[Clan] Ser : err minor/w/e[0m
[23:09] [0m[Clan] Oscar : cause i thought i was gonna grind chessboard[0m
[23:09] [0m[Clan] Oscar : but, pfp[0m
[23:09] [0m[Clan] Oscar : if i don't need it[0m
[23:09] [0m[Clan] Oscar : maybe i'll go back[0m
[23:10] [0m[Clan] Ser : why not................ triathlete or rogue or bgh or drunken[0m
[23:10] [0m             master[0m
[23:10] [0m[Clan] Ser : or shaman?[0m
[23:10] [0m[Clan] Oscar : i was rogue[0m
[23:10] [0m[Clan] Ser : o[0m
[23:11] [0m[Clan] Oscar : drunken master = i fuck up spells[0m
[23:11] [0m[Clan] Oscar : bgh i dont fight anything big enuff[0m
[23:11] [0m[Clan] Oscar : and i get 1 attack every 2 rounds, so rogue doesn't fire so[0m
[23:11] [0m               often[0m
[23:11] [0m[Clan] Ser : you'll use bgh eventually[0m
[23:11] [0m[Clan] Ser : or hitting behind people[0m
[23:11] [0m[Clan] Oscar : nod[0m
[23:11] [0m[Clan] Ser : like you like to do[0m
[23:11] [0m[Clan] Oscar : fucking nix[0m
[23:11] [0m[Clan] Oscar : going mage[0m
[23:11] [0m[Clan] Oscar : instead of rocketing me to 130[0m
[23:12] [0m[Clan] Ser : lol[0m
[23:12] [0m[Clan] Ser : i should go mage too just to fuck with you huh[0m
[23:12] [0m[Clan] Oscar : Laf[0m
[23:12] [0m[Clan] Oscar : SOL takeover[0m
[23:12] [0m[Clan] Ser : honestly was debating sii[0m
[23:12] [0m[Clan] Ser : then i could vary my own weapons[0m
[23:13] [0m[Clan] Ser : but i could do that on my xchar too[0m
[23:13] [0m[Clan] Michael : I dunno what I'll do with my next char slot[0m
[23:15] [0m[Clan] Oscar : My next xchar is sii[0m
[23:16] [0m[Clan] Ser : you got ldlogin right[0m
[23:17] [0m[Clan] Oscar : nod[0m
[23:17] [0m[Clan] Oscar : at the moment[0m
[23:17] [0m[Clan] Oscar : should've extended it a year, but didn't[0m
[23:17] [0m[Clan] Oscar : i have it for a while though[0m
[23:17] [0m[Clan] Oscar : until like xmas[0m
[23:18] [0m[32mKerym says: [0mWell met, Swordbrother Dangerzone, May the Seldarine's Blessings be upon you.[0m
[23:18] [0m[34;1mKitt shouts:[0m I wubba you pant no pants[0m
[23:18] [0m<BS> Fennec : yay!!!![0m
[23:19] [0m[34;1mSer shouts:[0m i hate your pants[0m
[23:19] [0m[34;1mSer shouts:[0m take them off[0m
[23:19] [0m[34;1mVagrant shouts:[0m TAKE THEM off take them off![0m
[23:19] [34;1mThadar shouts:[0m they are already! i cant take them off anymore than this![0m
[23:19] [0m[34;1mPralbeldray shouts:[0m Off With Pants![0m
[23:20] [0m[34;1mElindal shouts:[0m off with pants! Up with skirts![0m
[23:21] [0m[34;1mVagrant shouts:[0m oh snap![0m
[23:21] [0m[34;1mSquirrel shouts:[0m blame maverick[0m
[23:22] [0m[34;1mPralbeldray shouts:[0m Maaavriiick!![0m
[23:22] [0m[34;1mMaverick shouts:[0m it's not my fault dammit!![0m
[23:22] [0m[34;1mWound shouts:[0m I did it, Muah![0m
[23:23] [0m[34;1mPralbeldray shouts:[0m Oh, you wound me so. Unexpected betrayal..[0m
[23:30] [0m[37;1m[JEDI]:[0m Wennic Ber'ni'lok arrives at the Academy.[0m
[23:36] [0m[32mYou think to Ukyo . o O ([0m [36;1m hiya, got plenty of colors to burn :D[0m
[23:36] [0;1;36m           [0m [32m)[0m[0m
[23:36] [0m[32mUkyo thinks . o O ([0m [32;1m oo. nifty. brt [0m [32m)[0m[0m
[23:37] [0m[32mYou think to Ukyo . o O ([0m [36;1m where ya? [0m [32m)[0m[0m
[23:37] [0m[32mUkyo thinks . o O ([0m [32;1m ss? [0m [32m)[0m[0m
[23:38] [0m[32mUkyo says:[0m got maths for optimal usage?[0m
[23:38] [0m[32mUkyo says:[0m i've got more average hearts too[0m
[23:40] [0m[32mYou say:[0m any more?[0m
[23:40] [0m[32mUkyo says:[0m that's it for hearts of willy[0m
[23:40] [0m[32mUkyo says:[0m what else gives pxp?[0m
[23:41] [0m[32mYou say:[0m ascension, blasting, damnation, destruction[0m
[23:42] [0m[32mUkyo says:[0m hrm. should have told you to just take that up to superior. oh[0m
[23:42] [0m           well.[0m
[23:42] [0m[32mUkyo says:[0m uh, blasting[0m
[23:42] [0m[32mUkyo says:[0m sec. gotta pull it out[0m
[23:42] [0m[33;1m[Clan] Ser :[0m i mean, just from getting my psiwield speed up 21 points, my damage has gone up[0m
[23:42] [0m             ~40mil/half hr[0m
[23:43] [0m[33;1m[Clan] Oscar :[0m nice[0m
[23:43] [0m[32mUkyo says:[0m just to superior[0m
[23:43] [0m[33;1m[Clan] Ser :[0m and that's just in grinding rimalkins[0m
[23:43] [0m[33;1m[Clan] Ser :[0m might as well clear hotel, huh?[0m
[23:43] [0m[33;1m[Clan] Ser :[0m pop some xp viage[0m
[23:43] [0m[33;1m[Clan] Ser :[0m viagra too, wow[0m
[23:43] [0m[32mUkyo says:[0m also, you should donate those holocron fragments. they're[0m
[23:43] [0m           cluttering your inventory, yo.[0m
[23:43] [0m[33;1m[Clan] Zik :[0m laff[0m
[23:45] [0m[32mUkyo says:[0m was probably suposed to stash those two hearts of blasting[0m
[23:46] [0m[32mUkyo says:[0m ok, you said ascension, blasting, damnation, destruction, willy.[0m
[23:46] [0m           got two more to go through, i think. damnation and[0m
[23:46] [0m           destruction(writing this for my own edification.)[0m
[23:47] [0m[32mUkyo says:[0m damnation[0m
[23:47] [0m[32mYou say:[0m yes sorry going thru haz training too[0m
[23:55] [0m[34;1mKitt shouts:[0m Botz Die Too![0m
