- = LOG STARTED [00:00] = -
[00:07] [0m[37;1m[JEDI]:[0m Reena Bel Noir arrives at the Academy.[0m
[06:05] [0m[37;1m[JEDI]:[0m Reena Bel Noir arrives at the Academy.[0m
[06:31] [0m[37;1m[JEDI]:[0m Durnoth arrives at the Academy.[0m
[07:00] [0m[37;1m[JEDI]:[0m Bithoff Jonansaan arrives at the Academy.[0m
[07:06] [0m[31;1m[Clan] Roken :[0m morning![0m
[07:06] [0m[35;1mRoken [Jedi(89)]:[0m morning![0m
[07:08] [0m[35;1mEnder [Jedi(Knight)]:[0m donate your fragments when you get a chance. Missing me a square[0m
[07:08] [0m                      cornflower:)[0m
[07:08] [0m[35;1mAl [Jedi(73)]:[0m oh thanks for the reminder[0m
[07:09] [0m[35;1mEnder [Jedi(Knight)]:[0m you're a square cornflower Al[0m
[07:09] [0m[35;1mAl [Jedi(73)]:[0m i am, i really am![0m
[07:09] [0m[35;1mInquisitor [Jedi(Knight)]:[0m Cornflower?  Cornflower blue?  Like my tie?  It must be Tuesday.[0m
[07:09] [0m[35;1mInquisitor [Jedi(Knight)]:[0m No?  Okay.  His name was Robert Paulson.[0m
[07:10] [0m[35;1mAl [Jedi(73)]:[0m about 100 in[0m
[07:10] [0m[35;1mEnder [Jedi(Knight)]:[0m heh[0m
[07:10] [0m[35;1mEnder [Jedi(Knight)]:[0m al you actually had the right one:)[0m
[07:11] [0m[35;1mEnder [Jedi(Knight)]:[0m Hey me, who has mastered resist stun?[0m
[07:11] [0m[35;1mEnder [Jedi(Knight)]:[0m Janath, Bithoff have both mastered resist stun.[0m
[07:12] [0m[35;1mAl [Jedi(73)]:[0m laf[0m
[07:12] [0m[35;1mEnder [Jedi(Knight)]:[0m ooh, where does bith chill?[0m
[07:13] [0m[35;1mEnder [Jedi(Knight)]:[0m Thanks Al timing really worked out there[0m
[07:13] [0m[35;1mAl [Jedi(73)]:[0m anytime, hombre[0m
[07:13] [0m[35;1mAl [Jedi(73)]:[0m that's what Als are for[0m
[07:19] [0m[34;1mEcholoc shouts:[0m "Real stupidity beats artificial intelligence every time."[0m
[07:20] [0m[34;1mHooligan shouts:[0m i personify that[0m
[07:25] [0m[37;1m[JEDI]:[0m Reena Bel Noir arrives at the Academy.[0m
[07:34] [0m[31;1m[Clan] Oscar :[0m morning[0m
[07:38] [0m[31;1m[Clan] Bruce :[0m MORNING OSCAR![0m
[07:38] [0m[31;1m[Clan] Bruce :[0m <3[0m
[07:39] [0m[31;1m[Clan] Oscar :[0m oh brucey attainer of headbands![0m
[07:39] [0m[31;1m[Clan] Bruce :[0m oh yes[0m
[07:39] [0m[31;1m[Clan] Bruce :[0m can do once this treehouse is done[0m
[07:40] [0m[31;1m[Clan] Oscar :[0m woot[0m
[07:40] [0m[31;1m[Clan] Bruce :[0m i love treehouse, the xp is mental[0m
[07:40] [0m[31;1m[Clan] Bruce :[0m and 2hrs reset, shits all over hotel for me[0m
[07:40] [0m[31;1m[Clan] Oscar :[0m yeah, treehouse is nice[0m
[07:40] [0m[31;1m[Clan] Bruce :[0m avg 954m/hr in treehouse[0m
[07:40] [0m[31;1m[Clan] Oscar :[0m Also, I think mages are super BS in there[0m
[07:41] [0m[31;1m[Clan] Bruce :[0m 790ish in hotel[0m
[07:41] [0m[31;1m[Clan] Oscar :[0m -If- the spell I have to remove specials works[0m
[07:41] [0m[31;1m[Clan] Bruce :[0m the specials do hurt[0m
[07:49] [0m[31;1m[Clan] Sparkie :[0m ga'day Bruce. Allo Bruce. Hey Bruce[0m
[07:49] [0m[31;1m[Clan] Ser :[0m i'll get your headbancd[0m
[07:51] [0m[32mSpace tells you (Roken,Fluffy,Sleepy,Hooligan):[0m resetting zombies, come to entrance[0m
[07:52] [0m[31;1m[Clan] Oscar :[0m OI SHITCUT[0m
[07:52] [0m[31;1m[Clan] Oscar :[0m oops, i spelled shitcunt wrong[0m
[07:52] [0m[31;1m[Clan] Oscar :[0m am embarassed[0m
[07:53] [0m[31;1m[Clan] Bruce :[0m haha[0m
[07:53] [0m[31;1m[Clan] Bruce :[0m shit cunt![0m
[07:53] [0m[31;1m[Clan] Bruce :[0m you're an honorary australian if you use that[0m
[07:54] [0m[37;1m[JEDI]:[0m Herah Wylann arrives at the Academy.[0m
[07:55] [0m[35;1mEphemeral [Jedi(37)]:[0m yo![0m
[07:55] [0m[35;1mSally [Jedi(55)]:[0m sup[0m
[07:56] [0m[35;1mDrax [Jedi(27)]:[0m Hi[0m
[08:01] [0m[31;1m[Clan] Ser :[0m did they rescale treehouse[0m
[08:01] [0m[31;1m[Clan] Ser :[0m 130 seemed smaller[0m
[08:04] [0m[31;1m[Clan] Szodrin :[0m morning[0m
[08:11] [0m[31;1m[Clan] Bruce :[0m morning![0m
[08:11] [0m[31;1m[Clan] Oscar :[0m sup szod[0m
[08:11] [0m[31;1m[Clan] Bruce :[0m it's a fucking lovely day in london today and i have a taproom in my future,[0m
[08:11] [0m               huzzah[0m
[08:11] [0m[31;1m[Clan] Bruce :[0m whilst we're allowed to go to taprooms, given we're about to go into lockdown[0m
[08:11] [0m               again (i think)[0m
[08:13] [0m[31;1m[Clan] Saim :[0m its a mess here in the US[0m
[08:14] [0m[31;1m[Clan] Bruce :[0m it's not great here either[0m
[08:14] [0m[31;1m[Clan] Szodrin :[0m laf, now the WHO is saying lockdowns are bad[0m
[08:14] [0m[31;1m[Clan] Oscar :[0m it's such a fucking joke[0m
[08:14] [0m[31;1m[Clan] Szodrin :[0m it is[0m
[08:14] [0m[31;1m[Clan] Oscar :[0m I'll do anything for my country![0m
[08:14] [0m[31;1m[Clan] Saim :[0m its literally like we are collectively that guy that keeps coming into work sick,[0m
[08:14] [0m              and cant really get better because they wont listen to anyone or rest[0m
[08:14] [0m[31;1m[Clan] Oscar :[0m except wear a mask and do nothing for 2 weeks[0m
[08:15] [0m[31;1m[Clan] Ser :[0m want headband[0m
[08:15] [0m[31;1m[Clan] Szodrin :[0m oh, mask people, I rarely see them, probably your usual "squeeky wheel"[0m
[08:15] [0m                 bullshit[0m
[08:16] [0m[31;1m[Clan] Oscar :[0m ya[0m
[08:16] [0m[31;1m[Clan] Oscar :[0m i want headband[0m
[08:16] [0m[31;1m[Clan] Saim :[0m maybe people will wake up soon an realize that its illegal to yell "fire" in a[0m
[08:16] [0m              crowded building because the things you say can have bad consequences.[0m
[08:16] [0m[31;1m[Clan] Szodrin :[0m well, to be fair, I rarely go out, wife usually does the shopping[0m
[08:16] [0m[31;1m[Clan] Ser :[0m a lot of action is done by inaction too[0m
[08:16] [0m[31;1m[Clan] Saim :[0m too many conspiracy theories and fales bullshit has seeped into everywhere[0m
[08:17] [0m[31;1m[Clan] Saim :[0m should be illegal to spread bullshit and as real info[0m
[08:17] [0m[31;1m[Clan] Oscar :[0m definitely.  facebook etc. is cancer[0m
[08:17] [0m[31;1m[Clan] Oscar :[0m zelligar dead ser?[0m
[08:17] [0m[31;1m[Clan] Bruce :[0m from the outside it sounds like you're describing your president :P[0m
[08:17] [0m[31;1m[Clan] Saim :[0m its 100% fucking us[0m
[08:17] [0m[31;1m[Clan] Szodrin :[0m no, I don't want restrictions on speech, if people don't do their research they[0m
[08:17] [0m                 can be allowed to be stupid and get in trouble for it[0m
[08:18] [0m[31;1m[Clan] Szodrin :[0m I don't trust corporations or my government to know what is OK to talk about[0m
[08:18] [0m[31;1m[Clan] Szodrin :[0m then you have shit like citizens united where they want to ban books critical[0m
[08:18] [0m                 of politicians[0m
[08:18] [0m[31;1m[Clan] Oscar :[0m But when you're silencing the organizations that are doing the research, have the[0m
[08:18] [0m               experts, etc. - it's a serious problem[0m
[08:18] [0m[31;1m[Clan] Saim :[0m its not restrictions, you can say whatever you want...but once you do that in a[0m
[08:18] [0m              private business/forum, that business/forum now must make reasonable effort to let[0m
[08:18] [0m              everyone know what you said is bullshit[0m
[08:19] [0m[31;1m[Clan] Saim :[0m posting comments is not the problem, its the fake articles and fake websites and[0m
[08:19] [0m              bots[0m
[08:19] [0m[31;1m[Clan] Szodrin :[0m I don't want anyone silenced[0m
[08:19] [0m[31;1m[Clan] Saim :[0m no one is getting silenced, more you get a tag that says "this is bullshit"[0m
[08:19] [0m[31;1m[Clan] Saim :[0m say whatever you want[0m
[08:20] [0m[31;1m[Clan] Saim :[0m again not the comments that is ruining the world, its the fake news posts[0m
[08:20] [0m[31;1m[Clan] Saim :[0m i think people accept comments are all opinions[0m
[08:20] [0m[31;1m[Clan] Szodrin :[0m could you give me a link to an example of what you're talking about?[0m
[08:20] [0m[31;1m[Clan] Saim :[0m twitter does it[0m
[08:20] [0m[31;1m[Clan] Ser :[0m yeah but the article is always fact![0m
[08:20] [0m[31;1m[Clan] Saim :[0m twitter says shit is bullshit when it is[0m
[08:21] [0m[31;1m[Clan] Saim :[0m dont they now>[0m
[08:21] [0m[31;1m[Clan] Szodrin :[0m twitter isn't a news network or site, lol[0m
[08:21] [0m[31;1m[Clan] Szodrin :[0m I don't believe 'anything' there[0m
[08:21] [0m[37;1m[JEDI]:[0m Alyssa K'tal arrives at the Academy.[0m
[08:21] [0m[31;1m[Clan] Saim :[0m yea "you" dont[0m
[08:21] [0m[31;1m[Clan] Saim :[0m talk to 1 of 3 people who live in the southern US[0m
[08:21] [0m[31;1m[Clan] Bruce :[0m i only believe in the power of squats and deadlifts[0m
[08:21] [0m[31;1m[Clan] Bruce :[0m and handstands, obviously[0m
[08:21] [0m[31;1m[Clan] Szodrin :[0m 1 in 3 people don't use twitter :P[0m
[08:22] [0m[31;1m[Clan] Saim :[0m i think we are talking about two different things[0m
[08:22] [0m[31;1m[Clan] Szodrin :[0m hell, 9 in 10 don't[0m
[08:23] [0m[31;1m[Clan] Saim :[0m facebook and the internet in gerneral is full of websites and fake news articles[0m
[08:23] [0m              that sway people into being dumber than they actually are...[0m
[08:23] [0m[31;1m[Clan] Oscar :[0m The majority of people get their news from facebook now, and by news I mean a[0m
[08:23] [0m               headline meant to infuriate them[0m
[08:23] [0m[31;1m[Clan] Oscar :[0m Because nobody is clicking or reading an article[0m
[08:24] [0m[31;1m[Clan] Saim :[0m and im just saying, the people/sites that push fake bullshit...should be held[0m
[08:24] [0m              accountable, in a way a person is held accountable for yelling 'fire' ina  crowded[0m
[08:24] [0m              theatre[0m
[08:24] [0m[31;1m[Clan] Szodrin :[0m I don't agree, that sounds way too much like silencing the opposition, it's not[0m
[08:24] [0m                 that I don't agree there are people spreading incorrect information, it's that[0m
[08:24] [0m                 I don't trust the people who would hold them accountable[0m
[08:25] [0m[31;1m[Clan] Bruce :[0m have you watched the social dilemma? i found that quite fascinating, it wasn't[0m
[08:25] [0m               anything i guess i wasn't aware of, but still pretty worrying[0m
[08:25] [0m[31;1m[Clan] Bruce :[0m but as we all know, social media is for looking at hot yoga girls[0m
[08:25] [0m[31;1m[Clan] Szodrin :[0m I don't trust any politician or person in power to know when to use their[0m
[08:25] [0m                 power, since most people in power abuse it[0m
[08:25] [0m[31;1m[Clan] Saim :[0m different issue[0m
[08:25] [0m[31;1m[Clan] Saim :[0m but you have a point on that issue[0m
[08:26] [0m[31;1m[Clan] Szodrin :[0m it's different issues that people held accountable are held accountable by[0m
[08:26] [0m                 someone?[0m
[08:26] [0m[31;1m[Clan] Oscar :[0m I don't think there's a "side" to this at all.  It's become a propaganda platform[0m
[08:26] [0m               masquerading as fact and evidence based conclusions.[0m
[08:26] [0m[31;1m[Clan] Saim :[0m yes - because there is a truth, and that is more important that the other side's[0m
[08:26] [0m              bullshit[0m
[08:27] [0m[31;1m[Clan] Saim :[0m its lke saying no one can figure out the truth, so both sides get a fair chance to[0m
[08:27] [0m              prove thier point[0m
[08:27] [0m[31;1m[Clan] Saim :[0m except one side is dead wrong[0m
[08:27] [0m[31;1m[Clan] Oscar :[0m I use instagram/facebook for what Bruce said though, it's much better.[0m
[08:27] [0m[31;1m[Clan] Szodrin :[0m listen, there are stupid people or people that immediately spread bits of[0m
[08:27] [0m                 information out of context etc, but there are also giant mega corporations that[0m
[08:27] [0m                 make money off of selling commercial time from convincing people to watch their[0m
[08:27] [0m                 shit[0m
[08:27] [0m[31;1m[Clan] Bruce :[0m so much better[0m
[08:28] [0m[31;1m[Clan] Bruce :[0m there's less stress in life if you just use social media for looking at pretty[0m
[08:28] [0m               pictures[0m
[08:28] [0m[31;1m[Clan] Szodrin :[0m laf[0m
[08:28] [0m[31;1m[Clan] Bruce :[0m i sometimes stalk oscar's instagram just to be reminded how beautiful he is[0m
[08:28] [0m[31;1m[Clan] Oscar :[0m laf[0m
[08:28] [0m[31;1m[Clan] Saim :[0m idk i dont think its hard to slap a sticker on a post about "obama is the love[0m
[08:28] [0m              child of putin" article[0m
[08:28] [0m[31;1m[Clan] Oscar :[0m you main HUSSEIN obama[0m
[08:28] [0m[31;1m[Clan] Szodrin :[0m because tags about misinformation can themselves be misinformation[0m
[08:29] [0m[31;1m[Clan] Saim :[0m i know they can be...but what if they arent? because we fucking know obama isnt[0m
[08:29] [0m              the love child of putin[0m
[08:29] [0m[31;1m[Clan] Saim :[0m sometimes its that easy[0m
[08:29] [0m[31;1m[Clan] Szodrin :[0m you always have to take everything to its natural extreme when considering it,[0m
[08:29] [0m                 because someone will[0m
[08:30] [0m[31;1m[Clan] Szodrin :[0m how can the natural extreme of an ability/power be bad for me[0m
[08:30] [0m[31;1m[Clan] Oscar :[0m bots move faster than people.  and hiring people to sift through bot bullshit[0m
[08:30] [0m               costs money and that makes shareholders who dgaf angry[0m
[08:30] [0m[31;1m[Clan] Szodrin :[0m but bots are programmed[0m
[08:30] [0m[31;1m[Clan] Szodrin :[0m by people[0m
[08:30] [0m[31;1m[Clan] Oscar :[0m and?[0m
[08:30] [0m[31;1m[Clan] Szodrin :[0m you run into the same concerns[0m
[08:31] [0m[31;1m[Clan] Oscar :[0m I'm not sure I follow[0m
[08:31] [0m[31;1m[Clan] Szodrin :[0m oh, you're saying responding to bots, not bots responding to people[0m
[08:31] [0m[34;1mFlaxen shouts:[0m oscar no care[0m
[08:31] [0m[31;1m[Clan] Szodrin :[0m sorry, my chatline recorder cut off part of it due to length[0m
[08:31] [0m[31;1m[Clan] Oscar :[0m yeah, you can write a bot that non stop creates accounts and posts the same[0m
[08:31] [0m               bullshit articles[0m
[08:32] [0m[31;1m[Clan] Szodrin :[0m I need to fix this thing, and get knight line on it[0m
[08:32] [0m[31;1m[Clan] Oscar :[0m Which costs like a nickel to run for a year[0m
[08:32] [0m[31;1m[Clan] Bruce :[0m this conversation reminds me of this[0m
[08:32] [0m[31;1m[Clan] Bruce :[0m https://www.memecenter.com/fun/123066/so-true[0m
[08:32] [0m[31;1m[Clan] Szodrin :[0m laf[0m
[08:32] [0m[31;1m[Clan] Szodrin :[0m damn that's old[0m
[08:33] [0m[31;1m[Clan] Bruce :[0m some times the old things are the best things[0m
[08:33] [0m[31;1m[Clan] Bruce :[0m now lets focus on yoga teachers[0m
[08:33] [0m[31;1m[Clan] Szodrin :[0m I don't know, I think disagreeing is more correct, I'm not angry at Saim, and I[0m
[08:33] [0m                 understand his view (at least I think I do) I just don't trust the folks that[0m
[08:33] [0m                 would be responsible for the changes[0m
[08:34] [0m[31;1m[Clan] Saim :[0m disagreeing with the people's comments or me?[0m
[08:34] [0m[31;1m[Clan] Bruce :[0m for reference, this is my favourite yoga teacher in london[0m
[08:34] [0m[31;1m[Clan] Bruce :[0m https://www.instagram.com/p/Bui56fqlNJh/[0m
[08:34] [0m[31;1m[Clan] Szodrin :[0m both :P[0m
[08:34] [0m[31;1m[Clan] Oscar :[0m no ass[0m
[08:34] [0m[31;1m[Clan] Szodrin :[0m he said this conversation[0m
[08:34] [0m[31;1m[Clan] Oscar :[0m bruce bruce bruce[0m
[08:34] [0m[31;1m[Clan] Bruce :[0m https://www.instagram.com/p/Bpw00FUglwZ/[0m
[08:34] [0m[31;1m[Clan] Bruce :[0m DELICIOUS[0m
[08:35] [0m[31;1m[Clan] Oscar :[0m do better london![0m
[08:35] [0m[31;1m[Clan] Bruce :[0m london is a fine city full of fine people, how dare you, you ignorant redneck[0m
[08:35] [0m[31;1m[Clan] Oscar :[0m that smokeshow in sri lanka yo sent me was my favorite[0m
[08:35] [0m[31;1m[Clan] Bruce :[0m haha lily[0m
[08:35] [0m[31;1m[Clan] Oscar :[0m is sri lanka open?[0m
[08:36] [0m[31;1m[Clan] Bruce :[0m it is if you fly in via asia[0m
[08:36] [0m[31;1m[Clan] Oscar :[0m I've never been in a place that had hotter hippies[0m
[08:36] [0m[31;1m[Clan] Bruce :[0m amen[0m
[08:37] [0m[31;1m[Clan] Oscar :[0m that country really is paradise, if you ignore the ethnic cleansing and powderkeg[0m
[08:37] [0m               that it still is up north[0m
[08:37] [0m[31;1m[Clan] Bruce :[0m yeah the whole part where they've killed generations of tamils[0m
[08:37] [0m[31;1m[Clan] Bruce :[0m and how rapey the men are[0m
[08:37] [0m[31;1m[Clan] Oscar :[0m Yeah, that's pretty fucked[0m
[08:38] [0m[31;1m[Clan] Szodrin :[0m I don't use instagram admittedly, I go to places like The Chive and such for[0m
[08:38] [0m                 that[0m
[08:38] [0m[31;1m[Clan] Oscar :[0m instagram is awesome, but they're slowly trying to turn it into a "news feed"[0m
[08:38] [0m               type thing too[0m
[08:39] [0m[31;1m[Clan] Bruce :[0m it's funny you mention lily, no matter where i travel, how glorious the scenery,[0m
[08:39] [0m               friends only care if lily is in the photo[0m
[08:39] [0m[31;1m[Clan] Oscar :[0m It used to be just people I follow and a nice stream of hot women whoring[0m
[08:39] [0m               themselves out for internet points[0m
[08:39] [0m[31;1m[Clan] Oscar :[0m laf[0m
[08:39] [0m[31;1m[Clan] Saim :[0m so where are these lily photos[0m
[08:39] [0m[31;1m[Clan] Saim :[0m heh[0m
[08:39] [0m[34;1mWhoknows shouts:[0m cuz he's supposedly a grouch?[0m
[08:40] [0m[31;1m[Clan] Bruce :[0m haha[0m
[08:40] [0m[31;1m[Clan] Bruce :[0m https://photos.app.goo.gl/Lbmre4aTx1eGhCxx9[0m
[08:40] [0m[34;1mOscar shouts:[0m Oscar just wants to be loved[0m
[08:40] [0m[34;1mWhoknows shouts:[0m wouldn't you be if you were forced to live in a trash can?[0m
[08:40] [0m[31;1m[Clan] Bruce :[0m admittedly she has the most glorious ass[0m
[08:40] [0m[31;1m[Clan] Szodrin :[0m how do you folks setup your triggers to capture the entire chat line?[0m
[08:41] [0m[31;1m[Clan] Bruce :[0m i use inix's setup since i refuse to use mip[0m
[08:41] [0m[31;1m[Clan] Oscar :[0m inix's setup is mip[0m
[08:41] [0m[31;1m[Clan] Bruce :[0m https://github.com/Inix3K/TinTin/blob/master/3k/chat.tin[0m
[08:41] [0m[31;1m[Clan] Bruce :[0m his old setup[0m
[08:41] [0m[31;1m[Clan] Oscar :[0m o[0m
[08:41] [0m[31;1m[Clan] Oscar :[0m I use both[0m
[08:41] [0m[31;1m[Clan] Bruce :[0m i just can't get into using mip[0m
[08:41] [0m[31;1m[Clan] Oscar :[0m I like MIP because there is information that you flat out can't get elsewhere[0m
[08:42] [0m[31;1m[Clan] Bruce :[0m the noun stuff is sweet[0m
[08:42] [0m[31;1m[Clan] Oscar :[0m For example, MIP gives you all the nouns you can search/examine in a room (if the[0m
[08:42] [0m               wiz coded it right)[0m
[08:42] [0m[31;1m[Clan] Oscar :[0m yeah, that in particular[0m
[08:42] [0m[31;1m[Clan] Blutash :[0m There are so may things that you can't get elsewhere[0m
[08:42] [0m[31;1m[Clan] Oscar :[0m mob health %[0m
[08:42] [0m[34;1mHooligan shouts:[0m woooo![0m
[08:42] [0m[34;1mWhoknows shouts:[0m Frisky![0m
[08:42] [0m[31;1m[Clan] Oscar :[0m for any mob[0m
[08:42] [0m[31;1m[Clan] Blutash :[0m absolute values for all kinds of things[0m
[08:42] [0m[31;1m[Clan] Oscar :[0m even the round counter[0m
[08:42] [0m[31;1m[Clan] Oscar :[0m is nice[0m
[08:42] [0m[31;1m[Clan] Bruce :[0m did i show you the finalised bot tracker?[0m
[08:42] [0m[31;1m[Clan] Bruce :[0m https://imgur.com/a/VsGwLAV[0m
[08:43] [0m[34;1mEcholoc shouts:[0m it Trisky to rock a rhyme, rock a rhyme, that's right on time, its trisky[0m
[08:43] [0m[31;1m[Clan] Ser :[0m anyone wanna do stuff[0m
[08:43] [0m[31;1m[Clan] Oscar :[0m oo thats nice[0m
[08:43] [0m[31;1m[Clan] Bruce :[0m big zombies? oh i just opened mine, heh[0m
[08:43] [0m[31;1m[Clan] Blutash :[0m Purty![0m
[08:43] [0m[31;1m[Clan] Bruce :[0m guess we could do them at scaler 143 if someone can tank[0m
[08:44] [0m[37;1m[JEDI]:[0m Kerran Halcyon arrives at the Academy.[0m
[08:44] [0m[31;1m[Clan] Saim :[0m id be down to hit[0m
[08:44] [0m[31;1m[Clan] Ser :[0m how big are the big ones[0m
[08:44] [0m[31;1m[Clan] Szodrin :[0m I'm interested, 6.5b from dungeon reset 3[0m
[08:44] [0m[31;1m[Clan] Bruce :[0m like 400M? 450 at nix scaler?[0m
[08:45] [0m[31;1m[Clan] Ser :[0m should i go try them[0m
[08:45] [0m[31;1m[Clan] Ser :[0m unless bruce can tank[0m
[08:45] [0m[31;1m[Clan] Oscar :[0m if you can tank em[0m
[08:45] [0m[31;1m[Clan] Bruce :[0m that would be short lived for us all if i tanked[0m
[08:45] [0m[31;1m[Clan] Oscar :[0m doubtful bruce would survive[0m
[08:46] [0m[31;1m[Clan] Ser :[0m i'd be surprised if i can tank them[0m
[08:46] [0m[31;1m[Clan] Oscar :[0m they beat byron/nix up pretty good[0m
[08:46] [0m[31;1m[Clan] Szodrin :[0m in pure tank mode without damage?[0m
[08:46] [0m[31;1m[Clan] Ser :[0m what's that[0m
[08:46] [0m[31;1m[Clan] Szodrin :[0m not using stamina for attacks :P[0m
[08:46] [0m[31;1m[Clan] Ser :[0m i guess i could try sphere of influence[0m
[08:46] [0m[31;1m[Clan] Ser :[0m nog i don't run expertise all the time[0m
[08:47] [0m[31;1m[Clan] Ser :[0m what damage types did they do?[0m
[08:47] [0m[31;1m[Clan] Ser :[0m i got e/b covered especially if i run sphere[0m
[08:48] [0m[31;1m[Clan] Oscar :[0m changes[0m
[08:48] [0m[31;1m[Clan] Saim :[0m i should totally be able to use fdef on others[0m
[08:48] [0m[31;1m[Clan] Oscar :[0m radiation/nrg/acid/blunt/etc[0m
[08:48] [0m[31;1m[Clan] Ser :[0m i've never played with sphere[0m
[08:48] [0m[31;1m[Clan] Szodrin :[0m agreed, Saim[0m
[08:48] [0m[31;1m[Clan] Saim :[0m thematically it would make sense[0m
[08:48] [0m[31;1m[Clan] Ser :[0m so i need a laser rifle & a hoe[0m
[08:48] [0m[31;1m[Clan] Saim :[0m that would be fun[0m
[08:49] [0m[31;1m[Clan] Saim :[0m we doin vamps? or should i take the balloon?[0m
[08:49] [0m[31;1m[Clan] Ser :[0m guys...  i've NEVER played with this power before[0m
[08:49] [0m[31;1m[Clan] Szodrin :[0m I can bring on tal to help you kill gardener if you want[0m
[08:50] [0m[31;1m[Clan] Ser :[0m  SoI+651[0m
[08:50] [0m[31;1m[Clan] Ser :[0m the number changes each round[0m
[08:50] [0m[31;1m[Clan] Szodrin :[0m unwrap[0m
[08:50] [0m[31;1m[Clan] Szodrin :[0m crap[0m
[08:51] [0m[31;1m[Clan] Szodrin :[0m the number as in the duration?[0m
[08:51] [0m[31;1m[Clan] Ser :[0m bruce[0m
[08:51] [0m[31;1m[Clan] Ser :[0m can you save me to your dungeon[0m
[08:51] [0m[31;1m[Clan] Ser :[0m oh shit, sphere is cha based lmao[0m
[08:51] [0m[31;1m[Clan] Szodrin :[0m lol[0m
[08:52] [0m[31;1m[Clan] Bruce :[0m can do[0m
[08:52] [0m[31;1m[Clan] Bruce :[0m still want to go?[0m
[08:52] [0m[31;1m[Clan] Szodrin :[0m he's testing things[0m
[08:52] [0m[31;1m[Clan] Ser :[0m sure[0m
[08:52] [0m[31;1m[Clan] Ser :[0m fuck me up fam[0m
[08:53] [0m[31;1m[Clan] Ser :[0m oo this one does acid[0m
[08:53] [0m[31;1m[Clan] Ser :[0m i think i'm ok[0m
[08:54] [0m[31;1m[Clan] Ser :[0m gonna go max out my armour real fast[0m
[08:56] [0m[31;1m[Clan] Ser :[0m byron send me your bot[0m
[08:57] [0m[31;1m[Clan] Saim :[0m vamps or no?[0m
[08:57] [0m[31;1m[Clan] Ser :[0m i'm doing fine on this one[0m
[08:57] [0m[31;1m[Clan] Ser :[0m so bruce wanna rally the troops[0m
[08:57] [0m[31;1m[Clan] Oscar :[0m lets run it then[0m
[08:57] [0m[31;1m[Clan] Oscar :[0m i can send you my stuff[0m
[08:57] [0m[31;1m[Clan] Oscar :[0m where to[0m
[08:58] [0m[31;1m[Clan] Bruce :[0m oh yeah[0m
[08:58] [0m[31;1m[Clan] Ser :[0m i'm at entrance[0m
[08:58] [0m[31;1m[Clan] Ser :[0m letting stam regen[0m
[08:58] [0m[31;1m[Clan] Szodrin :[0m coming[0m
[08:58] [0m[31;1m[Clan] Oscar :[0m i'll send you the moblist/bath[0m
[08:58] [0m[31;1m[Clan] Oscar :[0m path*[0m
[08:58] [0m[31;1m[Clan] Szodrin :[0m be there shortly, too[0m
[08:58] [0m[31;1m[Clan] Saim :[0m omw[0m
[08:58] [0m[31;1m[Clan] Oscar :[0m I need a bunch of corpses[0m
[08:58] [0m[31;1m[Clan] Oscar :[0m or i'll probably sat kill myself[0m
[08:58] [0m[31;1m[Clan] Bruce :[0m am at hotel for rally[0m
[08:58] [0m[31;1m[Clan] Szodrin :[0m there's apparently like 200 in clan morgue from Xaryl[0m
[08:58] [0m[31;1m[Clan] Szodrin :[0m and I have over 100[0m
[08:59] [0m[31;1m[Clan] Ser :[0m i have a full coffin as well[0m
[08:59] [0m[31;1m[Clan] Oscar :[0m i got a bunch now[0m
[09:01] [0m[31;1m[Clan] Bruce :[0m tug me for rally, on a call[0m
[09:14] [0m[37;1m[JEDI]:[0m Durnoth arrives at the Academy.[0m
[09:18] [0m[31;1m[Clan] Oscar :[0m You can also increase certain stats a lot - I've found wis/int are easiest to[0m
[09:18] [0m               crank... dex and cha less so[0m
[09:19] [0m[31;1m[Clan] Ser :[0m nog[0m
[09:19] [0m[31;1m[Clan] Ser :[0m i need to start farming[0m
[09:41] [0m[37;1m[JEDI]:[0m Tobias Kel'ach'nar arrives at the Academy.[0m
[09:53] [0m[31;1m[Clan] Ser :[0m anyone else for vamps?[0m
[10:00] [0m[34;1mSchlaus shouts:[0m woo woo[0m
[10:08] [0m[35;1mEnder [Jedi(Knight)]:[0m havent seen a rimakin hit for 2500 like that before.[0m
[10:13] [0m[37;1m[JEDI]:[0m Janath Meelin arrives at the Academy.[0m
[10:35] [0m[32mSpace tells you (Roken,Fluffy,Sleepy,Hooligan):[0m resetting zombies, come to entrance[0m
[10:42] [0m[37;1m[JEDI]:[0m Wennic Ber'ni'lok arrives at the Academy.[0m
[10:44] [0m[31;1m[Clan] Szodrin :[0m anyone? could use another hitter for vampires[0m
[10:44] [0m[31;1m[Clan] Szodrin :[0m the new, hot, hip party dungeon[0m
[16:46] [0m[37;1m[JEDI]:[0m Alyssa K'tal arrives at the Academy.[0m
[16:53] [0m[34;1mEcholoc shouts:[0m woot woot[0m
[16:58] [0m[34;1mEcholoc shouts:[0m woo[0m
[16:59] [0m[34;1mLicklick shouts:[0m thanks![0m
[17:15] [0m[37;1mRhyson flaps :[0m In the 1940s there was doo-wop…80 years later there’s doo-WAP[0m
[17:16] [0m[37;1mRhyson flaps :[0m This music history moment brought to you by Wednesday.[0m
[17:17] [0m[37;1m[JEDI]:[0m Rhaan arrives at the Academy.[0m
[17:32] [0m[35;1mSimonz [Jedi(Knight)]:[0m anyone available to hit some belochs?[0m
[17:33] [0m[35;1mVolt [Jedi(59)]:[0m that's what you were saying.  i never listen[0m
[17:33] [0m[35;1mVolt [Jedi(59)]:[0m wl[0m
[17:33] [0m[35;1mAl [Jedi(73)]:[0m see?![0m
[17:33] [0m[35;1mSimonz [Jedi(Knight)]:[0m well come hit some belochs instead[0m
[17:33] [0m[35;1mAl [Jedi(73)]:[0m we need to see a couples counselor[0m
[17:34] [0m[35;1mLicklick [Jedi(63)]:[0m I would but im not very useful[0m
[17:34] [0m[35;1mAl [Jedi(73)]:[0m you've harbored resentment against me ever since you realized i was the primary[0m
[17:34] [0m               xp winner[0m
[17:34] [0m[35;1mSimonz [Jedi(Knight)]:[0m any damage his helpful[0m
[17:34] [0m[35;1mAl [Jedi(73)]:[0m stuck in noc with a bunch of schlubs, hombre[0m
[17:34] [0m[35;1mAl [Jedi(73)]:[0m you tankin?[0m
[17:34] [0m[35;1mSimonz [Jedi(Knight)]:[0m yup[0m
[17:35] [0m[35;1mAl [Jedi(73)]:[0m clearing up last mob and we'll be there in a min[0m
[17:35] [0m[35;1mSimonz [Jedi(Knight)]:[0m cool![0m
[17:39] [0m[37;1m[JEDI]:[0m Wennic Ber'ni'lok arrives at the Academy.[0m
[17:58] [0m[34;1mSquirrel shouts:[0m someone smoking some angels tonight. cripsy wings![0m
[18:01] [0m[37;1mSquirrel flaps :[0m ftouches?[0m
[18:01] [0m[37;1mSquirrel flaps :[0m ftouches @SS[0m
[18:04] [0m[37;1m[JEDI]:[0m Tobias Kel'ach'nar arrives at the Academy.[0m
[18:09] [0m[34;1mBarian shouts:[0m woo[0m
[18:09] [0m[34;1mEcholoc shouts:[0m woot![0m
[18:13] [0m[35;1mSimonz [Jedi(Knight)]:[0m wow, did not expect that[0m
[18:36] [0m[37;1m[JEDI]:[0m Janath Meelin arrives at the Academy.[0m
[18:49] [0m[31;1m[Clan] Oscar :[0m we should vampire again[0m
[18:52] [0m[31;1m[Clan] Szodrin :[0m I'd be down[0m
[18:52] [0m[31;1m[Clan] Szodrin :[0m worry, translating[0m
[18:52] [0m[31;1m[Clan] Szodrin :[0m er, sorry[0m
[18:58] [0m[37;1m[JEDI]:[0m Reena Bel Noir arrives at the Academy.[0m
[19:00] [0m[35;1mLicklick [Jedi(63)]:[0m good job sally![0m
[19:00] [0m[35;1mSally [Jedi(55)]:[0m :)[0m
[19:02] [0m[31;1m[Clan] Szodrin :[0m wish me luck, probably killing myself[0m
[19:02] [0m[31;1m[Clan] Xaryl :[0m bad boy![0m
[19:03] [0m[31;1m[Clan] Szodrin :[0m well maybe not, but I am wearing full-brun gear[0m
[19:03] [0m[31;1m[Clan] Szodrin :[0m killing my first sac spider[0m
[19:03] [0m[31;1m[Clan] Szodrin :[0m well, on Szod[0m
[19:04] [0m[31;1m[Clan] Szodrin :[0m woot, dead[0m
[19:06] [0m[31;1m[Clan] Szodrin :[0m curious if cocoon is better than amulet of Voraxis[0m
[19:06] [0m[31;1m[Clan] Szodrin :[0m amulet of voraxis is pretty bs[0m
[19:11] [0m[37;1mWhoknows flaps :[0m zombies reset imminent[0m
[19:12] [0m[37;1mWhoknows flaps :[0m send tell for zombie reset or forever hold your peace[0m
[19:13] [0m[37;1mWhoknows flaps :[0m done[0m
[19:14] [0m[31;1m[Clan] Szodrin :[0m yeah, I think voraxis might be better, but it straight up blocks some attacks[0m
[19:14] [0m                 entirely[0m
[19:16] [0m[34;1mVidae shouts:[0m fart[0m
[19:16] [0m[34;1mSzodrin shouts:[0m .com[0m
[19:21] [0m[31;1m[Clan] Szodrin :[0m OK, another stupid thing[0m
[19:22] [0m[31;1m[Clan] Xaryl :[0m use both! make coon into a ring[0m
[19:22] [0m[31;1m[Clan] Xaryl :[0m most people do that[0m
[19:22] [0m[31;1m[Clan] Szodrin :[0m already used transmute and the changes aren't in yet :([0m
[19:22] [0m[31;1m[Clan] Szodrin :[0m at least I don't think they are[0m
[19:26] [0m[37;1m[JEDI]:[0m Ylenic It'kla arrives at the Academy.[0m
[19:26] [0m[31;1m[Clan] Szodrin :[0m trying to get another one[0m
[19:32] [0m[31;1m[Clan] Szodrin :[0m woot, a cocoon[0m
[19:35] [0m[31;1m[Clan] Szodrin :[0m nope :( changes aren't in yet[0m
[19:46] [0m[37;1mSquirrel flaps :[0m day2 cleared[0m
[19:54] [0m[37;1mEcholoc flaps :[0m grats :)[0m
[19:56] [0m[37;1mTerran flaps :[0m day3 at SS[0m
[19:58] [0m[37;1m[JEDI]:[0m Janath Meelin arrives at the Academy.[0m
[20:00] [0m[37;1mShardik flaps :[0m anyone know the ansi-var for the mudskill bonus attack from attack speed?[0m
[20:01] [0m[31;1m[Clan] Oscar :[0m any chance someone wants to refresh/tank fbat?[0m
[20:01] [0m[37;1mDisruptor flaps :[0m last call for day3[0m
[20:02] [0m[31;1m[Clan] Oscar :[0m also, i now have dupe on 4 toons woot[0m
[20:03] [0m[31;1m[Clan] Szodrin :[0m woot![0m
[20:05] [0m[31;1m[Clan] Szodrin :[0m my only available dup has a 7 day refresh so I'm saving it for next boot[0m
[20:05] [0m[35;1mLorderon [Jedi(41)]:[0m hello[0m
[20:05] [0m[35;1mEnder [Jedi(Knight)]:[0m heya[0m
[20:06] [0m[35;1mLorderon [Jedi(41)]:[0m been a long time since I logged on.[0m
[20:06] [0m[31;1m[Clan] Oscar :[0m nog[0m
[20:06] [0m[31;1m[Clan] Oscar :[0m this dude is a stat whore[0m
[20:06] [0m[35;1mLorderon [Jedi(41)]:[0m don't remember most of the commands.   LOL[0m
[20:06] [0m[31;1m[Clan] Oscar :[0m so, will crank it while i can[0m
[20:06] [0m[35;1mEnder [Jedi(Knight)]:[0m how long?[0m
[20:06] [0m[35;1mEnder [Jedi(Knight)]:[0m oh that long:)[0m
[20:06] [0m[35;1mSally [Jedi(55)]:[0m start with info[0m
[20:06] [0m[34;1mMaverik shouts:[0m didn't see any vaf deals for prime day eh[0m
[20:06] [0m[35;1mEnder [Jedi(Knight)]:[0m eh, i was gone for 15 years, it came back fast.[0m
[20:06] [0m[31;1m[Clan] Szodrin :[0m damn, only 5b from level 4 dup as well as level 3 dungeon reset[0m
[20:06] [0m[31;1m[Clan] Szodrin :[0m that's really tempting[0m
[20:06] [0m[35;1mLorderon [Jedi(41)]:[0m it has beel at least 6 for me[0m
[20:07] [0m[35;1mEnder [Jedi(Knight)]:[0m are you back to play or just like, checking out if the place still exists?[0m
[20:07] [0m[34;1mShardik shouts:[0m so.. this one coffee maker says it's a 12 cup coffee maker... 15000ml capacity..[0m
[20:07] [0m                the other one though is only a 10 cup coffee maker... but also 15000ml capacity[0m
[20:07] [0m[35;1mLorderon [Jedi(41)]:[0m was thinking about playing again[0m
[20:07] [0m[34;1mGik shouts:[0m does a cup count as 1 measuring cup?[0m
[20:07] [0m[35;1mLicklick [Jedi(63)]:[0m dang your a sith[0m
[20:08] [0m[34;1mInquisitor shouts:[0m Well, the better question is who's using it.  Two girls one cup?  Just steer[0m
[20:08] [0m                   clear.  It's not making coffee.[0m
[20:08] [0m[34;1mShardik shouts:[0m I think the marketing folks might be playing with the definition[0m
[20:08] [0m[35;1mLorderon [Jedi(41)]:[0m thought I was a jen[0m
[20:08] [0m[35;1mSally [Jedi(55)]:[0m you are jensaarai[0m
[20:09] [0m[35;1mInquisitor [Jedi(Knight)]:[0m Oh, you've been gone so long that your gxp was readjusted and all[0m
[20:09] [0m                           skills reset.[0m
[20:09] [0m[34;1mGik shouts:[0m i think the problem is cups are usually more than one cup[0m
[20:09] [0m[35;1mLicklick [Jedi(63)]:[0m oh nm i read it wrong, my bad[0m
[20:09] [0m[34;1mShardik shouts:[0m I'm gonna buy this one and resell it on ebay as an industrial 500 cup coffe[0m
[20:09] [0m                maker.. but they're little dollhouse coffee cups[0m
[20:09] [0m[35;1mMellaous [Jedi(82)]:[0m sups[0m
[20:09] [0m[35;1mEnder [Jedi(Knight)]:[0m sup mell[0m
[20:10] [0m[35;1mInquisitor [Jedi(Knight)]:[0m As it happens, Janath is here now so if you'd like to play, go train[0m
[20:10] [0m                           armor enhancement now.[0m
[20:10] [0m[35;1mMellaous [Jedi(82)]:[0m oh cool baadu no longer have a long list of -'s hehe[0m
[20:13] [0m[35;1mSally [Jedi(55)]:[0m yup all pluses now[0m
[20:18] [0m[35;1mEnder [Jedi(Knight)]:[0m inquisitor, how will fdef work for him given he's pre fdef now?[0m
[20:23] [0m[35;1mKsemia [Jedi(Master)]:[0m how goes?[0m
[20:25] [0m[35;1mLicklick [Jedi(63)]:[0m he will start from the start im sure[0m
[20:27] [0m[35;1mLicklick [Jedi(63)]:[0m or if you mean pre fdef nerf, he will have -fdef xp[0m
[20:27] [0m[35;1mLorderon [Jedi(41)]:[0m how do I see that?[0m
[20:27] [0m[35;1mEnder [Jedi(Knight)]:[0m focus check /deflect[0m
[20:27] [38;5;11m||Dxp Stats|| [38;2;0;255;0m74.26[1;37;40m% success / [38;5;11m3664[1;37;40m rnds [1;37;40m[XP Gain:[38;2;0;255;0m0.3579 [1;37;40mAVG:[38;5;11m0.000132[1;37;40m]
[20:28] [0m[35;1mLicklick [Jedi(63)]:[0m ouch[0m
[20:28] [0m[35;1mLorderon [Jedi(41)]:[0m that is bad?[0m
[20:28] [0m[35;1mKsemia [Jedi(Master)]:[0m overall fdef xp is the same....curve was shifted[0m
[20:28] [0m[35;1mEnder [Jedi(Knight)]:[0m depends on what you can train it to tho[0m
[20:28] [0m[35;1mLicklick [Jedi(63)]:[0m yeah your negative 280%[0m
[20:28] [0m[31;1m[Clan] Taleast :[0m which also means your effective level is lower[0m
[20:29] [0m[31;1m[Clan] Taleast :[0m w/l[0m
[20:29] [0m[35;1mTaleast [Jedi(58)]:[0m which also means your effective level is lower[0m
[20:29] [0m[35;1mLicklick [Jedi(63)]:[0m what level does it say?[0m
[20:29] [0m[35;1mTaleast [Jedi(58)]:[0m you'll have to use your gilgalal level in your hpbar[0m
[20:30] [0m[35;1mKsemia [Jedi(Master)]:[0m info hpconfigure[0m
[20:31] [0m[37;1m[JEDI]:[0m Bithoff Jonansaan arrives at the Academy.[0m
[20:40] [0m[37;1mOscar flaps :[0m Do any of you extremely handsome mudders want to tank a firebat for a weak little[0m
[20:40] [0m              mage?[0m
[20:40] [0m[37;1mVidae flaps :[0m PICK ME[0m
[20:40] [0m[37;1mWhoknows flaps :[0m Pikachu! I pick yOU![0m
[20:40] [0m[37;1mOscar flaps :[0m You're handsome and all, but I think we're sharing a grave[0m
[20:41] [0m[37;1mOscar flaps :[0m I'm 1 death short of 30 for the boot so far[0m
[20:41] [0m[37;1mVidae flaps :[0m Finally some one on one time with Oscar ;)[0m
[20:55] [0m[35;1mLorderon [Jedi(41)]:[0m they added more stats.   looks like you can advance max hp and sps[0m
[20:55] [0m[35;1mLorderon [Jedi(41)]:[0m are con wis and dex still the main stats?[0m
[20:56] [0m[35;1mEnder [Jedi(Knight)]:[0m for light jedis nog[0m
[20:57] [0m[35;1mEnder [Jedi(Knight)]:[0m i mean, they all play a role for sure but those 3 have a huge impact on[0m
[20:57] [0m                      damage, tanking, healing, etc.[0m
[20:58] [0m[35;1mLicklick [Jedi(63)]:[0m now if your volt you focus on int instead of wis[0m
[20:58] [0m[35;1mLicklick [Jedi(63)]:[0m or something like that[0m
[20:59] [0m[31;1m[Clan] Oscar :[0m lol, I just left firebat X & A[0m
[20:59] [0m[31;1m[Clan] Oscar :[0m its dead[0m
[20:59] [0m[31;1m[Clan] Szodrin :[0m solo?[0m
[20:59] [0m[31;1m[Clan] Oscar :[0m terran tanked it[0m
[20:59] [0m[31;1m[Clan] Szodrin :[0m ahh[0m
[20:59] [0m[31;1m[Clan] Archangel :[0m ahh[0m
[21:00] [0m[31;1m[Clan] Oscar :[0m terran has OG[0m
[21:00] [0m[31;1m[Clan] Oscar :[0m hmmm I wonder if you can xmute cmc[0m
[21:00] [0m[37;1m[JEDI]:[0m H'ssani C'talan arrives at the Academy.[0m
[21:01] [0m[31;1m[Clan] Szodrin :[0m probably either impossible or requires high transmute, but I'm curious as well[0m
[21:01] [0m[31;1m[Clan] Szodrin :[0m isn't it the best ac in slot in most cases though too?[0m
[21:01] [0m[31;1m[Clan] Oscar :[0m later days[0m
[21:01] [0m[31;1m[Clan] Szodrin :[0m is mage tower 2.0 better?[0m
[21:02] [0m[31;1m[Clan] Oscar :[0m i never looked on a char w showac[0m
[21:02] [0m[31;1m[Clan] Oscar :[0m so can't say. they're both uber ac[0m
[21:02] [0m[31;1m[Clan] Xaryl :[0m cmc is not better AC than most mains until day 5[0m
[21:02] [0m[31;1m[Clan] Oscar :[0m AOE 2.0 does have added DR + stats too though[0m
[21:02] [0m[31;1m[Clan] Szodrin :[0m wow, OK, good to know[0m
[21:03] [0m[31;1m[Clan] Szodrin :[0m so like, PB main beats it until then[0m
[21:03] [0m[31;1m[Clan] Szodrin :[0m ?[0m
[21:03] [0m[31;1m[Clan] Xaryl :[0m PB == 65 e/b[0m
[21:03] [0m[31;1m[Clan] Xaryl :[0m cmc = 53 e/b[0m
[21:03] [0m[31;1m[Clan] Xaryl :[0m at day 3[0m
[21:03] [0m[31;1m[Clan] Oscar :[0m interesting[0m
[21:03] [0m[31;1m[Clan] Szodrin :[0m ouch, OK, thanks[0m
[21:04] [0m[31;1m[Clan] Oscar :[0m woot, zosi there too[0m
[21:04] [0m[31;1m[Clan] Szodrin :[0m nice[0m
[21:05] [0m[31;1m[Clan] Xaryl :[0m donates going in box[0m
[21:17] [0m[31;1m[Clan] Szodrin :[0m bah, I think I might drop the $5 just to get ktrig1 on Szod[0m
[21:18] [0m[31;1m[Clan] Szodrin :[0m so I don't have to have any more complicated triggers to use mask[0m
[21:19] [0m[31;1m[Clan] Szodrin :[0m oh, there's no way to get just $5, heh[0m
[21:27] [0m[37;1mStasis <.oO>:[0m BANG![0m
[21:27] [0m[31;1m[Clan] Oscar :[0m yeah, not sure why there are set $ amounts[0m
[21:27] [0m[35;1mLorderon [Jedi(41)]:[0m can you change traditions?[0m
[21:28] [0m[31;1m[Clan] Oscar :[0m should just be a box and vaf whatever you want (with some minimum I guess)[0m
[21:28] [0m[37;1mVoler <.oO>:[0m bing bong bing bing bing![0m
[21:28] [0m[35;1mEnder [Jedi(Knight)]:[0m ah, not really. I think you can VAF to leave a trad, and like if you're[0m
[21:28] [0m                      dark/light and lose or gain DS points you can. but coming out of jens or[0m
[21:28] [0m                      baadu or krath etc not really[0m
[21:29] [0m[35;1mLorderon [Jedi(41)]:[0m where are the teachers to train skills with?[0m
[21:29] [0m[35;1mLicklick [Jedi(63)]:[0m you could have a priest hype your alignment[0m
[21:29] [0m[35;1mEnder [Jedi(Knight)]:[0m fondon is always sw of guild center[0m
[21:30] [0m[35;1mEnder [Jedi(Knight)]:[0m there are NPC teachers who pop in and out[0m
[21:30] [0m[35;1mLicklick [Jedi(63)]:[0m nm that just you unable to use the force, forgit[0m
[21:30] [0m[35;1mEnder [Jedi(Knight)]:[0m or any jedi can teach skills if they have them.[0m
[21:30] [0m[35;1mEnder [Jedi(Knight)]:[0m Im halfway through a dungeon leading a party, but when Im back I can sit[0m
[21:30] [0m                      and teach whatever fondon can't.[0m
[21:31] [0m[35;1mLicklick [Jedi(63)]:[0m if you need me I can be there, but why do wanna change traditions?[0m
[21:31] [0m[35;1mLorderon [Jedi(43)]:[0m i don't but was wondering[0m
[21:32] [0m[37;1m[JEDI]:[0m Kerran Halcyon arrives at the Academy.[0m
[21:32] [0m[35;1mLorderon [Jedi(43)]:[0m ork 214 skills to spend[0m
[21:37] [0m[31;1m[Clan] Szodrin :[0m trying something[0m
[21:37] [0m[31;1m[Clan] Szodrin :[0m since I can't be sure the corpse isn't already divided, I'm just throwing a[0m
[21:37] [0m                 delay in, see if it works[0m
[21:46] [0m[31;1m[Clan] Szodrin :[0m seems to work[0m
[21:49] [0m[37;1mAgni flaps :[0m who has day 3 cmc?[0m
[21:50] [0m[35;1mLorderon [Jedi(43)]:[0m ok I have to go for now.   I'll be back later.  thanks for the help[0m
[21:50] [0m                     everyone.   I have a lot of reading to get caught back up.[0m
[21:52] [0m[35;1mLicklick [Jedi(63)]:[0m man im so hopeful;) not bragging but could be a knight idk, who knows[0m
[21:54] [0m[31;1m[Clan] Oscar :[0m I do that usually[0m
[21:55] [0m[31;1m[Clan] Oscar :[0m delay 2 seconds or so after kills[0m
[22:03] [0m[37;1m[JEDI]:[0m Herah Wylann arrives at the Academy.[0m
[22:14] [0m[35;1mLicklick [Jedi(63)]:[0m nighty night[0m
[22:30] [0m[37;1m[JEDI]:[0m Durnoth arrives at the Academy.[0m
[22:40] [0m[34;1mWhoknows shouts:[0m UG Golems[0m
[22:40] [0m[34;1mLiskerlol shouts:[0m ug necros[0m
[22:40] [0m[34;1mWhoknows shouts:[0m make vagrant a better bot[0m
[22:41] [0m[34;1mVagrant shouts:[0m UG UG UG UG!!![0m
[22:51] [0m[31;1m[Clan] Falthrice leaves the game.[0m  [0m
[22:57] [0mFennec <Craft>: dude, friar tuck has been hoarding all the tomes. just killed him and he had[0m
[22:57] [0m                SEVEN tomes on him![0m
[23:01] [0mSpace <Craft>: yeah people leave tomes around town for folks to use and he grabs em[0m
[23:01] [0mVidae <Craft>: What a jerk![0m
[23:01] [0mSpace <Craft>: people should leave it in the crafting box room or ss[0m
[23:02] [0mFennec <Craft>: i stood in that room for a long time...not realizing i could just kill him.[0m
[23:02] [0mOscar <Craft>: he could also kill you[0m
[23:02] [0mSpace <Craft>: only if you are mage named Oscar[0m
[23:05] [0mOscar <Craft>: this is true[0m
[23:05] [0m[37;1m[JEDI]:[0m Talia Ska arrives at the Academy.[0m
[23:06] [0m[37;1mSamiel flaps :[0m hehe That is not here or it is uninteresting. (hope?)[0m
[23:31] [0m[37;1m[JEDI]:[0m Wennic Ber'ni'lok arrives at the Academy.[0m
[23:43] [0m[31;1m[Clan] Oscar :[0m night[0m
[23:51] [0m[31;1m[Clan] Karvec leaves the game.[0m  [0m
[23:58] [0m[37;1m[JEDI]:[0m Rhaan arrives at the Academy.[0m
