- = LOG STARTED [00:00] = -
[00:49] [0m[33;1m[Clan] Mud :[0m any shield layin around?  sportin chicken platemail :P[0m
[00:50] [0mNauda flaps : anyone got auro shield I can dup?[0m
[01:02] [0m[35;1mWound [Jedi(Knight)]:[0m sup B[0m
[01:02] [0m[35;1mWound [Jedi(Knight)]:[0m sorry, had to do it.[0m
[01:03] [0m[35;1mBurnaby [Jedi(73)]:[0m yo![0m
[01:03] [0m[35;1mWound [Jedi(Knight)]:[0m how are you tonight brah[0m
[01:03] [0m[35;1mBurnaby [Jedi(73)]:[0m tired. should be sleeping.[0m
[01:05] [0m[37;1m[JEDI]:[0m Herah Wylann arrives at the Academy.[0m
[01:06] [0mWound flaps : i love how my mouse cursor always seems to find its way right ontop of combat[0m
[01:07] [0m[33;1m[PARTY][0m Roken has quit the party.[0m
[01:08] [0m[32mCorath tells you:[0m Sorry but you do not have the item in question.          [0m
[01:24] [0m<BS> Dangerzone : answer is 5 unknowns 1 other but cant find info file[0m
[01:24] [0m<BS> Dangerzone : bummer i cant transmute type unknown[0m
[01:24] [0m<BS> Xiu : info file for what?[0m
[01:24] [0m[33m .=.-----------------------------------------------------------.[0m
[01:24] [0m<BS> Xiu : oh yeah unknowns don't transmute[0m
[01:25] [0m<BS> Dangerzone : armour limitations[0m
[01:25] [0m<BS> Din : why would you want to?[0m
[01:25] [0m<BS> Dangerzone : want to transmte into unknown[0m
[01:25] [0m<BS> Din : ah[0m
[01:26] [0m<BS> Dangerzone : but seeing if other slot had more than 1 open[0m
[01:30] [0m[32mYou say:[0m SHAMA RAMA!  BIGGIE BIGGIE OH SO BIGGIE!  KLAMA RAMA RINGADINGADINGIEDING![0m
[01:30] [0m[37;1m[JEDI]:[0m Talia Ska arrives at the Academy.[0m
[01:33] [0m[32mArmadillo says: [0mTractor trailer trucks should be outlawed![0m
[01:36] [0m[35;1mWound [Jedi(Knight)]:[0m you savage.[0m
[01:57] [0mEli flaps : as if it's saying "Hmm.. what's all this going on over here now..."[0m
[01:58] [0m[37;1m[JEDI]:[0m Reena Bel Noir arrives at the Academy.[0m
[02:00] [0mYour transmuter's stone bursts with 3 new colours![0m
[02:24] [0m[34;1mThadar shouts:[0m I'm searching![0m
[02:25] [0m[34;1mDracula shouts:[0m good work, keep it up![0m
[03:56] [0m[34;1mInfectious shouts:[0m UPGRADE JUGGERS[0m
[03:57] [0m[34;1mInfectious shouts:[0m UPGRADE JUGGERS[0m
[03:58] [0m[34;1mXiu shouts:[0m what is dead may never die[0m
[04:00] [0m[34;1mVagrant shouts:[0m UPGRADE JUGGERS AND NECROS[0m
[04:00] [0m[34;1mJasmine shouts:[0m DIRTY FILTHY MEMORY![0m
[04:01] [0m[34;1mWound shouts:[0m Death-fest 4am show starting.[0m
[04:01] [0m[34;1mThadar shouts:[0m im into it, i was getting sleepy for a sec.[0m
[04:02] [0m[34;1mDracula shouts:[0m they got him tho :P[0m
[04:03] [0m[34;1mWound shouts:[0m Boo! *throws popcorn* I've seen this episode before.[0m
[04:06] [0mWound flaps : noone can destroy The Metal...[0m
[04:07] [0mWound flaps : Grundge tried...[0m
[04:07] [0mWound flaps : and was thrown to the ground...[0m
[04:16] [0mWound flaps : loving you was like loving the dead....[0m
[04:16] [0mDracula flaps : [SteakChat{I like my steak bloody}]: is it me or have a lot[0m
[04:16] [0m                of "old" names started re-appearing recently?[0m
[04:17] [0mWound flaps : drugs[0m
[04:20] [0mDracula flaps : [SteakChat{I like my steak bloody}]: i got a little mouse[0m
[04:20] [0m                that keeps running around my bedroom. doesn't chew on[0m
[04:20] [0m                anything or steal food in the house. just uses it as a place[0m
[04:20] [0m                to sleep. then goes outside and hits the neighbours for[0m
[04:20] [0m                food.[0m
[08:56] [0m[32mOscar tells you:[0m Is there any chance you'd have the mats for another[0m
[08:56] [0m        greaves/boots?  I have 3 wis gems[0m
[08:57] [0m[34;1mOmni shouts:[0m oioioi[0m
[08:58] [0m[34;1mVolt shouts:[0m oi nutta![0m
[08:58] [0m[34;1mModrack shouts:[0m I'm getting ferklempt[0m
[08:58] [0m[34;1mStasis shouts:[0m aussie aussie aussie[0m
[09:00] [0m[32mYou tell Oscar:[0m ya i can[0m
[09:00] [0m[32;1mFrom afar, Byron goes 'Woo Woo!' at you.[0m[0m
[09:02] [0m[32mYou tell Byron:[0m at clan home, there's hearts in the cbox still[0m
[09:02] [0m[32mOscar says:[0m gems on you[0m
[09:02] [0m[32mOscar says:[0m you ned any other hearts or[0m
[09:03] [0m[32mYou say:[0m maybe[0m
[09:03] [0m[32mOscar says:[0m just lemme know what ones you need[0m
[09:03] [0m[32mYou say:[0m greaves and boots?[0m
[09:04] [0m[32mYou tell Oscar:[0m need heart of damnation x1[0m
[09:05] [0m[32mYou tell Oscar:[0m and might x1[0m
[09:05] [0m[35;1mWound [Jedi(Knight)]:[0m heh, still havent gotten rings, still using two rings of life.[0m
[09:05] [0m[35;1mWound [Jedi(Knight)]:[0m ack, wrong line[0m
[09:05] [0m[32mOscar tells you:[0m ok, lemme check[0m
[09:06] [0m[32mByron tells you:[0m might in box[0m
[09:06] [0m[32mMartyr tells you:[0m damnation in box too[0m
[09:07] [0m[35;1mWound [Jedi(Knight)]:[0m woo[0m
[09:09] [0m[35;1mWound [Jedi(Knight)]:[0m WOO![0m
[09:14] [0m[32mYou tell Oscar:[0m I messed up on std gem for boots... cracked it down to good. I need to get more[0m
[09:14] [0m        hematite for a retry[0m
[09:14] [0m[32;1mFrom afar, Oscar nogs at you.[0m[0m
[09:21] [0m[37;1m[JEDI]:[0m Janath Meelin arrives at the Academy.[0m
[09:26] [0m[32mYou say:[0m Wizza Wazza!  Da bibble for rizzle Wikkie Wakky Yakko Wakko and Dot![0m
[09:29] [0m[32;1mFrom afar, you sigh deeply at Oscar.[0m[0m
[09:30] [0m[32mYou tell Oscar:[0m hard to get a perfect 765k entrapment[0m
[09:30] [0m[32mOscar tells you:[0m heh[0m
[09:30] [0m[32mYou tell Oscar:[0m good == +4 wis[0m
[09:30] [0m[32mOscar tells you:[0m That's fine[0m
[09:30] [0m[32mOscar tells you:[0m No need to kill yourself[0m
[09:31] [0m[32mOscar tells you:[0m btw, aegis assemblers i think are aroud that size[0m
[09:31] [0m[32mOscar tells you:[0m The lvl 6 bots and the 2 guards to lvl 7 secret area[0m
[09:31] [0m[32mYou tell Oscar:[0m where would you go? I busted it at scaler 72 chess and 111 letters[0m
[09:31] [0m[32mYou tell Oscar:[0m ok[0m
[09:31] [0m[32mOscar tells you:[0m I'm not certain - but I think they're about that size.[0m
[09:33] [0m[32mYou tell Oscar:[0m superior boots... at least lemme know if gem stat got boosted[0m
[09:34] [0m[32;1mFrom afar, Oscar goes 'Woo Woo!' at you.[0m[0m
[09:35] [0m[32mOscar tells you:[0m Greaves and boots there or just boots?[0m
[09:35] [0m[32mYou tell Oscar:[0m greaves in the making then en route[0m
[09:35] [0m[32;1mFrom afar, Oscar goes 'Woo Woo!' at you.[0m[0m
[09:36] [0m[32;1mFrom afar, you inform Oscar that it is done.[0m[0m
[09:37] [0m<BS> Fennec : good morning gentlemen, and prismal. :p[0m
[09:38] [0m<BS> Lachlan : Good morning Ladies.[0m
[09:38] [0m<BS> Lachlan : Wait.. Metal left.[0m
[09:38] [0m[32mOscar tells you:[0m thanks again[0m
[09:38] [0mSimonz <Craft>: anyone know if dtaco smears work on crafted eq?[0m
[09:38] [0mStasis <Craft>: a little[0m
[09:38] [0m<BS> Lachlan : Good morning fair lady.[0m
[09:38] [0m[32mOscar tells you:[0m Are you all set for gear?[0m
[09:38] [0mSimonz <Craft>: did it and it took it, but it's not showing in the[0m
[09:38] [0m                description[0m
[09:38] [0mStasis <Craft>: like 3 AC per slot[0m
[09:39] [0mOmni <Craft>: depends how full the gear array is already[0m
[09:39] [0mOmni <Craft>: it'll take it only as high as the total and/or slot maxes[0m
[09:39] [0mOmni <Craft>: high end crafted has bunch of ac spread out, so the gear[0m
[09:39] [0m              doesn't have room for much mod[0m
[09:39] [0mSimonz <Craft>: ah, gotcha[0m
[09:40] [0mSquirrel <Craft>: nethernium taliors to e/b with ac in other parts[0m
[09:40] [0mOmni <Craft>: if you want more ... focused AC, you need something with less[0m
[09:40] [0m              overall dmg types, and not maxed, smear it, enhance it[0m
[09:40] [0mSquirrel <Craft>: phasemetal is fire focused[0m
[09:41] [0mOmni <Craft>: i haven't looked at crafted gear ac arrays in a while, but[0m
[09:41] [0m              doesn't most crafted gear have like, 8-10 dmg types?[0m
[09:41] [0mSquirrel <Craft>: and you can use smears on them[0m
[09:41] [0mOmni <Craft>: rule of thumb is if you had max ac, in 5/10 dmg types, that's[0m
[09:41] [0m              the total array max for that slot.[0m
[09:41] [0mWiener <Craft>: After about... mithril I think it's full spectrum[0m
[09:41] [0mSimonz <Craft>: chaostone seems to, at least[0m
[09:41] [0mStasis <Craft>: helmet/gloves/boots give +3. shield is better[0m
[09:41] [0mOmni <Craft>: you can use smears on anything even if it adds nothing[0m
[09:41] [0mOmni <Craft>: e.g. batwing[0m
[09:41] [0mOmni <Craft>: e.g. batwing[0m
[09:42] [0mOmni <Craft>: enhances are similar but add a flat +x to every ac type, that[0m
[09:42] [0m              have ac... (including -ac which is kind of funny)[0m
[09:42] [0mOmni <Craft>: but any single dmg slot, will pin[0m
[09:42] [0mOmni <Craft>: and the total also can't go over x[0m
[09:43] [0mOmni <Craft>: e.g. mains.. if you have 5 ac types, and they're all 70 ac.[0m
[09:43] [0m              that gear can get no more better from smears/enhances[0m
[09:43] [0mOmni <Craft>: mains can have 350 total, and 70 per slot max.[0m
[09:43] [0mOmni <Craft>: reforges mod the at-the-road level of ac[0m
[09:43] [0m[32mYou tell Oscar:[0m would need more roh and pots[0m
[09:43] [0mSimonz <Craft>: ok, smeared sour cream on chaostone gloves, fire and[0m
[09:43] [0m                electric went from good to very good[0m
[09:43] [0mOmni <Craft>: after this array, so you can't ... cheat some -ac[0m
[09:43] [0m[32;1mFrom afar, Oscar nods to you.[0m[0m
[09:44] [0mOmni <Craft>: it's complicated enough that I'd have to look at each specific[0m
[09:44] [0m              gear, to tell you what the likely outcome of a smear and/or[0m
[09:44] [0m              enhance might be[0m
[09:44] [0m[32mOscar tells you:[0m I'll try to get some[0m
[09:44] [0mOmni <Craft>: but it's all 100% deterministic[0m
[09:44] [0mOmni <Craft>: you can know with certainty what you will get. except for the[0m
[09:44] [0m              non-standard ranges[0m
[09:45] [0mOmni <Craft>: which, almost always will already gain nothing from either[0m
[09:45] [0m              smear or enhance[0m
[09:45] [0mOmni <Craft>: there's some edge cases were enhance before smear, is less ac[0m
[09:45] [0m              on the slots you want, than smear then enhacne[0m
[09:45] [0mOmni <Craft>: e.g. cocoon[0m
[09:45] [0mSquirrel <Craft>: you can smear cmc too[0m
[09:46] [0mOmni <Craft>: if you value the e/b more than rad[0m
[09:46] [0mOmni <Craft>: then you'd be better off smearing first b4 the enhance[0m
[09:46] [0mOmni <Craft>: if you enhance coon first, the array is almost full, and the[0m
[09:46] [0m              smear will add less[0m
[09:46] [0mOmni <Craft>: if you say meat smear or bean smear[0m
[09:46] [0m # Item[0m
[09:46] [0mOmni <Craft>: you'll get the full +40 e or b[0m
[09:47] [0mOmni <Craft>: and then you can enhance to top the rest of the arrays off, gains a few extra[0m
[09:47] [0m              blunt this way[0m
[09:47] [0mOmni <Craft>: (I experimented ... a lot)[0m
[09:47] [0mSimonz <Craft>: heh[0m
[09:47] [0mOmni <Craft>: this comes in handy, because reforges have break points[0m
[09:47] [0mOmni <Craft>: so you ... might end up with lots rather than loads, if you do them in the wrong[0m
[09:47] [0m              order.[0m
[09:47] [0mOmni <Craft>: perfect example is pb[0m
[09:48] [0mOmni <Craft>: if you enhance, then bean smear, and try to get a lots poison, you'll find you[0m
[09:48] [0m              can't[0m
[09:48] [0mOmni <Craft>: too spread out[0m
[09:48] [0mOmni <Craft>: too many types, enhance added too much, now the smear caps b4 it could add enough[0m
[09:48] [0m              poison to get off the 3rd tier refroge.[0m
[09:50] [0mOmni <Craft>: it's gotten even more complicated, or less depending on how you look at it[0m
[09:50] [0mOmni <Craft>: with simpsons 2 gear being overmax to start[0m
[09:50] [0mOmni <Craft>: well ned aura anyways[0m
[09:50] [0mOmni <Craft>: kilts just 100% max cloak so... no smear/enhance required. it's already done[0m
[09:51] [0m[33;1m[Clan] Roken :[0m eating bbl[0m
[09:51] [0m[32;1mFrom afar, Ipsie waves in your direction.[0m[0m
[09:51] [0m[37;1m[JEDI]:[0m Bithoff Jonansaan arrives at the Academy.[0m
[10:02] [0m[35;1mWound [Jedi(Knight)]:[0m current nemisis: dropping my lighter.[0m
[10:03] [0mYour transmuter's stone bursts with 4 new colours![0m
[10:09] [0m[33;1m[Clan] Roken :[0m almost have a wife this whole week, and here I am on my PC. Homemade bfast[0m
[10:16] [0m[35;1mWound [Jedi(Knight)]:[0m focus reflex (nothing else) - will show what i have it set at, yes?[0m
[10:17] [0m[35;1mWyvern [Jedi(91)]:[0m mskill reflex > jedi reflex imo.  jedi never fires out of combat :/[0m
[10:17] [0m[34;1mWound shouts:[0m WOO WOO![0m
[10:17] [0m[34;1mLachlan shouts:[0m BRUCY![0m
[10:17] [0m[34;1mIpsie shouts:[0m SHOW OFF[0m
[10:18] [0m[34;1mBruce shouts:[0m GO BRUCE[0m
[10:18] [0mAgram@3s gshouts: BRUCE BAD BARD[0m
[10:18] [0m[35;1mWound [Jedi(Knight)]:[0m and how many total droid types, 4?[0m
[10:20] [0m[35;1mKsemia [Jedi(Master)]:[0m i've purchased 5 (level 1)[0m
[10:20] [0m[35;1mInquisitor [Jedi(Knight)]:[0m As far as I know, there are 5.  Repair, protocol, municipal,[0m
[10:20] [0m                           security, and starship.  If there are others, I don't know them yet.[0m
[10:21] [0m[34;1mAtreyu shouts:[0m botting does pay! i knew it![0m
[10:21] [0m[35;1mWyvern [Jedi(91)]:[0m there's more[0m
[10:21] [0m[35;1mSimonz [Jedi(Knight)]:[0m business, heavy industry, maintenance, military[0m
[10:21] [0m[37;1m[JEDI]:[0m Herah Wylann arrives at the Academy.[0m
[10:22] [0m[35;1mWyvern [Jedi(91)]:[0m i have business, heavy industry, household, maintenance, military, municipal,[0m
[10:22] [0m                   protocol, repair, security, starship.  and i know there's more i dont have[0m
[10:22] [0m[35;1mSimonz [Jedi(Knight)]:[0m like medical[0m
[10:22] [0m[35;1mWound [Jedi(Knight)]:[0m wow, i need lotz[0m
[10:23] [0m[35;1mInquisitor [Jedi(Knight)]:[0m Spiffy![0m
[10:23] [0m[35;1mInquisitor [Jedi(Knight)]:[0m Just something else for me to look forward to.[0m
[10:23] [0m[35;1mWound [Jedi(Knight)]:[0m all random in his beatdowns.[0m
[10:26] [0m[32mYou tell Oscar:[0m oh right, ned drops an unknown?[0m
[10:27] [0m[32mOscar tells you:[0m an other[0m
[10:27] [0m[32mOscar tells you:[0m That aura is...BS[0m
[10:27] [0m[32mOscar tells you:[0m great ac, +25 total stats[0m
[10:28] [0m[32mOscar tells you:[0m err +20.  +5 con, +5 cha, +10 wis[0m
[10:28] [0m[33;1m[Clan] Ser :[0m hi[0m
[10:29] [0m[32mYou tell Oscar:[0m that is dope.. perhaps go for that over spirit bracers, but also need 4 more[0m
[10:29] [0m        unknowns for bsinger[0m
[10:30] [0mSer flaps : anyone have OG shard?[0m
[10:30] [0m[33;1m[Clan] Bruce :[0m HI SER[0m
[10:30] [0m[33;1m[Clan] Ser :[0m hola[0m
[10:30] [0m[33;1m[Clan] Ipsie :[0m mornin![0m
[10:30] [0m[33;1m[Clan] Roken :[0m hi karvec![0m
[10:31] [0m[33;1m[Clan] Ser :[0m off today, got 39.88/32 hrs this week[0m
[10:31] [0m[33;1m[Clan] Bruce :[0m i've been partied with Oscar for 30 minutes and he hasn't died yet.[0m
[10:31] [0m[33;1m[Clan] Ser :[0m shucks, try harder[0m
[10:32] [0m[32mYou say:[0m zombies[0m
[10:33] [0m[33;1m[Clan] Oscar :[0m oooo[0m
[10:33] [0m[33;1m[Clan] Oscar :[0m ser![0m
[10:36] [0m[32mYou tell Oscar:[0m jenna monster? jenna r_ _e_in_er[0m
[10:38] [0m[32;1mFrom afar, you express your apathy and go, "Meh" at Oscar![0m[0m
[10:38] [0m[33;1m[Clan] Roken :[0m any find tv?[0m
[10:39] [0m[32mOscar tells you:[0m roseginger or somethin[0m
[10:39] [0m[32mOscar tells you:[0m she's a NPC in pinnacle[0m
[10:39] [0m[32mOscar tells you:[0m sells the flowers...near magic I think[0m
[10:39] [0m[34;1mSomeone shouts: ICE CREAAAAM!![0m[0m
[10:43] [0m[32mArmadillo says: [0mCars and trucks may squish us, but we'll be back for more![0m
[10:44] [0m[35;1mWound [Jedi(Knight)]:[0m always scary when you get mail from the state, and you havent changed your[0m
[10:44] [0m                      address from a different state yet.[0m
[10:44] [0m[35;1mWound [Jedi(Knight)]:[0m btw the amount of information they have on you for the COVID testing is a[0m
[10:44] [0m                      tad scary.[0m
[10:46] [0m[32mFred says: [0mYabba-dabba-donk.                                               [0m
[10:47] [0m[37;1m[JEDI]:[0m H'ssani C'talan arrives at the Academy.[0m
[10:48] [0m[33;1m[Clan] Oscar :[0m nobody touch the spork in cbox, it's for ser to make me a dagger[0m
[10:48] [0m[33;1m[Clan] Bruce :[0m i'm gonna touch it all over[0m
[10:48] [0m[33;1m[Clan] Oscar :[0m i bet you will[0m
[10:48] [0m[33;1m[Clan] Bruce :[0m touch it with my hands[0m
[10:48] [0m[33;1m[Clan] Bruce :[0m my tongue[0m
[10:48] [0m[33;1m[Clan] Oscar :[0m thievin aussie[0m
[10:48] [0m[33;1m[Clan] Nix :[0m it's a his prison spork[0m
[10:48] [0m[33;1m[Clan] Bruce :[0m my butt[0m
[10:48] [0m[33;1m[Clan] Bruce :[0m once i'm done with that spork no one will touch it[0m
[10:57] [0m[33;1m[Clan] Ser :[0m how big are the mobs to get to isleth 2.0?[0m
[10:57] [0m[33;1m[Clan] Ser :[0m 15-40mil?[0m
[10:58] [0m[33;1m[Clan] Ser :[0m i guess i'm going to have to do a little remapping[0m
[11:00] [0m[34;1mCrolack shouts:[0m smash![0m
[11:03] [0mYour transmuter's stone bursts with 4 new colours![0m
[11:05] [0m[33;1m[Clan] Oscar :[0m kathaelis is like 60mil I think[0m
[11:06] [0m[34;1mNightrider shouts:[0m Who da Botz for[0m
[11:06] [0m[34;1mOscar shouts:[0m wat dat bot do[0m
[11:07] [0m[34;1mHex shouts:[0m please shout in 0's and 1' so my catbot understands you[0m
[11:22] [0mNightrider flaps : Voodoo is my pants hero[0m
[11:22] [0m[34;1mTuba shouts:[0m but voodoo wears no pants?[0m
[11:23] [0m[37;1m[JEDI]:[0m Reena Bel Noir arrives at the Academy.[0m
[11:23] [0mNightrider flaps : he saved me from my pants[0m
[11:25] [0m[35;1mWound [Jedi(Knight)]:[0m ACC[0m
[11:25] [0m[35;1mWound [Jedi(Knight)]:[0m ACK![0m
[11:25] [0m[34;1mWound shouts:[0m no force skill against drowning...[0m
[11:26] [0m[33;1m[Clan] Bruce :[0m there we go![0m
[11:26] [0m[34;1mWound shouts:[0m and good morning, Oscar.[0m
[11:26] [0mCSsRPDFd  Wm:n Wc:  0% Gx: 93.04% Fx: 85.98%[0m
[11:26] [0m[33;1m[Clan] Ser :[0m You put Spork Dagger (wicked) (ensharpened) into the box.[0m
[11:27] [0m[33;1m[Clan] Ipsie :[0m did you clean off the leftover bruce dna ?[0m
[11:27] [0m[33;1m[Clan] Ser :[0m very nice[0m
[11:27] [0m[34;1mVolt shouts:[0m oh, it's on now.  hold my baby[0m
[11:27] [0m[33;1m[Clan] Oscar :[0m laf[0m
[11:28] [0m[34;1mVolt shouts:[0m you done pissed me off, hold my other baby[0m
[11:28] [0m[33;1m[Clan] Oscar :[0m rofl, you're not even in the room ipsie[0m
[11:28] [0m[34;1mOscar shouts:[0m Are you not entertained?![0m
[11:32] [0m[33;1m[Clan] Ser :[0m something in my tintin is using massive cpu[0m
[11:34] [0m[33;1m[Clan] Ser :[0m seems to happen when stepping...  hmm[0m
[11:36] [0m[33;1m[Clan] Karvec enters the game.[0m  [0m
[11:41] [0mMellaous <Craft>: I do a craft hist and all I see is the name Omni[0m
[11:41] [0mMellaous <Craft>: that Duel Personality coming out again[0m
[11:42] [0mOmni <Craft>: i spent ages with elektra when he got showac, early days, to figure out reforges[0m
[11:42] [0m              and smears and enhances[0m
[11:42] [0mWiener <Craft>: Nah, just lecture mode :)[0m
[11:42] [0mSky <Craft>: chat Simonz chirped in there, though: 09:47 Simonz <Craft>: heh[0m
[11:42] [0mOmni <Craft>: i pretty well think I figured it out.[0m
[11:42] [0m[33;1m[Clan] Ser :[0m hmm had to do with a mapupdate thing on inix' mapper[0m
[11:43] [0m[33;1m[Clan] Ser :[0m go figure[0m
[11:43] [0mSimonz <Craft>: heh[0m
[11:43] [0mOmni <Craft>: the specifics get complicated, but there's really just a few first principles.[0m
[11:43] [0mSimonz <Craft>: ;)[0m
[11:43] [0m[33;1m[Clan] Ser :[0m yeah no problems when i disable half his mapper stuff[0m
[11:45] [0mSimonz <Craft>: and I'll run up some con gems for you two to fight over in a bit[0m
[11:46] [0m[34;1mFlaxen shouts:[0m listen up[0m
[11:46] [0m[34;1mSimonz shouts:[0m *perks up*[0m
[11:46] [0m[34;1mPrettypony shouts:[0m im listening[0m
[11:46] [0m[34;1mGore shouts:[0m break it down[0m
[11:46] [0m[34;1mVolt shouts:[0m Character up does not exist @ this realm (3k).[0m
[11:46] [0m[34;1mDisruptor shouts:[0m we've got to wait for his shout timer to reset...hold one[0m
[11:47] [0m[34;1mPdog shouts:[0m look sideways[0m
[11:48] [0m[34;1mOmni shouts:[0m antiii................cipation[0m
[11:48] [0m[34;1mDisruptor shouts:[0m cut him some slack, he's an older guy, prolly fell asleep...he'll come around[0m
[11:48] [0m                  in a minute...[0m
[11:49] [0m[34;1mVolt shouts:[0m loosen the belt, you're passing out![0m
[11:50] [0m[34;1mKnull shouts:[0m really felt like there was more coming[0m
[11:50] [0m[34;1mDisruptor shouts:[0m trolling...echo[0m
[11:51] [0m[37;1m[JEDI]:[0m Rhaan arrives at the Academy.[0m
[11:51] [0m[34;1mKnull shouts:[0m i want to go back to botting but i feel like ill miss something[0m
[11:54] [0m[34;1mWhoknows shouts:[0m did flaxen fall asleep midthought?[0m
[11:57] [0m[34;1mKsemia shouts:[0m someone should probably check on him...  :\[0m
[11:57] [0m[34;1mOmni shouts:[0m maybe he's writing a 40 line shout right now?[0m
[11:58] [0m[34;1mHyuga shouts:[0m we wouldnt have to listen up for that spam[0m
[11:58] [0m[34;1mSylph shouts:[0m if its that important, shouldn't it go on the announcement board?[0m
[11:58] [0m[34;1mSquirrel shouts:[0m give him some good liquor, that'll get him up[0m
[11:59] [0m[34;1mVasha shouts:[0m Flaxen caught the Sergeant Majors message..[0m
[11:59] [0m[35;1mWound [Jedi(Knight)]:[0m Leave it to Adalius to come in and muck up everything.[0m
[12:03] [0m[34;1mDisruptor shouts:[0m looks like a mage party in the cemetary?[0m
[12:03] [0mYour transmuter's stone bursts with 4 new colours![0m
[12:06] [0m[34;1mHyuga shouts:[0m mages just cast partymorph other and they can turn any gathering into a fun time![0m
[12:10] [0m[34;1mMerrick shouts:[0m woo, thanks![0m
[12:10] [0m[34;1mAl shouts:[0m thanks franks[0m
[12:10] [0m[34;1mDrax shouts:[0m Oooo[0m
[12:10] [0m[34;1mSquirrel shouts:[0m thanks[0m
[12:10] [0m[34;1mSinahi shouts:[0m WOO! thanks![0m
[12:11] [0m[34;1mDisruptor shouts:[0m mmm nice[0m
[12:11] [0m[33;1m[Clan] Dub :[0m bleh[0m
[12:11] [0m[34;1mFrank shouts:[0m maybe it will help until you reach bless for Ota[0m
[12:11] [0m[33;1m[Clan] Dub :[0m only logged gets it[0m
[12:11] [0m[34;1mDisruptor shouts:[0m yeah, sad i feel like we must be close[0m
[12:11] [0m[33;1m[Clan] Dub :[0m missed on omni[0m
[12:11] [0m[34;1mWound shouts:[0m thanks Frank![0m
[12:11] [0m[33;1m[Clan] Dub :[0m price I pay for bouncing around[0m
[12:11] [0mSquirrel flaps : remember though, Frank still hates you.[0m
[12:12] [0mFrank flaps : extreme hate[0m
[12:12] [0m[34;1mWound shouts:[0m nog[0m
[12:12] [0mTurnhold flaps : ALL THE HATE[0m
[12:13] [0m[35;1mWound [Jedi(Knight)]:[0m KILL, that damage reduction boon has a timer!![0m
[12:13] [0mBaramore flaps : I can accept that.[0m
[12:13] [0m[35;1mWound [Jedi(Knight)]:[0m dissipate .. much[0m
[12:13] [0m[34;1mOgotaz shouts:[0m Thank you Volt for your parsimonious contribution towards Bless![0m
[12:13] [0m[37;1m[JEDI]:[0m Talia Ska arrives at the Academy.[0m
[12:15] [0mWound flaps : *changes music to deth metal for the next 15 min*[0m
[12:15] [0mSquirrel flaps : fire it up![0m
[12:16] [0mBabylon flaps : Release the robotic Richard Simmons![0m
[12:16] [0mTurnhold flaps : *death growls*[0m
[12:16] [0m[34;1mSylph shouts:[0m ARM-pit?[0m
[12:16] [0mTurnhold flaps : This next song is called "5 Dollar Box", and it's abot your mom.[0m
[12:16] [0m[34;1mOgotaz shouts:[0m Thank you Castor for your tight-fisted contribution towards Bless![0m
[12:18] [0m[35;1mWound [Jedi(Knight)]:[0m woot![0m
[12:18] [0m[35;1mHyuga [Jedi(97)]:[0m aww so cute![0m
[12:18] [0m[35;1mKsemia [Jedi(Master)]:[0m hide your beasts![0m
[12:18] [0m[34;1mSer shouts:[0m it's raining out[0m
[12:18] [0m[35;1mOlorin [Jedi(74)]:[0m woof[0m
[12:19] [0m[34;1mWound shouts:[0m is it blood?[0m
[12:19] [0m[35;1mHyuga [Jedi(97)]:[0m arf![0m
[12:19] [0m[35;1mSaim [Jedi(Elder)]:[0m ruff[0m
[12:19] [0m[34;1mAnduin shouts:[0m Poison?[0m
[12:19] [0m[34;1mWound shouts:[0m acid?[0m
[12:19] [0m[35;1mOlorin [Jedi(74)]:[0m at last i can talk with my doggy[0m
[12:19] [0m[35;1mWound [Jedi(Knight)]:[0m nog, lol[0m
[12:20] [0m[34;1mAnduin shouts:[0m Death cows?[0m
[12:20] [0m[34;1mWound shouts:[0m MOAR! MOO![0m
[12:20] [0m[35;1mOlorin [Jedi(74)]:[0m surprise, surprise, he says he's hungry[0m
[12:20] [0mWound flaps : meh, whats this lines setcolor...[0m
[12:20] [0m[33;1m[Clan] Oscar :[0m adalius auctioned a coin for that slot before[0m
[12:20] [0mWound flaps : and shout too...[0m
[12:20] [0m[33;1m[Clan] Oscar :[0m what disruptor said basically[0m
[12:21] [0m[34;1mOgotaz shouts:[0m Thank you Fennec for your reasonable contribution towards Bless![0m
[12:21] [0m[34;1mOgotaz shouts:[0m Thank you Knull for your reasonable contribution towards Bless![0m
[12:22] [0mWound flaps : test.[0m
[12:22] [0m[34;1mKnull shouts:[0m thats a lot of coins going in it seems, but only 61%[0m
[12:23] [0m[34;1mDisruptor shouts:[0m up 5%[0m
[12:23] [0m[34;1mCrolack shouts:[0m I keep taking money out for beer.[0m
[12:23] [0m[34;1mWound shouts:[0m that explains it.[0m
[12:23] [0m[34;1mSer shouts:[0m snap crackle pop[0m
[12:24] [0m[34;1mSquirrel shouts:[0m diamond jim's specialty brew.[0m
[12:24] [0m[34;1mAdalius shouts:[0m "A lot of coins"? BWAHAHAHAHAH The total donated since Ogotaz was introduced[0m
[12:24] [0m                months ago is *3%* of the total coins in game by players logged in and playing[0m
[12:24] [0m                right now[0m
[12:24] [0m[34;1mVolt shouts:[0m First you want to kill me.  Now, you want to kiss me.  Blow.[0m
[12:24] [0m[34;1mAl shouts:[0m what's the distribution of those coins though[0m
[12:24] [0m[34;1mWound shouts:[0m ok folks! *clanking a pan* we need coin donations for Crolack's Beer Fund. - Dig[0m
[12:24] [0m              Deep...[0m
[12:24] [0m[34;1mModrack shouts:[0m also how much of our net worth are we supposed to contribute for it to be[0m
[12:24] [0m                "reasonable"? :P[0m
[12:24] [0m[34;1mAdalius shouts:[0m Like I say every time, you have some real .1%'ers here who horde gold like Smaug[0m
[12:25] [0m[34;1mSer shouts:[0m ok this lightning sounds really close[0m
[12:25] [0m[34;1mAdalius shouts:[0m There's 4 people who, if they each gave up only 10% of what they have, could[0m
[12:25] [0m                fire 3 boons off on their own.[0m
[12:26] [0m[34;1mSer shouts:[0m *cough space cough*[0m
[12:26] [0m[34;1mSylph shouts:[0m sounds like you are making a social statement:)[0m
[12:26] [0m[34;1mAl shouts:[0m Crafters,  assemble guillotine[0m
[12:26] [0m[34;1mModrack shouts:[0m A bunch of people have contributed 1m or more coins apiece. Regardless of how[0m
[12:26] [0m                much money a few whales may have, it's a lot of coins.[0m
[12:26] [0m[34;1mDisruptor shouts:[0m Adalius, you make me feel poor.[0m
[12:26] [0m[34;1mCastor shouts:[0m Name names! Time for a good, old fashioned public shaming![0m
[12:26] [0m[33;1m[Clan] Ser :[0m i need to start cycling through my coin areas again[0m
[12:26] [0m[34;1mOscar shouts:[0m NAMES![0m
[12:26] [0m[34;1mDin shouts:[0m i put in about 7% of my stash[0m
[12:26] [0m[33;1m[Clan] Ser :[0m i stopped working on transmuter/crafting as much so i quit hitting the rest of them[0m
[12:26] [0m[34;1mCastor shouts:[0m #occupypinnacle[0m
[12:27] [0m[34;1mSylph shouts:[0m this is why we need a Thieves guild - we can go around and steal that coinage![0m
[12:27] [0m[34;1mDin shouts:[0m and that's why we don't need a thieves guild[0m
[12:27] [0m[34;1mBabylon shouts:[0m eat the rich[0m
[12:27] [0m[34;1mSaim shouts:[0m It's actually a good example of how capitalisim works right now - the rich people[0m
[12:27] [0m             who have the most, dont want to give anything up because theyd be less rich...even[0m
[12:27] [0m             though having that much money in the back buys nothing![0m
[12:27] [0m[34;1mWert shouts:[0m you get to steal 1% of someones money, we find out who the targets are real quick[0m
[12:27] [0m[34;1mDisruptor shouts:[0m the 3kconomy has very little to do with reality[0m
[12:27] [0m[34;1mModrack shouts:[0m it buys wizards complaining to the rest of us apparently[0m
[12:28] [0m[34;1mOmni shouts:[0m points are points[0m
[12:28] [0m[34;1mAdalius shouts:[0m I haven't complained. I've listed factual data. Do with it what you will.[0m
[12:28] [0mOmni flaps : once you have 2 billion dollars, the advantage of having 3, is to have more than[0m
[12:28] [0m             anyone with 2.[0m
[12:28] [0m[34;1mDeflect shouts:[0m how much money has he taken out of the game compared to how much money has been[0m
[12:28] [0m                created/earned in that time?  Thats a more interesting statistic :)[0m
[12:28] [0m[34;1mPrettypony shouts:[0m maybe they've been saving a long time to win wizard auctions in the future.[0m
[12:28] [0m                   10% can be weeks or months of work[0m
[12:28] [0m[34;1mWound shouts:[0m im with Al, Guillotine...[0m
[12:29] [0m[34;1mDin shouts:[0m there ya go, do a few wiz auctions and we'll see where the money is[0m
[12:29] [0m[34;1mWound shouts:[0m and make it bloody...[0m
[12:29] [0m[34;1mSquirrel shouts:[0m carry on my wayward son...[0m
[12:29] [0m[34;1mHyuga shouts:[0m i usually donate anywhere from 50-90% of my coins. assuming i didnt spend it in[0m
[12:29] [0m              the casino or on drugs.[0m
[12:29] [0m[34;1mSaim shouts:[0m to be fair, if we cant get Ogotaz to boon us on a 12 day boot - wtf is even the[0m
[12:29] [0m             use???[0m
[12:30] [0m[34;1mWound shouts:[0m i have a net worth of under 100k... its not me.[0m
[12:30] [0m[34;1mOgotaz shouts:[0m Thank you To for your parsimonious contribution towards Bless![0m
[12:30] [0m[34;1mDonnerjack shouts:[0m wait how much are boons?[0m
[12:31] [0m[34;1mSaim shouts:[0m 1[0m
[12:31] [0m[34;1mOscar shouts:[0m I say we pull Adalius out of his McMansion and take our boons[0m
[12:31] [0m[34;1mWound shouts:[0m Shaddup Oscar,  others are scared of deaths.[0m
[12:32] [0m[34;1mAl shouts:[0m Miners, mine the metal.  blacksmiths, sharpen the blade. herbologists, find some wood[0m
[12:32] [0m[34;1mVolt shouts:[0m Classic misdirection, Adalius.  you could just drop the boonses and walk away[0m
[12:32] [0m             slowly[0m
[12:32] [0m[34;1mOscar shouts:[0m Let's not forget who the real enemy is![0m
[12:33] [0m[34;1mSomeone shouts:[0m Ya'll can climb up Mount Wizard, only thing up here for you is these hands, tho.[0m
[12:33] [0m                Pull up.[0m
[12:34] [0m[34;1mAl shouts:[0m so, who are these players that need to get their bank accounts looted?[0m
[12:35] [0m[34;1mAl shouts:[0m i spent all my money bailing out the bank. and what happened?  at first opportunity[0m
[12:35] [0m           they tried to foreclose on my mud house![0m
[12:37] [0m[34;1mOgotaz shouts:[0m Thank you Invincible for your reasonable contribution towards Bless![0m
[12:39] [0mSer flaps : hey everyone thanks for watching subscribe to my channel does anyone have OG shard?[0m
[12:42] [0m[37;1m[JEDI]:[0m Tobias Kel'ach'nar arrives at the Academy.[0m
[12:50] [0m[35;1mGibran [Jedi(37)]:[0m these ogotaz boons, you have to be online to receive them right? Like if[0m
[12:50] [0m                   you're LD or login after, they dont get added.[0m
[12:55] [0m[34;1mWound shouts:[0m woo the Moo[0m
[12:56] [0m[34;1mKitt shouts:[0m Moo the Woo[0m
[12:57] [0m[34;1mWound shouts:[0m either way, Moar Moo[0m
[13:04] [0mYour transmuter's stone bursts with 6 new colours![0m
[13:13] [0m[37;1m[JEDI]:[0m H'ssani C'talan arrives at the Academy.[0m
[13:16] [0m[34;1mOmni shouts:[0m cawww[0m
[13:16] [0m[34;1mDrax shouts:[0m Cool[0m
[13:16] [0m[34;1mPer shouts:[0m play freebird![0m
[13:16] [0m[34;1mWound shouts:[0m 'Merca[0m
[13:16] [0m[34;1mSarge shouts:[0m It's the circle of life....[0m
[13:16] [0m[34;1mTex shouts:[0m is that a chicken? run nik its coming for you[0m
[13:16] [0m[34;1mYik shouts:[0m ultra mega chicken?[0m
[13:16] [0m[34;1mHooligan shouts:[0m Whats wrong McFly....chicken?[0m
[13:18] [0m[34;1mSarge shouts:[0m One convenient location, in Ravenloft...[0m
[13:20] [0m[34;1mPdog shouts:[0m TASTE THE RAINBOW[0m
[13:20] [0m[34;1mDracula shouts:[0m is that how they make skittles?[0m
[13:20] [0m[34;1mKsemia shouts:[0m oooo[0m
[13:20] [0m[34;1mOmni shouts:[0m whoa, that's great[0m
[13:20] [0m[34;1mSquirrel shouts:[0m where's the flying unicorn[0m
[13:20] [0m[34;1mTex shouts:[0m hello world![0m
[13:20] [0m[34;1mBabylon shouts:[0m That used to cause so much lag :D[0m
[13:20] [0mPrismal flaps : that's the best ascii ever[0m
[13:20] [0m[34;1mYik shouts:[0m https://www.youtube.com/watch?v=4PTsEjSEnhA    skittels with Nathan Barnatt[0m
[13:20] [0m[34;1mHex shouts:[0m uh oh, wizards warring[0m
[13:20] [0m[33;1m[Clan] Saim :[0m laf someone got my VAF email i think...[0m
[13:20] [0m[33;1m[Clan] Oscar :[0m huh[0m
[13:21] [0mLachlan flaps : 3k's Award for Best Ascii Art goes to...[0m
[13:21] [0m[33;1m[Clan] Saim :[0m remember when they asked for VAF ideas[0m
[13:21] [0m[34;1mSarge shouts:[0m that sign wasn't loud enough for us up in the cheap seats![0m
[13:21] [0m[33;1m[Clan] Saim :[0m VAF Dest[0m
[13:21] [0m[35;1mWound [Jedi(Knight)]:[0m 5 skittles smack into you![0m
[13:21] [0mPdog flaps : medusa porn[0m
[13:21] [0m[33;1m[Clan] Oscar :[0m laf[0m
[13:21] [0mTurnhold flaps : tensor's blue screen dest[0m
[13:21] [0mTurnhold flaps : everytime i see it, i giggle[0m
[13:21] [0m[33;1m[Clan] Saim :[0m not a real death, but you can dest ppl with cool old wizard dests[0m
[13:21] [0m[33;1m[Clan] Saim :[0m cheap reselectable vaf[0m
[13:22] [0m[33;1m[Clan] Oscar :[0m nod, cool.[0m
[13:23] [0m[34;1mWound shouts:[0m got all quite after that death.[0m
[13:24] [0m[34;1mTex shouts:[0m bye bye miss american pie drove my chevy to the levy and i know why die[0m
[13:27] [0m[34;1mVolt shouts:[0m duck![0m
[13:28] [0m[34;1mSaim shouts:[0m damn, this taste like s...kitt[0m
[13:28] [0m[34;1mSarge shouts:[0m goes down... *hacking fit* smoov...[0m
[13:28] [0m[34;1mHex shouts:[0m is that like tequilla?  kitt was the worm at the bottom?[0m
[13:28] [0m[34;1mKitt shouts:[0m wow i got lagged badly there[0m
[13:28] [0m[34;1mHooligan shouts:[0m It smells like....victory....[0m
[13:30] [0m[34;1mDracula shouts:[0m cheer volt[0m
[13:34] [0m[33;1m[Clan] Michael :[0m Gonna be hard to decide where to put my next alt[0m
[13:38] [0m[33;1m[Clan] Saim :[0m gen - get those tslide[0m
[13:38] [0m[33;1m[Clan] Michael :[0m Ha! I got a former chief medical officer on 3S. 3K gens better be a hell of a[0m
[13:38] [0m                 lot better than 3S ones or I don't wanna[0m
[13:40] [0m[35;1mSimonz [Jedi(Knight)]:[0m hey eradan[0m
[13:40] [0m[33;1m[Clan] Bruce :[0m anyone know where phantom of the opera is in chaos?[0m
[13:40] [0m[37;1m[JEDI]:[0m Alyssa K'tal arrives at the Academy.[0m
[13:40] [0m[35;1mEradan [Jedi(Elder)]:[0m sup[0m
[13:41] [0m[33;1m[Clan] Yik :[0m i got a mask n some organs, we can make our own[0m
[13:41] [0m[33;1m[Clan] Bruce :[0m put away your organ![0m
[13:41] [0m[33;1m[Clan] Yik :[0m organs*[0m
[13:42] [0m[33;1m[Clan] Yik :[0m wellig anatomy is superior[0m
[13:42] [0m[35;1mMichael [Jedi(51)]:[0m Eradan just came back to admire the armour.[0m
[13:43] [0m[35;1mEradan [Jedi(Elder)]:[0m ric asked me to come on and chat so im doing that.  I don't even have a[0m
[13:43] [0m                      client to play with anymore :)[0m
[13:43] [0m[35;1mSimonz [Jedi(Knight)]:[0m heh[0m
[13:46] [0m[35;1mSaim [Jedi(Elder)]:[0m Saim, Eradan, Ksemia, Simonz - SEKS[0m
[13:46] [0m[35;1mSaim [Jedi(Elder)]:[0m we needed you[0m
[14:00] [0m[34;1mPdog shouts:[0m I'M MUDDIN NEKKID![0m
[14:02] [0m[34;1mCrolack shouts:[0m That's nothing new.[0m
[14:04] [0m[34;1mDracula shouts:[0m it would be scary if you said you where mudding clothed[0m
[14:04] [0mYour transmuter's stone bursts with 6 new colours![0m
[14:04] [0m[34;1mSaim shouts:[0m crolacks been watching you for months[0m
[14:13] [0m[37;1m[JEDI]:[0m Wennic Ber'ni'lok arrives at the Academy.[0m
[14:17] [0m[34;1mOmni shouts:[0m chooochooooo[0m
[14:17] [0m[34;1mNauda shouts:[0m hat trick[0m
[14:17] [0m[34;1mSquirrel shouts:[0m quad kill[0m
[14:17] [0m[34;1mMellaous shouts:[0m I thought Xiu might have been on and went Linkdead[0m
[14:17] [0m[35;1mWound [Jedi(Knight)]:[0m nice when the power going off randomly...[0m
[14:18] [0m[35;1mWound [Jedi(Knight)]:[0m had to reinstall portal to get it working again.[0m
[14:18] [0m[34;1mFrank shouts:[0m if you run into zombies without reading boards, beware of blindly killing[0m
[14:19] [0m[34;1mWound shouts:[0m Woo[0m
[14:19] [0m[34;1mNauda shouts:[0m killing with a kiss[0m
[14:20] [0mSimonz flaps : zombie reset[0m
[14:24] [0m[34;1mPdog shouts:[0m moosturbation[0m
[14:25] [0m[34;1mDracula shouts:[0m fresh burgers at mcdonalds![0m
[14:25] [0m[34;1mOne shouts:[0m so fresh even vampires can eat them[0m
[14:26] [0mSimonz flaps : last call for hotel reset[0m
[14:27] [0mSimonz flaps : done[0m
[14:28] [0mDracula flaps : [SteakChat{I like my steak bloody}]: the reset power you guys use, does it only[0m
[14:28] [0m                work on dungeons or does it work on any area?[0m
[14:28] [0mSimonz flaps : different one for regular areas, this one is dungeon speciic[0m
[14:28] [0mSimonz flaps : specific[0m
[14:29] [0mDracula flaps : [SteakChat{I like my steak bloody}]: very cool :)[0m
[14:31] [0m[33;1m[Clan] Ser :[0m https://imgur.com/gallery/PSpBUrw[0m
[14:32] [0m[33;1m[Clan] Ipsie :[0m does refresh area unload force auro to respawn ?[0m
[14:32] [0m[33;1m[Clan] Ser :[0m not sure but you need like 3 people for it[0m
[14:34] [0m[33;1m[Clan] Ser :[0m my world drop amulet finally disappeared :([0m
[14:34] [0m[33;1m[Clan] Ser :[0m so i guess i can string CMC this boot haha[0m
[14:35] [0m[33;1m[Clan] Michael :[0m wonder what like a day 10 firebat will look like[0m
[14:35] [0m[33;1m[Clan] Ser :[0m fkin oscar busy botting[0m
[14:36] [0m[34;1mCrolack shouts:[0m I'm watching you through your monitors[0m
[14:37] [0m[37;1m[JEDI]:[0m Reena Bel Noir arrives at the Academy.[0m
[14:37] [0m[34;1mNauda shouts:[0m In soviet 3k the monitors are watching you.[0m
[14:37] [0m[35;1mAl [Jedi(47)]:[0m a little early for my tastes reena.  i need you back later when i glvl[0m
[14:38] [0m[33;1m[Clan] Ser :[0m anyone have extra smears[0m
[14:38] [0m[33;1m[Clan] Ipsie :[0m i have two nacho cheese :/[0m
[14:38] [0m[33;1m[Clan] Ser :[0m what is that[0m
[14:39] [0m[33;1m[Clan] Ipsie :[0m ice and acid[0m
[14:39] [0m[33;1m[Clan] Ser :[0m mind smearing a couple things for me? :D[0m
[14:40] [0m[33;1m[Clan] Ipsie :[0m sure, just gotta finish this mob[0m
[14:40] [0m[33;1m[Clan] Ser :[0m i have 2 meat paste, foil wrapper, and beans[0m
[14:40] [0m[33;1m[Clan] Ser :[0m if you want any of those[0m
[14:40] [0m[33;1m[Clan] Ipsie :[0m all smeared up, thank you though :)[0m
[14:50] [0m[33;1m[Clan] Ser :[0m hmm[0m
[14:50] [0m[33;1m[Clan] Ser :[0m amulet and better other ig uess[0m
[14:50] [0m[33;1m[Clan] Ser :[0m and zelligar[0m
[14:50] [0m[33;1m[Clan] Ser :[0m which amulet will probably be string 2.0 cmc eventually[0m
[14:52] [0mSer flaps : anyone planning on paul 2.0[0m
[15:00] [0m[34;1mCrolack shouts:[0m bok bok bok bok bok moo bok bok bok bok bok[0m
[15:01] [0m[34;1mSquirrel shouts:[0m eat mor chikin[0m
[15:03] [0m[34;1mFlaxen shouts:[0m sugar pie sugar butt[0m
[15:03] [0m[34;1mSquirrel shouts:[0m chocolate moose?[0m
[15:03] [0m[34;1mOmni shouts:[0m sweet sugar drip[0m
[15:03] [0m[34;1mTony shouts:[0m swiper no swiping!!  (aka trout)  ROFL[0m
[15:03] [0m[34;1mYik shouts:[0m fun dip![0m
[15:04] [0mYour transmuter's stone bursts with 6 new colours![0m
[15:04] [0m[33;1m[Clan] Phenom leaves the game.[0m  [0m
[15:04] [0m[33;1m[Clan] Toren leaves the game.[0m  [0m
[15:06] [0mSquirrel flaps : so what does the green ring do?[0m
[15:06] [0mYik flaps : puff puff pass[0m
[15:09] [0m[37;1m[JEDI]:[0m Bithoff Jonansaan arrives at the Academy.[0m
[15:15] [0m[33;1m[Clan] Roken :[0m splurished on a steelseries apex 7 tkl[0m
[15:15] [0m[33;1m[Clan] Dub :[0m and booze, apparently :)[0m
[15:16] [0m[33;1m[Clan] Roken :[0m no drinks near this keyboard heh[0m
[15:16] [0m[33;1m[Clan] Roken :[0m even tho i was careful for 5 years on the last keyboard[0m
[15:32] [0m[35;1mMellaous [Jedi(78)]:[0m want to know your thoughts, does cpain seem to not fire some rounds?  like[0m
[15:32] [0m                     it might fire 9 out of 10 rounds or 8 out or 10?[0m
[15:33] [0m[35;1mUkyo [Jedi(Knight)]:[0m err, like if we don't get hit in the first place?[0m
[15:34] [0m[35;1mUkyo [Jedi(Knight)]:[0m fdef > dodge > (and here's where i'm fuzzy, I don't know if shields or[0m
[15:34] [0m                     cpain goes first. I'm going to guess shields, and then cpain, simply[0m
[15:34] [0m                     because that's the logical order they're placed in the hpbar when[0m
[15:34] [0m                     cancatenated)[0m
[15:35] [0m[37;1m[JEDI]:[0m Herah Wylann arrives at the Academy.[0m
[15:36] [0m[35;1mSaim [Jedi(Elder)]:[0m cpain gives you back a % of the hp you lost in the previous round, or[0m
[15:36] [0m                    something like that...maybe if you had a round where you took no dmg because[0m
[15:36] [0m                    of other things...you wouldnt see cpain fire?[0m
[15:43] [0mHex <Craft>: I don't want to craft ... I want to be a LUMBERJACK!![0m
[15:43] [0mUkyo <Craft>: I don't want to craft ... I want to be a LUMBERJACK!![0m
[15:43] [0mUkyo <Craft>: oh, wait, I am a lumberjack.[0m
[16:54] [0mSer flaps : need beloch hitters[0m
[16:55] [0mSer flaps : please[0m
[16:55] [0mWound flaps : whats the safe word...[0m
[16:55] [0mSer flaps : pretty[0m
[16:56] [0m[33;1m[Clan] Ser :[0m COME HIT BELOCH plz kthnx[0m
[16:57] [0m[37;1m[JEDI]:[0m Ylenic It'kla arrives at the Academy.[0m
[17:02] [0m[33;1m[Clan] Ser :[0m any other bots wanna come hit beloch?[0m
[17:03] [0m[35;1mSimonz [Jedi(Knight)]:[0m killing qoh and don't need another ring unless it's gun, if anyone wants[0m
[17:03] [0m                       to come hit[0m
[17:03] [0m[33;1m[Clan] Phenom enters the game.[0m  [0m
[17:03] [0m[33;1m[Clan] Phenom leaves the game.[0m  [0m
[17:04] [0m[33;1m[Clan] Phenom enters the game.[0m  [0m
[17:04] [0m[35;1mUkyo [Jedi(Knight)]:[0m ooh, i JUST got down here with blockers. seriously. your timing is[0m
[17:04] [0m                     impecable.[0m
[17:04] [0m[35;1mSimonz [Jedi(Knight)]:[0m lol[0m
[17:04] [0m[33;1m[Clan] Oscar :[0m You want that real real?[0m
[17:04] [0m[33;1m[Clan] Roor leaves the game.[0m  [0m
[17:04] [0m[33;1m[Clan] Void leaves the game.[0m  [0m
[17:04] [0m[34;1mTex shouts:[0m levels all round today[0m
[17:04] [0m[34;1mOmni shouts:[0m I got a feeling, I'm going to be seeing a lot more of that real soon :)[0m
[17:04] [0mYour transmuter's stone bursts with 6 new colours![0m
[17:04] [0m[33;1m[Clan] Phenom :[0m rally[0m
[17:05] [0m[34;1mSarge shouts:[0m maybe.... :D[0m
[17:23] [0m[33;1m[Clan] Phenom :[0m night all, sleepy[0m
[17:26] [0m[33;1m[Clan] Oscar :[0m later[0m
[17:28] [0m[37;1m[JEDI]:[0m Kerran Halcyon arrives at the Academy.[0m
[17:36] [0m[33;1m[Clan] Byron :[0m anyone know where OG freeway is?[0m
[17:36] [0m[33;1m[Clan] Knox :[0m i see voodoo has one, idk if it is og or not[0m
[17:36] [0m[33;1m[Clan] Byron :[0m Nog.  It's not OG[0m
[17:43] [0m[35;1mMav [Jedi(33)]:[0m anyone around for some teaching?[0m
[17:44] [0m[35;1mMav [Jedi(33)]:[0m absorb, dissipate, gfs, h2h,htrance,release force[0m
[17:49] [0m[35;1mMav [Jedi(33)]:[0m c'mon Rhaansy[0m
[17:50] [0m[37;1m[JEDI]:[0m Rhaan arrives at the Academy.[0m
[17:50] [0m[33;1m[Clan] Toren enters the game.[0m  [0m
[17:51] [0m[35;1mMav [Jedi(33)]:[0m yyyyyikes[0m
[17:51] [0m[34;1mWound shouts:[0m Imposter![0m
[17:51] [0m[35;1mMav [Jedi(33)]:[0m dude[0m
[17:51] [0m[35;1mMav [Jedi(33)]:[0m i just like, summoned Rhaansy[0m
[17:51] [0m[35;1mMav [Jedi(33)]:[0m maybe I really am a jedi[0m
[17:52] [0m[35;1mWound [Jedi(Knight)]:[0m nice![0m
[17:52] [0m[35;1mWound [Jedi(Knight)]:[0m WOO WOO![0m
[17:53] [0m[35;1mWound [Jedi(Knight)]:[0m WOO![0m
[17:57] [0mHex flaps : the safe word is "lady g"[0m
[17:57] [0mOmni flaps : cacao[0m
[18:04] [0mYour transmuter's stone bursts with 5 new colours![0m
[18:07] [0mVoodoo -=(OMP)=- 6pm! jacuzzi is a runnin! bring you mask! leave the pants![0m
[18:08] [0mAl -=(OMP)=- definite eyes wide shut moment[0m
[18:12] [0m[35;1mMellaous [Jedi(78)]:[0m woo[0m
[18:15] [0m[37;1m[JEDI]:[0m Janath Meelin arrives at the Academy.[0m
[18:22] [0mOmni flaps : maybe less[0m
[18:22] [0mOmni flaps : zombie reset in 1-3 minutes give or take[0m
[18:27] [0m[35;1mUkyo [Jedi(Knight)]:[0m Strike that, Adalius, everything is working as intended. Sorry for the[0m
[18:27] [0m                     false alarm.[0m
[18:28] [0mOmni flaps : last mob, then resetting[0m
[18:30] [0mOmni flaps : ok last call, zombies entrance for reset[0m
[18:32] [0mOmni flaps : reset[0m
[18:37] [0mSquirrel flaps : we giving paul a whatfor?[0m
[18:38] [0mHooligan flaps : a buttfor?[0m
[18:38] [0mZanadu flaps : i'm game[0m
[18:38] [0mPrismal flaps : I'm down[0m
[18:38] [0mHooligan flaps : pass[0m
[18:39] [0mSquirrel flaps : tv near gumbal machine[0m
[18:40] [0mZanadu flaps : need atleast 6-7[0m
[18:43] [0mSquirrel flaps : more! paul2! lets dewit![0m
[18:46] [0m[37;1m[JEDI]:[0m Tobias Kel'ach'nar arrives at the Academy.[0m
[19:03] [0m[35;1mWert [Jedi(Knight)]:[0m anyone need scroll of universe?[0m
[19:14] [0mYour transmuter's stone bursts with 2 new colours![0m
[19:17] [0m[37;1m[JEDI]:[0m Durnoth arrives at the Academy.[0m
[19:34] [0m[34;1mPdog shouts:[0m You about lose yo job[0m
[19:45] [0mXiu flaps : This boot on "can you find the Ned2 aura?": Better go grab it before the mob I gave[0m
[19:45] [0m            it to sets it on fire. heh-heh that wouldn't be cool. (Because it's a long boot the[0m
[19:45] [0m            aura has been gemchanted, for her pleasure.)[0m
[19:46] [0m[37;1m[JEDI]:[0m Rhaan arrives at the Academy.[0m
[19:52] [0m[34;1mCrolack shouts:[0m Moo.[0m
[19:52] [0m[34;1mYik shouts:[0m bok[0m
[19:55] [0m[35;1mUkyo [Jedi(Knight)]:[0m Oh, it's the skin of Beloch that's giving me the overmax hp. i forgot about[0m
[19:55] [0m                     that.[0m
[20:14] [0mYour transmuter's stone bursts with 2 new colours![0m
[20:17] [0m[37;1m[JEDI]:[0m Alyssa K'tal arrives at the Academy.[0m
[20:21] [0mFd  Wm:g Wc: 46% Gx: 99.32% Fx: 87.55%[0m
[20:28] [0m[33;1m[Clan] Yik :[0m vampires in hotel transylvania now? seems like that took awhile![0m
[20:28] [0m[33;1m[Clan] Oscar :[0m whaaa[0m
[20:28] [0m[33;1m[Clan] Yik :[0m A mindless vampire[0m
[20:32] [0m[33;1m[Clan] Oscar :[0m i wonder what their class is like[0m
[20:32] [0m[33;1m[Clan] Oscar :[0m same as the rest?[0m
[20:33] [0m[33;1m[Clan] Yik :[0m feels bigger, lets see[0m
[20:34] [0m[33;1m[Clan] Yik :[0m looks about double their size[0m
[20:34] [0m[33;1m[Clan] Yik :[0m maybe a lil under[0m
[20:41] [0m[35;1mMav [Jedi(33)]:[0m anyone train gfs 8?[0m
[20:51] [0m[37;1m[JEDI]:[0m Kerran Halcyon arrives at the Academy.[0m
[20:51] [0m[34;1mYik shouts:[0m vampires in transylvania? thats just a myth! the og myth.[0m
[20:52] [0m[34;1mHooligan shouts:[0m i thought it was transyltucky?[0m
[21:11] [0m[37;1mVagrant <.oO>:[0m you go boi![0m
[21:12] [0mFujitsu flaps : hax[0m
[21:14] [0mYour transmuter's stone bursts with 3 new colours![0m
[21:15] [0m<- ! The Vigilant ! -> :  A destabilization Kayos event has been detected in Northern Hills of[0m
[21:15] [0m                          Fantasy!  We are localizing it now - get ready![0m
[21:15] [0m[33;1m[Clan] Ser :[0m lol damnit[0m
[21:21] [0m[37;1m[JEDI]:[0m Ylenic It'kla arrives at the Academy.[0m
[21:22] [0mEagleeyes flaps : pfind[0m
[21:24] [0mDracula flaps : [SteakChat{I like my steak bloody}]: can't help you find pee. you'll have to ask[0m
[21:24] [0m                my dog. :D[0m
[21:34] [0mSquirrel flaps : event -> 13n from north exit[0m
[21:34] [0mSquirrel flaps : fire damage[0m
[21:37] [0m[34;1mAka shouts:[0m i saw that[0m
[21:37] [0m[34;1mFujitsu shouts:[0m what's updong?[0m
[21:37] [0m[34;1mEli shouts:[0m what's updog?[0m
[21:37] [0m[34;1mVagrant shouts:[0m downdog[0m
[21:37] [0m[34;1mSquirrel shouts:[0m down is up?[0m
[21:37] [0m[34;1mAdalius shouts:[0m NOT MUCH DAWG![0m
[21:37] [0m[34;1mPrettypony shouts:[0m lefty shark[0m
[21:37] [0m[34;1mAka shouts:[0m sneaky beaky[0m
[21:38] [0m[34;1mVapor shouts:[0m in dog, attack[0m
[21:38] [0m[34;1mFujitsu shouts:[0m downward facing doggy style?[0m
[21:38] [0m[34;1mVasha shouts:[0m po-tah-to[0m
[21:38] [0m[34;1mYik shouts:[0m pot-at-oe[0m
[21:39] [0mSquirrel flaps : Dan Quayle?[0m
[21:45] [0mVagrant flaps : I am vagrant[0m
[21:45] [0mOmni flaps : corbin dallas![0m
[21:45] [0mDisruptor flaps : whoa, hey watch the profanity kid[0m
[21:46] [0mMellaous flaps : Hi Vagrant, I am Mellaous, and I am a Mudaholic[0m
[21:46] [0m[35;1mRoken [Jedi(84)]:[0m woo[0m
[21:46] [0mVagrant flaps : mud mud mud[0m
[21:47] [0m[35;1mMav [Jedi(33)]:[0m wheeeew[0m
[21:47] [0mDracula flaps : [SteakChat{I like my steak bloody}]: welcome to M.A. take your name tag and grab[0m
[21:47] [0m                a cup of coffee at the table in the back.[0m
[21:47] [0m[35;1mRoken [Jedi(84)]:[0m still working on fdef12 heh[0m
[21:47] [0m[35;1mMav [Jedi(33)]:[0m that's a pretty big deal hehe, how long did that one take?[0m
[21:47] [0mAdalius flaps : Hi Mellaous, I am Adalius, and you're an alcoholic.[0m
[21:47] [0mAdalius flaps : err[0m
[21:47] [0mAdalius flaps : I think I did that wrong[0m
[21:47] [0mOmni flaps : drink![0m
[21:47] [0mDonnerjack flaps : woo[0m
[21:47] [0m[35;1mRoken [Jedi(84)]:[0m eh nfi been working on an alt toon too[0m
[21:47] [0mPrettypony flaps : thats my favorite drinking game, whenever someone says you're an alcoholic.[0m
[21:47] [0m                   drink[0m
[21:48] [0m[35;1mMav [Jedi(33)]:[0m coo[0m
[21:48] [0m[35;1mRoken [Jedi(84)]:[0m have 123 days in combat and 1 hr[0m
[21:48] [0m[35;1mRoken [Jedi(84)]:[0m fdef 11 and 88% to 12[0m
[21:48] [0mOmni flaps : I'm drinking, but not because you told me to![0m
[21:51] [0m[37;1m[JEDI]:[0m Wennic Ber'ni'lok arrives at the Academy.[0m
[21:52] [0mAdalius flaps : if you aren't watching Upload on amazon prime, might want to, its pretty damn[0m
[21:52] [0m                good[0m
[21:52] [0mOscar flaps : will do[0m
[21:52] [0mOscar flaps : what's your login?[0m
[21:53] [0mSquirrel flaps : hi, I'm razek from amazon, we need to know what your username and password is[0m
[21:53] [0m                 so we can make sure that no one has made any erroneous transactions on it.[0m
[21:53] [0mDisruptor flaps : adliuas@3k.org password 12345[0m
[21:53] [0mMellaous flaps : lol[0m
[21:53] [0mKnull flaps : hey thats the combination to my luggage[0m
[21:54] [0mSquirrel flaps : we also need you to verify your cc that's on file with the exp date and cv[0m
[21:54] [0m                 code.[0m
[21:54] [0mOscar flaps : adalius rearranged is DialUSA[0m
[21:54] [0mOscar flaps : WHO YA GONNA CALL?![0m
[21:54] [0mAdalius flaps : Oh crap, I've been found out.[0m
[21:55] [0mVagrant flaps : noice dot!![0m
[21:55] [0mSquirrel flaps : lol[0m
[22:00] [0mVolt flaps : Razic!  are you still fifteen?[0m
[22:02] [0m[33;1m[Clan] Xaryl enters the game.[0m  [0m
[22:08] [0m[33;1m[Clan] Dub :[0m vampire at 145 is 48mil, 35mil zombiew[0m
[22:08] [0m[33;1m[Clan] Dub :[0m fyi[0m
[22:08] [0m[33;1m[Clan] Yik :[0m thats a lil better![0m
[22:08] [0m[33;1m[Clan] Dub :[0m they're about the same just a bit bigger[0m
[22:08] [0m[33;1m[Clan] Dub :[0m special a bit more[0m
[22:09] [0m[33;1m[Clan] Dub :[0m there's not usually very many tho, most I've had in a dungeon has been 5[0m
[22:09] [0m[33;1m[Clan] Byron :[0m ANyone have a dupe to donate?[0m
[22:09] [0m[33;1m[Clan] Dub :[0m but it appears to be on top[0m
[22:09] [0m[33;1m[Clan] Byron :[0m I can hit you back[0m
[22:09] [0m[33;1m[Clan] Byron :[0m In 1.5 days[0m
[22:09] [0m[33;1m[Clan] Dub :[0m whatfor?[0m
[22:09] [0m[33;1m[Clan] Byron :[0m freeway[0m
[22:09] [0m[33;1m[Clan] Byron :[0m it'll be huge for my mage[0m
[22:09] [0m[33;1m[Clan] Dub :[0m why not just farm one? I can make sure the path's clear and get it for ya[0m
[22:09] [0m[33;1m[Clan] Byron :[0m i'm going to, but I've ran that thing ALL boot and not got one[0m
[22:10] [0m[33;1m[Clan] Dub :[0m nog, it took me like 8 amy's[0m
[22:10] [0m[33;1m[Clan] Dub :[0m pissed me off after 7[0m
[22:10] [0m[33;1m[Clan] Dub :[0m then finally[0m
[22:10] [0m[33;1m[Clan] Dub :[0m I was camping, and prismal was waiting upstairs. I said fuckit, you camp and left.[0m
[22:10] [0m             bear loaded. that was after amy 1[0m
[22:10] [0m[33;1m[Clan] Dub :[0m I was kicking myself 5 hrs later[0m
[22:11] [0m[33;1m[Clan] Dub :[0m I take it you know where og bear is?[0m
[22:11] [0m[33;1m[Clan] Xaryl :[0m anyone have an OG shield?[0m
[22:11] [0m[33;1m[Clan] Dub :[0m zomg, a xar![0m
[22:11] [0m[33;1m[Clan] Dub :[0m yeah I got, ss[0m
[22:12] [0m[33;1m[Clan] Xaro enters the game.[0m  [0m
[22:12] [0m[33;1m[Clan] Byron :[0m o yeah?[0m
[22:12] [0m[33;1m[Clan] Archangel enters the game.[0m  [0m
[22:13] [0m[33;1m[Clan] Byron :[0m After that hardcore grind up[0m
[22:14] [0m[33;1m[Clan] Byron :[0m I came so close to getting that gravy train but couldn't stay alive :P[0m
[22:24] [0m[34;1mTeven shouts:[0m POOG[0m
[22:24] [0m[34;1mBahram shouts:[0m Shai-Hulud![0m
[22:24] [0m[34;1mOscar shouts:[0m pee doggy dawwwggggggggggg[0m
[22:24] [0m[32mNix tells you: [0mHey help me wake up, send me a chat on discord or something before i end up in the tomb[0m
[22:24] [0m[34;1mDracula shouts:[0m he's a big dog now![0m
[22:24] [0m[34;1mBarian shouts:[0m hey there big spender why don't you be my spender[0m
[22:24] [0m[34;1mKitt shouts:[0m die[0m
[22:25] [0m[34;1mVagrant shouts:[0m LIVE[0m
[22:25] [0m[34;1mXiu shouts:[0m what is this discord thing you kids are using now? it's a sex thing, right?[0m
[22:25] [0m[33;1m[Clan] Michael :[0m Nix was that a echoall?[0m
[22:25] [0m[33;1m[Clan] Oscar :[0m laf[0m
[22:25] [0m[34;1mEoin shouts:[0m there's a tomb raider joke there but i'm not sure how to deliver it best[0m
[22:25] [0m[37;1m[JEDI]:[0m Talia Ska arrives at the Academy.[0m
[22:25] [0m[34;1mMellaous shouts:[0m *Thumbs up*[0m
[22:25] [0m[34;1mKitt shouts:[0m sex thing with voodoo pants[0m
[22:25] [0m[33;1m[Clan] Michael :[0m lol hehe good I was confused at first[0m
[22:25] [0m[34;1mWyvern shouts:[0m a/s/l[0m
[22:25] [0m[34;1mVagrant shouts:[0m not me I still use pigeons to get messages to people[0m
[22:25] [0m[34;1mPdog shouts:[0m yes. nix needs pix of ur dix[0m
[22:25] [0m[34;1mGlowie shouts:[0m sex thing with voodoos pants and angelina jolie?[0m
[22:25] [0m[34;1mLachlan shouts:[0m Welcome to AOL and 1993[0m
[22:26] [0m[34;1mYik shouts:[0m 18/f/fl playcult for pics[0m
[22:26] [0m[34;1mKitt shouts:[0m who needs AJ[0m
[22:26] [0m[34;1mGlowie shouts:[0m there are no female mudders[0m
[22:26] [0mVagrant flaps : LONG LIVE ZAMBIES, friends have came with a new addition <3[0m
[22:26] [0m[34;1mOmni shouts:[0m vampbies?[0m
[22:26] [0mDracula flaps : [SteakChat{I like my steak bloody}]: you mean the little lost vampires?[0m
[22:26] [0m[34;1mMud shouts:[0m zompires?[0m
[22:27] [0m[34;1mHsima shouts:[0m ZOMBEEVERS[0m
[22:27] [0mVagrant flaps : ha indeed[0m
[22:27] [0mDracula flaps : [SteakChat{I like my steak bloody}]: my kids where looking for a new place to[0m
[22:27] [0m                live after they got evicted. i told them the zombies didn't mind. sorry.[0m
[22:27] [0mSylph flaps : they're good exp, so its cool[0m
[22:29] [0m[34;1mFrank shouts:[0m death avoided, thanks discord[0m
[22:30] [0m[34;1mOscar shouts:[0m who sent feet pics[0m
[22:31] [0m[34;1mOscar shouts:[0m Smites should be a discord event too[0m
[22:31] [0m[34;1mGrot shouts:[0m there's a 3k discord?[0m
[22:32] [0m[34;1mSquirrel shouts:[0m kinda feels like somebody's watching me...[0m
[22:32] [0m[34;1mLachlan shouts:[0m So whe is 3k going to stream to Twitch a roving global feed of various[0m
[22:32] [0m                players...[0m
[22:38] [0m[34;1mSarge shouts:[0m when they decide to kill off their viewership numbers?[0m
[22:39] [0m[34;1mPdog shouts:[0m all we need is cute girls mudding on twitch and it will be the next minecraft[0m
[22:40] [0m[34;1mLachlan shouts:[0m Text gaming is the NEXT BIG THING. I swear, I'm heavily invested myself.[0m
[22:43] [0m[34;1mSarge shouts:[0m lachlan just wants to get people with speedrunning mentalities in on it, so they[0m
[22:43] [0m              can make him a youtube video on how to bot :P[0m
[22:43] [0mLachlan flaps : I've been found out.[0m
[22:46] [0m[34;1mHyuga shouts:[0m there's a speedrunning glitch where when you leave the jump room at brun, you[0m
[22:46] [0m              actually end up in the space between the rooms. you can walk to where day 7 fbat[0m
[22:46] [0m              is and just pick up the armour.[0m
[22:46] [0m[34;1mWhoknows shouts:[0m hah[0m
[22:46] [0m[34;1mWhoknows shouts:[0m only if you did the contra cheat move right?[0m
[22:46] [0m[34;1mThadar shouts:[0m sounds like a bug, that should become a feature.[0m
[22:48] [0m[34;1mPralbeldray shouts:[0m working as intended.[0m
[22:49] [0m[33;1m[Clan] Xaryl :[0m who has OG redaxe?[0m
[22:52] [0mSquirrel flaps : https://dashboard.twitch.tv/u/iamsharp313[0m
[22:52] [0mSquirrel flaps : get with the program slackers[0m
[22:54] [0mYour transmuter's stone bursts with 5 new colours![0m
[22:54] [0mRoken flaps : yo dawg[0m
[22:58] [0m[37;1m[JEDI]:[0m Herah Wylann arrives at the Academy.[0m
[23:01] [0mRoken flaps : night all![0m
[23:01] [0m[32;1mFrom afar, Omni tucks you into bed.[0m[0m
