- = LOG STARTED [00:00] = -
[05:45] [0mYou can currently reforge 5 items.[0m
[06:00] [0m[31;1m[Clan] Roken :[0m good morning[0m
[06:00] [0m[31;1m[Clan] Bruce :[0m IS IT?! IS IT?![0m
[06:00] [0m[37;1mRoken <.oO>:[0m wow only 40K some to go for continuity 9[0m
[06:01] [0m[31;1m[Clan] Roken :[0m bab ignored me psh[0m
[06:02] [0m[37;1mRoken <.oO>:[0m anyone with OG axe to dupe?[0m
[06:06] [0m[37;1m[JEDI]:[0m Herah Wylann arrives at the Academy.[0m
[06:32] [0m[37;1m[JEDI]:[0m Wennic Ber'ni'lok arrives at the Academy.[0m
[07:05] [0m[37;1m[JEDI]:[0m Kerran Halcyon arrives at the Academy.[0m
[07:11] [0m[35;1mInquisitor [Jedi(Knight)]:[0m I'm mugging Cae for a sphere for giggles.  Anybody want the floaties?[0m
[07:12] [0m[35;1mInquisitor [Jedi(Knight)]:[0m Boo, no sphere.[0m
[07:15] [0m[35;1mInquisitor [Jedi(Knight)]:[0m Floaties?  Anybody?[0m
[07:17] [0m[35;1mLicklick [Jedi(65)]:[0m floaties?[0m
[07:17] [0m[35;1mInquisitor [Jedi(Knight)]:[0m It's the dark black potion with yellow floaties[0m
[07:17] [0m[35;1mInquisitor [Jedi(Knight)]:[0m +str, random 4 to 9[0m
[07:17] [0m[35;1mLicklick [Jedi(65)]:[0m sure i need the strength[0m
[07:18] [0m[35;1mLicklick [Jedi(65)]:[0m or yellow floaties[0m
[07:18] [0m[35;1mInquisitor [Jedi(Knight)]:[0m center of guild[0m
[07:18] [0m[35;1mInquisitor [Jedi(Knight)]:[0m Cae (drops potion) is in the bottom of the rabbit hole in the fields[0m
[07:18] [0m                           in fantasy near underdark[0m
[07:19] [0m[35;1mInquisitor [Jedi(Knight)]:[0m He's a fairly easy mob, about 180k.  Takes a while to kill, moderate[0m
[07:19] [0m                           acid damage[0m
[07:19] [0m[35;1mInquisitor [Jedi(Knight)]:[0m As long as your current total strength boost is below I think 9, you[0m
[07:19] [0m                           can drink multiple potions[0m
[07:19] [0m[35;1mInquisitor [Jedi(Knight)]:[0m like, if your first potion is only +5 or whatever, you can get[0m
[07:19] [0m                           another[0m
[07:20] [0m[35;1mLicklick [Jedi(65)]:[0m mine was +8[0m
[07:22] [0m[35;1mWert [Jedi(Master)]:[0m check, can confuse vamps...jsut takes lots of tries[0m
[07:27] [0m[35;1mSeeker [Jedi(64)]:[0m if you get 6 of less you can drink another[0m
[07:28] [0m[35;1mSeeker [Jedi(64)]:[0m or*[0m
[07:32] [0m[37;1m[JEDI]:[0m Wennic Ber'ni'lok arrives at the Academy.[0m
[07:34] [0m[31;1m[Clan] Roken :[0m anyone avail to rally?[0m
[07:35] [0m[37;1mRoken flaps :[0m anyone avail to rally at fantasy? DZ and I[0m
[07:36] [0m[32mEcholoc tells you:[0m get what you need?[0m
[07:36] [0m[35;1mInquisitor [Jedi(Knight)]:[0m 6 or less?  Wow, that's low.  Guess it's been a while since I checked[0m
[07:36] [0m[35;1mInquisitor [Jedi(Knight)]:[0m Good to know[0m
[07:36] [0m[32mYou tell Echoloc:[0m nope :)[0m
[07:37] [0m[32mEcholoc tells you:[0m one moment[0m
[07:37] [0m[33;1m[PARTY][0m Lost our leader![0m
[07:37] [0m[33;1m[PARTY][0m Echoloc joins the party.[0m
[07:37] [0mYou can currently reforge 5 items.[0m
[07:37] [0m[33;1m[PARTY][0m Dangerzone joins the party.[0m
[07:37] [0m[33;1m[PARTY][0m Echoloc has quit the party.[0m
[07:38] [0m[37;1mRoken flaps :[0m thanks echoloc![0m
[07:38] [0m[32mEcholoc tells you:[0m talk to mbe goose[0m
[07:38] [0m[32mEcholoc tells you:[0m talk to me goose[0m
[07:38] [0m[32mYou tell Echoloc:[0m thanks maverick![0m
[07:41] [0m[31;1m[Clan] Roken :[0m wow crazy, 4 golems and zel attacking me[0m
[07:42] [0m[35;1mInquisitor [Jedi(Knight)]:[0m Anybody need RoEP or does everybody already have hearts?  :D[0m
[07:43] [0m[35;1mEphemeral [Jedi(38)]:[0m yo![0m
[07:43] [0m[35;1mInquisitor [Jedi(Knight)]:[0m Yo indeed.[0m
[08:05] [0m[37;1m[JEDI]:[0m Alyssa K'tal arrives at the Academy.[0m
[08:13] [0m[31;1m[Clan] Taleast :[0m morning[0m
[08:30] [0m[34;1mLiskerlol shouts:[0m upgrade necros[0m
[08:30] [0m[34;1mSpace shouts:[0m for sure![0m
[08:31] [0m[35;1mInquisitor [Jedi(Knight)]:[0m Ho hum, hand to hand tacos[0m
[08:31] [0m[35;1mInquisitor [Jedi(Knight)]:[0m I'm not at home, no triggers for weapon management.[0m
[08:31] [0mYou can currently reforge 5 items.[0m
[08:31] [0m[34;1mTex shouts:[0m he said you lost the beat he wanted to hold your hand[0m
[08:33] [0m[31;1m[Clan] Boscar :[0m motherfucker aomeone rotted my freezer[0m
[08:34] [0m[31;1m[Clan] Boscar :[0m in the past 2 hrs[0m
[08:34] [0m[31;1m[Clan] Bruce :[0m you should write an any post on forums.3k.org[0m
[08:34] [0m[31;1m[Clan] Bruce :[0m and a gofundme campaign[0m
[08:34] [0m[31;1m[Clan] Bruce :[0m i'll donate[0m
[08:46] [0m[37;1mAgni flaps :[0m anyone got og auro shield I could dupe?[0m
[08:46] [0m[37;1mWhoknows flaps :[0m check ahhist[0m
[08:46] [0m[37;1mWhoknows flaps :[0m nm i think space sold a non og one so that might not be[0m
[08:46] [0m                 correct[0m
[08:46] [0m[37;1mSevenofnine flaps :[0m Sure, but only after you ackknowledge that Slacky[0m
[08:46] [0m                    grabbed it and went LD on his HC[0m
[08:47] [0m[37;1mSevenofnine flaps :[0m yes i sold non og which tony bought[0m
[08:47] [0m[37;1mSevenofnine flaps :[0m but Slacky bought the 11 coin og and prolly passed it to[0m
[08:47] [0m                    their main and went LD immediately[0m
[08:49] [0m[37;1mGaidin flaps :[0m So the auction house thing lasted, what, 12 hours?[0m
[08:49] [0m[37;1mWert flaps :[0m not even heh, long losses hours in[0m
[08:49] [0m[37;1mSaim flaps :[0m its the same system really...relies on players, and is not[0m
[08:49] [0m             great[0m
[08:50] [0m[37;1mSevenofnine flaps :[0m in future i can buy it and put a tracker on it to name[0m
[08:50] [0m                    and shame[0m
[08:50] [0m[31;1m[Clan] Bruce :[0m how would 3k run without Space fulfilling the role of judge,[0m
[08:50] [0m               jury and executioner?[0m
[08:50] [0m[31;1m[Clan] Taleast :[0m we wouldn't be here to have this conversation[0m
[08:51] [0m[37;1mSevenofnine flaps :[0m its a better system than club house at least we know the[0m
[08:51] [0m                    culprit and eventually we will know their main[0m
[08:52] [0m[37;1mGaidin flaps :[0m YEa, but without the ability to identify dupes and boxban[0m
[08:52] [0m               bound items, it'll break quickliy.[0m
[08:52] [0m[37;1mSaim flaps :[0m laf someone probably thought "some sucker put this real cheap[0m
[08:52] [0m             OG auro up, yoink!"[0m
[08:53] [0m[37;1mSaim flaps :[0m 9 day boot too! score![0m
[08:53] [0m[37;1mSevenofnine flaps :[0m no Saim, i think it was more deliberate, thats why they[0m
[08:53] [0m                    bought on the HC char which never plays[0m
[08:54] [0m[37;1mSevenofnine flaps :[0m it was not an innocent hey cheap shield lemme grab it[0m
[08:54] [0m                    before others[0m
[08:54] [0m[37;1mSevenofnine flaps :[0m Trout did that as did vagrant but as soon as they were[0m
[08:54] [0m                    informed they dupd and put it right back on ahouse[0m
[08:55] [0m[37;1mEcholoc flaps :[0m that is what i thought when i first saw it.... i missed the[0m
[08:55] [0m                Ah covo shortly beforehand.. but i asked what was up and put[0m
[08:55] [0m                it back[0m
[08:55] [0m[37;1mSevenofnine flaps :[0m nod Echo, good job[0m
[08:55] [0m[37;1mEcholoc flaps :[0m hey cheap shield, probably not origional.... i like shield[0m
[08:55] [0m[37;1mGaidin flaps :[0m I can fire up notify logging again and figure out their main[0m
[08:55] [0m               if they use it again.[0m
[08:56] [0m[37;1mZiphe flaps :[0m are we still talking about this? we had the same conversation[0m
[08:56] [0m              12 hours ago lol[0m
[08:56] [0m[37;1mSevenofnine flaps :[0m thanks gaidin, i was gonna do it too, but i really hate[0m
[08:56] [0m                    the notify it hinders my steppers with misplacing the[0m
[08:56] [0m                    roomprompt >[0m
[08:56] [0m[37;1mKillergate flaps :[0m heh, its not hard to guess who Slacky's main is[0m
[08:57] [0m[37;1mSevenofnine flaps :[0m its not? do tell please[0m
[08:57] [0m[37;1mJavelin flaps :[0m Frank?[0m
[08:57] [0m[37;1mKillergate flaps :[0m Slacker?[0m
[08:57] [0m[37;1mSevenofnine flaps :[0m name and shame[0m
[08:57] [0m[37;1mHsima flaps :[0m "$nl$>$nl$"[0m
[08:57] [0m[37;1mHsima flaps :[0m prompt "$nl$>$nl$"[0m
[08:58] [0m[37;1mSaim flaps :[0m would be cool to just have a cabinet/box somewhere in pinnacle[0m
[08:58] [0m             where once you put an item in, you can take it out of the box,[0m
[08:58] [0m             but not the room...wonder if that could be a thing[0m
[08:58] [0m[37;1mSevenofnine flaps :[0m hsima that would mean i have to make changes to all my[0m
[08:58] [0m                    existing scripts[0m
[08:58] [0m[37;1mHsima flaps :[0m unlikely[0m
[08:58] [0m[37;1mSally flaps :[0m drop it in SS[0m
[08:58] [0m[37;1mGaidin flaps :[0m We already got told that the wizzes will not do the cabinet[0m
[08:58] [0m               thing for us.[0m
[08:59] [0m[37;1mSpace flaps :[0m thats why byron did, and voodoo ahoused it after dup for 11[0m
[08:59] [0m              coins which was a good idea tbh[0m
[08:59] [0m[37;1mSpace flaps :[0m but Grinches are still around so.........it is what it is[0m
[08:59] [0m[37;1mZiphe flaps :[0m bah humbug[0m
[08:59] [0m[37;1mSaim flaps :[0m we find a way around it, but its annoying and not foolproof...[0m
[08:59] [0m             throw us a bone[0m
[08:59] [0m[37;1mHsima flaps :[0m if y'all figure out how to talk to each other and cooperate be[0m
[08:59] [0m              sure to run for public office and share that knowlege[0m
[09:00] [0m[37;1mTaleast flaps :[0m laf[0m
[09:00] [0m[37;1mSally flaps :[0m the more cheese and wine the more likely this will go the same[0m
[09:00] [0m              way massxp did[0m
[09:00] [0m[37;1mHsima flaps :[0m this will probably be sufficient prompt >$nl$[0m
[09:00] [0m[37;1mZiphe flaps :[0m the whole system is designed to force collaboration and this[0m
[09:00] [0m              player participation is baked in[0m
[09:01] [0m[37;1mZiphe flaps :[0m pretty sure rasta was aware of this when he coded dupe[0m
[09:01] [0m[37;1mSpace flaps :[0m i take offense, i have never declined allowing anyone to dup[0m
[09:01] [0m              any OG i have, I nolife a lot, i keep eye on public lines for[0m
[09:01] [0m              people asking to dup items and i respond, heck i did deny[0m
[09:01] [0m              whisper and paris from dups either, and apart from Lazz on 3[0m
[09:01] [0m              occassions no one has denied me a dup either so Hsima, I have[0m
[09:01] [0m              no idea what you mean :p[0m
[09:01] [0m[37;1mHsima flaps :[0m and should in either case not require any changes for things[0m
[09:01] [0m              based on triggering >[0m
[09:01] [0m[37;1mSpace flaps :[0m *didnt deny whisper etc[0m
[09:02] [0m[37;1mAgni flaps :[0m perhaps some clan with sufficiently many active players should[0m
[09:02] [0m             volunteer to be the OG keepers? or am I being too naive?[0m
[09:02] [0m[37;1mSpace flaps :[0m move on  ^>[0m
[09:02] [0m[37;1mSpace flaps :[0m {Blah reconnects]> and stepper wont move[0m
[09:03] [0m[37;1mKillergate flaps :[0m contact*[0m
[09:03] [0m[37;1mHsima flaps :[0m if you $nl$>$nl$ that will not happen[0m
[09:03] [0m[37;1mKillergate flaps :[0m contact support[0m
[09:03] [0m[37;1mSpace flaps :[0m FFS does that nicely I think, Tony mostly leaves his OGs in[0m
[09:03] [0m              clanbox and his clannies oblige dupers[0m
[09:03] [0m[37;1mHsima flaps :[0m you'll probably want to gag the empty line though[0m
[09:03] [0m[37;1mZiphe flaps :[0m ya'll don't gag all empty lines? so much better that way.[0m
[09:03] [0m[37;1mSpace flaps :[0m Hsima that still means rewrting part of code on every stepper[0m
[09:03] [0m              :p nope i will just not use notify ;)[0m
[09:04] [0m[34;1mZanadu shouts:[0m ^>[0m
[09:04] [0m[37;1mZiphe flaps :[0m empty lines are wasted screen space :)[0m
[09:05] [0m[37;1mKillergate flaps :[0m but you dont get the full experience then![0m
[09:05] [0m[37;1mSpace flaps :[0m who says i dont gag empty lines?[0m
[09:05] [0m[37;1mZiphe flaps :[0m no one, hsima mentioned gagging an empty line.[0m
[09:06] [0m[37;1mSpace flaps :[0m Hsima is trying to help but his help means a lot of work for[0m
[09:06] [0m              me, so i am sticking with just ignoring notify ;)[0m
[09:07] [0m[37;1mZiphe flaps :[0m weird, I have notify on it doens't mess with my prompt at all[0m
[09:07] [0m[37;1mSpace flaps :[0m it does mine, not always but randomly[0m
[09:07] [0m[37;1mHsima flaps :[0m have notify on and use prompt >$nl$ and as I said if you're[0m
[09:07] [0m              triggering off > it will not interfere but you're welcome to[0m
[09:07] [0m              assume I'm wrong[0m
[09:08] [0m[37;1mZiphe flaps :[0m nog that's what I use for prompt[0m
[09:08] [0m[34;1mFrank shouts:[0m ^> what's wrong with this now?[0m
[09:09] [0m[37;1mHsima flaps :[0m if your client is super dumb prompt $nl$>$nl$ will correct the[0m
[09:09] [0m              situation described without requiring any other changes[0m
[09:09] [0m[37;1mHsima flaps :[0m ymmv[0m
[09:09] [0m[37;1mSpace flaps :[0m ok i will give it a try[0m
[09:11] [0m[37;1mSpace flaps :[0m oh wait, i have a new idea where i can use notify and not[0m
[09:11] [0m              change prompt, just #gag notify! let it get captured to the[0m
[09:11] [0m              notify window only[0m
[09:12] [0m[37;1mZiphe flaps :[0m if your gag happens before your client processess text that[0m
[09:12] [0m              client is no good lol[0m
[09:12] [0mEnder {Professions}: anyone know offhand transmuter score required for[0m
[09:12] [0m                     cocoon?[0m
[09:13] [0m[37;1mSpace flaps :[0m it wont, not unless i check the "stop further processing" box[0m
[09:13] [0m[37;1mZiphe flaps :[0m interesting[0m
[09:13] [0m Value   | Item[0m
[09:14] [0m[37;1mZiphe flaps :[0m with tintin trigs etc still happen even if something is[0m
[09:14] [0m              gagged. you have to make a higher priority match to nullify[0m
[09:14] [0m              the behavior as well as a gag.[0m
[09:14] [0m[37;1mSpace flaps :[0m 2nd way is, :logins:#SAYPROMPT {%cr%ansi(bold,blue)"["%time(hh[0m
[09:14] [0m              :mm)"]"%ansi(bold,red)"["Arrival"]: "%ansi(bold,grey)%1};#gag[0m
[09:14] [0m[37;1mSpace flaps :[0m so capture 1st, gag after[0m
[09:15] [0m[37;1mSpace flaps :[0m yeah i made those 2 trigs to gag someone on flapchat the other[0m
[09:15] [0m              day using priorities[0m
[09:16] [0mYou can currently reforge 9 items.[0m
[09:22] [0m[34;1mSpace shouts:[0m welcome to THE mob black cat![0m
[09:26] [0m[37;1mScadar flaps :[0m I'm in safe place.[0m
[09:39] [0mYou can currently reforge 1 items.[0m
[09:40] [0m[37;1mScadar flaps :[0m If you like the warmer weather it is supposed to be around[0m
[09:40] [0m               88F for the high here. :D[0m
[09:40] [0m[37;1mChrys flaps :[0m wow[0m
[09:40] [0m[37;1mWhoknows flaps :[0m here is there[0m
[09:40] [0m[37;1mWhoknows flaps :[0m there is not near here[0m
[09:41] [0m[37;1mScadar flaps :[0m Well where is your teleporter?[0m
[09:42] [0m[37;1mScadar flaps :[0m We should demand that the government makes teleporters for us[0m
[09:42] [0m               to use.[0m
[09:42] [0m[37;1mWhoknows flaps :[0m and gov't provides everytime we demand something right?[0m
[09:42] [0m[37;1mChrys flaps :[0m do you want to have two rikers? Cause that's how you get two[0m
[09:42] [0m              rikers!![0m
[09:44] [0m[37;1mChrys flaps :[0m what I want to know is how everyone in star trek isn't fat[0m
[09:44] [0m              because you can literally make any food you want any time and[0m
[09:44] [0m              as much as you want.[0m
[09:44] [0m[37;1mObtuse flaps :[0m there were two Rikers in Star Trek TNG[0m
[09:45] [0m[37;1mChrys flaps :[0m forget earl grey tea, hot, make me shelled king crab legs with[0m
[09:45] [0m              butter.[0m
[09:46] [0m[37;1mScadar flaps :[0m It's all synthisized, it looks and tastes like what you[0m
[09:46] [0m               ordered but isn't really.[0m
[09:46] [0m[37;1mChrys flaps :[0m so you could like have pizza every day? Sign me up![0m
[09:47] [0m[37;1mGaidin flaps :[0m Except it's not exact.  Troi once had to specify she wanted[0m
[09:47] [0m               real chocolate.[0m
[09:48] [0m[37;1mScadar flaps :[0m The items is mostly what you order but not 100%. Health and[0m
[09:48] [0m               safety regulation are put in.[0m
[09:48] [0m[37;1mChrys flaps :[0m I would have to figure out how to hack it to avoid them:) But[0m
[09:48] [0m              actually if they can make any food healthy, I wouldn't have to[0m
[09:48] [0m              I guess.[0m
[09:48] [0m[37;1mObtuse flaps :[0m damn government[0m
[09:50] [0m[31;1m[Clan] Taleast :[0m wow, I actually do a tiny bit of damage in full offensive[0m
[09:50] [0m                 bias[0m
[09:50] [0m[31;1m[Clan] Taleast :[0m getting superheats on a noc2 shadow[0m
[09:51] [0m[37;1mScadar flaps :[0m A family friend's dad was rich from spending years trying to[0m
[09:51] [0m               invent a time machine.[0m
[09:51] [0m[37;1mScadar flaps :[0m It was a government funded program. -.-[0m
[09:52] [0m[37;1mChrys flaps :[0m he's lucky to be alive.[0m
[09:52] [0m[37;1mScadar flaps :[0m He died a few years back.[0m
[09:52] [0m[37;1mChrys flaps :[0m ack......they got him!![0m
[09:52] [0m[37;1mObtuse flaps :[0m you see a body?[0m
[09:52] [0m[37;1mObtuse flaps :[0m maybe he went back in time[0m
[09:52] [0m[37;1mScadar flaps :[0m heh heh[0m
[09:53] [0m[37;1mScadar flaps :[0m There was definitely a body, but was it his?[0m
[09:53] [0m[37;1mChrys flaps :[0m logically time travel is actually impossible, although you[0m
[09:53] [0m              could reconfigure the universe to a previous point in time,[0m
[09:53] [0m              it's not actually time travel.[0m
[09:54] [0m[37;1mEcholoc flaps :[0m pondering what was shown in back to the future 3... "biff"[0m
[09:54] [0m                of the old west was arrested at the end.... what did that[0m
[09:54] [0m                change in the future... are there no movre biffs?[0m
[09:55] [0m[37;1mEcholoc flaps :[0m unanswered because they only showed the tracks with the[0m
[09:55] [0m                crushed car[0m
[09:55] [0m[37;1mChrys flaps :[0m if there wasn't any biff's then the events of BTTF 1 would not[0m
[09:55] [0m              have happened invalidating everything else.[0m
[09:55] [0m[37;1mEcholoc flaps :[0m that is one path[0m
[09:56] [0m[37;1mScadar flaps :[0m If I steal a cookie from the past would that make me want 2[0m
[09:56] [0m               cookies in the future?[0m
[09:57] [0m[37;1mChrys flaps :[0m well in theory one method of time travel is to actually switch[0m
[09:57] [0m              universes, into a universe that is exactly the same as this[0m
[09:57] [0m              one, but slightly behind or ahead in time..in which case, no.[0m
[09:59] [0m[37;1mChrys flaps :[0m I find it very interesting that there is a char named space on[0m
[09:59] [0m              3k, but only on 3s do we find Time.[0m
[10:01] [0m<- ! The Vigilant ! -> :  A destabilization Kayos event has been detected in[0m
[10:01] [0m                          Northern Hills of Fantasy!  We are localizing it[0m
[10:01] [0m                          now - get ready![0m
[10:01] [0m[34;1mWhoknows shouts:[0m Regulators!!! Mount up![0m
[10:08] [0m[37;1mScadar flaps :[0m Kongregate website is dying, less and less people are[0m
[10:08] [0m               playing. :O[0m
[10:08] [0m[37;1mChrys flaps :[0m gamestop sold it awhile ago for a large proffit, but yeah[0m
[10:08] [0m              flash players are dead pretty much[0m
[10:09] [0m[37;1mAka flaps :[0m kongregate and newgrounds were so dope[0m
[10:09] [0m[37;1mChrys flaps :[0m yeah, all the cool kids went there[0m
[10:09] [0m[31;1m[Clan] Boscar leaves the game.[0m  [0m
[10:09] [0m[31;1m[Clan] Byron enters the game.[0m  [0m
[10:10] [0m[31;1m[Clan] Bruce :[0m HI BYRON[0m
[10:10] [0m[31;1m[Clan] Taleast :[0m oh no, fingers go poof?[0m
[10:10] [0m[31;1m[Clan] Byron :[0m i never drank them[0m
[10:10] [0m[31;1m[Clan] Byron :[0m i knew i was gonna pop over[0m
[10:10] [0m[31;1m[Clan] Taleast :[0m oooh[0m
[10:10] [0m[31;1m[Clan] Aka :[0m slay a gardener if you get a chance ;)[0m
[10:10] [0m[31;1m[Clan] Byron :[0m nog, i can[0m
[10:11] [0m[31;1m[Clan] Taleast :[0m careful[0m
[10:11] [0m[31;1m[Clan] Taleast :[0m I remember Terran saying there was no one agro to the pawns[0m
[10:11] [0m                 anymore last night[0m
[10:11] [0m[37;1mScadar flaps :[0m No new games, old games will become stale or non supported[0m
[10:11] [0m               and the site will be flatlined and disappear.[0m
[10:11] [0m[31;1m[Clan] Taleast :[0m not sure how to check that though either[0m
[10:12] [0m[37;1mScadar flaps :[0m Unity player games still work as well as html5 games.[0m
[10:13] [0m[31;1m[Clan] Byron :[0m killin queen[0m
[10:13] [0m[31;1m[Clan] Byron :[0m if you wanna come[0m
[10:13] [0m[31;1m[Clan] Byron :[0m I need rings still[0m
[10:13] [0m[31;1m[Clan] Byron :[0m then I'll pop those potions down[0m
[10:13] [0m[37;1mDangerzone flaps :[0m this about the final nail in flash's coffin?[0m
[10:13] [0m[37;1mWhoknows flaps :[0m wasn't there an EOL issued for end of this year or[0m
[10:13] [0m                 something?[0m
[10:14] [0m[37;1mChrys flaps :[0m I can't even run flashgames on my comp anymore, it stopped a[0m
[10:14] [0m              month ago or so[0m
[10:15] [0m[37;1mDangerzone flaps :[0m idk, but isn't it about time flash died? HTML5 was the[0m
[10:15] [0m                   promised replacement[0m
[10:16] [0m[37;1mByron flaps :[0m flash is dead[0m
[10:16] [0mYou can currently reforge 5 items.[0m
[10:16] [0m[31;1m[Clan] Saim :[0m any help with beloch?[0m
[10:16] [0m[37;1mByron flaps :[0m try to find a browser that will play flash heh[0m
[10:16] [0m[37;1mChrys flaps :[0m I think netflix has all the episodes[0m
[10:16] [0m[34;1mEcholoc shouts:[0m you are a looney[0m
[10:16] [0m[37;1mScadar flaps :[0m Firefox seems to not support it very well.[0m
[10:17] [0m[37;1mSaim flaps :[0m beloch anyone?[0m
[10:17] [0m[37;1mBliss flaps :[0m I can hit[0m
[10:17] [0m[37;1mSaim flaps :[0m i here[0m
[10:17] [0m[32;1mFrom afar, you nog at Saim.[0m[0m
[10:17] [0m[37;1mBliss flaps :[0m I need FINGERSSSS[0m
[10:17] [0m[31;1m[Clan] Blutash enters the game.[0m  [0m
[10:17] [0m[37;1mBliss flaps :[0m preciouss[0m
[10:17] [0m[37;1mByron flaps :[0m I don't think it suports it at all[0m
[10:17] [0m[37;1mChrys flaps :[0m I scared[0m
[10:18] [0m[31;1m[Clan] Dangerzone :[0m damn 1.5 hrs on refresh room cd[0m
[10:19] [0m[32mYou say:[0m rally[0m
[10:19] [0m[32mSaim says:[0m pq[0m
[10:19] [0m[32mSaim tells you:[0m pq[0m
[10:19] [0m[32mYou say:[0m nvm i uh need dz on party[0m
[10:21] [0m[37;1mScadar flaps :[0m No more Mastermind :O[0m
[10:24] [0m[37;1mScadar flaps :[0m I want "Press the Button" on mobile app. xD[0m
[10:24] [0m[32mYou say:[0m refreshing 1st?[0m
[10:24] [0m[31;1m[Clan] Byron :[0m got the right gardener woo[0m
[10:24] [0m[37;1mScadar flaps :[0m Whip those button pressing goblin slaves into shape![0m
[10:26] [0m[32mYou say:[0m energy immune?[0m
[10:28] [0m[31;1m[Clan] Byron :[0m lol you attacked the wrong one[0m
[10:29] [0m[31;1m[Clan] Byron :[0m lololol[0m
[10:29] [0m[37;1mScadar flaps :[0m supernova sfw is supposed to bypass chrome's anti flash player setup[0m
[10:29] [0m[31;1m[Clan] Byron :[0m who wants to see him die again?[0m
[10:29] [0m[31;1m[Clan] Aka :[0m i'll just stay here[0m
[10:29] [0m[31;1m[Clan] Aka :[0m lol[0m
[10:29] [0m[31;1m[Clan] Byron :[0m Dont make me bring you back :P[0m
[10:30] [0m[31;1m[Clan] Byron :[0m res'd you without the teleport this time[0m
[10:30] [0m[31;1m[Clan] Byron :[0m did you cassist?[0m
[10:30] [0m[31;1m[Clan] Byron :[0m or attack gardener[0m
[10:30] [0m[31;1m[Clan] Byron :[0m i think you hit the wrong one[0m
[10:30] [0m[31;1m[Clan] Aka :[0m no haha i typed autokill meaning autokill myself[0m
[10:30] [0m[31;1m[Clan] Byron :[0m laf[0m
[10:30] [0m[31;1m[Clan] Byron :[0m that'll do it[0m
[10:30] [0m[31;1m[Clan] Byron :[0m but that other one hates you now[0m
[10:30] [0m[31;1m[Clan] Byron :[0m so if we're gonna slide queen[0m
[10:30] [0m[31;1m[Clan] Aka :[0m scary[0m
[10:30] [0m[31;1m[Clan] Byron :[0m gotta del w it[0m
[10:31] [0m[37;1mScadar flaps :[0m The issue is the cache doesn't save in chrome.[0m
[10:31] [0m[32mBliss says:[0m mycorpse:corpse0666kutx[0m
[10:31] [0m[37;1m[JEDI]:[0m Tobias Kel'ach'nar arrives at the Academy.[0m
[10:32] [0m[31;1m[Clan] Aka :[0m farts i forgot i duped a mask, anyone have an extra dupe?[0m
[10:32] [0m[31;1m[Clan] Taleast :[0m sorry, I hve sucky level 4, still hasn't reset[0m
[10:33] [0m[32mVoodoo says:[0m one more![0m
[10:33] [0m[32mYou say:[0m refreshing![0m
[10:34] [0m[32mYou say:[0m may i[0m
[10:35] [0m[32;1mAka says 'yo'.[0m[0m
[10:36] [0m[31;1m[Clan] Byron :[0m got the hoe[0m
[10:36] [0m[31;1m[Clan] Byron :[0m killin another queen[0m
[10:37] [0m[32mBliss says:[0m this was quick[0m
[10:40] [0m[31;1m[Clan] Byron :[0m What do you want duped?[0m
[10:40] [0m[31;1m[Clan] Byron :[0m martyr or toren might eb able to dupe it[0m
[10:42] [0m[32mSaim tells you (Roken,Voodoo):[0m u guys need pots?[0m
[10:43] [0m[31;1m[Clan] Aka :[0m sorry came to slide some belochs before resets![0m
[10:43] [0m[31;1m[Clan] Aka :[0m i was gonna dupe that auro shield on ahouse and put it back[0m
[10:43] [0m[31;1m[Clan] Aka :[0m i've got (refresh room for queen and slides when they reset[0m
[10:44] [0m[32mYou tell Saim:[0m yes, used 1 refresh on beloch. 2nd refresh in a ~hr[0m
[10:44] [0m[32mSaim tells you:[0m voodoo refreshing next, take that pot[0m
[10:44] [0m[31;1m[Clan] Aka :[0m esp if that second gardener isn't still mad at me haha[0m
[10:45] [0m[31;1m[Clan] Byron :[0m prolly still hates you[0m
[10:45] [0m[37;1mScadar flaps :[0m Is there a new windows OS? Looks like windows 10 is running out of time to be[0m
[10:45] [0m               supported.[0m
[10:45] [0m[32mSaim says:[0m voodoo?[0m
[10:46] [0m[32mVoodoo says:[0m done[0m
[10:46] [0m[37;1mNauda flaps :[0m zombie reset[0m
[10:46] [0m[32mSaim tells you:[0m this is your pot[0m
[10:46] [0mYou whisper to Bliss: zombieeeee                                                               [0m
[10:47] [0mYou whisper to Saim: thank you                                                                 [0m
[10:47] [0m[31;1m[Clan] Aka :[0m i shouldn't have returned the shield lmao i should have just kept it for 11 coins[0m
[10:47] [0m             like someone else is going to[0m
[10:48] [0m[31;1m[Clan] Taleast :[0m actually Terran had a really smart idea for Syreth[0m
[10:49] [0m[31;1m[Clan] Taleast :[0m (heal for Syreth's mage, Sorin[0m
[10:49] [0m[31;1m[Clan] Taleast :[0m 2 other clan members with max (heal could give him a full sp heal every 3.33[0m
[10:49] [0m                 minutes[0m
[10:49] [0m[31;1m[Clan] Byron :[0m yeah[0m
[10:49] [0m[31;1m[Clan] Byron :[0m (heal is INSANE for mages[0m
[10:49] [0m[31;1m[Clan] Byron :[0m it's how Nix flew through amges[0m
[10:49] [0m[31;1m[Clan] Byron :[0m they went and nerfed red dagger thinking that was how he did it[0m
[10:50] [0m[31;1m[Clan] Byron :[0m it was actually (heal giving him 15k SPs every 10 mins[0m
[10:50] [0m[31;1m[Clan] Taleast :[0m of course Nix can't help, he's too busy with his new Moving service[0m
[10:50] [0m[31;1m[Clan] Byron :[0m and his spells costing like 40sp to cast[0m
[10:50] [0m[32mSaim says:[0m thanks - think its done[0m
[10:51] [0m[32mSaim tells you:[0m pot on you[0m
[10:51] [0m[31;1m[Clan] Taleast :[0m actually, good question, guessing you don't get a free stat reset when you get[0m
[10:51] [0m                 clone vaf[0m
[10:51] [0m[31;1m[Clan] Byron :[0m hoe in cbox[0m
[10:51] [0m[31;1m[Clan] Byron :[0m dunno, you might[0m
[10:52] [0mYou can currently reforge 5 items.[0m
[10:52] [0m[31;1m[Clan] Byron leaves the game.[0m  [0m
[10:52] [0m[31;1m[Clan] Martyr enters the game.[0m  [0m
[10:53] [0m[31;1m[Clan] Taleast :[0m guess I'd only lose 8b, but that's 8 BILLION[0m
[10:57] [0m[31;1m[Clan] Martyr :[0m auro in cbox[0m
[10:58] [0m[31;1m[Clan] Martyr leaves the game.[0m  [0m
[10:58] [0m[31;1m[Clan] Byron enters the game.[0m  [0m
[10:59] [0m[31;1m[Clan] Byron :[0m you lose your xp put into (powers[0m
[10:59] [0m[31;1m[Clan] Byron :[0m so, if you're gonne clone[0m
[10:59] [0m Value   | Item[0m
[10:59] [0m[31;1m[Clan] Byron :[0m unlearn some powers[0m
[11:01] [0m[31;1m[Clan] Byron :[0m also, my shit is in the crafting box whiel i'm popping[0m
[11:01] [0m               between toons, dont rob me :P[0m
[11:01] [0mMeteorwind <Craft>: I don't want to craft ... I want to be a LUMBERJACK!![0m
[11:02] [0m[37;1mMeteorwind flaps :[0m Can't decide on a guild, dangit.[0m
[11:03] [0m[31;1m[Clan] Byron :[0m I got a dupe I think on Toren too if anyone wants a dupe[0m
[11:03] [0m[31;1m[Clan] Byron :[0m Before I go back to the hardcore life[0m
[11:03] [0m[31;1m[Clan] Byron :[0m also, refreshes on all my toons i think should be available[0m
[11:03] [0m[31;1m[Clan] Byron :[0m and reset dungeon[0m
[11:03] [0m[31;1m[Clan] Byron :[0m hoping I can xmute that spirit bplate w/ oscr[0m
[11:04] [0m[31;1m[Clan] Byron :[0m that would be super sexy[0m
[11:06] [0m[31;1m[Clan] Byron leaves the game.[0m  [0m
[11:06] [0m[31;1m[Clan] Oscar enters the game.[0m  [0m
[11:07] [0m[31;1m[Clan] Oscar :[0m woooooooo, xmuted it[0m
[11:07] [0m[31;1m[Clan] Oscar :[0m sick[0m
[11:07] [0m[31;1m[Clan] Oscar :[0m wtf is tuba doin, still hasn't duped that shield[0m
[11:07] [0m[31;1m[Clan] Oscar :[0m i was gonna dupe it again[0m
[11:08] [0m[31;1m[Clan] Saim :[0m whats the deal with xmute and cocoons?[0m
[11:08] [0m[31;1m[Clan] Oscar :[0m need to be like lvl 80 or 90 or something[0m
[11:08] [0m[31;1m[Clan] Oscar :[0m that i'm not[0m
[11:08] [0m[31;1m[Clan] Saim :[0m oh thats it?[0m
[11:08] [0m[31;1m[Clan] Saim :[0m nod[0m
[11:08] [0m[31;1m[Clan] Aka :[0m tuba thought he got a great deal on an auro shield[0m
[11:08] [0m[31;1m[Clan] Taleast :[0m 77 or 78 for cocoon[0m
[11:08] [0m[31;1m[Clan] Oscar :[0m nfi what lvl it is[0m
[11:08] [0m[31;1m[Clan] Oscar :[0m could be 100[0m
[11:08] [0m[31;1m[Clan] Oscar :[0m oh sweet, i'm almsot there then[0m
[11:08] [0m Value   | Item[0m
[11:08] [0m[31;1m[Clan] Oscar :[0m 74[0m
[11:08] [0m[31;1m[Clan] Oscar leaves the game.[0m  [0m
[11:09] [0m[31;1m[Clan] Toren enters the game.[0m  [0m
[11:10] [0m[31;1m[Clan] Toren :[0m dupe not up on this guy, so just oscar has 1[0m
[11:10] [0m[31;1m[Clan] Toren leaves the game.[0m  [0m
[11:10] [0m[31;1m[Clan] Boscar enters the game.[0m  [0m
[11:17] [0m[31;1m[Clan] Boscar :[0m 2 rohs in[0m
[11:19] [0m[37;1mWhoknows flaps :[0m adventurer ftw[0m
[11:19] [1;37;40m set to 1 hour Idle Timeout
[11:19] [0m[37;1mMeteorwind flaps :[0m Epic bs adventurer![0m
[11:22] [0m[35;1mLicklick [Jedi(65)]:[0m I wonder at what glvl you could have all skills maxed[0m
[11:23] [0m[35;1mLicklick [Jedi(65)]:[0m would it be 180?[0m
[11:23] [0m[34;1mPrism shouts:[0m Hi![0m
[11:23] [0m[34;1mChrys shouts:[0m Very Hi!![0m
[11:23] [0m[35;1mKsemia [Jedi(Master)]:[0m could do the math, but feeling pretty lazy...  ;)[0m
[11:24] [0m[35;1mLicklick [Jedi(65)]:[0m I know its about glvl 70 if you didnt AT[0m
[11:26] [0m[37;1mInvincible flaps :[0m anyone seen portal?[0m
[11:26] [0m[37;1mWhoknows flaps :[0m to?[0m
[11:26] [0m[37;1mJavelin flaps :[0m anthole w/3s, ice[0m
[11:27] [0m[37;1mChrys flaps :[0m s/all w/n/3w from cot[0m
[11:27] [0m[37;1mWhoknows flaps :[0m lol[0m
[11:28] [0m[35;1mLicklick [Jedi(65)]:[0m so about glvl 120 something with my math[0m
[11:29] [0m[31;1m[Clan] Boscar :[0m is vorpal blade 100wc?[0m
[11:29] [0m[31;1m[Clan] Prism :[0m I thought so? or 95? somethin like that[0m
[11:32] [0m[35;1mLicklick [Jedi(65)]:[0m so I wonder if gxp>xp long term, the time to get there while gxping would[0m
[11:32] [0m                     get a signifacant amount of xp?[0m
[11:33] [0m[35;1mWert [Jedi(Master)]:[0m xp > all :P[0m
[11:33] [0m[35;1mLicklick [Jedi(65)]:[0m but after you have max con, dex, and wis theres like no point[0m
[11:33] [0m[35;1mWert [Jedi(Master)]:[0m powers and +hp[0m
[11:34] [0m[35;1mWert [Jedi(Master)]:[0m you think just maxxing con is enough hp?[0m
[11:34] [0m[35;1mWert [Jedi(Master)]:[0m i need like 400bil in +hp still to tank good[0m
[11:34] [0m[35;1mLicklick [Jedi(65)]:[0m Yeah, id get more fdef after that instead, thats better[0m
[11:35] [0m[35;1mWert [Jedi(Master)]:[0m think as you want :)[0m
[11:35] [0m[35;1mWert [Jedi(Master)]:[0m not like anyone is not getting fdef, it just comes slow and naturally easy[0m
[11:35] [0m                     to get[0m
[11:35] [0m[37;1m[JEDI]:[0m Bithoff Jonansaan arrives at the Academy.[0m
[11:36] [0m[35;1mWert [Jedi(Master)]:[0m not like tanking dozen mobs is better fdef xp, its either you get fdef xp[0m
[11:36] [0m                     cause you blocked something or you dont every round[0m
[11:36] [0m[35;1mLicklick [Jedi(65)]:[0m id rather have another 10 fdef lvls than 100 lvls[0m
[11:36] [0m[35;1mLicklick [Jedi(65)]:[0m but smaller golems on flurry give more than guide on zombies or chess[0m
[11:39] [0m[35;1mLicklick [Jedi(65)]:[0m I could go 100 rounds and succesfully deflect each round or go to max[0m
[11:39] [0m                     zombie and half deflect or not deflect[0m
[11:44] [0m[35;1mWert [Jedi(Master)]:[0m im currently choosing xp with 0 fdef as i have for last 5 hours of combat[0m
[11:46] [0m[35;1mLicklick [Jedi(65)]:[0m I do both, when im working, gxping, when im at home, xp[0m
[12:01] [0m[37;1m[JEDI]:[0m Reena Bel Noir arrives at the Academy.[0m
[12:07] [0m[34;1mNauda shouts:[0m Happy Birthday Covid19[0m
[12:08] [0m[34;1mVolt shouts:[0m You failed your first year.  try harder[0m
[12:09] [0m[31;1m[Clan] Prism :[0m how are you all doing today[0m
[12:09] [0m[31;1m[Clan] Boscar :[0m good, yourself?[0m
[12:10] [0m[31;1m[Clan] Prism :[0m tired but I'm ok. Doggo kept waking me up barking cuz he wants out of the kennel[0m
[12:10] [0m               :P[0m
[12:10] [0m[34;1mSpace shouts:[0m failed? brought about the downfall of a demagogue i'd say 'Mission Accomplished'[0m
[12:16] [0m[31;1m[Clan] Taleast :[0m flash him or something, he won't want to come out[0m
[12:16] [0m[31;1m[Clan] Prism :[0m You assume that what I'm working with is repulsive[0m
[12:16] [0m[31;1m[Clan] Taleast :[0m I'm sorry, you're right, you're doggo jailbait[0m
[12:17] [0m[31;1m[Clan] Prism :[0m We all have our talents[0m
[12:17] [0m[35;1mPlisken [Jedi(28)]:[0m laf, what are you doing in lvl 4 aegis Sally??? :)[0m
[12:17] [0m[31;1m[Clan] Taleast :[0m :P[0m
[12:17] [0m[31;1m[Clan] Taleast :[0m I knew we did the right thing inviting you, you feel like family[0m
[12:17] [0m[31;1m[Clan] Taleast :[0m I mean, not 'that' way, but otherwise[0m
[12:18] [0m[31;1m[Clan] Prism :[0m How do I leave the clan?[0m
[12:18] [0m[31;1m[Clan] Taleast :[0m laf[0m
[12:19] [0m[31;1m[Clan] Taleast :[0m line to the left, one cross each[0m
[12:20] [0m[31;1m[Clan] Taleast :[0m :Tori Amos plays in the background:[0m
[12:20] [0m[34;1mPrism shouts:[0m TEADS[0m
[12:30] [0m[37;1m[JEDI]:[0m Durnoth arrives at the Academy.[0m
[12:31] [0m[35;1mSally [Jedi(61)]:[0m gold hunting[0m
[12:32] [0m[35;1mPlisken [Jedi(28)]:[0m ahh... ok[0m
[12:32] [0m[35;1mSally [Jedi(61)]:[0m back at guild -- lvl 6 all yours[0m
[12:34] [0m[34;1mAka shouts:[0m beauty in simplicity[0m
[12:47] [0m[37;1mMeteorwind flaps :[0m Are bladesingers any good?[0m
[12:47] [0m[37;1mWhoknows flaps :[0m so much their abbrv is BS[0m
[12:49] [0m[37;1mMeteorwind flaps :[0m Where is the psicorp guild?[0m
[12:50] [0m[37;1mRhyson flaps :[0m Easy, just fold reality.....[0m
[12:50] [0m[37;1mMeteorwind flaps :[0m Ok I'll fold space...er oops.[0m
[12:52] [0m[37;1mMeteorwind flaps :[0m Do bards still suck? Tiro says they do.[0m
[12:55] [0m[37;1mWhoknows flaps :[0m when a bard sucks, an adventurer spits[0m
[12:56] [0m[37;1mMeteorwind flaps :[0m psicorpse[0m
[12:56] [0m[37;1m[JEDI]:[0m Janath Meelin arrives at the Academy.[0m
[12:59] [0mYou can currently reforge 5 items.[0m
[13:07] [0m[37;1mTaleast flaps :[0m if someone with experience with the clone bonus from vaf[0m
[13:07] [0m                drive has a moment, curious how stats are handled.[0m
[13:07] [0m                Specifically if it matters what gswap you're on when it[0m
[13:07] [0m                happens for stats or if there's a free stat reset, etc.[0m
[13:09] [0m[37;1mDecav flaps :[0m has it ever been considered to "merge" two chars as a vaf? like if i really enjoy[0m
[13:09] [0m              an alt but want to absorb my main's xp/prof xp/whatever else, that would be kinda[0m
[13:09] [0m              cool[0m
[13:10] [0m[37;1mEllegon flaps :[0m lol[0m
[13:10] [0m[37;1mTaleast flaps :[0m two men enter, one man leaves[0m
[13:10] [0m[37;1mEllegon flaps :[0m you want tk[0m
[13:10] [0m[37;1mTaleast flaps :[0m vaf dome[0m
[13:10] [0m[35;1mShadearth [Jedi(46)]:[0m id say turnhold, adalias and probably frank[0m
[13:10] [0m[35;1mSaim [Jedi(Elder)]:[0m frank, TH, adalius[0m
[13:10] [0m[35;1mSaim [Jedi(Elder)]:[0m imo[0m
[13:10] [0m[37;1mDecav flaps :[0m haha, highlander vaf[0m
[13:10] [0m[37;1mDecav flaps :[0m .. in reverse[0m
[13:10] [0m[37;1mEllegon flaps :[0m you want to.. enter yourself?[0m
[13:10] [0m[35;1mEnder [Jedi(Knight)]:[0m i was gonna say not including adalus[0m
[13:10] [0m[37;1mAlassra flaps :[0m sounds like a changeling power[0m
[13:10] [0m[37;1mAlassra flaps :[0m or something Gentech would do[0m
[13:10] [0m[35;1mEnder [Jedi(Knight)]:[0m gonna buy giftcards. Maybe i'll just give ada 2x[0m
[13:10] [0m[37;1mTaleast flaps :[0m :puts on clown makeup: this feels kind of funny[0m
[13:11] [0m[37;1mAlassra flaps :[0m do "experiments" on their clone[0m
[13:11] [0m[37;1mDecav flaps :[0m and for a LOT of money, secretly absorb someone elses player object while we're at[0m
[13:11] [0m              it[0m
[13:11] [0m[37;1mEllegon flaps :[0m uh huh... i saw apocalypse "experimenting" with his clone... the clone killed[0m
[13:11] [0m                itself.[0m
[13:11] [0m[37;1mAlassra flaps :[0m are you sure it was the clone that killed itself?[0m
[13:11] [0m[37;1mTaleast flaps :[0m if it's a clone it's not like you're cheating, and you've known them all their[0m
[13:11] [0m                lives, know so much about them, their serial# etc[0m
[13:12] [0m[37;1mAlassra flaps :[0m Question for anyone who bought a clone though: can you choose to make the clone[0m
[13:12] [0m                at a later date?  Since it seems like you don't keep your Eternals powers, it[0m
[13:12] [0m                sounds like you want to store up xp/unlearn powers before cloning.[0m
[13:13] [0m[37;1mEllegon flaps :[0m holy crap. is that why it keepsnsaying" apocalypse 3.0 says"[0m
[13:14] [0m[37;1mAlassra flaps :[0m At this point, Gentech probably all think they're the original but really have[0m
[13:14] [0m                no idea.[0m
[13:15] [0m[37;1mWert flaps :[0m clone takeover!!! as a jedi we want them all gone before they turn on us[0m
[13:15] [0m[37;1mWert flaps :[0m bad history with clones :([0m
[13:15] [0m[37;1mAlassra flaps :[0m they're all the Spider-man pointing fingers at each other meme[0m
[13:16] [0m[37;1mKsemia flaps :[0m on tonight's News-On-Nine: is this clone VAF just an advaced plot to execute[0m
[13:16] [0m               Order 66[0m
[13:16] [0m[37;1mAlassra flaps :[0m you should be fine if you're a Dark sider[0m
[13:16] [0m[37;1mWert flaps :[0m so like the 3 of em...[0m
[13:17] [0m[37;1mAlassra flaps :[0m they got in early on the ground floor of the Empire[0m
[13:17] [0m[37;1mEllegon flaps :[0m Order 66 was executed. i think we're up to Order 69[0m
[13:17] [0m[37;1mObtuse flaps :[0m nice[0m
[13:18] [0m[37;1mKsemia flaps :[0m I call a Twi'lek[0m
[13:19] [0m[37;1m[JEDI]:[0m Herah Wylann arrives at the Academy.[0m
[13:22] [0mYou can currently reforge 5 items.[0m
[13:23] [0m[37;1mTaleast flaps :[0m someone who's gotten it before said clean slate, same level,[0m
[13:23] [0m                otherwise basic adventurer with no stats allocated[0m
[13:23] [0m[37;1mKillergate flaps :[0m I shall be unnamed[0m
[13:23] [0m[37;1mTaleast flaps :[0m oh, I've been allowed to say his name, Killergate gave the[0m
[13:23] [0m                info, thanks again Killergate![0m
[13:23] [0m[37;1mTaleast flaps :[0m laf[0m
[13:29] [0m[31;1m[Clan] Taleast :[0m come on though... does it really take explaining from[0m
[13:29] [0m                 someone before you ask questions? You could even buy it[0m
[13:29] [0m                 first, then ask questions in case it really is just your[0m
[13:29] [0m                 lucky day[0m
[13:29] [0m[31;1m[Clan] Taleast :[0m I'm not that bright and I'd ask[0m
[13:44] [0mYou can currently reforge 7 items.[0m
[13:46] [0m[31;1m[Clan] Taleast :[0m yeah, I'm eyeing that december 7th boot I think[0m
[13:46] [0m[31;1m[Clan] Taleast :[0m dupe item, reset the xp, initiate the clone request and[0m
[13:46] [0m                 even if it takes them a week+ to get to you, probably won't[0m
[13:46] [0m                 miss out on dupes for a boot[0m
[13:47] [0m[31;1m[Clan] Taleast :[0m now I'm definitely definitely focusing on Tal[0m
[14:03] [0m[31;1m[Clan] Prism :[0m Tal has higher lsupp than me![0m
[14:03] [0m[31;1m[Clan] Taleast :[0m :D[0m
[14:03] [0m[31;1m[Clan] Taleast :[0m between it and higher damage phases I think I might be able[0m
[14:03] [0m                 to handle scaler 110, checking the difference[0m
[14:03] [0m[31;1m[Clan] Prism :[0m scaler 110 golems?[0m
[14:04] [0m[31;1m[Clan] Taleast :[0m yeah[0m
[14:04] [0m[31;1m[Clan] Taleast :[0m already have a 4m bk[0m
[14:12] [0m[32mYou say:[0m SHAMA RAMA!  BIGGIE BIGGIE OH SO BIGGIE!  KLAMA RAMA RINGADINGADINGIEDING![0m
[14:13] [0mYou can currently reforge 7 items.[0m
[14:14] [0mYou can currently reforge 7 items.[0m
[14:14] [0m[32mArmadillo says: [0mCars and trucks may squish us, but we'll be back for more![0m
[14:22] [0m[37;1m[JEDI]:[0m Talia Ska arrives at the Academy.[0m
[14:24] [0m[31;1m[Clan] Taleast :[0m damn so close, if I had another surge level or had some RoH I'd probably be[0m
[14:24] [0m                 good[0m
[14:24] [0m[31;1m[Clan] Prism :[0m gotta raise your maverik still[0m
[14:25] [0m[31;1m[Clan] Boscar :[0m i put 2 rohs in box[0m
[14:25] [0m[31;1m[Clan] Taleast :[0m I didn't see any[0m
[14:25] [0m[31;1m[Clan] Prism :[0m I stole one :([0m
[14:25] [0m[31;1m[Clan] Boscar :[0m slowpoke[0m
[14:25] [0m[31;1m[Clan] Taleast :[0m hot commodity[0m
[14:25] [0mYou can currently reforge 7 items.[0m
[14:25] [0m[31;1m[Clan] Taleast :[0m I had one from yesterday from my slide, figured I'd give[0m
[14:25] [0m                 others a chance[0m
[14:26] [0m[31;1m[Clan] Boscar :[0m can't leave food on the plate round these savages[0m
[14:26] [0m[31;1m[Clan] Prism :[0m haha[0m
[14:33] [0mYour transmuter's stone bursts with 4 new colours![0m
[14:37] [0mYou can currently reforge 7 items.[0m
[14:45] [0m[34;1mFlaxen shouts:[0m x[0m
[14:46] [0m[34;1mWhoknows shouts:[0m y[0m
[14:46] [0m[34;1mPrism shouts:[0m z[0m
[14:46] [0m[34;1mFlaxen shouts:[0m bots[0m
[14:46] [0m[34;1mWhoknows shouts:[0m unite![0m
[14:46] [0m[34;1mEllegon shouts:[0m mount up[0m
[14:46] [0m[34;1mAl shouts:[0m pots[0m
[14:47] [0m[34;1mEcholoc shouts:[0m ROH![0m
[14:48] [0m[31;1m[Clan] Prism :[0m should I buy a 10% auro for 200k?[0m
[14:49] [0m[31;1m[Clan] Prism :[0m CRAP SOMEONE BOUGHT IT[0m
[14:51] [0m[31;1m[Clan] Taleast :[0m I just explained this! Buy first, then ask questions![0m
[14:51] [0m[31;1m[Clan] Taleast :[0m laf[0m
[14:51] [0m[31;1m[Clan] Taleast :[0m joking[0m
[14:52] [0mYou can currently reforge 5 items.[0m
[14:52] [0mYou can currently reforge 3 items.[0m
[14:53] [0m[31;1m[Clan] Dangerzone :[0m still brunning[0m
[14:53] [0m[31;1m[Clan] Dangerzone :[0m want an axe but need a weapon[0m
[14:57] [0mDangerzone <.oO>: may I please dupe the OG axe?[0m
[14:58] [0m[32;1mFrom afar, Voodoo nods to you.[0m[0m
[14:59] [0m[32mVoodoo tells you:[0m at ss with redaxe[0m
[14:59] [0m[32mYou say:[0m hi voodoo, ill dupe for dz[0m
[15:00] [0m[37;1mRoken <.oO>:[0m thank you, thank you voodoo, now put your pants back on[0m
[15:02] [0mYou can currently reforge 3 items.[0m
[15:02] [0m[31;1m[Clan] Dangerzone :[0m hope voodoo didn't mind me jumping on inside joke[0m
[15:02] [0m                    bandwagon[0m
[15:03] [0m[31;1m[Clan] Dangerzone :[0m how did that get started? an OMP?[0m
[15:05] [0m[31;1m[Clan] Boscar :[0m huh[0m
[15:05] [0m[31;1m[Clan] Dangerzone :[0m no pants jokes. Did he come to an OMP in in PJs?[0m
[15:09] [0m[31;1m[Clan] Prism :[0m tal, saved to zombies?[0m
[15:09] [0m[31;1m[Clan] Taleast :[0m nope[0m
[15:09] [0m[31;1m[Clan] Prism :[0m come[0m
[15:10] [0m[31;1m[Clan] Taleast :[0m :starts breathing hard:[0m
[15:10] [0mYou can currently reforge 7 items.[0m
[15:13] [0m[31;1m[Clan] Boscar :[0m nfi, voodoo and the pants thing is as old as 3k[0m
[15:13] [0m[31;1m[Clan] Prism :[0m its about as funny as the its not my fault damnit thing[0m
[15:17] [0m[32mYou tell Voodoo:[0m how did the no pants gig start?[0m
[15:26] [0m[34;1mChrys shouts:[0m he did that with just a rubber band and a rubber duck!![0m
[15:31] [0m[32mVoodoo tells you:[0m kinda like blame maverik[0m
[15:33] [0m[34;1mTony shouts:[0m 14 day boot?  i'm on lockdown with nothing to do   :'([0m
[15:41] [0m[31;1m[Clan] Xaro leaves the game.[0m  [0m
[16:08] [0m[34;1mFlaxen shouts:[0m LACK OF RIGOUR[0m
[16:08] [0m[34;1mChrys shouts:[0m you just need more tis.[0m
[16:09] [0m[34;1mFlaxen shouts:[0m can't get too many tis[0m
[16:10] [0mYou can currently reforge 11 items.[0m
[16:12] [0m[34;1mFlaxen shouts:[0m how do you pronounce "Leigh"[0m
[16:14] [0m[34;1mObtuse shouts:[0m like "Lee" it's just the feminine spelling[0m
[16:19] [0m[34;1mWhoknows shouts:[0m not lay?[0m
[16:19] [0m[34;1mZiphe shouts:[0m gghh[0m
[16:19] [0m[34;1mChrys shouts:[0m there's always time for a good lay[0m
[16:22] [0m[34;1mFlaxen shouts:[0m so everyone here is pronouncing it as Lee-ah[0m
[16:22] [0m[34;1mFlaxen shouts:[0m but no, it's leigh[0m
[16:23] [0m[34;1mFlaxen shouts:[0m er, lee[0m
[16:23] [0m[34;1mFlaxen shouts:[0m i don't get lee-ah[0m
[16:23] [0m[34;1mAl shouts:[0m its pronounced "Your Mom"[0m
[16:23] [0m[34;1mStasis shouts:[0m lie, lay, or lee[0m
[16:23] [0m[34;1mAl shouts:[0m as in, "Your mom is a good Leigh"[0m
[16:24] [0m[34;1mStasis shouts:[0m rhymes with sleigh heh[0m
[16:26] [0m[34;1mFlaxen shouts:[0m k thanks[0m
[16:46] [0mYou can currently reforge 0 items.[0m
[16:53] [0m[37;1mHooligan flaps :[0m zombie reset incoming 90 seconds[0m
[16:57] [0m[34;1mHooligan shouts:[0m last call for zombies![0m
[16:57] [0m[37;1mMeteorwind flaps :[0m I am not the psicorp you are looking for. Move along.[0m
[16:58] [0m[34;1mHooligan shouts:[0m reset complete. we now return you to your regularly[0m
[16:58] [0m                 scheduled botting[0m
[16:59] [0m[37;1mChrys flaps :[0m beedip beedip[0m
[17:05] [0m[37;1mMeteorwind flaps :[0m Don't play leapfrog with a unicorn.[0m
[17:10] [0mYou can currently reforge 4 items.[0m
[17:31] [0m[37;1mMeteorwind flaps :[0m fold space[0m
[17:45] [0m[37;1mMeteorwind flaps :[0m Hmm maybe I will watch a couple sci fi movies tonight.[0m
[17:45] [0m                   Still working on the 10 movie set.[0m
[17:45] [0m[37;1mChrys flaps :[0m i'm rewatching all of the office currently:)[0m
[17:45] [0m[37;1mMeteorwind flaps :[0m Ugh, not the first season. xP[0m
[17:46] [0m[37;1mEcholoc flaps :[0m been working on ncis for the past few years[0m
[17:49] [0m[37;1mChrys flaps :[0m the first season was hard, but luckily i'm almost done with[0m
[17:49] [0m              season 2 already and it's good now.[0m
[17:51] [0m[37;1mChrys flaps :[0m some day i'll die to a zombie and comfort myself before I[0m
[17:51] [0m              realize it was me.[0m
[17:52] [0m[37;1mMeteorwind flaps :[0m It's not me it's you.[0m
[18:05] [0m[34;1mAl shouts:[0m Mickey and the Roadster Racers![0m
[18:10] [0m[37;1mMeteorwind flaps :[0m Next up: Paycheck[0m
[18:10] [0m[37;1mMeteorwind flaps :[0m I never even heard of this one, probably a doozy.[0m
[18:11] [0mYou can currently reforge 8 items.[0m
[18:13] [0m[37;1mMeteorwind flaps :[0m Get A-Life.[0m
[18:19] [0mGumby <.oO>: you go girl, shake that eexxp![0m
[18:19] [0mXiu <.oO>: woo, go get 'em tiger[0m
[18:19] [0mTony <.oO>: hehe, thanks[0m
[18:22] [0mGumby <.oO>: that all you got, mage boi?[0m
[18:22] [0m[37;1mMeteorwind flaps :[0m Interesting, using technology to 'forget' unwanted[0m
[18:22] [0m                   memories.[0m
[18:23] [0m[37;1mTaleast flaps :[0m I love that Jim Carey movie[0m
[18:23] [0m[37;1mMeteorwind flaps :[0m This one is called Paycheck.[0m
[18:24] [0m[37;1mTaleast flaps :[0m I think that's what he calls most his movies these days[0m
[18:24] [0m[37;1mMeteorwind flaps :[0m Probably.[0m
[18:25] [0m[34;1mSpace shouts:[0m String2 dup at ss for the next 60 sec[0m
[18:26] [0m[34;1mInquisitor shouts:[0m Aiyeee, I ain't got no dupe![0m
[18:26] [0m[37;1mMeteorwind flaps :[0m There are some memories I'd like to erase...[0m
[18:26] [0m[34;1mSpace shouts:[0m plus i dont think you have tag atm, so you'd be wasting a dup[0m
[18:26] [0m              if you had it up[0m
[18:27] [0m[34;1mSpace shouts:[0m string2 dup shop closed[0m
[18:29] [0m[37;1mMeteorwind flaps :[0m lol fake helicopter scene[0m
[18:50] [0m[37;1mEnder flaps :[0m anyone rember the move the gods must be crazy?[0m
[18:50] [0m[37;1mEcholoc flaps :[0m yes[0m
[18:51] [0m[37;1mMeteorwind flaps :[0m Yes, but don't smother the baby to keep the dingos away.[0m
[18:51] [0m[37;1mEcholoc flaps :[0m havock caused by a coke bottle[0m
[18:51] [0m[37;1mEnder flaps :[0m dunno what made me think of it, 1980. just watched a few clips[0m
[18:53] [0m[37;1mEcholoc flaps :[0m ther was a 2 also[0m
[18:53] [0m[37;1mEcholoc flaps :[0m also funny[0m
[18:53] [0m[37;1mStasis flaps :[0m reminds me of a paris hilton song for some reason[0m
[18:54] [0m[37;1mChrys flaps :[0m I thought she only did porn[0m
[18:54] [0m[37;1mStasis flaps :[0m oh, lyrics: "Even though the gods are crazy. Even though the[0m
[18:54] [0m               stars are blind"[0m
[18:56] [0m[37;1mStasis flaps :[0m ok, the music video is the reason why i remember those[0m
[18:56] [0m               lyrics...[0m
[19:11] [0m[34;1mGumby shouts:[0m big letters[0m
[19:12] [0m[34;1mMeteorwind shouts:[0m This is not the big number you are looking for.[0m
[19:12] [0m[34;1mEcholoc shouts:[0m not quite[0m
[19:12] [0m[34;1mEcholoc shouts:[0m thank you everyone[0m
[19:44] [0m[37;1mEllegon flaps :[0m ... nothing at all...[0m
[20:01] [0m[37;1mMeteorwind flaps :[0m Root warrior, is that like an attack root word?[0m
[20:01] [0m[37;1mXiu flaps :[0m i am Root[0m
[20:02] [0m[37;1mChrys flaps :[0m it's some of that eeeeeviiiiil root.[0m
[20:02] [0m[37;1mMeteorwind flaps :[0m The root warrior of all evil.[0m
[20:03] [0m[37;1mStasis flaps :[0m new Kenny vs Spenny series starts on friday :)  "paldemic"[0m
[20:13] [0m[37;1mMeteorwind flaps :[0m Maybe it's the root of all warriors?[0m
[20:13] [0m[34;1mRand shouts:[0m upgrade mages![0m
[20:13] [0m[34;1mRynn shouts:[0m ^[0m
[20:14] [0m[34;1mInix shouts:[0m No such thing...magi on the other hand.[0m
[20:15] [0m[36m<BS> Zokko :[0m finally mastered with spork lance[0m
[20:15] [0m[36m<BS> Xiu :[0m woo[0m
[20:19] [0m[31;1m[Clan] Taleast :[0m woot, Prism's like 4m from 50[0m
[20:19] [0m[31;1m[Clan] Boscar :[0m woo?[0m
[20:20] [0m[31;1m[Clan] Taleast :[0m that's fucking right, woo![0m
[20:20] [0m[31;1m[Clan] Prism :[0m lol[0m
[20:20] [0m[31;1m[Clan] Prism :[0m 4.5m :([0m
[20:20] [0m[31;1m[Clan] Taleast :[0m I said LIKE, Prism![0m
[20:20] [0m[31;1m[Clan] Taleast :[0m I guestimated[0m
[20:20] [0m[31;1m[Clan] Taleast :[0m that's like 4-5 hours[0m
[20:21] [0m[31;1m[Clan] Taleast :[0m I'm past the half-way mark on PhaseRank too :D[0m
[20:22] [0m[31;1m[Clan] Taleast :[0m can probably get phase 6 on every experiment between now[0m
[20:22] [0m                 and 50 and have enough[0m
[20:23] [0m[31;1m[Clan] Taleast :[0m DDB is, without a doubt, where all the fucking damage is. I[0m
[20:23] [0m                 thought that shit was ionbeam[0m
[20:24] [0m[31;1m[Clan] Taleast :[0m I about doubled my damage just from getting ddb2 and 3 at[0m
[20:24] [0m                 phase 1, then like quadrupled it with phase 4 in all of[0m
[20:24] [0m                 them, that was a nice surprise[0m
[20:28] [0m[31;1m[Clan] Sparkie :[0m i went synergy. just rank 1 of thst boosted my damamge.[0m
[20:29] [0m[31;1m[Clan] Taleast :[0m oh yeah this was post synergy[0m
[20:29] [0m[31;1m[Clan] Taleast :[0m I'd still be killing in pol2 without that[0m
[20:30] [0m[31;1m[Clan] Taleast :[0m it's a similar experience[0m
[20:30] [0m[31;1m[Clan] Taleast :[0m I got another rank of surge and I think I might be able to[0m
[20:30] [0m                 handle scaler 110 golems now. There's be no doubt if I had[0m
[20:30] [0m                 5 RoH[0m
[21:02] [0mYou can currently reforge 8 items.[0m
[21:20] [0m[34;1mGumby shouts:[0m big letters[0m
[21:20] [0m[34;1mEcholoc shouts:[0m Soo Close![0m
[21:22] [0mYou can currently reforge 12 items.[0m
[21:37] [0m[37;1mMeteorwind flaps :[0m I have newbie bewbies![0m
[21:39] [0m[37;1mWhoknows flaps :[0m so flat, and undesireable?[0m
[21:49] [0m[34;1mEcholoc shouts:[0m woot[0m
[21:51] [0mFluffy <.oO>: voodude said we need to drop paul 2.0 ... need 5 more kids ...[0m
[21:51] [0m              who is in ?[0m
[21:51] [0mWhoknows <.oO>: vodood 2000late[0m
[22:05] [0mXiu <.oO>: ppl recruiting for a suicide mission at a beatles concert?[0m
[22:05] [0mXiu <.oO>: weza people gonna die?[0m
[22:06] [0mWhoknows <.oO>: beatles gonna die[0m
[22:06] [0mWhoknows <.oO>: half of em are dead or zombies[0m
[22:16] [0m[37;1mWert flaps :[0m anyone need day2 dupe?[0m
[22:24] [0m[37;1mMeteorwind flaps :[0m Aggro all smurfs![0m
[22:24] [0m[37;1mWhoknows flaps :[0m SMURF You![0m
[22:24] [0m[37;1mChrys flaps :[0m KILL THEM ALL!! Squish the smurfs!![0m
[22:25] [0m[37;1mChrys flaps :[0m the smurf guild is coming!![0m
[22:25] [0m[37;1mWhoknows flaps :[0m SMURF you you Smurfing SMURF![0m
[22:26] [0m[37;1mMeteorwind flaps :[0m psiwield Your severed arm[0m
[22:26] [0m[37;1mXiu flaps :[0m would be a confusing guild because every trainable skill would[0m
[22:26] [0m            be called "smurfing" and every guild command would be "smurf".[0m
[22:26] [0m            and only one female character allowed[0m
[22:26] [0m[37;1mGaidin flaps :[0m Good thing there are no female mudders.[0m
[22:27] [0m[37;1mWhoknows flaps :[0m ^^[0m
[22:27] [0m[37;1mXiu flaps :[0m yes but i said female character. even i have a female character[0m
[22:27] [0m            and i'm the dudeist dude to ever bloke.[0m
[22:27] [0m[37;1mChrys flaps :[0m I mean, i'd make the smurf guild kinda dark souls like and[0m
[22:27] [0m              smurfette would be the fire maiden[0m
[22:28] [0m[34;1mTony shouts:[0m okay 3k, what should i do this boot... play the OP gen or the[0m
[22:28] [0m             OP bard?[0m
[22:28] [0m[34;1mDathon shouts:[0m OP gen[0m
[22:28] [0m[34;1mPrism shouts:[0m Breed[0m
[22:28] [0m[34;1mChrys shouts:[0m play the op fremen!![0m
[22:28] [0m[34;1mWhoknows shouts:[0m come kill paul2 and decide later[0m
[22:28] [0m[37;1mFluffy flaps :[0m the help files would be amusing ... to smurf your smurf, you[0m
[22:28] [0m               need to smurf smurf before you can smurf![0m
[22:28] [0m[34;1mMeteorwind shouts:[0m Play with OPP[0m
[22:28] [0m[34;1mWhoknows shouts:[0m he ain't down with OPP[0m
[22:28] [0m[34;1mChrys shouts:[0m yeah, you know me![0m
[22:29] [0m[37;1mObtuse flaps :[0m so, about as much info as most guilds dole out in their help[0m
[22:29] [0m               files[0m
[22:29] [0m[37;1mChrys flaps :[0m lol[0m
[22:29] [0m[34;1mMeteorwind shouts:[0m I used opp on tony as you said that[0m
[22:29] [0m[37;1mChrys flaps :[0m the guild can't wear helms at all though cause you gotta wear[0m
[22:29] [0m              the smurf hat[0m
[22:29] [0m[37;1mFluffy flaps :[0m your hat is your gobj[0m
[22:29] [0m[37;1mMeteorwind flaps :[0m Pop a smurf.[0m
[22:32] [0m[34;1mMeteorwind shouts:[0m Smurfs are actually from eggs, all the smurfs breed with[0m
[22:32] [0m                   smurfette and she lays eggs under her mushroom in the[0m
[22:32] [0m                   tunnels of a deep cave. At this state they are only in[0m
[22:32] [0m                   larva stage and can't see the sun u yadda yadda yadda...[0m
[22:32] [0m[34;1mMeteorwind shouts:[0m Oh right, the yadda[0m
[22:32] [0m[34;1mKsemia shouts:[0m behind the pedes, no?[0m
[22:32] [0m[37;1mMeteorwind flaps :[0m Smurfs are actually from eggs, all the smurfs breed with[0m
[22:32] [0m                   smurfette and she lays eggs under her mushroom in the[0m
[22:32] [0m                   tunnels of a deep cave. At this state they are only in[0m
[22:32] [0m                   larva stage and can't see the sun until much later in[0m
[22:32] [0m                   life. They then shed their larva carapace and become[0m
[22:32] [0m                   smurflings.[0m
[22:32] [0m[34;1mDathon shouts:[0m But Gargamel made Smurfette, theroy debunked[0m
[22:33] [0m[37;1mHeimdall flaps :[0m we all saw the cartoon.  blue moon.  stork.  you got this[0m
[22:33] [0m                 all wrong[0m
[22:33] [0m[37;1mMeteorwind flaps :[0m They actually live for centuries.[0m
[22:33] [0m[31;1m[Clan] Taleast :[0m oh, so Turak is Kirrin[0m
[22:33] [0m[34;1mTex shouts:[0m note to meteorwind we are human we eat smurfs for breakfast i[0m
[22:33] [0m            like mine boiled in a kettle[0m
[22:33] [0m[37;1mChrys flaps :[0m isn't papa smurf a wizard?[0m
[22:33] [0m[37;1mMeteorwind flaps :[0m The Gandolf of smurfs.[0m
[22:34] [0m[37;1mChrys flaps :[0m thou shall not dance!![0m
[22:36] [0m[37;1mMeteorwind flaps :[0m smurf eggs are delicious[0m
[22:36] [0m[37;1mBoscar flaps :[0m Was there a diwali invasion where everyone's dog runs away?[0m
[22:37] [0m[37;1mMeteorwind flaps :[0m Had to put them down, too noisy.[0m
[22:49] [0m[37;1mLicklick flaps :[0m Snuggie Mode Activate[0m
[22:49] [0m[37;1mMeteorwind flaps :[0m Stabbity mode activated@[0m
[22:53] [0m[31;1m[Clan] Boscar :[0m night[0m
[22:53] [0m[31;1m[Clan] Prism :[0m later pal[0m
[23:05] [0m[37;1mMeteorwind flaps :[0m Through dangers untold I have fought my way through the[0m
[23:05] [0m                   goblin city, to take back the child which was stolen from[0m
[23:05] [0m                   me.[0m
[23:05] [0m[37;1mChrys flaps :[0m the child will eat you in your sleep.[0m
[23:06] [0m[37;1mVoodoo flaps :[0m no pants will show you the way[0m
[23:06] [0m[37;1mTaleast flaps :[0m you remind me of the pig[0m
[23:06] [0m[37;1mTaleast flaps :[0m I mean babe[0m
[23:06] [0m[37;1mMeteorwind flaps :[0m The pig with the power.[0m
[23:06] [0m[37;1mGumby flaps :[0m spider pig![0m
[23:07] [0m[37;1mChrys flaps :[0m spider pig, spider pig, does what no other pig can do!![0m
[23:11] [0m[37;1mMeteorwind flaps :[0m What was the command to make your hp show every combat[0m
[23:11] [0m                   round? Mine seems to not be working.[0m
[23:11] [0m[37;1mVoodoo flaps :[0m remove pants[0m
[23:11] [0m[37;1mVagrant flaps :[0m i think autohp[0m
[23:11] [0m[37;1mWert flaps :[0m autohp?[0m
[23:11] [0m[37;1mMeteorwind flaps :[0m I have no pants.[0m
[23:11] [0m[37;1mVagrant flaps :[0m is what you're looking for, i can't believe i remembered[0m
[23:11] [0m                that[0m
[23:12] [0m[37;1mMeteorwind flaps :[0m autohp is every round.[0m
[23:12] [0m[37;1mGaidin flaps :[0m There's autohp and forcehp if you're using the MIP[0m
[23:12] [0m<- ! The Vigilant ! -> :  A destabilization Kayos event has been detected in[0m
[23:12] [0m                          Deserts of Fantasy!  We are localizing it now -[0m
[23:12] [0m                          get ready![0m
[23:12] [0m[37;1mGumby flaps :[0m forcehp[0m
[23:12] [0m[37;1mMeteorwind flaps :[0m forcehp doesn't work[0m
[23:12] [0m[37;1mXiu flaps :[0m forcehp works even if you're not in jedi. because the force[0m
[23:12] [0m            flows through all things, much like the spice.[0m
[23:13] [0m[37;1mVoodoo flaps :[0m reflex remove pants[0m
[23:14] [0m[37;1mMeteorwind flaps :[0m reflex add gp1 100% milk voodoo[0m
[23:15] [0m[37;1mWert flaps :[0m day2 final call[0m
[23:24] [0m[37;1mAlassra flaps :[0m Event is: desert, 3n/6w, Psi[0m
