[00:00] [0m[37;1m[JEDI]:[0m Kerran Halcyon arrives at the Academy.[0m
[00:24] [0m[34;1mMurder shouts:[0m was 3k down ealrier[0m
[00:24] [0m[34;1mDyne shouts:[0m No[0m
[00:26] [0m[34;1mMurder shouts:[0m dont lie[0m
[00:27] [0m[34;1mYik shouts:[0m lie harder[0m
[00:29] [0m[34;1mGraey shouts:[0m skynet was probably just cutting you off from the mud as part of its human[0m
[00:29] [0m              behavioral control algorithm[0m
[00:30] [0m[34;1mLance shouts:[0m Your bot is way too late for that shout[0m
[00:33] [0m[35;1mGraey [Jedi(39)]:[0m protocol 2(59%) time to re-scale it before i hit the green![0m
[00:34] [0m[37;1m[JEDI]:[0m Reena Bel Noir arrives at the Academy.[0m
[00:36] [0mMud flaps : gonna reset hotel in 5 mins if interested xx:40[0m
[00:36] [0m[33;1m[Clan] Mud :[0m gonna reset hotel in 5 mins if interested xx:40[0m
[00:43] [0mYour transmuter's stone bursts with 5 new colours![0m
[00:45] [0m[33;1m[Clan] Pol leaves the game.[0m  [0m
[00:54] [0mTriorchid flaps : who replaced the biebs with this homeless guy?[0m
[00:59] [0m[37;1m[JEDI]:[0m Wennic Ber'ni'lok arrives at the Academy.[0m
[01:22] [0mCrolack flaps : I have a date for Valentine's Day. It's February 14th.[0m
[01:22] [0mKitt flaps : Nice, now remeber to bring voodoo pants[0m
[01:22] [0mLance flaps : Dad jokes 101, with guest speaker Crolack[0m
[01:23] [0mNauda flaps : I have a better date in mind, 14th of February[0m
[01:28] [0mKitt flaps : I have a date with e ghost[0m
[01:28] [0mKitt gshouts: Got MOO? Got MOO? Got Moo?[0m
[01:29] [0m[34;1mNauda shouts:[0m simply moot[0m
[01:29] [0m[37;1m[JEDI]:[0m Rhaan arrives at the Academy.[0m
[01:42] [0m[33;1m[Clan] Zorbaine :[0m What do we want? Better wifi connection! When do we want it? Neow![0m
[01:44] [0mYour transmuter's stone bursts with 3 new colours![0m
[01:54] [0m[34;1mHyuga shouts:[0m MOO![0m
[02:03] [0m[37;1m[JEDI]:[0m Kerran Halcyon arrives at the Academy.[0m
[02:26] [0m[37;1m[JEDI]:[0m Reena Bel Noir arrives at the Academy.[0m
[02:44] [0mYour transmuter's stone bursts with 2 new colours![0m
[02:52] [0m[37;1m[JEDI]:[0m Herah Wylann arrives at the Academy.[0m
[03:23] [0m[37;1m[JEDI]:[0m H'ssani C'talan arrives at the Academy.[0m
[03:44] [0mYour transmuter's stone bursts with 2 new colours![0m
[03:52] [0m[37;1m[JEDI]:[0m Ylenic It'kla arrives at the Academy.[0m
[04:00] [0m[34;1mPoltergeist shouts:[0m DIRTY FILTHY MEMORY![0m
[04:23] [0m[37;1m[JEDI]:[0m Durnoth arrives at the Academy.[0m
[04:44] [0mYour transmuter's stone bursts with 4 new colours![0m
[04:53] [0m[37;1m[JEDI]:[0m Alyssa K'tal arrives at the Academy.[0m
[05:19] [0m[37;1m[JEDI]:[0m Rhaan arrives at the Academy.[0m
[05:33] [0m[35;1mGraey [Jedi(39)]:[0m woo, trance-tastic[0m
[05:50] [0m[37;1m[JEDI]:[0m Janath Meelin arrives at the Academy.[0m
[06:26] [0m[37;1m[JEDI]:[0m Wennic Ber'ni'lok arrives at the Academy.[0m
[10:23] [0m[32;1mFrom afar, Ser moos at you.[0m[0m
[10:24] [0m[35;1mTriorchid [Jedi(11)]:[0m morning[0m
[10:28] [0m[37;1m[JEDI]:[0m Herah Wylann arrives at the Academy.[0m
[10:29] [0m<- ! The Vigilant ! -> :  A destabilization Kayos event has been detected in Northern Hills of[0m
[10:29] [0m                          Fantasy!  We are localizing it now - get ready![0m
[10:57] [0m[33;1m[Clan] Ser :[0m 2.5 hrs to firebat[0m
[10:59] [0m[37;1m[JEDI]:[0m Alyssa K'tal arrives at the Academy.[0m
[11:00] [0m[34;1mKitt shouts:[0m event portal ,  northern exit, all n 6 e freezeing dmg[0m
[11:01] [0mYour transmuter's stone bursts with 6 new colours![0m
[11:02] [0mKitt flaps :  northern exit, all n 6 e freezeing dmg for event[0m
[11:12] [0m[32mSer tells you:[0m so how do you feel about the current state of politics?[0m
[11:24] [0m[33;1m[Clan] Nix :[0m ser how long to go[0m
[11:24] [0m[33;1m[Clan] Nix :[0m 2.13hrs?[0m
[11:24] [0m[33;1m[Clan] Ser :[0m sure[0m
[11:24] [0m[37;1m[JEDI]:[0m Durnoth arrives at the Academy.[0m
[11:28] [0m[34;1mZor shouts:[0m woo!!!!!!!!!!!!!!!!!!!!!!!!!!!!!!!!!!!!![0m
[11:28] [0m[34;1mKitt shouts:[0m Woo[0m
[11:28] [0m[34;1mNix shouts:[0m bard power![0m
[11:39] [0m[33;1m[Clan] Nix :[0m running evebt[0m
[11:39] [0m[33;1m[Clan] Nix :[0m might reset after[0m
[11:39] [0m[33;1m[Clan] Nix :[0m probably just use that for.hotel.tho after bat[0m
[11:39] [0mNauda flaps : zombie rest in 4min[0m
[11:46] [0m[33;1m[Clan] Archimedes leaves the game.[0m  [0m
[11:47] [0mNauda flaps : resetting zombies come[0m
[11:48] [0mAdalius flaps : You can't make me.[0m
[11:51] [0m[34;1mFlubber shouts:[0m No bot checks on Sundays![0m
[11:53] [0m[34;1mAdalius shouts:[0m Bet?[0m
[11:54] [0m[37;1m[JEDI]:[0m Tobias Kel'ach'nar arrives at the Academy.[0m
[11:55] [0m[34;1mNauda shouts:[0m I like somethings big, I can not lie.[0m
[11:59] [0m[34;1mZor shouts:[0m whooooooooooooooo[0m
[12:00] [0m[34;1mBahram shouts:[0m I AM NOMAD S-T-E-R-I-L-I-Z-E[0m
[12:01] [0mYour transmuter's stone bursts with 4 new colours![0m
[12:16] [0m[33;1m[Clan] Xaro leaves the game.[0m  [0m
[12:16] [0m[33;1m[Clan] Cambiador leaves the game.[0m  [0m
[12:33] [0m[37;1m[JEDI]:[0m Ylenic It'kla arrives at the Academy.[0m
[12:39] [0m[33;1m[Clan] Byron :[0m i hear fbat is tuffer[0m
[12:40] [0m[33;1m[Clan] Byron :[0m SER HOW LONG TIL FIREBAY[0m
[12:40] [0m[33;1m[Clan] Xaryl :[0m about 40 minutes[0m
[12:40] [0m[33;1m[Clan] Xaryl :[0m and supposed to be way tougher :([0m
[12:40] [0m[33;1m[Clan] Nix :[0m .85hrs[0m
[12:49] [0m[33;1m[Clan] Ser :[0m way tougher how[0m
[12:49] [0m[33;1m[Clan] Ser :[0m think i will be ok?[0m
[12:51] [0m[33;1m[Clan] Byron :[0m all that matters is that you give it your best[0m
[12:51] [0m[33;1m[Clan] Byron :[0m we'll be proud of you either way[0m
[12:52] [0m[33;1m[Clan] Yik :[0m laff[0m
[12:53] [0m[33;1m[Clan] Byron :[0m also, paid a dude 50 pesos to take me in his boat across the river to guatemela.[0m
[12:53] [0m               guy was cool, we saw some crocodiles[0m
[12:53] [0m[33;1m[Clan] Byron :[0m 10/10 would be smuggled again[0m
[12:54] [0m[33;1m[Clan] Nix :[0m you definitely got coronavirus[0m
[12:55] [0m[33;1m[Clan] Byron :[0m i hope so. one of those nice CDC beds would be a good change[0m
[13:01] [0mYour transmuter's stone bursts with 3 new colours![0m
[13:02] [0m[37;1m[JEDI]:[0m H'ssani C'talan arrives at the Academy.[0m
[13:10] [0m[33;1m[Clan] Nix :[0m werent you already on the cdcs radar[0m
[13:11] [0m[33;1m[Clan] Byron :[0m I beat that case[0m
[13:16] [0m[33;1m[Clan] Void leaves the game.[0m  [0m
[13:22] [0m[33;1m[Clan] Byron :[0m SER. OFFICIAL TIME?![0m
[13:24] [0m[33;1m[Clan] Byron :[0m hmmm this bus is supposed to leave in 5 mins and fbat in 10...hopefully they[0m
[13:24] [0m               delay a few[0m
[13:25] [0m[33;1m[Clan] Xaryl :[0m me too, do not want to havr to kill day 6 & 7[0m
[13:25] [0m[33;1m[Clan] Byron :[0m i mean the bus :P[0m
[13:25] [0m[33;1m[Clan] Xaryl :[0m oh![0m
[13:25] [0m[33;1m[Clan] Xaryl :[0m laugh![0m
[13:25] [0m[33;1m[Clan] Byron :[0m ill lose connectuon[0m
[13:25] [0m[33;1m[Clan] Ser :[0m i dunno[0m
[13:25] [0m[33;1m[Clan] Xaryl :[0m you mudding from your phone?[0m
[13:25] [0m[33;1m[Clan] Ser :[0m 5 mins?[0m
[13:25] [0m[33;1m[Clan] Byron :[0m yep[0m
[13:25] [0m[33;1m[Clan] Xaryl :[0m sick bard[0m
[13:26] [0m[33;1m[Clan] Byron :[0m its all i got. its why im active in 15 munute spurts heh[0m
[13:26] [0m[33;1m[Clan] Xaryl :[0m heh[0m
[13:26] [0m[33;1m[Clan] Byron :[0m and make sure i get my jabs in on nix[0m
[13:26] [0m[33;1m[Clan] Xaryl :[0m the important stuff![0m
[13:27] [0m[33;1m[Clan] Byron :[0m absolutely![0m
[13:27] [0m[33;1m[Clan] Nix :[0m im going to get you wiped[0m
[13:27] [0m[33;1m[Clan] Nix :[0m literally going to write a legal brief on harassment and send it to th[0m
[13:27] [0m[33;1m[Clan] Nix :[0m ill write it like id writr one for cohrt[0m
[13:28] [0m[33;1m[Clan] Byron :[0m In that case I got nothing to worry about[0m
[13:31] [0m[33;1m[Clan] Byron :[0m party is full[0m
[13:31] [0m[33;1m[Clan] Ser :[0m ah[0m
[13:31] [0m[33;1m[Clan] Byron :[0m will be 2x probably[0m
[13:33] [0m[34;1mSpace shouts:[0m NOOBZZZZZZZZZZZZZZZZZZ[0m
[13:33] [0m[33;1m[Clan] Byron :[0m no tag[0m
[13:34] [0mZor flaps : it can't be stopped Aa is in charge of that lol[0m
[13:37] [0m[34;1mLachlan shouts:[0m FB deathtrain.[0m
[13:38] [0m[37;1m[JEDI]:[0m Kerran Halcyon arrives at the Academy.[0m
[13:38] [0m[35;1mOlorin [Jedi(54)]:[0m bad bat[0m
[13:42] [0m[35;1mRoken [Jedi(75)]:[0m woo 1.01% to fdef 10[0m
[13:43] [0m[33;1m[Clan] Xaryl :[0m especailly with space stealing all the corpse[0m
[13:43] [0m[35;1mSimonz [Jedi(Knight)]:[0m woo![0m
[13:46] [0m[33;1m[Clan] Sock wiggles off your foot.[0m  [0m
[13:46] [0m[33;1m[Clan] Xaryl :[0m bet have to lcear the entire area 1st[0m
[13:46] [0m[33;1m[Clan] Byron :[0m bqck to event[0m
[13:47] [0m[33;1m[Clan] Archangel :[0m Same h ere[0m
[13:49] [0m[34;1mHoboerectus shouts:[0m slacker ... you are SUPPOSE to die to FB like everyone else![0m
[14:00] [0m[33;1m[Clan] Ser :[0m are we doing this again?[0m
[14:00] [0m[33;1m[Clan] Ser :[0m is it done?[0m
[14:01] [0mYour transmuter's stone bursts with 6 new colours![0m
[14:06] [0m[33;1m[Clan] Xaryl :[0m donates going in[0m
[14:14] [0mHyuga <Craft>: HAX[0m
[14:15] [0m[37;1m[JEDI]:[0m Wennic Ber'ni'lok arrives at the Academy.[0m
[14:36] [0m[34;1mFlubber shouts:[0m I don't wanna wait for our lives to be over[0m
[14:37] [0m[33;1m[Clan] Archangel :[0m I wonder if the adds could have been hamstrung.[0m
[14:37] [0m[33;1m[Clan] Ser :[0m i forgot to blind them[0m
[14:37] [0m[34;1mLachlan shouts:[0m Dear Kikipopo, Your changes have their desired results. No one will ever tag[0m
[14:37] [0m                day7 again. ;P[0m
[14:38] [0m[34;1mFlubber shouts:[0m Love, Derek[0m
[14:38] [0m[34;1mFlubber shouts:[0m or Yours in perpituity, Derek.[0m
[14:39] [0m[34;1mNauda shouts:[0m in a bit[0m
[14:43] [0m[37;1m[JEDI]:[0m Rhaan arrives at the Academy.[0m
[14:56] [0m[33;1m[Clan] Phenom :[0m look at you all with new foes[0m
[14:59] [0m[33;1m[Clan] Yik :[0m holy cow, firebae![0m
[15:01] [0mYour transmuter's stone bursts with 6 new colours![0m
[15:08] [0m[33;1m[Clan] Mud :[0m i miss day7 i assume?[0m
[15:08] [0m[33;1m[Clan] Ser :[0m we're still working on it[0m
[15:08] [0m[33;1m[Clan] Nix :[0m no, but its a mess[0m
[15:08] [0m[33;1m[Clan] Ser :[0m he has summons now[0m
[15:08] [0m[33;1m[Clan] Ser :[0m we are 1e of room killing summon, but do not come here[0m
[15:08] [0m[33;1m[Clan] Nix :[0m i'd stay clear for the moment[0m
[15:08] [0m[33;1m[Clan] Mud :[0m heh, kk[0m
[15:08] [0m[33;1m[Clan] Ser :[0m there is a summon from him on the way[0m
[15:09] [0m[33;1m[Clan] Ser :[0m we need to kill[0m
[15:09] [0m[33;1m[Clan] Ser :[0m will let you know what room is safe[0m
[15:09] [0m[34;1mHoboerectus shouts:[0m Firebat crumbles the cmc ... and you have to start again ;-)[0m
[15:10] [0m[33;1m[Clan] Mud :[0m is crypt 1e of fb?[0m
[15:10] [0m[33;1m[Clan] Nix :[0m no crypt[0m
[15:10] [0m[33;1m[Clan] Nix :[0m the area is no port[0m
[15:11] [0m[33;1m[Clan] Mud :[0m oh, the crypt goes to the pod outside now.  pfft[0m
[15:12] [0mZor flaps : Firebats and Marines win![0m
[15:12] [0m[33;1m[Clan] Mud :[0m did i just drag another rin there?? if so, holy shit[0m
[15:13] [0m[33;1m[Clan] Ser :[0m yah[0m
[15:13] [0m[33;1m[Clan] Ser :[0m that was one of the adds[0m
[15:13] [0m[33;1m[Clan] Mud :[0m be there in sec[0m
[15:13] [0m[33;1m[Clan] Ser :[0m we are 1e of main fb now[0m
[15:13] [0m[33;1m[Clan] Mud :[0m ditto[0m
[15:16] [0m[33;1m[Clan] Mud :[0m heat[0m
[15:18] [0m[33;1m[Clan] Xaryl :[0m how many FB are left?[0m
[15:18] [0m[33;1m[Clan] Ser :[0m we cleared all but the main one[0m
[15:18] [0m[33;1m[Clan] Ser :[0m going to try again[0m
[15:18] [0m[33;1m[Clan] Ser :[0m we are all 1e[0m
[15:19] [0m[33;1m[Clan] Archangel :[0m on our way[0m
[15:19] [0m[33;1m[Clan] Xaryl :[0m ok, we are going to come[0m
[15:19] [0m[33;1m[Clan] Xaryl :[0m see if we do not die again[0m
[15:20] [0m[37;1m[JEDI]:[0m Bithoff Jonansaan arrives at the Academy.[0m
[15:21] [0m[33;1m[Clan] Xaryl :[0m 10% invin per round I get hit[0m
[15:21] [0m[33;1m[Clan] Xaryl :[0m scary[0m
[15:22] [0m[33;1m[Clan] Ser :[0m i dont know how invin works but i think you just gave me an idea[0m
[15:22] [0m[33;1m[Clan] Xaryl :[0m last boot I lost 2-5% per round IU got hit[0m
[15:25] [0m[34;1mOnslaught shouts:[0m I'm sensing a theme here[0m
[15:31] [0m[33;1m[Clan] Mud :[0m sorry if i fucked thatt up[0m
[15:31] [0m[33;1m[Clan] Mud :[0m someone had to the first round, right?[0m
[15:31] [0m[33;1m[Clan] Xaryl :[0m ya'll kill it?[0m
[15:31] [0m[33;1m[Clan] Nix :[0m it was already fucked[0m
[15:32] [0mKitt flaps : if you need day 6 duppage let me know, i have a free dup and what not. i have og[0m
[15:32] [0m             too[0m
[15:35] [0m[33;1m[Clan] Ser :[0m yah dragging that was nbd compared to otw[0m
[15:38] [0m[33;1m[Clan] Zorbaine :[0m you know what's nice? a working deadman[0m
[15:39] [0m[33;1m[Clan] Zorbaine :[0m reminds me of all those times my momma told me "everything's gonna be okay"[0m
[15:39] [0m[33;1m[Clan] Zorbaine :[0m maybe she was right[0m
[15:49] [0m[37;1m[JEDI]:[0m Janath Meelin arrives at the Academy.[0m
[15:59] [0m[33;1m[Clan] Zorbaine :[0m and a happy sunday to you botters as welll[0m
[15:59] [0m[33;1m[Clan] Nix :[0m go suck an egg[0m
[16:00] [0m[33;1m[Clan] Archangel :[0m Not feeling especially chatty today.[0m
[16:01] [0mYour transmuter's stone bursts with 2 new colours![0m
[16:02] [0m[33;1m[Clan] Zorbaine :[0m there's always cult[0m
[16:13] [0mMurdoc {Professions}: Hi ho, hi ho ... it's off to work I go.[0m
[16:19] [0m[37;1m[JEDI]:[0m Talia Ska arrives at the Academy.[0m
[16:33] [0m[34;1mHyuga shouts:[0m BS[0m
[16:33] [0m[34;1mMud shouts:[0m woo![0m
[16:34] [0m[34;1mKrom shouts:[0m thank you :)[0m
[16:34] [0m[33;1m[Clan] Nix :[0m what's an area that most people fight in that i can troll needs to be upgraded on[0m
[16:34] [0m             hmline[0m
[16:35] [0m[33;1m[Clan] Nix :[0m that's what started all this firebat shit.. sooo "Rimalkins are too weak make them[0m
[16:35] [0m             50m a piece and 3k-5k dmg per hit"[0m
[16:37] [0m[33;1m[Clan] Nix :[0m i seriously dont get certain people on here... were all pretty much BS (some more[0m
[16:37] [0m             than others) and lets complain about how easy a mob so they make it harder because[0m
[16:37] [0m             i dont want anyone else to play with my toys[0m
[16:38] [0m[33;1m[Clan] Roken :[0m i take fb d7 was unbeatable[0m
[16:39] [0m[33;1m[Clan] Nix :[0m like 20% xtra xp is nice but does anyone really need that? does it really change[0m
[16:39] [0m             the game for em?[0m
[16:39] [0m[33;1m[Clan] Nix :[0m it was fun and im.not xomplaining aboyt that just the process behind the change[0m
[16:39] [0m[34;1mZor shouts:[0m woo!!!!!!!!!!!!!!!!![0m
[16:39] [0m[33;1m[Clan] Roken :[0m nah, as most boots aren't long enough to use it less you pull all nighters[0m
[16:39] [0m[33;1m[Clan] Roken :[0m imo[0m
[16:43] [0m[33;1m[Clan] Zorbaine :[0m could always go suck on an egg[0m
[16:43] [0m[33;1m[Clan] Zorbaine :[0m cmc was a little over the top[0m
[16:45] [0m[33;1m[Clan] Nix :[0m oh zorbs stop[0m
[16:45] [0m[33;1m[Clan] Nix :[0m you know i love you dawg[0m
[16:46] [0m[33;1m[Clan] Nix :[0m i'll scramble the egg for you[0m
[16:48] [0m[37;1m[JEDI]:[0m Kerran Halcyon arrives at the Academy.[0m
[16:49] [0m[33;1m[Clan] Zorbaine :[0m ha![0m
[17:02] [0m[33;1m[Clan] Nix :[0m anyone interested in giving this another go?[0m
[17:02] [0m[33;1m[Clan] Nix :[0m adalius say it is killable[0m
[17:03] [0m[5m[1m[48;5;124mYour lightsaber begins to flicker and the handle warms![0m[0m                 [0m
[17:03] [0mYour transmuter's stone bursts with 5 new colours![0m
[17:03] [0m[34;1mMurder shouts:[0m why is this game so laggy its 2020 with fewer players than ever before[0m
[17:03] [0m[34;1mOnslaught shouts:[0m I'm not lagging[0m
[17:04] [0m[34;1mMurder shouts:[0m it takes like 0.5 seconds to move a room[0m
[17:04] [0m[34;1mMurder shouts:[0m sometimes longer[0m
[17:04] [0m[33;1m[Clan] Archangel :[0m Why wasn't it killable before?[0m
[17:04] [0m[34;1mPiriform shouts:[0m CPU usage is highish[0m
[17:05] [0m[33;1m[Clan] Nix :[0m it was[0m
[17:05] [0m[33;1m[Clan] Nix :[0m just alot harder[0m
[17:05] [0m[34;1mMurder shouts:[0m if i had no lag i would return to this game[0m
[17:05] [0m[33;1m[Clan] Archangel :[0m Why weren't *we* able to kill it last time?[0m
[17:05] [0m[34;1mNauda shouts:[0m combe back in the year 2525[0m
[17:06] [0m[34;1mPiriform shouts:[0m Because of Cleo?[0m
[17:06] [0m[34;1mBahram shouts:[0m if man is still alive[0m
[17:07] [0m[33;1m[Clan] Xaryl :[0m we are e of him[0m
[17:07] [0m[33;1m[Clan] Xaryl :[0m if ya'll are coming[0m
[17:08] [0m[33;1m[Clan] Nix :[0m still working on people =P[0m
[17:08] [0m[33;1m[Clan] Xaryl :[0m nod :)[0m
[17:08] [0m[33;1m[Clan] Xaryl :[0m nauda is here, keeps qtrancing into room & back[0m
[17:08] [0m[33;1m[Clan] Nix :[0m w/e?[0m
[17:08] [0m[33;1m[Clan] Xaryl :[0m nod[0m
[17:08] [0m[33;1m[Clan] Nix :[0m wtf? why[0m
[17:09] [0m[34;1mNauda shouts:[0m How dare you call me man![0m
[17:09] [0m[33;1m[Clan] Archangel :[0m drain bamage?[0m
[17:09] [0m[33;1m[Clan] Xaryl :[0m says he is 'checking what is going on'[0m
[17:09] [0m[33;1m[Clan] Nix :[0m im coming[0m
[17:09] [0m[34;1mBahram shouts:[0m I'm not your man, buddy[0m
[17:09] [0m[34;1mOnslaught shouts:[0m I'm not your buddy, guy[0m
[17:09] [0m[34;1mSomeone shouts:[0m I'm not your guy, pal.[0m
[17:09] [0m[34;1mOnslaught shouts:[0m I'm not your pal, friend[0m
[17:10] [0m[34;1mKrom shouts:[0m dangit![0m
[17:10] [0m[33;1m[Clan] Nix :[0m hyuga coming too[0m
[17:10] [0m[33;1m[Clan] Mud :[0m ill head over[0m
[17:11] [0m[33;1m[Clan] Zorbaine :[0m i'll hop guilds and be there in a little while[0m
[17:11] [0m[33;1m[Clan] Nix :[0m hop guilds?[0m
[17:11] [0m[33;1m[Clan] Zorbaine :[0m jk, won't ever be able totank fb i assume ;p[0m
[17:11] [0m[33;1m[Clan] Zorbaine :[0m until glvl 200 maybe[0m
[17:12] [0m[33;1m[Clan] Zorbaine :[0m oh i forgot I turned 1 year old yesterday! hooray![0m
[17:12] [0m[33;1m[Clan] Zorbaine :[0m been fun ya'll[0m
[17:15] [0m[33;1m[Clan] Nix :[0m  Turnhold <HM-Solar>: Cool, you get him down, I'll jail Byron for a day.[0m
[17:15] [0m[33;1m[Clan] Nix :[0m where you at zorbs[0m
[17:16] [0m[33;1m[Clan] Zorbaine :[0m firebat? i can't tank[0m
[17:16] [0m[33;1m[Clan] Zorbaine :[0m wtf is he talking about? lol[0m
[17:18] [0m[37;1m[JEDI]:[0m Tobias Kel'ach'nar arrives at the Academy.[0m
[17:19] [0m[32mMartyr tells you:[0m Wanna get get kicked out of a Applebee's tonight?[0m
[17:19] [0m[34;1mLachlan shouts:[0m impossible[0m
[17:19] [0m[34;1mLachlan shouts:[0m they want your money more than your drama[0m
[17:19] [0m[32mYou tell Martyr:[0m nah[0m
[17:20] [0m[34;1mOnslaught shouts:[0m where there's a will, and cheap long island ice tea, there's a way[0m
[17:22] [0m[33;1m[Clan] Roor enters the game.[0m  [0m
[17:22] [0m[33;1m[Clan] Void enters the game.[0m  [0m
[17:24] [0m[34;1mNeuro shouts:[0m I have actually succeeded in doing that[0m
[17:25] [0m[34;1mNeuro shouts:[0m in Decatur, IL[0m
[17:26] [0m[33;1m[Clan] Nix :[0m ser?[0m
[17:26] [0m[33;1m[Clan] Nix :[0m im in tintin i'm sure i could but i suck at coding[0m
[17:26] [0m[33;1m[Clan] Nix :[0m wl[0m
[17:26] [0m[33;1m[Clan] Nix :[0m but truth =P[0m
[17:29] [0m[34;1mMud shouts:[0m we broke it![0m
[17:36] [0m[33;1m[Clan] Ipsie :[0m so firebat is unkillable?[0m
[17:37] [0m[33;1m[Clan] Archangel :[0m The brilliant sphere of energy explodes![0m
[17:37] [0m[33;1m[Clan] Archangel :[0m attacker: secure/player#7070 ("archangel")[0m
[17:37] [0m[33;1m[Clan] Archangel :[0m real_attacker: 0[0m
[17:37] [0m[33;1m[Clan] Archangel :[0m START: 6686441/6686441[0m
[17:37] [0m[33;1m[Clan] Archangel :[0m END:   6686441/6686441[0m
[17:37] [0m[33;1m[Clan] Archangel :[0m attacker: secure/player#7070 ("archangel")[0m
[17:37] [0m[33;1m[Clan] Archangel :[0m real_attacker: 0[0m
[17:37] [0m[33;1m[Clan] Archangel :[0m START: 723821/6686441[0m
[17:37] [0m[33;1m[Clan] Archangel :[0m END:   723821/6686441[0m
[17:37] [0m[33;1m[Clan] Nix :[0m so we hit it[0m
[17:37] [0m[33;1m[Clan] Nix :[0m good[0m
[17:40] [0m[37;1m[JEDI]:[0m Herah Wylann arrives at the Academy.[0m
[17:45] [0m[33;1m[Clan] Zorbaine :[0m laf, thing got upgraded huh?[0m
[17:45] [0m[33;1m[Clan] Zorbaine :[0m you need my help?? bs[0m
[17:47] [0m[33;1m[Clan] Ser :[0m are we doing it again?[0m
[17:48] [0m[33;1m[Clan] Zorbaine :[0m lmk, i'll come try..[0m
[17:48] [0m[33;1m[Clan] Nix :[0m come[0m
[17:48] [0m[33;1m[Clan] Zorbaine :[0m there a portal or anything?[0m
[17:48] [0m[33;1m[Clan] Zorbaine :[0m always get blicked walking there[0m
[17:48] [0m[33;1m[Clan] Mud :[0m 1n of resid[0m
[17:48] [0m[33;1m[Clan] Zorbaine :[0m thanks[0m
[17:50] [0m[33;1m[Clan] Zorbaine :[0m i don't really know shit about this mob... but i'll ewell if that's alright[0m
[17:50] [0m[33;1m[Clan] Nix :[0m that's all we need from ya =P[0m
[17:50] [0m[33;1m[Clan] Nix :[0m the goal is to see byron jailed here people[0m
[17:51] [0m[33;1m[Clan] Zorbaine :[0m ewell is bad though?[0m
[17:55] [0m[34;1mLachlan shouts:[0m Mmmm... new FB = lots of great death trains.[0m
[17:55] [0m[34;1mMud shouts:[0m for science![0m
[17:55] [0m[34;1mNauda shouts:[0m and lacky is not in them, where did we go wrong?[0m
[17:56] [0m[33;1m[Clan] Archangel :[0m I'm only here helping atm so it can't be said that we might have been[0m
[17:56] [0m                   successful if I'd been here.  I really don't think it's possible to kill this[0m
[17:56] [0m                   thing anymore.[0m
[17:56] [0m[33;1m[Clan] Zorbaine :[0m yeah goodluck ha[0m
[18:00] [0m[33;1m[Clan] Ipsie :[0m uffda[0m
[18:00] [0m[34;1m ******  ******  *****   ******  *****     **    ******    **   [0m
[18:00] [0;1;34m **        **    **  **  **      **  **   ****     **      **   [0m
[18:00] [0;1;34m **        **    **  **  **      **  **  **  **    **      **   [0m
[18:00] [0;1;34m ****      **    ****    ****    *****   **  **    **      **   [0m
[18:00] [0;1;34m **        **    ** **   **      **  **  ******    **           [0m
[18:00] [0;1;34m **        **    **  **  **      **  **  **  **    **      **   [0m
[18:00] [0;1;34m **      ******  **  **  ******  *****   **  **    **      **   [0m
[18:00] [0m[34;1mFubar shouts:[0m go away Im batting in here[0m
[18:01] [0m[34;1mAtreyu shouts:[0m I want some squares on the firebat![0m
[18:01] [0m[34;1mZor shouts:[0m ROCKS![0m
[18:01] [0m[34;1mLachlan shouts:[0m over/under on number of player deaths per day7[0m
[18:01] [0m[34;1mGraey shouts:[0m and fire's just the first element. wait till you see the 4bn day7 Icebat[0m
[18:01] [0m[34;1mPiriform shouts:[0m And then the Earthbat attacks....[0m
[18:02] [0m[34;1mLachlan shouts:[0m I've heard the Earthbat is the worst... throws a literal mountain at you.[0m
[18:02] [0m[34;1mNauda shouts:[0m I'd say that 2b is close to 32 bit integer limit and hence monster size[0m
[18:02] [0m[34;1mGraey shouts:[0m Airbat has a 99% triggering evade special[0m
[18:02] [0m[34;1mPiriform shouts:[0m Yea, but you can stuff a ton of code into it without changing class[0m
[18:03] [0mYour transmuter's stone bursts with 6 new colours![0m
[18:04] [0m[34;1mNauda shouts:[0m there are so many more stronger starcraft units than firebats, my favorite is the[0m
[18:04] [0m              mothershop[0m
[18:04] [0m[34;1mHoboerectus shouts:[0m after day 7 dies, you have to kill jim raynor now ;-)[0m
[18:04] [0m[34;1mPiriform shouts:[0m Battlecruiser shows up on Day20, if the driver survives that long[0m
[18:06] [0m[34;1mNauda shouts:[0m has there been a boot longer than 11 days ever?[0m
[18:08] [0m[34;1mPiriform shouts:[0m Boot 1876 is 11 days 18 hours[0m
[18:08] [0m[34;1mLachlan shouts:[0m there has been a 14-dayer... doubt it made it to the end.[0m
[18:10] [0m[34;1mBreannah shouts:[0m i think the firebat is winning...[0m
[18:10] [0m[34;1mAdalius shouts:[0m I dunno... I think they've got a pretty good chip out of it. This one might not[0m
[18:10] [0m                end well for ole Firebats.[0m
[18:10] [0m[34;1mVagrant shouts:[0m VOLTRON ASSEMBLE[0m
[18:12] [0m[34;1mMud shouts:[0m I'll form the head[0m
[18:13] [0m[34;1mVagrant shouts:[0m voltron assembking shortly[0m
[18:15] [0m[34;1mLachlan shouts:[0m Voltron getting his butt kicked by Firebat.[0m
[18:16] [0m[34;1mAtreyu shouts:[0m what? no firebat? money back![0m
[18:16] [0m[37;1m[JEDI]:[0m Alyssa K'tal arrives at the Academy.[0m
[18:20] [0mCrolack flaps : How many dead bodies does it take to change a lightbulb?[0m
[18:20] [0mSer flaps : 3[0m
[18:20] [0mCrolack flaps : Well it's not six because my basement is still dark.[0m
[18:20] [0mGraey flaps : laff[0m
[18:20] [0mOnslaught flaps : ha![0m
[18:24] [0m[34;1mGraey shouts:[0m that is one well blooded CMC by now[0m
[18:28] [0m[33;1m[Clan] Mud leaves the game.[0m  [0m
[18:28] [0m[33;1m[Clan] Xaryl :[0m kitt dragged the summons[0m
[18:28] [0m[33;1m[Clan] Mud enters the game.[0m  [0m
[18:29] [0m[33;1m[Clan] Mud :[0m wtf, i just quit instead of pquit[0m
[18:29] [0m[33;1m[Clan] Xaryl :[0m oops[0m
[18:29] [0m[33;1m[Clan] Archangel :[0m Whoopsie[0m
[18:29] [0m[33;1m[Clan] Martyr :[0m firebat just died?[0m
[18:29] [0m[33;1m[Clan] Nix :[0m yea[0m
[18:29] [0m[33;1m[Clan] Zorbaine :[0m nice[0m
[18:30] [0m[33;1m[Clan] Archangel :[0m You all were able to kill it?[0m
[18:30] [0m[33;1m[Clan] Xaryl :[0m ya'll corpses at morgue[0m
[18:30] [0m[33;1m[Clan] Byron :[0m oh. i passed 1 trillion total xp. woo[0m
[18:33] [0m[33;1m[Clan] Mud :[0m not too bad, Death XP Debt                    -98%  -279156068[0m
[18:33] [0m[33;1m[Clan] Xaryl :[0m ha! guac is still running from the 1st attempy[0m
[18:34] [0m[33;1m[Clan] Mud :[0m ahh, i lost my guac and fingers when my rl fingers missed a 'p'[0m
[18:34] [0m[33;1m[Clan] Xaryl :[0m oops :([0m
[18:34] [0m[33;1m[Clan] Mud :[0m meh, this late in boot no biggie[0m
[18:34] [0m[33;1m[Clan] Mud :[0m just silly mistake[0m
[18:36] [0m[33;1m[Clan] Ser :[0m what[0m
[18:37] [0m[33;1m[Clan] Mud :[0m i quit instead of pquit?[0m
[18:37] [0m[33;1m[Clan] Ser :[0m oh nog sorry[0m
[18:37] [0m[33;1m[Clan] Ser :[0m ik saw that[0m
[18:41] [0m[33;1m[Clan] Xaryl :[0m want us to scare up some potions for you?[0m
[18:41] [0m[33;1m[Clan] Nix :[0m yeah i'll kill a few[0m
[18:41] [0m[33;1m[Clan] Mud :[0m naw, thanks though[0m
[18:42] [0m[33;1m[Clan] Mud :[0m i can zombie/rim loop fine w/ 2 fingers[0m
[18:42] [0m[33;1m[Clan] Nix :[0m beloch is here i'll kill[0m
[18:42] [0m[33;1m[Clan] Mud :[0m heh, ill swing by then[0m
[18:42] [0m[33;1m[Clan] Mud :[0m ive got a refresh suppose[0m
[18:51] [0m[33;1m[Clan] Byron :[0m helm of gama. wtf is this[0m
[18:52] [0m[33;1m[Clan] Byron :[0m archi? zorb?[0m
[18:53] [0m[33;1m[Clan] Byron :[0m want thia helm[0m
[18:54] [0m[33;1m[Clan] Zorbaine :[0m sure[0m
[18:54] [0m[33;1m[Clan] Zorbaine :[0m gives extra defense and dmg to us[0m
[18:55] [0m[37;1m[JEDI]:[0m H'ssani C'talan arrives at the Academy.[0m
[19:00] [0mOnslaught flaps : mmmm, hummus and pita chips...[0m
[19:02] [0m[33;1m[Clan] Decado enters the game.[0m  [0m
[19:03] [0mYour transmuter's stone bursts with 3 new colours![0m
[19:04] [0m[33;1m[Clan] Mud :[0m any non acid dmg want to swing by a beloch quick?[0m
[19:18] [0m[37;1m[JEDI]:[0m Wennic Ber'ni'lok arrives at the Academy.[0m
[19:36] [0m[34;1mHoboerectus shouts:[0m i'm the juggernaut, bitch![0m
[19:36] [0m[34;1mCrolack shouts:[0m in the butt[0m
[19:36] [0m[34;1mElminster shouts:[0m guard your sphincter[0m
[19:36] [0m[34;1mHardcore shouts:[0m sphincter is always my acquired target[0m
[19:39] [0m[34;1mHardcore shouts:[0m he had to type wipeme[0m
[19:40] [0m[34;1mTurnhold shouts:[0m Nog, I thought it was funny:)[0m
[19:46] [0m[37;1m[JEDI]:[0m Reena Bel Noir arrives at the Academy.[0m
[19:57] [0mOnslaught <Craft>: 3 entraps, no essence...doing something wrong here>?[0m
[19:58] [0mKirin <Craft>: has to die a few rounds after the entrap[0m
[19:58] [0mTony <Craft>: the essence drops to the ground once you defeat the mob, you also want to entrap[0m
[19:58] [0m              when the mob is low health[0m
[19:58] [0mNauda <Craft>: trap when monster has like 5% left[0m
[19:58] [0mOnslaught <Craft>: all mobs entrapped within 3 rounds of death, no essence[0m
[19:58] [0mOnslaught <Craft>: ah, it's on their corpse...[0m
[19:58] [0mTony <Craft>: ah, yes  :([0m
[19:58] [0mHyuga <Craft>: hmm we should have tried entrapping FB at 10%[0m
[19:59] [0mZorbaine <Craft>: you sure you're killing gelflings?[0m
[19:59] [0mTony <Craft>: that would have done it[0m
[19:59] [0mNauda <Craft>: fb did entrap many essences[0m
[20:02] [0m[35;1mGraey [Jedi(39)]:[0m woo woo[0m
[20:03] [0m[35;1mRoken [Jedi(75)]:[0m woo half way there![0m
[20:03] [0m[35;1mGraey [Jedi(39)]:[0m deflect the force! icky force, stay away![0m
[20:03] [0mYour transmuter's stone bursts with 5 new colours![0m
[20:06] [0m[34;1mYik shouts:[0m %S%I%I% i don't really know what to say here, but that's a good thing[0m
[20:12] [0mHyuga flaps : that oscars sketch was almost as awkward as handling fbat summons[0m
[20:19] [0m[37;1m[JEDI]:[0m Rhaan arrives at the Academy.[0m
[20:21] [0m[35;1mHyuga [Jedi(95)]:[0m whee 75% gxp[0m
[20:23] [0m[35;1mGraey [Jedi(39)]:[0m go go go[0m
[20:23] [0m[35;1mHyuga [Jedi(95)]:[0m nod i become top 5 jedi![0m
[20:48] [0m[37;1m[JEDI]:[0m Ylenic It'kla arrives at the Academy.[0m
[20:56] [0mNauda flaps : Lag Average:    0.00   0.00   0.25   0.20[0m
[21:03] [0mYour transmuter's stone bursts with 4 new colours![0m
[21:06] [0m[33;1m[Clan] Byron :[0m you #2 psicorp yet?[0m
[21:14] [0m[33;1m[Clan] Ser :[0m yah[0m
[21:19] [0m[33;1m[Clan] Ser :[0m been #2 for a month or 2[0m
[21:20] [0m[33;1m[Clan] Ser :[0m passed calisp like 3rd week of november[0m
[21:20] [0m[33;1m[Clan] Byron :[0m woo[0m
[21:21] [0m[33;1m[Clan] Ser :[0m he has a lot mroe spent on skills than me tho :P[0m
[21:21] [0m[33;1m[Clan] Byron :[0m Im gonna pass Nix after I get him wiped[0m
[21:21] [0m[33;1m[Clan] Ser :[0m so he's more "filled out"[0m
[21:21] [0m[33;1m[Clan] Byron :[0m So we'll both be number 2![0m
[21:21] [0m[33;1m[Clan] Ser :[0m i'm just a scrawny guy[0m
[21:21] [0m[33;1m[Clan] Byron :[0m laf. nod[0m
[21:22] [0m[33;1m[Clan] Byron :[0m qhatever happen w your clone?[0m
[21:22] [0m[33;1m[Clan] Ser :[0m nothing yet[0m
[21:23] [0m[33;1m[Clan] Ser :[0m i actually need to catch rasta on[0m
[21:26] [0m[33;1m[Clan] Byron :[0m other clones got made. i would nudge him when hes on[0m
[21:26] [0m[33;1m[Clan] Byron :[0m he forgets[0m
[21:28] [0m[37;1m[JEDI]:[0m Durnoth arrives at the Academy.[0m
[21:28] [0m[33;1m[Clan] Ser :[0m i think if i select the restore vaf he will probably hop on it[0m
[21:28] [0m[33;1m[Clan] Ser :[0m he's probably waiting for me to make up my mind on what to do, i think he said i[0m
[21:28] [0m             could just restore karvec or character copy/partial restore[0m
[21:28] [0m[33;1m[Clan] Ser :[0m not sure if i want to just do a full restore tho and call it a day[0m
[21:29] [0m[33;1m[Clan] Zorbaine :[0m was the clone a vaf thing, temporary?[0m
[21:33] [0m[33;1m[Clan] Byron :[0m gxp > xp[0m
[21:33] [0m[33;1m[Clan] Byron :[0m you know this though[0m
[21:33] [0m[33;1m[Clan] Byron :[0m brother in arms[0m
[21:34] [0m[33;1m[Clan] Zorbaine :[0m yeah i know, but if a clone is only $200 of something... fuck it, clone and[0m
[21:34] [0m                  start in new guild a lot easier, shrug[0m
[21:34] [0m[33;1m[Clan] Zorbaine :[0m but meh, always fun to start over[0m
[21:34] [0m[33;1m[Clan] Byron :[0m no way. id take lvl 1 and my gxp[0m
[21:34] [0m[33;1m[Clan] Zorbaine :[0m ah duh, lvl 1 and gxp would be better, but not an option[0m
[21:34] [0m[33;1m[Clan] Byron :[0m yeah, hes saying to restore his bard karvec[0m
[21:34] [0m[33;1m[Clan] Zorbaine :[0m oh nod[0m
[21:35] [0m[33;1m[Clan] Zorbaine :[0m do it ;p.. think im gonna start a bard end of this month[0m
[21:35] [0m[33;1m[Clan] Zorbaine :[0m but will be traveling soon after, so wont play too much probably, for a while[0m
[21:35] [0m[33;1m[Clan] Byron :[0m got a place picked out?[0m
[21:35] [0m[33;1m[Clan] Zorbaine :[0m yea but its like a trip with special someone so keeping it kinda low key, i'll[0m
[21:35] [0m                  pm[0m
[21:50] [0mHyuga flaps : this is a dope rhyme[0m
[21:51] [0mInix flaps : what is?  hope?  soap, rope, mope, pope, cope, lope, nope?[0m
[21:51] [0mHyuga flaps : 2e2n2w1n2w4n1w[0m
[21:51] [0mHyuga flaps : i figured it out[0m
[21:52] [0mInix flaps : What did you figure out?[0m
[21:52] [0mNauda flaps : I am sure it has d sw there somewhere[0m
[21:53] [0mNauda flaps : 8inix, did hyuga really figure it out?[0m
[21:53] [0mInix flaps : [30;1m([34;1m8[30;1m)[0mInix : Yes - definitely[0m
[21:53] [0mZorbaine flaps : 😲[0m
[21:54] [0mHyuga flaps : pfft. haters[0m
[21:55] [0mHyuga flaps : let the guy with 80 lines of scrollback figure out the dirs![0m
[21:55] [0m[35;1mTriorchid [Jedi(11)]:[0m sense/control/alter can't be trained by NPCs?[0m
[21:56] [0m[35;1mTriorchid [Jedi(11)]:[0m or am i looking in the wrong place[0m
[21:56] [0m[35;1mHyuga [Jedi(95)]:[0m 3n/sw[0m
[21:56] [0mKitt flaps : 8inix: is firebat killable[0m
[21:56] [0m[35;1mGraey [Jedi(39)]:[0m only fondon raas[0m
[21:56] [0mInix flaps : [30;1m([34;1m8[30;1m)[0mInix : Outlook good[0m
[21:56] [0m[35;1mHyuga [Jedi(95)]:[0m dont trust me[0m
[21:56] [0m[35;1mHyuga [Jedi(95)]:[0m i am bad at durs[0m
[21:56] [0mKitt flaps : 8inix: is firebat day7  killable though[0m
[21:56] [0m[35;1mHyuga [Jedi(95)]:[0m you might die to a firebat on the way[0m
[21:56] [0mInix flaps : [30;1m([34;1m8[30;1m)[0mInix : Without a doubt[0m
[21:56] [0mLachlan flaps : LIES![0m
[21:56] [0mLachlan flaps : Prove it.[0m
[21:57] [0mHyuga flaps : it was definitely killable[0m
[21:57] [0mGraey flaps : 8inix: if players kill day7, will it get upgraded some more?[0m
[21:57] [0m[35;1mTriorchid [Jedi(12)]:[0m syntax :(  thanks.[0m
[21:57] [0mInix flaps : [30;1m([34;1m8[30;1m)[0mInix : Don't count on it[0m
[21:58] [0mHyuga flaps : that is the best question asked ao far[0m
[21:58] [0mNauda flaps : 8inix bot has them smarts[0m
[21:58] [0mInix flaps : Were the directions ever in question?[0m
[21:58] [0mInix flaps : [30;1m([34;1m8[30;1m)[0mInix : Ask again later[0m
[21:58] [0mHyuga flaps : apparently, everyone kept asking hehe[0m
[21:59] [0mHyuga flaps : making the final rooms nofollow was probably the most effective of tge added codes[0m
[22:00] [0mHyuga flaps : whoops wl whatevs[0m
[22:00] [0m[37;1m[JEDI]:[0m Kerran Halcyon arrives at the Academy.[0m
[22:01] [0mHyuga flaps : apparently no one on the mud but inix knew how to get to fb[0m
[22:15] [0m[34;1mHyuga shouts:[0m I AM BOTTING[0m
[22:15] [0m[34;1mNauda shouts:[0m in a bit[0m
[22:15] [0m[34;1mSpace shouts:[0m yup he is, NE of me[0m
[22:17] [0m[34;1mKitt shouts:[0m Tking those FireBats[0m
[22:29] [0m[37;1m[JEDI]:[0m Tobias Kel'ach'nar arrives at the Academy.[0m
[22:34] [0mNauda flaps : you get a boi, and I get a boi, and everyone gets a boi[0m
[22:34] [0m[33;1m[Clan] Xaryl :[0m donates in[0m
[22:34] [0mInix flaps : Your FACE is a boi[0m
[22:34] [0mHyuga flaps : I have a boi![0m
[22:37] [0mHyuga flaps : man, geena davis is still super hot[0m
[22:55] [0m[37;1m[JEDI]:[0m Alyssa K'tal arrives at the Academy.[0m
[23:01] [0mHyuga flaps : not sure how i feel about billy eyelash doing yesterday[0m
[23:01] [0mVoodoo flaps : billy unibrow does a better cover[0m
[23:01] [0mHyuga flaps : agreed[0m
[23:09] [0mHyuga flaps : wow this is deep[0m
[23:11] [0mHyuga flaps : that was pretty dope[0m
[23:12] [0mNauda flaps : Hyuga is having the good stuff[0m
[23:13] [0mHyuga flaps : its nice to have your inner thoughts expressed on national tv[0m
[23:13] [0mHyuga flaps : if only we could apply these principles to fbat[0m
[23:14] [0mHyuga flaps : *snark*[0m
[23:17] [0m<- ! The Vigilant ! -> :  A destabilization Kayos event has been detected in Northern Hills of[0m
[23:17] [0m                          Fantasy!  We are localizing it now - get ready![0m
[23:24] [0m[33;1m[Clan] Xaryl :[0m Metaphysically Unstable -- what day is that cmc?[0m
[23:24] [0m[33;1m[Clan] Xaryl :[0m 6?[0m
[23:28] [0m[37;1m[JEDI]:[0m Wennic Ber'ni'lok arrives at the Academy.[0m
[23:30] [0m[33;1m[Clan] Nix :[0m yea 6[0m
