- = LOG STARTED [00:00] = -
[00:04] [0m[37;1mSquirrel flaps :[0m happy Summer[0m
[00:04] [0m[37;1mSquirrel flaps :[0m longest day of the year[0m
[00:07] [0m[33;1m[Clan] Taleast :[0m nice[0m
[00:09] [0m[37;1mSquirrel flaps :[0m beloch run[0m
[00:10] [0m[37;1mBrazzin flaps :[0m ouchie lag[0m
[00:11] [0m[37;1mSquirrel flaps :[0m come hit beloch[0m
[00:12] [0m[37;1mVagrant flaps :[0m ill come help after this meeting! :)[0m
[00:13] [0m[34;1mBrazzin shouts:[0m woo[0m
[00:13] [0m[34;1mVagrant shouts:[0m rock on![0m
[00:22] [0m[33;1m[Clan] Ser :[0m hey oscar[0m
[00:22] [0m[33;1m[Clan] Ser :[0m you dont recommend ionlink either?[0m
[00:24] [0m[33;1m[Clan] Oscar :[0m you'll need that[0m
[00:24] [0m[33;1m[Clan] Oscar :[0m itll double your gxp when you actually use ibeam[0m
[00:24] [0m[33;1m[Clan] Oscar :[0m lets you fire every round[0m
[00:24] [0m[33;1m[Clan] Ser :[0m but skip phasing ionbeam and dont get ionbeam ii?[0m
[00:25] [0m[33;1m[Clan] Taleast :[0m er[0m
[00:25] [0m[33;1m[Clan] Ser :[0m i'm having no problem sustaining mowing through crystals[0m
[00:26] [0m[33;1m[Clan] Oscar :[0m do not phase ibeam[0m
[00:26] [0m[33;1m[Clan] Oscar :[0m you wont be able ot hang[0m
[00:26] [0m[33;1m[Clan] Oscar :[0m and when you think you can[0m
[00:26] [0m[33;1m[Clan] Oscar :[0m you'll regret it[0m
[00:27] [0m[33;1m[Clan] Oscar :[0m if youre mowing and getting gxp, keep rollin[0m
[00:56] [0m[36m<BS> Stevie :[0m hi guys[0m
[00:56] [0m[36m<BS> Fennec :[0m Hi Stevie![0m
[00:56] [0m[36m<BS> Stevie :[0m are we all guys right now?[0m
[00:56] [0m[36m<BS> Fennec :[0m well no....but it's okay.[0m
[00:56] [0m[36m<BS> Xiu :[0m there are no female mudders![0m
[00:57] [0m[36m<BS> Stevie :[0m I brought a female mudder once...she still plays[0m
[00:57] [0m[36m<BS> Fennec :[0m I mean technically even if there's one guy in a group of[0m
[00:57] [0m              girls, you still say hey guys.[0m
[00:59] [0m[36m<BS> Fennec :[0m you need to recruit more female mudders, Stevie.[0m
[00:59] [0m[36m<BS> Stevie :[0m I tried[0m
[00:59] [0m[36m<BS> Stevie :[0m I'm an ugly 40 year old with few friends that aren't busy[0m
[00:59] [0m[36m<BS> Fennec :[0m don't give up![0m
[00:59] [0m[36m<BS> Stevie :[0m hehe[0m
[01:00] [0m[36m<BS> Xiu :[0m that's okay the game sells itself, once they see this scrolling[0m
[01:00] [0m           text they won't be able to quit[0m
[01:00] [0m[36m<BS> Fennec :[0m agreed[0m
[01:00] [0m[36m<BS> Xiu :[0m i got one person to play for a brief period but she was more into[0m
[01:00] [0m           RP muds and didn't really get the appeal of 3k[0m
[01:01] [0m[36m<BS> Stevie :[0m I'm sure if I offered people free drugs they would play...[0m
[01:01] [0m[36m<BS> Stevie :[0m ansi and LSD[0m
[01:02] [0m[36m<BS> Stevie :[0m I'm fresh out of anything illegal though[0m
[01:02] [0m[36m<BS> Xiu :[0m free LSD makes everything better[0m
[01:02] [0m[36m<BS> Stevie :[0m I'm sipping on a chamomile tea, runing my gear over again and[0m
[01:02] [0m              again[0m
[01:03] [0m[36m<BS> Stevie :[0m I think I might try for a new best kill[0m
[01:03] [0m[36m<BS> Fennec :[0m do it![0m
[01:03] [0m[36m<BS> Fennec :[0m who do you have your eye on?[0m
[01:04] [0m[36m<BS> Stevie :[0m not sure...I feel bad about killing Tiamat cause that's[0m
[01:04] [0m              actually a good dragon irl[0m
[01:04] [0m[36m<BS> Fennec :[0m i got a new bk AND a new arch foe today.[0m
[01:04] [0m[36m<BS> Stevie :[0m Dragon Lady of the Bitter Waters - Tiamat[0m
[01:05] [0m[36m<BS> Xiu :[0m go for zelligar![0m
[01:07] [0m[34;1mKoschei shouts:[0m woot[0m
[01:08] [0m[34;1mSquirrel shouts:[0m more[0m
[01:08] [0m[34;1mSimon shouts:[0m Thanks :)[0m
[01:09] [0m[36m<BS> Stevie :[0m I sure feel buff now[0m
[01:09] [0m[36m<BS> Fennec :[0m yay![0m
[01:10] [0m[33;1m[Clan] Taleast :[0m tried Crossing Swords on Hulu. From the creators of Robot[0m
[01:10] [0m                 Chicken... it is not very good.[0m
[01:10] [0m[36m<BS> Xiu :[0m oh you could get a tropical fern as a bk. that would be sort of[0m
[01:10] [0m           funny.[0m
[01:11] [0m[36m<BS> Fennec :[0m he he he. I didn't even know there was a tropical fern to[0m
[01:11] [0m              kill.[0m
[01:11] [0m[36m<BS> Xiu :[0m the ones in MF2 are like 20mil[0m
[01:12] [0m[36m<BS> Fennec :[0m sheesh![0m
[01:18] [0m[33;1m[Clan] Oscar :[0m You shatter spoiled Angry Horse like a slut in a horror film.[0m
[01:18] [0m[33;1m[Clan] Oscar :[0m laf[0m
[01:19] [0m[36m<BS> Fennec :[0m I'm just gonna say, it was "this" close to having the training[0m
[01:19] [0m              masters name be Tony Hawksong instead of Kerym Hawksong. Just[0m
[01:19] [0m              say'n, "this" close.[0m
[01:20] [0m[33;1m[Clan] Ser :[0m why did i get rush and not surge[0m
[01:25] [0m[36m<BS> Fennec :[0m where do i get a guild bag from?[0m
[01:25] [0m[36m<BS> Xiu :[0m shop is all south from ATM, same room as south box[0m
[01:25] [0m[36m<BS> Fennec :[0m thanks[0m
[06:30] [0m[37;1m[JEDI]:[0m Durnoth arrives at the Academy.[0m
[07:03] [0m[35;1mKoschei [Jedi(21)]:[0m i need to get my act together or this is gunna start hurting my poor doggo[0m
[07:03] [0m[35;1mKoschei [Jedi(21)]:[0m since i started koschei the deathless, i went from 77% to dlvl 21 to 20%[0m
[07:04] [0m[35;1mKoschei [Jedi(21)]:[0m once upon a time ny dog was dlvl 21 :([0m
[07:04] [0m[35;1mKoschei [Jedi(21)]:[0m for like maybe a day :p[0m
[07:06] [0m[37;1m[JEDI]:[0m Tobias Kel'ach'nar arrives at the Academy.[0m
[07:26] [0m[35;1mKoschei [Jedi(21)]:[0m making almost 6M xp an hr[0m
[07:26] [0m[35;1mKoschei [Jedi(21)]:[0m not bad![0m
[07:29] [0m[35;1mKoschei [Jedi(22)]:[0m train is rolling now[0m
[07:29] [0m[35;1mKoschei [Jedi(22)]:[0m back in scaler 55 chessboard[0m
[07:29] [0m[35;1mKoschei [Jedi(22)]:[0m having learned from my last mistake :)[0m
[07:37] [0mYour transmuter's stone bursts with 5 new colours![0m
[07:39] [0m[37;1m[JEDI]:[0m Kerran Halcyon arrives at the Academy.[0m
[08:10] [0m[37;1m[JEDI]:[0m Talia Ska arrives at the Academy.[0m
[08:35] [0m[35;1mMellaous [Jedi(80)]:[0m morning[0m
[08:38] [0m[35;1mDroz [Jedi(36)]:[0m Morning it is[0m
[08:39] [0m[37;1m[JEDI]:[0m Tobias Kel'ach'nar arrives at the Academy.[0m
[08:41] [0m[37;1mLeianne flaps :[0m that teaches me not to scaler 136 without guacamole treatment..[0m
[09:02] [0m[35;1mKoschei [Jedi(22)]:[0m i could use a little rhaan in my life[0m
[09:03] [0m[33;1m[Clan] Oscar :[0m The shatter catches Red Foot Soldier ousside, how 'bout that!?![0m
[09:07] [0m[33;1m[Clan] Taleast :[0m I have no idea what that means[0m
[09:07] [0m[33;1m[Clan] Taleast :[0m but it sounds good[0m
[09:07] [0m[33;1m[Clan] Taleast :[0m ahhh[0m
[09:08] [0m[33;1m[Clan] Taleast :[0m this is a damage spell and these are the damage emotes[0m
[09:08] [0m[33;1m[Clan] Taleast :[0m quite surly[0m
[09:09] [0m[33;1m[Clan] Oscar :[0m yes[0m
[09:12] [0m[35;1mKoschei [Jedi(22)]:[0m Come on Captain Rhaan.[0m
[09:12] [0m[35;1mWert [Jedi(Knight)]:[0m sry i need rhaan too, so obviously not coming[0m
[09:13] [0m[37;1m[JEDI]:[0m Herah Wylann arrives at the Academy.[0m
[09:13] [0m[35;1mKoschei [Jedi(22)]:[0m how do you like your yolk, hard or rhaany?[0m
[09:14] [0m[33;1m[Clan] Taleast :[0m belated "morning", everyone[0m
[09:14] [0m[33;1m[Clan] Oscar :[0m mornin[0m
[09:14] [0m[33;1m[Clan] Ipsie :[0m morni[0m
[09:15] [0m[33;1m[Clan] Ipsie :[0m got any spare spirit gear lying around, oscar ?[0m
[09:15] [0m[33;1m[Clan] Ipsie :[0m im late to the party :)[0m
[09:16] [0m[35;1mInquisitor [Jedi(Knight)]:[0m Gah, I didn't adjust my scaler[0m
[09:16] [0m[35;1mInquisitor [Jedi(Knight)]:[0m Just wasted a smurf dungeon below level 100[0m
[09:16] [0m[33;1m[Clan] Saim :[0m heo[0m
[09:16] [0mYour transmuter's stone bursts with 6 new colours![0m
[09:18] [0m[33;1m[Clan] Sparkie :[0m mornin[0m
[09:18] [0m[33;1m[Clan] Oscar :[0m ummm[0m
[09:18] [0m[33;1m[Clan] Oscar :[0m I might[0m
[09:18] [0m[33;1m[Clan] Oscar :[0m lemme check the house[0m
[09:18] [0m[33;1m[Clan] Oscar :[0m nah[0m
[09:18] [0m[33;1m[Clan] Saim :[0m allergies fuck man[0m
[09:19] [0m[33;1m[Clan] Saim :[0m how does my head make all this congestion shit, and where tf does it come from[0m
[09:19] [0m              when i wake up[0m
[09:19] [0m[33;1m[Clan] Ipsie :[0m my allergies have been rugged[0m
[09:19] [0m[33;1m[Clan] Oscar :[0m plants fucking[0m
[09:19] [0m[33;1m[Clan] Saim :[0m plants b fuckin - yea[0m
[09:21] [0m[33;1m[Clan] Taleast :[0m I also dislike those particular plant activities[0m
[09:35] [0m[33;1m[Clan] Knox enters the game.[0m  [0m
[09:39] [0m[37;1m[JEDI]:[0m Wennic Ber'ni'lok arrives at the Academy.[0m
[09:39] [0m[35;1mKoschei [Jedi(22)]:[0m hey you arent rhaan[0m
[09:41] [0m[35;1mBurnaby [Jedi(73)]:[0m yo![0m
[10:10] [0m[33;1m[Clan] Ser :[0m WOOOOO[0m
[10:10] [0m[33;1m[Clan] Taleast :[0m double dickbutts are in Ser's future![0m
[10:10] [0m[33;1m[Clan] Ser :[0m oh i am just cheering Oscar's death[0m
[10:10] [0m[33;1m[Clan] Taleast :[0m oh[0m
[10:11] [0m[33;1m[Clan] Oscar :[0m ouch[0m
[10:11] [0m[33;1m[Clan] Taleast :[0m well now I regret what I am party to wooing[0m
[10:11] [0m[37;1m[JEDI]:[0m H'ssani C'talan arrives at the Academy.[0m
[10:11] [0m[33;1m[Clan] Oscar :[0m you should feel bad[0m
[10:11] [0m[33;1m[Clan] Oscar :[0m it was rude[0m
[10:11] [0m[33;1m[Clan] Taleast :[0m fuck it, that was minutes ago, I'm over it[0m
[10:12] [0m[34;1mSparkie shouts:[0m wooohoooo[0m
[10:12] [0m[33;1m[Clan] Taleast :[0m you folks are too BS[0m
[10:12] [0m[34;1mKoschei shouts:[0m whee[0m
[10:16] [0m[34;1mSer shouts:[0m noooooooo[0m
[10:16] [0m[34;1mAka shouts:[0m you're fired.[0m
[10:16] [0m[34;1mOmni shouts:[0m would you believe I have 3 bosses?[0m
[10:16] [0m[34;1mTaleast shouts:[0m Well, OK... but I'm going to burn the place down.[0m
[10:16] [0m[34;1mParadox shouts:[0m PC LOAD LETTER[0m
[10:16] [0m[34;1mDin shouts:[0m We'll find your stapler..[0m
[10:16] [0m[34;1mInquisitor shouts:[0m You ALMOST got me...[0m
[10:16] [0m[34;1mSer shouts:[0m oh yeah i don't even know what a TPS report is thank god[0m
[10:18] [0m[34;1mKoschei shouts:[0m Why does it say paper jam when there is no paper jam?[0m
[10:20] [0mOmni <Craft>: any transmuters got a spare xmute they wanna bless my sorry butt with?[0m
[10:21] [0mDin <Craft>: i've got all the colors, but used my transmute gear for the boot[0m
[10:21] [0m[35;1mBurnaby [Jedi(73)]:[0m Current Droid Offerings: 1. security, 2. heavy industry, 3. military, 4.[0m
[10:21] [0m                    astromech, 5. assassin[0m
[10:21] [0m[35;1mMellaous [Jedi(80)]:[0m what the hell does the heavy industry do[0m
[10:21] [0m[35;1mBurnaby [Jedi(73)]:[0m repair[0m
[10:21] [0m[35;1mMellaous [Jedi(80)]:[0m nod[0m
[10:22] [0m[35;1mInquisitor [Jedi(Knight)]:[0m Doesn't it also carry stuff?[0m
[10:22] [0m[35;1mBurnaby [Jedi(73)]:[0m yes. Grade F in carry[0m
[10:26] [0m[35;1mKoschei [Jedi(22)]:[0m oh sorry[0m
[10:26] [0m[35;1mKoschei [Jedi(22)]:[0m i just wanted the reflex to set a reflex really fast heh[0m
[10:29] [0m[35;1mWert [Jedi(Knight)]:[0m scroll of universe at cog if someone missing still[0m
[10:31] [0m[35;1mInquisitor [Jedi(Knight)]:[0m There's also a BoP augmented trans armor in land2.  Might be 2 when I[0m
[10:31] [0m                           finish this wind.[0m
[10:31] [0m[35;1mInquisitor [Jedi(Knight)]:[0m You know, for folks who don't have CMC or whatever.  :P[0m
[10:36] [0m[34;1mHex shouts:[0m fired for playing with the finished oak cabinets?[0m
[10:36] [0m[35;1mInquisitor [Jedi(Knight)]:[0m See, the problem with these boons is that I'm exploring (sort of) and[0m
[10:36] [0m                           I'll eventually find something that melts my face.[0m
[10:37] [0m[35;1mInquisitor [Jedi(Knight)]:[0m But in case anyone is curious, the vortex of horror/terror in land2[0m
[10:37] [0m                           aren't nearly as scary as the winds.[0m
[10:38] [0m[35;1mKoschei [Jedi(22)]:[0m day2 cmc is kinda meh. i dont think most people bother unlesd they have[0m
[10:38] [0m                    multiple dupes[0m
[10:38] [0m[35;1mInquisitor [Jedi(Knight)]:[0m Kind of meh as in... dwarven chainmail or god crafted?[0m
[10:39] [0m[35;1mWert [Jedi(Knight)]:[0m as i find both of those sitting on the ground i dont see a difference :P[0m
[10:39] [0m[35;1mKoschei [Jedi(22)]:[0m depends. the ac on it is terrible. but it still does cmc stuff[0m
[10:41] [0m[35;1mInquisitor [Jedi(Knight)]:[0m Realize that my armor is cyberpope plate and I'm pretty happy about[0m
[10:41] [0m                           it.  So like, if a day CMC is sportin' even 40 e/b, it's going to[0m
[10:41] [0m                           hold up.[0m
[10:41] [0m[35;1mInquisitor [Jedi(Knight)]:[0m because of, you know...  cmc stuff[0m
[10:41] [0m[32mOmni tells you:[0m any chance your xmute is unused?[0m
[10:42] [0m[37;1m[JEDI]:[0m Reena Bel Noir arrives at the Academy.[0m
[10:45] [0m[35;1mInquisitor [Jedi(Knight)]:[0m Also a trans bracelet, shield, and helmet down in the stairwell.  All[0m
[10:45] [0m                           BoP[0m
[10:45] [0m[35;1mInquisitor [Jedi(Knight)]:[0m And the north wind reset so I'm gonna kill it again[0m
[10:46] [0m[35;1mKoschei [Jedi(22)]:[0m i dont know for sure but i think day2 is more like 20 ac[0m
[10:46] [0m[35;1mKoschei [Jedi(22)]:[0m maybe a little more[0m
[10:46] [0m[35;1mInquisitor [Jedi(Knight)]:[0m heh[0m
[10:46] [0m[35;1mInquisitor [Jedi(Knight)]:[0m Okay yeah, that would be...  ineffective[0m
[10:46] [0m[35;1mInquisitor [Jedi(Knight)]:[0m Would make a great ring.[0m
[10:46] [0m[35;1mKoschei [Jedi(22)]:[0m people dont wear it for the ac[0m
[10:46] [0m[35;1mInquisitor [Jedi(Knight)]:[0m I'm kinda a weenie, I need my AC[0m
[10:46] [0m[35;1mKoschei [Jedi(22)]:[0m i think the stat boosts are only +5 as well[0m
[10:47] [0m[35;1mKoschei [Jedi(22)]:[0m as opposed to +9 day3 on[0m
[11:00] [0m[33;1m[Clan] Saim :[0m nice, got an (unload room in queen area[0m
[11:03] [0m[37;1mAl flaps :[0m resetting zelligars if you're interested - 2 mins?[0m
[11:04] [0m[35;1mAl [Jedi(52)]:[0m resetting zelligars, 1 min if you're looking for party reset[0m
[11:04] [0m[37;1mKitt flaps :[0m i am[0m
[11:06] [0m[34;1mFluffy shouts:[0m big letters[0m
[11:06] [0m[34;1mEagleeyes shouts:[0m woo woo[0m
[11:06] [0m[34;1mCastor shouts:[0m thanks everyone![0m
[11:12] [0m[37;1m[JEDI]:[0m Janath Meelin arrives at the Academy.[0m
[11:14] [0m[33;1m[Clan] Taleast :[0m sorry, missed it, what's an unload room? As in a dest?[0m
[11:15] [0m[33;1m[Clan] Taleast :[0m oh, you've not logged out this boot[0m
[11:24] [0m[37;1mLachlan flaps :[0m resetting dtaco in 1 min[0m
[11:24] [0m[33;1m[Clan] Oscar :[0m unload room is like a room refresh[0m
[11:24] [0m[33;1m[Clan] Oscar :[0m but it "unloads" it[0m
[11:24] [0m[33;1m[Clan] Oscar :[0m which has other benefits[0m
[11:24] [0m[34;1mOreo shouts:[0m english muffins with grape jelly nom nom[0m
[11:25] [0m[34;1mZanadu shouts:[0m country style steak gravy biscuit > all[0m
[11:25] [0m[33;1m[Clan] Saim :[0m yea but hard to get it working in queen area[0m
[11:25] [0m[33;1m[Clan] Saim :[0m so many mobs[0m
[11:25] [0m[33;1m[Clan] Saim :[0m queen room has to be empty[0m
[11:25] [0m[37;1mLachlan flaps :[0m anymore for dtaco... send tell now[0m
[11:25] [0m[37;1mLachlan flaps :[0m resetting in 10... 9...[0m
[11:26] [0m[37;1mEagleeyes flaps :[0m hold up a min[0m
[11:26] [0m[37;1mLachlan flaps :[0m hurry hard...[0m
[11:26] [0m[37;1mAdalius flaps :[0m So smears seem to be working better? Haven't heard much on them since reboot...[0m
[11:27] [0m[37;1mLachlan flaps :[0m reset done[0m
[11:27] [0m[32mYou tell Omni:[0m it is[0m
[11:28] [0m[37;1mLachlan flaps :[0m wasnt aware there was a previous issue... working for me I believe.[0m
[11:28] [0m[32mYou tell Omni:[0m unused[0m
[11:28] [0m[37;1mLachlan flaps :[0m yep, last paste is active.[0m
[11:28] [0m[32mMoltar tells you:[0m think I could trade or something for axe->lance xmute?[0m
[11:29] [0m[32mOmni tells you:[0m heh wrong char[0m
[11:29] [0m[32mOmni tells you:[0m would that be possible? I'm having a hell of a time getting axe rings[0m
[11:29] [0m[32mOmni tells you:[0m got lots of lance rings tho[0m
[11:29] [0m[35;1mDroz [Jedi(36)]:[0m Yay, new prof. Assassin[0m
[11:30] [0m[37;1mOmni flaps :[0m they seem fixed.[0m
[11:33] [0m[33;1m[Clan] Taleast :[0m gotcha, sorry, Aka was kind enough to explain it to me and I didn't think to[0m
[11:33] [0m                 respond again[0m
[11:33] [0m[33;1m[Clan] Taleast :[0m sorry, working and partying with Ser[0m
[11:34] [0mYour transmuter's stone bursts with 6 new colours![0m
[11:34] [0m[33;1m[Clan] Taleast :[0m thanks for the explanation[0m
[11:37] [0m[32mOmni tells you:[0m is that possible?[0m
[11:39] [0m[37;1m[JEDI]:[0m Rhaan arrives at the Academy.[0m
[11:42] [0m[35;1mKoschei [Jedi(22)]:[0m oh dope its rhaan[0m
[11:42] [0m[35;1mWert [Jedi(Knight)]:[0m thx[0m
[11:42] [0m[35;1mSaim [Jedi(Elder)]:[0m rhaan sells dope[0m
[11:42] [0m[35;1mWert [Jedi(Knight)]:[0m im out atm, needed the restock[0m
[11:42] [0m[35;1mDroz [Jedi(36)]:[0m Woo![0m
[11:42] [0m[35;1mKoschei [Jedi(22)]:[0m whee[0m
[11:43] [0m[35;1mWert [Jedi(Knight)]:[0m woo got the dodge strain[0m
[11:45] [0m[35;1mKoschei [Jedi(22)]:[0m oh i am dumb[0m
[11:45] [0m[35;1mKoschei [Jedi(22)]:[0m laf[0m
[11:45] [0m[35;1mKoschei [Jedi(22)]:[0m i coulda maxed out ki burst and been done with it but i put a point into[0m
[11:45] [0m                    dodge[0m
[11:46] [0m[35;1mDroz [Jedi(36)]:[0m Not as dumb as I am. At glvl 36 I could've gotten an Alter Tech, but I[0m
[11:46] [0m                 completely missed it on trainable skills and raised rstun to 4 instead.[0m
[11:46] [0m[35;1mKoschei [Jedi(22)]:[0m doh[0m
[11:57] [0m[33;1m[Clan] Oscar :[0m i think that thing does have some ac[0m
[11:57] [0m[33;1m[Clan] Blutash :[0m No clue[0m
[11:57] [0m[33;1m[Clan] Oscar :[0m usually when it says useless in the desc from wiz item[0m
[11:57] [0m[33;1m[Clan] Oscar :[0m it is though heh[0m
[11:57] [0m[37;1mTurnhold <.oO>:[0m sup nerds[0m
[11:57] [0m[37;1mPrismal <.oO>:[0m just nerdin out[0m
[11:57] [0m[37;1mVapor <.oO>:[0m me no nerd[0m
[11:57] [0m[37;1mSaim <.oO>:[0m coding some new epowers?[0m
[11:58] [0m[37;1mTurnhold <.oO>:[0m nope, fixing some things[0m
[11:58] [0m[37;1mSaim <.oO>:[0m i got ideas... (callturnholdsmom[0m
[11:58] [0m[37;1mTurnhold <.oO>:[0m adding some policies for use of some powers.[0m
[11:58] [0m[37;1mSaim <.oO>:[0m ooo nice[0m
[12:02] [0m[37;1mEagleeyes flaps :[0m anyone want some damage behind them[0m
[12:02] [0m[37;1mBurnaby flaps :[0m CEBUUUUUUU[0m
[12:03] [0m[33;1m[Clan] Oscar :[0m i got a dupe up btw[0m
[12:03] [0m[33;1m[Clan] Oscar :[0m maybe i should track down auro shield[0m
[12:09] [0m[37;1m[JEDI]:[0m Ylenic It'kla arrives at the Academy.[0m
[12:12] [0m[33;1m[Clan] Oscar :[0m  15.  ( Complete )  I'm a winner![0m
[12:12] [0m[33;1m[Clan] Oscar :[0m :D[0m
[12:12] [0m[33;1m[Clan] Blutash :[0m Git![0m
[12:12] [0m[33;1m[Clan] Oscar :[0m for chaos dice[0m
[12:12] [0m[33;1m[Clan] Blutash :[0m Heh[0m
[12:12] [0m[33;1m[Clan] Oscar :[0m which is pretty nice for me[0m
[12:12] [0m[33;1m[Clan] Blutash :[0m Oh please.....rub it in some more.....[0m
[12:13] [0m[33;1m[Clan] Oscar :[0m laf[0m
[12:15] [0m[32mOmni tells you:[0m possible to hit you up for that xmute? or are you saving it?[0m
[12:15] [0m[35;1mAkir [Jedi(45)]:[0m omg two holocron parts from dodge[0m
[12:19] [0m[33;1m[Clan] Aka :[0m blox[0m
[12:22] [0m[33;1m[Clan] Taleast :[0m yeah, I had time to think about it, because the client is on the vps, even if[0m
[12:22] [0m                 you lose connection the client on the vps is connected[0m
[12:22] [0m[33;1m[Clan] Taleast :[0m good lord I've got a terrible case of stupid today[0m
[12:23] [0m[33;1m[Clan] Blutash :[0m today?[0m
[12:23] [0m[33;1m[Clan] Taleast :[0m it's still before noon, technically it's morning, also I'm working... so yeah[0m
[12:23] [0m[33;1m[Clan] Taleast :[0m ouch, that hurt me in the feelings[0m
[12:23] [0m[33;1m[Clan] Taleast :[0m and also the nards[0m
[12:23] [0m[33;1m[Clan] Ipsie :[0m extra roh in if someone needs[0m
[12:23] [0m[33;1m[Clan] Blutash :[0m Blame Oscar ;-)[0m
[12:24] [0m[33;1m[Clan] Taleast :[0m Oscar, why have you done this to me?[0m
[12:24] [0m[33;1m[Clan] Oscar :[0m nix put me up to it[0m
[12:24] [0m[33;1m[Clan] Taleast :[0m I should have known[0m
[12:34] [0m[37;1m[JEDI]:[0m Bithoff Jonansaan arrives at the Academy.[0m
[12:45] [0m[32mYou tell Omni:[0m you can have mine. only have time at the moment to check for tells[0m
[12:46] [0m[32mOmni tells you:[0m it appears you can't do it anymore.[0m
[12:46] [0m[32mYou tell Omni:[0m wdym?[0m
[12:46] [0m[32mOmni tells you:[0m axe can't be xmuted anymore[0m
[12:46] [0m[32mYou tell Omni:[0m spirit cloak?[0m
[12:46] [0m[32mYou tell Omni:[0m oh[0m
[12:46] [0m[32mOmni tells you:[0m new change. nix was daggering it as a mage[0m
[12:46] [0m[32mOmni tells you:[0m this is the fix.[0m
[12:48] [0m[37;1mPrismal flaps :[0m thx for beloch people who pquit faster than I could say thanks[0m
[12:49] [0m[37;1mThom flaps :[0m awe i missed a beloch run for xp xd[0m
[12:52] [0m[37;1mDisruptor flaps :[0m can AoE/GoE be smeared with anything?[0m
[12:53] [0m[37;1mCrolack flaps :[0m yer mom[0m
[12:53] [0m[37;1mSquirrel flaps :[0m Crolack always offers good advic.[0m
[12:54] [0m[37;1mCrolack flaps :[0m so does yer mom[0m
[13:04] [0m[37;1m[JEDI]:[0m Alyssa K'tal arrives at the Academy.[0m
[13:04] [0m[37;1mBabylon flaps :[0m paul run anyone?[0m
[13:05] [0m[37;1mKitt flaps :[0m yay about to reset whee[0m
[13:06] [0m[37;1mKitt flaps :[0m im in[0m
[13:07] [0m[33;1m[Clan] Saim :[0m anyone for paul[0m
[13:07] [0m[33;1m[Clan] Saim :[0m we need 2 more solid folks[0m
[13:09] [0m[37;1mKitt flaps :[0m im below paul[0m
[13:09] [0m[37;1mPrismal <.oO>:[0m woo[0m
[13:12] [0m[37;1mKitt flaps :[0m starting[0m
[13:12] [0m[37;1mPrismal flaps :[0m sec, I'm getting outta tacos[0m
[13:13] [0m[37;1mSquirrel flaps :[0m I don't have enough spam, please add more cows into the mix[0m
[13:14] [0m[33;1m[Clan] Oscar :[0m wtf...how am I getting a scaler 143 dungeon (which is obviously byrons) when he[0m
[13:14] [0m               has no dungeon open[0m
[13:15] [0m[33;1m[Clan] Bruce :[0m hacker skills[0m
[13:15] [0m[33;1m[Clan] Oscar :[0m truth[0m
[13:20] [0m[34;1mKitt shouts:[0m Stay on the Porch![0m
[13:24] [0m[35;1mAl [Jedi(52)]:[0m anyone pay particularly close attention to their gxp time?[0m
[13:24] [0m[35;1mAkir [Jedi(45)]:[0m I make it a point not to[0m
[13:24] [0m[35;1mSaim [Jedi(Elder)]:[0m i type guild score every so often -like once a week[0m
[13:24] [0m[35;1mWert [Jedi(Knight)]:[0m ditto[0m
[13:24] [0m[35;1mAl [Jedi(52)]:[0m i'd like to have a little chat, if you do, heh[0m
[13:25] [0m[35;1mAl [Jedi(52)]:[0m boooo you[0m
[13:26] [0m[37;1mSquirrel flaps :[0m there's that -20[0m
[13:26] [0m[37;1mPrismal flaps :[0m thanks all[0m
[13:27] [0m[37;1m[JEDI]:[0m Durnoth arrives at the Academy.[0m
[13:28] [0m[37;1mBabylon flaps :[0m string dupes at ss[0m
[13:30] [0m[35;1mAl [Jedi(52)]:[0m so i have a working theory on gxp rate but noone really tracks it, so nevermind[0m
[13:39] [0m[33;1m[Clan] Mud :[0m whoda thunk jedi/gentech would one day make up 33% of the players[0m
[13:40] [0m[33;1m[Clan] Mud :[0m cray cray[0m
[13:49] [0mYour transmuter's stone bursts with 5 new colours![0m
[13:56] [0m[33;1m[Clan] Michael :[0m I got a gentech on 3S. Have considered one here[0m
[13:57] [0m[36mDroz [Jedi(36)]:[0m Was idling futzing around. I check it every glvl or so and track for a few[0m
[13:57] [0m                 rounds[0m
[13:59] [0m[36mKsemia [Jedi(Master)]:[0m that's not good...[0m
[14:00] [0m[36mPol [Jedi(Knight)]:[0m that's interesting.  i peaced it, and he re-engaged twice.[0m
[14:00] [0m[JEDI]: Janath Meelin arrives at the Academy.[0m
[14:02] [0m[36mPol [Jedi(Knight)]:[0m ah nevermind. i was tanking 3 of them apparently.[0m
[14:02] [0m[36mAl [Jedi(52)]:[0m laf[0m
[14:02] [0m[36mWert [Jedi(Knight)]:[0m force taunt op[0m
[14:02] [0m[36mAl [Jedi(52)]:[0m impressive[0m
[14:02] [0m[36mAl [Jedi(52)]:[0m i don't think i could do that[0m
[14:02] [0m[36mWert [Jedi(Knight)]:[0m he did die...[0m
[14:02] [0m[36mPol [Jedi(Knight)]:[0m not impressive if I died. heh[0m
[14:02] [0m[36mPol [Jedi(Knight)]:[0m took the large down to the last 9% then they got me[0m
[14:02] [0m[36mAl [Jedi(52)]:[0m those bastards![0m
[14:03] [0m[36mPol [Jedi(Knight)]:[0m 3k deaths have taught me so much that helps irl[0m
[14:07] [0m[36mAl [Jedi(52)]:[0m hopefully doesn't mean death is cheap so feel free to do it anytime irl.  b/c[0m
[14:07] [0m               that's a bad lesson[0m
[14:07] [0m[36mAl [Jedi(52)]:[0m but 'dont taunt 3 big mofos, or else they'll get ya!'[0m
[14:08] [0m[36mWert [Jedi(Knight)]:[0m i learned if you punch someone leave the room and come back in real quick[0m
[14:08] [0m                     they most likely gonna be swinging at you as you enter[0m
[14:08] [0m[36mWert [Jedi(Knight)]:[0m works both in 3k and rl[0m
[14:08] [0m[36mPol [Jedi(Knight)]:[0m how is that a good strategy??[0m
[14:09] [0m[36mWert [Jedi(Knight)]:[0m weren't we discussing life lessons?[0m
[14:09] [0m[36mWert [Jedi(Knight)]:[0m shows something on 3k pertains straight up to rl[0m
[14:09] [0m[36mPol [Jedi(Knight)]:[0m punch and then re-enter the room? I would only do that if I were pretending[0m
[14:09] [0m                    I were someone else[0m
[14:10] [0m[36mKsemia [Jedi(Master)]:[0m pol has an identical twin who he likes to set up for pummelings...[0m
[14:13] [0m[36mPol [Jedi(Knight)]:[0m you just gotta take off your glasses and sweater.  easy peasy[0m
[14:13] [0m[36mAkir [Jedi(45)]:[0m Take off your pants and jacket[0m
[14:13] [0m[36mAdalius [Jedi(WGM)]:[0m I take off my wizard hat and glasses[0m
[14:13] [0m[36mPol [Jedi(Knight)]:[0m ada ftw[0m
[14:13] [0m[36mKsemia [Jedi(Master)]:[0m lol[0m
[14:17] [0m[34;1mOreo shouts:[0m appearently bears know the value of higher learning, bear spotted in la mission[0m
[14:17] [0m             college campus[0m
[14:18] [0m[34;1mSquirrel shouts:[0m Yes we're taking over! forest critters unite![0m
[14:18] [0m[34;1mHooligan shouts:[0m i agree. unite!  forest creatures are excellent table fare![0m
[14:19] [0m[34;1mOmni shouts:[0m I'll need a higher caliber for a bear... *puts down the .22 squirrel rifle*[0m
[14:19] [0m[36mPol [Jedi(Knight)]:[0m i'm taking an ethics certification.  mudding to make it look like i'm[0m
[14:19] [0m                    reading all the material.[0m
[14:19] [0m[34;1mHooligan shouts:[0m you can borrow my 45-70[0m
[14:19] [0m[34;1mGaidin shouts:[0m 22 will work, you have have to aim *very* well[0m
[14:19] [0m[34;1mSquirrel shouts:[0m Heathen! beware of the forest critters[0m
[14:20] [0m[34;1mHooligan shouts:[0m have with that .22 and the bear[0m
[14:20] [0m[34;1mOreo shouts:[0m all i need is my junl turret from 7 days to die near humtimg 101[0m
[14:20] [0m[34;1mHooligan shouts:[0m bears prefer if you hunt them with .22's[0m
[14:28] [0m[34;1mSquirrel shouts:[0m you'll shoot your eye out kid[0m
[14:29] [0m[JEDI]: Wennic Ber'ni'lok arrives at the Academy.[0m
[14:32] [0mGaidin flaps : Jesus.  Simpsons got renewed through season 32.[0m
[14:32] [0mSquirrel flaps : more treehouse of horrors![0m
[14:32] [0mHooligan flaps : wooo!  frank can code more mobs in there now![0m
[14:33] [0mSquirrel flaps : more treehouse of horrors?[0m
[14:37] [0mSaim flaps : he should just code a treehouse of horrors with lots of cool mobs from those[0m
[14:37] [0m             episodes...[0m
[14:38] [0mSquirrel flaps : witch broom from witch marge :)[0m
[14:39] [0mSquirrel flaps : itchy and scratchy's knife[0m
[14:41] [0m<- ! The Vigilant ! -> :  A destabilization Kayos event has been detected in Deserts of Fantasy![0m
[14:41] [0m                          We are localizing it now - get ready![0m
[14:42] [0mSquirrel flaps : lol imagine if there was a forbidden donut, eat the whole thing you die.[0m
[14:42] [0mSquirrel flaps : so like the longer you hold it the more of the urge you have to eat it[0m
[14:43] [0mTaleast flaps : I feel like I came across this conversation at an odd time[0m
[14:43] [0mSquirrel flaps : treehouse of horrors?[0m
[14:43] [0mSer flaps : i love donuts[0m
[14:44] [0mSer flaps : if any of you are around atlanta, GA, Donut City in Tucker has the best donuts[0m
[14:44] [0mOmni flaps : the broodwich cannot be taken apart, or disassembled![0m
[14:46] [0m[36mPol [Jedi(Knight)]:[0m i've got 107 days in jedis. i don't tank like that[0m
[14:55] [0mParadox flaps : event: 2n w from desert portal[0m
[14:55] [0mParadox flaps : event: 2n w from desert portal slashing[0m
[14:56] [0mCrolack flaps : /ing[0m
[14:59] [0m[JEDI]: Talia Ska arrives at the Academy.[0m
[15:05] [0mKitt flaps : since uptime is 2pm central firebat is one hour behind heh[0m
[15:06] [0mKitt flaps : my guess thr MUD doesnt like Daylight Savings time[0m
[15:06] [0mAdalius flaps : Has nothign to do with DST. It was off by 1h36m originally[0m
[15:06] [0mBrazzin flaps : thr mud, havent tried it, anygood?[0m
[15:07] [0mMud flaps : meh[0m
[15:07] [0m[36mKsemia [Jedi(Master)]:[0m that's not good...[0m
[15:07] [0m[36mMellaous [Jedi(80)]:[0m doh[0m
[15:08] [0m[36mPol [Jedi(Knight)]:[0m soooo i'm on my lowester scaler.  and I got instablicked by it?[0m
[15:08] [0m[36mArsnova [Jedi(69)]:[0m whats your lowest scaler?[0m
[15:08] [0m[36mPol [Jedi(Knight)]:[0m 97[0m
[15:09] [0m[36mArsnova [Jedi(69)]:[0m i assume thats around 30-40m. specials are big though[0m
[15:09] [0m[36mPol [Jedi(Knight)]:[0m   Medal Earned: This must be a bug![0m
[15:18] [0m[36mPol [Jedi(Knight)]:[0m scaler 105 is 39M.[0m
[15:29] [0m[JEDI]: Tobias Kel'ach'nar arrives at the Academy.[0m
[15:51] [0m[36mKsemia [Jedi(Master)]:[0m shhhh....[0m
[15:51] [0m[36mPol [Jedi(Knight)]:[0m sshhhh...[0m
[16:03] [0m[JEDI]: Alyssa K'tal arrives at the Academy.[0m
[16:25] [0mKitt flaps : man i was lagged to hell[0m
[16:27] [0mFrank flaps : sure[0m
[16:34] [0m[34;1mBrazzin shouts:[0m Godspeed Rastafan![0m
[16:34] [0m[JEDI]: Durnoth arrives at the Academy.[0m
[16:39] [0mKitt flaps : Frank alwqya likes to bust my chopps[0m
[16:50] [0m[34;1mSquirrel shouts:[0m boom![0m
[16:50] [0mWert flaps : finally[0m
[16:50] [0m[34;1mShenanigans shouts:[0m wait...the donut can kill you?[0m
[16:50] [0m[34;1mBabylon shouts:[0m Mmmmmm! Forbidden Donut![0m
[16:55] [0m[34;1mBrazzin shouts:[0m will it kill you fom inventory... lets see.[0m
[17:06] [0m[JEDI]: Bithoff Jonansaan arrives at the Academy.[0m
[17:06] [0m[34;1mAdalius shouts:[0m FYI: Rasta says thanks for the well wishes.[0m
[17:06] [0m[34;1mBrazzin shouts:[0m we love that dood![0m
[17:06] [0m[34;1mSally shouts:[0m tell him hi from me[0m
[17:06] [0m[34;1mSky shouts:[0m whats happening with Rasta?[0m
[17:06] [0m[34;1mSquirrel shouts:[0m feel better buddies[0m
[17:07] [0m[34;1mSer shouts:[0m aread[0m
[17:07] [0m[34;1mGilneas shouts:[0m happy new heart day Rasta![0m
[17:07] [0m[34;1mThom shouts:[0m woo the BARDBARIAN will play him tunes! feel better rasta[0m
[17:07] [0m[34;1mTerran shouts:[0m are there any mechanical components involved...Did Rasta RL join Cyborgs...?[0m
[17:08] [0m[34;1mWhoknows shouts:[0m He is Borg[0m
[17:08] [0m[34;1mOmni shouts:[0m I mean, he was joking about getting zapped by his pacemaker at the last omp, I[0m
[17:08] [0m             think he's gone gentech path now[0m
[17:08] [0m[34;1mSky shouts:[0m oh send my <3 to Rasta too! I know 2? people who have had the same and are doing[0m
[17:08] [0m            quite well/living very normal lives. He's gonna rock his recovery![0m
[17:08] [0m[34;1mTaleast shouts:[0m So... he came back in time to fight the cyborg menace?[0m
[17:09] [0m[34;1mWhoknows shouts:[0m he'll probably outlive us all now..[0m
[17:09] [0m[34;1mMellaous shouts:[0m Prayers for Rasta and his Family as well[0m
[17:18] [0m[34;1mOgotaz shouts:[0m Thank you Oscar for your parsimonious contribution towards Bless![0m
[17:21] [0m[34;1mBrazzin shouts:[0m where is that zombie reset...[0m
[17:31] [0mAka flaps : anyone have dirs to event?[0m
[17:31] [0mWert flaps : desert w n n[0m
[17:31] [0mWert flaps : edged[0m
[17:37] [0m[JEDI]: Herah Wylann arrives at the Academy.[0m
[18:00] [0m[JEDI]: H'ssani C'talan arrives at the Academy.[0m
[18:02] [0m[36mDroz [Jedi(36)]:[0m So does Swordsman Prof work for us now too?[0m
[18:04] [0m[34;1mDspawn shouts:[0m boom[0m
[18:16] [0m[36mSaim [Jedi(Elder)]:[0m what does that profession do?[0m
[18:17] [0m[36mDroz [Jedi(36)]:[0m Increases sword skill as I recall[0m
[18:17] [0m[36mAkir [Jedi(45)]:[0m I think I read it doesn't but don't quote me on that because I'm a big dumb[0m
[18:17] [0m                 idiot[0m
[18:17] [0m[36mSaim [Jedi(Elder)]:[0m 1) lightsaber is two-handed 2) if it did, it would be a bonus to fdef[0m
[18:17] [0m                    weirdly enough[0m
[18:17] [0m[36mSaim [Jedi(Elder)]:[0m weapons mskills give a small +bonus to fdef[0m
[18:17] [0m[36mDroz [Jedi(36)]:[0m "Swordsman has a chance in combat to temporarily gain a bonus to damaging[0m
[18:17] [0m                 attacks with a sword."[0m
[18:17] [0m[36mSaim [Jedi(Elder)]:[0m but only certain ones[0m
[18:18] [0m[36mSaim [Jedi(Elder)]:[0m i would say no[0m
[18:18] [0m[34;1mKoschei shouts:[0m I'm riding dirty![0m
[18:18] [0m[34;1mBrazzin shouts:[0m who doesnt?[0m
[18:18] [0m[36mDroz [Jedi(36)]:[0m In other words just go Big Game Hunter and call it a day once I'm able to get a[0m
[18:18] [0m                 new spec[0m
[18:19] [0mSky flaps : 2 minutes until event reset[0m
[18:19] [0m[36mSaim [Jedi(Elder)]:[0m BGH def works[0m
[18:29] [0m[JEDI]: Rhaan arrives at the Academy.[0m
[18:48] [0m[34;1mZion shouts:[0m TROUT NOOOOOOOOOOOooooooooooooooo[0m
[18:48] [0m[34;1mDracula shouts:[0m that's fishy[0m
[18:53] [0m[34;1mEagleeyes shouts:[0m woo woo[0m
[18:54] [0m[34;1mDracula shouts:[0m grats :D[0m
[18:55] [0m[34;1mCrolack shouts:[0m !1111!!1![0m
[18:55] [0m[34;1mEagleeyes shouts:[0m woo woo[0m
[18:55] [0m[34;1mDracula shouts:[0m grats! LD[0m
[18:56] [0m[34;1mEli shouts:[0m only 7 more until a thing happens![0m
[18:56] [0m[34;1mZion shouts:[0m OH YES.... the thing[0m
[18:56] [0m[34;1mBrazzin shouts:[0m Yur a Thing.[0m
[18:57] [0m[34;1mZion shouts:[0m Remembers kids... muggers lurk in the shadows of shady bazzars[0m
[18:57] [0m[34;1mDracula shouts:[0m rule #1: just give them the wallet. it's not worth it.[0m
[18:57] [0m[34;1mWhoknows shouts:[0m rule #1, someone approach you in a dark alley, shoot first[0m
[18:57] [0m[JEDI]: Kerran Halcyon arrives at the Academy.[0m
[18:57] [0m[34;1mTaleast shouts:[0m Wives? Yeah, you'll end up giving them the money one way or another.[0m
[18:57] [0m[34;1mSquirrel shouts:[0m burn the witch![0m
[18:58] [0m[34;1mThadar shouts:[0m yeees, moar deaths, moar levels! give them to me![0m
[19:03] [0m[36mPol [Jedi(Knight)]:[0m 2 shimura?? nice[0m
[19:11] [0m[36mWert [Jedi(Knight)]:[0m woo new bk and the best one[0m
[19:11] [0m[36mDroz [Jedi(36)]:[0m Grats[0m
[19:24] [0m[JEDI]: Reena Bel Noir arrives at the Academy.[0m
[19:32] [0m[36mKoschei [Jedi(24)]:[0m anyone able to train h2h 8?[0m
[19:33] [0m[36mPol [Jedi(Knight)]:[0m mine isn't high enough[0m
[19:36] [0m[36mKoschei [Jedi(24)]:[0m nog i usually have to wait for talia or rhaan hehe[0m
[19:36] [0m[36mKoschei [Jedi(24)]:[0m although ksemia and ukyo both have 8 i think[0m
[19:36] [0m[36mKoschei [Jedi(24)]:[0m ukyo might even have it mastered[0m
[19:42] [0m[34;1mAka shouts:[0m milk, milk, lemonade, around the corner fudge is made![0m
[19:54] [0m[JEDI]: Ylenic It'kla arrives at the Academy.[0m
[20:08] [0m[36mWert [Jedi(Knight)]:[0m this week on will wert die[0m
[20:08] [0m[36mWert [Jedi(Knight)]:[0m we meet zelligar, a 130 scaler dungeon master who promises much mayhem[0m
[20:09] [0m[36mPol [Jedi(Knight)]:[0m what class is that[0m
[20:09] [0m[36mWert [Jedi(Knight)]:[0m i think 44mil[0m
[20:09] [0m[36mPol [Jedi(Knight)]:[0m nice[0m
[20:09] [0m[36mPol [Jedi(Knight)]:[0m it's funny how a 44M death taco is easier than zell[0m
[20:09] [0m[36mDroz [Jedi(36)]:[0m Good luck[0m
[20:18] [0m[36mDroz [Jedi(36)]:[0m Woo![0m
[20:21] [0m[34;1mThom shouts:[0m Jump on my sword while you can evil! I won't be as gentle![0m
[20:25] [0m[JEDI]: Bithoff Jonansaan arrives at the Academy.[0m
[20:31] [0m[36mKoschei [Jedi(24)]:[0m well death taco was coded over a decade earlier, has like every special in[0m
[20:31] [0m                    the book. was definitely the zelligar of its day :p[0m
[20:33] [0m[36mKoschei [Jedi(24)]:[0m zelligar and dtaco arent really comparable[0m
[20:34] [0m[36mKoschei [Jedi(24)]:[0m dtaco equivilant would be closer to say, king rimalkin with specials maybe[0m
[20:34] [0m[36mKoschei [Jedi(24)]:[0m or beloch[0m
[20:35] [0m[36mKoschei [Jedi(24)]:[0m something that is classed on its health rather than how hard it hits[0m
[20:40] [0m[36mWert [Jedi(Knight)]:[0m turn the wimpy up little higher[0m
[20:40] [0m[36mWert [Jedi(Knight)]:[0m got it to 35% dont wanna stop[0m
[20:41] [0m[36mKoschei [Jedi(24)]:[0m lol[0m
[20:41] [0m[36mKoschei [Jedi(24)]:[0m i am doing like 7k on ki burst rounds[0m
[20:42] [0m[36mKoschei [Jedi(24)]:[0m but my avg dmg per round is probably more like 2k[0m
[20:42] [0m[36mKoschei [Jedi(24)]:[0m prolly a little less[0m
[20:43] [0m[36mKoschei [Jedi(24)]:[0m against ac, prolly closer to 1.5k[0m
[20:46] [0m[36mWert [Jedi(Knight)]:[0m boggle how do i hit him 3 times[0m
[20:46] [0m[36mWert [Jedi(Knight)]:[0m You hit Zelligar 3 times for 8690 damage.[0m
[20:46] [0m[36mWert [Jedi(Knight)]:[0m guide 1 erad 1[0m
[20:47] [0m[36mWert [Jedi(Knight)]:[0m and new bk[0m
[20:47] [0m[36mWert [Jedi(Knight)]:[0m and old awesome bk lostr[0m
[20:47] [0m[34;1mJasmine shouts:[0m PLAYCULT! Join now and kill Nik![0m
[20:49] [0m[36mKoschei [Jedi(24)]:[0m you probably have an attack speed roh[0m
[20:50] [0m[36mWert [Jedi(Knight)]:[0m nope no atk speed[0m
[20:50] [0m[36mKoschei [Jedi(24)]:[0m oh wait you are a teepo tho. dont you have 2 attacks occasionally in aimed[0m
[20:50] [0m                    shot?[0m
[20:50] [0m[36mWert [Jedi(Knight)]:[0m no[0m
[20:50] [0m[36mWert [Jedi(Knight)]:[0m i have 1 gun[0m
[20:50] [0m[36mKoschei [Jedi(24)]:[0m no offhand blaster?[0m
[20:50] [0m[36mWert [Jedi(Knight)]:[0m its not so good[0m
[20:50] [0m[36mKoschei [Jedi(24)]:[0m it doesn't shoot at all?[0m
[20:57] [0m[JEDI]: Herah Wylann arrives at the Academy.[0m
[20:58] [0m[34;1mVagrant shouts:[0m that horse was angry[0m
[20:59] [0mEli flaps : when I found out that a horse's legs have more in common with human fingers than[0m
[20:59] [0m            they do with legs of other creatures, they started kindacreeping meout[0m
[21:01] [0m[34;1mShenanigans shouts:[0m Woot![0m
[21:01] [0m[34;1mVagrant shouts:[0m noice![0m
[21:20] [0mBrazzin flaps : everytime that happens i get anxity.[0m
[21:21] [0m[JEDI]: Wennic Ber'ni'lok arrives at the Academy.[0m
[21:31] [0m[36mAkir [Jedi(45)]:[0m ho Archi[0m
[21:31] [0m[36mArchimedes [Jedi(Legend)]:[0m Sup sup[0m
[21:41] [0m[34;1mHex shouts:[0m blehek[0m
[21:49] [0m[36mKsemia [Jedi(Master)]:[0m evening[0m
[22:01] [0m[JEDI]: Janath Meelin arrives at the Academy.[0m
[22:17] [0m[36mKsemia [Jedi(Master)]:[0m an archi sighting[0m
[22:17] [0m[36mPol [Jedi(Knight)]:[0m it counts[0m
[22:18] [0m[36mAkir [Jedi(45)]:[0m AHHHHH I needed Janath, I wasn't paying attention[0m
[22:18] [0m[36mPol [Jedi(Knight)]:[0m doh[0m
[22:18] [0m[36mObtuse [Jedi(29)]:[0m rip[0m
[22:18] [0m[36mPol [Jedi(Knight)]:[0m set a wake trigger[0m
[22:19] [0m[36mAkir [Jedi(45)]:[0m I'm making one now haha[0m
[22:42] [0m[34;1mOmni shouts:[0m baby why you babysittin' just two or three shots? I'm going to show you to turn it[0m
[22:42] [0m             up a notch![0m
[22:43] [0m[37;1mVagrant flaps :[0m zambie reset swang by[0m
[22:44] [0m[37;1mVagrant flaps :[0m swang swang[0m
[22:44] [0m[33;1m[Clan] Pol :[0m ok i like the wandering vampires in transylvania. that's a cool add[0m
[22:45] [0m[37;1mVagrant flaps :[0m resetted![0m
[22:46] [0m[33;1m[Clan] Nik :[0m i find it offensive[0m
[22:46] [0m[33;1m[Clan] Pol :[0m yours are probably 100M[0m
[22:46] [0m[33;1m[Clan] Nik :[0m hehe i wish! lil under 50m[0m
[22:46] [0m[33;1m[Clan] Pol :[0m mine are 34M[0m
[22:47] [0m[33;1m[Clan] Nik :[0m not bad[0m
[23:07] [0m[34;1mAkir shouts:[0m Name a better comedy than Parks and Rec. You can't. And if you try you're wrong.[0m
[23:08] [0m[34;1mCrankshaft shouts:[0m The Good Place comes close at times[0m
[23:08] [0m[34;1mOmni shouts:[0m What we do in the shadows.[0m
[23:08] [0m[34;1mSquirrel shouts:[0m hi, I'm fuzzy and you're not.[0m
[23:08] [0m[34;1mAkir shouts:[0m You're right Crank, TGP is incredible[0m
[23:08] [0m[37;1m[JEDI]:[0m Kerran Halcyon arrives at the Academy.[0m
[23:10] [0m[34;1mOmni shouts:[0m bad janet is ... pretty good[0m
[23:11] [0m[34;1mBrazzin shouts:[0m love the good place[0m
[23:22] [0m[34;1mMellaous shouts:[0m woo[0m
[23:22] [0m[34;1mOmni shouts:[0m dodge![0m
[23:22] [0m[34;1mWhoknows shouts:[0m figure a knight would say parry[0m
[23:23] [0m[35;1mPol [Jedi(Knight)]:[0m outbid by a jedi![0m
[23:24] [0m[33;1m[Clan] Xaris enters the game.[0m  [0m
[23:37] [0m[37;1mSquirrel flaps :[0m taco reset?[0m
[23:37] [0m[37;1mSquirrel flaps :[0m anyone for a taco reset[0m
[23:38] [0m[37;1m[JEDI]:[0m Rhaan arrives at the Academy.[0m
[23:40] [0m[35;1mKsemia [Jedi(Master)]:[0m dang....set that a notch too high, even with boons...[0m
[23:43] [0m[37;1mSquirrel flaps :[0m don't conk out[0m
[23:43] [0m[37;1mSquirrel flaps :[0m if we wake up drunk it's conker's bad fur day[0m
[23:51] [0m[37;1mVagrant flaps :[0m game is ending, Mallonon just logged in[0m
[23:52] [0m[34;1mVagrant shouts:[0m game is ending, Mallonon just logged in[0m
[23:52] [0m[34;1mMallonon shouts:[0m I was like, I wonder if 3k is still up, let's log in[0m
[23:52] [0m[34;1mWhoknows shouts:[0m we are a figment of your imagination, you are not really here[0m
[23:52] [0m[34;1mSquirrel shouts:[0m so you missed the excitement the other day where there was a power failure[0m
