- = LOG STARTED [00:00] = -
[08:00] [0m[37;1m[JEDI]:[0m Talia Ska arrives at the Academy.[0m
[08:21] [0mElindal flaps : what damage type is the event?[0m
[08:21] [0mYour transmuter's stone bursts with 3 new colours![0m
[08:21] [0mHavox flaps : psi-wielding[0m
[08:28] [0m[37;1m[JEDI]:[0m Wennic Ber'ni'lok arrives at the Academy.[0m
[08:52] [0m[37;1m[JEDI]:[0m Janath Meelin arrives at the Academy.[0m
[09:09] [0m[33;1m[Clan] Zorbaine :[0m woo adalius fixed my broken spawnsecond, after mentioning it was broken last[0m
[09:09] [0m                  night... he's been great lately[0m
[09:10] [0m[33;1m[Clan] Roken :[0m silver lining of quaratine?[0m
[09:10] [0m[33;1m[Clan] Roken :[0m quarantine*[0m
[09:10] [0m[33;1m[Clan] Zorbaine :[0m i guess[0m
[09:19] [0m[37;1m[JEDI]:[0m Durnoth arrives at the Academy.[0m
[09:21] [0mYour transmuter's stone bursts with 3 new colours![0m
[09:43] [0m[37;1m[JEDI]:[0m Rhaan arrives at the Academy.[0m
[09:45] [0m[35;1mBurnaby [Jedi(70)]:[0m yo![0m
[10:08] [0m[32mSteve says[0m: They named a drink Steve?[0m
[10:11] [0m[37;1m[JEDI]:[0m Herah Wylann arrives at the Academy.[0m
[10:17] [0mPrismal flaps : resetting zombies in a couple mins[0m
[10:21] [0mYour transmuter's stone bursts with 2 new colours![0m
[10:23] [0mDenton flaps : woot![0m
[10:40] [0m[33;1m[Clan] Byron :[0m The Queen of Hearts has reset.[0m
[10:48] [0m[37;1m[JEDI]:[0m Ylenic It'kla arrives at the Academy.[0m
[10:59] [0m[33;1m[Clan] Byron :[0m laf, space said lvl 142 leaves you 4 stat points short of maxing everything[0m
[11:00] [0m[33;1m[Clan] Ipsie :[0m lol[0m
[11:00] [0m[33;1m[Clan] Saim :[0m sounds like 3k[0m
[11:00] [0m[33;1m[Clan] Byron :[0m yep[0m
[11:00] [0m[33;1m[Clan] Byron :[0m he has 271 cha laf[0m
[11:00] [0m[33;1m[Clan] Saim :[0m thats what i would have[0m
[11:01] [0m[33;1m[Clan] Saim :[0m also, if i get to lvl 142 come fucking kill me[0m
[11:01] [0m[33;1m[Clan] Zorbaine :[0m laf[0m
[11:02] [0m[33;1m[Clan] Zorbaine :[0m then you'll get a nice immortalized title too... really wining[0m
[11:02] [0m[33;1m[Clan] Zorbaine :[0m winning[0m
[11:02] [0m[33;1m[Clan] Byron :[0m here lies saim[0m
[11:02] [0m[33;1m[Clan] Byron :[0m he hated himself so much[0m
[11:02] [0m[33;1m[Clan] Byron :[0m he got lvl 142[0m
[11:02] [0m[33;1m[Clan] Saim :[0m the amount of real life you need to sacrifice to get lvl 142 is not worth it, ask[0m
[11:02] [0m              Krank - he only made it to 140[0m
[11:03] [0m[33;1m[Clan] Saim :[0m that letter he wrote was insane[0m
[11:03] [0m[33;1m[Clan] Ipsie :[0m mudders anonymous[0m
[11:03] [0m[33;1m[Clan] Byron :[0m krank was a bit of a special case imo[0m
[11:03] [0m[33;1m[Clan] Saim :[0m idk - paris went the same way... space is DEF next on that list[0m
[11:03] [0m[33;1m[Clan] Byron :[0m when krank was #1 tplist space had like 20% of his xp laf[0m
[11:04] [0m[33;1m[Clan] Saim :[0m you cant play 3k at that lvl and not sacrifice real life things[0m
[11:04] [0m[33;1m[Clan] Byron :[0m krank was just full blown addict, paris was a robot[0m
[11:04] [0m[33;1m[Clan] Saim :[0m playing so much makes u cray cray tho[0m
[11:04] [0m[33;1m[Clan] Byron :[0m I do agree there[0m
[11:04] [0m[33;1m[Clan] Byron :[0m Space's nolife is stupid[0m
[11:05] [0m[33;1m[Clan] Byron :[0m Not to mention havox's nolife too[0m
[11:05] [0m[33;1m[Clan] Byron :[0m tough to keep that straight![0m
[11:05] [0m[33;1m[Clan] Xaryl :[0m well, a couple people play him.....so not really[0m
[11:06] [0m[33;1m[Clan] Byron :[0m I think I'm gonna sav eup 1 trillion xp and try to level right to 138 :P[0m
[11:07] [0m[33;1m[Clan] Zorbaine :[0m lol @ mudders anonymous[0m
[11:07] [0m[33;1m[Clan] Zorbaine :[0m you know i failed out of college because of 3k?[0m
[11:07] [0m[33;1m[Clan] Byron :[0m wa?[0m
[11:07] [0m[33;1m[Clan] Zorbaine :[0m i mean one of the reasons... was too depressed, didnt go to any classes, just[0m
[11:07] [0m                  played 3k, got straight F's[0m
[11:07] [0m[33;1m[Clan] Zorbaine :[0m but I took summer classes, got straight A's, got back in[0m
[11:08] [0m[33;1m[Clan] Zorbaine :[0m A in calc 2 baby, wizmenow[0m
[11:09] [0m[33;1m[Clan] Saim :[0m i wish wizards would smarten up about Havox[0m
[11:10] [0m[33;1m[Clan] Zorbaine :[0m whys that?[0m
[11:10] [0m[33;1m[Clan] Saim :[0m they use a VPN, ok so cant track the person that way[0m
[11:10] [0m[33;1m[Clan] Ipsie :[0m what is the deal with havox?[0m
[11:10] [0m[33;1m[Clan] Xaryl :[0m why would they? the 'person' VAFs $1k or more a year[0m
[11:10] [0m[33;1m[Clan] Blutash :[0m AFAIK it's too obfuscated to properly prove[0m
[11:10] [0m[33;1m[Clan] Saim :[0m they can hit up havox and let him know to hop on for a few if things get hairy,[0m
[11:10] [0m              ok...not that way...[0m
[11:11] [0m[33;1m[Clan] Zorbaine :[0m confused, what they give him special admin powers or something?[0m
[11:11] [0m[33;1m[Clan] Saim :[0m how about... looking a the log to see what havox does with the gear and items he[0m
[11:11] [0m              gets. im betting a lot of that shit goes to space every boot. same stuff too prob[0m
[11:11] [0m[33;1m[Clan] Blutash :[0m Space = Havox[0m
[11:11] [0m[33;1m[Clan] Zorbaine :[0m ohhhh really[0m
[11:11] [0m[33;1m[Clan] Blutash :[0m At the same time[0m
[11:11] [0m[33;1m[Clan] Saim :[0m oh sorry zorb, space multiplays havox[0m
[11:11] [0m[33;1m[Clan] Zorbaine :[0m haha gtfo[0m
[11:11] [0m[33;1m[Clan] Blutash :[0m Almost certainly[0m
[11:11] [0m[33;1m[Clan] Saim :[0m u didnt kno? lol[0m
[11:11] [0m[33;1m[Clan] Zorbaine :[0m nah[0m
[11:11] [0m[33;1m[Clan] Saim :[0m definitely[0m
[11:12] [0m[33;1m[Clan] Byron :[0m yeah, 100%[0m
[11:12] [0m[33;1m[Clan] Ipsie :[0m i had heard, didn't realize it was such a sure thing :)[0m
[11:12] [0m[33;1m[Clan] Blutash :[0m 99%[0m
[11:12] [0m[33;1m[Clan] Xaryl :[0m like 99%[0m
[11:12] [0m[33;1m[Clan] Saim :[0m i called him out on hmline a few days ago actually[0m
[11:12] [0m[33;1m[Clan] Saim :[0m what does he do?[0m
[11:12] [0m[33;1m[Clan] Byron :[0m What big mage spends all their time at hurinteon running gen scrolls to give to[0m
[11:12] [0m               space[0m
[11:12] [0m[33;1m[Clan] Blutash :[0m Paris had a massive bee in his bonnet about it[0m
[11:12] [0m[33;1m[Clan] Byron :[0m laf, that's the best saying i've heard in ages[0m
[11:13] [0m[33;1m[Clan] Saim :[0m he literally never denies it - wouldnt that be the first thing you would do if it[0m
[11:13] [0m              wasnt true. be like: no wai i do that shit![0m
[11:13] [0m[33;1m[Clan] Zorbaine :[0m nod, leaves door cracked for truth to escape[0m
[11:13] [0m[33;1m[Clan] Saim :[0m exactly byron, check logs and see what havox does with gear every boot[0m
[11:14] [0m[33;1m[Clan] Blutash :[0m if Havox isn't Space, then he's a wet blanket zombie that gets towed ALL the[0m
[11:14] [0m                 damn day[0m
[11:14] [0m[33;1m[Clan] Saim :[0m well he is[0m
[11:14] [0m[33;1m[Clan] Saim :[0m elektra knew for sure too[0m
[11:14] [0m[33;1m[Clan] Blutash :[0m another sad MIA....[0m
[11:14] [0m[33;1m[Clan] Zorbaine :[0m elektra[0m
[11:14] [0m[33;1m[Clan] Xaryl :[0m I have talked to space and havox replied....on multiple occasions during Brun[0m
[11:15] [0m[33;1m[Clan] Zorbaine :[0m er elektra is doin alright... hung out with him in boston last year[0m
[11:15] [0m[33;1m[Clan] Byron :[0m havox is his sub[0m
[11:15] [0m[33;1m[Clan] Byron :[0m space = leather daddy[0m
[11:15] [0m[33;1m[Clan] Saim :[0m or how about when space tells people "havox told me the event is here" - when[0m
[11:15] [0m              havox is online and could just say it himeself, but doesnt for some weird reason[0m
[11:16] [0m[33;1m[Clan] Zorbaine :[0m haha like impersonation 101[0m
[11:19] [0m[37;1m[JEDI]:[0m Bithoff Jonansaan arrives at the Academy.[0m
[11:21] [0m[35;1mInquisitor [Jedi(Knight)]:[0m Aw poop, I left my wallet in the other room.  It has my ID card so I[0m
[11:21] [0m                           can log in to my email.  I'm currently on crutches (knee) so I think[0m
[11:21] [0m                           I'll just be lazy.[0m
[11:21] [0mYour transmuter's stone bursts with 2 new colours![0m
[11:24] [0m[35;1mBurnaby [Jedi(70)]:[0m I'll get it. which one is yours?[0m
[11:24] [0m[35;1mInquisitor [Jedi(Knight)]:[0m It's the one that says Bad Mother (tr)ucker on it.[0m
[11:37] [0mRPDFd  Wm:g Wc: 15% Gx: 17.24% Fx: 15.78%[0m
[11:44] [0m[37;1m[JEDI]:[0m Tobias Kel'ach'nar arrives at the Academy.[0m
[12:13] [0m[37;1m[JEDI]:[0m Kerran Halcyon arrives at the Academy.[0m
[12:20] [0mSaim flaps : zomboy reset in 1min[0m
[12:21] [0mSaim flaps : i lied, timer stillhas some time left[0m
[12:21] [0mYour transmuter's stone bursts with 4 new colours![0m
[12:26] [0m[34;1mJasmine shouts:[0m Off with his head![0m
[12:26] [0m[34;1mZor shouts:[0m woo!!!!!!!!!!!!!!!!!!!!!!!!!!!!!!!!!!!!!!!!!!!!!!!!!!!!!!!!!!![0m
[12:27] [0m[34;1mHooligan shouts:[0m woot[0m
[12:46] [0m[37;1m[JEDI]:[0m Wennic Ber'ni'lok arrives at the Academy.[0m
[13:22] [0mYour transmuter's stone bursts with 4 new colours![0m
[13:24] [0m[37;1m[JEDI]:[0m Alyssa K'tal arrives at the Academy.[0m
[13:48] [0m[37;1m[JEDI]:[0m Janath Meelin arrives at the Academy.[0m
[13:54] [0m[35;1mInquisitor [Jedi(Knight)]:[0m I don't know if it varies by person, but if you've got robotics 2,[0m
[13:54] [0m                           there's a smelting droid in the droid shop.[0m
[13:54] [0m[35;1mInquisitor [Jedi(Knight)]:[0m I don't have robotics 2 so...  yeah.[0m
[13:55] [0m[35;1mElindal [Jedi(32)]:[0m jesus. i never picked up a droid![0m
[14:10] [0m[37;1m[JEDI]:[0m Talia Ska arrives at the Academy.[0m
[14:14] [0mDaCSsRPDFd  Wm:g Wc: 12% Gx: 19.30% Fx: 16.31%[0m
[14:15] [0m[37;1mSylph <.oO>:[0m woo!![0m
[14:16] [0m[37;1mHooligan <.oO>:[0m woooo[0m
[14:18] [0m[37;1mZor <.oO>:[0m woo!!!!!!!!!!!!!!!!!!!!!!!!!!!!!!!!!!!!!!!!!!!!!!!!!!!!!!!!![0m
[14:22] [0mYour transmuter's stone bursts with 3 new colours![0m
[14:40] [0m[37;1m[JEDI]:[0m Reena Bel Noir arrives at the Academy.[0m
[15:06] [0m[37;1m[JEDI]:[0m H'ssani C'talan arrives at the Academy.[0m
[15:19] [0m[34;1mYacoub shouts:[0m so... is it gonna be harder to find TP now that the grocery stores are starting[0m
[15:19] [0m               to strike?[0m
[15:20] [0m[34;1mOmni shouts:[0m no, easier, they're ripe for bribes[0m
[15:20] [0m[34;1mSaim shouts:[0m yea, those over-mitters are going to finally be stopped[0m
[15:20] [0m[34;1mAdalius shouts:[0m You didn't install a bidet yet? Plebian.[0m
[15:20] [0m[34;1mSaim shouts:[0m *oven[0m
[15:21] [0m[34;1mYacoub shouts:[0m I kind of have a bidet... My bathtub has a detachable spray head[0m
[15:21] [0m[34;1mSomeone shouts:[0m Snerk, they don't know about the Three Sea shells![0m
[15:22] [0mYour transmuter's stone bursts with 4 new colours![0m
[15:23] [0m[34;1mAdalius shouts:[0m Whoa whoa whoa, you can't use three sea shells until *after* the fast food wars[0m
[15:23] [0m                and Taco Bell is declared winner. Also did nobody figure out they don't need[0m
[15:23] [0m                shells because Taco Bell won so they all have the runs?[0m
[15:23] [0m[34;1mYacoub shouts:[0m Right... so it'll be Tortilla sponges[0m
[15:24] [0m[34;1mMental shouts:[0m i dont get why everyone gets diarhea when they got to taco bell, i just get the[0m
[15:24] [0m               chalupa myself.[0m
[15:24] [0m[34;1mDub shouts:[0m anything can be imitation crab meat, if you give it to someone and tell them it's[0m
[15:24] [0m            crab.[0m
[15:25] [0m[34;1mSaim shouts:[0m today is actually free taco tuesday at taco bel[0m
[15:26] [0m[34;1mMental shouts:[0m nog, why the heck is taco bell trying to get everyone to meet up in one place[0m
[15:26] [0m               anyway?[0m
[15:26] [0m[34;1mInix shouts:[0m pretty sure the drive through meets the 6' rule[0m
[15:26] [0m[34;1mMental shouts:[0m id have to imagine all of their employees hate their guts[0m
[15:26] [0m[34;1mSaim shouts:[0m probably so they can blame the diarrhea on the coronovirus, instead of thier spicy[0m
[15:26] [0m             tacos[0m
[15:27] [0m[34;1mMental shouts:[0m oh they hand you the bag and take your credit cart with a stick now?[0m
[15:27] [0m[34;1mYacoub shouts:[0m That's not a stick. It's a Churro[0m
[15:27] [0m[34;1mMental shouts:[0m no they just wear gloves, which im sure they dont change between customers, so[0m
[15:27] [0m               they safe stafe, you get the germs of the 12 cars in front of you[0m
[15:28] [0m[34;1mYacoub shouts:[0m Everyone knows Cornovirus can't survive on Taco Bell for long[0m
[15:29] [0m[34;1mCrankshaft shouts:[0m The cure was right in front of us all along![0m
[15:31] [0m[34;1mSaim shouts:[0m im here now, let me ask how they do this[0m
[15:31] [0mKitt gshouts: Got MOO? Got MOO? Got Moo?[0m
[15:37] [0m[37;1m[JEDI]:[0m Talia Ska arrives at the Academy.[0m
[16:01] [0m[37;1mFluffy <.oO>:[0m want to hook up with og auro for sweet sweet luvin and duplication![0m
[16:11] [0m[37;1m[JEDI]:[0m Reena Bel Noir arrives at the Academy.[0m
[16:36] [0m[37;1m[JEDI]:[0m Janath Meelin arrives at the Academy.[0m
[17:05] [0m[37;1m[JEDI]:[0m H'ssani C'talan arrives at the Academy.[0m
[17:33] [0m[37;1m[JEDI]:[0m Bithoff Jonansaan arrives at the Academy.[0m
[17:59] [0mYour transmuter's stone bursts with 3 new colours![0m
[18:05] [0m[35;1mIvy [Jedi(15)]:[0m wave[0m
[18:05] [0m[35;1mDhaj [Jedi(7)]:[0m heya, Ivy[0m
[18:06] [0m[37;1m[JEDI]:[0m Alyssa K'tal arrives at the Academy.[0m
[18:13] [0m[35;1mDhaj [Jedi(7)]:[0m doh![0m
[18:13] [0m[35;1mSiem [Jedi(70)]:[0m not even sure what happened[0m
[18:14] [0m[35;1mSiem [Jedi(70)]:[0m was full hp then dead[0m
[18:14] [0m[35;1mDhaj [Jedi(7)]:[0m that always sucks[0m
[18:20] [0m[35;1mHyuga [Jedi(96)]:[0m you need more hp :)[0m
[18:21] [0m[35;1mHyuga [Jedi(96)]:[0m zombies have fairly big dmg range on specials... so it can be deceptive.[0m
[18:22] [0m[35;1mHyuga [Jedi(96)]:[0m first time doing the 25M zombjes for like an hr then got blicked 2 or 3 times[0m
[18:22] [0m                  within the span of a few mins[0m
[18:22] [0m[35;1mHyuga [Jedi(96)]:[0m raised con a little and never had a problem again[0m
[18:23] [0m[35;1mHyuga [Jedi(96)]:[0m its that cpain tanking... its deceptive heh[0m
[18:37] [0m[37;1m[JEDI]:[0m Wennic Ber'ni'lok arrives at the Academy.[0m
[18:40] [0mnewb Ivy [gentech/53]: does real life xp bonus have a timer, or is it just stop after a certain[0m
[18:40] [0m                       amount of xp?[0m
[18:40] [0mnewb Squirrel [priest/130]: certain xp[0m
[18:41] [0mnewb Ivy [gentech/53]: thank you[0m
[18:41] [0mnewb Space [necromancer/142]: each rli = 1b extra exp[0m
[18:59] [0mYour transmuter's stone bursts with 5 new colours![0m
[19:06] [0m[37;1m[JEDI]:[0m Rhaan arrives at the Academy.[0m
[19:35] [0m[37;1m[JEDI]:[0m Ylenic It'kla arrives at the Academy.[0m
[19:59] [0mYour transmuter's stone bursts with 3 new colours![0m
[20:01] [0mWhoknows flaps : if gov of tx scc[0m
[20:01] [0mWhoknows flaps : nm i got pranked[0m
[20:02] [0mWhoknows flaps : someone evil sent me a link saying they were gonna stop selling alcohol[0m
[20:02] [0mWhoknows flaps : very evik person[0m
[20:04] [0mWhoknows flaps : moonshine business would explode if that were to happen[0m
[20:05] [0m[37;1m[JEDI]:[0m Tobias Kel'ach'nar arrives at the Academy.[0m
[20:05] [0mBabylon flaps : There would be no stopping of "selling" alcohol. We'd just see the outlawing of[0m
[20:05] [0m                it and that'd be ink on paper[0m
[20:06] [0mHyuga flaps : outlaw alcohol?[0m
[20:06] [0mHyuga flaps : ahahahahahahahahahahahahahahahahahahaha[0m
[20:07] [0mBabylon flaps : mmhmm. Exactly.[0m
[20:07] [0mHyuga flaps : good one![0m
[20:07] [0mKikipopo flaps : Not like it's ever happened before[0m
[20:08] [0mKikipopo flaps : Welcome to the 20s, let's start a speakeasy![0m
[20:08] [0mKitt flaps : woo[0m
[20:09] [0mKitt flaps : knights guild should have a speakeasy[0m
[20:09] [0mKikipopo flaps : No arguments here.[0m
[20:15] [0mDalandra flaps : priests will bring the wine[0m
[20:17] [0m[34;1mEagleeyes shouts:[0m woo woo[0m
[20:36] [0m[37;1m[JEDI]:[0m Durnoth arrives at the Academy.[0m
[20:39] [0mXiu flaps : new mskill idea; adventuring.necrobiology gives you a command that can target any[0m
[20:39] [0m            monster and will display an ascii graph readout of that monster's value as a corpse.[0m
[20:39] [0m            for purposes of... well any corpse-using thing that scales (golem master, guild[0m
[20:39] [0m            things, whatever)[0m
[20:40] [0mScaf flaps : I mean, I would spend points on it just because of the name[0m
[20:41] [0mXiu flaps : heh-heh[0m
[20:42] [0mCinis flaps : come join necros[0m
[20:42] [0mXiu flaps : i thought of it as part of golem master because there's a threshold whre you can't[0m
[20:42] [0m            (even at prof level 100) golemize a mob but of course you'd want a mob just within[0m
[20:42] [0m            your ability for best results. which can be hard to dial in on. but then like why[0m
[20:42] [0m            limit that ability to golem masters?[0m
[20:44] [0mHyuga flaps : could useful for wrangling[0m
[20:44] [0mXiu flaps : oh yeah that too[0m
[20:53] [0m[34;1mWhoknows shouts:[0m no loitering![0m
[20:59] [0mYour transmuter's stone bursts with 4 new colours![0m
[21:01] [0m[37;1m[JEDI]:[0m Kerran Halcyon arrives at the Academy.[0m
[21:27] [0m[37;1m[JEDI]:[0m Herah Wylann arrives at the Academy.[0m
[21:50] [0m[34;1mKitt shouts:[0m Get Rektd sucka[0m
[21:57] [0m[37;1m[JEDI]:[0m Ylenic It'kla arrives at the Academy.[0m
[21:59] [0mYour transmuter's stone bursts with 5 new colours![0m
[22:09] [0m[35;1mDhaj [Jedi(9)]:[0m doh![0m
[22:10] [0m[35;1mSimple [Jedi(70)]:[0m heh[0m
[22:14] [0m[34;1mKenny shouts:[0m YES[0m
[22:14] [0m[34;1mCrolack shouts:[0m New phone, who dis?[0m
[22:14] [0m[34;1mCrankshaft shouts:[0m Sir, this is a Wendy's[0m
[22:20] [0m[34;1mSquirrel shouts:[0m brokeback tiger is that you?[0m
[22:20] [0m[34;1mKenny shouts:[0m We say no to drugs, because drugs make your teeth fall out and you get really ugly[0m
[22:20] [0m              and dont have any friends. -Joe Exotic[0m
[22:21] [0m[34;1mOmni shouts:[0m that's just tina[0m
[22:23] [0m[34;1mSquirrel shouts:[0m that guy has to be joe dirt's daddy[0m
[22:25] [0m[37;1m[JEDI]:[0m Bithoff Jonansaan arrives at the Academy.[0m
[22:46] [0m[34;1mKitt shouts:[0m Lies[0m
[22:53] [0m[37;1m[JEDI]:[0m Durnoth arrives at the Academy.[0m
[22:54] [0m[34;1mKitt shouts:[0m No Moo For U[0m
[22:54] [0m[34;1mPdog shouts:[0m She's got huuuuggggggeee..... tracts of land![0m
[22:59] [0mYour transmuter's stone bursts with 2 new colours![0m
[23:03] [0m[33;1m[Clan] Byron :[0m jesus[0m
[23:04] [0m[33;1m[Clan] Byron :[0m finally figured out how to right click w/ this new laptop in terminal[0m
[23:04] [0m[33;1m[Clan] Xaryl :[0m anyone free to hit 2x belochs?[0m
[23:04] [0m[33;1m[Clan] Xaryl :[0m getting some potions for Grot[0m
[23:04] [0m[32mNetta says: [0mUnencountered program deploy code lambda /obj/sperm #441.[0m
[23:04] [0m[32mNetta says: [0mRub me all over and make it feel g-g-g-g-g.[0m
[23:05] [0m[33;1m[Clan] Byron :[0m that looks awesome[0m
[23:05] [0m[33;1m[Clan] Byron :[0m phenom[0m
[23:05] [0m[33;1m[Clan] Byron :[0m Did you take a speedtest Phenom?[0m
[23:05] [0m[33;1m[Clan] Byron :[0m show me what you got[0m
[23:05] [0m[33;1m[Clan] Xaryl :[0m that looks way too cold[0m
[23:05] [0m[33;1m[Clan] Byron :[0m You have enough dmg for Beloch?[0m
[23:06] [0m[33;1m[Clan] Byron :[0m Or need a hand[0m
[23:06] [0m[33;1m[Clan] Xaryl :[0m aka & nix came[0m
[23:06] [0m[33;1m[Clan] Xaryl :[0m should be good[0m
[23:06] [0m[33;1m[Clan] Byron :[0m Nod[0m
[23:06] [0m[33;1m[Clan] Phenom :[0m i couldn't load the page, hahaha[0m
[23:06] [0m[33;1m[Clan] Byron :[0m Dragging my latest gentech convert[0m
[23:06] [0m[33;1m[Clan] Phenom :[0m my ping to 3k is around 1100ms atm[0m
[23:06] [0m[33;1m[Clan] Byron :[0m Laf[0m
[23:06] [0m[33;1m[Clan] Ivy :[0m ha[0m
[23:06] [0m[33;1m[Clan] Phenom :[0m i'll hit beloch if you need piddly damage[0m
[23:06] [0m[33;1m[Clan] Byron :[0m phenom loves to piddle[0m
[23:08] [0m[33;1m[Clan] Phenom :[0m xar: top of the pass at 18000ft, it was -22C[0m
[23:08] [0m[32mZachary says: [0mI got tiger blood in my veins.  How 'bout you?[0m
[23:08] [0m[33;1m[Clan] Xaryl :[0m geez[0m
[23:08] [0mZachary says: May your face melt off and your children weep over[0m
[23:08] [0m[33;1m[Clan] Phenom :[0m or -7.6F - our water froze, i froze, i was very unhappy[0m
[23:08] [0m[33;1m[Clan] Ivy :[0m wim hoff / monk mode that shit... take all cothes off and meditate overnight[0m
[23:09] [0m[33;1m[Clan] Phenom :[0m i was wearing socks on my hands over my gloves, just for a bit more warmth, i[0m
[23:09] [0m                looked like a proper knob[0m
[23:09] [0m[33;1m[Clan] Xaryl :[0m ha[0m
[23:10] [0m[33;1m[Clan] Byron :[0m It's insane how huge those canyons and mountains are phenom[0m
[23:11] [0m[33;1m[Clan] Byron :[0m Pretty emptpy at the moment?[0m
[23:11] [0m[33;1m[Clan] Phenom :[0m yeah there was maybe 20 people on the circuit when we did it, at least on our[0m
[23:11] [0m                schedule[0m
[23:11] [0m[33;1m[Clan] Phenom :[0m so by day 2 we knew everyone, there was a lot of drinking[0m
[23:11] [0m[33;1m[Clan] Byron :[0m fun[0m
[23:11] [0m[33;1m[Clan] Phenom :[0m whereas usually there would be 200+ people[0m
[23:12] [0m[33;1m[Clan] Ivy :[0m nice pics[0m
[23:12] [0m[33;1m[Clan] Phenom :[0m and the mountains are ridiculous, the sheer scale of them is mindboggling[0m
[23:12] [0m[33;1m[Clan] Phenom :[0m sitting at 5000m and there's a 8000m mountain above you is crazy[0m
[23:12] [0m[33;1m[Clan] Byron :[0m And those photos don't even really describe it i'm sure[0m
[23:13] [0m[33;1m[Clan] Phenom :[0m it's the best hike i've ever done done, hands down[0m
[23:13] [0m[33;1m[Clan] Phenom :[0m when the world settles down again, come to nepal![0m
[23:13] [0m[33;1m[Clan] Phenom :[0m (i might be here still - trapped)[0m
[23:13] [0m[33;1m[Clan] Ivy :[0m grin, or frozen in ice[0m
[23:13] [0m[33;1m[Clan] Byron :[0m I've been considering it[0m
[23:13] [0m[33;1m[Clan] Byron :[0m tbhg[0m
[23:13] [0m[33;1m[Clan] Byron :[0m tbh[0m
[23:13] [0m[33;1m[Clan] Phenom :[0m it's pretty cheap too[0m
[23:14] [0m[33;1m[Clan] Byron :[0m I think it's going to be empty after this shit calms down.[0m
[23:14] [0m[33;1m[Clan] Ivy :[0m how much is a standard beer?[0m
[23:14] [0m[33;1m[Clan] Phenom :[0m yeah sept/oct will be amazing here if it's open for travel by then[0m
[23:14] [0m[33;1m[Clan] Byron :[0m And it's definitely somewhere I've wanted to see, but have been hesitant because[0m
[23:14] [0m               of the crowds there.[0m
[23:14] [0mScaf flaps : resetting zombies[0m
[23:14] [0m[33;1m[Clan] Phenom :[0m beers are quite expensive, usd$4 approx, but 650ml 7% beer[0m
[23:14] [0m[33;1m[Clan] Byron :[0m wow really?[0m
[23:14] [0m[33;1m[Clan] Phenom :[0m it's weird, rest of asia beers are expensive, not in neoal[0m
[23:14] [0m[33;1m[Clan] Phenom :[0m *nepal[0m
[23:15] [0m[33;1m[Clan] Phenom :[0m but food is cheap, so it balances out, a bit[0m
[23:15] [0m[33;1m[Clan] Xaryl :[0m but is it safe?[0m
[23:16] [0m[33;1m[Clan] Phenom :[0m hmmm, not going to deny the locals are getting agro towards westerners now[0m
[23:16] [0m[33;1m[Clan] Xaryl :[0m I have a delicate digestive system[0m
[23:16] [0m[33;1m[Clan] Phenom :[0m if you leave the tourist area, people will say 'hello coronavirus' to you[0m
[23:16] [0m[33;1m[Clan] Phenom :[0m or tell you to go home, but everyone is scared here[0m
[23:16] [0m[33;1m[Clan] Xaryl :[0m laugh[0m
[23:16] [0m[33;1m[Clan] Xaryl :[0m I bet :([0m
[23:16] [0mScaf flaps : you've got until I'm done regenning.[0m
[23:16] [0m[33;1m[Clan] Phenom :[0m and that's fair enough, the medical system here will be fucked if that virus[0m
[23:16] [0m                takes hold[0m
[23:16] [0m[33;1m[Clan] Ivy :[0m so interesting state of individualized man in a global shift[0m
[23:17] [0m[33;1m[Clan] Ivy :[0m ah but that is the beauty in their unique remoteness, and hence why they are[0m
[23:17] [0m             offended to see foreigners at the time, most likely[0m
[23:17] [0m[33;1m[Clan] Ivy :[0m i mean obviously[0m
[23:18] [0m[33;1m[Clan] Ivy :[0m as you suggest[0m
[23:18] [0m[33;1m[Clan] Phenom :[0m yeah exactly, it doesn't upset me - everyone is just scared and freaking out[0m
[23:18] [0m[33;1m[Clan] Phenom :[0m and it doesn't help that there's westerners here partying and drinking on the[0m
[23:18] [0m                streets[0m
[23:18] [0m[33;1m[Clan] Ivy :[0m you gotta show them it's not true, man![0m
[23:18] [0m[33;1m[Clan] Phenom :[0m when the rest of the country is in total lockdown[0m
[23:18] [0m[33;1m[Clan] Ivy :[0m ha nod[0m
[23:18] [0mDenton flaps : I feel out of the loop, whats with reseting the zombies? is it all across the mud[0m
[23:18] [0m               or ehat?[0m
[23:19] [0mScaf flaps : for everyone in a party[0m
[23:19] [0mOmni flaps : dungeon-party-reset for grinding[0m
[23:19] [0mScaf flaps : last call[0m
[23:19] [0m[33;1m[Clan] Ivy :[0m i had a few guys (in one instance) on the street in budapest basically tell me to[0m
[23:19] [0m             go home in an angry way, was weird... but what was weird was that they were not[0m
[23:19] [0m             native/more middle-eastern themselves[0m
[23:19] [0m[33;1m[Clan] Phenom :[0m the world is going crazy man[0m
[23:19] [0m[33;1m[Clan] Xaryl :[0m very![0m
[23:19] [0m[33;1m[Clan] Phenom :[0m in london my friends haven't seen each other for 5 weeks[0m
[23:20] [0m[33;1m[Clan] Phenom :[0m just sitting at home, i'd go fricking mental[0m
[23:20] [0mDenton flaps : so anyone ina. dungeon and party, gets the zonbies around them respawned?[0m
[23:20] [0mOmni flaps : and instant death. and a spanking.[0m
[23:20] [0mByron flaps : re-zombie'd[0m
[23:21] [0mLeianne flaps : I can never used up natural zombie dungeon resets - simply can't get enough gems[0m
[23:21] [0m                to clear the dungeon twice consecutively.. but the time I gather enough gems, my[0m
[23:21] [0m                dungeon already resets[0m
[23:21] [0mBurnaby flaps : in the partt with the person resetting their instance[0m
[23:21] [0mDenton flaps : i guess ive been gone too long. this is new to me. lol[0m
[23:22] [0mDenton flaps : i didnt know you could force a reset on a dungeon.[0m
[23:22] [0m[37;1m[JEDI]:[0m Talia Ska arrives at the Academy.[0m
[23:22] [0mPdog flaps : only special people[0m
[23:22] [0m[33;1m[Clan] Byron :[0m hmmm what's something I could do to test the video card on this laptop?[0m
[23:22] [0m[33;1m[Clan] Phenom :[0m 8k pornhub[0m
[23:23] [0m[33;1m[Clan] Nix :[0m download diablo3[0m
[23:23] [0m[33;1m[Clan] Ivy :[0m oh there's a nice website for it, but hell if i'm gonna remember, will try[0m
[23:23] [0mPdog flaps : send me your credit card number and address and you can join  the cool crew[0m
[23:24] [0m[33;1m[Clan] Byron :[0m now I remember why I come to you guys for advice.[0m
[23:24] [0mPdog flaps : or maybe just hang around the zombie entrance... just lurking[0m
[23:24] [0m[33;1m[Clan] Ivy :[0m fack[0m
[23:24] [0mPdog flaps : bum cigs off roken. he is usually idling there.[0m
[23:24] [0mScaf flaps : I still might miss you if you're shrouded, like Vagrant. ;)[0m
[23:25] [0mPdog flaps : wank all on repeat[0m
[23:26] [0m[33;1m[Clan] Phenom :[0m this stupid virus means i can't hike the pct this year too, what a shit of a[0m
[23:26] [0m                year[0m
[23:26] [0m[33;1m[Clan] Phenom :[0m oh it's april fools day today, surprise the entire year has been a joke![0m
[23:27] [0m[33;1m[Clan] Byron :[0m I can't believe I got this thing for so cheap[0m
[23:27] [0m[33;1m[Clan] Ivy :[0m you can hike it, if you're man enough.[0m
[23:27] [0m[33;1m[Clan] Byron :[0m If anyone else needs a laptop, there's more left. between $280-$330[0m
[23:27] [0m[33;1m[Clan] Ivy :[0m heh nod i was debating it, but i don't really need it[0m
[23:28] [0m[33;1m[Clan] Byron :[0m nod[0m
[23:28] [0m[33;1m[Clan] Phenom :[0m could you find out the delivery time to kathmandu?[0m
[23:28] [0m[33;1m[Clan] Phenom :[0m thanel district[0m
[23:28] [0m[33;1m[Clan] Phenom :[0m *thamel[0m
[23:28] [0m[33;1m[Clan] Ivy :[0m found it https://web.basemark.com/[0m
[23:28] [0m[33;1m[Clan] Ivy :[0m 36 days as the crow flies east[0m
[23:32] [0m[33;1m[Clan] Ivy :[0m byron, make sure you configure windows to use the dedicated graphics card for[0m
[23:32] [0m             specific programs... most dont by default (all?), but not sure if chrome can use it[0m
[23:32] [0m             by default or is configured by default... i forget if there's a way to tell windows[0m
[23:32] [0m             to use it for everything by default, maybe... will check[0m
[23:34] [0m[33;1m[Clan] Ivy :[0m search: Graphics Settings ... then click 'browse' to select a classic app, and find[0m
[23:34] [0m             chrome.exe, then click its Options after being added, and change to High[0m
[23:34] [0m             Performance[0m
[23:35] [0m[33;1m[Clan] Ivy :[0m and the same for other apps, ie. steam.exe[0m
[23:36] [0m[33;1m[Clan] Byron :[0m The Queen of Hearts has reset.[0m
[23:39] [0m[33;1m[Clan] Byron :[0m is anyone else watching jimmy fallon?[0m
[23:39] [0m[33;1m[Clan] Byron :[0m this is absurd[0m
[23:39] [0m[33;1m[Clan] Byron :[0m No crowd, no band, it's eerie.[0m
[23:39] [1;37;40m set to 30 minute Idle Timeout
[23:39] [0m[33;1m[Clan] Byron :[0m Just jimmy fallon cracking up by himself at a desk[0m
[23:39] [0m[33;1m[Clan] Ivy :[0m what's tv?[0m
[23:39] [0m[33;1m[Clan] Byron :[0m It's great[0m
[23:39] [0m[33;1m[Clan] Ivy :[0m does he do live web shows? heh[0m
[23:39] [0m[33;1m[Clan] Byron :[0m i'm sure it's streamed[0m
[23:40] [0m[33;1m[Clan] Ivy :[0m alright i'll check[0m
[23:40] [0mCandi says: You leave my corpse alone, you hear?[0m
[23:42] [0m[33;1m[Clan] Ivy :[0m can stream on nbc if you have a 'tv provider' and can login, heh[0m
[23:42] [0m[33;1m[Clan] Ivy :[0m what is the world coming to[0m
[23:42] [0m[33;1m[Clan] Byron :[0m The Queen of Hearts has reset.[0m
[23:44] [0m[34;1mVilgan shouts: [0mArgh, I'm dying!  Eagleeyes is a meany![0m
[23:45] [0m[33;1m[Clan] Roken :[0m @ivy any thing will do? Like a game by default uses more CPU?[0m
[23:45] [0m[33;1m[Clan] Phenom :[0m 421k poachers reps now, when do i get introduced to the hot ladies?[0m
[23:46] [0m[32mNetta says: [0mI will please you.[0m
[23:46] [0m[32mNetta says: [0mI will please you.[0m
[23:46] [0m[33;1m[Clan] Ivy :[0m yeah sure, but dont think laptops by default will use dedicated graphics card,[0m
[23:46] [0m             usually have both configured, one as normal/integrated, and other high[0m
[23:46] [0m             performance/dedicated, and gotta pick and choose programs. desktops usually have[0m
[23:46] [0m             the dedicated set to both normal and high performance as the only choice (cause it[0m
[23:46] [0m             is)[0m
[23:46] [0m[32mNetta says: [0mRub me all over and make it feel g-g-g-g-g.[0m
[23:46] [0m[37;1m[JEDI]:[0m Janath Meelin arrives at the Academy.[0m
[23:46] [0m[33;1m[Clan] Ivy :[0m well i guess unless the desktop mobo has integrated graphics.. which i guess maybe[0m
[23:46] [0m             a lot don't as they evolve[0m
[23:47] [0m[33;1m[Clan] Roken :[0m idk what default is. Windows 10 lists my GPU 1660 Ti as High Performance and[0m
[23:47] [0m               Power Saving[0m
[23:47] [0m[33;1m[Clan] Byron :[0m The Queen of Hearts has reset.[0m
[23:48] [0m[33;1m[Clan] Roken :[0m mobo for sure has integrated[0m
[23:48] [0m[33;1m[Clan] Ivy :[0m yeah but like mine doesn't unless something special is configured... it has an hdmi[0m
[23:48] [0m             out, but the guy at microcenter told me it doesn't work unless i do something or[0m
[23:48] [0m             have some specific cpu maybe...[0m
[23:49] [0m[33;1m[Clan] Ivy :[0m maybe i'm just special[0m
[23:49] [0m[33;1m[Clan] Roken :[0m lately pc has been choking/stuttering/buffering if I playing YouTube on my 4k[0m
[23:49] [0m               screen and something on the 1080 simulatanously .. I hope your tip fixes this[0m
[23:49] [0m[33;1m[Clan] Ivy :[0m nod so yours is fine, using dedicated gpu all the time[0m
[23:50] [0m[33;1m[Clan] Ivy :[0m yeah for sure if you're rendering video at 4k, and trying to do something else at a[0m
[23:50] [0m             different resolution, gpu is gonna be working pretty hard[0m
[23:51] [0m[34;1mZion shouts:[0m Hi[0m
[23:51] [0m[33;1m[Clan] Archangel :[0m Forgot to post this for you guys yesterday: https://pastebin.com/X5Qu4ifr[0m
[23:51] [0m[33;1m[Clan] Ivy :[0m if you need to try just running the video on the 1080... at least...[0m
[23:51] [0m[33;1m[Clan] Byron :[0m that your knight mob eval?[0m
[23:51] [0m[34;1mWhoknows shouts:[0m hello[0m
[23:51] [0m[33;1m[Clan] Roken :[0m even if the youtube video isn't 4k?[0m
[23:51] [0m[33;1m[Clan] Archangel :[0m Yes, for Queen of Hearts[0m
[23:51] [0m[33;1m[Clan] Ivy :[0m yeah i think so[0m
[23:51] [0m[33;1m[Clan] Byron :[0m nod[0m
[23:52] [0m[33;1m[Clan] Ivy :[0m the video card is still drawing 4k[0m
[23:52] [0m[33;1m[Clan] Byron :[0m good info :)[0m
[23:52] [0m[33;1m[Clan] Roken :[0m a blessing and a curse[0m
[23:52] [0m[33;1m[Clan] Ivy :[0m yeah just getting a smaller size video for better network transfer[0m
[23:52] [0m[33;1m[Clan] Roken :[0m 600 down shouldnt need to worry[0m
[23:53] [0m[33;1m[Clan] Byron :[0m The Queen of Hearts has reset.[0m
[23:53] [0m[33;1m[Clan] Roken :[0m and wired[0m
[23:53] [0m[34;1mGlowie shouts:[0m Howdy[0m
[23:54] [0m[34;1mZion shouts:[0m Yay.  The peoples they talkith[0m
[23:54] [0m[37;1mRoken <.oO>:[0m ooh getting giddy almost 400k gxp, new erad lvl soon :)[0m
[23:55] [0mnewb Byron [bard/135]: Baywatch, you should be a bard.[0m
[23:55] [0mnewb Baywatch [Newbie]: why should i be a bard[0m
[23:56] [0m[33;1m[Clan] Roken :[0m maybe best for me to switch 4k to DP instead of HDMI even if GPU is working hard.[0m
[23:56] [0m               I want to believe DP works better regardless of the HDMI rated for 4k[0m
[23:56] [0mnewb Omni [knight/133]: wine![0m
[23:56] [0m[33;1m[Clan] Ivy :[0m yeah i think DP will always run better[0m
[23:56] [0m[33;1m[Clan] Ivy :[0m don't quote me[0m
[23:58] [0m[33;1m[Clan] Byron :[0m The Queen of Hearts has reset.[0m
