- = LOG STARTED [00:00] = -
[00:00] [0mRPDFd  Wm:g Wc: 38% Gx: 20.19% Fx: 38.85%[0m
[00:12] [0m[37;1m[JEDI]:[0m H'ssani C'talan arrives at the Academy.[0m
[00:26] [0m[32mSimonz tells you:[0m need a headband?[0m
[00:27] [0m[32mYou tell Simonz:[0m got a tier 2[0m
[00:27] [0m[32;1mFrom afar, you thank Simonz.[0m[0m
[00:27] [0m[32mSimonz tells you:[0m tier 2?[0m
[00:29] [0m[32mYou tell Simonz:[0m ya one I can get between scaler 90 and 129[0m
[00:29] [0m[32mSimonz tells you:[0m ah, as opposed to tier 1 at the top, got it[0m
[00:30] [0m[32mSimonz tells you:[0m ok, well, I paused to mine so I could use my colors, but after that I'm[0m
[00:30] [0m        almost to zelligar on scaler 136, at which point I'll turn on embiggen and kill him if[0m
[00:30] [0m        someone needs a headband[0m
[00:33] [0m[32mYou tell Simonz:[0m shucks i'm already dungeoning tehre[0m
[00:33] [0m[32mSimonz tells you:[0m ok[0m
[00:33] [0m[32mSimonz tells you:[0m do you have a dungeon reset available?[0m
[00:34] [0m[32mYou tell Simonz:[0m should I go 250 wis this lvl or 250 dex?[0m
[00:34] [0m[32mYou tell Simonz:[0m 1.5D[0m
[00:34] [0m[32mSimonz tells you:[0m i like wis, i think it has about the same effect on fdef, and you get more[0m
[00:34] [0m        damage -> higher xp rate[0m
[00:35] [0mYour transmuter's stone bursts with 5 new colours![0m
[00:44] [0m[37;1m[JEDI]:[0m Herah Wylann arrives at the Academy.[0m
[01:06] [0m[32;1mFrom afar, you thank Simonz.[0m[0m
[01:07] [0m[32mYou tell Simonz:[0m 32 more pts for 250 wis[0m
[01:14] [0m[33;1m[Clan] Xaryl :[0m donates in[0m
[01:16] [0m[37;1m[JEDI]:[0m Talia Ska arrives at the Academy.[0m
[01:27] [0mNauda flaps : zombie reset[0m
[01:35] [0mYour transmuter's stone bursts with 4 new colours![0m
[01:51] [0m[37;1m[JEDI]:[0m Rhaan arrives at the Academy.[0m
[02:04] [0m[35;1mSimonz [Jedi(Knight)]:[0m ooh, got mastey 14 at some point recently[0m
[02:04] [0m[35;1mSimonz [Jedi(Knight)]:[0m mastery, lol[0m
[02:04] [0m[35;1mRoken [Jedi(77)]:[0m NICE[0m
[02:05] [0m[32mSimonz tells you:[0m 18b left to level[0m
[02:06] [0m[35;1mSimonz [Jedi(Knight)]:[0m nice![0m
[02:09] [0m[35;1mBlubber [Jedi(59)]:[0m 37d combat, am I there yet?[0m
[02:12] [0m[34;1mBoosh shouts:[0m ramen noodle and killing herds time la moo[0m
[02:19] [0m[37;1m[JEDI]:[0m Reena Bel Noir arrives at the Academy.[0m
[02:20] [0m[35;1mJasmine [Jedi(Knight)]:[0m im so sad[0m
[02:20] [0m[35;1mBlubber [Jedi(59)]:[0m no, you be happy right now![0m
[02:21] [0m[35;1mJasmine [Jedi(Knight)]:[0m batteries on my xbox one controller are about to die and i dont have[0m
[02:21] [0m                        anymore[0m
[02:21] [0m[35;1mBlubber [Jedi(59)]:[0m Throw it through the tv[0m
[02:21] [0m[35;1mBlubber [Jedi(59)]:[0m then the batteries won't matter[0m
[02:22] [0m[35;1mJasmine [Jedi(Knight)]:[0m 58 inch samsung smart tv and i only paid 300 for it, not gunna throw[0m
[02:22] [0m                        controller through it[0m
[02:29] [0m[34;1mBlubber shouts:[0m Somebody kill me please, somebody kill me please, I'm on my knees, pretty pretty[0m
[02:29] [0m                please keeeeeeel me, I want to dieeee, stick a bullet through my heeeeeeeeeeaaad[0m
[02:31] [0m[34;1mWhoknows shouts:[0m did you see TH nekid or something? that's usually the reaction I have...[0m
[02:31] [0m[34;1mBlubber shouts:[0m lol[0m
[02:33] [0m[34;1mHooligan shouts:[0m usually?  you see him naked alot or somethin?[0m
[02:34] [0m[34;1mBlubber shouts:[0m that's what happens when wizards put you in jail[0m
[02:34] [0m[34;1mWhoknows shouts:[0m not neccessarily him, but ya know.. fugly, men, in general...[0m
[02:34] [0m[34;1mBlubber shouts:[0m or as they refer to it, my dungeon[0m
[02:35] [0mYour transmuter's stone bursts with 5 new colours![0m
[02:39] [0m[34;1mJasmine shouts:[0m you see men nekkid alot?[0m
[02:40] [0m[34;1mHooligan shouts:[0m not sure i want to know the conclusion of this conversation...[0m
[02:40] [0m[34;1mBlubber shouts:[0m only when I accidently look in the mirror[0m
[02:40] [0m[34;1mJasmine shouts:[0m was directed towards whoknows, he has a reaction to seeing fugly men nekkid in[0m
[02:40] [0m                general after all[0m
[02:49] [0m[34;1mNightrider shouts:[0m dont botz the Owlz will get u[0m
[02:50] [0m[34;1mRoken shouts:[0m I'll fail the O.W.L.S.?[0m
[02:51] [0m[34;1mWik shouts:[0m playcult for more or less owls[0m
[02:51] [0mRoken flaps : OWL :/ oops[0m
[02:58] [0m[37;1m[JEDI]:[0m Tobias Kel'ach'nar arrives at the Academy.[0m
[03:05] [0mJasmine flaps : I just experienced an unbearable loss, not sure how I will survive[0m
[03:06] [0mBlubber flaps : Buy new batteries[0m
[03:06] [0mJasmine flaps : that just sounds wrong lol[0m
[03:06] [0mBlubber flaps : I know :D[0m
[03:07] [0mBlubber flaps : You could like, you know, play 3k a bit ;)[0m
[03:07] [0mJasmine flaps : batteries on my xbox one controller just died mid match[0m
[03:07] [0mJasmine flaps : how dare you suggest such a thing, i am only here for commentary and stabbity[0m
[03:08] [0mBlubber flaps : lol[0m
[03:08] [0mFluffy flaps : dirty filthy xbox batteries![0m
[03:23] [0m[37;1m[JEDI]:[0m Janath Meelin arrives at the Academy.[0m
[03:39] [0mYour transmuter's stone bursts with 3 new colours![0m
[03:49] [0m[37;1m[JEDI]:[0m Ylenic It'kla arrives at the Academy.[0m
[04:00] [0m[34;1mJasmine shouts:[0m DIRTY FILTHY MEMORY![0m
[04:26] [0m[37;1m[JEDI]:[0m H'ssani C'talan arrives at the Academy.[0m
[04:39] [0mYour transmuter's stone bursts with 3 new colours![0m
[04:53] [0m<- ! The Vigilant ! -> :  A destabilization Kayos event has been detected in Deserts of Fantasy![0m
[04:53] [0m                          We are localizing it now - get ready![0m
[04:54] [0m[37;1m[JEDI]:[0m Ylenic It'kla arrives at the Academy.[0m
[05:32] [0m[37;1m[JEDI]:[0m Bithoff Jonansaan arrives at the Academy.[0m
[05:35] [0m[34;1mKhan shouts:[0m [Agni HM-Seeker]: xaxis n,2w/ice[0m
[05:36] [0m[34;1mBlubber shouts:[0m KHAAAAAAAAAAAAAAAAAAAAN![0m
[05:55] [0m[37;1m[JEDI]:[0m Tobias Kel'ach'nar arrives at the Academy.[0m
[06:18] [0m[37;1m[JEDI]:[0m Rhaan arrives at the Academy.[0m
[13:19] [0m[37;1m[JEDI]:[0m Herah Wylann arrives at the Academy.[0m
[13:24] [0m[34;1mBlubber shouts:[0m <3 Picard![0m
[13:24] [0m[34;1mHooligan shouts:[0m ditto[0m
[13:24] [0m[34;1mVagrant shouts:[0m yay[0m
[13:25] [0mWhoknows flaps : my liver is gonna hate me for the next week[0m
[13:25] [0mWhoknows flaps : Houston rodeo cookoff begins today, and imma be drinking 5hrs a day over the[0m
[13:25] [0m                 next 3[0m
[13:25] [0mWik flaps : just drink water too and youll be fine[0m
[13:26] [0mWhoknows flaps : water?! weaksauce :D[0m
[13:50] [0m[37;1m[JEDI]:[0m Tobias Kel'ach'nar arrives at the Academy.[0m
[13:59] [0mYour transmuter's stone bursts with 3 new colours![0m
[14:13] [0mBabylon flaps : zombie reset in a couple mins[0m
[14:15] [0mKitt flaps : brains!![0m
[14:15] [0mCarthage flaps : chopchop another few sec[0m
[14:23] [0m[37;1m[JEDI]:[0m Ylenic It'kla arrives at the Academy.[0m
[14:33] [0m[34;1mKitt shouts:[0m Mamma mia[0m
[14:33] [0m[34;1mBlubber shouts:[0m there you go again[0m
[14:39] [0m[34;1mBlubber shouts:[0m I didn't die! Did you?![0m
[14:40] [0m[34;1mBoosh shouts:[0m now just make diablo2 a dungeon and ill be happy[0m
[14:47] [0m[37;1mZor <.oO>:[0m woo!!!!!!!!!!!!!!!!!!!!!!!!!!!!!!!!!!!![0m
[14:50] [0m[37;1m[JEDI]:[0m Bithoff Jonansaan arrives at the Academy.[0m
[14:59] [0mYour transmuter's stone bursts with 2 new colours![0m
[15:02] [0mnewb Alqaum [adventurer/5]: seems cot has changed...[0m
[15:03] [0mnewb Baramore [monk/107]: From how long ago?[0m
[15:03] [0mnewb Thom [bard/94]: depends on how long ago you were here[0m
[15:03] [0mnewb Alqaum [adventurer/5]: 1999[0m
[15:03] [0mnewb Baramore [monk/107]: Not too much, then.[0m
[15:03] [0mnewb Alqaum [adventurer/5]: went jump and im in someplace called woonsocket[0m
[15:04] [0mnewb Din [bladesinger/127]: yeah, that's new.  once you find your way out of there and back to[0m
[15:04] [0m                            pinnacle it'll be familiar again[0m
[15:05] [0mnewb Burnaby [jedi/124]: If you find your way out...[0m
[15:05] [0mnewb Alqaum [adventurer/5]: ok i found it[0m
[15:05] [0mnewb Burnaby [jedi/124]: snap[0m
[15:05] [0mnewb Zor [priest/130]: it shouldn't take too long[0m
[15:05] [0mnewb Baramore [monk/107]: I don't know what a 'woonsocket' is.  Sounds like a disease.[0m
[15:06] [0mnewb Din [bladesinger/127]: a socket for your woon, obviously[0m
[15:22] [0m[37;1m[JEDI]:[0m Talia Ska arrives at the Academy.[0m
[15:29] [0m[34;1mFlaxen shouts:[0m MOOOOOOOOOOOOOOOOOOOOo[0m
[15:29] [0m[34;1mBlubber shouts:[0m ding dong your moo is wrong[0m
[15:46] [0m[37;1m[JEDI]:[0m Wennic Ber'ni'lok arrives at the Academy.[0m
[15:48] [0m[34;1mBlubber shouts:[0m Dismal[0m
[15:59] [0mYour transmuter's stone bursts with 6 new colours![0m
[16:01] [0m[34;1mXiu shouts:[0m what is best in life? to crush your enemies, see them driven before you and hear the[0m
[16:01] [0m            lamentation of their woodland creatures[0m
[16:01] [0m[34;1mHooligan shouts:[0m wooo conan![0m
[16:03] [0m[34;1mBoosh shouts:[0m i would rather have my enemies bow before zod and declare sunday a rest day[0m
[16:04] [0m[34;1mSimonz shouts:[0m pff, gotta think bigger.  At least ask for fridays off too[0m
[16:05] [0m[34;1mXiu shouts:[0m kneel before zod and his mighty ability to speak of himself in the third person[0m
[16:05] [0m            without embarrassment or irony![0m
[16:21] [0m[37;1m[JEDI]:[0m Reena Bel Noir arrives at the Academy.[0m
[16:21] [0m[34;1mKitt shouts:[0m They droped the bomb on me[0m
[16:23] [0m[34;1mZor shouts:[0m woo!!!!!!!!!!!!!!!!!!!!![0m
[16:26] [0m[34;1mBoosh shouts:[0m at least they didnt drop it[0m
[16:57] [0m[37;1m[JEDI]:[0m Kerran Halcyon arrives at the Academy.[0m
[16:59] [0mYour transmuter's stone bursts with 6 new colours![0m
[17:26] [0m[37;1m[JEDI]:[0m Ylenic It'kla arrives at the Academy.[0m
[17:31] [0m[34;1mZor shouts:[0m woo!!!!!!!!!!!!!!!!!!!!![0m
[17:33] [0m[34;1mZor shouts:[0m woo!!!!!!!!!!!!!!!!!!!!!!!!!!!!!!!!!!!!!!!!!![0m
[17:56] [0m[37;1m[JEDI]:[0m Talia Ska arrives at the Academy.[0m
[17:59] [0mYour transmuter's stone bursts with 6 new colours![0m
[18:26] [0m[37;1m[JEDI]:[0m Reena Bel Noir arrives at the Academy.[0m
[18:29] [0m[34;1mTony shouts:[0m but then a hero comes along, with the strength to carry on.[0m
[18:31] [0m[34;1mTony shouts:[0m Never going to give you up!   https://youtu.be/dQw4w9WgXcQ[0m
[18:32] [0m[35;1mSimonz [Jedi(Knight)]:[0m just about doubled the number of fragments in the library if anyone is[0m
[18:32] [0m                       looking for something in particular[0m
[18:33] [0m[34;1mSpace shouts:[0m think even rick astleys mom would  be telling him to give up already[0m
[18:39] [0m[34;1mSimonz shouts:[0m give it up: https://despair.com/products/persistence[0m
[18:52] [0m[37;1m[JEDI]:[0m Rhaan arrives at the Academy.[0m
[18:57] [0m[34;1mCrolack shouts:[0m Rick has a hard time during Lent.[0m
[18:57] [0m[34;1mKitt shouts:[0m Does he roll?[0m
[18:58] [0m[34;1mMogro shouts:[0m I've lent all kinds of things to folks, I rarely get them back.[0m
[18:59] [0mYour transmuter's stone bursts with 2 new colours![0m
[19:23] [0m[37;1m[JEDI]:[0m Janath Meelin arrives at the Academy.[0m
[19:32] [0m[34;1mBoosh shouts:[0m B L A D E S I N G E R S we can do this: You rumple Red Charioteer.[0m
[19:38] [0m[34;1mSimonz shouts:[0m WITCHES!!!  We used to do it on broomsticks with demons.  Then we did it in the[0m
[19:38] [0m               garden with hoes.  Now we do it in other guilds. =/[0m
[19:38] [0m[34;1mBoosh shouts:[0m sounds like a personal problem[0m
[19:38] [0m[34;1mZor shouts:[0m yea it was already said![0m
[19:42] [0m[34;1mSpace shouts:[0m Probable age: 37 months[0m
[19:54] [0m[37;1m[JEDI]:[0m Wennic Ber'ni'lok arrives at the Academy.[0m
[19:56] [0m[34;1mSpace shouts:[0m Probable age: 37 months[0m
[19:59] [0mYour transmuter's stone bursts with 2 new colours![0m
[20:00] [0m[34;1mZor shouts:[0m wooo!!!!!!!!!!!!!!!!!!!!!!!!!!!!!!!!!!!!!!!!!!![0m
[20:12] [0mCandi says: Let's see just what you taste like...                          [0m
[20:12] [0mCandi says: You leave my corpse alone, you hear?[0m
[20:12] [0mBertolo says: I'll take care of this mess.                                 [0m
[20:14] [0m[32mNetta says: [0mYou make me hot too much.  Ouch, so hot.[0m
[20:14] [0m[32mNetta says: [0mRub me all over and make it feel g-g-g-g-g.[0m
[20:21] [0m[32mZachary says: [0mI got tiger blood in my veins.  How 'bout you?[0m
[20:21] [0mZachary says: May your face melt off and your children weep over[0m
[20:22] [0m[33;1m[Clan] Zorbaine :[0m great, i owe about $6.5k in state and federal taxes[0m
[20:22] [0m[33;1m[Clan] Zorbaine :[0m *quietly leaves country*[0m
[20:22] [0m[33;1m[Clan] Ser :[0m nice, i owe 900 in state and i get 1500 back from federal[0m
[20:24] [0m[32mSimonz tells you:[0m coming into the home stretch, 85% to fdef 11[0m
[20:24] [0m[32mSimonz tells you:[0m got 3% today so far[0m
[20:26] [0m[33;1m[Clan] Wik :[0m yaaay taxes[0m
[20:26] [0m[33;1m[Clan] Zorbaine :[0m fuuuuuuuuk[0m
[20:27] [0m[33;1m[Clan] Zorbaine :[0m not as bad as my friend road tripping to mexico with his new rv, and getting[0m
[20:27] [0m                  arrested for having a firearm (safety) and gold pieces... and having it all[0m
[20:27] [0m                  confiscated, facing 5 years in prison, and having to pay $30k to get it all[0m
[20:27] [0m                  back and home[0m
[20:27] [0m[33;1m[Clan] Zorbaine :[0m under the table...[0m
[20:28] [0m[33;1m[Clan] Wik :[0m jeebus[0m
[20:28] [0m[33;1m[Clan] Ser :[0m you don't have much luckl[0m
[20:28] [0m[37;1m[JEDI]:[0m Alyssa K'tal arrives at the Academy.[0m
[20:29] [0m[33;1m[Clan] Zorbaine :[0m not me[0m
[20:29] [0m[33;1m[Clan] Ser :[0m yah but coming back from CO[0m
[20:29] [0m[33;1m[Clan] Ser :[0m just sayin[0m
[20:29] [0m[33;1m[Clan] Zorbaine :[0m yeah, entirely different set of circumstances[0m
[20:29] [0m[33;1m[Clan] Ser :[0m but still fucked[0m
[20:29] [0m[33;1m[Clan] Zorbaine :[0m i probably set that cop off cause i drove past him rfast[0m
[20:30] [0m[33;1m[Clan] Wik :[0m aww x420[0m
[20:32] [0m[33;1m[Clan] Wik :[0m shoo, if i took a rv to anywhere it was legal, the cop woulda smelled me drive by![0m
[20:32] [0m             would pack that sucker to the brim[0m
[20:33] [0m[33;1m[Clan] Zorbaine :[0m heh[0m
[20:33] [0m[33;1m[Clan] Zorbaine :[0m my friend doesn't even do drugs,ttally straight dude[0m
[20:33] [0m[33;1m[Clan] Wik :[0m only drugs lords carry guns and gold at the same time[0m
[20:33] [0m[33;1m[Clan] Wik :[0m (what the police thought?)[0m
[20:34] [0m[33;1m[Clan] Zorbaine :[0m felt bad for him, good guy, always wanted to rv, waited til he was ready,[0m
[20:34] [0m                  bought $30k rv, new truck... went... there was a full-truck xray machine at[0m
[20:34] [0m                  border, saw gun in his rv...[0m
[20:34] [0m[33;1m[Clan] Wik :[0m wow[0m
[20:34] [0m[33;1m[Clan] Zorbaine :[0m right[0m
[20:34] [0m[33;1m[Clan] Ser :[0m damn[0m
[20:34] [0m[33;1m[Clan] Zorbaine :[0m on top of that they took his $30k saving to get it all back[0m
[20:34] [0m<- ! The Vigilant ! -> :  A destabilization Kayos event has been detected in Deserts of Fantasy![0m
[20:34] [0m                          We are localizing it now - get ready![0m
[20:34] [1;37;40m set to 30 minute Idle Timeout
[20:34] [0m[33;1m[Clan] Wik :[0m terrible[0m
[20:35] [0m[33;1m[Clan] Wik :[0m how much gold was it?[0m
[20:36] [0m[33;1m[Clan] Zorbaine :[0m i didnt ask, think they kept it tho[0m
[20:36] [0m[33;1m[Clan] Zorbaine :[0m probably like $5k or something[0m
[20:36] [0m[33;1m[Clan] Zorbaine :[0m maybe 10k... shrug[0m
[20:36] [0m[33;1m[Clan] Wik :[0m shooooey[0m
[20:36] [0m[33;1m[Clan] Zorbaine :[0m my friend is genius programmer dude, works for IBMs swat te am[0m
[20:36] [0m[33;1m[Clan] Zorbaine :[0m team*[0m
[20:37] [0m[33;1m[Clan] Zorbaine :[0m works from home, has to fly out on a dime whenever one of their big clients is[0m
[20:37] [0m                  having a problem they cant solve and losing millions everyday[0m
[20:37] [0m[33;1m[Clan] Zorbaine :[0m and go fix it[0m
[20:37] [0m[33;1m[Clan] Wik :[0m sounds lucrative![0m
[20:37] [0m[33;1m[Clan] Zorbaine :[0m yea probably[0m
[20:56] [0m[33;1m[Clan] Archangel :[0m Event portal: Xaxis/w/3s freezing[0m
[20:56] [0mArchangel flaps : Event portal: Xaxis/w/3s freezing[0m
[20:59] [0mYour transmuter's stone bursts with 2 new colours![0m
[21:03] [0m[37;1m[JEDI]:[0m Durnoth arrives at the Academy.[0m
[21:29] [0m[37;1m[JEDI]:[0m H'ssani C'talan arrives at the Academy.[0m
[21:36] [0m[35;1mRoken [Jedi(77)]:[0m oh wow 128 fragments.. er hyuga bad?[0m
[21:53] [0m[37;1mZor <.oO>:[0m woo!!!!!!!!!!!!!!!!!!!!!!!!!!!!![0m
[22:00] [0mYour transmuter's stone bursts with 4 new colours![0m
[22:00] [0m[37;1mBoosh <.oO>:[0m i can do that too[0m
[22:00] [0m[37;1mZor <.oO>:[0m woo!!!!!!!!!!!!!!!!!!!!!!!!!!!!!!!!!!!!!!!!!!!!!!!!!!!!!!!![0m
[22:04] [0m[34;1mKenny shouts:[0m Space has OG Coronavirus, msg him for dupes[0m
[22:04] [0m[37;1m[JEDI]:[0m Bithoff Jonansaan arrives at the Academy.[0m
[22:07] [0m[34;1mZor shouts:[0m doh!!!!!!!!!!!!!!!!!!![0m
[22:14] [0m[33;1m[Clan] Roor leaves the game.[0m  [0m
[22:14] [0m[33;1m[Clan] Void leaves the game.[0m  [0m
[22:18] [0m[33;1m[Clan] Zorbaine :[0m woooooo[0m
[22:18] [0m[33;1m[Clan] Zorbaine :[0m i did it[0m
[22:18] [0m[33;1m[Clan] Zorbaine :[0m Lifetime Gxp Per Hour               :         20,000[0m
[22:19] [0m[33;1m[Clan] Nix :[0m lameeee[0m
[22:19] [0m[33;1m[Clan] Zorbaine :[0m only took 15 years[0m
[22:19] [0m[33;1m[Clan] Zorbaine :[0m but yeah overall it should be closer to 21-21.5k[0m
[22:19] [0m[33;1m[Clan] Nix :[0m i hear your still a squire[0m
[22:20] [0m[33;1m[Clan] Nix :[0m zorbaine shoe my horse.. zorbaine polish my lance[0m
[22:20] [0m[33;1m[Clan] Zorbaine :[0m i hear you suck on flutes and sing to monsters, and make coin from it...[0m
[22:20] [0m                  sounds sketch[0m
[22:22] [0m[33;1m[Clan] Nix :[0m whatever it takes to make a buck...$5 bucks is $5 bucks[0m
[22:23] [0m[33;1m[Clan] Roken :[0m I'm not gay $20 is $20[0m
[22:28] [0m[34;1mKitt shouts:[0m Did you Ser that Zombie?[0m
[22:29] [0mKitt flaps : Zombie Zombie Zomibe[0m
[22:29] [0mDalimar flaps : kerncraft?[0m
[22:30] [0mZor flaps : that give xp xp xp[0m
[22:35] [0m[33;1m[Clan] Zorbaine :[0m Users: (mostly done) [0m
[22:35] [0m[33;1m[Clan] Zorbaine :[0m oops[0m
[22:35] [0m[33;1m[Clan] Zorbaine :[0m Lifetime Gxp Per Hour               :         20,001[0m
[22:36] [0m[37;1m[JEDI]:[0m Tobias Kel'ach'nar arrives at the Academy.[0m
[23:00] [0mYour transmuter's stone bursts with 5 new colours![0m
[23:03] [0m[37;1m[JEDI]:[0m Kerran Halcyon arrives at the Academy.[0m
[23:27] [0m[37;1m[JEDI]:[0m Herah Wylann arrives at the Academy.[0m
[23:38] [0m[34;1mBoosh shouts:[0m i think he spaced it out[0m
[23:48] [0m[35;1mDalimar [Jedi(35)]:[0m woot woot[0m
[23:49] [0m[35;1mDalimar [Jedi(35)]:[0m just a few more and you'll be a real boy, Pinocchio![0m
[23:50] [0m[35;1mDrax [Jedi(9)]:[0m Heh[0m
[23:54] [0mCandi says: Let's see just what you taste like...                          [0m
[23:54] [0mCandi says: You leave my corpse alone, you hear?[0m
[23:54] [0mBertolo says: Y'know what we got here? Motherfuckin' Charlie Bronson!      [0m
[23:55] [0mBertolo says: Y'know what we got here? Motherfuckin' Charlie Bronson!      [0m
[23:56] [0m[37;1m[JEDI]:[0m Talia Ska arrives at the Academy.[0m
