- = LOG STARTED [00:00] = -
[00:00] [0m[34;1mSevenofnine shouts:[0m [***** tells you]:  i cant believe we are again stuck with crappy choices.[0m
[00:00] [0m                    but one is a turd sandwich the other is a tuna sandwich on the verge of[0m
[00:00] [0m                    expiration hehe[0m
[00:00] [0m[34;1mVidae shouts:[0m mmmm tuna[0m
[00:00] [0m[34;1mAlassra shouts:[0m go with the tuna![0m
[00:00] [0m[34;1mYik shouts:[0m name 1 good ruler[0m
[00:00] [0m[34;1mGumby shouts:[0m go for the baby![0m
[00:01] [0m[34;1mTex shouts:[0m no go for the mamma hot mamma alert[0m
[00:07] [0mnewb Whoknows [priest/133]: so, with dogs, with a contract, you die instead of dog, so what[0m
[00:07] [0m                            happens to dog when you die, it's still in the room that has the mob[0m
[00:07] [0m                            that hit around that woulda killed it w/o contract..[0m
[00:18] [0m[34;1mGumby shouts:[0m big letters[0m
[00:28] [0m[37;1m[JEDI]:[0m Durnoth arrives at the Academy.[0m
[00:33] [0m[37;1mAgni flaps :[0m resetting zombies[0m
[00:38] [0m[37;1mAgni flaps :[0m done[0m
[00:38] [0m[37;1mVidae flaps :[0m Crap, missed that![0m
[01:03] [0m[37;1m[JEDI]:[0m Tobias Kel'ach'nar arrives at the Academy.[0m
[01:07] [0m[31;1m[Clan] Szodrin :[0m night, everyone[0m
[09:10] [0m[31;1m[Clan] Saim :[0m you rub your dirty boots on my couch?[0m
[09:11] [0m[31;1m[Clan] Sparkie :[0m thank uou archie[0m
[09:19] [0m[35;1mSimonz [Jedi(Knight)]:[0m only takes a couple hours[0m
[09:27] [0m[31;1m[Clan] Karvec leaves the game.[0m  [0m
[09:27] [0m[31;1m[Clan] Sock wiggles off your foot.[0m  [0m
[09:29] [0m[37;1mSparkie flaps :[0m woo[0m
[09:30] [0m[35;1mLicklick [Jedi(62)]:[0m for you lol[0m
[09:30] [0m[35;1mSimonz [Jedi(Knight)]:[0m =)[0m
[09:30] [0m[35;1mLicklick [Jedi(62)]:[0m At this rate you will level in 1 day 27 minutes[0m
[09:31] [0m[35;1mLicklick [Jedi(62)]:[0m not adding the fact that i have stats to increase[0m
[09:31] [0m[35;1mSimonz [Jedi(Knight)]:[0m just imagine how much slower that would be if you were a sith[0m
[09:31] [0m[35;1mEnder [Jedi(Knight)]:[0m Simonz doesnt fight until day 7, then he just resets firebats all day.[0m
[09:31] [0m[35;1mSimonz [Jedi(Knight)]:[0m SHHH!!!!!![0m
[09:32] [0m[35;1mLicklick [Jedi(62)]:[0m geez if i was a sith i would be lucky to get 1 billion xp in a week of non[0m
[09:32] [0m                     stop grinding[0m
[09:36] [0m[37;1m[JEDI]:[0m Herah Wylann arrives at the Academy.[0m
[09:44] [0mYour transmuter's stone bursts with 4 new colours![0m
[10:05] [0m[37;1m[JEDI]:[0m H'ssani C'talan arrives at the Academy.[0m
[10:28] [0mnewb Swanse [necromancer/45]: Are we supposed to eat and drink?[0m
[10:28] [0mnewb Hsima [sii/132]: no, those messages are just silly[0m
[10:28] [0mnewb Swanse [necromancer/45]: oh okay, thanks[0m
[10:28] [0mnewb Hsima [sii/132]: you can eat for healing and they act as limiters[0m
[10:29] [0mnewb Swanse [necromancer/45]: what's a limiter?[0m
[10:29] [0mnewb Hsima [sii/132]: so you cant eat 100000 healing potato[0m
[10:29] [0mnewb Swanse [necromancer/45]: ah i see now.[0m
[10:30] [0mnewb Hsima [sii/132]: it is over balancing probably, most healing food isn't very good, but[0m
[10:30] [0m                      there you go[0m
[10:30] [0mnewb Swanse [necromancer/45]: thanks for telling me that[0m
[10:30] [0mnewb Gumby [cyborg/107]: other items/powers have a cooldown timer ... can only use every so[0m
[10:30] [0m                         often[0m
[10:31] [0m[35;1mOlorin [Jedi(86)]:[0m cant find qoh anymore[0m
[10:31] [0m[35;1mWert [Jedi(Master)]:[0m nah im just slaying her lots[0m
[10:31] [0m[35;1mWert [Jedi(Master)]:[0m rings in box[0m
[10:31] [0m[35;1mOlorin [Jedi(86)]:[0m where is the card?[0m
[10:34] [0m[35;1mSimonz [Jedi(Knight)]:[0m dirs in tell[0m
[10:38] [0m[37;1m[JEDI]:[0m Rhaan arrives at the Academy.[0m
[10:43] [0mnewb Swanse [necromancer/45]: Is there a reason i am saying silly things in the high school in[0m
[10:43] [0m                              chaos?[0m
[10:44] [0mnewb Hsima [sii/132]: items you equip will sometimes make you talk or do things[0m
[10:44] [0mYour transmuter's stone bursts with 1 new colours![0m
[10:45] [0mnewb Swanse [necromancer/45]: i didn't equip anything though[0m
[10:45] [0mnewb Alassra [necromancer/132]: could also be something in the area making you say stuff?[0m
[10:46] [0mnewb Swanse [necromancer/45]: i'm not sure what it is, but it started once i killed a few mobs[0m
[10:46] [0m                              here[0m
[10:46] [0mnewb Krom [cyborg/105]: that's a type of disease/curse in walled lake. a mob does it. it will[0m
[10:46] [0m                        eventually wear off.[0m
[10:47] [0mnewb Swanse [necromancer/45]: ohh hmm...I am inside the high school in chaos. That's where it[0m
[10:47] [0m                              started[0m
[10:59] [0m[35;1mSaim [Jedi(Elder)]:[0m where is that[0m
[10:59] [0m[35;1mSaim [Jedi(Elder)]:[0m event?[0m
[10:59] [0m[35;1mSaim [Jedi(Elder)]:[0m Bloors St.[0m
[10:59] [0m[35;1mWert [Jedi(Master)]:[0m MF 2 prolly[0m
[11:00] [0m[35;1mSaim [Jedi(Elder)]:[0m oh right, i never went there...forgot it existed[0m
[11:00] [0m[35;1mSaim [Jedi(Elder)]:[0m put that on the list[0m
[11:06] [0m<- ! The Vigilant ! -> :  A destabilization Kayos event has been detected in Deserts of Fantasy![0m
[11:06] [0m                          We are localizing it now - get ready![0m
[11:08] [0m[37;1m[JEDI]:[0m Ylenic It'kla arrives at the Academy.[0m
[11:09] [0m[35;1mSimonz [Jedi(Knight)]:[0m ok, who's up for a vamp run?[0m
[11:09] [0m[35;1mSimonz [Jedi(Knight)]:[0m w/l....[0m
[11:09] [0m[35;1mLicklick [Jedi(62)]:[0m yes[0m
[11:10] [0m[35;1mLicklick [Jedi(62)]:[0m ill be there for mostly morale support[0m
[11:21] [0m[37;1mAlassra flaps :[0m Event portal is: desert/6w/s [Freezing][0m
[11:32] [0m[37;1m[JEDI]:[0m Alyssa K'tal arrives at the Academy.[0m
[11:42] [0m[34;1mGumby shouts:[0m big alien parasite![0m
[11:44] [0m[34;1mZor shouts:[0m woo!!!!!!!!!!!!!![0m
[11:53] [0mFrom afar, the zombie apocalypse has already begun.[0m
[11:53] [0m[34;1mDrax shouts:[0m Ooo[0m
[12:06] [0m[37;1m[JEDI]:[0m Bithoff Jonansaan arrives at the Academy.[0m
[12:11] [0m[35;1mSimonz [Jedi(Knight)]:[0m I don't think mastery 16 actually exists for lightstaff[0m
[12:12] [0m[35;1mElindal [Jedi(40)]:[0m lol[0m
[12:17] [0mnewb Paragon [adventurer/5]: hi all, can anyone tell me the name of the shopkeeper?[0m
[12:18] [0mnewb Zerg [fremen/104]: there are quite a few. Cancer is probably the one you'd become familiar[0m
[12:18] [0m                        with first, he's in Pinnacle[0m
[12:38] [0m[37;1m[JEDI]:[0m Tobias Kel'ach'nar arrives at the Academy.[0m
[12:44] [0mYou can currently reforge 0 items.[0m
[12:51] [0m[34;1mHooligan shouts:[0m wooooot[0m
[12:51] [0m[34;1mGumby shouts:[0m one more[0m
[12:51] [0m[34;1mSzodrin shouts:[0m You're Gumby, damnit![0m
[12:58] [0m[34;1mZor shouts:[0m woo[0m
[13:00] [0m[32mFrank tells you:[0m I do what i want!                                            [0m
[13:00] [0m[34;1mRheiu shouts:[0m No you don't.[0m
[13:00] [0m[34;1mSzodrin shouts:[0m You don't own me![0m
[13:01] [0m[34;1mElindal shouts:[0m you sit on a throne of LIES![0m
[13:01] [0m[34;1mSylph shouts:[0m did a horse fly just land on Frank's head?[0m
[13:01] [0m[34;1mRheiu shouts:[0m You're not my real dad anyway![0m
[13:02] [0m[31;1m[Clan] Szodrin :[0m ooooooo[0m
[13:02] [0m[31;1m[Clan] Szodrin :[0m Kirwan tells you: when I playtested, it was juicy xp comparable to zombies, but[0m
[13:02] [0m                 much much bigger[0m
[13:03] [0m[34;1mRoken shouts:[0m Frank sure does[0m
[13:03] [0m[31;1m[Clan] Szodrin :[0m sorry, buried the lead[0m
[13:03] [0m[31;1m[Clan] Szodrin :[0m Kirwan tells you: I know for the last few days kiki has been more focused on[0m
[13:03] [0m                 releasing a new area[0m
[13:04] [0m[31;1m[Clan] Szodrin :[0m I checked before I shared, apparently it's not a big secret, still I don't know[0m
[13:04] [0m                 if it should be shared on chatlines[0m
[13:05] [0m[31;1m[Clan] Szodrin :[0m sounds like it might be released in the next week or two[0m
[13:06] [0m[31;1m[Clan] Byron :[0m must be Section Z[0m
[13:06] [0m[37;1mCrolack flaps :[0m My director just blamed her cat for causing echo in online meetings.[0m
[13:06] [0m[31;1m[Clan] Szodrin :[0m sounds zombie related, extension to ht2?[0m
[13:06] [0m[37;1mDrax flaps :[0m Hahaha[0m
[13:06] [0m[37;1mKrom flaps :[0m catbot[0m
[13:07] [0m[37;1mSzodrin flaps :[0m pretty impressive cat, not only can it talk, it can match her voice and is[0m
[13:07] [0m                taunting her[0m
[13:12] [0m[37;1m[JEDI]:[0m Wennic Ber'ni'lok arrives at the Academy.[0m
[13:12] [0m[35;1mKsemia [Jedi(Master)]:[0m heyas[0m
[13:16] [0m[34;1mTex shouts:[0m its all maveriks i missed luch due to sleeping[0m
[13:22] [0m[31;1m[Clan] Szodrin :[0m Void reminded me of this song: https://www.youtube.com/watch?v=u8ZENwvesAI[0m
[13:27] [0m[31;1m[Clan] Szodrin :[0m I mean, as a christian it's rather irreverent, but it's catchy. I think it[0m
[13:27] [0m                 reminds me of his 1989 Batman theme.[0m
[13:29] [0m[31;1m[Clan] Szodrin :[0m Besides, you always have to wonder if hardcore athiests were created by shitty[0m
[13:29] [0m                 christians. People always seem to create their own worst enemies.[0m
[13:34] [0m[31;1m[Clan] Byron :[0m void's into wearing latex masks, but he's def not batman[0m
[13:45] [0m[31;1m[Clan] Void :[0m i'm more of a bane mask type kinda guy[0m
[13:46] [0m[37;1m[JEDI]:[0m Kerran Halcyon arrives at the Academy.[0m
[13:49] [0m[37;1mCrolack flaps :[0m New this year for Halloween: Sexy Mail-In Ballot.[0m
[13:51] [0m[37;1mGaidin flaps :[0m "Nah, baby. It's wrapped for.....secrecy."[0m
[13:52] [0m[37;1mGumby flaps :[0m lets play election .. ill put my ballot in your slot ...[0m
[13:53] [0m[37;1mAlassra flaps :[0m I'm going to try and double vote because I'm dangerous like that.[0m
[13:57] [0m[35;1mSaim [Jedi(Elder)]:[0m boom[0m
[13:57] [0m[35;1mAl [Jedi(72)]:[0m laf[0m
[13:58] [0m[35;1mAl [Jedi(72)]:[0m naked flurry ftw[0m
[13:58] [0m[35;1mSaim [Jedi(Elder)]:[0m got too hot in there[0m
[13:58] [0m[35;1mElindal [Jedi(40)]:[0m i notice that flurry/sabers costs me way more conc/force[0m
[13:58] [0m[35;1mAl [Jedi(72)]:[0m i'm just dumb[0m
[13:59] [0m[35;1mSeeker [Jedi(59)]:[0m you have more mastery with saber it is gonna cst a little more[0m
[14:00] [0m[34;1mWhoknows shouts:[0m c-c-c-combo breaker[0m
[14:00] [0m[31;1m[Clan] Szodrin :[0m We've lost Byron[0m
[14:00] [0m[31;1m[Clan] Szodrin :[0m repeat, Byron is down[0m
[14:01] [0m[31;1m[Clan] Void :[0m what did he go link dead?[0m
[14:01] [0m[31;1m[Clan] Szodrin :[0m yeah[0m
[14:03] [0m[35;1mElindal [Jedi(40)]:[0m gotcha[0m
[14:03] [0m[31;1m[Clan] Szodrin :[0m actually, screw it, wife wants to get coffee and I don't want to be ignoring[0m
[14:03] [0m                 her. Hopefully his summon will be back up when I get back.[0m
[14:12] [0m[37;1m[JEDI]:[0m Janath Meelin arrives at the Academy.[0m
[14:13] [0m[35;1mSaim [Jedi(Elder)]:[0m boom[0m
[14:25] [0m[35;1mElindal [Jedi(40)]:[0m i feel like we need ascii art for that[0m
[14:29] [0m[34;1mRoken shouts:[0m pesky Roach![0m
[14:34] [0m[35;1mEnder [Jedi(Knight)]:[0m heh, someone switch up to a non-carrying droid and leave their junk on[0m
[14:34] [0m                      tatooine eh:)[0m
[14:34] [0m[35;1mSaim [Jedi(Elder)]:[0m *whistles innocently*[0m
[14:35] [0m[35;1mSaim [Jedi(Elder)]:[0m i figure, someone that picks up a carry droid might appreciate![0m
[14:35] [0m[35;1mEnder [Jedi(Knight)]:[0m oh yah, that's super thoughftul:)[0m
[14:45] [0m[37;1m[JEDI]:[0m Talia Ska arrives at the Academy.[0m
[14:56] [0m[35;1mElindal [Jedi(40)]:[0m ada is idling again. slacking off. :P[0m
[14:56] [0m[35;1mElindal [Jedi(40)]:[0m we should all moose him or something[0m
[14:57] [0m[35;1mSimonz [Jedi(Knight)]:[0m hitting a few belochs if anyone is bored and wants to join the xp train[0m
[14:57] [0m[35;1mAdalius [Jedi(WGM)]:[0m Try me.[0m
[14:57] [0m[35;1mAdalius [Jedi(WGM)]:[0m I will bring down the wrath of a thousand mooses upon you. MUHAHAHAHA[0m
[14:57] [0m[35;1mElindal [Jedi(40)]:[0m LOL[0m
[14:58] [0m[35;1mSally [Jedi(53)]:[0m someone has been eating sugar today[0m
[14:58] [0m[35;1mElindal [Jedi(40)]:[0m i hope your crotch gets infested with the fleas of 1000 camels and your arms[0m
[14:58] [0m                    are too short to reach! :P[0m
[14:58] [0m[35;1mAdalius [Jedi(WGM)]:[0m Someone has been quarantined because his future son in law is dumb and is[0m
[14:58] [0m                     getting cabin fever.[0m
[14:58] [0m[35;1mElindal [Jedi(40)]:[0m we need that for an emote[0m
[14:58] [0m[35;1mAl [Jedi(72)]:[0m dag, sucks[0m
[14:59] [0m[35;1mKsemia [Jedi(Master)]:[0m i'd laugh if that didn't sound just a tich too realistic....[0m
[14:59] [0m[35;1mSally [Jedi(53)]:[0m here is your wedding speech for the future[0m
[14:59] [0m                  ..https://www.youtube.com/watch?v=t4sfVix_2-8[0m
[15:00] [0m[35;1mEnder [Jedi(Knight)]:[0m Hey Simonz, my kids told me a joke today: What do you call two witches[0m
[15:00] [0m                      that live together?[0m
[15:00] [0m[35;1mAdalius [Jedi(WGM)]:[0m Wedding is next Thursday, tenatively, but luckily its at my house and only[0m
[15:00] [0m                     has 10 people.[0m
[15:00] [0m[35;1mSaim [Jedi(Elder)]:[0m whos gettin married?[0m
[15:00] [0m[35;1mSaim [Jedi(Elder)]:[0m i just saw this[0m
[15:01] [0m[35;1mSaim [Jedi(Elder)]:[0m Simonz to Sally?[0m
[15:02] [0m[35;1mAl [Jedi(72)]:[0m do you at least like the dude?[0m
[15:02] [0m[37;1mHooligan <.oO>:[0m lol[0m
[15:02] [0m[35;1mAdalius [Jedi(WGM)]:[0m Stepdaughter & her baby daddy. He's a nice kid, just a little dumb at times[0m
[15:03] [0m[35;1mAdalius [Jedi(WGM)]:[0m Mask mandate here since we are the new hotspot, he works shoulder to[0m
[15:03] [0m                     shoulder with another guy for an hour and a half a day when shifts overlap[0m
[15:03] [0m                     on the line, they both agreed they're ok not wearing masks. well that other[0m
[15:03] [0m                     guy tested positive monday, we had the kids over for dinner friday, sunday,[0m
[15:03] [0m                     and they stopped by to pick up the grandkids monday and stayed for a few[0m
[15:03] [0m                     hours.[0m
[15:03] [0m[35;1mAdalius [Jedi(WGM)]:[0m Now I've got a sore throat, stuffy nose, and a headache.[0m
[15:04] [0m[35;1mKsemia [Jedi(Master)]:[0m ayup....how's your taste/smell?[0m
[15:04] [0m[35;1mAl [Jedi(72)]:[0m damn, sorry dude[0m
[15:04] [0mnewb Ortho [adventurer/9]: there seems to be some glitching with my tt++. Room descriptions are[0m
[15:04] [0m                           weirdly truncated, colours change[0m
[15:05] [0m[35;1mAdalius [Jedi(WGM)]:[0m Taste/smell seems fine. I'm hoping this is just a fall cold since the temps[0m
[15:05] [0m                     have been yo-yoing[0m
[15:05] [0mnewb Ortho [adventurer/9]: like the linebreak is at the wrong place[0m
[15:05] [0m[35;1mWert [Jedi(Master)]:[0m ya got covid[0m
[15:05] [0m[35;1mWert [Jedi(Master)]:[0m exposed, symptoms[0m
[15:05] [0m[35;1mKsemia [Jedi(Master)]:[0m possibly allergies as well, depending on your history[0m
[15:05] [0mnewb Inix [juggernaut/139]: #config {PACKET PATCH} {0.8}[0m
[15:06] [0m[35;1mSaim [Jedi(Elder)]:[0m dont think i heard of sore throat as COVID symptom either[0m
[15:06] [0m[35;1mWert [Jedi(Master)]:[0m there like 40  symptoms now, an asymptomic[0m
[15:06] [0m[35;1mWert [Jedi(Master)]:[0m go get tested[0m
[15:06] [0m[35;1mSaim [Jedi(Elder)]:[0m but being in wisco, id be getting a test prob[0m
[15:06] [0mnewb Ortho [adventurer/9]: that seems to have worked, thanks[0m
[15:07] [0m[35;1mLicklick [Jedi(62)]:[0m just survive covid, we need a wizard[0m
[15:08] [0m[35;1mAdalius [Jedi(WGM)]:[0m Holding off to get tested until the kid gets his. If hes negative I'm not[0m
[15:08] [0m                     gonna worry, if he's positive, well then I'll be going in[0m
[15:09] [0m[35;1mAdalius [Jedi(WGM)]:[0m Figure if I stay self-quarantined either way theres no need to rush and get[0m
[15:09] [0m                     something jabbed into my sinuses[0m
[15:10] [0m[35;1mAl [Jedi(72)]:[0m Everybody knows it was yo mama[0m
[15:10] [0m[35;1mAl [Jedi(72)]:[0m laf, stupid trigs :)[0m
[15:11] [0m[35;1mElindal [Jedi(40)]:[0m I heard its all being done anal now. super large probe. 0 lube.[0m
[15:11] [0m[37;1m[JEDI]:[0m Durnoth arrives at the Academy.[0m
[15:12] [0m[35;1mEnder [Jedi(Knight)]:[0m the covid test? it still starts in your nose but its so long I think it[0m
[15:12] [0m                      might make it all the way down there.[0m
[15:16] [0m[35;1mElindal [Jedi(40)]:[0m you seen those things?[0m
[15:16] [0m[35;1mLicklick [Jedi(62)]:[0m no[0m
[15:16] [0m[35;1mElindal [Jedi(40)]:[0m they seriously rub your frontal lobe[0m
[15:16] [0m[35;1mElindal [Jedi(40)]:[0m its rediculous[0m
[15:16] [0m[35;1mElindal [Jedi(40)]:[0m goes up past your septum or sure[0m
[15:16] [0m[35;1mElindal [Jedi(40)]:[0m *for sure[0m
[15:16] [0m[35;1mEnder [Jedi(Knight)]:[0m oh it absolutely does:)[0m
[15:17] [0m[35;1mElindal [Jedi(40)]:[0m i lick all the door handles and shelves at walmart. but still no covid[0m
[15:17] [0m[35;1mElindal [Jedi(40)]:[0m its a conspiriacy[0m
[15:18] [0m[35;1mEnder [Jedi(Knight)]:[0m Says the bacteria that has taken over his brain:)[0m
[15:18] [0m[35;1mRoken [Jedi(89)]:[0m tickled the brain for sure! Sneezed twice doing this test.. I am negative[0m
[15:20] [0m[37;1mPrismal flaps :[0m resetting zombies, come one come all[0m
[15:22] [0m[37;1mPrismal flaps :[0m resetting, speak now or hold your piece until next reset[0m
[15:23] [0m[37;1mSaim flaps :[0m oh...im holding my piece alright[0m
[15:23] [0m[37;1mPrismal flaps :[0m tmi![0m
[15:24] [0m[37;1mPrismal flaps :[0m reset done[0m
[15:29] [0m[31;1m[Clan] Byron :[0m DOUBLE KILL![0m
[15:41] [0m[35;1mUkyo [Jedi(Knight)]:[0m You know what to do.[0m
[15:42] [0m[37;1m[JEDI]:[0m Wennic Ber'ni'lok arrives at the Academy.[0m
[15:50] [0m[35;1mUkyo [Jedi(Knight)]:[0m seriously? two ticks and nobody saw it? or nobody wants it? I see a lot of[0m
[15:50] [0m                     F's out there. I'm going to start bot checking you people. get a trigger on[0m
[15:50] [0m                     it![0m
[15:51] [0m[35;1mSimonz [Jedi(Knight)]:[0m lol[0m
[15:51] [0m[35;1mSally [Jedi(53)]:[0m lol[0m
[15:55] [0m[35;1mSaim [Jedi(Elder)]:[0m i dont even have that skill -- i guess ill get that next[0m
[15:55] [0m[35;1mSaim [Jedi(Elder)]:[0m soon as you dont blow up hard while using it[0m
[15:56] [0m[35;1mUkyo [Jedi(Knight)]:[0m heh. takes more than five actives to make me go boom[0m
[15:56] [0m[35;1mUkyo [Jedi(Knight)]:[0m usually only get one or two takers. not often i get that many people[0m
[15:56] [0m                     linked.[0m
[15:56] [0m[35;1mUkyo [Jedi(Knight)]:[0m had to pressure them to do it, too, just so I could test it[0m
[16:05] [0m[35;1mUkyo [Jedi(Knight)]:[0m I wouldn't spend any points on it yet, Saim. Battle Meditation needs to be[0m
[16:05] [0m                     sent back to the drawing board. Only 1 in 8 F's use it at any given time. .[0m
[16:05] [0m                     . Upgrade, maybe?[0m
[16:06] [0m[35;1mUkyo [Jedi(Knight)]:[0m like, duration increasing the link. Instead of getting +whatever off the[0m
[16:06] [0m                     bat, you have to stay linked[0m
[16:07] [0m[35;1mUkyo [Jedi(Knight)]:[0m and you start off at a lower amount, like 20% of maximum ability[0m
[16:08] [0m[35;1mUkyo [Jedi(Knight)]:[0m as the meditation goes on, and the two jedi sync, the strength of the[0m
[16:08] [0m                     reinforcement grows. telepathy as a side skill should be checked for, imho,[0m
[16:08] [0m                     but that may be more work than adalius would want to put into it.[0m
[16:09] [0m[35;1mJasmine [Jedi(Knight)]:[0m so so we need a mask to enter the academy?[0m
[16:10] [0m[35;1mUkyo [Jedi(Knight)]:[0m I don't have one.[0m
[16:14] [0mFd  Wm:g Wc: 67% Gx:  3.33% Fx: 12.44%[0m
[16:21] [0m[37;1m[JEDI]:[0m Kerran Halcyon arrives at the Academy.[0m
[16:39] [0mnewb Ortho [adventurer/9]: do I lose access to Newbieland at some point?[0m
[16:39] [0mnewb Whoknows [priest/133]: help milestones[0m
[16:40] [0mnewb Echoloc [juggernaut/91]: what who said[0m
[16:40] [0mnewb Glowie [priest/84]: lvl 50 no more newbie land[0m
[16:40] [0mnewb Ortho [adventurer/9]: so those quests that are suggested for newbieland... before 50?[0m
[16:41] [0mnewb Echoloc [juggernaut/91]: they are lower level, like 5 and below[0m
[16:41] [0mnewb Ortho [adventurer/9]: thanks[0m
[16:41] [0mnewb Echoloc [juggernaut/91]: questlist new are the "newbie ones"[0m
[16:42] [0mnewb Echoloc [juggernaut/91]: though the description of attrition is also in newbie area[0m
[16:43] [0mnewb Echoloc [juggernaut/91]: though there is a copy out in the world for later[0m
[16:43] [0mnewb Simonz [jedi/133]: you can come back into newbieland after you've joined a guild as long as[0m
[16:43] [0m                        you're still under level 50, so it's easier to do those quests once you[0m
[16:43] [0m                        have a guild[0m
[16:44] [0mnewb Ortho [adventurer/9]: so there's no reason for me to stay adventurer/ not level up (beyond[0m
[16:44] [0m                           level 50) if I want to do these new quests first?[0m
[16:44] [0mnewb Echoloc [juggernaut/91]: not beyond 49[0m
[16:44] [0mnewb Simonz [jedi/133]: correct[0m
[16:44] [0mnewb Ortho [adventurer/9]: Thank you.[0m
[16:44] [0mnewb Simonz [jedi/133]: yeah, dno[0m
[16:44] [0mnewb Simonz [jedi/133]: don't go beyond 49[0m
[16:45] [0mnewb Allaryin [priest/49]: << :)[0m
[16:45] [0mnewb Echoloc [juggernaut/91]: like that one :)[0m
[16:45] [0mnewb Allaryin [priest/49]: am being super lazy about finishing up last couple of newbie quests,[0m
[16:45] [0m                           but yeah ;) they still let me in[0m
[16:52] [0m[37;1mSimonz flaps :[0m hotel reset, holler if you're coming[0m
[16:54] [0m[35;1mSimonz [Jedi(Knight)]:[0m hotel reset[0m
[16:54] [0m[37;1mSimonz flaps :[0m last call[0m
[16:55] [0mnewb Garrosh [adventurer/10]: how do I improve my hit rate?[0m
[16:55] [0m[37;1m[JEDI]:[0m Herah Wylann arrives at the Academy.[0m
[16:55] [0m[37;1mSimonz flaps :[0m reset time, one last call for zombies, ya'll, so finish up your botting and come[0m
[16:55] [0mnewb Ash [priest/130]: that will depend mostly on the guild you choose. Adventurers are not a[0m
[16:55] [0m                       very powerful guild[0m
[16:55] [0mnewb Aka [gentech/122]: strength i think would increase how much melee damage[0m
[16:56] [0mnewb Garrosh [adventurer/10]: yeah damage, but most of my attacks miss this specific mob[0m
[16:56] [0mnewb Ash [priest/130]: as for stats, I think it depends on the weapon type, but dex is usually a[0m
[16:56] [0m                       good one for chance to hit[0m
[16:56] [0mnewb Morgan [cyborg/75]: miss, bobble, or bounced off?[0m
[16:57] [0mnewb Morgan [cyborg/75]: it's been 20 years since I had a character in newbie land, but if it[0m
[16:57] [0m                         hasn't changed overmuch, what message you got was relevant[0m
[17:28] [0m[37;1m[JEDI]:[0m Alyssa K'tal arrives at the Academy.[0m
[17:33] [0m[32mTurnhold tells you:[0m scotch. scotchy scotch scotch. scotch.[0m
[17:33] [0m[34;1mClaptrap shouts:[0m There it goes down, down in my belly.[0m
[17:33] [0m[34;1mKrom shouts:[0m scotch me now.[0m
[17:37] [0m[34;1mHooligan shouts:[0m too much water[0m
[18:00] [0m[37;1m[JEDI]:[0m H'ssani C'talan arrives at the Academy.[0m
[18:11] [0m[34;1mYik shouts:[0m playcult... for stuffing![0m
[18:14] [0m[35;1mEnder [Jedi(Knight)]:[0m man if only every mining run was this good.[0m
[18:26] [0m[37;1m[JEDI]:[0m Durnoth arrives at the Academy.[0m
[18:36] [0m[35;1mEnder [Jedi(Knight)]:[0m how do you get out of the big red shoe again?[0m
[18:47] [0m[35;1mJasmine [Jedi(Knight)]:[0m 7 more cells in armory, forgot to drop em the other day[0m
[18:47] [0m[35;1mJasmine [Jedi(Knight)]:[0m er backpacks[0m
[18:54] [0m[37;1m[JEDI]:[0m Bithoff Jonansaan arrives at the Academy.[0m
[18:55] [0m[34;1mJasmine shouts:[0m MAKE PLAYCULT GREAT AGAIN! BY KILLING YIK![0m
[18:56] [0m[34;1mJasmine shouts:[0m He gives great helmet![0m
[18:57] [0m[34;1mYik shouts:[0m why auction a batwing helm when you can give it away?[0m
[18:57] [0m[34;1mJasmine shouts:[0m PLAYCULT! #AllLivesMatter  Except Yik's[0m
[19:19] [0m[37;1mRoken flaps :[0m hotel reset, send a tell[0m
[19:19] [0m[35;1mRoken [Jedi(89)]:[0m hotel reset[0m
[19:19] [0m[31;1m[Clan] Roken :[0m hotel reset[0m
[19:19] [0m[37;1mManos flaps :[0m quarantine?[0m
[19:19] [0m[32mAlassra tells you:[0m brt![0m
[19:19] [0m[32mVoler tells you:[0m omw[0m
[19:19] [0m[32mAka tells you:[0m coming for reset![0m
[19:19] [0m[37;1m[JEDI]:[0m Reena Bel Noir arrives at the Academy.[0m
[19:20] [0m[31;1m[Clan] Roken :[0m used two resurrects, still says 5.0xB[0m
[19:20] [0m[33;1m[PARTY][0m Lost our leader![0m
[19:20] [0m[33;1m[PARTY][0m New leader for the party: roken.[0m
[19:20] [0m[33;1m[PARTY][0m Voler joins the party.[0m
[19:20] [0m[33;1m[PARTY][0m Alassra joins the party.[0m
[19:20] [0m[33;1m[PARTY][0m Voler: woot.. thanx[0m
[19:20] [0m[33;1m[PARTY][0m Simonz joins the party.[0m
[19:21] [0m[32mZanadu tells you:[0m reset pretty please with sugar on top[0m
[19:21] [0m[33;1m[PARTY][0m Zanadu joins the party.[0m
[19:21] [0m[33;1m[PARTY][0m Aka joins the party.[0m
[19:21] [0m[33;1m[PARTY][0m Zanadu: who is dragging me through vamps?[0m
[19:21] [0m[33;1m[PARTY][0m Alassra: they're too easy to tank, they should be upgraded![0m
[19:22] [0m[37;1mRoken flaps :[0m last call for hotel reset[0m
[19:22] [0m[33;1m[PARTY][0m Alassra: those buff ones need more of the juice[0m
[19:22] [0m[33;1m[PARTY][0m Zanadu: the need specials?[0m
[19:22] [0m[33;1m[PARTY][0m Alassra: make 'em hit around and double their xp value :D[0m
[19:23] [0m[32mYou tell Simonz:[0m reset yours[0m
[19:23] [0m[33;1m[PARTY][0m Aka: make em bite to heal[0m
[19:23] [0m[33;1m[PARTY][0m Roken has quit the party.[0m
[19:25] [0m[32mZanadu tells you:[0m thanks[0m
[19:26] [0m[32;1mFrom afar, you bow to Zanadu.[0m[0m
[19:44] [0m[31;1m[Clan] Ser :[0m 5 per boot[0m
[19:44] [0m[31;1m[Clan] Ser :[0m so if you used 3 more you will have 2 left[0m
[19:44] [0m[31;1m[Clan] Ser :[0m crazy huh[0m
[19:44] [0m[31;1m[Clan] Ser :[0m err 0[0m
[19:45] [0m[31;1m[Clan] Szodrin :[0m are you w/ling, Ser? That's my fucking job[0m
[19:47] [0m[34;1mInquisitor shouts:[0m Al!!!!![0m
[19:47] [0m[34;1mHooligan shouts:[0m hellulaj![0m
[19:47] [0m[31;1m[Clan] Roken :[0m don't see a change in powers list *shrug*[0m
[19:47] [0m[34;1mHooligan shouts:[0m er halelujah[0m
[19:48] [0m[37;1mHooligan <.oO>:[0m wooooo![0m
[19:48] [0m[31;1m[Clan] Byron :[0m you get 5 res roken?[0m
[19:48] [0m[37;1mAlassra <.oO>:[0m spammer![0m
[19:48] [0m[37;1mHooligan <.oO>:[0m hax![0m
[19:48] [0m[31;1m[Clan] Byron :[0m I figured it was tied o the lvl[0m
[19:48] [0m[37;1mDamage <.oO>:[0m HEADSHOT[0m
[19:48] [0m[37;1mStasis <.oO>:[0m moar![0m
[19:48] [0m[37;1m[JEDI]:[0m Rhaan arrives at the Academy.[0m
[19:49] [0m[34;1mSamiel shouts:[0m some say they wouldcall him betty[0m
[19:50] [0m[5m[1m[48;5;124mYour lightsaber begins to flicker and the handle warms![0m[0m                 [0m
[19:51] [0m[31;1m[Clan] Byron :[0m i have enough xp for 10 eternal lvls i think[0m
[19:51] [0m[31;1m[Clan] Xaryl :[0m bs![0m
[19:51] [0m[31;1m[Clan] Xaryl :[0m decided to NOT raise immunity or radiance anymore[0m
[19:52] [0m[31;1m[Clan] Byron :[0m Just need to wait for the opportune time to spam :P[0m
[19:52] [0m[31;1m[Clan] Roken :[0m ya started at 5, used 2 today.. and still see 5. So perhaps it doesnt act like[0m
[19:52] [0m               other power cooldowns[0m
[19:52] [0m[31;1m[Clan] Byron :[0m I have 7 cont, 6 immunity, 2 radiance[0m
[19:52] [0m[31;1m[Clan] Xaryl :[0m boo!! terra hammer is a 2-handed mace[0m
[19:52] [0m[31;1m[Clan] Byron :[0m BS for bards :P[0m
[19:52] [0m[31;1m[Clan] Void :[0m i still prefer famerian hammer[0m
[19:52] [0m[31;1m[Clan] Byron :[0m the 2 of us above glvl 95[0m
[19:53] [0m[31;1m[Clan] Xaryl :[0m bards can use shield & 2handed?[0m
[19:53] [0m[31;1m[Clan] Xaryl :[0m what is WC on famerian hammer?[0m
[19:55] [0m[31;1m[Clan] Byron :[0m no, we can't use shield + 2-hander[0m
[19:56] [0m[31;1m[Clan] Xaryl :[0m nod[0m
[19:56] [0m[31;1m[Clan] Byron :[0m But our glvl 95 dmg song gets a bonus from "hammers"[0m
[19:56] [0m[31;1m[Clan] Xaryl :[0m sick![0m
[19:57] [0m[31;1m[Clan] Xaryl :[0m wish I figured out how to get RoLM or Bthorn[0m
[19:57] [0m[31;1m[Clan] Xaryl :[0m but I suck :([0m
[19:57] [0m[31;1m[Clan] Xaryl :[0m maces are my fav weapon type[0m
[19:57] [0m[31;1m[Clan] Yik :[0m bthorn is rloft treants isnt it?[0m
[19:57] [0m[31;1m[Clan] Xaryl :[0m nod[0m
[19:57] [0m[31;1m[Clan] Xaryl :[0m but the parts are NEVER there[0m
[19:58] [0m[37;1mLeianne flaps :[0m Abyss resets... whoever wants to dive go for it![0m
[19:58] [0m[31;1m[Clan] Yik :[0m from now on ill cbox any i see![0m
[19:58] [0m[31;1m[Clan] Void :[0m rolm isn't hard just need to find the icons and burn at the sigils, but they move[0m
[19:58] [0m              and i'm too lazy to figure it out all boot[0m
[19:58] [0m[31;1m[Clan] Xaryl :[0m I nev er figured out the syntax :([0m
[19:59] [0m[31;1m[Clan] Xaryl :[0m but I am super lazy when it comes to EQ collecting....[0m
[20:01] [0m[31;1m[Clan] Byron :[0m bard song doesn't matter for dtype i dont think... I remember testing w/ famerian[0m
[20:01] [0m               (mind) and corpses were still blunt[0m
[20:01] [0m[31;1m[Clan] Xaryl :[0m nod, heh[0m
[20:02] [0m[31;1m[Clan] Yik :[0m fam ham got any specials?[0m
[20:03] [0m[35;1mSally [Jedi(54)]:[0m 12m on hotel reset[0m
[20:04] [0m[31;1m[Clan] Yik :[0m perhaps like a higer wc version of mindbender? XD[0m
[20:04] [0m[31;1m[Clan] Void :[0m i wish they made weapons that were more than 100 wc[0m
[20:06] [0m[31;1m[Clan] Szodrin :[0m thought shard was technically like 107 or something?[0m
[20:06] [0m[31;1m[Clan] Byron :[0m nah[0m
[20:06] [0m[31;1m[Clan] Void :[0m hundo[0m
[20:06] [0m[31;1m[Clan] Byron :[0m 100 wc, 8% penetration[0m
[20:06] [0m[31;1m[Clan] Byron :[0m i think[0m
[20:06] [0m[31;1m[Clan] Void :[0m yea[0m
[20:06] [0m[31;1m[Clan] Szodrin :[0m I remember Ser was talking to some wiz about shard[0m
[20:07] [0m[31;1m[Clan] Szodrin :[0m maybe he applied +wc[0m
[20:07] [0m[31;1m[Clan] Byron :[0m really?[0m
[20:07] [0m[31;1m[Clan] Yik :[0m interesting, but mindbender ftw![0m
[20:07] [0m[31;1m[Clan] Szodrin :[0m but apparently it had more wc than was visible[0m
[20:07] [0m[31;1m[Clan] Byron :[0m Yeah, the +wc from vigilant doesnt show up on the showwc[0m
[20:07] [0m[31;1m[Clan] Void :[0m fear is the mindbender[0m
[20:07] [0m[31;1m[Clan] Byron :[0m how's sii?[0m
[20:07] [0m[31;1m[Clan] Byron :[0m I got a leech wagon going if you want to latch on yikker[0m
[20:07] [0m[31;1m[Clan] Yik :[0m eq forms rock and oooers, thatd be grand[0m
[20:08] [0m[31;1m[Clan] Szodrin :[0m mindbender?[0m
[20:08] [0m[31;1m[Clan] Yik :[0m dagger with 50 mind wc, 20% pen, and a hidden attack, also hurts you for 5 each[0m
[20:08] [0m             round[0m
[20:08] [0m[31;1m[Clan] Byron :[0m I dont have a summon, but if a necro can port you into me[0m
[20:08] [0m[31;1m[Clan] Byron :[0m since you need to be lvl 111 to get in[0m
[20:08] [0m[31;1m[Clan] Yik :[0m lemme get a new bod n look for one![0m
[20:09] [0m[31;1m[Clan] Byron :[0m hot bod[0m
[20:09] [0m[31;1m[Clan] Szodrin :[0m I want your bod[0m
[20:14] [0m[31;1m[Clan] Yik :[0m aighty, got Vagrant[0m
[20:15] [0m[31;1m[Clan] Byron :[0m woot[0m
[20:15] [0m[31;1m[Clan] Byron :[0m once this mob is dead[0m
[20:15] [0m[34;1mVagrant shouts:[0m FIREBAT gonna kill eveyr1 when he hits 130[0m
[20:15] [0m[34;1mYik shouts:[0m attack, your base is under it[0m
[20:22] [0m[37;1m[JEDI]:[0m Ylenic It'kla arrives at the Academy.[0m
[20:25] [0m[37;1mSamiel flaps :[0m netflix?[0m
[20:25] [0m[37;1mSamiel flaps :[0m w/l[0m
[20:26] [0m[31;1m[Clan] Szodrin :[0m not a single laugh[0m
[20:31] [0m[31;1m[Clan] Yik :[0m ahh! from rloft[0m
[20:31] [0m[31;1m[Clan] Yik :[0m oops, line hop![0m
[20:44] [0m[37;1mVoid <.oO>:[0m WOOOOO[0m
[20:55] [0m[37;1m[JEDI]:[0m Janath Meelin arrives at the Academy.[0m
[21:03] [0m[34;1mVilgan shouts: [0mI want everyone to know that Whoknows is a big dumb meany.[0m
[21:04] [0m[34;1mVoid shouts:[0m tell us something we don't know Vilgan!![0m
[21:04] [0m[34;1mWhoknows shouts:[0m haha[0m
[21:05] [0m[31;1m[Clan] Byron :[0m Has anyone been into the vampires at much lower scalers?  Like 50/60/etc?[0m
[21:05] [0m[31;1m[Clan] Szodrin :[0m not I, but I've heard of folks doing it[0m
[21:05] [0m[31;1m[Clan] Szodrin :[0m someone had... 50m I think? not sure what scaler[0m
[21:25] [0m[37;1m[JEDI]:[0m Talia Ska arrives at the Academy.[0m
[21:27] [0m[34;1mVaan shouts:[0m who doesn't drive around with vice grips for a steering wheel?[0m
[21:27] [0m[34;1mVoler shouts:[0m some of us can't afford vice grips and just wrap duct-tape around it till it forms[0m
[21:27] [0m              a big silvery basketball you can turn![0m
[21:34] [0m[34;1mJasmine shouts:[0m PLAYCULT! #AllLivesMatter  Except Yik's[0m
[21:35] [0m[34;1mSpace shouts:[0m #villagelivesmatter except Yik leta not forget we actively want to kill the reds[0m
[21:46] [0m[34;1mSer shouts:[0m you know why 88 is better than 69?[0m
[21:47] [0m[34;1mSer shouts:[0m because you get 8 twice.  eyyyyy[0m
[21:47] [0m[31;1m[Clan] Szodrin :[0m lol[0m
[21:47] [0m[34;1mThom shouts:[0m hah XD[0m
[21:48] [0m[34;1mSpace shouts:[0m dude obesity is already a huge issue, stop giving them ideas[0m
[21:51] [0m[31;1m[Clan] Ser :[0m bukkake explained by smash mouth https://youtu.be/0Iqr0L4bUms[0m
[21:51] [0m[31;1m[Clan] Ser :[0m bukkake explained by smash mouth https://youtu.be/0Iqr0L4bUms[0m
[21:51] [0m[31;1m[Clan] Ser :[0m oops...  just give the video a minute.[0m
[21:52] [0m[31;1m[Clan] Void :[0m thhat's gotta be the video of Kamala working her wawy to the top?[0m
[21:53] [0m[37;1m[JEDI]:[0m Tobias Kel'ach'nar arrives at the Academy.[0m
[21:53] [0m[31;1m[Clan] Ser :[0m y you bringing politics into bukakke[0m
[21:53] [0m[31;1m[Clan] Yik :[0m laff[0m
[21:54] [0m[31;1m[Clan] Void :[0m i'm not, you cited smash mouth and bukakke and i just assumed we were talking[0m
[21:54] [0m              about the biggest blowjob queen in America[0m
[21:55] [0m[31;1m[Clan] Ser :[0m george takei?[0m
[21:55] [0m[31;1m[Clan] Void :[0m my mistake.. didn't realize it was smash moutht he band rofl[0m
[22:23] [0m[31;1m[Clan] Ser :[0m 244.85 hrs g2n[0m
[22:23] [0m[31;1m[Clan] Ser :[0m almost <10 days![0m
[22:26] [0m[31;1m[Clan] Szodrin :[0m woot![0m
[22:31] [0mYou can currently reforge 0 items.[0m
[22:35] [0mVidae {Professions}: Any super knowledgeable Transmuters wanna send me a[0m
[22:35] [0m                     tell so I can ask annoying questions?[0m
[22:37] [0mWhoknows {Professions}: make notes and send em my way :D[0m
[22:38] [0mWhoknows {Professions}: inquiring minds want to know too[0m
[23:13] [0m[32mSevenofnine tells you (Roken,Fluffy,Sleepy,Hooligan):[0m resetting zombies, come to entrance[0m
[23:24] [0mYou can currently reforge 4 items.[0m
[23:29] [0m[31;1m[Clan] Byron :[0m oh, normal time for day 7 too this boot[0m
[23:32] [0m[31;1m[Clan] Yik :[0m ooo, perfect[0m
