- = LOG STARTED [00:00] = -
[08:24] [31;1m[Clan] Roken wisps into existence.[0m  [0m
[08:32] [0m[31;1m[Clan] Saim climbs out of your ass, and into the game.[0m  [0m
[08:34] [0m[32mEnder tells you:[0m feel like hitting a few belochs?[0m
[08:34] [0m[32mEnder tells you:[0m need a bit mroe damage down here:)[0m
[08:35] [0m[32;1mFrom afar, you nog at Ender.[0m[0m
[08:37] [0m[33;1m[PARTY][0m Terran: heh, at this pace we won't need refreshes[0m
[08:37] [0m[33;1m[PARTY][0m Ender: looking for more damage:)[0m
[08:38] [0m[33;1m[PARTY][0m Terran: its great gxp for me[0m
[08:38] [0m[33;1m[PARTY][0m Terran: so im happy to do this all day[0m
[08:38] [0m[31;1m[Clan] Roken :[0m anyone wanna hit belofh[0m
[08:38] [0m[33;1m[PARTY][0m Roken: asking clan[0m
[08:38] [0m[33;1m[PARTY][0m Terran: lol, im teasing you guys. if we get more great, if not[0m
[08:38] [0m        we'll still kill em[0m
[08:38] [0m[33;1m[PARTY][0m Ender: well, we have 3 more after this then we'll need a reset.[0m
[08:38] [0m[31;1m[Clan] Roken :[0m beloch party up in her![0m
[08:39] [0m[33;1m[PARTY][0m Roken: can bring in dz too for freshies[0m
[08:39] [0m[33;1m[PARTY][0m Ender: i dont have to do all three either, but this is my first[0m
[08:39] [0m       run at em so im fingerless.[0m
[08:39] [0m[33;1m[PARTY][0m Terran: i'll tank as many as yall want[0m
[08:39] [0m[33;1m[PARTY][0m Ender: great:)[0m
[08:39] [0m[31;1m[Clan] Saim :[0m im brunning atm[0m
[08:40] [0m[33;1m[PARTY][0m Roken: if time permits... i need to get out the door and school[0m
[08:40] [0m[31;1m[Clan] Saim :[0m can drop by after[0m
[08:40] [0m[33;1m[PARTY][0m Terran: sliding[0m
[08:40] [0m[33;1m[PARTY][0m Terran: hp regen[0m
[08:40] [0m[33;1m[PARTY][0m Kichi: im hitting now :)[0m
[08:40] [0m[33;1m[PARTY][0m Kichi: sorry[0m
[08:40] [0m[33;1m[PARTY][0m Kichi: i zoned out[0m
[08:41] [0m[33;1m[PARTY][0m Terran: saving ewell for nrg immune[0m
[08:41] [0m[33;1m[PARTY][0m Ender: i think i might do ewell after 132 stats[0m
[08:41] [0m[33;1m[PARTY][0m Terran: i only have ewell at 1[0m
[08:41] [0m[33;1m[PARTY][0m Terran: but it'll last the entire beloch[0m
[08:41] [0m[33;1m[PARTY][0m Terran: if we have enough dmg[0m
[08:41] [0m[33;1m[PARTY][0m Terran: well, 2 for reset faster[0m
[08:42] [0m[33;1m[PARTY][0m Terran: but its the same perc proc[0m
[08:42] [0m[33;1m[PARTY][0m Ender: so many things to spend on. 1 more to max dupe, then[0m
[08:42] [0m       level, then stats, then something fancy.[0m
[08:42] [0m[33;1m[PARTY][0m Terran: yeah im working stats...they really slow down post 200[0m
[08:42] [0m[33;1m[PARTY][0m Ender: i dont mind though cause at least you have something to[0m
[08:42] [0m       advance every couple hours or whatever:)[0m
[08:42] [0m[33;1m[PARTY][0m Terran: yeah for sure[0m
[08:42] [0m[33;1m[PARTY][0m Ender: working on a 60B level coming up, that'll take a few days.[0m
[08:42] [0m[33;1m[PARTY][0m Terran: plus im boosting dex which makes me tankier[0m
[08:43] [0m[33;1m[PARTY][0m Terran: gens are neat the way that works[0m
[08:43] [0m[33;1m[PARTY][0m Roken: afk, shower[0m
[08:43] [0m[33;1m[PARTY][0m Terran: the moer tanky i get, the more offense bias i can shift so[0m
[08:43] [0m        i keep tanking neutral[0m
[08:43] [0m[33;1m[PARTY][0m Terran: so even dex increases dmg[0m
[08:43] [0m[33;1m[PARTY][0m Ender: yah, im gonna gswap into gen after I max my 133 stats.[0m
[08:43] [0m[33;1m[PARTY][0m Terran: bias makes them a lot of fun imo[0m
[08:43] [0m[33;1m[PARTY][0m Ender: looking forward to it, have wanted to try it since like,[0m
[08:43] [0m       2000 or whatever.[0m
[08:44] [0m[33;1m[PARTY][0m Terran: they're pretty coin expensive though[0m
[08:44] [0m[33;1m[PARTY][0m Terran: or subsidies[0m
[08:44] [0m[33;1m[PARTY][0m Terran: ive dropped north of 55m coins/subsidies[0m
[08:44] [0m[33;1m[PARTY][0m Ender: Yah that's a lot. i'll only have like, 10M when I start[0m
[08:44] [0m[33;1m[PARTY][0m Terran: gotta scrounge for stuff to trash at guild for subs[0m
[08:45] [0m[33;1m[PARTY][0m Terran: its not too bad...but it can slow ya down[0m
[08:45] [0m[33;1m[PARTY][0m Ender: oh im a master and shoving trash into boxes[0m
[08:45] [0m[33;1m[PARTY][0m Terran: well, we can donate or trash the item and get samve subs[0m
[08:45] [0m        value[0m
[08:45] [0m[33;1m[PARTY][0m Terran: so...the box doesnt fill up with crap[0m
[08:45] [0m[37;1m[JEDI]:[0m Tobias Kel'ach'nar arrives at the Academy.[0m
[08:45] [0m[33;1m[PARTY][0m Ender: my refresh?[0m
[08:46] [0m[33;1m[PARTY][0m Terran: hp healz[0m
[08:46] [0m[33;1m[PARTY][0m Terran: burning the room so its hot[0m
[08:46] [0m[33;1m[PARTY][0m Terran: i dont need these pots btw[0m
[08:46] [0m[33;1m[PARTY][0m Terran: up for grabs[0m
[08:46] [0m[33;1m[PARTY][0m Ender: Big priest in the room and Im the one dooing the healing[0m
[08:46] [0m       eh:)[0m
[08:46] [0m[33;1m[PARTY][0m Ender: i need 1 more and can still refresh 3[0m
[08:46] [0m[33;1m[PARTY][0m Ender: so we can keep going for whomever needs[0m
[08:47] [0m[33;1m[PARTY][0m Terran: well, kichi gave us a bless, job done.[0m
[08:47] [0m[33;1m[PARTY][0m Ender: anyone familiar with the power utility eq?[0m
[08:47] [0m[33;1m[PARTY][0m Terran: yeah, a little inix likes it[0m
[08:47] [0m[33;1m[PARTY][0m Terran: its decent[0m
[08:47] [0m[33;1m[PARTY][0m Terran: they seem to be dying a little faster[0m
[08:47] [0m[33;1m[PARTY][0m Terran: must be good immunities[0m
[08:48] [0m[33;1m[PARTY][0m Ender: i icotagged the cloak, great ac and SMD for a cloak[0m
[08:48] [0m[33;1m[PARTY][0m Ender: what i got at boot had less AC and no SMD[0m
[08:48] [0m[33;1m[PARTY][0m Ender: was cuiorus if anyone knew why[0m
[08:48] [0m[33;1m[PARTY][0m Ender: inix didnt[0m
[08:48] [0m[33;1m[PARTY][0m Terran: no idea[0m
[08:49] [0m[33;1m[PARTY][0m Ender: def one of the better cloaks and made a decent transmute[0m
[08:49] [0m       for an amulet[0m
[08:50] [0m[33;1m[PARTY][0m Syreth joins the party.[0m
[08:51] [0m[32mKichi says:[0m Most powerful Galan... Grant me the power of your divine[0m
[08:51] [0m            blessing, so we may destroy your enemies![0m
[08:51] [0m[33;1m[PARTY][0m Terran: refresh[0m
[08:57] [0m[33;1m[PARTY][0m Ender: good to go?[0m
[08:57] [0m[33;1m[PARTY][0m Terran: refresh[0m
[08:58] [0m[33;1m[PARTY][0m Roken: i waana refresh[0m
[08:58] [0m[33;1m[PARTY][0m Roken: jus 1[0m
[08:59] [0m[33;1m[PARTY][0m Terran: i think there are spare pots?[0m
[08:59] [0m[33;1m[PARTY][0m Roken: only time for one refresh on this end[0m
[08:59] [0m[33;1m[PARTY][0m Terran: take the pot on the ground[0m
[09:00] [0m[31;1m[Clan] Taleast :[0m hey, gents, don't mean to drop my business in your laps, but just giving you a[0m
[09:00] [0m                 heads up[0m
[09:00] [0m[31;1m[Clan] Taleast :[0m wife is having a rough day, this would have been her mom's birthday[0m
[09:00] [0m[31;1m[Clan] Taleast :[0m if I'm slow to respond about anything, that's probably why[0m
[09:01] [0m[31;1m[Clan] Taleast :[0m offered to take the day off and go out with her, but youngest gets out of[0m
[09:01] [0m                 school in a couple of hours, so...[0m
[09:03] [0m[33;1m[PARTY][0m Terran: refresh roken[0m
[09:03] [0m[33;1m[PARTY][0m Ender: roken refreshing?[0m
[09:04] [0m[33;1m[PARTY][0m Terran: think so[0m
[09:04] [0m[33;1m[PARTY][0m Ender: potion on the ground as well[0m
[09:04] [0m[32mEnder tells you:[0m you refreshing one?[0m
[09:04] [0mSyreth whispers something to Terran[0m
[09:04] [0m[33;1m[PARTY][0m Ender: hey roken, how's that shower going:)[0m
[09:04] [0m[33;1m[PARTY][0m Terran: lolz[0m
[09:04] [0m[33;1m[PARTY][0m Roken: done[0m
[09:05] [0m[33;1m[PARTY][0m Syreth: oh lame, energy immune[0m
[09:05] [0m[33;1m[PARTY][0m Roken: alright out the door. school demo and uktrasound[0m
[09:05] [0m[35;1mSally [Jedi(60)]:[0m some spirit stuff in[0m
[09:07] [0m[33;1m[PARTY][0m Terran: oh ewelling after he resets.. energy immune[0m
[09:07] [0m[33;1m[PARTY][0m Terran: heh wasnt payin genough attention[0m
[09:08] [0m[37;1m[JEDI]:[0m Janath Meelin arrives at the Academy.[0m
[09:10] [0m[33;1m[PARTY][0m Terran: next?[0m
[09:10] [0mSyreth whispers something to Terran[0m
[09:10] [0m[33;1m[PARTY][0m Ender: natural is like 5m away?[0m
[09:10] [0m[33;1m[PARTY][0m Terran: we done?[0m
[09:10] [0m[33;1m[PARTY][0m Terran: yeah[0m
[09:10] [0m[33;1m[PARTY][0m Ender: anyone else wanna refresh 1 and then hit the natural last?[0m
[09:10] [0m[33;1m[PARTY][0m Wiener: I don't have any refreshes[0m
[09:10] [0m[33;1m[PARTY][0m Ender: 2 potions on ground[0m
[09:10] [0m[33;1m[PARTY][0m Ender: ill wait 5 shrug[0m
[09:10] [0m[33;1m[PARTY][0m Ender: if people need[0m
[09:11] [0m[33;1m[PARTY][0m Syreth: is room too hot for slides?[0m
[09:11] [0m[33;1m[PARTY][0m Terran: yes[0m
[09:11] [0m[33;1m[PARTY][0m Terran: timeslide query newb[0m
[09:12] [0m[33;1m[PARTY][0m Syreth: ah lol[0m
[09:13] [0m[33;1m[PARTY][0m Terran: is everyone full on pots that wanted em?[0m
[09:13] [0m[33;1m[PARTY][0m Terran: regardless of if you have a refresh[0m
[09:13] [0m[33;1m[PARTY][0m Ender: im full yah so those 2 are free[0m
[09:13] [0m[33;1m[PARTY][0m Ender: gonna hit queen next for a couple if you want more gxp[0m
[09:13] [0m       terran:)[0m
[09:14] [0m[33;1m[PARTY][0m Terran: not sure if i can do queen or not[0m
[09:14] [0m[33;1m[PARTY][0m Terran: i may have have the zone aggro'd to me[0m
[09:14] [0m[33;1m[PARTY][0m Ender: how does that happen?[0m
[09:14] [0m[33;1m[PARTY][0m Terran: at least...i did last time[0m
[09:14] [0m[33;1m[PARTY][0m Kichi has quit the party.[0m
[09:14] [0m[33;1m[PARTY][0m Terran: well, it always happens actually[0m
[09:15] [0m[33;1m[PARTY][0m Terran: if the cards arent hunting someone, they assist[0m
[09:15] [0m[33;1m[PARTY][0m Terran: they just happen to be hunting me i believe[0m
[09:16] [0m[33;1m[PARTY][0m Terran: room reset for slides[0m
[09:16] [0m[33;1m[PARTY][0m Syreth: nice![0m
[09:24] [0m[37;1mBoscar flaps :[0m any legit reason hardcore aren't allowed to craft?[0m
[09:24] [0m[37;1mBoscar flaps :[0m it seems like a weird thing to explicitly exclude them[0m
[09:25] [0m[37;1mGlorfindel flaps :[0m hardcore aint got no time for that[0m
[09:25] [0m[37;1mEcholoc flaps :[0m i would think it is due to the perm death and cutting off complaints[0m
[09:25] [0m[37;1mWert flaps :[0m i just want my satchel to pick up stuff on my HC..but nope cant have one[0m
[09:25] [0m[37;1mZanadu flaps :[0m you can still pick it up[0m
[09:25] [0m[37;1mWert flaps :[0m oh wow[0m
[09:26] [0m[31;1m[Clan] Falthrice enters the game.[0m  [0m
[09:26] [0m[37;1mZanadu flaps :[0m just not automatic so  what you are really looking for is extra storage capacity[0m
[09:26] [0m[37;1mWhoknows flaps :[0m can't have a satchel but u can still pick it up[0m
[09:26] [0m[37;1mSparkie flaps :[0m satchels autoloot mats?[0m
[09:27] [0m[37;1mEcholoc flaps :[0m yes[0m
[09:27] [0m[37;1mEcholoc flaps :[0m at least the shard things[0m
[09:27] [0m[37;1mSparkie flaps :[0m nice. thanks![0m
[09:27] [0m[37;1mZiphe flaps :[0m event dirs please?[0m
[09:28] [0m[37;1mWhoknows flaps :[0m up/down/turnaround..[0m
[09:28] [0m[37;1mZiphe flaps :[0m found it[0m
[09:28] [0m[37;1mWhoknows flaps :[0m see![0m
[09:29] [0m[37;1mBoscar flaps :[0m you don't have a satchel[0m
[09:29] [0mSyreth whispers something to Terran[0m
[09:30] [0m[33;1m[PARTY][0m Ender: all done?[0m
[09:30] [0m[33;1m[PARTY][0m Ender: oh more[0m
[09:30] [0m[37;1mBoscar flaps :[0m It just seems odd to have a check for hardcore, and then.... Chavee says: Sorry,[0m
[09:30] [0m               crafting is not hardcore.[0m
[09:30] [0m[33;1m[PARTY][0m Ender: now you're just milking the gxp:)[0m
[09:30] [0mSyreth whispers something to Terran[0m
[09:30] [0m[33;1m[PARTY][0m Ender: you guys all full up on potions?[0m
[09:30] [0m[33;1m[PARTY][0m Terran: this can be the last oen[0m
[09:30] [0m[33;1m[PARTY][0m Terran: if nobody else speaks up[0m
[09:30] [0m[33;1m[PARTY][0m Wiener: I'm not, but I'm not particularly energetic[0m
[09:31] [0m[33;1m[PARTY][0m Ender: i'll take an extra for a clannie if there is one,[0m
[09:31] [0m       otherwise all good. Gonna hit queen after this.[0m
[09:31] [0m[37;1mBoscar flaps :[0m So I assume there is a reason that HC aren't allowed to craft if a wiz would[0m
[09:31] [0m               bother coding the check/refusal.[0m
[09:31] [0m[32mTerran says:[0m i'm mostly gxping[0m
[09:31] [0m[31;1m[Clan] Taleast :[0m crap, anyone spare a loads reforge for spirit cloak?[0m
[09:31] [0m[32mTerran says:[0m at the rate these guys put him down[0m
[09:31] [0m[32mZanadu says:[0m damn heh[0m
[09:31] [0m[31;1m[Clan] Saim :[0m yea[0m
[09:31] [0m[31;1m[Clan] Taleast :[0m woot[0m
[09:31] [0mVolt <Craft>: crafting is OP[0m
[09:31] [0m[32mTerran says:[0m you wanna put him down?[0m
[09:31] [0m[32mZanadu says:[0m want help then?[0m
[09:32] [0m[32mTerran says:[0m room can slide again[0m
[09:32] [0m[33;1m[PARTY][0m Zanadu joins the party.[0m
[09:32] [0mScaf <Craft>: I don't want to craft ... I want to be a LUMBERJACK!![0m
[09:32] [0mBliss <Craft>: I don't want to craft ... I want to be a LUMBERJACK!![0m
[09:32] [0m[33;1m[PARTY][0m Terran: popular spot[0m
[09:32] [0m[33;1m[PARTY][0m Terran: much faster =P[0m
[09:32] [0mVolt <Craft>: finally, a public line i can talk about Boscar on[0m
[09:32] [0m[33;1m[PARTY][0m Terran: this was gunna be our last one[0m
[09:33] [0mUq <Craft>: lol[0m
[09:33] [0m[33;1m[PARTY][0m Terran: the room can slide at least one more if you want it[0m
[09:33] [0m[33;1m[PARTY][0m Zanadu: thanks[0m
[09:33] [0mSyreth whispers something to Terran[0m
[09:33] [0m[33;1m[PARTY][0m Ender: can keep hitting if you want zanadu[0m
[09:33] [0m[33;1m[PARTY][0m Zanadu: sure if you want[0m
[09:34] [0m[35;1mVolt [Jedi(61)]:[0m morning Jedi and those that make the Jedi tremble[0m
[09:36] [0m[32mZanadu says:[0m sliding[0m
[09:36] [0mSyreth whispers something to Terran[0m
[09:36] [0m[31;1m[Clan] Szodrin :[0m anyone know who has an auro shield available for dupe?[0m
[09:36] [0m[33;1m[PARTY][0m Zanadu: i can tank if u want[0m
[09:36] [0m[33;1m[PARTY][0m Terran: im already bias'd defense[0m
[09:36] [0m[33;1m[PARTY][0m Zanadu: welled[0m
[09:36] [0m[33;1m[PARTY][0m Terran: and i dont want you to steal my gxpz =) lol[0m
[09:38] [0m[31;1m[Clan] Szodrin :[0m sup, X[0m
[09:38] [0m[31;1m[Clan] Xaro :[0m hiyas[0m
[09:38] [0m[33;1m[PARTY][0m Zanadu: laf[0m
[09:39] [0m[33;1m[PARTY][0m Ender: all done?[0m
[09:40] [0m[33;1m[PARTY][0m Terran: i think so[0m
[09:40] [0m[33;1m[PARTY][0m Ender: k laters, thanks for that terran[0m
[09:40] [0m[33;1m[PARTY][0m Terran: np anytime[0m
[09:40] [0m[33;1m[PARTY][0m Ender has quit the party.[0m
[09:40] [0m[33;1m[PARTY][0m The leader quit the party![0m
[09:40] [0m[33;1m[PARTY][0m New leader for the party: zanadu.[0m
[09:40] [0m[33;1m[PARTY][0m Syreth has quit the party.[0m
[09:40] [0m[33;1m[PARTY][0m Terran has quit the party.[0m
[09:41] [0m[32mTerran says:[0m i think the other 2 are spares[0m
[09:41] [0m[32mTerran says:[0m up to yall[0m
[09:41] [0m[31;1m[Clan] Boscar :[0m hey[0m
[09:41] [0m[Auction] Robert : Up for bids: Potion giving you the finger.[0m
[09:41] [0m[Auction] Robert : Terran has requested 1,337 as the opening offer.[0m
[09:42] [0m[Auction] Robert : Got 1,337 from Hyperion(monk).  Do I hear 1,387?[0m
[09:42] [0m[Auction] Robert : Got 4,444 from Boscar(prie).  Do I hear 4,532?[0m
[09:42] [0m[Auction] Robert : Got 4,532 from Agni(necr).  Do I hear 4,758?[0m
[09:42] [0m[Auction] Robert : Got 6,000 from Bliss(necr).  Do I hear 6,300?[0m
[09:42] [0m[Auction] Robert : Got 7,777 from Boscar(prie).  Do I hear 8,165?[0m
[09:42] [0m[Auction] Robert : Got 8,165 from Echoloc(jugg).  Do I hear 8,573?[0m
[09:42] [0m[Auction] Robert : Got 10,000 from Bliss(necr).  Do I hear 10,500?[0m
[09:42] [0m[Auction] Robert : 10,000 going once![0m
[09:42] [0m[Auction] Robert : Got 25,000 from Marlon(bree).  Do I hear 27,500?[0m
[09:42] [0m[Auction] Robert : 25,000 going once![0m
[09:42] [0m[33;1m[PARTY][0m Zanadu: heh[0m
[09:43] [0m[Auction] Robert : 25,000 going twice![0m
[09:43] [0m[33;1m[PARTY][0m Zanadu:  hmm[0m
[09:43] [0m[Auction] Robert : Got 30,000 from Alassra(necr).  Do I hear 33,000?[0m
[09:43] [0m[Auction] Robert : Got 33,000 from Ziphe(prie).  Do I hear 36,300?[0m
[09:43] [0m[Auction] Robert : Got 50,000 from Marlon(bree).  Do I hear 55,000?[0m
[09:43] [0m[Auction] Robert : Got 55,000 from Alassra(necr).  Do I hear 60,500?[0m
[09:43] [0m[Auction] Robert : 55,000 going once![0m
[09:43] [0m[Auction] Robert : 55,000 going twice![0m
[09:43] [0m[Auction] Robert : Sold to Alassra for 55,000 coins![0m
[09:45] [0m[37;1m[JEDI]:[0m Tobias Kel'ach'nar arrives at the Academy.[0m
[09:47] [0m[33;1m[PARTY][0m Skald joins the party.[0m
[09:47] [0m[33;1m[PARTY][0m Wiener: jeh![0m
[09:48] [0m[32mZanadu tells you:[0m u about? if not pbooting[0m
[09:48] [0m[33;1m[PARTY][0m Skald: i reftesh[0m
[09:48] [0m[33;1m[PARTY][0m Roken is being booted from the party.[0m
[09:56] [0m[32mZanadu says:[0m anymore?[0m
[10:04] [0m[34;1mCrolack shouts:[0m Less bots, more cowbell![0m
[10:04] [0m[34;1mEcholoc shouts:[0m moo[0m
[10:04] [0m[34;1mChrys shouts:[0m how bot cowbots?[0m
[10:05] [0m[34;1mZiphe shouts:[0m 011000101010111[0m
[10:05] [0m[34;1mVolt shouts:[0m Nobody questions Crolack Dickenson[0m
[10:10] [0m[37;1mMeteorwind flaps :[0m BURNINATE the peasants![0m
[10:11] [0m[31;1m[Clan] Boscar :[0m any reforgers on able to hook me up?[0m
[10:14] [0m[37;1mMeteorwind flaps :[0m *doink*[0m
[10:16] [0m[37;1m[JEDI]:[0m Kerran Halcyon arrives at the Academy.[0m
[10:17] [0m[31;1m[Clan] Saim :[0m sure[0m
[10:17] [0m[31;1m[Clan] Boscar :[0m woo[0m
[10:17] [0m[31;1m[Clan] Boscar :[0m box?[0m
[10:18] [0m[31;1m[Clan] Saim :[0m yep yeop[0m
[10:18] [0m[34;1mPrism shouts:[0m Hi![0m
[10:18] [0m[34;1mChrys shouts:[0m lo[0m
[10:18] [0m[34;1mMeteorwind shouts:[0m Hi talking multifaceted piece of glass.[0m
[10:18] [0m[34;1mMeteorwind shouts:[0m Or crystal[0m
[10:18] [0m[31;1m[Clan] Prism :[0m Hi![0m
[10:19] [0m[31;1m[Clan] Boscar :[0m hello friend-o[0m
[10:19] [0m[31;1m[Clan] Prism :[0m How are you today[0m
[10:20] [0m[31;1m[Clan] Boscar :[0m better than bruce[0m
[10:20] [0m[31;1m[Clan] Prism :[0m what's that mean[0m
[10:20] [0m[31;1m[Clan] Saim :[0m hehe[0m
[10:20] [0m[31;1m[Clan] Boscar :[0m that he's playing his cyborg :D[0m
[10:20] [0m[31;1m[Clan] Prism :[0m oh NO[0m
[10:20] [0m[31;1m[Clan] Prism :[0m that bad?[0m
[10:21] [0m[31;1m[Clan] Boscar :[0m I don't have numbers, so I'm immune to downgrades[0m
[10:21] [0m[31;1m[Clan] Prism :[0m lol[0m
[10:24] [0m[31;1m[Clan] Shandar :[0m i'm CHOOSING to play my android because they're so fun and engaging[0m
[10:24] [0m[31;1m[Clan] Shandar :[0m not because my bard blows now[0m
[10:24] [0m[31;1m[Clan] Prism :[0m Was the nerf that bad?[0m
[10:24] [0m[31;1m[Clan] Szodrin :[0m that sounds like a "it's not you it's me" speech[0m
[10:24] [0m[31;1m[Clan] Szodrin :[0m an, an not a, bad grammar![0m
[10:25] [0m[31;1m[Clan] Shandar :[0m like 5200 avg from 8-9k[0m
[10:25] [0m[31;1m[Clan] Prism :[0m ouch..[0m
[10:25] [0m[31;1m[Clan] Shandar :[0m the problem is th made us that awesome, and then he taketh awayeth[0m
[10:25] [0m[31;1m[Clan] Shandar :[0m but whinging gets you nowhere[0m
[10:25] [0m[31;1m[Clan] Shandar :[0m so i'm LOVING MY ANDROID IT IS GREAT[0m
[10:25] [0m[31;1m[Clan] Boscar :[0m lol[0m
[10:25] [0m[31;1m[Clan] Boscar :[0m make a hardcore[0m
[10:25] [0m[31;1m[Clan] Saim :[0m did it hit upper end bards too ? or just mid low?[0m
[10:25] [0m[31;1m[Clan] Szodrin :[0m that is his hc[0m
[10:25] [0m[31;1m[Clan] Shandar :[0m i am a hardcore![0m
[10:25] [0m[31;1m[Clan] Boscar :[0m come on barbie lets go party[0m
[10:25] [0m[31;1m[Clan] Boscar :[0m ooooooo[0m
[10:25] [0m[31;1m[Clan] Boscar :[0m let's party![0m
[10:26] [0m[31;1m[Clan] Prism :[0m Where can I get more dr? These golems are hitting me too hard and I don't like[0m
[10:26] [0m               it. Trying to think of items I had that I don't now[0m
[10:26] [0m[31;1m[Clan] Shandar :[0m my dungeons are all closed and i'm leaving to drink absinthe poncha in 4[0m
[10:26] [0m                 minutes[0m
[10:26] [0m[31;1m[Clan] Prism :[0m got spirit set + cocoon, my brain isn't working today[0m
[10:26] [0m[31;1m[Clan] Boscar :[0m nog[0m
[10:26] [0m[31;1m[Clan] Saim :[0m reforges[0m
[10:26] [0m[31;1m[Clan] Shandar :[0m absinthe poncha fixes all[0m
[10:26] [0m[31;1m[Clan] Prism :[0m OH, headband[0m
[10:27] [0m[31;1m[Clan] Szodrin :[0m I have this extra headband over here[0m
[10:27] [0m[31;1m[Clan] Szodrin :[0m of course it's attached to my crotch[0m
[10:27] [0m[31;1m[Clan] Shandar :[0m madeiran's do these charcoaled beef lumps on skewers served with garlic butter[0m
[10:27] [0m                 and a local flat bread called bolo do caco[0m
[10:27] [0m[31;1m[Clan] Shandar :[0m that's my future[0m
[10:27] [0m[31;1m[Clan] Prism :[0m Why don't you keep that one[0m
[10:27] [0m[31;1m[Clan] Szodrin :[0m laf[0m
[10:28] [0m[31;1m[Clan] Prism :[0m What is next for Brucie? What guild?[0m
[10:29] [0m[31;1m[Clan] Shandar :[0m gentech once xmas vafs[0m
[10:29] [0m[31;1m[Clan] Prism :[0m oh fuck me[0m
[10:29] [0m[31;1m[Clan] Boscar :[0m are you going to clone?[0m
[10:29] [0m[31;1m[Clan] Shandar :[0m yeah i'll clone brucie[0m
[10:29] [0m[31;1m[Clan] Prism :[0m don't downgrade my guild!!!!!![0m
[10:29] [0m[31;1m[Clan] Shandar :[0m and tspend 6 months begging for people to open dungeons for me[0m
[10:30] [0m[31;1m[Clan] Szodrin :[0m get the scaler vafs[0m
[10:30] [0m[31;1m[Clan] Boscar :[0m i'd expect gentechs pre-50 curve to get slowed down a ton to justify how BS GHC[0m
[10:30] [0m                is[0m
[10:30] [0m[31;1m[Clan] Szodrin :[0m even now I can open 68 or so[0m
[10:30] [0m[31;1m[Clan] Szodrin :[0m on Tal I mean[0m
[10:30] [0m[31;1m[Clan] Prism :[0m nog Bos, trying my damndest to get ghc before that happens, I'm like 85m away[0m
[10:30] [0m[31;1m[Clan] Boscar :[0m nog[0m
[10:30] [0m[31;1m[Clan] Shandar :[0m yeah i'll definitely get scaler vafs[0m
[10:30] [0m[31;1m[Clan] Boscar :[0m I definitely would too[0m
[10:30] [0m[31;1m[Clan] Boscar :[0m Hell, I did that as Martyr because I knew how insane I was advancing[0m
[10:30] [0m[31;1m[Clan] Prism :[0m I'm already like top 10 nolife so not much I can do to make it faster[0m
[10:30] [0m[31;1m[Clan] Shandar :[0m i don't mind the grind, i got a bard to 70 by killing chessboard pieces for[0m
[10:30] [0m                 months, how bad can it be? :P[0m
[10:31] [0m[31;1m[Clan] Prism :[0m well gentech get bonuses based on mob size so :P[0m
[10:31] [0m[31;1m[Clan] Boscar :[0m gentech you just need to party[0m
[10:31] [0m[31;1m[Clan] Szodrin :[0m that's the one downside[0m
[10:31] [0m[31;1m[Clan] Szodrin :[0m non-party gentech with high level sucks[0m
[10:31] [0m[31;1m[Clan] Prism :[0m Yea, I'm in noc2 but I don't see a Byron![0m
[10:31] [0m[31;1m[Clan] Szodrin :[0m but parties are relevant forever[0m
[10:31] [0m[31;1m[Clan] Boscar :[0m get the hell out of my area![0m
[10:31] [0m[31;1m[Clan] Szodrin :[0m even at ghc they help you get extra echelons[0m
[10:31] [0m[31;1m[Clan] Prism :[0m YOU AREN'T EVEN HERE[0m
[10:31] [0m[31;1m[Clan] Shandar :[0m i'm sure zanadu will party with me[0m
[10:31] [0m[31;1m[Clan] Szodrin :[0m and more gxp per round[0m
[10:31] [0m[31;1m[Clan] Shandar :[0m SNIGGER[0m
[10:32] [0m[31;1m[Clan] Szodrin :[0m laf[0m
[10:32] [0m[31;1m[Clan] Boscar :[0m have you asked PP about doubles/triples?[0m
[10:32] [0m[31;1m[Clan] Prism :[0m I've asked him basically fuckin everything[0m
[10:32] [0m[31;1m[Clan] Boscar :[0m There's definitely a trick to increase your chances. zan gets em non stop[0m
[10:32] [0m[37;1mMeteorwind flaps :[0m Ni![0m
[10:32] [0m[31;1m[Clan] Prism :[0m It's about parties, that's what he thinks[0m
[10:32] [0m[31;1m[Clan] Boscar :[0m nog[0m
[10:32] [0m[31;1m[Clan] Prism :[0m doesn't even have to be genparties, just be in a party with people[0m
[10:33] [0m[31;1m[Clan] Xaryl :[0m but he has access to code and KNOWS how to do so[0m
[10:33] [0m[31;1m[Clan] Boscar :[0m nod, that's why I want to notice what he's doing x :D[0m
[10:33] [0m[31;1m[Clan] Xaryl :[0m and I bet he will NOT tell you what he is doing[0m
[10:33] [0m[37;1mMeteorwind flaps :[0m I have a few nanobots if anyone needs them.[0m
[10:33] [0m[31;1m[Clan] Boscar :[0m well, yeah that's for sure[0m
[10:33] [0m[31;1m[Clan] Boscar :[0m What admin would want to help their guildmates[0m
[10:34] [0m[31;1m[Clan] Xaryl :[0m I swear![0m
[10:34] [0m[31;1m[Clan] Saim :[0m idk...once you can tank the adds for fb day 7... i would hope there is some[0m
[10:34] [0m              trade-off to that[0m
[10:34] [0m[31;1m[Clan] Saim :[0m in terms of balance[0m
[10:35] [0m[31;1m[Clan] Szodrin :[0m of course there are, Saim[0m
[10:35] [0m[31;1m[Clan] Szodrin :[0m you probably spend 2 or 3 more pu a round :D[0m
[10:35] [0m[31;1m[Clan] Boscar :[0m tanking the day 7 adds gives me a free teleport to town[0m
[10:35] [0m[31;1m[Clan] Boscar :[0m i'd say that's pretty BS[0m
[10:35] [0m[31;1m[Clan] Boscar :[0m i'm all about that teleport life[0m
[10:35] [0m[31;1m[Clan] Prism :[0m hes got a ton of time in guild if that makes anyone feel better[0m
[10:35] [0m[31;1m[Clan] Szodrin :[0m true[0m
[10:35] [0m[31;1m[Clan] Prism :[0m over 2 years[0m
[10:35] [0m[31;1m[Clan] Szodrin :[0m but so do a lot of folks[0m
[10:35] [0m[31;1m[Clan] Prism :[0m yea[0m
[10:36] [0m[31;1m[Clan] Boscar :[0m well, a lot of folks have that and more.  nix just got nerfed hard and he never[0m
[10:36] [0m                could tank the day 7 adds and do dmg[0m
[10:36] [0m[31;1m[Clan] Saim :[0m not saying any guild should be able to tank day 7 adds with 2 years in, but any[0m
[10:36] [0m              tank guild should be able to[0m
[10:36] [0m[31;1m[Clan] Shandar :[0m poor mystics got fucked on[0m
[10:36] [0m[31;1m[Clan] Saim :[0m and prob with a sacrifice in dmg[0m
[10:36] [0m[31;1m[Clan] Shandar :[0m tony is full of tears[0m
[10:37] [0m[31;1m[Clan] Boscar :[0m their dmg was already shit[0m
[10:37] [0m[31;1m[Clan] Boscar :[0m tony got what he was asking for though[0m
[10:37] [0m[31;1m[Clan] Boscar :[0m so i figured he'd be happy[0m
[10:37] [0m[31;1m[Clan] Saim :[0m ?[0m
[10:37] [0m[31;1m[Clan] Boscar :[0m tony has been asking to do less damage ever since the bard tweaks[0m
[10:37] [0m[31;1m[Clan] Boscar :[0m insane, i know[0m
[10:37] [0m[31;1m[Clan] Taleast :[0m bah, got a 5% auro[0m
[10:38] [0m[31;1m[Clan] Taleast :[0m oh well[0m
[10:38] [0m[31;1m[Clan] Prism :[0m why would he want to do less damage[0m
[10:38] [0m[31;1m[Clan] Shandar :[0m he's a lovely but simple person[0m
[10:38] [0m[31;1m[Clan] Saim :[0m thats lame[0m
[10:38] [0m[31;1m[Clan] Boscar :[0m its tony...who dafuq knows[0m
[10:38] [0m[31;1m[Clan] Prism :[0m at least he picked a subguild[0m
[10:38] [0m[31;1m[Clan] Boscar :[0m dont' do my boy thom like that[0m
[10:38] [0m[31;1m[Clan] Taleast :[0m Tony's been playing his gentech, lol[0m
[10:39] [0m[31;1m[Clan] Prism :[0m yea he is lol Gentech are next to get absolutely reamed, NEED 50[0m
[10:39] [0m[31;1m[Clan] Xaryl :[0m that will not happen....[0m
[10:39] [0m[31;1m[Clan] Boscar :[0m there's a 0% chance gentech get nerfed[0m
[10:39] [0m[31;1m[Clan] Xaryl :[0m unless Frank is removed from gmae[0m
[10:39] [0m[31;1m[Clan] Prism :[0m not nerfed hard but sub ghc will be changed[0m
[10:39] [0m[31;1m[Clan] Prism :[0m I wanna be past that point[0m
[10:39] [0m[31;1m[Clan] Boscar :[0m I definitely agree there[0m
[10:39] [0m[31;1m[Clan] Taleast :[0m except Zanadu/frank said he suggested a change[0m
[10:39] [0m[31;1m[Clan] Boscar :[0m The justification for their power will be to make it harder to get to where[0m
[10:39] [0m                they've gotten[0m
[10:40] [0m[31;1m[Clan] Taleast :[0m he said on guild line that trip to ghc was too fast and things didn't scale[0m
[10:40] [0m                 appropriately[0m
[10:40] [0m[31;1m[Clan] Taleast :[0m so yes, there's a nerf, just not to him[0m
[10:40] [0m[31;1m[Clan] Boscar :[0m lol, sounds like a GHC upgrade is comin[0m
[10:40] [0m[31;1m[Clan] Prism :[0m well yea who is going to nerf themselves[0m
[10:40] [0m[31;1m[Clan] Taleast :[0m so if you have a gentech and it's not ghc, get your ass in gear[0m
[10:40] [0m[31;1m[Clan] Shandar :[0m he'll nerf the guild if he's not impacted tho :D[0m
[10:40] [0m[31;1m[Clan] Prism :[0m I'm trying!!!![0m
[10:40] [0m[31;1m[Clan] Saim :[0m just need to make sure other guilds have pathways to do the same[0m
[10:40] [0m[31;1m[Clan] Taleast :[0m because a wiz suggested to another wiz something... about his own guild[0m
[10:40] [0m[31;1m[Clan] Taleast :[0m so it's gonna happen[0m
[10:41] [0m[31;1m[Clan] Prism :[0m I lied, I'm 92m from 50, so.. a week? week and a half?[0m
[10:41] [0m[31;1m[Clan] Boscar :[0m i hope sii get some love[0m
[10:41] [0m[31;1m[Clan] Boscar :[0m they're a fun guild[0m
[10:41] [0m[31;1m[Clan] Boscar :[0m psicorp too[0m
[10:41] [0m[31;1m[Clan] Boscar :[0m both have the active wizard problem tho[0m
[10:42] [0m[31;1m[Clan] Taleast :[0m I believe in the light/dark normal/adult system[0m
[10:42] [0m[37;1mMeteorwind flaps :[0m Your command has been sent to the parser.[0m
[10:42] [0m[31;1m[Clan] Taleast :[0m there's normal chatlines and there's a flag for the saucy side, so you're on[0m
[10:42] [0m                 the same chatline but NSFW flags keep you from being seen except from other[0m
[10:42] [0m                 folks with the tag[0m
[10:43] [0m[31;1m[Clan] Taleast :[0m doh[0m
[10:43] [0m[37;1m[JEDI]:[0m Herah Wylann arrives at the Academy.[0m
[10:44] [0m[37;1mTaleast flaps :[0m agreed, I just ignore dychat[0m
[10:44] [0m[37;1mGaidin flaps :[0m Too much flapping?  Right to jail.  Too little flapping?  Would you believe jail?[0m
[10:44] [0m               Too much flap, too little flap.  Jail.[0m
[10:44] [0m[37;1mHsima flaps :[0m but for people you don't like, code a gag, if it includes that persons name, do[0m
[10:44] [0m              not display[0m
[10:50] [0m[31;1m[Clan] Szodrin :[0m wait, do toppings eventually reset before dungeon resets in taco?[0m
[10:58] [0m[31;1m[Clan] Taleast :[0m X or Saim, I lied, I thought I sucked less, I can't get lots out of mask[0m
[10:58] [0m[31;1m[Clan] Taleast :[0m if one of you gets a chance later that would be appreciated[0m
[10:59] [0m[37;1mMeteorwind flaps :[0m *yawn*[0m
[11:00] [0m[31;1m[Clan] Saim :[0m i can in a min, finishing tree[0m
[11:00] [0m[31;1m[Clan] Saim :[0m keep getting pulled by work tho[0m
[11:01] [0m[31;1m[Clan] Taleast :[0m work is definitely important, no rush, whenever is convenient for you[0m
[11:01] [0m[31;1m[Clan] Taleast :[0m and thanks[0m
[11:02] [0mHomer says, 'Sooooo hunnngrryyyy...'.[0m
[11:02] [0m[31;1m[Clan] Taleast :[0m need to just settle for what I got on the rest, too few days to keep pissing[0m
[11:02] [0m                 with my build[0m
[11:03] [0m[31;1m[Clan] Ipsie enters the game.[0m  [0m
[11:04] [0m[Auction] Robert : Up for bids: Zangor's Sword (enchanted).[0m
[11:04] [0m[Auction] Robert : Decav has requested 1,234 as the opening offer.[0m
[11:04] [0m[37;1mSpace flaps :[0m need coffee ?[0m
[11:04] [0m[37;1mMeteorwind flaps :[0m I need some covfefe[0m
[11:04] [0m[Auction] Robert : Oh, come on... just 1234 coins?[0m
[11:04] [0m[Auction] Robert : Fine, bollocks to the lot of you[0m
[11:06] [0m[31;1m[Clan] Taleast :[0m I have no idea the supply/demand of ghost peppers, is there mass proliferation[0m
[11:06] [0m                 at this point that sauce wouldn't be stupid expensive?[0m
[11:06] [0m[31;1m[Clan] Taleast :[0m fuck me[0m
[11:06] [0m[31;1m[Clan] Prism :[0m Pass[0m
[11:06] [0m[31;1m[Clan] Taleast :[0m and I was gonna give you that headband...[0m
[11:06] [0m[31;1m[Clan] Prism :[0m I'm mad at pp, he isn't playing the next few boots, what a selfish jerk[0m
[11:07] [0m[37;1mNauda flaps :[0m zombie reset[0m
[11:07] [0m[31;1m[Clan] Xaro :[0m oop[0m
[11:08] [0m[37;1mMeteorwind flaps :[0m You thought you were getting zombies but you got Nauda.[0m
[11:08] [0m[31;1m[Clan] Taleast :[0m oh well[0m
[11:12] [0m[37;1m[JEDI]:[0m Durnoth arrives at the Academy.[0m
[11:23] [0m[31;1m[Clan] Saim :[0m tal u still need reforge?[0m
[11:23] [0m[31;1m[Clan] Taleast :[0m yes sir![0m
[11:24] [0m[34;1mFluffy shouts:[0m big letters![0m
[11:24] [0m[35;1mVolt [Jedi(61)]:[0m double whammy![0m
[11:32] [0m[34;1mNauda shouts:[0m big lulz[0m
[11:42] [0m[37;1m[JEDI]:[0m Wennic Ber'ni'lok arrives at the Academy.[0m
[11:59] [0m[37;1mVolt flaps :[0m did anyone get their ps5?[0m
[12:01] [0m[37;1mVoler flaps :[0m mudding from it right now![0m
[12:01] [0m[37;1mVoler flaps :[0m press triangle to flap![0m
[12:01] [0m[37;1mMeteorwind flaps :[0m OP[0m
[12:03] [0m[34;1mEcholoc shouts:[0m moo[0m
[12:04] [0mMeteorwind <Craft>: Miner 2 tome at magic.[0m
[12:05] [0mMeteorwind <Craft>: I don't want to craft ... I want to be a LUMBERJACK!![0m
[12:05] [0mSerpant <Craft>: I don't want to craft ... I want to be a LUMBERJACK!![0m
[12:05] [0mFluffy {Professions}: Hi ho, hi ho ... it's off to work I go.[0m
[12:05] [0mMeteorwind {Professions}: Hi ho, hi ho ... it's off to work I go.[0m
[12:06] [0mSerpant {Professions}: Hi ho, hi ho ... it's off to work I go.[0m
[12:06] [0mHeimdall {Professions}: Hi ho, hi ho ... it's off to work I go.[0m
[12:08] [0m[37;1mMeteorwind flaps :[0m Yourtaragarth creamed Unis.[0m
[12:08] [0m[37;1mMeteorwind flaps :[0m oops[0m
[12:08] [0m[37;1mMeteorwind flaps :[0m typos...[0m
[12:10] [0m[37;1mMeteorwind flaps :[0m lol Platinum flask (yellow liquid). We all know what that is. Why did Unis[0m
[12:10] [0m                   have it though?[0m
[12:10] [0m[37;1mSuicaudio flaps :[0m there's not always a toilet around[0m
[12:11] [0m[37;1mFrank flaps :[0m i will remind everyone now, help flapchat[0m
[12:11] [0m[37;1mSuicaudio flaps :[0m flapchat off it is[0m
[12:13] [0m[37;1mGilneas flaps :[0m frank.  you love us. you know it.[0m
[12:14] [0m[35;1mOlorin [Jedi(88)]:[0m not clear to me: does a maxed staf do more, less, or equal damage then a[0m
[12:14] [0m                   maxed saber?[0m
[12:14] [0m[37;1m[JEDI]:[0m H'ssani C'talan arrives at the Academy.[0m
[12:14] [0m[37;1mVoler flaps :[0m oh god... man.. ya'll gonna get us all killed[0m
[12:14] [0m[37;1mTaleast flaps :[0m [SteakChat{Medium Rare is Fare}]: Frank is a caring individual... just maybe not[0m
[12:14] [0m                so much the uggos[0m
[12:14] [0m[37;1mVoler flaps :[0m wait.. is there a steakchat?  is there a flapline I dont' have?[0m
[12:15] [0m[37;1mGilneas flaps :[0m well.. frank loves me. like a LOT.[0m
[12:32] [0m[35;1mSally [Jedi(60)]:[0m more spirit stuff in[0m
[12:35] [0m[31;1m[Clan] Prism :[0m I have 7b xp saved. idk if I should get dupe1 or just get levels/stats[0m
[12:35] [0m[31;1m[Clan] Taleast :[0m both are good[0m
[12:35] [0m[31;1m[Clan] Boscar :[0m you can always refund dupe[0m
[12:35] [0m[31;1m[Clan] Boscar :[0m if you dont like it[0m
[12:36] [0m[31;1m[Clan] Boscar :[0m and if you're just sitting behind someone, levels/stats aren't doing shit[0m
[12:36] [0m[31;1m[Clan] Prism :[0m nod I'm pretty sure I'm going to NEED dup6 eventually, especially playing a[0m
[12:36] [0m               gentech[0m
[12:36] [0m[31;1m[Clan] Prism :[0m nog I'm basically solo now, prettypony is done again haha[0m
[12:36] [0m[31;1m[Clan] Boscar :[0m why's that?[0m
[12:36] [0m[31;1m[Clan] Taleast :[0m you don't have dupe on other characters?[0m
[12:36] [0m[31;1m[Clan] Prism :[0m I don't have dupe on any char no[0m
[12:36] [0m[31;1m[Clan] Boscar :[0m I would think only a mask is an item a gentech would really really want[0m
[12:36] [0m[31;1m[Clan] Taleast :[0m well, I mean, you could drag my sorry ass[0m
[12:36] [0m[31;1m[Clan] Prism :[0m what about auro?[0m
[12:37] [0m[31;1m[Clan] Boscar :[0m guess auro helps too[0m
[12:37] [0m[31;1m[Clan] Taleast :[0m that's what I've been using, auro and mask[0m
[12:37] [0m[31;1m[Clan] Prism :[0m you can come with me to my zambies if you'd like Tal, I don't know if it'd be[0m
[12:37] [0m               good for you but you're welcome[0m
[12:37] [0m[31;1m[Clan] Taleast :[0m It's worth a shot[0m
[12:37] [0m[31;1m[Clan] Boscar :[0m But, w/ dupe 1 you could dupe auro and just farm xeno i guess[0m
[12:38] [0m[31;1m[Clan] Prism :[0m I mean honestly prettypony and modrack/sam would dupe for me whenever I want so[0m
[12:38] [0m               that's why I'm considering just getting levels/stats :P[0m
[12:38] [0m[31;1m[Clan] Zorbaine walks into the rain.[0m  [0m
[12:38] [0m[31;1m[Clan] Taleast :[0m gotta kill this prison guard first, they hunt across mud[0m
[12:38] [0m[31;1m[Clan] Zorbaine weaves the lame.[0m  [0m
[12:39] [0m[31;1m[Clan] Prism :[0m lmk tal[0m
[12:40] [0m[31;1m[Clan] Taleast :[0m will do, it's already bleeding[0m
[12:41] [0m[31;1m[Clan] Taleast :[0m dead[0m
[12:42] [0m[31;1m[Clan] Prism :[0m omg dat gxp bonus[0m
[12:42] [0m[37;1m[JEDI]:[0m Ylenic It'kla arrives at the Academy.[0m
[12:42] [0m[31;1m[Clan] Taleast :[0m I think I'll end up getting tac[0m
[12:42] [0m[31;1m[Clan] Taleast :[0m actually...[0m
[12:43] [0m[31;1m[Clan] Taleast :[0m tac or ddb 2/3 and synthorg 2...[0m
[12:43] [0m[31;1m[Clan] Prism :[0m I still don't have synthorg 2 lol[0m
[12:43] [0m[31;1m[Clan] Taleast :[0m actually I might be able to afford all that[0m
[12:43] [0m[31;1m[Clan] Taleast :[0m was saving toward reps/stab but...[0m
[12:45] [0m[31;1m[Clan] Prism :[0m good news, this will take us forever to clear !!![0m
[12:45] [0m[31;1m[Clan] Prism :[0m gxp bonus noticeable for you too?[0m
[12:45] [0m[31;1m[Clan] Taleast :[0m yes, about 100+ more a round[0m
[12:45] [0m[31;1m[Clan] Prism :[0m nog, nice[0m
[12:46] [0m[31;1m[Clan] Prism :[0m ibrief sword you spammy turd! :P[0m
[12:51] [0m[34;1mTex shouts:[0m Baa, baa, *SLURP*[0m
[12:53] [0m[31;1m[Clan] Slacker enters the game.[0m  [0m
[13:07] [0m[37;1m[JEDI]:[0m Alyssa K'tal arrives at the Academy.[0m
[13:11] [0m[35;1mEnder [Jedi(Knight)]:[0m Man these dungeons feel sloooooow today[0m
[13:38] [0m[37;1m[JEDI]:[0m Reena Bel Noir arrives at the Academy.[0m
[13:38] [31;1m[Clan] Dangerzone enters the game.[0m  [0m
[13:38] [0mYou can currently reforge 8 items.[0m
[13:59] [0m[37;1mChrys flaps :[0m You sneak up on Zombie, Backstbbing it.[0m
[13:59] [0m[37;1mCrolack flaps :[0m Undead are immune.[0m
[13:59] [0m[31;1m[Clan] Prism :[0m damn, Martyr is order7, that's not bad[0m
[14:00] [0m[32mBahram says:[0m The coriolis cleanses all and brings the El-Sayal.[0m
[14:00] [0m[34;1mSpace shouts:[0m woo[0m
[14:01] [0m[34;1mHooligan shouts:[0m woo[0m
[14:01] [0m[34;1mDecav shouts:[0m oh, nice[0m
[14:01] [0m[34;1mFluffy shouts:[0m big letters[0m
[14:01] [0m[34;1mPrism shouts:[0m Thanks everyone![0m
[14:01] [0m[32mIron tells you:[0m it's yours if you want[0m
[14:01] [0m[32mMcBain says: [0mUp and at-them.  Up and AT-THEM![0m
[14:01] [0m[34;1mSpace shouts:[0m Big letters but small memorable (Dark Side of the Moon) name[0m
[14:01] [0m[32mMcBain says: [0mAch das Deutsche Klassenzimmer...english...*sigh*[0m
[14:01] [0m[31;1m[Clan] Taleast :[0m 7 seems like a reasonable place to be able to reach without waiting months and[0m
[14:01] [0m                 months[0m
[14:02] [0m[32mMcBain says: [0mAch das Deutsche Klassenzimmer...english...*sigh*[0m
[14:02] [0m[31;1m[Clan] Boscar :[0m simon told me it starts at 0, so I'm actually onyl order 6[0m
[14:02] [0m[32mMcBain says: [0mIce to see you.[0m
[14:02] [0m[31;1m[Clan] Boscar :[0m but he's a miserable crotchechy fuck[0m
[14:02] [0m[31;1m[Clan] Prism :[0m My goal is to pass Martyr[0m
[14:02] [0m[32mMcBain says: [0mIce to see you.[0m
[14:02] [0m[31;1m[Clan] Boscar :[0m so i'm gonna say it starts at 1 and i'm 7[0m
[14:02] [0m[31;1m[Clan] Prism :[0m I used to really like Simon, but now I can't fucking stand him[0m
[14:02] [0m[31;1m[Clan] Taleast :[0m laf[0m
[14:02] [0m[31;1m[Clan] Prism :[0m Skuggo is nice though[0m
[14:02] [0m[32mMcBain says: [0mUp and at-them.  Up and AT-THEM![0m
[14:02] [0m[32mMcBain says: [0mUp and at-them.  Up and AT-THEM![0m
[14:02] [0m[31;1m[Clan] Decav :[0m was he the jugger on 3s w/ nomad?[0m
[14:02] [0m[31;1m[Clan] Decav :[0m or was that the other dude[0m
[14:02] [0m[32mMcBain says: [0mAch das Deutsche Klassenzimmer...english...*sigh*[0m
[14:02] [0m[31;1m[Clan] Prism :[0m nomad is skimon[0m
[14:03] [0m[31;1m[Clan] Prism :[0m simon[0m
[14:03] [0m[31;1m[Clan] Decav :[0m oh[0m
[14:03] [0m[31;1m[Clan] Decav :[0m who was his tank?[0m
[14:03] [0m[31;1m[Clan] Prism :[0m forgot[0m
[14:03] [0m[32mMcBain says: [0mUp and at-them.  Up and AT-THEM![0m
[14:03] [0m[31;1m[Clan] Decav :[0m they were both kinda dicks :P[0m
[14:03] [0m[31;1m[Clan] Prism :[0m nod[0m
[14:03] [0m[31;1m[Clan] Boscar :[0m So, here's my experience.  Simon was back (hadnt seen him in ages) and was at[0m
[14:03] [0m                cocoon waiting for it to reset.  I said hello, welcome back, refreshed the room[0m
[14:03] [0m                and then gave him the cocoon.[0m
[14:03] [0m[31;1m[Clan] Taleast :[0m maybe Simon is one of those Swedes that looks down on non-Swedes[0m
[14:03] [0m[32mMcBain says: [0mIce to see you.[0m
[14:03] [0m[32mMcBain says: [0mIce to see you.[0m
[14:03] [0m[32mMcBain says: [0mIce to see you.[0m
[14:04] [0m[31;1m[Clan] Boscar :[0m Literally the next boot I see him again at cocoon waiting on it to reset (he[0m
[14:04] [0m                says it's going ot nat reset any second).  I pop martyr on, timescan it, it's at[0m
[14:04] [0m                least 30 mins to reset.  I then bring byron back on and refresh the room (no[0m
[14:04] [0m                spiders had cocoon) and than say oh well, figured i'd try have a good night[0m
[14:04] [0m[32mMcBain says: [0mUp and at-them.  Up and AT-THEM![0m
[14:04] [0m[32mMcBain says: [0mIce to see you.[0m
[14:04] [0m[31;1m[Clan] Boscar :[0m I come on in the morning to this tell rant about how i'm an asshole yadda yadda[0m
[14:04] [0m[31;1m[Clan] Prism :[0m lmao[0m
[14:04] [0m[32mMcBain says: [0mAch das Deutsche Klassenzimmer...english...*sigh*[0m
[14:04] [0m[32mMcBain says: [0mIce to see you.[0m
[14:04] [0m[31;1m[Clan] Boscar :[0m And I saw wtf, I figured I wasn't using my refresh so I'd give it to you.  He[0m
[14:04] [0m                says oh, so if the cocoon dropped it would've been mine (like this was supposed[0m
[14:04] [0m                to be some sort of checkmate)[0m
[14:05] [0m[31;1m[Clan] Boscar :[0m I say yes, exactly what I did for you last boot.[0m
[14:05] [0m[35;1mEphemeral [Jedi(37)]:[0m oh yeah. droids X([0m
[14:05] [0m[32mMcBain says: [0mIce to see you.[0m
[14:05] [0m[31;1m[Clan] Prism :[0m He's combatitive about fucking everything, it's exhausting talking to him[0m
[14:05] [0m[32mMcBain says: [0mUp and at-them.  Up and AT-THEM![0m
[14:05] [0m[31;1m[Clan] Decav :[0m laf yeah that sounds about right. in my experience he behaved the same on 3s[0m
[14:05] [0m               (also with cocoon laf)[0m
[14:05] [0m[31;1m[Clan] Prism :[0m Skuggo has always been super nice to me though, he's more chill :P[0m
[14:05] [0m[31;1m[Clan] Boscar :[0m Then he tries to act chummy like it was some misunderstanding[0m
[14:05] [0m[31;1m[Clan] Decav :[0m Akir basically beat him to it every boot from then on out, it was greaet[0m
[14:05] [0m[31;1m[Clan] Taleast :[0m well, it happened, behind a tank I appear to be almost 100% pu neutral[0m
[14:05] [0m[31;1m[Clan] Prism :[0m lmao[0m
[14:06] [0m[31;1m[Clan] Prism :[0m He was not happy[0m
[14:06] [0m[31;1m[Clan] Boscar :[0m I todl him forget it I'll forget about donating things to him in the future[0m
[14:06] [0m[32mMcBain says: [0mAch das Deutsche Klassenzimmer...english...*sigh*[0m
[14:06] [0m[32mMcBain says: [0mIce to see you.[0m
[14:06] [0m[31;1m[Clan] Decav :[0m laf yea amazing to blow all that goodwill like that. i dont get it[0m
[14:06] [0m[31;1m[Clan] Boscar :[0m He tried to say he was drunk and didnt remember me doing that for him literally[0m
[14:06] [0m                he boot before[0m
[14:06] [0m[31;1m[Clan] Prism :[0m Byron lost all the goodwill he had with me when he decided to play his hc char[0m
[14:06] [0m               instead of getting me rings of heart[0m
[14:07] [0m[35;1mEphemeral [Jedi(37)]:[0m Current Droid Offerings: 1. protocol, 2. business, 3. repair, 4.[0m
[14:07] [0m                      astromech, 5. household[0m
[14:07] [0m[31;1m[Clan] Boscar :[0m go pound sand[0m
[14:07] [0m[31;1m[Clan] Boscar :[0m laf[0m
[14:07] [0m[31;1m[Clan] Prism :[0m hahah[0m
[14:07] [0m[31;1m[Clan] Taleast :[0m he don't heart you[0m
[14:07] [0m[31;1m[Clan] Decav :[0m rofl[0m
[14:07] [0m[31;1m[Clan] Prism :[0m funny thing is[0m
[14:07] [0m[31;1m[Clan] Prism :[0m when simon/skuggo came back to 3k, I was playing Jedi, and I gave them each 5m[0m
[14:07] [0m               coins for phases and shit[0m
[14:07] [0m[31;1m[Clan] Taleast :[0m you fucked a beach once?[0m
[14:07] [0m[31;1m[Clan] Taleast :[0m oh[0m
[14:07] [0m[31;1m[Clan] Prism :[0m cuz I wasn't using coins for anything[0m
[14:08] [0m[31;1m[Clan] Taleast :[0m and Simon said, "Please Prism, may I have some more?" "MORE?!"[0m
[14:08] [0m[31;1m[Clan] Decav :[0m are we still talking about coins?[0m
[14:08] [0m[31;1m[Clan] Boscar :[0m laf[0m
[14:08] [0m[31;1m[Clan] Taleast :[0m no, sand[0m
[14:09] [0m[31;1m[Clan] Decav :[0m haha[0m
[14:09] [0m[31;1m[Clan] Prism :[0m Simon and I got into an argument about US politics and he was being next level[0m
[14:09] [0m               condescending telling me how things were and I got fed up and I was like you[0m
[14:09] [0m               don't even fucking live here, pay attention to your own country[0m
[14:09] [0m[31;1m[Clan] Taleast :[0m laf[0m
[14:09] [0m[31;1m[Clan] Taleast :[0m even though I know we differ on politics, I love you right now[0m
[14:10] [0m[31;1m[Clan] Prism :[0m I can have conversations with people who disagree, that's fine, but don't be a[0m
[14:10] [0m               fucking dickhead on top of disagreeing, know what I mean? :P[0m
[14:10] [0m[31;1m[Clan] Taleast :[0m but I won't be here in the morning[0m
[14:10] [0m[31;1m[Clan] Taleast :[0m you know what this was[0m
[14:10] [0m[31;1m[Clan] Prism :[0m baby, I don't even know your name![0m
[14:10] [0m[31;1m[Clan] Taleast :[0m eek![0m
[14:10] [0m[31;1m[Clan] Prism :[0m you're gxp_bot_01[0m
[14:10] [0m[31;1m[Clan] Taleast :[0m :gasp: you cut me to the quick![0m
[14:12] [0m[31;1m[Clan] Taleast :[0m to be clear, I prefer strawberry quick[0m
[14:12] [0m[31;1m[Clan] Prism :[0m Chocolate >>[0m
[14:12] [0m[31;1m[Clan] Taleast :[0m heathen[0m
[14:13] [0m[31;1m[Clan] Taleast :[0m well that's not true, I like chocolate as well, or at least did[0m
[14:14] [0m[31;1m[Clan] Taleast :[0m OK I'm obviously just wasting time I should be working[0m
[14:14] [0m[31;1m[Clan] Prism :[0m GO WORK THEN BRO[0m
[14:14] [0m[31;1m[Clan] Taleast :[0m ikr[0m
[14:16] [0m[37;1m[JEDI]:[0m Rhaan arrives at the Academy.[0m
[14:16] [0m[31;1m[Clan] Prism :[0m btw, I don't use slides for anything, so if anyone needs don't hesitate to ask[0m
[14:24] [0m[31;1m[Clan] Prism :[0m How annoying is it to find a pickling ring?[0m
[14:24] [0m[31;1m[Clan] Decav :[0m i have a few[0m
[14:24] [0m[31;1m[Clan] Decav :[0m unless you mean in general[0m
[14:24] [0m[31;1m[Clan] Prism :[0m wonder if its worth it going Drunken Master and wasting a ring slot with one of[0m
[14:24] [0m               those[0m
[14:24] [0m[31;1m[Clan] Prism :[0m or just going magician laf[0m
[14:26] [0m[31;1m[Clan] Taleast :[0m well, dm would help with all damage types, so there's that[0m
[14:26] [0m[31;1m[Clan] Taleast :[0m don't know how much dm adds compared to magician[0m
[14:26] [0m[31;1m[Clan] Prism :[0m I only use energy atm.. in fact I think I CAN only use energy haha[0m
[14:26] [0m[31;1m[Clan] Prism :[0m I'll eventually get something like thermal capacity but not for a while[0m
[14:26] [0m[31;1m[Clan] Taleast :[0m I think I might consider it as well because sword doesn't help gentech much,[0m
[14:26] [0m                 but I don't know if it affects psiwield[0m
[14:26] [0m[31;1m[Clan] Taleast :[0m no idea if dm affects psiwield[0m
[14:27] [0m[31;1m[Clan] Prism :[0m psiwield?[0m
[14:27] [0m[31;1m[Clan] Prism :[0m oh genwield?[0m
[14:27] [0m[31;1m[Clan] Taleast :[0m psiwield[0m
[14:27] [0m[31;1m[Clan] Prism :[0m WTF is that![0m
[14:27] [0m[31;1m[Clan] Taleast :[0m doesn't affect genwield[0m
[14:27] [0m[31;1m[Clan] Taleast :[0m genwield is all wc per Zanadu[0m
[14:27] [0m[31;1m[Clan] Prism :[0m nog[0m
[14:27] [0m[31;1m[Clan] Taleast :[0m even if that's wrong, professions don't appear to affect it from other[0m
[14:27] [0m                 discusions I've had[0m
[14:27] [0m[31;1m[Clan] Taleast :[0m I'm also a psicorp[0m
[14:27] [0m[31;1m[Clan] Prism :[0m oh gotcha[0m
[14:28] [0m[31;1m[Clan] Taleast :[0m although I haven't been playing[0m
[14:28] [0m[34;1mPrism shouts:[0m LOGOFF[0m
[14:28] [0m[34;1mGilneas shouts:[0m REDEMPTION![0m
[14:28] [0m[34;1mLiskerlol shouts:[0m wipeme password ![0m
[14:28] [0m[31;1m[Clan] Taleast :[0m it will require approximately 15m more rc to get all the phases I want for[0m
[14:28] [0m                 everything I have or plan to have this glvl[0m
[14:29] [0m[32mMudwidenerfs tells you:[0m UWOT?[0m
[14:29] [0m[31;1m[Clan] Prism :[0m that doesn't seem that bad[0m
[14:29] [0m[31;1m[Clan] Taleast :[0m but I think that would carry me most the way to 50[0m
[14:29] [0m[34;1mEoin shouts:[0m are the mudwide nerfs to the mobs or the guilds?[0m
[14:29] [0m[34;1mFluffy shouts:[0m wide smurfs made outta mud ... what class ?[0m
[14:29] [0m[34;1mTurnhold shouts:[0m yes.[0m
[14:29] [0m[34;1mSaim shouts:[0m ps5 says: "try me"[0m
[14:29] [0m[34;1mPrism shouts:[0m Love these 14k zombies[0m
[14:29] [0m[34;1mVolt shouts:[0m read that as mud wife nerds[0m
[14:29] [0m[34;1mEoin shouts:[0m looking forward to a new best kill in the near future[0m
[14:29] [0m[34;1mVoler shouts:[0m my mudwife nerfed me 20 years ago[0m
[14:30] [0m[34;1mEoin shouts:[0m i had to divorce my mudwife because she was bad gxp[0m
[14:30] [0m[34;1mGilneas shouts:[0m Blade de La Bobbit?[0m
[14:31] [0mSyreth whispers something to Terran[0m
[14:34] [0m[34;1mSparkie shouts:[0m woot![0m
[14:42] [0m[31;1m[Clan] Boscar :[0m hmmm lik isn't in the clan[0m
[14:42] [0m[31;1m[Clan] Boscar :[0m bah[0m
[14:42] [0m[31;1m[Clan] Prism :[0m How's he got so many damn chars?! Vafs?[0m
[14:42] [0m[31;1m[Clan] Prism :[0m oh thats hc[0m
[14:42] [0m[31;1m[Clan] Boscar :[0m he's the only one with the GUMPTION to party with me[0m
[14:42] [0m[31;1m[Clan] Boscar :[0m Wahhhh you always get me killed[0m
[14:42] [0m[31;1m[Clan] Prism :[0m hahaha[0m
[14:43] [0m[31;1m[Clan] Boscar :[0m :D[0m
[14:43] [0m[31;1m[Clan] Prism :[0m when I finally make a HC, I don't wanna be in the same realm as you[0m
[14:43] [0m[31;1m[Clan] Boscar :[0m laf[0m
[14:43] [0m[31;1m[Clan] Prism :[0m Byron doing noc2? Time to go to fantasy. Ope he's checking zos? Time to go to[0m
[14:43] [0m               Science![0m
[14:43] [0m[31;1m[Clan] Decav :[0m HC is scary[0m
[14:45] [0m[31;1m[Clan] Boscar :[0m I really hate that I told Frank his vampires hunted outside of the hotel[0m
[14:46] [0m[31;1m[Clan] Boscar :[0m I could've had so much fun with that[0m
[14:47] [0m[31;1m[Clan] Saim :[0m there are still mobs that do that i think[0m
[14:48] [0m[31;1m[Clan] Boscar :[0m yeah, but how many of those are 590 mil :D[0m
[14:48] [0m[31;1m[Clan] Prism :[0m I remember Barrakith was pulled to road portal once in the early 2000s[0m
[14:49] [0m[37;1m[JEDI]:[0m Bithoff Jonansaan arrives at the Academy.[0m
[14:50] [0mYou can currently reforge 8 items.[0m
[14:50] [0m[32mMaude says: [0mIsn't it a wonderful day?  I feel like thanking the Lord.[0m
[14:50] [0m[32mNed says:[0m PRAISE the Lord!                                                 [0m
[14:52] [0m[32mNed says:[0m I'm gonna kill you doodly-dead!                                  [0m
[14:52] [0m[32mNed says:[0m I'm gonna kill you doodly-dead!                                  [0m
[14:52] [0m[32mNed says:[0m I'm gonna kill you doodly-dead!                                  [0m
[14:53] [0m[31;1m[Clan] Ser :[0m hi[0m
[14:53] [0m[31;1m[Clan] Prism :[0m Hi Ser![0m
[14:53] [0m[32mNed says:[0m I'm gonna kill you doodly-dead!                                  [0m
[14:53] [0m[32mNed says:[0m I'm gonna kill you doodly-dead!                                  [0m
[14:53] [0m[34;1mSyreth shouts:[0m thanks everyone![0m
[14:54] [0m[31;1m[Clan] Taleast :[0m o hai[0m
[14:54] [0m[34;1mFluffy shouts:[0m big letters[0m
[14:54] [0m[32mNed says:[0m I'm gonna kill you doodly-dead!                                  [0m
[14:54] [0m[32mNed says:[0m I'm gonna kill you doodly-dead!                                  [0m
[14:54] [0m[31;1m[Clan] Boscar :[0m sup ser[0m
[14:56] [0m[32mNed says:[0m I'm gonna kill you doodly-dead!                                  [0m
[14:57] [0m[32mNed says:[0m I'm gonna kill you doodly-dead!                                  [0m
[14:58] [0m[31;1m[Clan] Ser :[0m anyone have OG anything i can dupe[0m
[14:58] [0m[31;1m[Clan] Boscar :[0m i got dotar bears[0m
[14:58] [0m[31;1m[Clan] Boscar :[0m beads*[0m
[14:58] [0m[31;1m[Clan] Prism :[0m just anything? :P[0m
[15:00] [0m[31;1m[Clan] Ser :[0m specifically auro shield[0m
[15:00] [0m[31;1m[Clan] Boscar :[0m i'm sure there are plenty[0m
[15:00] [0m[31;1m[Clan] Boscar :[0m w/ icotag[0m
[15:01] [0m[34;1mUq shouts:[0m ackgs[0m
[15:01] [0m[34;1mRictor shouts:[0m ackwhatscore[0m
[15:03] [0mYou can currently reforge 8 items.[0m
[15:03] [0m[35;1mEphemeral [Jedi(37)]:[0m Current Droid Offerings: 1. security, 2. military, 3. household, 4.[0m
[15:03] [0m                      household, 5. labor[0m
[15:05] [0m[31;1m[Clan] Boscar :[0m Ok, just doing scout for the town, scout for the realm, and sewer maintenance[0m
[15:05] [0m                and I ahve 75k wsea reps[0m
[15:05] [0m[31;1m[Clan] Prism :[0m nod[0m
[15:06] [0m[31;1m[Clan] Prism :[0m decav seemed to have finished it really quickly too[0m
[15:06] [0m[31;1m[Clan] Boscar :[0m and whole bunch of free xp[0m
[15:06] [0m[31;1m[Clan] Prism :[0m if I get any more fangs I'll throw em your way if you still need[0m
[15:06] [0m[31;1m[Clan] Boscar :[0m ty[0m
[15:07] [0m[31;1m[Clan] Boscar :[0m i figure cocoon will be nice to use[0m
[15:07] [0m[31;1m[Clan] Prism :[0m nod can't hurt anything[0m
[15:07] [0m[31;1m[Clan] Prism :[0m do you use it on oscar?[0m
[15:07] [0m[31;1m[Clan] Boscar :[0m ya[0m
[15:07] [0m[31;1m[Clan] Boscar :[0m i use it on every char[0m
[15:07] [0m[31;1m[Clan] Prism :[0m how do you counteract the fusing hp cost? just beads?[0m
[15:08] [0m[31;1m[Clan] Boscar :[0m once you fuse it you can maintain it[0m
[15:08] [0m[31;1m[Clan] Prism :[0m nod[0m
[15:08] [0m[31;1m[Clan] Boscar :[0m I repeat combat/fuse 10[0m
[15:08] [0m[31;1m[Clan] Prism :[0m nod[0m
[15:08] [0m[31;1m[Clan] Prism :[0m makes sense, I wasn't sure if it was prohibitive cuz of the low hp thing[0m
[15:08] [0m[31;1m[Clan] Boscar :[0m beads are hugely useful for sure[0m
[15:09] [0mYou can currently reforge 8 items.[0m
[15:10] [0m[31;1m[Clan] Boscar :[0m anyone have a really high lockpick?[0m
[15:10] [0m[31;1m[Clan] Prism :[0m Only person I knew that did was Wyvern/Calisp.. assuming[0m
[15:10] [0m               you're asking for shed?[0m
[15:10] [0m[31;1m[Clan] Saim :[0m wsea?[0m
[15:10] [0m[31;1m[Clan] Ser :[0m 14[0m
[15:10] [0m[31;1m[Clan] Boscar :[0m ya[0m
[15:10] [0m[31;1m[Clan] Boscar :[0m yep[0m
[15:11] [0m[31;1m[Clan] Saim :[0m im max[0m
[15:11] [0m[31;1m[Clan] Boscar :[0m i have it on byron[0m
[15:11] [0m[31;1m[Clan] Boscar :[0m woot[0m
[15:11] [0m[31;1m[Clan] Prism :[0m oh dang[0m
[15:11] [0m[31;1m[Clan] Boscar :[0m cna i borrow you in a few saim?[0m
[15:11] [0mYou can currently reforge 2 items.[0m
[15:11] [0m[31;1m[Clan] Prism :[0m I skipped that cuz Wyv never had a free second :P[0m
[15:11] [0m[31;1m[Clan] Saim :[0m sure, i plan on tryin to finish wsea soon...so i might need[0m
[15:11] [0m              some help too eventually[0m
[15:11] [0m[31;1m[Clan] Boscar :[0m well, if you havent done the explore the underdark one[0m
[15:12] [0m[31;1m[Clan] Boscar :[0m i'll show you where ylis wonderbog is[0m
[15:12] [0m[31;1m[Clan] Saim :[0m no idea[0m
[15:12] [0m[31;1m[Clan] Saim :[0m kk[0m
[15:12] [0m[31;1m[Clan] Taleast :[0m I know! :D[0m
[15:12] [0m[31;1m[Clan] Taleast :[0m I just don't think I have the skill necesssary yet[0m
[15:12] [0m[31;1m[Clan] Boscar :[0m ok[0m
[15:12] [0m[31;1m[Clan] Saim :[0m want me to come to wsea?[0m
[15:12] [0m[31;1m[Clan] Boscar :[0m whenever you come back to town gimme a holler[0m
[15:12] [0m[31;1m[Clan] Boscar :[0m ya[0m
[15:12] [0m[31;1m[Clan] Boscar :[0m or underdark[0m
[15:12] [0m[31;1m[Clan] Boscar :[0m whatever is easier[0m
[15:13] [0m[31;1m[Clan] Saim :[0m wsea[0m
[15:13] [0m[31;1m[Clan] Saim :[0m entrance?[0m
[15:13] [0m[31;1m[Clan] Boscar :[0m nog[0m
[15:13] [0m[31;1m[Clan] Saim :[0m here[0m
[15:14] [0m[31;1m[Clan] Boscar :[0m do you ahve the mission 'its just a shed'?[0m
[15:14] [0m[31;1m[Clan] Saim :[0m no[0m
[15:14] [0m[31;1m[Clan] Saim :[0m might have already done that[0m
[15:15] [0m[31;1m[Clan] Boscar :[0m thanks :)[0m
[15:15] [0m[31;1m[Clan] Saim :[0m yep[0m
[15:18] [0m[31;1m[Clan] Ser :[0m i think adobe froze on me[0m
[15:19] [0m[31;1m[Clan] Saim :[0m break your keyboard[0m
[15:19] [0m[31;1m[Clan] Saim :[0m in rage[0m
[15:19] [0m[31;1m[Clan] Boscar :[0m if anyone needs desert diving, gonna go solve that one quick[0m
[15:19] [0m[31;1m[Clan] Saim :[0m nope[0m
[15:20] [0m[31;1m[Clan] Boscar :[0m with my luck this thing is gonna be metal[0m
[15:21] [0m[31;1m[Clan] Taleast :[0m don't forget the whirlwinds throw you around map[0m
[15:22] [0m[31;1m[Clan] Taleast :[0m I just used carto to avoid rooms with mobs[0m
[15:22] [0m[31;1m[Clan] Taleast :[0m seemed to work[0m
[15:22] [0m[31;1m[Clan] Boscar :[0m nog[0m
[15:22] [0m[31;1m[Clan] Boscar :[0m i just speedwalk :P[0m
[15:22] [0m[31;1m[Clan] Taleast :[0m oh... well that works better[0m
[15:22] [0mYou can currently reforge 2 items.[0m
[15:24] [0m[31;1m[Clan] Boscar :[0m since im' HC i've been running around w spirit cloak though[0m
[15:24] [0m[31;1m[Clan] Boscar :[0m so i've mostly been at 200%[0m
[15:24] [0m[31;1m[Clan] Boscar :[0m wl[0m
[15:25] [0m[37;1m[JEDI]:[0m Talia Ska arrives at the Academy.[0m
[15:25] [0m[31;1m[Clan] Prism :[0m is it true piety is basically gone now?[0m
[15:28] [0m[31;1m[Clan] Prism :[0m Byron[0m
[15:28] [0m[31;1m[Clan] Boscar :[0m sup[0m
[15:28] [0m[31;1m[Clan] Prism :[0m You know the calculation for ibeam/ibeam2 and ionfocus?[0m
[15:28] [0m[31;1m[Clan] Boscar :[0m nope[0m
[15:28] [0m[31;1m[Clan] Boscar :[0m do you?[0m
[15:28] [0m[31;1m[Clan] Prism :[0m at a place where I can start donating to cpc[0m
[15:28] [0m[31;1m[Clan] Prism :[0m I have no idea :P[0m
[15:30] [0m[37;1mWhoknows <.oO>:[0m BoOm[0m
[15:30] [0m[37;1mVapor <.oO>:[0m Congrats![0m
[15:31] [0m[31;1m[Clan] Taleast :[0m you can donate through your conduit[0m
[15:31] [0m[31;1m[Clan] Taleast :[0m or through the main engineering area in guild[0m
[15:31] [0m[31;1m[Clan] Taleast :[0m first floor[0m
[15:31] [0m[31;1m[Clan] Prism :[0m I know, I'm trying to figure out how much I spend[0m
[15:31] [0m[31;1m[Clan] Prism :[0m I have remote cpc[0m
[15:32] [0m[31;1m[Clan] Taleast :[0m it works with autoguild, don't know your bonus though[0m
[15:32] [0m[31;1m[Clan] Meph enters the game.[0m  [0m
[15:32] [0m[31;1m[Clan] Boscar :[0m ayo[0m
[15:32] [0m[31;1m[Clan] Prism :[0m yo[0m
[15:32] [0m[31;1m[Clan] Taleast :[0m autoguild conduit 2?[0m
[15:32] [0m[31;1m[Clan] Prism :[0m I'm doing 4[0m
[15:32] [0m[31;1m[Clan] Taleast :[0m that works[0m
[15:33] [0m[31;1m[Clan] Ser :[0m lol i realized i can just transmute random stuff now to max my transmuter[0m
[15:37] [0m[31;1m[Clan] Ser :[0m anyone have some junk i can psiwield[0m
[15:37] [0m[Auction] Robert : Up for bids: Bracers of the Spirit {radiant}, Greaves of the Spirit[0m
[15:37] [0m                   {radiant}, Amulet of the Spirit {radiant}, Scroll of the Universe {empowered}[0m
[15:37] [0m                   and Sword of Spirit {radiant} (enchanted).[0m
[15:37] [0m[Auction] Robert : Vapor has requested 1,000 as the opening offer.[0m
[15:37] [0m[Auction] Robert : Got 1,000 from Prism(gent).  Do I hear 1,050?[0m
[15:37] [0m[31;1m[Clan] Ser :[0m oh nvm i should check box, i bet there are 128372183681283 swords of spirit there[0m
[15:37] [0m[31;1m[Clan] Prism :[0m a few of them are even ftouched![0m
[15:37] [0m[Auction] Robert : 1,000 going once![0m
[15:37] [0m[Auction] Robert : Got 2,500 from Thorryk(monk).  Do I hear 2,550?[0m
[15:37] [0m[Auction] Robert : Got 5,000 from Prism(gent).  Do I hear 5,250?[0m
[15:37] [0m[Auction] Robert : Got 7,000 from Thorryk(monk).  Do I hear 7,350?[0m
[15:38] [0m[Auction] Robert : Got 10,000 from Prism(gent).  Do I hear 10,500?[0m
[15:38] [0m[Auction] Robert : 10,000 going once![0m
[15:38] [0m[Auction] Robert : 10,000 going twice![0m
[15:38] [0m[Auction] Robert : Sold to Prism for 10,000 coins![0m
[15:39] [0m[31;1m[Clan] Prism :[0m :O[0m
[15:39] [0m[31;1m[Clan] Prism :[0m OMG NOOOOOO MEPH[0m
[15:39] [0m[31;1m[Clan] Prism :[0m (who is that?)[0m
[15:40] [0m[31;1m[Clan] Aka enters the game.[0m  [0m
[15:40] [0m[31;1m[Clan] Prism :[0m hi Aka![0m
[15:40] [0m[31;1m[Clan] Aka :[0m it was meeee haha making a changeling this weekend[0m
[15:40] [0m[31;1m[Clan] Prism :[0m changeling![0m
[15:40] [0m[31;1m[Clan] Aka :[0m i want to be a dikdik or something[0m
[15:40] [0m[31;1m[Clan] Prism :[0m I've always thought of you as a dikdik, if that helps![0m
[15:41] [0m[31;1m[Clan] Aka :[0m a blue footed booby[0m
[15:41] [0m[31;1m[Clan] Boscar :[0m couldn't you just hop?[0m
[15:41] [0m[31;1m[Clan] Boscar :[0m or you want a diff name too[0m
[15:41] [0m[31;1m[Clan] Aka :[0m totes name[0m
[15:42] [0m[31;1m[Clan] Aka :[0m i'll xchar for Meph again one day if angels get cool or something[0m
[15:42] [0m[31;1m[Clan] Aka :[0m ...if[0m
[15:42] [0m[31;1m[Clan] Taleast :[0m hey, Aka![0m
[15:42] [0m[31;1m[Clan] Aka :[0m was maybe gonna make the char Massxp, but i think i'll save that for a hardcor[0m
[15:42] [0m             elmao[0m
[15:42] [0m[31;1m[Clan] Prism :[0m lmao[0m
[15:42] [0m[31;1m[Clan] Aka :[0m yo T![0m
[15:42] [0m[31;1m[Clan] Taleast :[0m low T? what kind of way is that to greet me?[0m
[15:43] [0m[31;1m[Clan] Taleast :[0m that's just mean, I'm not that old[0m
[15:43] [0m[31;1m[Clan] Prism :[0m Hey, it happens to a lot of guys[0m
[15:43] [0m[31;1m[Clan] Aka :[0m he's got low T![0m
[15:43] [0m[31;1m[Clan] Prism :[0m This is a safe space[0m
[15:43] [0m[31;1m[Clan] Aka :[0m gotta take your multivitamins[0m
[15:43] [0m[31;1m[Clan] Taleast :[0m and I'm still supposed to be working, lol[0m
[15:45] [0m[31;1m[Clan] Taleast :[0m OK, I'm going to be real quiet for a while, I'm heading into overtime...[0m
[15:45] [0m                 because I keep fucking around, lol[0m
[15:45] [0m[31;1m[Clan] Prism :[0m You? Stay quiet?![0m
[15:45] [0m[31;1m[Clan] Taleast :[0m consider it my Christmas to you all[0m
[15:50] [0m[31;1m[Clan] Boscar :[0m Ok...you can get at least 85k reps without doing any combat/grinding in wsea[0m
[15:50] [0m[31;1m[Clan] Boscar :[0m there are some more missions I could do, but I think that's pretty solid[0m
[15:50] [0m[37;1m[JEDI]:[0m Bithoff Jonansaan arrives at the Academy.[0m
[15:50] [0m[31;1m[Clan] Prism :[0m nog that sounds right, I'm pretty sure I did like the rest in slums/sewers, tho I[0m
[15:50] [0m               did find the red hat once!!![0m
[15:51] [0m[31;1m[Clan] Boscar :[0m red hat is sick[0m
[15:51] [0m[31;1m[Clan] Boscar :[0m huge reps[0m
[15:52] [0m[31;1m[Clan] Boscar :[0m and at my size, gxp'ing is actually the sme in slums heh[0m
[15:52] [0m[31;1m[Clan] Prism :[0m nod, that's exactly what I did.. when I could gxp in the slums I lived there, the[0m
[15:52] [0m               rest was easy to get done, minimal fighting[0m
[15:52] [0m[31;1m[Clan] Prism :[0m <3 wsea[0m
[15:53] [0m[31;1m[Clan] Boscar :[0m anyone able to check cocoon for me?[0m
[15:53] [0m[31;1m[Clan] Boscar :[0m i only got 2 hrs left on these bard boons, so will probably just pop byron on if[0m
[15:53] [0m                not[0m
[16:00] [0m[34;1mTruth shouts:[0m woo![0m
[16:00] [0m[34;1mOro shouts:[0m thanks all[0m
[16:00] [0m[34;1mWrixl shouts:[0m woo!~[0m
[16:26] [0m[37;1m[JEDI]:[0m Janath Meelin arrives at the Academy.[0m
[16:35] [0m[31;1m[Clan] Prism :[0m Forgot to get a clone, AMA[0m
[16:47] [0m[31;1m[Clan] Boscar :[0m laf[0m
[16:53] [0m[31;1m[Clan] Ser :[0m any of you gens got some slides for cocoon[0m
[16:53] [0m[31;1m[Clan] Prism :[0m can't slide that room[0m
[16:53] [0m[31;1m[Clan] Ser :[0m huh really[0m
[16:53] [0m[31;1m[Clan] Prism :[0m yea[0m
[16:54] [0m[31;1m[Clan] Prism :[0m just unload/whatever[0m
[16:55] [0m[37;1m[JEDI]:[0m Alyssa K'tal arrives at the Academy.[0m
[17:00] [0m[31;1m[Clan] Boscar :[0m yeah, byproduct of the cocoon wars[0m
