- = LOG STARTED [00:00] = -
[00:14] [0m[34;1mNik shouts:[0m playcult like takata airbags[0m
[00:14] [0m[34;1mOmni shouts:[0m with... shrapnel in the neck and face?[0m
[00:14] [0m[32mYou tell Simonz:[0m finally[0m
[00:14] [0m[33;1m[Clan] Ser :[0m who is the gentech/breed someone[0m
[00:15] [0m[33;1m[Clan] Ser :[0m i dont remember his name, i recruited him in breeed tho[0m
[00:15] [0m[33;1m[Clan] Ser :[0m hmmmmmmmmmmmmmmmmmmmmmmmmmmmmmmmmmmmmmmmmmmmmmmmm[0m
[00:15] [0m[33;1m[Clan] Ser :[0m oooooooooooold character[0m
[00:16] [0m[35;1mMellaous [Jedi(75)]:[0m sups[0m
[00:20] [0m[32;1mFrom afar, you grant yourself read/write access on Ser.[0m[0m
[00:21] [0m[Clan] Sock wiggles on your foot.  [0m
[00:25] [0mOmni flaps : just entered ship, will reset semi soon[0m
[00:35] [0mOmni flaps : anyone for event reseT?[0m
[00:37] [0mOmni flaps : reset[0m
[08:49] [0m[34;1mTex shouts:[0m elemental object cot and no not you eagleeyes you're a bird[0m
[08:51] [0mYour transmuter's stone bursts with 2 new colours![0m
[08:51] [0m[32mYou tell Simonz:[0m good morning![0m
[08:51] [0m[32mYou tell Simonz:[0m can i ask a favor?[0m
[08:51] [0m[32;1mFrom afar, Simonz nods to you.[0m[0m
[08:51] [0mTex {Professions}: if it had simpler commands like tex fingers dont work transmutes all poor to[0m
[08:51] [0m                   good quality[0m
[08:52] [0m[32mYou tell Simonz:[0m well if i'm playing Kent... will you notify me of Bithoff's arrival?[0m
[08:52] [0mTex {Professions}: i would use that prof[0m
[08:52] [0m[32;1mFrom afar, Simonz laffs at you![0m[0m
[08:52] [0m[32;1mFrom afar, Simonz cheers you on!!![0m[0m
[08:52] [0m[32mSimonz tells you:[0m sure, heh[0m
[08:53] [0m[37;1m[JEDI]:[0m Ylenic It'kla arrives at the Academy.[0m
[08:53] [0m[32mYou tell Simonz:[0m he's robotics IIRC[0m
[08:53] [0m[32mSimonz tells you:[0m gonna switch up, huh?  oh lol, ok[0m
[08:53] [0m[32mSimonz tells you:[0m yup hes robotics[0m
[08:53] [0m[32;1mFrom afar, you thank Simonz.[0m[0m
[08:54] [0m[32;1mFrom afar, Simonz tips his hat to you.[0m[0m
[08:54] [0m[32mYou tell Simonz:[0m nah I'm happy thematically[0m
[09:04] [0m[35;1mElindal [Jedi(34)]:[0m where's the jedi vaf list again?[0m
[09:04] [0m[35;1mRoken [Jedi(83)]:[0m info vaf[0m
[09:04] [0m[35;1mElindal [Jedi(34)]:[0m .... that makes sense :P[0m
[09:04] [0m[35;1mElindal [Jedi(34)]:[0m friggen roken[0m
[09:04] [0m[35;1mElindal [Jedi(34)]:[0m LOL![0m
[09:04] [0m[35;1mRoken [Jedi(83)]:[0m XD[0m
[09:05] [0m[35;1mMellaous [Jedi(75)]:[0m wow all the teepo on :)[0m
[09:06] [0md  Wm:g Wc: 44% Gx: 23.93% Fx: 69.80%[0m
[09:23] [0m[37;1m[JEDI]:[0m Reena Bel Noir arrives at the Academy.[0m
[09:51] [0mYour transmuter's stone bursts with 6 new colours![0m
[10:00] [0m[37;1m[JEDI]:[0m Rhaan arrives at the Academy.[0m
[10:07] [0m[35;1mInquisitor [Jedi(Knight)]:[0m Uh oh, my offhand blaster is making the I'm gonna break noises![0m
[10:07] [0m[35;1mInquisitor [Jedi(Knight)]:[0m Will I finish this combat before it finishes breaking?  :)[0m
[10:07] [0m[35;1mSimonz [Jedi(Knight)]:[0m repair droid![0m
[10:09] [0m[35;1mInquisitor [Jedi(Knight)]:[0m Heh.  Repairing it bumped up the battery a bit.[0m
[10:10] [0m[35;1mSaim [Jedi(Elder)]:[0m we use Duracells[0m
[10:13] [0m[35;1mInquisitor [Jedi(Knight)]:[0m See?  THere it goes again with the "I'm gonna break" message.  I just[0m
[10:13] [0m                           fixed it 3 minutes ago.[0m
[10:13] [0m[35;1mInquisitor [Jedi(Knight)]:[0m +1 alter technology indeed...[0m
[10:14] [0m[35;1mSimonz [Jedi(Knight)]:[0m practice man, practice[0m
[10:14] [0m[35;1mElindal [Jedi(34)]:[0m at least you see it. i've never seen the thing[0m
[10:14] [0m[35;1mSimonz [Jedi(Knight)]:[0m wish the crafting tome cooldown was 6hrs instead of 12, heh[0m
[10:14] [0m[35;1mSimonz [Jedi(Knight)]:[0m there's an ansi pref for it[0m
[10:15] [0m[35;1mSaim [Jedi(Elder)]:[0m Your lightsaber begins to flicker[0m
[10:15] [0m[35;1mSaim [Jedi(Elder)]:[0m is the message before it breaks if you have a lightsaber[0m
[10:16] [0m[35;1mElindal [Jedi(34)]:[0m set it for inverse+flash[0m
[10:16] [0m[35;1mElindal [Jedi(34)]:[0m if i don't see it simonz.[0m
[10:16] [0m[35;1mElindal [Jedi(34)]:[0m you. me. words. :P[0m
[10:16] [0m[35;1mSaim [Jedi(Elder)]:[0m or better yet, set a 'wake' soul to fire when the message is displayed[0m
[10:16] [0m[35;1mSimonz [Jedi(Knight)]:[0m aset jedi_saber bkhired[0m
[10:16] [0m[35;1mInquisitor [Jedi(Knight)]:[0m I saw the blaster breakage thingy very quickly after I switched to[0m
[10:16] [0m                           Teepo.  I immediately set a trigger for it to be very brightly[0m
[10:16] [0m                           colored.  :)[0m
[10:16] [0m[35;1mSimonz [Jedi(Knight)]:[0m set that and you'll see it, heh[0m
[10:18] [0m[35;1mInquisitor [Jedi(Knight)]:[0m 2x stoneskin rings in armory[0m
[10:24] [0m[35;1mSaim [Jedi(Elder)]:[0m whoa - i hit 'jedi' just at the right exact moment to be able to see myself[0m
[10:24] [0m                    in htrance on jedi list[0m
[10:31] [0m<BS> Kent : any one wield the uk axe here?[0m
[10:36] [0m[32;1mFrom afar, you bow to Simonz.[0m[0m
[10:52] [0m[34;1mKoth shouts:[0m Mom? Mom! Hotpockets![0m
[10:53] [0m[34;1mHooligan shouts:[0m ma!!!!  bathroom!!![0m
[10:54] [0m<BS> Prismal : many of us[0m
[10:55] [0m<BS> Prismal : me, lachy, mj, zokko[0m
[10:55] [0m<BS> Prismal : i think din as well[0m
[10:56] [0mKitt gshouts: Got MOO? Got MOO? Got Moo?[0m
[10:56] [0m<BS> Kent : hmm time to invest in dupe item?[0m
[10:56] [0m<BS> Prismal : best xp youll spend[0m
[11:24] [0m[34;1mCrolack shouts:[0m Happy Excuse to Drink and Eat Tacos Day![0m
[11:26] [0m[34;1mCrankshaft shouts:[0m liquid tacos[0m
[11:29] [0m[34;1mKitt shouts:[0m Ahoy Botz,[0m
[11:29] [0m[34;1mKitt shouts:[0m Is that Moo Aheqd?[0m
[11:30] [0m[34;1mKitt shouts:[0m Ahead![0m
[11:31] [0mNauda flaps : zombie reset[0m
[11:33] [0m[34;1mCrolack shouts:[0m On this day in history, in 1961, Commander Shepard became[0m
[11:33] [0m                the first American in space, before going on to command the[0m
[11:33] [0m                SSV Normandy and get reconstructed by the Lazarus Project.[0m
[11:33] [0m[34;1mAlec shouts:[0m yeah. but do they have a favorite station on the Citadel?[0m
[11:41] [0mNauda flaps : Pikachu parents are Squirrel and Zeus[0m
[11:42] [0m<BS> Lachlan : literally was iaw for most of this and have nfc[0m
[11:42] [0m<BS> Lachlan : wl[0m
[11:55] [0m[34;1mTrisky shouts:[0m CPU usage:       90%    86%    88%    97%    88%[0m
[11:55] [0m[34;1mTrisky shouts:[0m lag again[0m
[11:56] [0m[34;1mVoodoo shouts:[0m Pants usage:     0%   0%   0%   0%   0%[0m
[11:59] [0m[34;1mCrankshaft shouts:[0m is this like the old "he who smelt it dealt it?" He who[0m
[11:59] [0m                   lags first caused the lag?[0m
[12:02] [0m[32mSimonz tells you:[0m bithoff[0m
[12:02] [0m[34;1mBlutash shouts:[0m He who sha...erm....nevermind[0m
[12:03] [0m[32mSimonz tells you:[0m just showed up[0m
[12:03] [0m[32;1mFrom afar, you thank Simonz.[0m[0m
[12:03] [0m[34;1mTrisky shouts:[0m still better than old days dial-up.[0m
[12:03] [0m[34;1mMandragoran shouts:[0m I remember the 56k days[0m
[12:04] [0m[34;1mNik shouts:[0m haha i had 28k[0m
[12:04] [0m[34;1mTrisky shouts:[0m right now, hit the enter wait 2 sec, then move.[0m
[12:04] [0m[35;1mRoken [Jedi(83)]:[0m woo woo[0m
[12:04] [0m[34;1mBaramore shouts:[0m Dialup wasn't a source of mud lag though.[0m
[12:04] [0m[34;1mTurnhold shouts:[0m 14.4 peasants.[0m
[12:04] [0m[32;1mFrom afar, Simonz cheers you on!!![0m[0m
[12:04] [0m[34;1mMandragoran shouts:[0m disconnect when the phone rings...[0m
[12:04] [0m[34;1mOmni shouts:[0m the real difference was between 1200 and 2400, 2400 was min where it didn't rubber[0m
[12:04] [0m             band[0m
[12:04] [0m[34;1mOne shouts:[0m if you've never loaded a dialer off of a 5 1/4" floppy to[0m
[12:04] [0m            connect to a 300 baud modem, you don't know the struggle[0m
[12:05] [0m[32mSimonz tells you:[0m did you get a repair droid?[0m
[12:05] [0m[34;1mBlutash shouts:[0m Apparently we've regressed to a game of "How old am I?"[0m
[12:05] [0m[32mYou tell Simonz:[0m will next boot[0m
[12:05] [0m[34;1mByron shouts:[0m Old enough[0m
[12:06] [0m[32mYou tell Simonz:[0m 12.5M away from lv60[0m
[12:06] [0m[32mSimonz tells you:[0m cool[0m
[12:06] [0m[32mYou tell Simonz:[0m new bk woo[0m
[12:06] [0m[32mSimonz tells you:[0m I might create my hc char next boot as an android and[0m
[12:06] [0m        run him up really quick so I have more skill points avail[0m
[12:07] [0m[Clan] Martyr : ugh houses are the worst[0m
[12:07] [0m[Clan] Martyr : just dest'd all my corpses[0m
[12:07] [0m[32mSimonz tells you:[0m nice![0m
[12:08] [0m[32mYou tell Simonz:[0m dunno what's really quick but it seams i kill faster as[0m
[12:08] [0m        bsinger[0m
[12:08] [0m[32mYou tell Simonz:[0m xp rate for awhile was about 10m/hr[0m
[12:08] [0m[32mSimonz tells you:[0m I expect to be at L 100 by the end of the boot[0m
[12:08] [0m[Clan] Michael : ack! how'd that happen?[0m
[12:08] [0m[32mSimonz tells you:[0m based on space's comments, heh[0m
[12:08] [0m[32mYou tell Simonz:[0m but now hah RLI xp has gone it finally normalized[0m
[12:09] [0m[Clan] Martyr : I left the room for a second[0m
[12:09] [0m[Clan] Martyr : Houses are the worst[0m
[12:09] [0m[32;1mFrom afar, Simonz grins at you.[0m[0m
[12:09] [0m[32mYou tell Simonz:[0m ok not taht fast[0m
[12:09] [0m[32mSimonz tells you:[0m this gun trainer is so annoying, only trainer that[0m
[12:09] [0m        requires reps to train you[0m
[12:09] [0m[32mYou tell Simonz:[0m space's comments include stats?[0m
[12:09] [0m[Clan] Nik : i idle in mine so often that i think it lasts a lil longer XD[0m
[12:09] [0m             always a gamble tho[0m
[12:09] [0m[Clan] Martyr : They unload very fast as a "fix" (or punishment...) for back[0m
[12:09] [0m                when players used bags of major sending to bagset in their[0m
[12:09] [0m                house[0m
[12:09] [0m[32mSimonz tells you:[0m presumably[0m
[12:10] [0m[32mYou tell Simonz:[0m space's comments include fun?[0m
[12:10] [0m[32mSimonz tells you:[0m that's the point of the core guilds, is that they[0m
[12:10] [0m        advance fast and get you to a good playable point quickly, but[0m
[12:10] [0m        you're limited to level 100[0m
[12:10] [0m[32;1mFrom afar, Simonz laffs at you![0m[0m
[12:10] [0m[Clan] Sparkie : glad i stopped doing that. it never worked for me[0m
[12:10] [0m[32mSimonz tells you:[0m the fun is having extra skill points[0m
[12:10] [0m[32mSimonz tells you:[0m not much grinding is fun[0m
[12:10] [0m[34;1mCrankshaft shouts:[0m The scary bit is we're likely all that old[0m
[12:11] [0m[Clan] Martyr : you probably had fake bags[0m
[12:12] [0m[34;1mCrankshaft shouts:[0m In my day we made screechy-bong-bong sounds right into[0m
[12:12] [0m                   the telephone and wrote out the binary by hand![0m
[12:12] [0m[34;1mBaramore shouts:[0m How many of us played Megawars on Compuserve via 300 baud[0m
[12:12] [0m                 dialup?[0m
[12:12] [0m[34;1mSquirrel shouts:[0m in this world gone mad, we won't spank the monkey, the[0m
[12:12] [0m                 monkey will spank us.[0m
[12:13] [0m[34;1mBlutash shouts:[0m I remember calling a BBS and hearing "Hello....oh wait, I'll[0m
[12:13] [0m                just plug in the modem" at the other end[0m
[12:16] [0m[34;1mTrisky shouts:[0m we need reboot to fix the lag[0m
[12:16] [0m[34;1mNik shouts:[0m this is a crazy idea, but we could try turnin all the bots off[0m
[12:16] [0m            for 2 mins[0m
[12:16] [0m[34;1mTex shouts:[0m shush you[0m
[12:16] [0m[34;1mFlagg shouts:[0m isn't that just reboot?[0m
[12:17] [0m[34;1mColheita shouts:[0m we also just could all sit idle[0m
[12:17] [0m[34;1mBlutash shouts:[0m Reduce your APM people[0m
[12:18] [0m[34;1mTex shouts:[0m bring back anarchy problem solved[0m
[12:18] [0m[34;1mMartyr shouts:[0m I'm going for 2 commas in my APM[0m
[12:20] [0m[Clan] Nik leaves the game.  [0m
[12:29] [0m[Clan] Blutash : If any of you are bored, I updated my github to include[0m
[12:29] [0m                 some of the main mud area maps so you can see how it is[0m
[12:29] [0m                 laid out....[0m
[12:30] [0m[Clan] Blutash : I'll add more in once I can work out a good way of flagging[0m
[12:30] [0m                 the super-spoiler-y ones.[0m
[12:30] [0mVoodoo flaps : Prayer Line: 800-CRO-LACK[0m
[12:31] [0m[Clan] Michael : I'd like to see it[0m
[12:32] [0m[Clan] Blutash : https://github.com/Tim-Radcliffe/Tintin-Setup/tree/upgrade/[0m
[12:33] [0m[Clan] Michael : luckily since I use wintin not much has broken yet[0m
[12:36] [0m[32mKerym says: [0mWell met, Swordbrother Kent, May the Seldarine's Blessings be upon you.[0m
[12:37] [0mCrolack flaps : you probably don't want to dial that number...[0m
[12:38] [0mWhoknows flaps : 9.99/min?[0m
[12:39] [0mLik flaps : 1-CRO-LACK for hot sningle culties in your area[0m
[12:41] [0mCrankshaft flaps : mmm...sningle culties[0m
[13:21] [0m<BS> Lachlan : yes kent.. dupe and redaxe is the min/max for blades with our[0m
[13:21] [0m               incessant sp needs, especially at top-end[0m
[13:21] [0m<BS> Lachlan : sp-hunting items, our bane to our latest boons[0m
[13:22] [0m<BS> Zokko : i have been using redaxe since glvl 1. I have a hard time using[0m
[13:22] [0m             anythign else[0m
[13:23] [0m<BS> Gaidin : Once I get dupe maxxed, I'll probably grab red axe.  Spork for[0m
[13:23] [0m              now.[0m
[13:26] [0m<BS> Zokko : the problem with switching weapons is that you need to have[0m
[13:26] [0m             mastery at a certain level by 65 to use passive[0m
[13:26] [0m<BS> Zokko : i never even bothered with jewel sword[0m
[13:27] [0m<BS> Zokko : btw 2 RoH in and day 3 cmc as a helmet[0m
[13:34] [0mCrolack flaps : Are there fetal calf serum barristas?[0m
[13:35] [0mCrolack flaps : Asking for a wiz.[0m
[13:35] [0mSimonz flaps : ...... Gosh I hope not[0m
[13:35] [0mGlorfindel flaps : I'll take one flat white cold pressed fetal calf serum,[0m
[13:35] [0m                   please[0m
[13:35] [0mGlorfindel flaps : Make that with an extra shot[0m
[13:43] [0mWhoknows flaps : in this day and age, WTF are the 'tests' from the emergency[0m
[13:43] [0m                 system sound like it was done back in the 20s?[0m
[13:44] [0mEli flaps : because it serves it's purposes and doesn' tneed to look more[0m
[13:44] [0m            modern. A warning of imminent danger is the same then as it is[0m
[13:44] [0m            now, so they don't bother making it look nicer[0m
[13:44] [0mEli flaps : or sound nicer[0m
[13:44] [0mMartyr flaps : nobody has updated airraid.wav[0m
[13:44] [0mEli flaps : it's the same reason the "your call can not be completed"[0m
[13:44] [0m            message on the phones hasn't ben changed either[0m
[13:45] [0mBaramore flaps : Did they even have one in the 20's?  I thought it was[0m
[13:45] [0m                 primarily created for threats of nuclear war.[0m
[13:46] [0mWhoknows flaps : you know what i mean, just picked a random decade that was[0m
[13:46] [0m                 far off enough for effect..[0m
[13:47] [0mYardleblarp flaps : i always hoped some of that 'old stuff' was for like..[0m
[13:47] [0m                    backwards compatibility[0m
[14:00] [0m<BS> Lachlan : thank god for electrician brothers[0m
[14:01] [0m<BS> Lachlan : panel reno and hot tub installation, bro price $1100,[0m
[14:01] [0m               contractor price $2500. plus whiskey, beer, pizza and good[0m
[14:01] [0m               company[0m
[14:06] [0m<BS> Lachlan : back to your regularly scheduled botting. :P[0m
[14:06] [0m<BS> Kent : do 150k zombies hit hard?[0m
[14:07] [0m<BS> Lachlan : zombies hit a bit harder than other same-sized mobs[0m
[14:07] [0m<BS> Lachlan : but not overly like Zelligar etc[0m
[14:07] [0mSimonz flaps : hotel reset in 10-15min[0m
[14:08] [0m<BS> Kent : doing 80 k golems ok[0m
[14:08] [0m<BS> Zokko : zelligars golems are great gxp if you have rejuv[0m
[14:08] [0m<BS> Zokko : zombies is better xp rate but zelligars is better gxp ratio[0m
[14:09] [0mSimonz flaps : reset in < 10min[0m
[14:11] [0m<BS> Zokko : also zelligars has 100+ golems compared to zombies 26-43 but[0m
[14:11] [0m             usually around 33 zombies[0m
[14:12] [0m<BS> Kent : i finish scaler 44 in 30 minutes[0m
[14:12] [0m<BS> Kent : scared of their specials[0m
[14:13] [0m<BS> Kent : SMD is 'Great'[0m
[14:13] [0m<BS> Zokko : SMD is key for everyone that isnt Xiu :)[0m
[14:16] [0m<BS> Lachlan : yeah, you'll dungeon out of golems. As soon my gear is good[0m
[14:16] [0m               enough to do Rims, I drop golems out of the mix, and zombies[0m
[14:16] [0m               for that matter.[0m
[14:17] [0m<BS> Lachlan : that's a bit aways for you I'd think. :P[0m
[14:17] [0m[32mKichi says:[0m rallyyyyy[0m
[14:17] [0m<BS> Lachlan : zokko... your glvl 90 is disgusting to me...[0m
[14:17] [0m[32mYou say:[0m mine is resetting shortly[0m
[14:17] [0m<BS> Zokko : not high enough?[0m
[14:18] [0mSimonz flaps : zombie reset in 2min[0m
[14:18] [0m<BS> Lachlan : the fact that your 121 guild age in 2 years. :([0m
[14:18] [0m[32mSpace says:[0m here for simonz, he will rally when he gets here[0m
[14:18] [0m<BS> Lachlan : with that glvl[0m
[14:18] [0m<BS> Zokko : 2 years?[0m
[14:18] [0m<BS> Lachlan : Im 548 with 120, lol.[0m
[14:18] [0m<BS> Lachlan : yeah, not even...[0m
[14:19] [0m<BS> Zokko : im confused[0m
[14:19] [0m<BS> Zokko : Time Called: 121 Coranar 5 Yeni 51 Loa[0m
[14:19] [0m<BS> Lachlan : Jul 2019.. you joined blades... geebus, not even a year. I[0m
[14:19] [0m               was just thinking 2019, 2020... two years, did not look at[0m
[14:19] [0m               dates[0m
[14:19] [0m<BS> Lachlan : yeah, guild age vs rl time[0m
[14:19] [0m<BS> Zokko : Time in battle: 93 Coranar 3 Yeni 29 Loa  (76%)[0m
[14:19] [0m[32mOmni says:[0m LIMBERBERRYS![0m
[14:19] [0m[32mSimonz says:[0m  anyone I'm missing?[0m
[14:19] [0m<BS> Zokko : thats how[0m
[14:20] [0mSimonz flaps : last call[0m
[14:20] [0m<BS> Lachlan : I know...[0m
[14:20] [0m[32;1mOmni says: Simmons, I want you to poison Griff's next meal.[0m[0m
[14:20] [0m<BS> Zokko : i made prismal, you and xiu give me as many tips as possible[0m
[14:20] [0m             then took all that input and found the best gxp spots that also[0m
[14:20] [0m             gave xp :)[0m
[14:20] [0m[32mVoodoo says:[0m I HATE THAT SOUND!! STOP!!!![0m
[14:20] [0m<BS> Zokko : i have done zero xtals[0m
[14:20] [0m[32mOmni says:[0m MOOoOOOoOOOooOO[0m
[14:21] [0m[32mSpace says:[0m Simon says, drink some bleach[0m
[14:21] [0m[32;1mOmni whispers the word 'lesbian.'[0m[0m
[14:21] [0m[32mVoodoo says:[0m Muff Diver?![0m
[14:21] [0m<BS> Lachlan : true, thinks have really changed since we came up in blades.[0m
[14:21] [0m               Frank's balancing created a whole new path for new blades[0m
[14:21] [0m[32mSimonz says:[0m  doh[0m
[14:21] [0m<BS> Lachlan : thinks... lol. things[0m
[14:21] [0m[32mSimonz says:[0m  sorry voodoo[0m
[14:21] [0m[32mVoodoo says:[0m no worries[0m
[14:21] [0m[32mVoodoo says:[0m plenty of places to bot[0m
[14:21] [0m[32mKichi says:[0m boobies tho?[0m
[14:24] [0m<BS> Zokko : yea i joined just after the first Frank tweaks i believe[0m
[14:35] [0m<BS> Kent : tough enough medal[0m
[14:35] [0m<BS> Kent : oh oh 171k zombie[0m
[14:35] [0m<- ! The Vigilant ! -> :  A destabilization Kayos event has been detected in[0m
[14:35] [0m                          Northern Hills of Fantasy!  We are localizing it[0m
[14:35] [0m                          now - get ready![0m
[14:35] [0m[32;1mFrom afar, you snicker at Simonz.[0m[0m
[14:36] [0m[32mYou tell Simonz:[0m dg bsingers[0m
[14:36] [0m<BS> Kent : bs bsingers[0m
[14:36] [0m[Clan] Kent : woo woo new bk[0m
[14:37] [0m[32;1mFrom afar, Silverhand goes 'Woo Woo!' at you.[0m[0m
[14:37] [0m[Clan] Michael : Nice[0m
[14:37] [0m[Clan] Kent : dg bsingers[0m
[14:41] [0m<BS> Kent : thinking item preparation is beneficial to at least open more[0m
[14:41] [0m            slots than 5 from corath[0m
[14:41] [0m<BS> Zokko : or just make lachlan rune your gear :)[0m
[14:41] [0m<BS> Lachlan : that and mastery[0m
[14:41] [0m<BS> Kent : mastery opens more too?[0m
[14:41] [0m<BS> Lachlan : i used to... corath went down and we runed for the guild for[0m
[14:41] [0m               bit[0m
[14:41] [0m<BS> Lachlan : I think its a combination.[0m
[14:42] [0m<BS> Lachlan : not just solely iprep[0m
[14:42] [0m<BS> Zokko :  its a combo or item prep and rune mastery[0m
[14:42] [0m<BS> Kent : interperting mastery as damage increases and handling[0m
[14:43] [0m<BS> Kent : corath at 'Good'?[0m
[14:43] [0m<BS> Kent : wanted to find it in help file[0m
[15:00] [0mCrolack flaps : Holy Moly -[0m
[15:00] [0m                https://twitter.com/BNONews/status/1257744571435487234[0m
[15:01] [0mVoodoo flaps : it's a trap![0m
[15:02] [0mOmni flaps : that's a big fire[0m
[15:02] [0mSquirrel flaps : someone has a big light in the sky[0m
[15:03] [0m[32;1mFrom afar, all your base.[0m[0m
[15:03] [0m[34;1mOmni shouts:[0m make your time![0m
[15:03] [0m[34;1mAka shouts:[0m some one has set us up the bomb[0m
[15:03] [0m[34;1mSquirrel shouts:[0m something something BATTLECRUISERS[0m
[15:04] [0m[34;1mEli shouts:[0m what you say?[0m
[15:04] [0m[34;1mKent shouts:[0m bish bosh bash[0m
[15:04] [0m[34;1mMichael shouts:[0m base base all your base are belong to Turnhold[0m
[15:04] [0m[34;1mVolt shouts:[0m drop the base[0m
[15:04] [0m[34;1mAtreyu shouts:[0m Turnhold was the chief translator on that project[0m
[15:07] [0mOmni flaps : riposte, battlerage, engage code![0m
[15:09] [0mOmni flaps : You smuggle away: exclusive pass to turnhold's ass[0m
[15:09] [0mTurnhold flaps : thats good for access to my Premium Snapchat.[0m
[15:10] [0mSaim flaps : hey omni, what are you doing near the copy machine?[0m
[15:10] [0mOmni flaps : *whistles innocently*[0m
[15:11] [0mSaim flaps : *fires up the helicopter*[0m
[15:12] [0mKitt flaps : We all want to snapchat Turnhd[0m
[15:14] [0m[34;1mSimonz shouts:[0m no![0m
[15:14] [0m[34;1mAl shouts:[0m what is this, the end of school daze?[0m
[15:14] [0m[34;1mMandragoran shouts:[0m I'd prefer not to[0m
[15:14] [0m[34;1mKitt shouts:[0m Botz[0m
[15:14] [0m[34;1mKitt shouts:[0m Botz[0m
[15:14] [0m[34;1mAbaddon shouts:[0m that's what my coffee is for[0m
[15:14] [0m[34;1mKent shouts:[0m botting in peace is where its at[0m
[15:14] [0m[34;1mTex shouts:[0m i dont wanna be a fury[0m
[15:15] [0mKent flaps : daydreaming of TH's snap[0m
[15:18] [0mKitt flaps : i could have done jedis[0m
[15:18] [0mVolt flaps : have Cancer quit promoting Portal client[0m
[15:20] [0mJasmine flaps : Happy Drinko de Mayo[0m
[15:29] [0mOmni flaps : snakey's here![0m
[15:31] [0m<BS> Lachlan : I assume I missed space's ascencion to 142 and also assume no[0m
[15:31] [0m               one else has reached 142.[0m
[15:32] [0m<BS> Lachlan : those exponential levels... what's the point past 138? Maxxed[0m
[15:32] [0m               ET and Stats.[0m
[15:32] [0m<BS> Lachlan : besides the obvious... #1[0m
[15:33] [0m<BS> Lachlan : wtf.. my dryad amulet poofed...[0m
[15:34] [0m[34;1mLachlan shouts:[0m lies[0m
[15:34] [0mLachlan flaps : whoa... nm. It worked.[0m
[15:35] [0mCrankshaft flaps : So... not lies?[0m
[15:44] [0mLachlan flaps : nope[0m
[16:04] [0m<BS> Lachlan : hrm... should I try a medium Rim...[0m
[16:04] [0m<BS> Lachlan : Zoks you know how big the meds are?[0m
[16:04] [0m<BS> Kent : ~20m[0m
[16:05] [0m<BS> Kent : large ~25m[0m
[16:05] [0m<BS> Zokko : you mean large?[0m
[16:05] [0m<BS> Zokko : large is 19-20M, Very Large 27M[0m
[16:05] [0m<BS> Kent : very large ~25m[0m
[16:06] [0m<BS> Kent : thought lachlan was talking large = medium so i went with it[0m
[16:06] [0m<BS> Zokko : he was[0m
[16:06] [0m<BS> Zokko : i was just correcting him :)[0m
[16:06] [0m<BS> Kent : oh oops my b[0m
[16:06] [0m<BS> Zokko : cant let those canadians be slippin[0m
[16:08] [0mKent flaps : anyone door dashing? and what?[0m
[16:09] [0mAlec flaps : I want on the borders cinco in a bag so bad. but I'm tryna be[0m
[16:09] [0m             healthy[0m
[16:11] [0mKent flaps : ah yes Cinco de Mayo, that makes the decision easier[0m
[16:23] [0m[34;1mPablo shouts:[0m WooooO![0m
[16:26] [0m[34;1mZor shouts:[0m woo!!!!!!!!!!!!!!!!!!!!!!!!!!!!!!!!!!!!!!!!!!!![0m
[16:37] [0m[34;1mHayden shouts:[0m Upgrade Frank's sword[0m
[16:46] [0m[32mKerym says: [0mWell met, Swordbrother Kent, May the Seldarine's Blessings be upon you.[0m
[16:47] [0m<BS> Kent : excellent freeform Woo[0m
[17:03] [0m[34;1mSquirrel shouts:[0m brains, so no zombie ever[0m
[17:04] [0m[34;1mKitt shouts:[0m Botz![0m
[17:13] [0m<BS> Prismal : nice[0m
[17:15] [0m<BS> Kent : to better rejuvenate.. just increase faerie, spirit, and high?[0m
[17:21] [0m<BS> Lachlan : yeah large... killing one now[0m
[17:27] [0m[34;1mTehuti shouts:[0m congrats[0m
[17:27] [0m[34;1mKitt shouts:[0m Lies[0m
[17:29] [0m[34;1mZor shouts:[0m woo!!!!!!!!!!!!!!!!!!!!!!!!!!!!!!!!!!!!!!!!!!!!!!!!!!!![0m
[17:29] [0m[35;1mMellaous [Jedi(75)]:[0m where is the shrine you donate at for ds points?[0m
[17:30] [0m[35;1mRoken [Jedi(83)]:[0m might be at the tip[0m
[17:41] [0m[37;1m[JEDI]:[0m Bithoff Jonansaan arrives at the Academy.[0m
[17:42] [0m[35;1mSimonz [Jedi(Knight)]:[0m to lose ds points?[0m
[17:42] [0m[34;1mVilgan shouts: [0mI want everyone to know that Gamst is a big dumb meany.[0m
[17:42] [0m[35;1mMellaous [Jedi(75)]:[0m I found it[0m
[17:42] [0m[35;1mSimonz [Jedi(Knight)]:[0m cool[0m
[17:42] [0m[35;1mRoken [Jedi(83)]:[0m was it at the top?[0m
[17:45] [0m[35;1mMellaous [Jedi(75)]:[0m no it was 2 north from entrance[0m
[17:46] [0m[35;1mRoken [Jedi(83)]:[0m the top a meditation area for ridding DSP?[0m
[17:46] [0m[35;1mMellaous [Jedi(75)]:[0m ya up there you meditate[0m
[17:46] [0m[35;1mMellaous [Jedi(75)]:[0m if donating it cost like 100k per chance to ride a ds point[0m
[17:48] [0mYour transmuter's stone bursts with 6 new colours![0m
[17:56] [0mSquirrel flaps : haha 5yr old was pulled over in utah driving to california to buy a lambo for 3[0m
[17:56] [0m                 dollars.[0m
[18:01] [0m[33;1m[Clan] Archangel :[0m Anyone know the WC of the Sword of the Spirit{radiant} and the Spork Lance[0m
[18:01] [0m                   {wicked}?[0m
[18:03] [0m[35;1mGidius [Jedi(27)]:[0m eek[0m
[18:03] [0m[33;1m[Clan] Roken :[0m have ability but no. In the event atm[0m
[18:04] [0m[33;1m[Clan] Archangel :[0m nod[0m
[18:09] [0m[37;1m[JEDI]:[0m Herah Wylann arrives at the Academy.[0m
[18:15] [0m[32mXiu tells you:[0m the main skill for rejuvenate is spirit magic, it will[0m
[18:15] [0m        improve the cost:effect ratio some[0m
[18:17] [0m[32;1mFrom afar, you bow to Xiu.[0m[0m
[18:17] [0m[32;1mFrom afar, Xiu tips his hat to you.[0m[0m
[18:17] [0m[32mYou tell Simonz:[0m thank you for the feedback! how'd ya know :D[0m
[18:18] [0m[32mYou tell Simonz:[0m sorry... oh I can see tells when my other characters are linkdead (*face[0m
[18:18] [0m        palm*)[0m
[18:18] [0m[32mYou tell Xiu:[0m thank you for the feedback![0m
[18:19] [0m[32;1mFrom afar, Xiu grins at you.[0m[0m
[18:22] [0m[32;1mFrom afar, Simonz grins at you.[0m[0m
[18:23] [0m[32mYou tell Simonz:[0m i use 'reply' a lot[0m
[18:27] [0m[32mSimonz tells you:[0m heh, so do i, gets me all the time[0m
[18:30] [0m[37;1m[JEDI]:[0m Ylenic It'kla arrives at the Academy.[0m
[18:31] [0m[35;1mGidius [Jedi(27)]:[0m Ylenic, shoo, go away :P[0m
[18:42] [0m[35;1mOlorin [Jedi(69)]:[0m made AT holocron for resist poison, and end up with one for residual life[0m
[18:42] [0m[35;1mOlorin [Jedi(69)]:[0m my sheet said blue violet...[0m
[18:42] [0m[35;1mLicklick [Jedi(58)]:[0m yeah red holocron frags are for lsc and i get lfs ones[0m
[18:43] [0m[35;1mOlorin [Jedi(69)]:[0m Adalius was bored i guess[0m
[18:43] [0m[35;1mSimonz [Jedi(Knight)]:[0m I think there's a problem with them right now[0m
[18:44] [0m[35;1mOlorin [Jedi(69)]:[0m hehe, looks like it[0m
[18:45] [0m[35;1mMichael [Jedi(36)]:[0m its because there is a new one for blaster combat and the force is confused[0m
[18:46] [0m[35;1mOlorin [Jedi(69)]:[0m hmm, shd be yellow then[0m
[18:48] [0m[35;1mOlorin [Jedi(69)]:[0m nod so there is a one row shift[0m
[18:48] [0m[35;1mOlorin [Jedi(69)]:[0m and ylenic ran away...[0m
[18:48] [0mYour transmuter's stone bursts with 4 new colours![0m
[18:48] [0m[35;1mGidius [Jedi(27)]:[0m now we just need...uh, no one I've seen today:p[0m
[18:51] [0m[35;1mGidius [Jedi(27)]:[0m You know there is a problem with the education system when you realize that[0m
[18:51] [0m                   out of the 3 R's only one begins with an R.[0m
[18:57] [0m[35;1mMichael [Jedi(36)]:[0m woo, gratz Din[0m
[18:58] [0m[37;1m[JEDI]:[0m Kerran Halcyon arrives at the Academy.[0m
[19:01] [0m[35;1mSimonz [Jedi(Knight)]:[0m interesting, can't assemble lemon yellow holocron, which should be the[0m
[19:01] [0m                       new blaster combat one[0m
[19:01] [0m[35;1mSimonz [Jedi(Knight)]:[0m I haev all 5 pieces, but it says I don't[0m
[19:02] [0m[35;1mLicklick [Jedi(58)]:[0m wonder what the color is for lsc[0m
[19:02] [0m[35;1mLicklick [Jedi(58)]:[0m my sheet sucks now[0m
[19:02] [0m[35;1mSimonz [Jedi(Knight)]:[0m try chestnut[0m
[19:17] [0m[35;1mSaim [Jedi(Elder)]:[0m gbug if youve tested something and really think there is an issue[0m
[19:18] [0m[35;1mLicklick [Jedi(58)]:[0m dang it i cut my gbug short, oops[0m
[19:19] [0m[35;1mLicklick [Jedi(58)]:[0m too many aspring jedi[0m
[19:20] [0m[35;1mMichael [Jedi(36)]:[0m Aspiring Jedi are where its at[0m
[19:20] [0mNauda flaps : Help me! I need a Lamborghini![0m
[19:20] [0mOmni flaps : don't we all[0m
[19:21] [0mGlorfindel flaps : I actually prefer the maserati coupes.[0m
[19:22] [0mEli flaps : I like the Volkswagon Thing[0m
[19:22] [0mEli flaps : yes, ti's really called a thing[0m
[19:22] [0mNauda flaps : I'd rather like a thing in a volkswagen[0m
[19:32] [0m[35;1mMichael [Jedi(36)]:[0m Welcome back, Sylph[0m
[19:32] [0m[35;1mSylph [Jedi(40)]:[0m rehi[0m
[19:33] [0m[37;1m[JEDI]:[0m H'ssani C'talan arrives at the Academy.[0m
[19:34] [0m[35;1mAl [Jedi(34)]:[0m so who trains robotics in this piece?![0m
[19:35] [0m[35;1mMichael [Jedi(36)]:[0m Sweet youre ready for 2? Awesome[0m
[19:35] [0m[35;1mAl [Jedi(34)]:[0m nog now i need some denzel action.[0m
[19:35] [0m[35;1mAl [Jedi(34)]:[0m you know, training day[0m
[19:37] [0m[35;1mAdalius [Jedi(WGM)]:[0m Recover incoming.[0m
[19:37] [0m[35;1mSylph [Jedi(40)]:[0m NNNOOOOOOoOOooOooooOOOoo!!![0m
[19:38] [0m[35;1mAl [Jedi(34)]:[0m anybody spare a rovotics training[0m
[19:47] [0m[34;1mZor shouts:[0m woo!!!!!!!!!!!!!!!!!!!!!!!!!!!!!!!!!!!!!!!!!!!!!!!!!!![0m
[19:47] [0m[34;1mPdog shouts:[0m Wheeeeeee[0m
[19:49] [0mYour transmuter's stone bursts with 6 new colours![0m
[19:51] [0m[35;1mMichael [Jedi(36)]:[0m Heh... Somehow I missed that a recover was incoming. that already happen?[0m
[19:51] [0m[35;1mAdalius [Jedi(WGM)]:[0m yes[0m
[19:56] [0m[35;1mSimonz [Jedi(Knight)]:[0m what was it for?[0m
[19:56] [0m[35;1mSimonz [Jedi(Knight)]:[0m and al, Bithoff trains robotics[0m
[19:57] [0m[35;1mMichael [Jedi(36)]:[0m It was to give us all force sat margueritas for cinco de mayo[0m
[19:57] [0m[35;1mLicklick [Jedi(58)]:[0m theres no more frags in storage[0m
[19:57] [0m[35;1mAdalius [Jedi(WGM)]:[0m I had to wipe them out[0m
[19:58] [0m[35;1mAdalius [Jedi(WGM)]:[0m Trying to figure out why we're eating up CPU again, we're thinking it might[0m
[19:58] [0m                     just be too many things loaded at once, so we're wiping out large-volume[0m
[19:58] [0m                     items[0m
[20:07] [0m[37;1m[JEDI]:[0m Reena Bel Noir arrives at the Academy.[0m
[20:09] [0m[35;1mDin [Jedi(22)]:[0m already hit the craft box?[0m
[20:11] [0m[35;1mAdalius [Jedi(WGM)]:[0m No, actually.[0m
[20:11] [0m[35;1mAdalius [Jedi(WGM)]:[0m good thinkin[0m
[20:20] [0m[33;1m[Clan] Roken :[0m rip 45 secs or <[0m
[20:21] [0m[33;1m[Clan] Mako :[0m huh?[0m
[20:21] [0m[33;1m[Clan] Roken :[0m event[0m
[20:21] [0m[33;1m[Clan] Mako :[0m oh[0m
[21:15] [0mKitt flaps : Quote "if you think sex is a pain in the arse, try a different[0m
[21:15] [0m             position"[0m
[21:39] [0m[34;1mSomeone shouts: ICE CREAAAAM!![0m[0m
[21:47] [0m<BS> Kent : hmm ktrig was letting me sit in rev until sp was healed[0m
[21:48] [0m<BS> Kent :  #if {$necur <= .7 * $nemax || $hpcur <= .7 * $hpmax || $spcur[0m
[21:48] [0m            <= .7 * $spmax} {revalrie}[0m
[21:48] [0m<BS> Xiu : make sure you have sp and rj runes on your gear. rev will usually[0m
[21:48] [0m           only cancel once hp/sp/ne/so are all at 100% or if you move ect[0m
[21:50] [0m<BS> Kent : oh i see it is working.. 70% isnt enough for hotel 45[0m
[21:51] [0m<BS> Kent : sorry i blew up :D[0m
[21:53] [0m<BS> Kent : eq is lacking. 5 Rj and 4 Rv runes[0m
[21:55] [0m<BS> Xiu : simplest way is to just put po/sp/rv/rj on everything. you don't[0m
[21:55] [0m           need health runes after you have rejuvenate so you can drop[0m
[21:55] [0m           those. ones like battle and stone can go on the chopping block if[0m
[21:55] [0m           needed, in favor of regen.[0m
[22:08] [0mEli flaps : do you have to kill the actual death cow to get oen of those?[0m
[22:09] [0m<BS> Kent : is there not a max for effective runes?[0m
[22:09] [0mNauda flaps : cow lives matter![0m
[22:11] [0m<BS> Kent : some reason I wimpied twice on this round of 45 hotel[0m
[22:11] [0m<BS> Xiu : there is, it's a sort of moving target as you get more powers.[0m
[22:11] [0m           when you're running mode(freeform ect) and dodge your ne'kra cost[0m
[22:11] [0m           will be 16/rnd but you always lose 2 regardless so your "regen[0m
[22:11] [0m           cap" at that point is 14/rnd. later this will go up to 22/rnd[0m
[22:13] [0m<BS> Xiu : because of reasons, your ne'kra regen cap also effects your[0m
[22:13] [0m           so'kra regen limit. it doesn't effect your SP regen cap (which is[0m
[22:13] [0m           always 20) but there's not much point in having more SP regen[0m
[22:13] [0m           than So'kra regen until you get to glevel 25.[0m
[22:15] [0m<BS> Xiu : so if you want to have the exact # of runes that will get you[0m
[22:15] [0m           just to your caps right now you'll want enuf to give you 14 per[0m
[22:15] [0m           rnd. corath's skills are equal to each other so however many rv[0m
[22:15] [0m           runes gets you 14 ne'kra, will be the same # of sp and rj runes[0m
[22:15] [0m           to get you 14s in sp and so'kra.[0m
[22:16] [0m<BS> Kent : have to redo next boot. Have many hp runes over sp[0m
[22:17] [0m<BS> Kent : yep 4 HE to 2 SP[0m
[22:18] [0m<BS> Xiu : do you have a full set of eq?[0m
[22:18] [0m<BS> Kent : no light body[0m
[22:18] [0m<BS> Kent : had spirit[0m
[22:19] [0m<BS> Xiu : if you're gonna play much for the rest of this boot it may be[0m
[22:19] [0m           worthwhile to get corath to rdispell your gear and re-do it[0m
[22:19] [0m<BS> Kent : unfortunately not[0m
[22:19] [0m<BS> Kent : unless i do at work[0m
[22:22] [0m<BS> Kent : no zel headband which tends to be a staple[0m
[22:48] [0mSquirrel flaps : wwf ring 2.0[0m
[22:49] [0mEli flaps : world wildlife foundation?[0m
[22:49] [0mSquirrel flaps : you know of the secret society?[0m
[22:53] [0m[32mKerym says: [0mWell met, Swordbrother Kent, May the Seldarine's Blessings be upon you.[0m
[22:53] [0m<BS> Xiu : woot[0m
[22:53] [0m[33m .=.-----------------------------------------------------------.[0m
[22:56] [0m<BS> Kent : circle kinda work like (foresight?[0m
[22:56] [0m<BS> Xiu : yeah circle is a roomwatch. you set it and when something other[0m
[22:56] [0m           than you enters the room it will tell you and you can checkcircle[0m
[22:56] [0m           to see room contents from wherever[0m
[23:00] [0m[Clan] Martyr : this my pillow guy is my hero[0m
[23:00] [0m[Clan] Martyr : he's hittin every angle[0m
[23:00] [0m[Clan] Martyr : now he's going for the preacher thing[0m
[23:03] [0m[Clan] Ser : 7 days...[0m
[23:03] [0m[32mSer tells you:[0m hey[0m
[23:03] [0m[32;1mFrom afar, you wave in greeting to Ser.[0m[0m
[23:04] [0m[Clan] Ser : g2n (or to die)[0m
[23:05] [0m[Clan] Michael : G2N is always awesome[0m
[23:06] [0m[Clan] Martyr : remind me, do you get that thing you've been sandbagging[0m
[23:06] [0m                your damage for like 10 yrs next glvl or the one after?[0m
[23:06] [0m[Clan] Martyr : and woot[0m
[23:17] [0m[Clan] Ser : what do you mean[0m
[23:17] [0m[Clan] Ser : me not doing damage?[0m
[23:18] [0m[Clan] Martyr : joking[0m
[23:18] [0m[Clan] Ser : give it 5 glevels[0m
[23:18] [0m[Clan] Ser : so 2021 sometime[0m
[23:18] [0m[Clan] Martyr : But I know you mentioned getting something in a few glvls[0m
[23:19] [0m[Clan] Martyr : Or reworking your stuff so you did less dmg but got more gxp[0m
[23:19] [0m[Clan] Martyr : To that end[0m
[23:21] [0mnewb Al [jedi/135]: that was quick[0m
[23:22] [0mnewb Fluffy [changeling/135]: we sux, upgrade us!![0m
[23:24] [0m[Clan] Ser : i'll be investing in psiwield powers as i glevel[0m
[23:27] [0m[Clan] Ser : i only need to spend 17mil for next glevel, but the one after[0m
[23:27] [0m             it will be...  *maths*[0m
[23:27] [0m[Clan] Ser : 75mil, so i will be pushing the psiwield powers pretty high by[0m
[23:27] [0m             the time i hit 98[0m
[23:28] [0m[Clan] Ser : (150mil to max both right now)[0m
[23:28] [0m[Clan] Ser : means by 99 they'll be maxed[0m
[23:28] [0m[Clan] Ser : which could be late 2020[0m
[23:28] [0m[Clan] Martyr : nog[0m
[23:29] [0m[Clan] Martyr : I forgot about the spending gxp to glvl stuff[0m
[23:29] [0m[Clan] Ser : and *THEEEEEEEEEN* when i get to 100 i'll have another[0m
[23:29] [0m             psiwield, so 1/3 more psiwield damage total[0m
[23:29] [0m[Clan] Martyr : What are you averaging/rnd?[0m
[23:31] [0m[Clan] Ser : in zombies w/ embiggen popped does that count[0m
[23:31] [0m[Clan] Ser : keep in mind psycho speed is 24/100 & psycho power is 45/100[0m
[23:33] [0m[Clan] Ser : 4.9k atm[0m
[23:34] [0m[Clan] Martyr : what are those? psyco speed/power?[0m
[23:34] [0m[Clan] Ser : my psiwield damage[0m
[23:35] [0m[32;1mFrom afar, you snicker at Ser.[0m[0m
[23:35] [0m[Clan] Martyr : o[0m
[23:35] [0m[32mSer tells you:[0m what[0m
[23:36] [0m[Clan] Kent : 4.9k with embiggen[0m
[23:36] [0m[Clan] Ser : speed is how many attacks/rnd/psiwield, power is how hard they[0m
[23:36] [0m             hit[0m
[23:36] [0m[Clan] Xaryl : ask him how manty combat weeks it will take to get those to[0m
[23:36] [0m               100![0m
[23:36] [0m[Clan] Ser : in 145 zombies yah[0m
[23:37] [0m[Clan] Michael : Wow... wonder when I'll be facing a grind like that for a[0m
[23:37] [0m                 level[0m
[23:37] [0m[Clan] Ser : hold on i can do that math[0m
[23:39] [0m[Clan] Kent : 80+ i think[0m
[23:39] [0m[Clan] Kent : jedi[0m
[23:40] [0m[Clan] Michael : long ways away from me at least[0m
[23:43] [0m[Clan] Ser : man i did this math like a month ago[0m
[23:43] [0m[Clan] Ser : pretty sure it is like 51 weeks now :P[0m
[23:45] [0m[Clan] Michael : 51 weeks combat time... that is scary[0m
[23:46] [0m[Clan] Ser : oh 53 weeks including skills[0m
[23:46] [0m[Clan] Ser : yah but i'll be 100[0m
[23:48] [0m[Clan] Martyr : So, after 2 years of combat time[0m
[23:48] [0m[Clan] Michael : are psicorps uncapped or is that close to their cap?[0m
[23:48] [0m[Clan] Martyr : Everything is maxed in psicorp?[0m
[23:49] [0m[Clan] Ser :    And a million Scrips for each pip, 10 million for a bar 100[0m
[23:49] [0m             million for a cluster, and 500 million for a medal[0m
[23:49] [0m[Clan] Ser : that's in the info levels[0m
[23:50] [0m[Clan] Martyr : I got no clue what a pip, bar, clsuter, or medal is[0m
[23:51] [0m[Clan] Ser : you mean capped?  as far as glevels or skills?[0m
[23:52] [0m[Clan] Michael : as in at some point you win... nothing else to get that[0m
[23:52] [0m                 makes any difference[0m
[23:52] [0m[Clan] Martyr : well, both.  as michael said[0m
[23:52] [0m[Clan] Martyr : There are no glvls >100?[0m
[23:53] [0m[Clan] Martyr : And there won't be any more skills you can raise[0m
[23:53] [0m[Clan] Ser : i'm not 100% sure, i mean there's the stuff i just mentioned,[0m
[23:53] [0m             but no, nothing past 100[0m
[23:53] [0m[Clan] Ser : i think skills may go on for awhile[0m
[23:53] [0m[34;1mPdog shouts:[0m macaroni dog[0m
[23:53] [0m[34;1mOmni shouts:[0m hand banana[0m
[23:53] [0m[Clan] Michael : they'll fix that. Like when Kirwan maxed knights at glvl[0m
[23:53] [0m                 200 for the first time.[0m
[23:53] [0m[Clan] Ser : i dunno, krank is 100[0m
[23:54] [0mPdog flaps : plastic teapot[0m
[23:54] [0m[Clan] Ser : skills & glevels share the same gxp pool Michael[0m
[23:55] [0m[Clan] Ser : so if i spend gxp on skills, i can't spend it on glevel, and[0m
[23:55] [0m             vice versey[0m
[23:59] [0m[Clan] Martyr : kwin was gl 200 before kirwan i think[0m
