- = LOG STARTED [00:00] = -
[00:01] [0m[35;1mKoschei [Jedi(25)]:[0m yeah[0m
[00:02] [0m[35;1mMichael [Jedi(48)]:[0m I'll have to get someone to train me soon then... damage is good[0m
[00:13] [0m[35;1mAl [Jedi(44)]:[0m wooo, guide 8[0m
[00:14] [0m[35;1mMichael [Jedi(48)]:[0m woo![0m
[00:14] [0m[35;1mSimonx [Jedi(30)]:[0m nice![0m
[00:14] [0m[35;1mAl [Jedi(44)]:[0m mucho excited[0m
[00:14] [0m[35;1mKoschei [Jedi(25)]:[0m i didnt see it, but woo[0m
[00:15] [0m[35;1mKoschei [Jedi(25)]:[0m oh .. guide 8[0m
[00:16] [0m[35;1mKoschei [Jedi(25)]:[0m i wanna say its around 25 combat days?[0m
[00:16] [0m[37;1m[JEDI]:[0m Durnoth arrives at the Academy.[0m
[00:16] [0m[35;1mKoschei [Jedi(25)]:[0m wait no thats guide 9[0m
[00:16] [0m[35;1mAl [Jedi(44)]:[0m i hear size matters on that[0m
[00:16] [0m[35;1mKoschei [Jedi(25)]:[0m hmm?[0m
[00:17] [0m[35;1mSimonx [Jedi(30)]:[0m well, might be stats, might just be skill level, might be a combination[0m
[00:17] [0m[35;1mKoschei [Jedi(25)]:[0m i think the guide progression is pretty static as long as you arent fighting[0m
[00:17] [0m                    mobs that dodge[0m
[00:18] [0m[35;1mKoschei [Jedi(25)]:[0m flurry/snap probably level faster with stats tho[0m
[00:18] [0m[35;1mKoschei [Jedi(25)]:[0m its been a long time... but i wanna say guide 10 is like 45 combat days[0m
[00:19] [0m[35;1mMichael [Jedi(48)]:[0m I'd expect my tradition penalty to affect it right?[0m
[00:19] [0m[35;1mAl [Jedi(44)]:[0m i'm at slighly <17 combat days[0m
[00:19] [0m[35;1mKoschei [Jedi(25)]:[0m i think its just if you hit you get a tick[0m
[00:19] [0m[35;1mKoschei [Jedi(25)]:[0m i dont think lsc or anything plays into it... i could be wrong on that[0m
[00:20] [0m[35;1mKoschei [Jedi(25)]:[0m it would be pretty easy to test... just ask a jen and compare[0m
[00:20] [0m[35;1mKoschei [Jedi(25)]:[0m whats your guide at?[0m
[00:20] [0m[35;1mMichael [Jedi(48)]:[0m I'm the only active Jens. So I'll take notes[0m
[00:20] [0m[35;1mMichael [Jedi(48)]:[0m mine is at 8[0m
[00:20] [0m[35;1mMichael [Jedi(48)]:[0m I joined jens at the first chance at glvl 21[0m
[00:20] [0m[35;1mKoschei [Jedi(25)]:[0m how long has it been at 8?[0m
[00:21] [0m[35;1mMichael [Jedi(48)]:[0m huh... prolly 2 glvls or so[0m
[00:21] [0m[35;1mMichael [Jedi(48)]:[0m so prolly like 3-ish combat days[0m
[00:21] [0m[35;1mKoschei [Jedi(25)]:[0m you and all have pretty similar age[0m
[00:21] [0m[35;1mKoschei [Jedi(25)]:[0m al*[0m
[00:21] [0m[35;1mMichael [Jedi(48)]:[0m yeah most likely[0m
[00:21] [0m[35;1mKoschei [Jedi(25)]:[0m so it seems you are about the same rate as a pure jedi[0m
[00:29] [0m[35;1mAl [Jedi(44)]:[0m mikey how many other lightweapons do you have and what are their masteries[0m
[08:02] [0mDangerzone flaps : Dunkin Donut mornin![0m
[08:13] [0m[Clan] Oscar : mornin[0m
[08:24] [0m[34;1mSomeone shouts:[0m who needs a botcheck?[0m
[08:24] [0m[34;1mVapor shouts:[0m not I[0m
[08:24] [0m[34;1mModrack shouts:[0m ugh[0m
[08:24] [0m[34;1mJavelin shouts:[0m me![0m
[08:24] [0m[34;1mLeianne shouts:[0m the usual :p[0m
[08:24] [0m[34;1mAssassin shouts:[0m not i said the fly to the spider[0m
[08:24] [0m[34;1mAl shouts:[0m most need unemployment checks these days[0m
[08:24] [0m[34;1mDangerzone shouts:[0m not I! haha[0m
[08:27] [0m[34;1mKillergate shouts:[0m ill take one for the team then[0m
[08:29] [0m[34;1mSpace shouts:[0m someone tell frank to stop harassing me![0m
[08:30] [0m[34;1mKitt shouts:[0m He likes u[0m
[08:30] [0m[34;1mFrank shouts:[0m botchecks for everyone :P[0m
[08:30] [0m[34;1mSpace shouts:[0m i am trying to watch a show he got me into[0m
[08:30] [0m[34;1mLeianne shouts:[0m that's better than the previous botcheck where I can never[0m
[08:30] [0m                make out what those ascii pattern were[0m
[08:30] [0m[34;1mTex shouts:[0m just do spoilers for him that make him stop[0m
[08:30] [0m[34;1mBrazzin shouts:[0m bot 13456756453 - active / present.[0m
[08:31] [0m[34;1mKitt shouts:[0m No Botz here , only Botz[0m
[08:31] [0m[34;1mFrank shouts:[0m we have one possible coming up[0m
[08:31] [0m[34;1mFrank shouts:[0m we'll know shortly[0m
[08:31] [0m[34;1mKitt shouts:[0m A new show?[0m
[08:31] [0m[34;1mFrank shouts:[0m if death is a new show, yes[0m
[08:32] [0m[34;1mTex shouts:[0m it ain't me it ain't me i ain't no fortunate son no[0m
[08:32] [0m[34;1mSpace shouts:[0m Drilis Ertugral s01e19[0m
[08:33] [0m[34;1mKitt shouts:[0m 5 mins plz just 5 mins[0m
[08:36] [0m[34;1mWhoknows shouts:[0m What... is the air-speed velocity of an unladen swallow?[0m
[08:37] [0m[34;1mAsimov shouts:[0m African or European?[0m
[08:40] [0mDangerzone flaps : dont judge.. Lady gaga has a new album, what!?[0m
[08:40] [0m[34;1mBrazzin shouts:[0m FIRST, you grab thy'n Holy HandGrenade.[0m
[08:41] [0mWhoknows flaps : id get me some gaga[0m
[08:42] [0m[34;1mOmni shouts:[0m that, with it, thou mayest blow thine enemies into tiny pieces,[0m
[08:42] [0m             in thy mercy[0m
[08:44] [0m[34;1mFrank shouts:[0m botcheck passed with 2minutes to spare. fyi you get a tell[0m
[08:44] [0m              from me, echo or not...respond ..if you value xp[0m
[08:45] [0m[34;1mWhoknows shouts:[0m i value you moar :D[0m
[08:46] [0m[34;1mDangerzone shouts:[0m been a minute since a Frank chk[0m
[08:46] [0m[34;1mWhoknows shouts:[0m you can take away our xp, you can take our gxp, but you'll[0m
[08:46] [0m                 never take our.. nm[0m
[08:46] [0m[32;1mFrom afar, Brazzin laffs at you![0m[0m
[08:46] [0m[34;1mKitt shouts:[0m I checked da botz[0m
[08:46] [0m[34;1mBrazzin shouts:[0m whos this 'our' you speak of?[0m
[08:48] [0m[34;1mWhoknows shouts:[0m mornin cup o joe and done dirt cheap blasting.. good[0m
[08:48] [0m                 morning to all my neighbors[0m
[08:48] [0m[34;1mFrank shouts:[0m btw if u have deadman at 15min. you will never have a problem[0m
[08:48] [0m              (and that's not turn on deadman once u get a tell, that will[0m
[08:48] [0m              not save anyone)[0m
[08:50] [0m[34;1mWhoknows shouts:[0m enjoy it with me, https://youtu.be/whQQpwwvSh4[0m
[08:51] [0m[34;1mDangerzone shouts:[0m sure hope i dont lose connection on 94 in WI[0m
[08:52] [0m[34;1mDangerzone shouts:[0m got one better, deadman at 10mins[0m
[08:52] [0m[34;1mBrazzin shouts:[0m even better, i actually dont use 'a stepper' sp i dont need[0m
[08:52] [0m                a deadman.[0m
[08:53] [0m[34;1mBrazzin shouts:[0m imma REAL Boy![0m
[08:59] [0mBrazzin flaps : anyone need puppies?[0m
[09:00] [0m[34;1mDangerzone shouts:[0m impatiently waiting...heh heh[0m
[09:03] [0mBrazzin flaps : cbrief mosnter work for anyone else?[0m
[09:03] [0mBrazzin flaps : ok, monster*[0m
[09:04] [0mTurnhold flaps : 2 setting you need with cbrief: cbrief on mo, briefs all[0m
[09:04] [0m                 misses/etc, cbrief on full, briefs all the nonsense[0m
[09:07] [0m<BS> Dangerzone : combat briefing without the ansi, gcbrief[0m
[09:09] [0m<BS> Dangerzone : oh nvm think i know the difference heh but forgot the ansi[0m
[09:09] [0m                  cmd[0m
[09:12] [0m<BS> Lachlan : the aset_hide?[0m
[09:17] [0m<BS> Dangerzone : nod[0m
[09:50] [0m[Clan] Nix : anyone partake in any lootin last night?[0m
[09:51] [0m[Clan] Dangerzone : no sir! hah[0m
[09:51] [0m[Clan] Dangerzone : anyone run into the nat'l guard?[0m
[09:53] [0m[Clan] Nix : videos of majors cities are insnae[0m
[09:54] [0m[Clan] Nix : to many financial issues to waste money to give them to rebuild[0m
[10:08] [0m[32;1mFrom afar, Simonx bows before you.[0m[0m
[10:09] [0m[32;1mFrom afar, you bow to Simonx.[0m[0m
[10:19] [0mYour transmuter's stone bursts with 4 new colours![0m
[10:33] [0m[37;1m[JEDI]:[0m H'ssani C'talan arrives at the Academy.[0m
[10:45] [0mNauda flaps : zombie reset[0m
[10:46] [0m[35;1mElindal [Jedi(38)]:[0m hmm.. 10k in energy. probably good for a bit[0m
[10:58] [0m[35;1mGibran [Jedi(33)]:[0m heh, hotel trans zombies really jumped up quite a bit in that last scaler:)[0m
[11:00] [0m[35;1mGibran [Jedi(33)]:[0m do you guys see emet and rstun in your hpbar defense flags?[0m
[11:00] [0m[35;1mKoschei [Jedi(26)]:[0m info hp. and yes.[0m
[11:00] [0m[35;1mGibran [Jedi(33)]:[0m I dont see those two[0m
[11:01] [0m[35;1mGibran [Jedi(33)]:[0m I have everything else but those two dont show up.[0m
[11:02] [0m[35;1mKoschei [Jedi(26)]:[0m now that ypu mnetion it i dont think those show up on my other hpbar either[0m
[11:02] [0m[35;1mGibran [Jedi(33)]:[0m I have the others, including RP for resist poison[0m
[11:02] [0m[35;1mKoschei [Jedi(26)]:[0m now that ypu mnetion it i dont think those show up on my other hpbar either[0m
[11:02] [0m[35;1mKoschei [Jedi(26)]:[0m oops[0m
[11:07] [0m[37;1m[JEDI]:[0m Tobias Kel'ach'nar arrives at the Academy.[0m
[11:08] [0m[35;1mElindal [Jedi(38)]:[0m Tobi...my main man :)[0m
[11:08] [0m[35;1mKoschei [Jedi(26)]:[0m well his skill selection sucks[0m
[11:12] [0m[35;1mElindal [Jedi(38)]:[0m lol[0m
[11:12] [0m[35;1mAl [Jedi(45)]:[0m a bad guy named tobias?  come up with a better name toby.[0m
[11:12] [0m[35;1mElindal [Jedi(38)]:[0m Welcome to JEdi! :)[0m
[11:13] [0m[35;1mElindal [Jedi(38)]:[0m hey. you leave Mr. T alone![0m
[11:13] [0m[35;1mElindal [Jedi(38)]:[0m Tobi the bomb diggity![0m
[11:14] [0m[35;1mKoschei [Jedi(26)]:[0m apparently tobey(tobias) macgquire is a real dick[0m
[11:19] [0mYour transmuter's stone bursts with 4 new colours![0m
[11:20] [0m[34;1mBrazzin shouts:[0m gottem[0m
[11:27] [0m[34;1mHyuga shouts:[0m Prost![0m
[11:28] [0m[34;1mBrazzin shouts:[0m Launch Fighters...Launch Fighters... Launch Fighters...[0m
[11:30] [0m[35;1mHyuga [Jedi(97)]:[0m its a sanguinius[0m
[11:30] [0m[35;1mSanguinius [Jedi(58)]:[0m yup[0m
[11:30] [0m[35;1mHyuga [Jedi(97)]:[0m you got a buff while you were away[0m
[11:30] [0m[35;1mSanguinius [Jedi(58)]:[0m buff?[0m
[11:31] [0m[35;1mHyuga [Jedi(97)]:[0m nog darkside dmg was improved by like... 50%?[0m
[11:31] [0m[37;1m[JEDI]:[0m Alyssa K'tal arrives at the Academy.[0m
[12:04] [0m[37;1m[JEDI]:[0m Janath Meelin arrives at the Academy.[0m
[12:19] [0mYour transmuter's stone bursts with 6 new colours![0m
[12:33] [0m[37;1m[JEDI]:[0m Wennic Ber'ni'lok arrives at the Academy.[0m
[13:05] [0m[34;1mWhoknows shouts:[0m today's my bd, and i wish for all my gear to autoload next boot :D[0m
[13:05] [0m[34;1mZik shouts:[0m happy stabday Whooey![0m
[13:07] [0m[37;1m[JEDI]:[0m Ylenic It'kla arrives at the Academy.[0m
[13:08] [0m[33;1m[Clan] Zik leaves the game.[0m  [0m
[13:09] [0m[34;1mWhoknows shouts:[0m yumm, quiet bd with a bottle of glenfiddich 18[0m
[13:14] [0m[35;1mMellaous [Jedi(78)]:[0m thanks[0m
[13:19] [0mYour transmuter's stone bursts with 5 new colours![0m
[13:38] [0m[37;1m[JEDI]:[0m Rhaan arrives at the Academy.[0m
[13:43] [0m[34;1mFrank shouts:[0m anyone botting so close to boot? ima get ya[0m
[13:43] [0m[34;1mAbaddon shouts:[0m come at me bro![0m
[13:43] [0m[34;1mDrax shouts:[0m Damn, im going to be asleep :([0m
[13:44] [0m[34;1mSquirrel shouts:[0m botty mcbot had been walking tall, botty mcbot, got smited best of all, botty[0m
[13:44] [0m                 mcbot tried to whine and complain but he only got smited once again.[0m
[13:44] [0m[34;1mBotzilla shouts:[0m Botzilla(tm)[0m
[13:44] [0m[34;1mBotzilla shouts:[0m low intelligence AI[0m
[13:46] [0m[34;1mHooligan shouts:[0m how else and I supposed to do my botrun....er....bootrun...[0m
[13:48] [0m[33;1m[Clan] Oscar :[0m ser[0m
[14:07] [0m[37;1m[JEDI]:[0m Talia Ska arrives at the Academy.[0m
[14:10] [0m[34;1mVapor shouts:[0m Go Space X !![0m
[14:10] [0m[34;1mDaagar shouts:[0m still 1hr to launch, right?[0m
[14:10] [0m[34;1mVapor shouts:[0m nod[0m
[14:12] [0m[34;1mMichael shouts:[0m You can't watch the launch and bootrun... same time[0m
[14:19] [0m[35;1mMichael [Jedi(48)]:[0m so yeah rough night last night here in Minneapolis[0m
[14:19] [0m[35;1mHyuga [Jedi(97)]:[0m i bet[0m
[14:22] [0m[35;1mMav [Jedi(29)]:[0m nice[0m
[14:22] [0m[35;1mGibran [Jedi(34)]:[0m anyone available for some learning?[0m
[14:24] [0m[35;1mGibran [Jedi(34)]:[0m Ping me if anyone is around guild to teach:)[0m
[14:24] [0m[35;1mKoschei [Jedi(26)]:[0m ukyo is teaching atm ne of cog[0m
[14:25] [0m[35;1mGibran [Jedi(34)]:[0m what's his trig?[0m
[14:25] [0m[35;1mKoschei [Jedi(26)]:[0m i just fired it so he is already awaiting[0m
[14:25] [0m[35;1mKoschei [Jedi(26)]:[0m but its tug[0m
[14:25] [0m[35;1mGibran [Jedi(34)]:[0m thanks[0m
[14:26] [0mYour transmuter's stone bursts with 4 new colours![0m
[14:27] [0m[34;1mKillergate shouts:[0m dodge training at ss for a min or two[0m
[14:27] [0m[35;1mKoschei [Jedi(26)]:[0m h2h 11 is nice :)[0m
[14:27] [0m[35;1mKoschei [Jedi(26)]:[0m its expensive tho, .31 conc/.57 force a round heh[0m
[14:28] [0m[34;1mSquirrel shouts:[0m big letters[0m
[14:29] [0m[35;1mMichael [Jedi(48)]:[0m How many jedi you gonna make lol[0m
[14:29] [0m[35;1mSimonz [Jedi(Knight)]:[0m all of them![0m
[14:29] [0m[35;1mSimonz [Jedi(Knight)]:[0m one for every trad![0m
[14:29] [0m[35;1mMichael [Jedi(48)]:[0m Simony is your Jensaarai?[0m
[14:29] [0m[35;1mKoschei [Jedi(26)]:[0m whee[0m
[14:29] [0m[35;1mSimonz [Jedi(Knight)]:[0m lol, no.  simony was for testing teepo to see if I liked them enough to[0m
[14:29] [0m                       swich[0m
[14:30] [0m[35;1mSimonz [Jedi(Knight)]:[0m he also holds my excess satchel stuff, which is what I was sorting out[0m
[14:30] [0m                       now[0m
[14:30] [0mArmy shouts: Game reboot in 48 minutes 29 seconds [0m
[14:33] [0m[37;1m[JEDI]:[0m Bithoff Jonansaan arrives at the Academy.[0m
[14:36] [0m[35;1mKoschei [Jedi(26)]:[0m mm scaler 64 chess is juicy[0m
[14:40] [0m[35;1mMichael [Jedi(48)]:[0m Don't die Koschei[0m
[14:40] [0m[35;1mKoschei [Jedi(26)]:[0m ok[0m
[14:40] [0m[35;1mKoschei [Jedi(26)]:[0m i am also Koschei the Fearless[0m
[14:41] [0m[35;1mKoschei [Jedi(26)]:[0m i could probably handle much bigger[0m
[14:41] [0mLachlan flaps : we need to get a boot extension by 20 minutes... why compete with launch?[0m
[14:41] [0m[35;1mKoschei [Jedi(26)]:[0m i think i am being relatively safe fl[0m
[14:41] [0m[35;1mKoschei [Jedi(26)]:[0m the specials hit me for like 200 occasionally[0m
[14:41] [0m[35;1mSimonz [Jedi(Knight)]:[0m simonx isn't even taking chess scaler that high, and he's got fdef[0m
[14:42] [0m[35;1mSimonz [Jedi(Knight)]:[0m of course, I'm still playing around with how to maximize fdef[0m
[14:42] [0m[35;1mKoschei [Jedi(26)]:[0m i am not simonx :)[0m
[14:42] [0m[35;1mKoschei [Jedi(26)]:[0m MOAR XP![0m
[14:42] [0m[35;1mSimonz [Jedi(Knight)]:[0m nope.  he hasn't died to Rhaan[0m
[14:42] [0mOscar flaps : you need to choose a side lachlan[0m
[14:42] [0m[35;1mKoschei [Jedi(26)]:[0m pfft :p[0m
[14:43] [0mOscar flaps : youre with us or the aliens[0m
[14:43] [0m[35;1mSimonz [Jedi(Knight)]:[0m lol[0m
[14:43] [0mArmy shouts: Game reboot in 36 minutes 11 seconds [0m
[14:43] [0m[35;1mLicklick [Jedi(60)]:[0m wonder if my aylin armor will survive another boot, ive had it for like 2[0m
[14:43] [0m                     months[0m
[14:44] [0mXiu flaps : i'm waiting to see what the aliens look like and if they have holodecks, before i[0m
[14:44] [0m            pick a side.[0m
[14:45] [0mXiu flaps : cuz if they're some hawt space elves or whatever then i'm like "Earth? never heard[0m
[14:45] [0m            of it, sounds like a dumb planet with dumb people, i'm with you."[0m
[14:45] [0mGaidin flaps : The way this year is going, it'll probably be more dreadlocks than holodecks.[0m
[14:45] [0mSquirrel flaps : space force, coast to coast.[0m
[14:45] [0mLachlan flaps : based on what I saw from my species today... I'm inclined to think aliens.[0m
[14:45] [0m[35;1mGibran [Jedi(34)]:[0m dungeons are interesting, and fun. Being more tanky, chessboard was easy and[0m
[14:45] [0m                   couldnt scale high enough. Hotel trans one scaler level went to 2MB mobs that[0m
[14:45] [0m                   i have to bounce.[0m
[14:46] [0m[35;1mGibran [Jedi(34)]:[0m heh 2MB[0m
[14:46] [0mDaagar flaps : No intelligent species would bother coming near here[0m
[14:46] [0m[35;1mGibran [Jedi(34)]:[0m i've only checked out like, 4 dungeons so far[0m
[14:46] [0m[35;1mMichael [Jedi(48)]:[0m Tree of Life is a good one[0m
[14:46] [0m[35;1mMav [Jedi(29)]:[0m dammit can people tell me the syntax for the volcano by tho razin I forget and[0m
[14:46] [0m                want to get my mskill maxed ahead of boot hehe[0m
[14:47] [0mGaidin flaps : I still rmeember my father ending up in a *huge* fight with his wife when he said[0m
[14:47] [0m               if aliens invited him to go with them, he's leave without a second thought.[0m
[14:47] [0mGaidin flaps : She brought it up for *years* that "you said you'd leave me if you had a chance."[0m
[14:47] [0mLachlan flaps : sounds like a smart man[0m
[14:47] [0mGaidin flaps : His response was always the same "Yea, it's *ALIENS*"[0m
[14:48] [0m[35;1mGibran [Jedi(34)]:[0m are there a lot dungeons that arent on the wiki?[0m
[14:48] [0mXiu flaps : i wouldn't hold it against anyone leaving me for a first contact situation. some[0m
[14:48] [0m            things are civilization-level[0m
[14:48] [0m[35;1mKoschei [Jedi(26)]:[0m all dungeons scale at different rates, which is nice since not all guilds[0m
[14:48] [0m                    scale the same way[0m
[14:49] [0m[35;1mKoschei [Jedi(26)]:[0m there are a bunch of dungeons that arent on the wiki because they dont scald[0m
[14:49] [0m[35;1mUkyo [Jedi(Knight)]:[0m You can also use the classic "say skills" if you want to know what I can[0m
[14:49] [0m                     teach. (reading scroll)[0m
[14:50] [0mRoken flaps : wishful thinking to have a two week boot?[0m
[14:50] [0mSquirrel flaps : mud breaks on day 13ish?[0m
[14:51] [0mOmni flaps : testing123[0m
[14:51] [0m[35;1mGibran [Jedi(34)]:[0m is there still a skill point boost at glvl 35?[0m
[14:51] [0m[35;1mGibran [Jedi(34)]:[0m bonus rather[0m
[14:51] [0m[35;1mSimonz [Jedi(Knight)]:[0m should be[0m
[14:52] [0mArmy shouts: Game reboot in 26 minutes 58 seconds [0m
[14:54] [0m[35;1mUkyo [Jedi(Knight)]:[0m yea, pretty sure it hasn't, and will not, go away[0m
[14:54] [0m[35;1mGibran [Jedi(34)]:[0m daddy needs some mindtrick.[0m
[14:54] [0m[35;1mSimonz [Jedi(Knight)]:[0m there's also a guild quest you can do[0m
[14:54] [0m[35;1mGibran [Jedi(34)]:[0m oh yah, forgot about those.[0m
[14:54] [0m[35;1mSimonz [Jedi(Knight)]:[0m there's just one[0m
[14:54] [0m[35;1mSimonz [Jedi(Knight)]:[0m but hey, 5 points[0m
[14:55] [0m[35;1mKoschei [Jedi(26)]:[0m i invested heavily in resource mitigation[0m
[14:56] [0m[35;1mKoschei [Jedi(26)]:[0m the rhaan death was experimenting with using ny dog to tank for me[0m
[14:56] [0m[35;1mKoschei [Jedi(26)]:[0m which is amazing btw[0m
[14:56] [0m[35;1mGibran [Jedi(34)]:[0m didnt there used to be a few guild quests for different things? Not tradition[0m
[14:56] [0m                   things. Maybe not. Anyway, sounds like something to do instead of boot[0m
[14:56] [0m                   running. Seeing as how I dont remember where I could go to get stuff I want[0m
[14:56] [0m                   right now.[0m
[14:57] [0m[35;1mKoschei [Jedi(26)]:[0m my dog can tank better than i can[0m
[14:57] [0m[35;1mSimonz [Jedi(Knight)]:[0m i think there used to be more, but there's just one now[0m
[14:58] [0m[35;1mKoschei [Jedi(26)]:[0m if i self tank these mobs... its pretty expensive resource wise and requires[0m
[14:58] [0m                    downtime.. but if i hit behind my dog all of a sudden c/f is not an issue[0m
[14:59] [0mArmy shouts: Game reboot in 20 minutes 3 seconds [0m
[14:59] [0m[35;1mGibran [Jedi(34)]:[0m boot runs, brings back more good memories.[0m
[15:01] [0m[35;1mKoschei [Jedi(26)]:[0m hmm i wonder if rohs autoload[0m
[15:04] [0mArmy shouts: Game reboot in 14 minutes 52 seconds [0m
[15:04] [0m[34;1mKitt shouts:[0m 18 mins till launch![0m
[15:05] [0mDaagar flaps : full 3min of bootrun prior to launch[0m
[15:05] [0m[37;1m[JEDI]:[0m Reena Bel Noir arrives at the Academy.[0m
[15:07] [0m[35;1mUkyo [Jedi(Knight)]:[0m LOx2 Loading[0m
[15:08] [0mArmy shouts: Game reboot in 10 minutes 59 seconds [0m
[15:08] [0m[35;1mAlstor [Jedi(Staff)]:[0m I shall be selling the Armory off shortly. Please return any borrowed[0m
[15:08] [0m                      equipment promptly.[0m
[15:09] [0m[35;1mAlstor [Jedi(Staff)]:[0m I sold the contents of the Armory for 765173 coins and credited your[0m
[15:09] [0m                      accounts with your share of the proceeds.[0m
[15:11] [0mArmy shouts: Game reboot in 8 minutes 4 seconds [0m
[15:11] [0m[35;1mKoschei [Jedi(26)]:[0m doh my heavy armour train has ended[0m
[15:11] [0m[35;1mLicklick [Jedi(60)]:[0m hope theres a municipal droid next boot[0m
[15:12] [0m[34;1mUkyo shouts:[0m Twentythird.[0m
[15:12] [0m[35;1mAlstor [Jedi(Staff)]:[0m I sold the contents of the Armory for 21656 coins and credited your[0m
[15:12] [0m                      accounts with your share of the proceeds.[0m
[15:13] [0mArmy shouts: Game reboot in 5 minutes 53 seconds [0m
[15:13] [0m[33;1m[Clan] Dub enters the game.[0m  [0m
[15:14] [0mWhoknows flaps : 9minutes til launce[0m
[15:14] [0mWhoknows flaps : launch[0m
[15:14] [0m[35;1mAlstor [Jedi(Staff)]:[0m I sold the contents of the Armory for 1347186 coins and credited your[0m
[15:14] [0m                      accounts with your share of the proceeds.[0m
[15:14] [0mRasputin flaps : watching it on tv[0m
[15:14] [0m[35;1mSimonz [Jedi(Knight)]:[0m wow[0m
[15:14] [0m[35;1mDub [Jedi(52)]:[0m dat sweet sweet auro shards/shields vcash :)[0m
[15:14] [0mBarian flaps : https://www.youtube.com/watch?v=uexTqJGzFtE youtube feed of the launch[0m
[15:14] [0m[35;1mDub [Jedi(52)]:[0m like, 275000coins each[0m
[15:14] [0m[33;1m[Clan] Dub :[0m :)[0m
[15:15] [0m[33;1m[Clan] Ser :[0m Oscar you piece of shit you send me a tell and then you don't respond[0m
[15:15] [0mArmy shouts: TELL ARMY if you want a free transport![0m
[15:15] [0mArmy shouts: Game reboot in 4 minutes 14 seconds [0m
[15:15] [0m[35;1mLicklick [Jedi(60)]:[0m im not gonna run out if vcash for a while[0m
[15:15] [0m[35;1mUkyo [Jedi(Knight)]:[0m ikr[0m
[15:15] [0m[35;1mAlstor [Jedi(Staff)]:[0m I sold the contents of the Armory for 29947 coins and credited your[0m
[15:15] [0m                      accounts with your share of the proceeds.[0m
[15:16] [0mUkyo <Craft>: I don't want to craft ... I want to be a LUMBERJACK!![0m
[15:16] [0m[35;1mOlorin [Jedi(73)]:[0m i'll last é days i think[0m
[15:16] [0m[35;1mOlorin [Jedi(73)]:[0m 2[0m
[15:16] [0mUkyo <Craft>: Oh, wait. I am a Lumberjack already.[0m
[15:16] [0m[35;1mAlstor [Jedi(Staff)]:[0m I sold the contents of the Armory for 50000 coins and credited your[0m
[15:16] [0m                      accounts with your share of the proceeds.[0m
[15:16] [0mArmy shouts: Game reboot in 3 minutes [0m
[15:16] [0m[33;1m[Clan] Nix :[0m more people finally seeing him for what he is[0m
[15:16] [0m[33;1m[Clan] Aka leaves the game.[0m  [0m
[15:16] [0m[33;1m[Clan] Nix :[0m a pos and a bot![0m
[15:17] [0mArmy shouts: Game reboot in 2 minutes 5 seconds [0m
[15:17] [0mGaidin flaps : Oh god, dont' watch the comments too closely.  People are horrible.[0m
[15:18] [0mArmy shouts: Game reboot in 1 minute 23 seconds [0m
[15:18] [0m[35;1mAlstor [Jedi(Staff)]:[0m I sold the contents of the Armory for 78389 coins and credited your[0m
[15:18] [0m                      accounts with your share of the proceeds.[0m
[15:18] [0mArmy shouts: Game reboot in 52 seconds [0m
[15:18] [0m[35;1mHyuga [Jedi(97)]:[0m whee monies[0m
[15:18] [0mArmy shouts: Game reboot in 29 seconds [0m
[15:19] [0m[33;1m[Clan] Byron leaves the game.[0m  [0m
[15:19] [0mUkyo <C-Trade>: And here we go[0m
[15:19] [0m[33;1m[Clan] Nix leaves the game.[0m  [0m
[15:19] [0mArmy shouts: Game reboot in 11 seconds [0m
[15:19] [0m[33;1m[Clan] Oscar :[0m gope this thing autoloads[0m
[15:19] [0mBarian flaps : last[0m
[15:19] [0mArmy shouts: A knight rides onto the field[0m
[15:47] [33;1m[Clan] Roken wisps into existence.[0m  [0m
[15:47] [0m[33;1m[Clan] Oscar :[0m boo that spork didnt load[0m
[15:48] [0m[Auction] Robert : Up for bids: Ring of Hearts.[0m
[15:48] [0m[Auction] Robert : Hyuga has requested 0 as the opening offer.[0m
[15:48] [0m[Auction] Hyuga (jedi) : this ring sucks[0m
[15:48] [0m[Auction] Robert : Got 10,000 from Xana(mage).  Do I hear 10,200?[0m
[15:48] [0m[Auction] Robert : Got 100,000 from Lachlan(blad).  Do I hear 110,000?[0m
[15:48] [0m[Auction] Lachlan (blad) : lets start with a real bid. :P[0m
[15:48] [0m[Auction] Robert : 100,000 going once![0m
[15:48] [0m[Auction] Hyuga (jedi) : if you like exotic it might be cool[0m
[15:48] [0m[35;1mAl [Jedi(45)]:[0m There are three kinds of lies: lies, damned lies, and statistics.[0m
[15:51] [0m[33;1m[Clan] Roor enters the game.[0m  [0m
[15:52] [0m[37;1mFluffy <.oO>:[0m want to meet up with mask for sweet sweet luvin and duplication ... send tell ;-)[0m
[15:52] [0mSer flaps : recent changes imported[0m
[15:53] [0m[34;1mHooligan shouts:[0m woooo[0m
[15:54] [0m[37;1mFluffy <.oO>:[0m welcome to eternals[0m
[15:54] [0m[37;1mXiu <.oO>:[0m all your xp are belong to us.[0m
[15:54] [0m[37;1mCaboose <.oO>:[0m and now the xp sink begins....[0m
[15:54] [0m[34;1mXana shouts:[0m Thanks all :)[0m
[15:54] [0mYour transmuter's stone bursts with 4 new colours![0m
[15:55] [0m[35;1mWound [Jedi(Knight)]:[0m whats the syntax to set rows/ col[0m
[15:56] [0m[35;1mRoken [Jedi(83)]:[0m setmod[0m
[15:56] [0m[35;1mLicklick [Jedi(60)]:[0m i love sitting in zellies and consuming like 0 force and 0 conc[0m
[15:56] [0m[35;1mWound [Jedi(Knight)]:[0m thanks[0m
[15:56] [0m[35;1mUkyo [Jedi(Knight)]:[0m should be a room above cancer, iirc[0m
[15:56] [0m[37;1mNofx <.oO>:[0m mask dups at ss[0m
[15:56] [0m[33;1m[Clan] Anecdote enters the game.[0m  [0m
[15:56] [0m[33;1m[Clan] Karvec enters the game.[0m  [0m
[16:01] [0m[35;1mUkyo [Jedi(Knight)]:[0m are 1&2 droids still security?[0m
[16:01] [0m[35;1mAl [Jedi(45)]:[0m nod[0m
[16:02] [0m[35;1mUkyo [Jedi(Knight)]:[0m kk. thanks. at least i didn't miss the changeover. yet[0m
[16:02] [0m[35;1mUkyo [Jedi(Knight)]:[0m I have yet to use a combat droid.[0m
[16:03] [0m[33;1m[Clan] Bruce enters the game.[0m  [0m
[16:05] [0m[34;1mSer shouts:[0m touch my botty[0m
[16:05] [0m[33;1m[Clan] Sock wiggles on your foot.[0m  [0m
[16:07] [0m[35;1mLicklick [Jedi(60)]:[0m municipal droids are nice in hotel so i dont have to use a light rod[0m
[16:07] [0m                     everytime[0m
[16:08] [0mDracula flaps : [SteakChat{I like my steak bloody}]: i just ate butterfly shrimps with crinkly[0m
[16:08] [0m                fries for lunch[0m
[16:08] [0mSer flaps : i had a burrito from Bella Vista 2[0m
[16:08] [0mDracula flaps : [SteakChat{I like my steak bloody}]: ofcourse lunch is a loose term since it is[0m
[16:08] [0m                4 pm already[0m
[16:09] [0m[33;1m[Clan] Ser :[0m hmm[0m
[16:09] [0mFluffy flaps : and you are now doing the chihuahua cha cha /[0m
[16:09] [0m[33;1m[Clan] Ser :[0m what's a good other[0m
[16:10] [0m[33;1m[Clan] Ser :[0m i guess i'll run tacos and maybe get a codpiece[0m
[16:15] [0m[33;1m[Clan] Mud enters the game.[0m  [0m
[16:19] [0m[37;1m[JEDI]:[0m Tobias Kel'ach'nar arrives at the Academy.[0m
[16:21] [0m[33;1m[Clan] Roor :[0m who has axe[0m
[16:22] [0m[33;1m[Clan] Mud :[0m if ya find out, lemme know.  just got on a sec ago[0m
[16:22] [0m[33;1m[Clan] Nik enters the game.[0m  [0m
[16:23] [0m[33;1m[Clan] Ser :[0m Nix/Melly/Mohan/Omni were all dying to him[0m
[16:23] [0m[33;1m[Clan] Ser :[0m err not Nix, Inix[0m
[16:23] [0m[33;1m[Clan] Ser :[0m :P[0m
[16:23] [0m[33;1m[Clan] Nix materializes into existence.[0m  [0m
[16:25] [0m[32mMud tells you:[0m was it you that lives in the cities?[0m
[16:26] [0m[32mMud tells you:[0m ive been mia for awhile, may be recalling wrong[0m
[16:26] [0m[33;1m[Clan] Ser :[0m going to get psiwield speed from 24->45 and power from 45->60 this glevel[0m
[16:27] [0m[33;1m[Clan] Ser :[0m then i'm done with skills for the glevel :P[0m
[16:28] [0m[32mYou tell Mud:[0m yeah SW of mpls[0m
[16:29] [0m[32mMud tells you:[0m sis lives NW(crystal).  worried bit bout tonight[0m
[16:29] [0m[32mMud tells you:[0m bit isn't right word, but anyways.[0m
[16:30] [0mSquirrel flaps : anyone seen where the tv went?[0m
[16:30] [0mDracula flaps : [SteakChat{I like my steak bloody}]: on the cabinet in my bedroom...erm...nvm ;)[0m
[16:31] [0m[32mYou tell Mud:[0m woof ya that's closer to the action[0m
[16:31] [0m[32mMud tells you:[0m stay safe[0m
[16:34] [0mSquirrel flaps : grumblet you can spend hours looking for it[0m
[16:35] [0m[35;1mGibran [Jedi(34)]:[0m "guild sponsers" your purchase of stuff from the shop... is that like the[0m
[16:35] [0m                   first hour of boot or somethign? Vaguely remember it was something like that.[0m
[16:38] [0m[35;1mSimonx [Jedi(30)]:[0m vcash[0m
[16:38] [0m[35;1mSimonx [Jedi(30)]:[0m from the box selloff at the end of boot[0m
[16:38] [0m[35;1mGibran [Jedi(34)]:[0m oh you mean it'll just keep coming out of vcash til that's empty[0m
[16:38] [0m[35;1mSimonx [Jedi(30)]:[0m it's on your guild stats[0m
[16:38] [0m[35;1mSimonx [Jedi(30)]:[0m yup[0m
[16:38] [0m[35;1mUkyo [Jedi(Knight)]:[0m v_cash. underneath guild age on the left hand side of your gs[0m
[16:39] [0m[35;1mGibran [Jedi(34)]:[0m yah i saw that go up a lot at the end of the last boot:)[0m
[16:39] [0m[35;1mWound [Jedi(Knight)]:[0m that ring is so awesome H[0m
[16:39] [0m[35;1mUkyo [Jedi(Knight)]:[0m people donating stuff gets sold at end of boot, so we get cash to spend on[0m
[16:39] [0m                     cells and crystals(lightsaber alteration ftw)[0m
[16:41] [0m[32mYou tell Mud:[0m https://minnesota.liveuamap.com/[0m
[16:41] [0m[32mYou tell Mud:[0m havent seen much danger yesterday either near crystal[0m
[16:43] [0m[32mYou tell Mud:[0m heh lost connection. on the road hotspotting from chicago[0m
[16:47] [0m[35;1mGibran [Jedi(34)]:[0m so, remapping the spiders in ant caves. I dont remember - do these spiders[0m
[16:47] [0m                   always spawn in the same rooms? I think so eh?[0m
[16:47] [0m[35;1mUkyo [Jedi(Knight)]:[0m nfc. some may, some may not[0m
[16:48] [0m[35;1mGibran [Jedi(34)]:[0m yah I think it was like, the same rooms, but random spawn times.[0m
[16:48] [0m[35;1mUkyo [Jedi(Knight)]:[0m blarg, still two combat droids.[0m
[16:49] [0m[32;1mFrom afar, you bow to Ukyo.[0m[0m
[16:49] [0m[33;1m[Clan] Ser :[0m b lah 2 codpieces[0m
[16:49] [0m[35;1mHyuga [Jedi(97)]:[0m wheee. free pyres[0m
[16:49] [0m[35;1mGibran [Jedi(34)]:[0m For droids, let's say you just bought #1. Does that mean only 2-5 are[0m
[16:49] [0m                   available until they reset?[0m
[16:51] [0mUkyo <Craft>: any special requests? I may have time for one.[0m
[16:51] [0m[35;1mHyuga [Jedi(97)]:[0m wimpy helps[0m
[16:52] [0m[35;1mHyuga [Jedi(97)]:[0m *flex*[0m
[16:52] [0m[33;1m[Clan] Roor :[0m swr can i get a dagger[0m
[16:52] [0m[33;1m[Clan] Roor :[0m got me an aze[0m
[16:52] [0m[35;1mWound [Jedi(Knight)]:[0m whats a wimpy?[0m
[16:52] [0m[35;1mUkyo [Jedi(Knight)]:[0m good question[0m
[16:52] [0m[37;1m[JEDI]:[0m Durnoth arrives at the Academy.[0m
[16:52] [0m[35;1mHyuga [Jedi(97)]:[0m i have had wimpy off forever :p[0m
[16:52] [0m[35;1mHyuga [Jedi(97)]:[0m found a mob i can use it on![0m
[16:53] [0m[35;1mHyuga [Jedi(97)]:[0m 250M at scaler 130, not bad[0m
[16:53] [0m[35;1mHyuga [Jedi(97)]:[0m 138 was almost 500M[0m
[16:53] [0m[33;1m[Clan] Ser :[0m yah?[0m
[16:54] [0m[35;1mGibran [Jedi(34)]:[0m tensor had too much time when he made these ant caves[0m
[16:54] [0m[33;1m[Clan] Roor :[0m box?[0m
[16:54] [0mYour transmuter's stone bursts with 4 new colours![0m
[16:54] [0mSquirrel flaps : anyone able to lend help with drow mob?[0m
[16:54] [0m[35;1mUkyo [Jedi(Knight)]:[0m he chipped away at it, a day at a time.[0m
[16:55] [0m[35;1mGibran [Jedi(34)]:[0m whats the command again to see your explored and total mud rooms?[0m
[16:55] [0m[35;1mUkyo [Jedi(Knight)]:[0m explored[0m
[16:55] [0m[35;1mUkyo [Jedi(Knight)]:[0m or explorers[0m
[16:55] [0m[35;1mUkyo [Jedi(Knight)]:[0m not sure which you're looking fo[0m
[16:55] [0m[35;1mGibran [Jedi(34)]:[0m total rooms[0m
[16:55] [0m[35;1mGibran [Jedi(34)]:[0m explorers i can get it from though[0m
[16:55] [0m[35;1mUkyo [Jedi(Knight)]:[0m explorers, i think[0m
[16:56] [0m[35;1mGibran [Jedi(34)]:[0m such a cool place[0m
[16:56] [0m[35;1mGibran [Jedi(34)]:[0m 3k I mean[0m
[16:56] [0m[35;1mUkyo [Jedi(Knight)]:[0m I don't think total rooms is displayed anywhere.[0m
[16:57] [0m[35;1mUkyo [Jedi(Knight)]:[0m but explorers says something like 47-48k rooms[0m
[16:57] [0m[35;1mGibran [Jedi(34)]:[0m there's about 48k rooms yah[0m
[16:58] [0m[35;1mUkyo [Jedi(Knight)]:[0m anybody need armour? like, good armour?[0m
[16:58] [0m[35;1mGibran [Jedi(34)]:[0m I'd love some eq:)[0m
[16:58] [0m[33;1m[Clan] Nix :[0m anyone have og freeway i could dupe?[0m
[16:58] [0m[35;1mGibran [Jedi(34)]:[0m Only 5 days old, I dnt even know what I can't kill yet:)[0m
[16:58] [0m[35;1mWound [Jedi(Knight)]:[0m right?[0m
[17:01] [0m[35;1mUkyo [Jedi(Knight)]:[0m is anybody using h2h and wants a good shield? not auro, but decent[0m
[17:01] [0m[35;1mMav [Jedi(29)]:[0m I could use it sure[0m
[17:02] [0m[35;1mMav [Jedi(29)]:[0m I'm at cog[0m
[17:09] [0m[34;1mFluffy shouts:[0m 4 out 5 NA clan member agree ... smuggle your tree hammer in your prison wallet![0m
[17:09] [0m[34;1mXiu shouts:[0m anything fits in smuggle if you're brave enough[0m
[17:09] [0m[34;1mOmni shouts:[0m I made mine into a ring[0m
[17:13] [0m[5m[1m[48;5;124mYour lightsaber begins to flicker and the handle warms![0m[0m                 [0m
[17:17] [0m[34;1mSer shouts:[0m euro beat intensifies[0m
[17:18] [0m[33;1m[Clan] Ser :[0m anyone need a codpiece?  or i'll auction[0m
[17:18] [0m[33;1m[Clan] Nik :[0m im good at least, ty tho![0m
[17:19] [0m[33;1m[Clan] Ser :[0m imma smack you if you buy it off aucction[0m
[17:21] [0m[35;1mUkyo [Jedi(Knight)]:[0m idling in guest chambers if anybody needs training.[0m
[17:21] [0m[35;1mGibran [Jedi(34)]:[0m thanks Ukyo:)[0m
[17:29] [0mSer flaps : lol there is a drug dealer simulator on steam[0m
[17:30] [0mSer flaps : anyone remember dope wars[0m
[17:31] [0mGaidin flaps : THen they reskinned it into space wars.[0m
[17:31] [0m[37;1m[JEDI]:[0m Alyssa K'tal arrives at the Academy.[0m
[17:34] [0m[33;1m[Clan] Sock :[0m anyone need enhances[0m
[17:37] [0m[33;1m[Clan] Sock :[0m anyone[0m
[17:42] [0m[35;1mWound [Jedi(Knight)]:[0m out[0m
[17:49] [0m[35;1mWound [Jedi(Knight)]:[0m sup[0m
[17:49] [0m[35;1mMellaous [Jedi(78)]:[0m sups[0m
[17:53] [0m[34;1mNauda shouts:[0m that is not the moo you are looking for.[0m
[17:55] [0m[37;1mMellaous <.oO>:[0m thanks :)[0m
[18:00] [0m[37;1m[JEDI]:[0m Wennic Ber'ni'lok arrives at the Academy.[0m
[18:11] [0mnewb Fennec [adventurer/5]: For anyone listening to the newb chat, can you tell me what you like[0m
[18:11] [0m                            best and least about your guild?[0m
[18:11] [0mYour transmuter's stone bursts with 6 new colours![0m
[18:11] [0mnewb Gaidin [gentech/132]: It would probably be easier for you to tell use what you're looking[0m
[18:11] [0m                           for in a guild.[0m
[18:11] [0mnewb Sky [juggernaut/132]: Do you have any particular guilds you're contemplating?[0m
[18:11] [0mGrot flaps : anyone have auro shield?[0m
[18:12] [0mGrot flaps : An original?[0m
[18:12] [0mnewb Fennec [adventurer/5]: I have no idea what I'm looking for. Not angels, and not knights (as[0m
[18:12] [0m                            I've had past experiences with them).[0m
[18:12] [0mnewb Modrack [juggernaut/134]: I like having missiles, I dislike having to pay for missiles. Two[0m
[18:12] [0m                               sides of the juggernaut coin.[0m
[18:12] [0mnewb Sky [juggernaut/132]: guild choice is rather personal - play style, thematic, etc etc. But[0m
[18:12] [0m                           happy to give you info about guilds I'm familiar with if it aligns[0m
[18:12] [0m                           with your shortlist of guild choices[0m
[18:12] [0mnewb Gaidin [gentech/132]: Past experience here on 3k?[0m
[18:13] [0mnewb Fennec [adventurer/5]: oh good to know on the missiles, thanks, Modrack![0m
[18:13] [0mnewb Eli [breed/102]: Imost enjoy the heme of the Breed. The focus on questingand such. mental[0m
[18:13] [0m                      powers are cool yo.[0m
[18:13] [0mnewb Squirrel [priest/132]: pray to the dieties of your splendor, find yourself rewarded with[0m
[18:13] [0m                            big heals and robes.[0m
[18:13] [0mnewb Fennec [adventurer/5]: yes, Gaidin. It's been a while though and I'm reading through every[0m
[18:13] [0m                            single help file I'm coming across... :)[0m
[18:13] [0mnewb Eli [breed/102]: um.. theme[0m
[18:13] [0mnewb Sky [juggernaut/132]: im rather fond of Juggers and Priests these days :D but I have some[0m
[18:13] [0m                           love for Knights and Necros, too.[0m
[18:13] [0mnewb Din [bladesinger/130]: do you like getting gear?  how important is it to you to see numbers[0m
[18:13] [0m                            going up quickly, even if their impact is less?  does it matter how[0m
[18:13] [0m                            popular/active the guild is?[0m
[18:14] [0mnewb Squirrel [priest/132]: 3kwiki.com is helpful knowledge base too[0m
[18:14] [0mnewb Squirrel [priest/132]: technically I don't need gear :P[0m
[18:15] [0mnewb Sky [juggernaut/132]: "technically" no guilds need gear - just depends on how well you want[0m
[18:15] [0m                           to survive basic mobs - but, some guilds are "anti gear" so those[0m
[18:15] [0m                           would be a better choice for someone who doesn't want to gear[0m
[18:15] [0mnewb Omni [knight/135]: knights need gear. heh[0m
[18:15] [0mnewb Fennec [adventurer/5]: I would prefer an active guild. I'm leary on searching out for gear[0m
[18:15] [0m                            but I hear dying isn't as bad anymore. I'd say I don't need numbers[0m
[18:15] [0m                            too quickly, but I would like to see improvement on a somewhat[0m
[18:15] [0m                            regular basis?[0m
[18:15] [0mnewb Omni [knight/135]: but we can get gear from the guild[0m
[18:15] [0mnewb Din [bladesinger/130]: bladesingers need _all_ the gear[0m
[18:16] [0mnewb Omni [knight/135]: if you like knights and horses and lances and shields, knights are very[0m
[18:16] [0m                        strong now. I'll just say that.[0m
[18:16] [0mnewb Lachlan [bladesinger/131]: until end game of course. Xiu can fight nekkid.[0m
[18:16] [0mnewb Gaidin [gentech/132]: Changelings need no gear whatsoever, and most of their time is spend[0m
[18:16] [0m                           in an animal form that can't even wear gear.[0m
[18:17] [0mnewb Tarsus [changeling/115]: all guilds are the same. complex guild? you'll be raising a skill[0m
[18:17] [0m                              every 5 days. simple guild? every 10 days. it's a rounding error.[0m
[18:17] [0m                              pick a theme you like.[0m
[18:17] [0mnewb Din [bladesinger/130]: jedi don't really need gear.  fremen only use a little.  mentals use[0m
[18:17] [0m                            all but weapons[0m
[18:17] [0mnewb Hyuga [jedi/133]: i like being uber bs and killing whatever i want[0m
[18:17] [0mnewb Modrack [juggernaut/134]: changelings need the least gear, which is some gear when they get[0m
[18:17] [0m                               bigger. mage needs a smaller amount of gear. jedi needs less[0m
[18:17] [0m                               gear. they're all stronmg.[0m
[18:17] [0mnewb Din [bladesinger/130]: thus jedi[0m
[18:18] [0mnewb Requiem [jedi/133]: Changelings aren't the best guild for starting out.[0m
[18:18] [0mnewb Din [bladesinger/130]: but in jedi you need lots of stats[0m
[18:18] [0mnewb Lachlan [bladesinger/131]: with the new focus on leveling guild power curves, for the most[0m
[18:18] [0m                                part you cannot go wrong. So it comes down to theme and gear[0m
[18:18] [0m                                dependency.[0m
[18:18] [0mnewb Gaidin [gentech/132]: Really, if anything it going to keep you interested in a guild, it's[0m
[18:18] [0m                           gonna be the theme.[0m
[18:18] [0mnewb Mellaous [jedi/135]: fremen would not be a bad start[0m
[18:19] [0mnewb Mellaous [jedi/135]: no eq required, someone simple to play[0m
[18:19] [0mnewb Lachlan [bladesinger/131]: 'players' will show you 'how many' in guilds currently. You can[0m
[18:19] [0m                                gauge popularity a little by that.[0m
[18:19] [0mnewb Fennec [adventurer/5]: what do gentech and bladesingers need/focus on? (and fremen)[0m
[18:19] [0mnewb Omni [knight/135]: you say dependence, I say able-to-leverage[0m
[18:19] [0m[35;1mMellaous [Jedi(78)]:[0m sups[0m
[18:19] [0mnewb Fennec [adventurer/5]: good tip, Lachlan.[0m
[18:19] [0m[35;1mMagneto [Jedi(63)]:[0m sup sup[0m
[18:19] [0m[35;1mWound [Jedi(Knight)]:[0m sup[0m
[18:20] [0mnewb Lachlan [bladesinger/131]: I say a little... because saturday at 6pm... might not be the[0m
[18:20] [0m                                best gauge. A lot of us also play while at work.[0m
[18:20] [0mnewb Lachlan [bladesinger/131]: Din's right, Blades are gear-heavy until our absolute top end.[0m
[18:20] [0mnewb Fennec [adventurer/5]: ah, lots of juggernauts and jedis.[0m
[18:21] [0mnewb Din [bladesinger/130]: bladesingers start out relying on others in the guild for gear, or[0m
[18:21] [0m                            else have to do a lot of smurf runs to buy gear and pay an npc to[0m
[18:21] [0m                            prepare gear for them.[0m
[18:21] [0mnewb Din [bladesinger/130]: and that absolute top end is many years of combat time[0m
[18:21] [0mnewb Lachlan [bladesinger/131]: Blades are quick to start, slow down in the middle (quite a[0m
[18:21] [0m                                grind), then pick up again late to top tier.[0m
[18:21] [0m[34;1mHyuga shouts:[0m these fudge brownie m&ms rule[0m
[18:21] [0mnewb Gaidin [gentech/132]: Gentechl[0m
[18:21] [0mnewb Squirrel [priest/132]: sounds like priests, they're quick till you hit 70 then you spin[0m
[18:21] [0m                            your wheels.[0m
[18:21] [0m[34;1mDin shouts:[0m white chocolate peppermint m&ms ftw[0m
[18:22] [0mnewb Neworder [monk/130]: if you like to suffer then monks are good[0m
[18:22] [0mnewb Fennec [adventurer/5]: so no on monks, got it! :p[0m
[18:22] [0mnewb Lachlan [bladesinger/131]: If you want less gear, blades is probably not for you.[0m
[18:22] [0mnewb Omni [knight/135]: pies iesu domine![0m
[18:23] [0mnewb Omni [knight/135]: *whack*[0m
[18:23] [0mnewb Din [bladesinger/130]: we use all gear, preferably breastplate & greaves instead of main,[0m
[18:23] [0m                            plus 5 'unknowns'[0m
[18:23] [0mnewb Hyuga [jedi/133]: fremen drink their own pee[0m
[18:23] [0mnewb Lachlan [bladesinger/131]: Jedi are popular because of that... good power curve, good top[0m
[18:23] [0m                                end, less gear dependent.[0m
[18:23] [0mnewb Fennec [adventurer/5]: well, gotta keep hydrated, right?[0m
[18:23] [0mnewb Squirrel [priest/132]: flashy lights and sounds fx.[0m
[18:24] [0mnewb Hyuga [jedi/133]: and they are also drug addicts[0m
[18:24] [0mnewb Fennec [adventurer/5]: do you have to be a huge Star Wars fan to be a jedi?[0m
[18:24] [0mnewb Lachlan [bladesinger/131]: lol.. no.[0m
[18:24] [0mnewb Din [bladesinger/130]: nope[0m
[18:24] [0mnewb Squirrel [priest/132]: only on the fourth tuesday of the month while standing on hoth[0m
[18:25] [0mnewb Lachlan [bladesinger/131]: only on May 4th.[0m
[18:25] [0mnewb Fennec [adventurer/5]: naturally, May 4th. :p[0m
[18:25] [0mnewb Nauda [necromancer/134]: may the 4th be with you on 4th of the may[0m
[18:25] [0mnewb Lachlan [bladesinger/131]: you're aware of the speed button to 60?[0m
[18:25] [0mnewb Oscar [mage/60]: what is the command to toggle login gear?[0m
[18:25] [0mnewb Eli [breed/102]: while enjoying Star wars, would probably increase the entertainment value[0m
[18:25] [0m                      a bit, it's not necessary. Same thing with Fremen, you don't have to be a[0m
[18:25] [0m                      Dune fan to enjoy Fremen[0m
[18:26] [0m[33;1m[Clan] Oscar :[0m stupid login gear cost me 2 autoloading items[0m
[18:26] [0mnewb Fennec [adventurer/5]: I'm aware of it, but I won't be using it.[0m
[18:26] [0mnewb Squirrel [priest/132]: do star wars people celebrate may the 4 cus of cinco de mayo?[0m
[18:26] [0mnewb Nauda [necromancer/134]: gearup[0m
[18:26] [0m[33;1m[Clan] Oscar :[0m had that garbage worn at end of boot instead of my real stuff[0m
[18:26] [0m[33;1m[Clan] Nik :[0m gearup toggle[0m
[18:26] [0mnewb Lachlan [bladesinger/131]: nog... just making sure.[0m
[18:26] [0mnewb Nauda [necromancer/134]: help gearup[0m
[18:26] [0mnewb Squirrel [priest/132]: like tequila on the fourth and then the fifth..[0m
[18:26] [0mnewb Zaknafein [fremen/91]: you shouldn't drink a fifth of tequila whether or not you like Star[0m
[18:26] [0m                            Wars[0m
[18:26] [0mnewb Fennec [adventurer/5]: tequila on the 4th and whiskey on the 5th.[0m
[18:27] [0mnewb Lachlan [bladesinger/131]: drop the tequila, and drink whiskey everyday. :P[0m
[18:27] [0mnewb Hyuga [jedi/133]: the water of life[0m
[18:27] [0mnewb Fennec [adventurer/5]: so priest[0m
[18:28] [0mnewb Fennec [adventurer/5]: I forgot, are they heavy gear?[0m
[18:28] [0mnewb Omni [knight/135]: priests are pretty quick to keep going[0m
[18:28] [0mnewb Squirrel [priest/132]: not really[0m
[18:28] [0mnewb Squirrel [priest/132]: but it helps[0m
[18:28] [0mnewb Omni [knight/135]: nope, they actually gxp faster if they're getting smacked because[0m
[18:28] [0m                        heals=advancement[0m
[18:28] [0mnewb Din [bladesinger/130]: even when you first join?[0m
[18:28] [0mnewb Eli [breed/102]: priests are different here than what you might expect from other games.[0m
[18:28] [0m                      They do end up being pretty self-sufficient are not just people who have[0m
[18:28] [0m                      to follow everyoen around and heal them to be worth anything[0m
[18:28] [0mnewb Squirrel [priest/132]: priests fair well against newbie mobs[0m
[18:28] [0mnewb Eli [breed/102]: they can wreck things solo[0m
[18:28] [0mnewb Neworder [monk/130]: since you are low level, join a guild for a few days and check them[0m
[18:28] [0m                          out, then guild hop to another[0m
[18:29] [0mnewb Squirrel [priest/132]: 70% of our protection is from spells the rest is from mud objects[0m
[18:29] [0m                            and skills[0m
[18:29] [0mnewb Sylph [elemental/125]: or just skip all the experimentation and go jedi:)[0m
[18:29] [0mnewb Neworder [monk/130]: then pick the one you like the best[0m
[18:29] [0m[37;1m[JEDI]:[0m Janath Meelin arrives at the Academy.[0m
[18:29] [0mnewb Fennec [adventurer/5]: the help files say leaving a guild is very devastating. :p[0m
[18:29] [0mnewb Lachlan [bladesinger/131]: yeah, you can ghop.[0m
[18:29] [0mnewb Lachlan [bladesinger/131]: you lose all gxp[0m
[18:29] [0mnewb Squirrel [priest/132]: xp is easy[0m
[18:29] [0mnewb Kirrin [necromancer/132]: it used to be, you dont lose any xp at all anymore[0m
[18:29] [0mnewb Lachlan [bladesinger/131]: but if you only spend 5 hours or so in a guild to see if you[0m
[18:29] [0m                                like it, no harm really[0m
[18:29] [0mnewb Kirrin [necromancer/132]: just the time/gxp in the gobj you're destroying[0m
[18:30] [0mnewb Din [bladesinger/130]: unless you do a starter guild, then leaving hurts[0m
[18:30] [0mnewb Eli [breed/102]: yeah, it basicaly just means you can't join a guild, leave, then rejoin[0m
[18:30] [0m                      later at the same place[0m
[18:30] [0mnewb Fennec [adventurer/5]: makes sense.[0m
[18:30] [0mnewb Sock [breed/131]: so test them out, see what theme you like, then stick w/ it..  at level[0m
[18:30] [0m                       50 you can roll another character (help spawnsecond, help milestones)[0m
[18:31] [0mnewb Lachlan [bladesinger/131]: and a caution about that, better to do your research first,[0m
[18:31] [0m                                cause as stated power curves, top end etc, are not visible in[0m
[18:31] [0m                                the first few hours of a guild.[0m
[18:32] [0mnewb Eli [breed/102]: only one that would be really hard to do that with is Breed, since getting[0m
[18:32] [0m                      into Breed  takes time and some work and Quest points ETC. so, not just[0m
[18:32] [0m                      running up and joining on that one[0m
[18:32] [0mnewb Fennec [adventurer/5]: oh thanks for that info too![0m
[18:32] [0m[35;1mGibran [Jedi(34)]:[0m heh. My same day pickup order from the LCBO (our state run booze store) is[0m
[18:32] [0m                   ready. 3 days later.[0m
[18:33] [0mnewb Din [bladesinger/130]: and some guilds you can just join, others you need a recruiter. [0m
[18:33] [0m                            Don't remember offhand which ones don't need another player to[0m
[18:33] [0m                            recruit you besides jedi[0m
[18:33] [0mnewb Sock [breed/131]: breed are cool tho, if you play you won't want to leave ;)[0m
[18:33] [0mnewb Nauda [necromancer/134]: sock it[0m
[18:33] [0mnewb Fennec [adventurer/5]: what's the theme for Breed?[0m
[18:33] [0mnewb Squirrel [priest/132]: they're a mystery[0m
[18:33] [0mnewb Nauda [necromancer/134]: mutations[0m
[18:33] [0mnewb Nauda [necromancer/134]: is that a secret?[0m
[18:33] [0mnewb Din [bladesinger/130]: breed are all about secrecy.  you can't tell anyone about them, and[0m
[18:33] [0m                            once you're in you'll have no idea what to do[0m
[18:33] [0mnewb Omni [knight/135]: everything is secret.[0m
[18:34] [0mnewb Neworder [monk/130]: they are weidros[0m
[18:34] [0mnewb Eli [breed/102]: ancient race with the mastery over mind powers[0m
[18:34] [0mnewb Sock [breed/131]: i still don't know what i'm doing[0m
[18:34] [0mnewb Omni [knight/135]: if you tell anyone anything you figure out, they'll boot you (or used[0m
[18:34] [0m                        to)[0m
[18:34] [0mnewb Omni [knight/135]: if you even randomly accidentally pick the right stuff, you might be[0m
[18:34] [0m                        booted[0m
[18:34] [0mnewb Omni [knight/135]: tho I gather that is old news, not anymore. *coughflarecough*[0m
[18:34] [0mHyuga flaps : they all still wish they had hood/beam/mindsync[0m
[18:34] [0mnewb Eli [breed/102]: i'm not sure that it's that harsh exactly[0m
[18:35] [0mnewb Din [bladesinger/130]: heh, i actually got yelled at by a wiz the second time i tried to[0m
[18:35] [0m                            join, as i used my notes from the first time i solved the quest. [0m
[18:35] [0m                            the wiz said that was illegal use of qinfo[0m
[18:35] [0mHyuga flaps : oops[0m
[18:35] [0mnewb Omni [knight/135]: of course. you must have to get brainwashed first.[0m
[18:35] [0mnewb Fennec [adventurer/5]: really??? Oh goodness, I like to be independent, but I don't think I[0m
[18:35] [0m                            could manage secrets very well and not being able to discuss what[0m
[18:35] [0m                            works and doesn't.[0m
[18:35] [0mnewb Sock [breed/131]: straight to jail[0m
[18:36] [0mnewb Omni [knight/135]: too slow to solve the puzzle? would you believe also straight to jail.[0m
[18:36] [0mnewb Fennec [adventurer/5]: do all guilds have guild quests?[0m
[18:36] [0mnewb Eli [breed/102]: a lot do but not all[0m
[18:36] [0mnewb Glazed [breed/138]: nope[0m
[18:36] [0mnewb Squirrel [priest/132]: not all[0m
[18:36] [0mnewb Glazed [breed/138]: priest, knight and breed do[0m
[18:37] [0mnewb Glazed [breed/138]: some of them are more required some less so[0m
[18:37] [0mnewb Nauda [necromancer/134]: anyone add damage for 1 beloch please?[0m
[18:37] [0mnewb Neworder [monk/130]: so do monks[0m
[18:37] [0mnewb Squirrel [priest/132]: necromancers, mages, knights, priests, changelings[0m
[18:37] [0mnewb Eli [breed/102]: Necro do too, I think?[0m
[18:37] [0mnewb Nauda [necromancer/134]: wrong line[0m
[18:37] [0mnewb Zaknafein [fremen/91]: fremen do as well[0m
[18:37] [0mnewb Michael [jedi/96]: Choose a guild based on theme. I don't think this stuff is as big a deal[0m
[18:37] [0m                        as folks are saying, Fennec[0m
[18:37] [0mnewb Din [bladesinger/130]: most guilds have guild quests, but only breed make you quest to join[0m
[18:37] [0mnewb Gaidin [gentech/132]: Elementals have a few[0m
[18:38] [0mnewb Michael [jedi/96]: What playstyle do you like? What theme is compelling? Choose that so you[0m
[18:38] [0m                        can grind.[0m
[18:40] [0mnewb Eli [breed/102]: yeah I definitely think theme is the way to go, because then no matter how[0m
[18:40] [0m                      it goes you'll still enjoy it[0m
[18:40] [0mnewb Fennec [adventurer/5]: good point on theme.[0m
[18:40] [0mnewb Sock [breed/131]: mages, necros, breed, elementals, monks, changers? iirc, a lot of guilds[0m
[18:40] [0m                       have guild quests[0m
[18:41] [0mnewb Squirrel [priest/132]: monks make you suffer for quests[0m
[18:41] [0mnewb Squirrel [priest/132]: go and search the realm for the fuzzy feather duster of mobbie[0m
[18:41] [0m                            bloody bunny[0m
[18:41] [0m[33;1m[Clan] Sock :[0m anyone want enhances[0m
[18:41] [0m[33;1m[Clan] Sock :[0m round 2[0m
[18:42] [0m[33;1m[Clan] Michael :[0m what all can you enhance?[0m
[18:42] [0m[33;1m[Clan] Sock :[0m everything[0m
[18:42] [0mnewb Fennec [adventurer/5]: do I really need to go find that?[0m
[18:42] [0m[33;1m[Clan] Sock :[0m that you can wear[0m
[18:42] [0mnewb Squirrel [priest/132]: no I was just joking[0m
[18:42] [0m[33;1m[Clan] Sock :[0m that's not bind on pickup[0m
[18:42] [0mnewb Fennec [adventurer/5]: just checking. :D[0m
[18:43] [0m[33;1m[Clan] Sock :[0m if you want em lemme know[0m
[18:43] [0m[33;1m[Clan] Michael :[0m sweet I'd like some[0m
[18:43] [0m[33;1m[Clan] Ser :[0m ok i'm at clan box whenever you're ready[0m
[18:43] [0m[33;1m[Clan] Michael :[0m coming soon[0m
[18:43] [0m[33;1m[Clan] Michael :[0m gotta finish this kill[0m
[18:49] [0m[35;1mGibran [Jedi(34)]:[0m is there an info file on what the droids abilities do, for example "special"[0m
[18:50] [0m[35;1mHyuga [Jedi(97)]:[0m info suckitnerd[0m
[18:50] [0m[35;1mGibran [Jedi(34)]:[0m Is this like a drinking day for you or just normal?[0m
[18:50] [0m[33;1m[Clan] Ser :[0m blah[0m
[18:50] [0m[35;1mHyuga [Jedi(97)]:[0m i will let someone else answer that[0m
[18:51] [0m[33;1m[Clan] Ser :[0m no helmet, cloak, boots...  do i try for AoE?  i'll probably die[0m
[18:51] [1;37;40m set to default Idle Timeout
[18:51] [0m[34;1mWound shouts:[0m woo woo[0m
[18:51] [0m[34;1mHyuga shouts:[0m one mo fo wo[0m
[18:51] [0m[34;1mDracula shouts:[0m professor x is next![0m
[18:51] [0m[35;1mMichael [Jedi(48)]:[0m that's a good question. I died twice for gear myself! death is cheap...[0m
[18:51] [0m                    might be more expensive at your level thoough[0m
[18:51] [0m[35;1mMichael [Jedi(48)]:[0m w/l[0m
[18:51] [0m[33;1m[Clan] Michael :[0m that's a good question. I died twice for gear myself! death is cheap... might[0m
[18:51] [0m                 be more expensive at your level thoough[0m
[18:51] [0m[34;1mNauda shouts:[0m you have no power here, there is no metal[0m
[18:51] [0m[35;1mWound [Jedi(Knight)]:[0m wth, cant dissipate shields?[0m
[18:51] [0m[35;1mGibran [Jedi(34)]:[0m shield[0m
[18:51] [0m[35;1mGibran [Jedi(34)]:[0m no s[0m
[18:52] [0m[33;1m[Clan] Oscar :[0m it's cheaper basically at his size[0m
[18:52] [0m[33;1m[Clan] Oscar :[0m Death is super expensive at my size[0m
[18:52] [0m[35;1mWound [Jedi(Knight)]:[0m returned: Through which shield would you like to dissipate energy?[0m
[18:52] [0m[35;1mHyuga [Jedi(97)]:[0m you can do one or both depending on what you have up iirc[0m
[18:52] [0m[35;1mGibran [Jedi(34)]:[0m i was just reading that... so it would be both by default.[0m
[18:53] [0m[33;1m[Clan] Oscar :[0m I'm probably like 15 hrs to pay for 1 death[0m
[18:53] [0m[35;1mGibran [Jedi(34)]:[0m if you have them up yah, otherwise I guess you choose.[0m
[18:53] [0m[35;1mHyuga [Jedi(97)]:[0m i have my stuff aliased[0m
[18:53] [0m[33;1m[Clan] Oscar :[0m Ser is 1 mob :P[0m
[18:54] [0m[33;1m[Clan] Michael :[0m whee just recovered from my 2 deaths[0m
[18:55] [0m[33;1m[Clan] Ser :[0m i *COULD* do it in one mob[0m
[18:55] [0m[33;1m[Clan] Ser :[0m but i dont[0m
[18:55] [0m[37;1m[JEDI]:[0m Kerran Halcyon arrives at the Academy.[0m
[18:56] [0m[33;1m[Clan] Michael :[0m I'm basically some stats or another fdef from probably safely bouncing my[0m
[18:56] [0m                 angels. I can do them now with an unsafe bounce[0m
[19:00] [0m[33;1m[Clan] Dub :[0m gfs loves energy[0m
[19:01] [0m[33;1m[Clan] Michael :[0m yup I dissipate indeed. If I had had energy at boot I wouldn't have died I[0m
[19:01] [0m                 don't think[0m
[19:05] [0m[33;1m[Clan] Byron enters the game.[0m  [0m
[19:05] [0m[33;1m[Clan] Byron :[0m anyone know where OG axe is?[0m
[19:05] [0m[33;1m[Clan] Dub :[0m modrack[0m
[19:05] [0m[33;1m[Clan] Dub :[0m dont' think anyone killed 2nd uk[0m
[19:06] [0m[33;1m[Clan] Dub :[0m so probably og on uk still[0m
[19:06] [0m[33;1m[Clan] Byron :[0m nod[0m
[19:06] [0m[33;1m[Clan] Dub :[0m unless someone who killed first one, had (destroy[0m
[19:06] [0m[33;1m[Clan] Dub :[0m which... is pretty good shit[0m
[19:06] [0m[33;1m[Clan] Byron :[0m laf, like that would work on UK[0m
[19:06] [0m[33;1m[Clan] Byron :[0m I try these things :P[0m
[19:06] [0m[33;1m[Clan] Dub :[0m it doesn't? even if you killed the first one?[0m
[19:06] [0m[33;1m[Clan] Byron :[0m No[0m
[19:06] [0m[33;1m[Clan] Byron :[0m Nothing works on UK[0m
[19:06] [0m[33;1m[Clan] Dub :[0m boo[0m
[19:06] [0m[33;1m[Clan] Byron :[0m force cloak[0m
[19:06] [0m[33;1m[Clan] Byron :[0m destroy[0m
[19:06] [0m[33;1m[Clan] Byron :[0m redact[0m
[19:06] [0m[33;1m[Clan] Byron :[0m nothing[0m
[19:06] [0m[33;1m[Clan] Byron :[0m except blood[0m
[19:07] [0m[33;1m[Clan] Byron :[0m which is the way it should be[0m
[19:07] [0m[33;1m[Clan] Dub :[0m I watched voodoo pull, and destroy the first beloch like, 20 seconds into boot, I[0m
[19:07] [0m             Was saved to cerb room and ran for first ghoti, I can't seem to ever get logged in[0m
[19:07] [0m             b4 nauda :)[0m
[19:07] [0m[33;1m[Clan] Byron :[0m Yeah, I do that too[0m
[19:07] [0m[33;1m[Clan] Byron :[0m For beloch[0m
[19:07] [0m[33;1m[Clan] Dub :[0m nog, I Wasl ike: oh shit, that's slick af[0m
[19:08] [0m[33;1m[Clan] Byron :[0m seeing if I cna get a spork now[0m
[19:08] [0m[33;1m[Clan] Dub :[0m anyone need tacostand reset, I'm going to pop one semi soon[0m
[19:08] [0m[33;1m[Clan] Dub :[0m nog[0m
[19:08] [0m[33;1m[Clan] Dub :[0m nog[0m
[19:08] [0m[33;1m[Clan] Dub :[0m I was just saying that because I figured[0m
[19:08] [0m[33;1m[Clan] Byron :[0m nog[0m
[19:08] [0m[33;1m[Clan] Dub :[0m bunch of NA are clearing atm[0m
[19:08] [0m[33;1m[Clan] Dub :[0m I'm checking smears[0m
[19:08] [0m[33;1m[Clan] Dub :[0m then we'll all do a mass reset[0m
[19:08] [0m[33;1m[Clan] Dub :[0m fluffy said he would to, but rl must have reared it's ugly head, he ld[0m
[19:09] [0m[33;1m[Clan] Ser :[0m can i get in on that[0m
[19:09] [0m[33;1m[Clan] Dub :[0m nog, I'm doing tomatos, cheeses, then cheese tacos, then checking on everyone's[0m
[19:09] [0m             status, you have like, 15-20 before it'll start probably being everyone ready[0m
[19:09] [0m[33;1m[Clan] Byron :[0m I usually go backwards when I'm going for spork[0m
[19:09] [0m[33;1m[Clan] Byron :[0m Since you can figure out how many dtacos you can make[0m
[19:09] [0m[33;1m[Clan] Dub :[0m nog[0m
[19:10] [0m[33;1m[Clan] Byron :[0m So I might reset before you guys finish[0m
[19:10] [0m[33;1m[Clan] Dub :[0m basically from sauce.[0m
[19:10] [0m[33;1m[Clan] Byron :[0m fyi[0m
[19:10] [0m[33;1m[Clan] Byron :[0m nog[0m
[19:10] [0m[33;1m[Clan] Dub :[0m tho Iv'e seen only 1 guac like a bitch[0m
[19:10] [0m[33;1m[Clan] Dub :[0m rare tho[0m
[19:10] [0m[33;1m[Clan] Byron :[0m yeah[0m
[19:10] [0m[33;1m[Clan] Byron :[0m that does happen[0m
[19:11] [0mYour transmuter's stone bursts with 5 new colours![0m
[19:12] [0m[33;1m[Clan] Dub :[0m man, the spirit cloak makes me burn a TON less conc[0m
[19:12] [0m[33;1m[Clan] Byron :[0m fuck you cheese get off my hands[0m
[19:12] [0m[33;1m[Clan] Dub :[0m and force[0m
[19:12] [0m[33;1m[Clan] Byron :[0m i need my axe[0m
[19:12] [0m[33;1m[Clan] Dub :[0m man, I am so glad knights resist dispells that[0m
[19:13] [0m[33;1m[Clan] Byron :[0m wha[0m
[19:13] [0m[33;1m[Clan] Dub :[0m hehe[0m
[19:13] [0m[33;1m[Clan] Byron :[0m blast you lime[0m
[19:13] [0m[33;1m[Clan] Byron :[0m playin favorites![0m
[19:13] [0m[33;1m[Clan] Dub :[0m meat/guac/cheese, I can dispel them all[0m
[19:13] [0m[34;1mTex shouts:[0m its too heavy its metallica and ozzy osbourne heavy[0m
[19:13] [0m[33;1m[Clan] Byron :[0m that's BS[0m
[19:13] [0m[33;1m[Clan] Dub :[0m does bard have a dispel for random shit?[0m
[19:13] [0m[33;1m[Clan] Ser :[0m on last angel again[0m
[19:13] [0m[33;1m[Clan] Dub :[0m if so, you should get that added in[0m
[19:13] [0m[33;1m[Clan] Byron :[0m nah[0m
[19:14] [0m[33;1m[Clan] Byron :[0m you petition rasta[0m
[19:14] [0m[33;1m[Clan] Dub :[0m I should probably get 1point in h2h so I don't just do nothing[0m
[19:14] [0m[33;1m[Clan] Byron :[0m i'll second the motion[0m
[19:14] [0m[33;1m[Clan] Byron :[0m :P[0m
[19:14] [0m[33;1m[Clan] Byron :[0m guac[0m
[19:14] [0m[33;1m[Clan] Byron :[0m which actually could be good for oscar hmmm[0m
[19:14] [0m[33;1m[Clan] Byron :[0m guac would last forever against these little pol2 mobs[0m
[19:14] [0m[33;1m[Clan] Byron :[0m and 100k chessboard shit[0m
[19:15] [0m[33;1m[Clan] Dub :[0m nod[0m
[19:15] [0m[33;1m[Clan] Dub :[0m guac is bs[0m
[19:15] [0m[33;1m[Clan] Dub :[0m it was majorly upgraded while I was away[0m
[19:15] [0m[33;1m[Clan] Byron :[0m nod[0m
[19:15] [0m[33;1m[Clan] Dub :[0m i didn't realize how much[0m
[19:15] [0m[33;1m[Clan] Byron :[0m guac is super dope[0m
[19:15] [0m[33;1m[Clan] Dub :[0m and had cleared a taco stand[0m
[19:15] [0m[33;1m[Clan] Dub :[0m right when I came back and had no idea how my knight tanked anymore, so I[0m
[19:15] [0m[33;1m[Clan] Dub :[0m got one, smeared it, fluffy said: come here[0m
[19:15] [0m[33;1m[Clan] Dub :[0m so he's showing all new stuff, takes me to noc2[0m
[19:16] [0m[33;1m[Clan] Dub :[0m I'm like, face tanking bulwark but it was gauc![0m
[19:16] [0m[33;1m[Clan] Dub :[0m i had no idea[0m
[19:16] [0m[33;1m[Clan] Byron :[0m guac is probably top 3 BS item in the game[0m
[19:16] [0m[35;1mMichael [Jedi(48)]:[0m mmmm droids[0m
[19:16] [0m[33;1m[Clan] Dub :[0m gui[0m
[19:17] [0m[33;1m[Clan] Byron :[0m Oh my embiggen and HA are still running[0m
[19:17] [0m[33;1m[Clan] Byron :[0m I wonder when I turned those on[0m
[19:17] [0m[33;1m[Clan] Dub :[0m embiggen, yeah, HA tho[0m
[19:17] [0m[33;1m[Clan] Dub :[0m what[0m
[19:17] [0m[33;1m[Clan] Byron :[0m if you ld[0m
[19:17] [0m[33;1m[Clan] Byron :[0m they remain[0m
[19:17] [0m[33;1m[Clan] Byron :[0m the counter[0m
[19:17] [0m[33;1m[Clan] Dub :[0m i know I just wouldnt' pop it[0m
[19:18] [0m[33;1m[Clan] Byron :[0m oh[0m
[19:18] [0m[33;1m[Clan] Byron :[0m I use (powers pretty much immediately when they're available[0m
[19:18] [0m[33;1m[Clan] Dub :[0m unless I was goign to make 2-3 xp really[0m
[19:18] [0m[33;1m[Clan] Byron :[0m 9/10 times they reset again before whatever you were saving them for[0m
[19:18] [0m[33;1m[Clan] Dub :[0m well, does make sense when you're playing alts[0m
[19:18] [0m[33;1m[Clan] Dub :[0m i should probably focus dub up to 111 and get at least dup1[0m
[19:18] [0m[33;1m[Clan] Byron :[0m You have used this power 2816 times[0m
[19:18] [0m[33;1m[Clan] Dub :[0m naw, I'm focused on omni heh[0m
[19:18] [0m[33;1m[Clan] Byron :[0m I use the shit out of my powers :P[0m
[19:20] [0m[33;1m[Clan] Ser :[0m @ taco[0m
[19:20] [0m[33;1m[Clan] Byron :[0m woot, got another hot sauce[0m
[19:20] [0m[33;1m[Clan] Ser :[0m weird[0m
[19:21] [0m[33;1m[Clan] Byron :[0m sup[0m
[19:21] [0m[33;1m[Clan] Ser :[0m i rearranged spirit greaves into breastplate[0m
[19:21] [0m[33;1m[Clan] Byron :[0m laf[0m
[19:21] [0m[33;1m[Clan] Ser :[0m spirit greaves ac:  Â·[0m
[19:21] [0m[33;1m[Clan] Byron :[0m on purpose?[0m
[19:21] [0m[33;1m[Clan] Ser :[0m greaves ac:  15 edged, 15 blunt, 20 fire, 15 mind, 15 energy[0m
[19:21] [0m[33;1m[Clan] Ser :[0m after rearranging 25 edged, 25 blunt, 34 fire, 25 mind, 25 energy[0m
[19:21] [0m[33;1m[Clan] Byron :[0m waaaaaaaaaaaaaaaaaaa[0m
[19:21] [0m[33;1m[Clan] Michael :[0m that's boss[0m
[19:21] [0m[33;1m[Clan] Ser :[0m yeah i got 2 greaves[0m
[19:21] [0m[33;1m[Clan] Ser :[0m and no bplate[0m
[19:22] [0m[35;1mKsemia [Jedi(Master)]:[0m evening[0m
[19:22] [0m[33;1m[Clan] Ser :[0m so i wanted a bplate before i went and got my ass kicked by conglom[0m
[19:22] [0m[33;1m[Clan] Ser :[0m and it increased ac....??!??!?!?!?!?!?[0m
[19:22] [0m[33;1m[Clan] Byron :[0m I can go absorb hits on conglom if oyu open the entrance[0m
[19:22] [0m[33;1m[Clan] Byron :[0m maybe I"ll die[0m
[19:22] [0m[33;1m[Clan] Ser :[0m ok hold plz[0m
[19:22] [0m[33;1m[Clan] Byron :[0m But[0m
[19:22] [0m[35;1mWert [Jedi(Knight)]:[0m howdy[0m
[19:22] [0m[33;1m[Clan] Byron :[0m whatever, will take some shots[0m
[19:22] [0m[35;1mDin [Jedi(24)]:[0m heya[0m
[19:22] [0mnewb Fennec [adventurer/5]: the help death file is out of date, right?[0m
[19:23] [0mnewb Sock [breed/131]: yes[0m
[19:23] [0mnewb Adalius [Admin]: Yes. Its on a wizards todo list. But I keep throwing other jobs at them.[0m
[19:23] [0m[33;1m[Clan] Dub :[0m oh I have a bpalte and no greaves[0m
[19:23] [0m[33;1m[Clan] Byron :[0m fennec is a troll pretty sure[0m
[19:23] [0m[33;1m[Clan] Dub :[0m still there?[0m
[19:23] [0m[33;1m[Clan] Byron :[0m too many specific questions[0m
[19:23] [0m[33;1m[Clan] Byron :[0m for a newb[0m
[19:23] [0m[33;1m[Clan] Dub :[0m troll/wizard?[0m
[19:23] [0mnewb Atreyu [necromancer/100]: keep an eye on Botzilla!![0m
[19:23] [0m[33;1m[Clan] Byron :[0m dunno, but what newbie asks hey this file is out of date right[0m
[19:23] [0m[33;1m[Clan] Dub :[0m ser there still greaves on floor avail?[0m
[19:24] [0m[33;1m[Clan] Byron :[0m wah, another guac[0m
[19:24] [0mnewb Fennec [adventurer/5]: why?[0m
[19:24] [0m[35;1mUkyo [Jedi(Knight)]:[0m as for droids, I don't remember. A lot of it is word of mouth. I'll check[0m
[19:24] [0m                     here in a few.(doing three things at once is not my greatest ability. I'm[0m
[19:24] [0m                     not a BeneGesserit)[0m
[19:24] [0m[33;1m[Clan] Nik :[0m he had my suspicion at 'do i have to like star wars to be a jedi'[0m
[19:24] [0m[33;1m[Clan] Ser :[0m no i turned them into a bplate[0m
[19:24] [0m[33;1m[Clan] Dub :[0m lol[0m
[19:24] [0mnewb Atreyu [necromancer/100]: he's botlicious![0m
[19:24] [0m[33;1m[Clan] Dub :[0m does that make a bplate?[0m
[19:24] [0m[35;1mAdalius [Jedi(Wiz)]:[0m Holy crap Ukyo is back?[0m
[19:24] [0m[33;1m[Clan] Dub :[0m err, I mean, field[0m
[19:24] [0m[35;1mGibran [Jedi(34)]:[0m EG-6 Power Droid bumps into your leg a few times before extending a thin[0m
[19:24] [0m                   cable up to your lightstaff to recharge it a bit.[0m
[19:24] [0m[33;1m[Clan] Ser :[0m what[0m
[19:24] [0m[33;1m[Clan] Byron :[0m he's talking bout spirit[0m
[19:24] [0m[35;1mKsemia [Jedi(Master)]:[0m don't scare him away....[0m
[19:24] [0m[33;1m[Clan] Byron :[0m not conglom dub[0m
[19:24] [0m[33;1m[Clan] Ser :[0m oh no i havent gone to AoE yet[0m
[19:24] [0m[33;1m[Clan] Ser :[0m yah[0m
[19:24] [0mnewb Fennec [adventurer/5]: wait, that's you![0m
[19:24] [0m[33;1m[Clan] Dub :[0m it doesn't shatter w/the other greaves-slot greaves? oh spirit, hah ok[0m
[19:24] [0m[33;1m[Clan] Nix :[0m dagger me ser[0m
[19:24] [0m[33;1m[Clan] Ser :[0m anyone resetting tacos[0m
[19:25] [0mnewb Byron [bard/135]: fennec look out for the rocks ahead![0m
[19:25] [0m[33;1m[Clan] Dub :[0m I will in a few cheesy tacos but they're fucking annoyingly disarming me[0m
[19:25] [0mnewb Fennec [adventurer/5]: I'm afraid to ask....why?[0m
[19:25] [0m[35;1mDin [Jedi(24)]:[0m $[0m
[19:25] [0m[33;1m[Clan] Dub :[0m so it's taking a while[0m
[19:25] [0m[33;1m[Clan] Ser :[0m well conglom will take me 20min +[0m
[19:25] [0mnewb Byron [bard/135]: dunno, your name reminds me of fezzic from princess bride[0m
[19:25] [0mnewb Atreyu [necromancer/100]: heh[0m
[19:25] [0mnewb Fennec [adventurer/5]: ha ha ha!!!!![0m
[19:25] [0mnewb Pralbeldray [adventurer/17]: inconceivable[0m
[19:26] [0m[33;1m[Clan] Dub :[0m i can help/hit I have bplate so far[0m
[19:26] [0mnewb Fennec [adventurer/5]: well he is pretty darn awesome![0m
[19:26] [0m[35;1mDin [Jedi(24)]:[0m tfw you get cybernetic bplate, remove the crappy armour you'd been wearing, then[0m
[19:26] [0m                try to dispose of it and instead dispose the cyber bp[0m
[19:26] [0mnewb Atreyu [necromancer/100]: did you know, Andre would throw down like 30+ beers per sitting??[0m
[19:26] [0m                               each one to him, was like a beer shot[0m
[19:26] [0m[33;1m[Clan] Dub :[0m and got the jars but then babys was in there resetting repeatedly[0m
[19:26] [0mnewb Byron [bard/135]: then he'd eat breakfast[0m
[19:26] [0mnewb Din [jedi/130]: 30.. cute[0m
[19:26] [0m[35;1mUkyo [Jedi(Knight)]:[0m the command you're looking for is 'crumble'[0m
[19:26] [0m[35;1mUkyo [Jedi(Knight)]:[0m but yea. keep is also another command you'll like[0m
[19:26] [0mnewb Din [jedi/130]: 30 was what he drank waiting for the menu[0m
[19:26] [0m[33;1m[Clan] Byron :[0m pics of andre the giant holding beer cans is so absurd[0m
[19:26] [0mnewb Atreyu [necromancer/100]: then he would invite over Chuck Norris "For" breakfast =)[0m
[19:27] [0m[33;1m[Clan] Ser :[0m hey crolack[0m
[19:27] [0m[33;1m[Clan] Ser :[0m wrong line[0m
[19:27] [0mnewb Adalius [Admin]: psst, keep newb on topic[0m
[19:27] [0m[33;1m[Clan] Byron :[0m looks like Frnak is pumpin the brakes on you[0m
[19:27] [0mnewb Glazed [breed/138]: flapchat for flapchat[0m
[19:27] [0m[33;1m[Clan] Dub :[0m redagger too op?[0m
[19:27] [0m[33;1m[Clan] Nix :[0m fuck that[0m
[19:27] [0m[33;1m[Clan] Byron :[0m cause no mages did that but me and you[0m
[19:27] [0m[35;1mGibran [Jedi(34)]:[0m doh[0m
[19:28] [0m[33;1m[Clan] Byron :[0m elmo/etc. never use red axe[0m
[19:28] [0m[33;1m[Clan] Byron :[0m i wonder if you can xmute it[0m
[19:28] [0m[35;1mKsemia [Jedi(Master)]:[0m that's not good...[0m
[19:28] [0m[33;1m[Clan] Nix :[0m im getting dove feather nerfed[0m
[19:28] [0m[33;1m[Clan] Byron :[0m anyone able to rally oscar?[0m
[19:28] [0m[35;1mUkyo [Jedi(Knight)]:[0m death never is.[0m
[19:28] [0m[33;1m[Clan] Nix :[0m fuck this[0m
[19:28] [0m[35;1mKsemia [Jedi(Master)]:[0m and after death....the judgement....[0m
[19:28] [0m[33;1m[Clan] Michael :[0m they are nerfing it?[0m
[19:28] [0m[35;1mWert [Jedi(Knight)]:[0m idk ive laffed at couple of mine[0m
[19:28] [0m[35;1mUkyo [Jedi(Knight)]:[0m unless you're taking a huge bong rip.[0m
[19:28] [0m[33;1m[Clan] Byron :[0m see if you can xmute it[0m
[19:29] [0m[35;1mWert [Jedi(Knight)]:[0m bong rips for every death obv[0m
[19:29] [0m[33;1m[Clan] Ser :[0m i already burned my transmute, soz boss[0m
[19:30] [0m[33;1m[Clan] Ser :[0m hmm[0m
[19:32] [0m[33;1m[Clan] Oscar :[0m I didnt think I'd get coins from last boot from ahouse[0m
[19:32] [0m[33;1m[Clan] Oscar :[0m cool[0m
[19:32] [0m[33;1m[Clan] Dub :[0m 2bean 1meat 1cream[0m
[19:32] [0m[33;1m[Clan] Dub :[0m damn a 2nd cream[0m
[19:32] [0m[33;1m[Clan] Dub :[0m (sour)[0m
[19:33] [0m[37;1m[JEDI]:[0m Herah Wylann arrives at the Academy.[0m
[19:35] [0mOmni flaps : taco reset in 3[0m
[19:43] [0mOmni flaps : reset[0m
[19:45] [0mNauda flaps : in a bit[0m
[19:46] [0m[33;1m[Clan] Dub :[0m whoa, I remember dope wars[0m
[19:47] [0m[33;1m[Clan] Dub :[0m buy heroin uptown, go downtown and sell, buy coke[0m
[19:47] [0m[33;1m[Clan] Dub :[0m so long ago[0m
[19:50] [0m[33;1m[Clan] Ser :[0m yup lol[0m
[20:06] [0m[37;1m[JEDI]:[0m Bithoff Jonansaan arrives at the Academy.[0m
[20:08] [0m[33;1m[Clan] Nix :[0m going for spork lance ser, if i grab this can you try making a dagger?[0m
[20:09] [0m[33;1m[Clan] Ser :[0m yup[0m
[20:09] [0m[33;1m[Clan] Nix :[0m it[0m
[20:09] [0m[33;1m[Clan] Nix :[0m it's not in me to complain... i'm not a whiny bitch, but i'm sorta pissed about[0m
[20:09] [0m             this[0m
[20:10] [0m[33;1m[Clan] Nix :[0m might need to drop a line about dove feather abuse[0m
[20:10] [0mSquirrel flaps : I hate it when catography craps out[0m
[20:11] [0m[33;1m[Clan] Oscar :[0m Once I get to your house I can reset tacos if no luck Nix[0m
[20:11] [0m[33;1m[Clan] Oscar :[0m Headin out now[0m
[20:12] [0m[34;1mVilgan shouts: [0mI want everyone to know that Mellaous is a big dumb meany.[0m
[20:12] [0m[33;1m[Clan] Ser :[0m lmk when he gets there, i want my tacos reset @nix[0m
[20:12] [0m[34;1mOne shouts:[0m thanks, midget.  shocking report.[0m
[20:12] [0m[33;1m[Clan] Nix :[0m sounds good i'm on lettuce atm[0m
[20:12] [0m[33;1m[Clan] Nix :[0m i'm packing a bowl afk a few[0m
[20:13] [0m[33;1m[Clan] Nix :[0m need retard the mind[0m
[20:13] [0m[33;1m[Clan] Ser :[0m also anything i touch seems to get nerfed[0m
[20:13] [0m[33;1m[Clan] Ser :[0m look at breed bags[0m
[20:14] [0m[33;1m[Clan] Dub :[0m what happened to breed bagS?[0m
[20:14] [0m[33;1m[Clan] Dub :[0m (I Assume a breed bag is a breed guild bag)[0m
[20:18] [0m[33;1m[Clan] Roken :[0m 94 is closed sigh so close to getting home before curfew[0m
[20:18] [0m[33;1m[Clan] Michael :[0m ah You're in MN Roken?[0m
[20:18] [0m[33;1m[Clan] Michael :[0m I am too. This stuff is crazy.[0m
[20:18] [0m[33;1m[Clan] Roken :[0m yes haha believe most of us[0m
[20:18] [0m[33;1m[Clan] Michael :[0m Didn't realize most of the clan was[0m
[20:19] [0m[33;1m[Clan] Michael :[0m I'm in the twin cities too heh[0m
[20:19] [0m[33;1m[Clan] Dub :[0m that's wild, columbus and cleaveland both started curfew and national guard tonight[0m
[20:19] [0m[33;1m[Clan] Dub :[0m I'm between them ish...[0m
[20:19] [0m[33;1m[Clan] Dub :[0m but far from either[0m
[20:19] [0m[33;1m[Clan] Roken :[0m trying to get on 694/494 from wisconsin heh[0m
[20:21] [0mSquirrel flaps : anyone able to snag me at the crystal gateway? I just need to follow out[0m
[20:21] [0mSquirrel flaps : please[0m
[20:21] [0mDub flaps : you'd think after the 2nd or 3rd time you'd get a map and make a macro[0m
[20:21] [0mDub flaps : the area has only been in game since like 1995[0m
[20:29] [0m[33;1m[Clan] Ser :[0m still killing king[0m
[20:30] [0m[33;1m[Clan] Ser :[0m did you guys reset yet?[0m
[20:30] [0m[33;1m[Clan] Ser :[0m i just moved to GA from the twin cities[0m
[20:30] [0m[34;1mSinahi shouts:[0m is there a 2020-crappiest-start-of-summer-vaf reward coming?[0m
[20:30] [0m[33;1m[Clan] Ser :[0m i was 4 blocks off lake street[0m
[20:30] [0m[33;1m[Clan] Michael :[0m Dang, should've hung out with you guys[0m
[20:31] [0m[33;1m[Clan] Michael :[0m I can't believe lake street is like that now. I live by Cooper High[0m
[20:31] [0m[33;1m[Clan] Michael :[0m its all over now heading out of minneapolis to the suburbs[0m
[20:32] [0m[34;1mDracula shouts:[0m remember, it's almost the new month. i think they have godzilla planned for this[0m
[20:32] [0m                one.[0m
[20:35] [0m[37;1m[JEDI]:[0m H'ssani C'talan arrives at the Academy.[0m
[20:35] [0m[34;1mOne shouts:[0m the dreamer will awaken[0m
[20:35] [0m[34;1mUkyo shouts:[0m Have you felt it?[0m
[20:37] [0m[33;1m[Clan] Ser :[0m i'm in the country-ish in GA[0m
[20:37] [0m[33;1m[Clan] Ser :[0m apparently there's been some riots here yesterday, but in Atlanta/Buckhead area[0m
[20:38] [0m[33;1m[Clan] Ser :[0m so luckily I'm on the opposite end of the city (and armed)[0m
[20:38] [0m[33;1m[Clan] Michael :[0m Atlanta is getting pretty bad too[0m
[20:38] [0m[33;1m[Clan] Ser :[0m nix is byron there yet[0m
[20:38] [0m[33;1m[Clan] Ser :[0m cuz mob is at 29%[0m
[20:38] [0m[33;1m[Clan] Dub :[0m I hate that you need to be armed, but a 12 gauge, and hand gun, and an ar15 for[0m
[20:38] [0m             serious shit, seems basic at this day and age[0m
[20:39] [0m[33;1m[Clan] Ser :[0m i got a .30-06 hunting rifle, 9mm handgun, and a shotgun[0m
[20:39] [0m[33;1m[Clan] Ser :[0m my roommate has 3 pistols, a SCAR, a Mosin, and a .22 rifle[0m
[20:39] [0m[33;1m[Clan] Dub :[0m I have the single shot .22, the ar15 and the shotgun, I have been debating getting[0m
[20:39] [0m             a .357[0m
[20:39] [0m[33;1m[Clan] Dub :[0m sigh[0m
[20:40] [0m[33;1m[Clan] Dub :[0m yeah, I need a nice 30-06 rifle, I have nothing really long range[0m
[20:40] [0m[33;1m[Clan] Ser :[0m so we've got a variety of long to close range weapons, with a solid mid-range[0m
[20:40] [0m             weapon in there (SCAR)[0m
[20:40] [0m[33;1m[Clan] Dub :[0m sig ar15 is about as long range as I can expect to be a good shot tho[0m
[20:40] [0m[33;1m[Clan] Dub :[0m my dad has one of those[0m
[20:40] [0m[33;1m[Clan] Dub :[0m my cousin has the mosin. thing hurts after you shoot it too long[0m
[20:40] [0m[33;1m[Clan] Ser :[0m nod, i can handle pretty much anything handed to me so i'm lucky there (a lot of[0m
[20:40] [0m             basic arms training)[0m
[20:40] [0m[33;1m[Clan] Ser :[0m so does my .30-06[0m
[20:41] [0m[33;1m[Clan] Dub :[0m tho he had me shooting magnum shotgun rounds before so my shoulder was pretty[0m
[20:41] [0m             busted up[0m
[20:41] [0m[33;1m[Clan] Ser :[0m lol i bet[0m
[20:41] [0m[33;1m[Clan] Dub :[0m I'm ok with handguns but I mostly shot rifles as a kid when I shot for fun[0m
[20:41] [0m[33;1m[Clan] Dub :[0m so I feel 100% comfortable with any rifle, but handguns I'm meh past 75 feet[0m
[20:41] [0m[33;1m[Clan] Dub :[0m I mean, the'yre not for that[0m
[20:41] [0m[33;1m[Clan] Ser :[0m nod...  i hit a robin through the eye w/ a 22 pistol when i was a kid and ran[0m
[20:41] [0m             inside crying because i killed it[0m
[20:41] [0m[33;1m[Clan] Dub :[0m but my dads realllly good with pistols[0m
[20:41] [0m[33;1m[Clan] Dub :[0m I can't[0m
[20:42] [0m[33;1m[Clan] Dub :[0m oh man, the feels. I did the same thing at like age 10 with a pellet rifle[0m
[20:42] [0m[33;1m[Clan] Ser :[0m "just to see if you can hit it"[0m
[20:42] [0m[33;1m[Clan] Dub :[0m had shot/missed so many times, I didn't expect to poof->feathers it[0m
[20:42] [0m[33;1m[Clan] Ser :[0m and then bang it's dead oops[0m
[20:42] [0m[33;1m[Clan] Dub :[0m yyp[0m
[20:42] [0m[33;1m[Clan] Dub :[0m yup*[0m
[20:42] [0m[33;1m[Clan] Dub :[0m sok tho, you have to turn that coner.[0m
[20:43] [0m[33;1m[Clan] Dub :[0m I'm on a farm (tho I just rent the house)[0m
[20:43] [0m[33;1m[Clan] Dub :[0m and I've had to kill 2 sick racoons in the past year[0m
[20:43] [0m[33;1m[Clan] Dub :[0m idk what they had, they were both differnt times, wandering around stumbling in the[0m
[20:43] [0m             day[0m
[20:43] [0m[33;1m[Clan] Ser :[0m i'm looking for 4 to 20 acres in my area[0m
[20:43] [0m[33;1m[Clan] Dub :[0m 'coons never fucking show up in the day, or come out or walk up[0m
[20:43] [0mYour transmuter's stone bursts with 4 new colours![0m
[20:43] [0m[33;1m[Clan] Ser :[0m i saw 30 acres about 1.5hrs away for $30k[0m
[20:44] [0m[33;1m[Clan] Ser :[0m almost hopped on that[0m
[20:44] [0m[33;1m[Clan] Ser :[0m but i would only be able to go there on the weekends, cuz it's too damn far for[0m
[20:44] [0m             work[0m
[20:44] [0m[33;1m[Clan] Dub :[0m commute is pretty important, after driving 1.5hrs for a job I decided not to do[0m
[20:44] [0m             that[0m
[20:44] [0m[33;1m[Clan] Ser :[0m honestly 12 acres and an RV would be perfect[0m
[20:44] [0m[33;1m[Clan] Dub :[0m my commute atm is 45min but I can shrink it if I drive fast[0m
[20:45] [0m[33;1m[Clan] Ser :[0m mine is 45 mins w/ no traffic, but it's company gas[0m
[20:45] [0m[33;1m[Clan] Dub :[0m I get none of that... but they are (finally) paying me good so I'm not whining[0m
[20:45] [0m[33;1m[Clan] Ser :[0m so i don't necessarily CARE that it's 1.5 hrs away, but it's on the wrong side of[0m
[20:45] [0m             atlanta to be in our coverage area for on call[0m
[20:46] [0m[33;1m[Clan] Dub :[0m my new role like doubled my pay[0m
[20:46] [0m[33;1m[Clan] Ser :[0m very nice[0m
[20:46] [0m[33;1m[Clan] Dub :[0m went from whatever you wannacall it, advanced tier 3 support to infosec analyst[0m
[20:46] [0m[33;1m[Clan] Dub :[0m now I admin the firewalls and splunk[0m
[20:47] [0m[33;1m[Clan] Ser :[0m nice[0m
[20:52] [0m[33;1m[Clan] Roken :[0m tally at zel?[0m
[20:53] [0m[33;1m[Clan] Ser :[0m what[0m
[20:54] [0m[33;1m[Clan] Mud :[0m =h[0m
[20:54] [0m[33;1m[Clan] Roken :[0m rally*[0m
[20:55] [0mnewb Old [Newbie]: You cannot leave until Harold is done with you.[0m
[20:55] [0mnewb Old [Newbie]: really shouldn't be a thing[0m
[20:55] [0mnewb Squirrel [priest/132]: accept[0m
[20:55] [0mnewb Squirrel [priest/132]: or something[0m
[20:56] [0mnewb Squirrel [priest/132]: yeah we've mentioned it's a pain for newbies[0m
[20:56] [0mnewb Old [Newbie]: even after you go through his schpiel and get the newbie pendant you still[0m
[20:56] [0m                   can't leave[0m
[20:56] [0mnewb Koth [mage/93]: help townportal[0m
[20:56] [0mnewb Squirrel [priest/132]: no the newbie mob won't let him leave the room[0m
[20:56] [0mnewb Squirrel [priest/132]: he has to get him flapping to tell you the sytax[0m
[20:56] [0m[32mYou tell Simonx:[0m rally me pls at zel[0m
[20:57] [0mnewb Old [Newbie]: you have to rub the pendant and get a special command, but why have the[0m
[20:57] [0m                   escape exit and tell you you can use it once you have the pendant if he won't[0m
[20:57] [0m                   let you use it?[0m
[20:57] [0mnewb Old [Newbie]: that would absolutely prompt me to find a different game if i wasn't already[0m
[20:57] [0m                   familiar with 3k[0m
[20:58] [0m[33;1m[Clan] Mud :[0m tonight is gonna be bad[0m
[20:59] [0m[33;1m[Clan] Mud :[0m my sis lives 4'ish miles from it[0m
[20:59] [0m[37;1m[JEDI]:[0m Reena Bel Noir arrives at the Academy.[0m
[21:05] [0mnewb Simonx [jedi/53]: from the center of woonsocket, 2w/n/tutorial puts you back at the real[0m
[21:05] [0m                       newbieland entrance[0m
[21:08] [0mRoken flaps : someone rally me pls at zel to rally dangerzone[0m
[21:08] [0mNightrider flaps : im good[0m
[21:09] [0m[32mNauda tells you:[0m still need rally?[0m
[21:09] [0m[32;1mFrom afar, you nod to Nauda.[0m[0m
[21:10] [0m[33;1m[PARTY][0m Roken joins the party.[0m
[21:10] [Clan] Dangerzone enters the game.  [0m
[21:10] [0m[32mYou say:[0m rally pls[0m
[21:10] [0m[33;1m[PARTY][0m Dangerzone joins the party.[0m
[21:10] [0m[33;1m[PARTY][0m Nauda has quit the party.[0m
[21:10] [0m[33;1m[PARTY][0m The leader quit the party![0m
[21:10] [0m[33;1m[PARTY][0m New leader for the party: roken.[0m
[21:13] [0m[34;1mDracula shouts:[0m this is why i don't like spiders...*shudders*[0m
[21:14] [0m[32mMichael tells you:[0m still need a rally?[0m
[21:14] [0m[33;1m[Clan] Roken :[0m all good now, nauda got me[0m
[21:14] [0m[35;1mWert [Jedi(Knight)]:[0m rep droid level 1 in shop[0m
[21:15] [0mZelligar says: The Mage Wars have given magic a bad name!                  [0m
[21:15] [0mZelligar says: They are coming for me! I know it!                          [0m
[21:15] [0mZelligar says: Who are you?  You don't seem to be much of a threat.        [0m
[21:16] [0mZelligar says: They are coming for me! I know it!                          [0m
[21:16] [0mZelligar says: They are coming for me! I know it!                          [0m
[21:16] [0m[35;1mMichael [Jedi(48)]:[0m woo![0m
[21:16] [0m[34;1mSquirrel shouts:[0m he likes massive sacs so[0m
[21:16] [0m[33;1m[Clan] Oscar :[0m nix is preppin a pig leg[0m
[21:16] [0mZelligar says: The Mage Wars have given magic a bad name!                  [0m
[21:16] [0m[33;1m[Clan] Oscar :[0m so once he's done his taco[0m
[21:16] [0m[33;1m[Clan] Oscar :[0m i can reset[0m
[21:16] [0m[33;1m[Clan] Oscar :[0m well[0m
[21:16] [0m[33;1m[Clan] Oscar :[0m done the pig leg[0m
[21:16] [0m[33;1m[Clan] Oscar :[0m and then the taco[0m
[21:16] [0mZelligar says: Who are you?  You don't seem to be much of a threat.        [0m
[21:16] [0mZelligar says: They are coming for me! I know it!                          [0m
[21:17] [0mZelligar says: Who are you?  You don't seem to be much of a threat.        [0m
[21:17] [0m[34;1mGrot shouts:[0m any priests wanna touch me? Ftouch me?[0m
[21:17] [0mZelligar says: They are coming for me! I know it!                          [0m
[21:17] [0mZelligar says: They are coming for me! I know it!                          [0m
[21:17] [0m[34;1mCrankshaft shouts:[0m Think you have to state your age for that[0m
[21:17] [0mZelligar says: They are coming for me! I know it!                          [0m
[21:17] [0mZelligar says: Who are you?  You don't seem to be much of a threat.        [0m
[21:17] [0mZelligar says: Who are you?  You don't seem to be much of a threat.        [0m
[21:18] [0mZelligar says: They are coming for me! I know it!                          [0m
[21:18] [0mZelligar says: They are coming for me! I know it!                          [0m
[21:18] [0mZelligar says: Who are you?  You don't seem to be much of a threat.        [0m
[21:18] [0mZelligar says: They are coming for me! I know it!                          [0m
[21:18] [0mZelligar says: They are coming for me! I know it!                          [0m
[21:22] [0m[35;1mGibran [Jedi(34)]:[0m heh, 14 jedi robes in the armoury. A real jedi fights in robes![0m
[21:22] [0m[35;1mWound [Jedi(Knight)]:[0m that was me, buy 2 not 3...[0m
[21:22] [0m[35;1mWound [Jedi(Knight)]:[0m still drugged...[0m
[21:23] [0m[35;1mKsemia [Jedi(Master)]:[0m real jedis fight wearing no robes...or anything else....[0m
[21:23] [0m[35;1mUkyo [Jedi(Knight)]:[0m Real Jedi don't fight.[0m
[21:23] [0m[35;1mGibran [Jedi(34)]:[0m You have to put pants on sometimes. Like, when people come over.[0m
[21:23] [0m[35;1mWound [Jedi(Knight)]:[0m had two nerves blocked...[0m
[21:23] [0m[35;1mWound [Jedi(Knight)]:[0m still cant move my toes.[0m
[21:23] [0m[35;1mKsemia [Jedi(Master)]:[0m bah...speak for yourself[0m
[21:23] [0m[33;1m[Clan] Ser :[0m what[0m
[21:24] [0m[35;1mUkyo [Jedi(Knight)]:[0m lower back nerve pinch?[0m
[21:24] [0m[33;1m[Clan] Ser :[0m u ready to reset[0m
[21:25] [0m[33;1m[Clan] Oscar :[0m no, nix still hasn't finished his taco[0m
[21:25] [0m[33;1m[Clan] Oscar :[0m he's done the pig leg though almost[0m
[21:25] [0m[35;1mMichael [Jedi(48)]:[0m I'm a Jensaarai. I am not your average Jedi. I'm never naked.[0m
[21:25] [0m[35;1mUkyo [Jedi(Knight)]:[0m sciatic?[0m
[21:25] [0m[35;1mWound [Jedi(Knight)]:[0m (he poops in his suit tho)[0m
[21:25] [0m[35;1mHyuga [Jedi(97)]:[0m really? i didnt know[0m
[21:25] [0m[33;1m[Clan] Ser :[0m what[0m
[21:26] [0m[33;1m[Clan] Oscar :[0m BBQ'ing a pig leg for tomorrow[0m
[21:26] [0m[35;1mKsemia [Jedi(Master)]:[0m and both of those combined are why noone likes him....[0m
[21:26] [0m[35;1mMichael [Jedi(48)]:[0m It processes it like a Fremen stillsuit so I can dissipate it later[0m
[21:26] [0m[35;1mKsemia [Jedi(Master)]:[0m doh...wl...or something...[0m
