- = LOG STARTED [00:00] = -
[06:51] [0m[33;1m[Clan] Phenom leaves the game.[0m  [0m
[06:52] [0m[37;1m[JEDI]:[0m Ylenic It'kla arrives at the Academy.[0m
[07:16] [0mYour transmuter's stone bursts with 5 new colours![0m
[07:21] [0m[37;1m[JEDI]:[0m Kerran Halcyon arrives at the Academy.[0m
[07:46] [0m[37;1m[JEDI]:[0m Rhaan arrives at the Academy.[0m
[08:16] [0mYour transmuter's stone bursts with 4 new colours![0m
[08:17] [0m[37;1m[JEDI]:[0m Herah Wylann arrives at the Academy.[0m
[08:36] [0m[34;1mMerrick shouts:[0m wooo, thanks![0m
[08:37] [0m[34;1mXiu shouts:[0m woo woo![0m
[08:37] [0m[34;1mFrank shouts:[0m 2 non bots yay[0m
[08:37] [0m[34;1mFrank shouts:[0m everyone else gets -xp[0m
[08:38] [0m[34;1mTurnhold shouts:[0m Bots you say?[0m
[08:38] [0m[34;1mDrax shouts:[0m Eep[0m
[08:38] [0m[34;1mCaboose shouts:[0m go 'way, bottin![0m
[08:39] [0m[34;1mTurnhold shouts:[0m After all the good stuff I did yesterday, I'd hate to spend today wiping people[0m
[08:39] [0m                 for botting.[0m
[08:39] [0m[34;1mXiu shouts:[0m i'm mudding on a 286, it can't run my bot![0m
[08:39] [0m[34;1mVapor shouts:[0m get those bots![0m
[08:39] [0m[34;1mStasis shouts:[0m 2 non bots? was that the 90s band that sang What's Going On?[0m
[08:39] [0m[34;1mMoltar shouts:[0m lappy386, checkin' email[0m
[08:39] [0m[34;1mTurnhold shouts:[0m 4 non blondes[0m
[08:39] [0m[34;1mMakaveli shouts:[0m we know it won't be able to power an ethernet card xiu[0m
[08:39] [0m[34;1mSquirrel shouts:[0m spear and magic helmet[0m
[08:40] [0mSquirrel flaps : kill da wabbit![0m
[08:42] [0m[34;1mDrax shouts:[0m Nice![0m
[08:51] [0m[37;1m[JEDI]:[0m Janath Meelin arrives at the Academy.[0m
[08:58] [0mnewb Neworder [monk/123]: how do you share the keys to your house with someone?[0m
[08:58] [0mnewb Merrick [cyborg/132]: houseedit help addowner[0m
[08:58] [0mnewb Omni [knight/134]: houseedit share I think[0m
[09:00] [0mnewb Omni [knight/134]: houseedit share <house id> <player name>[0m
[09:00] [0mnewb Neworder [monk/123]: thanks[0m
[09:00] [0mnewb Omni [knight/134]: 100k, guest keys[0m
[09:01] [0mnewb Omni [knight/134]: for just 200k, they're now a full owner[0m
[09:01] [0mnewb Omni [knight/134]: houseedit addowner house_id player_name[0m
[09:04] [0m[34;1mDrax shouts:[0m Woo![0m
[09:16] [0mYour transmuter's stone bursts with 6 new colours![0m
[09:21] [0m[37;1m[JEDI]:[0m Alyssa K'tal arrives at the Academy.[0m
[09:21] [0m[33;1m[Clan] Mud leaves the game.[0m  [0m
[09:58] [0m[37;1m[JEDI]:[0m Talia Ska arrives at the Academy.[0m
[10:08] [0mMerrick <Craft>: bunch of low level bars/shards in crafting box[0m
[10:16] [0mYour transmuter's stone bursts with 5 new colours![0m
[10:21] [0m[33;1m[Clan] Karvec leaves the game.[0m  [0m
[10:21] [0m[33;1m[Clan] Sock wiggles off your foot.[0m  [0m
[10:22] [0m[34;1mKitt shouts:[0m Rims always trying to smoke a Dub[0m
[10:28] [0m[37;1m[JEDI]:[0m Wennic Ber'ni'lok arrives at the Academy.[0m
[10:42] [0mApocalypse flaps : farking comcast, been down over 12hrs[0m
[10:42] [0mYik flaps : this is why i love isps that are in bed with the gov like att[0m
[10:43] [0mKitt flaps : they dont want you to watch Skinamax[0m
[10:43] [0mApocalypse flaps : yeah, may switch over to att fiber now[0m
[10:43] [0mVasha flaps : change your DNS server.. comcasts DNS goes down more often than a cheap hooker..[0m
[10:43] [0mOmni flaps : agree pdog[0m
[10:43] [0mOmni flaps : lol[0m
[10:43] [0mKitt flaps : dont talk about Voodoo like that[0m
[10:43] [0mApocalypse flaps : no signal from comcast in order to chamge dns[0m
[10:43] [0mVasha flaps : i didnt name names.. but apparently YOU know all the cheap hookers.. ;)[0m
[10:43] [0mOmni flaps : point at 8.8.8.8 or 4.2.2.2[0m
[10:43] [0mYik flaps : poke it with a stick till it smokes you[0m
[10:44] [0mGaidin flaps : I had that problem with Cox, too.  Their DNS on their modem was unchangable, so I[0m
[10:44] [0m               had to put it in bridge mode and point my router to Google & OpenDNS[0m
[10:44] [0mKitt flaps : Omni, Voodoo, Vagrant.. List goes on and on[0m
[10:44] [0mGaidin flaps : Vagrant is actually a surprisingly pricy hooker.[0m
[10:44] [0mApocalypse flaps : hmm, will have to mess with that after i get back from picking up groceries[0m
[10:47] [0m[34;1mBahram shouts:[0m Ten! ten Fremen Ah Ah Ah![0m
[10:47] [0mGaidin <Craft>: Do tomes have a unique ID?  Like is there a way to "get miner3" or something?[0m
[10:48] [0mTex <Craft>: 1 A Tome of 'Deep Delving', Volume I. examoke if tome id[0m
[10:48] [0mTex <Craft>: for example[0m
[10:49] [0mGaidin <Craft>: I've read that a couple of times and I'm not sure what you're getting at[0m
[10:49] [0mGaidin <Craft>: What I'd like is to be able to just grab the tome I want from Timmy's without[0m
[10:49] [0m                having to cycle through evertything until I find the right one.[0m
[10:50] [0m[34;1mCrankshaft shouts:[0m Did someone spill their spice supply over the mud?[0m
[10:50] [0m[34;1mZor shouts:[0m You weren't suppost to notice that![0m
[11:00] [0m[37;1m[JEDI]:[0m Durnoth arrives at the Academy.[0m
[11:01] [0mRoken <Craft>: getting tome by name verbatim not good enough?[0m
[11:01] [0mVasha <Craft>: nope[0m
[11:02] [0mRoken <Craft>: smh[0m
[11:02] [0mGaidin <Craft>: It's be really nice if there was a box there for them[0m
[11:13] [0mBruce flaps : i'm chasing an android tablet that i can run tintin on, and watch naughty videos -[0m
[11:13] [0m              anyone have any suggestions? (i know nada about tablets)[0m
[11:16] [0mYour transmuter's stone bursts with 4 new colours![0m
[11:26] [0m[34;1mMetaljaz shouts:[0m flow with the spice[0m
[11:26] [0m[34;1mZor shouts:[0m the spice isn't good![0m
[11:26] [0m[34;1mPdog shouts:[0m Rogue tells you : *stab*[0m
[11:26] [0m[34;1mTex shouts:[0m what was that? flush the spice?[0m
[11:26] [0m[34;1mXiu shouts:[0m just say no![0m
[11:27] [0m[33;1m[Clan] Toren :[0m just finished season 2 of breaking bad[0m
[11:27] [0m[33;1m[Clan] Toren :[0m so happy his wife is packign her bags[0m
[11:30] [0m[37;1m[JEDI]:[0m Reena Bel Noir arrives at the Academy.[0m
[11:39] [0m[35;1mBurnaby [Jedi(71)]:[0m yo![0m
[11:39] [0mBurnaby flaps : Wow. What a week huh?[0m
[11:41] [0m[34;1mPer shouts:[0m if you 'accidentally' let the magic smoke out of your PC can you blow it back in?[0m
[11:42] [0mCrankshaft flaps : How so? Country is open, corona was defeated, and over a billions lives were[0m
[11:42] [0m                   saved in this country alone. All is normal again.[0m
[11:42] [0m[34;1mPdog shouts:[0m Here I have some magic smoke you need to try.[0m
[11:42] [0m[35;1mBurnaby [Jedi(71)]:[0m does the new rogue spec affect light daggers too?[0m
[11:42] [0mAnzyn flaps : it was a joke all along?[0m
[11:43] [0mChopin flaps : I heard it was a politically motivated virus[0m
[11:43] [0mCrankshaft flaps : Of course. Those 40k dead are laughing[0m
[11:43] [0mXiu flaps : i was a plot by big diaper to get people to stay indoors with each other for[0m
[11:43] [0m            extended periods of time. in 9 months they'll be reaping the benefits.[0m
[11:44] [0mCrankshaft flaps : 'reaping' was a typo[0m
[11:45] [0mPdog flaps : it was a plot by all those overpriced fresh food online delivery services noone was[0m
[11:45] [0m             ever going to use[0m
[11:46] [0mXiu flaps : all this just so the bats can try to get back at Ozzy. i'm serioulsy never gonna[0m
[11:46] [0m            make bats mad at me.[0m
[11:46] [0m[34;1mTurnhold shouts:[0m Pdog'd magic smoke == best smoke.[0m
[11:46] [0mPdog flaps : didnt he say it was a bird not a bat?[0m
[11:49] [0m[34;1mByron shouts:[0m Get back in your sietch and drink your pee[0m
[11:56] [0m[37;1m[JEDI]:[0m Tobias Kel'ach'nar arrives at the Academy.[0m
[11:58] [0m[33;1m[Clan] Bruce :[0m lovely walk in london today with my buddy[0m
[11:58] [0m[33;1m[Clan] Bruce :[0m https://photos.app.goo.gl/XUVVYj1t9HDaEMrP6[0m
[11:58] [0m[33;1m[Clan] Bruce :[0m spring has sprung[0m
[11:59] [0m[33;1m[Clan] Toren :[0m how fucking precious[0m
[11:59] [0m[33;1m[Clan] Bruce :[0m that's alfie, he's a dude[0m
[11:59] [0m[33;1m[Clan] Bruce :[0m the dudest of dogs[0m
[12:00] [0m[33;1m[Clan] Ser :[0m so cute[0m
[12:00] [0m[33;1m[Clan] Bruce :[0m qqqqqqqute[0m
[12:01] [0m[33;1m[Clan] Ser :[0m do i want astral steed (psicorps version of golem) or fly[0m
[12:01] [0m[33;1m[Clan] Ser :[0m well psicorps version of golem master, he can hold stuff[0m
[12:02] [0m[33;1m[Clan] Ser :[0m Your own steed always responds to 'my astral steed', so you can give things to your[0m
[12:02] [0m             steed easily even if multiple Psicorps have theirs together in a big horse orgy of[0m
[12:02] [0m             astralness.[0m
[12:02] [0m[33;1m[Clan] Bruce :[0m is it a unicorn?[0m
[12:03] [0m[33;1m[Clan] Ser :[0m no it's a steed[0m
[12:03] [0m[33;1m[Clan] Bruce :[0m it should be a unicorn[0m
[12:03] [0m[33;1m[Clan] Bruce :[0m can you vaf for a unicorn?[0m
[12:04] [0m[33;1m[Clan] Ser :[0m no[0m
[12:05] [0m[33;1m[Clan] Ser :[0m yyyyyy[0m
[12:05] [0m[33;1m[Clan] Toren :[0m fly?[0m
[12:05] [0m[33;1m[Clan] Blutash :[0m Oops[0m
[12:05] [0m[33;1m[Clan] Toren :[0m how do psicorps fly?[0m
[12:05] [0m[33;1m[Clan] Bruce :[0m on their astral unicorn[0m
[12:05] [0m[33;1m[Clan] Ser :[0m we set up a teleport loop[0m
[12:05] [0m[33;1m[Clan] Ser :[0m which gives the illusion of flying[0m
[12:06] [0m[33;1m[Clan] Toren :[0m i see through your bullshit[0m
[12:06] [0m[33;1m[Clan] Ser :[0m Using your psychoportative powers, you generate a teleportation loop that allows[0m
[12:06] [0m             you to move through the air with ease. This gives the illusion that you are flying.[0m
[12:06] [0m[33;1m[Clan] Toren :[0m you drown[0m
[12:06] [0m[33;1m[Clan] Toren :[0m 'disbelieve ser'[0m
[12:07] [0m[33;1m[Clan] Ser :[0m insightful reaction looks nice, it's like another reflex that is guild side[0m
[12:08] [0m[33;1m[Clan] Toren :[0m does guildside automation let you use powers in ways clients/mudside you can't[0m
[12:08] [0m               otherwise?[0m
[12:08] [0m[33;1m[Clan] Blutash :[0m faster and more reliable[0m
[12:09] [0m[33;1m[Clan] Ser :[0m i'm not sure, but it costs gp1 to maintain[0m
[12:10] [0m[33;1m[Clan] Ser :[0m which isn't a huge issue, but i just don't know when i would use it that my[0m
[12:10] [0m             triggers/reflexes don't cover[0m
[12:10] [0m[33;1m[Clan] Toren :[0m nod[0m
[12:10] [0m[33;1m[Clan] Ser :[0m i don't generally have a lot of triggers for stuff, cuz reflex covers most of it[0m
[12:10] [0m[33;1m[Clan] Toren :[0m nfi what psicorps limiters are[0m
[12:10] [0m[33;1m[Clan] Ser :[0m gp2[0m
[12:10] [0m[33;1m[Clan] Ser :[0m really[0m
[12:10] [0m[33;1m[Clan] Ser :[0m that's my biggest one[0m
[12:10] [0m[33;1m[Clan] Toren :[0m I didn't mean as much in resources like guild points[0m
[12:11] [0m[33;1m[Clan] Ser :[0m if i had unlimited gp2 i could tank anything[0m
[12:11] [0m[33;1m[Clan] Toren :[0m Like bards for example, we can't cast and melee without the use of reflex or[0m
[12:11] [0m               repeat or something[0m
[12:11] [0m[33;1m[Clan] Ser :[0m oh our biggest limiter is # of commands/rnd[0m
[12:11] [0m[33;1m[Clan] Toren :[0m And does using this power count against those commands?[0m
[12:12] [0m[33;1m[Clan] Ser :[0m max is 1, w/ chain (t2 power) we can do 2/rnd, w/ hustle (active) we can do 3/rnd,[0m
[12:12] [0m             w/ hustle (passive) i can do 9 actions/rnd...  and yah the it still counts i[0m
[12:12] [0m             believe[0m
[12:13] [0m[33;1m[Clan] Ser :[0m it doesn't count against it if i'm say, drinking a potion, but if i have it set up[0m
[12:13] [0m             to use another guild power, then yah it does[0m
[12:13] [0m[33;1m[Clan] Toren :[0m nod[0m
[12:13] [0m[33;1m[Clan] Toren :[0m so hustle overclocks yourself[0m
[12:13] [0m[33;1m[Clan] Ser :[0m the max i use is hustle active right now[0m
[12:13] [0m[33;1m[Clan] Ser :[0m because the stam costs are overwhelming[0m
[12:14] [0m[33;1m[Clan] Ser :[0m just gonna go w/ an explorer one[0m
[12:15] [0m[33;1m[Clan] Ser :[0m not that i explore much, but none of them seem really useful[0m
[12:15] [0m[33;1m[Clan] Ser :[0m i could do fly, but the amount of times i run auro/boot is nil cuz everyone beats[0m
[12:15] [0m             me there and gives me shard anyways :P[0m
[12:16] [0m[32;1mFrom afar, Zor acks at you.[0m[0m
[12:17] [0m[33;1m[Clan] Toren :[0m fly is useful, but i explore a lot[0m
[12:17] [0m[33;1m[Clan] Toren :[0m and it hurts my soul when I see a "you could investigate the ceiling if you were[0m
[12:17] [0m               a little closer"[0m
[12:17] [0m[33;1m[Clan] Toren :[0m Then you fly up there[0m
[12:18] [0m[33;1m[Clan] Toren :[0m And it says haha i made you go find a flying ring you ignorant fuck[0m
[12:18] [0m[33;1m[Clan] Blutash :[0m Or "You can't see up there it's too high...." but I'm flying, you ignorant[0m
[12:18] [0m                 fuck![0m
[12:23] [0mYour transmuter's stone bursts with 5 new colours![0m
[12:25] [0m[33;1m[Clan] Ser :[0m testing using a combination of chain & hustle to fire dependent on hp (for heals)[0m
[12:25] [0m             but...  it's a little touch and go[0m
[12:27] [0m[37;1m[JEDI]:[0m Kerran Halcyon arrives at the Academy.[0m
[12:34] [0m[33;1m[Clan] Ser :[0m seems to be working and i'm not running out of gp2 as quick[0m
[12:34] [0m[33;1m[Clan] Ser :[0m so that's what i was shooting for[0m
[12:34] [0m[33;1m[Clan] Toren :[0m woo[0m
[12:34] [0m[33;1m[Clan] Ser :[0m only worry is running out of pe because i'm taking too much damage and don't have a[0m
[12:34] [0m             round for my other power to kick in[0m
[12:35] [0m[33;1m[Clan] Ser :[0m but it seems to be a lot easier on the stam...[0m
[12:53] [0m[35;1mInquisitor [Jedi(Knight)]:[0m Oh noes![0m
[12:53] [0m[35;1mAl [Jedi(0)]:[0m can't lose me that easy[0m
[12:57] [0m<- ! The Vigilant ! -> :  A destabilization Kayos event has been detected in Northern Hills of[0m
[12:57] [0m                          Fantasy!  We are localizing it now - get ready![0m
[12:58] [0m[33;1m[Clan] Xaro enters the game.[0m  [0m
[12:58] [0m[37;1m[JEDI]:[0m Ylenic It'kla arrives at the Academy.[0m
[13:02] [0m[35;1mMichael [Jedi(9)]:[0m activate lightsaber[0m
[13:02] [0m[35;1mMichael [Jedi(9)]:[0m activate lightsaber[0m
[13:02] [0m[35;1mMichael [Jedi(9)]:[0m woops[0m
[13:04] [0m[34;1mYik shouts:[0m prepare to open the iris[0m
[13:04] [0m[34;1mZion shouts:[0m It's SG13's IDC[0m
[13:07] [0m[34;1mCrankshaft shouts:[0m Chevron 7... locked[0m
[13:07] [0m[33;1m[Clan] Toren :[0m Str: 50     Dex: 50     Wis: 182    Int: 168    Con: 55     Cha: 80[0m
[13:08] [0m[33;1m[Clan] Toren :[0m woo balance[0m
[13:08] [0m[33;1m[Clan] Bruce :[0m you weak and slow like a sissy, moderately pretty, but very wise and smart[0m
[13:09] [0m[33;1m[Clan] Yik :[0m looks like a good spread so far[0m
[13:09] [0m[33;1m[Clan] Toren :[0m who you callin a cripple[0m
[13:10] [0m[33;1m[Clan] Toren :[0m 15 stats to go, then I'll get a dupe and refresh[0m
[13:10] [0mOmni flaps : road portal 2e/3n[0m
[13:11] [0mOmni flaps : fire fire fire[0m
[13:13] [0mToren flaps : MISTA WORL WIDE![0m
[13:15] [0m[35;1mDroz [Jedi(26)]:[0m Anyone available for an mskill metaphysical training, please?[0m
[13:23] [0mYour transmuter's stone bursts with 2 new colours![0m
[13:24] [0m[34;1mSquirrel shouts:[0m do you stabbity bro? like stab stab stab bro[0m
[13:25] [0m[34;1mNotabot shouts:[0m BORN TO STAB[0m
[13:25] [0m[34;1mInquisitor shouts:[0m Nope.  I kinda vvvrrrrmmmworp.[0m
[13:26] [0m[34;1mCrankshaft shouts:[0m pew pew[0m
[13:27] [0m[37;1m[JEDI]:[0m H'ssani C'talan arrives at the Academy.[0m
[13:38] [0m[34;1mNotabot shouts:[0m psionatrix of metacreativity at MAgic[0m
[13:51] [0m[37;1m[JEDI]:[0m Bithoff Jonansaan arrives at the Academy.[0m
[14:11] [0m[35;1mMichael [Jedi(9)]:[0m we got a keep title command?[0m
[14:14] [0m[34;1mTex shouts:[0m uh oh run[0m
[14:14] [0m[34;1mKichi shouts:[0m woo[0m
[14:14] [0m[34;1mKichi shouts:[0m turntest sounds like a venereal disease[0m
[14:14] [0m[34;1mBahram shouts:[0m I like big robuts and I cannot lie[0m
[14:16] [0m[34;1mSquirrel shouts:[0m your bot is on[0m
[14:17] [0m[34;1mZor shouts:[0m then You die![0m
[14:20] [0m[37;1m[JEDI]:[0m Janath Meelin arrives at the Academy.[0m
[14:24] [0mYour transmuter's stone bursts with 4 new colours![0m
[14:24] [0m[35;1mInquisitor [Jedi(Knight)]:[0m 1.1M critters and their corpses don't rate as a & in my coffin. [0m
[14:24] [0m                           Shenanigans I say![0m
[14:46] [0mZorbaine {Professions}: D R A G O O N S  R O O L[0m
[14:46] [0mToren {Professions}: d*[0m
[14:46] [0mSylph {Professions}: yeah!![0m
[14:47] [0mYik {Professions}: jump, for joy![0m
[14:47] [0mXiu {Professions}: never trust a dragoon, the second you've got the earth crystal he'll steal it[0m
[14:47] [0m                   from you and run off.[0m
[14:47] [0mGaidin {Professions}: Spoilers![0m
[14:52] [0m[37;1m[JEDI]:[0m Bithoff Jonansaan arrives at the Academy.[0m
[15:00] [0m[35;1mMichael [Jedi(10)]:[0m Are there any active Jensaarai?[0m
[15:01] [0m[35;1mSaim [Jedi(Elder)]:[0m not really[0m
[15:01] [0m[35;1mAdalius [Jedi(WGM)]:[0m Although they are also on my list for updates soon[0m
[15:01] [0m[35;1mMichael [Jedi(10)]:[0m They interest me a lot. Wert is the only non pure light jedi I've seen[0m
[15:02] [0m[35;1mMichael [Jedi(10)]:[0m I remember the old days when we'd walk past an elephant man that was a Jens.[0m
[15:02] [0m                    I never saw Teepo fight. But I always expected them to hit like trucks since[0m
[15:02] [0m                    they never had deflect mode even when it was a thing[0m
[15:03] [0m[35;1mSaim [Jedi(Elder)]:[0m everyone gets deflect now[0m
[15:03] [0m[35;1mMichael [Jedi(10)]:[0m That's pretty cool[0m
[15:03] [0m[35;1mAdalius [Jedi(WGM)]:[0m well[0m
[15:03] [0m[35;1mAdalius [Jedi(WGM)]:[0m nobody gets deflect mode, everybody gets force deflect, different mechanic[0m
[15:03] [0m                     but somewhat similar[0m
[15:04] [0m[35;1mWert [Jedi(51)]:[0m i miss deflecting things with my lightstaff back in the day heh[0m
[15:04] [0m[35;1mMichael [Jedi(10)]:[0m lightdaggers must be interesting now with flurry as their only mode[0m
[15:05] [0m[35;1mMichael [Jedi(10)]:[0m I liked lightsaber because it has two modes. Sounded like the others only[0m
[15:05] [0m                    have one[0m
[15:07] [0m[35;1mMichael [Jedi(10)]:[0m So traditions need updates. How out of date are they? Be a mistake to get in[0m
[15:07] [0m                    until after?[0m
[15:09] [0m[35;1mSaim [Jedi(Elder)]:[0m idk - they arent broken, but its always a tradeoff - you usually get more[0m
[15:09] [0m                    protection in trade for dmg[0m
[15:10] [0m[35;1mSaim [Jedi(Elder)]:[0m and darkside is opposite[0m
[15:10] [0m[35;1mMichael [Jedi(10)]:[0m So that is the update piece? The traditions need updating on their damage,[0m
[15:10] [0m                    but they've got some better defense?[0m
[15:10] [0m[35;1mSaim [Jedi(Elder)]:[0m not really - most traditions still use lightsabers - lightsaber combat is ok[0m
[15:10] [0m                    atm[0m
[15:11] [0m[35;1mAdalius [Jedi(WGM)]:[0m Depends on the trad. Teepo are getting a damage update today, as are most[0m
[15:11] [0m                     darkside using trads, jenns are getting an armor update soon[0m
[15:11] [0m[35;1mAl [Jedi(11)]:[0m You know there is a problem with the education system when you realize that out[0m
[15:11] [0m               of the 3 R's only one begins with an R.[0m
[15:11] [0m[35;1mMichael [Jedi(10)]:[0m Nice. So it wouldn't be that big of a mistake if I worked on/towards[0m
[15:11] [0m                    jensaarai now then[0m
[15:11] [0m[35;1mMichael [Jedi(10)]:[0m And that's awesome for Teepo[0m
[15:12] [0m[35;1mSaim [Jedi(Elder)]:[0m no jens is not broken imo[0m
[15:12] [0m[35;1mSaim [Jedi(Elder)]:[0m its actually better than its ever been[0m
[15:12] [0m[35;1mMichael [Jedi(10)]:[0m Wow... thanks. That's awesome[0m
[15:12] [0m[35;1mSaim [Jedi(Elder)]:[0m they added back all the cool stuff like masks[0m
[15:13] [0m[35;1mMichael [Jedi(10)]:[0m I need to figure out where peole coin now-a-days then[0m
[15:13] [0m[35;1mMichael [Jedi(10)]:[0m beause Jensaarai are the thing that makes me smile the most[0m
[15:13] [0m[35;1mAl [Jedi(11)]:[0m hmm[0m
[15:21] [0m[37;1m[JEDI]:[0m H'ssani C'talan arrives at the Academy.[0m
[15:24] [0mYour transmuter's stone bursts with 2 new colours![0m
[15:33] [0m[34;1mHooligan shouts:[0m fremport![0m
[15:36] [0m[33;1m[Clan] Ser :[0m hmm i could spend 75$ on vafs for psi and take 5 tours off, get 1 tour back and...[0m
[15:36] [0m             *checks cost*[0m
[15:37] [0m[33;1m[Clan] Ser :[0m i'd have 400mil to spend on skills[0m
[15:37] [0m[33;1m[Clan] Ser :[0m but i'd lost a t6 power[0m
[15:37] [0m[33;1m[Clan] Ser :[0m err t7[0m
[15:40] [0m[33;1m[Clan] Saim :[0m adal working on dark jedi[0m
[15:40] [0m[33;1m[Clan] Saim :[0m Xaro hits mob for 120,120,124 damage. The MUD implodes.[0m
[15:41] [0m[33;1m[Clan] Xaris :[0m I am excitred![0m
[15:41] [0m[33;1m[Clan] Saim :[0m hehe[0m
[15:43] [0m[34;1mHooligan shouts:[0m woooooooT[0m
[15:45] [0m[33;1m[Clan] Xaris :[0m he said do not expect TOO much damage upgrade at 1st[0m
[15:45] [0m[33;1m[Clan] Xaris :[0m is better to add a little at a time[0m
[15:45] [0m[33;1m[Clan] Saim :[0m yea that was from a testing accident[0m
[15:46] [0m[33;1m[Clan] Xaris :[0m I would rather have the MOST possible, the adjust from there[0m
[15:52] [0m[37;1m[JEDI]:[0m Talia Ska arrives at the Academy.[0m
[16:01] [0m[35;1mAl [Jedi(12)]:[0m what if droz was actually Dr.Oz[0m
[16:02] [0m[35;1mMichael [Jedi(11)]:[0m He probably is![0m
[16:04] [0m[35;1mSaim [Jedi(Elder)]:[0m i can confirm[0m
[16:04] [0m[35;1mAl [Jedi(12)]:[0m I KNEW IT![0m
[16:04] [0m[35;1mAl [Jedi(12)]:[0m did i just solve the guild quest?[0m
[16:04] [0m[35;1mAl [Jedi(12)]:[0m it seems like i solved it just now[0m
[16:05] [0m[35;1mSaim [Jedi(Elder)]:[0m yes - you got 1 skill point for doing so, but also we took 1 skill point[0m
[16:05] [0m                    away because of style[0m
[16:05] [0m[35;1mAl [Jedi(12)]:[0m sonofa[0m
[16:07] [0m[33;1m[Clan] Ser :[0m moo[0m
[16:08] [0m[34;1mSer shouts:[0m TURN DOWN FOR WHAT[0m
[16:08] [0m[34;1mSomeone shouts:[0m Because it's quiet time.[0m
[16:09] [0m[35;1mDroz [Jedi(26)]:[0m No doctorate here. I went with the Reverend package from the online church, not[0m
[16:09] [0m                 the doctorate.[0m
[16:10] [0m[35;1mAl [Jedi(12)]:[0m Rev. DrOz[0m
[16:11] [0m[35;1mAl [Jedi(12)]:[0m laf[0m
[16:11] [0m[34;1mZor shouts:[0m shhhhhhhhhhhhhhhhhhhh be very,very, quiet......were huting wabbits!!!!!!!![0m
[16:12] [0m[34;1mSquirrel shouts:[0m turnd own for stabbity[0m
[16:28] [0m[37;1m[JEDI]:[0m Wennic Ber'ni'lok arrives at the Academy.[0m
[16:29] [0m[35;1mMichael [Jedi(11)]:[0m Really glad I asked about Jensaarai and the other trads now.[0m
[16:29] [0m[35;1mMichael [Jedi(11)]:[0m How is everyone's Sunday going?[0m
[16:30] [0m[35;1mDroz [Jedi(26)]:[0m Kinda half considering Jensaarai myself[0m
[16:31] [0m[35;1mMichael [Jedi(11)]:[0m we could do it together... choose similar animals[0m
[16:31] [0m[35;1mAl [Jedi(13)]:[0m laf, don't worry[0m
[16:31] [0m[35;1mAl [Jedi(13)]:[0m wl[0m
[16:32] [0m[35;1mDroz [Jedi(26)]:[0m More likely to stay Jedi, because well what's wrong with just a normal Jedi[0m
[16:46] [0m[34;1mVoodoo shouts:[0m It's Maverik! Hide your women and your sheep![0m
[16:46] [0m[34;1mKitt shouts:[0m Eeek[0m
[16:47] [0m[34;1mZor shouts:[0m just run away.....so You can't be found![0m
[16:47] [0m[34;1mVilgan shouts: [0mI want everyone to know that Caboose is a big dumb meany.[0m
[16:55] [0m[34;1mSquirrel shouts:[0m lag is back, blame Maverik[0m
[16:55] [0m[34;1mVilgan shouts: [0mArgh, I'm dying!  Chocula is a meany![0m
[16:57] [0m[34;1mAl shouts:[0m that szuczkszsth[0m
[16:59] [0m[37;1m[JEDI]:[0m Tobias Kel'ach'nar arrives at the Academy.[0m
[17:12] [0mYour transmuter's stone bursts with 6 new colours![0m
[17:14] [0mnewb Yardleblarp [psicorps/37]: can the pool of goodness make me more good? or do I need a[0m
[17:14] [0m                                priest to flagellate me the rest of the way?[0m
[17:15] [0mnewb Caboose [cyborg/136]: pool sets you to 'nice', at a hard number, won't do more a second[0m
[17:15] [0m                           time, will just set you back to that number[0m
[17:16] [0mnewb Yardleblarp [psicorps/37]: ah, thank you.[0m
[17:17] [0m[34;1mPdog shouts:[0m The Spice Must Flow![0m
[17:17] [0m[34;1mHullabaloo shouts:[0m woooooo[0m
[17:17] [0m[34;1mEagleeyes shouts:[0m woo woo[0m
[17:17] [0m[34;1mZor shouts:[0m woo!!!!!!!!!!!!!!!!!!!!!!!!!!!!!!!!!!!!!!!!!!!![0m
[17:21] [0m[37;1m[JEDI]:[0m Rhaan arrives at the Academy.[0m
[17:34] [0m[34;1mSquirrel shouts:[0m I blame maverik[0m
[17:34] [0m[34;1mMaverik shouts:[0m it's still not my fault dammit!![0m
[17:34] [0m[34;1mOmni shouts:[0m that's just what a guilty person would say[0m
[17:49] [0m[37;1m[JEDI]:[0m Reena Bel Noir arrives at the Academy.[0m
[17:57] [0m[33;1m[Clan] Zorbaine :[0m merrick[0m
[17:57] [0m[33;1m[Clan] Zorbaine :[0m oops[0m
[17:57] [0m[33;1m[Clan] Zorbaine :[0m merrick[0m
[17:57] [0m[33;1m[Clan] Zorbaine :[0m oops[0m
[17:58] [0m[33;1m[Clan] Byron :[0m #1 dragoon[0m
[17:58] [0m[33;1m[Clan] Zorbaine :[0m fuckin cheater[0m
[18:05] [0mApocalypse flaps : wow wtf going on in nova scotia..[0m
[18:06] [0mTomfoolery flaps : yikes[0m
[18:06] [0mAdalius flaps : All due to COVID-19, says so on the death certificates.[0m
[18:07] [0mTurnhold flaps : man shot in head 9 times, dies from COVID-19.[0m
[18:08] [0mAl flaps : sounds about right for this timeline[0m
[18:08] [0mXiu flaps : this is what happens when we don't sterilize our ammo[0m
[18:09] [0mAdalius flaps : I had to use Back to the Future 2's split timelines to explain to someone why[0m
[18:09] [0m                they couldn't use the current COVID numbers to say that it clearly isnt that bad[0m
[18:09] [0m                and we should stop quarantining[0m
[18:10] [0mAl flaps : explain more[0m
[18:10] [0mAl flaps : i'm curious how you did it[0m
[18:10] [0mAl flaps : i tried to explain by asking people if they can multiply by 2[0m
[18:11] [0mElminster flaps : so heres the thing about time travel in back to the future 2:  <blah blah[0m
[18:11] [0m                  blah>  So anyway, you are an idiot.[0m
[18:11] [0mXiu flaps : now i want to go out hoverboarding but i'm sheltering in place. plus, i haven't got[0m
[18:11] [0m            a hoverboard.[0m
[18:11] [0mAl flaps : laf, elminster[0m
[18:11] [0mAdalius flaps : Much like the timeline split and going forward would always be the revised[0m
[18:11] [0m                future, we're now in the timeline where efforts were made to quarantine and thus[0m
[18:11] [0m                all numbers from that 'split' point forward are only applicable to this timeline[0m
[18:11] [0m                and cannot be used to justify anything that may have occured in the alternate[0m
[18:11] [0m                timeline where we didn't quarantine or did something different.[0m
[18:11] [0mAdalius flaps : Elminster seems to have made my entire typing futile. Could have really[0m
[18:11] [0m                abbreviated it like that I guess.[0m
[18:12] [0mAl flaps : that sounds too complicated for someone who can't understand exponential growth[0m
[18:12] [0mYour transmuter's stone bursts with 3 new colours![0m
[18:14] [0mXiu flaps : it's sort of like how ppl will get prescribed a round of antibiotics and stop taking[0m
[18:14] [0m            them as soon as they feel better, only for the infection to flare up again. when a[0m
[18:14] [0m            thing works you don't stop doing it till it's done working. that's what she said.[0m
[18:14] [0mAdalius flaps : I used that one already too[0m
[18:14] [0mArmand flaps : what is COVID?[0m
[18:15] [0mOmni flaps : that's when two people watch a movie[0m
[18:15] [0mAdalius flaps : a new car from Tesla[0m
[18:15] [0mArmand flaps : oh nice..havn't seen that one yet[0m
[18:19] [0m[37;1m[JEDI]:[0m Kerran Halcyon arrives at the Academy.[0m
[18:21] [0mFd  Wm:g Wc: 35% Gx: 39.72% Fx: 53.43%[0m
[18:43] [0m[37;1m[JEDI]:[0m Durnoth arrives at the Academy.[0m
[18:57] [0m[35;1mMichael [Jedi(12)]:[0m woo![0m
[19:13] [0mYour transmuter's stone bursts with 5 new colours![0m
[19:13] [0m[37;1m[JEDI]:[0m Ylenic It'kla arrives at the Academy.[0m
[19:15] [0m[34;1mPdog shouts:[0m neworder was slick and deserves an award for avoiding a death there :)[0m
[19:15] [0m[34;1mKitt shouts:[0m He Moved and killed us[0m
[19:17] [0m[34;1mEagleeyes shouts:[0m woo woo[0m
[19:17] [0m[34;1mPdog shouts:[0m woot[0m
[19:17] [0m[34;1mThadar shouts:[0m bs![0m
[19:17] [0m[34;1mZor shouts:[0m woo!!!!!!!!!!!!!!!!!!!!!!!!!!!!!!!!!!!!!!![0m
[19:18] [0m[34;1mKitt shouts:[0m Got that sucker back[0m
[19:18] [0m[34;1mPdog shouts:[0m delayed blast fireball[0m
[19:47] [0m[37;1m[JEDI]:[0m Herah Wylann arrives at the Academy.[0m
[20:13] [0mYour transmuter's stone bursts with 6 new colours![0m
[20:19] [0m[37;1m[JEDI]:[0m Alyssa K'tal arrives at the Academy.[0m
[20:23] [0m[33;1m[Clan] Roor leaves the game.[0m  [0m
[20:24] [0m[34;1mSomeone shouts:[0m Red Base. Bust Bots. Get XP back.[0m
[20:25] [0m[34;1mMellaous shouts:[0m Drinking Scotch again?[0m
[20:25] [0m[34;1mXiu shouts:[0m get their gxp too, hit 'em where it really hurts![0m
[20:41] [0m[33;1m[Clan] Ser :[0m i'm not a good xp-er[0m
[20:41] [0m[33;1m[Clan] Ser :[0m mt[0m
[20:42] [0m[33;1m[Clan] Ser :[0m come e[0m
[20:42] [0m[33;1m[Clan] Ser :[0m mt[0m
[20:42] [0m[33;1m[Clan] Roken :[0m thought you can hide from massxp[0m
[20:43] [0m[33;1m[Clan] Ser :[0m vaf[0m
[20:43] [0m[33;1m[Clan] Ser :[0m vaf massxp1/massxp2[0m
[20:43] [0m[33;1m[Clan] Roken :[0m yes.. and i see you @ 17[0m
[20:43] [0m[33;1m[Clan] Ser :[0m right[0m
[20:43] [0m[33;1m[Clan] Ser :[0m i don't have it on this char[0m
[20:47] [0m[33;1m[Clan] Ser :[0m yo nix[0m
[20:47] [0m[33;1m[Clan] Ser :[0m wanna play mw2[0m
[20:49] [0m[37;1m[JEDI]:[0m Rhaan arrives at the Academy.[0m
[20:50] [0m[34;1mHullabaloo shouts:[0m woooo[0m
[20:50] [0m[34;1mThadar shouts:[0m huzzah![0m
[20:51] [0m[35;1mMichael [Jedi(13)]:[0m Congrars[0m
[20:51] [0m[35;1mMichael [Jedi(13)]:[0m Congrats too[0m
[20:51] [0m[35;1mAl [Jedi(16)]:[0m danke[0m
[20:56] [0m[35;1mAl [Jedi(16)]:[0m doh[0m
[20:56] [0m[35;1mAl [Jedi(16)]:[0m don't worry, life'll do it soon enough[0m
[20:56] [0m[35;1mAl [Jedi(16)]:[0m because 'honey, i have to work' wont work every weekend :([0m
[21:09] [0mCaeli flaps : Yay, another stormy night and dealing with a storm anxious dog.  My poor baby. :([0m
[21:10] [0m[34;1mZor shouts:[0m woo!!!!!!!!!!!!!!!!!!!!!!!!!!!!!!!!!!!!!!!!!!!!!!!!!!!!!!!!!!!!!![0m
[21:10] [0m[34;1mPolo shouts:[0m wow, i feel like that was a botcheck, half the mud responded, tganks guys![0m
[21:11] [0m[34;1mAl shouts:[0m Marco![0m
[21:13] [0mYour transmuter's stone bursts with 4 new colours![0m
[21:15] [0m[34;1mRoken shouts:[0m to what?[0m
[21:16] [0m[35;1mRoken [Jedi(82)]:[0m 200 frags laf... anyone need?[0m
[21:16] [0m[34;1mZor shouts:[0m that's a secret![0m
[21:22] [0m[37;1m[JEDI]:[0m H'ssani C'talan arrives at the Academy.[0m
[21:24] [0mAdalius flaps : Cat is annoying as hell, I play a 'cat repellant' video on Youtube... cat goes[0m
[21:24] [0m                into full on cuddle mode and gets MORE annoying[0m
[21:24] [0m[34;1mAsimov shouts:[0m Cat logged out over 6 years ago.[0m
[21:24] [0mPdog flaps : Time to get CoronaCatVirus[0m
[21:25] [0m[34;1mDin shouts:[0m and is simultaneously logged in... until it is perceived and one reality closes[0m
[21:26] [0m[34;1mPdog shouts:[0m SchroDINger[0m
[21:26] [0m[34;1mHullabaloo shouts:[0m qinfo![0m
[21:48] [0m[37;1m[JEDI]:[0m Talia Ska arrives at the Academy.[0m
[22:07] [0m[34;1mMorion shouts:[0m *BREED* return home, because quarantine said so.[0m
[22:13] [0mYour transmuter's stone bursts with 4 new colours![0m
[22:23] [0m[37;1m[JEDI]:[0m Wennic Ber'ni'lok arrives at the Academy.[0m
[22:39] [0m[35;1mMichael [Jedi(14)]:[0m go Al[0m
[22:39] [0m[35;1mAl [Jedi(17)]:[0m danke :)[0m
[22:39] [0m[35;1mAl [Jedi(17)]:[0m sadly, now its bedtime[0m
[22:50] [0m[34;1mFluffy shouts:[0m big letters[0m
[22:50] [0m[34;1mZor shouts:[0m woo!!!!!!!!!!!!!!!!!!!!!!!!!!!!!!!!!!!!!!!!!!!!!!!!!!!!!!!!![0m
[22:50] [0m[34;1mCrankshaft shouts:[0m tiny name[0m
[22:53] [0m[33;1m[Clan] Yik leaves the game.[0m  [0m
[22:53] [0m[33;1m[Clan] Zik enters the game.[0m  [0m
[22:55] [0m[37;1m[JEDI]:[0m Tobias Kel'ach'nar arrives at the Academy.[0m
[23:04] [0m[35;1mRoken [Jedi(82)]:[0m 212 frags in[0m
[23:13] [0mYour transmuter's stone bursts with 3 new colours![0m
[23:21] [0mAdalius flaps : It is kinda strange how the whole world got COVID, but China got it right off[0m
[23:21] [0m                the bat[0m
[23:21] [0mFluffy flaps : ba boom ching![0m
[23:21] [0mLeianne flaps : it's their biological weapon![0m
[23:22] [0mZik flaps : defly strange their first sars just sorta dissapeared[0m
[23:22] [0mEli flaps : kinda weird that anyone got it since it's a myth created to distract us from the[0m
[23:22] [0m            reptilian takeover[0m
[23:22] [0m[33;1m[Clan] Sock wiggles on your foot.[0m  [0m
[23:23] [0mFluffy flaps : skynet, in cooperation with alien overlords[0m
[23:23] [0mYardleblarp flaps : it's rewriting our brains so we will be more pliable when they make their[0m
[23:23] [0m                    bid to become the global government[0m
[23:23] [0mZik flaps : most of the BRIC bank countries are doing better than everyone else[0m
[23:24] [0mLeianne flaps : Can see that China extends their dominance over the region with the US aircraft[0m
[23:24] [0m                carriers crippled by the virus[0m
[23:25] [0mLeianne flaps : even Australia's supply aid to cyclone devastated Vanuatu is blocked by the[0m
[23:25] [0m                chinese now...[0m
[23:25] [0m[37;1m[JEDI]:[0m Reena Bel Noir arrives at the Academy.[0m
[23:26] [0mStasis flaps : I always thought the Reptilians were at war with the Amphibians? And the[0m
[23:26] [0m               Amphibians at war with Eastasia? Hard to keep up. Wasn't that why they put[0m
[23:26] [0m               chemicals in the water to turn all the frogs gay?[0m
[23:28] [0mZik flaps : wait, china is blockading australia?[0m
[23:28] [0mLeianne flaps : that's the tension developed over the weekend[0m
[23:28] [0mLeianne flaps : We are just trying to fly supply over there and had to fly back..[0m
[23:29] [0mStasis flaps : how dare Australia not sell all its companies to China! surely they're vastly[0m
[23:29] [0m               appreciative of China buying all their minerals[0m
[23:31] [0mLeianne flaps : just have to say CCP is pure evil. They even blocked european aids flying over[0m
[23:31] [0m                their airspace to assist with the rescue of earthquake victims in taiwan a few[0m
[23:31] [0m                years back[0m
[23:31] [0mLeianne flaps : causing delays and lost of human lives[0m
[23:32] [0mZik flaps : they defly get a bad rep, but i cant blame em[0m
[23:32] [0mZik flaps : if i had airspace id tell people to go away too![0m
[23:33] [0mLeianne flaps : wait till you have chinese army building an island on the public sea outside[0m
[23:33] [0m                your country and block incoming ships[0m
[23:33] [0m[34;1mKitt shouts:[0m Tomorrow is 4/20. Please remeber to leave out milk and Cookies for Snoop Dawg[0m
[23:33] [0m[34;1mKenny shouts:[0m You mean Pdog?[0m
[23:34] [0mZik flaps : wait, the blockade is a man made islan?[0m
[23:34] [0mLeianne flaps : heh.. isn't that already happening in the South China Sea? Cargo ships had to[0m
[23:34] [0m                detour because of the army base there..[0m
[23:35] [0mKenny flaps : Army told them reboot was in 30 seconds and they fell for it[0m
[23:35] [0mLeianne flaps : US and China destroyers came to meters apart from each other[0m
[23:35] [0mLeianne flaps : now US navy is crippled by the virus.. that region is owned by CCP[0m
[23:36] [0mZik flaps : most big nations do tend to like owning areas around em[0m
[23:36] [0mZik flaps : a few have partook![0m
[23:37] [0mLeianne flaps : heh.. the thing is, the area is actually closer to Malaysia, Indonesia and[0m
[23:37] [0m                Phillipines.. in SE asia[0m
[23:39] [0mZik flaps : bigger nations tend to be pushier[0m
[23:40] [0mStasis flaps : 'Tomorrow, when the War Began' might actually tomorrow!  Oh and how good is[0m
[23:40] [0m               Phoebe Tonkin![0m
[23:56] [0m[37;1m[JEDI]:[0m Janath Meelin arrives at the Academy.[0m
