- = LOG STARTED [00:00] = -
[00:24] [0m[37;1mCaeli flaps :[0m What is the point of being an evocation wizard if you can't go[0m
[00:24] [0m              throwing fireballs around willy nilly????[0m
[00:25] [0m[37;1mFluffy flaps :[0m i blame the parents[0m
[00:25] [0m[37;1mThadar flaps :[0m at least get your party fire res rings.[0m
[00:25] [0m[37;1mVoler flaps :[0m they have an excellent health insurance package[0m
[00:26] [0m[37;1mCaeli flaps :[0m Like, my party doesn't want me to do ANYTHING flashy. I have[0m
[00:26] [0m              to be quiet, I have to not make a ton of noise. Bah[0m
[00:26] [0m[37;1mCaeli flaps :[0m Evocation wizards can spell shape as to not hit allies.[0m
[00:27] [0m[37;1mCaeli flaps :[0m Don't use things that cost money to make. I'm really[0m
[00:27] [0m              frustrated.[0m
[00:27] [0m[37;1mFluffy flaps :[0m suuuuuure they can[0m
[00:28] [0m[37;1mYik flaps :[0m what alignment are you?[0m
[00:28] [0m[37;1mCaeli flaps :[0m True neutral[0m
[00:28] [0m[37;1mThadar flaps :[0m shoulda rolled that shadow monk imo[0m
[00:28] [0m[37;1mYik flaps :[0m playcult and burn them to the ground[0m
[00:29] [0m<- ! The Vigilant ! -> :  A destabilization Kayos event has been detected in[0m
[00:29] [0m                          Deserts of Fantasy!  We are localizing it now -[0m
[00:29] [0m                          get ready![0m
[00:29] [0m[37;1mCaeli flaps :[0m True neutral deep gnome 12 levels in wizard, 2 levels as grave[0m
[00:29] [0m              cleric and a warlock level forced upon me.[0m
[00:30] [0m[37;1mYik flaps :[0m well we all know you never resist a warlock[0m
[00:32] [0m[37;1mVoodoo flaps :[0m You can't triple stamp a double stamp! No anti-quitsies, no[0m
[00:32] [0m               erasies, touch blue make it true.[0m
[00:32] [0m[37;1mFluffy flaps :[0m straight from the horse's mouth .. or some other orifice![0m
[00:38] [0m[34;1mWhoknows shouts:[0m Regulators!!! Mount up![0m
[00:38] [0m[34;1mYik shouts:[0m youre not my supervisor![0m
[00:40] [0m[34;1mWhoknows shouts:[0m makes me think something else is happening in the desert[0m
[00:40] [0m                 that these weird beings keep showing up over there[0m
[00:40] [0m[34;1mAlassra shouts:[0m Shai-hulud![0m
[00:40] [0m[34;1mFluffy shouts:[0m swallow the worm![0m
[00:40] [0m[34;1mYik shouts:[0m sign me up for a spice bong the size of a small room[0m
[00:41] [0m[31;1m[Clan] Archangel :[0m Event portal: desert portal/2n/5w poisonous[0m
[00:42] [0m[37;1mArchangel flaps :[0m Event portal: desert portal/2n/5w poisonous[0m
[05:17] [0mYou can currently reforge 12 items.[0m
[05:17] [0mYou can currently reforge 0 items.[0m
[06:01] [0mYou can currently reforge 4 items.[0m
[06:26] [0m[31;1m[Clan] Dangerzone :[0m good morning![0m
[06:26] [0m[31;1m[Clan] Bruce :[0m morning :)[0m
[07:01] [0mYou can currently reforge 8 items.[0m
[07:12] [0m[34;1mTony shouts:[0m Wert doesn't like my singing!![0m
[07:27] [0m[31;1m[Clan] Dangerzone :[0m long road to 6B, I want at least refresh room. 22M/hr[0m
[07:27] [0m                    laf[0m
[07:28] [0m[31;1m[Clan] Dangerzone :[0m a better goal for this char honestly. Stats have only[0m
[07:28] [0m                    done a smidge compared to glvling[0m
[07:31] [0m[37;1mWert flaps :[0m have og cmc day 3, msg for duping[0m
[07:31] [0m[34;1mAl shouts:[0m HOT PIE![0m
[07:47] [0m[31;1m[Clan] Byron :[0m The Queen of Hearts has reset.[0m
[07:53] [0m[31;1m[Clan] Taleast :[0m morning[0m
[07:54] [0m[31;1m[Clan] Byron :[0m mornin[0m
[07:54] [0m[37;1mByron flaps :[0m GOOD DAY THREE KAY[0m
[07:56] [0m[37;1mSevenofnine flaps :[0m its wert it[0m
[07:56] [0m[37;1mWert flaps :[0m got it[0m
[07:56] [0m[37;1mWert flaps :[0m msg me if you need or are there lots of you?[0m
[07:58] [0m[31;1m[Clan] Byron :[0m hmmmm anyone need day 3 tanked?[0m
[07:59] [0m[31;1m[Clan] Bruce :[0m i'm good, will wait for day 5 :)[0m
[07:59] [0m[31;1m[Clan] Bruce :[0m and then you can tank for me![0m
[08:01] [0m[31;1m[Clan] Byron :[0m The Queen of Hearts has reset.[0m
[08:02] [0mYou can currently reforge 12 items.[0m
[08:03] [0m[31;1m[Clan] Byron :[0m man aliens hit so fucking hard[0m
[08:04] [0m[31;1m[Clan] Bruce :[0m i've not explored 2.0 - how big are they there?[0m
[08:04] [0m[34;1mSevenofnine shouts:[0m I am Locutus - of Borg. Resistance - is futile. Your[0m
[08:04] [0m                    life, as it has been - is over. From this time forward,[0m
[08:04] [0m                    you will service - us.[0m
[08:05] [0m[34;1mJavelin shouts:[0m 'Service' you, eh?[0m
[08:05] [0m[31;1m[Clan] Byron :[0m like 6-12mil[0m
[08:05] [0m[31;1m[Clan] Byron :[0m But they almost just killed me[0m
[08:05] [0m[31;1m[Clan] Bruce :[0m oh ugh[0m
[08:05] [0m[31;1m[Clan] Byron :[0m They hit so fucking hard[0m
[08:05] [0m[34;1mEcholoc shouts:[0m well 7 of 9 was rather hot[0m
[08:05] [0m[34;1mJavelin shouts:[0m On 3k it's a total catfish situation.[0m
[08:05] [0m[34;1mSevenofnine shouts:[0m naughty javelin, changeling, when you are assimilated we[0m
[08:05] [0m                    will study your sex drive[0m
[08:07] [0m[34;1mData shouts:[0m Mister Worf, dispatch a subspace message to Admiral Hanson. We[0m
[08:07] [0m             have engaged the Borg.[0m
[08:08] [0m[34;1mIjon shouts:[0m -tugs uniform-[0m
[08:08] [0m[31;1m[Clan] Byron :[0m a ton of ROHs about to go into box[0m
[08:08] [0m[31;1m[Clan] Taleast :[0m damn[0m
[08:08] [0m[31;1m[Clan] Byron :[0m once this queen dies[0m
[08:08] [0m[34;1mEcholoc shouts:[0m data wouldn't have anybody else do things... he runs the[0m
[08:08] [0m                ship alone most evenings[0m
[08:09] [0m[34;1mEcholoc shouts:[0m woo woot[0m
[08:10] [0m[31;1m[Clan] Bruce :[0m i'll take all the +axe ones thanks[0m
[08:14] [0m[31;1m[Clan] Byron :[0m you'd like that wouldn't ya[0m
[08:14] [0m[31;1m[Clan] Bruce :[0m I WOULD LIKE THAT[0m
[08:14] [0m[31;1m[Clan] Byron :[0m i got +3 atm[0m
[08:14] [0m[31;1m[Clan] Bruce :[0m wtfs![0m
[08:14] [0m[31;1m[Clan] Byron :[0m one +2, one +1[0m
[08:14] [0m[31;1m[Clan] Bruce :[0m i got +3 but 3x, gimme yours and we'll call it even[0m
[08:17] [0m[31;1m[Clan] Byron :[0m 9 ROHs in[0m
[08:22] [0m[31;1m[Clan] Sparkie :[0m anyone got a couple rings of speed i could totally just[0m
[08:22] [0m                 take for myself?[0m
[08:23] [0m[31;1m[Clan] Byron :[0m you want +dex?[0m
[08:23] [0m[31;1m[Clan] Sparkie :[0m yes.[0m
[08:23] [0m[31;1m[Clan] Byron :[0m I bet I donated a bunch to bard box from belochs[0m
[08:23] [0m[31;1m[Clan] Byron :[0m The Queen of Hearts has reset.[0m
[08:23] [0m[34;1mFlaxen shouts:[0m sup[0m
[08:23] [0m[34;1mDin shouts:[0m yo[0m
[08:24] [0m[31;1m[Clan] Byron :[0m 2 in cbox[0m
[08:24] [0m[31;1m[Clan] Sparkie :[0m how do i get to the clan hall?[0m
[08:24] [0m[31;1m[Clan] Byron :[0m ummm home 227[0m
[08:24] [0m[31;1m[Clan] Sparkie :[0m woot[0m
[08:24] [0m[31;1m[Clan] Byron :[0m the south box[0m
[08:24] [0m[31;1m[Clan] Byron :[0m ring of the monks[0m
[08:24] [0m[31;1m[Clan] Byron :[0m should be +3 a piece[0m
[08:25] [0m[31;1m[Clan] Byron :[0m camisole is +3 dex too[0m
[08:25] [0m[31;1m[Clan] Byron :[0m that's probably useful to grab too[0m
[08:25] [0m[31;1m[Clan] Sparkie :[0m i dont have a key... lol[0m
[08:25] [0m[31;1m[Clan] Byron :[0m And if you can wear boots, boots of spirit[0m
[08:26] [0m[31;1m[Clan] Byron :[0m anyone in town able to grab those for sparkie?  I just went[0m
[08:26] [0m               back to NOC and my amulet is out of charges[0m
[08:26] [0m[31;1m[Clan] Bruce :[0m and xmute another pair of boots to gloves and you're set![0m
[08:26] [0m[31;1m[Clan] Sparkie :[0m i have a full set of spirit stuff. just have terrible luck[0m
[08:26] [0m                 with the 2 ways i know to find rings[0m
[08:26] [0m[31;1m[Clan] Byron :[0m well, it's tough w/o identify[0m
[08:26] [0m[31;1m[Clan] Sparkie :[0m i cant wear gloves. implant co flicts.[0m
[08:28] [0m[34;1mWhoknows shouts:[0m the sky[0m
[08:36] [0m[31;1m[Clan] Byron :[0m The Queen of Hearts has reset.[0m
[08:38] [0m[31;1m[Clan] Byron :[0m btw, if nobody gets you sparkie[0m
[08:38] [0m[31;1m[Clan] Byron :[0m i will once my HA/embiggen runs out in 40 mins[0m
[08:41] [0m[31;1m[Clan] Taleast :[0m what needs gotten?[0m
[08:43] [0m[31;1m[Clan] Sparkie :[0m i need clan house key[0m
[08:43] [0m[31;1m[Clan] Byron :[0m i put 2 rings of the monks in cbox for sparkie[0m
[08:43] [0m[31;1m[Clan] Bruce :[0m i'll grab for him[0m
[08:43] [0m[31;1m[Clan] Byron :[0m ummmm ring of speed are in pooh area too[0m
[08:43] [0m[31;1m[Clan] Byron :[0m I think tigger?[0m
[08:44] [0m[31;1m[Clan] Sparkie :[0m i forgot about that one. thank you[0m
[08:44] [0m[31;1m[Clan] Bruce :[0m wru sparkie pants[0m
[08:44] [0m[31;1m[Clan] Taleast :[0m I'll see about the key[0m
[08:44] [0m[31;1m[Clan] Bruce :[0m rings are at ss[0m
[08:44] [0m[31;1m[Clan] Taleast :[0m sec, killing blockers[0m
[08:44] [0m[31;1m[Clan] Byron :[0m Also, elven warrior in the elven woods (usually Dorilian) has[0m
[08:44] [0m               a ROS[0m
[08:45] [0m[31;1m[Clan] Byron :[0m the same woods w/ the platemail[0m
[08:45] [0m[31;1m[Clan] Taleast :[0m also Padlin in Askar's Maze and Tigger in the hundred acre[0m
[08:45] [0m                 woods[0m
[08:46] [0m[31;1m[Clan] Byron :[0m You got extra fingers sparkie?[0m
[08:53] [0m[31;1m[Clan] Taleast :[0m nevermind, have to be an owner to share house keys[0m
[08:54] [0m[31;1m[Clan] Taleast :[0m could have sworn someone told me that's why we have this[0m
[08:54] [0m                 house, because anyone could share keys and old house had[0m
[08:54] [0m                 too many key-holders[0m
[08:54] [0m[31;1m[Clan] Byron :[0m only owner can share keys (archi)[0m
[08:58] [0m[31;1m[Clan] Sparkie :[0m sall good. :)[0m
[08:59] [0m[31;1m[Clan] Sparkie :[0m wild. i have a ring finger implant and cant wear a ring in[0m
[08:59] [0m                 thst one. time to move things around. lol[0m
[08:59] [0m[31;1m[Clan] Sparkie :[0m thank uou for the rings[0m
[08:59] [0m[31;1m[Clan] Byron :[0m We can get you some potions to get extra fingers[0m
[08:59] [0m[31;1m[Clan] Byron :[0m You need?[0m
[09:00] [0m[31;1m[Clan] Taleast :[0m still got an hour on my refresh room[0m
[09:00] [0m[31;1m[Clan] Taleast :[0m damn I should play gentech this boot[0m
[09:01] [0m[31;1m[Clan] Bruce :[0m i have a refresh up if you need it[0m
[09:01] [0m[31;1m[Clan] Taleast :[0m anyone need a foil wrapper, sour cream or nacho cheese[0m
[09:01] [0m                 smear?[0m
[09:02] [0mYou can currently reforge 12 items.[0m
[09:02] [0m[37;1mWert flaps :[0m day3 dupes at ss get em now if you want em[0m
[09:03] [0m[31;1m[Clan] Byron :[0m Amy, a frightened girl has reset.[0m
[09:04] [0m[31;1m[Clan] Bruce :[0m KILL HER[0m
[09:05] [0m[31;1m[Clan] Taleast :[0m unless you're using some weird/outdated syntax to get it[0m
[09:05] [0m[31;1m[Clan] Taleast :[0m I just use get[0m
[09:05] [0m[31;1m[Clan] Taleast :[0m no problems[0m
[09:05] [0m[31;1m[Clan] Taleast :[0m don't have to interact with the pools, just 'get key'[0m
[09:06] [0m[31;1m[Clan] Taleast :[0m then my next guess is there's an object in your inventory[0m
[09:06] [0m                 messing things up[0m
[09:06] [0m[31;1m[Clan] Taleast :[0m w/l[0m
[09:06] [0m[31;1m[Clan] Byron :[0m wl?[0m
[09:06] [0m[31;1m[Clan] Byron :[0m laf[0m
[09:25] [0m[31;1m[Clan] Taleast :[0m sweet baby jesus tiny gentechs are boring[0m
[09:25] [0m[31;1m[Clan] Taleast :[0m I want my timeslide NOW[0m
[09:32] [0m[31;1m[Clan] Byron :[0m The Queen of Hearts has reset.[0m
[09:34] [0m[31;1m[Clan] Taleast :[0m hey, Byron, what's the primary tanking stat of gentech[0m
[09:34] [0m                 again?[0m
[09:34] [0m[31;1m[Clan] Taleast :[0m dex?[0m
[09:34] [0m[31;1m[Clan] Taleast :[0m Wisdom is the prime stat in rcost, just making sure[0m
[09:35] [0m[31;1m[Clan] Byron :[0m dex[0m
[09:35] [0m[31;1m[Clan] Taleast :[0m thanks, bro[0m
[09:37] [0mYou can currently reforge 0 items.[0m
[09:50] [0m[31;1m[Clan] Byron :[0m Amy, a frightened girl has reset.[0m
[09:52] [0m[37;1mAlassra flaps :[0m Incoming zombie reset!  Send me a tell if you're on your way[0m
[09:52] [0m                and get your grillin' tools ready![0m
[09:54] [0m[31;1m[Clan] Taleast :[0m blech, this is too painful, solo. Even mobs that don't give[0m
[09:54] [0m                 me good gxp are making my pu inefficient. I'm going back to[0m
[09:54] [0m                 Jedi[0m
[09:55] [0m[31;1m[Clan] Taleast :[0m raised dex like 50 points, no difference, must be[0m
[09:55] [0m                 glvl/power rank locked[0m
[09:55] [0m[37;1mAlassra flaps :[0m Last call for zombie reset!  Everyone needs to eat their[0m
[09:55] [0m                long pork to grow big and strong![0m
[09:56] [0m[37;1mAlassra flaps :[0m Zombies have been reset.  Get your forks and knives![0m
[10:02] [0m[31;1m[Clan] Dangerzone :[0m a rally please[0m
[10:02] [0m[37;1mCrolack flaps :[0m I stopped believing for just a little bit this morning. Man[0m
[10:02] [0m                is Journey going to be pissed at me.[0m
[10:02] [0m[31;1m[Clan] Dangerzone :[0m at fantasy[0m
[10:04] [0mYou can currently reforge 4 items.[0m
[10:04] [0m[37;1mAlassra flaps :[0m They may have to go their separate ways with you.[0m
[10:04] [0mYou can currently reforge 0 items.[0m
[10:05] [0m[31;1m[Clan] Taleast :[0m on the way[0m
[10:05] [0m[33;1m[PARTY][0m Taleast joins the party.[0m
[10:05] [0m[33;1m[PARTY][0m Roken joins the party.[0m
[10:05] [0m[33;1m[PARTY][0m Taleast has quit the party.[0m
[10:06] [0m[31;1m[Clan] Roken :[0m thank goodness got scaler2 on one char[0m
[10:06] [0mYou can currently reforge 0 items.[0m
[10:07] [0m[32;1mFrom afar, you go 'Woo Woo!' at Havox.[0m[0m
[10:07] [0mHooligan <.oO>: woooo[0m
[10:07] [0m[32;1mFrom afar, Havox thanks you.[0m[0m
[10:32] [0m[34;1mVidae shouts:[0m Hi![0m
[10:33] [0m[32mYou tell Roken:[0m https://www.carmax.com/car/19257695[0m
[10:33] [0m[32mDangerzone tells you:[0m https://www.carmax.com/car/19257695[0m
[10:35] [0m[34;1mCrolack shouts:[0m Moo![0m
[10:45] [0m[36m<BS> Dangerzone :[0m sokra pull up! heh 67Hotel doable so far[0m
[10:45] [0m[36m<BS> Din :[0m nice[0m
[10:45] [0m[31;1m[Clan] Szodrin :[0m I feel a lot better about my typo's this morning. I just[0m
[10:45] [0m                 had to acknowledge the 2020 Summary Annual Reports on a[0m
[10:45] [0m                 page titled 2019 Summary Annual Reports, which asks that I[0m
[10:45] [0m                 review and acknowledge the 2018 Summary Annual Reports.[0m
[10:45] [0m[36m<BS> Dangerzone :[0m yep, might glvl today too. 40GL here I Come![0m
[10:46] [0m[36m<BS> Din :[0m feel the blur[0m
[10:47] [0m[31;1m[Clan] Byron :[0m laf[0m
[10:48] [0m[31;1m[Clan] Szodrin :[0m woot![0m
[10:48] [0m[34;1mEcholoc shouts:[0m woo woo[0m
[10:48] [0m[34;1mDrax shouts:[0m Nice![0m
[10:50] [0m[32;1mFrom afar, you go 'Woo Woo!' at Blutash.[0m[0m
[10:50] [0m[32;1mFrom afar, Blutash grins at you.[0m[0m
[10:55] [0m[31;1m[Clan] Byron :[0m Amy, a frightened girl has reset.[0m
[10:56] [0m[34;1mSaim shouts:[0m krill oil[0m
[10:57] [0m[31;1m[Clan] Dangerzone :[0m Amy does what?[0m
[10:58] [0m[31;1m[Clan] Byron :[0m freeway[0m
[10:58] [0m[31;1m[Clan] Byron :[0m cant find the OG to dupe[0m
[10:58] [0m[31;1m[Clan] Byron :[0m so trying to get one to pop[0m
[11:00] [0m[31;1m[Clan] Szodrin :[0m that sucks[0m
[11:00] [0m[31;1m[Clan] Szodrin :[0m especially since those fuckers can apparently endanger your[0m
[11:00] [0m                 life[0m
[11:00] [0m[31;1m[Clan] Byron :[0m huh[0m
[11:00] [0m[31;1m[Clan] Szodrin :[0m oh, but you've got qt amulet, so that works[0m
[11:00] [0m[31;1m[Clan] Byron :[0m oh, for alien ship yeah  i portset behind all the bullshit[0m
[11:01] [0m[31;1m[Clan] Byron :[0m waiting til (dpe creature is up[0m
[11:01] [0m[31;1m[Clan] Byron :[0m So I can get 2 shots at it[0m
[11:01] [0m[31;1m[Clan] Byron :[0m such a nice (power[0m
[11:01] [0m[31;1m[Clan] Szodrin :[0m OK, I'll shut up and get back to work now[0m
[11:04] [0m[31;1m[Clan] Aka :[0m i want (dupe creature for xenos lol[0m
[11:06] [0mYou can currently reforge 4 items.[0m
[11:10] [0m[36m<BS> Dangerzone :[0m was the lighter light source, a torch from ss/arundin?[0m
[11:10] [0m[36m<BS> Dangerzone :[0m using 1 rock and faerielight[0m
[11:11] [0m[36m<BS> Fennec :[0m i don't know.[0m
[11:20] [0m[31;1m[Clan] Szodrin :[0m laf, how did I survive that[0m
[11:21] [0m[31;1m[Clan] Szodrin :[0m Furtive beat you like a rented mule.[0m
[11:22] [0m[31;1m[Clan] Szodrin :[0m to clarify, that was not me making fun of you, that was[0m
[11:22] [0m                 actually the damage emote he did to me[0m
[11:27] [0m[31;1m[Clan] Byron :[0m i deadman'd[0m
[11:27] [0m[31;1m[Clan] Byron :[0m so my defenses all didnt recast[0m
[11:27] [0m[31;1m[Clan] Szodrin :[0m ouch, that sucks[0m
[11:27] [0m[31;1m[Clan] Byron :[0m eh, it happens[0m
[11:27] [0m[31;1m[Clan] Byron :[0m just happens that i'll usually die if its on a furtive[0m
[11:32] [0m[31;1m[Clan] Byron :[0m Amy, a frightened girl has reset.[0m
[11:34] [0m[31;1m[Clan] Szodrin :[0m Byron Best Bard[0m
[11:34] [0m[31;1m[Clan] Byron :[0m this is known[0m
[11:37] [0m[31;1m[Clan] Byron :[0m Amy, a frightened girl has reset.[0m
[11:56] [0m[31;1m[Clan] Ser :[0m hi[0m
[11:56] [0m[31;1m[Clan] Dangerzone :[0m hi[0m
[11:56] [0m[32;1mFrom afar, you moo at Ser.[0m[0m
[11:56] [0m[32;1mFrom afar, you go 'Woo Woo!' at Ser.[0m[0m
[11:59] [0m[37;1mKirwan flaps :[0m zombie reset in 3 minutes or so, at entrance, let me know if[0m
[11:59] [0m               you're interested[0m
[12:00] [0m[31;1m[Clan] Byron :[0m waddup[0m
[12:02] [0m[37;1mKirwan flaps :[0m anyone else?[0m
[12:03] [0m[37;1mEcholoc flaps :[0m probably missed the train[0m
[12:06] [0mYou can currently reforge 8 items.[0m
[12:11] [0m[37;1mWert flaps :[0m cmc at ss if anyone wants to dupe[0m
[12:58] [0mYou can currently reforge 0 items.[0m
[13:02] [0m[34;1mYik shouts:[0m playcult like that dude that sank with a boat and survived a few[0m
[13:02] [0m            days till he was rescued[0m
[13:06] [0mYou can currently reforge 4 items.[0m
[13:07] [0m[34;1mYik shouts:[0m 3 days at the bottom of the ocean, shoooey[0m
[13:07] [0m[34;1mEcholoc shouts:[0m woo woo[0m
[13:48] [0m[31;1m[Clan] Bruce :[0m YOU BETCHA[0m
[13:48] [0m[31;1m[Clan] Bruce :[0m trump is leaving hospital, america can breathe again![0m
[13:48] [0m[31;1m[Clan] Byron :[0m The Queen of Hearts has reset.[0m
[13:49] [0m[31;1m[Clan] Bruce :[0m "I will be leaving the great Walter Reed Medical Center today[0m
[13:49] [0m               at 6:30 P.M. Feeling really good! Don’t be afraid of Covid.[0m
[13:49] [0m               Don’t let it dominate your life. We have developed, under[0m
[13:49] [0m               the Trump Administration, some really great drugs &[0m
[13:49] [0m               knowledge. I feel better than I did 20 years ago!”[0m
[13:49] [0m[31;1m[Clan] Bruce :[0m covid is fake news![0m
[13:49] [0m[31;1m[Clan] Aka :[0m i'm voting BRUCE 2020[0m
[13:50] [0m[31;1m[Clan] Bruce :[0m best president brucie[0m
[13:50] [0m[31;1m[Clan] Aka :[0m haah we should have an obscure presidental election for[0m
[13:50] [0m             president of Bards[0m
[13:50] [0m[31;1m[Clan] Aka :[0m including live debates[0m
[13:51] [0m[31;1m[Clan] Bruce :[0m i'm the popular vote[0m
[13:51] [0m[31;1m[Clan] Bruce :[0m byron is gaming the electoral college vote[0m
[13:51] [0m[31;1m[Clan] Dangerzone :[0m byron will be the electoral vote laf[0m
[13:51] [0m[31;1m[Clan] Bruce :[0m haha[0m
[13:51] [0m[31;1m[Clan] Szodrin :[0m love the guy or hate the guy, everything he does is bad in[0m
[13:51] [0m                 the news, even demonstrating he's not dying, which was the[0m
[13:51] [0m                 the headline of most newspapers just a day or so ago.[0m
[13:51] [0m[31;1m[Clan] Dangerzone :[0m dammit[0m
[13:52] [0m[31;1m[Clan] Byron :[0m anyone but Nix 2020[0m
[13:52] [0m[31;1m[Clan] Bruce :[0m BRUCIE 2020[0m
[13:52] [0m[31;1m[Clan] Byron :[0m you would make a good puppet pres[0m
[13:52] [0m[31;1m[Clan] Szodrin :[0m I wish the news would go back to just giving facts.[0m
[13:52] [0m                 Everything in the news these days is either pro Trump or[0m
[13:52] [0m                 Anti-Trump, I'd rather just hear what's going on and make[0m
[13:52] [0m                 my own damn decision.[0m
[13:52] [0m[31;1m[Clan] Byron :[0m dance puppet dance![0m
[13:53] [0m[31;1m[Clan] Xaryl :[0m as long as you supplied him with wine & a yoga studio![0m
[13:53] [0m[31;1m[Clan] Void :[0m you don't want me in charge, i would be the Kim Jong Un of the[0m
[13:53] [0m              Bard Guild[0m
[13:53] [0m[31;1m[Clan] Szodrin :[0m them leg bars make people do stupid shit, I'm all for it[0m
[13:53] [0m[31;1m[Clan] Bruce :[0m wine, yoga and a handstanding room, perfect![0m
[13:54] [0m[31;1m[Clan] Byron :[0m gonna check amy[0m
[13:54] [0m[31;1m[Clan] Byron :[0m oops wl[0m
[13:54] [0m[31;1m[Clan] Byron :[0m and open invite to any lowbies who want xp[0m
[13:57] [0m[31;1m[Clan] Bruce :[0m on the way byron![0m
[13:57] [0m[31;1m[Clan] Byron :[0m If you want to sure[0m
[13:57] [0m[31;1m[Clan] Byron :[0m It's actually better xp for szodrin[0m
[13:58] [0m[31;1m[Clan] Bruce :[0m sorry your party name is offensive[0m
[13:58] [0m[31;1m[Clan] Byron :[0m I'm sorry if facts hurt your feelings[0m
[13:58] [0m[31;1m[Clan] Bruce :[0m i'm easily upset, xaryl, make him stop[0m
[13:59] [0m[31;1m[Clan] Bruce :[0m uncle archi will sort you out[0m
[13:59] [0m[31;1m[Clan] Byron :[0m xaryl is a highly trained sex machine sent back in time to[0m
[13:59] [0m               change the past for one lucky brucie[0m
[13:59] [0m[31;1m[Clan] Bruce :[0m i read that as a highly trained sex pest[0m
[14:00] [0m[31;1m[Clan] Byron :[0m Amy, a frightened girl has reset.[0m
[14:00] [0m[31;1m[Clan] Byron :[0m Amy, a frightened girl has reset.[0m
[14:01] [0m[31;1m[Clan] Byron :[0m damnit[0m
[14:01] [0m[31;1m[Clan] Szodrin :[0m Yes, sir! I damn thee, Amy![0m
[14:01] [0m[31;1m[Clan] Byron :[0m thats like 15 of em[0m
[14:01] [0m[31;1m[Clan] Byron :[0m good thing it's an easy kill[0m
[14:01] [0m[31;1m[Clan] Szodrin :[0m Give up the bear, bitch![0m
[14:02] [0m[31;1m[Clan] Szodrin :[0m hmm, that sounded like something from Andrew Dice Clay[0m
[14:03] [0m[31;1m[Clan] Bruce :[0m got yo uone aka[0m
[14:03] [0m[31;1m[Clan] Bruce :[0m just refreshed spiders and first one has a coon[0m
[14:03] [0m[31;1m[Clan] Bruce :[0m *got you one even[0m
[14:04] [0m[31;1m[Clan] Dangerzone :[0m do you need reps to wear cocoon?[0m
[14:04] [0m[31;1m[Clan] Xaryl :[0m 100k[0m
[14:05] [0m[31;1m[Clan] Byron :[0m The Queen of Hearts has reset.[0m
[14:06] [0mYou can currently reforge 8 items.[0m
[14:08] [0m[31;1m[Clan] Aka :[0m brucie trying to buy my vote[0m
[14:08] [0m[31;1m[Clan] Szodrin :[0m pay that man![0m
[14:08] [0m[31;1m[Clan] Bruce :[0m it's in clan box :)[0m
[14:40] [0m[32mFennec tells you:[0m mind telling me what class mobs you can normally tank[0m
[14:40] [0m        with no bs bonuses?[0m
[14:41] [0m[32mFennec tells you:[0m and also, what gear are you able to get solo without it[0m
[14:41] [0m        kicking your butt?[0m
[14:49] [0m[32mYou tell Fennec:[0m shrug, A) scaler 85 (maybe higher? Have not tried this[0m
[14:49] [0m        boot) using spirit eq, pb cloak, ned's aura, camisole... all have[0m
[14:49] [0m        their boosts. B) all that gear is too high for me, but I use my[0m
[14:49] [0m        main 'roken'[0m
[14:50] [0m[32;1mFrom afar, Fennec goes Ahhh!!! to you.[0m[0m
[14:50] [0m[32;1mFrom afar, Fennec thanks you.[0m[0m
[15:00] [0m[31;1m[Clan] Byron :[0m Amy, a frightened girl has reset.[0m
[15:02] [0m[32mYou tell Fennec:[0m and oh ofc the headband[0m
[15:02] [0m[31;1m[Clan] Szodrin :[0m It is her fate to die[0m
[15:02] [0m[31;1m[Clan] Byron :[0m The Queen of Hearts has reset.[0m
[15:06] [0mYou can currently reforge 12 items.[0m
[15:11] [0m[32;1mFrom afar, Fennec thanks you.[0m[0m
[15:21] [0mYou can currently reforge 0 items.[0m
[15:24] [0m[32mKerym says: [0mWell met, Swordbrother Dangerzone, May the Seldarine's Blessings be upon you.[0m
[15:27] [0m[36m<BS> Dangerzone :[0m so blur activates manually and is used once per mob until[0m
[15:27] [0m                  charges fall off? My assumption, trying it out now[0m
[15:27] [0m[36m<BS> Prismal :[0m if you just type blur it turns on for a set number of combat[0m
[15:27] [0m               rounds[0m
[15:28] [0m[36m<BS> Prismal :[0m number of mobs doesn't matter[0m
[15:28] [0m[36m<BS> Dangerzone :[0m copy[0m
[15:28] [0m[32mTurnhold tells you:[0m hey, let's get out of here and play some fortnite         [0m
[15:29] [0m[34;1mUkyo shouts:[0m Ick.[0m
[15:29] [0m[34;1mDangerzone shouts:[0m fortnite is for children![0m
[15:29] [0m[34;1mBahram shouts:[0m no.[0m
[15:29] [0m[34;1mAka shouts:[0m make a fortnite type pvp area[0m
[15:29] [0m[34;1mSeeker shouts:[0m i hate that game[0m
[15:29] [0m[36m<BS> Prismal :[0m when fighting big stuff Xiu and I will use caction blur on,[0m
[15:29] [0m               to just cast blur on every round so we don't have to worry[0m
[15:29] [0m               about missing it fall off[0m
[15:29] [0m[34;1mTurnhold shouts:[0m Like i'd ever talk to any of yoy.[0m
[15:29] [0m[34;1mTurnhold shouts:[0m Like i'd ever talk to any of you, even.[0m
[15:29] [0m[34;1mVoler shouts:[0m you mean clan world Aka?[0m
[15:29] [0m[34;1mAka shouts:[0m yeah! like clan world![0m
[15:29] [0m[34;1mRheiu shouts:[0m FORKNIFE![0m
[15:29] [0m[34;1mSzodrin shouts:[0m I have the tells to prove it, baby![0m
[15:29] [0m[34;1mMaverik shouts:[0m WAR!![0m
[15:30] [0m[36m<BS> Zokko :[0m never just type blur[0m
[15:30] [0m[36m<BS> Zokko :[0m it will turn on or off[0m
[15:30] [0m[32mTurnhold tells you:[0m yoy[0m
[15:30] [0m[36m<BS> Zokko :[0m i always use blur on[0m
[15:30] [0m[34;1mAka shouts:[0m yoy[0m
[15:30] [0m[34;1mVidae shouts:[0m yoy[0m
[15:30] [0m[34;1mAlassra shouts:[0m soy[0m
[15:30] [0m[34;1mWhoknows shouts:[0m ahoyhoy?[0m
[15:30] [0m[32mYou tell Turnhold:[0m yo-yo[0m
[15:30] [0m[34;1mDangerzone shouts:[0m yo-yo are so 90s[0m
[15:30] [0m[36m<BS> Prismal :[0m fair point, blur alone will just toggle it and waste blurs[0m
[15:31] [0m[34;1mTex shouts:[0m yo yo is timeless[0m
[15:31] [0m[36m<BS> Zokko :[0m i also dont use caction for blur, i use repeat command[0m
[15:31] [0m[34;1mVoler shouts:[0m I'm nicknaming you to yoy from now on... once I figure out how[0m
[15:31] [0m              to nickname things in my client again[0m
[15:31] [0m[36m<BS> Prismal :[0m I've wasted an entire reset of blurs before by accidentally[0m
[15:31] [0m               doing caction blur and not noticing[0m
[15:31] [0m[36m<BS> Zokko :[0m Alias 9  repeat combat/blur on/0/1[0m
[15:32] [0m[36m<BS> Zokko :[0m thats what i do[0m
[15:32] [0m[36m<BS> Prismal :[0m repeat works to, but I don't use caction for anything so it[0m
[15:32] [0m               is less typing[0m
[15:32] [0m[36m<BS> Zokko :[0m if im doing something that always needs blur[0m
[15:32] [0m[36m<BS> Zokko :[0m i use caction for other stuff[0m
[15:32] [0m[36m<BS> Dangerzone :[0m sounds like an evade action.. maybe save me over scall?[0m
[15:33] [0m[36m<BS> Prismal :[0m these days the only stuff I use blur continiously is firebat[0m
[15:33] [0m               and paul, even queen now I can just toggle it on when my sp[0m
[15:33] [0m               gets low[0m
[15:33] [0m[36m<BS> Zokko :[0m too uber[0m
[15:34] [0m[36m<BS> Prismal :[0m I also save queen for last, after i've got all my other gear[0m
[15:36] [0m[36m<BS> Prismal :[0m now that I've maxed all skills my goal is to hit glev 1000 by[0m
[15:36] [0m               EOY[0m
[15:39] [0m[36m<BS> Prismal :[0m oh, also Terra I use blur on[0m
[15:41] [0m[36m<BS> Zokko :[0m i use it all the time cuz it was silly to waste it hehe[0m
[15:42] [0m[36m<BS> Zokko :[0m especially now with regen[0m
[15:43] [0m[36m<BS> Prismal :[0m I mean I use it continously on terra, I use it as neccessary[0m
[15:43] [0m               on lots of different things, like conglomeration of energies,[0m
[15:43] [0m               elemental lord right before terra, sometimes ned, etc[0m
[15:44] [0m[36m<BS> Prismal :[0m I used it a lot more often about 150 glevs ago[0m
[15:44] [0m[36m<BS> Zokko :[0m i just wrote a script to use it at 45% if im not set for a big[0m
[15:44] [0m             a fight[0m
[15:45] [0m[36m<BS> Prismal :[0m I have somethign similar, might be the same % (I can't[0m
[15:45] [0m               remember for sure) it just doesn't go off that often[0m
[15:45] [0m[36m<BS> Zokko :[0m 45% of reset[0m
[15:45] [0m[36m<BS> Zokko :[0m it doesnt care about anything else hehe[0m
[15:45] [0m[36m<BS> Prismal :[0m oh, might is like 45% of spell points[0m
[15:45] [0m[36m<BS> Prismal :[0m mine[0m
[15:46] [0m[36m<BS> Zokko :[0m nods i have some safety net stuff built in but other than that[0m
[15:46] [0m             i didnt like "wasting" them[0m
[15:46] [0m[36m<BS> Prismal :[0m not a bad idea, I should do something like that[0m
[15:46] [0m[36m<BS> Zokko :[0m stop stealing all my ideas![0m
[15:47] [0m[36m<BS> Zokko :[0m i need to charge you a gcp vm build :)[0m
[15:47] [0m[36m<BS> Prismal :[0m laf[0m
[15:48] [0m[36m<BS> Prismal :[0m we do need to get to that[0m
[15:51] [0m[31;1m[Clan] Byron :[0m The Queen of Hearts has reset.[0m
[16:02] [0m[31;1m[Clan] Ser :[0m byron[0m
[16:02] [0m[31;1m[Clan] Byron :[0m ser[0m
[16:02] [0m[31;1m[Clan] Ser :[0m where did our string go[0m
[16:02] [0m[31;1m[Clan] Byron :[0m no idea[0m
[16:02] [0m[31;1m[Clan] Byron :[0m i never touched it[0m
[16:03] [0m[31;1m[Clan] Yik :[0m i sold it for dagger money[0m
[16:03] [0m[31;1m[Clan] Szodrin :[0m I haven't touched cbox since last night, grabbed some RoH[0m
[16:03] [0m[31;1m[Clan] Aka :[0m i have no strings here[0m
[16:03] [0m[31;1m[Clan] Szodrin :[0m oh, wait, that's right, Yik sold it to me[0m
[16:03] [0m[31;1m[Clan] Yik :[0m haha, ive yet to use a string 2.0[0m
[16:03] [0m[31;1m[Clan] Szodrin :[0m just don't ask me what I tied it to[0m
[16:03] [0m[31;1m[Clan] Yik :[0m did 1.0 a few times riiight before coon changed[0m
[16:04] [0m[31;1m[Clan] Ser :[0m can we do another[0m
[16:04] [0m[31;1m[Clan] Byron :[0m the strings somewhere[0m
[16:05] [0m[31;1m[Clan] Ser :[0m i dont believe you[0m
[16:05] [0m[31;1m[Clan] Szodrin :[0m everything is somewhere, Ser[0m
[16:06] [0mYou can currently reforge 4 items.[0m
[16:06] [0m[31;1m[Clan] Szodrin :[0m seriously though, there was no string in there last night[0m
[16:06] [0m                 when I went to get the RoH[0m
[16:06] [0m[31;1m[Clan] Szodrin :[0m and I think that was after you folks did Paul[0m
[16:06] [0m[31;1m[Clan] Yik :[0m theres a mystery afoot[0m
[16:06] [0m[31;1m[Clan] Yik :[0m ill get my heroin and sherlock pipe[0m
[16:06] [0m[31;1m[Clan] Byron :[0m fate it out[0m
[16:07] [0m[31;1m[Clan] Szodrin :[0m I think Brucie dumped the RoHs in there around 10 or so[0m
[16:07] [0m[31;1m[Clan] Szodrin :[0m central[0m
[16:07] [0m[31;1m[Clan] Byron :[0m oh first time freeway the mob has spawned for me[0m
[16:07] [0m[31;1m[Clan] Byron :[0m woot[0m
[16:07] [0m[31;1m[Clan] Szodrin :[0m nice![0m
[16:08] [0m[31;1m[Clan] Yik :[0m bout time[0m
[16:08] [0m[31;1m[Clan] Byron :[0m that means (dupe creature wont work on amy tho[0m
[16:08] [0m[31;1m[Clan] Byron :[0m boo[0m
[16:09] [0m[31;1m[Clan] Yik :[0m it wont?[0m
[16:09] [0m[31;1m[Clan] Byron :[0m nah, since the mob aggro's to you[0m
[16:09] [0m[31;1m[Clan] Byron :[0m and if you attack Amy while she has freeway[0m
[16:09] [0m[31;1m[Clan] Byron :[0m you fight him[0m
[16:09] [0m[31;1m[Clan] Yik :[0m ahh dang and o wow[0m
[16:09] [0m[31;1m[Clan] Byron :[0m A little bear named Freeway (pissed off) [wounded] attacking[0m
[16:09] [0m               you!.[0m
[16:09] [0m[31;1m[Clan] Yik :[0m defly dont remember that from the comics[0m
[16:09] [0m[31;1m[Clan] Byron :[0m laf[0m
[16:10] [0m[31;1m[Clan] Szodrin :[0m but, wait, if she spawns with him and you're attacking her[0m
[16:10] [0m                 and he defends her, why wouldn't the dup also have that[0m
[16:10] [0m                 chance?[0m
[16:11] [0m[31;1m[Clan] Byron :[0m huh[0m
[16:11] [0m[31;1m[Clan] Byron :[0m 91,966,175 : A little bear named Freeway (pissed off)[0m
[16:11] [0m[31;1m[Clan] Szodrin :[0m damn[0m
[16:11] [0m[31;1m[Clan] Szodrin :[0m I thought I remembered that there were multiple bear mobs[0m
[16:12] [0m[31;1m[Clan] Szodrin :[0m that assisted or avenged Freeway?[0m
[16:12] [0m[31;1m[Clan] Byron :[0m Nah[0m
[16:12] [0m[31;1m[Clan] Byron :[0m There's just 1 mob...Amy[0m
[16:12] [0m[31;1m[Clan] Byron :[0m She has a bear in her inventory sometimes[0m
[16:12] [0m[31;1m[Clan] Byron :[0m If she doesn't then you kill her[0m
[16:12] [0m[31;1m[Clan] Byron :[0m So you get another chance at bear spawning[0m
[16:13] [0m[31;1m[Clan] Byron :[0m You gotta give her exo-skeleton and she gives you bear[0m
[16:13] [0m[31;1m[Clan] Yik :[0m must be the ridley extended universe[0m
[16:13] [0m[31;1m[Clan] Szodrin :[0m ohhhh, that's what you're saying, I gotcha now[0m
[16:13] [0m[31;1m[Clan] Szodrin :[0m I haven't even messed with that area, 1.0, in probably 15[0m
[16:13] [0m                 years[0m
[16:14] [0m[31;1m[Clan] Byron :[0m Nod, if you attack her and she has bear, it attacks you[0m
[16:14] [0m[31;1m[Clan] Byron :[0m And it's gnarly[0m
[16:14] [0m[31;1m[Clan] Szodrin :[0m stupid question... can't be peaced?[0m
[16:15] [0m[31;1m[Clan] Byron :[0m didnt try[0m
[16:16] [0m[31;1m[Clan] Byron :[0m but if you mean Amy - that's my next try.[0m
[16:16] [0m[31;1m[Clan] Byron :[0m (dupe creature/peace/placate (bard power that removes aggro)[0m
[16:16] [0m[31;1m[Clan] Szodrin :[0m neat[0m
[16:17] [0m[31;1m[Clan] Yik :[0m do most guilds peace powers work the same orrr?[0m
[16:18] [0m[31;1m[Clan] Saim :[0m could use some dmg on beloch[0m
[16:18] [0m[31;1m[Clan] Saim :[0m if anyone is around[0m
[16:20] [0m[31;1m[Clan] Byron :[0m peace powers are pretty different across guilds in my[0m
[16:20] [0m               experience[0m
[16:20] [0m[31;1m[Clan] Yik :[0m ooo[0m
[16:20] [0m[31;1m[Clan] Byron :[0m most seem not to work at all[0m
[16:20] [0m[31;1m[Clan] Byron :[0m Bards work a decent amount[0m
[16:21] [0m[31;1m[Clan] Yik :[0m laf! the vampire one is defly iffy on big stuff[0m
[16:24] [0m[31;1m[Clan] Archimedes leaves the game.[0m  [0m
[16:30] [0m[31;1m[Clan] Byron :[0m Amy, a frightened girl has reset.[0m
[16:45] [0m[31;1m[Clan] Dangerzone :[0m yikes computer was stuck all day on 30% when updating[0m
[16:54] [0m[31;1m[Clan] Karvec leaves the game.[0m  [0m
[16:54] [0m[31;1m[Clan] Sock wiggles off your foot.[0m  [0m
[16:54] [0m[31;1m[Clan] Xaro leaves the game.[0m  [0m
[16:54] [0m[31;1m[Clan] Cambiador leaves the game.[0m  [0m
[16:54] [0m[31;1m[Clan] Szodrin :[0m l[0m
[16:54] [0m[31;1m[Clan] Szodrin :[0m whoops[0m
[17:06] [0mYou can currently reforge 8 items.[0m
[17:23] [0m[31;1m[Clan] Dayland enters the game.[0m  [0m
[17:24] [0m[31;1m[Clan] Roor leaves the game.[0m  [0m
[17:29] [0m[31;1m[Clan] Ser :[0m do you guys think i'll ever be able to solo conglom w/o dying[0m
[17:29] [0m[31;1m[Clan] Ser :[0m and/or paying attention[0m
[17:30] [0m[31;1m[Clan] Ser :[0m hmm conglom didn't have either greaves or breastplate until[0m
[17:30] [0m             after i died[0m
[17:35] [0m[31;1m[Clan] Sock wiggles on your foot.[0m  [0m
[17:57] [0mSer -=(OMP)=- omp omp omp[0m
[17:57] [0mFluffy -=(OMP)=- ompaloompa[0m
[17:57] [0mWhoknows -=(OMP)=- I got a golden ticket![0m
[17:57] [0mDayland -=(OMP)=- doopity doo[0m
[18:00] [0m[31;1m[Clan] Anecdote enters the game.[0m  [0m
[18:00] [0m[31;1m[Clan] Karvec enters the game.[0m  [0m
[18:04] [0m[37;1mSer flaps :[0m anyone wanna do another paul?  i'd like to hang on to an OG[0m
[18:04] [0m            string since our clan one got...  misplaced.[0m
[18:05] [0m[37;1mSer flaps :[0m c'mon yeeters[0m
[18:05] [0m[37;1mSer flaps :[0m let's go yeet some paul[0m
[18:05] [0m[37;1mSer flaps :[0m am i doing it right[0m
[18:05] [0m[37;1mVoler flaps :[0m definitely.. you should prolly go down to the local skatepark[0m
[18:05] [0m              and show the kids how cool you are now[0m
[18:06] [0mYou can currently reforge 12 items.[0m
[18:07] [0m[34;1mFluffy shouts:[0m big letters[0m
[18:07] [0m[34;1mEcholoc shouts:[0m woot![0m
[18:07] [0mWhoknows <.oO>: BoOM[0m
[18:07] [0m[34;1mSer shouts:[0m way to yeet that level[0m
[18:07] [0mFluffy <.oO>: welcome to eternals[0m
[18:07] [0m[34;1mKoth shouts:[0m fluffy letters[0m
[18:07] [0m[34;1mCastor shouts:[0m thanks everyone![0m
[18:07] [0m[34;1mHooligan shouts:[0m wooo![0m
[18:08] [0m[34;1mVoler shouts:[0m nice!  gratz :)[0m
[18:08] [0mCastor <.oO>: thanks![0m
[18:10] [0m[31;1m[Clan] Ser :[0m omfg how many lives do death tacos have[0m
[18:10] [0m[31;1m[Clan] Ser :[0m just die[0m
[18:15] [0mArundin shouts: Many thanks to Hanzo!  With his donation, the Android Guild[0m
[18:15] [0m                is now leading in donations![0m
[18:16] [0m[34;1mHooligan shouts:[0m someday i will be an android!  just need that 100% machine[0m
[18:21] [0m[34;1mSock shouts:[0m cyborgs != androids[0m
[18:22] [0m[34;1mTex shouts:[0m wrong[0m
[18:42] [0m[34;1mFluffy shouts:[0m oooOOOOOoooOO[0m
[18:42] [0m[34;1mYik shouts:[0m give robots rights before they have to ask for them[0m
[18:47] [0m[31;1m[Clan] Szodrin :[0m anyone on here have a decent knight that could give stat[0m
[18:47] [0m                 advice for tanking? I think it's pretty much int/con with[0m
[18:47] [0m                 sp being the primary factor, but I'm not sure I have enough[0m
[18:47] [0m                 endure to matter[0m
[18:48] [0m[31;1m[Clan] Yik :[0m soon as i can make my horse a chocobo or wyvern ima make a[0m
[18:48] [0m             knight[0m
[18:52] [0m[37;1mTurnhold flaps :[0m Hint: Large parties are recommended.[0m
[18:52] [0m[34;1mTurnhold shouts:[0m Hint: Large parties are recommended.[0m
[18:53] [0m[34;1mFluffy shouts:[0m wonder what size parties would be good in there ...[0m
[18:53] [0m[34;1mKoth shouts:[0m fluffy sized.[0m
[18:53] [0m[34;1mVolt shouts:[0m Heffner sized[0m
[18:58] [0mYou can currently reforge 0 items.[0m
[19:05] [0m<- ! The Vigilant ! -> :  A destabilization Kayos event has been detected in Deserts of Fantasy![0m
[19:05] [0m                          We are localizing it now - get ready![0m
[19:05] [0m[31;1m[Clan] Byron :[0m sooo vampires[0m
[19:05] [0m[31;1m[Clan] Byron :[0m lez go[0m
[19:10] [0m[31;1m[Clan] Byron :[0m wake up bots[0m
[19:10] [0m[31;1m[Clan] Yik :[0m beep boop beep[0m
[19:10] [0m[31;1m[Clan] Szodrin :[0m Ser's disrobing[0m
[19:11] [0m[34;1mWhoknows shouts:[0m Chubby?![0m
[19:11] [0m[31;1m[Clan] Szodrin :[0m so you want to christen the new area with a blood sacrifice? I'm game[0m
[19:11] [0m[31;1m[Clan] Byron :[0m Ya[0m
[19:11] [0m[31;1m[Clan] Yik :[0m oo theres a new area?[0m
[19:11] [0m[31;1m[Clan] Szodrin :[0m yep, aread[0m
[19:11] [0m[31;1m[Clan] Byron :[0m Yeah![0m
[19:12] [0m[31;1m[Clan] Yik :[0m pffft, more vampire discrimination[0m
[19:12] [0m[31;1m[Clan] Szodrin :[0m area probably sucks anyway[0m
[19:13] [0m[31;1m[Clan] Yik :[0m haha sounds like heaven for necros[0m
[19:13] [0m[31;1m[Clan] Szodrin :[0m sure the whole experience is draining[0m
[19:13] [0m[37;1m[JEDI]:[0m Tobias Kel'ach'nar arrives at the Academy.[0m
[19:13] [0m[37;1mWert flaps :[0m day3 dupes at ss if you need[0m
[19:13] [0m[31;1m[Clan] Szodrin :[0m probably a bunch of little pricks in there[0m
[19:13] [0m[31;1m[Clan] Byron :[0m actually, i'm gonna kill day 3[0m
[19:13] [0m[31;1m[Clan] Byron :[0m who wants a tag[0m
[19:13] [0m[31;1m[Clan] Sock :[0m hmm[0m
[19:14] [0m[31;1m[Clan] Sock :[0m nah[0m
[19:14] [0m[31;1m[Clan] Szodrin :[0m my dupes are still 4day reset, waiting for a hopeful day5 party[0m
[19:14] [0m[31;1m[Clan] Sock :[0m wanna do paul as well?[0m
[19:14] [0m[37;1mByron flaps :[0m Going to kill day 3 if you want a tag[0m
[19:14] [0m[31;1m[Clan] Byron :[0m No, fuck that fight - there's a string out there, just dupe it[0m
[19:14] [0m[31;1m[Clan] Sock :[0m lol[0m
[19:14] [0m[31;1m[Clan] Byron :[0m SA has a string too[0m
[19:14] [0m[31;1m[Clan] Sock :[0m that fight is easy af[0m
[19:14] [0m[31;1m[Clan] Sock :[0m i usually afk and die to the respawn[0m
[19:14] [0m[31;1m[Clan] Byron :[0m it's just mind numbingly boring[0m
[19:14] [0m[31;1m[Clan] Byron :[0m I can't stand how boring it is[0m
[19:15] [0m[31;1m[Clan] Byron :[0m zero fucking excitement to it[0m
[19:15] [0m[31;1m[Clan] Sock :[0m maybe this is something we need to talk to frank about[0m
[19:16] [0m[31;1m[Clan] Byron :[0m coming szod?[0m
[19:16] [0m[31;1m[Clan] Szodrin :[0m sure, wasn't sure what was happening[0m
[19:16] [0m[31;1m[Clan] Byron :[0m I'm gonna kill fbat[0m
[19:16] [0m[31;1m[Clan] Szodrin :[0m oh, OK, sure[0m
[19:16] [0m[31;1m[Clan] Byron :[0m then try to get dmg for vampires[0m
[19:16] [0m[31;1m[Clan] Byron :[0m which ser should help[0m
[19:16] [0m[31;1m[Clan] Ser :[0m sure[0m
[19:16] [0m[31;1m[Clan] Szodrin :[0m can't dupe and reset in time for day 5, but I'll hit it[0m
[19:17] [0m[31;1m[Clan] Ser :[0m i'm at unbreakable now[0m
[19:17] [0m[31;1m[Clan] Ser :[0m :D[0m
[19:17] [0m[31;1m[Clan] Byron :[0m i need reforgers too[0m
[19:17] [0m[31;1m[Clan] Byron :[0m on these ROHs[0m
[19:17] [0m[31;1m[Clan] Byron :[0m And you owe me your soul since I got you a shard[0m
[19:17] [0m[31;1m[Clan] Sock :[0m gonna get dressed and run to my truck, give me 5 mins[0m
[19:17] [0m[31;1m[Clan] Sock :[0m laf[0m
[19:17] [0m[31;1m[Clan] Szodrin :[0m still have shitty ones, but ...Oh, I can do RoHs[0m
[19:17] [0m[31;1m[Clan] Byron :[0m waiting at pod szod[0m
[19:18] [0m[31;1m[Clan] Szodrin :[0m on shuttle[0m
[19:18] [0m[31;1m[Clan] Szodrin :[0m entering pod[0m
[19:18] [0m[31;1m[Clan] Sock :[0m i need to rebandage the finger i almost lost, and figured i'd let enhances reset[0m
[19:18] [0m              if you wanna hit your RoH before reforge[0m
[19:19] [0m[31;1m[Clan] Sock :[0m that's why i need to run to truc[0m
[19:19] [0m[37;1mXiu flaps :[0m so i don't even know if this might be possible but is there a chance to tweak code[0m
[19:19] [0m            so that if you ld in combat for any reason it would always be active ld and not the[0m
[19:19] [0m            kind that blicks your entire party? i don't know if it effects anyone else to this[0m
[19:19] [0m            degree but that's why i pretty much don't party; my isp drops me and everyone else[0m
[19:19] [0m            dies. (of course that only matters for the tank, talking from a tanking pov here)[0m
[19:19] [0m[31;1m[Clan] Yik :[0m what the heck happened?[0m
[19:19] [0m[37;1mWert flaps :[0m beloch parties kill that way heh[0m
[19:19] [0m[31;1m[Clan] Sock :[0m rack with old equipment, i was trying to stand it up and my buddy was trying to[0m
[19:19] [0m              pull it, got the finger caught between eq and tailgate[0m
[19:20] [0m[31;1m[Clan] Yik :[0m arrrgh[0m
[19:20] [0m[31;1m[Clan] Sock :[0m lucky i was wearing leather gloves otw i wouldnt have a finger[0m
[19:20] [0m[34;1mXiu shouts:[0m you were already chubby! glutton![0m
[19:20] [0m[31;1m[Clan] Byron :[0m yeouch[0m
[19:20] [0m[31;1m[Clan] Byron :[0m glad you still got your finger[0m
[19:20] [0m[37;1mSevenofnine flaps :[0m and how do you propose they add ld on one char and login on a diff? so you[0m
[19:20] [0m                    LD in combat login another char, bring other char to hit behind your own[0m
[19:20] [0m                    self ? cos i would love to do that[0m
[19:20] [0m[31;1m[Clan] Sock :[0m yeah he yanked on it and he thought he hit the power cord sticking out and that's[0m
[19:20] [0m              why it stopped[0m
[19:20] [0m[31;1m[Clan] Sock :[0m it was my finger[0m
[19:20] [0m[31;1m[Clan] Yik :[0m squeesh[0m
[19:21] [0m[31;1m[Clan] Sock :[0m it ripped from right below the whorl in my fingerprint to 1/2" under my fingernail[0m
[19:21] [0m[37;1mVoler flaps :[0m laugh.. i love mudders...  took 3 seconds to think of a way to abuse that :P[0m
[19:21] [0m[31;1m[Clan] Sock :[0m literally peeled the skin back, fingernail is probably going to fall off[0m
[19:21] [0m[37;1mSevenofnine flaps :[0m well ldlogin is a thing[0m
[19:22] [0m[37;1mXiu flaps :[0m well things like that are why i said i don't know if it's even possible. but it[0m
[19:22] [0m            sucks that if you don't have a rock solid link you aren't a party tank. esp in light[0m
[19:22] [0m            of anys sort of "push" for more partying.[0m
[19:22] [0m[37;1mStasis flaps :[0m active LD could probably be considered still logged in i guess[0m
[19:22] [0m[31;1m[Clan] Yik :[0m brutal[0m
[19:22] [0m[31;1m[Clan] Sock :[0m i immediately washed it with water, cleaned it w/ alcohol, then squeezed[0m
[19:22] [0m              antisetptic cream INTO my finger[0m
[19:22] [0m[37;1mStasis flaps :[0m logging in the alt would log activeLD out[0m
[19:22] [0m[37;1mInix flaps :[0m Just log in through a VPS[0m
[19:23] [0m[37;1mXiu flaps :[0m or if it was possible to make "always active ld" a toggle and if it's on you can't[0m
[19:23] [0m            ldlogin[0m
[19:23] [0m[31;1m[Clan] Yik :[0m i imagined the same squish sound for that step too[0m
[19:23] [0m[37;1mSamiel flaps :[0m that or throw in a check that stops multiple liunked chars logging in[0m
[19:23] [0m[37;1mStasis flaps :[0m or DM Elon and ask for Xiu to get beta starlink access[0m
[19:23] [0m[37;1mFrank flaps :[0m upgrade that link[0m
[19:23] [0m[31;1m[Clan] Sock :[0m it's been 5 days since it happened, the front feels a bit numb and i feel like[0m
[19:23] [0m              there's going to be a lot more dead skin..  all the blood drained out on it's own[0m
[19:23] [0m              from under the nail yesterday[0m
[19:23] [0m[31;1m[Clan] Sock :[0m i can post some pics on imgur if you guys wanna see[0m
[19:24] [0m[37;1mEcholoc flaps :[0m i would like some starlink[0m
[19:24] [0m[31;1m[Clan] Szodrin :[0m sure![0m
[19:24] [0m[31;1m[Clan] Byron :[0m on the fence[0m
[19:24] [0m[31;1m[Clan] Szodrin :[0m oh, you mean the finger[0m
[19:24] [0m[31;1m[Clan] Szodrin :[0m eh[0m
[19:24] [0m[31;1m[Clan] Yik :[0m laff[0m
[19:24] [0m[31;1m[Clan] Szodrin :[0m it better be the injured one[0m
[19:24] [0m[37;1mXiu flaps :[0m there's no upgrading isp here. it's a botched fiber optic install that they refuse[0m
[19:24] [0m            to fix and it's the only access unles i was gonna tether a phone but the packet loss[0m
[19:24] [0m            on that would make hte baby Jesus cry[0m
[19:24] [0m[31;1m[Clan] Sock :[0m it really doesn't hurt bad anymore, that 1st day was the worst, but it's healing[0m
[19:24] [0m              quickly[0m
[19:24] [0m[31;1m[Clan] Byron :[0m space[0m
[19:24] [0m[31;1m[Clan] Byron :[0m dupe string at ss[0m
[19:24] [0m[31;1m[Clan] Sock :[0m my middle finger is the one that got caught[0m
[19:24] [0m[31;1m[Clan] Sock :[0m i don't think i have dupes left laf[0m
[19:24] [0m[31;1m[Clan] Byron :[0m lol[0m
[19:25] [0m[31;1m[Clan] Byron :[0m well, check and let space know[0m
[19:25] [0m[37;1mXiu flaps :[0m just kinda sucks that the game has to be effected at random by a thing beyond[0m
[19:25] [0m            everyones' control. if it were possible to compensate for it that'd be cool. if[0m
[19:25] [0m            possible.[0m
[19:26] [0m[37;1mInix flaps :[0m Log in through a VPS solves the specific problem you're mentioning.[0m
[19:26] [0m[31;1m[Clan] Sock :[0m anyways, i'll take a couple pics before i rebandage, stepping out for about 5 mins[0m
[19:26] [0m[37;1mXiu flaps :[0m i dont' really get that.[0m
[19:26] [0m[37;1mEcholoc flaps :[0m virtual private server[0m
[19:27] [0m[37;1mEcholoc flaps :[0m createa gcloud box, for free, install stuff, mudd[0m
[19:27] [0m[37;1mInix flaps :[0m You connect to a server that runs your client, your client connects to 3K.  If you[0m
[19:27] [0m             lose connection to your server, your client is still connected to 3K.  You[0m
[19:27] [0m             reconnect, or your deadman fires if you're out of service for extended time.[0m
[19:27] [0m[37;1mVoler flaps :[0m sounds like another stepping stone along the way that could fail and drop link[0m
[19:27] [0m[31;1m[Clan] Byron :[0m anyone else want to hit behind/try this area?[0m
[19:27] [0m[37;1mSevenofnine flaps :[0m can i use cmud for this VPS connection?[0m
[19:30] [0m[31;1m[Clan] Sock :[0m http://imgur.com/a/S3Oq8J8[0m
[19:30] [0m[31;1m[Clan] Sock :[0m yah gimme 5 mins bitch jesus[0m
[19:31] [0m[37;1mEcholoc flaps :[0m i am not sure you can get a windows server, but i havent looked[0m
[19:31] [0m[31;1m[Clan] Sock :[0m you want enhances[0m
[19:31] [0m[31;1m[Clan] Byron :[0m sure[0m
[19:31] [0m[31;1m[Clan] Byron :[0m I need some dmg in this new area too[0m
[19:32] [0m[31;1m[Clan] Sock :[0m ss[0m
[19:32] [0m[31;1m[Clan] Sock :[0m also afk[0m
[19:34] [0m[31;1m[Clan] Byron :[0m So, need more hitters.  gotta kill vampire in certain # of rounds or it leaves[0m
[19:35] [0m[31;1m[Clan] Byron :[0m ooo x/a[0m
[19:35] [0m[31;1m[Clan] Byron :[0m want to do vampires?[0m
[19:36] [0m[31;1m[Clan] Byron :[0m yeouch[0m
[19:37] [0m[37;1m[JEDI]:[0m Janath Meelin arrives at the Academy.[0m
[19:38] [0m[31;1m[Clan] Archangel :[0m Vampires?[0m
[19:38] [0m[35;1mUkyo [Jedi(Knight)]:[0m angels scaler makes no difference, right?[0m
[19:38] [0m[31;1m[Clan] Byron :[0m new area[0m
[19:38] [0m[31;1m[Clan] Byron :[0m aread[0m
[19:38] [0m[31;1m[Clan] Byron :[0m it's the lower lvl of hotel[0m
[19:38] [0m[31;1m[Clan] Byron :[0m I need damage.[0m
[19:38] [0m[31;1m[Clan] Xaryl :[0m ah![0m
[19:39] [0m[31;1m[Clan] Xaryl :[0m maybe can try after we finish event[0m
[19:39] [0m[31;1m[Clan] Xaryl :[0m doing chores around house....so not 100% here[0m
[19:39] [0m[31;1m[Clan] Byron :[0m nog[0m
[19:42] [0m[31;1m[Clan] Ser :[0m where r u[0m
[19:42] [0m[35;1mEnder [Jedi(Knight)]:[0m correct[0m
[19:42] [0m[31;1m[Clan] Taleast :[0m that's the second verse, Ser, you start with "Scooby dooby doo"[0m
[19:43] [0m[31;1m[Clan] Byron :[0m hotel[0m
[19:43] [0m[31;1m[Clan] Byron :[0m come to entrance[0m
[19:44] [0m[31;1m[Clan] Byron :[0m once this zombie is dead[0m
[19:44] [0m[31;1m[Clan] Byron :[0m will grab you[0m
[19:47] [0m[31;1m[Clan] Ser :[0m ok sorry[0m
[19:47] [0m[31;1m[Clan] Ser :[0m back in room[0m
[19:47] [0m[31;1m[Clan] Ser :[0m did you guys see my finger[0m
[19:47] [0m[31;1m[Clan] Byron :[0m yeah[0m
[19:47] [0m[31;1m[Clan] Byron :[0m gnarly[0m
[20:06] [0m[37;1m[JEDI]:[0m Herah Wylann arrives at the Academy.[0m
[20:07] [0m[31;1m[Clan] Byron :[0m The Queen of Hearts has reset.[0m
[20:17] [0m[31;1m[Clan] Byron :[0m The Queen of Hearts has reset.[0m
[20:25] [0m[34;1mSamiel shouts:[0m Do you think about the end? The  words you'll say with your last breath and the[0m
[20:25] [0m               emptiness in space?[0m
[20:26] [0m[34;1mSock shouts:[0m if you haven't read "the last question" by isaac asimov (free short story) you[0m
[20:26] [0m             should[0m
[20:26] [0m[34;1mVoler shouts:[0m let there be light![0m
[20:26] [0m[34;1mBahram shouts:[0m entropy is the only enemy![0m
[20:29] [0m[34;1mBabylon shouts:[0m RUN FOR YOUR LIVES[0m
[20:29] [0m[34;1mVidae shouts:[0m Man why's he gotta be chubby?[0m
[20:29] [0m[34;1mWhoknows shouts:[0m vamp got a chubby[0m
[20:31] [0m[34;1mSylph shouts:[0m overscaled much?[0m
[20:31] [0m[34;1mTex shouts:[0m nahhhhhhhhhhhhhhhh[0m
[20:37] [0m[35;1mJasmine [Jedi(Knight)]:[0m 1 backpack full of cells at armory[0m
[20:38] [0m[37;1m[JEDI]:[0m Alyssa K'tal arrives at the Academy.[0m
[20:40] [0m[34;1mSer shouts:[0m things are getting dicey around here!!  eyyy[0m
[20:44] [0m[35;1mEnder [Jedi(Knight)]:[0m ooh you in the hotel dungeon?[0m
[20:50] [0m[31;1m[Clan] Byron :[0m anyone else able to hit behind me?[0m
[20:50] [0m[31;1m[Clan] Byron :[0m need 1 more person at least for party size requirements[0m
[20:50] [0m[31;1m[Clan] Archangel :[0m We're almost done with Event.[0m
[20:50] [0m[31;1m[Clan] Byron :[0m woot[0m
[20:50] [0m[31;1m[Clan] Archangel :[0m If you want X and I to join you.[0m
[20:50] [0m[31;1m[Clan] Byron :[0m gladly[0m
[20:51] [0m[31;1m[Clan] Byron :[0m I actually got dmg you can heal now :)[0m
[20:52] [0m[31;1m[Clan] Xaryl :[0m heh[0m
[20:53] [0m[34;1mEcholoc shouts:[0m woot![0m
[20:55] [0m[37;1mEllegon flaps :[0m anyone know if you can mud on an iPhone?[0m
[20:55] [0m[37;1mAka flaps :[0m i use mudrammer[0m
[20:55] [0m[37;1mEcholoc flaps :[0m there are options[0m
[20:55] [0m[37;1mByron flaps :[0m isn't that a cyborg implant?[0m
[20:55] [0m[37;1mJasmine flaps :[0m apple sucks[0m
[20:56] [0m[35;1mKsemia [Jedi(Master)]:[0m rehi[0m
[20:58] [0m[31;1m[Clan] Byron :[0m X/A[0m
[20:58] [0m[31;1m[Clan] Byron :[0m ready?[0m
[20:58] [0m[31;1m[Clan] Byron :[0m going to pop out and grab aka[0m
[20:58] [0m[31;1m[Clan] Xaryl :[0m collecting a few corpses real quick[0m
[20:58] [0m[31;1m[Clan] Byron :[0m ok[0m
[20:58] [0m[31;1m[Clan] Xaryl :[0m ok[0m
[20:58] [0m[31;1m[Clan] Ser :[0m i have a full coffin[0m
[20:58] [0m[31;1m[Clan] Ser :[0m you can have[0m
[20:58] [0m[31;1m[Clan] Xaryl :[0m ok[0m
[20:59] [0m[37;1mVagrant flaps :[0m resetting zambies swang by[0m
[21:00] [0m[37;1mVagrant flaps :[0m rsetted[0m
[21:00] [0m[37;1mVagrant flaps :[0m :)[0m
[21:01] [0m[37;1mEllegon flaps :[0m thanks Aka[0m
[21:01] [0m[37;1mJasmine flaps :[0m best way to mud with iphone is grab a sledge hammer, smash iphone, go get[0m
[21:01] [0m                android[0m
[21:04] [0m[34;1mJasmine shouts:[0m PLAYCULT! Join now and kill Yik![0m
[21:07] [0m[37;1m[JEDI]:[0m H'ssani C'talan arrives at the Academy.[0m
[21:17] [0m[31;1m[Clan] Byron :[0m roken, want to hit some vampires?[0m
[21:17] [0m[31;1m[Clan] Ser :[0m he's saved[0m
[21:17] [0m[31;1m[Clan] Ser :[0m cuz he's a bitch[0m
[21:18] [0m[31;1m[Clan] Byron :[0m damn.[0m
[21:18] [0m[31;1m[Clan] Roken :[0m oh hi[0m
[21:18] [0m[31;1m[Clan] Taleast :[0m hey, I'm Christian too, fucker[0m
[21:18] [0m[31;1m[Clan] Roken :[0m that's uhh Super Trooper[0m
[21:18] [0m[31;1m[Clan] Taleast :[0m what meow?[0m
[21:19] [0m[31;1m[Clan] Roken :[0m oh guys guys, I can resurrect![0m
[21:19] [0m[31;1m[Clan] Roken :[0m but only if I'm in town[0m
[21:20] [0m[32;1mFrom afar, Archangel goes 'Woo Woo!' at you.[0m[0m
[21:20] [0m[32;1mFrom afar, Archangel asks you "Who da man?"[0m[0m
[21:20] [0m[32mYou say:[0m I da man![0m
[21:20] [0m[31;1m[Clan] Roken :[0m is the cooldown, 2 per boot?[0m
[21:20] [0m[31;1m[Clan] Byron :[0m your lvl / boot[0m
[21:21] [0m [1mCurrent Reboot : #1862 [1 week 2 days 12 hours 26 minutes]            [0m[0m
[21:21] [0m [30;1m3Kingdoms Time : (US EDT) Mon Oct 05, 2020 10:21:14 pm                [0m[0m
[21:21] [0m [32;1mReboot Started : Fri Oct 2 08:21 am [0m[0m
[21:21] [0m [36;1mCurrent Uptime : 3 days 13 hours 13 seconds (37%)                     [0m[0m
[21:21] [0m [31;1mReboot Ends    : Sun Oct 11 08:47 pm[0m[0m
[21:21] [0m [33;1mNext Reboot in : 5 days 23 hours 26 minutes 5 seconds                 [0m[0m
[21:21] [0m     [33mAfter That : [1864] Sat Oct 17 02:56 am[0m[0m
[21:21] [0m     [33mAfter That : [1865] Sat Oct 24 04:15 am[0m[0m
[21:21] [0m[31;1m[Clan] Roken :[0m elvl?[0m
[21:22] [0m[31;1m[Clan] Roken :[0m 2.0xB is mine so 20 elvl / 8 days?[0m
[21:22] [0m[31;1m[Clan] Byron :[0m huh[0m
[21:22] [0m[31;1m[Clan] Byron :[0m you get to use it 2x per boot[0m
[21:22] [0m[31;1m[Clan] Byron :[0m 5/5 resurrect            :   35  5.0xB    RDY[0m
[21:22] [0m[31;1m[Clan] Byron :[0m mine is 5/5[0m
[21:23] [0m[31;1m[Clan] Byron :[0m so 5 per boot[0m
[21:23] [0m[31;1m[Clan] Byron :[0m if its 3/5, you get 3 per boot[0m
[21:23] [0m[31;1m[Clan] Roken :[0m I don't know what you mean by boot for a numeric value. OHHH so the power's level[0m
[21:23] [0m[31;1m[Clan] Roken :[0m got it thx[0m
[21:28] [0m[31;1m[Clan] Roken :[0m is it best practice to use HTML attribute 'onclick' to call a function? Or[0m
[21:28] [0m               querySelector("#button") and addEventListener?[0m
[21:29] [0m[31;1m[Clan] Roken :[0m I was having fun defining functions instead of making anonymous functions under[0m
[21:29] [0m               an event listener[0m
[21:35] [0m[37;1m[JEDI]:[0m Ylenic It'kla arrives at the Academy.[0m
[21:42] [0m[34;1mSer shouts:[0m large party looking for interested members[0m
[21:43] [0m[34;1mAlassra shouts:[0m a/s/l?[0m
[21:47] [0m[35;1mAl [Jedi(72)]:[0m putting together an easily accessible web page for skill trainers[0m
[21:47] [0m[35;1mAl [Jedi(72)]:[0m lemme know what you think[0m
[21:47] [0m[35;1mAl [Jedi(72)]:[0m for those moments when i'm blocking[0m
[21:48] [0m[35;1mAl [Jedi(72)]:[0m note:  it doesn't work just yet--gotta set up the forms to work, but wanted to[0m
[21:48] [0m               know whether i needed to add anything[0m
[21:48] [0m[35;1mAl [Jedi(72)]:[0m http://weemill.mudhosts.com/3k/trainers.php[0m
[21:48] [0m[35;1mEnder [Jedi(Knight)]:[0m i like when websites play music right when you land on them[0m
[21:48] [0m[35;1mAl [Jedi(72)]:[0m any feedback would be appreciated[0m
[21:48] [0m[35;1mAl [Jedi(72)]:[0m LOTS OF ADS[0m
[21:48] [0m[35;1mAl [Jedi(72)]:[0m AMAZONPRIMEMENOW[0m
[21:49] [0m[35;1mEnder [Jedi(Knight)]:[0m yah the kind that load and load and load and keep changing the page layout[0m
[21:49] [0m                      and length, so you end up 5 links into click bait heaven.[0m
[21:49] [0m[35;1mEnder [Jedi(Knight)]:[0m the best.[0m
[21:49] [0m[35;1mEnder [Jedi(Knight)]:[0m cause i really, really dont care at all what those people look like now.[0m
[21:51] [0m[35;1mAl [Jedi(72)]:[0m so.... reasonable?[0m
[21:51] [0m[35;1mEnder [Jedi(Knight)]:[0m i cant check, if i cut and paste my browser crashes and ill kill maveik[0m
[21:52] [0m[35;1mAl [Jedi(72)]:[0m KILL MAVERIK[0m
[21:52] [0m[35;1mEnder [Jedi(Knight)]:[0m i know right, he's killing my xp rate[0m
[21:53] [0m[35;1mEnder [Jedi(Knight)]:[0m im digging these control glvls tho[0m
[22:01] [0m[37;1m[JEDI]:[0m Wennic Ber'ni'lok arrives at the Academy.[0m
[22:05] [0m[31;1m[Clan] Byron :[0m yikkers, want to hit behind me?[0m
[22:05] [0m[31;1m[Clan] Byron :[0m bah, idle[0m
[22:05] [0m[31;1m[Clan] Byron :[0m your hotel still open roken?[0m
[22:06] [0m[31;1m[Clan] Ser :[0m we disbanding after this one?[0m
[22:10] [0m[31;1m[Clan] Roken :[0m stil open for 2 hours[0m
[22:10] [0m[31;1m[Clan] Roken :[0m going to bed[0m
[22:10] [0m[31;1m[Clan] Byron :[0m g'night[0m
[22:11] [0m[31;1m[Clan] Roken :[0m nearly done with homework.. i mean I am but going for xtra creds.[0m
[22:11] [0m[31;1m[Clan] Taleast :[0m night[0m
[22:11] [0m[31;1m[Clan] Roken :[0m night![0m
[22:17] [0m[37;1mAgni flaps :[0m resetting zombies[0m
[22:33] [0m[37;1m[JEDI]:[0m Alyssa K'tal arrives at the Academy.[0m
[22:36] [0m[31;1m[Clan] Nix :[0m later turds[0m
[22:39] [0m[31;1m[Clan] Szodrin :[0m hey, Archie, any stat advice for improving my tanking?[0m
[22:40] [0m[31;1m[Clan] Szodrin :[0m I know Int and Con are the primary stats (I think), just not sure to what[0m
[22:40] [0m                 degree[0m
[22:40] [0m[31;1m[Clan] Archangel :[0m As much as you can really.[0m
[22:40] [0m[31;1m[Clan] Szodrin :[0m any ratio you'd advise?[0m
[22:41] [0m[31;1m[Clan] Archangel :[0m I raised con/int/dex evenly to like 200, then I maxed dex, con and int in[0m
[22:41] [0m                   that order.[0m
[22:41] [0m[31;1m[Clan] Szodrin :[0m interesting, OK, thanks[0m
[22:41] [0m[31;1m[Clan] Archangel :[0m Of course, that's when I started getting 75 stats per level.[0m
[22:41] [0m[31;1m[Clan] Szodrin :[0m hehe[0m
[22:41] [0m[31;1m[Clan] Archangel :[0m I'm 5 points short of maxing wis now, then will work on str.[0m
[22:41] [0m[31;1m[Clan] Szodrin :[0m nice[0m
[22:41] [0m[31;1m[Clan] Szodrin :[0m OK, thanks[0m
[22:42] [0m[31;1m[Clan] Byron :[0m is your cha still 1?[0m
[22:42] [0m[31;1m[Clan] Szodrin :[0m say wha?[0m
[22:42] [0m[31;1m[Clan] Archangel :[0m yes[0m
[22:42] [0m[31;1m[Clan] Szodrin :[0m damn[0m
[22:42] [0m[31;1m[Clan] Byron :[0m rofl[0m
[22:42] [0m[31;1m[Clan] Byron :[0m love it[0m
[22:42] [0m[31;1m[Clan] Archangel :[0m  [lower     ability]  Charisma      [  1]             30 experience points[0m
[22:42] [0m[31;1m[Clan] Byron :[0m mobs wont even acknowledge archi :P[0m
[22:43] [0m[31;1m[Clan] Archangel :[0m And you may wonder why I'm not HM.[0m
[22:43] [0m[31;1m[Clan] Void :[0m he's beautiful on the inside tho[0m
[22:43] [0m[31;1m[Clan] Byron :[0m the fact ou're drunken master so you're ugly, strong, and extremely drunk makes[0m
[22:43] [0m               it amazing[0m
[22:43] [0m[31;1m[Clan] Archangel :[0m Actually, my str is only 100.[0m
[22:44] [0m[31;1m[Clan] Archangel :[0m I am focused on maxing all my stats though, cha will just be last.  But it'll[0m
[22:44] [0m                   happen.[0m
[22:44] [0m[31;1m[Clan] Szodrin :[0m hey, Archie, what's your wis?[0m
[22:45] [0m[31;1m[Clan] Archangel :[0m str 100, con 275, int 275, wis 270, dex 275, cha 1[0m
[22:45] [0m[31;1m[Clan] Szodrin :[0m was wis kept low until int/con/dex were max?[0m
[22:45] [0m[31;1m[Clan] Archangel :[0m Yes[0m
[22:45] [0m[31;1m[Clan] Archangel :[0m Well, not low[0m
[22:45] [0m[31;1m[Clan] Szodrin :[0m maybe 100?[0m
[22:45] [0m[31;1m[Clan] Archangel :[0m On par with or higher than str.[0m
[22:45] [0m[31;1m[Clan] Archangel :[0m I think I had 120 before I maxed out dex, con and int.[0m
[22:46] [0m[31;1m[Clan] Szodrin :[0m yeah, I raisd wis up for melee... wish Kiki would give me a stat reset since[0m
[22:46] [0m                 melee got nerfed[0m
[22:46] [0m[31;1m[Clan] Byron :[0m 10 rohs in box heh[0m
[22:46] [0m[34;1mVagrant shouts:[0m woohoo![0m
[22:46] [0m[34;1mEcholoc shouts:[0m woo woo[0m
[22:46] [0m[31;1m[Clan] Byron :[0m o got 2 more smuggled[0m
[22:47] [0m[31;1m[Clan] Byron :[0m 12 in box[0m
[22:47] [0m[34;1mVidae shouts:[0m Ok we get it[0m
[22:47] [0m[31;1m[Clan] Byron :[0m anyone need a sp battery?[0m
[22:47] [0m[34;1mEcholoc shouts:[0m showoff[0m
[22:47] [0m[34;1mSzodrin shouts:[0m it for a while, I swear[0m
[22:47] [0m[34;1mArchangel shouts:[0m Woo!!![0m
[22:47] [0m[34;1mLance shouts:[0m I take back my woo, and give you a woo woo[0m
[22:47] [0m[31;1m[Clan] Byron :[0m 400 charges on this rloft symbol now[0m
[22:47] [0m[31;1m[Clan] Szodrin :[0m thanks for the party today and yesterday, Byron[0m
[22:47] [0m[31;1m[Clan] Byron :[0m anytime[0m
[22:47] [0m[31;1m[Clan] Szodrin :[0m helped a shitload[0m
[22:48] [0m[31;1m[Clan] Void :[0m yeah i caught up on 49 stats[0m
[23:04] [0m[34;1mSzodrin shouts:[0m LACES OUT![0m
[23:04] [0m[34;1mGumby shouts:[0m shank![0m
[23:05] [0m[34;1mVoler shouts:[0m it was the qb![0m
[23:05] [0m[34;1mEcholoc shouts:[0m finkle an einhorn, finkel and einhorn[0m
[23:08] [0m[37;1m[JEDI]:[0m Wennic Ber'ni'lok arrives at the Academy.[0m
[23:22] [0m[35;1mVolt [Jedi(59)]:[0m monday night :)[0m
[23:26] [0m[31;1m[Clan] Archangel :[0m Let me get out of abyss.  Can't callesquire here.[0m
[23:26] [0m[31;1m[Clan] Archangel :[0m w/l[0m
[23:37] [0m[37;1m[JEDI]:[0m H'ssani C'talan arrives at the Academy.[0m
[23:52] [0m[34;1mSevenofnine shouts:[0m I am Locutus - of Borg. Resistance - is futile. Your life, as it has been -[0m
[23:52] [0m                    is over. From this time forward, you will service - us.[0m
[23:52] [0m[34;1mYik shouts:[0m resistance is fail![0m
[23:53] [0m[34;1mVoler shouts:[0m you're comin off a bit thirsty.. maybe tone it down... show some chill[0m
