- = LOG STARTED [00:00] = -
[02:34] [0m[Clan] Dangerzone enters the game.  [0m
[02:39] [0m[33;1m::COM::Dangerzone :[0m retire?[0m
[02:40] [0m[32mYou say:[0m leave[0m
[02:40] [0m[32mYou say:[0m leave cyborgs[0m
[02:41] [0m[32mYou say:[0m retire[0m
[02:41] [0m[32mYou say:[0m retire cyborgs[0m
[02:41] [0m[Clan] Dangerzone leaves the game.  [0m
[02:41] [0m[Clan] Dangerzone : hi[0m
[02:42] [0m[Clan] Dangerzone : hmm what said I left game[0m
[02:43] [0m[Clan] Bruce : Welcome to the Dangerzone![0m
[02:44] [0m[Clan] Dangerzone : heh[0m
[02:47] [0;32mJen says: [0mYou going to just stand there, or are you ordering drinks?      [0m
[02:47] [0mnewb Dangerzone [cyborg/23]: how do you leave cyborgs lol[0m
[02:48] [0m[32mYou say:[0m leave[0m
[02:48] [0m[32mYou say:[0m leave cyborgs[0m
[02:48] [0m[32mYou say:[0m leave cyborgs[0m
[02:50] [0m[32mYou say:[0m leave cyborgs[0m
[02:51] [0m[32mYou say:[0m leave[0m
[02:51] [0m[32mYou say:[0m quit cyborgs[0m
[02:51] [0m[32mYou say:[0m retire cyborgs[0m
[02:51] [0m[32mYou say:[0m retire[0m
[02:51] [0m[32mYou say:[0m quit[0m
[02:56] [0m[32mYou say:[0m leave[0m
[02:56] [0m[32mYou say:[0m leave cyborgs[0m
[02:56] [0m[32mYou say:[0m quit cyborgs[0m
[02:56] [0m[32mYou say:[0m retire cyborgs[0m
[02:56] [0m[32mYou say:[0m quit[0m
[02:56] [0m[32mYou say:[0m retire[0m
[02:56] [0m[Clan] Phenom leaves the game.  [0m
[02:58] [0m[32mYou say:[0m I wish to quit the cyborgs[0m
[02:58] [0m[32mYou say:[0m I wish to quit the cyborgs.[0m
[02:59] [0m[32mYou tell Xiu:[0m hi-o! May I join up? -Kent[0m
[03:00] [0m[32mAmarul says: [0mGreetings upon you, Dangerzone.[0m
[03:00] [0m[32mYou say:[0m join[0m
[03:00] [0m[32mYou say:[0m join bladesingers[0m
[03:01] [0m[32mAmarul says : Only Bladesingers may enter the school.[0m[0m
[03:01] [0m[32mYou say: [0mhi                                                                   [0m
[03:01] [0m[32mAmarul says: [0mWell met, Dangerzone.                                         [0m
[03:01] [0m[32mYou say:[0m join[0m
[03:01] [0m[32mYou say:[0m recruit[0m
[03:02] [0m[32mYou say:[0m recruit me[0m
[03:03] [0m[32mYou say:[0m read runes[0m
[03:04] [0m[32mYou say:[0m join[0m
[03:11] [32mAmarul says: [0mGreetings upon you, Dangerzone.[0m
[03:11] [0m[32mYou say:[0m join[0m
[03:12] [0m[32mYou say:[0m greetings[0m
[03:12] [0m[32mYou say: [0mhi                                                                   [0m
[03:12] [0m[32mAmarul says: [0mWell met, Dangerzone.                                         [0m
[03:12] [0m[32mYou say:[0m may i join?[0m
[11:18] [0mGlorfindel flaps : I think the Wizards guild is the only one where you earn[0m
[11:18] [0m                   GXP for idling.[0m
[11:18] [0mSquirrel flaps : Aa earns gxp for idling.[0m
[11:19] [0mSquirrel flaps : he's got time on you.[0m
[11:19] [0mGlorfindel flaps : I had to recreate. :)[0m
[11:20] [0mOscar flaps : aa and jerran go into a room[0m
[11:20] [0mOscar flaps : who idles out first[0m
[11:20] [0mZor flaps : You don't want to know what they do in there![0m
[11:24] [0m[32mYou tell Lachlan:[0m may i join up? -kent[0m
[11:26] [0m[Clan] Boot : damn i'm out of RLI[0m
[11:26] [0m[Clan] Oscar : still got gobs[0m
[11:26] [0m[Clan] Oscar : oeve rhere[0m
[11:27] [0m[32mYou tell Boot:[0m pfft i died to botting last night... had no wimpy trigger[0m
[11:27] [0m[32mBoot tells you:[0m you mean no wimpy?[0m
[11:28] [0m[32mYou tell Boot:[0m so gotta reach lvl 63 and beyond. No i had no wimpy trigger[0m
[11:28] [0m        to stop bot. I moved to another room with a zombie[0m
[11:28] [0m[32mYou tell Boot:[0m while playing cs[0m
[11:28] [0m[32mBoot tells you:[0m /confused, so you're not playing HC now?[0m
[11:29] [0m[32mYou tell Boot:[0m will again later, try another guild. I love bsingers so[0m
[11:29] [0m        turning one of my other chars into it[0m
[11:30] [0m[32;1mFrom afar, Boot nods to you.[0m[0m
[11:35] [0m[32;1mFrom afar, you poke Stevie in the ribs.[0m[0m
[11:35] [0m[32mAmarul says: [0mGreetings upon you, Dangerzone.[0m
[11:36] [0m[32mYou say:[0m join[0m
[11:36] [0m[32;1mFrom afar, Stevie tips his hat to you.[0m[0m
[11:36] [0m[32mYou tell Stevie:[0m may i join?[0m
[11:36] [0m[32mStevie tells you:[0m bladesingers?[0m
[11:36] [0m[32;1mFrom afar, you nod to Stevie.[0m[0m
[11:37] [0m[32mStevie tells you:[0m do you know much about the guild?  come to the guild[0m
[11:37] [0m        entrance if you like[0m
[11:37] [0m[32mAmarul says: [0mGreetings upon you, Dangerzone.[0m
[11:37] [0m[32mYou tell Stevie:[0m yes but played as kent, HC[0m
[11:38] [0m[32mStevie tells you:[0m oh ok[0m
[11:38] [0m<BS> Dangerzone : woo[0m
[11:44] [0m[32mStevie tells you:[0m any questions I know a fair bit[0m
[11:57] [0m[Clan] Knox leaves the game.  [0m
[12:50] [0m[Clan] Oscar : Laf, Michael your guild on finger is Jedi Knight[0m
[12:50] [0m[Clan] Michael : It's the coolest[0m
[13:08] [0m[32mKerym says: [0mWell met, Swordbrother Dangerzone, May the Seldarine's Blessings be upon you.[0m
[13:41] [0m[Clan] Michael : Hopefully everyone is having a good Mother's Day if your[0m
[13:41] [0m                 country celebrates it today.[0m
[14:00] [0mBruce flaps : everyone better tune into boris, we're about to hear our[0m
[14:00] [0m              lockdown is extended :P[0m
[14:00] [0m[Clan] Silverhand : So far so good. :)[0m
[14:01] [0mPdog flaps : i am extending my lockdown until glvl 200[0m
[14:03] [0mCrolack flaps : Pinnacle is closed. The Rolan outside should have told you.[0m
[14:04] [0mMichael flaps : But I'm wearing a mask![0m
[14:05] [0mHe says: Olorin is a meanie! he hurt me...[0m
[14:06] [0m[Clan] Wesig : mmm zor just dropped a wyvern on me in pol3 and almost killed[0m
[14:06] [0m               me.[0m
[14:06] [0m[Clan] Oscar : owie[0m
[14:07] [0m[Clan] Oscar : have you considered fighting slimes for 12 years in the[0m
[14:07] [0m               sewer?[0m
[14:07] [0m[Clan] Oscar : much safer[0m
[14:07] [0m[Clan] Wesig : i have, haha![0m
[14:07] [0m[Clan] Wesig : the tride and true jareth method.[0m
[14:07] [0m[Clan] Oscar : heh[0m
[14:11] [0m[Clan] Bruce : lockdown changes in the uk, i can now sit in the park with my[0m
[14:11] [0m               friends AND GET BATTEREERERERERED[0m
[14:11] [0m[Clan] Bruce : *my interpretation[0m
[14:31] [0mnewb Botzilla [mage/56]: silly question, but why is my alt also not HM like[0m
[14:31] [0m                         my main? i tried logging in and out?[0m
[14:31] [0mnewb Turnhold [Wizard]: log into all, questlist, commands new[0m
[14:31] [0mnewb Botzilla [mage/56]: thanks![0m
[14:31] [0mnewb Adalius [Admin]: and stop botting, botzilla![0m
[14:32] [0mnewb Gaidin [changeling/132]: Couldn't it also be character-specific points?[0m
[14:32] [0mnewb Hyuga [jedi/133]: jump/down/turn around/pick a bale o'cotton[0m
[14:34] [0mnewb Botzilla [mage/56]: hmm didn't work. could it be that pressing the red[0m
[14:34] [0m                         button to gain some levels somehow inhibit it?[0m
[14:35] [0mnewb Squirrel [mage/131]: go into the hm room[0m
[14:35] [0mnewb Hyuga [jedi/133]: i think adalius was right[0m
[14:35] [0mnewb Squirrel [mage/131]: I your alt has qps with marbles that pushes you[0m
[14:35] [0m                          over the requirement you won't have it[0m
[14:35] [0mnewb Squirrel [mage/131]: if*[0m
[14:40] [0m[35;1mAl [Jedi(37)]:[0m needed a change?[0m
[14:40] [0m[35;1mSylph [Jedi(40)]:[0m nod:)[0m
[14:40] [0m[35;1mSylph [Jedi(40)]:[0m tired of sucking in mentals for now :)[0m
[14:40] [0m[35;1mAl [Jedi(37)]:[0m snicker[0m
[14:40] [0m[35;1mAl [Jedi(37)]:[0m that new emit is fun tho yeah[0m
[14:41] [0m[35;1mSylph [Jedi(40)]:[0m its a lil better[0m
[14:41] [0m[35;1mSylph [Jedi(40)]:[0m no where near where its needed[0m
[14:43] [0m[35;1mSylph [Jedi(40)]:[0m had to do my meditate also :)[0m
[14:45] [0m[37;1m[JEDI]:[0m H'ssani C'talan arrives at the Academy.[0m
[14:45] [0mnewb Atreyu [necromancer/100]: strange i seem to have 71 quest points =) i don't think that is[0m
[14:45] [0m                               enough to be HM. somehow my number is messed up. is there a[0m
[14:45] [0m                               commands to restore/recover the hm infos?[0m
[14:46] [0mnewb Gaidin [changeling/132]: From TH's advice earlier, I'd guess "questlist"[0m
[14:47] [0mnewb Squirrel [mage/131]: well you could quest, I mean that'll fix all of your problems[0m
[14:47] [0mnewb Eli [breed/101]: I don't think certain QP's carry over from alts? Iknow my alt has less[0m
[14:47] [0m                      Qp's than my main too[0m
[14:47] [0mnewb Squirrel [mage/131]: marbles don't carry[0m
[14:47] [0mnewb Eli [breed/101]: I think maybe the newbieland ones?[0m
[14:47] [0mnewb Eli [breed/101]:  ah, the marbles[0m
[14:48] [0mnewb Atreyu [necromancer/100]: tried questlist on all toons. what is strange is, my MAIN has 71[0m
[14:48] [0m                               qps! I don't think that is enough for hm? =)[0m
[14:48] [0mnewb Squirrel [mage/131]: no you need 805 for hm[0m
[14:48] [0mnewb Atreyu [necromancer/100]: so somehow they went into social distancing[0m
[14:48] [0mnewb Squirrel [mage/131]: so go quest[0m
[14:48] [0mnewb Atreyu [necromancer/100]: i have done them![0m
[14:51] [0mnewb Atreyu [necromancer/100]: ok quests were done on an old "main" that i deleted =/[0m
[14:52] [0mnewb Atreyu [necromancer/100]: no big deal, can get hm back fast enough anyway[0m
[14:52] [0mnewb Atreyu [necromancer/100]: just annoying.[0m
[15:01] [0mBoot flaps : anyone play dwarf fortress[0m
[15:01] [0mSquirrel flaps : there is no fortress, only 3k[0m
[15:01] [0mAl flaps : what squirrel said[0m
[15:07] [0m[33;1m[Clan] Wesig :[0m does autoloading gear apply to hc chars?[0m
[15:08] [0mYour transmuter's stone bursts with 2 new colours![0m
[15:11] [0m[33;1m[Clan] Sparkie :[0m yes[0m
[15:12] [0m[34;1mKitt shouts:[0m Stay this Madness![0m
[15:13] [0m[33;1m[Clan] Michael :[0m thinking either Fremen or Shimura jedi for my HC. Aint really decided yet. Not[0m
[15:13] [0m                 sure what all works best[0m
[15:13] [0m[33;1m[Clan] Wesig :[0m autoload lasts until plvl 60 yeah? thanks sparkie[0m
[15:13] [0m[33;1m[Clan] Oscar :[0m yeah, lvl 60 (or 61 i've heard actually?)[0m
[15:14] [0m[33;1m[Clan] Oscar :[0m I wouldn't push to 61 to test though[0m
[15:15] [0m[34;1mTex shouts:[0m its mothers day CALL YOUR MAMMA no not my mamma YOUR MAMMA[0m
[15:15] [0m[34;1mAl shouts:[0m happy day, you mother.....[0m
[15:16] [0m[34;1mSquirrel shouts:[0m well, she's busy cookin MY dinner[0m
[15:16] [0m[37;1m[JEDI]:[0m Durnoth arrives at the Academy.[0m
[15:34] [0m[32mKerym says: [0mWell met, Swordbrother Dangerzone, May the Seldarine's Blessings be upon you.[0m
[15:36] [0m[34;1mMaverick shouts:[0m so uhh, anyone made a cool 3 K UI for mudlet? hook a[0m
[15:36] [0m                 brother up![0m
[15:36] [0m[34;1mSquirrel shouts:[0m it's Maverick's fault.[0m
[15:36] [0m[34;1mOscar shouts:[0m Etah built a lot of stuff for mudlet - that I'm pretty sure[0m
[15:36] [0m              ships with Mudlet since he was a core coder for it.[0m
[15:56] [0m[Clan] Oscar : man spirit cloak is so nice[0m
[15:56] [0m[Clan] Bruce : this is my new favourite ring[0m
[15:56] [0m[Clan] Bruce : On fingers:   Cloak of the Spirit {radiant} [Transmuted to[0m
[15:56] [0m               ring][0m
[15:56] [0m[Clan] Michael : yeah I'm gonna beg someone to get me one those next boot[0m
[15:56] [0m[Clan] Oscar : ive been at 200% hp almost all boot[0m
[15:57] [0m[Clan] Bruce : 25 e/b and lots smd[0m
[15:57] [0m[Clan] Michael : that cloak will be a must have if I ever play my mage again[0m
[15:57] [0m[Clan] Bruce : plus regen[0m
[15:57] [0m[Clan] Oscar : yeah so sexy[0m
[15:57] [0m[Clan] Oscar : probably lowish lvl transmute too?[0m
[15:57] [0m[Clan] Bruce : cloak plus xmuted ring would be sexy[0m
[15:57] [0m[Clan] Bruce : i had level 36 xmute when i did it[0m
[15:57] [0m[Clan] Oscar : nod low enuff[0m
[15:58] [0m[Clan] Bruce : it's great for levelling weenie chars[0m
[15:58] [0m[Clan] Michael : I need a transmuter if that's all it takes. Everything a[0m
[15:58] [0m                 Jens can wear must be low[0m
[15:58] [0m[Clan] Bruce : 35 xmuter isn't too bad[0m
[15:58] [0m[Clan] Oscar : hmmmm its not legendary[0m
[15:58] [0m[Clan] Michael : I'll get it for my mage or mental once this jedi doesn't[0m
[15:58] [0m                 suck[0m
[16:00] [0m[Clan] Oscar : does the ammy do anything?[0m
[16:01] [0m[Clan] Michael : think it regens too[0m
[16:02] [0m[Clan] Ipsie enters the game.  [0m
[16:02] [0m[Clan] Oscar : bipsie![0m
[16:02] [0m[Clan] Bruce : bipsie sucks[0m
[16:02] [0m[Clan] Oscar : my ..4th[0m
[16:02] [0m[Clan] Oscar : no 5th[0m
[16:02] [0m[Clan] Oscar : ... or some favorite bard![0m
[16:03] [0m[Clan] Ipsie : ill take it :) especially if that is higher then bruce. that[0m
[16:03] [0m               guy stinks.[0m
[16:03] [0m[Clan] Bruce : like roses[0m
[16:03] [0m[Clan] Oscar : laf[0m
[16:26] [0m[32mKerym says: [0mWell met, Swordbrother Dangerzone, May the Seldarine's Blessings be upon you.[0m
[16:35] [0m[34;1mHyuga shouts:[0m ah crap[0m
[16:36] [0mEli flaps : always remember to carry the 2[0m
[16:43] [0m[Clan] Dangerzone : was hunted pfft[0m
[16:44] [0m[34;1mZor shouts:[0m woo!!!!!!!!!!!!!!!!!!!!!!!!!!!!!!!!!!!!!!!!!!!!!!!!!!!!!!!!!!!!![0m
[16:44] [0m            ![0m
[16:44] [0m[32;1mFrom afar, Zor acks at you.[0m[0m
[16:59] [0m[Clan] Dangerzone : hard phone playing heh[0m
[17:31] [0mOscar flaps : Kirwan and Omni sittin' in a tree[0m
[17:31] [0mOscar flaps : E-X-P[0m
[17:31] [0mOscar flaps : I-N-G[0m
[17:31] [0mSquirrel flaps : Carol Baskins feeding her husband to a tiger[0m
[17:33] [0mOmni flaps : your troops are fleeing the battlefield! shameful display![0m
[17:33] [0m[32mKerym says: [0mWell met, Swordbrother Dangerzone, May the Seldarine's Blessings be upon you.[0m
[17:36] [0mOscar flaps : your troops need a leader![0m
[17:36] [0mOscar flaps : Not a mouth breather![0m
[17:54] [0m[32mKerym says: [0mWell met, Swordbrother Dangerzone, May the Seldarine's Blessings be upon you.[0m
[18:07] [0m[32mKerym says: [0mWell met, Swordbrother Dangerzone, May the Seldarine's Blessings be upon you.[0m
[19:14] [0m[32mKerym says: [0mWell met, Swordbrother Dangerzone, May the Seldarine's Blessings be upon you.[0m
[20:34] [0m<BS> Metaljaz : welcome dangerzone[0m
[20:36] [0m<BS> Dangerzone : hi metaljaz[0m
[20:45] [0m<BS> Xiu : back with a regular char, just as promised? not much of the boot[0m
[20:45] [0m           left i'm afraid[0m
[20:55] [0m<BS> Dangerzone : heh yeah. I'll do it better on skills[0m
[21:31] [0m[32mKerym says: [0mWell met, Swordbrother Dangerzone, May the Seldarine's Blessings be upon you.[0m
[22:05] [0m<BS> Metaljaz : 12:03 boot time. i use to be ablt to make those but ...[0m
[22:09] [0m[Clan] Knox enters the game.  [0m
[22:26] [0m[Clan] Rebar enters the game.  [0m
[22:30] [0m[Clan] Nik leaves the game.  [0m
[22:35] [0mcart saying "You must purify your mind and body before attempting this[0m
[22:41] [0m[Clan] Sparkie leaves the game.  [0m
[22:41] [0m[Clan] Sparkie leaves the game.  [0m
[22:42] [0m[Clan] Sparkie leaves the game.  [0m
[22:49] [0mSquirrel flaps : one less stab before the reset dear friends[0m
[23:05] [0mArmy shouts: Game reboot in 59 minutes 15 seconds [0m
[23:10] [0m[32mKerym says: [0mWell met, Swordbrother Dangerzone, May the Seldarine's Blessings be upon you.[0m
[23:20] [0mArmy shouts: Game reboot in 44 minutes 16 seconds [0m
[23:20] [0m[34;1mOne shouts:[0m REPENT!  THE END IS NIGH![0m
[23:31] [0mArmy shouts: Game reboot in 33 minutes 2 seconds [0m
[23:39] [0mArmy shouts: Game reboot in 24 minutes 36 seconds [0m
[23:46] [0m[Clan] Oscar : qnyone on for boot?[0m
[23:46] [0mArmy shouts: Game reboot in 18 minutes 17 seconds [0m
[23:46] [0m[32;1m <Congratulations!>[0m : Spaceghost has joined the Crafter's Guild![0m
[23:48] [0m[Clan] Martyr : sexy[0m
[23:48] [0m[Clan] Martyr : slides already at 85%[0m
[23:50] [0mArmy shouts: Game reboot in 13 minutes 32 seconds [0m
[23:54] [0mArmy shouts: Game reboot in 9 minutes 59 seconds [0m
[23:56] [0mArmy shouts: Game reboot in 7 minutes 19 seconds [0m
[23:58] [0mArmy shouts: Game reboot in 5 minutes 19 seconds [0m
