- = LOG STARTED [00:00] = -
[00:06] [0m[37;1mFluffy <.oO>:[0m you go girl, shake that eexp![0m
[00:11] [0m[37;1m[JEDI]:[0m Wennic Ber'ni'lok arrives at the Academy.[0m
[00:14] [0m[34;1mJasmine shouts:[0m PLAYCULT! Join now and kill Nik![0m
[00:16] [0m[35;1mSimonz [Jedi(Knight)]:[0m leveled?[0m
[00:16] [0m[35;1mSimonz [Jedi(Knight)]:[0m w/l[0m
[00:17] [0m[35;1mSimonz [Jedi(Knight)]:[0m heh[0m
[00:25] [0mYou can currently reforge 4 items.[0m
[00:26] [0mYou can currently reforge 0 items.[0m
[00:30] [0m[34;1mGumby shouts:[0m goo gai pan![0m
[00:36] [0m[37;1mInfected flaps :[0m zombie reset swang by[0m
[00:39] [0m[37;1mInfected flaps :[0m resetted[0m
[00:40] [0m[31;1m[Clan] Taleast :[0m night[0m
[01:03] [0m[31;1m[Clan] Falthrice leaves the game.[0m  [0m
[01:15] [0mYou can currently reforge 4 items.[0m
[01:33] [0m[37;1mSquirrel flaps :[0m whee power blip[0m
[01:44] [0m[37;1mAgni flaps :[0m resetting zombies soon. send tell if you want to join.[0m
[01:46] [0m[37;1mAgni flaps :[0m done[0m
[02:21] [0mThadar <.oO>: last call day 3 at ss[0m
[02:22] [0mThadar <.oO>: sorry nix that i was misinformed[0m
[02:23] [0mThadar <.oO>: carry on, carry on.[0m
[02:53] [0m[37;1mKirwan flaps :[0m did Thadar have the day3 cmc?  did he hand it off to anyone,[0m
[02:53] [0m               by any chance?[0m
[02:53] [0m[37;1mSpace flaps :[0m i have og[0m
[02:53] [0m[37;1mSpace flaps :[0m i think[0m
[02:54] [0m[37;1mSpace flaps :[0m unless Tony messedip[0m
[03:00] [0m[34;1mJasmine shouts:[0m DIRTY FILTHY MEMORY![0m
[09:45] [0mYou can currently reforge 4 items.[0m
[09:45] [0mYou can currently reforge 0 items.[0m
[09:52] [0m[36m<BS> Dangerzone :[0m morning![0m
[09:52] [0m[31;1m[Clan] Dangerzone :[0m morning![0m
[09:53] [0m[34;1mDangerzone shouts:[0m g'morning![0m
[09:53] [0m[31;1m[Clan] Taleast :[0m morning[0m
[10:20] [0m[37;1mGrot flaps :[0m anyone have cmc3 to dupe?[0m
[10:25] [0mYou can currently reforge 4 items.[0m
[10:28] [0m[36m<BS> Dangerzone :[0m morning!xp[0m
[10:29] [0m[36m<BS> Dangerzone :[0m oops[0m
[11:02] [0m[34;1mDrax shouts:[0m Woo![0m
[11:09] [0m[34;1mDangerzone shouts:[0m w00t[0m
[11:09] [0m[32;1mFrom afar, Gumby peers quizzically at you.[0m[0m
[11:25] [0mYou can currently reforge 8 items.[0m
[12:06] [0m[34;1mSimonz shouts:[0m man, don't go dying right when I start in on Terra lol[0m
[12:25] [0mYou can currently reforge 12 items.[0m
[12:39] [0m[34;1mHyperion shouts:[0m if you want to dupe day 3, come to ss, final call[0m
[12:54] [0m[34;1mSpace shouts:[0m woo![0m
[13:03] [0m[31;1m[Clan] Martyr leaves the game.[0m  [0m
[13:07] [0mnewb Avalin [necromancer/9]: I need 460 coins[0m
[13:07] [0mnewb Avalin [necromancer/9]: to do the newbie academy quest[0m
[13:09] [0mnewb Avalin [necromancer/9]: how do I find out the health of who i'm[0m
[13:09] [0m                             fighting?[0m
[13:10] [0mnewb Drax [cyborg/111]: It should be on your hp bar while you are fighting[0m
[13:10] [0m                        something.[0m
[13:11] [0mnewb Drax [cyborg/111]: I can't remember what the necromancer hpbar looks[0m
[13:11] [0m                        like though[0m
[13:19] [0mYou can currently reforge 0 items.[0m
[13:20] [0m[31;1m[Clan] Roken :[0m sry forgot about the mats... blutash and byron theyll be at cbox[0m
[13:23] [0m[31;1m[Clan] Roken :[0m 4 ea: peridot, core of air and 2 ea peridot dust[0m
[13:29] [0mYour transmuter's stone bursts with 3 new colours![0m
[13:38] [0m[37;1m[JEDI]:[0m Wennic Ber'ni'lok arrives at the Academy.[0m
[13:43] [0mnewb Avalin [necromancer/9]: I'm struggling with this final exam quest[0m
[13:43] [0mnewb Avalin [necromancer/9]: the academy just dumped me straight into the exam[0m
[13:43] [0mnewb Simonz [jedi/133]: everything you need should be in the help files[0m
[13:44] [0mnewb Koth [elemental/97]: qinfo![0m
[13:44] [0mnewb Koth [elemental/97]: en[0m
[13:45] [0mnewb Koth [elemental/97]: entirely correct what Simonz said. You don't need to leave the room to[0m
[13:45] [0m                          finish.[0m
[13:46] [0mnewb Avalin [necromancer/9]: how do I find out the name of an Archon?[0m
[13:46] [0mnewb Ceira [mage/6]: everythings in the help files, dig around a bit[0m
[13:46] [0mnewb Killergate [bard/137]: we cant really discuss quests on public lines[0m
[13:47] [0m[35;1mEnder [Jedi(Knight)]:[0m Hrm, I dont have wennic jedi master in my file. Al, does your script work[0m
[13:47] [0m                      in reverse, like "What has Wennic Mastered?"[0m
[13:47] [0m[35;1mAl [Jedi(68)]:[0m was blocking[0m
[13:47] [0m[35;1mAl [Jedi(68)]:[0m sorry ender[0m
[13:48] [0m[35;1mEnder [Jedi(Knight)]:[0m You really want those glvls before boot eh:)[0m
[13:48] [0m[35;1mAl [Jedi(68)]:[0m hells yeah[0m
[13:48] [0m[35;1mEnder [Jedi(Knight)]:[0m the ability to send tells doesn't imply the requirement to respond:)[0m
[13:48] [0m[35;1mEnder [Jedi(Knight)]:[0m Can you lookup what Wennic has mastered?[0m
[13:48] [0m[35;1mAl [Jedi(68)]:[0m Al, what does Wennic train?[0m
[13:48] [0m[35;1mAl [Jedi(68)]:[0m try that[0m
[13:49] [0m[35;1mEnder [Jedi(Knight)]:[0m Al, what does Wennic train?[0m
[13:49] [0m[35;1mEnder [Jedi(Knight)]:[0m Al, what does Wennic Ber'ni'lok train?[0m
[13:49] [0m[35;1mSimonz [Jedi(Knight)]:[0m nothing[0m
[13:49] [0m[35;1mSimonz [Jedi(Knight)]:[0m well, nothing useful[0m
[13:49] [0m[35;1mEnder [Jedi(Knight)]:[0m Al, who trains greater force shield?[0m
[13:49] [0m[35;1mAl [Jedi(68)]:[0m greater force shield: Understanding - Ylenic, Wennic, Rhaan, Reena, Kerran,[0m
[13:49] [0m               H'ssani, Fondon, Bithoff, Durnoth; Adept - Talia, Herah; Master - Tobias, Janath;[0m
[13:51] [0m[35;1mSimonz [Jedi(Knight)]:[0m berni has mastered lightsaber alteration[0m
[13:51] [0m[35;1mEnder [Jedi(Knight)]:[0m Wennic - mastered lightsaber alteration[0m
[13:51] [0m[35;1mSimonz [Jedi(Knight)]:[0m and that's the only thing he has[0m
[13:51] [0m[35;1mSimonz [Jedi(Knight)]:[0m for mastery, he's got a bunch of other stuff at lesser levels[0m
[13:53] [0m[35;1mSimonz [Jedi(Knight)]:[0m and basically every master, including fondon, has that skill mastered.[0m
[13:53] [0m                       wennic == useless[0m
[13:54] [0m[35;1mTaleast [Jedi(51)]:[0m Wennic'ant[0m
[14:10] [0m[37;1m[JEDI]:[0m Rhaan arrives at the Academy.[0m
[14:25] [0m[35;1mEnder [Jedi(Knight)]:[0m so, i buy my dog these expesive fancy bones, he buries them and chews on a[0m
[14:25] [0m                      hockey puck.[0m
[14:25] [0m[35;1mEnder [Jedi(Knight)]:[0m you think if i bought him hjockey pucks,and kept one bone in the house,[0m
[14:25] [0m                      he'd go for the bone?[0m
[14:29] [0mYour transmuter's stone bursts with 2 new colours![0m
[14:39] [0m[37;1m[JEDI]:[0m Tobias Kel'ach'nar arrives at the Academy.[0m
[14:50] [0mnewb Avalin [necromancer/18]: how many levels can someone have total?[0m
[14:50] [0mnewb Inquisitor [jedi/109]: We don't know.  It's a lot.[0m
[14:51] [0mnewb Hsima [sii/132]: around 140[0m
[14:51] [0m[35;1mInquisitor [Jedi(Knight)]:[0m Well.  Turned my scaler up from 105 to 110, the chess pieces only got[0m
[14:51] [0m                           300k bigger and I killed it in the same amount of time.[0m
[14:52] [0mnewb Hsima [sii/132]: at least 135[0m
[14:52] [0m[35;1mTaleast [Jedi(51)]:[0m mobs 'usually' scale more damage than health, if you can tank the damage[0m
[14:52] [0m                    you're usually also increasing xp rate[0m
[14:53] [0m[35;1mTaleast [Jedi(51)]:[0m at least that's been my observation[0m
[14:53] [0m[35;1mInquisitor [Jedi(Knight)]:[0m I blame my amulet.  I've been gifted with some BSness.[0m
[14:53] [0m[35;1mInquisitor [Jedi(Knight)]:[0m I'm not BS, but the amulet is.[0m
[14:53] [0m[35;1mEnder [Jedi(Knight)]:[0m what ammy?[0m
[14:53] [0m[35;1mInquisitor [Jedi(Knight)]:[0m firebat armor[0m
[14:53] [0m[35;1mWert [Jedi(Knight)]:[0m strung day2 cmc[0m
[14:54] [0m[35;1mInquisitor [Jedi(Knight)]:[0m This thing is floating my stats like a boon, it's kinda scary[0m
[14:54] [0m[35;1mEnder [Jedi(Knight)]:[0m yah i wanna do that firebat party one day[0m
[14:54] [0m[35;1mWert [Jedi(Knight)]:[0m nod thats why jedi love it, personal boon[0m
[14:55] [0m[35;1mInquisitor [Jedi(Knight)]:[0m This would be the time to... ah dookie.  I betcha with the stat[0m
[14:55] [0m                           boosts I could snap shot scaler 82 chess board, but I can't reset the[0m
[14:55] [0m                           dungeon.[0m
[14:56] [0m[35;1mInquisitor [Jedi(Knight)]:[0m Oh what the hell?[0m
[14:57] [0m[35;1mInquisitor [Jedi(Knight)]:[0m Golems aren't aggro and when the 2nd one shows up it's not aggro[0m
[14:57] [0m                           either.[0m
[14:57] [0m[35;1mInquisitor [Jedi(Knight)]:[0m Wert, you broke me.  :P[0m
[14:58] [0m[35;1mSimonz [Jedi(Knight)]:[0m I had that 'problem' the other day, too[0m
[14:58] [0m[35;1mSimonz [Jedi(Knight)]:[0m right after I left teepo[0m
[14:59] [0m[35;1mSimonz [Jedi(Knight)]:[0m killed zelligar, he summoned 4 golems that never attacked me[0m
[14:59] [0m[35;1mSimonz [Jedi(Knight)]:[0m something else didn't aggro at me either, but should have[0m
[14:59] [0m[35;1mAl [Jedi(68)]:[0m best.problem.evar.[0m
[14:59] [0m[35;1mWert [Jedi(Knight)]:[0m you force cloak this boot?[0m
[15:00] [0m[35;1mSally [Jedi(43)]:[0m force cloak does that[0m
[15:00] [0m[35;1mAdalius [Jedi(WGM)]:[0m It aint suppose to *grumble*[0m
[15:00] [0m[35;1mWert [Jedi(Knight)]:[0m think its buggy[0m
[15:00] [0m[35;1mWert [Jedi(Knight)]:[0m same thing i heard from inq[0m
[15:00] [0m[35;1mSimonz [Jedi(Knight)]:[0m sally force cloaked when I got an amulet for her, just to be silly[0m
[15:00] [0m[35;1mWert [Jedi(Knight)]:[0m who just got cloaked[0m
[15:00] [0m[35;1mSimonz [Jedi(Knight)]:[0m but the party was over, this was the one I got for ender after my dungeon[0m
[15:00] [0m                       reset[0m
[15:01] [0m[35;1mInquisitor [Jedi(Knight)]:[0m Well, that's the thing.  Wert gave me the pboot and I saw the message[0m
[15:01] [0m                           the cloak went away[0m
[15:01] [0m[35;1mInquisitor [Jedi(Knight)]:[0m And yet, here I am[0m
[15:01] [0m[35;1mSally [Jedi(43)]:[0m I use cloak to avoid agro mobs[0m
[15:01] [0m[35;1mInquisitor [Jedi(Knight)]:[0m I have a fremen gobj with hide for that.[0m
[15:01] [0m[35;1mAdalius [Jedi(WGM)]:[0m I toggled 2 of 3 things off on you Inq, I turned the 3rd off so you should[0m
[15:01] [0m                     be 'fixed'[0m
[15:02] [0m[35;1mAdalius [Jedi(WGM)]:[0m nobody else seems to have it on them[0m
[15:02] [0m[35;1mSally [Jedi(43)]:[0m left over flags[0m
[15:02] [0m[35;1mInquisitor [Jedi(Knight)]:[0m Roger that.  I'll let you know if it's wonky when I move into another[0m
[15:02] [0m                           room.[0m
[15:02] [0m[35;1mInquisitor [Jedi(Knight)]:[0m Golem attacking me as it's supposed to.  Now I just gotta wait for[0m
[15:02] [0m                           the summon.[0m
[15:03] [0m[35;1mInquisitor [Jedi(Knight)]:[0m And it's back to normal too.[0m
[15:04] [0m[35;1mSimonz [Jedi(Knight)]:[0m I did have the problem 2 days ago, though[0m
[15:05] [0m[35;1mSimonz [Jedi(Knight)]:[0m 'problem', heh[0m
[15:05] [0m[35;1mSimonz [Jedi(Knight)]:[0m maybe because I stayed on the party banner after Sally left[0m
[15:06] [0m[35;1mAdalius [Jedi(WGM)]:[0m Nah, I think its a check I was doing. It should work in principle but[0m
[15:06] [0m                     evidently it wasnt so it was leaving one thing hanging[0m
[15:07] [0m[37;1m[JEDI]:[0m Talia Ska arrives at the Academy.[0m
[15:10] [0m[35;1mSally [Jedi(43)]:[0m could just leave it hanging :P[0m
[15:10] [0m[35;1mVolt [Jedi(56)]:[0m aggro everything to me![0m
[15:10] [0m[31;1m[Clan] Taleast :[0m so... how does alchemy work again?[0m
[15:11] [0m[31;1m[Clan] Taleast :[0m because I think I'd 'really' like to get like 20 intelligence points back[0m
[15:11] [0m[35;1mInquisitor [Jedi(Knight)]:[0m No sh!t, there I was.  Battalion commander comes down to address the[0m
[15:11] [0m                           company about the suicide in the battalion.  She says, swear to[0m
[15:11] [0m                           whatever deity you may or may not believe in, that his chain of[0m
[15:11] [0m                           command didn't leave him hanging.[0m
[15:11] [0m[35;1mInquisitor [Jedi(Knight)]:[0m I'll give ya 3 guesses how old boy offed himself.[0m
[15:11] [0m[35;1mVolt [Jedi(56)]:[0m woo![0m
[15:12] [0m[35;1mVolt [Jedi(56)]:[0m classic.  money passed hands.[0m
[15:12] [0m[35;1mInquisitor [Jedi(Knight)]:[0m Bless her heart she meant well but man...  phrasing.[0m
[15:13] [0m[35;1mVolt [Jedi(56)]:[0m i was on a plane once and the capt said 'we should have you in the ground in no[0m
[15:13] [0m                 time - excuse me 'on' the ground'[0m
[15:13] [0m[35;1mInquisitor [Jedi(Knight)]:[0m Win.[0m
[15:13] [0m[35;1mVolt [Jedi(56)]:[0m guarantee money changed hands[0m
[15:29] [0mYour transmuter's stone bursts with 4 new colours![0m
[15:33] [0m[31;1m[Clan] Phenom leaves the game.[0m  [0m
[15:35] [0m[37;1m[JEDI]:[0m Janath Meelin arrives at the Academy.[0m
[15:42] [0m[35;1mSimonz [Jedi(Knight)]:[0m anyone still need a headband?[0m
[15:42] [0m[35;1mInquisitor [Jedi(Knight)]:[0m I have 4/4 headband.  If you're offering higher caliber I'll take it[0m
[15:42] [0m                           if nobody else needs.[0m
[15:43] [0m[35;1mInquisitor [Jedi(Knight)]:[0m No I won't I'm in a zelligar dungeon now, ignore me[0m
[15:43] [0m[35;1mInquisitor [Jedi(Knight)]:[0m And I'm not even drunk.  Oops.[0m
[16:06] [0m[37;1m[JEDI]:[0m Talia Ska arrives at the Academy.[0m
[16:18] [0m[35;1mUkyo [Jedi(Knight)]:[0m anybody want some battle meditation for a while?[0m
[16:18] [0m[35;1mKsemia [Jedi(Master)]:[0m sure :)[0m
[16:19] [0m[35;1mUkyo [Jedi(Knight)]:[0m come get some[0m
[16:19] [0m[35;1mUkyo [Jedi(Knight)]:[0m ooh, I can FLAP!!![0m
[16:19] [0m[35;1mSimonz [Jedi(Knight)]:[0m woot![0m
[16:19] [0m[35;1mSimonz [Jedi(Knight)]:[0m can you do tells?[0m
[16:19] [0m[35;1mUkyo [Jedi(Knight)]:[0m and it won't break my meditation.[0m
[16:19] [0m[35;1mUkyo [Jedi(Knight)]:[0m lemme test[0m
[16:20] [0m[35;1mUkyo [Jedi(Knight)]:[0m I can do esp. lemme check tells now[0m
[16:20] [0m[35;1mUkyo [Jedi(Knight)]:[0m yup, tells and esp both won't break it[0m
[16:20] [0m[35;1mSimonz [Jedi(Knight)]:[0m noice![0m
[16:23] [0m[35;1mSimonz [Jedi(Knight)]:[0m +15 dex from ukyo's battle meditation, go get some everyone[0m
[16:23] [0m[35;1mSally [Jedi(43)]:[0m ?[0m
[16:23] [0m[35;1mSimonz [Jedi(Knight)]:[0m info battle meditation, info commune[0m
[16:24] [0m[35;1mSally [Jedi(43)]:[0m where are you[0m
[16:24] [0m[35;1mKsemia [Jedi(Master)]:[0m meditation room[0m
[16:25] [0m[35;1mKsemia [Jedi(Master)]:[0m se of coa[0m
[16:25] [0m[35;1mUkyo [Jedi(Knight)]:[0m what he said[0m
[16:25] [0m[35;1mUkyo [Jedi(Knight)]:[0m woot[0m
[16:25] [0m[35;1mSally [Jedi(43)]:[0m oo that is cool[0m
[16:26] [0m[35;1mSally [Jedi(43)]:[0m do you get as a self buff too?[0m
[16:26] [0m[35;1mSimonz [Jedi(Knight)]:[0m he has to stay sitting there[0m
[16:26] [0m[35;1mKsemia [Jedi(Master)]:[0m he gets to hang in the guild while wveryone profits[0m
[16:26] [0m[35;1mSally [Jedi(43)]:[0m oo[0m
[16:27] [0m[35;1mSally [Jedi(43)]:[0m so if he moves do all the buffs drop off?[0m
[16:27] [0m[35;1mUkyo [Jedi(Knight)]:[0m correct[0m
[16:27] [0m[35;1mUkyo [Jedi(Knight)]:[0m or, if i go idle[0m
[16:27] [0m[35;1mSally [Jedi(43)]:[0m what a cool piece of code[0m
[16:27] [0m[35;1mUkyo [Jedi(Knight)]:[0m however, with idle, when i come back, I don't know if the commune has to be[0m
[16:27] [0m                     reinitiated.[0m
[16:33] [0m[35;1mUkyo [Jedi(Knight)]:[0m uh, ksemia, be careful in that nuclear plant, yo.[0m
[16:34] [0m[37;1m[JEDI]:[0m Wennic Ber'ni'lok arrives at the Academy.[0m
[16:35] [0m[35;1mUkyo [Jedi(Knight)]:[0m al, who has mastered Battle Meditation?[0m
[16:35] [0m[35;1mSimonz [Jedi(Knight)]:[0m capital A Al?[0m
[16:35] [0m[35;1mAl [Jedi(68)]:[0m cao a[0m
[16:35] [0m[35;1mAl [Jedi(68)]:[0m cap a[0m
[16:35] [0m[35;1mAl [Jedi(68)]:[0m nod[0m
[16:35] [0m[35;1mUkyo [Jedi(Knight)]:[0m Al, who has mastered Battle Meditation?[0m
[16:35] [0m[35;1mSimonz [Jedi(Knight)]:[0m and lowercase skill[0m
[16:35] [0m[35;1mUkyo [Jedi(Knight)]:[0m mmhmm.[0m
[16:35] [0m[35;1mSimonz [Jedi(Knight)]:[0m heh[0m
[16:35] [0m[35;1mAl [Jedi(68)]:[0m jmast battle[0m
[16:36] [0m[35;1mAl [Jedi(68)]:[0m ylenix[0m
[16:36] [0m[35;1mUkyo [Jedi(Knight)]:[0m Al, who has mastered battle meditation?[0m
[16:36] [0m[35;1mAl [Jedi(68)]:[0m Ylenic mastered battle meditation[0m
[16:36] [0m[35;1mAl [Jedi(68)]:[0m but idk why thT fritzed[0m
[16:36] [0m[35;1mAl [Jedi(68)]:[0m caps maybe?[0m
[16:36] [0m[35;1mUkyo [Jedi(Knight)]:[0m caps.[0m
[16:36] [0m[35;1mSimonz [Jedi(Knight)]:[0m probably[0m
[16:36] [0m[35;1mUkyo [Jedi(Knight)]:[0m case sensitive, due to them using different ascii codes.[0m
[16:36] [0m[35;1mSimonz [Jedi(Knight)]:[0m if you're python scripting, just cast it all to lower[0m
[16:36] [0m[35;1mAl [Jedi(68)]:[0m i thought i did a lower in the query, hmm[0m
[16:37] [0m[35;1mUkyo [Jedi(Knight)]:[0m ahh, first step on input put them all lowercase? that'd work.[0m
[16:38] [0m[35;1mUkyo [Jedi(Knight)]:[0m then it could read that annoying cApS STylE that people write in.[0m
[16:38] [0m[35;1mUkyo [Jedi(Knight)]:[0m wait, is it the ring of fifteen that does that?[0m
[16:39] [0m[35;1mAl [Jedi(68)]:[0m almost 50%[0m
[16:39] [0m[35;1mSimonz [Jedi(Knight)]:[0m I wRoTe A sCrIpT tHaT dOeS iT fOr Me![0m
[16:40] [0m[35;1mUkyo [Jedi(Knight)]:[0m yea, that.[0m
[16:44] [0m[35;1mAl [Jedi(68)]:[0m i need to block again.   yall are scaring me[0m
[16:45] [0mnewb Avalin [necromancer/19]: I'm lost on a space station. rub pendant doesn't work[0m
[16:45] [0m[35;1mAl [Jedi(68)]:[0m 2 h till fdef![0m
[16:46] [0mnewb Koth [elemental/97]: at what glvl do necros gain ports?[0m
[16:46] [0mnewb Din [bladesinger/131]: 20 i think?[0m
[16:46] [0mnewb Rictor [monk/138]: 20 sounds right[0m
[16:46] [0mnewb Rictor [monk/138]: Been a while though[0m
[16:46] [0mnewb Din [bladesinger/131]: same[0m
[16:47] [0mnewb Aka [necromancer/120]: 15[0m
[16:47] [0mnewb Koth [elemental/97]: heh. try 'help townportal' Avalin.[0m
[16:47] [0mnewb Avalin [necromancer/19]: something bloks the portal[0m
[16:48] [0mnewb Koth [elemental/97]: try 'help retrace'.[0m
[16:49] [0mnewb Avalin [necromancer/19]: thanks[0m
[16:49] [0m[35;1mUkyo [Jedi(Knight)]:[0m going afk a bit. i'll check focus of battle med when I get back and ask if[0m
[16:49] [0m                     the stats have come back.[0m
[16:49] [0mnewb Koth [elemental/97]: retrace sometimes doesn't work though. be aware it may take you in[0m
[16:49] [0m                          circles.[0m
[16:49] [0m[31;1m[Clan] Ser :[0m can a bard sing me up[0m
[16:50] [0m[31;1m[Clan] Byron :[0m I can when vampire drops[0m
[16:50] [0m[31;1m[Clan] Ser :[0m :D[0m
[16:50] [0m[31;1m[Clan] Byron :[0m I don't have enough voice atm[0m
[16:50] [0m[31;1m[Clan] Byron :[0m will be regen'd by then[0m
[16:50] [0m[31;1m[Clan] Byron :[0m been intermittenly passing out and waking up in cemetery[0m
[16:50] [0m[31;1m[Clan] Byron :[0m 3 times this afternoon[0m
[16:50] [0m[31;1m[Clan] Ser :[0m lol[0m
[16:50] [0m[31;1m[Clan] Ser :[0m only 1 time here[0m
[16:51] [0mnewb Frank [Wizard]: you may need to leave the shuttle and then maybe teleports will work[0m
[16:51] [0mnewb Avalin [necromancer/19]: K im back there[0m
[16:51] [0mnewb Alassra [necromancer/130]: I got him :D[0m
[16:51] [0mnewb Frank [Wizard]: train your recruit![0m
[16:51] [0mnewb Alassra [necromancer/130]: working on it![0m
[16:51] [0mnewb Ser [psicorps/136]: ya keep your baby necs in line[0m
[16:51] [0m[31;1m[Clan] Taleast :[0m not getting good sleep?[0m
[16:55] [0m[31;1m[Clan] Byron :[0m sort of[0m
[16:55] [0m[31;1m[Clan] Byron :[0m just had a long night too[0m
[16:56] [0m[31;1m[Clan] Byron :[0m Hmmmm you guys do day 3?[0m
[16:57] [0m[31;1m[Clan] Ser :[0m nah[0m
[16:57] [0m[31;1m[Clan] Ser :[0m 5 & 7 generally[0m
[16:58] [0m[32mYou tell Byron:[0m them mats in cbox, some for you and blutash[0m
[16:58] [0m[32;1mFrom afar, Byron goes 'Woo Woo!' at you.[0m[0m
[16:59] [0m[31;1m[Clan] Aka :[0m excited to wear cmc this boot[0m
[16:59] [0m[31;1m[Clan] Byron :[0m 3 has the stats[0m
[16:59] [0m[31;1m[Clan] Taleast :[0m I don't have enough experience for 2 day dups yet :([0m
[16:59] [0m[31;1m[Clan] Taleast :[0m working on it[0m
[17:00] [0m[31;1m[Clan] Ser :[0m my rimalkins is up[0m
[17:00] [0m[31;1m[Clan] Taleast :[0m hey, how do I get started with alchemy? I'd like to lose some intelligence[0m
[17:00] [0m[31;1m[Clan] Ser :[0m i'm not the right person[0m
[17:00] [0m[31;1m[Clan] Taleast :[0m I think I heard it was different for each character[0m
[17:00] [0m[31;1m[Clan] Taleast :[0m I just don't even know where to start[0m
[17:01] [0m[31;1m[Clan] Ser :[0m at the beginning[0m
[17:01] [0m[31;1m[Clan] Taleast :[0m I want to start at the end![0m
[17:01] [0m[31;1m[Clan] Byron :[0m the alchemy room is in pinnacle[0m
[17:01] [0m[31;1m[Clan] Byron :[0m lil west of chaos[0m
[17:01] [0m[31;1m[Clan] Byron :[0m the materials are all the junk you see in fantasy[0m
[17:01] [0m[31;1m[Clan] Taleast :[0m cool, not sure how I overlooked it, I guess I admittedly don't tend to go back[0m
[17:01] [0m                 to places I've been to without a payoff, heh[0m
[17:01] [0m[31;1m[Clan] Byron :[0m just lying around[0m
[17:02] [0m[31;1m[Clan] Ser :[0m earth elemental lord hits smooth and jagged[0m
[17:02] [0m[31;1m[Clan] Ser :[0m can block and crit[0m
[17:02] [0m[31;1m[Clan] Byron :[0m he's currently fucking my shit up[0m
[17:02] [0m[31;1m[Clan] Ser :[0m i'm killing him back[0m
[17:02] [0m[31;1m[Clan] Ser :[0m for killing me[0m
[17:02] [0m[31;1m[Clan] Taleast :[0m did he push in your stool?[0m
[17:02] [0m[31;1m[Clan] Byron :[0m if xaryl runs out of mends[0m
[17:02] [0m[31;1m[Clan] Byron :[0m prolly[0m
[17:03] [0m[31;1m[Clan] Ser :[0m lol i just died again[0m
[17:03] [0m[31;1m[Clan] Ser :[0m i need more defense[0m
[17:04] [0m[37;1m[JEDI]:[0m Bithoff Jonansaan arrives at the Academy.[0m
[17:08] [0m[31;1m[Clan] Taleast :[0m I could pop on Dayland for a sec and aura you[0m
[17:11] [0m[31;1m[Clan] Sock :[0m baby you can do whatever you like[0m
[17:13] [0m[35;1mTaleast [Jedi(51)]:[0m laf, I didn't realize you responded with Sock[0m
[17:13] [0m[35;1mTaleast [Jedi(51)]:[0m w/l[0m
[17:13] [0m[31;1m[Clan] Nik :[0m anyone wanna do day 3?[0m
[17:14] [0m[31;1m[Clan] Taleast :[0m laf, I didn't realize you responded with Sock[0m
[17:14] [0m[31;1m[Clan] Taleast :[0m I am saving my dup for day 5, but I'm willing to help with day3, though I doubt[0m
[17:14] [0m                 you need my wimpy damage[0m
[17:15] [0m[31;1m[Clan] Aka :[0m id come hit also[0m
[17:15] [0m[31;1m[Clan] Taleast :[0m also, there's a very good chance he'd be immune to my damage because I only[0m
[17:15] [0m                 have energy damage for a few glvls[0m
[17:15] [0m[31;1m[Clan] Byron :[0m we can ewell[0m
[17:16] [0m[31;1m[Clan] Byron :[0m also, if you have tag from last boot[0m
[17:16] [0m[31;1m[Clan] Byron :[0m dont need it this one[0m
[17:16] [0m[31;1m[Clan] Aka :[0m i do fecal dmg type[0m
[17:16] [0m[31;1m[Clan] Byron :[0m next boot is short[0m
[17:16] [0m[31;1m[Clan] Byron :[0m next boot is short[0m
[17:16] [0m[31;1m[Clan] Nik :[0m since when did the terran republic get this tech?! i think i only got day 5 last[0m
[17:16] [0m             boot, i usually dont cmc[0m
[17:17] [0m[31;1m[Clan] Taleast :[0m 39% from fdef 6[0m
[17:17] [0m[31;1m[Clan] Byron :[0m woo[0m
[17:17] [0m[31;1m[Clan] Taleast :[0m maybe this one will finally be a good jump[0m
[17:18] [0m[31;1m[Clan] Taleast :[0m but at the least it will make it easier to put less effort into bruns for short[0m
[17:18] [0m                 boots[0m
[17:19] [0m[31;1m[Clan] Sock :[0m you get credit for previous boot's firebat kill @taleast[0m
[17:19] [0m[31;1m[Clan] Sock :[0m also each day gives credit for all of the preceding days[0m
[17:19] [0m[31;1m[Clan] Taleast :[0m nog, I have credit for day 5 already, I don't have a dup for day 3, was just[0m
[17:19] [0m                 willing to wail on it[0m
[17:20] [0m[31;1m[Clan] Aka :[0m i think i got day 5 tag last boot but not certain lol[0m
[17:20] [0m[31;1m[Clan] Sock :[0m hey byron is the next boot long[0m
[17:20] [0m[31;1m[Clan] Byron :[0m no the next boot is short[0m
[17:20] [0m[31;1m[Clan] Byron :[0m no the next boot is short[0m
[17:21] [0m[31;1m[Clan] Sock :[0m haters will say its fake[0m
[17:22] [0m[31;1m[Clan] Sock :[0m so i've been using this corona ointment (it's pre-corona virus) and it's supposed[0m
[17:22] [0m              to be for wounds on horses[0m
[17:23] [0m[31;1m[Clan] Sock :[0m and i've been putting it on my minor cuts and scrapes and they have been healing a[0m
[17:23] [0m              lot faster[0m
[17:23] [0m[31;1m[Clan] Nik :[0m pre covid-19, cornas have been around forever[0m
[17:23] [0m[31;1m[Clan] Sock :[0m well yeah[0m
[17:23] [0m[31;1m[Clan] Sock :[0m but beside the point[0m
[17:23] [0m[31;1m[Clan] Nik :[0m haha i saw someone flippin on lysol havin that on the lable, pre this[0m
[17:23] [0mYour transmuter's stone bursts with 6 new colours![0m
[17:23] [0m[31;1m[Clan] Nik :[0m what alls in it?[0m
[17:24] [0m[31;1m[Clan] Sock :[0m it's literally "Corona Ointment for Horses".. it's lanolin based[0m
[17:24] [0m[31;1m[Clan] Sock :[0m https://www.amazon.com/dp/B000HHO7VE/[0m
[17:25] [0m[31;1m[Clan] Nik :[0m wow, here i was expectin herbs n stuff[0m
[17:27] [0m[31;1m[Clan] Taleast :[0m w[0m
[17:30] [0m[37;1m[JEDI]:[0m Reena Bel Noir arrives at the Academy.[0m
[17:43] [0m[34;1mVaan shouts:[0m pfind!![0m
[17:44] [0m[34;1mSimonz shouts:[0m already found one, thanks![0m
[17:44] [0m[37;1mAdalius flaps :[0m So when your wife wants you to organize the garage (by buying new[0m
[17:44] [0m                shelves/cabinets/etc), does anybody else CAD draft the whole thing to make sure[0m
[17:44] [0m                everything will fit without blocking outlets/switches/etc, or is that just me?[0m
[17:44] [0m[37;1mSiem flaps :[0m weird flex but ok[0m
[17:44] [0m[37;1mSimonz flaps :[0m I don't have that kind of pations[0m
[17:45] [0m[37;1mSimonz flaps :[0m patience[0m
[17:45] [0m[37;1mSimonz flaps :[0m wow[0m
[17:45] [0m[37;1mNik flaps :[0m meth potion = garage oragnizes itself[0m
[17:47] [0m[37;1mFrank flaps :[0m that's you procrastinating[0m
[17:47] [0m[37;1mAdalius flaps :[0m Wasn't bad, took like... I dunno, hour and a half to model it all, then another[0m
[17:47] [0m                20 minutes to just mock up the cabinets/shelves/workbenches she wanted to buy.[0m
[17:47] [0m                Kinda glad we did, the first 4 things she wanted wouldn't fit anywhere without[0m
[17:47] [0m                some problems.[0m
[17:48] [0m[37;1mFrank flaps :[0m i.e. you need a bigger garage[0m
[17:48] [0m[37;1mAdalius flaps :[0m Well, I want to build a 2400 sq ft pole barn, but I need to save up for that and[0m
[17:48] [0m                cross my fingers that the village will allow it[0m
[17:48] [0m[34;1mEnder shouts:[0m I just spent like... an hour cleaning shower tiles. Tracing line over line, like[0m
[17:48] [0m              that girl in that book about the kid who grows up and makes friends with tree rats[0m
[17:48] [0m              and joins a cult...[0m
[17:48] [0m[37;1mAlassra flaps :[0m threaten to burn the village down with your dragon if they don't let you[0m
[17:49] [0m[34;1mNik shouts:[0m playcult?[0m
[17:51] [0m[34;1mEnder shouts:[0m Also, I think it's better to clean your showers more than once a year.[0m
[17:51] [0m[34;1mVidae shouts:[0m Is this a new realization for you?[0m
[17:51] [0m[34;1mEnder shouts:[0m I get distracted by work.[0m
[17:52] [0m[34;1mEnder shouts:[0m And tend to use showers as places to mix paint. Also, I'm single...[0m
[17:58] [0m[35;1mEnder [Jedi(Knight)]:[0m im curious how dungeons were coded in terms of how mobs are generated. I[0m
[17:58] [0m                      went up a scaler in hotel, and mobs are on average 100-200k smaller. And[0m
[17:58] [0m                      then other times there are big jumps.[0m
[17:58] [0m[35;1mEnder [Jedi(Knight)]:[0m Curious as in, is that intentional that some levels are big jumps or is it[0m
[17:58] [0m                      like, more just how it ended up working.[0m
[18:00] [0m[35;1mAdalius [Jedi(WGM)]:[0m The answer to your question lies in the answer to "Why is a raven like a[0m
[18:00] [0m                     writing desk?"[0m
[18:00] [0m[37;1m[JEDI]:[0m Kerran Halcyon arrives at the Academy.[0m
[18:01] [0m[35;1mEnder [Jedi(Knight)]:[0m ah, thats from what again...[0m
[18:01] [0m[35;1mTaleast [Jedi(51)]:[0m Alice in Wonderland[0m
[18:01] [0m[35;1mEnder [Jedi(Knight)]:[0m alice in wonderland or something like that?[0m
[18:01] [0m[35;1mAl [Jedi(68)]:[0m nope[0m
[18:01] [0m[35;1mAl [Jedi(68)]:[0m Al is in Wonder land2[0m
[18:01] [0m[35;1mTaleast [Jedi(51)]:[0m Through the looking glass[0m
[18:01] [0m[35;1mAl [Jedi(68)]:[0m its a common misconception[0m
[18:02] [0m[35;1mTaleast [Jedi(51)]:[0m rather drawn out way of saying mirror[0m
[18:02] [0m[35;1mEnder [Jedi(Knight)]:[0m im going to look it up. Cause I have no idea what it means:)[0m
[18:02] [0m[35;1mAl [Jedi(68)]:[0m laf[0m
[18:02] [0m[35;1mAl [Jedi(68)]:[0m its basically nonsense is what it means[0m
[18:02] [0m[35;1mAl [Jedi(68)]:[0m like everything else in wonderland[0m
[18:03] [0m[35;1mAl [Jedi(68)]:[0m Twinkle Twinkle Little Bat!  How i wonder what you're at![0m
[18:03] [0m[35;1mEnder [Jedi(Knight)]:[0m through the looking glass was a sequal to alice wasnt it?[0m
[18:03] [0m[35;1mTaleast [Jedi(51)]:[0m yes[0m
[18:03] [0m[35;1mEnder [Jedi(Knight)]:[0m heh, i found a site that lists "answers" that are pretty good:)[0m
[18:03] [0m[35;1mAl [Jedi(68)]:[0m link?[0m
[18:04] [0m[35;1mAl [Jedi(68)]:[0m id like to see some of them[0m
[18:04] [0m[35;1mEnder [Jedi(Knight)]:[0m https://www.theguardian.com/global/2015/dec/29/weekly-notes-queries-carrol[0m
[18:04] [0m                      l-raven-desk[0m
[18:04] [0m[35;1mEnder [Jedi(Knight)]:[0m the guardian, i used to read that a lot always good stuff.[0m
[18:04] [0m[35;1mEnder [Jedi(Knight)]:[0m Im gonna go with "black box nonsensical logic" and just up my scaler 1[0m
[18:04] [0m                      more level.[0m
[18:04] [0m[35;1mTaleast [Jedi(51)]:[0m wait, it was alice in wonderland, Al was punking us[0m
[18:05] [0m[35;1mEnder [Jedi(Knight)]:[0m Way to get all deep and intelligent on us Adalius. Im trying to kill[0m
[18:05] [0m                      zombies here.[0m
[18:06] [0m[35;1mAl [Jedi(68)]:[0m It was Al is in Wonder land2[0m
[18:06] [0m[35;1mEnder [Jedi(Knight)]:[0m I need to re-read a lot of books. I used to be big on going through all of[0m
[18:06] [0m                      the classics, but 10 years of raising kids and running a business, im[0m
[18:06] [0m                      pretty sure the only thing I've read in a decade are books about business.[0m
[18:06] [0m[35;1mAdalius [Jedi(WGM)]:[0m Sometimes I like to just say things that make people look things up. Its my[0m
[18:06] [0m                     goal to slowly educate the world one useless fact at a time.[0m
[18:06] [0m[35;1mTaleast [Jedi(51)]:[0m my assumption, Ender is it's a simple answer, like it's easier to have tiers[0m
[18:06] [0m                    than to come up with the exactly correct plotting on the graph for increases[0m
[18:07] [0m[35;1mTaleast [Jedi(51)]:[0m part of why they allow scaling up and down from your current level[0m
[18:09] [0m[35;1mSimonz [Jedi(Knight)]:[0m t'was brillig, and the slithey toves, did gyre and gimble in the wabe[0m
[18:09] [0m[35;1mTaleast [Jedi(51)]:[0m the vorpal sword went snicker snack[0m
[18:09] [0m[35;1mSimonz [Jedi(Knight)]:[0m vorpal blade[0m
[18:09] [0m[35;1mTaleast [Jedi(51)]:[0m that's what I said, blade[0m
[18:10] [0m[35;1mAl [Jedi(68)]:[0m simonz copy pasted from project gutenberg![0m
[18:10] [0m[35;1mEnder [Jedi(Knight)]:[0m Blade. ever thing man, why didnt they make a fourth?[0m
[18:11] [0m[35;1mAl [Jedi(68)]:[0m can't wait for next blade movie[0m
[18:11] [0m[35;1mEnder [Jedi(Knight)]:[0m i was joking, why - are they?[0m
[18:11] [0m[35;1mAl [Jedi(68)]:[0m b/c you *know* its gonna happen.  i wonder who's gonna be the lead[0m
[18:12] [0m[35;1mEnder [Jedi(Knight)]:[0m and will mr. snipes be like, what's his name...the old guy[0m
[18:12] [0m[35;1mEnder [Jedi(Knight)]:[0m whistler?[0m
[18:12] [0m[35;1mEnder [Jedi(Knight)]:[0m i forget.[0m
[18:12] [0m[35;1mAl [Jedi(68)]:[0m of course, some sort of callback to the originals[0m
[18:12] [0m[35;1mTaleast [Jedi(51)]:[0m yeah, whistler[0m
[18:12] [0m[35;1mEnder [Jedi(Knight)]:[0m I think I made drinks for wesley snipes one time actually.[0m
[18:13] [0m[35;1mTaleast [Jedi(51)]:[0m Blade 4: Owed to the Tax Man[0m
[18:13] [0m[35;1mTaleast [Jedi(51)]:[0m you get it, owed?[0m
[18:13] [0m[31;1m[Clan] Sock :[0m anyone need enhances[0m
[18:14] [0m[31;1m[Clan] Taleast :[0m the last time you offered I got a priapism[0m
[18:14] [0m[31;1m[Clan] Sock :[0m What does that mean[0m
[18:14] [0m[31;1m[Clan] Taleast :[0m consult your doctor![0m
[18:15] [0m[31;1m[Clan] Taleast :[0m I had a rush of blood to the head[0m
[18:15] [0m[31;1m[Clan] Taleast :[0m ...of sorts[0m
[18:23] [0mYour transmuter's stone bursts with 2 new colours![0m
[18:24] [0m[35;1mAl [Jedi(68)]:[0m nope, don't get it[0m
[18:24] [0m[37;1m[JEDI]:[0m Durnoth arrives at the Academy.[0m
[18:27] [0m[37;1mSimonz flaps :[0m Hotel reset, come now or come for the next one[0m
[18:28] [0m[35;1mSimonz [Jedi(Knight)]:[0m hotel reset anyone?[0m
[18:29] [0m[31;1m[Clan] Taleast :[0m Simonz is about to reset ht2[0m
[18:29] [0m[37;1mSimonz flaps :[0m last call[0m
[18:29] [0m[37;1mSimonz flaps :[0m done[0m
[18:32] [0m[35;1mAl [Jedi(68)]:[0m right now?[0m
[18:32] [0m[35;1mAl [Jedi(68)]:[0m or already done?[0m
[18:33] [0m[35;1mTaleast [Jedi(51)]:[0m already done :([0m
[18:33] [0m[35;1mAl [Jedi(68)]:[0m oh well, i'm only 20 rooms in, so its all good[0m
[18:33] [0m[35;1mAl [Jedi(68)]:[0m just being greedy[0m
[18:33] [0m[35;1mAl [Jedi(68)]:[0m fdef in 12 mins![0m
[18:34] [0m[31;1m[Clan] Ser :[0m try #3 w/ unbreakable defense[0m
[18:44] [0m[31;1m[Clan] Ser :[0m ok #4[0m
[18:44] [0m[31;1m[Clan] Ser :[0m i didn't have bulwark running[0m
[18:47] [0m[31;1m[Clan] Ser :[0m he dead, it almost knocked out my death xp debt[0m
[18:52] [0m[31;1m[Clan] Ser :[0m did anyone want day 3 tag[0m
[18:57] [0m[31;1m[Clan] Oscar :[0m me[0m
[18:57] [0m[31;1m[Clan] Oscar :[0m in a few tho[0m
[19:01] [0m[37;1m[JEDI]:[0m Alyssa K'tal arrives at the Academy.[0m
[19:12] [0m[31;1m[Clan] Oscar :[0m can you do fbat?[0m
[19:16] [0m[31;1m[Clan] Ser :[0m can try[0m
[19:16] [0m[31;1m[Clan] Ser :[0m let me get out of here[0m
[19:16] [0m[31;1m[Clan] Ser :[0m anyone else want to hit[0m
[19:17] [0m[31;1m[Clan] Ser :[0m crickets[0m
[19:20] [0m[31;1m[Clan] Ser :[0m omw[0m
[19:21] [0m[31;1m[Clan] Ser :[0m yeah i can tank him i think no problem[0m
[19:22] [0m[31;1m[Clan] Ser :[0m yah ez pz[0m
[19:23] [0m[37;1mMav flaps :[0m hang on a minute.. how do they reset the field after a stage in nascar?[0m
[19:24] [0m[31;1m[Clan] Ser :[0m 90%[0m
[19:25] [0m[31;1m[Clan] Oscar :[0m omw[0m
[19:25] [0m[31;1m[Clan] Ser :[0m immune to frigid, mental, putrid, glowing.  fearless, berserk, unslowable, immune[0m
[19:25] [0m             to stun and life drain[0m
[19:26] [0m[31;1m[Clan] Ser :[0m has crits, no specials i guess[0m
[19:26] [0m[31;1m[Clan] Oscar :[0m got ewell up?[0m
[19:27] [0m[37;1m[JEDI]:[0m Tobias Kel'ach'nar arrives at the Academy.[0m
[19:27] [0m[31;1m[Clan] Ser :[0m last call[0m
[19:29] [0m[31;1m[Clan] Ser :[0m any spare lime wedges[0m
[19:29] [0m[31;1m[Clan] Ser :[0m i got a spare hoe[0m
[19:30] [0mYour transmuter's stone bursts with 4 new colours![0m
[19:30] [0m[31;1m[Clan] Ser :[0m ooooooooooooooooo[0m
[19:30] [0m[31;1m[Clan] Ser :[0m i'm gonna abuse that fucking hoe on sock[0m
[19:33] [0m[31;1m[Clan] Byron :[0m you want songs still?[0m
[19:33] [0m[31;1m[Clan] Byron :[0m can do at ss[0m
[19:38] [0m[31;1m[Clan] Ser :[0m hmm[0m
[19:40] [0m[34;1mTex shouts:[0m new zombie game like 7 days to die coming night of the dead survival crafting and[0m
[19:40] [0m            building and zombie hords everynight[0m
[19:42] [0m[34;1mSimonz shouts:[0m .....can someone translate that?[0m
[19:42] [0m[37;1mByron flaps :[0m Anyone with day 3 tag able to reforge for me?[0m
[19:42] [0m[34;1mSer shouts:[0m is it more finished than 7d?[0m
[19:43] [0m[34;1mSarge shouts:[0m to be fair, half of fully released games aren't as finished as 7 days[0m
[19:45] [0m[35;1mUkyo [Jedi(Knight)]:[0m back.[0m
[19:45] [0m[35;1mTaleast [Jedi(51)]:[0m lies![0m
[19:46] [0m[35;1mUkyo [Jedi(Knight)]:[0m did you check the meditation room?[0m
[19:47] [0m[31;1m[Clan] Omni enters the game.[0m  [0m
[19:48] [0m[31;1m[Clan] Omni :[0m beepboop[0m
[19:48] [0m[35;1mTaleast [Jedi(51)]:[0m oh, no, I wasn't actually looking for you, I was just going for the obvious[0m
[19:48] [0m                    absurdity of calling you a liar when you literally had to be back to report[0m
[19:48] [0m                    to us[0m
[19:48] [0m[31;1m[Clan] Omni :[0m who needs muh dup?[0m
[19:48] [0m[35;1mUkyo [Jedi(Knight)]:[0m Heh. (This 'Heh.' brought to you by the AlerikHehBot)[0m
[19:48] [0m[31;1m[Clan] Taleast :[0m hey, Omni![0m
[19:49] [0m[31;1m[Clan] Omni :[0m come to ss and drop it, if you wanna dupski[0m
[19:49] [0m[31;1m[Clan] Omni :[0m how goes it in cybermudland?[0m
[19:49] [0m[31;1m[Clan] Taleast :[0m just saying hi, havent seen you for a bit obviously[0m
[19:49] [0m[31;1m[Clan] Omni :[0m yeah, yeah, I lost the lust for gxp somewhere back in uly[0m
[19:50] [0m[31;1m[Clan] Omni :[0m july*[0m
[19:50] [0m[31;1m[Clan] Omni :[0m nobody every really quits 3k, at least not the true addicts, they just take breaks[0m
[19:50] [0m              of indeterminate length[0m
[19:50] [0m[34;1mTex shouts:[0m night of the dead gameplay https://tinyurl.com/y5x5l269 to clarify for ser[0m
[19:50] [0m[31;1m[Clan] Omni :[0m I wonder what james is up to[0m
[19:51] [0m[34;1mOmni shouts:[0m 3k taught me to type, typing of the dead got my wpm up to like 80[0m
[19:51] [0m[35;1mUkyo [Jedi(Knight)]:[0m no takers.[0m
[19:51] [0m[35;1mKsemia [Jedi(Master)]:[0m mining[0m
[19:51] [0m[34;1mSiem shouts:[0m 7days just got a fairly large update as well[0m
[19:59] [0m[35;1mEnder [Jedi(Knight)]:[0m miss 8d8[0m
[20:00] [0m[37;1m[JEDI]:[0m Janath Meelin arrives at the Academy.[0m
[20:01] [0m[35;1mEnder [Jedi(Knight)]:[0m working on a military droid, saber breakage was non existant last boot[0m
[20:01] [0m                      with 8d8. 2 breaks already.[0m
[20:01] [0m[31;1m[Clan] Omni :[0m who's got the axe?[0m
[20:02] [0m[31;1m[Clan] Omni :[0m that is to say, a real axe?[0m
[20:02] [0m[35;1mUkyo [Jedi(Knight)]:[0m I don't fight enough to know.[0m
[20:02] [0m[31;1m[Clan] Archangel :[0m I think I got mine from Killergate.[0m
[20:03] [0m[31;1m[Clan] Omni :[0m roger, I was going to leave it at cot or something silly[0m
[20:03] [0m[31;1m[Clan] Omni :[0m just wasting away if I don't use it[0m
[20:03] [0m[31;1m[Clan] Omni :[0m saturday 9pm, everyone botting or otherwise distracted.[0m
[20:06] [0m[31;1m[Clan] Omni :[0m ciao for now, kill a firebat for me :)[0m
[20:07] [0m[31;1m[Clan] Taleast :[0m sorry, bro[0m
[20:07] [0m[31;1m[Clan] Omni :[0m eh?[0m
[20:07] [0m[31;1m[Clan] Omni :[0m fer wut?[0m
[20:07] [0m[31;1m[Clan] Taleast :[0m for not responding[0m
[20:08] [0m[31;1m[Clan] Omni :[0m I don't expect anyone to drop anything for me! just thought I'd pop on, drunk,[0m
[20:08] [0m              gf's doing DnD and I was watching netflix, it was causing her dischord to be a[0m
[20:08] [0m              little janky so I thought I'd lay off the shitty house DSL for a while[0m
[20:08] [0m[31;1m[Clan] Taleast :[0m I'd love to work Szodrin, but I keep falling back to "Taleast needs to be more[0m
[20:08] [0m                 BS"[0m
[20:08] [0m[31;1m[Clan] Taleast :[0m actually, you're here, any advice on my knight?[0m
[20:08] [0m[31;1m[Clan] Taleast :[0m going footsman, partially because I haven't found/looked very hard yet for[0m
[20:08] [0m                 charge npc[0m
[20:08] [0m[31;1m[Clan] Omni :[0m advice? don't skimp on endure, 90 is max % but get 100 endure.[0m
[20:08] [0m[31;1m[Clan] Taleast :[0m sword[0m
[20:08] [0m[31;1m[Clan] Taleast :[0m think I've got 60 so far[0m
[20:09] [0m[31;1m[Clan] Omni :[0m pretty much knights are just rounds. you need gxp[0m
[20:09] [0m[31;1m[Clan] Omni :[0m everything else is academic[0m
[20:09] [0m[31;1m[Clan] Omni :[0m gxp isn't fast or slowed, except by fighting[0m
[20:09] [0m[31;1m[Clan] Omni :[0m so I mean, get 120938120391283 rounds and you'll be good. nothing else matters.[0m
[20:09] [0m[31;1m[Clan] Omni :[0m if you like to minmax you can get like 10% better[0m
[20:09] [0m[31;1m[Clan] Taleast :[0m stat advice? been melee, mostly wis/dex[0m
[20:09] [0m[31;1m[Clan] Omni :[0m but gxp>all[0m
[20:10] [0m[31;1m[Clan] Omni :[0m melee ends up sucking compared to charge.[0m
[20:10] [0m[31;1m[Clan] Omni :[0m or focus[0m
[20:10] [0m[31;1m[Clan] Taleast :[0m think I have 100 wis/int/con and like 80 dex or something[0m
[20:10] [0m[31;1m[Clan] Taleast :[0m well crap[0m
[20:10] [0m[31;1m[Clan] Omni :[0m you're small enough it really doesn't matter[0m
[20:10] [0m[31;1m[Clan] Taleast :[0m why do you go hardcore axe then? lol[0m
[20:10] [0m[31;1m[Clan] Omni :[0m because I went focus[0m
[20:10] [0m[31;1m[Clan] Taleast :[0m well, I went Sword order though[0m
[20:11] [0m[31;1m[Clan] Omni :[0m well, get 100 endure, 300 str, leave dex where it's at, leave wis where it's at[0m
[20:11] [0m[31;1m[Clan] Omni :[0m if your tanking is lacking, raise con and int[0m
[20:12] [0m[31;1m[Clan] Omni :[0m here's my no bonus build, but I raised like +500 sp instead of more int[0m
[20:12] [0m[31;1m[Clan] Omni :[0m Str: 275    Dex: 170    Wis: 165    Int: 215    Con: 275    Cha: 21[0m
[20:12] [0m[31;1m[Clan] Omni :[0m I could get more int, but at 220 int points for +sp costs the same as +sp[0m
[20:12] [0m[31;1m[Clan] Omni :[0m and I just need more sp[0m
[20:12] [0m[31;1m[Clan] Omni :[0m I finally started raising dex[0m
[20:12] [0m[31;1m[Clan] Omni :[0m had like, 50 dex until 135[0m
[20:13] [0m[31;1m[Clan] Taleast :[0m appreciate the info, bro, should I start looking for charge npc though for[0m
[20:13] [0m                 early-game xp?[0m
[20:27] [0m[37;1m[JEDI]:[0m Ylenic It'kla arrives at the Academy.[0m
[20:46] [0m[31;1m[Clan] Oscar :[0m woot, can glvl[0m
[20:53] [0m[37;1m[JEDI]:[0m H'ssani C'talan arrives at the Academy.[0m
[20:59] [0m[31;1m[Clan] Omni :[0m aight, nobody has anything they want duped?[0m
[20:59] [0m[31;1m[Clan] Omni :[0m refreshed? nothing?[0m
[20:59] [0m[31;1m[Clan] Taleast :[0m not I, sir,[0m
[21:00] [0m[31;1m[Clan] Taleast :[0m I want day 5 but I have a dup waiting for that[0m
[21:00] [0m[31;1m[Clan] Oscar :[0m why not dupe day 3?[0m
[21:00] [0m[31;1m[Clan] Oscar :[0m it's got the same stats[0m
[21:00] [0m[31;1m[Clan] Oscar :[0m if that's all you want[0m
[21:01] [0m[31;1m[Clan] Omni :[0m yeah I'd dup day3 for you, if I was geared I'd[0m
[21:01] [0m[31;1m[Clan] Taleast :[0m want ac as well and didn't want to put anyone out for day 3 just to replace it[0m
[21:02] [0m[31;1m[Clan] Ser :[0m i can tank day 3 if you need tag[0m
[21:02] [0m[31;1m[Clan] Taleast :[0m pretty sure I have day 5 tag so I have day 3 as well, just didn't want to waste[0m
[21:02] [0m                 anyone's dup for 2 days use[0m
[21:02] [0m[31;1m[Clan] Omni :[0m dgaf*[0m
[21:03] [0m[31;1m[Clan] Omni :[0m well, my dup is wasted anyways[0m
[21:03] [0m[31;1m[Clan] Oscar :[0m use it, omni dont care[0m
[21:03] [0m[31;1m[Clan] Omni :[0m I'm literally TRYING to give it away and nobody wants it[0m
[21:05] [0m[31;1m[Clan] Omni :[0m dup'd day3, putting in box[0m
[21:05] [0m[31;1m[Clan] Taleast :[0m you rock, sir[0m
[21:06] [0m[31;1m[Clan] Oscar :[0m hmmm 1.1mil mob idea?[0m
[21:06] [0m[31;1m[Clan] Omni :[0m gareth?[0m
[21:06] [0m[31;1m[Clan] Oscar :[0m i fucked up my alphabet[0m
[21:06] [0m[31;1m[Clan] Oscar :[0m maybe he'll work[0m
[21:06] [0m[31;1m[Clan] Taleast :[0m alphabet?[0m
[21:06] [0m[31;1m[Clan] Taleast :[0m all non e/b[0m
[21:06] [0m[31;1m[Clan] Oscar :[0m no, for wrangling[0m
[21:06] [0m[31;1m[Clan] Oscar :[0m dgaf about dtypes or whatever[0m
[21:06] [0m[31;1m[Clan] Taleast :[0m hmm[0m
[21:06] [0m[31;1m[Clan] Omni :[0m idk exact class[0m
[21:06] [0m[31;1m[Clan] Omni :[0m just ballpark[0m
[21:07] [0m[31;1m[Clan] Oscar :[0m nod[0m
[21:07] [0m[31;1m[Clan] Oscar :[0m i'll try gareth[0m
[21:07] [0m[31;1m[Clan] Oscar :[0m i think he's about that[0m
[21:07] [0m[31;1m[Clan] Omni :[0m yeah, right around there anyways[0m
[21:07] [0m[31;1m[Clan] Ser :[0m anchorman is 1.2mil[0m
[21:07] [0m[31;1m[Clan] Omni :[0m k, peace out homies[0m
[21:07] [0m[31;1m[Clan] Oscar :[0m 1.5[0m
[21:07] [0m[31;1m[Clan] Oscar :[0m too big[0m
[21:08] [0m[31;1m[Clan] Ser :[0m frank is 1.3[0m
[21:08] [0m[31;1m[Clan] Oscar :[0m genocide troopers?[0m
[21:09] [0m[31;1m[Clan] Oscar :[0m later omni[0m
[21:11] [0m[31;1m[Clan] Oscar :[0m oo taco shells[0m
[21:20] [0m[31;1m[Clan] Taleast :[0m laters![0m
[21:20] [0m[31;1m[Clan] Taleast :[0m damn, 2% from phasemetal and the places is tapped[0m
[21:21] [0m[31;1m[Clan] Taleast :[0m er place[0m
[21:23] [0m[37;1m[JEDI]:[0m Herah Wylann arrives at the Academy.[0m
[21:27] [0mSer <Craft>: I don't want to craft ... I want to be a LUMBERJACK!![0m
[22:42] [0mYou can currently reforge 0 items.[0m
[22:48] [0mYou can currently reforge 4 items.[0m
[22:55] [0m[31;1m[Clan] Oscar :[0m woot[0m
[22:57] [0m[31;1m[Clan] Taleast :[0m woot?[0m
[22:57] [0m[31;1m[Clan] Nik :[0m wootie toot booties[0m
[23:15] [0m[31;1m[Clan] Oscar :[0m night[0m
[23:18] [0m[31;1m[Clan] Taleast :[0m night![0m
[23:18] [0m[31;1m[Clan] Taleast :[0m too late[0m
[23:32] [0m[34;1mMav shouts:[0m gnarley[0m
[23:54] [0m[31;1m[Clan] Nix :[0m im am fucking stone[0m
[23:54] [0m[31;1m[Clan] Nix :[0m wtf[0m
[23:54] [0m[31;1m[Clan] Nix :[0m havent smoked in like 2 months... found a nug =P[0m
[23:54] [0m[31;1m[Clan] Nix :[0m and well[0m
[23:55] [0m[31;1m[Clan] Nix :[0m i am fucking time traveling[0m
[23:58] [0m[31;1m[Clan] Nix :[0m how do i get to terra area?[0m
[23:59] [0m[31;1m[Clan] Archangel :[0m chaos/3w/n/enter[0m
