- = LOG STARTED [00:00] = -
[06:01] [0m[37;1m[JEDI]:[0m Rhaan arrives at the Academy.[0m
[06:09] [0m[35;1mVolt [Jedi(60)]:[0m woot![0m
[06:16] [0mYour transmuter's stone bursts with 3 new colours![0m
[06:29] [0m[37;1m[JEDI]:[0m Ylenic It'kla arrives at the Academy.[0m
[07:06] [0m[37;1m[JEDI]:[0m Talia Ska arrives at the Academy.[0m
[07:16] [0mYour transmuter's stone bursts with 1 new colours![0m
[07:22] [0mYou can currently reforge 0 items.[0m
[07:22] [0m[32mKerym says: [0mWell met, Swordbrother Dangerzone, May the Seldarine's Blessings be upon you.[0m
[07:50] [0mYou can currently reforge 4 items.[0m
[07:53] [0m[36m<BS> Prismal :[0m morning[0m
[07:57] [0m[37;1mEcholoc flaps :[0m kinda late to the game, someone have strade dex for str ?[0m
[08:04] [0m[34;1mAka shouts:[0m thanks all![0m
[08:35] [0m[37;1mEcholoc flaps :[0m https://www.youtube.com/watch?v=fJ9rUzIMcZQ  just because[0m
[08:36] [0m[34;1mFlaxen shouts:[0m well I'm not stressed at all right now, not since I stopped[0m
[08:36] [0m               reading the news 5 months ago[0m
[08:36] [0m[34;1mScaf shouts:[0m Because you were overwhelmed and forced to dissociate, I'm sure[0m
[09:00] [0mYou can currently reforge 8 items.[0m
[09:05] [0m[31;1m[Clan] Dangerzone :[0m morning![0m
[09:15] [0m[31;1m[Clan] Taleast :[0m belated morning[0m
[09:18] [0m[31;1m[Clan] Byron :[0m morning[0m
[09:39] [0m[32mTurnhold tells you:[0m >.<                                                       [0m
[09:39] [0m[34;1mPrism shouts:[0m :O[0m
[09:40] [0m[34;1mMetaljaz shouts:[0m why??[0m
[09:41] [0m[34;1mSpace shouts:[0m cos............take it to pol[0m
[09:42] [0m[34;1mZiphe shouts:[0m fired[0m
[09:42] [0m[34;1mAka shouts:[0m clickbait[0m
[09:42] [0m[34;1mAlassra shouts:[0m Use a bidet!  Just pat dry![0m
[09:42] [0m[34;1mChrys shouts:[0m i'd rather use the 3 sea shells[0m
[09:43] [0m[34;1mDangerzone shouts:[0m yep another day at TH's office[0m
[09:46] [0m[34;1mByron shouts:[0m I knew that was turnhold's office!  I'd recognize that black[0m
[09:46] [0m              couch anyday[0m
[09:53] [0m[31;1m[Clan] Byron :[0m way to kill roor off[0m
[09:53] [0m[31;1m[Clan] Aka :[0m that was a suicide haha[0m
[10:00] [0mYou can currently reforge 12 items.[0m
[10:07] [0m[31;1m[Clan] Aka :[0m so who's tankin day 5? ;)[0m
[10:07] [0m[31;1m[Clan] Taleast :[0m hehe[0m
[10:07] [0m[31;1m[Clan] Roor :[0m i can[0m
[10:07] [0m[31;1m[Clan] Roor :[0m not on this guy thjo[0m
[10:07] [0m[31;1m[Clan] Prism :[0m wow dgrade Gentech oh nm[0m
[10:07] [0m[31;1m[Clan] Aka :[0m woo[0m
[10:07] [0m[31;1m[Clan] Aka :[0m haha[0m
[10:10] [0m[31;1m[Clan] Byron :[0m I'll be able to kill day 5[0m
[10:14] [0m[37;1mDy flaps :[0m I did it, I won the presidency! Free beercare for all! I'll just[0m
[10:14] [0m           raise everyone's taxes through the roof...[0m
[10:14] [0m[37;1mDy flaps :[0m Yay free beer![0m
[10:21] [0m[31;1m[Clan] Byron :[0m do we have the OG string?[0m
[10:21] [0m[37;1mAlassra flaps :[0m Incoming zombie reset!  Send me a tell if you're on your way[0m
[10:21] [0m                and get your grillin' tools ready![0m
[10:21] [0m[31;1m[Clan] Taleast :[0m thought Zanadu did?[0m
[10:21] [0m[31;1m[Clan] Byron :[0m there should be at least 3 floating around[0m
[10:22] [0m[37;1mDy flaps :[0m Dang, I just started on zombies.[0m
[10:22] [0m[31;1m[Clan] Byron :[0m we did paul that was mostly our clan[0m
[10:23] [0m[31;1m[Clan] Saim :[0m i havent gotten string 2 in like 6mo[0m
[10:23] [0m[37;1mAlassra flaps :[0m Last call for zombie reset!  Everyone needs to eat their[0m
[10:23] [0m                long pork to grow big and strong![0m
[10:24] [0m[37;1mAlassra flaps :[0m Zombies have been reset.  Get your forks and knives![0m
[10:28] [0m[31;1m[Clan] Aka :[0m i just string1 the cmc5, is that bad? lol[0m
[10:29] [0m[37;1mDy flaps :[0m https://tinyurl.com/TacticalAdvantage I bought some pretty[0m
[10:29] [0m           awesome boots from these guys years ago and still have them. If[0m
[10:29] [0m           you want boots that last this is the place to go.[0m
[10:29] [0m[31;1m[Clan] Taleast :[0m apparently string2 retains stats[0m
[10:29] [0m[31;1m[Clan] Prism :[0m yea that's why people want it I thought[0m
[10:29] [0m[31;1m[Clan] Taleast :[0m er sorry, I mean to say AC[0m
[10:29] [0m[37;1mDy flaps :[0m About 5 years ago I bought them. :D[0m
[10:30] [0m[31;1m[Clan] Aka :[0m yeah it keeps AC on string2, still get stats and dr and +hp[0m
[10:30] [0m             burst on string1[0m
[10:31] [0m[31;1m[Clan] Aka :[0m i'll obtain string2 when i've got dupe 6[0m
[10:31] [0m[31;1m[Clan] Taleast :[0m wish tag followed alts[0m
[10:31] [0m[31;1m[Clan] Prism :[0m That would be pretty cool[0m
[10:31] [0m[31;1m[Clan] Prism :[0m wait wtf[0m
[10:31] [0m[31;1m[Clan] Prism :[0m who is giving Roor xp? I finally caught him![0m
[10:31] [0m[31;1m[Clan] Aka :[0m rimz! get over here![0m
[10:31] [0m[31;1m[Clan] Taleast :[0m well... not really[0m
[10:31] [0m[31;1m[Clan] Prism :[0m :O[0m
[10:32] [0m[31;1m[Clan] Roor :[0m dust you son[0m
[10:32] [0m[31;1m[Clan] Taleast :[0m he has a plethora of eternal powers :D[0m
[10:32] [0m[31;1m[Clan] Taleast :[0m he even has dupe 6[0m
[10:32] [0m[31;1m[Clan] Aka :[0m i want a scorpion soul where i throw a chainy-spear at you and[0m
[10:32] [0m             say GET OVER HERE[0m
[10:32] [0m[31;1m[Clan] Prism :[0m at entrance![0m
[10:33] [0m[37;1mEcholoc flaps :[0m heh, handcuffs.... i know why you where shopping there :P[0m
[10:34] [0m[31;1m[Clan] Byron :[0m other benefit of stirng 2 is weight[0m
[10:34] [0m[31;1m[Clan] Byron :[0m some stuff you cant ftouch[0m
[10:34] [0m[31;1m[Clan] Byron :[0m i want to string my freezer[0m
[10:34] [0m[31;1m[Clan] Prism :[0m laf[0m
[10:34] [0m[37;1mDy flaps :[0m Whips, chains and handcuffs. :D[0m
[10:34] [0m[31;1m[Clan] Taleast :[0m I wanna see the grill on Byron afterwards[0m
[10:35] [0m[37;1mDy flaps :[0m 11/4/2016 $194.45[0m
[10:35] [0m[31;1m[Clan] Byron :[0m my chain hangs low[0m
[10:35] [0m[31;1m[Clan] Taleast :[0m obviously pandering to the skaters as well[0m
[10:35] [0m[37;1mDy flaps :[0m Gore tex[0m
[10:35] [0m[31;1m[Clan] Taleast :[0m lol I wore a wallet chain until I was like 27[0m
[10:36] [0m[31;1m[Clan] Byron :[0m it matched your katana i bet[0m
[10:36] [0m[31;1m[Clan] Taleast :[0m nope, I did take tae kwon doe, but that's korean[0m
[10:37] [0m[31;1m[Clan] Taleast :[0m I never bought weapons, I just used forks and tore their[0m
[10:37] [0m                 buffets UP[0m
[10:37] [0m[31;1m[Clan] Taleast :[0m take THAT![0m
[10:37] [0m[31;1m[Clan] Taleast :[0m I love me some asian food, favorite food[0m
[10:37] [0m[31;1m[Clan] Byron :[0m yeah, it's good[0m
[10:37] [0m[31;1m[Clan] Byron :[0m malaysian i think was my favorite[0m
[10:37] [0m[31;1m[Clan] Prism :[0m You had a wallet chain until you were 27? HOW ARE YOU[0m
[10:37] [0m               MARRIED?[0m
[10:38] [0m[31;1m[Clan] Byron :[0m laf[0m
[10:38] [0m[31;1m[Clan] Taleast :[0m lol, she put up with it for over 6 years[0m
[10:38] [0m[31;1m[Clan] Byron :[0m chicks dig power[0m
[10:39] [0m[31;1m[Clan] Taleast :[0m chicks have just as weird of fetishes as men, she[0m
[10:39] [0m                 apparently liked the way I would squint when I used to[0m
[10:39] [0m                 smoke[0m
[10:39] [0m[31;1m[Clan] Taleast :[0m when I would go to inhale[0m
[10:40] [0m[31;1m[Clan] Taleast :[0m she used to also like when we would argue... not so much[0m
[10:40] [0m                 now[0m
[10:45] [0m[34;1mEcholoc shouts:[0m i deticate this level to all those poor zombies that have[0m
[10:45] [0m                burned under my assault.[0m
[10:45] [0m[34;1mAlassra shouts:[0m and the many more that will be eaten?[0m
[10:46] [0m[34;1mEcholoc shouts:[0m of course[0m
[10:59] [0mYou can currently reforge 0 items.[0m
[11:29] [0m[37;1m[JEDI]:[0m Alyssa K'tal arrives at the Academy.[0m
[11:30] [0m[31;1m[Clan] Byron :[0m is firebat in 30 mins?[0m
[11:39] [0m[31;1m[Clan] Saim :[0m yea[0m
[11:48] [0m[31;1m[Clan] Taleast :[0m are clannies planning to do the first one?[0m
[11:49] [0m[31;1m[Clan] Aka :[0m i'll gswap for that sweet ish[0m
[11:49] [0m[31;1m[Clan] Saim :[0m i think so[0m
[11:49] [0m[31;1m[Clan] Saim :[0m 13min[0m
[11:50] [0m[31;1m[Clan] Aka :[0m aVeNgEr'S AsSeMbLe!1[0m
[11:51] [0m[31;1m[Clan] Aka :[0m i need to follow someone around in there though for fear of death and ultimate[0m
[11:51] [0m             embarassment[0m
[11:51] [0m[31;1m[Clan] Saim :[0m i can cloak up to 5 ppl i think if needed[0m
[11:51] [0m[31;1m[Clan] Saim :[0m meet at entrance, enter pod[0m
[11:52] [0m[31;1m[Clan] Byron :[0m judt lemme know when yoire outside him[0m
[11:53] [0m[31;1m[Clan] Saim :[0m dont want to kill day 4[0m
[11:53] [0m[31;1m[Clan] Byron :[0m i can tank it (i think)[0m
[11:53] [0m[31;1m[Clan] Saim :[0m we dont need to tho[0m
[11:53] [0m[31;1m[Clan] Byron :[0m its day 4[0m
[11:53] [0m[31;1m[Clan] Saim :[0m unless someone line of sights the room[0m
[11:53] [0m[31;1m[Clan] Byron :[0m itd eady w the party well have[0m
[11:53] [0m[31;1m[Clan] Saim :[0m nod[0m
[11:53] [0m[31;1m[Clan] Saim :[0m @ entrance for anyone that needs cloak in[0m
[11:53] [0m[31;1m[Clan] Byron :[0m i assume someine will fuck it up[0m
[11:54] [0m[31;1m[Clan] Saim :[0m im sure[0m
[11:54] [0m[31;1m[Clan] Aka :[0m haha[0m
[11:58] [0m[31;1m[Clan] Taleast :[0m so... my manager and one of my co-workers just got laid off, so that's fun[0m
[12:00] [0m[37;1m[JEDI]:[0m Ylenic It'kla arrives at the Academy.[0m
[12:01] [0m[31;1m[Clan] Byron :[0m tp to me[0m
[12:02] [0m[31;1m[Clan] Byron :[0m ziphe was already outside[0m
[12:02] [0m[31;1m[Clan] Nix :[0m what a dip shit[0m
[12:05] [0m[31;1m[Clan] Prism :[0m I'm a fucking idiot[0m
[12:06] [0m[31;1m[Clan] Taleast :[0m efield and edna off?[0m
[12:06] [0m[31;1m[Clan] Prism :[0m yea[0m
[12:06] [0m[31;1m[Clan] Prism :[0m I turn em off in groups[0m
[12:06] [0m[31;1m[Clan] Taleast :[0m that's why I thought of it :D[0m
[12:07] [0m[31;1m[Clan] Prism :[0m HOW DO I RECOVER 25 MILLION XP[0m
[12:07] [0m[31;1m[Clan] Taleast :[0m you here, byron?[0m
[12:07] [0m[31;1m[Clan] Taleast :[0m day 5[0m
[12:07] [0m[31;1m[Clan] Taleast :[0m couldn't see in scroll, thank you[0m
[12:10] [0m<- ! The Vigilant ! -> :  A destabilization Kayos event has been detected in Deserts of Fantasy![0m
[12:10] [0m                          We are localizing it now - get ready![0m
[12:11] [0m[31;1m[Clan] Nix :[0m i hope he does that when day 7 loads... space will go apeshit on him[0m
[12:11] [0m[31;1m[Clan] Saim :[0m haha[0m
[12:11] [0m[31;1m[Clan] Byron :[0m lol[0m
[12:11] [0m[31;1m[Clan] Saim :[0m i tried my best[0m
[12:12] [0m[31;1m[Clan] Taleast :[0m I usually get it as tal when I'm able to hit, guess competition was just too[0m
[12:12] [0m                 stiff[0m
[12:12] [0m[31;1m[Clan] Aka :[0m yo wtf[0m
[12:12] [0m[31;1m[Clan] Aka :[0m where is my cmc?[0m
[12:13] [0m[34;1mWhoknows shouts:[0m string @ ss for dupe[0m
[12:13] [0m[31;1m[Clan] Taleast :[0m I'll scroll back[0m
[12:13] [0m[31;1m[Clan] Aka :[0m i am now[0m
[12:13] [0m[31;1m[Clan] Aka :[0m saim took it then idk did 2 poof on him?[0m
[12:13] [0m[31;1m[Clan] Saim :[0m i have it[0m
[12:13] [0m[31;1m[Clan] Saim :[0m grabbed by accident it seems and smuggled[0m
[12:13] [0m[34;1mSpace shouts:[0m who ended up with cmc?[0m
[12:13] [0m[34;1mKrataok shouts:[0m space did[0m
[12:13] [0m[34;1mGaidin shouts:[0m Space did, pester him.[0m
[12:13] [0m[31;1m[Clan] Saim :[0m someone put the fake one on the ground[0m
[12:14] [0m[37;1mAlassra <.oO>:[0m as a quality of life thing, has it been suggested to have duped items maybe have[0m
[12:14] [0m               a tag or line in the description saying they're a dupe?[0m
[12:15] [0m[35;1mTaleast [Jedi(58)]:[0m woot![0m
[12:16] [0m[37;1mGaidin <.oO>:[0m Yes, please.[0m
[12:16] [0m[37;1mFrank <.oO>:[0m eat 3 day oldsushi[0m
[12:16] [0m[37;1mGaidin <.oO>:[0m If I do, will you add the tag?[0m
[12:16] [0m[37;1mTaleast <.oO>:[0m I think that's Frank's counter proposal[0m
[12:17] [0m[31;1m[Clan] Void enters the game.[0m  [0m
[12:17] [0m[37;1mWhoknows flaps :[0m anyome else need cmc ftouch?[0m
[12:17] [0m[37;1mScaf flaps :[0m maybe, after I get one.[0m
[12:18] [0m[37;1mKrataok flaps :[0m in a bit[0m
[12:18] [0m[31;1m[Clan] Byron :[0m reforge cmc?[0m
[12:18] [0m[34;1mWhoknows shouts:[0m last call for string or ftouch[0m
[12:29] [0m[37;1m[JEDI]:[0m Herah Wylann arrives at the Academy.[0m
[12:30] [0m[31;1m[Clan] Byron :[0m anyone able to reforge cmc?[0m
[12:30] [0m[31;1m[Clan] Saim :[0m yep yep[0m
[12:30] [0m[31;1m[Clan] Byron :[0m woot woot[0m
[12:31] [0m[31;1m[Clan] Saim :[0m anyone else?[0m
[12:36] [0mYou can currently reforge 0 items.[0m
[12:36] [0m[37;1mRoken flaps :[0m hotel reset in a few, who is hungry!?[0m
[12:37] [0m[32;1mFrom afar, Alassra goes 'Woo Woo!' at you.[0m[0m
[12:37] [0m[32mHooligan tells you:[0m lol literally just started mine.  Haven't even killed one.  :P[0m
[12:37] [0m[33;1m[PARTY][0m Voler joins the party.[0m
[12:37] [0m[37;1mEcholoc flaps :[0m tasty zombies[0m
[12:37] [0m[32;1mFrom afar, you laff at Hooligan.[0m[0m
[12:37] [0m[33;1m[PARTY][0m Ksemia joins the party.[0m
[12:37] [0m[33;1m[PARTY][0m Alassra joins the party.[0m
[12:38] [0m[32mYou tell Hooligan:[0m like me to wait on your first kill?[0m
[12:39] [0m[33;1m[PARTY][0m Sevenofnine joins the party.[0m
[12:39] [0m[33;1m[PARTY][0m Sevenofnine: sec plz[0m
[12:39] [0m[33;1m[PARTY][0m Space joins the party.[0m
[12:40] [0m[33;1m[PARTY][0m Space: thanks[0m
[12:40] [0m[33;1m[PARTY][0m Space: x2[0m
[12:40] [0m[37;1mRoken flaps :[0m last call![0m
[12:40] [0m[33;1m[PARTY][0m Liskerlol joins the party.[0m
[12:40] [0m[33;1m[PARTY][0m Echoloc joins the party.[0m
[12:40] [0m[32mEcholoc says:[0m me me[0m
[12:40] [0m[32mA ghostly form of Scaf tells you:[0m omw[0m
[12:40] [0m[33;1m[PARTY][0m Scaf joins the party.[0m
[12:40] [0m[34;1mGilneas shouts:[0m 1 bourbon, 1 scotch, 1 beer![0m
[12:40] [0m[33;1m[PARTY][0m Sevenofnine has quit the party.[0m
[12:41] [0m[37;1mRoken flaps :[0m woo[0m
[12:41] [0m[33;1m[PARTY][0m Voler has quit the party.[0m
[12:41] [0m[33;1m[PARTY][0m Alassra has quit the party.[0m
[12:41] [0m[33;1m[PARTY][0m Echoloc has quit the party.[0m
[12:41] [0m[34;1mVolt shouts:[0m long as i get my money next friday[0m
[12:41] [0m[33;1m[PARTY][0m Liskerlol has quit the party.[0m
[12:41] [0m[32;1mFrom afar, Hyperion tells you that he'll be right there![0m[0m
[12:41] [0m[33;1m[PARTY][0m Scaf has quit the party.[0m
[12:41] [0m[37;1mRoken flaps :[0m done[0m
[12:41] [0m[33;1m[PARTY][0m Ksemia has quit the party.[0m
[12:41] [0m[34;1mVoler shouts:[0m I will gladly pay you tuesday, for a hamburger today[0m
[12:42] [0m[32mYou tell Space:[0m can ya quit out of party, please[0m
[12:42] [0m[32mHyperion tells you:[0m did you reset already?[0m
[12:43] [0mYou can currently reforge 0 items.[0m
[12:43] [0m[33;1m[PARTY][0m Space is being booted from the party.[0m
[12:43] [0m[33;1m[PARTY][0m Space has been booted from the party.[0m
[12:44] [0m[31;1m[Clan] Taleast :[0m hey, Nix, what were the advantages of ionfocus?[0m
[12:44] [0m[31;1m[Clan] Taleast :[0m any improvement in gxp?[0m
[12:44] [0m[31;1m[Clan] Prism :[0m I think it just lowers the cost of your own ionbeam right?[0m
[12:46] [0m[32mHooligan tells you:[0m lol[0m
[12:47] [0m[31;1m[Clan] Taleast :[0m OK, thanks[0m
[12:48] [0m[37;1mDy flaps :[0m Fake[0m
[12:48] [0m[37;1mDy flaps :[0m hax[0m
[12:50] [0m[37;1mZiphe flaps :[0m anyone got event dirs?[0m
[12:51] [0m[37;1mZokko flaps :[0m desert portal 2n,3e,radiation[0m
[12:51] [0m[37;1mZiphe flaps :[0m thanks[0m
[12:52] [0m[31;1m[Clan] Nix :[0m i haven't tested it really tal, but i know my PU consumption went down[0m
[12:56] [0m[31;1m[Clan] Taleast :[0m thanks![0m
[12:57] [0m[37;1m[JEDI]:[0m Talia Ska arrives at the Academy.[0m
[13:03] [0m[31;1m[Clan] Byron :[0m yeah, ionfocus is good[0m
[13:07] [0m[31;1m[Clan] Taleast :[0m I picked up efield 3 and bladed shielding[0m
[13:08] [0m[31;1m[Clan] Taleast :[0m I'll look at science next[0m
[13:25] [0m[31;1m[Clan] Ser :[0m hi[0m
[13:25] [0m[31;1m[Clan] Taleast :[0m o hai[0m
[13:25] [0m[31;1m[Clan] Prism :[0m oh hi[0m
[13:31] [0m[37;1m[JEDI]:[0m Janath Meelin arrives at the Academy.[0m
[13:32] [0m[31;1m[Clan] Aka :[0m genparty activate[0m
[13:34] [0m[31;1m[Clan] Xaryl :[0m know who has day 5?[0m
[13:35] [0m[31;1m[Clan] Taleast :[0m I think Nix?[0m
[13:36] [0m[31;1m[Clan] Aka :[0m nik? nix? knox?[0m
[13:36] [0m[31;1m[Clan] Aka :[0m theyre all the same guy[0m
[13:36] [0m[31;1m[Clan] Aka :[0m and nikson is his child[0m
[13:36] [0m[31;1m[Clan] Nix :[0m i don't[0m
[13:36] [0m[31;1m[Clan] Nix :[0m ziphe[0m
[13:38] [0m[31;1m[Clan] Byron :[0m anyone wanna do vampires after event?[0m
[13:40] [0m[31;1m[Clan] Taleast :[0m I'm always down[0m
[13:40] [0m[31;1m[Clan] Aka :[0m oo nicey[0m
[13:41] [0m[31;1m[Clan] Byron :[0m Well, if X & Archi are down then we can be on.[0m
[13:43] [0m[31;1m[Clan] Xaryl :[0m we should be game[0m
[14:00] [0m[37;1m[JEDI]:[0m H'ssani C'talan arrives at the Academy.[0m
[14:05] [0m[37;1mKirwan flaps :[0m zombie dungeon reset coming up in about 5 min...[0m
[14:05] [0m[31;1m[Clan] Ser :[0m o damn event[0m
[14:06] [0m[31;1m[Clan] Byron :[0m have you tried the whirlwind build ser?[0m
[14:06] [0m[31;1m[Clan] Ser :[0m no go away[0m
[14:07] [0m[31;1m[Clan] Nix :[0m whirlwind barb was BS in D2[0m
[14:07] [0m[31;1m[Clan] Ser :[0m i need like 500m soaked into skills and im not doing that yet[0m
[14:07] [0m[32mAlassra says:[0m Come here and hug me everyone, I'm a saint![0m
[14:07] [0m[32mAlassra says:[0m I am a real saint!!![0m
[14:08] [0m[31;1m[Clan] Byron :[0m yeah, go whirlwind barb[0m
[14:08] [0m[32mSally says:[0m rally[0m
[14:08] [0m[32mVoler says:[0m kirwan aint here yet[0m
[14:08] [0m[32mScaf says:[0m kirwan isn't here yet[0m
[14:08] [0m[32mScaf says:[0m ayooo[0m
[14:08] [0m[32mYou say:[0m reset happening?[0m
[14:08] [0m[32mVoler says:[0m what he said.. heh[0m
[14:08] [0m[37;1mKirwan flaps :[0m 2nd, probably last call...  zombie dungeon reset, assemble at entrance, lemme[0m
[14:08] [0m               know if you're interested[0m
[14:09] [0m[32mAlassra says:[0m God speaks to me all the time.[0m
[14:09] [0m[32mVoler says:[0m I think kirwan likes to warn well before[0m
[14:09] [0m[32mAlassra says:[0m I can carry everyone's burden, I am a saint - I know these[0m
[14:09] [0m              things.[0m
[14:09] [0m[32mMaverik says:[0m rally?:)[0m
[14:09] [0m[32mYou say:[0m rally[0m
[14:09] [0m[33;1m[PARTY][0m Sally joins the party.[0m
[14:09] [0m[33;1m[PARTY][0m Scaf joins the party.[0m
[14:09] [0m[33;1m[PARTY][0m Voler joins the party.[0m
[14:09] [0m[33;1m[PARTY][0m Nix joins the party.[0m
[14:09] [0m[33;1m[PARTY][0m Scaf: whee[0m
[14:09] [0m[32mAlassra says:[0m Seek goodness and you shall have salvation.[0m
[14:09] [0m[32mAlassra says:[0m Praise the lord![0m
[14:09] [0m[32mKirwan says:[0m Anybody here that is not in the party but wants to be?[0m
[14:10] [0m[33;1m[PARTY][0m Hooligan joins the party.[0m
[14:10] [0m[32mAlassra says:[0m I can carry everyone's burden, I am a saint - I know these[0m
[14:10] [0m              things.[0m
[14:10] [0m[32mAlassra says:[0m There you go. I am a saint, I am supposed to give out money.[0m
[14:10] [0m[32mHooligan says:[0m we are all saints. and sinners. :)[0m
[14:10] [0m[33;1m[PARTY][0m Ksemia joins the party.[0m
[14:10] [0m[33;1m[PARTY][0m Ksemia has quit the party.[0m
[14:10] [0m[33;1m[PARTY][0m Ksemia joins the party.[0m
[14:11] [0m[33;1m[PARTY][0m Ksemia: thanks[0m
[14:11] [0m[32mAlassra says:[0m If you need anything I am here to please you.[0m
[14:11] [0m[33;1m[PARTY][0m Kirwan has quit the party.[0m
[14:11] [0m[33;1m[PARTY][0m The leader quit the party![0m
[14:11] [0m[33;1m[PARTY][0m New leader for the party: nix.[0m
[14:11] [0m[33;1m[PARTY][0m Nix has quit the party.[0m
[14:11] [0m[33;1m[PARTY][0m The leader quit the party![0m
[14:11] [0m[33;1m[PARTY][0m New leader for the party: alassra.[0m
[14:11] [0m[33;1m[PARTY][0m Scaf has quit the party.[0m
[14:18] [0m[31;1m[Clan] Roken :[0m 3 consecutive hotels, wunderbar![0m
[14:19] [0m[37;1mRoken flaps :[0m unlucky snicker[0m
[14:19] [0m[37;1mChrys flaps :[0m is the snicker that gets eaten last.[0m
[14:19] [0m[37;1mSpace flaps :[0m as much as i like snickers, i like snicker ice cream bar more :D[0m
[14:20] [0m[37;1mChrys flaps :[0m just not the dark chocalate once, normal snickers ice cream bars are awesome[0m
[14:20] [0m              though.[0m
[14:20] [0m[37;1mSpace flaps :[0m i dont have the taste bud for dark choc at all[0m
[14:21] [0m[37;1mChrys flaps :[0m I HATE when I get dark chocolate by accident. I have half a box in my freezer[0m
[14:21] [0m              right now.[0m
[14:22] [0m[37;1mSpace flaps :[0m i dont get it either, i find dark choc bitter, why have it ? but one of my son[0m
[14:22] [0m              love it too so....[0m
[14:22] [0m[37;1mVoler flaps :[0m ok.. but...    UK milk chocolate vrs US milk chocolate....   go![0m
[14:22] [0m[37;1mByron flaps :[0m snickers ice cream bars are next level[0m
[14:23] [0m[37;1mSpace flaps :[0m no contest UK wins, hands down[0m
[14:23] [0m[37;1mByron flaps :[0m Although that fish waffle w/ the choclate shell/vanilla ice cream inside that you[0m
[14:23] [0m              only see in the stores in Asia is the greatest ice cream bar of all time[0m
[14:23] [0m[37;1mSpace flaps :[0m my favs tho are lindts, but compare cadbury uk vs usa, no contest at all[0m
[14:23] [0m[37;1mVoler flaps :[0m nog... I'm lucky enough to have a uk ex-patriot running our cornerstore... big uk[0m
[14:23] [0m              imports section.  I've been spoiled by some uk candy[0m
[14:24] [0m[37;1mByron flaps :[0m Forget if it's Japanese or Korean.  But you can get it in KL too.  Amazing[0m
[14:24] [0m[37;1mSpace flaps :[0m Voler ever try Ritter Sports? specially the yogart flavor?[0m
[14:25] [0m[37;1mVoler flaps :[0m dont' think so... it might be there though.. I can look[0m
[14:25] [0m[37;1mEcholoc flaps :[0m i am a bit spoiled, theer is a local chocolate place that does good work.[0m
[14:25] [0m                Kyya... yum[0m
[14:25] [0m[37;1mChrys flaps :[0m you'all making me want chocolate now.[0m
[14:25] [0m[37;1mSpace flaps :[0m love Ritter Sports, if you dont enjoy yougart, try the milkchoc hazelnut variety,[0m
[14:25] [0m              to die for[0m
[14:26] [0m[37;1mAlassra flaps :[0m I till have like 4 lbs of leftover Halloween candy the neighborhood kids didn't[0m
[14:26] [0m                take :([0m
[14:26] [0m[37;1mVoler flaps :[0m and that's after you were robbed by joggers![0m
[14:26] [0m[37;1mAlassra flaps :[0m that was Leianne, iirc[0m
[14:26] [0m[37;1mVoler flaps :[0m ooh.. . could be.[0m
[14:27] [0m[37;1mSpace flaps :[0m ofc lindt truffles, yummmm[0m
[14:28] [0m[37;1mVoler flaps :[0m dunno what I'm gonna do when we retire back to wisconsin .. SF has spoiled me for[0m
[14:28] [0m              multiculturism[0m
[14:29] [0m[37;1mSpace flaps :[0m find those special 21k people and congratulate them each, if you know what i mean[0m
[14:29] [0m[37;1mVoler flaps :[0m going back to where the only multicultural option is an all you can eat chinese[0m
[14:29] [0m              buffet that has hotdogs in one of the stream trays[0m
[14:30] [0m[37;1mChrys flaps :[0m there are no more all you can eat buffets :([0m
[14:30] [0m[37;1mChrys flaps :[0m with or without hot dogs[0m
[14:30] [0m[34;1mIjon shouts:[0m still have them up here in ND, but your life is in your hands[0m
[14:30] [0m[37;1mSpace flaps :[0m well with the advent of the obesity its not surprising[0m
[14:30] [0m[37;1mChrys flaps :[0m can't believe there are so many things I miss from just over a year ago[0m
[14:31] [0m[37;1mVoler flaps :[0m well I did leave wisconsin like 20 years ago.. but I can't imagine wisconsin[0m
[14:31] [0m              without all you can eat friday night fishfrys[0m
[14:31] [0m[37;1m[JEDI]:[0m Durnoth arrives at the Academy.[0m
[14:31] [0m[37;1mChrys flaps :[0m I don't actually eat alot at a buffet, but I miss king crab buffets, it's like 40$[0m
[14:31] [0m              a pound here for crab otherwise[0m
[14:35] [0m[37;1mAlassra flaps :[0m many parts of WI probably still having those Friday fish frys, tbh[0m
[14:35] [0m[37;1mTaleast flaps :[0m I don't live in WI, but one of my favorite things as a kid was line fishing and[0m
[14:35] [0m                fish fries[0m
[14:36] [0m[37;1mVoler flaps :[0m nog..  I might have a sheen of nostalgia on some of the good things growing up on[0m
[14:36] [0m              a farm in wisconsin, but I'm gonna miss SF.   I havn't had to shovel snow OR[0m
[14:36] [0m              manure for decades[0m
[14:47] [0m[31;1m[Clan] Xaro enters the game.[0m  [0m
[14:48] [0m[31;1m[Clan] Prism :[0m Is there a specific mob anywhere that 100% drops a ring of pickling?[0m
[14:48] [0m[31;1m[Clan] Ser :[0m no i always run icy blue a couple times[0m
[14:48] [0m[31;1m[Clan] Prism :[0m oh, okay[0m
[14:49] [0m[31;1m[Clan] Sock wiggles on your foot.[0m  [0m
[14:50] [0m[34;1mZiphe shouts:[0m anyone else duping day 5?[0m
[14:53] [0m[31;1m[Clan] Byron :[0m just booked my ticket to panama[0m
[14:53] [0m[31;1m[Clan] Byron :[0m yew[0m
[14:53] [0m[31;1m[Clan] Xaryl :[0m you do like your 3rd world countries![0m
[14:54] [0m[31;1m[Clan] Nix :[0m he likes cocaine[0m
[14:55] [0m[31;1m[Clan] Xaryl :[0m laugh![0m
[14:55] [0m[31;1m[Clan] Prism :[0m I hope he stays there![0m
[15:00] [0m[31;1m[Clan] Taleast :[0m fuck, I'm still in shock my manager got shitcanned[0m
[15:00] [0m[31;1m[Clan] Prism :[0m Are you safe for now?[0m
[15:00] [0m[31;1m[Clan] Taleast :[0m I mean, according to leadership, the leadership that shitcanned him out of the[0m
[15:00] [0m                 blue[0m
[15:01] [0m[31;1m[Clan] Taleast :[0m he was retirement age, so i'm sure that factored, but he was one of the few[0m
[15:01] [0m                 voices of reason, the only manager still titled a Senior Manager too[0m
[15:02] [0m[31;1m[Clan] Taleast :[0m man was a CIO for two hospitals before he came to my job, he was more qualified[0m
[15:02] [0m                 than our actual CIO and didn't even want the job[0m
[15:03] [0m[37;1m[JEDI]:[0m Rhaan arrives at the Academy.[0m
[15:03] [0m[31;1m[Clan] Taleast :[0m the same CIO that had to shitcan one of his buddy cronies because he wasn't[0m
[15:03] [0m                 getting results...[0m
[15:03] [0m[31;1m[Clan] Taleast :[0m all business suck[0m
[15:03] [0m[31;1m[Clan] Decav leaves the game.[0m  [0m
[15:03] [0m[31;1m[Clan] Taleast :[0m businesses[0m
[15:04] [0m[31;1m[Clan] Taleast :[0m but thanks for asking and putting up with me venting, heh[0m
[15:05] [0m[31;1m[Clan] Prism :[0m Of course, stuff is scary right now, hope you'll be okay[0m
[15:14] [0m[37;1mScaf <.oO>:[0m does shred stack?[0m
[15:18] [0m[31;1m[Clan] Sonaten enters the game.[0m  [0m
[15:18] [0m[31;1m[Clan] Sonaten :[0m ohi[0m
[15:18] [0m[31;1m[Clan] Prism :[0m Oh hi[0m
[15:18] [0m[31;1m[Clan] Aka :[0m yoeoeo[0m
[15:18] [0m[31;1m[Clan] Prism :[0m CALM DOWN AKA[0m
[15:18] [0m[31;1m[Clan] Taleast :[0m sup![0m
[15:19] [0m[31;1m[Clan] Saim :[0m heyo[0m
[15:19] [0m[31;1m[Clan] Prism :[0m (thats Decav)[0m
[15:19] [0m[31;1m[Clan] Sonaten :[0m nada :) this is decav, just checking this dude out.. i was contemplating gswap[0m
[15:19] [0m                 stuff[0m
[15:19] [0m[31;1m[Clan] Prism :[0m ((he smells))[0m
[15:19] [0m[31;1m[Clan] Taleast :[0m Aka thinks he wants to know ya, know ya[0m
[15:19] [0m[31;1m[Clan] Sonaten :[0m (((I kinda do.. when is the last time I showered?)))[0m
[15:20] [0m[31;1m[Clan] Taleast :[0m icebucket challenge?[0m
[15:20] [0m[31;1m[Clan] Sonaten :[0m i don't do well with cold :([0m
[15:20] [0m[31;1m[Clan] Prism :[0m I just spray myself with febreeze. It's the same, right?[0m
[15:20] [0m[31;1m[Clan] Saim :[0m no[0m
[15:20] [0m[31;1m[Clan] Sonaten :[0m actually i did that once for a tough mudder run, it was as you might expect,[0m
[15:20] [0m                 quite awful[0m
[15:20] [0m[31;1m[Clan] Taleast :[0m new-age patchouli[0m
[15:20] [0m[31;1m[Clan] Prism :[0m sona and I from CA, cold = bad[0m
[15:21] [0m[37;1mEcholoc flaps :[0m half way through the boot, how is everyone doing?[0m
[15:21] [0m[31;1m[Clan] Sonaten :[0m but now i'm in the northeast, i pick smart places to live :D[0m
[15:21] [0m[31;1m[Clan] Prism :[0m well I'm in Kansas so[0m
[15:21] [0m[37;1mAlassra flaps :[0m Great!  How about yourself?[0m
[15:21] [0m[37;1mSerpant flaps :[0m Hunky dory.[0m
[15:21] [0m[37;1mEcholoc flaps :[0m can't complain..that much ;)[0m
[15:21] [0m[31;1m[Clan] Sonaten :[0m at least you have... uh...[0m
[15:22] [0m[31;1m[Clan] Prism :[0m Exactly[0m
[15:22] [0m[31;1m[Clan] Sonaten :[0m the Chiefs?[0m
[15:22] [0m[31;1m[Clan] Prism :[0m TRUE[0m
[15:22] [0m[31;1m[Clan] Prism :[0m Mahomes >[0m
[15:27] [0m[31;1m[Clan] Sonaten leaves the game.[0m  [0m
[15:27] [0m[37;1m[JEDI]:[0m Kerran Halcyon arrives at the Academy.[0m
[15:28] [0m[31;1m[Clan] Xaryl :[0m we have finished event & restocking corpses when ya'll are ready[0m
[15:28] [0m[31;1m[Clan] Byron :[0m woot[0m
[15:28] [0m[31;1m[Clan] Byron :[0m I've been runing corpses[0m
[15:28] [0m[31;1m[Clan] Byron :[0m meet @ hotel[0m
[15:29] [0m[31;1m[Clan] Prism :[0m what's happening?[0m
[15:29] [0m[31;1m[Clan] Byron :[0m van helsing thime[0m
[15:29] [0m[31;1m[Clan] Taleast :[0m woo![0m
[15:29] [0m[31;1m[Clan] Xaryl :[0m ok...5 more minutes? so I can finish lunch[0m
[15:29] [0m[31;1m[Clan] Byron :[0m nod[0m
[15:29] [0m[31;1m[Clan] Xaryl :[0m thought I woiuld have more time *heh*[0m
[15:29] [0m[31;1m[Clan] Prism :[0m what's for lunch? you got any of those meatloaf burgers?[0m
[15:30] [0m[31;1m[Clan] Taleast :[0m we eat, drink and shit vampires, Xaryl!!11!1oneone[0m
[15:30] [0m[31;1m[Clan] Byron :[0m we got a ton of corpses too[0m
[15:30] [0m[31;1m[Clan] Taleast :[0m lol[0m
[15:30] [0m[31;1m[Clan] Taleast :[0m who all's going? do I need to bring *damage?[0m
[15:31] [0m[31;1m[Clan] Taleast :[0m *my piddly version of damage[0m
[15:31] [0m[37;1mDin flaps :[0m bop hoelerin lying before the throne if anyone wants it[0m
[15:32] [0m[31;1m[Clan] Xaryl :[0m should always bring Zsodrin for the GXP boost![0m
[15:32] [0m[31;1m[Clan] Taleast :[0m eh, Ill bring Szod, he's not absolutely terrible and he boosts Archie[0m
[15:32] [0m[31;1m[Clan] Taleast :[0m what Xaryl said[0m
[15:32] [0m[31;1m[Clan] Nix :[0m we can use my dungeon[0m
[15:33] [0m[31;1m[Clan] Taleast :[0m oh, and most importantly, Szod doesn't have an active instance[0m
[15:34] [0m[32mScaf says:[0m reset incoming?[0m
[15:35] [0m[32mSzodrin says:[0m interesting trigger[0m
[15:38] [0m[31;1m[Clan] Xaryl :[0m we are ready[0m
[15:38] [0m[31;1m[Clan] Byron :[0m omw[0m
[15:38] [0m[32mByron says:[0m pquit[0m
[15:39] [0m[32mScaf says:[0m reset?[0m
[15:39] [0m[32mByron says:[0m no[0m
[15:39] [0m[32mXaryl says:[0m Most powerful Selene... Grant our disciple, Byron the[0m
[15:39] [0m            power of your divine blessing, so we may destroy your[0m
[15:39] [0m            enemies![0m
[15:39] [0m[32mXaryl says:[0m Most powerful Selene... Grant our disciple, Nix the[0m
[15:39] [0m            power of your divine blessing, so we may destroy your[0m
[15:39] [0m            enemies![0m
[15:39] [0m[32mXaryl says:[0m Most powerful Selene... Grant our disciple, Scaf the[0m
[15:39] [0m            power of your divine blessing, so we may destroy your[0m
[15:39] [0m            enemies![0m
[15:39] [0m[31;1m[Clan] Szodrin :[0m laf, I can carry 7 corpses[0m
[15:40] [0m[32mMaverik says:[0m reset?[0m
[15:44] [0mYou can currently reforge 0 items.[0m
[15:45] [0mYou can currently reforge 4 items.[0m
[16:13] [0m[34;1mHooligan shouts:[0m zombie reset 2 min[0m
[16:14] [0m[34;1mHooligan shouts:[0m last call for zombies[0m
[16:15] [0m[34;1mHooligan shouts:[0m reset complete[0m
[16:16] [0m[37;1mDy flaps :[0m This is not the smurf you are looking for.[0m
[16:16] [0m[37;1mChrys flaps :[0m smurfette, I am your daddy.[0m
[16:16] [0m[37;1mLicklick flaps :[0m hawt[0m
[16:45] [0mYou can currently reforge 8 items.[0m
[16:50] [0m[31;1m[Clan] Ser :[0m you guys in vamps[0m
[16:50] [0m[31;1m[Clan] Szodrin :[0m um...[0m
[16:50] [0m[31;1m[Clan] Ser :[0m sup dog[0m
[16:50] [0m[31;1m[Clan] Szodrin :[0m yes?[0m
[16:50] [0m[31;1m[Clan] Szodrin :[0m sup sup[0m
[16:51] [0m[31;1m[Clan] Nik :[0m haha dang, guess its a bad time to ask if anyone wants to help[0m
[16:51] [0m             me with day 5[0m
[16:51] [0m[31;1m[Clan] Szodrin :[0m you want in on this?[0m
[16:51] [0m[31;1m[Clan] Ser :[0m nik i was gonna ask the same thing[0m
[16:51] [0m[31;1m[Clan] Szodrin :[0m oh day 5?[0m
[16:51] [0m[31;1m[Clan] Ser :[0m yah ziphe has OG[0m
[16:51] [0m[31;1m[Clan] Ser :[0m i duped already, just need tag[0m
[16:51] [0m[31;1m[Clan] Szodrin :[0m I'm just along for the ride :D[0m
[16:56] [0m[37;1mDy flaps :[0m Undead Knight arrives huning you, completely enraged![0m
[16:56] [0m[37;1mDin flaps :[0m abort!  abort![0m
[16:58] [0m[37;1mSer flaps :[0m hmflee[0m
[16:58] [0m[37;1mSzodrin flaps :[0m look on the bright side, he's enraged not engorged[0m
[16:59] [0m[37;1mChrys flaps :[0m that's not a sword in his pocket.[0m
[16:59] [0m[37;1mAlassra flaps :[0m He grows turgid.[0m
[17:06] [0m[37;1mDin flaps :[0m that's my secret, Natasha.  I'm always turgid[0m
[17:08] [0m[37;1mDy flaps :[0m DOn't be kickin the chicken.[0m
[17:08] [0m[37;1mNik flaps :[0m chicken attack![0m
[17:09] [0m[37;1mChrys flaps :[0m i'm gonna be making some kickin bbq chicken thighs later[0m
[17:09] [0m              actually.[0m
[17:11] [0m[37;1mChrys flaps :[0m Having sex with Bruce banner brings a hole new meaning to Hulk[0m
[17:11] [0m              Smash.[0m
[17:14] [0mEnder <.oO>: cheers:)[0m
[17:19] [0m[37;1mDy flaps :[0m *dentist says "oops" while drilling your teeth."[0m
[17:20] [0m[37;1mChrys flaps :[0m probably better than if it's your proctologist.[0m
[17:22] [0m[37;1mDy flaps :[0m Poops![0m
[17:24] [0m[37;1mDin flaps :[0m if your proctologist is drilling your teeth, he's gone too far[0m
[17:24] [0m[37;1mDy flaps :[0m Either that or you have really toothy intestines.[0m
[17:24] [0m[31;1m[Clan] Taleast :[0m corpses in[0m
[17:27] [0m[31;1m[Clan] Falthrice :[0m found more corpses on Falthrice[0m
[17:27] [0m[31;1m[Clan] Byron :[0m So, I got an idea for how to setup corpse boxes.  favor east[0m
[17:27] [0m               side as corpses not ftouched (so restock from that room). and[0m
[17:27] [0m               west side is probably ftouched.[0m
[17:28] [0m[31;1m[Clan] Xaryl :[0m I take all from box and Ftouch when I drop off corpses[0m
[17:28] [0m[31;1m[Clan] Byron :[0m nog[0m
[17:28] [0m[31;1m[Clan] Xaryl :[0m all in the E one were done[0m
[17:28] [0m[31;1m[Clan] Byron :[0m that's what I mean[0m
[17:28] [0m[31;1m[Clan] Byron :[0m Oh perfect[0m
[17:28] [0m[31;1m[Clan] Byron :[0m That's the idea[0m
[17:28] [0m[31;1m[Clan] Xaryl :[0m but only aboiurt 1/2 in the W one[0m
[17:28] [0m[31;1m[Clan] Byron :[0m nog[0m
[17:28] [0m[31;1m[Clan] Byron :[0m do you usually put the ftouches in east?[0m
[17:28] [0m[31;1m[Clan] Xaryl :[0m nod[0m
[17:28] [0m[31;1m[Clan] Byron :[0m good to know[0m
[17:28] [0m[31;1m[Clan] Byron :[0m so I won't put non ftouched corpses in that one[0m
[17:28] [0m[31;1m[Clan] Byron :[0m if i can help it[0m
[17:29] [0m[31;1m[Clan] Falthrice :[0m can I get an invite? :D[0m
[17:29] [0m[31;1m[Clan] Byron :[0m hotel[0m
[17:33] [0m[31;1m[Clan] Archangel :[0m But after this level and stats, I will be ahead in xp.[0m
[17:36] [0m[37;1mDy flaps :[0m Wrong proctologist.[0m
[17:56] [0m[34;1mDalandra shouts:[0m finally :)[0m
[17:56] [0m[34;1mZiphe shouts:[0m woot[0m
[17:59] [0m[37;1mDy flaps :[0m I wonder what this button does. *turns off the whole mud*[0m
[17:59] [0m[37;1mZiphe flaps :[0m you would never know the end of the nerd rage :P[0m
[18:00] [0m[37;1mDy flaps :[0m Oops[0m
[18:00] [0m[37;1mMerrick flaps :[0m the lulz would be outstanding though[0m
[18:00] [0m[37;1mDy flaps :[0m Until they discovered a whole boot of work gone. -.-[0m
[18:39] [0m[37;1mVagrant flaps :[0m zambie reset swang by[0m
[18:40] [0m[37;1mVagrant flaps :[0m send tell if you coming[0m
[18:41] [0m[37;1mVagrant flaps :[0m resetted[0m
[18:51] [0mFibanish {Professions}: Any recommend Herbologist as a major?[0m
[18:51] [0mFibanish {Professions}: anyone that is.[0m
[18:52] [0mAlassra {Professions}: I think most people generally do Reforger or[0m
[18:52] [0m                       Transmuter[0m
[19:00] [0m[31;1m[Clan] Ser :[0m hey B can you tank day 5[0m
[19:00] [0m[31;1m[Clan] Ser :[0m pwetty pwease[0m
[19:00] [0m[31;1m[Clan] Prism :[0m I got you bb, omw[0m
[19:09] [0m[31;1m[Clan] Byron :[0m yeah[0m
[19:09] [0m[31;1m[Clan] Byron :[0m after vamps[0m
[19:11] [0m[31;1m[Clan] Ser :[0m https://www.youtube.com/watch?v=QRmYlCJ70z8[0m
[19:13] [0mYou can currently reforge 12 items.[0m
[19:21] [0m[31;1m[Clan] Falthrice :[0m woot, carrying 69 corpses[0m
[19:26] [0m[31;1m[Clan] Falthrice :[0m wait, you're already in?[0m
[19:35] [0m[31;1m[Clan] Archangel :[0m That's what she said.[0m
[19:35] [0m[31;1m[Clan] Prism :[0m To me all the time :([0m
[19:37] [0m[31;1m[Clan] Ser :[0m i have to pee dont do day 5 w/o me plz kthnx[0m
[19:41] [0mYou can currently reforge 0 items.[0m
[19:44] [0m[31;1m[Clan] Aka :[0m anyone able to collect me at entrance? ;)[0m
[19:47] [0m[37;1mVoler flaps :[0m if I hire reputationdefender.com to fix my internet[0m
[19:47] [0m              reputation, will they come on 3k and convince people I'm[0m
[19:47] [0m              B.S.??[0m
[19:47] [0m[37;1mDy flaps :[0m Maybe full of BS.[0m
[19:47] [0m[37;1mKsemia flaps :[0m totally....do it....[0m
[19:48] [0m[37;1mVoler flaps :[0m I already got that one down.....[0m
[20:13] [0mYou can currently reforge 4 items.[0m
[20:19] [0m[31;1m[Clan] Ser :[0m BBB why have you forsaken me[0m
[20:44] [0m[37;1mSevenofnine flaps :[0m well, if your rep on 3k didnt rise with yesterdays[0m
[20:44] [0m                    performance in the face of super licking then you really[0m
[20:44] [0m                    dont want to waste funds to make reps with this bunch[0m
[20:45] [0m[37;1mLicklick flaps :[0m I heard my name[0m
[20:45] [0m[37;1mLicklick flaps :[0m licking is my thing[0m
[20:46] [0m[37;1mDy flaps :[0m Watching stupid snowbirds bitch about it still being in 90s here[0m
[20:46] [0m           in Arizona is so funny![0m
[20:46] [0m[31;1m[Clan] Byron :[0m ser, one of these resets are you just going to max out 1 of[0m
[20:46] [0m               the dmg skills?[0m
[20:46] [0m[37;1mDy flaps :[0m Bwahahahahahahahaha or something.[0m
[20:47] [0m[31;1m[Clan] Byron :[0m like, literally no tanking.  just hit behind me or nix in[0m
[20:47] [0m               vamps[0m
[20:47] [0m[31;1m[Clan] Ser :[0m i tried it[0m
[20:47] [0m[31;1m[Clan] Byron :[0m how'd it go?[0m
[20:47] [0m[31;1m[Clan] Ser :[0m wasnt great[0m
[20:48] [0m[37;1mSevenofnine flaps :[0m its ALWAYS 90 degs  where i am, like 365 days a year,[0m
[20:48] [0m                    can i bitch and not have you find it funny?[0m
[20:48] [0m[31;1m[Clan] Ser :[0m costs gp2 to run, need to get resistance to get gp2[0m
[20:48] [0m[31;1m[Clan] Byron :[0m oh, you don't get gp2 from corpses right?[0m
[20:48] [0m[31;1m[Clan] Ser :[0m i cant use them[0m
[20:48] [0m[31;1m[Clan] Byron :[0m yeah, i thought so[0m
[20:49] [0m[31;1m[Clan] Ser :[0m @ hotel[0m
[20:49] [0m[31;1m[Clan] Falthrice :[0m we only get gps from live creatures and not a lot from[0m
[20:49] [0m                   what I understand[0m
[20:49] [0m[37;1mXiu flaps :[0m as long as that's 90F and not 90C. the first is comfortable, the[0m
[20:49] [0m            2nd would be less so.[0m
[20:49] [0m[31;1m[Clan] Ser :[0m gp1[0m
[20:50] [0m[37;1mSevenofnine flaps :[0m at least pre covid i would leave town one weekend a[0m
[20:50] [0m                    month to the mountains to cool off, cant even do that[0m
[20:50] [0m                    atm[0m
[20:50] [0m[31;1m[Clan] Falthrice :[0m nog, Ser obviously has more experience, but end-game is[0m
[20:50] [0m                   all stamina restricted[0m
[20:50] [0m[37;1mSevenofnine flaps :[0m haha 90 F obviously Xiu :D[0m
[20:51] [0m[37;1mSevenofnine flaps :[0m 90 is fine, but like 365 days 90, idk man, it feels hot[0m
[20:51] [0m                    and humid all year[0m
[20:51] [0m[37;1mDy flaps :[0m It's a dry heat, like a welding torch.[0m
[20:53] [0m[37;1mSevenofnine flaps :[0m dry heat might be bad, but humidity feels worse at[0m
[20:53] [0m                    times, its never dry hear and rains almost everyday as[0m
[20:53] [0m                    well (which is the daily relief period from the sun i[0m
[20:53] [0m                    suppose)[0m
[20:53] [0m[37;1mDy flaps :[0m kill android You kill your android phone![0m
[20:54] [0m[34;1mWyshe shouts:[0m woo![0m
[20:56] [0m[37;1mDy flaps :[0m This is supposed to be a desert though.[0m
[20:57] [0m[37;1mDy flaps :[0m So it's down to Pennsylvania and Nevada in the rat race. Which[0m
[20:57] [0m           rat will win?[0m
[20:58] [0m[37;1mVoler flaps :[0m I'm not the chatline police.. but I suggest pol line...[0m
[20:59] [0m[37;1mDy flaps :[0m I was talking about national rat league, how is that political?[0m
[20:59] [0m           xD[0m
[20:59] [0m[37;1mSevenofnine flaps :[0m hopefully the non racist rat will win[0m
[20:59] [0m[37;1mEnder flaps :[0m is there a pol line that has some sort of entrance or[0m
[20:59] [0m              qualifying test to get on?[0m
[21:00] [0m[37;1mDy flaps :[0m Try pol on[0m
[21:00] [0m[37;1mSevenofnine flaps :[0m spare yourself ender[0m
[21:00] [0m[37;1mVoler flaps :[0m equivocation fallacy alert[0m
[21:00] [0m[37;1mDy flaps :[0m Mostly political science tards on it though.[0m
[21:01] [0m[37;1mXiu flaps :[0m i've had some dark times in my life because of course we all do.[0m
[21:01] [0m            there have been bad days, bad weeks, bad years even. i've looked[0m
[21:01] [0m            into the abyss and no it doesn't look back at you, it's just an[0m
[21:01] [0m            abyss. but in all those dark times i have never hated myself[0m
[21:01] [0m            quite enough to switch on the politics line on 3k.[0m
[21:02] [0m[37;1mDy flaps :[0m heh heh[0m
[21:02] [0m[37;1mEnder flaps :[0m nog seven, lots of fascinating things going on that are fun to[0m
[21:02] [0m              chat about, but heh xiu i turned it on a few minutes last[0m
[21:02] [0m              night and nog, too painful.[0m
[21:02] [0m[37;1mVoler flaps :[0m and yet there are those who will try to bring the pol line to[0m
[21:02] [0m              you....  heh[0m
[21:02] [0m[37;1mSevenofnine flaps :[0m poli sci tards would at least know how to argue a point,[0m
[21:02] [0m                    blind faithers anti maskers "both sides" apologists are[0m
[21:02] [0m                    not poli sci/educated ones[0m
[21:03] [0m[37;1mEnder flaps :[0m although if you don't like dark chocolate, you might not[0m
[21:03] [0m              qualify. pol line is for milk chocolate lovers.[0m
[21:03] [0m[37;1mSevenofnine flaps :[0m man i should have stayed quite, Xiu summed it up[0m
[21:03] [0m                    perfectly, the state of pol on 3k[0m
[21:03] [0m[37;1mHooligan flaps :[0m so its ok to belittle mental handicap aka "tards" but[0m
[21:03] [0m                 racism is bad?  this is so confusing...[0m
[21:04] [0m[37;1mDy flaps :[0m Politics are like "animal rescue" luring some hapless dog to its[0m
[21:04] [0m           doom in a kennel, then euthanizing it.[0m
[21:04] [0m[37;1mVoler flaps :[0m hey...  I just want people to talk to about what's upsetting[0m
[21:04] [0m              me on tv.. my wife keeps putting on headphones and turning[0m
[21:04] [0m              them up when I put on cnn :P[0m
[21:04] [0m[37;1mSevenofnine flaps :[0m sorry hooli, just cos i am not a racists conservative[0m
[21:04] [0m                    running t grab female genetilia doesnt mean i have to be[0m
[21:04] [0m                    politically correct in my speech[0m
[21:05] [0m[37;1mDy flaps :[0m There's developmentally disabled, then there's farktards.[0m
[21:06] [0m[37;1mSevenofnine flaps :[0m hooligan you need to watch the south park episode on[0m
[21:06] [0m                    bikers vs lgbt episode to understand the modern day[0m
[21:06] [0m                    difference between fag and homosexual[0m
[21:06] [0m[37;1mSer flaps :[0m have you guys seen sassy news yet[0m
[21:06] [0m[37;1mSer flaps :[0m omg it's hilarious[0m
[21:07] [0m[37;1mSer flaps :[0m sorry sassy justice[0m
[21:08] [0m[37;1mVoler flaps :[0m looking now, and man deepfakes are creepy[0m
[21:08] [0m[37;1mDy flaps :[0m M is for murder hornets.[0m
[21:09] [0m[37;1mInix flaps :[0m no no, murder is what you call a bunch of crows[0m
[21:10] [0m[37;1mVoler flaps :[0m I think the official name for a group of hornets is 'oh god..[0m
[21:10] [0m              ow.. oww!  *scream*!  oowww.. you b stards!  ow ooww...[0m
[21:10] [0m              *scream*!"[0m
[21:10] [0m[37;1mDy flaps :[0m These ones have an acidic venom they can spray and blind you[0m
[21:10] [0m           with.[0m
[21:11] [0m[37;1mXiu flaps :[0m at the risk of being political i'll go on record that i would[0m
[21:11] [0m            never vote for a hornet or wasp of any kind. call me speciesist[0m
[21:11] [0m            if you must but i hate all those buggers.[0m
[21:11] [0m[37;1mVoler flaps :[0m ha!  not me... I got prescription lens welders goggles....[0m
[21:11] [0m[37;1mEnder flaps :[0m buggers arent that bad once you get to know them.[0m
[21:12] [0m[37;1mDy flaps :[0m Acidic enough to boil flesh and pustulate skin.[0m
[21:13] [0m[37;1mDy flaps :[0m Coyote Wild will tell you all about it. xD[0m
[21:13] [0mYou can currently reforge 8 items.[0m
[21:13] [0m[37;1mVoler flaps :[0m I'm not saying I wanna dance in a murder hornet moshpit... I'm[0m
[21:13] [0m              just saying I'm not afraid of no bugs![0m
[21:13] [0m[37;1mDy flaps :[0m Or whatever[0m
[21:13] [0m[37;1mVoler flaps :[0m now I'm envisioning death metal hornets....[0m
[21:14] [0m[37;1mDy flaps :[0m Not really but it is immense pain for sure.[0m
[21:14] [0m[37;1mDy flaps :[0m https://tinyurl.com/y3u26rt7 Coyote Peterson[0m
[21:15] [0m[37;1mDy flaps :[0m It's funny to watch him self mutilate with animals. xD[0m
[21:16] [0m[37;1mDy flaps :[0m He's like an upgrade from Steve Urwin.[0m
[21:16] [0m[37;1mStasis flaps :[0m just with zero pain tolerance heh[0m
[21:17] [0m[37;1mStasis flaps :[0m https://www.youtube.com/watch?v=J-tNYQqZ7qI  Jack's the real[0m
[21:17] [0m               MVP[0m
[21:17] [0m[37;1mDy flaps :[0m What he gets stung by seriously hurt though.[0m
[21:18] [0m[37;1mStasis flaps :[0m watch jack take the same stings and barely blink[0m
[21:19] [0m[37;1mDy flaps :[0m No fun if he doesn't squirm in pain.[0m
[21:19] [0m[37;1mStasis flaps :[0m i love watching em both though. best genre on youtube[0m
[21:20] [0m[37;1mVoler flaps :[0m my youtube feed is mostly warhammer 40k battle reports, cat[0m
[21:20] [0m              videos, watch people die inside, and karens :P[0m
[21:20] [0m[37;1mDy flaps :[0m Watching cicada killer.[0m
[22:07] [0m[31;1m[Clan] Michael :[0m so, I heard a rumor that some guilds might be closing soon.[0m
[22:07] [0m                 Anyone else hear that?[0m
[22:07] [0m[31;1m[Clan] Prism :[0m What ones?[0m
[22:07] [0m[31;1m[Clan] Michael :[0m I heard Fremen for sure in the rumor, but nothing else.[0m
[22:07] [0m                 They said some guilds would be closing but didn't say more[0m
[22:07] [0m                 beyond fremen[0m
[22:07] [0m[31;1m[Clan] Prism :[0m Where did you get this info?!!?[0m
[22:07] [0m[31;1m[Clan] Michael :[0m and I just wanna know if it is a bs rumor or if anyone else[0m
[22:07] [0m                 heard anything[0m
[22:08] [0m[31;1m[Clan] Ser :[0m sounds like a big rumor[0m
[22:08] [0m[31;1m[Clan] Michael :[0m Licklick said Frank said it, but I am considering the[0m
[22:08] [0m                 source and asking if anyone else heard anything[0m
[22:08] [0m[31;1m[Clan] Prism :[0m That guy sucks, now I believe Fremen will never close[0m
[22:08] [0m[31;1m[Clan] Nik :[0m they said fremen/psi/sii[0m
[22:08] [0m[31;1m[Clan] Nik :[0m but i think it was a joke[0m
[22:08] [0m[31;1m[Clan] Nik :[0m hopefully?[0m
[22:08] [0m[31;1m[Clan] Falthrice :[0m and breed[0m
[22:08] [0m[31;1m[Clan] Ser :[0m i talked to adalius like 6 mos ago and he said they had no[0m
[22:08] [0m             plans to close any guilds[0m
[22:08] [0m[31;1m[Clan] Michael :[0m Yeah, it would be weird to close fremen right after fixing[0m
[22:08] [0m                 em[0m
[22:09] [0m[31;1m[Clan] Prism :[0m Well from what I've heard they're not fixed[0m
[22:09] [0m[31;1m[Clan] Michael :[0m well it looks liek the rumor has some substance, but may[0m
[22:09] [0m                 have been a joke someone took seriously?[0m
[22:09] [0m[31;1m[Clan] Nik :[0m yay, sii upgrades confirmed![0m
[22:09] [0m[31;1m[Clan] Falthrice :[0m says who?[0m
[22:09] [0m[31;1m[Clan] Falthrice :[0m TH?[0m
[22:09] [0m[31;1m[Clan] Ser :[0m licklick wanted someone to loot him an iphone after trump won,[0m
[22:09] [0m             so...[0m
[22:09] [0m[31;1m[Clan] Byron :[0m laf[0m
[22:09] [0m[31;1m[Clan] Prism :[0m ^^ lmao[0m
[22:09] [0m[31;1m[Clan] Michael :[0m Ha![0m
[22:10] [0m[31;1m[Clan] Byron :[0m sii need love[0m
[22:10] [0m[31;1m[Clan] Byron :[0m bad[0m
[22:10] [0m[31;1m[Clan] Prism :[0m Hsima is solid![0m
[22:10] [0m[31;1m[Clan] Michael :[0m I know better than to take something Licklick says at face[0m
[22:10] [0m                 value so that's why I asked my clanmates.[0m
[22:10] [0m[31;1m[Clan] Falthrice :[0m he is?[0m
[22:10] [0m[31;1m[Clan] Nik :[0m they said somethin along the lines of theres one more guild on[0m
[22:10] [0m             the list for upgrades, with like 2 active ppl[0m
[22:10] [0m[31;1m[Clan] Falthrice :[0m he's top sii, right?[0m
[22:10] [0m[31;1m[Clan] Prism :[0m yea[0m
[22:10] [0m[31;1m[Clan] Byron :[0m ya, hsima is the only person who left the original 20 glvls i[0m
[22:10] [0m               think[0m
[22:10] [0m[31;1m[Clan] Falthrice :[0m I mean, like really really far? and he can only handle[0m
[22:10] [0m                   beloch?[0m
[22:11] [0m[31;1m[Clan] Byron :[0m ya, sii are underwhelming[0m
[22:11] [0m[31;1m[Clan] Byron :[0m his solo delta maxes at like 200 probably[0m
[22:11] [0m[31;1m[Clan] Falthrice :[0m and to be clear, even the first 20 glvls probably took[0m
[22:11] [0m                   years[0m
[22:11] [0m[31;1m[Clan] Byron :[0m 200+ days for sure[0m
[22:11] [0m[31;1m[Clan] Nik :[0m Knull is killin it[0m
[22:12] [0m[31;1m[Clan] Nik :[0m feels long to me tho XD[0m
[22:12] [0m[31;1m[Clan] Falthrice :[0m giggity[0m
[22:27] [0m[37;1mDy flaps :[0m Deadly acid snatch.[0m
[22:39] [0m[31;1m[Clan] Knox leaves the game.[0m  [0m
[22:40] [0m[37;1mDy flaps :[0m Don't be a dummiecrat or a retardican, vote for me as your[0m
[22:40] [0m           supreme ruler! Free beercare for all!(this means free beer)[0m
[22:41] [0m[37;1mSylph flaps :[0m sold![0m
[22:42] [0m[31;1m[Clan] Xaryl :[0m boys, sorry about earlier!!! sometime real life can be so[0m
[22:42] [0m               annoying (i.e. my needy mother nbeeding help with stuff right[0m
[22:42] [0m               as we are killing firebat!)[0m
[22:42] [0m[31;1m[Clan] Prism :[0m <3[0m
[22:42] [0m[31;1m[Clan] Falthrice :[0m <3[0m
[22:42] [0m[31;1m[Clan] Archangel :[0m Sorry, work called.[0m
[22:43] [0m[31;1m[Clan] Falthrice :[0m thanks again for FB by the way[0m
[22:43] [0m[31;1m[Clan] Falthrice :[0m I hear ya, Archie, my manager got laid off today :([0m
[22:43] [0m[31;1m[Clan] Falthrice :[0m and I liked him[0m
[22:43] [0m[31;1m[Clan] Archangel :[0m Doh![0m
[22:43] [0m[31;1m[Clan] Archangel :[0m That sux[0m
[22:43] [0m[31;1m[Clan] Falthrice :[0m shit is going to be tense a while[0m
[22:44] [0m[31;1m[Clan] Falthrice :[0m lol, didn't mean to make it about me though, but I can't[0m
[22:44] [0m                   shut up[0m
[22:44] [0m[31;1m[Clan] Falthrice :[0m anyway, glad stuff is OK now[0m
[23:07] [0mFibanish {Professions}: So.. how do  I get started training up transmuter?[0m
[23:09] [0mSpace {Professions}: upto transmuter level 12 you need to mine and transmute[0m
[23:09] [0m                     ore in quality[0m
[23:09] [0mSpace {Professions}: once you get to level 12 you can transmute fragments[0m
