- = LOG STARTED [00:00] = -
[00:00] [0m[33;1m[Clan] Ser :[0m veterinarian[0m
[00:00] [0m[33;1m[Clan] Ser :[0m healing hands[0m
[00:00] [0m[33;1m[Clan] Ser :[0m be a priest[0m
[00:01] [0m[33;1m[Clan] Ser :[0m golems suck ass[0m
[00:01] [0m[33;1m[Clan] Ser :[0m you're a better tank than your golem[0m
[00:05] [0m[33;1m[Clan] Oscar :[0m golems got upgraded[0m
[00:05] [0m[33;1m[Clan] Oscar :[0m substantially[0m
[00:05] [0m[33;1m[Clan] Oscar :[0m it was one of the big mage tweaks[0m
[00:12] [0m[33;1m[Clan] Ser :[0m o[0m
[00:12] [0m[33;1m[Clan] Ser :[0m last time i played mage like 3 mos ago they sucked ass[0m
[00:14] [0m[33;1m[Clan] Oscar :[0m slow/polymorph as well[0m
[00:15] [0m[33;1m[Clan] Ser :[0m 22.85 hrs g2n[0m
[00:16] [0m[33;1m[Clan] Ser :[0m almost on bunkers, then probably passing out[0m
[00:18] [0m[37;1m[JEDI]:[0m Durnoth arrives at the Academy.[0m
[00:38] [0m[34;1mSquirrel shouts:[0m cultist[0m
[00:39] [0m[34;1mSinahi shouts:[0m lots of letters tonight![0m
[00:40] [0m[34;1mZik shouts:[0m its a conspriacy[0m
[00:52] [0mVagrant flaps : zambie reset swang by[0m
[00:54] [0mVagrant flaps : resetted[0m
[00:56] [0m[37;1m[JEDI]:[0m H'ssani C'talan arrives at the Academy.[0m
[07:38] [0m[37;1m[JEDI]:[0m Alyssa K'tal arrives at the Academy.[0m
[07:39] [0m[34;1mDrax shouts:[0m Woo![0m
[07:45] [0m[34;1mKitt shouts:[0m Moo[0m
[07:45] [0m[34;1mBong shouts:[0m betcha wont moo 1 mo gain[0m
[07:51] [0m[34;1mFrank shouts:[0m not until he wakes up in 5 more minutes , but i'll moo for him[0m
[07:51] [0m[34;1mFrank shouts:[0m moo[0m
[07:53] [0m[34;1mKitt shouts:[0m I moo for You[0m
[07:53] [0mYour transmuter's stone bursts with 6 new colours![0m
[07:54] [0m[34;1mFrank shouts:[0m just a reminder, set your deadman, or you will be the deadman[0m
[07:54] [0m[34;1mVasha shouts:[0m or.. just.. *gasp*   dont bot?[0m
[07:55] [0m[34;1mGlorfindel shouts:[0m Frank is so nice.  In the old days we'd just give you five or six real deaths[0m
[07:55] [0m                   to see if you were at the keyboard. :)[0m
[07:56] [0m[34;1mOmni shouts:[0m she sank. not a witch. dead also, but not a witch.[0m
[08:07] [0m[37;1m[JEDI]:[0m H'ssani C'talan arrives at the Academy.[0m
[08:30] [0m[35;1mInquisitor [Jedi(Knight)]:[0m You have turned off totals for numbers output, relying on your guild.[0m
[08:30] [0m                           Type "numbers totals" to turn them back on.[0m
[08:30] [0m[35;1mInquisitor [Jedi(Knight)]:[0m w/l but, you're on this chatline too[0m
[08:30] [0m[37;1m[JEDI]:[0m Ylenic It'kla arrives at the Academy.[0m
[08:31] [0m[34;1mFluffy shouts:[0m big letters[0m
[08:32] [0m[34;1mInquisitor shouts:[0m We like big letters?[0m
[08:32] [0m[34;1mDrax shouts:[0m Nice!@[0m
[08:32] [0m[34;1mKoschei shouts:[0m that Q looks funny[0m
[08:33] [0m[34;1mInquisitor shouts:[0m I could do it again but it wouldn't have quite the same impact.[0m
[08:33] [0m[34;1mKoschei shouts:[0m I wanna see more Q![0m
[08:34] [0m[35;1mInquisitor [Jedi(Knight)]:[0m I'm saving up for 111 but given the moment that seemed comical enough[0m
[08:34] [0m                           to let it go.[0m
[08:39] [0m[35;1mInquisitor [Jedi(Knight)]:[0m 3.3 days...  I doubt I'll get municipal up to 2 before reboot.  It's[0m
[08:39] [0m                           making steady progress though, I'm not mad.[0m
[08:39] [0m[35;1mSimonz [Jedi(Knight)]:[0m huh, just got maintenance droid up to 3[0m
[08:40] [0m[35;1mInquisitor [Jedi(Knight)]:[0m I've never had any luck with maintenance droids[0m
[08:40] [0m[35;1mKoschei [Jedi(13)]:[0m i had a had case of droids once[0m
[08:40] [0m[35;1mGibran [Jedi(31)]:[0m where do you see your droids level?[0m
[08:40] [0m[35;1mSimonz [Jedi(Knight)]:[0m looks like robotics 4 takes 15 droid levels[0m
[08:40] [0m[35;1mKoschei [Jedi(13)]:[0m bad*[0m
[08:40] [0m[35;1mGibran [Jedi(31)]:[0m or you mean robotics skill?[0m
[08:41] [0m[35;1mInquisitor [Jedi(Knight)]:[0m If you have a droid with you, focus control droid /status[0m
[08:41] [0m[35;1mInquisitor [Jedi(Knight)]:[0m It might work if you don't have a droid with you, never tried[0m
[08:41] [0m[35;1mElindal [Jedi(38)]:[0m anyone have a 3s jedi they play?[0m
[08:41] [0m[35;1mGibran [Jedi(31)]:[0m an thanks[0m
[08:42] [0m[35;1mKoschei [Jedi(13)]:[0m i play on 3s occasionally[0m
[08:42] [0m[35;1mSimonz [Jedi(Knight)]:[0m and L3 maintenance droid does repair, so it actually progresses[0m
[08:43] [0m[35;1mInquisitor [Jedi(Knight)]:[0m My starship droid is at 7% and maintenance is at 5%[0m
[08:43] [0m[35;1mAl [Jedi(44)]:[0m my starship maintenance droid makes me happy[0m
[08:44] [0m[35;1mInquisitor [Jedi(Knight)]:[0m In theory I shoul just raise my level again.  Even though the Jedi[0m
[08:44] [0m                           has the highest xp spent on stats, the PsiCorps is only about a third[0m
[08:44] [0m                           of that total and can totally use the available stats.  :P[0m
[08:53] [0mYour transmuter's stone bursts with 5 new colours![0m
[09:03] [0m[37;1m[JEDI]:[0m Durnoth arrives at the Academy.[0m
[09:05] [0m[34;1mFlaxen shouts:[0m whoop.  whoop de doop.  whoop de doop.  whoop de doop de doop de doop.[0m
[09:05] [0m[34;1mBong shouts:[0m i cant pull over any further[0m
[09:06] [0m[35;1mMellaous [Jedi(77)]:[0m morning[0m
[09:09] [0m[35;1mMav [Jedi(27)]:[0m mornin[0m
[09:09] [0m[34;1mKoschei shouts:[0m COFFEE[0m
[09:10] [0mnewb Vara [cyborg/33]: is it ok if I delete my character and make a new one? The levels and[0m
[09:10] [0m                       stats on this are all messed up.[0m
[09:10] [0mnewb Mav [jedi/58]: I think you can reset your stats[0m
[09:10] [0mnewb Ser [psicorps/135]: i mean you can, but you can also reset your stats[0m
[09:10] [0mnewb Reality [priest/104]: hmm, im old and forgetful, is there a free stat reset for lowbies?[0m
[09:10] [0mnewb Saim [jedi/136]: you can also wipe and start new[0m
[09:10] [0mnewb Vara [cyborg/33]: my levels[0m
[09:10] [0mnewb Fluffy [changeling/135]: nod you can reset your stat, cost you a certain amount ... both[0m
[09:10] [0m                              are options ... later you retain any glvls/etc[0m
[09:11] [0mnewb Vara [cyborg/33]: it's the jumpstart machine from hell[0m
[09:12] [0mnewb Whoknows [priest/131]: big red button gives new char xp for lvl 50+stats so easy to start[0m
[09:12] [0m                            over[0m
[09:12] [0mnewb Reality [priest/104]: to restart, you'd need to leave your guild, then help wipeme[0m
[09:12] [0mnewb Fluffy [changeling/135]: press red button get xp, each push gives your a little more than[0m
[09:12] [0m                              last time ... caps at 500M ... can use as much or little as you[0m
[09:12] [0m                              want[0m
[09:12] [0mnewb Reality [priest/104]: its a tossup whether restarting or just resetting stats would be[0m
[09:12] [0m                           better imo :)[0m
[09:13] [0mnewb Killergate [monk/137]: if youd done a ton of quests, wiping would hurt[0m
[09:13] [0mnewb Whoknows [priest/131]: you can push it i believe 1k times max[0m
[09:13] [0mnewb Koschei [jedi/32]: if you stats are under 30 its probably easier to just wipe your stats[0m
[09:13] [0mnewb Vara [cyborg/33]: how do I leave cyborg guild?[0m
[09:13] [0m[33;1m[Clan] Ser :[0m 20.89 hrs g2n[0m
[09:14] [0m<BS> Prismal : woo Xiu[0m
[09:14] [0mnewb Bong [changeling/24]: off[0m
[09:16] [0m[34;1mNauda shouts:[0m who got mooed?[0m
[09:18] [0mFlaxen <Craft>: ZERG HIM[0m
[09:18] [0mVasha <Craft>: NO, he is here to construct pylons![0m
[09:19] [0m[Clan] Ser : why did i get a map for balooga falls in my inventory[0m
[09:19] [0mFlaxen <Craft>: WE REQUIRE MORE CHAOSTONE GAS[0m
[09:19] [0m[Clan] Saim : wut[0m
[09:19] [0m[Clan] Saim : where u in balooga falls?[0m
[09:19] [0m[Clan] Ser : well, a map that pointed me to there[0m
[09:20] [0m[Clan] Ser : noooo[0m
[09:20] [0m[Clan] Saim : i kind of remember that as part of a quest[0m
[09:20] [0mVasha <Craft>: level 9 of the mines now yields chaostone gas.[0m
[09:20] [0m[Clan] Ser : dont think so[0m
[09:20] [0mFluffy <Craft>: oh that was me ... sorry[0m
[09:20] [0m[Clan] Saim : but not balooga falls quest[0m
[09:20] [0m[Clan] Saim : think its part of epic or something[0m
[09:20] [0m[Clan] Ser : hmm[0m
[09:20] [0mOne <Craft>: to fuel the new chaostone racecars?[0m
[09:21] [0mFluffy <Craft>: nah the cyberpunk mounts[0m
[09:27] [0m[32mTurnhold tells you:[0m Sometimes, it just be like that...[0m
[09:28] [0m[34;1mBurnaby shouts:[0m sometimes[0m
[09:28] [0m[34;1mFluffy shouts:[0m oh no he didnt![0m
[09:28] [0m[34;1mPokey shouts:[0m it do![0m
[09:28] [0m[34;1mHawkeyes shouts:[0m sometimes??????[0m
[09:28] [0m[34;1mNauda shouts:[0m in a bit[0m
[09:28] [0m[34;1mTurnhold shouts:[0m You don't think it be like that. But it do.[0m
[09:28] [0m[34;1mKitt shouts:[0m i bet[0m
[09:28] [0m[34;1mKoschei shouts:[0m catch these hands[0m
[09:29] [0m[34;1mBong shouts:[0m dem Hanes![0m
[09:29] [0m[34;1mBong shouts:[0m and I told that boy..... you old flute of the lume wearin...[0m
[09:29] [0m             you 'bout to get dem Hanes![0m
[09:32] [0m[34;1mOmni shouts:[0m the most dangerous game?[0m
[09:32] [0m[34;1mHex shouts:[0m uh wizs bored at work ;)[0m
[09:33] [0m[34;1mModrack shouts:[0m the only winning move is not to play[0m
[09:33] [0m[34;1mTurnhold shouts:[0m I had to come into the office today, instead of WFH.[0m
[09:33] [0m[34;1mBurnaby shouts:[0m the gun wasnt supposed to be loaded![0m
[09:33] [0m[34;1mTurnhold shouts:[0m You will all suffer for it.[0m
[09:33] [0m[34;1mHex shouts:[0m The Running Man - 3k edition[0m
[09:33] [0m[34;1mDangerzone shouts:[0m something like that...[0m
[09:33] [0mOmni flaps : *signs contract and stabs pen through it into dudes back*[0m
[09:34] [0m[Clan] Oscar : ayo ser[0m
[09:34] [0m[Clan] Oscar : what's the countdown[0m
[09:34] [0m[34;1mBong shouts:[0m HIGHWAY TO THE.......[0m
[09:34] [0m[Clan] Oscar : epic has nothing to do w/ balooga[0m
[09:34] [0m[34;1mVollmond shouts:[0m ......DANGER ZONE! DANGER ZONE![0m
[09:35] [0m[34;1mOne shouts:[0m LANAA![0m
[09:35] [0m[Clan] Saim : i feel like there was a bigger quest that sends you to[0m
[09:35] [0m              ballooga or maybe another area that does..[0m
[09:35] [0m[34;1mWhoknows shouts:[0m Highway to Hell[0m
[09:35] [0m[34;1mBong shouts:[0m hai hai[0m
[09:35] [0m[Clan] Saim : this is like 10+ years ago so i have no clue[0m
[09:36] [0m[Clan] Ser : 20.54[0m
[09:36] [0m[34;1mDangerzone shouts:[0m YUUPP![0m
[09:44] [0m[Clan] Oscar : You're right but I can't remember which it is either[0m
[09:44] [0m[Clan] Oscar : 100% not epic though[0m
[09:47] [0m[Clan] Oscar : toss the map or whatever in the box if you want me to jog my[0m
[09:47] [0m               memory ser[0m
[09:55] [0mDy flaps : Tell me, tell me everything! naughty secrets! I'll rip the[0m
[09:55] [0m           secrets from your flesh![0m
[09:56] [0mHex flaps : this one time at band camp[0m
[09:57] [0m<- ! The Vigilant ! -> :  A destabilization Kayos event has been detected in[0m
[09:57] [0m                          Northern Hills of Fantasy!  We are localizing it[0m
[09:57] [0m                          now - get ready![0m
[09:58] [0m[Clan] Oscar : Anyone w/ scaler vaf (or little alts) able to give me a lvl[0m
[09:58] [0m               39 chesboard?[0m
[10:07] [0mHavox flaps : event is north gate 9n 1e i think, electric[0m
[10:25] [0m[34;1mNauda shouts:[0m It is wednesday my dudes![0m
[10:25] [0m[34;1mBurnaby shouts:[0m When?[0m
[10:26] [0m[34;1mTex shouts:[0m so when is it going to be hands turn?[0m
[10:26] [0m[34;1mOmni shouts:[0m Hail Alfather Odin, accept our sacrifice![0m
[10:29] [0m[34;1mSpace shouts:[0m cant wait for Assassin's Creed Valhalla![0m
[10:29] [0m[34;1mBong shouts:[0m mannnnn[0m
[10:30] [0m[34;1mTex shouts:[0m turn creed into cosmic ghost rider sure[0m
[10:46] [0m[34;1mBong shouts:[0m what a game this is.[0m
[10:49] [0mDy flaps : Do not underestimate the power of the pie side![0m
[10:50] [0mDy flaps : The pie must flow.[0m
[10:53] [0mNauda flaps : pie flows infinitely after that 3.14 start[0m
[10:56] [0m[Clan] Ser : balooga falls i would assume[0m
[10:56] [0mDangerzone flaps : any battery saving ios apps for 3k?[0m
[10:57] [0mDangerzone flaps : ssh types[0m
[10:58] [0mSimonz flaps : <obligatory>Switch to Android!</obligatory>[0m
[10:58] [0mVolt flaps : at least you can see the html with a droid[0m
[10:59] [0mVolt flaps : xml rather.  early[0m
[11:01] [0mDangerzone flaps : iphone x isnt cutting it 72% used up in 5 hrs, half[0m
[11:01] [0m                   contributed to offline music[0m
[11:05] [0mDangerzone flaps : pixel anyone?[0m
[11:05] [0mSimonz flaps : I'd love one, thanks![0m
[11:05] [0mOscar flaps : I need a new phone but google pushed 4a until July[0m
[11:06] [0mOscar flaps : :([0m
[11:06] [0m[34;1mFluffy shouts:[0m northgate 9n/1e .. theme electric[0m
[11:10] [0mDangerzone flaps : 4 XL better isnt it?[0m
[11:10] [0mDangerzone flaps : sprint has it discounted to $12 a mo[0m
[11:10] [0mIthariel flaps : yes, but the a series is cheaper. slightly smaller screen[0m
[11:10] [0m                 and slightly lower build quality[0m
[11:11] [0mIthariel flaps : plastic back vs glass[0m
[11:12] [0mDangerzone flaps : oh you like cheap stuff... scough :D[0m
[11:12] [0mFluffy flaps : cheap stuff and cheap women![0m
[11:12] [0mTeven flaps : ... someone doesnt like cheap stuff?[0m
[11:12] [0mIthariel flaps : Not me, I have Pixel 3XL :)[0m
[11:13] [0mDangerzone flaps : we have an idea of Fluffy's weekends now..[0m
[11:13] [0mOmni flaps : that plastic bottle vodka chic[0m
[11:14] [0m[32;1mFrom afar, you laff at Omni.[0m[0m
[11:16] [0mDangerzone flaps : phrasing...[0m
[11:16] [0mOscar flaps : I prefer the 'a' lines for Pixel since they have a headphone[0m
[11:16] [0m              jack.[0m
[11:17] [0mOscar flaps : The whole bluetooth/dongle/adapter BS is ridiculous.[0m
[11:17] [0mDangerzone flaps : people cant let go of their jacks... sigh[0m
[11:18] [0mOscar flaps : When the 3rd dongle that google sends me fails, and I buy one[0m
[11:18] [0m              off the streets and the phone recognizes it - but tells me[0m
[11:18] [0m              it's not a 'genuine google part' and therefore refuses to[0m
[11:18] [0m              play....yes I refuse to give up the jack[0m
[11:22] [0mDangerzone flaps : pretending to be an audiophiliac on a phone's output,[0m
[11:22] [0m                   just bluetooth it up[0m
[11:22] [0mTeven flaps : oh, well if that works for you, it must be what every else[0m
[11:22] [0m              wants too[0m
[11:22] [0mOscar flaps : That's an absurd arguement against a headphone jack[0m
[11:23] [0mOscar flaps : You're a slave to a tiny battery on headphones because they[0m
[11:23] [0m              want to sell you a dongle[0m
[11:23] [0mOscar flaps : dangle that dongle apple[0m
[11:24] [0mOmni flaps : yeah... bluetooth dies[0m
[11:24] [0mOscar flaps : And audio quality was NEVER an issue I raised[0m
[11:25] [0mOscar flaps : My earbuds cost like $3[0m
[11:25] [0mDangerzone flaps : so battery is your hardship against bluetooth, usually is[0m
[11:25] [0m                   sound quality[0m
[11:25] [0mOmni flaps : I don't have any hardship, I have a headphone jack.[0m
[11:25] [0mVoodoo flaps : my phone came with headphones[0m
[11:25] [0mOscar flaps : Exactly Omni[0m
[15:44] [0m<BS> Xiu : having raised my max sp so much i'm not sure if everything will[0m
[15:44] [0m           still work the same, i shouldn't get as low on SP as quickly but[0m
[15:44] [0m           i'll still run out before i run out of so'kra, i assume[0m
[15:44] [0m<BS> Lachlan : nog.. my rim fighting is that way without cmc3. so heals sps,[0m
[15:44] [0m               then when both get low, I blur to recover those points, but[0m
[15:44] [0m               in combat. Its nice how it works so far. I use all 9 blurs in[0m
[15:44] [0m               rims on a circuit, blurs reset and I do it again[0m
[15:45] [0m<BS> Lachlan : with cmc3... easy peasy, no worries and no blurs typically.[0m
[15:45] [0m               and doing large rims too[0m
[16:12] [0m[34;1mFlaxen shouts:[0m BAKE RUBES[0m
[16:13] [0m[34;1mSaim shouts:[0m but... I like them RAWWWWW[0m
[16:13] [0m[34;1mSquirrel shouts:[0m Thunder![0m
[16:13] [0m[34;1mFlaxen shouts:[0m what the hell ash[0m
[16:13] [0m[34;1mFlaxen shouts:[0m ya damn showboat[0m
[16:13] [0m[34;1mAsh shouts:[0m that one was for you Flax[0m
[16:14] [0m[34;1mDracula shouts:[0m keep it up. pretty soon you'll be able to use all your[0m
[16:14] [0m                pokemon[0m
[16:17] [0m[34;1mUkyo shouts:[0m "Launch abort has started"[0m
[16:17] [0mSquirrel flaps : weather[0m
[16:21] [0mFlaxen flaps : or not[0m
[16:22] [0mNix flaps : ohh wtf[0m
[16:22] [0mNix flaps : now we gotta wait til saturday?[0m
[16:22] [0mDracula flaps : [SteakChat{I like my steak bloody}]: are you talking about[0m
[16:22] [0m                the rocket launch?[0m
[16:22] [0mSquirrel flaps : yeah it's scrubbed due to weather[0m
[16:23] [0mSquirrel flaps : next attempt will be sat or sunday[0m
[16:23] [0mDracula flaps : [SteakChat{I like my steak bloody}]: ah ok. it's one of[0m
[16:23] [0m                things that can always cause a delay. better be safe then[0m
[16:23] [0m                sorry tho[0m
[16:30] [0mDangerzone flaps : I forget most here are stuck in the MUD... heh heh[0m
[16:36] [0mWhoknows flaps : yay lightning storm :([0m
[16:37] [0mDangerzone flaps : Abruptly left the jacks arguement. Maybe the best[0m
[16:37] [0m                   arguement for -without- would be better water resistance.[0m
[16:37] [0m                   Forget about slimming. Eh nothing more about this from[0m
[16:37] [0m                   me.[0m
[16:42] [0mOscar flaps : Samsung doesn't seem to have any problem being waterproof with[0m
[16:42] [0m              a heaphone jack[0m
[16:44] [0mSquirrel flaps : anyone see the video of the brown bear stalking the 10yr[0m
[16:44] [0m                 kid?[0m
[16:44] [0mSquirrel flaps : kid in italy was with his parents when they stumbled upon a[0m
[16:44] [0m                 bear[0m
[16:46] [0mDracula flaps : [SteakChat{I like my steak bloody}]: so did the kid attack[0m
[16:46] [0m                and eat the bear?[0m
[16:46] [0mDangerzone flaps : Apple may have cut 3.5mm without giving a better wired[0m
[16:46] [0m                   option. In the past, they certainly helped the transition[0m
[16:46] [0m                   better from floppies to disks to ssd when they removed[0m
[16:46] [0m                   the formers[0m
[16:46] [0mDangerzone flaps : ssd to cloud essentially now.[0m
[16:47] [0mDracula flaps : [SteakChat{I like my steak bloody}]: no cloud for me. i keep[0m
[16:47] [0m                my data in my house :P[0m
[16:47] [0mSquirrel flaps : nope the kid slowly walked towards his parents and the bear[0m
[16:47] [0m                 wandered off[0m
[16:48] [0mOscar flaps : If they weren't selling easily earbuds for $200 a pop and wtf[0m
[16:48] [0m              they charge for their dangles, I'm sure they'd still have the[0m
[16:48] [0m              headphone jack.[0m
[16:48] [0mOscar flaps : easily losable*[0m
[16:49] [0mSquirrel flaps : I prefer the wired headphones[0m
[16:49] [0mSquirrel flaps : no charge needed[0m
[16:49] [0mDracula flaps : [SteakChat{I like my steak bloody}]: $[0m
[16:50] [0mDracula flaps : [SteakChat{I like my steak bloody}]: i use sets that cost me[0m
[16:50] [0m                1. they might only last 2 months at most but they work.[0m
[16:50] [0mDracula flaps : [SteakChat{I like my steak bloody}]: 1 dollar that is[0m
[16:50] [0mDracula flaps : [SteakChat{I like my steak bloody}]: i prefer the wired ones[0m
[16:50] [0m                just like squirrel[0m
[16:54] [0mDangerzone flaps : ahh so hard to defend Apple these days since Steve Jobs[0m
[16:54] [0m                   passed. However, they included the dongle with their[0m
[16:54] [0m                   iphones when jack ws removed then they included earphones[0m
[16:54] [0m                   with lightning jack. Can't speak for droids[0m
[16:55] [0mZik flaps : hahahah, dongle[0m
[16:55] [0mDangerzone flaps : damn im supposed to drop it[0m
[16:55] [0m[32;1mFrom afar, you snicker at Zik.[0m[0m
[16:55] [0m[32;1mFrom afar, Zik goes "Heh heh heh" at you.[0m[0m
[16:55] [0mZik flaps : https://www.youtube.com/watch?v=-XSC_UG5_kU apple and dongles[0m
[16:57] [0mDracula flaps : [SteakChat{I like my steak bloody}]: the latest samsung[0m
[16:57] [0m                models lost their jack too i think[0m
[16:57] [0mZik flaps : samsung gets all their blueprints from apple anywho, just makes[0m
[16:57] [0m            em better[0m
[16:58] [0mDangerzone flaps : theyve been to court for it too[0m
[16:59] [0mZik flaps : apple expects them to make parts for em without reading the[0m
[16:59] [0m            plans[0m
[16:59] [0mDracula flaps : [SteakChat{I like my steak bloody}]: i got a samsun galaxy[0m
[16:59] [0m                s9 anyways. thing is waterproof. actually warns if you try[0m
[16:59] [0m                to plug the cables in and there is moisture inside the[0m
[16:59] [0m                connectors.[0m
[17:00] [0mZik flaps : apple also tried to say a rectangular phone was all theirs[0m
[17:01] [0mZik flaps : get in there nokia![0m
[17:01] [0mOscar flaps : What about Snapple?  Can they sell juice boxes?[0m
[17:01] [0mZik flaps : fruitopia called and said no[0m
[17:09] [0m[34;1mTuba shouts:[0m anyone else want to dupe cmc day 5 before i go home for the[0m
[17:09] [0m             night?[0m
[17:09] [0mDangerzone flaps : who needs kauai coffee in the pandemic, srsly?[0m
[17:10] [0mDangerzone flaps : too fancy to be essential, ahem, amzn[0m
[17:11] [0m[Clan] Oscar : man, dangerzone isn't your HC?[0m
[17:11] [0m[Clan] Oscar : That's perfect[0m
[17:11] [0m[Clan] Zik : whens Justthetip?[0m
[17:19] [0m[Clan] Oscar : oops[0m
[17:20] [0m[Clan] Oscar : I should've tested how polymorph other works on small mobs[0m
[17:20] [0m               before trying it on jellies heh[0m
[17:21] [0m[Clan] Zik : jam![0m
[17:24] [0mDisruptor <Craft>: anyone know the wc of a chaos 1h sword?[0m
[17:34] [0m[Clan] Ser : 12.86 hrs[0m
[17:34] [0m[Clan] Oscar : woo[0m
[17:50] [0mInix <Craft>: have one?[0m
[18:03] [0m[34;1mTex shouts:[0m sausage and egg pot pie[0m
[18:14] [0m[Clan] Dangerzone : oh what? @oscar[0m
[18:14] [0m[Clan] Oscar : your name, it's good for HC char[0m
[18:24] [0m[Clan] Ser : my crypto mining has accumulated ~3.5 ETH, around 750$[0m
[18:25] [0m[Clan] Ser : so not counting electricity costs it has paid for ~1/4 of[0m
[18:25] [0m             itself, maybe a little less[0m
[18:28] [0m[34;1mTex shouts:[0m use a spoon it will hurt more[0m
[18:30] [0m[Clan] Oscar : Nice, any estimate on the electric bill for that?[0m
[18:32] [0m[34;1mCrolack shouts:[0m That's what she said[0m
[18:33] [0m[34;1mBotzilla shouts:[0m it's a new world order, ruled by Donuts![0m
[18:45] [0m[Clan] Ser : eh probably half that[0m
[18:46] [0m[Clan] Ser : plus no heating costs for the winter :D[0m
[18:47] [0m[Clan] Dangerzone : winter aka spring?[0m
[18:55] [0m<BS> Dangerzone : grind is long now heh. High @ good, Shadow @ good, and[0m
[18:55] [0m                  Cmbt Casting @ good. I'm going for Shadow next... am I on[0m
[18:55] [0m                  the right track or will I fail to get the cloak again?[0m
[18:57] [0m<BS> Xiu : from my notes high, shadow and combat casting need to all be at[0m
[18:57] [0m           very good.[0m
[18:58] [0m<BS> Dangerzone : alright thanks. notes ha some reason I'm imagining a piece[0m
[18:58] [0m                  of paper you carry around for DnD[0m
[18:59] [0m[32mKerym says: [0mWell met, Swordbrother Dangerzone, May the Seldarine's Blessings be upon you.[0m
[19:20] [0m[Clan] Ser : 11.17 hrs[0m
[19:20] [0m[Clan] Nix : get some sleep ser[0m
[19:22] [0mMerrick flaps : hot take: Ghostrider was actually a decent movie.[0m
[19:22] [0mHooligan flaps : facepalm[0m
[19:23] [0mMerrick flaps : the 2nd was hot garbage[0m
[19:23] [0mMerrick flaps : but the 1st one, decently watchable[0m
[19:23] [0mWert flaps : they made a second piece of that? wow[0m
[19:23] [0mMerrick flaps : i think for the 2nd one, the just said fark it, and did[0m
[19:23] [0m                wtfever they wanted[0m
[19:24] [0mDracula flaps : [SteakChat{I like my steak bloody}]: yeah they did. first[0m
[19:24] [0m                one was decent.[0m
[19:26] [0mHooligan flaps : anything with nick cage is garbage[0m
[19:26] [0mWert flaps : and finally[0m
[19:27] [0mWert flaps : the real question is how he was so successful[0m
[19:27] [0mHooligan flaps : except leaving las vegas because he drank himself to death.[0m
[19:27] [0m                 lol[0m
[19:28] [0mDracula flaps : [SteakChat{I like my steak bloody}]: well at least it wasn't[0m
[19:28] [0m                leonardo di caprio.[0m
[19:50] [0m[34;1mPanverus shouts:[0m swerve[0m
[19:50] [0m[34;1mBrazzin shouts:[0m woo[0m
[19:50] [0mVolt flaps : dam near kilt im[0m
[19:50] [0m[34;1mSquirrel shouts:[0m going so fast that you drive in slow motion[0m
[19:51] [0m[Clan] Ser : no[0m
[19:51] [0m[Clan] Nix : sleep when your dead! that's the attitude get that money![0m
[19:51] [0m[Clan] Nix : i mean gl[0m
[19:57] [0mnewb Squirrel [mage/132]: ok that has to be a troll[0m
[19:59] [0mAl flaps : RIBEYES FTW[0m
[19:59] [0mAl flaps : [Dare to be Rare!] : RIBEYES FTW[0m
[19:59] [0mBrazzin flaps : Nom Nom Nom[0m
[20:05] [0m<BS> Xiu : side benefit of spirit2 cloak is that when you're tired and[0m
[20:05] [0m           distracted it gives you a ballpark idea of how long your[0m
[20:05] [0m           character has been sitting out of combat.[0m
[20:16] [0mOmni flaps : zombie reset 1min[0m
[20:18] [0mOmni flaps : last call[0m
[20:18] [0m[Clan] Ser : 10.47 hrs[0m
[20:18] [0mOmni flaps : 321[0m
[20:19] [0mOmni flaps : reset[0m
[20:23] [0m[Clan] Ser : i'm so excited to report the beginning of next glevel[0m
[20:24] [0m[Clan] Michael : WOO![0m
[20:24] [0m[Clan] Oscar : woo[0m
[20:30] [0m[Clan] Ser : no not yet[0m
[20:30] [0m[Clan] Ser : i just mean when i get it i'll be excited to say 12893172893[0m
[20:30] [0m             hours or whatever[0m
[20:38] [0m[Clan] Ser : oh it's only going to be 1074 that's not too crazy[0m
[20:42] [0m[Clan] Ser : 99->100 will be 2670 hours which i think is a little steep[0m
[20:44] [0m[Clan] Nix : psh 15 weeks that's cake[0m
[20:44] [0m[Clan] Oscar : nix knocks that out in day[0m
[20:44] [0m[Clan] Oscar : light weight[0m
[21:03] [0m[Clan] Nix : oh hot damn[0m
[21:03] [0m[Clan] Nix : 2 world drops 1 mob[0m
[21:03] [0m[Clan] Oscar : whatd you get[0m
[21:03] [0m[Clan] Nix : redoubt and frosted main[0m
[21:04] [0m[Clan] Oscar : auction that main[0m
[21:04] [0m[Clan] Oscar : should get likek 500k[0m
[21:06] [0m[34;1mFrank shouts:[0m wakey wakey hands off snakey[0m
[21:06] [0m[34;1mSer shouts:[0m no[0m
[21:06] [0m[34;1mAl shouts:[0m hands on snakey is my favorite game though[0m
[21:07] [0m[34;1mSquirrel shouts:[0m spear and magic helmet. smite smite smite[0m
[21:12] [0m[34;1mZik shouts:[0m getting the brain out was the easy part, getting it back out was[0m
[21:12] [0m            the hard part![0m
[21:31] [0mDracula flaps : [SteakChat{I like my steak bloody}]: my dog is snoring[0m
[21:31] [0m                again. it's making me sleepy lol[0m
[21:32] [0mSquirrel flaps : general sao's dog chow?[0m
[21:32] [0mDracula flaps : [SteakChat{I like my steak bloody}]: heh[0m
[21:34] [0mDracula flaps : [SteakChat{I like my steak bloody}]: 7 month old pitbull[0m
[21:34] [0m                puppy. he snores loudly tho.[0m
[21:49] [0mEli flaps : all I did was suggest that they practice some social distancing[0m
[21:51] [0mWhoknows flaps : mobs for ya[0m
[22:12] [0mDracula flaps : [SteakChat{I like my steak bloody}]: hrm.. what guild has a[0m
[22:12] [0m                raven form and a kitten follower?[0m
[22:14] [0mZik flaps : [not red AND not burnt is not a myth]: wet market guild?[0m
[22:14] [0mSquirrel flaps : necros have wetmarkets[0m
[22:17] [0mOscar flaps : I love that spotify premium has "announcements" not[0m
[22:17] [0m              advertisements[0m
[22:17] [0mOscar flaps : Pat that marketing lawyer on the back[0m
[22:17] [0mZik flaps : ad* free**[0m
[22:18] [0mDracula flaps : [SteakChat{I like my steak bloody}]: that way they can say,[0m
[22:18] [0m                we don't got advertisements on premium![0m
[22:18] [0mOscar flaps : Made* with 100%** "beef"***[0m
[22:18] [0mDracula flaps : [SteakChat{I like my steak bloody}]: i'd say, i want my[0m
[22:18] [0m                money back, liar[0m
[22:19] [0mOscar flaps : I'm pretty sure it's because when they jammed that drake album[0m
[22:19] [0m              down everyones throat they had to give a lot of money back[0m
[22:20] [0mZik flaps : [SmeatChat{not red AND not burnt is NOT a myth}]: taco bells[0m
[22:20] [0m            mistake was saying it was beef[0m
[22:20] [0mOmni flaps : call it "taco meat" and be done with it! :)[0m
[22:20] [0mOscar flaps : Answering the questions nobody was askin[0m
[22:37] [0m[34;1mModrack shouts:[0m boo![0m
[22:37] [0m[34;1mTeven shouts:[0m mages clearly need a dgrade[0m
[22:37] [0m[34;1mCalisp shouts:[0m that must be a bug.  rynn doesn't xp[0m
[22:38] [0m[34;1mElindal shouts:[0m i think mages now accumulate flapxp like restedxp.[0m
[22:38] [0m[34;1mKoschei shouts:[0m he probably killed one mob and had 100x RLI bonus[0m
[22:38] [0m[34;1mRynn shouts:[0m Quiet you[0m
[22:51] [0m[Clan] Nix :  ::: Roadkill has become level 39![0m
[22:51] [0m[Clan] Nix : bow down to your new leader![0m
[23:00] [0mCrolack flaps : Bruce Lee's vegan brother is named Broco Lee.[0m
[23:00] [0mBrazzin flaps : hehe[0m
[23:33] [0m<- ! The Vigilant ! -> :  A destabilization Kayos event has been detected in[0m
[23:33] [0m                          Deserts of Fantasy!  We are localizing it now -[0m
[23:33] [0m                          get ready![0m
[23:54] [0m[Clan] Nix : ser, status update!?![0m
[23:55] [0m[34;1mAgni shouts:[0m Xaxis 3s, 2w/ poison[0m
