- = LOG STARTED [00:00] = -
[01:24] [0m[33;1m[Clan] Roken wisps into existence.[0m  [0m
[01:31] [0m[33;1m[Clan] Slacker enters the game.[0m  [0m
[01:32] [0m[33;1m[Clan] Roken :[0m truly slacking! laf, 5 hours late[0m
[01:33] [0m[32;1mYou say: My Dad always said why buy the cow when you can get the milk[0m
[01:33] [0m[32;1mYou say: Simmons, I want you to poison Griff's next meal.[0m[0m
[01:33] [0m[32;1mYou say: Simmons, get the Warthog.[0m[0m
[01:33] [0m[32;1mYou say: Simmons, I want you to poison Griff's next meal.[0m[0m
[01:35] [0m[37;1m[JEDI]:[0m Wennic Ber'ni'lok arrives at the Academy.[0m
[01:46] [0m[32;1mFrom afar, you poke Simonz in the ribs.[0m[0m
[09:04] [0m[Clan] Kent enters the game.  [0m
[09:07] [0m[32;1mFrom afar, Simonz bows before you.[0m[0m
[09:07] [0m[32;1mFrom afar, you bow to Simonz.[0m[0m
[09:08] [0m[32;1mFrom afar, you bow to Michael.[0m[0m
[09:11] [0m[37;1m[JEDI]:[0m Rhaan arrives at the Academy.[0m
[09:12] [0m[32mFrank tells you:[0m sup                                                          [0m
[09:12] [0m[32mYou tell Frank:[0m killin angels[0m
[09:12] [0m[34;1mFrank shouts:[0m nice echoall, good to know everyone is not botting[0m
[09:13] [0m[34;1mMellaous shouts:[0m woot[0m
[09:13] [0m[35;1mMichael [Jedi(37)]:[0m Go Gidius![0m
[09:13] [0m[34;1mLeianne shouts:[0m I know Frank's botcheck is very clear. won't be just a single word sup :P[0m
[09:13] [0m[34;1mFrank shouts:[0m good job responding, respond regardless[0m
[09:15] [0m[35;1mSimonz [Jedi(Knight)]:[0m anyone have a sunset orange square fragment?[0m
[09:15] [0m[32mYou tell Simonz:[0m tbey change tree of life? no drops so far on 2nd round[0m
[09:15] [0m[35;1mWert [Jedi(54)]:[0m fiending![0m
[09:15] [0m[35;1mRequiem [Jedi(85)]:[0m sounds like a cocktail[0m
[09:15] [0m[35;1mSaim [Jedi(Elder)]:[0m how about that 'info colors'[0m
[09:15] [0m[35;1mDspawn [Jedi(32)]:[0m sounds like a cheap ice lolly[0m
[09:16] [0m[35;1mRequiem [Jedi(85)]:[0m that's no way to speak about your mother[0m
[09:16] [0m[35;1mOne [Jedi(33)]:[0m nice[0m
[09:16] [0m[32mSimonz tells you:[0m mine dropped tons yesterday[0m
[09:16] [0m[35;1mMichael [Jedi(37)]:[0m is it just colors or also shapes we gotta look for?[0m
[09:16] [0m[35;1mSaim [Jedi(Elder)]:[0m there are always the same 5 shapes[0m
[09:16] [0m[35;1mSimonz [Jedi(Knight)]:[0m 5 shapes for each color[0m
[09:16] [0m[35;1mSimonz [Jedi(Knight)]:[0m no, shapes are different now too[0m
[09:16] [0m[35;1mSaim [Jedi(Elder)]:[0m round, crushed, square, broken, and ummm[0m
[09:17] [0m[35;1mDspawn [Jedi(32)]:[0m dildo shaped[0m
[09:17] [0m[35;1mSaim [Jedi(Elder)]:[0m so he did change the shapes too?[0m
[09:17] [0m[35;1mSimonz [Jedi(Knight)]:[0m chipped[0m
[09:17] [0m[34;1mSky shouts:[0m i was idle. thus not botting[0m
[09:17] [0m[35;1mSimonz [Jedi(Knight)]:[0m nod, square/round/flat/trigangular/hexagonal[0m
[09:17] [0m[35;1mMichael [Jedi(37)]:[0m are the chips just cosmetic or is there something with that too?[0m
[09:17] [0m[35;1mMichael [Jedi(37)]:[0m er shapes[0m
[09:17] [0m[35;1mSaim [Jedi(Elder)]:[0m whatever, its always 5 different shapes[0m
[09:17] [0m[35;1mSimonz [Jedi(Knight)]:[0m cosmetic, just have to have 5 different shapes[0m
[09:17] [0m[35;1mSaim [Jedi(Elder)]:[0m you need 5 different shapes, and there are only 5 different shapes per boot[0m
[09:18] [0m[35;1mSaim [Jedi(Elder)]:[0m now they might just be adalius shaped[0m
[09:18] [0mYour transmuter's stone bursts with 5 new colours![0m
[09:18] [0m[35;1mSaim [Jedi(Elder)]:[0m the colors also change per boot now[0m
[09:18] [0m[35;1mSaim [Jedi(Elder)]:[0m all of this might end up on info new, or it might not so pay attention ;)[0m
[09:18] [0m[35;1mSimonz [Jedi(Knight)]:[0m lol[0m
[09:19] [0m[35;1mWert [Jedi(54)]:[0m logical[0m
[09:19] [0m[35;1mSaim [Jedi(Elder)]:[0m info stats[0m
[09:19] [0m[34;1mKitt shouts:[0m Botz shall Idlez when idle Botz[0m
[09:19] [0mTuba <Craft>: okay l[0m
[09:19] [0m[35;1mMichael [Jedi(37)]:[0m oh wow... so its more rare now[0m
[09:19] [0m[35;1mDspawn [Jedi(32)]:[0m laf[0m
[09:19] [0m[35;1mMichael [Jedi(37)]:[0m def need to pay attention[0m
[09:19] [0m[35;1mWert [Jedi(54)]:[0m do the ones i started prior still not need new ones to finish?[0m
[09:20] [0m[35;1mSaim [Jedi(Elder)]:[0m wert i dont know about that[0m
[09:20] [0m[35;1mSaim [Jedi(Elder)]:[0m let us know[0m
[09:20] [0m[35;1mSaim [Jedi(Elder)]:[0m should be easy to test[0m
[09:20] [0m[35;1mMichael [Jedi(37)]:[0m that is a good call... do you need to save all 20 and hit it at once because[0m
[09:20] [0m                    of fragment hunt or not...[0m
[09:20] [0m[35;1mWert [Jedi(54)]:[0m glvl needed[0m
[09:20] [0m[35;1mWert [Jedi(54)]:[0m i mean we all store the fragments like before i dont think it will be a problem[0m
[09:21] [0m[35;1mSaim [Jedi(Elder)]:[0m we will have to test, unless adal lets us know[0m
[09:21] [0m[35;1mSaim [Jedi(Elder)]:[0m the fragment box also works differently now[0m
[09:21] [0m[35;1mSimonz [Jedi(Knight)]:[0m [17:26] Adalius [Jedi(WGM)]: Also, just FYI, colors and the skill they[0m
[09:21] [0m                       correspond to are not set in stone, they may on occasion change, hence[0m
[09:21] [0m                       the info file.[0m
[09:21] [0m[35;1mSimonz [Jedi(Knight)]:[0m so it may not change per boot, but still changes may happen[0m
[09:22] [0m[32mSimonz tells you:[0m second angel dropping greaves for me[0m
[09:22] [0m[32mYou tell Simonz:[0m so far only dropped what i dont have[0m
[09:23] [0mTuba <Craft>: 2-handed chaostone requires 18 shards, 2 hearts of knowledge, 4 tears, 3 major[0m
[09:23] [0m              gems, and 5 chaostone bars, for all that, is it any good/worth crafting?[0m
[09:23] [0mTuba <Craft>: 2-handed chaostone sword[0m
[09:24] [0mAcheaus <Craft>: good stats...[0m
[09:24] [0mWilhelm <Craft>: Yes it's good, but unless there's something specific you do with the gems that[0m
[09:24] [0m                 can't be achieved otherwise it's arguably not worth crafting.[0m
[09:24] [0mTerran <Craft>: 3 major wis gems would be a ton of stats[0m
[09:24] [0mTuba <Craft>: true that[0m
[09:24] [0mSimonz <Craft>: +54 if they're all legendary[0m
[09:24] [0mMichael <Craft>: And its a short boot this time[0m
[09:24] [0mAcheaus <Craft>: not worth it if WC means a lot to your gobj[0m
[09:25] [0mTerran <Craft>: but completely worth it if it doesnt, and you don't use shields lol[0m
[09:25] [0mTuba <Craft>: good point[0m
[09:25] [0mSimonz <Craft>: + you can gemchant it too[0m
[09:25] [0mWilhelm <Craft>: I'm assuming that a fair few of your stats are already at max so I question how[0m
[09:25] [0m                 much of a 'boost' you'll get from stats in a sword.[0m
[09:25] [0mTerran <Craft>: lol stat boost is alwaays good[0m
[09:25] [0mWilhelm <Craft>: Like, for me?  It would be totally sick.  For you?  just pretty good.  And just[0m
[09:25] [0m                 pretty good doesn't warrant those resources.[0m
[09:26] [0mSimonz <Craft>: again, depends on the gobj.  jedi still benefit beyond max, not sure about[0m
[09:26] [0m                necros[0m
[09:26] [0mTerran <Craft>: still...that is an expensive sword heh[0m
[09:27] [0mTerran <Craft>: maybe with a lime wedge[0m
[09:27] [0mSimonz <Craft>: definitely.  I could make most of a chaostone set for the cost of that one sword[0m
[09:27] [0mTerran <Craft>: can you do that to crafted weaps?[0m
[09:27] [0mTuba <Craft>: all good points[0m
[09:28] [0mWilhelm <Craft>: Some crafted weapons register as "enchanted" and can't be gemchanted (obsidian[0m
[09:28] [0m                 for example).  Not sure about chaostone.  Can't craft that high.[0m
[09:28] [0mWilhelm <Craft>: Nethernium isn't (enchanted) so you can still tool it up.[0m
[09:33] [0m[32mSimonz tells you:[0m what are you missing?[0m
[09:33] [0m[32mYou tell Simonz:[0m breastplate[0m
[09:38] [0m[32mCorath tells you:[0m Sorry but Rejuvenate is not a valid rune.                [0m
[09:41] [0m[32mCorath tells you:[0m Sorry but Power has already been inscribed on this item. [0m
[09:49] [0mKent flaps : cyborg for modification?[0m
[09:53] [0m[32mYou tell Simonz:[0m can do cyborg modify to use pb but +10 con is nice[0m
[09:53] [0m[32;1mFrom afar, Simonz nods to you.[0m[0m
[09:53] [0m[32mSimonz tells you:[0m didn't drop on my run through[0m
[09:55] [0m[32mKerym says: [0mWell met, Swordbrother Kent, May the Seldarine's Blessings be upon you.[0m
[09:58] [0m[32mYou tell Simonz:[0m 130 zel doable without ac?[0m
[09:58] [0m[32mSimonz tells you:[0m about to do 136 with embiggen, some ac[0m
[10:00] [0m[32mYou tell Simonz:[0m fuggit got some ac[0m
[10:02] [0m[32mYou think to Simonz . o O ([0m [36;1m treadmill lol [0m [32m)[0m[0m
[10:03] [0m[32mSimonz tells you:[0m ?[0m
[10:03] [0m[32mYou think to Simonz . o O ([0m [36;1m treadwell repair lol [0m [32m)[0m[0m
[10:03] [0m[32mSimonz tells you:[0m ah[0m
[10:13] [0m[37;1m[JEDI]:[0m Tobias Kel'ach'nar arrives at the Academy.[0m
[10:18] [0m[35;1mMichael [Jedi(37)]:[0m I got super lucky. Right when I went to bed lats night repair droids were in[0m
[10:20] [0m[35;1mMellaous [Jedi(75)]:[0m sups[0m
[10:20] [0m[35;1mGidius [Jedi(28)]:[0m sup[0m
[10:20] [0m[35;1mSimonz [Jedi(Knight)]:[0m not my damage ;)[0m
[10:23] [0m[35;1mBurnaby [Jedi(71)]:[0m didn't donate fragment used to work?[0m
[10:23] [0m[35;1mAl [Jedi(35)]:[0m i thought so, but now its store or something[0m
[10:24] [0m[35;1mBurnaby [Jedi(71)]:[0m no note in info new. shoddy programming. bah[0m
[10:24] [0m[35;1mGidius [Jedi(28)]:[0m nods store and retrieve, the type was renamed too. no more chipped, etc. but[0m
[10:24] [0m                   still need 5 of the same color and type[0m
[10:24] [0m[35;1mSaim [Jedi(Elder)]:[0m info colors[0m
[10:25] [0m[35;1mBurnaby [Jedi(71)]:[0m seems like a change worthy of info new, doncha think?[0m
[10:25] [0m[35;1mRequiem [Jedi(85)]:[0m not really[0m
[10:25] [0m[35;1mBurnaby [Jedi(71)]:[0m get out[0m
[10:25] [0m[35;1mRequiem [Jedi(85)]:[0m also the new syntax is far less spammy[0m
[10:25] [0m[35;1mRequiem [Jedi(85)]:[0m you can store all tidily[0m
[10:25] [0m[35;1mSaim [Jedi(Elder)]:[0m this is the first boot its in, maybe wanna check to make sure its all[0m
[10:25] [0m                    working properly first[0m
[10:26] [0m[35;1mSaim [Jedi(Elder)]:[0m gbug if you find anything wonky[0m
[10:26] [0m[35;1mBurnaby [Jedi(71)]:[0m You shove all your fragments into the box.[0m
[10:26] [0m[32mYou think to Simonz . o O ([0m [36;1m need this zelheadband for Kent..[0m
[10:26] [0;1;36m           rally later on? [0m [32m)[0m[0m
[10:26] [0m[35;1mSaim [Jedi(Elder)]:[0m buy it dinner first?[0m
[10:26] [0m[35;1mBurnaby [Jedi(71)]:[0m The box doesn't seem to notice.[0m
[10:27] [0m[35;1mRequiem [Jedi(85)]:[0m ouch[0m
[10:29] [0m[35;1mBurnaby [Jedi(71)]:[0m what do you think would level first? L2 HI droid at 2.37% or an L2 Military[0m
[10:29] [0m                    droid at 3.24% ?[0m
[10:29] [0m[35;1mBurnaby [Jedi(71)]:[0m thats rank 2 37% to 3[0m
[10:29] [0m[35;1mBurnaby [Jedi(71)]:[0m and rank 3 24% to 4[0m
[10:30] [0m[35;1mInquisitor [Jedi(Knight)]:[0m I have no idea.  I still only have robotics at 1 so I'm rockin' ye[0m
[10:30] [0m                           olde protocol droid.[0m
[10:30] [0m[35;1mBurnaby [Jedi(71)]:[0m protocol and business are nice. just follow and carry and they level[0m
[10:30] [0m[35;1mSaim [Jedi(Elder)]:[0m im not sure, but it seems like as the droids grow in mastery they lvl a[0m
[10:30] [0m                    little bit faster...again not sure just speculation from what i see[0m
[10:32] [0m[35;1mInquisitor [Jedi(Knight)]:[0m Protocol went up to level 2 so it actually holds a fair amount of[0m
[10:32] [0m                           stuff but its rate of advancement is slower now.  If I can get my[0m
[10:32] [0m                           hands on a municipal or security droid I'll probably swap 'em out[0m
[10:35] [0m[35;1mMellaous [Jedi(75)]:[0m does Int stat do anything now days?[0m
[10:44] [0mnewb Barium [android/9]: sorry if this is a daft question, but is there a good place to find[0m
[10:44] [0m                         somebody to train adventuring skills?[0m
[10:44] [0mnewb Blutash [necromancer/98]: Check the 3k wiki[0m
[10:44] [0mnewb Zanadu [gentech/134]: ask flaxen, he's super helpful[0m
[10:44] [0mnewb Ion [bladesinger/60]: http://wiki.maybeits.us/index.php/An_Open_3k_Wiki[0m
[10:45] [0mnewb Barium [android/9]: thank you[0m
[10:45] [0m[35;1mInquisitor [Jedi(Knight)]:[0m Not in any way that can be quantified simply, but judging from the[0m
[10:45] [0m                           last chat I had with Adalius on the subject of stats, yes it does[0m
[10:45] [0m                           something.[0m
[10:46] [0mnewb Gilneas [mage/40]: lol. flaxen? Helpful? that's like saying TH has a personality. :P[0m
[10:46] [0mnewb Invincible [gentech/130]: lol which skill?[0m
[10:46] [0m[35;1mInquisitor [Jedi(Knight)]:[0m And that's not me trying to be intentionally vague, that's me not[0m
[10:46] [0m                           having a definitive answer on what it does.[0m
[10:46] [0mYour transmuter's stone bursts with 6 new colours![0m
[10:47] [0mnewb Barium [android/9]: I was just looking to advance fleecing[0m
[10:48] [0mnewb Invincible [gentech/130]: flexing is thrinkin in eastern fantasy[0m
[10:48] [0mnewb Crankshaft [cyborg/73]: flexing :)[0m
[10:48] [0mnewb Invincible [gentech/130]: http://3kwiki.com/wiki/index.php/Skill_Trainers[0m
[10:49] [0mnewb Invincible [gentech/130]: *flex*[0m
[10:49] [0mnewb Barium [android/9]: thank you[0m
[10:51] [0m[37;1m[JEDI]:[0m Reena Bel Noir arrives at the Academy.[0m
[10:52] [0m[35;1mMellaous [Jedi(75)]:[0m thanks inquisitor, it is my second lowest stat to cha and I have some[0m
[10:52] [0m                     points so was curious[0m
[10:55] [0m[35;1mInquisitor [Jedi(Knight)]:[0m I got the impression during the aforementioned stat chat that all[0m
[10:55] [0m                           stats do something, and while some may be more useful than others[0m
[10:55] [0m                           they're all meant to be of value so that not all Jedi are[0m
[10:55] [0m                           cookie-cutter min-max copies of one another.[0m
[10:56] [0m[35;1mInquisitor [Jedi(Knight)]:[0m It also suggested that the degree to which a stat impacts a given[0m
[10:56] [0m                           aspect varies by skill level and stat level so...  flexible[0m
[10:56] [0m                           interactions and whatnot.[0m
[10:59] [0m[33;1m[Clan] Martyr :[0m laf dub, what room are you in[0m
[10:59] [0m[33;1m[Clan] Nix materializes into existence.[0m  [0m
[10:59] [0m[33;1m[Clan] Saim :[0m prob his house if it was something wonky[0m
[10:59] [0m[33;1m[Clan] Saim :[0m i used to love coding rooms in my house, just for that[0m
[11:00] [0m[33;1m[Clan] Byron :[0m Archi, do you have axe?[0m
[11:01] [0m[33;1m[Clan] Byron :[0m anyone have a shard?[0m
[11:07] [0m[35;1mInquisitor [Jedi(Knight)]:[0m Heh, blasters don't give off light like a saber.  I gotta find a[0m
[11:07] [0m                           flashlight.[0m
[11:07] [0m[35;1mInquisitor [Jedi(Knight)]:[0m Under normal circumstances I'd just use a flashlight but that's[0m
[11:07] [0m                           mundane.  I'm gonna go charge up the eye of twilight.  :P[0m
[11:08] [0m[35;1mSimonz [Jedi(Knight)]:[0m carina's observatory sells moon rocks, light source you can put in a back[0m
[11:08] [0m                       and smuggle and it still works[0m
[11:09] [0m[35;1mInquisitor [Jedi(Knight)]:[0m Ooooh.  Now that's pretty BS.[0m
[11:09] [0m[35;1mSaim [Jedi(Elder)]:[0m the packs shrunk this boot[0m
[11:10] [0m[35;1mMellaous [Jedi(75)]:[0m Dub![0m
[11:10] [0m[35;1mSaim [Jedi(Elder)]:[0m when people use BS and light in the same sentence its tough because - what[0m
[11:10] [0m                    other game that reboots requires you to find a lightsource before you can[0m
[11:10] [0m                    play in 2020[0m
[11:10] [0m[35;1mDub [Jedi(52)]:[0m sup?[0m
[11:10] [0m[35;1mSimonz [Jedi(Knight)]:[0m what packs shrunk?  our backpacks?[0m
[11:10] [0m[35;1mDub [Jedi(52)]:[0m you, are, likely, to, be, eaten, by, a, grue[0m
[11:10] [0m[35;1mInquisitor [Jedi(Knight)]:[0m 7 days to die...  well, it doesn't really "reboot" as such[0m
[11:11] [0m[35;1mSaim [Jedi(Elder)]:[0m right, id be fine getting a light source once[0m
[11:11] [0m[35;1mSaim [Jedi(Elder)]:[0m just seems a silly old relic[0m
[11:11] [0m[35;1mSaim [Jedi(Elder)]:[0m more for annoyance than anything else, because there are so many ways around[0m
[11:11] [0m                    it[0m
[11:11] [0m[35;1mInquisitor [Jedi(Knight)]:[0m I kinda like the non-light-source light source in the BioTech helmet.[0m
[11:12] [0m[35;1mInquisitor [Jedi(Knight)]:[0m Doesn't actually impact the light level but you can see.  :)[0m
[11:12] [0m[35;1mMellaous [Jedi(75)]:[0m well moon rocks are +1 per rock.. and you can smuggle them and still get[0m
[11:12] [0m                     light[0m
[11:12] [0m[35;1mSaim [Jedi(Elder)]:[0m should just be an mskill or something[0m
[11:12] [0m[35;1mMellaous [Jedi(75)]:[0m so they do not take up inventory[0m
[11:12] [0m[35;1mDub [Jedi(52)]:[0m fire elementals jar that opens up the conglom, also +1 light btw.[0m
[11:12] [0m[35;1mDub [Jedi(52)]:[0m I have a macro long for ant caves chip too[0m
[11:12] [0m[35;1mDub [Jedi(52)]:[0m but always just get either pol torch, or a few fire jars[0m
[11:13] [0m[33;1m[Clan] Dub :[0m or the twilight eye because like +20 light once you fill it in[0m
[11:13] [0m[33;1m[Clan] Dub :[0m wl[0m
[11:13] [0m[35;1mDub [Jedi(52)]:[0m or the twilight eye because like +20 light once you fill it in[0m
[11:14] [0m[35;1mInquisitor [Jedi(Knight)]:[0m Ooh, 482k golem.  That was a big one.[0m
[11:15] [0m[35;1mAl [Jedi(35)]:[0m protocol ftl[0m
[11:15] [0m[35;1mInquisitor [Jedi(Knight)]:[0m My damage is weaksauce so at 482k, that was a nice fight.[0m
[11:15] [0m[35;1mMellaous [Jedi(75)]:[0m hehe[0m
[11:15] [0m[33;1m[Clan] Byron :[0m hit limiter[0m
[11:15] [0m[33;1m[Clan] Byron :[0m bah[0m
[11:16] [0m[33;1m[Clan] Dub :[0m doh[0m
[11:16] [0m[33;1m[Clan] Byron :[0m can handle 3[0m
[11:16] [0m[33;1m[Clan] Byron :[0m 4 breaks it i guess[0m
[11:17] [0m[35;1mInquisitor [Jedi(Knight)]:[0m I did this damage thing to myself so I'm not like, mad about it. [0m
[11:17] [0m                           It's just kinda funny how it changed what constitutes a good gxp mob.[0m
[11:17] [0m                           :)[0m
[11:17] [0m[35;1mSimonz [Jedi(Knight)]:[0m yup, heh[0m
[11:18] [0m[35;1mMichael [Jedi(37)]:[0m What did you do to your damage dude? heh[0m
[11:18] [0m[35;1mInquisitor [Jedi(Knight)]:[0m When I switched to Teepo.[0m
[11:18] [0m[35;1mDub [Jedi(52)]:[0m gotta retrain that blaster mastery[0m
[11:18] [0m[35;1mInquisitor [Jedi(Knight)]:[0m I don't automatically start out with 9 blaster mastery and 8 aimed[0m
[11:18] [0m                           shot.[0m
[11:19] [0m[35;1mInquisitor [Jedi(Knight)]:[0m So I'm retraining it now.[0m
[11:19] [0m[35;1mMichael [Jedi(37)]:[0m That's one thing Shimura don't worry about. No mastery[0m
[11:20] [0m[35;1mSaim [Jedi(Elder)]:[0m they have plenty else to worry about yea[0m
[11:20] [0m[35;1mSaim [Jedi(Elder)]:[0m hope to be an update on the not-so-popular trads sooner than later ;)[0m
[11:20] [0m[37;1m[JEDI]:[0m Talia Ska arrives at the Academy.[0m
[11:20] [0m[35;1mMichael [Jedi(37)]:[0m ahh, which ones are not so popular?[0m
[11:21] [0m[35;1mSaim [Jedi(Elder)]:[0m baadu,shimura,dath,krath[0m
[11:21] [0m[35;1mDub [Jedi(52)]:[0m never seen a krath, hardly any dath anymore, jens seem to have gone pretty quiet[0m
[11:21] [0m                but just cause not being able to twink gears[0m
[11:22] [0m[35;1mSimonz [Jedi(Knight)]:[0m requiem is krath[0m
[11:22] [0m[35;1mDub [Jedi(52)]:[0m interesting[0m
[11:22] [0m[35;1mSaim [Jedi(Elder)]:[0m jens got tweaked ;)[0m
[11:23] [0m[35;1mDub [Jedi(52)]:[0m good lord that force cost[0m
[11:23] [0m[35;1mMichael [Jedi(37)]:[0m Be fun to see Shimura tweaks later on. I've always thought that maybe a HC[0m
[11:23] [0m                    alt should go there[0m
[11:23] [0m[35;1mDub [Jedi(52)]:[0m krath unique power[0m
[11:30] [0m[35;1mGidius [Jedi(28)]:[0m eek force was 102% I really need to look at that now[0m
[11:30] [0mZelligar says: Who are you?  You don't seem to be much of a threat.        [0m
[11:30] [0mZelligar says: They are coming for me! I know it!                          [0m
[11:31] [0m[35;1mMichael [Jedi(37)]:[0m A lot of force in those chops and kicks[0m
[11:31] [0m[35;1mGidius [Jedi(28)]:[0m yes yes indeed[0m
[11:31] [0m[32;1mFrom afar, you think Zanadu is freaking BS.[0m[0m
[11:31] [0m[34;1mFluffy shouts:[0m zanadude![0m
[11:31] [0m[34;1mInvincible shouts:[0m woot![0m
[11:32] [0m[34;1mDrax shouts:[0m Woo![0m
[11:32] [0m[32mYou think to Simonz . o O ([0m [36;1m rally kent? [0m [32m)[0m[0m
[11:32] [0m[32mYou think to Simonz . o O ([0m [36;1m soonish.. zell is 60~% [0m [32m)[0m[0m
[11:33] [0m[34;1mZanadu shouts:[0m thanks all[0m
[11:34] [0m[35;1mGidius [Jedi(28)]:[0m new bk:p go shimura![0m
[11:34] [0m[35;1mGidius [Jedi(28)]:[0m had to bounce, a lot, though[0m
[11:34] [0m[35;1mMichael [Jedi(37)]:[0m wow that's awesome. Didn't even need fdef for it[0m
[11:35] [0m[35;1mSimonz [Jedi(Knight)]:[0m wow...[0m
[11:36] [0m[35;1mMichael [Jedi(37)]:[0m Ki burst is the real deal[0m
[11:38] [0m[35;1mDub [Jedi(52)]:[0m nacho cheese is fire/acid?[0m
[11:39] [0m[32mYou think to Simonz . o O ([0m [36;1m ah nvm i gotta clear the way pfft [0m [32m)[0m[0m
[11:40] [0m[32mYou think to Simonz . o O ([0m [36;1m wish I can just telekinetically pull[0m
[11:40] [0;1;36m           it out [0m [32m)[0m[0m
[11:40] [0m[32;1mFrom afar, Simonz grins at you.[0m[0m
[11:42] [0m[32mSimonz tells you:[0m hmm, not sure how it'll work if I'm also saved to zell?[0m
[11:43] [0m[32mSimonz tells you:[0m have to make sure I drop off the banner before kent goes in[0m
[11:43] [0m[32;1mFrom afar, you nod to Simonz.[0m[0m
[11:44] [0m[35;1mSimonz [Jedi(Knight)]:[0m oops[0m
[11:44] [0m[35;1mSaim [Jedi(Elder)]:[0m sploded[0m
[11:44] [0m[35;1mMellaous [Jedi(75)]:[0m hmm does this sound right.. I have deflect 16, but I have -343%.  Based on[0m
[11:44] [0m                     what I did in Dxp.. it will take me 286 days to get out of the negative[0m
[11:44] [0m[35;1mMellaous [Jedi(75)]:[0m blah happned while typing[0m
[11:44] [0m[35;1mInquisitor [Jedi(Knight)]:[0m Yeah[0m
[11:44] [0m[35;1mSimonz [Jedi(Knight)]:[0m sounds about right[0m
[11:47] [0mYour transmuter's stone bursts with 6 new colours![0m
[11:47] [0m[35;1mMellaous [Jedi(75)]:[0m and with the changes to deflect gxp.. the - puts me at actually having 12[0m
[11:47] [0m                     deflect?[0m
[11:47] [0m[35;1mMellaous [Jedi(75)]:[0m just making sure I was reading all that correctly[0m
[11:47] [0m[35;1mSimonz [Jedi(Knight)]:[0m probably less[0m
[11:47] [0m[35;1mSimonz [Jedi(Knight)]:[0m more like 9 or 10[0m
[11:48] [0m[32mYou think to Simonz . o O ([0m [36;1m should i bother a clanmate? [0m [32m)[0m[0m
[11:48] [0m[32mSimonz tells you:[0m I'm available whenever[0m
[11:48] [0m[32;1mFrom afar, you thank Simonz.[0m[0m
[11:49] [0m[32mSimonz tells you:[0m but if you want to avoid any issues with which dungeon it links kent to, go[0m
[11:49] [0m        for it[0m
[11:49] [0m[35;1mInquisitor [Jedi(Knight)]:[0m Oooh.  Combat operations augmentation band.[0m
[11:49] [0m[33;1m[Clan] Roken :[0m would simonz tie to his own dungeon mess with rallying my alt? if he loses the[0m
[11:49] [0m               banner before I go in, work?[0m
[11:50] [0m[37;1m[JEDI]:[0m Bithoff Jonansaan arrives at the Academy.[0m
[11:50] [0m[35;1mSimonz [Jedi(Knight)]:[0m quick, everyone check to see if you have a orange sunset fragment[0m
[11:51] [0m[35;1mAdalius [Jedi(WGM)]:[0m You mean a sunset orange? :D[0m
[11:51] [0m[35;1mSimonz [Jedi(Knight)]:[0m need a square one[0m
[11:51] [0m[35;1mSimonz [Jedi(Knight)]:[0m yeah, that one, heh[0m
[11:51] [0m[35;1mAl [Jedi(35)]:[0m sorry homey[0m
[11:51] [0m[35;1mAdalius [Jedi(WGM)]:[0m I do, but you cant have it.[0m
[11:51] [0m[35;1mAl [Jedi(35)]:[0m i got a brown round though[0m
[11:51] [0m[35;1mAl [Jedi(35)]:[0m i call it my charles barkley fragment[0m
[11:51] [0m[35;1mAdalius [Jedi(WGM)]:[0m I have all the holocron fragments set into a ring like the infinity[0m
[11:51] [0m                     gauntlet[0m
[11:51] [0m[35;1mSimonz [Jedi(Knight)]:[0m hahah[0m
[11:51] [0m[35;1mAdalius [Jedi(WGM)]:[0m er a glove even[0m
[11:52] [0m[32mSimonz tells you:[0m check and see if you have a sunset orange square fragment?[0m
[11:52] [0m[35;1mSaim [Jedi(Elder)]:[0m you know they really never did justice to The Mandarin yet[0m
[11:52] [0m[35;1mSaim [Jedi(Elder)]:[0m maybe its 10 rings[0m
[11:55] [0m[32mYou think to Simonz . o O ([0m [36;1m sunset orange triangular [0m [32m)[0m[0m
[11:55] [0m[32mSimonz tells you:[0m already got that one, dang.  only need square[0m
[11:58] [0m[34;1mKitt shouts:[0m Clean up in isle 10[0m
[11:58] [0m[35;1mAl [Jedi(35)]:[0m adalius is a member of the 10 rings.  one ring has all the holocron frags.  what[0m
[11:58] [0m               do the other rings contain[0m
[11:58] [0m[34;1mKitt shouts:[0m Omni dropped a big deuce duece[0m
[11:58] [0m[35;1mSaim [Jedi(Elder)]:[0m fin fang foom![0m
[11:58] [0mVoodoo flaps : die foo![0m
[11:58] [0mVoodoo flaps : play cult[0m
[11:59] [0mTuba flaps : cult sendfetish all![0m
[12:02] [0m[35;1mGidius [Jedi(28)]:[0m where's a decent breastplate? to go with greaves[0m
[12:04] [0m[35;1mRoken [Jedi(83)]:[0m spirit is great[0m
[12:04] [0m[35;1mInquisitor [Jedi(Knight)]:[0m CyberBitch Plate transmuted to a breastplate.  ;)[0m
[12:04] [0m[35;1mRoken [Jedi(83)]:[0m or pb main modified[0m
[12:04] [0m[35;1mGidius [Jedi(28)]:[0m grin nods[0m
[12:05] [0m[35;1mInquisitor [Jedi(Knight)]:[0m The spirit v2 breastplate has higher e/b than nethernium.  Lower[0m
[12:05] [0m                           overall AC but...  you know.  It's not garbage.[0m
[12:05] [0m[35;1mGidius [Jedi(28)]:[0m thats really good to know[0m
[12:06] [0m[33;1m[Clan] Martyr :[0m at beloch btw[0m
[12:06] [0mTuba <cgame>: cult join![0m
[12:11] [0m[33;1m[Clan] Aka :[0m rallies[0m
[12:15] [0m[35;1mRoken [Jedi(83)]:[0m +10 con makes up for its lack of ac[0m
[12:15] [0m[35;1mWound [Jedi(44)]:[0m sometimes...[0m
[12:15] [0m[37;1m[JEDI]:[0m Herah Wylann arrives at the Academy.[0m
[12:15] [0m[35;1mWound [Jedi(44)]:[0m like 1 hit in my exp scaler.[0m
[12:16] [0m[33;1m[Clan] Shandar enters the game.[0m  [0m
[12:16] [0m[33;1m[Clan] Shandar :[0m hurrah thanks![0m
[12:16] [0m[33;1m[Clan] Archangel :[0m Hola[0m
[12:16] [0m[33;1m[Clan] Wesig :[0m gross[0m
[12:16] [0m[33;1m[Clan] Shandar :[0m sexy robot![0m
[12:17] [0m[33;1m[Clan] Michael :[0m Quite a few droidz now[0m
[12:17] [0m[33;1m[Clan] Shandar :[0m short boot:D[0m
[12:18] [0m[35;1mSimonz [Jedi(Knight)]:[0m bad force sat![0m
[12:18] [0m[34;1mSimonz shouts:[0m This death brought to you by one of The Guilds That Go Boom!  Decorating 3k's[0m
[12:18] [0m               landscape since who knows when.[0m
[12:18] [0m[35;1mMichael [Jedi(37)]:[0m I didn't expect shimura to force sat so much. I expect it of the darkside[0m
[12:18] [0m                    though[0m
[12:19] [0m[35;1mGidius [Jedi(28)]:[0m shimura are light:p[0m
[12:19] [0m[35;1mSimonz [Jedi(Knight)]:[0m force sat is force sat, heh[0m
[12:19] [0m[35;1mGidius [Jedi(28)]:[0m but yeah, thats me not looking at it grin[0m
[12:20] [0m[35;1mMichael [Jedi(37)]:[0m I know they are light. So I don't usually expect them to boom as much hehe[0m
[12:21] [0m[35;1mMichael [Jedi(37)]:[0m I've never boomed. -better knock on wood-[0m
[12:21] [0m[35;1mGidius [Jedi(28)]:[0m its not fun[0m
[12:21] [0m[35;1mWound [Jedi(44)]:[0m just means its more spectacular.[0m
[12:22] [0m[35;1mOne [Jedi(33)]:[0m cybernetic armor is a pretty decent bp, no transmute needed[0m
[12:22] [0m[35;1mGidius [Jedi(28)]:[0m oh right! I forgot about that one![0m
[12:22] [0m[35;1mSimonz [Jedi(Knight)]:[0m AoE[0m
[12:22] [0m[35;1mSimonz [Jedi(Knight)]:[0m chaostone bp[0m
[12:22] [0m[35;1mOne [Jedi(33)]:[0m but other than that and aoe, there wasn't much in the way of bps around until[0m
[12:22] [0m                spirit 2[0m
[12:22] [0m[35;1mOne [Jedi(33)]:[0m and crafting, yeah[0m
[12:22] [0m[33;1m[Clan] Void enters the game.[0m  [0m
[12:25] [0m[37;1mMarlon <.oO>:[0m anyone have auro shield I could dup please?[0m
[12:26] [0m[35;1mGidius [Jedi(28)]:[0m all your almonds are belong to me :)[0m
[12:27] [0mOmni flaps : anyone gotta freeway I can dup?[0m
[12:28] [0m[32mYou think to Simonz . o O ([0m [36;1m ready [0m [32m)[0m[0m
[12:28] [0m[32;1mFrom afar, Simonz nods to you.[0m[0m
[12:28] [0m[33;1m[PARTY][0m Lost our leader![0m
[12:28] [0m[33;1m[PARTY][0m New leader for the party: roken.[0m
[12:28] [0m[33;1m[PARTY][0m Simonz joins the party.[0m
[12:29] [0m[33;1m[PARTY][0m Kent joins the party.[0m
[12:29] [0m[33;1m[PARTY][0m Simonz has quit the party.[0m
[12:29] [0m[Clan] Xaryl : know who has OG auro shield?[0m
[12:30] [0m[Clan] Wesig : im not sure, sorry[0m
[12:30] [0m[Clan] Byron : no clue x[0m
[12:30] [0m[Clan] Byron : Although auro should respawn soon if he hasn't[0m
[12:30] [0m[32;1mFrom afar, you thank Simonz.[0m[0m
[12:30] [0m[32mYou tell Simonz:[0m it worked :)[0m
[12:31] [0m[32mSimonz tells you:[0m cool, glad to know[0m
[12:32] [0m[32mCorath tells you:[0m Syntax is : pinscribe <rune> on <item name>.             [0m
[12:35] [0m[35;1mDspawn [Jedi(32)]:[0m where do i see the exp[0m
[12:35] [0m[35;1mOne [Jedi(33)]:[0m toggle fdef[0m
[12:35] [0m[35;1mSimonz [Jedi(Knight)]:[0m focus check /deflect[0m
[12:35] [0m[35;1mDspawn [Jedi(32)]:[0m oo thanks[0m
[12:35] [0m[35;1mSimonz [Jedi(Knight)]:[0m also, info hpconfigure[0m
[12:36] [0m[35;1mSimonz [Jedi(Knight)]:[0m you can put it on your hpbar[0m
[12:36] [0m[35;1mDspawn [Jedi(32)]:[0m tf is gilgalal ranking[0m
[12:37] [0m[35;1mSimonz [Jedi(Knight)]:[0m thats' what I've been asking, everyone just laughs and says to ask[0m
[12:37] [0m                       gilgalal but he hasn't logged in for a while[0m
[12:37] [0m[35;1mSaim [Jedi(Elder)]:[0m add it to your hp bar and see[0m
[12:37] [0m[35;1mDspawn [Jedi(32)]:[0m oh hah fdef exp is already on my hp bar.. wow[0m
[12:37] [0mVoodoo flaps : play cult! murder Cro Exotic![0m
[12:37] [0m[35;1mDspawn [Jedi(32)]:[0m top special[0m
[12:37] [0mDspawn flaps : die, but not in the boring game, irl[0m
[12:38] [0m[35;1mSimonz [Jedi(Knight)]:[0m An ancient holocron of blaster combat[0m
[12:38] [0m[35;1mAdalius [Jedi(WGM)]:[0m Now we see if it works or not since I uh... didnt test to see if its[0m
[12:38] [0m                     trainable :D[0m
[12:38] [0m[35;1mSimonz [Jedi(Knight)]:[0m lol[0m
[12:38] [0m[35;1mSimonz [Jedi(Knight)]:[0m clone up a bithoff and I'll be happy to test![0m
[12:40] [0m[35;1mSimonz [Jedi(Knight)]:[0m please?  =)[0m
[12:41] [0m[34;1mFluffy shouts:[0m welcome to the 100 club[0m
[12:41] [0m[32;1mFrom afar, you go 'Woo Woo!' at Hawkeyes.[0m[0m
[12:41] [0m[34;1mOmni shouts:[0m gooooo  JOE![0m
[12:41] [0m[34;1mDrax shouts:[0m Woo![0m
[12:41] [0m[35;1mMichael [Jedi(37)]:[0m It's fun to think about Ancient Blaster combat knowledge. It was REALLY back[0m
[12:41] [0m                    before they were lightweapons. It's meditation exorcises like gunslingers[0m
[12:41] [0m                    from Dark Tower. Simonz will be chanting that he doesn't kill with his[0m
[12:41] [0m                    gun... but with his heart etc.[0m
[12:41] [0m[34;1mHawkeyes shouts:[0m thank you everyone[0m
[12:41] [0m[34;1mDspawn shouts:[0m sounds like a budget marvel spin-off[0m
[12:41] [0m[34;1mMandragoran shouts:[0m a real american hero!][0m
[12:42] [0m[37;1m[JEDI]:[0m Janath Meelin arrives at the Academy.[0m
[12:43] [0m[35;1mInquisitor [Jedi(Knight)]:[0m I'd suggest that blaster ancient teachings be Jerry Miculek except[0m
[12:43] [0m                           that Star Wars was long long ago in a galaxy far far away which would[0m
[12:43] [0m                           make my man Jerry futuristic.[0m
[12:43] [0m[35;1mAdalius [Jedi(WGM)]:[0m That dude is 65 and looks 90[0m
[12:44] [0m[35;1mMichael [Jedi(37)]:[0m Bithoff heard Simonz and was like... it's ok you go ahead Janath. I aint[0m
[12:44] [0m                    feeling it[0m
[12:44] [0m[35;1mInquisitor [Jedi(Knight)]:[0m But good gravy that man can shoot.[0m
[12:44] [0m[35;1mInquisitor [Jedi(Knight)]:[0m His daughter is no slouch either.[0m
[12:45] [0m[35;1mAdalius [Jedi(WGM)]:[0m Also interesting, he worked as a millwright for a long time, which is what[0m
[12:45] [0m                     Mell & I do.[0m
[12:48] [0m[33;1m[Clan] Roor enters the game.[0m  [0m
[12:49] [0m[35;1mInquisitor [Jedi(Knight)]:[0m ...  Again?  How many times I gotta kill you Gwillim?  Oh yeah.. [0m
[12:49] [0m                           troll.  never mind[0m
[12:52] [0mYour transmuter's stone bursts with 5 new colours![0m
[12:59] [0m[32mYou tell Simonz:[0m probs won't have rohs this boot :( or late when embiggen resets[0m
[12:59] [0m[33;1m[Clan] Roken :[0m any going for rohs?[0m
[12:59] [0m[33;1m[Clan] Byron :[0m I'll do some in a moment if you want to hit behind martyr[0m
[12:59] [0m[33;1m[Clan] Roken :[0m need a tank[0m
[12:59] [0m[33;1m[Clan] Byron :[0m gxp/grind rings[0m
[12:59] [0m[33;1m[Clan] Roken :[0m k[0m
[12:59] [0m[33;1m[Clan] Byron :[0m Getting a requiem on aurothon first[0m
[13:00] [0m[32mSimonz tells you:[0m i've got 2, but I need more finger pots.  and I didn't tank mine, heh[0m
[13:00] [0m[33;1m[Clan] Xaryl :[0m we are farming a few QoH now[0m
[13:01] [0mXaryl whispers a prayer and points at Queen of Hearts.[0m
[13:01] [0m[33;1m[Clan] Roken :[0m cool need 2 for kent, and have a refresh[0m
[13:02] [0mXaryl whispers a prayer and points at Queen of Hearts.[0m
[13:02] [0m[32mXaryl says:[0m Most powerful Selene... Grant our disciple, Roken the[0m
[13:02] [0m            power of your divine blessing, so we may destroy your[0m
[13:02] [0m            enemies![0m
[13:02] [0m[35;1mGidius [Jedi(28)]:[0m woot![0m
[13:03] [0m[35;1mSimonz [Jedi(Knight)]:[0m come on Bithoff![0m
[13:03] [0mXaryl whispers a prayer and points at Queen of Hearts.[0m
[13:03] [0m[35;1mRoken [Jedi(83)]:[0m was in earlier, what happened?[0m
[13:04] [0m[35;1mSimonz [Jedi(Knight)]:[0m I got my holocron put together right after he left[0m
[13:04] [0mXaryl whispers a prayer and points at Queen of Hearts.[0m
[13:04] [0m[35;1mMichael [Jedi(37)]:[0m usually around a 3 hr cycle[0m
[13:04] [0m[35;1mHyuga [Jedi(97)]:[0m My money is on Durnith this reset.[0m
[13:04] [0m[35;1mHyuga [Jedi(97)]:[0m Durnoth*[0m
[13:04] [0m[32mXaryl says:[0m you have a refresh?[0m
[13:04] [0m[35;1mAl [Jedi(35)]:[0m this sounds like a fun bet[0m
[13:04] [0m[32mYou say:[0m yes[0m
[13:04] [0m[35;1mAl [Jedi(35)]:[0m i'll put 20 on Reena[0m
[13:05] [0m[32mXaryl says:[0m go[0m
[13:05] [0m[35;1mSaim [Jedi(Elder)]:[0m Tobi[0m
[13:05] [0m[32mXaryl says:[0m want in banner?[0m
[13:05] [0m[33;1m[PARTY][0m Roken has quit the party.[0m
[13:05] [0m[33;1m[PARTY][0m Roken joins the party.[0m
[13:05] [0m[34;1mAka shouts:[0m <G> *E* <N> *T* <E> *C* <H> - girls love a man who can do it, slide the room, then[0m
[13:05] [0m            do it again[0m
[13:05] [0mXaryl whispers a prayer and points at Queen of Hearts.[0m
[13:05] [0m[34;1mSimonz shouts:[0m WITCHES!!!  We used to do it on broomsticks with demons.  Then we did it in the[0m
[13:05] [0m               garden with hoes.  Now we do it in other guilds. =/[0m
[13:05] [0m[35;1mOne [Jedi(33)]:[0m Ylenic[0m
[13:05] [0m[34;1mGlorfindel shouts:[0m Wizards do it with dragons... Hmm... wait... that didn't come out right.[0m
[13:06] [0m[34;1mOne shouts:[0m muscle wizards cast fist[0m
[13:06] [0m[34;1mEli shouts:[0m Breed, we do it... or do we?[0m
[13:06] [0m[34;1mAl shouts:[0m yes it did.  stop chasing dragons, glorfindel.  go seek help[0m
[13:06] [0mXaryl whispers a prayer and points at Queen of Hearts.[0m
[13:06] [0m[33;1m[PARTY][0m Roken: thx guys[0m
[13:06] [0m[34;1mSylph shouts:[0m JUGGS!  We do it 'til the mob falls asleep and dies of boredom![0m
[13:06] [0m[33;1m[PARTY][0m Xaryl: anytime :)[0m
[13:06] [0m[34;1mTerran shouts:[0m Dragons? I thought those were supposed to be Cougars...[0m
[13:06] [0m[34;1mFrank shouts:[0m no you got it right the first time glorfindel[0m
[13:06] [0m[34;1mBaramore shouts:[0m Monks!  We just don't do it.[0m
[13:07] [0mXaryl whispers a prayer and points at Queen of Hearts.[0m
[13:07] [0m[34;1mTex shouts:[0m juggs we jugalot[0m
[13:07] [0m[34;1mAl shouts:[0m {C} {H} {A} {N} {G} {E} {R} {S}  - Sploosh![0m
[13:07] [0mXaryl whispers a prayer and points at Queen of Hearts.[0m
[13:08] [0m[34;1mInago shouts:[0m Marines! We did it so well we got erased from the game for being too awesome![0m
[13:08] [0mXaryl whispers a prayer and points at Queen of Hearts.[0m
[13:09] [0mXaryl whispers a prayer and points at Queen of Hearts.[0m
[13:10] [0mBurnaby flaps : I just got spectrum service installed and the wifi router is still "updating"[0m
[13:10] [0m                over an hour later so no internet. anyone ever dealt with that?[0m
[13:10] [0m[34;1mTex shouts:[0m back in two weeks i promis[0m
[13:10] [0m[33;1m[PARTY][0m Roken: anymore?[0m
[13:10] [0mXaryl whispers a prayer and points at Queen of Hearts.[0m
[13:10] [0mLik flaps : mmm yess, tell me what youre having trouble with[0m
[13:11] [0mVoodoo flaps : pants has been known to cause long update times[0m
[13:11] [0m[32mFluffy says:[0m free gxp[0m
[13:11] [0mLik flaps : ::rubs nips::[0m
[13:11] [0m[35;1mAl [Jedi(35)]:[0m please gunman, tell me you're going to be changing tradition to teepo.  name like[0m
[13:11] [0m               that, it'd be a shame not to[0m
[13:11] [0m[32mFluffy says:[0m slowed[0m
[13:11] [0m[32mYou say:[0m indeed[0m
[13:11] [0mTurnhold flaps : kick their crappy router out, and go grab you an Orbi system.[0m
[13:11] [0mXaryl whispers a prayer and points at Queen of Hearts.[0m
[13:11] [0mLachlan flaps : resetting zambies... come now[0m
[13:11] [0m[32mXaryl says:[0m Most powerful Selene... Grant me the power of your[0m
[13:11] [0m            divine blessing, so we may destroy your enemies![0m
[13:11] [0mAdalius flaps : Disclaimer: Wait at least a month after Turnhold gets something new to make sure[0m
[13:11] [0m                its decent. He'll recommend it immediately and retract it like 2 days later.[0m
[13:12] [0mAdalius flaps : Ask him about Google Wifi XD[0m
[13:12] [0mTurnhold flaps : that was google wifi, which workd great, but wouldnt keep up with my speed:P[0m
[13:12] [0mBurnaby flaps : maybe once I can get the normal shiz working I can see about pimping it out.[0m
[13:12] [0m                This is GFs condo, not my place[0m
[13:12] [0mXaryl whispers a prayer and points at Queen of Hearts.[0m
[13:12] [0mLik flaps : does google not abandon any project?[0m
[13:12] [0mTurnhold flaps : sorry I have internet speeds from this century:P[0m
[13:12] [0mLachlan flaps : 2 mins for zambies reset[0m
[13:12] [0mXaryl whispers a prayer and points at Queen of Hearts.[0m
[13:13] [0mLachlan flaps : come now or miss the zambies of your life[0m
[13:13] [0mMalfean flaps : I use a netgear nighthawk with spectrum. you're definitely better off bringing[0m
[13:13] [0m                your own device rather than paying for theirs. you probably need to call CS.[0m
[13:13] [0m                good luck and godspeed.[0m
[13:13] [0mXaryl whispers a prayer and points at Queen of Hearts.[0m
[13:13] [0mTurnhold flaps : nog, had a nighthawk x8, with an extender. it worked great for like a year,[0m
[13:13] [0m                 then started crapping out on me:/[0m
[13:14] [0m[32mFluffy says:[0m challenge beloch, doesnt work here :([0m
[13:14] [0mLik flaps : d-link ftw[0m
[13:14] [0mCrankshaft flaps : That's the one thing I don't like having dsl fiber - stuck with their router[0m
[13:14] [0mLik flaps : fiber n cable missed my street :/[0m
[13:15] [0mTurnhold flaps : next month i go to 940 down :)[0m
[13:15] [0m[32mFluffy says:[0m slowed[0m
[13:15] [0mXaryl whispers a prayer and points at Queen of Hearts.[0m
[13:15] [0mLachlan flaps : reset complete, you missed it.[0m
[13:15] [0m[33;1m[PARTY][0m Xaryl: 12 reforger left[0m
[13:16] [0m[33;1m[Clan] Aka :[0m doh any (resurrects available? that was foolish of me[0m
[13:16] [0mXaryl whispers a prayer and points at Queen of Hearts.[0m
[13:16] [0m[33;1m[Clan] Byron :[0m done[0m
[13:16] [0m[33;1m[Clan] Aka :[0m thanks much[0m
[13:17] [0mXaryl whispers a prayer and points at Queen of Hearts.[0m
[13:17] [0m[37;1m[JEDI]:[0m Ylenic It'kla arrives at the Academy.[0m
[13:17] [0m[32mXaryl says:[0m thanks gents!![0m
[13:18] [0m[33;1m[Clan] Byron :[0m if anyone wants bard buffs, come to auro while i'm waiting around[0m
[13:18] [0m[35;1mOne [Jedi(33)]:[0m called it[0m
[13:18] [0m[33;1m[Clan] Byron :[0m 10 hr stat boost[0m
[13:18] [0m[33;1m[PARTY][0m Roken has quit the party.[0m
[13:18] [0m[35;1mSimonz [Jedi(Knight)]:[0m jerk[0m
[13:18] [0m[35;1mHyuga [Jedi(97)]:[0m doh[0m
[13:18] [0m[33;1m[Clan] Byron :[0m finger tony to see what is on the menu[0m
[13:18] [0m[35;1mSimonz [Jedi(Knight)]:[0m ;)[0m
[13:18] [0m[35;1mHyuga [Jedi(97)]:[0m cheater[0m
[13:18] [0m[Clan] Byron : it is[0m
[13:22] [0m[32mCorath tells you:[0m Sorry but I cannot prepare worn armour.                  [0m
[13:23] [0m[32mCorath tells you:[0m Sorry but I cannot prepare worn armour.                  [0m
[13:26] [0m[32mSimonz tells you:[0m whoa...so I'm less geared than last boot....and my fdef[0m
[13:26] [0m        rate in zell went from 90 to 98[0m
[13:27] [0m[34;1mCrolack shouts:[0m Crolacks![0m
[13:27] [0m[34;1mLachlan shouts:[0m lets get Cro-Laching![0m
[13:27] [0m[34;1mLik shouts:[0m ewww[0m
[13:28] [0mLachlan flaps : bet you didn't know we are the same people. From now on,[0m
[13:28] [0m                just send your vaf wishes to Lach[at]itsreallyCrolack.com[0m
[13:28] [0mLachlan flaps : err... wizard gifts I meant.[0m
[13:29] [0mEli flaps : send bug reports? Cool, got it[0m
[13:30] [0mCrolack flaps : I really should work on crolack.com at some point[0m
[13:30] [0mFluffy flaps : git r dun![0m
[13:31] [0mCrolack flaps : it's a bit outdated, but I do have OMP pics[0m
[13:31] [0mLik flaps : watchout for the invisible banner ads[0m
[13:31] [0mFluffy flaps : lots of penis enlargement ads ?[0m
[13:32] [0mCrolack flaps : naw, they dropped me.[0m
[13:32] [0mLik flaps : dont worry, google ads has your back[0m
[13:32] [0mFluffy flaps : they found more pitiful 'before' person ?[0m
[13:44] [0m[Clan] Martyr : gonna roll some queens[0m
[13:44] [0m[Clan] Martyr : if anyone wants to hit in a few[0m
[13:49] [0m[Clan] Martyr : fighting QOH if anyone wants to hit/gxp[0m
[13:53] [0m[34;1mKitt shouts:[0m Thunder Rolls![0m
[13:53] [0m[34;1mKitt shouts:[0m then the Thunder Rollz![0m
[13:56] [0m<BS> Lachlan : PSA. redaxe passive vs spork freeform = 70% xp downgrade.[0m
[13:57] [0m<BS> Lachlan : of course that includes a huge AC/SMD downgrade as well[0m
[13:57] [0m<BS> Lachlan : sitting at about 54% the AC of last boot and 0 SMD compared[0m
[13:57] [0m               to Ultimate. so there's that too.[0m
[14:06] [0m[Clan] Shandar : am i right in my understanding that if i leave androids[0m
[14:06] [0m                 before i reach level 60, i'll keep my xp/stats?[0m
[14:08] [0m[Clan] Nix : not sure tbh[0m
[14:08] [0m[Clan] Shandar : NOTE: Once you join one of the guilds, if you choose to[0m
[14:08] [0m                 eventually leave, you will lose ALL of your gained[0m
[14:08] [0m                 experience past level 60 and all stats will be set to 1.[0m
[14:08] [0m                 (Regardless of when or where you earned them.)[0m
[14:09] [0m[Clan] Shandar : seems clear but sometimes you know, there's that hook...[0m
[14:09] [0m[Clan] Shandar : and i'm australian and we don't speak real good english and[0m
[14:09] [0m                 stuff[0m
[14:10] [0m[Clan] Martyr : souds that way[0m
[14:27] [0mGlorfindel flaps : True or false...  A 150k critter shouldn't be a huge deal[0m
[14:27] [0m                   for a level 50 with fairly decent glevel[0m
[14:28] [0mSquirrel flaps : depends on the guild[0m
[14:28] [0mTerran flaps : and decent glvl ...[0m
[14:28] [0mGlortest flaps : Let[0m
[14:28] [0mTerran flaps : i.e. jedi glvl 1, would blick it..changer would be blicked[0m
[14:28] [0mGlorfindel flaps : Let's imagine a 110+ mage[0m
[14:28] [0mGlorfindel flaps : glevel, that is[0m
[14:29] [0mTerran flaps : wouldnt be a concern[0m
[14:29] [0mGlorfindel flaps : thanks[0m
[14:29] [0mGlorfindel flaps : trying to recalibrate after many years. :)[0m
[14:30] [0m[Clan] Nix : ooo they changed the weight of moon rocks = ([0m
[14:30] [0m[Clan] Michael : up or down?[0m
[14:30] [0m[Clan] Nix : heavier[0m
[14:30] [0m[Clan] Shandar : can you still smuggle them?[0m
[14:30] [0m[Clan] Nix : yea[0m
[14:31] [0m[Clan] Shandar : phew[0m
[14:31] [0m[Clan] Nix : i use to put like 20 in a guild bag and smuggle the bag[0m
[14:31] [0m[Clan] Saim : i thought jedi packs were changed[0m
[14:31] [0m[Clan] Nix : i thought the same with bard bags[0m
[14:31] [0mKitt flaps : well ypu can test that[0m
[14:31] [0m[Clan] Nix : but it looks like they are 'heavy now'[0m
[14:31] [0m[Clan] Saim : i can only fit 3 per pack now, which is fine - it just[0m
[14:31] [0m              shouldnt be difficult to get light, and it isnt[0m
[14:31] [0m[Clan] Nix : same here[0m
[14:31] [0mKitt flaps : let said critter run wild around 3k[0m
[14:31] [0m[Clan] Saim : so the change is fine imo[0m
[14:32] [0mKitt flaps : see who dies and wut not[0m
[14:33] [0mKitt flaps : have an invasion like the good old dayz[0m
[14:33] [0mSaim flaps : bloodmatch?[0m
[14:34] [0mKitt flaps : ill kill u saim hwh[0m
[14:34] [0mSimonz flaps : 1999 boot?[0m
[14:34] [0m[Clan] Saim : i welcome your death[0m
[14:34] [0mSaim flaps : i welcome your death[0m
[14:34] [0m[Clan] Xaryl : heh, can Ftouch them now[0m
[14:34] [0m[Clan] Saim : wl[0m
[14:34] [0m[Clan] Nix : i mean 3 should be plenty, but just noted tit[0m
[14:34] [0m[Clan] Nix : it[0m
[14:35] [0mKitt flaps : i remeber having said boots with anarchy and blood matches. [0m
[14:35] [0m             dont know whay they stopped those[0m
[14:35] [0m[Clan] Martyr : Work those weak baby arms[0m
[14:35] [0mTurnhold flaps : because people whined all the time[0m
[14:36] [0mBaramore flaps : Downgrade requests galore, I'm sure.[0m
[14:36] [0m[Clan] Martyr : Spending all your time singing Mariah Carey tunes[0m
[14:37] [0mKitt flaps : man but like i wouldnt mind see something in the mix againpt[0m
[14:37] [0m             nice[0m
[14:37] [0mSaim flaps : yea lets not say we want those back all the time...but like[0m
[14:37] [0m             twice a year, sure![0m
[14:37] [0mGaidin flaps : But could you imagine the pain trying to balance all the[0m
[14:37] [0m               upgrades for PvP[0m
[14:38] [0mSaim flaps : yea like once or twice a year[0m
[14:38] [0mSaim flaps : is plenty[0m
[14:38] [0mOmni flaps : anarchy's aren't about balance, they're about racking up blicks[0m
[14:38] [0mSaim flaps : gettin them sweet blicks[0m
[14:38] [0mBaramore flaps : Then I'm your guy![0m
[14:38] [0mOmni flaps : bloodlickbaby[0m
[14:38] [0mSaim flaps : follow baramore[0m
[14:39] [0mGilneas flaps : there's the problem. people want guilds ug/dg based on PvP;[0m
[14:39] [0m                this is for PvE. you'll never get balance for both[0m
[14:39] [0mSaim flaps : i dont think anyone is asking for anyone to do anything other[0m
[14:39] [0m             than bring back a bloodmatch or anarchy once or twice a[0m
[14:39] [0m             year...dont tweak anything for PvP, its better like that[0m
[14:39] [0mSaim flaps : its like what 15min matches?[0m
[14:40] [0mBurnaby flaps : but then 15 months of shame.[0m
[14:40] [0mGilneas flaps : i totally agree with you saim. just saying, that's where all[0m
[14:40] [0m                the whining happens.[0m
[14:40] [0mSaim flaps : for sure gil[0m
[14:41] [0mJavelin flaps : QoH is winning this bmatch[0m
[14:42] [0mKitt flaps : see QoH wants in[0m
[14:43] [0mSaim flaps : it would be fun if like Turnhold for example made a clone mob[0m
[14:43] [0m             of himself, and released it into a random area - some bs mob[0m
[14:43] [0m             with a cool piece of gear if you can find/kill[0m
[14:43] [0mSaim flaps : kind of like a mini-invasion[0m
[14:43] [0mGaidin flaps : Reminds me of Rasta's loup garou[0m
[14:43] [0mSiem flaps : it would just drop depression[0m
[14:43] [0mSiem flaps : i dont need any more of that[0m
[14:45] [0mCrolack flaps : When Worf gets a grey hair he says: Today is a good day to[0m
[14:45] [0m                dye.[0m
[14:46] [0mGaidin flaps : L'Oreal: Because you're Worf it.[0m
[14:48] [0m[Clan] Martyr : Anyone w/ a good reforge able to get my kilt and auro[0m
[14:48] [0m                shield?[0m
[14:48] [0m[Clan] Xaris : I can[0m
[14:48] [0m[Clan] Martyr : ty[0m
[14:48] [0m[Clan] Xaryl : at clan box[0m
[14:49] [0m[Clan] Martyr : brt[0m
[14:49] [0m[Clan] Martyr : getting 2 enhances[0m
[14:49] [0m[34;1mDrax shouts:[0m Nice![0m
[14:50] [0m[34;1mMakaveli shouts:[0m thanks all[0m
[14:50] [0m[34;1mJavelin shouts:[0m even me?[0m
[14:50] [0m[34;1mMakaveli shouts:[0m especially you my rough rider[0m
[15:34] [0m[34;1mSimonz shouts:[0m not really gonna slow him down much[0m
[15:50] [0mAdalius flaps : Carole Baskin, killer her, husband, whacked him. Can't[0m
[15:50] [0m                convince me, that it didn't happen. Fed him to tigers, they[0m
[15:50] [0m                snackin. Whats happenin. Carole Baskin.[0m
[15:51] [0mSquirrel flaps : I want chicken, I want liver, Carol Baskins please deliver[0m
[15:51] [0mVoodoo flaps : Carole Baskin spells CROLACK[0m
[15:52] [0mSquirrel flaps : gun toating backwater redneck with their own exotic tigers[0m
[15:53] [0mAdalius flaps : Also, I just found out that murder hornets were created in a[0m
[15:53] [0m                lab in Indonesia as a weapon of war against Scottish[0m
[15:53] [0m                invaders. President Obama gave them $14 trillion dollars and[0m
[15:53] [0m                guess who owns stock, that's right, Bill Gates, Warren[0m
[15:53] [0m                Buffet, George Soros, and Joe Biden. Hillary Clinton had the[0m
[15:53] [0m                scientist killed because he told Nancy Pelosi he was going[0m
[15:53] [0m                public and Hunter Biden got on the board of a gas company in[0m
[15:53] [0m                the Ukraine. Guess what country supplied the lab with bee[0m
[15:53] [0m                food? Yep - Ukraine. Are you connecting the dots yet?[0m
[15:54] [0mTurnhold flaps : wake up[0m
[15:54] [0m[34;1mModrack shouts:[0m WAKE UP![0m
[15:54] [0m[34;1mAl shouts:[0m OH NO, HES AWOKEN THE SHEEPLE[0m
[15:54] [0mSquirrel flaps : Epstien didn't kill himself[0m
[15:54] [0m[34;1mArahnapogue shouts:[0m the horror![0m
[15:54] [0mCarthage flaps : Plandemic[0m
[15:54] [0m[34;1mLik shouts:[0m see past the delusion, playcult[0m
[15:54] [0mSquirrel flaps : blame the murder hornets[0m
[15:54] [0mAdalius flaps : We prefer to call them Baskin Bees[0m
[15:54] [0mTurnhold flaps : you mean the Baskin bees?[0m
[15:54] [0mSquirrel flaps : tiger bees![0m
[15:55] [0mLik flaps : tiger balm[0m
[15:56] [0mSquirrel flaps : i've seen what house cats can do, pretty sure the biggen[0m
[15:56] [0m                 cats do the same but with more ferocity[0m
[15:56] [0mMartyr flaps : You're all idiots[0m
[15:56] [0mMartyr flaps : It's clearly a Rothschild false flag plot[0m
[15:56] [0mLik flaps : winning comment[0m
[15:57] [0mAka flaps : i would have went with Soros but yeah[0m
[15:57] [0m[32mMartyr tells you:[0m YoU aRe AlL iDiOtS[0m
[15:57] [0mMartyr flaps : Soro doesn't eat pizza[0m
[15:57] [0m[34;1mDspawn shouts:[0m rude[0m
[15:57] [0mLik flaps : i think they figured out not to use the same names[0m
[15:57] [0mMandragoran flaps : BuT ThE ChEmTrAiLs[0m
[15:57] [0m[34;1mModrack shouts:[0m if all of us are idiots, none of us is idiots[0m
[15:57] [0mMartyr flaps : So he couldn't attend the meetings in DC[0m
[15:57] [0mTurnhold flaps : 5g towers cause COVID and make you gay.[0m
[15:57] [0mAdalius flaps : Works out well for you then, you've always liked the sickly[0m
[15:57] [0m                looking men[0m
[15:58] [0mLik flaps : no no, fish make you gay[0m
[15:58] [0mElindal flaps : lol[0m
[15:58] [0mMalfean flaps : I caught the gay from eating a frog. :/[0m
[15:58] [0mLik flaps : maybe soy too[0m
[15:58] [0mMandragoran flaps : does everyone here like fish sticks?[0m
[15:58] [0mSquirrel flaps : bleaching your hair and having a mullet wouldnt be a stand[0m
[15:58] [0m                 out.[0m
[15:58] [0mLik flaps : if you like fish sticks, you might marry a hobbit[0m
[16:00] [0mMandragoran flaps : best case one day your insane rantings will get made[0m
[16:00] [0m                    into a tame-impala style song and it will go viral.[0m
[16:00] [0mSquirrel flaps : 8inix: can you season a bat with sage or rosemary?[0m
[16:00] [0mInix flaps : [30;1m([34;1m8[30;1m)[0mInix : Very doubtful[0m
[16:01] [0mSquirrel flaps : right must use chives and pepper.[0m
[16:01] [0mLik flaps : 8inix: if you cook bat n cat long enough is it ok[0m
[16:01] [0mInix flaps : [30;1m([34;1m8[30;1m)[0mInix : Outlook good[0m
[16:01] [0m[32;1mFrom afar, Simonz grins at you.[0m[0m
[16:01] [0m[32mSimonz tells you:[0m I'm scripting to make my zell fdef more effective[0m
[16:02] [0m[32mSimonz tells you:[0m I'm writing a setup that will trigger on the mob being[0m
[16:02] [0m        lower than 10% hp, and then switching to the other golem[0m
[16:09] [0m[34;1mDrax shouts:[0m Woo![0m
[16:09] [0m[34;1mElindal shouts:[0m cheater![0m
[16:10] [0m[34;1mHawkeyes shouts:[0m thank you everyone[0m
[16:11] [0m[34;1mVolt shouts:[0m Hawkeyes 101.  Step 1.  Get hawk, shoulder-length leather[0m
[16:11] [0m             gloves and spoon[0m
[16:11] [0m[34;1mBarian shouts:[0m step 2, ask carol baskins to feed to the tigers[0m
[16:11] [0m[34;1mEli shouts:[0m phase 1: steal underpants Phase 3: profit[0m
[16:11] [0m[34;1mLik shouts:[0m man yall are some crab people[0m
[16:12] [0m[34;1mBarian shouts:[0m Operation Warp Speed.[0m
[16:12] [0m[34;1mHawkeyes shouts:[0m no they some crazy people[0m
[16:13] [0m[34;1mVolt shouts:[0m Step 12. Once you have the new eyes in your sockets, fill in[0m
[16:13] [0m             the empty spaces with epoxy[0m
[16:13] [0m[34;1mBarian shouts:[0m yeah but operation warp speed. Engage![0m
[16:16] [0m[34;1mBalderdash shouts:[0m Ha![0m
[16:16] [0m[34;1mBarian shouts:[0m sup sup[0m
[16:23] [0m<BS> Zokko : woo[0m
[16:55] [0mSimonz flaps : zell dungeon reset if anybody is gxping in there, let me know[0m
[16:55] [0m               quick[0m
[16:56] [0mSquirrel flaps : quit quitting[0m
[16:57] [0mHooligan flaps : quit harder![0m
[17:07] [0m[Clan] Mako enters the game.  [0m
[17:12] [0m[32;1mFrom afar, you go 'Woo Woo!' at Xana.[0m[0m
[18:02] [0m[34;1mKitt shouts:[0m We Want Answers![0m
[18:09] [0m<- ! The Vigilant ! -> :  A destabilization Kayos event has been detected in[0m
[18:09] [0m                          Northern Hills of Fantasy!  We are localizing it[0m
[18:09] [0m                          now - get ready![0m
[18:10] [0mOmni flaps :  pound town![0m
[18:10] [0mOmni flaps : who runs barter town?![0m
[18:11] [0mBurnaby flaps : SHO NUFF!![0m
[18:17] [0m[32mYou tell Simonz:[0m aint no thang but a chicken wang :D[0m
[18:17] [0m[32mYou tell Simonz:[0m zelligar is the best for a gxpers :D so cool[0m
[18:17] [0m[34;1mOmni shouts:[0m MR. Sparkle-o! is disrespectful to dirt![0m
[18:18] [0m<BS> Kent : going for 400% gxp heh[0m
[18:18] [0m<BS> Kent : going for 400% gxp heh[0m
[18:18] [0m<BS> Kent : sry[0m
[18:19] [0m[34;1mSparkie shouts:[0m damn skippy[0m
[18:23] [0mEli flaps : Event , North gate 10N 1E[0m
[18:23] [0mEli flaps : psi[0m
[18:23] [0mOmni flaps : mindbullets[0m
[18:23] [0mEli flaps : with enough power to kill a yak from 200 yards away[0m
[18:42] [0m[Clan] Aka : that lyin bitch carole baskin[0m
[18:55] [0m[Clan] Michael : She don't care about dem cats. She's in cahoots with those[0m
[18:55] [0m                 animal rights people[0m
[19:02] [0m[Clan] Mud enters the game.  [0m
[19:02] [0m[Clan] Mud : Yooo[0m
[19:08] [0m[Clan] Martyr : ayo Ser[0m
[19:08] [0m[Clan] Martyr : a dude fly-kicked a chick in a Georgia mall already[0m
[19:08] [0m[Clan] Martyr : Was that you?[0m
[19:09] [0m[Clan] Mud : i aint ser![0m
[19:09] [0m[Clan] Mud : glad those idiots filmed it so they got caught[0m
[19:09] [0m[Clan] Mud : anywho, long time no see... hows shit here?[0m
[19:12] [0m[34;1mMud shouts:[0m YOOO[0m
[19:22] [0mKirwan flaps : zombie reset in 3 minutes at entrance!  let me know if you're[0m
[19:22] [0m               interested[0m
[19:29] [0m[Clan] Silverhand : I'm sure this has been discussed before, but what are[0m
[19:29] [0m                    the different specials that zombies use in Hotel[0m
[19:29] [0m                    Transylvania?[0m
[19:32] [0m[Clan] Michael : there is a poison one for sure[0m
[19:33] [0m[Clan] Silverhand : I think there's a blunt one and an energy one.[0m
[19:33] [0m[34;1mKoth shouts:[0m Magical Fruit![0m
[19:34] [0m[34;1mSquirrel shouts:[0m oh bean bean[0m
[19:34] [0mSquirrel flaps : coffee!![0m
[19:34] [0m[34;1mThadar shouts:[0m the more you eat![0m
[19:34] [0m[34;1mLik shouts:[0m the more massive blunt damage you do... no wait that isnt right[0m
[19:46] [0m[Clan] Martyr : it's 100% acid[0m
[19:47] [0m[34;1mLik shouts:[0m fire in the hole![0m
[19:48] [0m[34;1mFluffy shouts:[0m booze![0m
[19:48] [0m[34;1mPdog shouts:[0m mmm turnhold is the best[0m
[19:48] [0m[34;1mSquirrel shouts:[0m priests, we make our own moonshine[0m
[19:48] [0m[34;1mTex shouts:[0m should be aviation gin[0m
[19:48] [0m[34;1mXiu shouts:[0m *pours one out in memory of goold 'ole Turnhold*[0m
[19:48] [0m[34;1mSomeone shouts:[0m that % is lies, im at least 95%, with the other 5% being[0m
[19:48] [0m                coffee and hate.[0m
[19:49] [0m[34;1mMud shouts:[0m yet hides behind 'someone' :P[0m
[19:49] [0m[34;1mTurnhold shouts:[0m You were saying?:P[0m
[19:49] [0m[34;1mDin shouts:[0m oh it's on now[0m
[19:49] [0m[34;1mMud shouts:[0m thats right, do my bidding![0m
[19:49] [0m[34;1mTurnhold shouts:[0m I was invis because I was coding bard upgrades. Nevermind[0m
[19:49] [0m                 now tho.[0m
[19:50] [0m[34;1mTex shouts:[0m so 4% coffee and 1% hate[0m
[19:50] [0m[34;1mMud shouts:[0m you take that back!  I'll quit right meow![0m
[19:50] [0m[34;1mPdog shouts:[0m yay more dmg spells for nix to blasty with[0m
[19:51] [0m[34;1mMud shouts:[0m been gone for maybe 3 weeks... feels like 3 years[0m
[19:51] [0m[34;1mNix shouts:[0m i'm an acid or bust kinda guy[0m
[19:51] [0m[34;1mXiu shouts:[0m upgrading bards? gonna make them all adventurers?[0m
[19:51] [0m            #jokefromthe90s[0m
[19:52] [0m[34;1mSquirrel shouts:[0m you had me at upgrade[0m
[19:52] [0m[34;1mTurnhold shouts:[0m n/wail/wail/wail/s/tune[0m
[19:52] [0m[34;1mLik shouts:[0m better put some salve on those burns[0m
[19:53] [0m[34;1mNix shouts:[0m laf, wail ftw! i forgot about that[0m
[20:03] [0m[34;1mOmni shouts:[0m wooo[0m
[20:03] [0m[34;1mThadar shouts:[0m ahhh![0m
[20:03] [0m[34;1mSimonz shouts:[0m whoa![0m
[20:03] [0m[34;1mMud shouts:[0m Mudesa[0m
[20:03] [0m[34;1mLik shouts:[0m such purty eyesssshk[0m
[20:03] [0m[34;1mEoin shouts:[0m ascii art is cool[0m
[20:03] [0m[34;1mSquirrel shouts:[0m it's the trouser snake that what got cha[0m
[20:03] [0m[34;1mXiu shouts:[0m i keep hitting page down but i can't get to the pr0n part![0m
[20:47] [0m[34;1mMichael shouts:[0m with Sauerkraut?[0m
[20:47] [0m[34;1mFluffy shouts:[0m fire up the bbq![0m
[20:47] [0m[34;1mThadar shouts:[0m always come in the wrong amount compared to the buns![0m
[20:49] [0m[34;1mCrankshaft shouts:[0m gotta do something with all those misc parts[0m
[20:54] [0m[32mSimonz tells you:[0m ok, I think I've got all the bugs sorted out with this[0m
[20:54] [0m        fdef for zell thing, you want?[0m
[21:06] [0m[32mCrystal says: [0mAs you command.[0m
[21:06] [0m[32mElminster says:[0m hugo, begone[0m
[21:22] [0m<BS> Mellaous : sups[0m
[21:23] [0m<BS> Mellaous : shit now I gotta remember how to rune things[0m
[21:24] [0m<BS> Xiu : heh-heh[0m
[21:26] [0m<BS> Xiu : so my latest idea for a proposal to deal with regen is to get rid[0m
[21:26] [0m           of the limit of only being able to put 1 of each rune on a piece[0m
[21:26] [0m           of eq. then scale up the cap rapidly after glevel 30 such that it[0m
[21:26] [0m           becomes a non-issue around glevel 100 (wouldn't be able to have[0m
[21:26] [0m           enuf runes to hit the "cap")[0m
[21:27] [0m<BS> Mellaous : I might have a better idea.. Just let blade run Immunity[0m
[21:27] [0m                every round they are in combat[0m
[21:28] [0m<BS> Xiu : heh[0m
[21:28] [0m<BS> Xiu : just let you stack litany on top of dodge, shadows and mshield[0m
[21:29] [0m<BS> Xiu : and wield crysknife offhand while doing Bsinger attacks[0m
[21:29] [0m<BS> Mellaous : that is what I am talking about hehe[0m
[21:30] [0m<BS> Mellaous : eternity rune last right?[0m
[21:30] [0m<BS> Xiu : yeah et always last[0m
[21:31] [0m<BS> Mellaous : they lower inscribe cost?[0m
[21:31] [0m<BS> Xiu : yeah it's basically free now[0m
[21:31] [0m<BS> Mellaous : oh wow thank you frank[0m
[21:42] [0m<BS> Xiu : altho some ppl might actually prefer some kind of extra storage[0m
[21:42] [0m           system. i don't know. there's ways to do that right too but i[0m
[21:42] [0m           hesitate to go that route because it seems like it's always just[0m
[21:42] [0m           "make corpses worth a lot and then you're done." so everyone[0m
[21:42] [0m           needs mask, freezer and coffin ect.[0m
[22:19] [0m<BS> Mellaous : you could even role with a little cheaper cost to mshield vs[0m
[22:19] [0m                extra regen[0m
[22:20] [0m<BS> Mellaous : it seems that the cost of powers vs regen ratio is whats[0m
[22:20] [0m                off.  So if regen needs to be increased, it needs to be[0m
[22:20] [0m                increased maybe double[0m
[22:21] [0m<BS> Xiu : yeah i don't know what if anything effects the cost:effect ratio[0m
[22:21] [0m           of mshield but i'm fairly sure it's just skills which caps it[0m
[22:21] [0m           pretty early on[0m
[22:21] [0m<BS> Mellaous : nod[0m
[22:24] [0m[Clan] Rebar leaves the game.  [0m
[22:29] [0m[34;1mAka shouts:[0m carole baskin[0m
[22:29] [0m[34;1mBalderdash shouts:[0m hey all you cool cats and mudders[0m
[22:35] [0m[Clan] Nix : i hate the gulag[0m
[22:35] [0m[Clan] Nix : or the gulag hates me i should say[0m
[22:58] [0m<BS> Xiu : i both kinda wish i had another mastery slot and also don't know[0m
[22:58] [0m           what i'd dedicate if i did.[0m
[22:58] [0mnewb Oscar [Newbie]: You cannot leave until Harold is done with you.[0m
[22:59] [0mnewb Oscar [Newbie]: halp[0m
[22:59] [0m<BS> Xiu : maybe i'd finally get serious and master something good like[0m
[22:59] [0m           hobbit pipe or razor sharp turtle katana[0m
[22:59] [0mnewb Crankshaft [cyborg/73]: Haha, Harold is raw evil[0m
[22:59] [0mnewb Alazar [fremen/20]: he will have his way[0m
[22:59] [0mnewb Baramore [monk/112]: Talk to Harold?[0m
[22:59] [0m[34;1mSimonz shouts:[0m Rimalkin's balogna has a first name....[0m
[22:59] [0mnewb Oscar [Newbie]: He wouldn't roll down the window of his van[0m
[22:59] [0mnewb Crankshaft [cyborg/73]: Talking to him won't even help Baramore. I[0m
[22:59] [0m                             believe you have to use the pendant you're[0m
[22:59] [0m                             given to port out instead.[0m
[23:00] [0mnewb Oscar [Newbie]: I townportal'd out yeah[0m
[23:00] [0mnewb Fluffy [changeling/135]: it puts the pendant on, or it gets the hose[0m
[23:00] [0m                              ... er .. stuck in newbie land![0m
[23:01] [0mnewb Crankshaft [cyborg/73]: I wonder if we lose newbies simply cause they[0m
[23:01] [0m                             can't get past Harold. Quite the weed-out[0m
[23:01] [0m                             process.[0m
[23:01] [0mnewb Baramore [monk/112]: Well that's dumb.  That whole newbie thing sounds[0m
[23:01] [0m                          like a trap![0m
[23:01] [0mnewb Simonz [jedi/132]: I think there's also a library or something a couple[0m
[23:01] [0m                        west and n of the center of woonsocket, and I was[0m
[23:01] [0m                        able to teleport from there to pinnacle[0m
[23:01] [0mnewb Fluffy [changeling/135]: hmm someone let vraal code again ?[0m
[23:03] [0m[Clan] Byron : went into the wrong dungeon :/[0m
[23:03] [0m[Clan] Byron : But one of my favorite things to do ever in this mud is go[0m
[23:03] [0m               through newbie land w/ badass wands[0m
[23:17] [0m<BS> Lachlan : wth is a red toothpick for 100k?[0m
[23:18] [0m<BS> Lachlan : curiosity made me broke[0m
[23:36] [0mnewb Oscar [android/9]: How does one leave androids or the core guilds?[0m
[23:36] [0mnewb Oscar [adventurer/9]: nm[0m
[23:37] [0mnewb Oscar [adventurer/9]: Do Sii need a recruiter?[0m
[23:38] [0mnewb Oscar [adventurer/9]: I think I do, I need to find a glvl 3 sii and[0m
[23:38] [0m                           petition them.[0m
[23:39] [0mnewb Oscar [adventurer/9]: Anyone sii's around?[0m
[23:41] [0m[Clan] Silverhand : Anyone with a 3K Sii alt here?[0m
[23:42] [0mnewb Dalandra [priest/135]: players sii , doesn't look like anyone is on[0m
[23:42] [0m[Clan] Silverhand : Got someone looking to be recruited.[0m
[23:42] [0m[Clan] Michael : think Ser does[0m
[23:42] [0mnewb Oscar [adventurer/9]: That's why I'm petitioning for alts, cause that's[0m
[23:42] [0m                           99% of the time :P[0m
[23:45] [0m<BS> Xiu : had to go ahead and kill her once to remind her who's boss[0m
[23:45] [0m<BS> Lachlan : heh[0m
