- = LOG STARTED [00:00] = -
[00:24] [0m<BS> Mellaous : we have a way to see mobs killed?[0m
[00:25] [0m<BS> Xiu : gstats shows last one, the eternals (cstats is better.[0m
[00:27] [0m[Clan] Boot enters the game.  [0m
[00:28] [0m[Clan] Boot : moo[0m
[00:28] [0m[Clan] Boot : i been slacking this boot hard[0m
[00:28] [0m[Clan] Michael : how are fremen for HC?[0m
[00:28] [0m[Clan] Boot : i enjoy them[0m
[00:29] [0m[Clan] Boot : guild weapon, no reliance on gear[0m
[00:29] [0m[Clan] Michael : Could see me trying them on my HC. I don't know how much[0m
[00:29] [0m                 they've changed since I was last there though[0m
[00:30] [0m<BS> Xiu : not quite the tanking of a Fremen eh?[0m
[00:37] [0m[Clan] Boot : i try to ensure that i am cycling enough water for fight[0m
[00:37] [0m              length[0m
[00:37] [0m[Clan] Boot : oops mt[0m
[00:37] [0m[Clan] Bruce : ME TOOO[0m
[02:05] [0m[34;1mHooligan shouts:[0m WAFFLES![0m
[02:05] [0m[34;1mFluffy shouts:[0m and a cigar ?[0m
[02:05] [0m[34;1mWound shouts:[0m (With Bacon)[0m
[02:05] [0m[34;1mSilverhand shouts:[0m Yum[0m
[02:05] [0m[34;1mPdog shouts:[0m orange juice[0m
[02:05] [0m[34;1mThadar shouts:[0m syrup![0m
[02:05] [0m[34;1mOmni shouts:[0m and toothpaste[0m
[02:05] [0m[34;1mHooligan shouts:[0m CARBS BAD!  KETO![0m
[02:05] [0m[34;1mWound shouts:[0m MAKING BACON PANCAKES![0m
[02:25] [0m[Clan] Seoman leaves the game.  [0m
[14:38] [33;1m[Clan] Roken wisps into existence.[0m  [0m
[14:49] [0m<BS> Kent : im stuck at scaler 46 as lowest :([0m
[14:49] [0m[34;1mWound shouts:[0m a Jedi Guild Artifact has spawned, please check your bags and[0m
[14:49] [0m              inventory.[0m
[14:49] [0m[34;1mOmni shouts:[0m gimmedatcage![0m
[14:53] [0m<BS> Kent : ok bsinger!? feels alright 200+k zombie[0m
[15:27] [0m<BS> Kent : wish gstats tells how many rounds last kill was[0m
[15:27] [0m<BS> Zokko : none[0m
[15:51] [0m[32mSimonz tells you:[0m just put my new zell script in discord for you[0m
[15:55] [0m[Clan] Roor leaves the game.  [0m
[15:56] [0m[32mYou tell Simonz:[0m thank you, ill check it out when i can![0m
[15:58] [0m[Clan] Boot : any word on tplist?[0m
[15:58] [0m[Clan] Boot : why it's funky?[0m
[16:06] [0m[32mKerym says: [0mWell met, Swordbrother Kent, May the Seldarine's Blessings be upon you.[0m
[16:07] [0m<BS> Kent : 500% down on anatomy got me from skilled to very good and +6 con[0m
[16:28] [0m[Clan] Silverhand : Interesting.[0m
[16:29] [0m[Clan] Wesig : perhaps they removed hc, reset it, and it is adjusting itself[0m
[16:29] [0m               as chars that were logged out during the change log in[0m
[16:30] [0m[Clan] Wesig : best i can figure, would explain why space isn't on there[0m
[16:30] [0m               anymore currently[0m
[16:36] [0m[32mSimonz tells you:[0m fdef proc rate: 0.955536, over 7k rounds[0m
[16:43] [0m[Clan] Xaris : where is my pickling ring in the shop for to easily get!![0m
[16:43] [0m[Clan] Knox leaves the game.  [0m
[16:44] [0m[Clan] Knox enters the game.  [0m
[17:22] [0mnewb Oscar [elemental/25]: How big is the androids dungeon around lvl 30?[0m
[17:22] [0mnewb Simonz [jedi/132]: check the wiki?[0m
[17:22] [0mnewb Oscar [elemental/25]: not on there[0m
[18:26] [0m[Clan] Void leaves the game.  [0m
[18:41] [0m[34;1mThadar shouts:[0m woo![0m
[18:41] [0m[34;1mZor shouts:[0m wooo!!!!!!!!!!!!!!!!!!!!!!!!!!!!!!!!!!!!!!!!!!!!!!!!!!!![0m
[18:47] [0m[32mArmadillo says: [0mTractor trailer trucks should be outlawed![0m
[18:47] [0m[32mArmadillo says: [0mCars and trucks may squish us, but we'll be back for more![0m
[18:53] [0m[34;1mPdog shouts:[0m um... ok[0m
[18:53] [0m[34;1mAbaddon shouts:[0m rakinishu, is that you?[0m
[19:20] [0m[32mKerym says: [0mWell met, Swordbrother Kent, May the Seldarine's Blessings be upon you.[0m
[19:20] [0m<BS> Metaljaz : woo[0m
[19:39] [0m[32mYou tell Simonz:[0m struggling a lil in 47 zombies but is my lowest scaler[0m
[19:56] [0m[34;1mTehuti shouts:[0m congrats[0m
[20:42] [0m<BS> Zokko : woo[0m
[20:42] [0m<BS> Zokko : ooo blade hardcore hehe that will be interesting[0m
[20:43] [0m<BS> Xiu : if you can get to evade2 and don't do anything crazy then[0m
[20:43] [0m           hardcore blade should work out well[0m
[20:44] [0m<BS> Celes : slow and steady[0m
[20:44] [0m<BS> Xiu : my HC blade died because i was stupid and tried to fight a bred[0m
[20:44] [0m           god when i only sorta thought i was maybe ready for that[0m
[20:45] [0m<BS> Celes : bummer. I'm going to try to keep myself from flexing[0m
[20:45] [0m<BS> Zokko : clearly i cant control my actions to be contained to not push[0m
[20:45] [0m             the limits :)[0m
[20:45] [0m<BS> Zokko : thats why my HC is an android cuz i only cared about the bonus[0m
[20:45] [0m             mskills[0m
[20:45] [0m<BS> Zokko : but that stops at lvl 100[0m
[20:46] [0m<BS> Celes : awww, it stops at 100?[0m
[20:46] [0m<BS> Zokko : yep[0m
[20:46] [0m<BS> Xiu : one of these days i'll remake my HC and get to 100 just to say i[0m
[20:46] [0m           did[0m
[20:46] [0m<BS> Zokko : if you playing HC for mskills i recommend making an android.[0m
[20:46] [0m             they level hella fast cuz they make heap of xp from melee[0m
[20:46] [0m<BS> Xiu : hmm nice[0m
[20:46] [0m<BS> Zokko : just find a tank that wont get you killed or do chessboard till[0m
[20:46] [0m             you can do zombies[0m
[20:47] [0m<BS> Zokko : get lvl 17 then use laser swords till you get lvl 42 and get[0m
[20:47] [0m             vorpal blade  then cruise to 100 :)[0m
[20:47] [0m<BS> Celes : tank also has to be hc or you don't make xp[0m
[20:48] [0m<BS> Zokko : sad that my android can make more gxp solo than my blade[0m
[20:48] [0m<BS> Zokko : wrong[0m
[20:48] [0m<BS> Zokko : HC characters cant party even with eother[0m
[20:48] [0m<BS> Zokko : just dont get rallied[0m
[20:48] [0m<BS> Zokko : make all melee xp[0m
[20:48] [0m<BS> Xiu : if it's dmg xp then that goes directy to you don't think it ever[0m
[20:48] [0m           touches a banner[0m
[20:48] [0m<BS> Celes : I see[0m
[21:06] [0mOscar flaps : Chavee says: Sorry, crafting is not hardcore.[0m
[21:06] [0mOscar flaps : lol[0m
[21:08] [0mBaramore flaps : Dude, that's hardcore.[0m
[21:09] [0mKikipopo flaps : My mom is hardcore.[0m
[21:09] [0mOmni flaps : more like happy hardcore[0m
[21:10] [0mOmni flaps : 300bpm, jumpjumpjumpjump[0m
[21:11] [0mOmni flaps : ok now I've got loud hardcore on, what next?[0m
[21:16] [0mOmni flaps : who's got day3?[0m
[21:16] [0mSquirrel flaps : it hasnt spawned yet[0m
[21:17] [0mSquirrel flaps : there is no day3. it's day2[0m
[21:17] [0mOmni flaps : gimme another shot, it'll make me forget I'm too drunk[0m
[21:40] [0mSquirrel flaps : stabbity[0m
[21:40] [0mSquirrel flaps : playcult, stab lik[0m
[22:27] [0m<BS> Xiu : woo[0m
[22:42] [0mnewb Tehuti [angel/37]: Hello, does anyone know how useful focus2 and[0m
[22:42] [0m                        disdain are for Angels? I would ask other Angels,[0m
[22:42] [0m                        but it seems I am the only one around for the past[0m
[22:42] [0m                        few days.[0m
[22:42] [0mnewb One [jedi/83]: -days +years[0m
[22:42] [0mnewb Tehuti [angel/37]: lol[0m
[23:26] [0m[Clan] Mud leaves the game.  [0m
[23:26] [0m[32mKerym says: [0mWell met, Swordbrother Kent, May the Seldarine's Blessings be upon you.[0m
[23:27] [0m<- ! The Vigilant ! -> :  A destabilization Kayos event has been detected in[0m
[23:27] [0m                          Deserts of Fantasy!  We are localizing it now -[0m
[23:27] [0m                          get ready![0m
[23:54] [0mSquirrel flaps : 4n 1w from desert portal[0m
[23:54] [0mSquirrel flaps : give or take[0m
[23:58] [0mSquirrel flaps : radiation[0m
