- = LOG STARTED [00:00] = -
[07:38] [0mYou can currently reforge 12 items.[0m
[07:39] [0mYou can currently reforge 0 items.[0m
[07:50] [0m[31;1m[Clan] Oscar :[0m oh. my. god.[0m
[07:50] [0m[31;1m[Clan] Oscar :[0m animate weapon has the specials[0m
[07:50] [0m[31;1m[Clan] Oscar :[0m this is fucking incredible[0m
[07:51] [0m[31;1m[Clan] Oscar :[0m -M-_Sword of Spirit {radiant} (ensharpened) (100%).[0m
[07:51] [0m[31;1m[Clan] Oscar :[0m man i fucking love mages[0m
[07:54] [0m[31;1m[Clan] Oscar :[0m lololol it has awesome responses too.    say sword, you are[0m
[07:54] [0m               now in group summons -> Sword of Spirit says: How much sword[0m
[07:54] [0m               could a sword group group if a sword group could group[0m
[07:54] [0m               swords?[0m
[08:13] [0m[32;1mFrom afar, Metaljaz waves in your direction.[0m[0m
[08:18] [0m[32;1mFrom afar, you wave in Metaljaz's direction.[0m[0m
[08:18] [0mYou can currently reforge 4 items.[0m
[08:31] [0mYou can currently reforge 0 items.[0m
[08:31] [0m[32mKerym says: [0mWell met, Swordbrother Dangerzone, May the Seldarine's Blessings be upon you.[0m
[09:18] [0mYou can currently reforge 4 items.[0m
[09:33] [0m[37;1mGlorfindel flaps :[0m Can someone tell me what the 'browning estate' area is[0m
[09:33] [0m                   about?[0m
[09:34] [0m[37;1mSevenofnine flaps :[0m qinfo[0m
[09:34] [0m[37;1mGlorfindel flaps :[0m It's ok, you can send me a tell.[0m
[09:37] [0m[37;1mOscar flaps :[0m Don't take the bait[0m
[09:38] [0m[37;1mSally flaps :[0m i could give you a "clue"[0m
[10:18] [0mYou can currently reforge 8 items.[0m
[10:27] [0m[31;1m[Clan] Nix :[0m anyone wanna kill day6?[0m
[10:27] [0m[31;1m[Clan] Nix :[0m looking at your ser[0m
[10:27] [0m[31;1m[Clan] Ser :[0m eh[0m
[10:27] [0m[31;1m[Clan] Nix :[0m wanna kill day6[0m
[10:28] [0m[31;1m[Clan] Ser :[0m i have day 5, i can help i guess[0m
[10:28] [0m[31;1m[Clan] Nix :[0m we have 5 here[0m
[10:33] [0m[34;1mPrism shouts:[0m Hi![0m
[10:33] [0m[34;1mChrys shouts:[0m Mellow![0m
[10:35] [0m[31;1m[Clan] Roor enters the game.[0m  [0m
[10:35] [0m[31;1m[Clan] Void enters the game.[0m  [0m
[10:41] [0m[31;1m[Clan] Ser :[0m need to map section z and finish the path[0m
[10:41] [0m[31;1m[Clan] Decav :[0m https://pastebin.com/T5ZdduhH[0m
[10:42] [0m[31;1m[Clan] Ser :[0m oo[0m
[10:42] [0m[31;1m[Clan] Decav :[0m thats the secz stuff if you dont have already[0m
[10:42] [0m[31;1m[Clan] Decav :[0m takes you right up to the final boss? idk i died twice like[0m
[10:42] [0m               an idiot in there and havent been back haha[0m
[10:45] [0m[32mYou tell Dangerzone:[0m https://tinyurl.com/y6e868we[0m
[10:45] [0m[32mDangerzone tells you:[0m https://tinyurl.com/y6e868we[0m
[11:09] [0m[32mYou tell Dangerzone:[0m https://youtu.be/fmQECaD5lOI[0m
[11:09] [0m[32mDangerzone tells you:[0m https://youtu.be/fmQECaD5lOI[0m
[11:11] [0mYou can currently reforge 0 items.[0m
[11:11] [0m[32mKerym says: [0mWell met, Swordbrother Dangerzone, May the Seldarine's Blessings be upon you.[0m
[11:18] [0mYou can currently reforge 4 items.[0m
[11:35] [0m[37;1mGaidin flaps :[0m Is there a term for the type of carpet they use in offices? [0m
[11:35] [0m               I'm trying to find someplace to buy a piece to use under my[0m
[11:35] [0m               desk chair but my idiot brain can't google anything smarter[0m
[11:35] [0m               than "commercial carpet rug"[0m
[11:36] [0m[37;1mGaidin flaps :[0m Which is unhelpful[0m
[11:37] [0m[37;1mWhoknows flaps :[0m low profile, short pile, commercial carpet, office carpet,[0m
[11:37] [0m                 cut-pile[0m
[11:37] [0m[37;1mAlassra flaps :[0m you mean like that generic grey office carpet tile stuff?[0m
[11:37] [0m[37;1mGaidin flaps :[0m Yea, but not tiles[0m
[11:39] [0m[37;1mGaidin flaps :[0m Voodoo had it.  Berber was the term I was looking for.[0m
[11:39] [0m[37;1mSky flaps :[0m that implies voodoo has more than pants for brains.[0m
[11:39] [0m[37;1mSky flaps :[0m im not yet convinced[0m
[11:40] [0m[34;1mEcholoc shouts:[0m Down With Pants![0m
[11:45] [0m[34;1mTex shouts:[0m chicken wings and pizza coming nom nom[0m
[11:46] [0m[34;1mVortex shouts:[0m sounds not so Kosher[0m
[11:48] [0m[34;1mTex shouts:[0m vortex needs a priest oh wait nm more like a diet muaahaha[0m
[11:48] [0m            kidding[0m
[11:49] [0m[34;1mVortex shouts:[0m I do need a diet... but a fattening one[0m
[12:10] [0m[31;1m[Clan] Bruce :[0m anyone able to tell me what experiments you should do as a[0m
[12:10] [0m               gentch from say glvl 1 - 10?[0m
[12:11] [0m[31;1m[Clan] Nix :[0m ooo did brucie brothers-in-arms?[0m
[12:11] [0m[31;1m[Clan] Bruce :[0m TIMMY[0m
[12:11] [0m[31;1m[Clan] Nix :[0m i like timmy's title[0m
[12:11] [0m[31;1m[Clan] Oscar :[0m sit behind someone, get powercore/reclamation/PU powers[0m
[12:12] [0m[31;1m[Clan] Oscar :[0m never ever phase offense[0m
[12:12] [0m[31;1m[Clan] Oscar :[0m profit[0m
[12:12] [0m[31;1m[Clan] Nix :[0m laf[0m
[12:12] [0m[31;1m[Clan] Bruce :[0m so scientific mastery, rec chamber, powercore[0m
[12:12] [0m[31;1m[Clan] Bruce :[0m or whatever it is[0m
[12:12] [0m[31;1m[Clan] Oscar :[0m yep[0m
[12:12] [0m[31;1m[Clan] Bruce :[0m and you make most gxp behind another gentech? not other[0m
[12:12] [0m               guilds?[0m
[12:12] [0m[31;1m[Clan] Oscar :[0m correct[0m
[12:12] [0m[31;1m[Clan] Nix :[0m yea, but just being in a party helps overall for gxp[0m
[12:13] [0m[31;1m[Clan] Bruce :[0m ahh nice[0m
[12:13] [0m[31;1m[Clan] Nix :[0m having a gentech is preferred[0m
[12:13] [0m[31;1m[Clan] Bruce :[0m time to sweet talk aka[0m
[12:13] [0m[31;1m[Clan] Aka :[0m i accept bribes[0m
[12:14] [0m[31;1m[Clan] Bruce :[0m i got good bantz and great legs[0m
[12:14] [0m[31;1m[Clan] Aka :[0m we both get +gxp for genparty[0m
[12:14] [0m[31;1m[Clan] Aka :[0m the hand stuff you do is just bonus[0m
[12:14] [0m[31;1m[Clan] Bruce :[0m got room for a mighty timmah?[0m
[12:14] [0m[31;1m[Clan] Bruce :[0m i'll ask lots of annoying questions[0m
[12:14] [0m[31;1m[Clan] Aka :[0m i do, i'll ignore most of them[0m
[12:14] [0m[31;1m[Clan] Bruce :[0m whine[0m
[12:14] [0m[31;1m[Clan] Ser :[0m hey i can come too[0m
[12:15] [0m[31;1m[Clan] Ser :[0m no wait tryna finish section z[0m
[12:18] [0mYou can currently reforge 8 items.[0m
[12:40] [0m[31;1m[Clan] Aka :[0m ser you can definitely join when you hop gentok[0m
[12:46] [0m[32mGlorfindel tells you:[0m Can you explain to me what gaslighting means?[0m
[12:46] [0m[34;1mXiu shouts:[0m i think it's what they used before the electric light bulb.[0m
[12:47] [0m[34;1mElminster shouts:[0m it doesnt mean anything, dont worry about it[0m
[12:47] [0m[34;1mLance shouts:[0m It isnt realy, and you are crazy for asking me[0m
[12:47] [0m[34;1mChrys shouts:[0m it's what happens after you eat taco bell in a car and start[0m
[12:47] [0m              the engine[0m
[12:47] [0m[34;1mAlassra shouts:[0m it was a ye olde England thing[0m
[12:47] [0m[34;1mEnder shouts:[0m psychological manipulation. Or a blue angel.[0m
[12:47] [0m[34;1mSinahi shouts:[0m psychological manipulation --- not cool[0m
[12:47] [0m[34;1mEcholoc shouts:[0m down with pants[0m
[12:47] [0m[34;1mSarge shouts:[0m put your head between you knees and strike a match[0m
[12:48] [0m[34;1mMentok shouts:[0m Gas lighting is when you cook with propane[0m
[12:48] [0m[34;1mChrys shouts:[0m pants are cool, everyone wear pants (reverse psychology)[0m
[12:48] [0m[34;1mElminster shouts:[0m maybe this will be a new sii power[0m
[12:48] [0m[34;1mGlorfindel shouts:[0m I like it[0m
[12:49] [0m[34;1mGlorfindel shouts:[0m Flaxen will definitely approve[0m
[12:49] [0m[34;1mWhoknows shouts:[0m sticking their heads between their knees and strking a[0m
[12:49] [0m                 match?[0m
[12:49] [0m[34;1mChrys shouts:[0m I sii what you did there.[0m
[12:50] [0m[34;1mZiphe shouts:[0m I can sii clearly now, the brain is gone[0m
[12:52] [0m[34;1mEcholoc shouts:[0m I had a brain THIIIIISSSS big, i took exceredin and POOF its[0m
[12:52] [0m                gone.[0m
[12:53] [0m[34;1mSarge shouts:[0m since the creator of the sii guild said 'you decide how it's[0m
[12:53] [0m              pronounced', i'm gonna pronounce it 'elephant'[0m
[12:54] [0m[34;1mSarge shouts:[0m just to make all these bad jokes that much weirder, really[0m
[12:58] [0m[31;1m[Clan] Ser :[0m i think if i had like 100 more resistance/stamina i would be[0m
[12:58] [0m             killing the tank game[0m
[13:00] [0mTimmy <.oO>: TIMMAH[0m
[13:00] [0mZiphe <.oO>: timmy?[0m
[13:03] [0m[31;1m[Clan] Oscar :[0m how many years of gxp is that[0m
[13:06] [0m[34;1mEcholoc shouts:[0m rocking the suburbs![0m
[13:17] [0m[31;1m[Clan] Ser :[0m maybe some[0m
[13:19] [0m[34;1mLocrian shouts:[0m Sorry....not sorry.[0m
[13:20] [0mEcholoc <.oO>: nice[0m
[13:20] [0m[34;1mHooligan shouts:[0m woooooo[0m
[13:20] [0m[34;1mElminster shouts:[0m Holy![0m
[13:20] [0m[34;1mColson shouts:[0m lots of big letters![0m
[13:20] [0m[34;1mAlassra shouts:[0m ug bards![0m
[13:20] [0mHooligan <.oO>: welcome ![0m
[13:20] [0m[34;1mFlaxen shouts:[0m welp, time to change that bit of code[0m
[13:20] [0m[34;1mFlaxen shouts:[0m the bit that lets players level, that is[0m
[13:25] [0m[34;1mXiu shouts:[0m should probably just prune the "advance" command entirely,[0m
[13:25] [0m            that'll take care of stats and mskills as well.[0m
[13:26] [0m[34;1mGlorfindel shouts:[0m We'll just upgrade smurfs[0m
[13:28] [0m[34;1mLocrian shouts:[0m no pruning advance! you crotchety bastids.[0m
[13:36] [0mYou can currently reforge 12 items.[0m
[13:50] [0mYou can currently reforge 0 items.[0m
[14:25] [0m[34;1mTimmy shouts:[0m TIMMAH[0m
[14:36] [0m[31;1m[Clan] Ser :[0m oo christmas boons[0m
[14:37] [0mYou can currently reforge 4 items.[0m
[14:47] [0m[31;1m[Clan] Oscar :[0m man great time for next boot too[0m
[14:47] [0m[31;1m[Clan] Nix :[0m with the 12 days of xmas[0m
[14:47] [0m[31;1m[Clan] Oscar :[0m ya[0m
[14:48] [0m[31;1m[Clan] Oscar :[0m will.be like day 4 thru 12[0m
[14:48] [0m[31;1m[Clan] Gik :[0m i just wish we got to keep the slime for a week![0m
[14:48] [0m[31;1m[Clan] Oscar :[0m yeah, slime is sweet[0m
[14:53] [0m[31;1m[Clan] Ser :[0m i dont understand slime[0m
[14:55] [0m[31;1m[Clan] Gik :[0m so far ive only leveled one a lil on my sii, kept missin it on[0m
[14:55] [0m             my necro[0m
[14:56] [0m[31;1m[Clan] Oscar :[0m slime dies too easy[0m
[14:56] [0m[31;1m[Clan] Nix :[0m yeah kinda bullshit[0m
[14:56] [0m[31;1m[Clan] Nix :[0m we should be able to get it back for the week of xmas[0m
[14:56] [0m[31;1m[Clan] Oscar :[0m should be a perm thing[0m
[14:56] [0m[31;1m[Clan] Oscar :[0m instead of just xmas[0m
[14:56] [0m[31;1m[Clan] Oscar :[0m its fuckin awesome[0m
[14:57] [0m[31;1m[Clan] Oscar :[0m and not exactly xmas themed at all[0m
[14:57] [0m[31;1m[Clan] Aka :[0m i like how we get bill cosby'd with it[0m
[14:57] [0m[31;1m[Clan] Gik :[0m pill cosby[0m
[14:57] [0m[31;1m[Clan] Oscar :[0m lol wut[0m
[14:57] [0m[31;1m[Clan] Oscar :[0m oh the xmas flask?[0m
[14:57] [0m[31;1m[Clan] Aka :[0m it's just sort of in our drink haha[0m
[14:57] [0m[31;1m[Clan] Aka :[0m yeah xmas flask[0m
[15:35] [0m[34;1mGik shouts:[0m ima need a lil more, please[0m
[15:40] [0m[31;1m[Clan] Ser :[0m i havent left section z for hours[0m
[15:41] [0m[31;1m[Clan] Aka :[0m haha i just got here and am gonna hang for hours myself[0m
[15:41] [0m[31;1m[Clan] Aka :[0m until i get to that boss that killed me Zamasu or something[0m
[15:41] [0mYou can currently reforge 8 items.[0m
[15:41] [0m[31;1m[Clan] Aka :[0m must have a radiation special or something, idk[0m
[15:41] [0m[31;1m[Clan] Aka :[0m that's the only shield i don't have[0m
[15:45] [0mYou can currently reforge 0 items.[0m
[15:46] [0m[31;1m[Clan] Nix :[0m i've been in z forever too[0m
[15:47] [0m[31;1m[Clan] Nix :[0m im doing scaler 125[0m
[15:51] [0m[31;1m[Clan] Ser :[0m that's what i'm doing[0m
[15:53] [0m[32mKerym says: [0mWell met, Swordbrother Dangerzone, May the Seldarine's Blessings be upon you.[0m
[15:56] [0m[31;1m[Clan] Ser :[0m glazed was doing max scaler[0m
[15:57] [0m[31;1m[Clan] Ser :[0m i'll probably stick around 125-130 tops until i get more[0m
[15:57] [0m             defense/offense[0m
[16:02] [0m[31;1m[Clan] Ser :[0m breed really are best for that sort of area, since deflect[0m
[16:02] [0m             reflects specials[0m
[16:02] [0m[31;1m[Clan] Ser :[0m i'll have to test sock out in there...  maybe quest [0m
[16:02] [0m             ¯\_(ツ)_/¯[0m
[16:03] [0m[31;1m[Clan] Nix :[0m yeah i should start playing nix(breed) more[0m
[16:03] [0m[31;1m[Clan] Nix :[0m now that gentech got nerfed[0m
[16:03] [0m[31;1m[Clan] Nix :[0m first goal is to finish off bard gl and then pass orgrim[0m
[16:09] [0mBahram <.oO>: woooo![0m
[16:18] [0m[31;1m[Clan] Ser :[0m i've made 20bil so far this boot, and i've barely touched[0m
[16:18] [0m             anywhere but section z[0m
[16:20] [0m[31;1m[Clan] Prism :[0m hihi[0m
[16:22] [0m[31;1m[Clan] Nix :[0m nod im about 30.5B and the same[0m
[16:22] [0m[31;1m[Clan] Nix :[0m if i clear it i'll probably reset it[0m
[16:22] [0m[37;1mDy flaps :[0m Whatnever![0m
[16:26] [0m[37;1mDy flaps :[0m I am not a bot![0m
[16:28] [0m[31;1m[Clan] Ser :[0m zamuza[0m
[16:28] [0m[31;1m[Clan] Ser :[0m killing him now[0m
[16:29] [0m[31;1m[Clan] Aka :[0m use your psi power to see what damage specials he's got[0m
[16:29] [0m[37;1mDy flaps :[0m Oh dang, a beer and donut truck had a collision on the freeway.[0m
[16:29] [0m           Police arrived on the scene in record time![0m
[16:29] [0m[31;1m[Clan] Ser :[0m smooth and glowing[0m
[16:30] [0m[31;1m[Clan] Ser :[0m critical hits, can block, fearless, berserk[0m
[16:30] [0m[31;1m[Clan] Ser :[0m nix lmk when you're done[0m
[16:30] [0m[31;1m[Clan] Ser :[0m i'll take reset[0m
[16:32] [0m[37;1mDy flaps :[0m Someone tells you:[0m
[16:34] [0m[31;1m[Clan] Nix :[0m nod will let you know[0m
[16:34] [0m[31;1m[Clan] Ser :[0m ok i dont think i was anywhere near done[0m
[16:41] [0mYou can currently reforge 4 items.[0m
[16:46] [0m[31;1m[Clan] Aka :[0m oo is glowing radiation damage in psicorps translation?[0m
[16:51] [0m[31;1m[Clan] Ser :[0m yah[0m
[17:01] [0m[31;1m[Clan] Ser :[0m i keep not running across green ones[0m
[17:01] [0m[37;1mCaeli flaps :[0m I'm not sure how to process this....[0m
[17:01] [0m[37;1mCaeli flaps :[0m My son is getting a divorce because his soon ex-wife cheated[0m
[17:01] [0m              on him.[0m
[17:02] [0m[37;1mCaeli flaps :[0m But I am grateful to her because she was the reason I have a[0m
[17:02] [0m              good relationship with my son.[0m
[17:03] [0m[37;1mEcholoc flaps :[0m you can be grateful and still honor family :)[0m
[17:04] [0m[37;1mMentok flaps :[0m Im afraid I cannot give a solid answer. I was cheated on by[0m
[17:04] [0m               my ex. I do not hate her for it, But it was my wound to bare.[0m
[17:04] [0m               I wouldnt want my mother or father to carry that wound for[0m
[17:04] [0m               me.[0m
[17:05] [0m[37;1mMentok flaps :[0m I would advise you leave her in the past and work to keep[0m
[17:05] [0m               that relation you have now, strong.[0m
[17:07] [0m[37;1mGik flaps :[0m if that doesnt work, i run a self-help and synergy workshop out[0m
[17:07] [0m            of chokeberry falls that anyone can attend[0m
[17:15] [0m[37;1mSer flaps :[0m shameless self-promotion?[0m
[17:15] [0m[37;1mCaeli flaps :[0m I just...blah. Why?  Not like he abused her, cheated on her or[0m
[17:15] [0m              anything. He gave her everything she wanted.[0m
[17:18] [0m[37;1mDy flaps :[0m SWM 42 looking for love. I like long walks off short cliffs and[0m
[17:18] [0m           playing chicken on the freeway.[0m
[17:19] [0m[37;1mDy flaps :[0m Oh and a million dollar life insurance policy.[0m
[17:19] [0m[37;1mDy flaps :[0m xD[0m
[17:21] [0m[37;1mGik flaps :[0m some would blame society, some would blame biology, heck maybe[0m
[17:21] [0m            we arent even supposed to be monogamous, or maybe we can be[0m
[17:21] [0m            anything we want[0m
[17:22] [0m[37;1mCaeli flaps :[0m So, that's the rub. They're poly. No need to cheat, just[0m
[17:22] [0m              communicate.[0m
[17:25] [0m[37;1mMentok flaps :[0m sometimes there are no answers to find. No closure.[0m
[17:31] [0m[34;1mSer shouts:[0m please allow inserting memes into chat thanks[0m
[17:33] [0m[31;1m[Clan] Nix :[0m they are definitely rarer[0m
[17:36] [0m[37;1mCaeli flaps :[0m Ok, later all. D&D time.[0m
[17:41] [0mYou can currently reforge 8 items.[0m
[17:44] [0m[37;1mFrank flaps :[0m wut  isn't this d&d?[0m
[17:44] [0m[37;1mFrank flaps :[0m more efficient d&d[0m
[17:44] [0m[37;1mGik flaps :[0m shillelagh, shillelagh![0m
[17:45] [0m[37;1mSpace flaps :[0m DnD requires script to play for you? cos 3k does re:efficiency[0m
[17:51] [0m[37;1mSer flaps :[0m roll for initiative[0m
[17:54] [0m[32;1mFrom afar, Ser pokes you in the ribs.[0m[0m
[17:54] [0m[32mSer tells you:[0m you want xp?[0m
[18:03] [0m[34;1mDin shouts:[0m that would literally make the mud unplayable[0m
[18:04] [0mYou can currently reforge 5 items.[0m
[18:04] [0mYou can currently reforge 0 items.[0m
[18:05] [0m[34;1mFrank shouts:[0m hmm vote to wipe ser?[0m
[18:06] [0m[34;1mZiphe shouts:[0m uh oh :([0m
[18:06] [0m[34;1mPrism shouts:[0m I vote no![0m
[18:06] [0m[34;1mNix shouts:[0m Nay![0m
[18:06] [0m[34;1mStasis shouts:[0m If anyone has an immunity necklace, now is the time to play[0m
[18:06] [0m               it[0m
[18:10] [0m[34;1mOscar shouts:[0m give him another year to finally get to the mid level psicorp[0m
[18:11] [0m[31;1m[Clan] Ser :[0m tracert/traceroute xmsg.cfs.works[0m
[18:12] [0m[34;1mStasis shouts:[0m but if we don't stop him now he'll get too powerful and kill[0m
[18:12] [0m               us all.[0m
[18:13] [0m[34;1mFrank shouts:[0m ser wore the immunity necklace, he's safe...plus he did some[0m
[18:13] [0m              chores for me[0m
[18:13] [0m[34;1mSer shouts:[0m tracert xmsg.cfs.works[0m
[18:16] [0m<- ! The Vigilant ! -> :  A destabilization Kayos event has been detected in[0m
[18:16] [0m                          Deserts of Fantasy!  We are localizing it now -[0m
[18:16] [0m                          get ready![0m
[18:41] [0mYou can currently reforge 4 items.[0m
[18:45] [0m[31;1m[Clan] Nix :[0m ser im still in here =P[0m
[18:49] [0m[31;1m[Clan] Ser :[0m me too[0m
[19:41] [0mYou can currently reforge 8 items.[0m
[20:18] [0m[31;1m[Clan] Ser :[0m nix ur still in there too eh[0m
[20:18] [0m[31;1m[Clan] Nix :[0m yea[0m
[20:18] [0m[31;1m[Clan] Ser :[0m if oscar would come and pew pew i might do more damage[0m
[20:18] [0m[31;1m[Clan] Nix :[0m it just keeps going on and on and on[0m
[20:19] [0m[31;1m[Clan] Ser :[0m i've still got like 98 more steps in path[0m
[20:20] [0m[31;1m[Clan] Ser :[0m err 96[0m
[20:20] [0m[31;1m[Clan] Nix :[0m i wouldn't know how to figure that out lol[0m
[20:23] [0m[31;1m[Clan] Nix :[0m im determined to finish this tonight[0m
[20:23] [0m[31;1m[Clan] Ser :[0m i dont think i can[0m
[20:23] [0m[31;1m[Clan] Ser :[0m what is the reward[0m
[20:24] [0m[31;1m[Clan] Nix :[0m access to another area.. and the end item apparently let's you[0m
[20:24] [0m             clone an item in a sense and wear it as an unknown[0m
[20:24] [0m[31;1m[Clan] Nix :[0m or so i've heard[0m
[20:25] [0m[31;1m[Clan] Ser :[0m hmmmmmmmmmmmmm[0m
[20:27] [0m[34;1mJasmine shouts:[0m I like big bots and I cannot lie![0m
[20:41] [0mYou can currently reforge 12 items.[0m
[21:18] [0mnewb Chet [bard/18]: is there any way to tell the alignment of a creature[0m
[21:18] [0m                     before killing it?[0m
[21:18] [0mnewb Morvant [mage/62]: bards probably have a know alignment spell[0m
[21:18] [0mnewb Din [bladesinger/132]: many guilds can[0m
[21:18] [0mnewb Wiener [knight/133]: Typically a guild-by-guild thing.  I suspect bards[0m
[21:18] [0m                          have something, but I'm extra rusty on bards[0m
[21:18] [0mnewb Din [bladesinger/132]: bards, knights, bladesingers, priests...[0m
[21:19] [0mnewb Chet [bard/18]: ok, cool, thanks![0m
[21:19] [0mnewb Locrian [bard/111]: at glvl 24, you can cast know alignment.[0m
[21:20] [0mnewb Ellegon [juggernaut/119]: juggs can as well. eventually.[0m
[21:20] [0mnewb Chet [bard/18]: awesome! Thanks again Locrian[0m
[21:20] [0mnewb Locrian [bard/111]: any time![0m
[21:23] [0mnewb Chet [bard/18]: what just happened to Oscar?[0m
[21:23] [0mnewb Whoknows [priest/134]: mage go boom[0m
[21:23] [0mnewb Locrian [bard/111]: he's a mage, so he probably had too much saturation[0m
[21:23] [0m                         and exploded.[0m
[21:23] [0mnewb Alassra [necromancer/134]: what happens to all of us eventually[0m
[21:24] [0mnewb Chet [bard/18]: mage go boom-boom?[0m
[21:24] [0mnewb Locrian [bard/111]: yep yep[0m
[21:24] [0mnewb Heimdall [juggernaut/90]: partly because hes a mage, but also partly[0m
[21:24] [0m                               because its oscar[0m
[21:24] [0mnewb Chet [bard/18]: lol[0m
[21:24] [0mnewb Locrian [bard/111]: yep to that too[0m
[21:24] [0mnewb Whoknows [priest/134]: din goes splat[0m
[21:24] [0mnewb Chet [bard/18]: what's the command to see boot stats again?[0m
[21:25] [0mnewb Chet [bard/18]: like most deaths this boot[0m
[21:25] [0mnewb Locrian [bard/111]: just type stats and you'll see all stat boosts[0m
[21:25] [0mnewb Chet [bard/18]: that's my stats, isn't it?[0m
[21:26] [0mnewb Chet [bard/18]: and stat modifiers and such[0m
[21:26] [0mnewb Heimdall [juggernaut/90]: you can use deathhist for the most recent[0m
[21:26] [0m                               deaths[0m
[21:27] [0mnewb Chrys [fremen/111]: ignore any of my deaths though, they didn't happen[0m
[21:27] [0m                         if we all ignore them.[0m
[21:28] [0mnewb Chet [bard/18]: that's kind of neat, but there was a command that[0m
[21:28] [0m                     showed damage dealt and other stuff like that[0m
[21:28] [0mnewb Heimdall [juggernaut/90]: bard pstats or somesuch[0m
[21:28] [0mnewb Heimdall [juggernaut/90]: better to ask bard questions on the bard line[0m
[21:28] [0mnewb Chrys [fremen/111]: yeah otherwise you make us all jelous of bards.[0m
[21:29] [0mnewb Chet [bard/18]: hm,.. maybe it was a gentech thing, then[0m
[21:41] [0mYou can currently reforge 12 items.[0m
[21:55] [0m[31;1m[Clan] Nix :[0m i beat it finally[0m
[22:03] [0m[31;1m[Clan] Ser :[0m long way to go here i think[0m
[22:29] [0mnewb Chet [bard/19]: how reliable is 'examine' to determine weapons'[0m
[22:29] [0m                     ratings?[0m
[22:30] [0mnewb Ellegon [juggernaut/119]: is cursory a good answer?[0m
[22:30] [0mnewb Chet [bard/19]: if that's what it is, I guess so[0m
[22:30] [0mnewb Chet [bard/19]: I take that to be plus or minus 50%[0m
[22:31] [0mnewb Ellegon [juggernaut/119]: ya, like if youve never seen ornwielded it[0m
[22:31] [0m                               before. exa can tell you if its hot garbage.[0m
[22:31] [0m                               but it cant tell you if its any better than[0m
[22:31] [0m                               ok.[0m
[22:32] [0mnewb Ellegon [juggernaut/119]: so not plus or minus 50%, just junk vs[0m
[22:32] [0m                               "should i wield this?"[0m
[22:32] [0mnewb Stasis [elemental/135]: there's definitely a reason that people 'vaf[0m
[22:32] [0m                             showwc' some guilds have an ability to[0m
[22:32] [0m                             determine approc weapon class also. some[0m
[22:32] [0m                             necros, knights, etc[0m
[22:33] [0mnewb Stasis [elemental/135]: i think bard have an item eval?[0m
[22:33] [0mnewb Adalius [Admin]: You can't always tell from examining if the weapon[0m
[22:33] [0m                      does anything 'special' either.[0m
[22:33] [0mnewb Wiener [knight/133]: Yep, lore.[0m
[22:33] [0mnewb Chet [bard/19]: so if a weapon is cheap instead of worthless it's[0m
[22:33] [0m                     better?[0m
[22:34] [0mnewb Din [bladesinger/132]: the appraisal mskill makes just looking at a[0m
[22:34] [0m                            piece of gear moderately informative[0m
[22:34] [0mnewb Chet [bard/19]: it works with weapons?[0m
[22:35] [0mnewb Ellegon [juggernaut/119]: But theres much better mskills to invest in,[0m
[22:35] [0m                               even if noone was online, you could just[0m
[22:35] [0m                               wield it and see for yourself.[0m
[22:35] [0mnewb Ser [psicorps/136]: however it is a prerequisite for showac/showwc if[0m
[22:35] [0m                         you should choose to vaf for them[0m
[22:36] [0mnewb Din [bladesinger/132]: 'wield it and see for yourself' is a pretty[0m
[22:36] [0m                            terrible gauge of weapons when you don't know[0m
[22:36] [0m                            what the target's defenses are like[0m
[22:37] [0mnewb Din [bladesinger/132]: 'wear it and see for yourself' is even worse,[0m
[22:37] [0m                            because you almost certainly don't know what[0m
[22:37] [0m                            you're getting hit with[0m
[22:38] [0mnewb Ellegon [juggernaut/119]: well we're talking newbie advice here, not[0m
[22:38] [0m                               level 100+[0m
[22:38] [0mnewb Din [bladesinger/132]: which is why i said what i said[0m
[22:38] [0mnewb Din [bladesinger/132]: lvl 100+ you care less about things like wc/ac[0m
[22:39] [0mnewb Din [bladesinger/132]: guild depending[0m
[22:39] [0mnewb Ellegon [juggernaut/119]: and if you rock it wielding a laser sword vs[0m
[22:39] [0m                               bruise it with a knife, you can tell which is[0m
[22:39] [0m                               better.[0m
[22:39] [0mnewb Chet [bard/19]: but then there's damage types...[0m
[22:39] [0mnewb Din [bladesinger/132]: exactly my point[0m
[22:40] [0mnewb Chet [bard/19]: so it might be relatively straightforward to compare[0m
[22:40] [0m                     two swords[0m
[22:40] [0mnewb Din [bladesinger/132]: not if you don't know what damage type they're[0m
[22:40] [0m                            doing or what the mobs defenses are[0m
[22:40] [0mnewb Chet [bard/19]: but it's a crapshoot when you're comparing different[0m
[22:40] [0m                     damage-typed weapons, right?[0m
[22:40] [0mnewb Ellegon [juggernaut/119]: hes just saying theres depth to it, but we're[0m
[22:40] [0m                               both right.[0m
[22:40] [0mnewb Ser [psicorps/136]: w showwc i can exa a weapon and it says 40 edged wc[0m
[22:40] [0m                         or 60 energy wc[0m
[22:41] [0mnewb Din [bladesinger/132]: i don't know if it's still true, probably is,[0m
[22:41] [0m                            but there are (or at least were) flamethrowers[0m
[22:41] [0m                            that do edged damage.  you can't tell anything[0m
[22:41] [0m                            with 'try it and see'[0m
[22:41] [0mnewb Ser [psicorps/136]: w appraisal you dont get the #, but a word[0m
[22:41] [0mnewb Ser [psicorps/136]: but you still get the dtype[0m
[22:41] [0mnewb Chet [bard/19]: even for weapons?[0m
[22:41] [0mnewb Din [bladesinger/132]: for low values you get a number, though it's[0m
[22:41] [0m                            rather vague[0m
[22:41] [0mYou can currently reforge 12 items.[0m
[22:41] [0mnewb Chrys [fremen/111]: you can generally tell damage type by how the[0m
[22:41] [0m                         corpses look as well[0m
[22:41] [0mnewb Chrys [fremen/111]: or could , I imagine you still can[0m
[22:42] [0mnewb Din [bladesinger/132]: for weapons you get a number unless it's 16+,[0m
[22:42] [0m                            because 16+ used to be where things were[0m
[22:42] [0m                            considered pretty good[0m
[22:42] [0mnewb Chet [bard/19]: and is that number pretty reliable?[0m
[22:42] [0mnewb Din [bladesinger/132]: yes[0m
[22:42] [0mnewb Din [bladesinger/132]: though in today's 3k, if you get a number other[0m
[22:42] [0m                            than 'it's over 15' the weapon is crap[0m
[22:43] [0mnewb Chet [bard/19]: even at my meager level?[0m
[22:43] [0mnewb Din [bladesinger/132]: 40 is the new 16[0m
[22:43] [0mnewb Din [bladesinger/132]: yes[0m
[22:43] [0mnewb Ellegon [juggernaut/119]: which goes back to what i said. especially at[0m
[22:43] [0m                               level 19.[0m
[22:43] [0mnewb Din [bladesinger/132]: basically if it doesn't say you have to be level[0m
[22:43] [0m                            17 to wield, it's trash[0m
[22:44] [0mnewb Din [bladesinger/132]: 17+[0m
[22:44] [0mnewb Chet [bard/19]: hm, and how am I supposed to get my hands on equipment[0m
[22:44] [0m                     like that?[0m
[22:44] [0mnewb Alassra [necromancer/134]: get strong, make friends :D[0m
[22:44] [0mnewb Din [bladesinger/132]: fight stuff, see what drops[0m
[22:45] [0mnewb Din [bladesinger/132]: lots of pretty decent weapons for your size are[0m
[22:45] [0m                            on mobs under 40k[0m
[22:45] [0mnewb Chet [bard/19]: it doesn't seem to drop in any area I can get to[0m
[22:45] [0mnewb Stasis [elemental/135]: check the bard donation bin?[0m
[22:45] [0mnewb Wiener [knight/133]: YOur guild has a box for people to share eq.  You[0m
[22:45] [0m                          can borrow from that[0m
[22:45] [0mnewb Din [bladesinger/132]: and 40ks aren't too far in the future for you,[0m
[22:45] [0m                            i'd wager[0m
[22:46] [0mnewb Chet [bard/19]: you're probably right[0m
[22:46] [0mnewb Stasis [elemental/135]: cancer's shop too. once you have an idea of[0m
[22:46] [0m                             what to look for. laser swords are nice and[0m
[22:46] [0m                             cheap[0m
[22:46] [0mnewb Chrys [fremen/111]: unless they have changed laser swords are energy[0m
[22:46] [0m                         damage and nobreak I think which is pretty great[0m
[22:46] [0mnewb Din [bladesinger/132]: i don't think they're nobreak, are they?[0m
[22:47] [0mnewb Alassra [necromancer/134]: not as long as I've played, but I did have a[0m
[22:47] [0m                                long gap, so maybe they changed in that time[0m
[22:47] [0mnewb Chrys [fremen/111]: think they used to be, unless it was the lightning[0m
[22:47] [0m                         sword I'm thinking of[0m
[22:47] [0mnewb Alassra [necromancer/134]: they're not enchanted, so you can actually[0m
[22:47] [0m                                make them stronger too[0m
[22:55] [0m[Auction] Robert : Up for bids: Willie's Kilt.[0m
[22:55] [0m[Auction] Robert : Gilgalal has requested 420 as the opening offer.[0m
[22:56] [0m[Auction] Robert : Oh, come on... just 420 coins?[0m
[22:56] [0m[Auction] Robert : Fine, bollocks to the lot of you[0m
[23:19] [0mEllegon <.oO>: woot[0m
[23:20] [0mLocrian <.oO>: Yay![0m
[23:22] [0mnewb Chrys [fremen/111]: don't worry, death isn't that bad[0m
[23:23] [0mnewb Chet [bard/19]: ah, yeah[0m
[23:23] [0mnewb Chet [bard/19]: ironically enough, I'd killed a bunch of those and was[0m
[23:23] [0m                     reading up on hardcore characters[0m
[23:24] [0mnewb Chrys [fremen/111]: heh, well death is bad for hardcore chars[0m
[23:26] [0mnewb Chet [bard/19]: uhm, what can you do with your own corpse?[0m
[23:26] [0mnewb Inix [juggernaut/139]: sever nads[0m
[23:26] [0mnewb Stasis [elemental/135]: this is a judgment free zone[0m
[23:27] [0mnewb Chet [bard/19]: really![0m
[23:27] [0mnewb Chet [bard/19]: interesting...[0m
[23:27] [0mnewb Chrys [fremen/111]: you can preserve it as well or get a coffin from[0m
[23:27] [0m                         the morgue and stick it in there[0m
[23:27] [0mnewb Chrys [fremen/111]: you might be able to chop it up into dog food as[0m
[23:27] [0m                         well[0m
[23:27] [0mnewb Chrys [fremen/111]: so many options!![0m
[23:27] [0mnewb Fluffy [changeling/135]: i liked to dress mine up and have a tea party[0m
[23:28] [0mnewb Chrys [fremen/111]: fluffy = mad hatter[0m
[23:28] [0mnewb Chet [bard/19]: I think I'll keep it on ice for a while, while I make[0m
[23:28] [0m                     up my mind[0m
[23:28] [0mnewb Chet [bard/19]: I feel like there a so many opportunities[0m
[23:29] [0mnewb Chet [bard/19]: and just one dead body...[0m
[23:29] [0mnewb Chet [bard/19]: maybe if I collected more?[0m
[23:29] [0mnewb Chrys [fremen/111]: no worries you can always die a bunch more and save[0m
[23:29] [0m                         up corpses[0m
[23:29] [0mnewb Chet [bard/19]: I can actually sell my corpses, too[0m
[23:29] [0mnewb Chet [bard/19]: There's a fairly profitable spot in newbieland[0m
[23:29] [0mnewb Chet [bard/19]: Let's see...[0m
[23:30] [0mnewb Chrys [fremen/111]: ther ewas a movie where the guy kept killing[0m
[23:30] [0m                         himself and using clones for a magic trick[0m
[23:30] [0mnewb Chrys [fremen/111]: so you can basically do that[0m
[23:30] [0mnewb Chet [bard/19]: If I can die and pick up my corpse as fast as possible,[0m
[23:30] [0m                     how much money could I make?[0m
[23:30] [0mnewb Fluffy [changeling/135]: the prestige ...[0m
[23:30] [0mnewb Chrys [fremen/111]: yeah thats it heh[0m
[23:31] [0mnewb Chrys [fremen/111]: explains why mages die so much on here[0m
[23:31] [0mnewb Stasis [elemental/135]: i mean the xp penalty for dying has to be[0m
[23:31] [0m                             capped somewhere.. right?[0m
[23:31] [0mnewb Chet [bard/19]: there's a body after the explosion?[0m
[23:31] [0mnewb Chrys [fremen/111]: body is a loose term[0m
[23:32] [0mnewb Fluffy [changeling/135]: different guilds/items use them differently[0m
[23:32] [0m                              ... mostly corpse-to-guild points .. mana ...[0m
[23:32] [0m                              power .. karma ... etc[0m
[23:32] [0mnewb Chrys [fremen/111]: seriously though you should get a coffin from the[0m
[23:32] [0m                         morgue[0m
[23:32] [0mnewb Ellegon [juggernaut/119]: water[0m
[23:32] [0mnewb Chrys [fremen/111]: it's listed on the dmap[0m
[23:32] [0mnewb Chet [bard/19]: I've got one of those already[0m
[23:32] [0mnewb Chrys [fremen/111]: sweet[0m
[23:32] [0mnewb Chet [bard/19]: my corpse is sitting pretty in there[0m
[23:33] [0mnewb Chet [bard/19]: I do have to see how much I can get from my own corpse[0m
[23:33] [0mnewb Fluffy [changeling/135]: tree fiddy[0m
[23:34] [0mnewb Chet [bard/19]: free tiddy?[0m
[23:35] [0mnewb Whoknows [priest/134]: buck the trend, just say no to corpses[0m
[23:35] [0mnewb Chet [bard/19]: 174 coins[0m
[23:35] [0mnewb Chrys [fremen/111]: what...and ...leave them rotting on the ground!!![0m
[23:36] [0mnewb Chrys [fremen/111]: seriously if you get rich dying and selling your[0m
[23:36] [0m                         corpse they need to make a southpark episode about[0m
[23:36] [0m                         it[0m
[23:36] [0mnewb Ellegon [juggernaut/119]: no, chop head[0m
[23:36] [0mnewb Chet [bard/19]: well I'd have to take about 30 seconds per cycle for it[0m
[23:36] [0m                     to be worth anything[0m
[23:37] [0mnewb Chet [bard/19]: it's somewhat feasable[0m
[23:39] [0mnewb Chet [bard/19]: I think I'll try it after boot[0m
[23:39] [0mnewb Chrys [fremen/111]: I think the death spam might get you in trouble[0m
[23:39] [0m                         actually if you did[0m
[23:39] [0mnewb Stasis [elemental/135]: you'll never level again too...[0m
[23:40] [0mnewb Chet [bard/19]: really?[0m
[23:40] [0mnewb Stasis [elemental/135]: significant -xp penalty to dying[0m
[23:40] [0mnewb Chet [bard/19]: I don't think it's so bad at my level[0m
[23:41] [0mnewb Chet [bard/19]: I actually don't even know if I got one[0m
[23:41] [0mnewb Fluffy [changeling/135]: you kill smurfs to get xp, like everyone else[0m
[23:41] [0m                              ... AND like it![0m
[23:41] [0mnewb Fluffy [changeling/135]: or i'll turn this mud around![0m
[23:41] [0mnewb Stasis [elemental/135]: i used (resurrect on you that last time ;)[0m
[23:41] [0mnewb Chet [bard/19]: wait, what?[0m
[23:41] [0mnewb Chet [bard/19]: You go through the gates even if you're resurected by[0m
[23:41] [0m                     someone?[0m
[23:41] [0mnewb Chrys [fremen/111]: he jesusfied you[0m
[23:42] [0mnewb Stasis [elemental/135]: yeah[0m
[23:42] [0mnewb Locrian [bard/111]: LIVE![0m
[23:42] [0mnewb Stasis [elemental/135]: just removes the xp penalty[0m
[23:42] [0mnewb Chet [bard/19]: well darned[0m
[23:42] [0mnewb Chet [bard/19]: thanks, a bunch then[0m
[23:42] [0mnewb Stasis [elemental/135]: just glad you dodn[0m
[23:42] [0mnewb Stasis [elemental/135]: just glad you didn't murder yourself 10 more[0m
[23:42] [0m                             times haha[0m
[23:42] [0mnewb Chet [bard/19]: lol[0m
[23:42] [0mnewb Chet [bard/19]: that would've been such a waste, right?[0m
[23:43] [0mnewb Stasis [elemental/135]: i mean, coins[0m
[23:44] [0mnewb Chet [bard/19]: it costs coins to resurect people?[0m
[23:45] [0mnewb Stasis [elemental/135]: i mean, coins are cool. maybe it's worth it![0m
[23:45] [0mnewb Stasis [elemental/135]: i think priest and necro reses are very[0m
[23:45] [0m                             expensive though[0m
[23:46] [0mnewb Chet [bard/19]: yeah, I wouldn't want anyone wasting resources on my[0m
[23:46] [0m                     stupid test[0m
[23:47] [0mnewb Chet [bard/19]: my body came out of the coffin as Tensor's, btw. I[0m
[23:47] [0m                     somehow feel important.[0m
[23:47] [0mnewb Stasis [elemental/135]: that's a nice upgrade![0m
[23:47] [0mnewb Stasis [elemental/135]: rez that one[0m
[23:49] [0mnewb Chet [bard/19]: ... are you saying someone can rez the body?[0m
[23:49] [0mnewb Chet [bard/19]: but you rezzed me, didn't you?[0m
[23:49] [0mnewb Chet [bard/19]: and there was still a body...[0m
[23:50] [0mnewb Stasis [elemental/135]: no. finger tensor[0m
[23:50] [0mnewb Chrys [fremen/111]: buy him a coffee first though[0m
[23:50] [0mnewb Stasis [elemental/135]: laf[0m
[23:51] [0mnewb Chet [bard/19]: he's logged out for 3 days?[0m
[23:51] [0mnewb Chet [bard/19]: and retired, yeah, but for 3 days?[0m
[23:51] [0mnewb Stasis [elemental/135]: just saying if you could rez that corpse of[0m
[23:51] [0m                             tensor you'd have a pretty cool thing going on[0m
[23:51] [0m                             ;)[0m
[23:51] [0mnewb Chet [bard/19]: oh, ok[0m
[23:52] [0mnewb Chet [bard/19]: a tensor zombie would be almost as cool as a the first[0m
[23:52] [0m                     zombie anyone's ever heard of[0m
