[00:02] [0m[32mYou say:[0m yo[0m
[00:10] [0m[35;1mTriorchid [Jedi(15)]:[0m does mastery just sort of randomly go up?[0m
[00:10] [0m[35;1mChaed [Jedi(AGM)]:[0m goes off the amount of time you spend in combat[0m
[00:11] [0m[35;1mTriorchid [Jedi(15)]:[0m just wanted to make sure I was in the right lane.  using saber and guide,[0m
[00:11] [0m                      so 'training' those just by having them going.[0m
[00:14] [0m[37;1m[JEDI]:[0m Ylenic It'kla arrives at the Academy.[0m
[00:16] [0m[35;1mChaed [Jedi(AGM)]:[0m ayup[0m
[00:22] [0m[35;1mTriorchid [Jedi(15)]:[0m just talking about it and it bumps[0m
[00:30] [0m[35;1mTriorchid [Jedi(15)]:[0m wow. more progress on ascension if I let this guy eat my face[0m
[00:34] [0m[33;1m[Clan] Nik leaves the game.[0m  [0m
[00:35] [0m[33;1m[Clan] Zik enters the game.[0m  [0m
[00:46] [0m[37;1m[JEDI]:[0m Bithoff Jonansaan arrives at the Academy.[0m
[00:54] [0mYour transmuter's stone bursts with 6 new colours![0m
[00:55] [0m[32mYou say:[0m SHAMA RAMA!  BIGGIE BIGGIE OH SO BIGGIE!  KLAMA RAMA RINGADINGADINGIEDING![0m
[01:20] [0m[37;1m[JEDI]:[0m Durnoth arrives at the Academy.[0m
[01:32] [0m[33;1m[Clan] Xaryl :[0m at Beloch[0m
[01:45] [0m[37;1m[JEDI]:[0m Alyssa K'tal arrives at the Academy.[0m
[01:47] [0m[33;1m[Clan] Archangel :[0m Hmm.. I got the Paul McCartney tanking blow.[0m
[01:47] [0m[33;1m[Clan] Nix :[0m wooo[0m
[01:47] [0m[33;1m[Clan] Archangel :[0m Paul Mccartney       (1,712,683,90)[0m
[01:55] [0mYour transmuter's stone bursts with 2 new colours![0m
[02:12] [0m[33;1m[Clan] Archangel :[0m Who remembers Eddie Murphy's hit song from the 80's?[0m
[02:16] [0m[33;1m[Clan] Nix :[0m hour[0m
[02:16] [0m[33;1m[Clan] Nix :[0m im full on pots take this one[0m
[02:16] [0m[33;1m[Clan] Xaryl :[0m box it?[0m
[02:16] [0m[33;1m[Clan] Xaryl :[0m Nik will want![0m
[02:16] [0m[33;1m[Clan] Zik :[0m arooo?[0m
[02:16] [0m[33;1m[Clan] Zik :[0m n whats the aset for clan again? XD[0m
[02:16] [0m[33;1m[Clan] Nix :[0m in box[0m
[02:17] [0m[33;1m[Clan] Xaryl :[0m oh! laugh..zik[0m
[02:18] [0m[33;1m[Clan] Xaryl :[0m how you like being a baby jugg?[0m
[02:18] [0m[33;1m[Clan] Zik :[0m it aint easy bein gnomey[0m
[02:19] [0m[37;1m[JEDI]:[0m Kerran Halcyon arrives at the Academy.[0m
[02:19] [0m[33;1m[Clan] Zik :[0m i still love it tho[0m
[02:21] [0m[33;1m[Clan] Zik :[0m got a maxed truck, lvl 17 dog, my support mech has all dmg/attack speed so far, and[0m
[02:21] [0m             im 5.5 glvls away from my lonely mount[0m
[02:23] [0m[33;1m[Clan] Xaryl :[0m gnomes get mounts now?!?![0m
[02:24] [0m[33;1m[Clan] Zik :[0m haha i thought it was pretty old! they get 1[0m
[02:24] [0m[33;1m[Clan] Zik :[0m at glvl 60[0m
[02:25] [0m[33;1m[Clan] Xaryl :[0m must be a 3k only thing[0m
[02:25] [0m[33;1m[Clan] Zik :[0m ahh[0m
[02:28] [0m[33;1m[Clan] Xaryl :[0m did that Necro make kits before he logged off?[0m
[02:29] [0m[33;1m[Clan] Zik :[0m not enough :/ but some![0m
[02:29] [0m[33;1m[Clan] Xaryl :[0m nod, martyr will be happy![0m
[02:33] [0m[33;1m[Clan] Zik :[0m \o/ next boot ill make a ton again[0m
[11:30] [0m[33;1m[Clan] Nix :[0m i didn't[0m
[11:31] [0m[33;1m[Clan] Nix :[0m im logged in through the dark web tho, back channeling through Russia and spoofing[0m
[11:31] [0m             my IP through the congo[0m
[11:46] [0m[34;1mSaim shouts:[0m cow-ma-geddon![0m
[11:46] [0m[34;1mTuba shouts:[0m you get a cow! and you get a cow![0m
[11:46] [0mYour transmuter's stone bursts with 4 new colours![0m
[11:58] [0m[37;1m[JEDI]:[0m Durnoth arrives at the Academy.[0m
[12:00] [0m[34;1mKitt shouts:[0m Lunch[0m
[12:00] [0m[34;1mNauda shouts:[0m in a bit[0m
[12:27] [0m[35;1mSimple [Jedi(64)]:[0m sup[0m
[12:28] [0m[35;1mSimple [Jedi(64)]:[0m w/l[0m
[12:28] [0m[35;1mRoken [Jedi(75)]:[0m no, Hi to you[0m
[12:28] [0m[34;1mSpace shouts:[0m Death Cow disposed. You feel refreshed after your good deed.[0m
[12:28] [0m[37;1m[JEDI]:[0m Alyssa K'tal arrives at the Academy.[0m
[12:29] [0m[34;1mNauda shouts:[0m not the Space the cow killer![0m
[12:29] [0m[33;1m[Clan] Roken :[0m almost useless without zel's headband heh I better get one[0m
[12:29] [0m[34;1mHooligan shouts:[0m undead cow now?[0m
[12:30] [0m[34;1mSpace shouts:[0m i dont like red meat![0m
[12:30] [0m[34;1mNauda shouts:[0m I like brown meat![0m
[12:32] [0m[34;1mSpace shouts:[0m Baby, its the other other white meat![0m
[12:32] [0m[34;1mBabylon shouts:[0m Woah woah woah...[0m
[12:40] [0m[34;1mSpace shouts:[0m Death Cow disposed. You feel refreshed after your good deed.[0m
[12:43] [0m[34;1mNauda shouts:[0m You Bastard! you have done it![0m
[12:44] [0m[34;1mHooligan shouts:[0m mama says foosball is tha devil![0m
[12:46] [0mYour transmuter's stone bursts with 3 new colours![0m
[13:00] [0m[33;1m[Clan] Byron :[0m i can kill a big one for you[0m
[13:01] [0m[33;1m[Clan] Roken :[0m jus started the 90[0m
[13:02] [0m[37;1m[JEDI]:[0m Wennic Ber'ni'lok arrives at the Academy.[0m
[13:11] [0m[34;1mSpace shouts:[0m Dude, this game cant be paused ? I need to sleep, someone shutdown the server![0m
[13:12] [0m[34;1mVagrant shouts:[0m SHUTDOWN initiaated![0m
[13:12] [0m[34;1mNauda shouts:[0m This game has been on pause for most parts since early 2000s[0m
[13:21] [0m[33;1m[Clan] Roken :[0m beloch party today?[0m
[13:22] [0m[34;1mRoken shouts:[0m beloch party today?[0m
[13:22] [0m[34;1mVagrant shouts:[0m wuts a belochj[0m
[13:22] [0m[34;1mSpace shouts:[0m can't, vagrant was hungry and ate all the beloches[0m
[13:22] [0m[34;1mVagrant shouts:[0m yum yum yum[0m
[13:23] [0m[34;1mSaim shouts:[0m you guys are just trolling[0m
[13:23] [0m[34;1mHyuga shouts:[0m I'm not into dating games, I prefer a real relationship. That's why I trust[0m
[13:23] [0m              mudHarmony.[0m
[13:23] [0m[34;1mNightrider shouts:[0m mask dups at ss[0m
[13:23] [0m[34;1mRoken shouts:[0m oh shiiiet... no catches here. Time to move along[0m
[13:23] [0mRoken flaps : @hyuga[0m
[13:26] [0m[33;1m[Clan] Roken :[0m 11B tnl[0m
[13:27] [0m[32;1mFrom afar, you poke Ser in the ribs.[0m[0m
[13:30] [0m[37;1m[JEDI]:[0m Bithoff Jonansaan arrives at the Academy.[0m
[13:33] [0mFrom afar, Space executes Order 66.[0m
[13:33] [0mRoken flaps : Order 66?[0m
[13:34] [0mSaim flaps : cmon thats profiling[0m
[13:46] [0mYour transmuter's stone bursts with 6 new colours![0m
[13:49] [0m[33;1m[Clan] Byron :[0m The Queen of Hearts has reset.[0m
[13:54] [0m[37;1m[JEDI]:[0m Janath Meelin arrives at the Academy.[0m
[14:01] [0m[33;1m[Clan] Byron :[0m The Queen of Hearts has reset.[0m
[14:18] [0m[37;1m[JEDI]:[0m Reena Bel Noir arrives at the Academy.[0m
[14:18] [0m[34;1mHyuga shouts:[0m thx croloack i owe you one[0m
[14:22] [0m[34;1mNauda shouts:[0m in soviet 3k[0m
[14:22] [0m[34;1mZik shouts:[0m ive accepted im red, have you?[0m
[14:23] [0m[34;1mMerrick shouts:[0m Gimme 1/2 yer stuff.[0m
[14:23] [0m[34;1mZik shouts:[0m no no, the state gets half, we get 16ths[0m
[14:23] [0m[34;1mNauda shouts:[0m It doesn't work like that, let's eat your stuff first, then we eat our own.[0m
[14:24] [0m[34;1mZor shouts:[0m woo!!!!!!!!!!!!!!!!!!!!!!!![0m
[14:36] [0m[35;1mSimple [Jedi(64)]:[0m only saved to tacos[0m
[14:36] [0m[35;1mSimple [Jedi(64)]:[0m mt[0m
[14:39] [0mVagrant flaps : Paul partay any1?[0m
[14:40] [0mZor flaps : paul ran away![0m
[14:40] [0mVagrant flaps : noOooo[0m
[14:41] [0mVagrant flaps : forming up paul partay lets rock, crupt resid,n[0m
[14:42] [0mVagrant flaps : change crypt, resid,n,e[0m
[14:42] [0mVagrant flaps : once I repower... haha[0m
[14:43] [0mVagrant flaps : about 10 mins for my reset[0m
[14:46] [0mYour transmuter's stone bursts with 5 new colours![0m
[14:48] [0m[37;1m[JEDI]:[0m Herah Wylann arrives at the Academy.[0m
[14:52] [0m[33;1m[Clan] Phenom :[0m anyone around to tank qoh? :)[0m
[14:52] [0mVagrant flaps : crypt up resid,n,e in 1 min for paul partayyy[0m
[15:03] [0mNauda flaps : so many players peed on these hands now they must be truly for Everyone[0m
[15:04] [0mSaim flaps : i typoed 'flapachat' and ended up over on the italian flap line[0m
[15:04] [0mInix flaps : flappadachat[0m
[15:07] [0m[33;1m[Clan] Saim :[0m thanks for the ring[0m
[15:07] [0m[33;1m[Clan] Phenom :[0m you did all the work! thanks :)[0m
[15:13] [0mVagrant flaps : thx for fun all we vanquished it[0m
[15:14] [0m[34;1mKitt shouts:[0m woooool free desting eq[0m
[15:18] [0m[37;1m[JEDI]:[0m Ylenic It'kla arrives at the Academy.[0m
[15:25] [0m[5m[1m[48;5;124mYour lightsaber begins to flicker and the handle warms![0m[0m                 [0m
[15:26] [0m[34;1mVagrant shouts:[0m H O L L L A A H  H ! ! ! ! ! ! ![0m
[15:30] [0m[5m[1m[48;5;124mYour lightsaber begins to flicker and the handle warms![0m[0m                 [0m
[15:47] [0mYour transmuter's stone bursts with 6 new colours![0m
[15:48] [0m[37;1m[JEDI]:[0m Tobias Kel'ach'nar arrives at the Academy.[0m
[16:01] [0m[34;1mBoosh shouts:[0m i can shout again[0m
[16:02] [0m[34;1mHyuga shouts:[0m Owls eat fish?[0m
[16:11] [0m[37;1m[JEDI]:[0m Talia Ska arrives at the Academy.[0m
[16:21] [0m<- ! The Vigilant ! -> :  A destabilization Kayos event has been detected in Deserts of Fantasy![0m
[16:21] [0m                          We are localizing it now - get ready![0m
[16:26] [0m[34;1mBlubber shouts:[0m gooooozz![0m
[16:26] [0m[34;1mZor shouts:[0m woo!!!!!!!!!!!!!!!!!!!!![0m
[16:26] [0m[34;1mNauda shouts:[0m Whazzup my Siem[0m
[16:27] [0m[34;1mSiem shouts:[0m hey, woah, that's not your word[0m
[16:27] [0m[34;1mSiem shouts:[0m thanks all :)[0m
[16:30] [0m[33;1m[Clan] Mud :[0m speaking of which, i gotta mess around with inix mapper stuff soon[0m
[16:30] [0m[33;1m[Clan] Mud :[0m wl[0m
[16:34] [0mArchangel flaps : Event portal: Xaxis/2e flaming[0m
[16:35] [0m[33;1m[Clan] Archangel :[0m Event portal: Xaxis/2e flaming[0m
[16:36] [0mNightrider flaps : Hear Ye Hear Ye !! Zombie reset in 2 mi. flat no if or butts about it[0m
[16:37] [0m[34;1mNightrider shouts:[0m zombie reset in 1.5 mins not waiting[0m
[16:38] [0mNightrider flaps : comeone peeps nudge me for rally[0m
[16:40] [0m[37;1m[JEDI]:[0m Wennic Ber'ni'lok arrives at the Academy.[0m
[17:05] [0m[33;1m[Clan] Void leaves the game.[0m  [0m
[17:15] [0m[37;1m[JEDI]:[0m Reena Bel Noir arrives at the Academy.[0m
[17:17] [0mYour transmuter's stone bursts with 4 new colours![0m
[17:25] [0m[33;1m[Clan] Zorbaine :[0m any of you wankers want to do beloch?[0m
[17:26] [0m[33;1m[Clan] Zorbaine :[0m should wait til byron is around i guess[0m
[17:35] [0m[33;1m[Clan] Xaris leaves the game.[0m  [0m
[17:45] [0m[34;1mZor shouts:[0m woo!!!!!!!!!!!!!!!!!!!!!!!!!![0m
[17:47] [0mNightrider flaps : anyone got resets?[0m
[17:48] [0mNightrider flaps : got a beloh to kill[0m
[17:50] [0m[33;1m[Clan] Zorbaine :[0m if anyone wants to help on beloch NR's tanking[0m
[17:50] [0m[37;1m[JEDI]:[0m Herah Wylann arrives at the Academy.[0m
[17:51] [0m[33;1m[Clan] Nix :[0m event bro[0m
[17:52] [0m[33;1m[Clan] Byron :[0m The Queen of Hearts has reset.[0m
[17:52] [0m[33;1m[Clan] Byron :[0m o sweet event[0m
[17:52] [0m[33;1m[Clan] Nix :[0m pumping up shield only cost like 130k reps[0m
[17:53] [0m[33;1m[Clan] Byron :[0m ill reset if i dont idlr off[0m
[17:53] [0m[33;1m[Clan] Nix :[0m i don't know why i never ran this before... extra 28 ac across the board on shield[0m
[17:53] [0m[33;1m[Clan] Byron :[0m reps are dope[0m
[17:53] [0mMurder flaps : lol[0m
[17:54] [0mHyuga flaps : i pooped in your moms face[0m
[17:58] [0m[34;1mHyuga shouts:[0m NAUDA SUCKS[0m
[17:58] [0m[34;1mNightrider shouts:[0m Just the tip[0m
[17:58] [0mHyuga flaps : oo jinxed[0m
[17:58] [0mNauda flaps : in a bit[0m
[17:59] [0m[34;1mHyuga shouts:[0m NEVER DOUBT THE NAUDA..... THE INVINCIBLE WILL DIE[0m
[18:00] [0m[34;1mNauda shouts:[0m go home, you are drunk[0m
[18:00] [0m[34;1mHyuga shouts:[0m I REPENT!!! I REPENT!!!![0m
[18:09] [0m[34;1mNightrider shouts:[0m I <3 u Vagrant[0m
[18:10] [0m[34;1mNauda shouts:[0m Who doesn't love Vagrant, Captain Obvious[0m
[18:20] [0m[37;1m[JEDI]:[0m H'ssani C'talan arrives at the Academy.[0m
[18:25] [0mnewb Neworder [monk/67]: test[0m
[18:26] [0mnewb Nightrider [knight/136]: failed![0m
[18:49] [0m[37;1m[JEDI]:[0m Ylenic It'kla arrives at the Academy.[0m
[18:50] [0m[34;1mFluffy shouts:[0m shank![0m
[18:51] [0m[33;1m[Clan] Decado leaves the game.[0m  [0m
[18:51] [0m[33;1m[Clan] Decado enters the game.[0m  [0m
[18:58] [0mAdalius flaps : Omfg. I've been sitting here eating cherrywood smoked sweet bourbon jerky for[0m
[18:58] [0m                the last 20 minutes. My mouth is in some sort of sweet spicy ecstasy right[0m
[18:58] [0m                now...[0m
[18:59] [0mStasis flaps : what else that mouth do?[0m
[19:02] [0mNauda flaps : not something pg rated for public chatlines[0m
[19:07] [0m[34;1mSpace shouts:[0m Death Cow disposed. You feel refreshed after your good deed.[0m
[19:07] [0m[34;1mSpace shouts:[0m Death Cow disposed. You feel refreshed after your good deed.[0m
[19:20] [0m[33;1m[Clan] Mud :[0m dupable auro shields around?  3.5 hours until mine is avail.[0m
[19:21] [0m[33;1m[Clan] Ser :[0m blbl[0m
[19:22] [0m[33;1m[Clan] Ser :[0m can i dupe auro shield[0m
[19:26] [0m[34;1mZor shouts:[0m woo!!!!!!!!!!!!!!!!!!!!!!!!!!!!!!!![0m
[19:26] [0m[37;1m[JEDI]:[0m Rhaan arrives at the Academy.[0m
[19:27] [0m[33;1m[Clan] Byron :[0m The Queen of Hearts has reset.[0m
[19:29] [0m[33;1m[Clan] Ser :[0m i guess i should put a few points in immortality this boot[0m
[19:32] [0m[33;1m[Clan] Ser :[0m did pb helmet drop rate get changed[0m
[19:33] [0m[33;1m[Clan] Mud :[0m think so, feels like it[0m
[19:33] [0m[33;1m[Clan] Ser :[0m i see it a lot more often[0m
[19:33] [0m[33;1m[Clan] Mud :[0m i never had them drop, now its nearly all[0m
[19:33] [0m[33;1m[Clan] Ipsie :[0m kiki tweaked it and made it not bop last boot :)[0m
[19:33] [0m[33;1m[Clan] Ser :[0m oh nice[0m
[19:37] [0mDyne flaps : Tfw you afk from 3K to address company doing wall work in your room, and 25 minutes[0m
[19:37] [0m             later, Portal's Out Of SP sound alarm starts triggering right in their ear.[0m
[19:39] [0m[33;1m[Clan] Ser :[0m woo cocoon on 1st spider[0m
[19:39] [0m[33;1m[Clan] Ipsie :[0m noice[0m
[19:40] [0m[33;1m[Clan] Ser :[0m might as well break em all right wink wink[0m
[19:40] [0m[33;1m[Clan] Ser :[0m 2 cocoons[0m
[19:40] [0m[33;1m[Clan] Ser :[0m drop rate must be upped here too[0m
[19:40] [0m[32;1m <Congratulations!>[0m : Assassin has become a expert chef![0m
[19:40] [0m[33;1m[Clan] Byron :[0m doubt it[0m
[19:41] [0m[33;1m[Clan] Byron :[0m that thing is just luck[0m
[19:41] [0m[33;1m[Clan] Ipsie :[0m idk, i killed 8 this boot. saim got me one.[0m
[19:41] [0m[33;1m[Clan] Byron :[0m i got 3/4 sometimes, 0/24 others[0m
[19:41] [0m[33;1m[Clan] Ser :[0m ah[0m
[19:42] [0m[33;1m[Clan] Ser :[0m 1 boxed[0m
