- = LOG STARTED [00:00] = -
[00:07] [0mYou can currently reforge 12 items.[0m
[00:12] [0m[37;1mCaeli flaps :[0m Good evening all![0m
[00:12] [0m[37;1mVapor flaps :[0m howdy[0m
[00:15] [0m[37;1mCaeli flaps :[0m How're y'all?[0m
[00:16] [0m[37;1mLocrian flaps :[0m grinding away!!!! xp, xp, xp! :p[0m
[00:25] [0m[34;1mGumby shouts:[0m elemental-ry my dear simon[0m
[00:28] [0m[34;1mGumby shouts:[0m big letters[0m
[00:28] [0m[34;1mEllegon shouts:[0m woot[0m
[01:04] [0m[34;1mGumby shouts:[0m big letters[0m
[01:07] [0mYou can currently reforge 12 items.[0m
[01:16] [0mYou can currently reforge 0 items.[0m
[01:49] [0m[37;1mChrys flaps :[0m like 80% of deaths come from mages.[0m
[01:49] [0m[37;1mRaeth flaps :[0m and 80% of those come from me![0m
[01:50] [0m[37;1mChrys flaps :[0m hc mages should not lose their char like everyone, but[0m
[01:50] [0m              instead, they lose they gobject and become necros:)[0m
[01:51] [0m[37;1mRaeth flaps :[0m might help if I turn back on my spells[0m
[02:07] [0mYou can currently reforge 4 items.[0m
[03:07] [0mYou can currently reforge 8 items.[0m
[04:07] [0mYou can currently reforge 12 items.[0m
[04:08] [0mYou can currently reforge 0 items.[0m
[04:17] [0mYour transmuter's stone bursts with 6 new colours![0m
[04:30] [0m[37;1m[JEDI]:[0m Durnoth arrives at the Academy.[0m
[05:04] [0m[37;1m[JEDI]:[0m Kerran Halcyon arrives at the Academy.[0m
[05:27] [0m[34;1mChrys shouts:[0m zummalicious!![0m
[05:41] [0m[37;1m[JEDI]:[0m Rhaan arrives at the Academy.[0m
[06:14] [0m[37;1m[JEDI]:[0m Tobias Kel'ach'nar arrives at the Academy.[0m
[06:34] [0m[37;1m[JEDI]:[0m Reena Bel Noir arrives at the Academy.[0m
[06:35] [0m[31;1m[Clan] Oscar :[0m morning[0m
[08:22] [0mYour transmuter's stone bursts with 5 new colours![0m
[08:31] [0m[35;1mEcthelion [Jedi(13)]:[0m hmm.. how did I end up overhp?[0m
[08:31] [0m[37;1m[JEDI]:[0m Ylenic It'kla arrives at the Academy.[0m
[09:03] [0m[34;1mBalderdash shouts:[0m Mortak Kombat!!!![0m
[09:03] [0m[34;1mBalderdash shouts:[0m Mortal...you know what I mean.[0m
[09:07] [0m[34;1mTex shouts:[0m thats not a knife[0m
[09:07] [0m[37;1m[JEDI]:[0m Herah Wylann arrives at the Academy.[0m
[09:14] [0m[34;1mTex shouts:[0m youve been sectioned[0m
[09:20] [0m[31;1m[Clan] Oscar :[0m bah![0m
[09:23] [0m[37;1mRoken flaps :[0m hotel reset, leggo![0m
[09:24] [0m[32mChrys tells you:[0m on my way!!![0m
[09:25] [0m[32mChrys tells you:[0m rally me?[0m
[09:25] [0m[33;1m[PARTY][0m Lost our leader![0m
[09:25] [0m[33;1m[PARTY][0m Chrys joins the party.[0m
[09:25] [0m[33;1m[PARTY][0m Chrys: thanks:)[0m
[09:25] [0m[33;1m[PARTY][0m Chrys: love me some zombies[0m
[09:26] [0m[35;1mRoken [Jedi(90)]:[0m hotel reset, anyone want?[0m
[09:26] [0m[31;1m[Clan] Roken :[0m hotel reset, anyone want?[0m
[09:26] [0m[37;1mRoken flaps :[0m in 1 min, I'm resetting hotel![0m
[09:32] [0m[37;1m[JEDI]:[0m Talia Ska arrives at the Academy.[0m
[09:45] [0m[37;1mAgni flaps :[0m day 5 fb: crypt n of resid[0m
[09:46] [0m[37;1mSer flaps :[0m can i get a port im lost[0m
[09:56] [0m[35;1mEcthelion [Jedi(13)]:[0m Die, Gargamel, Die![0m
[10:02] [0m[37;1m[JEDI]:[0m Bithoff Jonansaan arrives at the Academy.[0m
[10:10] [0m[37;1mWert flaps :[0m day 5 cmc at ss for dupes[0m
[10:14] [0m[Auction] Wert (jedi) : og on auction for dupes[0m
[10:14] [0m[37;1mWert flaps :[0m og day5 on auction for dupes[0m
[10:15] [0m[32;1mFrom afar, Chrys comforts you.[0m[0m
[10:15] [0m[32;1mFrom afar, Ecthelion comforts you.[0m[0m
[10:22] [0mnewb Rindor [Newbie]: hi[0m
[10:22] [0mnewb Rindor [Newbie]: i can't go out of pile of lumber in tutorial[0m
[10:22] [0mnewb Ecthelion [jedi/21]: Is it a blockade on a path?[0m
[10:22] [0mnewb Rindor [Newbie]: yes pile block road[0m
[10:23] [0mnewb Ecthelion [jedi/21]: Let us know if the tell I sent you helps. :)[0m
[10:23] [0m[37;1mSorin flaps :[0m anyone have an og dotar beads i could dupe?[0m
[10:27] [0m[34;1mChrys shouts:[0m mondo sized NUMBERS!!![0m
[10:28] [0mnewb Rindor [Newbie]: i defeat orc leader but description location is long and don't know how to[0m
[10:28] [0m                      next[0m
[10:28] [0mnewb Ecthelion [jedi/21]: Do you mean that you need to see it again?[0m
[10:30] [0m[35;1mEcthelion [Jedi(13)]:[0m Is there any trouble that I will get in for not keeping Alter up with[0m
[10:30] [0m                      Sense and Control?[0m
[10:30] [0mnewb Rindor [Newbie]: but no mobs here[0m
[10:30] [0m[35;1mEcthelion [Jedi(13)]:[0m So far I'm at sense 5, control 6, alter 2... and planning to keep alter[0m
[10:30] [0m                      where it is for now[0m
[10:31] [0mnewb Rindor [Newbie]: i can't find orc lair[0m
[10:32] [0mnewb Ecthelion [jedi/21]: THat's not how I remember that area. :) I remember having to get a[0m
[10:32] [0m                          mirror fragment in the same place that I killed the orc leader[0m
[10:35] [0m[37;1m[JEDI]:[0m Kerran Halcyon arrives at the Academy.[0m
[10:37] [0mnewb Rindor [Newbie]: what i can go to newbie land? nw and s? i am blind and use screenreader[0m
[10:37] [0m                      friends.[0m
[10:38] [0mnewb Ecthelion [jedi/21]: I'd really like to help you, but I really cannot remember.  Anyone? :)[0m
[10:39] [0mnewb Rindor [Newbie]: hmm. ok then save on mayor's office can i quit from mud on level 4?[0m
[10:39] [0mnewb Ecthelion [jedi/21]: You can. :) It will save you at level 4[0m
[10:39] [0mnewb Oscar [mage/130]: setmod SCREENREAD[0m
[10:39] [0mnewb Ecthelion [jedi/21]: I get totally lost in newbieland, myself.[0m
[10:40] [0mnewb Oscar [mage/130]: i think helps w screenreaders, not aure tjough[0m
[10:41] [0mnewb Ecthelion [jedi/21]: the great news is that once you are out of newbie land, I find things[0m
[10:41] [0m                          are much easier to keep track of.. And many many more people will be[0m
[10:41] [0m                          able to give you directions[0m
[10:41] [0mnewb Rindor [Newbie]: no help available for screenreaders[0m
[10:41] [0mnewb Ecthelion [jedi/21]: Oh, I see it says 'setmod SCREENREAD 1'[0m
[10:41] [0mnewb Ecthelion [jedi/21]: 'help setmod'[0m
[10:42] [0mnewb Markos [cyborg/77]: basically as someone who uses a screen reader. autohp, brief on no, use[0m
[10:42] [0m                         hp to check your vitals in battle[0m
[10:43] [0mnewb Markos [cyborg/77]: haven't seen the screen reader mode change anything yet, but the game[0m
[10:43] [0m                         is 99.9% playable save a few random ascii things in quests[0m
[10:43] [0mnewb Rindor [Newbie]: ok then what i can find newbieland? i am in newbie tower[0m
[10:44] [0mnewb Echoloc [juggernaut/111]: then you are in newbieland[0m
[10:44] [0mnewb Echoloc [juggernaut/111]: go north until you hit the donation box and that is the entrance[0m
[10:44] [0mnewb Rindor [Newbie]: but where i can fight? dragon the armory or that maybe powerfull[0m
[10:45] [0mnewb Markos [cyborg/77]: explore around, it's pretty good about telling you what you should and[0m
[10:45] [0m                         shouldn't attack. there is no dragon in the armory, that is a guy that[0m
[10:45] [0m                         gives you old newbie equipment that you don't need anymore[0m
[10:45] [0mnewb Wiener [knight/133]: I believe up in the tower there are a bunch of magic mirrors that will[0m
[10:45] [0m                          take you to other areas to explore and kill in[0m
[10:46] [0mnewb Wiener [knight/133]: THere's also a forest south of the tower filled with bandits you can[0m
[10:46] [0m                          beat on,  I believe[0m
[10:46] [0mnewb Elminster [mage/139]: From the newbie bin, go south and then library, and that will put you[0m
[10:46] [0m                           in Woonsocket.  There you can go all west into a field and fight some[0m
[10:46] [0m                           animals, or all east into a castle, down into a dungeon, and kill[0m
[10:46] [0m                           zombies and such.[0m
[10:52] [0mnewb Rindor [adventurer/5]: what i can join a guild? or what i can find bards guild i want to[0m
[10:52] [0m                            join bard[0m
[10:52] [0mnewb Rindor [adventurer/5]: help guild not help me[0m
[10:52] [0mnewb Ecthelion [jedi/22]: If you use 'players bard', you can  see which bards are online[0m
[10:52] [0mYou can currently reforge 0 items.[0m
[10:53] [0mnewb Ecthelion [jedi/22]: Send one of them a tell and see if you can get[0m
[10:53] [0m                          their attention. :)[0m
[10:54] [0mnewb Wiener [knight/133]: the bard guild is in the city of wayhaven (where[0m
[10:54] [0m                          you'll enter the fantasy realm from the west side[0m
[10:54] [0m                          of town).  You'll need to be level five in order[0m
[10:54] [0m                          to be recruited.[0m
[10:55] [0mnewb Rindor [adventurer/5]: i am level five[0m
[10:56] [0mnewb Elminster [mage/139]: The greatest bard recruiter of all time has[0m
[10:56] [0m                           enetered the game.[0m
[11:09] [0mFlaxen {Professions}: so is marshal better now ?[0m
[11:10] [0mSarge {Professions}: heh, profwho shows no marshals to answer, so... good[0m
[11:10] [0m                     question[0m
[11:22] [0m[37;1mAdalius flaps :[0m 5" of snow this morning. I get to try out my new tractor[0m
[11:22] [0m                mounted snow blower and rear blade. *roh roh roh* More[0m
[11:22] [0m                power.[0m
[11:30] [0m[37;1mFrank flaps :[0m hope the motor doesn't stall[0m
[11:31] [0m[37;1mWhoknows flaps :[0m hope nothing burrowed into the snowpile and made it a[0m
[11:31] [0m                 home...[0m
[11:32] [0m<- ! The Vigilant ! -> :  A destabilization Kayos event has been detected in[0m
[11:32] [0m                          Deserts of Fantasy!  We are localizing it now -[0m
[11:32] [0m                          get ready![0m
[11:33] [0m[37;1mElminster flaps :[0m maybe some field mice.  one of them has pneumonia, and[0m
[11:33] [0m                  cant be moved.[0m
[11:34] [0m[37;1mWhoknows flaps :[0m in that case, run em over[0m
[11:34] [0m[37;1mWhoknows flaps :[0m get you some minced meat for your shepherd pie[0m
[11:34] [0m[37;1mGaidin flaps :[0m qinfo![0m
[11:36] [0m[31;1m[Clan] Ser :[0m can anyone reforge cmc for me[0m
[11:52] [0mYou can currently reforge 4 items.[0m
[11:59] [0m[34;1mPrism shouts:[0m Hi![0m
[12:04] [0m[37;1mEnder flaps :[0m Thank you to plastic christmas tree balls, for not breaking[0m
[12:04] [0m              the dozen times my kids dropped on. I heart christmas balls.[0m
[12:05] [0m[37;1mWert flaps :[0m ender loves balls![0m
[12:05] [0m[37;1mChrys flaps :[0m especially sweaty ones[0m
[12:05] [0m[37;1mGaidin flaps :[0m Hey, he doesn't neglect the balls.  That's admirable.[0m
[12:05] [0m[37;1mEnder flaps :[0m schweaty?[0m
[12:05] [0m[37;1mEcholoc flaps :[0m chocolate salty ?[0m
[12:09] [0m[37;1mEnder flaps :[0m Hrm, was gonna go with the Gunnery Sergeant Hartman quote[0m
[12:09] [0m              about being the kind of guy who has the common courtesy to...[0m
[12:09] [0m              fill in the blank. but there are a lot of bad words in that[0m
[12:09] [0m              one.[0m
[12:09] [0m[37;1mEcholoc flaps :[0m this is my rifle?[0m
[12:43] [0m[32;1mFrom afar, Chrys comforts you.[0m[0m
[12:43] [0m[36m<BS> Bohica :[0m meep[0m
[12:47] [0m[37;1mWhoknows flaps :[0m event desert 7wn corroding[0m
[12:52] [0mYou can currently reforge 8 items.[0m
[13:18] [0mnewb Vaidhe [fremen/60]: What's up with the four seals in the catacombs?[0m
[13:27] [0mnewb Locrian [bard/60]: i'm sorry, i don't know about four seals.[0m
[13:28] [0mnewb Vaidhe [fremen/60]: Down on the lowest level.[0m
[13:29] [0mnewb Locrian [bard/60]: i don't know anything about the catacombs either[0m
[13:29] [0m                        though. but that's just me, hopefully someone else[0m
[13:29] [0m                        might know.[0m
[13:29] [0mnewb Ksemia [jedi/126]: you can trace them to summon mobs[0m
[13:29] [0mnewb Vaidhe [fremen/60]: If it's questy, obviously keep it to tells or[0m
[13:29] [0m                         whatever, since I don't want to spoil anybody[0m
[13:29] [0m                         else's experience.[0m
[13:30] [0mnewb Ksemia [jedi/126]: whoops[0m
[13:30] [0mnewb Wiener [knight/133]: On the 4th floor?  Summons critters blocking the[0m
[13:30] [0m                          way to the Lich[0m
[13:31] [0mnewb Ksemia [jedi/126]: depending on your comfort level, be carful lich is[0m
[13:31] [0m                        6mil+[0m
[13:31] [0mnewb Wiener [knight/133]: each symbol summons a set of golems.[0m
[13:31] [0mnewb Ksemia [jedi/126]: 2,2,3,3, with escalating size[0m
[13:31] [0mnewb Wiener [knight/133]: Smaller in catacombs 1, but that[0m
[13:35] [0mnewb Gumby [cyborg/116]: cat 1 you can wimpy, cat 2 is no leave/peace[0m
[13:35] [0mnewb Vaidhe [fremen/60]: No, there's no wimpy here, it says the wood golems[0m
[13:35] [0m                         are blocking my path.[0m
[13:41] [0mnewb Vaidhe [fremen/60]: lol Yeah I am definitely dead down here. Trapped in[0m
[13:41] [0m                         a dead end, and there are eight golems that will[0m
[13:41] [0m                         utterly destroy me if I attack one.[0m
[13:41] [0mnewb Vaidhe [fremen/60]: Is there any way to recall or somehow teleport out[0m
[13:41] [0m                         of here, or do I just have to accept the death and[0m
[13:41] [0m                         learn?[0m
[13:44] [0mnewb Vaidhe [fremen/60]: If somebody wants to come down here and save me,[0m
[13:44] [0m                         I'd be grateful. I'd really rather not die.[0m
[13:44] [0mnewb Echoloc [juggernaut/111]: free port to town![0m
[13:44] [0mnewb Maverik [necromancer/116]: where are you?[0m
[13:44] [0mnewb Wiener [knight/133]: 1.0 or 2.0?[0m
[13:44] [0mnewb Gumby [cyborg/116]: you summon and kill them one group at a time[0m
[13:45] [0mnewb Wiener [knight/133]: 0h[0m
[13:45] [0mnewb Vaidhe [fremen/60]: I'm in the one listed in help areadirections.[0m
[13:45] [0mnewb Wiener [knight/133]: omw[0m
[13:45] [0mnewb Vaidhe [fremen/60]: So I imagine that's 1.0. The biggest of the golems[0m
[13:45] [0m                         are 48k apiece[0m
[13:47] [0mnewb Vaidhe [fremen/60]: Awesome. I'm loose. Thanks a ton.[0m
[13:47] [0mnewb Fluffy [changeling/135]: summon and kill one group at a time, make sure[0m
[13:47] [0m                              iron golem is last mob you kill or exit south[0m
[13:47] [0m                              wont open[0m
[13:48] [0mnewb Vaidhe [fremen/60]: I didn't even know there -was an exit south. I[0m
[13:48] [0m                         guess I'll be back there when I'm a fair bit[0m
[13:48] [0m                         bigger.[0m
[13:52] [0mYou can currently reforge 12 items.[0m
[14:33] [0m[37;1mWhoknows flaps :[0m is it hacking if they were illegally on your wifi and you[0m
[14:33] [0m                 planted a trojan horse ?[0m
[14:34] [0m[37;1mZartan flaps :[0m no[0m
[14:34] [0m[37;1mZartan flaps :[0m fair game[0m
[14:34] [0m[37;1mZartan flaps :[0m you break in you get what you deserved[0m
[14:34] [0m[37;1mZartan flaps :[0m IMHO[0m
[14:34] [0m[37;1mZartan flaps :[0m "wireless security is a joke in your town"[0m
[14:34] [0m[37;1mZartan flaps :[0m packet sniffing still works no?[0m
[14:35] [0m[37;1mZartan flaps :[0m I used to kick it with some kids in berkeley that did it to[0m
[14:35] [0m               get free wifi[0m
[14:35] [0m[37;1mGik flaps :[0m easy, just ddos their nic till it catches on fire[0m
[14:38] [0m[31;1m[Clan] Roor leaves the game.[0m  [0m
[14:42] [0m[36m<BS> Taris :[0m Well, poopy.  Swapped out spirit cloak for willie's kilt so[0m
[14:42] [0m             that wouldn't have overmax HP thinking I'd heal more[0m
[14:43] [0m[36m<BS> Din[0m raises an eyebrow[0m
[14:43] [0m[36m<BS> Taris :[0m But willie's kilt is so pimpy that I'm getting hit less.  Gotta[0m
[14:43] [0m             turn up my danged scaler.[0m
[14:43] [0m[36m<BS> Din :[0m ah, heh[0m
[14:43] [0m[36m<BS> Din :[0m once you get rejuv it's all about finding stuff that hits you[0m
[14:43] [0m           often enough to make you rejuvenate multiple times per round, but[0m
[14:43] [0m           not so hard that it's unsustainable[0m
[14:44] [0m[36m<BS> Din :[0m zell golems are great for that[0m
[14:44] [0m[36m<BS> Taris :[0m Yeah, and if they get a good run I even have to spiritweave[0m
[14:44] [0m[36m<BS> Taris :[0m I got WAY more SP healing than SO regen.  oops[0m
[14:45] [0m[36m<BS> Din :[0m sp regen is just easier.  so many items in the game to buff it up[0m
[14:45] [0m[36m<BS> Taris :[0m zell headband, spork, greenstone amulet[0m
[14:46] [0m[36m<BS> Din :[0m blue/blue tree rings are really nice as well[0m
[14:46] [0m[36m<BS> Din :[0m even lowest scaler are like 5/rnd[0m
[14:46] [0m[36m<BS> Taris :[0m Ring wise I'm rollin' stoneskin[0m
[14:46] [0m[36m<BS> Din :[0m how low can you scale?[0m
[14:46] [0m[36m<BS> Taris :[0m 75[0m
[14:47] [0m[36m<BS> Din :[0m ah, so getting tree rings is probably not feasible[0m
[14:47] [0m[36m<BS> Taris :[0m Without trying, I'm going to say no.[0m
[14:47] [0m[36m<BS> Din :[0m terra can kill me at scaler 66, so yeah[0m
[14:47] [0m[36m<BS> Din :[0m i get them with my mental, he can scale down to 49[0m
[14:48] [0m[34;1mGumby shouts:[0m get back here Xav[0m
[14:48] [0m[36m<BS> Taris :[0m Inq can scale down to 77 but...  even with my baller-ass cpain[0m
[14:48] [0m             he ain't all that[0m
[14:48] [0m[36m<BS> Taris :[0m Teepo - Because I don't wanna die.  :D[0m
[14:49] [0m[36m<BS> Din :[0m i've had scaler 65 terra hit me for upwards of 6k in one hit[0m
[14:49] [0m[36m<BS> Din :[0m ranges anywhere from 14-22m[0m
[14:49] [0m[36m<BS> Taris :[0m Hmm.  Well. If I caught the low end, Inq could MAYBE do it[0m
[14:49] [0m             dissipating into shields.[0m
[14:50] [0m[36m<BS> Taris :[0m I wimpy from Metatron but I kill him.[0m
[14:50] [0m[36m<BS> Xiu :[0m main issue will usually be her hammer special[0m
[14:51] [0m[36m<BS> Din :[0m according to wiki people have had terra's of 18m as high as[0m
[14:51] [0m           scaler 88, so apparently it doesn't go up too hard from mid 60s[0m
[14:51] [0m           to mid 80s[0m
[14:51] [0m[36m<BS> Taris :[0m 18M is still light years away from what this character can do[0m
[14:51] [0m[36m<BS> Din :[0m and i just used an apostrophe to pluralize something.. god i hate[0m
[14:51] [0m           that[0m
[14:52] [0m[36m<BS> Taris :[0m I've been known to red sharpie signs on Army bases for that[0m
[14:52] [0m             reason.  Haven't been caught yet.  :D[0m
[14:52] [0m[36m<BS> Xiu :[0m yeah you have to get pretty deep into the post 65 game before the[0m
[14:52] [0m           training wheels really come off here[0m
[14:52] [0m[36m<BS> Din :[0m hah[0m
[14:52] [0mYou can currently reforge 12 items.[0m
[14:53] [0m[36m<BS> Taris :[0m You gotta get into the 65 game before daddy stops holding the[0m
[14:53] [0m             seat for cryin' out loud[0m
[14:53] [0m[36m<BS> Taris :[0m I (partially) kid[0m
[14:54] [0m[36m<BS> Xiu :[0m and i love how the whole shadow lodge/mshield/65 thing is kinda[0m
[14:54] [0m           treated as "omg bonus extra special powers gravy on top because[0m
[14:54] [0m           you earned it". gimmie a break with that[0m
[14:54] [0m[36m<BS> Taris :[0m Well, Wilhelm has maybe half the combat time of Taris here and[0m
[14:54] [0m             managed to kill a death taco.  Just because I wanted to see if[0m
[14:54] [0m             I could[0m
[14:55] [0m[36m<BS> Din :[0m it's more like 'welcome to 21st century 3k'[0m
[14:55] [0m[36m<BS> Taris :[0m If I didn't want to be playing this character I wouldn't.  F[0m
[14:55] [0m             it.[0m
[14:56] [0m[36m<BS> Taris :[0m I mean, I could always jump over to the mage object.  //snicker[0m
[14:56] [0m             snicker//[0m
[14:57] [0m[36m<BS> Din :[0m i actually farted around with my jedi object for a few minutes[0m
[14:57] [0m           earlier this boot.  Don't remember why.  But that's when i[0m
[14:57] [0m           finally learned you can use xp spent by the other gswap on stats[0m
[14:58] [0m[36m<BS> Taris :[0m Yeah, I've got a bunch of gobjs on Inquisitor.  The Jedi object[0m
[14:58] [0m             has far and away the most xp spent on stats even though they[0m
[14:58] [0m             all have max stats for level.[0m
[14:58] [0m[36m<BS> Din :[0m jedi-mode din gained something like 55 con, 30 wis, and maxxed[0m
[14:58] [0m           dex[0m
[14:59] [0m[36m<BS> Taris :[0m Dex is my "big" stat on Inq and I think it's only 150. [0m
[14:59] [0m             Possibly 175 but I don't think so.[0m
[15:00] [0m[36m<BS> Din :[0m i still have over 3.5b to spend on stats on the jedi once i lvl,[0m
[15:00] [0m           without taking anything from my bladesinger mode[0m
[15:04] [0m[36m<BS> Taris :[0m The "low" xp guy on the totem pole is the PsiCorps but they use[0m
[15:04] [0m             every dang stat.  There isn't a throw-away[0m
[15:04] [0m[36m<BS> Din :[0m i tried to get into psicorps but the skill system is just broken[0m
[15:05] [0m[36m<BS> Taris :[0m ...  when did you play?[0m
[15:05] [0m[36m<BS> Din :[0m last year?[0m
[15:05] [0m[36m<BS> Taris :[0m You know you don't have to get a skill to 100 to raise a[0m
[15:05] [0m             subskill anymore, right?[0m
[15:05] [0m[36m<BS> Din :[0m i did not know that[0m
[15:05] [0m[36m<BS> Taris :[0m Yeah.  You raise agility to 50 you can start raising the[0m
[15:05] [0m             subskills under it[0m
[15:06] [0m[36m<BS> Din :[0m much needed change.  I always likened it to playing gentech where[0m
[15:06] [0m           you have to max phase ionbeam before you can train powercore[0m
[15:06] [0m[36m<BS> Taris :[0m I just picked agility because I remembered its name and that it[0m
[15:06] [0m             went to 100[0m
[15:06] [0m[36m<BS> Taris :[0m I think the one I'm working toward is iron mind so I can do[0m
[15:06] [0m             speed of thought and then body fuel so I can actually use[0m
[15:06] [0m             powers that cost psi[0m
[15:07] [0m[36m<BS> Din :[0m so is it that straightforward, you can train anything as long as[0m
[15:07] [0m           it's core skill is 50+?[0m
[15:07] [0m[36m<BS> Din :[0m well, immediate precedent i guess, not necessarily core[0m
[15:07] [0m[36m<BS> Taris :[0m I'd have to re-read the info files[0m
[15:08] [0m[36m<BS> Taris :[0m I know that you only have to get the level 1 skill to 50 to[0m
[15:08] [0m             start raising the level 2[0m
[15:08] [0m[36m<BS> Taris :[0m I know there's a cap based on how high the level 1 skill is[0m
[15:08] [0m[36m<BS> Taris :[0m But I don't know if you have to raise the level 2 skill to 50[0m
[15:08] [0m             to start raising the level 3[0m
[15:09] [0m[36m<BS> Xiu :[0m i never like systems that restrict what you can train and when.[0m
[15:09] [0m           if somebody wants to be excellent at blah1 they'll just pay for[0m
[15:09] [0m           it by sucking at blah2 anyway, till they've spent the same[0m
[15:09] [0m           crapload of gxp you have to spend either way. pointless to ram[0m
[15:09] [0m           everyone down the same rail without lube.[0m
[15:10] [0m[36m<BS> Din :[0m still seems bad, but much better than before.  I mean, before you[0m
[15:10] [0m           had to raise two other skills 100 times each before you can even[0m
[15:10] [0m           start training hp regen.  If the deeper skills were real lategame[0m
[15:10] [0m           content i'd get it, but ffs[0m
[15:10] [0m[36m<BS> Taris :[0m I just recently hit glvl 35 with my Psi.  Can't do sh!t.  I[0m
[15:10] [0m             basically just farm 30k mobs all day using talons and bolt.[0m
[15:11] [0m[36m<BS> Taris :[0m If I get super ultra mega pimpy gear I can kinda sorta kill[0m
[15:11] [0m             150k critters if they're super basic.  (ie. my depth 7 mine[0m
[15:11] [0m             mobs)[0m
[15:12] [0m[36m<BS> Taris :[0m Speaking of gear...  Anybody know where the dude is that trains[0m
[15:12] [0m             gloves?  Evidently it's a kangaroo.[0m
[15:12] [0m[36m<BS> Din :[0m yeah, kanga's arena[0m
[15:13] [0m[36m<BS> Taris :[0m I've never found it.  Got any hints?[0m
[15:13] [0m[36m<BS> Din :[0m if i remember right it's a roaming thing in chaos, an arena[0m
[15:13] [0m           ticket[0m
[15:20] [0m[36m<BS> Taris :[0m Nope, didn't find it.  I'll look more later.[0m
[15:20] [0m[36m<BS> Taris :[0m Meanwhile, my beer ain't gonna refill itself.[0m
[15:22] [0m[36m<BS> Din :[0m it's currently w, n from center of chaos[0m
[15:23] [0m[36m<BS> Taris :[0m Hmm.  Well, fart[0m
[15:23] [0m[36m<BS> Taris :[0m But I did refill my beer[0m
[15:23] [0m[36m<BS> Din :[0m $winning[0m
[15:23] [0m[36m<BS> Din :[0m #winning[0m
[15:23] [0m[36m<BS> Taris :[0m Oh no, it's a Delirium Tremens.  $ applies.[0m
[15:24] [0m[36m<BS> Din :[0m hah[0m
[15:24] [0m[36m<BS> Taris :[0m The gutter guys pulled down my gutters and the wrap behind the[0m
[15:24] [0m             gutters only halfway covered the wood so the wood behind is[0m
[15:24] [0m             rotten as hell because the previous owners were cheap-asses[0m
[15:24] [0m[36m<BS> Taris :[0m So I had to go buy beer.[0m
[15:24] [0m[36m<BS> Din :[0m sound logic[0m
[15:25] [0m[36m<BS> Taris :[0m I went with the end of the world (La Fin Du Monde) and[0m
[15:25] [0m             seizures. (Delirium Tremens)[0m
[15:25] [0m[36m<BS> Din :[0m hoping to have my porches rebuilt and gutters put on here in a[0m
[15:25] [0m           couple months[0m
[15:27] [0m[36m<BS> Taris :[0m Spiffy.  Now I have glove mskill points![0m
[15:27] [0m[36m<BS> Din :[0m woot[0m
[15:29] [0m[36m<BS> Taris :[0m The only armor mskill I don't have is main.[0m
[15:29] [0m[36m<BS> Taris :[0m Because I don't wear mains[0m
[15:30] [0m[36m<BS> Din :[0m i have 1 in main because I recently started wearing cmc[0m
[15:30] [0m           occasionally, but I haven't bothered with the boots mskill.[0m
[15:30] [0m[36m<BS> Din :[0m Glorfindel seems like a good dude, based on recent interaction[0m
[15:30] [0m           with him, but I HATE his areas[0m
[15:30] [0m[36m<BS> Taris :[0m CMC is dope[0m
[15:31] [0m[36m<BS> Taris :[0m But on those rare times when I get it, it's a ring or an amulet[0m
[15:31] [0m[36m<BS> Din :[0m "You explored!  Well done!  Good fucking luck trying to find your[0m
[15:31] [0m           way out of this area."[0m
[15:33] [0m[36m<BS> Taris :[0m Every freakin' time...  open iTunes - The software for[0m
[15:33] [0m             communicating with iPods is soup sandwich, shall we un-fuck it?[0m
[15:35] [0m[36m<BS> Xiu :[0m heh many things may change but mac still sucks[0m
[15:36] [0m[36m<BS> Din :[0m hah[0m
[15:36] [0m[36m<BS> Taris :[0m Now, I realize that my iPod is old and that iTunes is rapidly[0m
[15:36] [0m             becoming obsolete but for cryin' out loud, if I'm still buying[0m
[15:36] [0m             music, quit messing with me[0m
[15:37] [0m[36m<BS> Din :[0m bandsintown, best way to buy music[0m
[15:38] [0m[36m<BS> Taris :[0m One of these days I'll get drunk enough to buy that turntable. [0m
[15:38] [0m             Then I'll have no choice but to drop a G on speakers.[0m
[15:38] [0m[36m<BS> Taris :[0m My wife will stab me but the background music will sound[0m
[15:38] [0m             fantastic.[0m
[15:38] [0m[36m<BS> Xiu :[0m heh-heh[0m
[15:39] [0m[36m<BS> Taris :[0m A slightly better than base model U-Turn audio turntable runs[0m
[15:39] [0m             about 300 bones.  But then Klipsch speakers with the option to[0m
[15:39] [0m             hook up a subwoofer...  not so cheap[0m
[15:40] [0m[36m<BS> Taris :[0m I don't see the point in getting a decent turntable if I'm not[0m
[15:40] [0m             going to get decent speakers.  This is mildly ironic given the[0m
[15:40] [0m             state of my hearing.[0m
[15:41] [0m[36m<BS> Din :[0m i didn't see the point of lps until the whole loudness war thing[0m
[15:41] [0m           was explained to me[0m
[15:42] [0m[36m<BS> Din :[0m debating getting a player at some point, but I should probably[0m
[15:42] [0m           stick to digital.  Why spend money to develop a hatred for most[0m
[15:42] [0m           of my music catalogue[0m
[15:42] [0m[36m<BS> Taris :[0m Well, my silly ass bought a set of actual good headphones a few[0m
[15:42] [0m             years ago.  Even with my questionable hearing, the difference[0m
[15:42] [0m             between those and "normal" headphones was ...  it was just[0m
[15:42] [0m             amazing[0m
[15:43] [0m[36m<BS> Taris :[0m So despite having some flaws, I know that good speakers are[0m
[15:43] [0m             worth it.[0m
[15:43] [0m[36m<BS> Taris :[0m or rather, despite my ears having some flaws[0m
[15:43] [0m[36m<BS> Taris :[0m And who thought it would be a good idea to put the 155 on the[0m
[15:43] [0m             north side of camp to shoot south anyway?[0m
[15:43] [0m[36m<BS> Taris :[0m dear god that thing was loud[0m
[15:44] [0m[36m<BS> Taris :[0m You didn't even really hear it.  There was just a sharp bark[0m
[15:44] [0m             and a pressure wave.[0m
[15:47] [0m[34;1mGumby shouts:[0m big letters![0m
[15:47] [0m[34;1mHooligan shouts:[0m wooooo[0m
[15:47] [0m[34;1mWert shouts:[0m stop leveling and cook![0m
[15:52] [0m[Auction] Colson (cybo) : this is for you wert[0m
[15:52] [0mYou can currently reforge 12 items.[0m
[15:52] [0m[Auction] Robert : Up for bids: A dish of food named +8 dex +13 con +6 wis[0m
[15:52] [0m                   extra duration.[0m
[15:52] [0m[Auction] Robert : Colson has requested 5,000 as the opening offer.[0m
[15:53] [0m[Auction] Robert : Got 5,000 from Ender(jedi).  Do I hear 5,250?[0m
[15:53] [0m[Auction] Robert : Got 5,250 from Bohica(blad).  Do I hear 5,512?[0m
[15:53] [0m[Auction] Robert : Got 5,512 from Ender(jedi).  Do I hear 5,787?[0m
[15:53] [0m[Auction] Robert : Got 6,969 from Bohica(blad).  Do I hear 7,317?[0m
[15:53] [0m[Auction] Robert : Got 10,000 from Ender(jedi).  Do I hear 10,500?[0m
[15:53] [0m[Auction] Robert : 10,000 going once![0m
[15:53] [0m[Auction] Robert : 10,000 going twice![0m
[15:53] [0m[Auction] Robert : Got 12,345 from Gumby(cybo).  Do I hear 13,579?[0m
[15:53] [0m[36m<BS> Taris :[0m Now I ain't tellin' you to just ignore it but stats don't so[0m
[15:53] [0m             much do...  much of anything for us.[0m
[15:54] [0m[Auction] Robert : Got 15,000 from Ender(jedi).  Do I hear 16,500?[0m
[15:54] [0m[Auction] Robert : Got 16,969 from Gumby(cybo).  Do I hear 18,665?[0m
[15:54] [0m[Auction] Robert : Got 20,000 from Ender(jedi).  Do I hear 22,000?[0m
[15:54] [0m[Auction] Robert : Got 32,123 from Gumby(cybo).  Do I hear 35,335?[0m
[15:54] [0m[Auction] Robert : Got 40,000 from Ender(jedi).  Do I hear 44,000?[0m
[15:54] [0m[Auction] Robert : Got 54,321 from Gumby(cybo).  Do I hear 59,753?[0m
[15:54] [0m[36m<BS> Taris :[0m I know that it's an "in the works" scenario and charisma was[0m
[15:54] [0m             added as a defense feature instead of a throw-away but...  you[0m
[15:54] [0m             don't need it.[0m
[15:54] [0m[Auction] Robert : Got 60,000 from Ender(jedi).  Do I hear 66,000?[0m
[15:55] [0m[Auction] Robert : 60,000 going once![0m
[15:55] [0m[Auction] Robert : Got 69,666 from Gumby(cybo).  Do I hear 76,632?[0m
[15:55] [0m[Auction] Ender (jedi) : this is all farming stuff right? Does anyone else[0m
[15:55] [0m                         farm?[0m
[15:55] [0m[Auction] Robert : Got 76,632 from Ender(jedi).  Do I hear 84,295?[0m
[15:55] [0m[Auction] Gumby (cybo) : not in years[0m
[15:55] [0m[Auction] Taris (blad) : Not a lot of farmers around.  Amish was the big[0m
[15:55] [0m                         farmer[0m
[15:55] [0m[Auction] Robert : 76,632 going once![0m
[15:55] [0m[Auction] Robert : 76,632 going twice![0m
[15:55] [0m[Auction] Robert : Sold to Ender for 76,632 coins![0m
[16:08] [0m[37;1mSer flaps :[0m anyone available to reforge cmc[0m
[16:28] [0mLocrian {Professions}: anyone know if you can set up your guild box for the[0m
[16:28] [0m                       golem (with golem master) to donate to? :D i'm[0m
[16:28] [0m                       assuming no, but figured i'd ask.[0m
[16:29] [0mOscar {Professions}: Nope[0m
[16:52] [0mYou can currently reforge 12 items.[0m
[17:23] [0m[34;1mFluffy shouts:[0m oh yes, crow-slack![0m
[17:24] [0m[34;1mCrolack shouts:[0m Stop! Hammer time![0m
[17:24] [0m[37;1mFluffy flaps :[0m you can't punt this![0m
[17:24] [0m[34;1mEcholoc shouts:[0m moo[0m
[17:34] [0m[34;1mEcholoc shouts:[0m Down With Pants![0m
[17:34] [0m[34;1mFluffy shouts:[0m up with skirts![0m
[17:36] [0m[34;1mBalderdash shouts:[0m watch yo' back![0m
[17:37] [0m[34;1mSpace shouts:[0m i wubba lamb shanks[0m
[17:46] [0m[31;1m[Clan] Dangerzone :[0m amulet of voraxis sweet[0m
[17:47] [0m[36m<BS> Din :[0m anyone want a 5% auro shield?[0m
[17:48] [0m[36m<BS> Din :[0m rng not being nice this boot[0m
[17:48] [0m[36m<BS> Din :[0m in sbox[0m
[17:57] [0m[31;1m[Clan] Oscar :[0m that is a nice one[0m
[17:57] [0m[31;1m[Clan] Oscar :[0m i think[0m
[17:57] [0m[31;1m[Clan] Oscar :[0m whats it do[0m
[17:58] [0m[31;1m[Clan] Dangerzone :[0m haven't wiki it or have showac vaf on this toon, but[0m
[17:58] [0m                    statbuffs are +5 int +5 wis[0m
[18:07] [0mYou can currently reforge 12 items.[0m
[18:34] [0m[31;1m[Clan] Ser :[0m i thought it was the port one[0m
[18:47] [0m[31;1m[Clan] Dangerzone :[0m ooo lets me dodge too[0m
[18:48] [0m[31;1m[Clan] Ser :[0m dodge THIS DICK eyyy[0m
[18:53] [0mYou can currently reforge 0 items.[0m
[19:07] [0mYou can currently reforge 4 items.[0m
[19:24] [0mWhoknows <.oO>: bOOM[0m
[19:24] [0mEllegon <.oO>: boom indeed.[0m
[19:24] [0mVapor <.oO>: Congrats![0m
[19:24] [0mWhoknows <.oO>: boom boom BOOM, everybody say yeyo[0m
[19:24] [0m[34;1mPrism shouts:[0m WAYOOOO![0m
[19:25] [0mEllegon <.oO>: boom boom boom, lets go back to my room.[0m
[19:25] [0mWhoknows <.oO>: oh you had to go way way back[0m
[19:25] [0mEllegon <.oO>: waywayback.com[0m
[19:25] [0mWhoknows <.oO>: you went so far back, there was no .com[0m
[19:26] [0mStasis <.oO>: BOOM! shake, shake, shake the room![0m
[19:27] [0mEllegon <.oO>: boo boom boom west and east germany reunited[0m
[19:28] [0mEllegon <.oO>: tick tick tick, tick-BOOM![0m
[19:42] [0m[37;1mEllegon flaps :[0m woot. got some eggnog to go with my rum. yay xmas.[0m
[19:44] [0m[37;1mWhoknows flaps :[0m yay[0m
[20:07] [0mYou can currently reforge 8 items.[0m
[20:21] [0m[37;1mDy flaps :[0m *doink*[0m
[20:22] [0m[34;1mFluffy shouts:[0m boink![0m
[20:22] [0m[34;1mEnder shouts:[0m scientific progress goes doink?[0m
[20:22] [0m[34;1mHooligan shouts:[0m doink doink?  law and order?[0m
[20:29] [0m[34;1mFluffy shouts:[0m big letters[0m
[20:29] [0m[34;1mBalderdash shouts:[0m aw yeah![0m
[20:29] [0m[34;1mEllegon shouts:[0m awooooot[0m
[20:29] [0m[34;1mGik shouts:[0m 119 stabs to celebrate![0m
[20:32] [0m[37;1mDy flaps :[0m Ooops[0m
[20:37] [0m[34;1mFluffy shouts:[0m you mean .. like a fart ?[0m
[20:49] [0m[31;1m[Clan] Ser :[0m 71b tnl[0m
[20:50] [0m[31;1m[Clan] Gik :[0m woot![0m
[20:53] [0m[37;1mDy flaps :[0m Whatever![0m
[20:55] [0m[34;1mFluffy shouts:[0m you cannot lie![0m
[20:58] [0m[34;1mJasmine shouts:[0m Crolack is lying about the size of his pickle![0m
[20:59] [0m[34;1mEcholoc shouts:[0m personal expierence?[0m
[21:01] [0m[34;1mJasmine shouts:[0m Voodoo told me[0m
[21:07] [0mYou can currently reforge 12 items.[0m
[22:14] [0m[31;1m[Clan] Oscar :[0m night[0m
[22:17] [0m[37;1mDy flaps :[0m stinky butt[0m
[22:27] [0m[34;1mChrys shouts:[0m covid got him:([0m
[22:44] [0m[34;1mSeeker shouts:[0m pfind[0m
[22:50] [0m[37;1mDy flaps :[0m nipplettes[0m
[22:51] [0m[37;1mChrys flaps :[0m why has no rock band ever been called that?[0m
[23:04] [0m[37;1mCaeli flaps :[0m Evening all![0m
[23:05] [0m[37;1mCaeli flaps :[0m How're y'all?[0m
