- = LOG STARTED [00:00] = -
[08:21] [0m[33;1m[Clan] Bruce :[0m seen this?[0m
[08:21] [0m[33;1m[Clan] Bruce :[0m https://www.youtube.com/watch?v=ypxkhpDQaRM[0m
[08:22] [0m[33;1m[Clan] Bruce :[0m it's worth watching to the end :D[0m
[08:22] [0m[33;1m[Clan] Ser :[0m https://reddit.app.link/TjXehUnDU6[0m
[08:22] [0m[33;1m[Clan] Ser :[0m i dunno what i just linked[0m
[08:23] [0m[33;1m[Clan] Dub :[0m whatsit?[0m
[08:24] [0m[33;1m[Clan] Bruce :[0m i don't know what that is either[0m
[08:24] [0m[33;1m[Clan] Bruce :[0m i think i'm too old[0m
[08:24] [0m[33;1m[Clan] Ser :[0m its funny[0m
[08:24] [0m[33;1m[Clan] Ser :[0m and more funny https://i.imgur.com/aQnFUIx.gifv[0m
[08:25] [0m[33;1m[Clan] Ser :[0m you all are very welcome[0m
[08:25] [0m[33;1m[Clan] Ser :[0m i will see myself out[0m
[08:40] [0m<BS> Taris : I was able to mow the grass yesterday without getting[0m
[08:40] [0m             sunburned.  Small victories.[0m
[08:41] [0m<BS> Metaljaz : good deal[0m
[08:46] [0m[Clan] Ser : no hahas or lmao wtf or anything[0m
[08:46] [0m[Clan] Ser : i dont appreciate you guys anymore[0m
[08:46] [0m[Clan] Ser : also why are there so many macdonalds apps[0m
[08:47] [0m[Clan] Dangerzone : hearty laugh from ally @ser[0m
[08:47] [0m[Clan] Dangerzone : good shit @bruce @ser[0m
[08:47] [0m[Clan] Ipsie : i was late to the party.[0m
[08:47] [0m<BS> Taris : Hmm.  Don't think I'll hit glvl this boot.  Oh well.  No harm[0m
[08:47] [0m             done.[0m
[08:49] [0m[Clan] Oscar : laf[0m
[08:49] [0m[Clan] Dangerzone : mcd one lil dumb[0m
[08:51] [0m[34;1mSarge shouts:[0m wow, how did i not see the correlation before now... (SFW pic)[0m
[08:51] [0m              https://tinyurl.com/y7ms52p7[0m
[08:53] [0m[Clan] Knox enters the game.  [0m
[09:02] [0m[Clan] Martyr enters the game.  [0m
[09:03] [0m[Clan] Martyr : Is anyone past iron and need stone/steel lockboxes?[0m
[09:03] [0m[34;1mFlaxen shouts:[0m shout[0m
[09:03] [0m[34;1mMoltar shouts:[0m twist[0m
[09:03] [0m[Clan] Martyr : or titanium?[0m
[09:03] [0m[34;1mDrax shouts:[0m shout[0m
[09:03] [0m[Clan] Saim : aka might[0m
[09:03] [0m[34;1mVolt shouts:[0m let it all oot[0m
[09:03] [0m[34;1mSarge shouts:[0m no... wait...[0m
[09:04] [0m[Clan] Martyr : i got like 100 lockboxes in my house[0m
[09:04] [0m[Clan] Martyr : was going to max oscar out[0m
[09:04] [0m[Clan] Martyr : but never got iron[0m
[09:10] [0mArmy shouts: Game reboot in 51 minutes 2 seconds [0m
[09:10] [0m[34;1mFlaxen shouts:[0m go die army[0m
[09:11] [0m[34;1mLeianne shouts:[0m long boot next one :p[0m
[09:13] [0m[34;1mTex shouts:[0m 10 yard penalty pats my self on the back for saying it right to[0m
[09:13] [0m            wuound for too much spam what a great country we live in thats[0m
[09:13] [0m            my thoughts. poses for photo op[0m
[09:21] [0m<BS> Taris : My memory is kinda dumping out on me right now.  If you max[0m
[09:21] [0m             focused (skill) how high does weapon mastery have to be to get[0m
[09:21] [0m             3 attacks?[0m
[09:23] [0mArmy shouts: Game reboot in 38 minutes 6 seconds [0m
[09:32] [0m<BS> Lachlan : legendary[0m
[09:32] [0m<BS> Lachlan : max weapon before you get the third I believe[0m
[09:33] [0m<BS> Lachlan : I could be wrong, my memory is like yours. :P[0m
[09:33] [0mArmy shouts: Game reboot in 28 minutes 24 seconds [0m
[09:33] [0m[34;1mWound shouts:[0m we love you army![0m
[09:36] [0m[Clan] Roor enters the game.  [0m
[09:40] [0mArmy shouts: Game reboot in 21 minutes 8 seconds [0m
[09:42] [0m<BS> Taris : Oh.  Well, I ain't got no legendary weapons.[0m
[09:42] [0m<BS> Taris : And my focused isn't as unnatural either so..  no biggie[0m
[09:43] [0m<BS> Taris : I mean, I have the gxp free to do it but with the changes to[0m
[09:43] [0m             freeform, unless I can do 3 attacks in focused, why would I? [0m
[09:43] [0m             :P[0m
[09:44] [0m<BS> Din : yeah, max mastery and focused unnatural[0m
[09:44] [0m<BS> Din : or one less mastery with max focused[0m
[09:45] [0m<BS> Taris : Oh.  That I might actually have.[0m
[09:45] [0m<BS> Taris : My Spaser is at Mastered.  Which amuses me since it's not the[0m
[09:45] [0m             last level.[0m
[09:46] [0mArmy shouts: Game reboot in 15 minutes 41 seconds [0m
[09:47] [0m<BS> Din : need legendary & unnatural or deadly & god-like[0m
[09:48] [0m<BS> Lachlan : and why focused? freeform is the shiznit now.[0m
[09:48] [0m<BS> Taris : Wait...  so mastered is TWO points below actually mastering the[0m
[09:48] [0m             weapon?  That's...  heh[0m
[09:50] [0m[Clan] Mako enters the game.  [0m
[09:50] [0mArmy shouts: Game reboot in 11 minutes 35 seconds [0m
[09:50] [0mAdalius flaps : Welp, reboot falls during my commute so, hopefully none of[0m
[09:50] [0m                my amazing changes that you're all gonna love break[0m
[09:50] [0m                anything. GOOD LUCK EVERYBODY![0m
[09:52] [0m<BS> Lachlan : yes Taris... lol[0m
[09:52] [0m<BS> Lachlan : mastered, deadly, legendary[0m
[09:52] [0m<BS> Lachlan : wait.. 3[0m
[09:52] [0m<BS> Din : mastered, expert, deadly, legendary[0m
[09:52] [0m<BS> Lachlan : mastered, expert, deadly, le..[0m
[09:52] [0m<BS> Lachlan : yeah... bwhahahahaa[0m
[09:52] [0m<BS> Din : i think it's funnier that perfect isn't max skill level[0m
[09:52] [0mMartyr flaps : ch-ch-ch-changes[0m
[09:53] [0mWhoknows flaps : hehe and with that mud goes down for another 12h[0m
[09:53] [0m<BS> Taris : I guess that's why you don't drink while you're coding...[0m
[09:53] [0mArmy shouts: Game reboot in 8 minutes 31 seconds [0m
[09:53] [0m<BS> Lachlan : Kids... this is why we graft a weapon onto your hand when you[0m
[09:53] [0m               join blades and you NEVER unwield it until it's maxed.[0m
[09:53] [0m<BS> Din : i mean, maybe have one after 'perfect' that's 'noice...'[0m
[09:53] [0m<BS> Lachlan : err... Legendary. ;P[0m
[09:53] [0m<BS> Taris points to his dedicated weapon list: Spaser, Ghoti, guild sword,[0m
[09:53] [0m           pope rod, spork, monosword[0m
[09:54] [0m<BS> Stevie : my weapons are all silly[0m
[09:54] [0m<BS> Stevie : well except warsword[0m
[09:54] [0mTurnhold flaps : Whereas I hope it breaks, and you have to GO OUTSIDE!!!![0m
[09:54] [0m<BS> Din : i have jewel sword and isleth, the rest are dream weapons i have[0m
[09:54] [0m           to dupe[0m
[09:55] [0m<BS> Din : not the smartest list[0m
[09:55] [0m<BS> Metaljaz : yeah i dropped the warsword after getting it to almost[0m
[09:55] [0m                legendary because i needed the slot[0m
[09:55] [0m<BS> Metaljaz : more slots more slots more slots[0m
[09:55] [0mArmy shouts: Game reboot in 6 minutes 13 seconds [0m
[09:55] [0mWhoknows flaps : i go outside every day.  but then it gets humid, and lappys[0m
[09:55] [0m                 don't like humidity[0m
[09:55] [0m<BS> Stevie : how many are we allowed[0m
[09:55] [0mNix flaps : we can't go outside we're still in quarantine![0m
[09:55] [0m<BS> Taris : Aw...  I'm gonna run out of time[0m
[09:56] [0m<BS> Taris : Working on doing the kill gargamel mission[0m
[09:56] [0m<BS> Metaljaz : 7?[0m
[09:56] [0mSimonz flaps : I was just outside, went for a 1m walk.[0m
[09:56] [0mSimonz flaps : it was horrible[0m
[09:56] [0m<BS> Metaljaz : oh no its 6[0m
[09:56] [0m<BS> Taris : It's six unless you vaf some[0m
[09:56] [0m[34;1mDrax shouts:[0m Nice![0m
[09:56] [0m[34;1mSarge shouts:[0m thanks all[0m
[09:56] [0m[34;1mTex shouts:[0m cookies n orange juice[0m
[09:56] [0m<BS> Metaljaz : more slots   more slots   more slots[0m
[09:56] [0m<BS> Stevie : I have 6...I wonder if we're ever going to have the shift[0m
[09:56] [0m              masteries around bit again[0m
[09:57] [0m[34;1mSimonz shouts:[0m first last![0m
[09:57] [0m<BS> Stevie : the one I spent the most time on I never use now[0m
[09:57] [0mArmy shouts: TELL ARMY if you want a free transport![0m
[09:57] [0mArmy shouts: Game reboot in 4 minutes 29 seconds [0m
[09:57] [0m<BS> Taris : I like the pope rod.  It's not a BS weapon but it's fun.[0m
[09:57] [0m<BS> Metaljaz : same here. once you find one that fits what you like to kill[0m
[09:57] [0m                thats what seems to happen[0m
[09:57] [0m<BS> Taris : 20 blunt, 20 electric.  Rune it up, put in work.[0m
[09:58] [0m<BS> Taris : I actually don't know the WC on the spaser.  Only that it's[0m
[09:58] [0m             energy.[0m
[09:58] [0m<BS> Metaljaz : so my jsword is legendary but i dont use it anymore[0m
[09:58] [0m<BS> Stevie : I have polished bone staff in there but I probably can't kill[0m
[09:58] [0m              that area anymore since they upgraded it[0m
[09:58] [0mArmy shouts: Game reboot in 3 minutes 11 seconds [0m
[09:58] [0m[Clan] Mako leaves the game.  [0m
[09:58] [0m[Clan] Roor leaves the game.  [0m
[09:58] [0m<BS> Stevie : I just need to gxp[0m
[09:59] [0m<BS> Metaljaz : kill kill kill[0m
[09:59] [0m<BS> Stevie : my titan needs xp too[0m
[09:59] [0m<BS> Taris : Okay, I WILl finish this kill before boot.  yay for kill[0m
[09:59] [0m             gargamel mission[0m
[09:59] [0mArmy shouts: Game reboot in 2 minutes 13 seconds [0m
[09:59] [0m<BS> Taris : You want my Jedi to tank for your titan?  *smirk*[0m
[09:59] [0m<BS> Metaljaz : titan?[0m
[09:59] [0m<BS> Stevie : ascended[0m
[09:59] [0m<BS> Taris : ascended[0m
[09:59] [0m<BS> Metaljaz : ahh[0m
[10:00] [0m[Clan] Ipsie leaves the game.  [0m
[10:00] [0m[Clan] Roken escapes in a poof of 'roken'.  [0m
[10:00] [0mArmy shouts: Game reboot in 1 minute 29 seconds [0m
[10:00] [0m<BS> Stevie : the skills suck but I have to get to glv 12 or 14 or something[0m
[10:00] [0m              to reset them again[0m
[10:00] [0m[Clan] Mud leaves the game.  [0m
[10:00] [0mArmy shouts: Game reboot in 56 seconds [0m
[10:00] [0m[Clan] Michael leaves the game.  [0m
[10:01] [0m[34;1mGlorfindel shouts:[0m Come on, come on, get on with it so that I can log back[0m
[10:01] [0m                   in and idle some more[0m
[10:01] [0m<BS> Stevie : again brun with no aliases...I should have prepared :)[0m
[10:01] [0m<BS> Taris : Box Status: 11164489[0m
[10:01] [0m[Clan] Slacker leaves the game.  [0m
[10:01] [0mArmy shouts: Game reboot in 32 seconds [0m
[10:01] [0m[Clan] Byron leaves the game.  [0m
[10:01] [0mArmy shouts: Game reboot in 14 seconds [0m
[10:01] [0m[34;1mSomeone shouts:[0m LAST N STUFF[0m
[10:01] [0mArmy shouts: A knight rides onto the field[0m
[10:03] [0m[33;1m[Clan] Roken wisps into existence.[0m  [0m
[10:03] [0m[35;1mUkyo [Jedi(Knight)]:[0m power and business[0m
[10:03] [0m[35;1mUkyo [Jedi(Knight)]:[0m droids[0m
[10:04] [0m[35;1mRoken [Jedi(83)]:[0m bah humbug[0m
[10:04] [0m[33;1m[Clan] Nix materializes into existence.[0m  [0m
[10:04] [0m[33;1m[Clan] Mud enters the game.[0m  [0m
[10:05] [0m[33;1m[Clan] Ipsie enters the game.[0m  [0m
[10:07] [0m[33;1m[Clan] Michael enters the game.[0m  [0m
[10:07] [0m[Auction] Robert : Up for bids: Silver scroll of enchant armour.[0m
[10:07] [0m[Auction] Robert : Stevie has requested 0 as the opening offer.[0m
[10:07] [0m[Auction] Robert : Got 0 from Tuba(necr).  Do I hear 50?[0m
[10:07] [0m[Auction] Robert : 0 going once![0m
[10:07] [0m[33;1m[Clan] Byron :[0m wow[0m
[10:07] [0m[Auction] Robert : Got 50 from Wert(jedi).  Do I hear 100?[0m
[10:07] [0m[33;1m[Clan] Byron :[0m that was a best run ever[0m
[10:07] [0m[33;1m[Clan] Dub :[0m dead?[0m
[10:07] [0m[Auction] Robert : 50 going once![0m
[10:07] [0m[Auction] Robert : 50 going twice![0m
[10:08] [0m[Auction] Robert : Sold to Wert for 50 coins![0m
[10:08] [0m[35;1mInquisitor [Jedi(Knight)]:[0m Now there's a death I haven't seen in a long time[0m
[10:08] [0m[33;1m[Clan] Byron :[0m that was fucking awesome[0m
[10:08] [0m[35;1mKsemia [Jedi(Master)]:[0m uk?[0m
[10:08] [0m[33;1m[Clan] Mud :[0m could i snag a copy? was locked into tiamats room[0m
[10:08] [0m[35;1mInquisitor [Jedi(Knight)]:[0m blue dragon head[0m
[10:09] [0m[33;1m[Clan] Byron :[0m bootrun over woot[0m
[10:09] [0m[33;1m[Clan] Mud :[0m or who has OG?[0m
[10:09] [0m[33;1m[Clan] Ipsie :[0m that was quick[0m
[10:09] [0mSquirrel flaps : so anyone wanna buy those boons? :D[0m
[10:09] [0m[33;1m[Clan] Byron :[0m nix and I lasted a long time[0m
[10:09] [0m[33;1m[Clan] Phenom :[0m ipsie any chance you have a spare dupe for axde?[0m
[10:09] [0m[33;1m[Clan] Ipsie :[0m i do[0m
[10:09] [0m[33;1m[Clan] Phenom :[0m oo[0m
[10:09] [0m[33;1m[Clan] Bruce enters the game.[0m  [0m
[10:09] [0m[33;1m[Clan] Bruce :[0m ROAR![0m
[10:09] [0m[33;1m[Clan] Nix :[0m you seriously took the temper dickhead[0m
[10:09] [0m[33;1m[Clan] Knox :[0m but i think it will be bindy[0m
[10:09] [0m[33;1m[Clan] Byron :[0m me?[0m
[10:09] [0m[33;1m[Clan] Byron :[0m no[0m
[10:09] [0m[33;1m[Clan] Bruce :[0m it appears on the ground[0m
[10:09] [0m[33;1m[Clan] Nix :[0m yeah you[0m
[10:09] [0mMellaous flaps : what boons?[0m
[10:09] [0m[33;1m[Clan] Byron :[0m someone else did[0m
[10:09] [0m[33;1m[Clan] Byron :[0m probably gore[0m
[10:09] [0m[33;1m[Clan] Knox :[0m wasn't me[0m
[10:09] [0m[33;1m[Clan] Byron :[0m while we were dying[0m
[10:09] [0m[33;1m[Clan] Byron :[0m 99% sure it was him[0m
[10:10] [0m[33;1m[Clan] Byron :[0m gore[0m
[10:10] [0m[33;1m[Clan] Knox :[0m i can requiem room if you really wanna know[0m
[10:10] [0m[33;1m[Clan] Byron :[0m nod[0m
[10:10] [0m[33;1m[Clan] Byron :[0m cause it's a dick move[0m
[10:10] [0m[33;1m[Clan] Knox :[0m kk, ill check[0m
[10:10] [0m[33;1m[Clan] Saim :[0m if its illegal its harrassment and tell a wizard[0m
[10:10] [0m[33;1m[Clan] Bruce :[0m come back knoxie[0m
[10:10] [0m[33;1m[Clan] Byron :[0m shrug[0m
[10:10] [0m[33;1m[Clan] Bruce :[0m nix is here[0m
[10:10] [0m[33;1m[Clan] Byron :[0m i don't care that much saim[0m
[10:10] [0m[33;1m[Clan] Knox :[0m well kg killed dwarf[0m
[10:10] [0m[32mYou say:[0m refresh?[0m
[10:10] [0m[33;1m[Clan] Saim :[0m BLM[0m
[10:10] [0m[33;1m[Clan] Knox :[0m brt[0m
[10:10] [0m[33;1m[Clan] Byron :[0m nod[0m
[10:11] [0m[32mCaboose says:[0m have at it[0m
[10:11] [0m[33;1m[Clan] Byron :[0m so KG took it[0m
[10:11] [0mYour transmuter's stone bursts with 6 new colours![0m
[10:11] [0m[33;1m[Clan] Saim :[0m so its fine then[0m
[10:11] [0m[33;1m[Clan] Byron :[0m nah[0m
[10:11] [0m[33;1m[Clan] Byron :[0m it's still a dick move[0m
[10:11] [0mSimonz flaps : ogotaz bless[0m
[10:11] [0m[33;1m[Clan] Byron :[0m not like nauda sitting outside the room to steal all the corspes dick[0m
[10:11] [0m[33;1m[Clan] Byron :[0m but bad form[0m
[10:12] [0m[32mApocalypse says:[0m gonna slide after yer done unless you're gonna reset[0m
[10:12] [0m[33;1m[Clan] Knox :[0m so he duped axe quick and sprinted there while everyone else was getting dupe in ?[0m
[10:12] [0m[33;1m[Clan] Byron :[0m no[0m
[10:12] [0m[33;1m[Clan] Byron :[0m he killed it while we were killing uk[0m
[10:12] [0m[33;1m[Clan] Knox :[0m ohhhh[0m
[10:12] [0m[34;1mInquisitor shouts:[0m First CyberPope didn't drop plate for anyone who might be interested in[0m
[10:12] [0m                   catching him on the reset[0m
[10:12] [0m[33;1m[Clan] Knox :[0m yeah, that is shit[0m
[10:13] [0m[33;1m[Clan] Byron :[0m he blocked the temper before he had any weapon to temper[0m
[10:13] [0m[32mOmni says:[0m sliding?[0m
[10:13] [0m[32mNix says:[0m ?[0m
[10:14] [0m[32mNix says:[0m cool going to dupe your lord[0m
[10:15] [0m[35;1mInquisitor [Jedi(Knight)]:[0m Hmm.  I guess I should think about what items I wanna craft.  I'm[0m
[10:15] [0m                           thinkin'...  greaves, codpiece, gloves...  maybe a helmet so I catch[0m
[10:15] [0m                           the con bump....[0m
[10:15] [0m[37;1mKillergate <.oO>:[0m looking for og freeway 2.0 for duping[0m
[10:15] [0m[35;1mUkyo [Jedi(Knight)]:[0m six pieces >> four pieces[0m
[10:16] [0mLeianne flaps : extra wmay gloves free for all.. I duplicate mob and both drop gloves. help[0m
[10:16] [0m                yourself[0m
[10:16] [0m[33;1m[Clan] Martyr enters the game.[0m  [0m
[10:16] [0m[33;1m[Clan] Oscar enters the game.[0m  [0m
[10:16] [0m[35;1mInquisitor [Jedi(Knight)]:[0m I'm not that worried about a little HP regen[0m
[10:17] [0;1;34mRikken shouts: [0mPolls are now open![0m
[10:17] [0m[35;1mSimonz [Jedi(Knight)]:[0m heh, I have my stuff all planned out well before boot with the gems[0m
[10:17] [0m                       crafted and ready to fill[0m
[10:17] [0m[35;1mSimonz [Jedi(Knight)]:[0m halfway through filling gems[0m
[10:17] [0m[35;1mInquisitor [Jedi(Knight)]:[0m I logged in and was on my PsiCorps gobj.  That feller ain't[0m
[10:17] [0m                           bootrunnin' nothin'[0m
[10:18] [0m[33;1m[Clan] Byron :[0m forgot to check if my skin loaded...pfp did[0m
[10:18] [0m[35;1mInquisitor [Jedi(Knight)]:[0m I didn't really have a plan.  No surprise there.  But I've got 13[0m
[10:18] [0m                           days to figure it out.  :)[0m
[10:19] [0m[33;1m[Clan] Mud :[0m oop[0m
[10:19] [0m[35;1mSimonz [Jedi(Knight)]:[0m heh, but you could have had 13 days to enjoy it![0m
[10:19] [0m[35;1mWert [Jedi(Knight)]:[0m holy long boot[0m
[10:19] [0m[35;1mWert [Jedi(Knight)]:[0m glad i got my light source, my only key item[0m
[10:19] [0m[34;1mSimonz shouts:[0m t-t-t-Tia![0m
[10:19] [0m [1mCurrent Reboot : #1846 [1 week 5 days 22 hours]                       [0m[0m
[10:19] [0m [30;1m3Kingdoms Time : (US EDT) Thu Jun 04, 2020 10:19:30 am                [0m[0m
[10:19] [0m [32;1mReboot Started : Thu Jun 4 09:01 am [0m[0m
[10:19] [0m [36;1mCurrent Uptime : 17 minutes 32 seconds (1%)                           [0m[0m
[10:19] [0m [31;1mReboot Ends    : Wed Jun 17 07:01 am[0m[0m
[10:19] [0m [33;1mNext Reboot in : 1 week 5 days 21 hours 42 minutes 46 seconds         [0m[0m
[10:19] [0m     [33mAfter That : [1848] Thu Jun 25 03:37 pm[0m[0m
[10:19] [0m     [33mAfter That : [1849] Wed Jul 08 12:43 pm[0m[0m
[10:19] [0m[35;1mInquisitor [Jedi(Knight)]:[0m *Magnum Flashlight (illuminated)[0m
[10:19] [0m[35;1mWert [Jedi(Knight)]:[0m The Source of the lamp at Land's End (shining)[0m
[10:20] [0m[35;1mInquisitor [Jedi(Knight)]:[0m Show-off[0m
[10:20] [0m[35;1mWert [Jedi(Knight)]:[0m its my jam[0m
[10:20] [0m[33;1m[Clan] Byron :[0m someone bid on this laf[0m
[10:20] [0m[33;1m[Clan] Byron :[0m it can't go for 900 coins[0m
[10:20] [0m[35;1mSimonz [Jedi(Knight)]:[0m I got beat to everything I tried to grab[0m
[10:20] [0m[33;1m[Clan] Mud :[0m overmax for mage ncie though?[0m
[10:20] [0m[33;1m[Clan] Byron :[0m yeah[0m
[10:20] [0m[33;1m[Clan] Byron :[0m its nice for anyone[0m
[10:20] [0m[35;1mInquisitor [Jedi(Knight)]:[0m I got first Pope but no luck ono the plate[0m
[10:23] [0m[33;1m[Clan] Nix :[0m i guess i should head into work[0m
[10:24] [0m[37;1mMarlon <.oO>:[0m anyone have auro shield to dup?[0m
[10:24] [0m[33;1m[Clan] Ser enters the game.[0m  [0m
[10:24] [0m[33;1m[Clan] Ser :[0m moo[0m
[10:25] [0m[33;1m[Clan] Sock wiggles on your foot.[0m  [0m
[10:26] [0m[35;1mGibran [Jedi(36)]:[0m hrm, was there supposed to be a boot?[0m
[10:26] [0m[35;1mMav [Jedi(32)]:[0m just happened[0m
[10:26] [0m[35;1mInquisitor [Jedi(Knight)]:[0m Yup[0m
[10:26] [0m[35;1mUkyo [Jedi(Knight)]:[0m ayup[0m
[10:27] [0m[35;1mSaim [Jedi(Elder)]:[0m boot to the face![0m
[10:29] [0m[35;1mInquisitor [Jedi(Knight)]:[0m 4th warning of blaster breakage[0m
[10:29] [0m[35;1mSimonz [Jedi(Knight)]:[0m oh yeah, droids, heh[0m
[10:29] [0m[35;1mSimonz [Jedi(Knight)]:[0m anyone know what's in the shop?[0m
[10:29] [0m[35;1mWound [Jedi(Knight)]:[0m beer?[0m
[10:29] [0m[35;1mInquisitor [Jedi(Knight)]:[0m The level 1 droid is a power droid[0m
[10:29] [0m[35;1mWound [Jedi(Knight)]:[0m pillz?.[0m
[10:29] [0m[35;1mWound [Jedi(Knight)]:[0m toilet paper?[0m
[10:29] [0m[35;1mInquisitor [Jedi(Knight)]:[0m The level 2 I think was a secretary?[0m
[10:30] [0m[33;1m[Clan] Blutash enters the game.[0m  [0m
[10:32] [0m[35;1mInquisitor [Jedi(Knight)]:[0m There it went again.  At this point I assume I'm seeing warnings for[0m
[10:32] [0m                           both guns.[0m
[10:34] [0m[33;1m[Clan] Byron :[0m bah[0m
[10:34] [0m[33;1m[Clan] Byron :[0m 5 shells, 1 dtaco[0m
[10:34] [0m[35;1mGibran [Jedi(36)]:[0m bootruns suck when you're 30m late:)[0m
[10:34] [0m[37;1m[JEDI]:[0m Alyssa K'tal arrives at the Academy.[0m
[10:35] [0m[37;1mOmni <.oO>:[0m well, you can't refresh room and embiggen in the same string of cmds :)[0m
[10:35] [0m[37;1mOmni <.oO>:[0m oops[0m
[10:35] [0m[35;1mUkyo [Jedi(Knight)]:[0m indeed[0m
[10:35] [0m[37;1mByron <.oO>:[0m you can't use >1 epowers in any round[0m
[10:35] [0m[35;1mKsemia [Jedi(Master)]:[0m they suck when you're not...[0m
[10:35] [0m[37;1mOmni <.oO>:[0m yeah I know that, just... forgot[0m
[10:35] [0m[37;1mOmni <.oO>:[0m ned eats my face w/o that extra stats :)[0m
[10:36] [0m[35;1mMichael [Jedi(50)]:[0m My bootrun consists of just watching auction cause I can't keel what I need[0m
[10:36] [0m[35;1mSimonz [Jedi(Knight)]:[0m lol[0m
[10:36] [0m[35;1mUkyo [Jedi(Knight)]:[0m need, or want?[0m
[10:37] [0m[35;1mSimonz [Jedi(Knight)]:[0m spend the time mining so you can do crafting[0m
[10:37] [0m[35;1mGibran [Jedi(36)]:[0m at boot, are the crimson deities first, or is it random when they show up?[0m
[10:37] [0m[35;1mSimonz [Jedi(Knight)]:[0m random I think[0m
[10:37] [0m[35;1mSimonz [Jedi(Knight)]:[0m ask hyuga[0m
[10:38] [0m[Clan] Dangerzone enters the game.  [0m
[10:38] [0m[32mCorath tells you:[0m Sorry but you do not have the item in question.          [0m
[10:38] [0m[Clan] Byron : if anyone gets a spork, holla at'cha boi[0m
[10:40] [0m<BS> Prismal : oh god, Crolack is here, what have we done now?[0m
[10:42] [0m<BS> Prismal : I strongly considered taking today off and coming back[0m
[10:42] [0m               tomorrow when I wouldn't have to camp for so much gear[0m
[10:42] [0m<BS> Metaljaz : is it bad?[0m
[10:42] [0m<BS> Prismal : no, I just got bored standing in a room doing nothing[0m
[10:43] [0m<BS> Prismal : and some of the gear I like is pretty heavily camped[0m
[10:43] [0m<BS> Metaljaz : ah okies[0m
[10:43] [0m<BS> Prismal : alien queen, pitch black, ned, cami, etc[0m
[10:43] [0m[32mCorath tells you:[0m You must wait, I'm currently helping someone else.       [0m
[10:44] [0m<BS> Din : woot, twilight shield and helm[0m
[10:44] [0m<BS> Prismal : I've got aylin and buckler still[0m
[10:44] [0m<BS> Prismal : at some point I may track down an auro shield to dupe[0m
[10:45] [0m<BS> Lachlan : so jelly... I am so behind on brun now[0m
[10:45] [0m<BS> Prismal : just wait for your clannies to fill their box for you[0m
[10:46] [0m<BS> Lachlan : true story... clannie and guildies... DRESS ME![0m
[10:46] [0m<BS> Prismal : I'm waiting for my axe dupe, no reason to waste time on a[0m
[10:46] [0m               gsword at this point[0m
[10:46] [0m<BS> Lachlan : of course work has been stupid ridiculous so brun is extra[0m
[10:46] [0m               difficult too[0m
[10:46] [0m<BS> Din : cyber shield in runed gear box[0m
[10:47] [0m<BS> Lachlan : oh, who has axe? I need one too[0m
[10:47] [0m<BS> Prismal : nix[0m
[10:47] [0m<BS> Lachlan : thanks.[0m
[10:47] [0m<BS> Prismal : but he's killing zell currently[0m
[10:47] [0m<BS> Din : i lucked into it.  got my jsword runed up and got to uk when he[0m
[10:47] [0m           was around 40%, but with the big necros on him he died like 12[0m
[10:47] [0m           rounds later and i didn't even take a death[0m
[10:48] [0m<BS> Lachlan : wow, nice[0m
[10:48] [0m<BS> Prismal : nice indeed[0m
[10:48] [0m[Clan] Nik enters the game.  [0m
[10:48] [0m<BS> Prismal : I feel like when I walk in there I get targeted, can't tell[0m
[10:48] [0m               you how many times I've walked in and been dead a round later[0m
[10:51] [0m[Clan] Byron : anyone able to rally oscar into my banenr?[0m
[10:51] [0m[Clan] Saim : where u[0m
[10:51] [0m[Clan] Byron : magic?[0m
[10:51] [0m<BS> Lachlan : and just like that... WEP MAX ATTAINED.[0m
[10:53] [0m[33;1m[Clan] Oscar :[0m welp, that room repopped fast lol[0m
[10:57] [0m[34;1mFrank shouts:[0m more kills[0m
[10:57] [0m[35;1mUkyo [Jedi(Knight)]:[0m bloody hell, i'm saturating and using conc. this is . . . weird?[0m
[10:58] [0m[34;1mFrank shouts:[0m oh and soon there will be a small addition to Hotel, be very careful , a taste of[0m
[10:58] [0m              things to come[0m
[10:58] [0m[35;1mSimonz [Jedi(Knight)]:[0m good thing I'm only really after the scroll on this spirit run, otherwise[0m
[10:58] [0m                       I'd be really annoyed at the lack of items dropping[0m
[10:58] [0m[34;1mDin shouts:[0m first taste is free[0m
[10:59] [0m[35;1mSimonz [Jedi(Knight)]:[0m and of course the shield drops.[0m
[10:59] [0m[35;1mGibran [Jedi(36)]:[0m boom. the best piece.[0m
[11:00] [0m[35;1mUkyo [Jedi(Knight)]:[0m i feel your pain. same thing happened with the pedes.[0m
[11:01] [0m[37;1m[JEDI]:[0m Ylenic It'kla arrives at the Academy.[0m
[11:02] [0m[33;1m[Clan] Byron :[0m any necros want a corpse?[0m
[11:02] [0m[33;1m[Clan] Byron :[0m I got 3 varieties[0m
[11:02] [0m[33;1m[Clan] Byron :[0m Knox, Nix, or Byron[0m
[11:02] [0m[33;1m[Clan] Ipsie :[0m laf[0m
[11:02] [0m[33;1m[Clan] Nik :[0m ima be playin somethin not necro this boot, ty tho! :D[0m
[11:02] [0m[33;1m[Clan] Byron :[0m nog[0m
[11:02] [0m[33;1m[Clan] Byron :[0m what are you going for?[0m
[11:03] [0m[33;1m[Clan] Nik :[0m sii or changer, maybe just a lil change before sii[0m
[11:03] [0m[33;1m[Clan] Byron :[0m nog[0m
[11:03] [0m[33;1m[Clan] Blutash :[0m Anyone know if the Nex stuff all clones at the start of boot?[0m
[11:04] [0m[35;1mSimonz [Jedi(Knight)]:[0m heh, I always do bplate/greaves/boots/gloves/codpiece in that order, but[0m
[11:04] [0m                       then I'm always doing all of them together[0m
[11:05] [0m[33;1m[Clan] Byron :[0m no clue[0m
[11:05] [0m[35;1mInquisitor [Jedi(Knight)]:[0m Ooh neato, gloves aren't trivial yet.[0m
[11:05] [0m[33;1m[Clan] Nik :[0m any lore for it?[0m
[11:06] [0m[33;1m[Clan] Blutash :[0m not for that detail[0m
[11:06] [0m[33;1m[Clan] Nik :[0m haha dang! i know nothin bout it[0m
[11:06] [0m[35;1mInquisitor [Jedi(Knight)]:[0m I got 3% of a crafting level out of that.[0m
[11:06] [0m[33;1m[Clan] Byron :[0m no lore that people wanted to share :P[0m
[11:06] [0m[33;1m[Clan] Blutash :[0m But its one of those areas that's perpetually cleared by the time I get here[0m
[11:06] [0m[33;1m[Clan] Byron :[0m nex?  nobody uses that really anymore[0m
[11:06] [0m[33;1m[Clan] Byron :[0m it should be there[0m
[11:06] [0m[33;1m[Clan] Blutash :[0m Nope. Map gone, boot mobs cleared....someone is thorough[0m
[11:07] [0m[35;1mSimonz [Jedi(Knight)]:[0m bracers, shield, and sword, what a crappy run[0m
[11:07] [0m[33;1m[Clan] Blutash :[0m Every boot[0m
[11:07] [0m[33;1m[Clan] Byron :[0m interesting[0m
[11:07] [0m[35;1mInquisitor [Jedi(Knight)]:[0m a pair of scuffed boots (glowing)[0m
[11:07] [0m[35;1mInquisitor [Jedi(Knight)]:[0m Thanks goblins![0m
[11:07] [0m[33;1m[Clan] Blutash :[0m Not even sure what the map does, never managed to actually get it.[0m
[11:07] [0m[33;1m[Clan] Byron :[0m i wonder who runs it[0m
[11:07] [0m[35;1mRoken [Jedi(83)]:[0m missing greaves and gloves from first run heh[0m
[11:07] [0m[33;1m[Clan] Blutash :[0m Probably someone like Nightrider, he hoards unique items.[0m
[11:07] [0m[33;1m[Clan] Nik :[0m requiem a room mobs were in[0m
[11:08] [0m[33;1m[Clan] Byron :[0m yeah[0m
[11:08] [0m[33;1m[Clan] Blutash :[0m not got requiem yet[0m
[11:08] [0m[33;1m[Clan] Byron :[0m put em on blast[0m
[11:08] [0m[33;1m[Clan] Nik :[0m o dang! so close >.<[0m
[11:09] [0m[33;1m[Clan] Blutash :[0m Wish we had more short boots to discover info like this....virtually impossible[0m
[11:09] [0m                 to learn some secrets[0m
[11:10] [0m[33;1m[Clan] Oscar :[0m What are you wanting to find out?[0m
[11:10] [0m[33;1m[Clan] Oscar :[0m Nex loads gradually[0m
[11:10] [0m[33;1m[Clan] Oscar :[0m So you can get pieces[0m
[11:10] [0m[33;1m[Clan] Blutash :[0m All sorts of things...like what the Nex map does[0m
[11:10] [0m[33;1m[Clan] Oscar :[0m It shows you were the big zombies are[0m
[11:10] [0m[33;1m[Clan] Oscar :[0m where*[0m
[11:10] [0m[33;1m[Clan] Phenom :[0m re spawn: at least on 3s, the spawns take around 10 hrs to complete[0m
[11:10] [0m[33;1m[Clan] Oscar :[0m it's a dynamic map of sorts[0m
[11:11] [0m[33;1m[Clan] Saim :[0m all thats in nex is the gear, the staff, and a secret exit to outside the pyramid[0m
[11:11] [0m              which leads to being trapped[0m
[11:11] [0m[33;1m[Clan] Saim :[0m map is what oscar said[0m
[11:11] [0m[33;1m[Clan] Blutash :[0m So the map is pointless? Why nab it on boot then?[0m
[11:12] [0m[33;1m[Clan] Saim :[0m its not part of the nex gear or staff[0m
[11:12] [0m[33;1m[Clan] Saim :[0m so idk[0m
[11:12] [0m[33;1m[Clan] Byron :[0m whoever grabbed it because it was on the groud i guess?[0m
[11:12] [0m[33;1m[Clan] Byron :[0m err a drop[0m
[11:12] [0m[33;1m[Clan] Byron :[0m or whatever[0m
[11:12] [0m[33;1m[Clan] Blutash :[0m you have to buy it from Wyk[0m
[11:13] [0m[33;1m[Clan] Blutash :[0m He only has one[0m
[11:13] [0m[33;1m[Clan] Byron :[0m forgot that[0m
[11:13] [0m[33;1m[Clan] Byron :[0m dunno[0m
[11:13] [0m[35;1mInquisitor [Jedi(Knight)]:[0m Whee, favorite non-crafted breastplate.[0m
[11:13] [0m[33;1m[Clan] Byron :[0m that is odd[0m
[11:13] [0m[35;1mInquisitor [Jedi(Knight)]:[0m Upper body:   Warward Armor (augmented) [Transmuted to breastplate][0m
[11:13] [0m[33;1m[Clan] Blutash :[0m So it obviously has SOME use[0m
[11:13] [0m[33;1m[Clan] Byron :[0m maybe[0m
[11:13] [0m[33;1m[Clan] Byron :[0m i never knew of any[0m
[11:13] [0m[33;1m[Clan] Byron :[0m besides showing where the mobs are[0m
[11:13] [0m[33;1m[Clan] Phenom :[0m doe sthe map still exist?[0m
[11:13] [0m[33;1m[Clan] Blutash :[0m I've been wondering if it's a route out of the desert[0m
[11:13] [0m[35;1mInquisitor [Jedi(Knight)]:[0m I'm silly like that[0m
[11:14] [0m[33;1m[Clan] Byron :[0m the where?[0m
[11:14] [0m[37;1mKillergate <.oO>:[0m lf freeway 2.0[0m
[11:14] [0m[33;1m[Clan] Saim :[0m if you know what the map is called i can search for it[0m
[11:14] [0m[35;1mSimonz [Jedi(Knight)]:[0m ....indeed...[0m
[11:14] [0m[33;1m[Clan] Blutash :[0m Erm...not specifically. I know wyk says he HAD one.[0m
[11:14] [0m[33;1m[Clan] Byron :[0m load it on 3s[0m
[11:14] [0m[33;1m[Clan] Byron :[0m er grab it[0m
[11:14] [0m[33;1m[Clan] Byron :[0m i guess[0m
[11:14] [0m[33;1m[Clan] Saim :[0m yea[0m
[11:14] [0m[33;1m[Clan] Phenom :[0m if you ask him on 3s, he says he doesn't have the map anymore[0m
[11:15] [0m[33;1m[Clan] Phenom :[0m just tried there[0m
[11:15] [0m[33;1m[Clan] Byron :[0m maybe it was removed?[0m
[11:15] [0m[33;1m[Clan] Nik :[0m who needs maps![0m
[11:15] [0m[33;1m[Clan] Phenom :[0m and reboot just happened so it's unlikely somene has it[0m
[11:15] [0m[33;1m[Clan] Saim :[0m have you ever seen the map or?[0m
[11:15] [0m[33;1m[Clan] Blutash :[0m Ahh...perhaps it's bust. Ok...I'll give up, cheers guys.[0m
[11:15] [0m[33;1m[Clan] Byron :[0m i've used the map[0m
[11:15] [0m[33;1m[Clan] Byron :[0m i know it's existed[0m
[11:15] [0m[33;1m[Clan] Byron :[0m nex gear iirc has a command word that shows locations as well[0m
[11:16] [0m[33;1m[Clan] Blutash :[0m For the nex pieces, it shows if someone is wearing them[0m
[11:16] [0m[33;1m[Clan] Byron :[0m nod[0m
[11:16] [0m[33;1m[Clan] Phenom :[0m dispono for that[0m
[11:16] [0m[33;1m[Clan] Byron :[0m dunno if theres a similar thing that replaced the map?[0m
[11:16] [0m[33;1m[Clan] Phenom :[0m orare to eat acorpse, agnosco to see the score[0m
[11:16] [0m[33;1m[Clan] Phenom :[0m and the commands for buffing etc[0m
[11:16] [0m[33;1m[Clan] Aka enters the game.[0m  [0m
[11:16] [0m[33;1m[Clan] Byron :[0m resetting tacos[0m
[11:16] [0m[33;1m[Clan] Blutash :[0m I had it nicely scripted last time I had some[0m
[11:16] [0mByron flaps : tacos tacos tacos[0m
[11:16] [0mByron flaps : come to entrance if you want[0m
[11:17] [0m[33;1m[Clan] Byron :[0m anyone for taoc reset?[0m
[11:17] [0m[33;1m[Clan] Saim :[0m ill take one[0m
[11:17] [0m[33;1m[Clan] Saim :[0m brt[0m
[11:17] [0m[33;1m[Clan] Ipsie :[0m sure[0m
[11:19] [0mByron flaps : last call[0m
[11:25] [0mYour transmuter's stone bursts with 6 new colours![0m
[11:26] [0mCrolack flaps : I used to be a fisherman but I couldn't live on the net income.[0m
[11:28] [0mHyuga flaps : So he became a garbageman, now he does fine on gross outcome.[0m
[11:30] [0m[34;1mNik shouts:[0m dance harder[0m
[11:32] [0m[37;1m[JEDI]:[0m Kerran Halcyon arrives at the Academy.[0m
[11:35] [0m[33;1m[Clan] Nix :[0m damn guac treatment[0m
[11:35] [0m[33;1m[Clan] Byron :[0m bah another guac[0m
[11:37] [0m[33;1m[Clan] Saim :[0m same[0m
[11:38] [0m[35;1mInquisitor [Jedi(Knight)]:[0m Hmm.  How big a critter do I need?  ...  ah ha![0m
[11:38] [0m[35;1mInquisitor [Jedi(Knight)]:[0m Dear droid shop: Security?  Please?[0m
[11:39] [0m[35;1mInquisitor [Jedi(Knight)]:[0m 74.9424% on a single wrangle, I got...  kinda close[0m
[11:40] [0m[35;1mUkyo [Jedi(Knight)]:[0m horse shoes, hand grenades, global thermal nuclear warfare.[0m
[11:42] [0m[35;1mInquisitor [Jedi(Knight)]:[0m I was looking for something around 400k, couldn't remember exactly[0m
[11:42] [0m                           what scaler that is for golems so I went with 70.  It was 360k so[0m
[11:42] [0m                           400k still would have been a little short[0m
[11:44] [0m[33;1m[Clan] Nix :[0m why can't we dupe dupes again?[0m
[11:44] [0m[33;1m[Clan] Byron :[0m damn no more hot sauce[0m
[11:45] [0m[33;1m[Clan] Byron :[0m what drops salsa again? works?[0m
[11:45] [0m[33;1m[Clan] Ipsie :[0m yups[0m
[11:45] [0m[33;1m[Clan] Nix :[0m yeah[0m
[11:45] [0m[35;1mUkyo [Jedi(Knight)]:[0m 2x shield of radiance.[0m
[11:48] [0m[35;1mSimonz [Jedi(Knight)]:[0m i do aegis 4/5 when i'm looking for mobs in the 2-500k range for[0m
[11:48] [0m                       wrangling[0m
[11:48] [0m[35;1mGibran [Jedi(36)]:[0m aegis is nice[0m
[11:48] [0m[35;1mGibran [Jedi(36)]:[0m run a row, juice like 10+ hits per round.[0m
[11:48] [0m[35;1mGibran [Jedi(36)]:[0m juicy[0m
[11:50] [0m[33;1m[Clan] Byron :[0m damn, 2 leafs[0m
[11:50] [0m[33;1m[Clan] Byron :[0m 2 guacs[0m
[11:50] [0m[33;1m[Clan] Ipsie :[0m ugh :([0m
[11:50] [0m[35;1mGibran [Jedi(36)]:[0m so I got a new extra widescreen monitor last month. Its decent, not as hi res[0m
[11:50] [0m                   as the mac, fine for text/web/coding stuff. But it wobbles when the desk is[0m
[11:50] [0m                   raised to standing.[0m
[11:51] [0m[35;1mGibran [Jedi(36)]:[0m the wobbling is driving me bonkers.[0m
[11:53] [0m[33;1m[Clan] Byron :[0m got a pop and beer[0m
[11:54] [0m[33;1m[Clan] Byron :[0m that'll be ncie for mage at least[0m
[11:54] [0m[35;1mSimonz [Jedi(Knight)]:[0m death taco has 3 lives?[0m
[11:55] [0m[35;1mOlorin [Jedi(74)]:[0m think so[0m
[11:55] [0mHyuga flaps : anyone wanna hit on beloch?[0m
[11:55] [0mSimonz flaps : yes[0m
[11:56] [0mBabylon flaps : he put out?[0m
[11:56] [0mHyuga flaps : sometimes[0m
[11:57] [0m[33;1m[Clan] Toren enters the game.[0m  [0m
[11:58] [0m[33;1m[Clan] Ipsie :[0m stingy stingy sac spiders[0m
[11:59] [0m[33;1m[Clan] Michael :[0m someday I'll hit those[0m
[12:01] [0m[33;1m[Clan] Byron :[0m so whats the change to zombies frank was talking about[0m
[12:02] [0m[33;1m[Clan] Michael :[0m never heard there was one[0m
[12:02] [0m[33;1m[Clan] Byron :[0m he shouted it[0m
[12:02] [0m[33;1m[Clan] Ipsie :[0m oh, interesting[0m
[12:02] [0m[33;1m[Clan] Byron :[0m wow, cae alive[0m
[12:03] [0m[33;1m[Clan] Michael :[0m hopefully it doesn't mess up my killpath[0m
[12:06] [0m[33;1m[Clan] Michael :[0m is it even worth it to make a necro alt now?[0m
[12:06] [0m[33;1m[Clan] Martyr :[0m hmm?[0m
[12:06] [0m[33;1m[Clan] Martyr :[0m why wouldnt it be?[0m
[12:06] [0m[33;1m[Clan] Ipsie :[0m necros are sick[0m
[12:06] [0m[33;1m[Clan] Michael :[0m Someone told me they are becoming outdated and their lowbies were bad hehe[0m
[12:07] [0m[33;1m[Clan] Phenom :[0m there's that thing with nik being in necros[0m
[12:07] [0m[33;1m[Clan] Phenom :[0m taking up valuable guild idle time[0m
[12:07] [0m[33;1m[Clan] Michael :[0m Thinking about where my next alt will go[0m
[12:07] [0m[33;1m[Clan] Ipsie :[0m on 3s, yeah. they got major upgrades here.[0m
[12:07] [0m[37;1m[JEDI]:[0m Reena Bel Noir arrives at the Academy.[0m
[12:07] [0m[33;1m[Clan] Byron :[0m necros ahve the best utility powers probably in the game[0m
[12:07] [0m[33;1m[Clan] Michael :[0m ahh so recent upgrades here makes sense. All forms still bs?[0m
[12:07] [0m[33;1m[Clan] Byron :[0m and qtrance[0m
[12:08] [0m[33;1m[Clan] Phenom :[0m it's almost like they're the pet guild of a high ranked wiz[0m
[12:08] [0m[33;1m[Clan] Byron :[0m almost[0m
[12:08] [0m[33;1m[Clan] Saim :[0m teleport is so badass its not even fair almost[0m
[12:08] [0m[33;1m[Clan] Byron :[0m agreed[0m
[12:08] [0m[33;1m[Clan] Michael :[0m I always tell myself that I'll play one someday.[0m
[12:08] [0m[33;1m[Clan] Ipsie :[0m idk what you guys are talking about[0m
[12:09] [0m[33;1m[Clan] Phenom :[0m that knox guy tho[0m
[12:09] [0m[33;1m[Clan] Phenom :[0m awfu[0m
[12:09] [0m[33;1m[Clan] Phenom :[0m *awful[0m
[12:09] [0m[33;1m[Clan] Saim :[0m this is the boot we should get ogotaz to help us out[0m
[12:09] [0m[33;1m[Clan] Byron :[0m ya[0m
[12:10] [0m[33;1m[Clan] Byron :[0m i donated a fuckton last boot[0m
[12:10] [0m[33;1m[Clan] Michael :[0m nice long boot[0m
[12:10] [0m[33;1m[Clan] Saim :[0m i donated a bunch 2 boots ago[0m
[12:10] [0m[33;1m[Clan] Saim :[0m give a shout on some public lines for support[0m
[12:11] [0m[33;1m[Clan] Phenom :[0m where does that guy live?[0m
[12:11] [0m[34;1mOgotaz shouts:[0m Thank you Byron for your parsimonious contribution towards Bless![0m
[12:11] [0m[34;1mOgotaz shouts:[0m Thank you Byron for your parsimonious contribution towards Bless![0m
[12:11] [0m[34;1mOgotaz shouts:[0m Thank you Byron for your parsimonious contribution towards Bless![0m
[12:11] [0m[34;1mOgotaz shouts:[0m Thank you Byron for your parsimonious contribution towards Bless![0m
[12:11] [0m[34;1mMichael shouts:[0m Nice long boot... how much more we need to give Ogotaz?[0m
[12:12] [0m[34;1mOgotaz shouts:[0m Thank you Byron for your parsimonious contribution towards Bless![0m
[12:12] [0m[34;1mOgotaz shouts:[0m Thank you Byron for your parsimonious contribution towards Bless![0m
[12:12] [0m[34;1mOgotaz shouts:[0m Thank you Byron for your parsimonious contribution towards Bless![0m
[12:12] [0m[34;1mMud shouts:[0m SPAM[0m
[12:12] [0m[34;1mOmni shouts:[0m until it's good?[0m
[12:12] [0m[34;1mOgotaz shouts:[0m Thank you Byron for your parsimonious contribution towards Bless![0m
[12:12] [0m[35;1mGibran [Jedi(36)]:[0m what is ogotaz?[0m
[12:12] [0m[34;1mMichael shouts:[0m Bards are all rich! The guild should sponsor a boon![0m
[12:12] [0m[33;1m[Clan] Byron :[0m so, I think 25mil will get us the boon[0m
[12:12] [0m[33;1m[Clan] Byron :[0m 250k gave 1%[0m
[12:12] [0m[33;1m[Clan] Phenom :[0m grr where is he byron?[0m
[12:12] [0m[35;1mSimonz [Jedi(Knight)]:[0m guy in town, it's new.  you give him money, and when he has enough (lots)[0m
[12:12] [0m                       then he'll toss out a boon[0m
[12:12] [0m[34;1mOgotaz shouts:[0m Thank you Din for your reasonable contribution towards Bless![0m
[12:13] [0m[35;1mMichael [Jedi(50)]:[0m think it is 25M-ish for a boon. 250k is 1%[0m
[12:13] [0m[33;1m[Clan] Byron :[0m it's east of arundin[0m
[12:13] [0m[33;1m[Clan] Phenom :[0m aha[0m
[12:13] [0m[34;1mByron shouts:[0m I'd redistribute more of your wealth if you cheapskates paid more for skin[0m
[12:14] [0m[33;1m[Clan] Saim :[0m i thought it was more like 100mil for a boon, but maybe they changed/lowered it[0m
[12:14] [0m              recently[0m
[12:14] [0m[33;1m[Clan] Byron :[0m could be rounding error[0m
[12:14] [0m[33;1m[Clan] Byron :[0m I donated 250k, got a 1%[0m
[12:14] [0m[33;1m[Clan] Saim :[0m maybe it was lowered[0m
[12:14] [0m[33;1m[Clan] Byron :[0m so I couldn't taken it from 36.9 -> 37[0m
[12:14] [0m[33;1m[Clan] Byron :[0m rather than 36 -> 37[0m
[12:14] [0m[33;1m[Clan] Byron :[0m ya now[0m
[12:14] [0m[33;1m[Clan] Byron :[0m know*[0m
[12:15] [0m[33;1m[Clan] Saim :[0m donate a mil - should be easy to see if it jumps 1% or 4%[0m
[12:15] [0m[33;1m[Clan] Nix :[0m i'm going to reset acos[0m
[12:15] [0m[33;1m[Clan] Byron :[0m dope[0m
[12:15] [0m[33;1m[Clan] Byron :[0m wait for me[0m
[12:15] [0m[33;1m[Clan] Nix :[0m 1 min[0m
[12:15] [0m[33;1m[Clan] Nix :[0m i'm not waiting any loinger[0m
[12:15] [0m[34;1mOgotaz shouts:[0m Thank you Phenom for your reasonable contribution towards Bless![0m
[12:15] [0m[33;1m[Clan] Byron :[0m ok, just blicking these land2 animals[0m
[12:15] [0m[33;1m[Clan] Byron :[0m resonable contribution?[0m
[12:15] [0m[33;1m[Clan] Michael :[0m so torn... necro... priest... a lot of options for an alt[0m
[12:15] [0m[33;1m[Clan] Phenom :[0m i only have 5M in the bank :([0m
[12:16] [0m[33;1m[Clan] Byron :[0m step it up[0m
[12:16] [0m[33;1m[Clan] Phenom :[0m i donated 1M, that's 1/5 of my wealth![0m
[12:16] [0m[33;1m[Clan] Saim :[0m any of you guys from UK play Torn?[0m
[12:16] [0m[33;1m[Clan] Saim :[0m speaking of torn[0m
[12:16] [0m[33;1m[Clan] Michael :[0m someday I'll have 5 mil and be as rich as Phenom[0m
[12:16] [0m[33;1m[Clan] Byron :[0m ... 1mil = 'reasonable'?[0m
[12:16] [0m[33;1m[Clan] Phenom :[0m yeah apparently so[0m
[12:16] [0m[33;1m[Clan] Byron :[0m interesting[0m
[12:18] [0mUkyo flaps : ok, i know i've been gone too long when i have nfc what ogotaz and this bless thing[0m
[12:18] [0m             are.[0m
[12:18] [0m[33;1m[Clan] Byron :[0m Gave adalius another idea for ogotaz[0m
[12:18] [0mOmni flaps : self service boons[0m
[12:18] [0m[33;1m[Clan] Byron :[0m To Adalius: Another thought about Ogotaz.  Maybe if you donate >3mil or something[0m
[12:18] [0m               he randomly matches it.[0m
[12:18] [0m[33;1m[Clan] Phenom :[0m ask him to fix the formatting on the sign too :D[0m
[12:18] [0m[34;1mOgotaz shouts:[0m Thank you To for your parsimonious contribution towards Bless![0m
[12:18] [0m[33;1m[Clan] Byron :[0m He implemented the shout thing[0m
[12:18] [0m[33;1m[Clan] Byron :[0m I really think the scoreboard etc. is stupid syntax[0m
[12:18] [0m[33;1m[Clan] Phenom :[0m awful[0m
[12:18] [0m[33;1m[Clan] Byron :[0m I can never remember wtf I need to look at[0m
[12:18] [0mUkyo flaps : hrm. don't remember seeing them in any of the announcements. when was this put in?[0m
[12:18] [0m[33;1m[Clan] Byron :[0m wtf is wrong w/ raed sign[0m
[12:18] [0m[33;1m[Clan] Byron :[0m like every other thing[0m
[12:19] [0mElminster flaps : its been several months i think, hes east of arundin[0m
[12:19] [0m[33;1m[Clan] Byron :[0m man oscar is gonna be stacked this boot[0m
[12:19] [0m[33;1m[Clan] Byron :[0m sooo stacked[0m
[12:19] [0m[33;1m[Clan] Byron :[0m pol 2 watch the fuck out[0m
[12:19] [0m[33;1m[Clan] Phenom :[0m i'm still waiting for pesky angels to drop their shit[0m
[12:19] [0m[33;1m[Clan] Byron :[0m got a spare scroll?[0m
[12:19] [0m[33;1m[Clan] Byron :[0m i can run mine too[0m
[12:19] [0m[33;1m[Clan] Phenom :[0m i'll check for respawn[0m
[12:19] [0m[33;1m[Clan] Byron :[0m and see what i get[0m
[12:19] [0m[33;1m[Clan] Phenom :[0m chasing gloves and cloak now[0m
[12:20] [0m[33;1m[Clan] Phenom :[0m and if anyone gets a spare coon .. :D[0m
[12:20] [0m[34;1mOgotaz shouts:[0m Thank you Merrick for your miserly contribution towards Bless![0m
[12:20] [0m[33;1m[Clan] Byron :[0m i'm 1/16[0m
[12:20] [0m[33;1m[Clan] Byron :[0m on spiders[0m
[12:20] [0m[34;1mFrank shouts:[0m lol[0m
[12:20] [0m[34;1mMerrick shouts:[0m :)[0m
[12:20] [0m[34;1mTuba shouts:[0m lol, how mush was the miserly donation?[0m
[12:20] [0m[34;1mModrack shouts:[0m you can't spend the night on this park bench, MERRICK[0m
[12:20] [0m[34;1mByron shouts:[0m he signed over his food stamps[0m
[12:21] [0m[33;1m[Clan] Byron :[0m my autoloading ROH is badass on oscar too[0m
[12:21] [0m[34;1mOgotaz shouts:[0m Thank you Omni for your tight-fisted contribution towards Bless![0m
[12:21] [0m[33;1m[Clan] Byron :[0m 2 smuggling[0m
[12:21] [0m[34;1mHyuga shouts:[0m Hey, I thought this was Amerricka![0m
[12:21] [0m[34;1mOgotaz shouts:[0m Thank you Hyperion for your miserly contribution towards Bless![0m
[12:22] [0m[34;1mOgotaz shouts:[0m Thank you Simonz for your tight-fisted contribution towards Bless![0m
[12:22] [0m[34;1mSimonz shouts:[0m huh, 500k is tight-fisted, but 1m is reasonable[0m
[12:24] [0m[32mSimonz tells you (Olorin,Roken,Wert):[0m come hit on beloch?[0m
[12:25] [0mYour transmuter's stone bursts with 6 new colours![0m
[12:28] [0m[35;1mHyuga [Jedi(97)]:[0m anyone mind hitting beloch?[0m
[12:28] [0m[35;1mWyvern [Jedi(91)]:[0m i'd hate to fight beloch with your +hp :P[0m
[12:28] [0m[35;1mWyvern [Jedi(91)]:[0m all the regen![0m
[12:29] [0m[35;1mSaim [Jedi(Elder)]:[0m still need help?[0m
[12:29] [0m[35;1mUkyo [Jedi(Knight)]:[0m i'm holding out for a certain bag before I craft my set.[0m
[12:30] [0m[35;1mSimonz [Jedi(Knight)]:[0m yes, come hit[0m
[12:30] [0m[35;1mSaim [Jedi(Elder)]:[0m ok brt[0m
[12:30] [0m[35;1mUkyo [Jedi(Knight)]:[0m as for beloch, I still don't have dirs input for some reason. It's in UD,[0m
[12:30] [0m                     iirc.[0m
[12:30] [0m[35;1mWyvern [Jedi(91)]:[0m it's where ghoti is[0m
[12:30] [0m[33;1m[Clan] Byron :[0m codpiece[0m
[12:30] [0m[33;1m[Clan] Byron :[0m motherfucker[0m
[12:30] [0m[35;1mUkyo [Jedi(Knight)]:[0m challenge chamber?[0m
[12:31] [0m[35;1mSaim [Jedi(Elder)]:[0m i can swing by and grab u ukyo[0m
[12:31] [0m[35;1mSaim [Jedi(Elder)]:[0m ?[0m
[12:31] [0m[33;1m[Clan] Phenom :[0m cover yo cod[0m
[12:32] [0m[33;1m[Clan] Byron :[0m if any of you got a shield, I can tank some belochs btw[0m
[12:34] [0m[35;1mUkyo [Jedi(Knight)]:[0m ok, so not the advanced training grounds[0m
[12:36] [0m[33;1m[Clan] Byron :[0m damnit another 1 hot sauce too[0m
[12:41] [0m[33;1m[Clan] Byron :[0m hot sauce wah[0m
[12:41] [0m[33;1m[Clan] Byron :[0m you suck taco drops[0m
[12:41] [0m[34;1mTony shouts:[0m woah, #1 on massxp  how'd i haxor that one??[0m
[12:41] [0m[34;1mByron shouts:[0m dunno, dest him[0m
[12:42] [0m[37;1m[JEDI]:[0m Janath Meelin arrives at the Academy.[0m
[12:43] [0mArahnapogue <Craft>: farming vol3 at timmy[0m
[12:47] [0m[35;1mSaim [Jedi(Elder)]:[0m sup ash[0m
[12:47] [0m[35;1mSaim [Jedi(Elder)]:[0m wl[0m
[12:49] [0m[34;1mOgotaz shouts:[0m Thank you Mellaous for your miserly contribution towards Bless![0m
[12:49] [0m[33;1m[Clan] Nix :[0m i guess i can donate towards a boon[0m
[12:50] [0m[33;1m[Clan] Byron :[0m cool kids are doin it[0m
[12:50] [0m[33;1m[Clan] Nix :[0m i'm frugal[0m
[12:50] [0m[33;1m[Clan] Phenom :[0m only if you have the cash mate, i know times are tough[0m
[12:50] [0m[34;1mTex shouts:[0m trigger happy spam much[0m
[12:50] [0m[33;1m[Clan] Nix :[0m i still have my communion money phenom[0m
[12:50] [0m[34;1mSimonz shouts:[0m should have donated more[0m
[12:53] [0m[33;1m[Clan] Mud :[0m where in simpsons 2.0 is grampa w/ medibracelet? same thought was room patty/selma[0m
[12:53] [0m             were in[0m
[12:53] [0m[33;1m[Clan] Byron :[0m he is[0m
[12:53] [0m[33;1m[Clan] Bruce :[0m yup[0m
[12:53] [0m[33;1m[Clan] Mud :[0m ahh, thanks[0m
[12:56] [0mEagleeyes flaps : those that asked to dupe mask, i am at SS[0m
[12:56] [0mSaim flaps : 50k a dup[0m
[12:56] [0mSaim flaps : paid to me and ill give to eagle[0m
[12:57] [0mMichael flaps : then Eagle will give to Ogotaz![0m
[12:57] [0mEagleeyes flaps : nah not charging[0m
[13:02] [0m[33;1m[Clan] Slacker enters the game.[0m  [0m
[13:03] [0m[34;1mFlaxen shouts:[0m shoutbutt[0m
[13:07] [0m[33;1m[Clan] Oscar :[0m ooo +6 from floaty[0m
[13:07] [0m[33;1m[Clan] Oscar :[0m i can double up i think[0m
[13:07] [0m[33;1m[Clan] Oscar :[0m right?[0m
[13:07] [0m[33;1m[Clan] Aka :[0m yeeeee[0m
[13:12] [0m[37;1mTony <.oO>:[0m anyone have a redaxe or mask i could dupe[0m
[13:13] [0mOscar <Craft>: Do any of the crafted armours identify to the light main?[0m
[13:13] [0m[33;1m[Clan] Oscar :[0m Any of you crafting nerds able to make me a greaves w/ +int or +wis?[0m
[13:13] [0m[33;1m[Clan] Oscar :[0m Simonz only has enough for 1[0m
[13:14] [0m[37;1m[JEDI]:[0m Durnoth arrives at the Academy.[0m
[13:16] [0m[34;1mHex shouts:[0m buttshout aka fart[0m
[13:17] [0m[34;1mAka shouts:[0m what you talkin about me like that for?[0m
[13:18] [0m[33;1m[Clan] Oscar :[0m are phials +2 or +1?[0m
[13:18] [0m[33;1m[Clan] Blutash :[0m +2[0m
[13:18] [0m[34;1mSaim shouts:[0m yea - buttshout hex fart[0m
[13:18] [0m[33;1m[Clan] Oscar :[0m sexy[0m
[13:19] [0m[33;1m[Clan] Blutash :[0m 2 of them usually do anywhere[0m
[13:19] [0m[33;1m[Clan] Oscar :[0m nog[0m
[13:19] [0m[33;1m[Clan] Saim :[0m do phials of despair do?[0m
[13:19] [0m[33;1m[Clan] Oscar :[0m i wonder how many +light the expensive one is from rom giddor[0m
[13:19] [0m[33;1m[Clan] Oscar :[0m they're +light[0m
[13:19] [0m[33;1m[Clan] Blutash :[0m good lights[0m
[13:19] [0m[33;1m[Clan] Saim :[0m oh even the despair ones?[0m
[13:19] [0m[33;1m[Clan] Saim :[0m thought just galadriels[0m
[13:19] [0m[33;1m[Clan] Oscar :[0m yep[0m
[13:19] [0m[33;1m[Clan] Blutash :[0m The expensive light from rom giddor is rubbish[0m
[13:19] [0m[33;1m[Clan] Oscar :[0m both[0m
[13:19] [0m[33;1m[Clan] Saim :[0m laf i never knew that[0m
[13:19] [0m[33;1m[Clan] Oscar :[0m too bad[0m
[13:19] [0m[33;1m[Clan] Oscar :[0m re light[0m
[13:19] [0m[33;1m[Clan] Blutash :[0m Not sure what it does, but it's not a great light[0m
[13:20] [0m[33;1m[Clan] Blutash :[0m only difference is you shouldn't raise the phials of despair[0m
[13:21] [0m[33;1m[Clan] Oscar :[0m galadriel is a heal iirc[0m
[13:21] [0m[33;1m[Clan] Oscar :[0m when you raise it[0m
[13:21] [0m[33;1m[Clan] Oscar :[0m dunno what despair does[0m
[13:21] [0m[33;1m[Clan] Blutash :[0m Nod[0m
[13:21] [0m[33;1m[Clan] Oscar :[0m sounds like blutash tested it[0m
[13:21] [0m[33;1m[Clan] Blutash :[0m despair hurts[0m
[13:21] [0m[33;1m[Clan] Oscar :[0m nog[0m
[13:21] [0m[33;1m[Clan] Oscar :[0m makes sense[0m
[13:25] [0mYour transmuter's stone bursts with 3 new colours![0m
[13:37] [0m[35;1mKsemia [Jedi(Master)]:[0m new spirit angels: hit around? yes?[0m
[13:37] [0m[35;1mSimonz [Jedi(Knight)]:[0m yes[0m
[13:41] [0m[35;1mHyuga [Jedi(97)]:[0m focus mode /fluffy[0m
[13:42] [0m[35;1mGibran [Jedi(36)]:[0m when do we get fluffy? super bs?[0m
[13:42] [0m[35;1mHyuga [Jedi(97)]:[0m That is not a valid mode for that weapon.[0m
[13:42] [0m[35;1mHyuga [Jedi(97)]:[0m :([0m
[13:42] [0m[35;1mGibran [Jedi(36)]:[0m you're not big enough yet.[0m
[13:42] [0m[35;1mSimonz [Jedi(Knight)]:[0m focus alter on plaid[0m
[13:42] [0m[35;1mGibran [Jedi(36)]:[0m heh[0m
[13:42] [0m[33;1m[Clan] Nix :[0m codpiece...[0m
[13:43] [0m[35;1mGibran [Jedi(36)]:[0m ludicrous speed. They've, gone, plaid![0m
[13:44] [0m[35;1mMav [Jedi(32)]:[0m hmmm the quest for the perfect medium main...[0m
[13:48] [0mHawkeyes flaps : anyone not saved to spirit area and can take the hit around hits want to help[0m
[13:48] [0m                 me with some damage[0m
[13:49] [0m[33;1m[Clan] Nik leaves the game.[0m  [0m
[13:49] [0m[33;1m[Clan] Yik enters the game.[0m  [0m
[13:50] [0m[34;1mTuba shouts:[0m the light will burn you![0m
[13:50] [0m[34;1mYik shouts:[0m praise the sun harder[0m
[13:50] [0m[34;1mTuba shouts:[0m or "Wow!"[0m
[13:53] [0m[37;1m[JEDI]:[0m Bithoff Jonansaan arrives at the Academy.[0m
[13:55] [0m[33;1m[Clan] Byron :[0m We got a fuckton of people on, lets do belochs[0m
[13:55] [0m[33;1m[Clan] Nix :[0m its not there[0m
[13:55] [0m[33;1m[Clan] Nix :[0m i just checked[0m
[13:55] [0m[33;1m[Clan] Byron :[0m resets[0m
[13:57] [0m[33;1m[Clan] Byron :[0m on beloch[0m
[13:58] [0m[33;1m[Clan] Ipsie :[0m ahh, ill head that way[0m
[13:59] [0m[33;1m[Clan] Ipsie :[0m just lemme finish these angels. stupid work interrupted my bootrun[0m
[13:59] [0m[33;1m[Clan] Nix :[0m im just going to steal the eslide fuck iot[0m
[14:05] [0mApocalypse flaps : damn you whoever for getting me hooked on The Expanse[0m
[14:05] [0mVoodoo flaps : wait til you get to the end and find out it was all a dream[0m
[14:05] [0mBarian flaps : like inception?[0m
[14:06] [0mDisruptor flaps : whats inception?[0m
[14:06] [0mOmni flaps : *bass-blast*[0m
[14:07] [0mBarian flaps : dun dun daan[0m
[14:07] [0m[35;1mGibran [Jedi(36)]:[0m if you have an aggro mob hunting you, and it encounters another player while[0m
[14:07] [0m                   you're not in the room, will it switch targets? Cant remember.[0m
[14:08] [0m[35;1mMav [Jedi(32)]:[0m don't think so, it hunts you[0m
[14:09] [0m[35;1mUkyo [Jedi(Knight)]:[0m nfc. depends on circumstances?[0m
[14:10] [0m[33;1m[Clan] Aka :[0m b l o x[0m
[14:19] [0m[37;1m[JEDI]:[0m H'ssani C'talan arrives at the Academy.[0m
[14:25] [0m[35;1mGibran [Jedi(36)]:[0m so, whats the point of 2 lightweapons if they both break in the same outing.[0m
[14:25] [0m[35;1mHyuga [Jedi(97)]:[0m to remind you to raise h2h[0m
[14:25] [0m[35;1mUkyo [Jedi(Knight)]:[0m Alter tech will help[0m
[14:26] [0m[35;1mUkyo [Jedi(Knight)]:[0m aren't  you getting warning messages?[0m
[14:26] [0m[35;1mGibran [Jedi(36)]:[0m i have alter tech as high as I can, its been good yah. and repair droid. Just[0m
[14:26] [0m                   a fluke:)[0m
[14:26] [0m[35;1mGibran [Jedi(36)]:[0m you mean like, sparks flying?[0m
[14:26] [0m[35;1mHyuga [Jedi(97)]:[0m i set up a trigger, but there is also an ansivar[0m
[14:26] [0m[35;1mGibran [Jedi(36)]:[0m is there a warning message specifically for saber about to break?[0m
[14:26] [0m[35;1mUkyo [Jedi(Knight)]:[0m my staff just broke, so I don't have the message off hand.[0m
[14:26] [0m[35;1mUkyo [Jedi(Knight)]:[0m i should say, i repaired it recently[0m
[14:27] [0m[35;1mUkyo [Jedi(Knight)]:[0m so none of my weapons will be breaking anytime soon[0m
[14:27] [0m[35;1mHyuga [Jedi(97)]:[0m ansivar is jedi_saber[0m
[14:29] [0m[33;1m[Clan] Byron :[0m still no sporks?[0m
[14:29] [0m[33;1m[Clan] Mud :[0m guac here[0m
[14:29] [0m[33;1m[Clan] Byron :[0m nog[0m
[14:29] [0m[33;1m[Clan] Byron :[0m same[0m
[14:29] [0m[33;1m[Clan] Byron :[0m 3 dtacos, 2 guacs and a codpiece[0m
[14:29] [0m[33;1m[Clan] Nix :[0m i got guac and a cod[0m
[14:29] [0m[34;1mUkyo shouts:[0m When Rictor shanks, the entire world feels it.[0m
[14:29] [0m[33;1m[Clan] Mud :[0m do you transmute to dagger for mage?[0m
[14:29] [0m[34;1mMud shouts:[0m sharts, too[0m
[14:30] [0mYour transmuter's stone bursts with 3 new colours![0m
[14:30] [0m[35;1mUkyo [Jedi(Knight)]:[0m checked my settings, that message isn't in there. i usually leave it up so[0m
[14:30] [0m                     it stands out. something about the handle warming up[0m
[14:30] [0m[33;1m[Clan] Byron :[0m yep[0m
[14:30] [0m[35;1mUkyo [Jedi(Knight)]:[0m I can get at least five messages before my lightweapons break.[0m
[14:30] [0m[35;1mGibran [Jedi(36)]:[0m I either forgot or never knew. I mean, the handle warming up message is in[0m
[14:30] [0m                   the round it breaks. But I havent seen it before it breaks.[0m
[14:31] [0m[35;1mUkyo [Jedi(Knight)]:[0m and i don't know if the number of messages is based on alter tech skill, or[0m
[14:31] [0m                     mastery, or some combination.[0m
[14:31] [0m[35;1mUkyo [Jedi(Knight)]:[0m yea, it should show up a few times before it breaks[0m
[14:31] [0m[35;1mRoken [Jedi(83)]:[0m {[5m[1m[48;5;124mYour lightsaber begins to flicker and the handle warms![0m[0m}[0m
[14:32] [0m[35;1mHyuga [Jedi(97)]:[0m handle warm msg will fire 6 times at max alter tech[0m
[14:32] [0m[35;1mHyuga [Jedi(97)]:[0m before it breaks[0m
[14:32] [0m[35;1mHyuga [Jedi(97)]:[0m you get like 20-30 mins usually[0m
[14:33] [0m[35;1mHyuga [Jedi(97)]:[0m sometimes less[0m
[14:33] [0m[35;1mOlorin [Jedi(74)]:[0m you can do exactly 100 more hits before it breaks[0m
[14:34] [0m[35;1mHyuga [Jedi(97)]:[0m shrug. i am sure mastery affects it heavily[0m
[14:34] [0m[35;1mOlorin [Jedi(74)]:[0m agreed[0m
[14:34] [0m[35;1mHyuga [Jedi(97)]:[0m at max mastery/alter tech/glvl 97 i get waaaaay more than 100 rounds[0m
[14:35] [0m[35;1mOlorin [Jedi(74)]:[0m when i tested it it was exactly 100 turns, long ago...[0m
[14:36] [0m[35;1mHyuga [Jedi(97)]:[0m nod[0m
[14:36] [0m[35;1mHyuga [Jedi(97)]:[0m i will fight for like 15 mins after i get the msgs[0m
[14:36] [0m[35;1mHyuga [Jedi(97)]:[0m i try to milk as much as i can out of it[0m
[14:36] [0m[35;1mHyuga [Jedi(97)]:[0m then after tye 5th or 6th msg i will go fix it[0m
[14:37] [0m[35;1mRoken [Jedi(83)]:[0m fix it on the first msg it won't cost anything[0m
[14:38] [0m[35;1mHyuga [Jedi(97)]:[0m not really worried about the cost heh[0m
[14:53] [0m[37;1m[JEDI]:[0m Herah Wylann arrives at the Academy.[0m
[15:03] [0m[33;1m[Clan] Roor enters the game.[0m  [0m
[15:03] [0m[33;1m[Clan] Void enters the game.[0m  [0m
[15:06] [0mSquirrel flaps : anyone have a lantern?[0m
[15:07] [0m[35;1mMellaous [Jedi(78)]:[0m oh what the hell, you have to train to skills for crystal[0m
[15:07] [0m[35;1mMellaous [Jedi(78)]:[0m store and drain :/[0m
[15:07] [0m[35;1mHyuga [Jedi(97)]:[0m laf[0m
[15:07] [0m[35;1mHyuga [Jedi(97)]:[0m nod[0m
[15:10] [0m[35;1mSaim [Jedi(Elder)]:[0m dont use those[0m
[15:10] [0m[35;1mMellaous [Jedi(78)]:[0m hehe[0m
[15:10] [0m[35;1mMellaous [Jedi(78)]:[0m I take it you are the warning sign? :)[0m
[15:11] [0m[35;1mSaim [Jedi(Elder)]:[0m  WARNING: If you have more than 50 energy, do not drain a crystal.[0m
[15:11] [0m[35;1mMellaous [Jedi(78)]:[0m hehe[0m
[15:11] [0m[35;1mSaim [Jedi(Elder)]:[0m one of the dumbest things ever, and srsly broken[0m
[15:15] [0m[35;1mMichael [Jedi(50)]:[0m Yeah that always is like woah... disspating can be a lot rmeo than 50 a[0m
[15:15] [0m                    round so you mine as well go out... let dissipate stop... drain... then[0m
[15:15] [0m                    dissipae again :)[0m
[15:18] [0m[35;1mAdalius [Jedi(Wiz)]:[0m its on my todo[0m
[15:18] [0mnewb Eod [changeling/21]: What is the helpfile/resource on changing guild and what negatives[0m
[15:18] [0m                          come from it[0m
[15:18] [0mnewb Squirrel [priest/132]: info[0m
[15:18] [0m[35;1mMichael [Jedi(50)]:[0m I don't need crystals at least. I never use more than my stored so I'm good[0m
[15:18] [0m[35;1mSaim [Jedi(Elder)]:[0m adalius knows all, but also has to do all[0m
[15:19] [0m[35;1mSaim [Jedi(Elder)]:[0m leads to scheduling conflicts[0m
[15:19] [0mnewb Killergate [monk/137]: there is no ressource as such for changing guilds[0m
[15:19] [0m[35;1mSimonz [Jedi(Knight)]:[0m lol[0m
[15:19] [0mnewb Gaidin [gentech/132]: How you leave each guild varies, but the penalty is generally just[0m
[15:19] [0m                           the progress you made in that guild.[0m
[15:19] [0mnewb Terran [gentech/91]: I thought that was changed[0m
[15:19] [0mnewb Terran [gentech/91]: no penalties for leaving the guild, just lose the gobj[0m
[15:20] [0mnewb Terran [gentech/91]: except for core guilds[0m
[15:20] [0mnewb Eod [changeling/21]: If I left Changling and went to Jedi and then went back to Changling[0m
[15:20] [0m                          in the future, would I be back at ground zero?[0m
[15:20] [0mnewb Al [jedi/135]: yeh[0m
[15:20] [0mnewb Eli [breed/102]: yes[0m
[15:20] [0m[34;1mHyuga shouts:[0m SKANK[0m
[15:20] [0m[35;1mMellaous [Jedi(78)]:[0m nod well I was looking at ways to save energy if I gswap[0m
[15:20] [0m[35;1mMellaous [Jedi(78)]:[0m so when it is fixed it will be handy[0m
[15:20] [0m[34;1mHooligan shouts:[0m a monk that cant kick?  wtf buff monks![0m
[15:20] [0mnewb Tuba [necromancer/134]: yes, your progress is gonewhen you leave a guild, not saved for if[0m
[15:20] [0m                             youcome back[0m
[15:20] [0m[35;1mSimonz [Jedi(Knight)]:[0m why would you want to gswap?[0m
[15:20] [0m[35;1mMellaous [Jedi(78)]:[0m hehe[0m
[15:20] [0mnewb Squirrel [priest/132]: unless you vaf and get gswap[0m
[15:21] [0m[35;1mWyvern [Jedi(91)]:[0m so he can go fremen and sit on every mob in mh2[0m
[15:21] [0mnewb Eod [changeling/21]: vaf.. that is the donation approach?[0m
[15:21] [0mnewb Squirrel [priest/132]: yes[0m
[15:21] [0mnewb Squirrel [priest/132]: or get 50 then make another char 'spawnsecond'[0m
[15:21] [0mnewb Squirrel [priest/132]: level 50[0m
[15:21] [0m[35;1mMellaous [Jedi(78)]:[0m lol ya they are great exp.. and fremen don't kill fast so that works out[0m
[15:21] [0m                     well :)[0m
[15:21] [0mnewb Al [jedi/135]: push the big red button, get 50 and spawnsecond :)[0m
[15:26] [0m[37;1m[JEDI]:[0m Rhaan arrives at the Academy.[0m
[15:30] [0mYour transmuter's stone bursts with 6 new colours![0m
[15:33] [0m[34;1mOgotaz shouts:[0m Thank you Simonz for your tight-fisted contribution towards Bless![0m
[15:36] [0m[35;1mInquisitor [Jedi(Knight)]:[0m Actually we'd just wimpy.[0m
[15:36] [0m[35;1mInquisitor [Jedi(Knight)]:[0m At least from the first couple[0m
[15:41] [0m[5m[1m[48;5;19mYour lightstaff begins to flicker and the handle warms![0m[0m                 [0m
[15:43] [0m[33;1m[Clan] Michael :[0m weird this boot... I can't reforge lots on spirit eq[0m
[15:43] [0m[33;1m[Clan] Dub :[0m did your reforger go up? "lots" becomes more as your level increases[0m
[15:44] [0m[33;1m[Clan] Michael :[0m maybe... does some become more too?[0m
[15:44] [0m[33;1m[Clan] Dub :[0m well, the break points there's only 4[0m
[15:45] [0m[33;1m[Clan] Michael :[0m I'm 55 reforger so it may have changed[0m
[15:45] [0mnewb Eod [changeling/21]: anyone able to remove poison at CoT?[0m
[15:46] [0m[33;1m[Clan] Dub :[0m nod, so yes, as you grow you might actually get worse applied resets[0m
[15:46] [0m[33;1m[Clan] Dub :[0m results*[0m
[15:46] [0m[33;1m[Clan] Dub :[0m from a level up, but[0m
[15:46] [0m[33;1m[Clan] Dub :[0m only because you can't get the third or fourth tier in now[0m
[15:46] [0m[33;1m[Clan] Dub :[0m and the tier below, while a bit stronger, isn't as strong as the tier above it was[0m
[15:46] [0m             when you were slightly lower prof level[0m
[15:46] [0m[33;1m[Clan] Dub :[0m but it's all going to come out in the wash once you get it way up[0m
[15:47] [0m[33;1m[Clan] Dub :[0m just progression is herkyjerky because there's only 4 "sizes"[0m
[15:47] [0m[33;1m[Clan] Dub :[0m so like you experienced, you could get a lots off, or a loads, idk[0m
[15:47] [0m[33;1m[Clan] Dub :[0m now loads requires just a little more than the gear has, so you're forced to either[0m
[15:47] [0m             use a lower size, or get the gear modified first[0m
[15:48] [0m[33;1m[Clan] Dub :[0m omni's at like, 94-95 idk reforger, and 35 is enough for loads i think[0m
[15:48] [0m[34;1mOgotaz shouts:[0m Thank you Pdog for your reasonable contribution towards Stabbity![0m
[15:48] [0m[33;1m[Clan] Dub :[0m sorry 35 used to be now 37? I haven't tested much[0m
[15:48] [0m[35;1mUkyo [Jedi(Knight)]:[0m oops[0m
[15:48] [0m[33;1m[Clan] Dub :[0m I expect at 100 I'll need 40 for loads, but idk[0m
[15:48] [0m[33;1m[Clan] Dub :[0m just guessing[0m
[15:49] [0m[35;1mUkyo [Jedi(Knight)]:[0m that almost ended badly[0m
[15:49] [0m[35;1mInquisitor [Jedi(Knight)]:[0m Oh?[0m
[15:50] [0m[34;1mHex shouts:[0m who is this Ogotaz?[0m
[15:51] [0m[34;1mOgotaz shouts:[0m Thank you Pdog for your reasonable contribution towards Stabbity![0m
[15:58] [0m[37;1m[JEDI]:[0m Tobias Kel'ach'nar arrives at the Academy.[0m
[15:59] [0m[35;1mSimonz [Jedi(Knight)]:[0m everybody come dump some money on ogotaz for bless![0m
[16:00] [0m[35;1mInquisitor [Jedi(Knight)]:[0m I got 16k on me, how much will that get us?  :)[0m
[16:01] [0m[34;1mOgotaz shouts:[0m Thank you Simonz for your tight-fisted contribution towards Bless![0m
[16:02] [0m<- ! The Vigilant ! -> :  A destabilization Kayos event has been detected in Northern Hills of[0m
[16:02] [0m                          Fantasy!  We are localizing it now - get ready![0m
[16:02] [0mSimonz flaps : 44% of the way to bless, come on people, come donate[0m
[16:02] [0mSimonz flaps : 13 day boot[0m
[16:02] [0mLachlan flaps : asher marvel?[0m
[16:02] [0m[35;1mUkyo [Jedi(Knight)]:[0m ooh, there it is. [5m[1m[48;5;34mYour lightdaggers begins to flicker and the handle warms![0m[0m[0m
[16:03] [0m[35;1mSimonz [Jedi(Knight)]:[0m yay maintenance droid, heh[0m
[16:03] [0m[35;1mWound [Jedi(Knight)]:[0m break that lightweapon![0m
[16:03] [0m[35;1mWound [Jedi(Knight)]:[0m Work it![0m
[16:03] [0m[35;1mUkyo [Jedi(Knight)]:[0m so yea. and that so so so verily screws me. gonna have to draw my saber.[0m
[16:03] [0m                     and that's a bad thing. (i'm killing pedes)[0m
[16:04] [0m[34;1mOgotaz shouts:[0m Thank you Hex for your miserly contribution towards Bless![0m
[16:04] [0m[35;1mUkyo [Jedi(Knight)]:[0m hopefully i can clear the exit blockers before they break[0m
[16:04] [0m[34;1mOgotaz shouts:[0m Thank you Hex for your miserly contribution towards Bless![0m
[16:04] [0m[34;1mOgotaz shouts:[0m Thank you Hex for your miserly contribution towards Bless![0m
[16:04] [0m[34;1mOgotaz shouts:[0m Thank you Invincible for your parsimonious contribution towards Bless![0m
[16:04] [0m[34;1mOgotaz shouts:[0m Thank you Hex for your miserly contribution towards Bless![0m
[16:05] [0m[34;1mOgotaz shouts:[0m Thank you Hex for your parsimonious contribution towards Bless![0m
[16:05] [0m[34;1mOgotaz shouts:[0m Thank you Hex for your parsimonious contribution towards Bless![0m
[16:05] [0m[34;1mMellaous shouts:[0m donating 10 coins at a time? :)[0m
[16:05] [0m[34;1mInquisitor shouts:[0m How much does a persimmon cost on this mud anyway?[0m
[16:05] [0m[34;1mSimonz shouts:[0m come donate more, it'll go faster![0m
[16:05] [0m[34;1mOgotaz shouts:[0m Thank you Hex for your parsimonious contribution towards Bless![0m
[16:06] [0m[34;1mHex shouts:[0m I like to know the thresholds ;)[0m
[16:06] [0m[34;1mMellaous shouts:[0m if I donate a million can I get 10 other people to match? :)[0m
[16:07] [0m[34;1mSimonz shouts:[0m already pre-matched and then some[0m
[16:07] [0m[34;1mPdog shouts:[0m i just donated 2 million for stabbity :([0m
[16:07] [0m[34;1mMellaous shouts:[0m were is space when you need him[0m
[16:07] [0m[34;1mOgotaz shouts:[0m Thank you Thadar for your parsimonious contribution towards Bless![0m
[16:07] [0m[34;1mSimonz shouts:[0m meh, space wouldn't donate[0m
[16:07] [0m[34;1mAtreyu shouts:[0m what is Bless? should i donate =)[0m
[16:07] [0m[34;1mOgotaz shouts:[0m Thank you Hex for your miserly contribution towards Bless![0m
[16:08] [0m[34;1mOgotaz shouts:[0m Thank you Pdog for your tight-fisted contribution towards Bless![0m
[16:08] [0m[34;1mOgotaz shouts:[0m Thank you Hex for your parsimonious contribution towards Bless![0m
[16:08] [0m[34;1mPdog shouts:[0m 500k is tight fisted? yeesh[0m
[16:08] [0m[34;1mGlorfindel shouts:[0m I feel like I'm listening to an NPR pledge drive[0m
[16:09] [0m[34;1mSimonz shouts:[0m nod, 1m is reasonable[0m
[16:09] [0m[34;1mSquirrel shouts:[0m bring yer dead! *bang&[0m
[16:09] [0m[34;1mHex shouts:[0m where's my coffee mug?[0m
[16:09] [0m[34;1mOgotaz shouts:[0m Thank you Rocco for your parsimonious contribution towards Bless![0m
[16:09] [0m[35;1mSimonz [Jedi(Knight)]:[0m hey siem, just in time, we're all donating for an ogotaz bless![0m
[16:09] [0m[34;1mOgotaz shouts:[0m Thank you Nix for your reasonable contribution towards Bless![0m
[16:11] [0mHex flaps : anyone want to be born again?[0m
[16:11] [0m[33;1m[Clan] Saim :[0m lets donate some cash[0m
[16:11] [0m[33;1m[Clan] Nix :[0m i just dumped in a mil[0m
[16:11] [0mPrismal flaps : as what?[0m
[16:11] [0m[5m[1m[48;5;19mYour lightstaff begins to flicker and the handle warms![0m[0m                 [0m
[16:11] [0mHex flaps : bestowing rebirths @ ss[0m
[16:12] [0mHex flaps : come quick b4 repower[0m
[16:12] [0m[34;1mOgotaz shouts:[0m Thank you Terran for your tight-fisted contribution towards Bless![0m
[16:12] [0mInvincible flaps : wtf is that?[0m
[16:13] [0mHex flaps : 1 get out of death free (rebirth)[0m
[16:13] [0mHex flaps : + a spiffy shield[0m
[16:14] [0mHex flaps : 1 left[0m
[16:14] [0m[34;1mSaim shouts:[0m put a freakin ATM in Ogotaz's room!![0m
[16:14] [0m[34;1mMellaous shouts:[0m great idea![0m
[16:15] [0m[5m[1m[48;5;19mYour lightstaff begins to flicker and the handle warms![0m[0m                 [0m
[16:17] [0m[34;1mOgotaz shouts:[0m Thank you Saim for your reasonable contribution towards Stabbity![0m
[16:18] [0m[34;1mOgotaz shouts:[0m Thank you Saim for your reasonable contribution towards Bless![0m
[16:18] [0mLachlan flaps : how much left[0m
[16:18] [0m[5m[1m[48;5;19mYour lightstaff begins to flicker and the handle warms![0m[0m                 [0m
[16:19] [0mSaim flaps : prob like 3mil for stabbity, and like 50mil for bless[0m
[16:19] [0m[34;1mOgotaz shouts:[0m Thank you Koth for your miserly contribution towards Bless![0m
[16:19] [0mSimonz flaps : 1m is 2% or so[0m
[16:19] [0mLachlan flaps : 50 mil... literally 1 person could donate that.[0m
[16:19] [0mWert flaps : thanks for offering lach[0m
[16:19] [0mSaim flaps : well people already donate 50mil so half way there[0m
[16:20] [0mLachlan flaps : yeah, like I have 50 mil.[0m
[16:20] [0mSaim flaps : if i had over 100mil, id donate a bunch[0m
[16:20] [0mLachlan flaps : be by when I can[0m
[16:27] [0m[35;1mWound [Jedi(Knight)]:[0m WOO[0m
[16:27] [0m[35;1mVolt [Jedi(31)]:[0m cheer[0m
[16:30] [0mYour transmuter's stone bursts with 6 new colours![0m
[16:36] [0m[37;1m[JEDI]:[0m Wennic Ber'ni'lok arrives at the Academy.[0m
[16:37] [0m[35;1mWound [Jedi(Knight)]:[0m EEP[0m
[16:40] [0m[5m[1m[48;5;19mYour lightstaff begins to flicker and the handle warms![0m[0m                 [0m
[16:43] [0m[5m[1m[48;5;19mYour lightstaff begins to flicker and the handle warms![0m[0m                 [0m
[16:49] [0m[35;1mWert [Jedi(Knight)]:[0m woo rep droid level 1[0m
[16:49] [0m[35;1mWert [Jedi(Knight)]:[0m now to ignore droids again for 2 weeks[0m
[16:49] [0m[35;1mWound [Jedi(Knight)]:[0m woo[0m
[16:49] [0m[35;1mGibran [Jedi(36)]:[0m noice[0m
[16:49] [0mRoken {Professions}: my colors increased?[0m
[16:49] [0mTuba {Professions}: i think so recently[0m
[16:49] [0m[35;1mGibran [Jedi(36)]:[0m need to get a repair droid this boot, close to finishing him off.[0m
[16:50] [0mSquirrel {Professions}: yeah 200 is max[0m
[16:50] [0m[35;1mWert [Jedi(Knight)]:[0m as i said one there right now[0m
[16:50] [0m[35;1mGibran [Jedi(36)]:[0m ooh[0m
[16:50] [0m[35;1mMichael [Jedi(50)]:[0m think I missed bithoff[0m
[16:50] [0mSimonz {Professions}: 192[0m
[16:50] [0m[35;1mMichael [Jedi(50)]:[0m need to raise robotics[0m
[16:50] [0mZelligar says: The Mage Wars have given magic a bad name!                  [0m
[16:50] [0mRoken {Professions}: awesome![0m
[16:50] [0m[35;1mWert [Jedi(Knight)]:[0m bithoff hates you michael, he remembers all you said about him showing up[0m
[16:50] [0m                     when you wanted your master[0m
[16:50] [0m[35;1mWound [Jedi(Knight)]:[0m nog[0m
[16:50] [0m[35;1mWert [Jedi(Knight)]:[0m he is currently in the teepo room[0m
[16:51] [0m[35;1mWound [Jedi(Knight)]:[0m testy that way.[0m
[16:51] [0m[35;1mWert [Jedi(Knight)]:[0m just like if michael comes in...[0m
[16:51] [0mZelligar says: They are coming for me! I know it!                          [0m
[16:51] [0m[35;1mSimonz [Jedi(Knight)]:[0m saim or hyuga can teach you[0m
[16:51] [0mZelligar says: They are coming for me! I know it!                          [0m
[16:51] [0mZelligar says: They are coming for me! I know it!                          [0m
[16:51] [0mZelligar says: Who are you?  You don't seem to be much of a threat.        [0m
[16:51] [0m[35;1mSimonz [Jedi(Knight)]:[0m if you're trying to raise to robotics 2[0m
[16:51] [0m[35;1mSimonz [Jedi(Knight)]:[0m heck, I might be able too as well[0m
[16:51] [0m[35;1mSaim [Jedi(Elder)]:[0m think you need to be 2 above to train[0m
[16:52] [0m[35;1mSimonz [Jedi(Knight)]:[0m if he's 1 and I'm 3, that works?  or I have to be 2 above where he wants[0m
[16:52] [0m                       to train to?[0m
[16:52] [0m[35;1mMichael [Jedi(50)]:[0m I am![0m
[16:52] [0m[35;1mSaim [Jedi(Elder)]:[0m should work[0m
[16:52] [0mZelligar says: Who are you?  You don't seem to be much of a threat.        [0m
[16:52] [0mZelligar says: They are coming for me! I know it!                          [0m
[16:52] [0m[35;1mSimonz [Jedi(Knight)]:[0m we can test as soon as I finish willie/bagpipes[0m
[16:53] [0m[35;1mMichael [Jedi(50)]:[0m Bithoff can hate me. But Jens are good at hiding. I'll ambush him for[0m
[16:53] [0m                    teaching at some point[0m
[16:54] [0mZelligar says: They are coming for me! I know it!                          [0m
[16:54] [0mZelligar says: The Mage Wars have given magic a bad name!                  [0m
[16:54] [0mZelligar says: The Mage Wars have given magic a bad name!                  [0m
[16:54] [0mZelligar says: The Mage Wars have given magic a bad name!                  [0m
[16:54] [0mZelligar says: The Mage Wars have given magic a bad name!                  [0m
[16:54] [0mZelligar says: Who are you?  You don't seem to be much of a threat.        [0m
[16:54] [0mZelligar says: Who are you?  You don't seem to be much of a threat.        [0m
[17:00] [0m[37;1m[JEDI]:[0m Wennic Ber'ni'lok arrives at the Academy.[0m
[17:05] [0m[33;1m[Clan] Roken :[0m rally at zel?[0m
[17:07] [0m[33;1m[Clan] Oscar :[0m man always forget my prots[0m
[17:09] [0m[33;1m[Clan] Roken :[0m byron, yeah? at the cul de sac[0m
[17:09] [0m[34;1mOgotaz shouts:[0m Thank you Modrack for your miserly contribution towards Bless![0m
[17:10] [0m[33;1m[Clan] Dub :[0m zomg[0m
[17:10] [0m[33;1m[Clan] Dub :[0m DICK![0m
[17:10] [0m[33;1m[PARTY][0m Lost our leader![0m
[17:10] [0m[33;1m[PARTY][0m New leader for the party: roken.[0m
[17:10] [0m[33;1m[Clan] Dub :[0m You drop Aura of Heavenly Protection {shimmering}. Hurinteon dispells the aura of[0m
[17:10] [0m             protection!!![0m
[17:10] [0m[34;1mOgotaz shouts:[0m Thank you Modrack for your tight-fisted contribution towards Bless![0m
[17:10] [0m[33;1m[Clan] Dub :[0m wtf man[0m
[17:10] [0m[33;1m[Clan] Yik :[0m that blows[0m
[17:10] [0m[32;1mFrom afar, you poke Elminster in the ribs.[0m[0m
[17:10] [0m[33;1m[Clan] Dub :[0m well, I did not know that was a thing[0m
[17:10] [0m[33;1m[Clan] Dub :[0m sok now I know, just wtf funny[0m
[17:10] [0m[32mYou tell Elminster:[0m can ya rally my alt or far gone?[0m
[17:11] [0m[33;1m[Clan] Nix :[0m hahaha[0m
[17:11] [0m[33;1m[Clan] Nix :[0m wow didn't know he did that[0m
[17:11] [0m[34;1mOgotaz shouts:[0m Thank you Modrack for your reasonable contribution towards Bless![0m
[17:11] [0m[32mElminster tells you:[0m about to bring someone in to pick up headband[0m
[17:11] [0m[33;1m[Clan] Oscar :[0m laf[0m
[17:11] [0m[33;1m[Clan] Oscar :[0m i wonder if mage dispel magic does that too[0m
[17:11] [0m[32;1mFrom afar, you nod to Elminster.[0m[0m
[17:11] [0m[33;1m[PARTY][0m Roken has quit the party.[0m
[17:11] [0m[33;1m[PARTY][0m Lost our leader![0m
[17:11] [0m[33;1m[PARTY][0m New leader for the party: roken.[0m
[17:11] [0m[33;1m[Clan] Mud :[0m is Bless the +stats one?[0m
[17:12] [0m[33;1m[Clan] Oscar :[0m yep[0m
[17:12] [0m[32mYou tell Elminster:[0m same[0m
[17:12] [0m[33;1m[Clan] Mud :[0m ill toss a mil in once queen dies[0m
[17:13] [0m[32mOscar tells you:[0m Is there any chance you could make me greaves w/ +int gems?[0m
[17:13] [0m[32mOscar tells you:[0m I can get the gemsif that's the constraint[0m
[17:13] [0m[32mYou tell Oscar:[0m rally me while my embiggen is still up to get maybe roh but def king rim ring[0m
[17:14] [0m[32mYou say:[0m oh you are rallied[0m
[17:14] [0m[33;1m[PARTY][0m Roken has quit the party.[0m
[17:14] [0m[32mYou say:[0m rally[0m
[17:14] [0m[33;1m[PARTY][0m Roken joins the party.[0m
[17:14] [0m[33;1m[PARTY][0m Dangerzone joins the party.[0m
[17:14] [0m[32mOscar says:[0m kenny loggins![0m
[17:14] [0m<BS> Prismal : going to let my blurs reset, then I'm going to and try qoh[0m
[17:14] [0m[33;1m[PARTY][0m Oscar has quit the party.[0m
[17:14] [0m[33;1m[PARTY][0m The leader quit the party![0m
[17:14] [0m[33;1m[PARTY][0m New leader for the party: roken.[0m
[17:14] [0m<BS> Prismal : although most likely, I'll get there, and someone will[0m
[17:14] [0m               already be killing or camping her[0m
[17:15] [0m<BS> Prismal : so I'll leave and not think about it again[0m
[17:17] [0m[32mYou tell Oscar:[0m 3 hearts of shadow... and what is the second stat you want for the other 2[0m
[17:17] [0m        gems?[0m
[17:18] [0m[32mYou tell Oscar:[0m ascension if it is con (x2_[0m
[17:19] [0mWhoknows flaps : anyone for taco reset?[0m
[17:20] [0mApocalypse flaps : taco reset in 5[0m
[17:21] [0m[34;1mOgotaz shouts:[0m Thank you Prettypony for your parsimonious contribution towards Bless![0m
[17:23] [0m[32mYou tell Oscar:[0m haha nvm.. just greaves... well 2 hearts of shadow for the major gems in int+[0m
[17:23] [0m[34;1mOgotaz shouts:[0m Thank you Mud for your reasonable contribution towards Bless![0m
[17:23] [0mApocalypse flaps : dtaco reset in 2[0m
[17:24] [0m[32mOscar tells you:[0m wis[0m
[17:24] [0m[34;1mMud shouts:[0m 54%[0m
[17:25] [0m[32mOscar tells you:[0m Ok, gonna buy the gems for ya.[0m
[17:25] [0mApocalypse flaps : anyone else?[0m
[17:25] [0mLachlan flaps : sooooooon[0m
[17:26] [0mLachlan flaps : oh weait... not for reset no.[0m
[17:26] [0m[34;1mOgotaz shouts:[0m Thank you Mud for your reasonable contribution towards Bless![0m
[17:26] [0m[32mYou tell Oscar:[0m max of 3 of the same gems including baked in. Major Smarts for +int and Major[0m
[17:26] [0m        Scholar for +int/wis[0m
[17:26] [0m[33;1m[Clan] Mud :[0m 1m=2%[0m
[17:26] [0m[32mYou tell Oscar:[0m both are trivial gems[0m
[17:26] [0m[33;1m[Clan] Nix :[0m i already dumped 1 mil in, but i might do another i guess[0m
[17:26] [0m[32mOscar tells you:[0m Ok.  Any chance you could do a pair of boots w/ +int baked in?[0m
[17:26] [0m[34;1mOgotaz shouts:[0m Thank you Mud for your miserly contribution towards Bless![0m
[17:27] [0m[33;1m[Clan] Yik :[0m i would too! if i wasnt under 1m in the bank again XD[0m
[17:27] [0m[34;1mModrack shouts:[0m WHY MUST YOU TEASE US OGOTAZ[0m
[17:27] [0m[32mYou tell Oscar:[0m ya, and I'll do the best I can make[0m
[17:27] [0m[32mOscar tells you:[0m I can get 3 int gems for ya[0m
[17:27] [0mGrot flaps : is bless permanent or temporary?[0m
[17:27] [0m[32mYou tell Oscar:[0m i only have 2 soul hearts for scholar gems under legendary status[0m
[17:27] [0m[32mOscar tells you:[0m Heart of souls you need?  I'll see what I have on alts[0m
[17:28] [0m[32;1mFrom afar, you nod to Oscar.[0m[0m
[17:28] [0m[32mYou tell Oscar:[0m more so than shadow hearts.. have 10 legendaries of that for major smarts[0m
[17:29] [0mApocalypse flaps : resetted[0m
[17:30] [0m[33;1m[Clan] Oscar :[0m major insight = +int?[0m
[17:30] [0mWert flaps : poor visitor timing for me lol[0m
[17:30] [0m[33;1m[Clan] Roken :[0m major smarts == +int[0m
[17:31] [0m[33;1m[Clan] Roken :[0m insight == +wis[0m
[17:31] [0m[37;1m[JEDI]:[0m Tobias Kel'ach'nar arrives at the Academy.[0m
[17:32] [0m[32mOscar tells you:[0m So you need shadow or soul for int?[0m
[17:32] [0m[32mOscar tells you:[0m I have the 3 wis gems[0m
[17:32] [0m[32mOscar tells you:[0m (I want int though)[0m
[17:32] [0m[32mYou tell Oscar:[0m shadow for int[0m
[17:32] [0m[32;1mFrom afar, Oscar will be right back.[0m[0m
[17:32] [0m[32mYou tell Oscar:[0m soul for int/wis[0m
[17:33] [0m[Clan] Byron : 4 sueprior hearts of shadow[0m
[17:33] [0m[Clan] Byron : 1 legendary/1 superior heart of soul[0m
[17:34] [0m[Clan] Dangerzone : gemchanted according to wiki, superior == +8 int vs +9[0m
[17:34] [0m                    int on legendary. Think it is the same for baked in[0m
[17:34] [0m[Clan] Byron : nod[0m
[17:34] [0m[Clan] Byron : ok, the 5 hearts in clanbox[0m
[17:34] [0mYour transmuter's stone bursts with 6 new colours![0m
[17:36] [0m[33;1m[Clan] Roken :[0m sorry it will be superior build[0m
[17:38] [0m[35;1mWound [Jedi(Knight)]:[0m anyone know the aset for robotics?[0m
[17:38] [0m[35;1mSimonz [Jedi(Knight)]:[0m info ansi, jedi_droid[0m
[17:38] [0m[32mYou tell Oscar:[0m standard gem has to be baked in the best boots I can make.. phasemetal[0m
[17:39] [0m[32mOscar tells you:[0m That's fine[0m
[17:39] [0m[32mOscar tells you:[0m standard gem?[0m
[17:39] [0m[32mOscar tells you:[0m Ohhh[0m
[17:40] [0m[32mOscar tells you:[0m so you need to be higher smith[0m
[17:40] [0m[32mOscar tells you:[0m to get a major gem into boots?[0m
[17:40] [0m[32mYou tell Oscar:[0m yes, phasemetal boots are lvl 94[0m
[17:41] [0m[32mOscar tells you:[0m simonz maybe can make it...lemme ask[0m
[17:43] [0m[34;1mVoodoo shouts:[0m My bologna has first name, it's O-S-C-A-R![0m
[17:44] [0m[34;1mPrismal shouts:[0m my my my my my bologna[0m
[17:44] [0m[32mA ghostly form of Oscar tells you:[0m ok, simonz can do it[0m
[17:44] [0m[32mA ghostly form of Oscar tells you:[0m Do you ahve an int gem I can give him?[0m
[17:45] [0m[35;1mWound [Jedi(Knight)]:[0m zell bouncable?[0m
[17:46] [0m[35;1mSimonz [Jedi(Knight)]:[0m yes[0m
[17:46] [0m[35;1mUkyo [Jedi(Knight)]:[0m I'm going to go with no. not for me[0m
[17:46] [0m[35;1mSimonz [Jedi(Knight)]:[0m cloud mind works on him too[0m
[17:46] [0m[35;1mSimonz [Jedi(Knight)]:[0m but[0m
[17:46] [0m[35;1mSimonz [Jedi(Knight)]:[0m he summons, and when you go back in they'll all attack[0m
[17:46] [0m[35;1mSimonz [Jedi(Knight)]:[0m better plan is to just peace him[0m
[17:46] [0m[32;1mFrom afar, you nod to Oscar.[0m[0m
[17:46] [0m[32mOscar tells you (Roken,Simonz):[0m I might as well talk to both of you.  Simonz is going to make[0m
[17:46] [0m        the boots for me Roken.[0m
[17:46] [0m[35;1mWound [Jedi(Knight)]:[0m summon X total? or just keeps going[0m
[17:46] [0m[35;1mSimonz [Jedi(Knight)]:[0m I trigger on the golem summon to peace the golems[0m
[17:46] [0m[35;1mUkyo [Jedi(Knight)]:[0m i think three total[0m
[17:47] [0m[35;1mSimonz [Jedi(Knight)]:[0m 1-4[0m
[17:47] [0m[35;1mWound [Jedi(Knight)]:[0m thanks, havent tried him.[0m
[17:47] [0m[32mYou tell Simonz:[0m making the int gems[0m
[17:47] [0m[35;1mSimonz [Jedi(Knight)]:[0m he's...hurty[0m
[17:47] [0m[32;1mFrom afar, Simonz nods to you.[0m[0m
[17:47] [0m[35;1mWound [Jedi(Knight)]:[0m going to try my scaler 67 - should be just over 3M[0m
[17:47] [0m[35;1mUkyo [Jedi(Knight)]:[0m prolly about five times the size of his golems[0m
[17:47] [0m[35;1mSimonz [Jedi(Knight)]:[0m yeah, that should be ok.  don't try 82 or above without embiggen[0m
[17:47] [0m[32mYou tell Oscar:[0m making the major smart gems[0m
[17:48] [0m[32;1mFrom afar, Byron thanks you.[0m[0m
[17:51] [0m[34;1mOgotaz shouts:[0m Thank you Byron for your parsimonious contribution towards Bless![0m
[17:52] [0m[34;1mOgotaz shouts: [0mThank you Crolack for NOTHING![0m
[17:54] [0m[32mYou tell Simonz:[0m 2 gems down 1 to go... i'm making him chao greaves. where would you like to[0m
[17:54] [0m        meet, craft guild?[0m
[17:56] [0m[32mSimonz tells you:[0m sure[0m
[17:56] [0m[32mSimonz tells you:[0m outside the forge[0m
[17:58] [0m[32mSimonz tells you:[0m bring out gem heh[0m
[17:59] [0m[32mYou tell Simonz:[0m had wrong bars in there[0m
[18:00] [0m[32mYou tell Simonz:[0m making greaves now and will give all mats to you[0m
[18:01] [0m[32mSimonz says:[0m  boots don't take hearts[0m
[18:01] [0m[32mSimonz says:[0m  just need a gem to put in the recipe[0m
[18:01] [0m[32mYou tell Simonz:[0m it takes a a standard gem[0m
[18:01] [0m[32mYou tell Simonz:[0m he wants boots that require hearts[0m
[18:01] [0m[32mSimonz says:[0m  oh, duh[0m
[18:01] [0m[32mSimonz says:[0m  man, i'm tired heh[0m
[18:02] [0m[32mYou tell Simonz:[0m i can only do phasemetal[0m
[18:02] [0m[32mSimonz says:[0m  chaostone don't take major gems either[0m
[18:02] [0m[32mYou tell Simonz:[0m ah darn[0m
[18:03] [0m[32mYou say:[0m shoot couldve looked that up heh. Only went by what I can make. Wild it don't allow a[0m
[18:03] [0m         major buff[0m
[18:03] [0m[32mSimonz tells you:[0m no boots take a major gem[0m
[18:03] [0m[32mSimonz LTs (Roken, Byron)[0m
[18:03] [0;32m[0m   LT: so it turns out that there aren't any boots that take major gems[0m
[18:03] [0m[32mYou tell Simonz:[0m well than I may as well make it?[0m
[18:04] [0m[32mSimonz tells you:[0m chaostone won't use a heart though[0m
[18:04] [0m[32mYou tell Simonz:[0m yep, but Id get cxp for phasemetal boots[0m
[18:04] [0m[32mSimonz tells you:[0m there are no crafted cloaks[0m
[18:04] [0m[32mSimonz says:[0m  go for it then[0m
[18:06] [0m[37;1m[JEDI]:[0m Kerran Halcyon arrives at the Academy.[0m
[18:06] [0m[32mSimonz LTs (Roken, Byron)[0m
[18:06] [0;32m[0m   LT: linktell ftw[0m
[18:07] [0m[32mByron LTs (Roken, Simonz)[0m
[18:07] [0;32m[0m   LT: agree heh[0m
[18:07] [0m[32mByron LTs (Roken, Simonz)[0m
[18:07] [0;32m[0m   LT: so in that case Simonz - if you can't do any major gems in boots.  I[0m
[18:07] [0m       think Roken can handle it all[0m
[18:07] [0m[32mByron LTs (Roken, Simonz)[0m
[18:07] [0;32m[0m   LT: Sorry for all the confusion[0m
[18:08] [0m[32mSimonz LTs (Roken, Byron)[0m
[18:08] [0;32m[0m   LT: no worries[0m
[18:08] [0m[35;1mGibran [Jedi(36)]:[0m i think someone broke into my house and stole my pepper grinder.[0m
[18:09] [0m[35;1mMav [Jedi(32)]:[0m wasn't me[0m
[18:10] [0m[33;1m[Clan] Oscar :[0m ooooo[0m
[18:10] [0m[33;1m[Clan] Oscar :[0m +6/+7 from floaties[0m
[18:11] [0m[33;1m[Clan] Oscar :[0m woo[0m
[18:11] [0m[32mYou tell Oscar:[0m all done, at cbox/croom, thanks gained a smith lvl![0m
[18:12] [0m[32;1mFrom afar, Oscar goes 'Woo Woo!' at you.[0m[0m
[18:13] [0m[33;1m[Clan] Oscar :[0m Hmmm I thought greaves got 2 gems baked into it?[0m
[18:13] [0m[33;1m[Clan] Oscar :[0m I guess bplate = 2, greaves = 1[0m
[18:15] [0m[35;1mGibran [Jedi(36)]:[0m i blame all my problems on the kids or the dog. like in this case, where the[0m
[18:15] [0m                   pepper shaker had fallen onto its side in the cupboard, was probably because[0m
[18:15] [0m                   the kids were stomping around the house and shaking the wals.[0m
[18:15] [0m[33;1m[Clan] Roken :[0m bplate 1 minor 1 major gems... eq including majors: shield x1, platemail X2,[0m
[18:15] [0m               greaves x1[0m
[18:15] [0m[35;1mSimonz [Jedi(Knight)]:[0m seems legit[0m
[18:15] [0m[33;1m[Clan] Oscar :[0m ah nog[0m
[18:15] [0m[35;1mWyvern [Jedi(91)]:[0m or trying to feed pepper to the dog[0m
[18:15] [0m[35;1mWert [Jedi(Knight)]:[0m i blame wine drunk gibran after he finally got his mothers pizza right[0m
[18:15] [0m                     after 30 years[0m
[18:15] [0m[33;1m[Clan] Oscar :[0m I wonder if I zosi crafted gear if it keep sthe gems.[0m
[18:15] [0m[33;1m[Clan] Oscar :[0m I want to say I tested that and it doesnt[0m
[18:16] [0m[32mCorath tells you:[0m You must wait, I'm currently helping someone else.       [0m
[18:17] [0m[33;1m[PARTY][0m Dangerzone has quit the party.[0m
[18:19] [0m[35;1mMav [Jedi(32)]:[0m good. cause it certainly sint' my fault.[0m
[18:20] [0m[37;1mFluffy <.oO>:[0m want to meet up with OG mask for sweet sweet loving and duplication ... don't be[0m
[18:20] [0m              shy ;-)[0m
[18:20] [0m[35;1mMav [Jedi(32)]:[0m from now on, the meme is to blame Gibran's kids.[0m
[18:20] [0m[35;1mWound [Jedi(Knight)]:[0m sounds good[0m
[18:21] [0m[35;1mWound [Jedi(Knight)]:[0m damn gibran's kids...[0m
[18:21] [0m[35;1mUkyo [Jedi(Knight)]:[0m Don't blame Mav, blame Gib's kids. Got it.[0m
[18:21] [0m[35;1mSimonz [Jedi(Knight)]:[0m wait, mav is one of gibran's kids?[0m
[18:22] [0m[35;1mUkyo [Jedi(Knight)]:[0m negative. historical blame has always been attributed to mav(erik).[0m
[18:22] [0m[35;1mWound [Jedi(Knight)]:[0m i remember reading that on a board somewhere...[0m
[18:23] [0m[35;1mWound [Jedi(Knight)]:[0m no extra armours yet?[0m
[18:23] [0m[35;1mWert [Jedi(Knight)]:[0m armour of what[0m
[18:24] [0m[35;1mUkyo [Jedi(Knight)]:[0m crafted armour is best armour[0m
[18:24] [0m[35;1mSimonz [Jedi(Knight)]:[0m ^^[0m
[18:27] [0m[34;1mFluffy shouts:[0m ok that was an amusing death ;-)[0m
[18:31] [0m[33;1m[Clan] Mud :[0m got a spork on this taco, i can box it soon[0m
[18:35] [0m[33;1m[Clan] Oscar :[0m nice[0m
[18:35] [0m[33;1m[Clan] Oscar :[0m i got one[0m
[18:35] [0m[35;1mGibran [Jedi(36)]:[0m man, people have been blaming maverik since like 1996. you cant just move on[0m
[18:35] [0m                   from that.[0m
[18:35] [0m[33;1m[Clan] Oscar :[0m but nix still needs I think[0m
[18:36] [0m[34;1mOgotaz shouts:[0m Thank you Modrack for your miserly contribution towards Bless![0m
[18:36] [0m[35;1mGibran [Jedi(36)]:[0m how did that every start anyway?[0m
[18:36] [0m[35;1mWert [Jedi(Knight)]:[0m it was his fault im sure of it[0m
[18:36] [0m[35;1mGibran [Jedi(36)]:[0m and like, the 5 of you who were mudding at the time, 1996.[0m
[18:36] [0m[35;1mGibran [Jedi(36)]:[0m and how is it for being around since 1996, all your chars are still like[0m
[18:36] [0m                   under level 30 or whatever:)[0m
[18:37] [0mYour transmuter's stone bursts with 3 new colours![0m
[18:39] [0mHex flaps : what's bless even do?[0m
[18:39] [0mFluffy flaps : priest version ?[0m
[18:40] [0mHex flaps : ogotaz version[0m
[18:40] [0mBabylon flaps : it's a tensor boon basically[0m
[18:41] [0m[34;1mOgotaz shouts:[0m Thank you Fluffy for your parsimonious contribution towards Bless![0m
[18:42] [0m[34;1mOgotaz shouts: [0mThank you Frank for the drugs.[0m
[18:42] [0m[34;1mBabylon shouts:[0m laf[0m
[18:42] [0m[34;1mPdog shouts:[0m i want drugs[0m
[18:42] [0m[34;1mFennec shouts:[0m just say no![0m
[18:42] [0m[34;1mWert shouts:[0m do drugs? ok if you say so[0m
