- = LOG STARTED [00:00] = -
[08:33] [0mRoken <Craft>: hi ho oft da work I go![0m
[08:33] [0mBlubber <Craft>: no![0m
[08:33] [0mBlubber <Craft>: It's 2x hi ho[0m
[08:33] [0mDalimar <Craft>: and off to work, not oft da work (which would mean off of the work)[0m
[08:34] [0mDalimar <Craft>: or often the work I suppose[0m
[08:35] [0mDalimar <Craft>: either way, we need more greeting of women of the evening![0m
[08:35] [0mBlubber <Craft>: lol[0m
[08:40] [0m[37;1m[JEDI]:[0m Herah Wylann arrives at the Academy.[0m
[08:40] [0mRoken <Craft>: so not cool[0m
[08:42] [0mBlubber <Craft>: so hawt[0m
[08:52] [Clan] Dartholiver enters the game.  [0m
[08:59] [0m[34;1mKitt shouts:[0m Le Moo![0m
[09:10] [0m[37;1m[JEDI]:[0m Ylenic It'kla arrives at the Academy.[0m
[09:13] [0mYour transmuter's stone bursts with 6 new colours![0m
[09:19] [0mFlaxen <Craft>: I don't want to craft ... I want to be a LUMBERJACK!![0m
[09:19] [0mFlaxen <Craft>: I don't want to craft ... I want to be a LUMBERJACK!![0m
[09:19] [0mFlaxen <Craft>: I don't want to craft ... I want to be a LUMBERJACK!![0m
[09:38] [0m[37;1m[JEDI]:[0m Kerran Halcyon arrives at the Academy.[0m
[10:03] [0m[33;1m[Clan] Cambiador enters the game.[0m  [0m
[10:11] [0m[37;1m[JEDI]:[0m Durnoth arrives at the Academy.[0m
[10:13] [0mYour transmuter's stone bursts with 6 new colours![0m
[10:44] [0m[33;1m[Clan] Sock wiggles off your foot.[0m  [0m
[10:46] [0m[37;1m[JEDI]:[0m Bithoff Jonansaan arrives at the Academy.[0m
[11:13] [0m[34;1mFlaxen shouts:[0m yay[0m
[11:13] [0m[34;1mFlaxen shouts:[0m yayaya[0m
[11:14] [0m[34;1mDin shouts:[0m you finally nail the drum solo on yyz?[0m
[11:14] [0m[34;1mVoodoo shouts:[0m Woo! the other one dropped! I knew 2020 was going to be your year Flaxen![0m
[11:15] [0m[34;1mFlaxen shouts:[0m 2020 is like, the future, man[0m
[11:17] [0m[34;1mCrolack shouts:[0m 2020 is like you can see clearly[0m
[11:20] [0m[37;1m[JEDI]:[0m Talia Ska arrives at the Academy.[0m
[11:22] [0m[34;1mSaim shouts:[0m Crolack 2020[0m
[11:23] [0m[34;1mZik shouts:[0m id vote for that! lemme get my bag of rocks[0m
[11:24] [0m[34;1mBlubber shouts:[0m I'd also vote for crack[0m
[11:28] [0mYour transmuter's stone bursts with 2 new colours![0m
[11:33] [0m[35;1mSplat [Jedi(21)]:[0m Could use a point of lightsaber combat if anyone swings by the guild[0m
[11:33] [0m[35;1mPol [Jedi(Knight)]:[0m i've got you[0m
[11:40] [0mSsRPDFd  Wm:g Wc: 47% Gx: 30.78% Fx: 17.07%[0m
[11:46] [0mKitt gshouts: Got MOO? Got MOO? Got Moo?[0m
[11:47] [0m[34;1mZik shouts:[0m got bok? boka boka boka[0m
[11:51] [0m[37;1m[JEDI]:[0m Reena Bel Noir arrives at the Academy.[0m
[12:19] [0m[34;1mBoosh shouts:[0m lunch[0m
[12:20] [0m[34;1mSaim shouts:[0m make me a sandwich[0m
[12:21] [0m[34;1mRoken shouts:[0m make me a compliment sandwich[0m
[12:22] [0m[34;1mZor shouts:[0m but the bread is moldy![0m
[12:22] [0m[34;1mBoosh shouts:[0m rokken im out saim got it[0m
[12:25] [0m[34;1mInix shouts:[0m sudo make me a sandwich[0m
[12:26] [0m[34;1mSplat shouts:[0m Not in sudoers file. This incident has been reported.[0m
[12:27] [0m[32mAdalius tells you:[0m ?                                                          [0m
[12:28] [0m[34;1mRoken shouts:[0m oh my lord! Chili woo wee /.<>.focus absorb energy[0m
[12:28] [0m[32mFlaxen tells you:[0m ?!?!?!?!?! peener.[0m
[12:28] [0m[34;1mSpace shouts:[0m ? !?!?!?!?[0m
[12:28] [0mYour transmuter's stone bursts with 5 new colours![0m
[12:28] [0m[34;1mBoosh shouts:[0m im eating ramen ok there i said it[0m
[12:28] [0mRoken flaps : ??? what's that? Heh I can't draw a nose[0m
[12:28] [0m[34;1mAdalius shouts:[0m Please address all questions regarding my tell to Flaxen.[0m
[12:29] [0m[34;1mLachlan shouts:[0m GOT ME![0m
[12:29] [0m[34;1mRoken shouts:[0m ? is NOT a question[0m
[12:29] [0m[34;1mMetaljaz shouts:[0m ?[0m
[12:29] [0mRoken flaps : but only a mark lol[0m
[12:29] [0m[34;1mLachlan shouts:[0m it's the mark of a question.[0m
[12:29] [0m[34;1mAsher shouts:[0m or a riddle.[0m
[12:29] [0m[34;1mBliss shouts:[0m your tell was a question itself, so we should address questions about a question[0m
[12:29] [0m              to flaxen ? good[0m
[12:29] [0m[37;1m[JEDI]:[0m Talia Ska arrives at the Academy.[0m
[12:39] [0m[34;1mVagrant shouts:[0m I gave all my money[0m
[12:45] [0m[34;1mKitt shouts:[0m to the Hookers[0m
[12:52] [0m[35;1mSplat [Jedi(21)]:[0m lightsaber mastery 4! *swoon*[0m
[12:52] [0m[35;1mTriorchid [Jedi(18)]:[0m OOooooo...[0m
[12:55] [0m[37;1m[JEDI]:[0m Alyssa K'tal arrives at the Academy.[0m
[13:17] [0m[32mRictor tells you:[0m Hey, remind me to copy my config and mail it to myself at home?[0m
[13:18] [0m[34;1mRictor shouts:[0m Echoall :P[0m
[13:18] [0m[34;1mBoosh shouts:[0m error will rictor error file transfer not complete you are hacked.[0m
[13:18] [0m[34;1mHyuga shouts:[0m mail it to me first for safe keeping[0m
[13:19] [0m[34;1mSpace shouts:[0m was about to suggest to use your phone to remind you :p[0m
[13:20] [0m[32mRictor tells you:[0m Also, can you remind me in about 6 hours to import it into my setup? Kthx.[0m
[13:20] [0m[34;1mBoosh shouts:[0m begin countdown for legion take over[0m
[13:21] [0m[34;1mSpace shouts:[0m Kthx is so not rictor, thats totally TH[0m
[13:21] [0m[37;1m[JEDI]:[0m Reena Bel Noir arrives at the Academy.[0m
[13:21] [0m[34;1mSomeone shouts:[0m There is no Turnhold, only Rictor.[0m
[13:21] [0m[34;1mRoken shouts:[0m have you filed your TPS reports, yet!? I sent the memo out last Monday![0m
[13:28] [0mYour transmuter's stone bursts with 6 new colours![0m
[13:29] [0m[34;1mInix shouts:[0m We're using this new cover sheet...did you get the memo?[0m
[13:29] [0m[34;1mSpace shouts:[0m TPS reports![0m
[13:29] [0m[34;1mSomeone shouts:[0m What would you say, you do here?[0m
[13:54] [0m<- ! The Vigilant ! -> :  A destabilization Kayos event has been detected in Deserts of Fantasy![0m
[13:54] [0m                          We are localizing it now - get ready![0m
[13:56] [0m[37;1m[JEDI]:[0m Durnoth arrives at the Academy.[0m
[14:04] [0m[34;1mKitt shouts:[0m event lets go Botz[0m
[14:04] [0m[34;1mBlubber shouts:[0m in a bit[0m
[14:04] [0m[33;1m[Clan] Zorbaine :[0m h[0m
[14:04] [0m[34;1mSomeone shouts:[0m yes go botz[0m
[14:06] [0m[34;1mBlubber shouts:[0m Don't tel me what to do![0m
[14:07] [0m[34;1mZik shouts:[0m autobuds! disassemble and rollup[0m
[14:30] [0m[37;1m[JEDI]:[0m Janath Meelin arrives at the Academy.[0m
[14:31] [0m[34;1mBlubber shouts:[0m I don't like the silence![0m
[14:32] [0m[34;1mDalimar shouts:[0m https://www.youtube.com/watch?v=aGSKrC7dGcY no, enjoy the silence[0m
[14:32] [0m[34;1mHooligan shouts:[0m the sound of silence[0m
[14:37] [0m[34;1mBlubber shouts:[0m Toto - Africa, autoplay next[0m
[14:38] [0m[34;1mDalimar shouts:[0m there's no vampires in Africa, because the rains are blessed[0m
[14:38] [0m[34;1mBlubber shouts:[0m no, but there's mosquitos which is worse[0m
[14:39] [0m[34;1mSplat shouts:[0m your blood is getting sucked one way or another[0m
[14:39] [0m[34;1mInix shouts:[0m That's true for sure...some relentless mosquitos and high number of them carrying[0m
[14:39] [0m             malaria.[0m
[14:39] [0m[34;1mBlubber shouts:[0m in one I'm getting killed, the other one they come every night[0m
[14:39] [0m[34;1mDalimar shouts:[0m they're not the only ones[0m
[14:39] [0m[34;1mBlubber shouts:[0m lol[0m
[14:42] [0m[34;1mBlubber shouts:[0m ugh. one thousand miles - proclaimers[0m
[14:43] [0m[34;1mBlubber shouts:[0m Yet I'm singing along...[0m
[14:43] [0m[34;1mSplat shouts:[0m That's how they get you[0m
[14:43] [0m[34;1mZor shouts:[0m stop singing do they can't hear you![0m
[14:45] [0mInix flaps : predater:  one who dates someone before the other party knows they're dating[0m
[14:48] [0mYour transmuter's stone bursts with 6 new colours![0m
[14:49] [0mBlubber flaps : So I'm a predator...[0m
[14:50] [0mBlubber flaps : Been in SO MANY relationships[0m
[14:50] [0mBlubber flaps : Alone...[0m
[14:50] [0mInix flaps : Should self-nominate for the list then[0m
[14:51] [0mBlubber flaps : Only wayyou can nominate[0m
[14:51] [0mInix flaps : You can nominate others, so...no?[0m
[14:52] [0mBlubber flaps : y u lie[0m
[14:53] [0m[37;1m[JEDI]:[0m Ylenic It'kla arrives at the Academy.[0m
[14:53] [0mBlubber flaps : I'm listening to the top 50 for 2020 and I don't like anything. Am I old now?[0m
[14:53] [0mInix flaps : I don't believe letters lie, they're simply letters.  Neither the letter y nor the[0m
[14:53] [0m             letter u are inherently lies.[0m
[14:57] [0mBlubber flaps : Gwen Stefanie lies[0m
[14:58] [0m[34;1mSplat shouts:[0m We're mudders. Old is part of the definition.[0m
[14:59] [0mGaidin flaps : Shakira's hips, on the other hand...[0m
[14:59] [0mBahram flaps : I ain't no hollaback girl[0m
[15:00] [0mBlubber flaps : I'm such a holla back gurl[0m
[15:00] [0mInix flaps : But are you a she-wolf, arooooo.[0m
[15:01] [0mBlubber flaps : I need attention like air[0m
[15:09] [0mBlubber flaps : Mr Jones - Aqua, what a classic[0m
[15:09] [0mInix flaps : Shhh now, it's ok...just shhhh[0m
[15:09] [0mBlubber flaps : That made me laugh out loud, thanks[0m
[15:10] [0mBlubber flaps : Correction it's Doctor Jones, nor MR.[0m
[15:10] [0mBlubber flaps : #embarred[0m
[15:11] [0mBlubber flaps : Time for spice girls I think[0m
[15:12] [0m[33;1m[Clan] Martyr :[0m some jerk rotted my coffin[0m
[15:12] [0m[33;1m[Clan] Nix :[0m probably the boys in the sinoloa cartel[0m
[15:12] [0m[33;1m[Clan] Nix :[0m figured they got more dead bodies than you'll ever have[0m
[15:13] [0m[33;1m[Clan] Saim :[0m someone graveyarded yer coffin yo[0m
[15:13] [0m[33;1m[Clan] Byron :[0m i told them i was a gl 95 bard[0m
[15:13] [0m[33;1m[Clan] Byron :[0m they let me go[0m
[15:13] [0mVagrant flaps : doing beloches if any1 wants in[0m
[15:15] [0mBlubber flaps : Did someone say Backstreet boys?[0m
[15:15] [0mInix flaps : No, they said "shh"[0m
[15:15] [0m[35;1mDalimar [Jedi(34)]:[0m anyone handy for lsc 9?[0m
[15:16] [0m[35;1mBlubber [Jedi(56)]:[0m sure[0m
[15:16] [0m[35;1mDalimar [Jedi(34)]:[0m much obliged[0m
[15:17] [0m[35;1mBlubber [Jedi(56)]:[0m It's what the backstreet boys would want[0m
[15:17] [0m[33;1m[Clan] Ser :[0m damnit i missed day 6[0m
[15:17] [0m[33;1m[Clan] Ser :[0m and im at work :([0m
[15:18] [0m[33;1m[Clan] Nix :[0m you're at work? But the Nascar race comes back on in 42 minutes[0m
[15:18] [0m[33;1m[Clan] Ser :[0m oh noooo[0m
[15:18] [0m[33;1m[Clan] Saim :[0m by "at work" - do you mean 15 beers into a Busch 30 brick?[0m
[15:20] [0m[33;1m[Clan] Nix :[0m https://www.instagram.com/p/B8pfBfZJGSQ/[0m
[15:20] [0m[33;1m[Clan] Nix :[0m sfw[0m
[15:21] [0m[33;1m[Clan] Saim :[0m never saw a pic of byron before, nice[0m
[15:27] [0m[37;1m[JEDI]:[0m Tobias Kel'ach'nar arrives at the Academy.[0m
[15:32] [0m[34;1mKitt shouts:[0m Vagrant is my Herro[0m
[15:36] [0m[34;1mNauda shouts:[0m my Vagrant[0m
[15:37] [0m[34;1mVagrant shouts:[0m Har har har[0m
[15:37] [0m[34;1mInix shouts:[0m Varg-har-ant[0m
[15:38] [0m[34;1mNix shouts:[0m varg = targ?[0m
[15:38] [0m[34;1mVagrant shouts:[0m Im Target[0m
[15:48] [0mYour transmuter's stone bursts with 4 new colours![0m
[16:03] [0m[37;1m[JEDI]:[0m Herah Wylann arrives at the Academy.[0m
[16:07] [0m[34;1mVagrant shouts:[0m I own Targit IRL, competitor to Target[0m
[16:07] [0m[34;1mNauda shouts:[0m Targut[0m
[16:08] [0m[34;1mVagrant shouts:[0m TAR GUT GUT GUT GUT[0m
[16:08] [0m[34;1mBlubber shouts:[0m I own them, competitor to they[0m
[16:08] [0m[34;1mInix shouts:[0m Targét[0m
[16:08] [0m[34;1mVagrant shouts:[0m I own elsewhere, competitor to overtherer[0m
[16:09] [0m[34;1mInix shouts:[0m Tell that to Rasta-hell[0m
[16:17] [0mRoken flaps : work has free cocoa! I've given into temptation at least 7x[0m
[16:17] [0mInix flaps : It's a trap![0m
[16:17] [0mBlubber flaps : My dungeon is a trap[0m
[16:18] [0mBlubber flaps : Wanna see my dungeon?[0m
[16:18] [0mInix flaps : ...n....no[0m
[16:22] [0mThom flaps : depends what it traps lol[0m
[16:23] [0mBlubber flaps : Definately you, erm I mean no. There's cake![0m
[16:23] [0mThom flaps : as long as the cake isnt a lie :P[0m
[16:23] [0mBlubber flaps : Sure...[0m
[16:24] [0mWilhelm flaps : Cake or no cake, focus on the hips.  They don't lie.[0m
[16:24] [0mKitt flaps : work has free coffee and fountain drinks here[0m
[16:24] [0mBlubber flaps : Fountain drinks? What is this, the 20's?[0m
[16:25] [0mGaidin flaps : Well....[0m
[16:25] [0mBlubber flaps : I know mudders are old but jeeeez[0m
[16:25] [0mSplat flaps : He didn't say eggcream[0m
[16:25] [0mLachlan flaps : what else would you call them? they're not bottled/canned?[0m
[16:25] [0mNauda flaps : don't want none unless you got buns[0m
[16:25] [0mWilhelm flaps : Fountain drinks are comparatively normal.  Unless served by a soda jerk.  Then[0m
[16:25] [0m                you might want to check for time travel.[0m
[16:25] [0mGaidin flaps : What's wrong with eggcreams?[0m
[16:26] [0mZor flaps : it gets sour!!!!!!!!!!!!!!!!![0m
[16:26] [0mInix flaps : I get it, because it *IS* the 20's...the 2020's...and we, currently, refer to them[0m
[16:26] [0m             as fountain drinks.[0m
[16:27] [0mBlubber flaps : I didn't even think of that...[0m
[16:29] [0mBlubber flaps : reading between reading between reading between the lines the lines the lines[0m
[16:30] [0mBlubber flaps : I had to type that out in word[0m
[16:32] [0mRoken flaps : We are back in the Roaring 20s' :D[0m
[16:33] [0mInix flaps : Swing is back, it's just "electro-swing" now.[0m
[16:33] [0m[32mInix tells you:[0m psst...hey...come to the dark side[0m
[16:33] [0m[37;1m[JEDI]:[0m Wennic Ber'ni'lok arrives at the Academy.[0m
[16:35] [0m[32;1mFrom afar, you wink suggestively at Inix.[0m[0m
[16:48] [0mYour transmuter's stone bursts with 2 new colours![0m
[17:02] [0mNauda flaps : zombie reset in 5min[0m
[17:05] [0m[37;1m[JEDI]:[0m Rhaan arrives at the Academy.[0m
[17:30] [0m[5m[1m[48;5;124mYour lightsaber begins to flicker and the handle warms![0m[0m                 [0m
[17:31] [0m[37;1m[JEDI]:[0m Bithoff Jonansaan arrives at the Academy.[0m
[17:38] [0mInix flaps : "two-hundred and fifty million" = 50,000,200.  If you meant 250,000,000 you should[0m
[17:38] [0m             have said "two-hundred fifty million"[0m
[17:46] [0mNauda flaps : 2 oku 5000 man[0m
[17:47] [0mNauda flaps : Japanese count in 100s, 10000s, and 100000000s[0m
[17:48] [0mYour transmuter's stone bursts with 5 new colours![0m
[17:48] [0mNauda flaps : makes sense, 12 hundreds doesn't make sense is there is a thousand[0m
[17:49] [0mInix flaps : Point is "and" only belongs in saying a number to represent the decimal place or[0m
[17:49] [0m             change or denomination.[0m
[17:49] [0mInix flaps : change of*[0m
[17:51] [0mNauda flaps : two-hundred and fifty million doesn't make sense in english in math it does if you[0m
[17:51] [0m              do (200+50)*1000000[0m
[17:52] [0mInix flaps : 200 hundred + 50 million[0m
[17:52] [0mInix flaps : is what was said[0m
[17:52] [0mInix flaps : two-hundred fifty-million is precise[0m
[17:56] [0mHyuga flaps : its a me. mario[0m
[17:56] [0m[37;1m[JEDI]:[0m Kerran Halcyon arrives at the Academy.[0m
[17:57] [0mInix flaps : You're Hyuga, sort yourself out.[0m
[17:57] [0mNauda flaps : It is I, Dio[0m
[17:58] [0mKikipopo flaps : yare yare daze[0m
[18:26] [0m[37;1m[JEDI]:[0m H'ssani C'talan arrives at the Academy.[0m
[18:41] [0m[5m[1m[48;5;124mYour lightsaber begins to flicker and the handle warms![0m[0m                 [0m
[18:48] [0mYour transmuter's stone bursts with 3 new colours![0m
[18:51] [0m[33;1m[Clan] Zorbaine :[0m woo critical hit and block rings[0m
[18:54] [0m[37;1m[JEDI]:[0m Talia Ska arrives at the Academy.[0m
[19:06] [0mNauda flaps : The Sword of Lucanus (enchanted) knight art?[0m
[19:06] [0mMerrick flaps : yup[0m
[19:07] [0m[33;1m[Clan] Ser :[0m lot of peeps on[0m
[19:07] [0m[33;1m[Clan] Nix :[0m the life of 3k is strong[0m
[19:07] [0mNauda flaps : strange that I can donate to necro a knight artifact[0m
[19:08] [0m[33;1m[Clan] Ser :[0m ever get day 6 done?[0m
[19:08] [0m[33;1m[Clan] Nix :[0m i never did it[0m
[19:08] [0mNightrider flaps : knight knight knight[0m
[19:08] [0mStasis flaps : do necros become knights or visa versy?[0m
[19:09] [0mNauda flaps : I was sure necros are mage wannabies, with strange perversion for corpses[0m
[19:09] [0m[34;1mStasis shouts:[0m wot dat fox say??[0m
[19:10] [0m[34;1mStendoed shouts:[0m Wa-pa-pa-pa-pa-pa-pow![0m
[19:10] [0m[33;1m[Clan] Nix :[0m they did it[0m
[19:10] [0m[33;1m[Clan] Nix :[0m i just did not[0m
[19:23] [0m[37;1m[JEDI]:[0m Kerran Halcyon arrives at the Academy.[0m
[19:48] [0mYour transmuter's stone bursts with 4 new colours![0m
[19:59] [0m[37;1m[JEDI]:[0m Alyssa K'tal arrives at the Academy.[0m
[20:07] [0m[34;1mBoosh shouts:[0m dont even start with that[0m
[20:11] [0m[35;1mTriorchid [Jedi(18)]:[0m heh...mastery 3.  wondered why i started pummeling[0m
[20:13] [0m[35;1mDalimar [Jedi(34)]:[0m aww, an upgrade from tickle[0m
[20:14] [0m[35;1mTriorchid [Jedi(18)]:[0m gonna miss the tickles/grazes...but such is the nature of young love. [0m
[20:14] [0m                      tickles give way to pummels?[0m
[20:15] [0m[35;1mSimple [Jedi(65)]:[0m you make me check i recently got mastery 11[0m
[20:19] [0m[34;1mZik shouts:[0m playcult like a shirt made* in the u.s.! *(dyed and printed)[0m
[20:20] [0m[34;1mNauda shouts:[0m stop fooling yourself, everything is made in China even cult[0m
[20:29] [0m[37;1m[JEDI]:[0m Wennic Ber'ni'lok arrives at the Academy.[0m
[20:37] [0mWildduces@3s gshouts: let all get NAKED !!!![0m
[20:38] [0mDalimar gshouts: in a bit[0m
[20:48] [0mYour transmuter's stone bursts with 5 new colours![0m
[20:52] [0m[34;1mNauda shouts:[0m I like fine woodwork[0m
[20:54] [0m[34;1mInix shouts:[0m Not so much a fan of the shoddy woodwork?[0m
[21:00] [0m[37;1m[JEDI]:[0m H'ssani C'talan arrives at the Academy.[0m
[21:22] [0m[34;1mSpace shouts:[0m why you little![0m
[21:22] [0m[34;1mDalimar shouts:[0m hey, I'm 6'2[0m
[21:23] [0m[37;1mSpace <.oO>:[0m BOOMZ[0m
[21:23] [0m[37;1mAnzyn <.oO>:[0m woo[0m
[21:23] [0m[34;1mNauda shouts:[0m small characters are better, less monsters can attack you at the same time[0m
[21:23] [0m[37;1mZor <.oO>:[0m woo!!!!!!!!!!!!!!!!!!!!!!!!!![0m
[21:24] [0m[34;1mSpace shouts:[0m really? or do you mean smaller char will get blicked by the 1st mob in a room of[0m
[21:24] [0m              25 mobs?[0m
[21:24] [0m[34;1mSplat shouts:[0m Can't take hits from other mobs if you're dead[0m
[21:25] [0m[34;1mHyuga shouts:[0m i take more hits than anyone[0m
[21:25] [0m[34;1mDalimar shouts:[0m bong rips don't count[0m
[21:25] [0m[34;1mZik shouts:[0m we will hold a lottery to see who gets more stoned[0m
[21:25] [0m[37;1m[JEDI]:[0m Rhaan arrives at the Academy.[0m
[21:26] [0m[34;1mNauda shouts:[0m Jedi are not taking hits, they are dodging most of the hits[0m
[21:26] [0m[34;1mDalimar shouts:[0m don't block what you can parry, don't parry what you can dodge[0m
[21:26] [0m[34;1mHyuga shouts:[0m how dare you me accuse of such a thing?[0m
[21:26] [0m[34;1mSpace shouts:[0m hyuga thats  not accurate, you do combat 2min, idle 15min, so in 17min of combat[0m
[21:26] [0m              other people take (btw, I'm a dumbass) more hits then you do :p[0m
[21:27] [0m[34;1mNauda shouts:[0m When idle hits you hard, you know it's time to puff puff pass[0m
[21:28] [0m[34;1mLachlan shouts:[0m that's just my playstyle. Idle-Hard![0m
[21:30] [0m[34;1mSpace shouts:[0m  absolutely nothing wrong with Idle-Hard, heck Hyuga idling hard benefits me, i[0m
[21:30] [0m              was simply talking about hits/min ;)[0m
[21:32] [0m[34;1mElminster shouts:[0m (btw, I'm a dumbass) (btw, I'm a dumbass) (btw, I'm a dumbass)[0m
[21:32] [0m[34;1mHardcore shouts:[0m finished oak cabinets[0m
[21:32] [0m[34;1mLance shouts:[0m dolores[0m
[21:32] [0m[34;1mNauda shouts:[0m some fine woodwork right there[0m
[21:33] [0m[34;1mElminster shouts:[0m noodle[0m
[21:33] [0m[34;1mHooligan shouts:[0m here comes your garbage man baby[0m
[21:33] [0m[34;1mHyuga shouts:[0m sup guys, guess what? the sky is blue and (btw, I'm a dumbass)[0m
[21:34] [0m[34;1mSky shouts:[0m im blue da be da[0m
[21:34] [0m[34;1mNauda shouts:[0m Sky is up, and water is wet.[0m
[21:34] [0m[34;1mSky shouts:[0m so is your mom[0m
[21:37] [0m[35;1mSimple [Jedi(65)]:[0m huh?[0m
[21:37] [0m[35;1mSimple [Jedi(65)]:[0m w/l[0m
[21:38] [0m[34;1mLachlan shouts:[0m My title's bigger than yours. I have the guiness 3k World Record for longest[0m
[21:38] [0m                Player Title. You know what they say about long titles? Big vafs (small[0m
[21:38] [0m                victories are casual players raison d'etre)[0m
[21:39] [0m[34;1mHardcore shouts:[0m worst vaf ever[0m
[21:39] [0m[34;1mLachlan shouts:[0m But.... I am first among Giants in title colour and size. Eh... ahhh... oooo. I[0m
[21:39] [0m                am sure there are lots of jealous mudders out there, I've just yet to meet one.[0m
[21:40] [0m[34;1mSpace shouts:[0m jealous of ~~~~~ ? tilda jealousy damn, thats a new one :D[0m
[21:41] [0m[34;1mHyuga shouts:[0m my tilde is so small its invisible[0m
[21:41] [0m[34;1mLachlan shouts:[0m Tilda day you die?[0m
[21:41] [0mLachlan flaps : can't even spell it right. tilde. :P[0m
[21:42] [0mInix flaps : what lacky said, tilde[0m
[21:43] [0mSpace flaps : not doubting you guys, wonder why autocorrect didnt kick in[0m
[21:43] [0mLachlan flaps : auto correct on portal/cmud etc? who has that functionality plugged in?[0m
[21:44] [0mSpace flaps : well not autocorrect per se, but words which are get underlined in red when a[0m
[21:44] [0m              misspell is detected/suspected[0m
[21:45] [0mSpace flaps : well not autocorrect per se, but words *get underlined in red when a misspell is[0m
[21:45] [0m              detected/suspected[0m
[21:45] [0mLachlan flaps : I still don't get that on portal, never have.[0m
[21:45] [0mSpace flaps : less said about portal the better[0m
[21:45] [0mLachlan flaps : that's probably true[0m
[21:46] [0mNauda flaps : isn't there a free speach in this place?[0m
[21:47] [0mInix flaps : no, costs sp[0m
[21:47] [0mSpace flaps : what costs sps? flapchat ?[0m
[21:47] [0m[34;1mLachlan shouts:[0m and vafs... if you want to shout like this much ................................[0m
[21:47] [0m                ................................................................................[0m
[21:47] [0m                ................................................................................[0m
[21:47] [0m                .........................................................................[0m
[21:47] [0m[34;1mLachlan shouts:[0m and go it agian, right away like this[0m
[21:47] [0mInix flaps : tells used ro, just being contrary[0m
[21:48] [0m[34;1mSpace shouts:[0m yeah i did that cos the length of my pink floyd lyric quotes is always too long[0m
[21:48] [0m[37;1m[JEDI]:[0m Bithoff Jonansaan arrives at the Academy.[0m
[21:49] [0mYour transmuter's stone bursts with 2 new colours![0m
[21:49] [0m[34;1mLachlan shouts:[0m I did it for the list... now what.[0m
[21:50] [0m[34;1mSpace shouts:[0m btw Lachlan, cant do unlimited shouts, Adalius spammed me with death cows and my[0m
[21:50] [0m              auto dispose/shout worked only like 10 times, then needed a break before more[0m
[21:50] [0m              shouts[0m
[21:50] [0m[34;1mLachlan shouts:[0m yeah... they changed it from what I remember. You shout too much, even when you[0m
[21:50] [0m                pay to shout too much and they cut you off. It's like a bad bartender.[0m
[21:51] [0m[34;1mInix shouts:[0m good bartender*[0m
[21:51] [0m[34;1mHyuga shouts:[0m <----------------------------------------------------------------(this was free)--[0m
[21:51] [0m              ----------------------------------------------------------------------------------[0m
[21:51] [0m              -------------------------------------------------[0m
[21:51] [0m[34;1mSpace shouts:[0m in a way thats fine, i mean can you imagine if Tex got that vaf ? and got access[0m
[21:51] [0m              to unlimited shouts?[0m
[21:51] [0m[34;1mLachlan shouts:[0m well that's perspective. Im not driving and I am paying you to get pissed[0m
[21:51] [0m                drunk...[0m
[21:52] [0mLachlan flaps : ok, Space, you got me there.[0m
[21:56] [0m[34;1mBoosh shouts:[0m how about leaving me out of this banter space im trying not to get shout banned[0m
[21:56] [0m              thanks[0m
[21:58] [0m[34;1mSky shouts:[0m Succulent got shoutbanned for vaffing shouts. heh[0m
[21:58] [0m[34;1mSpace shouts:[0m leave Tex out of shoutline banter? dude that will reduce shoutline volume by 50%![0m
[21:59] [0m[34;1mBoosh shouts:[0m exactly the point space im reducing my shouts[0m
[22:00] [0m[34;1mNauda shouts:[0m .[0m
[22:00] [0m[34;1mSpace shouts:[0m you might be reducing shouts, but WE the non-Tex players are not! tho if we leave[0m
[22:00] [0m              you out of the discussion, then volume will reduce a ton :p[0m
[22:00] [0m[34;1mRoken shouts:[0m who is bothered by good banter?[0m
[22:00] [0m[34;1mWhoknows shouts:[0m nothing good ever comes from shouting[0m
[22:01] [0m[32mBoosh tells you:[0m im not bothered i just dont want to be brought into the fold if im not paying[0m
[22:01] [0m        attention leave me out of it[0m
[22:02] [0m[34;1mNauda shouts:[0m Shout! Shout! Let it all out! These are the things I can do without. Come on, I'm[0m
[22:02] [0m              talking to you, Come on, Yadda Yadda...[0m
[22:03] [0m[34;1mSplat shouts:[0m yadda yadda really changes the tone of that song[0m
[22:03] [0m[34;1mRoken shouts:[0m nothing good ever happens after 2AM[0m
[22:04] [0m[34;1mEli shouts:[0m it's when the goober gobblers come out to roam[0m
[22:04] [0m[34;1mSplat shouts:[0m Is that like a goofy goober?[0m
[22:04] [0m[34;1mEli shouts:[0m something like that, yes[0m
[22:13] [0m[32mNetta says: [0mUnencountered program deploy code lambda /obj/sperm #441.[0m
[22:17] [0m[32;1mFrom afar, you moo at Inix.[0m[0m
[22:18] [0m[34;1mRoken shouts:[0m my char is just as charismatic as the owner[0m
[22:20] [0m[37;1m[JEDI]:[0m Durnoth arrives at the Academy.[0m
[22:21] [0m[34;1mCaboose shouts:[0m but i thought you needed at least a LITTLE cha in that guild? :P[0m
[22:21] [0m[32;1mFrom afar, Caboose teases you.[0m[0m
[22:26] [0m[32mYou say:[0m hi[0m
[22:28] [0m[32mYou tell Caboose:[0m errr How do I use Binaca Blast?[0m
[22:32] [0mPrincipal says, 'May I help you?[0m
[22:32] [0m[32mYou say:[0m hi[0m
[22:32] [0mPrincipal says, 'May I help you?[0m
[22:32] [0mPrincipal says, 'May I help you?[0m
[22:40] [0m[32mYou tell Caboose:[0m nvm... man I still haven't solved this "easy" quest. I wake after a kiss[0m
[22:41] [0m[32mCaboose tells you:[0m oops, sorry, i missed that first one, if i remember right, it's 'press[0m
[22:41] [0m        button'?[0m
[22:41] [0m[32mCaboose tells you:[0m then it's gone, and you have a 'fresh breath' item instead[0m
[22:43] [0m[32mBatman says: [0mSo how is that old bastard Cookie.                            [0m
[22:46] [0m[32;1mFrom afar, you exclaim wtf!?, at Caboose.[0m[0m
[22:46] [0m[32mYou tell Caboose:[0m ... there another mate?![0m
[22:46] [0m[32mCaboose tells you:[0m that sounds... new[0m
[22:47] [0m[32mYou tell Caboose:[0m liek I found "the perfect gift" "pretty picture" "fresh breath" "box of[0m
[22:47] [0m        chocoaltes"[0m
[22:47] [0m[32mCaboose tells you:[0m ahh[0m
[22:47] [0m[32mYou tell Caboose:[0m she likes the chocolates[0m
[22:47] [0m[37;1m[JEDI]:[0m Tobias Kel'ach'nar arrives at the Academy.[0m
[22:48] [0m[32mYou tell Caboose:[0m where was the pillow?[0m
[22:48] [0m[32mCaboose tells you:[0m on the bed[0m
[22:48] [0m[32mCaboose tells you:[0m take that[0m
[22:48] [0m[32mCaboose tells you:[0m otherwise you 'wake up wrong' or something when you kiss her[0m
[22:48] [0m[32;1mFrom afar, you scream Doooohhhhhhhh!!! at Caboose.[0m[0m
[22:49] [0m[32mYou tell Caboose:[0m I didn't search bed[0m
[22:49] [0mYour transmuter's stone bursts with 2 new colours![0m
[22:49] [0m[32;1mFrom afar, you go 'Woo Woo!' at Caboose.[0m[0m
[22:49] [0m[32;1mFrom afar, Caboose cheers you on!!![0m[0m
[22:59] [0m[32;1mFrom afar, you thank Caboose.[0m[0m
[23:00] [0m[32;1mFrom afar, Caboose sticks his thumb up at you and says 'No problemo'.[0m[0m
