- = LOG STARTED [00:00] = -
[00:01] [0m[37;1mNukem flaps :[0m I play this and rpg_mo, I was watching movies as well earlier.[0m
[00:01] [0m              Distractions[0m
[00:01] [0m[37;1mCaeli flaps :[0m I'm listening to educational channels as I'm here.[0m
[00:04] [0m[37;1mNukem flaps :[0m training cooking and fishing on the game, leveling my baby[0m
[00:04] [0m              dragon :D[0m
[00:04] [0m[37;1mCaeli flaps :[0m Speaking of game... Tomorrow is D&D day.[0m
[00:05] [0m[37;1mCaeli flaps :[0m Trying to figure outhow to convert 150 red dragonborn to my[0m
[00:05] [0m              side.[0m
[00:06] [0m[37;1mNukem flaps :[0m Bribe them with cookies? :O[0m
[00:07] [0m[37;1mCaeli flaps :[0m Thinking of bribing them with giving them to immunity to the[0m
[00:07] [0m              zombie virus that infects the world we're on.[0m
[00:09] [0m[37;1mCaeli flaps :[0m Well, that and any who decide to join my wizard school get[0m
[00:09] [0m              turned into full young tungsten dragons.[0m
[06:07] [0mYou can currently reforge 12 items.[0m
[06:07] [0mYou can currently reforge 0 items.[0m
[06:45] [0mYou can currently reforge 4 items.[0m
[07:32] [0m[31;1m[Clan] Byron :[0m anyone able tonreforge my cmc[0m
[07:39] [0m[31;1m[Clan] Dangerzone :[0m i can try[0m
[07:40] [0m[31;1m[Clan] Dangerzone :[0m cbox?[0m
[07:40] [0m[31;1m[Clan] Byron :[0m sure[0m
[07:40] [0m[31;1m[Clan] Byron :[0m brt[0m
[07:40] [0m[31;1m[Clan] Byron :[0m you need tag[0m
[07:40] [0m[31;1m[Clan] Byron :[0m do you have tag?[0m
[07:40] [0m[31;1m[Clan] Dangerzone :[0m no[0m
[07:40] [0m[31;1m[Clan] Byron :[0m nog[0m
[07:41] [0m[31;1m[Clan] Byron :[0m thanks anyways[0m
[07:41] [0m[31;1m[Clan] Byron :[0m cmc has 0 ac unless its worn[0m
[07:41] [0m[31;1m[Clan] Dangerzone :[0m ah[0m
[07:41] [0mYou can currently reforge 0 items.[0m
[07:45] [0mYou can currently reforge 4 items.[0m
[07:56] [0m<- ! The Vigilant ! -> :  A destabilization Kayos event has been detected in[0m
[07:56] [0m                          Deserts of Fantasy!  We are localizing it now -[0m
[07:56] [0m                          get ready![0m
[08:08] [0m[31;1m[Clan] Void leaves the game.[0m  [0m
[08:08] [0m[32;1mFrom afar, Metaljaz waves in your direction.[0m[0m
[08:25] [0m[31;1m[Clan] Decav leaves the game.[0m  [0m
[08:26] [0m[31;1m[Clan] Decav enters the game.[0m  [0m
[08:31] [0m[34;1mGumby shouts:[0m desert portal 4n/2w ... theme radioactive[0m
[08:31] [0m[34;1mWhoknows shouts:[0m F events[0m
[08:31] [0m[37;1mNukem flaps :[0m Evil pig: I was dreaming about my favorite food oObaconOo when[0m
[08:31] [0m              my brother painfully reminded me how long it's been since[0m
[08:31] [0m              we've last eaten. *gnawing sound*[0m
[08:44] [0m[34;1mWhoknows shouts:[0m what did i do now? i thought everything was mav's fault..[0m
[08:45] [0mYou can currently reforge 8 items.[0m
[08:57] [0m[31;1m[Clan] Byron :[0m i'm only 140bil to lvl[0m
[09:05] [0m[31;1m[Clan] Dangerzone :[0m only[0m
[09:23] [0m[37;1mGlorfindel flaps :[0m heh.. Not a single thank you.  See if I do that again.[0m
[09:23] [0m[34;1mZanadu shouts:[0m thanks![0m
[09:23] [0m[37;1mNukem flaps :[0m Was only wielding smite weapon. -.-[0m
[09:24] [0m[37;1mWhoknows flaps :[0m woohoo! Thanks![0m
[09:24] [0m[37;1mBro flaps :[0m what was that/[0m
[09:24] [0m[37;1mGumby flaps :[0m weapon nobreak boon[0m
[09:25] [0m[37;1mWhoknows flaps :[0m it made my weapon glow so now ican see in the dark[0m
[09:25] [0m[37;1mWhoknows flaps :[0m hehe[0m
[09:25] [0m[37;1mGumby flaps :[0m you can see it the dark with THAT tiny thing ?[0m
[09:25] [0m[37;1mWhoknows flaps :[0m that's the powah of the glow[0m
[09:45] [0mYou can currently reforge 12 items.[0m
[09:56] [0mYou can currently reforge 0 items.[0m
[10:30] [0m[34;1mZiphe shouts:[0m Wild Turkey YEEEEEHAW[0m
[10:30] [0m[32mKerym says: [0mWell met, Swordbrother Dangerzone, May the Seldarine's Blessings be upon you.[0m
[10:42] [0m[37;1m[JEDI]:[0m Rhaan arrives at the Academy.[0m
[10:47] [0m[34;1mPrism shouts:[0m Hi![0m
[10:47] [0m[34;1mChrys shouts:[0m woof[0m
[10:59] [0m[31;1m[Clan] Roken :[0m wubi restarted into ubuntu, but sat on a loading screen all night. I formatted[0m
[10:59] [0m               all my drives, Freshed Win10 then wubi'd. I hope to see something different[0m
[10:59] [0m               tonight. At work atm[0m
[10:59] [0m[31;1m[Clan] Taleast :[0m good luck[0m
[10:59] [0m[31;1m[Clan] Roken :[0m diskpart cleaned these drives[0m
[11:00] [0m[31;1m[Clan] Taleast :[0m hope it goes well[0m
[11:00] [0m[31;1m[Clan] Roken :[0m yep thanks.[0m
[11:06] [0m[32mErig says: [0mThank god! Someone has finally come to my rescue![0m
[11:15] [0m[37;1m[JEDI]:[0m Wennic Ber'ni'lok arrives at the Academy.[0m
[11:48] [0mnewb Purr [Newbie]: hello. i am purr, here to introduce myself![0m
[11:48] [0mnewb Inix [juggernaut/139]: welcome[0m
[11:48] [0mnewb Byron [bard/137]: meow[0m
[11:48] [0m[37;1m[JEDI]:[0m Herah Wylann arrives at the Academy.[0m
[11:49] [0mnewb Purr [Newbie]: i am happy to meet you all.[0m
[11:50] [0mnewb Gumby [cyborg/115]: howdy[0m
[11:51] [0mnewb Ziphe [priest/137]: SALUTATIONS[0m
[12:11] [0m[37;1m[JEDI]:[0m Reena Bel Noir arrives at the Academy.[0m
[12:29] [0m[34;1mEcholoc shouts:[0m woot[0m
[12:44] [0m[37;1m[JEDI]:[0m H'ssani C'talan arrives at the Academy.[0m
[12:44] [0m[37;1mNukem flaps :[0m Anyone for bbs gaming on dialup?[0m
[12:47] [0m[37;1mEcholoc flaps :[0m i am on barly better than dialup now :)[0m
[12:47] [0m[37;1mGaidin flaps :[0m Xiu wants to upgrade to dialup.[0m
[12:48] [0m[37;1mNukem flaps :[0m It is cheaper to get dsl over dialup these days[0m
[12:51] [0m[37;1mEcholoc flaps :[0m satellite baby![0m
[12:52] [0m[37;1mEcholoc flaps :[0m data caps and throtteling FTW[0m
[12:58] [0m[Auction] Robert : Up for bids: Ceramic Ring of Stoneskin.[0m
[12:58] [0m[Auction] Robert : Nukem has requested 558 as the opening offer.[0m
[12:58] [0m[Auction] Robert : Oh, come on... just 558 coins?[0m
[12:59] [0m[Auction] Robert : Got 558 from Jelly(gent).  Do I hear 608?[0m
[12:59] [0m[Auction] Robert : 558 going once![0m
[12:59] [0m[Auction] Robert : 558 going twice![0m
[12:59] [0m[Auction] Robert : Sold to Jelly for 558 coins![0m
[13:01] [0m[Auction] Robert : Up for bids: Ceramic Ring of Stoneskin.[0m
[13:01] [0m[Auction] Robert : Jelly has requested 1,000 as the opening offer.[0m
[13:01] [0m[Auction] Jelly (gent) : i did stuff to it to make it more better[0m
[13:01] [0m[Auction] Robert : Oh, come on... just 1000 coins?[0m
[13:01] [0m[Auction] Robert : Got 1,000 from Prism(gent).  Do I hear 1,050?[0m
[13:02] [0m[Auction] Robert : 1,000 going once![0m
[13:02] [0m[Auction] Robert : 1,000 going twice![0m
[13:02] [0m[Auction] Robert : Got 1,050 from Al(chan).  Do I hear 1,100?[0m
[13:02] [0m[Auction] Robert : Got 1,100 from Prism(gent).  Do I hear 1,150?[0m
[13:02] [0m[Auction] Robert : 1,100 going once![0m
[13:02] [0m[Auction] Robert : 1,100 going twice![0m
[13:02] [0m[Auction] Robert : Got 1,150 from Ser(psic).  Do I hear 1,200?[0m
[13:02] [0m[31;1m[Clan] Prism :[0m WTF SER IM GUNNA CUT YOU[0m
[13:03] [0m[Auction] Robert : 1,150 going once![0m
[13:03] [0m[31;1m[Clan] Ser :[0m who is this prism guy[0m
[13:03] [0m[Auction] Robert : 1,150 going twice![0m
[13:03] [0m[Auction] Robert : Got 5,000 from Prism(gent).  Do I hear 5,100?[0m
[13:03] [0m[31;1m[Clan] Prism :[0m call me mr moneybags[0m
[13:03] [0m[Auction] Robert : 5,000 going once![0m
[13:03] [0m[31;1m[Clan] Bruce :[0m cut you good[0m
[13:03] [0m[Auction] Ser (psic) : out, did not know prism was in clan[0m
[13:03] [0m[Auction] Robert : 5,000 going twice![0m
[13:03] [0m[Auction] Prism (gent) : I hate you[0m
[13:03] [0m[Auction] Robert : Sold to Prism for 5,000 coins![0m
[13:03] [0m[31;1m[Clan] Prism :[0m Who do I file a formal complaint with? Who is head of SoL HR?[0m
[13:04] [0m[31;1m[Clan] Bruce :[0m file it with aka[0m
[13:13] [0m[37;1mRoken flaps :[0m resetting hotel, any takers?[0m
[13:14] [0m[32mAlassra says:[0m rally? :)[0m
[13:14] [0m[33;1m[PARTY][0m Alassra joins the party.[0m
[13:14] [0m[Auction] Robert : Up for bids: A dish of food named Fire/Ele/Ice dama +1 cha.[0m
[13:14] [0m[Auction] Robert : Colson has requested 1 as the opening offer.[0m
[13:14] [0m[Auction] Robert : Got 1 from Ziphe(prie).  Do I hear 51?[0m
[13:14] [0m[Auction] Robert : 1 going once![0m
[13:14] [0m[Auction] Al (chan) : prettypony is a hero amongst men[0m
[13:15] [0m[Auction] Robert : 1 going twice![0m
[13:15] [0m[Auction] Robert : Got 51 from Al(chan).  Do I hear 101?[0m
[13:15] [0m[Auction] Robert : Got 5,000 from Ziphe(prie).  Do I hear 5,100?[0m
[13:15] [0m[Auction] Ender (jedi) : that's day4?[0m
[13:15] [0m[Auction] Al (chan) : boo![0m
[13:15] [0m[Auction] Prettypony (gent) : yes[0m
[13:15] [0m[Auction] Robert : 5,000 going once![0m
[13:15] [0m[Auction] Robert : 5,000 going twice![0m
[13:15] [0m[Auction] Robert : Sold to Ziphe for 5,000 coins![0m
[13:15] [0m[35;1mRoken [Jedi(90)]:[0m resetting hotel, any takers[0m
[13:15] [0m[35;1mEnder [Jedi(Knight)]:[0m sure[0m
[13:15] [0m[31;1m[Clan] Roken :[0m resetting hotel, any takers?[0m
[13:16] [0m[33;1m[PARTY][0m Ender joins the party.[0m
[13:16] [0m[32mPrettypony says:[0m i dont want a reset but ilu anyway[0m
[13:16] [0m[32mGore says:[0m me me[0m
[13:16] [0m[32mGore says:[0m please <3[0m
[13:16] [0m[33;1m[PARTY][0m Gore joins the party.[0m
[13:16] [0m[32mYou say:[0m prettypony pq[0m
[13:16] [0m[32mGore says:[0m he doesnt need[0m
[13:16] [0m[32mPrettypony says:[0m i dont want a reset[0m
[13:16] [0m[32mYou say:[0m k[0m
[13:16] [0m[32mPrettypony says:[0m but ilu anyway[0m
[13:17] [0m[32mYou say:[0m i read that as I will anyway[0m
[13:17] [0m[32mYou say:[0m ok well that seems to be all[0m
[13:17] [0m[33;1m[PARTY][0m Gore has quit the party.[0m
[13:17] [0m[33;1m[PARTY][0m Ender: thanks![0m
[13:17] [0m[33;1m[PARTY][0m Ender has quit the party.[0m
[13:17] [0m[33;1m[PARTY][0m Alassra has quit the party.[0m
[13:18] [0m[37;1m[JEDI]:[0m Alyssa K'tal arrives at the Academy.[0m
[13:18] [0m[31;1m[Clan] Archangel :[0m We're good.  Thanks. :)[0m
[13:18] [0m[31;1m[Clan] Roken :[0m reset done[0m
[13:18] [0m[35;1mRoken [Jedi(90)]:[0m reset done[0m
[13:18] [0m[37;1mRoken flaps :[0m reset done[0m
[13:18] [0m[31;1m[Clan] Bruce :[0m i get so lazy with hotel now that i can sit in abyss until archi/xaryl break it[0m
[13:18] [0m[31;1m[Clan] Roken :[0m 15 stats to go, awesome![0m
[13:22] [0m[35;1mInquisitor [Jedi(Knight)]:[0m Okay...  now the magic question - Will my wifi stay up?[0m
[13:28] [0m[35;1mEnder [Jedi(Knight)]:[0m heh i read wife[0m
[13:29] [0m[35;1mInquisitor [Jedi(Knight)]:[0m Interestingly enough, she's saying she's sleepy.[0m
[13:29] [0m[35;1mEnder [Jedi(Knight)]:[0m sleepy is LD so it could be true[0m
[13:29] [0m[35;1mEnder [Jedi(Knight)]:[0m but awkward since I know he's married to someone else.[0m
[13:29] [0m[35;1mWert [Jedi(Master)]:[0m sleepy is a he though[0m
[13:30] [0m[35;1mWert [Jedi(Master)]:[0m sleepy could just be lieing to you ender[0m
[13:30] [0m[35;1mEnder [Jedi(Knight)]:[0m inquisitor, are you gender swapping illegal seconds with your wife?[0m
[13:30] [0m[35;1mWert [Jedi(Master)]:[0m what do we REALLY know[0m
[13:30] [0m[35;1mInquisitor [Jedi(Knight)]:[0m her microbiology final is this week, she's kinda gassed out from[0m
[13:30] [0m                           re-reading material that was boring the first time[0m
[13:33] [0m[31;1m[Clan] Prism :[0m Anyone here know laptops?[0m
[13:33] [0m[31;1m[Clan] Taleast :[0m that's those little tables that sit over your lap so you can eat sitting on the[0m
[13:33] [0m                 couch, right?[0m
[13:39] [0m[37;1m[JEDI]:[0m Ylenic It'kla arrives at the Academy.[0m
[13:41] [0m[31;1m[Clan] Aka :[0m i think he means Jimmy Laptops, his friend from the computer store[0m
[13:45] [0m[31;1m[Clan] Roken :[0m Do you have a question or trolling for attention? :D[0m
[13:45] [0m[31;1m[Clan] Prism :[0m Oh, friend was looking for one and I know nothing about them. She wants one that[0m
[13:45] [0m               is good for streaming tv/movies and running some crafting software lol. Only[0m
[13:45] [0m               wants to spend like $4-500[0m
[13:46] [0m[31;1m[Clan] Prism :[0m I don't know anything about laptop hardware[0m
[13:46] [0m[31;1m[Clan] Taleast :[0m don't chase video capability and you'll be fine[0m
[13:47] [0m[31;1m[Clan] Taleast :[0m ram is a premium, try to find a decent amount, at least 12, and an open port[0m
[13:47] [0m                 for another stick if possible[0m
[13:47] [0m[31;1m[Clan] Roken :[0m what's the crafting software? Like CAD?[0m
[13:47] [0m[31;1m[Clan] Prism :[0m No, I think it's for actual crafts, like tshirts and shit laf[0m
[13:47] [0m[31;1m[Clan] Prism :[0m Nothing at all high tech[0m
[13:48] [0m[31;1m[Clan] Roken :[0m ok she doesn't, yep[0m
[13:48] [0m[31;1m[Clan] Taleast :[0m look for amd for good deals, like I said, ram, good processor, sounds like[0m
[13:48] [0m                 monitor isn't a huge thing for her[0m
[13:48] [0m[31;1m[Clan] Roken :[0m gee I bet a chromebook would serve her purposes[0m
[13:49] [0m[31;1m[Clan] Taleast :[0m chromebooks are really only good for browsing the web and email, I wouldn't[0m
[13:49] [0m                 suggest them even for simple programs[0m
[13:49] [0m[31;1m[Clan] Prism :[0m She said no chromebooks hah[0m
[13:49] [0m[31;1m[Clan] Roor :[0m good for school age kids[0m
[13:49] [0m[31;1m[Clan] Roor :[0m i have always liked lenovos[0m
[13:50] [0m[31;1m[Clan] Taleast :[0m most the brands have decent laptops after a certain pricepoint, who has the[0m
[13:50] [0m                 best cheap laptop shifts[0m
[13:50] [0m[31;1m[Clan] Taleast :[0m 4-500 is a difficult price range[0m
[13:50] [0m[31;1m[Clan] Taleast :[0m good luck[0m
[13:54] [0m[31;1m[Clan] Roken :[0m https://tinyurl.com/y68lh3kd[0m
[13:54] [0m[31;1m[Clan] Roken :[0m cloeset I can find on microcenter/shippable items store with 12Gigs of RAM[0m
[13:55] [0m[32mPrism tells you:[0m and this will stream stuff really easily?[0m
[13:56] [0m[37;1mGaidin flaps :[0m Zombone reset in 3 minutes[0m
[13:56] [0m[32mYou tell Prism:[0m like Netflix?[0m
[13:56] [0m[32mPrism tells you:[0m yea netflix/twitch/etc[0m
[13:56] [0m[32mYou tell Prism:[0m or hosting to twitch[0m
[13:56] [0m[32mYou tell Prism:[0m so ok just watching stuff. Ya no probs[0m
[13:56] [0m[32mPrism tells you:[0m nah she doesn't actually stream herself, just wants things to be quick when[0m
[13:56] [0m        she's watching streams and watching stuff like netflix/hulu[0m
[13:57] [0m[32;1mFrom afar, Prism beams complete happy radiance at you.[0m[0m
[13:57] [0m[32;1mFrom afar, Prism thanks you.[0m[0m
[13:58] [0m[37;1mGaidin flaps :[0m Zombie reset in 1 minute[0m
[13:59] [0m[35;1mWert [Jedi(Master)]:[0m to demonstrate the value of good gear, at boot in spirit gear kinda forged[0m
[13:59] [0m                     the first queen of hearts took me embiggen fd shields and protection, at[0m
[13:59] [0m                     this point I am dissing atk. Worth the time to get that ac[0m
[13:59] [0m[37;1mGaidin flaps :[0m DOne[0m
[14:00] [0m[37;1mNukem flaps :[0m Oops, broke it.[0m
[14:01] [0m[32mYou tell Prism:[0m 14" screen enough? She thinking of hooking it up to TV for streaming?[0m
[14:01] [0m[32mPrism tells you:[0m Honestly not sure, I'm talking to her now, will ask her[0m
[14:05] [0m[37;1m[JEDI]:[0m Durnoth arrives at the Academy.[0m
[14:07] [0m[35;1mWert [Jedi(Master)]:[0m roh in[0m
[14:07] [0m[35;1mWert [Jedi(Master)]:[0m forged even for your pleasure :P[0m
[14:10] [0m[31;1m[Clan] Roken :[0m are these any good for laptops?[0m
[14:10] [0m[31;1m[Clan] Roken :[0m https://tinyurl.com/y62npq42[0m
[14:11] [0m[31;1m[Clan] Roken :[0m https://tinyurl.com/y4a8ye5e[0m
[14:11] [0m[35;1mKsemia [Jedi(Master)]:[0m afternoon[0m
[14:12] [0m[31;1m[Clan] Ser :[0m same cpu/ram, i would grab the one w/ 256gb ssd instead of 128[0m
[14:14] [0m[31;1m[Clan] Taleast :[0m here's an example of a good one[0m
[14:14] [0m[31;1m[Clan] Taleast :[0m https://www.bestbuy.com/site/lenovo-ideapad-3-17-laptop-amd-ryzen-7-3700u-12gb-[0m
[14:14] [0m                 memory-1tb-hdd-128gb-ssd-platinum-grey/6418694.p?skuId=6418694[0m
[14:15] [0m[31;1m[Clan] Taleast :[0m ryzen 7, 12g ram, 1tb with 128 ssd hybrid[0m
[14:15] [0m[31;1m[Clan] Roken :[0m no webcam on lenovo's but ser's right[0m
[14:15] [0m[31;1m[Clan] Taleast :[0m has a webcam[0m
[14:15] [0m[31;1m[Clan] Roken :[0m on my last two recs[0m
[14:16] [0m[31;1m[Clan] Taleast :[0m I did a few days of looking around and that's what I got my daughter, it went[0m
[14:16] [0m                 up in price, but 536 is still a steal for the components[0m
[14:17] [0m[31;1m[Clan] Ser :[0m it's not a gaming pc but ::shruggies::[0m
[14:17] [0m[31;1m[Clan] Taleast :[0m we're looking for gaming PCs? I thought this was for Prism's friend?[0m
[14:17] [0m[31;1m[Clan] Ser :[0m  ¯\_(ツ)_/¯[0m
[14:18] [0m[31;1m[Clan] Prism :[0m It is![0m
[14:18] [0m[31;1m[Clan] Taleast :[0m same thing Zorbaine and I talked about though, graphics and screen refresh are[0m
[14:18] [0m                 super expensive on a laptop[0m
[14:18] [0m[31;1m[Clan] Prism :[0m That lenovo one you just linked looks really nice[0m
[14:18] [0m[31;1m[Clan] Taleast :[0m probably better to get a solid workhorse computer and then get an external[0m
[14:18] [0m                 video card, making sure the laptop can handle the throguhput for the card[0m
[14:18] [0m[31;1m[Clan] Prism :[0m the one roken linked looks good too[0m
[14:22] [0m[31;1m[Clan] Roken :[0m is there a decent gaming laptop? Throttling is my concern[0m
[14:28] [0m[31;1m[Clan] Ser :[0m yah alienware[0m
[14:28] [0m[31;1m[Clan] Ser :[0m spending 2-3k$ on a laptop will net you a decent gaming one[0m
[14:28] [0m[37;1m[JEDI]:[0m Bithoff Jonansaan arrives at the Academy.[0m
[14:38] [0m[31;1m[Clan] Roken :[0m eff that. I'd rather spend 1k "upgrading my rig" (more like replacing everything[0m
[14:38] [0m               but gpu)[0m
[14:39] [0m[31;1m[Clan] Prism :[0m I'd never buy alienware, seems like a lot of it is the name itself[0m
[14:41] [0m[31;1m[Clan] Roken :[0m ^^[0m
[14:43] [0m[34;1mTex shouts:[0m any of you bs people want to help get day 4 tag for cmc please[0m
[14:45] [0m[31;1m[Clan] Taleast :[0m so, here's the thing[0m
[14:46] [0m[31;1m[Clan] Taleast :[0m I forgot about this place, but it requires direct payment generally, so most[0m
[14:46] [0m                 people don't like it[0m
[14:46] [0m[31;1m[Clan] Aka :[0m escort service?[0m
[14:47] [0m[31;1m[Clan] Taleast :[0m looking for it, they're a supplier, they actually supply the hardware to most[0m
[14:47] [0m                 brand-name companies[0m
[14:47] [0m[31;1m[Clan] Taleast :[0m who just rebrand it[0m
[14:47] [0m[31;1m[Clan] Taleast :[0m here we go[0m
[14:47] [0m[31;1m[Clan] Taleast :[0m https://xoticpc.com/[0m
[14:48] [0m[31;1m[Clan] Taleast :[0m now, you still might find better stuff in brick-n-mortar stores[0m
[14:48] [0m[31;1m[Clan] Taleast :[0m I'd suggest cheap laptops from bestbuy or something for Prism[0m
[14:48] [0m[31;1m[Clan] Taleast :[0m for someone looking for a beast of a laptop though, this is the place I'd[0m
[14:48] [0m                 suggest looking[0m
[14:52] [0m[31;1m[Clan] Taleast :[0m sager is the brand I'm talking about, that's the manufacturer for things like[0m
[14:52] [0m                 dell, w[0m
[14:52] [0m[31;1m[Clan] Taleast :[0m sorry, was trying to find the list, got distracted[0m
[14:54] [0m[31;1m[Clan] Taleast :[0m I can't find the list easily anymore it seems[0m
[14:55] [0m[31;1m[Clan] Taleast :[0m sager/clevo are the brands though, clevo is bare bones for other companies to[0m
[14:55] [0m                 build custom stuff with, sager is full-fledged laptop[0m
[14:56] [0m[31;1m[Clan] Taleast :[0m to be clear, I don't mean xotic makes sager, but they sell direct-supplier[0m
[14:56] [0m                 laptops, so they're generally cheaper for the high-end than you'd find through[0m
[14:56] [0m                 a more well-known brand[0m
[14:56] [0m[31;1m[Clan] Taleast :[0m I will now stop talking about laptops for everyone's sanity[0m
[14:59] [0m[Auction] Robert : Up for bids: Quesadilla Codpiece (massive).[0m
[14:59] [0m[Auction] Robert : Fluffy has requested 69 as the opening offer.[0m
[15:00] [0m[Auction] Gaidin (prie) : A codpiece!  Smee, he called me a Codpiece![0m
[15:00] [0m[Auction] Robert : Oh, come on... just 69 coins?[0m
[15:00] [0m[Auction] Robert : Fine, bollocks to the lot of you[0m
[15:00] [0m[37;1m[JEDI]:[0m Kerran Halcyon arrives at the Academy.[0m
[15:13] [0m[31;1m[Clan] Ser :[0m still minimum of 2k for a build w a 2080 in it[0m
[15:16] [0m[31;1m[Clan] Sparkie :[0m my asus rog was rig at 2k with shipping, and its got a 2070[0m
[15:17] [0m[31;1m[Clan] Taleast :[0m big difference between 2070 and 2080 though[0m
[15:17] [0m[31;1m[Clan] Taleast :[0m you're better off waiting for the newer chipsets though[0m
[15:17] [0m[31;1m[Clan] Sparkie :[0m as long as it performs well enough for the games i want to play, i can live[0m
[15:17] [0m                 with it[0m
[15:17] [0m[31;1m[Clan] Sparkie :[0m eh i bought this just before the desktop 3k line was announced.[0m
[15:18] [0m[31;1m[Clan] Taleast :[0m oh I understand that, I'm mainly saying this for folks looking to buy a laptop[0m
[15:18] [0m[31;1m[Clan] Sparkie :[0m absolutelly[0m
[15:18] [0m[31;1m[Clan] Taleast :[0m there's such an extreme difference in graphics performance[0m
[15:18] [0m[31;1m[Clan] Sparkie :[0m and yeah, i felt cheated by the announcement but it will be awhile before[0m
[15:18] [0m                 laptops have 3k cards in them[0m
[15:18] [0m[31;1m[Clan] Taleast :[0m more so than the last several chipsets[0m
[15:18] [0m[31;1m[Clan] Taleast :[0m yeah, that sucks[0m
[15:19] [0m[31;1m[Clan] Sparkie :[0m and yeah, i felt cheated by the announcement but it will be awhile before[0m
[15:19] [0m                 laptops have 3k cards in them[0m
[15:19] [0m[31;1m[Clan] Sparkie :[0m blah[0m
[15:19] [0m[31;1m[Clan] Sparkie :[0m if i needed to squeeze power out of the card, i would hve a desktop anyway. :)[0m
[15:20] [0m[31;1m[Clan] Taleast :[0m I plan to buy an external video card casing next time I want a powerful gaming[0m
[15:20] [0m                 laptop[0m
[15:20] [0m[31;1m[Clan] Taleast :[0m I'm tired of chasing the multi-thousand dollar laptops[0m
[15:21] [0m[31;1m[Clan] Taleast :[0m you still have to make sure the laptop is capable of that level of throughput,[0m
[15:21] [0m                 but if it is, you're saving yourself potentially thousands[0m
[15:21] [0m[31;1m[Clan] Taleast :[0m and you can use it on your desktop still[0m
[15:22] [0m[31;1m[Clan] Taleast :[0m plus heat is less an issue, power draw (can plug it in separate in many cases)[0m
[15:22] [0m[31;1m[Clan] Sparkie :[0m yeah, part of where the appeal of the exteriour video cards comes[0m
[15:22] [0m[31;1m[Clan] Sparkie :[0m yeah, part of where the appeal of the exteriour video cards comes[0m
[15:22] [0m[31;1m[Clan] Sparkie :[0m bah[0m
[15:22] [0m[31;1m[Clan] Sparkie :[0m can plug a desktop card in basically[0m
[15:23] [0m[31;1m[Clan] Taleast :[0m although I know a few laptop manufacturers are taking modular capability much[0m
[15:23] [0m                 more seriously now[0m
[15:25] [0m[31;1m[Clan] Sparkie :[0m while i get that laptops can be way more expensive to keep up with. I like how[0m
[15:25] [0m                 i can just pick it up and go somewhere else in the house if i need to.[0m
[15:27] [0m[37;1m[JEDI]:[0m Talia Ska arrives at the Academy.[0m
[15:32] [0msRPDFd  Wm:g Wc: 72% Gx: 62.40% Fx: 49.58%[0m
[15:34] [0m[37;1mLongfellow <.oO>:[0m does eternal gobj deactivate if you xrlevel?[0m
[15:35] [0m[37;1mTaleast <.oO>:[0m no idea, would be interested to find out as well, gut tells me yes[0m
[15:36] [0m[37;1mLongfellow <.oO>:[0m yeah, mine too[0m
[15:36] [0m[37;1mGaidin <.oO>:[0m Personally, I'd guess no just because the lazy coder in me would assume they have[0m
[15:36] [0m              they object they're already 111[0m
[15:37] [0m[34;1mHooligan shouts:[0m sombie reset incoming[0m
[15:50] [0mYou can currently reforge 0 items.[0m
[15:50] [0m[34;1mTex shouts:[0m in your head in your head zombie zombie zombie hey hey hey in[0m
[15:50] [0m            your heeeeeeaaaaaaaaaaad[0m
[15:53] [0m[34;1mTex shouts:[0m i did cover it: https://tinyurl.com/mycoverzombie[0m
[16:00] [0m[Auction] Space (necr) : so[0m
[16:00] [0m[Auction] Space (necr) : You may not copy a copy.[0m
[16:00] [0m[Auction] Ziphe (prie) : someone MESSED UP[0m
[16:00] [0m[Auction] Space (necr) : i keep this right? cos Tex can keep his OG apart[0m
[16:00] [0m                         from his dups ?[0m
[16:00] [0m[Auction] Space (necr) : *cant[0m
[16:01] [0m[Auction] Gaidin (prie) : Gee, it would be NICE if the wizards would at[0m
[16:01] [0m                          least add a tag to dupes![0m
[16:01] [0m[Auction] Zik (jugg) : im still waitin for the finished oak cabinent[0m
[16:01] [0m[Auction] Gaidin (prie) : I mean, c'mon, we're playing nice using the AH[0m
[16:01] [0m                          because they refused to give us a cabinet.  Meet[0m
[16:01] [0m                          us halfway.[0m
[16:02] [0m[Auction] Zik (jugg) : im not in it just for the ease of use, but the legacy[0m
[16:02] [0m                       of 3ks boob phrase[0m
[16:03] [0m[Auction] Zik (jugg) : hmm, really thought itd insert it for that[0m
[16:03] [0m[Auction] Ksemia (jedi) : one can not finish an oak cabinet in a single[0m
[16:03] [0m                          day...[0m
[16:03] [0m[Auction] Zik (jugg) : legacy ruint![0m
[16:04] [0m[Auction] Wert (jedi) : could just allow us to dupe a dupe, no need for[0m
[16:04] [0m                        people to care who has og anymore[0m
[16:04] [0mYou can currently reforge 4 items.[0m
[16:05] [0m[Auction] Ziphe (prie) : your solutions are way too logical and efficient.[0m
[16:05] [0m[Auction] Ziphe (prie) : it needs to be *difficult*[0m
[16:06] [0m[Auction] Aka (gent) : there has to be a modicum of suffering involved or[0m
[16:06] [0m                       they don't get their tears quota met[0m
[16:06] [0m[Auction] Wert (jedi) : tears of joy? might be worth more[0m
[16:06] [0m[Auction] Taleast (gent) : from what I've gleaned over the last few[0m
[16:06] [0m                           discussions, the wizards don't want to make it[0m
[16:06] [0m                           any easier than they already have for people to[0m
[16:06] [0m                           have what was once rare. Not that they've said[0m
[16:06] [0m                           that (I haven't seen them say it), just their[0m
[16:06] [0m                           general reaction to such suggestions.[0m
[16:07] [0m[Auction] Gaidin (prie) : It's been, what, three boots now and the AH route[0m
[16:07] [0m                          has largely worked, right?[0m
[16:07] [0m[Auction] Aka (gent) : don't eat the fruit from the devil's appletree[0m
[16:07] [0m[Auction] Space (necr) : guys lets not blame TPTB this here is totally[0m
[16:07] [0m                         player fault[0m
[16:07] [0m[Auction] Aka (gent) : AH is the cabinet WE made haha and it has been[0m
[16:07] [0m                       working[0m
[16:08] [0m[Auction] Ziphe (prie) : uh oh space is going religious[0m
[16:08] [0m[Auction] Gaidin (prie) : Space, hang on.[0m
[16:08] [0m[Auction] Gaidin (prie) : Now that we've shown we can play nice and make it[0m
[16:08] [0m                          work, maybe they'll help us out.[0m
[16:08] [0m[Auction] Ziphe (prie) : whoops aka not space my bad[0m
[16:08] [0m[Auction] Aka (gent) : [they won't][0m
[16:09] [0m[Auction] Gaidin (prie) : Just ask that they add a bit to the long or short[0m
[16:09] [0m                          that shows it's duped[0m
[16:09] [0m[Auction] Gaidin (prie) : That's it.[0m
[16:09] [0m[Auction] Echoloc (jugg) : someone wiz and build it :P[0m
[16:09] [0m[Auction] Gaidin (prie) : We could do that oursleves, to[0m
[16:09] [0m[Auction] Jelly (gent) : i vote for you echoloc[0m
[16:09] [0m[Auction] Aka (gent) : couple guilds can add a message to item right?[0m
[16:09] [0m[Auction] Zik (jugg) : add a (1) and increase it each time![0m
[16:10] [0m[Auction] Gaidin (prie) : If I thought for a heartbeat that I could make[0m
[16:10] [0m                          that kind of change, I'd wiz in a heartbeat.[0m
[16:10] [0m[Auction] Gaidin (prie) : And I used heartbeat twice.[0m
[16:10] [0m[Auction] Chrys (frem) : can you feather touch the original to identify it?[0m
[16:10] [0m[Auction] Gaidin (prie) : I'm shit at writing area.  I've a wizardling area[0m
[16:10] [0m                          that I just stare at for ages to prove it.[0m
[16:10] [0m[Auction] Space (necr) : Tex be idle, I will sring2 this, and dup him one,[0m
[16:10] [0m                         when he unidles and take it upon myself to auction[0m
[16:10] [0m                         og since Tex cant[0m
[16:11] [0m[Auction] Gaidin (prie) : Give it to your dog and it will append {chewed} to[0m
[16:11] [0m                          the short[0m
[16:11] [0m[Auction] Taleast (gent) : I'm not blaming The Powers That Be, the wizards[0m
[16:11] [0m                           I've seen talk about it have liked the AH[0m
[16:11] [0m                           solution, as long as people aren't taking swipes[0m
[16:11] [0m                           at other people. I'm saying they don't appear to[0m
[16:11] [0m                           want to code anything else that makes it easier[0m
[16:11] [0m                           to share OG.[0m
[16:11] [0m[Auction] Taleast (gent) : not sure how the focus of my statement was[0m
[16:11] [0m                           twisted[0m
[16:14] [0m[Auction] Echoloc (jugg) : doenst the AH reset the item when sold?[0m
[16:21] [0m[34;1mTex shouts:[0m zik is saying wierd stuff to me[0m
[16:24] [0m[34;1mEllegon shouts:[0m when socially autistics flirt...[0m
[16:24] [0m[34;1mGaidin shouts:[0m Uh, don't we just say mudmarry?[0m
[16:30] [0m[37;1mSpace flaps :[0m PSA: Breeds can add inscription to items, look up a friendly[0m
[16:30] [0m              breed to add OG tag to items before 10/11 coin ahouse, if you[0m
[16:30] [0m              can, thanks[0m
[16:30] [0m[34;1mSpace shouts:[0m PSA: Breeds can add inscription to items, look up a friendly[0m
[16:30] [0m              breed to add OG tag to items before 10/11 coin ahouse, if you[0m
[16:30] [0m              can, thanks[0m
[16:52] [0mnewb Axeile [adventurer/5]: hi everyone, so game seems good but i don't like[0m
[16:52] [0m                            scifi. is is possible to play this game a avoid[0m
[16:52] [0m                            the scifi parts?[0m
[16:53] [0mnewb Gaidin [priest/134]: Are you the person who posted on reddit yesterday?[0m
[16:53] [0mnewb Gaidin [priest/134]: Saw you found is[0m
[16:53] [0mnewb Gaidin [priest/134]: us[0m
[16:53] [0mnewb Gaidin [priest/134]: BUt, yes, you can avoid it if you want to[0m
[16:53] [0mnewb Plankton [cyborg/75]: Fantasy realm is pretty massive.[0m
[16:53] [0mnewb Axeile [adventurer/5]: which person? i post on Reddit everday tbh[0m
[16:54] [0mnewb Gaidin [priest/134]: Someone posted on reddit yesterday about finding[0m
[16:54] [0m                          3k but not liking sci-fi[0m
[16:54] [0mnewb Echoloc [juggernaut/111]: you can avoid going into the area if you[0m
[16:54] [0m                               choose. but you can not completely avoid it.[0m
[16:54] [0m                               as there are other players :)[0m
[16:55] [0mnewb Axeile [adventurer/5]: i don't mind what other players do, but will i[0m
[16:55] [0m                            have to do the same things as them?[0m
[16:55] [0mnewb Glorfindel [Wizard]: Axeile, I played on 3k back in the 90s... I think[0m
[16:55] [0m                          I entered science fewer than 20 times overall.. [0m
[16:55] [0m                          Chaos and Fantasy are large enough that you'll not[0m
[16:55] [0m                          miss it if you don't like scifi themes. :)[0m
[16:55] [0mnewb Ellegon [juggernaut/114]: 2Kingdoms... avoid? kind of hard to avoid[0m
[16:55] [0m                               there being guns for sale at the shop, and a[0m
[16:55] [0m                               Juggernaught or Cyborg walking past you. But[0m
[16:55] [0m                               you can wear magic armour and wield swords[0m
[16:55] [0m                               and not set food into the Science realm i[0m
[16:55] [0m                               guess.[0m
[16:55] [0mnewb Gaidin [priest/134]: You can join a non-sci-fi-themed guild (which[0m
[16:55] [0m                          there are many) and avoid the science kingdom[0m
[16:55] [0m                          (and, frankly, it's the least popular kingdom) and[0m
[16:55] [0m                          get by fine.[0m
[16:56] [0mnewb Prettypony [gentech/133]: i dont really notice the sci fi and im in a[0m
[16:56] [0m                               sci fi guild :)[0m
[16:56] [0m[34;1mSpace shouts:[0m Run, Rabbit run, dig that hole, forget the sun, And when at[0m
[16:56] [0m              last the work is done, don't sit down, its time to dig another[0m
[16:56] [0m              one, for long you live, and high you fly, But only if you ride[0m
[16:56] [0m              the tide, And balanced on the biggest wave, You race towards[0m
[16:56] [0m              and early grave[0m
[16:56] [0mnewb Plankton [cyborg/75]: Fantasy is where the magic happens.[0m
[16:56] [0mnewb Gumby [cyborg/115]: we have a sci-fi area ? *wink wink*[0m
[16:56] [0mnewb Chrys [fremen/100]: I think I forgot science exists:)[0m
[16:57] [0mnewb Axeile [adventurer/5]: sounds great. so basically stsy in a few places,[0m
[16:57] [0m                            guilds and such. okay think i got it[0m
[16:57] [0m[31;1m[Clan] Decav :[0m anyone remember what the exit area in hell looks like?[0m
[16:57] [0mnewb Gaidin [priest/134]: Really, we're trying to get you to stick around. [0m
[16:57] [0m                          There are a lot of classical fantasy options if[0m
[16:57] [0m                          that's your jam.[0m
[16:57] [0m[31;1m[Clan] Prism :[0m He's stuck in there and I've only been once so I'm of no help[0m
[16:57] [0mnewb Glorfindel [Wizard]: By lots we mean WAY LOTS.[0m
[16:57] [0mnewb Chrys [fremen/100]: nog fun guilds galore[0m
[16:58] [0mnewb Glorfindel [Wizard]: frankly, I just discovered an absolutely enormous[0m
[16:58] [0m                          area in Fantasy this week.. and I thought I knew[0m
[16:58] [0m                          fantasy pretty well[0m
[16:58] [0mnewb Chrys [fremen/100]: chaos has pretty much been my favorite over all,[0m
[16:58] [0m                         but magic rocks as well[0m
[16:58] [0mnewb Plankton [cyborg/75]: Nog, I spent most of my time in Chaos.[0m
[16:58] [0mnewb Gumby [cyborg/115]: you can find a bunch of fantasy subarea ...  48181[0m
[16:58] [0m                         rooms total atm[0m
[16:58] [0mnewb Gaidin [priest/134]: If you want to *be* fantasy themed, priests,[0m
[16:58] [0m                          mages, and necromancers are pretty solid fantasy[0m
[16:58] [0m                          theme.[0m
[16:58] [0mnewb Axeile [adventurer/5]: mayt in time I'll check others, but for now id[0m
[16:58] [0m                            prefer fantasy /magic[0m
[16:59] [0mnewb Zanadu [gentech/137]: i go to one place in science, stay in chais[0m
[16:59] [0m                           otherwise[0m
[16:59] [0mnewb Gumby [cyborg/115]: research and find yourself a guild to try[0m
[16:59] [0mnewb Ellegon [juggernaut/114]: Or knights since theyre fantasy, just not[0m
[16:59] [0m                               magical.[0m
[16:59] [0mnewb Gaidin [priest/134]: But choosing a fantasy guild (class) doesn't[0m
[16:59] [0m                          exclude you from going anywhere you want someday.[0m
[16:59] [0mnewb Glorfindel [Wizard]: Research the guilds and ask for advice.  Mages,[0m
[16:59] [0m                          for example, are really excellent.. but definitely[0m
[16:59] [0m                          require effort.[0m
[16:59] [0m[31;1m[Clan] Taleast :[0m sorry, I've been there infrequently as well[0m
[16:59] [0m[31;1m[Clan] Taleast :[0m how'd you get there?[0m
[17:00] [0mnewb Gaidin [priest/134]: Forgot kniggits.  And Bladesingers, too[0m
[17:00] [0mnewb Axeile [adventurer/5]: great si how would i become a mage here? a[0m
[17:00] [0m                            guild?[0m
[17:00] [0mnewb Gumby [cyborg/115]: mage guild entrance is on west side of town .. dmap[0m
[17:00] [0m                         pinc[0m
[17:00] [0m[31;1m[Clan] Byron :[0m hmmm[0m
[17:01] [0m[31;1m[Clan] Byron :[0m i can grab you[0m
[17:01] [0m[31;1m[Clan] Byron :[0m still there?[0m
[17:01] [0m[31;1m[Clan] Decav :[0m yea[0m
[17:01] [0mnewb Ziphe [priest/137]: for a map of town type dmap pinc[0m
[17:01] [0mnewb Ellegon [juggernaut/114]: Yes, all of your abilities / powers come from[0m
[17:01] [0m                               your guild choice. and you can leave guilds[0m
[17:01] [0m                               at a cost, if you change your mind.[0m
[17:01] [0mnewb Glorfindel [Wizard]: Mages are very very rich thematicaly[0m
[17:01] [0mnewb Chrys [fremen/100]: think there is no cost anymore[0m
[17:02] [0mnewb Whoknows [priest/134]: or press big red button, instant lvl 50,[0m
[17:02] [0m                            spawnsecond[0m
[17:02] [0mnewb Ksemia [jedi/124]: very few choices are permanent, regardless.[0m
[17:02] [0mnewb Ellegon [juggernaut/114]: or if you get to certain benchmarks, you are[0m
[17:02] [0m                               able to start multiple toons.[0m
[17:02] [0m[31;1m[Clan] Byron :[0m dont move[0m
[17:02] [0mnewb Whoknows [priest/134]: well pree big red button 1000 times[0m
[17:02] [0m[31;1m[Clan] Byron :[0m gonna teleport to you[0m
[17:02] [0mnewb Chrys [fremen/100]: wouldn't suggest using big red button if first[0m
[17:02] [0m                         starting[0m
[17:02] [0mnewb Chrys [fremen/100]: or at least don't level a ton, so you can use[0m
[17:02] [0m                         dungeons etc easier[0m
[17:02] [0m[31;1m[Clan] Prism :[0m Byron you're such a sweetheart[0m
[17:03] [0m[31;1m[Clan] Taleast :[0m OK, now[0m
[17:03] [0m[31;1m[Clan] Taleast :[0m RUN AWAY![0m
[17:03] [0m[31;1m[Clan] Byron :[0m shit[0m
[17:03] [0mnewb Glorfindel [Wizard]: big red button can get you in trouble when you're[0m
[17:03] [0m                          brand new[0m
[17:03] [0m[31;1m[Clan] Byron :[0m you messed up my room finding thing[0m
[17:03] [0m[31;1m[Clan] Byron :[0m do you know the alternate directions?[0m
[17:03] [0mnewb Chrys [fremen/100]: nog[0m
[17:03] [0m[31;1m[Clan] Taleast :[0m what, me?[0m
[17:03] [0m[31;1m[Clan] Decav :[0m anotherway <> yonder[0m
[17:03] [0m[31;1m[Clan] Byron :[0m give me the pairs[0m
[17:03] [0m[31;1m[Clan] Decav :[0m overhere <> thisway[0m
[17:03] [0mnewb Glorfindel [Wizard]: Many things scale based on your mortal level...[0m
[17:03] [0m                          And your guild level will be dramatically lower[0m
[17:03] [0m[31;1m[Clan] Decav :[0m overthere <> thatway[0m
[17:04] [0mYou can currently reforge 8 items.[0m
[17:04] [0mnewb Elminster [mage/139]: also, real life big red buttons might be bad, if[0m
[17:04] [0m                           you dont know what they do[0m
[17:04] [0mnewb Axeile [adventurer/5]: okay how do i train int then?[0m
[17:04] [0mnewb Chrys [fremen/100]: advance int:)[0m
[17:04] [0mnewb Din [bladesinger/132]: guild level determines your abilities and[0m
[17:04] [0m                            capabilities, what you can handle combat-wise,[0m
[17:04] [0m                            but player level determines what level of[0m
[17:04] [0m                            dungeon you can enter, so having lvl really high[0m
[17:04] [0m                            and glvl really low is a problem[0m
[17:04] [0mnewb Gumby [cyborg/115]: advance <stat> .. or just advance ... to level[0m
[17:05] [0mnewb Glorfindel [Wizard]: wow.. congrats on making it to level 5 without[0m
[17:05] [0m                          advancing stats.  That must have been some work.[0m
[17:05] [0mnewb Gumby [cyborg/115]: rcost <-- show you how much to raise/how many stats[0m
[17:05] [0m                         available and level cost[0m
[17:05] [0mnewb Din [bladesinger/132]: though you don't have to go to dungeons (which[0m
[17:05] [0m                            are instances of an area that's exclusive to[0m
[17:05] [0m                            you, based on a set 'scaler' level based on your[0m
[17:05] [0m                            player level), there are thousands of[0m
[17:05] [0m                            non-dungeon areas[0m
[17:05] [0mnewb Din [bladesinger/132]: well, many hundreds, with many thousands of[0m
[17:05] [0m                            rooms[0m
[17:05] [0mnewb Chrys [fremen/100]: nog especially early on, there is a help file that[0m
[17:05] [0m                         lists areas as well[0m
[17:05] [0mnewb Plankton [cyborg/75]: best part of being new is getting to experience[0m
[17:05] [0m                           the areas as they were intended.[0m
[17:06] [0mnewb Chrys [fremen/100]: but also tons of us will suggest areas as well if[0m
[17:06] [0m                         you ask[0m
[17:06] [0m[31;1m[Clan] Byron :[0m portal[0m
[17:06] [0mnewb Gumby [cyborg/115]: 'help areadirections'[0m
[17:06] [0mnewb Axeile [adventurer/5]: okay think i get the idea for niw[0m
[17:07] [0m[31;1m[Clan] Byron :[0m i can exlain how it all works in the future[0m
[17:07] [0m[31;1m[Clan] Byron :[0m but eating dinner and about to play cards[0m
[17:08] [0m[31;1m[Clan] Decav :[0m haha sure, wouldnt mind a primer. im sure i will end up there[0m
[17:08] [0m               again in trying to explore UD[0m
[17:22] [0m[34;1mTex shouts:[0m IIIIIIIIIIII wanna knowwww, TELL ME oh wait never mind didnt[0m
[17:22] [0m            need to know that i take it back dont tell me runs away[0m
[17:22] [0m[34;1mLocrian shouts:[0m Yes, it rained just yesterday.[0m
[18:43] [0m[34;1mPlankton shouts:[0m awww, hardcore rip[0m
[18:44] [0m[34;1mChrys shouts:[0m oh jesus 1 below 100 too[0m
[18:44] [0m[34;1mLocrian shouts:[0m I'm heartbroken for her.[0m
[18:45] [0m[37;1mEcholoc flaps :[0m Elemental Lens (radiant) at SS[0m
[19:04] [0m[31;1m[Clan] Dangerzone :[0m can i reinstall wubi?[0m
[19:06] [0mYou can currently reforge 12 items.[0m
[19:06] [0m[31;1m[Clan] Dangerzone :[0m or move its mount / swap destination? windows disobeyed[0m
[19:06] [0m                    my drive selection by using a different drive of the 4[0m
[19:06] [0m                    connected[0m
[19:08] [0m[31;1m[Clan] Ser :[0m why dont you use virtualbox[0m
[19:08] [0m[31;1m[Clan] Ser :[0m or a VM of some sort instead[0m
[19:10] [0m[37;1mNukem flaps :[0m Lets rock![0m
[19:10] [0m[37;1mChrys flaps :[0m and Rule!! (Really bad animated movie)[0m
[19:29] [0m[34;1mNightrider shouts:[0m le moo?[0m
[19:30] [0m[34;1mChrys shouts:[0m le dinnar[0m
[19:30] [0m[34;1mZik shouts:[0m la bok[0m
[19:42] [0m[34;1mEnder shouts:[0m You smell like beef and cheese, you don't smell like Santa![0m
[19:42] [0m[34;1mChrys shouts:[0m That's cause Santa BBQ'd some reindeer:)[0m
[19:43] [0m[31;1m[Clan] Dangerzone :[0m because the enviroment is better outside vm[0m
[19:54] [0m[37;1mChrys flaps :[0m tis a tale of 2 zombies, of brains they had none, so they[0m
[19:54] [0m              searching for a human who couldn't run, they found a mc[0m
[19:54] [0m              donalds, fast food it was not, the zombies sure at, a lot.[0m
[19:55] [0m[37;1mChrys flaps :[0m it would be cool if you had to make poetry (bad or otherwise)[0m
[19:55] [0m              before gaining a glvl in bards:)[0m
[19:55] [0m[37;1mEcholoc flaps :[0m level level leve level me up, done[0m
[19:56] [0m[37;1mChrys flaps :[0m lol[0m
[19:56] [0m[37;1mMalice flaps :[0m doth Chrys ever miss...a chance to shut-up, before the bards[0m
[19:56] [0m               must up-chuck...[0m
[19:57] [0m[37;1mJaeger flaps :[0m [10][0m
[19:58] [0m[37;1mChrys flaps :[0m (9)[0m
[19:58] [0m[37;1mMalice flaps :[0m 9 is still good!!![0m
[19:58] [0m[37;1mEcholoc flaps :[0m doth thou even level, sibling[0m
[19:59] [0m[37;1mChrys flaps :[0m one could argue 9 is better than 10 because there is still[0m
[19:59] [0m              room for improvement, something to strive for, 10 is just[0m
[19:59] [0m              done.[0m
[19:59] [0m[37;1mMalice flaps :[0m mic drop, i'm done![0m
[20:06] [0mYou can currently reforge 12 items.[0m
[20:07] [0m[37;1mNukem flaps :[0m Ooops I spilled your beer.[0m
[20:07] [0m[37;1mChrys flaps :[0m that wasn't beer[0m
[20:07] [0m[37;1mNukem flaps :[0m Well the dog likes it.[0m
[20:12] [0m[31;1m[Clan] Dangerzone :[0m wubi installed successfully so far yay[0m
[20:14] [0m[31;1m[Clan] Byron :[0m woot[0m
[20:16] [0m[31;1m[Clan] Byron :[0m 1st time w linux?[0m
[20:19] [0m[37;1mMalice flaps :[0m Hardcore, hardcore, what'cha gonna do? What'cha gonna do when[0m
[20:19] [0m               we come for you?![0m
[20:29] [0m[37;1mChrys flaps :[0m hardcore bard boot, everyone logs in as a fresh char,[0m
[20:29] [0m              mandatory hardcore and only can join bards guild. Highest 5[0m
[20:29] [0m              players get prizes:)[0m
[20:30] [0m[37;1mPrismal flaps :[0m you need to pick a guild that no one knows, like breeds[0m
[20:30] [0m[37;1mChrys flaps :[0m it could be a diff guild each time, but yeah, would just be[0m
[20:30] [0m              fun[0m
[20:30] [0m[37;1mAlassra flaps :[0m Sorcerer![0m
[20:30] [0m[37;1mChrys flaps :[0m maybe bring back old guilds too , like witches/marines/animals[0m
[20:30] [0m              etc[0m
[20:30] [0m[37;1mMalice flaps :[0m make it a quick guild....everyones a sorcerer![0m
[20:31] [0m[37;1mChrys flaps :[0m cept nobody would wanna stop playing witches[0m
[20:33] [0m[37;1mEcholoc flaps :[0m OG jugger! ;)[0m
[20:33] [0m[37;1mChrys flaps :[0m reflect damage ftw[0m
[20:35] [0m[37;1mNukem flaps :[0m https://www.youtube.com/watch?v=JMJh_KXiGKU&t=29s You can't[0m
[20:35] [0m              even mug a chicken![0m
[20:36] [0m[37;1mEcholoc flaps :[0m Microwave fry![0m
[20:36] [0m[37;1mChrys flaps :[0m bender aproves[0m
[20:56] [0m[31;1m[Clan] Dangerzone :[0m so far staying this loading screen after it loaded the[0m
[20:56] [0m                    partial desktop[0m
[20:57] [0mYou can currently reforge 0 items.[0m
[20:58] [0m[31;1m[Clan] Roor :[0m yessir moving pretty good on this gl[0m
[20:59] [0m[31;1m[Clan] Roor :[0m wl[0m
[21:06] [0mYou can currently reforge 4 items.[0m
[21:15] [0m[37;1mAl flaps :[0m does anyone know the hotel transylvania 2 vampire scaling[0m
[21:15] [0m           breakpoints for mob class?[0m
[21:16] [0m[37;1mMalice flaps :[0m http://3kwiki.com/wiki/index.php/Hotel_Transylvania[0m
[21:16] [0m[37;1mMalice flaps :[0m that?[0m
[21:16] [0m[37;1mAl flaps :[0m repeat VAMPIRE scaling breakpoints :)[0m
[21:16] [0m[37;1mMalice flaps :[0m curses[0m
[21:16] [0m[37;1mAl flaps :[0m i know that one :)[0m
[21:16] [0m[37;1mAl flaps :[0m i even checked it for vamps, lol[0m
[21:17] [0m[37;1mAl flaps :[0m thatnks for trying.  any clue on the other though?[0m
[21:17] [0m[37;1mSpace flaps :[0m 115 is 10.6 - 10.8 mil zombies, vampires 15 mil[0m
[21:17] [0m[37;1mMalice flaps :[0m i see hotel transylvania and scaling and that's where i[0m
[21:17] [0m               go.... :p it's like all other thinking turns off.[0m
[21:17] [0m[37;1mNukem flaps :[0m 115 is where I got my arch[0m
[21:17] [0m[37;1mStasis flaps :[0m those are the OG vamps[0m
[21:17] [0m[37;1mSpace flaps :[0m ah[0m
[21:18] [0m[37;1mSpace flaps :[0m I say we assign Al into gathering lower scaler intel on vamps,[0m
[21:18] [0m              so when he needs to use it in the future, he would have that[0m
[21:18] [0m              data[0m
[21:18] [0m[37;1mStasis flaps :[0m what class you after, Al?[0m
[21:19] [0m[37;1mAl flaps :[0m i might have no choice, but then i'd have to stop gxping to do[0m
[21:19] [0m           that.  i volunteer everyone's dungeon resets for me![0m
[21:20] [0m[37;1mAl flaps :[0m i'm really just gunning for something i can tank.  not sure what[0m
[21:20] [0m           that looks like if i have hitters, so i was thinking scaler[0m
[21:20] [0m           117-118 might be similar[0m
[21:22] [0m[37;1mSpace flaps :[0m Al, you asked about specific scaler #s right? then stop being[0m
[21:22] [0m              vague yourself and be specific about what class mobs are you[0m
[21:22] [0m              looking to kill, cos if not vamps maybe you can find the right[0m
[21:22] [0m              size in treehouse[0m
[21:23] [0m[37;1mStasis flaps :[0m he doesn't want to get DG'ed, so he's pretending he can't[0m
[21:23] [0m               tank 580Ms in his sleep[0m
[21:24] [0m[37;1mAl flaps :[0m laf, idk what i can tank.  maybe 50m?[0m
[21:24] [0m[37;1mSpace flaps :[0m  so start with scaler 135 treehouse[0m
[21:24] [0m[37;1mSpace flaps :[0m smallest mob there is 55m[0m
[21:24] [0m[37;1mAl flaps :[0m maybe up to 100m?[0m
[21:25] [0m[37;1mSpace flaps :[0m lod and terra will be 100m-250m[0m
[21:25] [0m[37;1mAl flaps :[0m but those vamps tho![0m
[21:25] [0m[37;1mTaleast flaps :[0m but damn those specials[0m
[21:25] [0m[37;1mSpace flaps :[0m otherwise range will be 55m-75m[0m
[21:25] [0m[37;1mStasis flaps :[0m try and solo your minimum vambie scaler to test tankiness[0m
[21:25] [0m[37;1mAl flaps :[0m seems like that's what i'll have to do[0m
[21:25] [0m[37;1mStasis flaps :[0m i'm sure the smallest will be pretty big[0m
[21:25] [0m[37;1mSpace flaps :[0m i dont understand the vampire obsession but whatever[0m
[21:26] [0m[37;1mStasis flaps :[0m i blame tom cruise[0m
[21:26] [0m[37;1mSpace flaps :[0m Al wants to interview them ?[0m
[21:26] [0m[37;1mStasis flaps :[0m or, anne rice. stupid sexy vampires[0m
[21:26] [0m[37;1mAlassra flaps :[0m Twilight was the greatest love story of our time![0m
[21:26] [0m[37;1mQuaker flaps :[0m yer mom was the greatest love story of our time[0m
[21:26] [0m[37;1mAlassra flaps :[0m if you like Vampires that are like Breed[0m
[21:27] [0m[37;1mAlassra flaps :[0m sure, if you're into that - no kink shaming here[0m
[21:27] [0m[37;1mStasis flaps :[0m breed are more like 'The hills have eyes'[0m
[21:27] [0m[37;1mNukem flaps :[0m I like garlic.[0m
[21:28] [0m[37;1mChrys flaps :[0m if you were actually a vampire would you still mud?:)[0m
[21:28] [0m[37;1mZik flaps :[0m yea[0m
[21:28] [0m[37;1mMalice flaps :[0m why wouldn't you?[0m
[21:28] [0m[37;1mJaeger flaps :[0m you could nolife 100% and it would be okay[0m
[21:28] [0m[37;1mChrys flaps :[0m I can do that anyway:)[0m
[21:28] [0m[37;1mMalice flaps :[0m lier[0m
[21:29] [0m[37;1mChrys flaps :[0m sleep is for the week:)[0m
[21:29] [0m[37;1mJaeger flaps :[0m thats why id vamp out for mudding[0m
[21:30] [0m[37;1mMalice flaps :[0m i sea what you did there. bwahahaha[0m
[21:30] [0m[37;1mSpace flaps :[0m dont vamps sleep in the coffins during sunlight hours ?[0m
[21:30] [0m[37;1mKirin flaps :[0m largely depends on what mythos its from[0m
[21:30] [0m[37;1mJaeger flaps :[0m right now i think anyone crossing 1wk 3days is getting a bit[0m
[21:30] [0m               o nap time in while the bot runs[0m
[21:30] [0m[37;1mMalice flaps :[0m not if we're going off of twilight vampires. they never[0m
[21:30] [0m               slept.[0m
[21:31] [0m[37;1mZik flaps :[0m a dirt filled coffin is best for the skin[0m
[21:31] [0m[37;1mMalice flaps :[0m mix it with water and you got a mud bath.[0m
[21:31] [0m[37;1mSpace flaps :[0m never did enjoy Twilight[0m
[21:31] [0m[37;1mJaeger flaps :[0m i dunno, my undine suit keeps my skin soft and healthy[0m
[21:34] [0m<- ! The Vigilant ! -> :  A destabilization Kayos event has been detected in[0m
[21:34] [0m                          Northern Hills of Fantasy!  We are localizing it[0m
[21:34] [0m                          now - get ready![0m
[21:39] [0m[34;1mWhoknows shouts:[0m stuff it Vigilant[0m
[21:40] [0m[34;1mEllegon shouts:[0m Your reputation with the Vigilant plummets.[0m
[21:48] [0m[31;1m[Clan] Archangel :[0m Event portal: ngate/10n/2e freezing[0m
[21:48] [0m[37;1mArchangel flaps :[0m Event portal: ngate/10n/2e freezing[0m
[21:49] [0m[37;1mAl flaps :[0m fyi, scaler 118 vamps are about 167m[0m
[21:49] [0m[37;1mTaleast flaps :[0m useful info, thanks[0m
[21:49] [0m[37;1mAl flaps :[0m no worries, i was curious.  i'll test scaler 117 next time[0m
[21:51] [0m[37;1mSpace flaps :[0m so more than 300% the size you were looking for, and no[0m
[21:51] [0m              dying....cue dg music[0m
[22:25] [0mYou can currently reforge 8 items.[0m
[22:34] [0m[31;1m[Clan] Taleast :[0m good night, folks, gotta go early tonight[0m
[22:34] [0m[31;1m[Clan] Decav :[0m night dude[0m
[22:35] [0m[31;1m[Clan] Dangerzone :[0m sweet linux landed. not the smoothesr with wubi but yay[0m
[22:35] [0m                    no messing with partitions[0m
[22:44] [0m[31;1m[Clan] Dangerzone :[0m night[0m
[22:55] [0m[37;1mNukem flaps :[0m Ouch said I and died.[0m
[23:25] [0mYou can currently reforge 12 items.[0m
[23:51] [0m[34;1mTex shouts:[0m dude you forget the cowbell how dare you forget the cowbell bro[0m
