- = LOG STARTED [00:00] = -
[00:32] [0m[34;1mAl shouts:[0m during these troubling times, buy a car!  we'll touchlessly[0m
[00:32] [0m           deliver it, and with a 7 day return policy![0m
[00:32] [0m[34;1mZor shouts:[0m it will blow iup on You when you hit the gas![0m
[00:43] [0m[32mKerym says: [0mWell met, Swordbrother Dangerzone, May the Seldarine's Blessings be upon you.[0m
[01:24] [0m[32mKerym says: [0mWell met, Swordbrother Dangerzone, May the Seldarine's Blessings be upon you.[0m
[01:24] [0m[32mAmarul says: [0mWell met, Swordbrother Dangerzone, it is good to see you once more.[0m
[01:58] [0m[Clan] Martyr : night[0m
[02:20] [0m<- ! The Vigilant ! -> :  A destabilization Kayos event has been detected in[0m
[02:20] [0m                          Deserts of Fantasy!  We are localizing it now -[0m
[02:20] [0m                          get ready![0m
[03:07] [0m[32mKerym says: [0mWell met, Swordbrother Dangerzone, May the Seldarine's Blessings be upon you.[0m
[03:08] [0m[32mAmarul says: [0mWell met, Swordbrother Dangerzone, it is good to see you once more.[0m
[03:26] [0m[34;1mThadar shouts:[0m be wery wery quiet..... im hunting WABBITS![0m
[04:00] [0m[34;1mJasmine shouts:[0m DIRTY FILTHY MEMORY![0m
[04:20] [0m[34;1mYardleblarp shouts:[0m do you celebrate your levels? I don't want to make you[0m
[04:20] [0m                    uncomfortable about making a thing of it if you don't...[0m
[05:28] [0m[34;1mPsionic shouts:[0m so ya thought ya might like ti go to the show? feel the warm[0m
[05:28] [0m                thrill of confuaion, that space cadet glow?[0m
[05:30] [0m[34;1mPsionic shouts:[0m are there any queers in the audience tonight? get em up[0m
[05:30] [0m                againt the wall![0m
[05:31] [0m[34;1mThadar shouts:[0m who let all this riff-raff into the room!?[0m
[05:31] [0m[34;1mPsionic shouts:[0m that one looks jewish that ones a coon[0m
[05:31] [0m[34;1mThadar shouts:[0m if i had my way, i'd have all of you shot![0m
[05:35] [0m[34;1mPsionic shouts:[0m if they catch u in the backseat tryin to pick her locks they[0m
[05:35] [0m                gonna sned you to mother in cardboard box! you better run![0m
[05:39] [0m[32mKerym says: [0mWell met, Swordbrother Dangerzone, May the Seldarine's Blessings be upon you.[0m
[05:47] [0m[34;1mTex shouts:[0m yawn stop shoutin im sleep killin here falls back to sleep[0m
[05:49] [0mYour transmuter's stone bursts with 4 new colours![0m
[05:49] [0m[37;1m[JEDI]:[0m Herah Wylann arrives at the Academy.[0m
[06:03] [0m[35;1mMichael [Jedi(42)]:[0m ugh so sleep aint happening[0m
[06:16] [0m[37;1m[JEDI]:[0m Alyssa K'tal arrives at the Academy.[0m
[06:26] [0m[32mMichael tells you:[0m Beloch is in rastafan's maze isn't he?[0m
[06:28] [0m[32mYou tell Michael:[0m underdark[0m
[06:28] [0m[32mMichael tells you:[0m yeah the underdark maze...[0m
[06:46] [0m[37;1m[JEDI]:[0m Durnoth arrives at the Academy.[0m
[06:49] [0mYour transmuter's stone bursts with 5 new colours![0m
[07:20] [0m[37;1m[JEDI]:[0m Rhaan arrives at the Academy.[0m
[07:52] [0m[37;1m[JEDI]:[0m Janath Meelin arrives at the Academy.[0m
[08:26] [0m[37;1m[JEDI]:[0m Talia Ska arrives at the Academy.[0m
[09:04] [0m[37;1m[JEDI]:[0m Tobias Kel'ach'nar arrives at the Academy.[0m
[11:13] [0m[Clan] Nix : they do[0m
[11:19] [0m[Clan] Oscar : o thats nice[0m
[12:13] [0m[34;1mVapor shouts:[0m Smoked Meats!![0m
[12:13] [0m[34;1mZor shouts:[0m will give You a heart attack![0m
[12:14] [0m[34;1mSquirrel shouts:[0m the only prescription is more cowbell.[0m
[13:03] [0m[32mBro tells you:[0m can you recruit me into blades?[0m
[13:04] [0m[32mBro tells you:[0m or can I just join?[0m
[13:04] [0m[32mYou tell Bro:[0m lemme check if i can[0m
[13:06] [0m[32mYou tell Bro:[0m i have to be gl 25+ am only 20[0m
[13:06] [0m[32;1mFrom afar, Bro nogs at you.[0m[0m
[13:06] [0m[32mBro tells you:[0m can I just join?[0m
[13:07] [0m[32mYou tell Bro:[0m has to be recruitment[0m
[13:07] [0m[32;1mFrom afar, Bro nogs at you.[0m[0m
[13:09] [0m<BS> Prismal : bt for guild chat[0m
[13:09] [0m<BS> Bro : woo![0m
[13:09] [0m<BS> Dangerzone : woo![0m
[13:09] [0m<BS> Prismal : I'll transfer you some gcash to use with corath to get you[0m
[13:09] [0m               started[0m
[13:10] [0m<BS> Prismal : hmm, that appears to have been the wrong command, oh well,[0m
[13:10] [0m               you can put it into guild cash or whatever[0m
[13:10] [0m<BS> Prismal : oh, gtransfer, due[0m
[13:11] [0m<BS> Prismal : duh[0m
[13:11] [0m<BS> Prismal : guild isn't too big, info map will give you the lay out[0m
[13:12] [0m<BS> Prismal : main box is for rune gear only, so it ususally is pretty[0m
[13:12] [0m               empty, or has mostly start up crappy gear[0m
[13:12] [0m<BS> Prismal : the real box is 3 south of here, and it is for unruned gear[0m
[13:12] [0m<BS> Prismal : the box in the prep rune if for slot unknown items, which can[0m
[13:12] [0m               only hold regen runes[0m
[13:13] [0m[32mKerym says: [0mWell met, Swordbrother Dangerzone, May the Seldarine's Blessings be upon you.[0m
[13:13] [0m<BS> Prismal : skills will give you a list of all our skills to train,[0m
[13:13] [0m               there's no seperate gxp pool for skills, glevs and skills use[0m
[13:13] [0m               the same gxp[0m
[13:14] [0m<BS> Prismal : also, type frenzy[0m
[13:14] [0m[33m .=.-----------------------------------------------------------.[0m
[13:14] [0m<BS> Prismal : wish that just defaulted to being on[0m
[13:14] [0m<BS> Prismal : no gxp is earned if frenzy is toggled off[0m
[13:14] [0m[33m .=.-----------------------------------------------------------.[0m
[13:15] [0m<BS> Prismal : and that isnt' documented anywhere because it was added way[0m
[13:15] [0m               after the guild opened[0m
[13:15] [0m<BS> Bro : is it just on now or should I add to .login?[0m
[13:15] [0m<BS> Prismal : it will stay on forever unless you turn it off[0m
[13:16] [0m<BS> Prismal : typically the only reason to do that is if you need to do[0m
[13:16] [0m               less dmg for some reason, like farming dragon scales,[0m
[13:16] [0m               fighting something that does reflect dmg, etc[0m
[13:16] [0m<BS> Prismal : also, you can use freeform, the first fighting mode without[0m
[13:16] [0m               training, so go ahead and do freeform[0m
[13:17] [0m[32mSmith says:[0m You require 99 coins to repair *Ring of Hearts (worn on right hand).[0m
[13:17] [0m<BS> Prismal : lastly, when you train a skill in one of the parent[0m
[13:17] [0m               categories, it locks out all of the other skills until you[0m
[13:17] [0m               train it up several times[0m
[13:17] [0m<BS> Prismal : so make sure the first thing under combat abilities that you[0m
[13:17] [0m               train in acrobatics[0m
[13:18] [0m<BS> Prismal : but I'd hold off on even doing that until glev 5[0m
[13:18] [0m<BS> Prismal : once you get to glev 5 just train acrobatics until dodge[0m
[13:18] [0m               opens up, then make sure to use dodge[0m
[13:18] [0m<BS> Bro : is there still a guild weapon? been ages since I've tried the[0m
[13:18] [0m           guild[0m
[13:18] [0m<BS> Prismal : more skills you are using, more gxp[0m
[13:19] [0m<BS> Prismal : no, but the guild show, 3s of main box, sells a decent sword[0m
[13:19] [0m               you can use[0m
[13:19] [0m<BS> Bro : i have sword of spirit[0m
[13:19] [0m<BS> Prismal : generally when starting out there's only 5 runes you'll need[0m
[13:19] [0m               to worry about[0m
[13:19] [0m<BS> Prismal : that will be fine, and better than gsword[0m
[13:20] [0m<BS> Prismal : jewel sword is also a very popular starter weapon, most old[0m
[13:20] [0m               school blades have that as one of their dedicated weapons[0m
[13:20] [0m<BS> Bro : doh corpses don't dest when we salute[0m
[13:20] [0m<BS> Prismal : they dont', but you can bury them after if you want[0m
[13:21] [0m<BS> Prismal : I just carry a coffin around and put them in the coffin after[0m
[13:21] [0m               I salute and then donate them, or if I'm doing stuff with[0m
[13:21] [0m               others and they need a corpse I dump some out[0m
[13:21] [0m<BS> Prismal : the runes you'll care about starting out are[0m
[13:21] [0m[34;1mPdog shouts:[0m Choooo choooo[0m
[13:22] [0m<BS> Prismal : health (hp regen), revalrie (ne'kra regen, battle (edged ac),[0m
[13:22] [0m               stone (blunt ac), and power[0m
[13:22] [0m<BS> Prismal : power just makes runes provide more omph[0m
[13:23] [0m<BS> Prismal : zokko knows way more about the guild than me, so I suggest[0m
[13:23] [0m               you direct any other questions at him  :)[0m
[13:23] [0m<BS> Zokko : No Habla Inglas[0m
[13:23] [0m<BS> Bro : thanks for the help[0m
[13:24] [0m<BS> Prismal : the guild is friendly and fairly chatty when enough folks are[0m
[13:24] [0m               on[0m
[13:24] [0m<BS> Prismal : if you have any questions about anything just ask[0m
[13:24] [0m<BS> Bro : how do I set ansi for attacks/etc?[0m
[13:25] [0m<BS> Prismal : couple other pieces of advice, two handed sucks, don't put[0m
[13:25] [0m               any points in it until you have to, rune skills are expensive[0m
[13:25] [0m               and there's no point putting any point into them until you[0m
[13:25] [0m               are prepared to pretty much go all in[0m
[13:25] [0m<BS> Prismal : uh, sec[0m
[13:25] [0m<BS> Prismal : info ansivars[0m
[13:25] [0m<BS> Zokko : bladesinger_combat[0m
[13:26] [0m<BS> Prismal : teach a man to fish...[0m
[13:27] [0m<BS> Prismal : so rude[0m
[13:27] [0m<BS> Bro : heh[0m
[13:28] [0m[34;1mPdog shouts:[0m The spice must flow![0m
[13:35] [0mnewb Elganker [monk/20]: does my consider stop working at certain level?[0m
[13:35] [0mnewb Michael [jedi/88]: Monks use the study power[0m
[13:36] [0mnewb Bro [bladesinger/87]: you can always use consider, though really big[0m
[13:36] [0m                           mobs won't tell you actual class[0m
[13:39] [0m[34;1mFiddlestix shouts:[0m huzzah![0m
[13:39] [0m[34;1mEagleeyes shouts:[0m woo woo[0m
[13:39] [0m[34;1mBro shouts:[0m NOICE[0m
[13:39] [0m[34;1mInquisitor shouts:[0m Yes, I even lift.[0m
[13:44] [0m[Clan] Ser : 21 minutes to solo queen of hearts[0m
[13:44] [0m[Clan] Michael : that is a long time[0m
[13:44] [0m[Clan] Ser : 60k gxp[0m
[13:44] [0m[Clan] Nix : gxp![0m
[14:00] [0m<BS> Bro : so now i'm glvel 5 what skills should I focus on first? ne'kra[0m
[14:00] [0m           seems to be my biggest problem atm[0m
[14:01] [0mPdog flaps : [SteakChat{Cooked to well, go to Hell}]: whee vaccuuming the[0m
[14:01] [0m             pool[0m
[14:03] [0m[32mKerym says: [0mWell met, Swordbrother Dangerzone, May the Seldarine's Blessings be upon you.[0m
[14:20] [0mSer flaps : hopefully you are using a wet vac[0m
[14:22] [0m<BS> Dangerzone : acrobatics and freeform then gl 20 for high, spirit,[0m
[14:22] [0m                  faerie magic for rejuvenate[0m
[14:22] [0m<BS> Dangerzone : using revalrie after each kill?[0m
[14:22] [0m<BS> Bro : yeah, just hate to stop fighting ;)[0m
[14:23] [0m<BS> Dangerzone : personal preference, I set for revalrie in ktrig when I[0m
[14:23] [0m                  dip below 70% in tintin[0m
[14:29] [0m<BS> Dangerzone : woo[0m
[14:59] [0mInix flaps : It's bound to be wet once he starts vacuuming the pool.[0m
[15:00] [0mSquirrel flaps : gotta clean up the dead hooker blood somehow[0m
[15:00] [0mBabylon flaps : she's an ESCORT, Archer![0m
[15:00] [0mBabylon flaps : Cyril. When they're dead on the floor of your bathroom,[0m
[15:00] [0m                they're just hookers.[0m
[15:00] [0mSquirrel flaps : XD[0m
[15:06] [0mSquirrel flaps : Sir, are you implying that I say meow while I have you[0m
[15:06] [0m                 pulled over?[0m
[15:06] [0mBabylon flaps : take it easy there Rod[0m
[15:14] [0mCrolack flaps : Sir, this is an Arby's[0m
[15:16] [0mAl flaps : anybody got any good recipes for pizza dough?  making dinner and[0m
[15:16] [0m           i'm gonna be freezing a couple doughballs for later use[0m
[15:17] [0mSquirrel flaps : flour, water[0m
[15:17] [0mAl flaps : thanks, emeril[0m
[15:17] [0mSquirrel flaps : just like how yo momma used to make it[0m
[15:17] [0mVolt flaps : sneak up behind a dough-beast with a sharp pair of scissors[0m
[15:17] [0mAl flaps : my momma makes it buy calling the pizza place.  she gots no time[0m
[15:17] [0m           for cooking[0m
[15:58] [0mVolt flaps : any cmud user that can help me with an hpbar parsing question?[0m
[16:01] [0mGaidin flaps : Maybe.  Been a couple years since I've used cMUD though.[0m
[16:03] [0mOscar flaps : Does it even work on windows 10?[0m
[16:04] [0mSquirrel flaps : it works on win10[0m
[16:04] [0mGaidin flaps : At thist point, Zugg should just open-source it.[0m
[16:07] [0m<- ! The Vigilant ! -> :  A destabilization Kayos event has been detected in[0m
[16:07] [0m                          Deserts of Fantasy!  We are localizing it now -[0m
[16:07] [0m                          get ready![0m
[16:07] [0mGlorfindel flaps : [ Winter Court ] :: Someone open sourcing their bot?[0m
[16:13] [0mOscar flaps : Last time sock did that there were 30 dests a day[0m
[16:53] [0mMaverick <Craft>: can you craft booze?[0m
[16:54] [0mOmni flaps : [SteakChat{Rare is Right}]: -h[0m
[17:35] [0m<BS> Bro : do weapons mskills affect our combat?[0m
[17:36] [0mGrot flaps : FYI: Event is xaxis/2n, type Electric[0m
[17:36] [0mGrot flaps : Also: Pro-tip: Check your scaler before entering[0m
[17:43] [0m<BS> Zokko : they do not[0m
[18:12] [0m<BS> Dangerzone : try gskill weapons expertise as sub[0m
[19:14] [0m[Clan] Ipsie leaves the game.  [0m
[19:14] [0m[Clan] Byron leaves the game.  [0m
[19:57] [0m[34;1mSquirrel shouts:[0m please remain seated until the ride comes to a complete[0m
[19:57] [0m                 stop[0m
[19:57] [0m[34;1mThadar shouts:[0m no you![0m
[19:57] [0m[34;1mPypo shouts:[0m lo siento no habla ingles :P[0m
[19:58] [0m[34;1mLachlan shouts:[0m My ride makes you STAND and endure it![0m
[19:58] [0m[34;1mHyuga shouts:[0m erecto-meato[0m
[19:58] [0m[34;1mZor shouts:[0m no speak english?[0m
[19:58] [0m[34;1mBabylon shouts:[0m que?[0m
[19:59] [0m[34;1mBahram shouts:[0m nothing wakes you up quite like pulling 14g's[0m
[19:59] [0m[34;1mZor shouts:[0m I said You don't speak English? but write it lol[0m
[19:59] [0m[34;1mSquirrel shouts:[0m burrito...........suave[0m
[20:00] [0m[34;1mPypo shouts:[0m hehehe :3[0m
[21:01] [0m[34;1mKitt shouts:[0m Die Botz[0m
[21:21] [0m[32mKerym says: [0mWell met, Swordbrother Dangerzone, May the Seldarine's Blessings be upon you.[0m
[21:21] [0m[32mKerym says: [0mWell met, Swordbrother Bro, May the Seldarine's Blessings be upon you.[0m
[21:23] [0m<BS> Prismal smacks the cat in your honor!!!  WOO WOO!![0m
[21:25] [0m<BS> Dangerzone : do ya keep combat strategies and freeform aligned in skill[0m
[21:25] [0m                  levels?[0m
[21:26] [0m<BS> Prismal : not generally, but you can, not like it will hurt you[0m
[21:26] [0m<BS> Prismal : I'd max freeform first because it will net you more overall[0m
[21:26] [0m               gxp[0m
[21:27] [0m<BS> Dangerzone : thanks, before or after shadows?[0m
[21:27] [0m<BS> Prismal : cloak of shadows?[0m
[21:27] [0m<BS> Dangerzone : nod[0m
[21:28] [0m<BS> Prismal : I did it before cloak, but I probably put too much into[0m
[21:28] [0m               skills at an early glev[0m
[21:28] [0m<BS> Prismal : cloak isn't until 30, assuming your skills are high enough, I[0m
[21:28] [0m               think I maxed my freeform around glev 25[0m
[21:29] [0m<BS> Prismal : but, that was a long time ago, and guild progression has been[0m
[21:29] [0m               sped up quite a bit since then, so take what I say with a[0m
[21:29] [0m               grain of salt[0m
[21:29] [0m<BS> Dangerzone : sounds better, been focusing on many skills to "Skilled"[0m
[21:29] [0m                  level then Acrobatics, Spirit Magic and Freeform to at[0m
[21:29] [0m                  least Good before moving onto gl30[0m
[21:31] [0m<BS> Prismal : I focused on the skills that would increase my gxp first, and[0m
[21:31] [0m               cloak does increase gxp as well, so it is a toss up on[0m
[21:31] [0m               whether it is better to max out the skills you have, or try[0m
[21:31] [0m               to get to a new skill for a new source of gxp[0m
[21:31] [0m<BS> Prismal : I will say this much, your magic skills are more expensive[0m
[21:31] [0m               than freeform or acrobatics[0m
[21:32] [0m<BS> Dangerzone : noticing rejuvenate is expensive. I heard it was mainly[0m
[21:32] [0m                  Spirit[0m
[21:32] [0m<BS> Prismal : shadow magic is one of the most expensive skills, and you[0m
[21:32] [0m               need it pretty high to unlock cloak[0m
[21:33] [0m<BS> Prismal : yeah, if you look at info new you can see when the healing[0m
[21:33] [0m               ratio got tied to spirit magic[0m
[21:33] [0m<BS> Dangerzone : worth it for tanking more :)[0m
[21:34] [0m<BS> Bro : is shooting to 20 to get rejuvenatea bad plan?[0m
[21:34] [0m<BS> Prismal : no, that is definitely a good idea[0m
[21:35] [0m<BS> Prismal : rejuv is probably your single best source of gxp if you are[0m
[21:35] [0m               healing alot[0m
[21:35] [0m<BS> Prismal : also, getting is a huge power jump in what you can fight[0m
[21:35] [0m<BS> Prismal : although suddenly you will find that sp is actually really[0m
[21:35] [0m               important[0m
[21:44] [0m[Clan] Roor leaves the game.  [0m
[22:02] [0mOmni flaps : [SteakChat{Rare is Right}]: -h[0m
[22:02] [0mOmni flaps : [SteakChat{Rare is Right}]: gdi[0m
[22:02] [0mSquirrel flaps : no steak fo you[0m
[22:03] [0mOmni flaps : [SteakChat{Rare is Right}]: I just had a huge sirloin an hour[0m
[22:03] [0m             ago :) 2 minutes on a side, on the grill. split with the gf,[0m
[22:03] [0m             w/peas and cauliflower mash[0m
[22:03] [0mOmni flaps : [SteakChat{Rare is Right}]: or it might have been 2 hours ago,[0m
[22:03] [0m             I've been drinking since then[0m
[22:03] [0mSquirrel flaps : I heard it was meow chow now[0m
[22:05] [0mOmni flaps : [SteakChat{Rare is Right}]: halp, a Dr. Acula is drooling at me[0m
[22:06] [0m[Clan] Oscar : oh fuck yeah[0m
[22:06] [0m[Clan] Oscar : i'm not sure what year this SNL replay is from[0m
[22:06] [0m[Clan] Oscar : but it's chris rock/chris farley/adam sandler/spade/etc. cast[0m
[22:06] [0mSimonx flaps : The Sword of Spirit rejects your unknowledgeable mind. [0m
[22:06] [0m               anyone know off the top of their head what the req is it's[0m
[22:06] [0m               looking for?[0m
[22:06] [0m[Clan] Nix : 1945[0m
[22:06] [0mStasis flaps : BURN![0m
[22:06] [0mOscar flaps : brains[0m
[22:06] [0mSquirrel flaps : wisdom[0m
[22:06] [0mOmni flaps : [SteakChat{Rare is Right}]: well, what stats do you have below[0m
[22:06] [0m             50?[0m
[22:07] [0mSimonx flaps : uhh...all of them?[0m
[22:07] [0mDracula flaps : i'm jealous now. i made tacos for dinner.[0m
[22:07] [0m[Clan] Oscar : and bill murray hosting[0m
[22:07] [0mOmni flaps : [SteakChat{Rare is Right}]: it's not even tuesday![0m
[22:08] [0m[Clan] Nix : that's sick[0m
[22:08] [0mDracula flaps : i can use the sword. and it was at 81 when i returned. so[0m
[22:08] [0m                i'm not sure how high your wis has to be.[0m
[22:10] [0mOmni flaps : [SteakChat{Rare is Right}]: well, right away crolack pdog, and[0m
[22:10] [0m             a few others did the same thing and ever since I've been[0m
[22:10] [0m             cracking up... I saved a log of the whole thing starting heh[0m
[22:10] [0mOmni flaps : [SteakChat{Rare is Right}]: wl[0m
[22:11] [0mDracula flaps : old age is getting to you, you old niggit :D[0m
[22:11] [0mOmni flaps : [SteakChat{Rare is Right}]: steakchat for lyfe![0m
[22:11] [0mOmni flaps : [SteakChat{Rare is Right}]: old age, and booze[0m
[22:12] [0mDracula flaps : i do the same thing. i'm starting to feel the years heh.[0m
[22:12] [0mDracula flaps : i was only 23 when i started 3k.[0m
[22:13] [0mGlowie flaps : i was 14 :([0m
[22:13] [0mDracula flaps : i'm turning 49 this year tho[0m
[22:13] [0mNix flaps : laf i was 12[0m
[22:13] [0mNix flaps : 1998[0m
[22:14] [0m[Clan] Oscar : Laf, I was just tihnking about that Nix[0m
[22:14] [0mGlowie flaps : ill be 36 in a week and no idea what to do to "celebrate" :([0m
[22:14] [0m[Clan] Nix : in pete's office[0m
[22:14] [0m[Clan] Nix : botting warders[0m
[22:14] [0mCrankshaft flaps : mud[0m
[22:14] [0m[Clan] Oscar : And trying to figure out how old I was...it was definitely[0m
[22:14] [0m               like 6th or 7th grade[0m
[22:14] [0mOmni flaps : [SteakChat{Rare is Right}]: shots shots shots![0m
[22:14] [0m[Clan] Oscar : Maybe e5th[0m
[22:14] [0mCrankshaft flaps : no, don't do shots of mud[0m
[22:15] [0m[Clan] Nix : it was 97 or 98[0m
[22:15] [0mDracula flaps : liquor store, have a beer while mudding at home.[0m
[22:15] [0m[Clan] Oscar : I think it was 5th.  So like 97[0m
[22:15] [0mGlowie flaps : im stuck with my mom and grandma  until end of june. shots[0m
[22:15] [0m               isn't an option[0m
[22:15] [0m[Clan] Nix : yeah[0m
[22:15] [0m[Clan] Oscar : Because etah/i played for a bit...then you joined...then zorb[0m
[22:15] [0m               in high school?[0m
[22:15] [0m[Clan] Nix : block and void triggers, we were devious mudders even in our[0m
[22:15] [0m             youth[0m
[22:15] [0m[Clan] Michael : It's amazing... most of the warders on 3k were bots... now[0m
[22:15] [0m                 the tradition continues on 3S[0m
[22:15] [0m[Clan] Nix : zorb was sophmore year i think[0m
[22:16] [0m[Clan] Oscar : BLASPHEMY![0m
[22:16] [0m[Clan] Oscar : there is no botting in 3-paradiSe[0m
[22:16] [0mGlowie flaps : i usually spend my bday alone doing something outdoorsy,[0m
[22:16] [0m               camping/kayaking/etc but my gear is at home and im 1k miles[0m
[22:16] [0m               away and like covid19, still a lot of closures[0m
[22:16] [0m[Clan] Michael : -officially- anyway[0m
[22:16] [0mDracula flaps : yeah the virus shutdown has messed with a lot of stuff.[0m
[22:17] [0mNix flaps : call your local Police or Fire Department maybe they'll do a[0m
[22:17] [0m            drivey by[0m
[22:17] [0m[Clan] Oscar : It's probably like the 3k of old, very selective enforcement[0m
[22:17] [0m               of policies[0m
[22:17] [0mGlowie flaps : we had a fire 2 months ago.. too soon[0m
[22:18] [0m[Clan] Michael : yeah... a particular wizard there botted his butt off and[0m
[22:18] [0m                 is really picky about catching bots. But really right now?[0m
[22:18] [0m                 There are no active wizards... so who enforces what[0m
[22:18] [0m[Clan] Oscar : (if at all...because...players)[0m
[22:18] [0m[Clan] Michael : there is a dude on there wiht 95% combat age and has like[0m
[22:18] [0m                 80 days combat age[0m
[22:18] [0m[Clan] Oscar : LAF[0m
[22:18] [0mDracula flaps : [SteakChat{I like my steak bloody}]: * testing[0m
[22:19] [0m[Clan] Michael : not a bot though[0m
[22:19] [0m[Clan] Oscar : My jugger was decent size on 3s[0m
[22:19] [0m[Clan] Oscar : of course not :P[0m
[22:19] [0mDracula flaps : [SteakChat{I like my steak bloody}]: hrm.. better i think[0m
[22:19] [0m[Clan] Michael : 3k advances faster. That's the funny bit[0m
[22:19] [0m[Clan] Oscar : oh wow my necro is there too[0m
[22:19] [0m[Clan] Oscar : logged out 2200 days ago though heh[0m
[22:19] [0m[Clan] Michael : the casual faster advancement mud doesn't match[0m
[22:19] [0mDracula flaps : [SteakChat{I like my steak bloody}]: whatcha think omni? :D[0m
[22:19] [0m[Clan] Oscar : roofus got purged...i forget what he was[0m
[22:19] [0m[Clan] Michael : well encros are 9 X gxp now... they are one of the[0m
[22:19] [0m                 exceptions[0m
[22:20] [0m[Clan] Oscar : rofl[0m
[22:20] [0m[Clan] Oscar : 9x?[0m
[22:20] [0m[Clan] Michael : yup[0m
[22:20] [0m[Clan] Oscar : wow[0m
[22:20] [0m[Clan] Michael : 9 x the 3k gxp rate[0m
[22:20] [0m[Clan] Michael : and no one plays em really[0m
[22:20] [0m[Clan] Oscar : that's just a necro thing or are all guilds?[0m
[22:20] [0m[Clan] Nix : i will never play 3scapes again[0m
[22:20] [0mPdog flaps : [SteakChat{Cooked to well, go to Hell}]: i had bacon wrapped[0m
[22:20] [0m             filets and crab legs tonight[0m
[22:20] [0m[Clan] Nix : kudos to those that do, but not for me[0m
[22:20] [0mGlowie flaps : seriously wtf is with these "tags" on the flapchat line[0m
[22:20] [0m[Clan] Michael : many guilds were advertized as 3 X 3k rate... but then 3k[0m
[22:20] [0m                 accelerated to mid range[0m
[22:20] [0mDracula flaps : [SteakChat{I like my steak bloody}]: i made tacos for the[0m
[22:20] [0m                girls and me.[0m
[22:21] [0m[Clan] Oscar : I won't play because I liked Rumor and have always hated[0m
[22:21] [0m               Ariakis[0m
[22:21] [0m[Clan] Oscar : So, yeah.[0m
[22:21] [0m[Clan] Michael : who is ariakis?[0m
[22:21] [0m[Clan] Oscar : korenth[0m
[22:21] [0m[Clan] Oscar : spy[0m
[22:21] [0mNix flaps : got a traegar ironwood 885 getting delivered tomorrow, hope to[0m
[22:21] [0m            have racks of ribs on by noon[0m
[22:21] [0mPdog flaps : [SteakChat{Cooked to well, go to Hell}]: well tbh if turnhold[0m
[22:21] [0m             would stop coding for barfs we would have our own line[0m
[22:21] [0mGlowie flaps : its kinda annoying/fills my chat monitor with junk and is[0m
[22:21] [0m               about to make me block this line (though im sure yall don't[0m
[22:21] [0m               care. but i am legit curious)[0m
[22:21] [0mSquirrel flaps : hatch green chili omelette[0m
[22:21] [0m[Clan] Michael : Well... Korenth aint even been on or around heh[0m
[22:21] [0mNix flaps : bite your tongue PDOG![0m
[22:21] [0mSquirrel flaps : it puts red's to shame[0m
[22:21] [0m[Clan] Michael : that's the funny part. it's almost abandonware now[0m
[22:21] [0mPdog flaps : [SteakChat{Cooked to well, go to Hell}]: i can help with thw[0m
[22:21] [0m             traeger at least[0m
[22:21] [0mSquirrel flaps : SHAME[0m
[22:22] [0m[Clan] Oscar : All around jerkoff who would try to get eveyrone else dested[0m
[22:22] [0m               and downgraded[0m
[22:22] [0m[Clan] Michael : and killed[0m
[22:22] [0mPdog flaps : [SteakChat{Cooked to well, go to Hell}]: i smoked the crab legs[0m
[22:22] [0m             tonight they were amaaaaaazing[0m
[22:22] [0m[Clan] Oscar : While he was botting on a private server and porting[0m
[22:22] [0m               characters over[0m
[22:22] [0m[Clan] Michael : I remember him dragging super stacks onto anyone in Aegis[0m
[22:22] [0m                 cause it was his area[0m
[22:22] [0mGlowie flaps : then clan yourselves... sheesh[0m
[22:22] [0mTurnhold flaps : setting your eyebrows on fire doesnt count as "smoking[0m
[22:22] [0m                 crabs"[0m
[22:22] [0m[Clan] Oscar : spy? or korenth on 3s?[0m
[22:22] [0mSquirrel flaps : to much lighter fluid again? :)[0m
[22:23] [0m[Clan] Michael : There is a monk on 3S... that basically has Skuggo's monk[0m
[22:23] [0m                 gobject. Right down to the entrance message and expected us[0m
[22:23] [0m                 not to notice[0m
[22:23] [0m[Clan] Oscar : laf[0m
[22:23] [0m[Clan] Oscar : So he dupes player objs to play?[0m
[22:23] [0m[Clan] Oscar : Or maybe he's skuggo - he was also a prick as well[0m
[22:24] [0m[Clan] Michael : Dunno if it is him or what, but someone definitely do. The[0m
[22:24] [0m                 3S character is named Veroandi[0m
[22:26] [0m[Clan] Michael : 3k definitely has more going for it.[0m
[22:26] [0m[Clan] Nix : nog 78 people online now[0m
[22:26] [0m[Clan] Nix : i have players aliased to players -local[0m
[22:27] [0m[Clan] Oscar : There are a few players I miss[0m
[22:27] [0m[Clan] Oscar : Spontanius for sure[0m
[22:27] [0m[Clan] Nix : after rumor got ****ed and chucked i said screw 3scapes[0m
[22:27] [0m[Clan] Nix : nog spont's cool[0m
[22:27] [0m[Clan] Michael : I've had a lot of fun over here since coming back.[0m
[22:27] [0m[Clan] Nix : i miss jareth.......[0m
[22:27] [0m[Clan] Nix : .............................[0m
[22:27] [0m[Clan] Nix : ...............................................................[0m
[22:27] [0m             .[0m
[22:27] [0m[Clan] Oscar : laf[0m
[22:27] [0m[Clan] Nix : didn't you have a priest way back in the day michael?[0m
[22:28] [0m[Clan] Michael : way way back yeah[0m
[22:28] [0m[Clan] Oscar : Jareth I'm too busy to code anything but give me all the[0m
[22:28] [0m               projects?[0m
[22:28] [0m[Clan] Nix : nog, i remember[0m
[22:28] [0m[Clan] Michael : like circa 1994-1995ish[0m
[22:28] [0m[Clan] Nix : oh maybe i dont lol[0m
[22:28] [0m[Clan] Michael : 97 I went kniggit but[0m
[22:28] [0m[Clan] Nix : must be knight i remember then[0m
[22:29] [0mOmni flaps : [SteakChat{Rare is Right}]: lighter-crew, inside the arena![0m
[22:29] [0m[Clan] Oscar : warders were my first guild[0m
[22:29] [0mPdog flaps : [SteakChat{Cooked to well, go to Hell}]: when i was like 15[0m
[22:29] [0m             that actually happened to me[0m
[22:29] [0mOmni flaps : [SteakChat{Rare is Right}]: noise noise noise[0m
[22:29] [0m[Clan] Oscar : I remember...vryce I think recruited me[0m
[22:29] [0m[Clan] Oscar : or something like that[0m
[22:29] [0m[Clan] Michael : yeah, and I didn't play a whole lot after Olfin stopped[0m
[22:29] [0m                 being wiz. Not related to his leaving. Graduated college[0m
[22:29] [0m                 and life happened. But I'm glad to be back here now.[0m
[22:29] [0m[Clan] Nix : vryce wow[0m
[22:29] [0m[Clan] Nix : i remember that name[0m
[22:29] [0m[Clan] Nix : darius[0m
[22:29] [0m[Clan] Nix : magenta[0m
[22:29] [0mOmni flaps : [SteakChat{Rare is Right}]: raise your lightahz![0m
[22:29] [0m[Clan] Michael : Yeah, I was a wiz on VR with Vryce. I am fond of the guild[0m
[22:29] [0m                 that blademasters was derived from spellbinders[0m
[22:30] [0m[Clan] Oscar : wow, I got it right[0m
[22:30] [0m[Clan] Oscar : vryce[0m
[22:30] [0m[Clan] Oscar : If you remmeber the jugger Zeus, I used to feed him 10qps in[0m
[22:30] [0m               exchange for 1mil xp per 10qps[0m
[22:30] [0m[Clan] Nix : what ever happened to vraal?[0m
[22:31] [0mPdog flaps : grill went out... i put more lighter fluid on it, tossed in a[0m
[22:31] [0m             match.... BOOM[0m
[22:31] [0m[Clan] Michael : ha![0m
[22:31] [0m[Clan] Nix : remember insta[0m
[22:31] [0m[Clan] Oscar : He had a VPN he'd log me on from (I think?) and would xp me[0m
[22:31] [0m               overnight[0m
[22:31] [0m[Clan] Oscar : heh[0m
[22:31] [0m[Clan] Oscar : Oh I remember[0m
[22:31] [0m[Clan] Oscar : it was an AOL cd[0m
[22:31] [0m[Clan] Oscar : laf[0m
[22:31] [0mPdog flaps : did i mention it was drizzling? i learned a valuable lesson[0m
[22:31] [0m             that day[0m
[22:32] [0m[Clan] Oscar : insta big morph i think[0m
[22:32] [0m[Clan] Oscar : I think insta = zalin/hayt[0m
[22:32] [0m[Clan] Nix : i always thought they multiplayed[0m
[22:32] [0m[Clan] Oscar : who?[0m
[22:32] [0mOmni flaps : [SteakChat{Rare is Right}]: it it doesn't *phwamp* when you[0m
[22:32] [0m             light it, you're not using enough fluid...  but actually pro[0m
[22:32] [0m             move is charcoal in a cylinder with newspaper to ignite, get[0m
[22:32] [0m             that going, pour onto the rest of the charcoal[0m
[22:32] [0m[Clan] Nix : cause insta definitely was two different people[0m
[22:32] [0m[Clan] Nix : no doubt in my mind[0m
[22:32] [0m[Clan] Oscar : oh[0m
[22:32] [0mOmni flaps : [SteakChat{Rare is Right}]: no fluid[0m
[22:33] [0mPdog flaps : [SteakChat{Cooked to well, go to Hell}]: it was already[0m
[22:33] [0m             going... rain put it out... hit it with the jizz....[0m
[22:33] [0m             sssssssssssssss...... fumes... matchboom... burnt my face up[0m
[22:34] [0mOmni flaps : [SteakChat{Rare is Right}]: you've learned to throw the match[0m
[22:34] [0m             from a safe distance now. :)[0m
[22:34] [0mPdog flaps : [SteakChat{Cooked to well, go to Hell}]: parents freaked out.[0m
[22:34] [0m             24 hour care. big arse needle. demoral in da butt. 15 year old[0m
[22:34] [0m             has his first heroin buzz[0m
[22:34] [0mOmni flaps : [SteakChat{Rare is Right}]: oh dear :/[0m
[22:34] [0mNix flaps : and these are reasons why we need to have an OMP when this covid[0m
[22:34] [0m            BS dies out[0m
[22:35] [0mPdog flaps : [SteakChat{Cooked to well, go to Hell}]: they were like 'you[0m
[22:35] [0m             will probably pass out in 15 mins' dude i was pesling myself[0m
[22:35] [0m             off the wall for 4 hours[0m
[22:35] [0mOmni flaps : [SteakChat{Rare is Right}]: MI, august, let's dooooeeeeet[0m
[22:35] [0mPdog flaps : [SteakChat{Cooked to well, go to Hell}]: was funny cuz they[0m
[22:35] [0m             were trying to take my vitals after and i was doing the vision[0m
[22:35] [0m             test[0m
[22:35] [0mOscar flaps : It's not about you Omni[0m
[22:35] [0mNix flaps : august?[0m
[22:35] [0mPdog flaps : [SteakChat{Cooked to well, go to Hell}]: it felt like it was[0m
[22:35] [0m             moving at 150 miles an hour[0m
[22:36] [0mNix flaps : lol, if i go to an omp before i take my wife on a tropical[0m
[22:36] [0m            vacation im losing DEEZ NUTS[0m
[22:36] [0mOmni flaps : [SteakChat{Rare is Right}]: august 2021? idk[0m
[22:36] [0mNix flaps : 2021 would be good[0m
[22:47] [0m[Clan] Oscar : hahahaha this snl is epic[0m
[22:48] [0m[Clan] Oscar : never saw this chris rock / chris farley skit[0m
[22:49] [0m[Clan] Oscar : "I gotta go pick up my baby mother from her GED classes.  She[0m
[22:49] [0m               studyin' to be a doctah"[0m
[22:58] [0mSquirrel flaps : saftey dance[0m
[23:00] [0mStasis flaps : always enjoyed the Heigan boss fight in Nax[0m
[23:18] [0m<BS> Xiu : welcome to teh guild, Bro. you should totally dedicate a taser,[0m
[23:18] [0m           with that name.[0m
[23:18] [0m<BS> Bro : heh are there any good tasers[0m
[23:19] [0m<BS> Xiu : not really, tbh[0m
[23:43] [0m[Clan] Nix : where are all the big psicorpse[0m
[23:44] [0m[Clan] Michael : only Ser survived[0m
[23:44] [0m[Clan] Nix : i'm about to text his ass to log in to convert my axe[0m
[23:44] [0m[Clan] Oscar : laf[0m
[23:44] [0m[Clan] Oscar : I wonder what size transmuter you need to be[0m
[23:45] [0m[Clan] Oscar : I should pick a different spec prof I think...I'm still lvl 1[0m
[23:45] [0m               caus I don't fight any humans living inside pol laf[0m
[23:45] [0m[Clan] Oscar : and mahjong[0m
[23:46] [0mYardleblarp flaps : where do i find 3k fanfic?[0m
[23:47] [0mCrankshaft flaps : Gotta find a fan first[0m
[23:47] [0mNix flaps : i'll sign a portrait and post it on ebay if your looking for[0m
[23:47] [0m            home decor[0m
[23:50] [0mYardleblarp flaps : hang it in my foyer. when people ask about it "That's[0m
[23:50] [0m                    Nix of The 3Kingdoms"[0m
[23:51] [0mCrolack flaps : 3KERP.org?[0m
[23:51] [0mVoodoo -=(OMP)=- The hot tub is ready![0m
[23:52] [0mCrankshaft -=(OMP)=- But my pants will get wet[0m
[23:52] [0mWound -=(OMP)=- whats pants?[0m
[23:52] [0mVoodoo -=(OMP)=- cost of admission: 1 pants[0m
[23:52] [0mLachlan -=(OMP)=- I just got out of the hot tub though...[0m
[23:55] [0mOscar -=(OMP)=- woot[0m
[23:59] [0mKitt -=(OMP)=- Mist Not Keep The Voodoo Waiting[0m
