- = LOG STARTED [00:00] = -
[00:02] [0m[37;1m[JEDI]:[0m Reena Bel Noir arrives at the Academy.[0m
[00:05] [0m[33;1m[Clan] Roken :[0m woo woo feelsgoodman[0m
[00:06] [0m[33;1m[Clan] Roken :[0m bah woo got the wifi switch installed. Dumb house is wired funky. Entryway CB[0m
[00:06] [0m               turns off the router in the living room[0m
[00:07] [0m[33;1m[Clan] Roken :[0m oh well. Now my outside lights are automated with the sun[0m
[00:11] [0m[32;1mFrom afar, you go 'Woo Woo!' at Mud.[0m[0m
[00:11] [0m[33;1m[Clan] Roken :[0m @mud are you sitting outside beloch?[0m
[00:12] [0m[33;1m[Clan] Mud :[0m was helping inix hit one.  just cleared out.  you needing potions?[0m
[00:12] [0m[33;1m[Clan] Roken :[0m i would but I can't tank qoh[0m
[00:13] [0m[33;1m[Clan] Mud :[0m 2x pots just went for like 2k coins an hour ago[0m
[00:14] [0m[33;1m[Clan] Mud :[0m ill do a queen in a couple and toss the ring or two in clanhouse[0m
[00:15] [0m[33;1m[Clan] Roken :[0m willie's kilt, any good?[0m
[00:15] [0m[33;1m[Clan] Mud :[0m 2.0?  yeah.  i use that pretty much every boot[0m
[00:15] [0m[33;1m[Clan] Roken :[0m doesn't say in title[0m
[00:16] [0m[33;1m[Clan] Roken :[0m BoE?[0m
[00:16] [0m[33;1m[Clan] Mud :[0m dont think so.  forget how big willie is (har har).  maybe 15m?[0m
[00:17] [0m[33;1m[Clan] Mud :[0m i use marges necklace, willies kilt, neds aura[0m
[00:17] [0m[33;1m[Clan] Mud :[0m ned is a bastard[0m
[00:18] [0m[33;1m[Clan] Roken :[0m hmm slightly better with pb cloak[0m
[00:28] [0m[33;1m[Clan] Mud :[0m 2x RoHs (reforged) in box[0m
[00:29] [0m[33;1m[Clan] Roken :[0m thank you mud[0m
[00:37] [0m[37;1m[JEDI]:[0m Kerran Halcyon arrives at the Academy.[0m
[00:42] [0mWhoknows flaps : whew day2 down and my liver is screamin at me[0m
[00:43] [0mWhoknows flaps : one more day to go... and im never drinking again![0m
[00:43] [0mWhoknows flaps : til next time[0m
[00:47] [0mInix flaps : wtf are you doing?  drowning yourself in booze as a self deterrence to booze?[0m
[00:53] [0mYour transmuter's stone bursts with 6 new colours![0m
[00:53] [0mWhoknows flaps : houston rodeo bbq cookoff, 3 nigjts of bbq greatness and unlimited free drinks[0m
[00:53] [0mInix flaps : It's a free event?  Neat[0m
[00:53] [0mWhoknows flaps : im one of the sponsors of a team thats comoeting so i have to be there to meet[0m
[00:53] [0m                 andgreet[0m
[00:54] [0mInix flaps : Team that's doing what?[0m
[00:54] [0mWhoknows flaps : bbq competition[0m
[00:55] [0mInix flaps : Oh, competing, gotcha[0m
[00:55] [0mWhoknows flaps : over 200ntema competing[0m
[00:55] [0mWhoknows flaps : 200 teams[0m
[00:56] [0mInix flaps : so like...after the bull is ridden, you guys slaughter and cook it?[0m
[00:56] [0mMalachi flaps : nailed it[0m
[00:56] [0mWhoknows flaps : heh this is before the rodeo even starts...[0m
[00:56] [0mInix flaps : sounds a bit out of order[0m
[00:56] [0mMalachi flaps : that'll be a very boring bull ride[0m
[00:56] [0mWhoknows flaps : these are the ones who didnt make the cut lol[0m
[00:57] [0mWhoknows flaps : not enuf bucking, too much f'n[0m
[00:57] [0mWhoknows flaps : so they get chopped up and cooked for 8hrs+[0m
[00:57] [0mHooligan flaps : oh they made the cut. lots of cuts...[0m
[00:57] [0mInix flaps : big juicy ones[0m
[00:58] [0mWhoknows flaps : we killed websters mom too[0m
[00:58] [0mInix flaps : and now I want a steak[0m
[00:58] [0mWhoknows flaps : https://www.dropbox.com/s/203im1gonb3i8p4/2020-02-27%2022.11.24.jpg?dl=0[0m
[00:58] [0mInix flaps : No, die.[0m
[00:59] [0mWhoknows flaps : https://www.dropbox.com/s/sr4p2g44au4ng9v/2020-02-27%2018.31.02.jpg?dl=0[0m
[00:59] [0mInix flaps : See previous comment...[0m
[01:00] [0mWhoknows flaps : https://www.dropbox.com/s/vc66p3q49xfw50o/2020-02-28%2021.06.31.jpg?dl=0[0m
[01:00] [0mInix flaps : stahp[0m
[01:00] [0mWhoknows flaps : hehee[0m
[01:03] [0mWhoknows flaps : i think i put away like 8lbs of meat the last couple of days[0m
[01:03] [0mInix flaps : Better get ready for a 6lb dookie[0m
[01:04] [0mWhoknows flaps : gonna need to do a cleanse after this weekend[0m
[01:05] [0mInix flaps : About 5lbs of beer, too, eh.[0m
[01:09] [0m[37;1m[JEDI]:[0m Talia Ska arrives at the Academy.[0m
[01:11] [0mWhoknows flaps : all bacardi, probably 2 bottles so far[0m
[01:12] [0mInix flaps : I thought you said it was a bbq, not a frat party.[0m
[01:13] [0mWhoknows flaps : bbq with full bars[0m
[01:13] [0mWhoknows flaps : each team, depending on how much they wanna spend, gets a host tent, the one i[0m
[01:13] [0m                 was at could house 1500 ppl[0m
[01:14] [0mWhoknows flaps : all tents are private, and usually only available to sponsors, their employees[0m
[01:14] [0m                 and family[0m
[01:14] [0m[35;1mSimple [Jedi(65)]:[0m does exotic weapons mskill help us??[0m
[01:15] [0mWhoknows flaps : each tent is like it's own club hehe, full bars, live and dj'd music[0m
[01:17] [0m[33;1m[Clan] Roor leaves the game.[0m  [0m
[01:18] [0mInix flaps : So it is a frat party, and not a bbq, ok.[0m
[01:19] [0mWhoknows flaps : hehe it's one of the world's largest bbq competition[0m
[01:19] [0mInix flaps : If you say so[0m
[01:20] [0mWik flaps : your face is a large bbq competition[0m
[01:36] [0m[35;1mRoken [Jedi(77)]:[0m metaphysical mskill for us[0m
[01:37] [0m[35;1mSimple [Jedi(65)]:[0m don't really use energy damage[0m
[01:37] [0m[35;1mRoken [Jedi(77)]:[0m unsure then[0m
[01:41] [0m[37;1m[JEDI]:[0m Wennic Ber'ni'lok arrives at the Academy.[0m
[01:53] [0mYour transmuter's stone bursts with 4 new colours![0m
[02:15] [0m[37;1m[JEDI]:[0m H'ssani C'talan arrives at the Academy.[0m
[02:41] [0m[37;1m[JEDI]:[0m Rhaan arrives at the Academy.[0m
[02:42] [0m[33;1m[Clan] Cambiador enters the game.[0m  [0m
[02:53] [0mYour transmuter's stone bursts with 5 new colours![0m
[03:05] [0m[37;1m[JEDI]:[0m Kerran Halcyon arrives at the Academy.[0m
[03:32] [0m[35;1mOlorin [Jedi(56)]:[0m anybody having problems connecting?[0m
[03:32] [0m[35;1mOlorin [Jedi(56)]:[0m on telnet atm[0m
[03:33] [0m[37;1m[JEDI]:[0m Herah Wylann arrives at the Academy.[0m
[03:34] [0m[35;1mOlorin [Jedi(56)]:[0m cannot use cmud anymore[0m
[03:34] [0m[35;1mOlorin [Jedi(56)]:[0m was the ip address/port changed?[0m
[03:35] [0m[35;1mRoken [Jedi(77)]:[0m connected via tintin jus' fine. I don't know how I can help[0m
[03:36] [0m[35;1mOlorin [Jedi(56)]:[0m thanks. In thailand atm, so will just relax a bit :)[0m
[03:45] [0m<- ! The Vigilant ! -> :  A destabilization Kayos event has been detected in Deserts of Fantasy![0m
[03:45] [0m                          We are localizing it now - get ready![0m
[03:53] [0mYour transmuter's stone bursts with 2 new colours![0m
[03:56] [0m[33;1m[Clan] Archangel :[0m Event portal: Xaxis/2w corroding[0m
[03:56] [0mArchangel flaps : Event portal: Xaxis/2w corroding[0m
[04:00] [0m[34;1mJasmine shouts:[0m DIRTY FILTHY MEMORY![0m
[04:04] [0m[37;1m[JEDI]:[0m Ylenic It'kla arrives at the Academy.[0m
[04:37] [0m[37;1m[JEDI]:[0m Alyssa K'tal arrives at the Academy.[0m
[04:43] [0mInfectious flaps : reserting zambies swing by[0m
[04:46] [0mInfectious flaps : resetted[0m
[04:53] [0mYour transmuter's stone bursts with 4 new colours![0m
[05:09] [0m[37;1m[JEDI]:[0m Talia Ska arrives at the Academy.[0m
[05:31] [0m[37;1m[JEDI]:[0m Durnoth arrives at the Academy.[0m
[06:03] [0m[37;1m[JEDI]:[0m Reena Bel Noir arrives at the Academy.[0m
[06:15] [0mYour transmuter's stone bursts with 4 new colours![0m
[06:25] [0m[5m[1m[48;5;124mYour lightsaber begins to flicker and the handle warms![0m[0m                 [0m
[06:40] [0m[37;1m[JEDI]:[0m Bithoff Jonansaan arrives at the Academy.[0m
[13:26] [0mGaidin flaps : Heh, proof that there's a lot of men in video game design: THere's a mission in[0m
[13:26] [0m               Red Dead 2 where you go on a date the highest rank for it requires you to finish[0m
[13:26] [0m               it quickly.[0m
[13:27] [0mDalimar flaps : pfft, I can end a date in SECONDS[0m
[13:28] [0m[35;1mDalimar [Jedi(36)]:[0m anyone free for the following: alter tech 7, cloud 6, and gfs 7?[0m
[13:29] [0m[35;1mGilgalal [Jedi(75)]:[0m yep, cof[0m
[13:29] [0m[35;1mGilgalal [Jedi(75)]:[0m er cog[0m
[13:29] [0m[35;1mDalimar [Jedi(36)]:[0m brt[0m
[13:29] [0m[35;1mRequiem [Jedi(82)]:[0m already here[0m
[13:30] [0m[35;1mDalimar [Jedi(36)]:[0m so...I was on chessboard and so was Gil[0m
[13:30] [0m[35;1mRequiem [Jedi(82)]:[0m heh ok[0m
[13:30] [0m[35;1mDalimar [Jedi(36)]:[0m thanks though![0m
[16:29] [0mYour transmuter's stone bursts with 3 new colours![0m
[16:40] [0m[34;1mMud shouts:[0m Spatula City! Spatula City![0m
[16:44] [0m[34;1mTony shouts:[0m FORK![0m
[16:44] [0m[34;1mAlqaum shouts:[0m spork.[0m
[16:44] [0m[34;1mSer shouts:[0m spoon[0m
[16:45] [0m[34;1mBoosh shouts:[0m use a  spoon it's duller[0m
[16:45] [0m[34;1mKenny shouts:[0m finished oak cabinets[0m
[16:45] [0m[34;1mTony shouts:[0m there is no spoon[0m
[16:45] [0m[34;1mDalimar shouts:[0m there is only Zuul[0m
[16:46] [0m[34;1mZor shouts:[0m it was swallowed by accident![0m
[16:52] [0m[37;1m[JEDI]:[0m Kerran Halcyon arrives at the Academy.[0m
[17:15] [0m[34;1mTomfoolery shouts:[0m wooooo[0m
[17:17] [0m[34;1mZor shouts:[0m wooo!!!!!!!!!!!!!!!!!!!!!!!!!!!!!!!!!!!![0m
[17:18] [0m[37;1m[JEDI]:[0m Janath Meelin arrives at the Academy.[0m
[17:29] [0mYour transmuter's stone bursts with 5 new colours![0m
[17:51] [0m[37;1m[JEDI]:[0m H'ssani C'talan arrives at the Academy.[0m
[17:53] [0m[34;1mMud shouts:[0m Mutilated lips give a kiss on the wrist of the worm like tips of tentacles expanding[0m
[17:53] [0m            in my mind, im fine, accepting only fresh brine you can get another drop of this,[0m
[17:53] [0m            yeah you wish[0m
[17:54] [0m[34;1mDaagar shouts:[0m Don't do drugs, kids.[0m
[17:54] [0m[34;1mGaidin shouts:[0m Don't read too much Anne Rice, kids.[0m
[17:55] [0m[34;1mDaagar shouts:[0m Think we pretty much said the same thing.[0m
[17:56] [0m[32mJavelin tells you: [0mDo you want to join SA? We decided to recruit everyone and decimate all other clans![0m
[17:56] [0m[34;1mLance shouts:[0m hahahahah no[0m
[17:56] [0m[32;1mFrom afar, you snarl at Javelin angrily.[0m[0m
[17:56] [0m[34;1mRoken shouts:[0m ^^[0m
[17:56] [0m[34;1mDaagar shouts:[0m You know that's a tellall cause changers don't talk.[0m
[17:57] [0m[34;1mSky shouts:[0m for those who don't like Javelin - Ctrl-Alt-Destroy is recruiting :D[0m
[17:58] [0m[34;1mWik shouts:[0m why cant we all just be frands?[0m
[18:09] [0m[34;1mWik shouts:[0m ::cricket cricket::[0m
[18:15] [0m[34;1mKenny shouts:[0m What happened to Molochian Apostas?[0m
[18:23] [0m[37;1m[JEDI]:[0m Ylenic It'kla arrives at the Academy.[0m
[18:24] [0m<- ! The Vigilant ! -> :  A destabilization Kayos event has been detected in Northern Hills of[0m
[18:24] [0m                          Fantasy!  We are localizing it now - get ready![0m
[18:29] [0mYour transmuter's stone bursts with 6 new colours![0m
[18:37] [0m[34;1mKenny shouts:[0m I used to be homeless before I downloaded Raid : Shadow Legends. Now I make 50k a[0m
[18:37] [0m              year and my family loves me.[0m
[18:40] [0mKitt flaps : event portal northier ext all n 9 e 2 n 1 e[0m
[18:46] [0mKitt flaps : event portal northier ext all n 9 e 2 n 1 e slashing[0m
[18:53] [0m[37;1m[JEDI]:[0m Tobias Kel'ach'nar arrives at the Academy.[0m
[18:59] [0mInix flaps : Those dir don't work[0m
[19:01] [0mKitt flaps : ok its somewhere e[0m
[19:01] [0mKenny flaps : they worked for me[0m
[19:02] [0mKenny flaps : i think road portal all e/w/s might work too[0m
[19:28] [0m[37;1m[JEDI]:[0m Bithoff Jonansaan arrives at the Academy.[0m
[19:30] [0mYour transmuter's stone bursts with 5 new colours![0m
[19:39] [0mInix flaps : road portal, 15e s[0m
[19:51] [0m[33;1m[Clan] Mud :[0m bit more messing around to do yet, but the mip hp bars nearly workin.[0m
[19:51] [0m             https://prnt.sc/r9ou0k[0m
[19:53] [0m[33;1m[Clan] Nix :[0m ooo pretty[0m
[19:55] [0m[33;1m[Clan] Mud :[0m so far ive used 17 cents of my 300 promo credits with the server..  pretty[0m
[19:55] [0m             lightweight.  dont need any of the real 'compute' or load heavy services[0m
[19:57] [0m[33;1m[Clan] Mud :[0m google's cloud platform, free tier stuff[0m
[19:58] [0m[33;1m[Clan] Zorbaine :[0m pro![0m
[19:59] [0m[33;1m[Clan] Zorbaine :[0m how are you utilizing gcloud for mip?[0m
[19:59] [0m[33;1m[Clan] Mud :[0m oh im not.  just messing with a small debian vm on their platform.  just messing[0m
[19:59] [0m             with tt stuff and inix's github/3k file dump[0m
[20:00] [0m[33;1m[Clan] Mud :[0m amazon and M$ have ttheir own[0m
[20:01] [0m[33;1m[Clan] Zorbaine :[0m so mip doesn't actually require money, right? lol[0m
[20:02] [0m[37;1m[JEDI]:[0m Rhaan arrives at the Academy.[0m
[20:03] [0m[33;1m[Clan] Mud :[0m naw.  mip is just some extra info the mud provides that clients can use.  basically[0m
[20:03] [0m             the hp bars and junk in Portal were mip[0m
[20:14] [0m[34;1mZor shouts:[0m woo!!!!!!!!!!!!!!!!!!!!!!!!!!!![0m
[20:15] [0m[34;1mNix shouts:[0m oh my god! kenny got a level![0m
[20:30] [0mYour transmuter's stone bursts with 3 new colours![0m
[20:30] [0m[37;1m[JEDI]:[0m Reena Bel Noir arrives at the Academy.[0m
[20:31] [0m[34;1mBoosh shouts:[0m cpu 45%[0m
[20:31] [0m[34;1mTurnhold shouts:[0m and?[0m
[20:31] [0m[34;1mKitt shouts:[0m So?[0m
[20:32] [0m[34;1mDalimar shouts:[0m quit downloading porn[0m
[20:32] [0m[34;1mWik shouts:[0m turn your bot of Boosh, do it for the people[0m
[20:35] [0m[34;1mBoosh shouts:[0m my bot actually works unlike other peoples[0m
[20:36] [0m[34;1mWik shouts:[0m throw your bots upon the rams! rebolt![0m
[20:36] [0m[34;1mBahram shouts:[0m beep boop[0m
[20:37] [0m[34;1mKenny shouts:[0m interestingly enough, i set up my bot so that it moves to a new mob every time[0m
[20:37] [0m              boosh/tex shouts. i never get bot-checked![0m
[20:37] [0m[34;1mBoosh shouts:[0m leave my bot alone it's having ramen[0m
[20:37] [0m[34;1mMogro shouts:[0m bot, bot, bot![0m
[20:44] [0m[34;1mSer shouts:[0m touch my botty[0m
[20:45] [0m[34;1mDalimar shouts:[0m that's how you get Corona virus[0m
[20:48] [0m[33;1m[Clan] Decado leaves the game.[0m  [0m
[20:55] [0m[37;1m[JEDI]:[0m Kerran Halcyon arrives at the Academy.[0m
[20:56] [0m[33;1m[Clan] Zorbaine :[0m god fucking damnit[0m
[20:56] [0m[33;1m[Clan] Zorbaine :[0m i dried out my whole batch of herb too hot in the oven before making butter[0m
[20:57] [0m[33;1m[Clan] Nix :[0m noob move[0m
[20:57] [0m[33;1m[Clan] Zorbaine :[0m yeah should have checked on it sooner[0m
[20:57] [0m[33;1m[Clan] Nix :[0m did you just harvest?[0m
[20:57] [0m[33;1m[Clan] Nix :[0m why not just hang dry and have a little patience[0m
[20:59] [0m[33;1m[Clan] Zorbaine :[0m because im leaving for my trip tomorrow, needed to use the herb in hedibles[0m
[20:59] [0m                  for plane[0m
[20:59] [0m[33;1m[Clan] Nix :[0m where you headed?[0m
[20:59] [0m[33;1m[Clan] Zorbaine :[0m around europe a bit[0m
[20:59] [0m[33;1m[Clan] Wik :[0m a travesty D:[0m
[20:59] [0m[33;1m[Clan] Nix :[0m yeah your gonna catch covid19[0m
[20:59] [0m[33;1m[Clan] Zorbaine :[0m yeah i'm pretty upset with myself[0m
[21:00] [0m[33;1m[Clan] Zorbaine :[0m but will see how the butter is... will at least get brownies eh[0m
[21:00] [0m[33;1m[Clan] Zorbaine :[0m was so nice and sticky, the sap, on my fingers, i will never forget...[0m
[21:00] [0m[33;1m[Clan] Wik :[0m how too dry we talkin?[0m
[21:01] [0m[33;1m[Clan] Zorbaine :[0m well first of all the fucking internet fuckheads all say put in oven for an[0m
[21:01] [0m                  hour at 250!! herb vapes at like 210????... I put oven on 220... for 40[0m
[21:01] [0m                  minutes[0m
[21:01] [0m[33;1m[Clan] Zorbaine :[0m kinda forgot to check in between[0m
[21:01] [0m[33;1m[Clan] Wik :[0m o daymn! i was just watchi na vid earlier bout fake tutorials[0m
[21:01] [0m[33;1m[Clan] Zorbaine :[0m weird[0m
[21:02] [0m[33;1m[Clan] Wik :[0m dont put condensed milk in a microwave for 10 mins XD[0m
[21:02] [0m[33;1m[Clan] Zorbaine :[0m ok[0m
[21:03] [0m[33;1m[Clan] Mud :[0m lol, years ago couple coworkers and i stumbled on clips like these[0m
[21:03] [0m             https://www.youtube.com/watch?v=skUfQYr47QQ[0m
[21:03] [0m[33;1m[Clan] Mud :[0m that channel has some good ones[0m
[21:04] [0m[33;1m[Clan] Zorbaine :[0m ahhaaha[0m
[21:04] [0m[33;1m[Clan] Zorbaine :[0m that's great[0m
[21:04] [0m[33;1m[Clan] Mud :[0m i still get stuck saying february after that one so many times[0m
[21:05] [0m[33;1m[Clan] Wik :[0m laff[0m
[21:09] [0m[33;1m[Clan] Mud :[0m last one from me - https://www.youtube.com/watch?v=N_1hOy4BkGc[0m
[21:10] [0m[33;1m[Clan] Zorbaine :[0m lil southern spin[0m
[21:13] [0m[33;1m[Clan] Zorbaine :[0m i got a usb-rechargeable powered lighter for $12, pretty nice, can replace the[0m
[21:13] [0m                  internal 18650 if need be eventually[0m
[21:13] [0m[33;1m[Clan] Zorbaine :[0m btw[0m
[21:21] [0m[37;1m[JEDI]:[0m Bithoff Jonansaan arrives at the Academy.[0m
[21:23] [0m[33;1m[Clan] Mud :[0m whats the fuel for lighter?[0m
[21:30] [0m[33;1m[Clan] Zorbaine :[0m battery... lights a heater coil[0m
[21:30] [0m[33;1m[Clan] Zorbaine :[0m https://www.amazon.com/gp/product/B07R84D8LN/[0m
[21:31] [0m[33;1m[Clan] Mud :[0m ahh, nice.  makes sense. guess i hadnt seen that type yet[0m
[21:32] [0m[33;1m[Clan] Zorbaine :[0m yeah fuck plastic... you guys see pics from mardis gras streets aftermath?[0m
[21:32] [0m                  pfft.. also after our local trump rally everyone left trash allll over the[0m
[21:32] [0m                  boardwalk and beach here, was nuts.. governments gonna handle it/us[0m
[21:36] [0mYour transmuter's stone bursts with 2 new colours![0m
[21:50] [0m[37;1m[JEDI]:[0m Durnoth arrives at the Academy.[0m
[21:53] [0m[34;1mKitt shouts:[0m remeber kids you botz. you diez[0m
[22:14] [0m[32mWhoknows tells you:[0m hey, i keep spamming commands, even while dead! Can you send me tells so[0m
[22:14] [0m        maybe I can see one, and answer before I get smited?[0m
[22:14] [0m[34;1mSpace shouts:[0m no, die[0m
[22:15] [0m[32mYou tell Whoknows:[0m lol[0m
[22:15] [0m[34;1mBoosh shouts:[0m my bot is too busy for such nonsense whoknows[0m
[22:16] [0m[34;1mWik shouts:[0m who died?[0m
[22:16] [0m[34;1mFrank shouts:[0m whoknows?[0m
[22:16] [0m[34;1mDaagar shouts:[0m what is on second[0m
[22:16] [0mLeianne flaps : ohh.. that's TH that emitted as Whoknows..[0m
[22:16] [0m[34;1mTurnhold shouts:[0m Bet he knows now.[0m
[22:16] [0m[34;1mElminster shouts:[0m bo knows[0m
[22:16] [0m[34;1mFrank shouts:[0m i thought he was on third[0m
[22:17] [0m[34;1mKenny shouts:[0m Define 'now'...?[0m
[22:17] [0m[34;1mSpace shouts:[0m don get me started on the concept of now[0m
[22:17] [0m[34;1mDaagar shouts:[0m Pfft, you leave all of that for Time[0m
[22:18] [0m[34;1mFrank shouts:[0m who's on first. what's on second and who's on third?...I don't know![0m
[22:19] [0m[37;1m[JEDI]:[0m Reena Bel Noir arrives at the Academy.[0m
[22:22] [0m[34;1mBoosh shouts:[0m surely i dont know is pitching[0m
[22:22] [0m[34;1mBahram shouts:[0m I AM NOMAD S T E R I L I Z E[0m
[22:22] [0m[34;1mDalimar shouts:[0m tomorrow's pitching[0m
[22:22] [0m[34;1mDaagar shouts:[0m Don't call me Shirly[0m
[22:23] [0m[34;1mConar shouts:[0m ..I don't give a darn... oh that's our shortstop[0m
[22:23] [0m[34;1mBoosh shouts:[0m trump is the ump[0m
[22:24] [0m[34;1mConar shouts:[0m fake news[0m
[22:24] [0m[34;1mFrank shouts:[0m  loved watching laurel and hardy :P[0m
[22:25] [0m[34;1mBoosh shouts:[0m the movie demolishman with stallone and snipes predicted presidents trump vicotry[0m
[22:25] [0m[34;1mDalimar shouts:[0m ... Demolition Man?[0m
[22:26] [0m[34;1mDalimar shouts:[0m be well[0m
[22:26] [0m[34;1mMud shouts:[0m demolishman sounds like a megaman boss[0m
[22:26] [0m[34;1mDalimar shouts:[0m he came in like a wrecking ball[0m
[22:36] [0mYour transmuter's stone bursts with 6 new colours![0m
[22:54] [0m[37;1m[JEDI]:[0m Herah Wylann arrives at the Academy.[0m
[23:08] [0m[34;1mSpace shouts:[0m oo aegis stack i assume!, on it![0m
[23:08] [0m[34;1mKenny shouts:[0m ug fremen[0m
[23:08] [0m[34;1mZor shouts:[0m ack!!!!!!!!!!!!!!!!!!!!!!!!!![0m
[23:08] [0m[34;1mBahram shouts:[0m darn sp being important and stuff[0m
[23:09] [0m[34;1mSpace shouts:[0m aegis 5 cleared! thanks for the notification via death![0m
[23:09] [0m[34;1mKenny shouts:[0m whoooooosh[0m
[23:11] [0m[34;1mKenny shouts:[0m someome needs either a headband or freeway :)[0m
[23:11] [0mCaeli flaps : mywho[0m
[23:11] [0mCaeli flaps : Whoops[0m
[23:11] [0m[34;1mSpace shouts:[0m woo![0m
[23:11] [0m[34;1mZor shouts:[0m wooo!!!!!!!!!!!!!!!!!!!!!!!!!!!!!!!!!!!!!!!!!!!!![0m
[23:11] [0m[34;1mPhenom shouts:[0m make merrick great again[0m
[23:12] [0m[34;1mSpace shouts:[0m that would entail sticking to one gobj for a significant period of time[0m
[23:12] [0m[34;1mKenny shouts:[0m woo merrick rules he has half of my name[0m
[23:26] [0m[37;1m[JEDI]:[0m Ylenic It'kla arrives at the Academy.[0m
[23:29] [0m[34;1mEoin shouts:[0m platinum lace circlet will be at fantasy in a minute or two[0m
[23:36] [0mYour transmuter's stone bursts with 3 new colours![0m
[23:53] [0m[33;1m[Clan] Xaryl :[0m donates in[0m
