- = LOG STARTED [00:00] = -
[12:35] [31;1m[Clan] Roken wisps into existence.[0m  [0m
[12:35] [0mYour transmuter's stone bursts with 4 new colours![0m
[12:36] [0m[31;1m[Clan] Roken :[0m hi[0m
[12:37] [0m[31;1m[Clan] Xaryl :[0m oops[0m
[12:37] [0m[31;1m[Clan] Pol :[0m crap. he must be big[0m
[12:37] [0m[34;1mBahubali shouts:[0m wooo earth elementals! we rule[0m
[12:37] [0m[34;1mBrazzin shouts:[0m Multi-Kill...[0m
[12:37] [0m[34;1mBahubali shouts:[0m thats my big brother! don't mess with me![0m
[12:37] [0m[31;1m[Clan] Archangel :[0m :([0m
[12:38] [0m[31;1m[Clan] Taleast :[0m doh[0m
[12:45] [0m[35;1mEnder [Jedi(Knight)]:[0m k saving all combat data to a database now. So no more cut and paste:)[0m
[12:50] [0m[35;1mEnder [Jedi(Knight)]:[0m test[0m
[13:02] [0m[37;1mSquirrel flaps :[0m LOL weather app says there's 20% chance of rain. Outside: Thunder and[0m
[13:02] [0m                 Lightning![0m
[13:03] [0m[37;1mGaidin flaps :[0m Very, very frightening?[0m
[13:03] [0m[37;1mElminster flaps :[0m more like 100% am i right[0m
[13:03] [0m[37;1m[JEDI]:[0m Reena Bel Noir arrives at the Academy.[0m
[13:17] [0m[34;1mSpace shouts:[0m whoever left the megastack on aegis 5 entrance room, thanks :D (not being[0m
[13:17] [0m              sarcastic)[0m
[13:25] [0m[35;1mSally [Jedi(27)]:[0m ouch[0m
[13:26] [0m[37;1mBahubali flaps :[0m thats how ya do it earth ele![0m
[13:26] [0m[34;1mSquirrel shouts:[0m OOOH BABY A TRIPLE!![0m
[13:26] [0m[34;1mSally shouts:[0m was that a disconnected tank death?[0m
[13:34] [0m[37;1m[JEDI]:[0m Herah Wylann arrives at the Academy.[0m
[13:36] [0m[31;1m[Clan] Xaryl :[0m laugh! almost everyone I can see is wearing a spirit cloak or spirit amulet[0m
[13:36] [0m[31;1m[Clan] Pol :[0m i'm wearing an ammy[0m
[13:37] [0m[31;1m[Clan] Roor :[0m what's amulet do?[0m
[13:37] [0m[31;1m[Clan] Taleast :[0m I'm in the dark on amulet too[0m
[13:37] [0m[31;1m[Clan] Pol :[0m nothing. all i could find so far[0m
[13:37] [0m[31;1m[Clan] Xaryl :[0m thought it healed also[0m
[13:37] [0m[31;1m[Clan] Pol :[0m simpsons necklace hasn't reloaded so I'm just wearing this[0m
[13:39] [0m[31;1m[Clan] Pol :[0m how big are these earth elementals you guys are grinding on?[0m
[13:40] [0m[31;1m[Clan] Byron :[0m that one was 275mil[0m
[13:44] [0m[Auction] Robert : Up for bids: Sword of Spirit {radiant} (enchanted).[0m
[13:44] [0m[Auction] Robert : Ukyo has requested 1,337 as the opening offer.[0m
[13:44] [0m[Auction] Pol (jedi) : uk-yyy-oooooo[0m
[13:44] [0m[Auction] Robert : Got 1,337 from Bahubali(elem).  Do I hear 1,387?[0m
[13:44] [0m[Auction] Inix (jugg) : U.K., yo[0m
[13:44] [0m[Auction] Bahubali (elem) : what a deal![0m
[13:44] [0m[35;1mSally [Jedi(27)]:[0m anyone got a decent main armor I can dupe?[0m
[13:44] [0m[Auction] Robert : 1,337 going once![0m
[13:44] [0m[Auction] Robert : 1,337 going twice![0m
[13:45] [0m[Auction] Robert : Sold to Bahubali for 1,337 coins![0m
[13:45] [0m[35;1mUkyo [Jedi(Knight)]:[0m I can make you a chaostone breastplate/greaves, or platemail, if you'd like[0m
[13:45] [0m[35;1mEnder [Jedi(Knight)]:[0m an in terms of dupe, any items you guys find super useful for jedi that[0m
[13:45] [0m                      you dupe when you can?[0m
[13:45] [0m[35;1mSally [Jedi(27)]:[0m better than used armor for eb?[0m
[13:45] [0m[35;1mPol [Jedi(Knight)]:[0m nothing comes to mind really[0m
[13:46] [0m[35;1mPol [Jedi(Knight)]:[0m unless you would dupe a mask[0m
[13:46] [0m[35;1mEnder [Jedi(Knight)]:[0m with priest, mask and auro shield were like, mandatory pieces. Mask with[0m
[13:46] [0m                      jedi, i get into 6 figure energy.[0m
[13:46] [0m[35;1mUkyo [Jedi(Knight)]:[0m combined chaostone bplate+greaves == 45e/b, 23everything else[0m
[13:46] [0m[35;1mEnder [Jedi(Knight)]:[0m but, dodging is like 30% worse:)[0m
[13:48] [0m[35;1mUkyo [Jedi(Knight)]:[0m it'll have to be after breakfast though. rl aggro[0m
[13:48] [0m[35;1mSally [Jedi(27)]:[0m ok[0m
[13:48] [0m[35;1mUkyo [Jedi(Knight)]:[0m actually, come to guest chambers, and borrow my set and tell me what you[0m
[13:48] [0m                     think[0m
[13:54] [0m[31;1m[Clan] Nix :[0m anyone want to kill belochs?[0m
[14:04] [0m[35;1mEnder [Jedi(Knight)]:[0m So stats def affect fdef. Probably not a surprise, but fxp, deflects per[0m
[14:04] [0m                      round, and % success are all down with base stats, no boon.[0m
[14:04] [0m[35;1mPol [Jedi(Knight)]:[0m how would you calculate that?[0m
[14:06] [0mYour transmuter's stone bursts with 2 new colours![0m
[14:06] [0m[35;1mEnder [Jedi(Knight)]:[0m https://tinyurl.com/y49uqpwz[0m
[14:07] [0m[35;1mEnder [Jedi(Knight)]:[0m if you click on one of the tabs, you can see the data table that lists all[0m
[14:07] [0m                      the things im tracking[0m
[14:07] [0m[35;1mPol [Jedi(Knight)]:[0m nice. there's so many variables[0m
[14:07] [0m[37;1m[JEDI]:[0m Talia Ska arrives at the Academy.[0m
[14:08] [0m[35;1mEnder [Jedi(Knight)]:[0m yah. i save the row to a db after every fight and then paste stuff to that[0m
[14:08] [0m                      google doc to do some comparisons.[0m
[14:09] [0m[35;1mEnder [Jedi(Knight)]:[0m so hopefully between the turnhold boon and someone dumping a scroll in the[0m
[14:09] [0m                      box, i'll be able to compare the same run with higher stats:)[0m
[14:10] [0m[31;1m[Clan] Nix :[0m going to kill belochs[0m
[14:10] [0m[31;1m[Clan] Pol :[0m finishing off rimalkin king then I can hit along[0m
[14:19] [0m[31;1m[Clan] Ser :[0m i dont have shit for weapons[0m
[14:21] [0m[31;1m[Clan] Taleast :[0m that sucks[0m
[14:22] [0m[31;1m[Clan] Taleast :[0m my lightsaber is starting to do decent damage, psiwield me.[0m
[14:22] [0m[31;1m[Clan] Pol :[0m what do you use?[0m
[14:22] [0m[31;1m[Clan] Ser :[0m who[0m
[14:22] [0m[31;1m[Clan] Taleast :[0m you :P[0m
[14:23] [0m[31;1m[Clan] Taleast :[0m what, spirit swords early on and then things like isleth 2 and shards?[0m
[14:24] [0m[31;1m[Clan] Taleast :[0m ick, well, he's still getting isleth 2[0m
[14:26] [0m[31;1m[Clan] Ser :[0m hey[0m
[14:26] [0m[31;1m[Clan] Ser :[0m i died[0m
[14:27] [0m[31;1m[Clan] Byron :[0m what got ya[0m
[14:27] [0m[31;1m[Clan] Ser :[0m stuff[0m
[14:28] [0m[37;1m[JEDI]:[0m Rhaan arrives at the Academy.[0m
[14:29] [0m[35;1mEnder [Jedi(Knight)]:[0m one thing im not sure about is if I should be adding +1 to my hit counter[0m
[14:29] [0m                      on a successful deflect and successful dodge. Im having a hard time[0m
[14:29] [0m                      figuring out the correlation between successful dodges/deflects and hits[0m
[14:29] [0m                      against.[0m
[14:31] [0m[35;1mEnder [Jedi(Knight)]:[0m there are times when successful deflects/dodges result in no physical hits[0m
[14:31] [0m                      against me. Specials seem to fire first though, then delect, and i can[0m
[14:31] [0m                      definitely see dodges following after deflect. But sometimes I'll have 4[0m
[14:31] [0m                      deflects, like just now, 2 of them successful, and still see 3 mob hits +[0m
[14:31] [0m                      1 special.[0m
[14:31] [0m[31;1m[Clan] Byron :[0m ser, you got any enhances?[0m
[14:32] [0m[31;1m[Clan] Taleast :[0m good god Beloch parties are good xp[0m
[14:32] [0m[31;1m[Clan] Pol :[0m always[0m
[14:32] [0m[31;1m[Clan] Taleast :[0m I could reset some enhances on Dayland if you need, Byron[0m
[14:32] [0m[31;1m[Clan] Pol :[0m didn't go immune to energy?[0m
[14:32] [0m[31;1m[Clan] Taleast :[0m be a bit for repower though[0m
[14:32] [0m[31;1m[Clan] Taleast :[0m I have fire gem too, but don't remember seeing him stop my damage on fire[0m
[14:33] [0m[31;1m[Clan] Byron :[0m seeing if i can smear this ring[0m
[14:34] [0m[31;1m[Clan] Byron :[0m will pick up party in a min taleast[0m
[14:34] [0m[31;1m[Clan] Taleast :[0m you want me to reset enhances? not sure they're as good as Sock's though[0m
[14:34] [0m[31;1m[Clan] Taleast :[0m Sock is a higher glvl[0m
[14:34] [0m[31;1m[Clan] Byron :[0m it's ok[0m
[14:34] [0m[31;1m[Clan] Byron :[0m i'll see if sock has good ones[0m
[14:34] [0m[31;1m[Clan] Pol :[0m you guys still doing beloch?[0m
[14:34] [0m[31;1m[Clan] Taleast :[0m just dispersed[0m
[14:34] [0m[31;1m[Clan] Byron :[0m nix might still be there[0m
[14:35] [0m[31;1m[Clan] Nix :[0m in QOH but so is babs[0m
[14:35] [0m[31;1m[Clan] Taleast :[0m stepping away for a few, be back[0m
[14:37] [0m[34;1mKaex shouts:[0m hi[0m
[14:41] [0m[35;1mEnder [Jedi(Knight)]:[0m starship droid in the tatooine house.[0m
[14:44] [0m[34;1mModrack shouts:[0m inappropriate![0m
[14:44] [0m[34;1mUkyo shouts:[0m Lies.[0m
[14:46] [0m[31;1m[Clan] Taleast :[0m back[0m
[14:46] [0m[31;1m[Clan] Byron :[0m killing last taco[0m
[14:46] [0m[31;1m[Clan] Taleast :[0m nice![0m
[14:46] [0m[31;1m[Clan] Byron :[0m damnit, can't smear tree ring[0m
[14:47] [0m[31;1m[Clan] Pol :[0m how big was your terra?[0m
[14:47] [0m[31;1m[Clan] Taleast :[0m was worried about that, don't think you can use it on any ring[0m
[14:47] [0m[31;1m[Clan] Taleast :[0m same with enhances[0m
[14:47] [0m[31;1m[Clan] Byron :[0m 600mil[0m
[14:47] [0m[31;1m[Clan] Pol :[0m lordy[0m
[14:47] [0m[31;1m[Clan] Byron :[0m you can enhance i think[0m
[14:47] [0m[31;1m[Clan] Taleast :[0m huh, I've tried with RoSS before and it wouldn't let me, maybe it's just[0m
[14:47] [0m                 certain rings[0m
[14:48] [0m[31;1m[Clan] Pol :[0m i've never seen a ring smeared. didn't know it was even possible[0m
[14:48] [0m[31;1m[Clan] Taleast :[0m he's talking enhances now[0m
[14:48] [0m[31;1m[Clan] Byron :[0m dunno[0m
[14:48] [0m[31;1m[Clan] Taleast :[0m breed[0m
[14:48] [0m[31;1m[Clan] Pol :[0m oh[0m
[14:48] [0m[31;1m[Clan] Byron :[0m trying to get another spirit cloak[0m
[14:48] [0m[31;1m[Clan] Byron :[0m lost my first one[0m
[14:48] [0m[31;1m[Clan] Byron :[0m trying a different bard build[0m
[14:48] [0m[31;1m[Clan] Byron :[0m thisb oot[0m
[14:49] [0m[31;1m[Clan] Taleast :[0m did you guild vaf or something?[0m
[14:49] [0m[31;1m[Clan] Byron :[0m no[0m
[14:49] [0m[31;1m[Clan] Byron :[0m i just haven't played bard in a long time really[0m
[14:49] [0m[31;1m[Clan] Taleast :[0m ahh[0m
[14:49] [0m[31;1m[Clan] Byron :[0m and things like spirit gear[0m
[14:49] [0m[31;1m[Clan] Byron :[0m and tree rings[0m
[14:49] [0m[31;1m[Clan] Byron :[0m etc[0m
[14:49] [0m[31;1m[Clan] Byron :[0m are new[0m
[14:50] [0m[31;1m[Clan] Taleast :[0m ack[0m
[14:50] [0m[35;1mSally [Jedi(27)]:[0m ouch[0m
[14:51] [0m[35;1mTaleast [Jedi(39)]:[0m :([0m
[14:51] [0m[31;1m[Clan] Pol :[0m he's only 28M. how the heck did he do that?[0m
[14:51] [0m[31;1m[Clan] Taleast :[0m big specials[0m
[14:51] [0m[35;1mUkyo [Jedi(Knight)]:[0m doh[0m
[14:51] [0m[31;1m[Clan] Taleast :[0m on all of them I believe[0m
[14:51] [0m[31;1m[Clan] Pol :[0m i know but still. I roll through these[0m
[14:52] [0mcart saying "You must purify your mind and body before attempting this[0m
[14:52] [0m[35;1mPol [Jedi(Knight)]:[0m he got me down to 400 hps. healed up full and then i got blicked[0m
[14:52] [0m[31;1m[Clan] Byron :[0m terra is wildly varied class[0m
[14:53] [0m[31;1m[Clan] Byron :[0m even in the same scaler[0m
[14:53] [0m[31;1m[Clan] Pol :[0m the more they kill me, the more I want to go back[0m
[14:53] [0m[34;1mVilgan shouts: [0mI want everyone to know that Willy is a big dumb meany.[0m
[14:53] [0m[31;1m[Clan] Taleast :[0m root warrior got Pol[0m
[14:53] [0m[31;1m[Clan] Pol :[0m and now he can't even hurt me. how odd[0m
[14:53] [0m[31;1m[Clan] Pol :[0m dead[0m
[14:57] [38;5;11m||Dxp Stats|| [38;2;0;255;0m88.08[1;37;40m% success / [38;5;11m705[1;37;40m rnds [1;37;40m[XP Gain:[38;2;0;255;0m0.0959 [1;37;40mAVG:[38;5;11m0.000155[1;37;40m]
[14:58] [0m[35;1mUkyo [Jedi(Knight)]:[0m only one third left.[0m
[14:58] [0m[37;1m[JEDI]:[0m Janath Meelin arrives at the Academy.[0m
[15:02] [0m[31;1m[Clan] Pol :[0m going back to killing 30m snakes all day that don't do crazy specials.[0m
[15:03] [0m[31;1m[Clan] Taleast :[0m snakes?[0m
[15:11] [0m[31;1m[Clan] Ser :[0m kablooie[0m
[15:12] [0m[31;1m[Clan] Pol :[0m dundee area that everyone hates now[0m
[15:12] [0m[31;1m[Clan] Byron :[0m i love dundee[0m
[15:12] [0m[31;1m[Clan] Byron :[0m you can enhance tree ring[0m
[15:13] [0m[31;1m[Clan] Pol :[0m it's good xp for you?[0m
[15:14] [0m[31;1m[Clan] Pol :[0m i never see people in here anymore. not even the bots[0m
[15:17] [0m[31;1m[Clan] Byron :[0m It's good xp and gxp[0m
[15:17] [0m[31;1m[Clan] Byron :[0m The final swamp is awesome[0m
[15:17] [0m[31;1m[Clan] Pol :[0m that's the only spot i fight[0m
[15:27] [0m[31;1m[Clan] Sock wiggles on your foot.[0m  [0m
[15:27] [0m[31;1m[Clan] Taleast :[0m heh[0m
[15:30] [0m[37;1m[JEDI]:[0m Alyssa K'tal arrives at the Academy.[0m
[15:31] [0m[37;1mTaleast <.oO>:[0m woo![0m
[15:31] [0m[32mAsh says:[0m oops[0m
[15:31] [0m[32mAsh says:[0m orb[0m
[15:31] [0m[32mAsh says:[0m ftouch is so weird[0m
[15:32] [0m[32mModrack says:[0m yeah pretty, uh, special ability[0m
[15:32] [0m[32mAsh says:[0m kk[0m
[15:35] [0m[35;1mTaleast [Jedi(39)]:[0m woo![0m
[15:35] [0m[31;1m[Clan] Taleast :[0m nice![0m
[15:40] [0m[32mAsh says:[0m thanks![0m
[15:41] [0m[31;1m[Clan] Taleast :[0m stupid question, but do sense trains after concentration 20 still affect your[0m
[15:41] [0m                 conc/forc rates?[0m
[15:41] [0m[31;1m[Clan] Archangel :[0m One would think so, yes.[0m
[15:42] [0m[31;1m[Clan] Taleast :[0m my assumption is force skills increment the skills that rely upon them for[0m
[15:42] [0m                 training?[0m
[15:42] [0m[31;1m[Clan] Pol :[0m everything is connected[0m
[15:42] [0m[31;1m[Clan] Taleast :[0m OK there, Yoda :P[0m
[15:42] [0m[31;1m[Clan] Taleast :[0m but, OK, understood :D[0m
[15:50] [0m[31;1m[Clan] Ser :[0m anyone wanna come slide kathaelis2 for me[0m
[15:53] [0m[31;1m[Clan] Byron :[0m is isleth 2.0 legendary?[0m
[15:54] [0m[31;1m[Clan] Taleast :[0m well I know holding two makes one explode like taco food[0m
[15:54] [0m[31;1m[Clan] Taleast :[0m not sure if its psiwielded though[0m
[15:54] [0m[31;1m[Clan] Byron :[0m guess that's a yes[0m
[15:54] [0m[31;1m[Clan] Taleast :[0m well that's 1.0, but assumption is 2 is just the same code to 11[0m
[15:55] [0m[31;1m[Clan] Byron :[0m 1.0 isleth is BOP/legendary? since when?[0m
[15:55] [0m[31;1m[Clan] Taleast :[0m every time I've drawn a new one with one in my inventory it says something[0m
[15:55] [0m                 about seeing another of its kind and it explodes[0m
[15:55] [0m[31;1m[Clan] Taleast :[0m I just got them for new rune draws[0m
[15:56] [0m[31;1m[Clan] Byron :[0m interesting[0m
[15:56] [0m[31;1m[Clan] Taleast :[0m sword itself I can't remember if it shows bonded, but it says 'you're not my[0m
[15:56] [0m                 master' if another of my characters tries to wield it[0m
[15:56] [0m[31;1m[Clan] Taleast :[0m think it does bond[0m
[15:57] [0m[31;1m[Clan] Taleast :[0m lol[0m
[15:59] [0m[37;1m[JEDI]:[0m Durnoth arrives at the Academy.[0m
[16:00] [0m[35;1mOlorin [Jedi(79)]:[0m woowoo i'm top of cheatwho :)[0m
[16:00] [0m[35;1mEnder [Jedi(Knight)]:[0m what is cheatwho?[0m
[16:01] [0m[35;1mOlorin [Jedi(79)]:[0m hel^it[0m
[16:01] [0m[35;1mSally [Jedi(27)]:[0m cheater[0m
[16:01] [0m[35;1mOlorin [Jedi(79)]:[0m help it[0m
[16:01] [0m[35;1mPol [Jedi(Knight)]:[0m fighting something a long time?[0m
[16:01] [0m[35;1mPol [Jedi(Knight)]:[0m Olorin, we had the same bk and arch until I got blicked the other day[0m
[16:02] [0m[35;1mOlorin [Jedi(79)]:[0m i must be good ar it[0m
[16:03] [0m[35;1mOlorin [Jedi(79)]:[0m I love the beatles too much to try to kill them. I grew up with them[0m
[16:11] [0m[35;1mSally [Jedi(27)]:[0m how did that happen ?[0m
[16:11] [0m[35;1mEnder [Jedi(Knight)]:[0m force saturation?[0m
[16:11] [0m[35;1mSally [Jedi(27)]:[0m i dont think so[0m
[16:13] [0m[35;1mSally [Jedi(27)]:[0m not force sat[0m
[16:13] [0m[35;1mSally [Jedi(27)]:[0m hmm it must of just jumped up all of a sudden[0m
[16:13] [0m[35;1mEnder [Jedi(Knight)]:[0m what was your force % the round youdied?[0m
[16:14] [0m[35;1mSally [Jedi(27)]:[0m I cannot see that but I had just finished meditating[0m
[16:14] [0m[35;1mTaleast [Jedi(39)]:[0m med doesn't affect force[0m
[16:14] [0m[35;1mEnder [Jedi(Knight)]:[0m meditation lowers conc, your force wont change that much[0m
[16:14] [0m[35;1mTaleast [Jedi(39)]:[0m force only lowers through natural regen while in med[0m
[16:14] [0m[35;1mEnder [Jedi(Knight)]:[0m nog and given how fast our med is, it reallky isnt much.[0m
[16:14] [0m[35;1mSeeker [Jedi(36)]:[0m and hibernation trance[0m
[16:15] [0m[35;1mSally [Jedi(27)]:[0m ok I guess it could be but it's never happened before[0m
[16:15] [0m[35;1mTaleast [Jedi(39)]:[0m you're getting bigger, things cost more sometimes, did you just train reduce[0m
[16:15] [0m                    injury?[0m
[16:15] [0m[35;1mTaleast [Jedi(39)]:[0m ri is a big contributor, I don't always train it right when I can until I[0m
[16:15] [0m                    get more conc/force regen[0m
[16:16] [0m[35;1mTaleast [Jedi(39)]:[0m so is shield when it first activates, both of them[0m
[16:19] [0m[34;1mTurnhold shouts:[0m <3 hours till Boonage.[0m
[16:20] [0m[34;1mAdalius shouts:[0m Turnhold sucks. Players want instant gratification.[0m
[16:20] [0m[34;1mTaleast shouts:[0m Thank you![0m
[16:21] [0m[34;1mSally shouts:[0m I want my fried buffalo now![0m
[16:23] [0m[35;1mSally [Jedi(27)]:[0m my force never goes over 10%,  and only at 10% when I hit my shields[0m
[16:23] [0m[35;1mSally [Jedi(27)]:[0m I'm testing it now[0m
[16:23] [0m[35;1mSally [Jedi(27)]:[0m so I have no idea why is suddenly popped up and killed me[0m
[16:23] [0m[35;1mPol [Jedi(Knight)]:[0m healing every round?[0m
[16:23] [0m[35;1mSally [Jedi(27)]:[0m not on these monsters[0m
[16:23] [0m[35;1mPol [Jedi(Knight)]:[0m weir[0m
[16:24] [0m[35;1mPol [Jedi(Knight)]:[0m weird[0m
[16:24] [0m[35;1mSally [Jedi(27)]:[0m heck yeah[0m
[16:24] [0m[35;1mMav [Jedi(40)]:[0m I, for one, blame Ender's kids.[0m
[16:24] [0m[35;1mSally [Jedi(27)]:[0m could be all Ender's fault[0m
[16:24] [0m[35;1mEnder [Jedi(Knight)]:[0m kids definitely saturate me.[0m
[16:25] [0m[35;1mEnder [Jedi(Knight)]:[0m is it possible you were just in steady combat for so long that fiorce just[0m
[16:25] [0m                      worked its way up?[0m
[16:25] [0m[35;1mEnder [Jedi(Knight)]:[0m I killed mav once like that:)[0m
[16:25] [0m[35;1mPol [Jedi(Knight)]:[0m that's the only thing I can think of too, Ender[0m
[16:25] [0m[37;1m[JEDI]:[0m H'ssani C'talan arrives at the Academy.[0m
[16:25] [0m[35;1mSally [Jedi(27)]:[0m I considered that,  but at the moment right now -- I'm fighting the same mobs [0m
[16:25] [0m                  and after about 5 -- force goes to zero from about 7-10%[0m
[16:26] [0m[35;1mEnder [Jedi(Knight)]:[0m (don't tell Sally recruiters can drain their force to replenish ours)[0m
[16:26] [0m[35;1mSally [Jedi(27)]:[0m O.o[0m
[16:27] [0m[35;1mSally [Jedi(27)]:[0m I bet there is some sneaky 1/100000 random number generating code for blick[0m
[16:27] [0m                  for no reason[0m
[16:28] [0m[35;1mEnder [Jedi(Knight)]:[0m I remember once way back getting to 150% force without dying.[0m
[16:28] [0m[31;1m[Clan] Roor :[0m speaking of videos... on demoand blows these days... nothing worth renting or[0m
[16:28] [0m              watching[0m
[16:28] [0m[35;1mEnder [Jedi(Knight)]:[0m not sure if we can push it like that anymore.[0m
[16:28] [0m[35;1mSally [Jedi(27)]:[0m I think you need to pay that forward now[0m
[16:28] [0m[31;1m[Clan] Byron :[0m have you seen ray donovan?[0m
[16:28] [0m[31;1m[Clan] Roor :[0m yea[0m
[16:28] [0m[31;1m[Clan] Byron :[0m watched the 1st episode last night[0m
[16:29] [0m[31;1m[Clan] Roor :[0m atleast the first 2 seasons[0m
[16:29] [0m[31;1m[Clan] Roor :[0m it's great[0m
[16:50] [0m[32;1mFrom afar, you moo at Hooligan.[0m[0m
[16:50] [0m[32mYou tell Hooligan:[0m may I have a modification on pb main?[0m
[16:50] [0mYour transmuter's stone bursts with 2 new colours![0m
[16:51] [0m[37;1m[JEDI]:[0m Herah Wylann arrives at the Academy.[0m
[16:51] [0m[32mYou say:[0m SHAMA RAMA!  BIGGIE BIGGIE OH SO BIGGIE!  KLAMA RAMA RINGADINGADINGIEDING![0m
[16:52] [0m[37;1mRoken flaps :[0m cyborg modification, please @ ss? ftouches too[0m
[16:54] [0m[31;1m[Clan] Roken :[0m all bots :D[0m
[16:54] [0m[31;1m[Clan] Ser :[0m man kathaelis is like 62mil and i need some better weapons :([0m
[16:55] [0m[31;1m[Clan] Dangerzone enters the game.[0m  [0m
[16:55] [0mYou can currently reforge 8 items.[0m
[16:56] [0mYou can currently reforge 7 items.[0m
[16:58] [0mYou can currently reforge 5 items.[0m
[17:03] [0m[35;1mSally [Jedi(27)]:[0m ouch[0m
[17:09] [0m[31;1m[Clan] Taleast :[0m is that the one that guards dragon realms?[0m
[17:09] [0m[31;1m[Clan] Taleast :[0m in underdark[0m
[17:10] [0m[31;1m[Clan] Ser :[0m what no murus 2.0[0m
[17:10] [0m[31;1m[Clan] Pol :[0m love watching botters running around. geez[0m
[17:11] [0m[31;1m[Clan] Ser :[0m what[0m
[17:12] [0m[31;1m[Clan] Pol :[0m people not watching their screens and letting their bots steal kills[0m
[17:15] [0m[31;1m[Clan] Taleast :[0m I rarely go to non-dungeons since coming back, lol[0m
[17:15] [0m[31;1m[Clan] Taleast :[0m but I can imagine[0m
[17:15] [0m[31;1m[Clan] Pol :[0m true. that fixes it[0m
[17:16] [0m[37;1m[JEDI]:[0m Bithoff Jonansaan arrives at the Academy.[0m
[17:33] [0m[35;1mUkyo [Jedi(Knight)]:[0m ok, so i'm not the only one who's had a sudden force saturation spike[0m
[17:33] [0m                     recently. I was fortunate that I didn't blow up, but it's cause for[0m
[17:33] [0m                     concern. the problem is isolating the cause. I haven't been able to[0m
[17:33] [0m                     replicate my spike. sally, if you do manage to figure out where the spike[0m
[17:33] [0m                     came from, please let me know.[0m
[17:33] [0m[35;1mEnder [Jedi(Knight)]:[0m interesting[0m
[17:33] [0m[32mHooligan tells you:[0m sorry bud. been idling for dinner. someone getcha yet?[0m
[17:34] [0m[35;1mDroz [Jedi(44)]:[0m Have you tried turning the Force off and back on again?[0m
[17:34] [0m[35;1mTaleast [Jedi(39)]:[0m wiggle the force wires[0m
[17:34] [0m[35;1mUkyo [Jedi(Knight)]:[0m I'm a bit of a bug hunter. and my saturation spiked once here recently, and[0m
[17:34] [0m                     while I wan't prepared for it, or expecting it, I was able to pull through[0m
[17:34] [0m                     it because it wasn't terminal..[0m
[17:34] [0m[35;1mSally [Jedi(27)]:[0m yes I've implemented more logging since that event, so if anything wierd[0m
[17:34] [0m                  happens I can hopefully pin it down,  this is the second time something like[0m
[17:34] [0m                  this happened.   The first was a conc to 0 spike,   now a force to 100 spike[0m
[17:35] [0m[32mYou tell Hooligan:[0m no not yet. I'm going for zelligar headband[0m
[17:35] [0m[35;1mUkyo [Jedi(Knight)]:[0m Heh, reconfiguring the primary power coupling? that's always the first[0m
[17:35] [0m                     step, you'd think[0m
[17:35] [0m[35;1mTaleast [Jedi(39)]:[0m translation: Ukyo breaks a lot of stuff[0m
[17:35] [0m[35;1mEnder [Jedi(Knight)]:[0m heh. we were looking at her combat log, no hpbar tho. Hard to tell what[0m
[17:35] [0m                      caused it. I also had a conc drain to 0 at the same time as sally a few[0m
[17:35] [0m                      days ago.[0m
[17:35] [0m[35;1mSally [Jedi(27)]:[0m it could be a combination of math that's giving a div / 0 error or something[0m
[17:35] [0m                  for a round[0m
[17:36] [0m[35;1mSally [Jedi(27)]:[0m just takes one round[0m
[17:36] [0m[32mHooligan tells you:[0m want me to meetcha at zell entrance?[0m
[17:36] [0m[32mHooligan tells you:[0m you just need it made to a breastplate?[0m
[17:36] [0m[35;1mSally [Jedi(27)]:[0m my force spike happened when I popped lfs  gfs and a ri hit in the same round[0m
[17:37] [0m[31;1m[Clan] Ser :[0m whoop there it is[0m
[17:37] [0m[35;1mEnder [Jedi(Knight)]:[0m other than RI, that would happen for a lot of us though when starting a[0m
[17:37] [0m                      fight.[0m
[17:37] [0m[35;1mSally [Jedi(27)]:[0m for me that normally accounts for aroudn 7-12% force increase  (usually from[0m
[17:37] [0m                  0)[0m
[17:37] [0m[35;1mTaleast [Jedi(39)]:[0m sup, Shadearth[0m
[17:38] [0m[35;1mSally [Jedi(27)]:[0m in fact I'm deliberately trying to get my force high on these mobs i died too,[0m
[17:38] [0m                  and I cannot force myself to die now.[0m
[17:38] [0m[32mYou tell Hooligan:[0m sure[0m
[17:38] [0m[35;1mSally [Jedi(27)]:[0m no pun intended[0m
[17:38] [0m[32mHooligan tells you:[0m feel bad that i missed your tell[0m
[17:40] [0m[32mHooligan tells you:[0m bplate right?[0m
[17:42] [0m[32;1mFrom afar, you thank Hooligan.[0m[0m
[17:42] [0m[32;1mFrom afar, Hooligan sticks his thumb up at you and says 'No problemo'.[0m[0m
[17:47] [0m[35;1mEnder [Jedi(Knight)]:[0m I feel like maintenance droids are the worst at xping.[0m
[17:48] [0m[32mErig says: [0mYou must stop Zelligar! He has gone crazy![0m
[17:53] [0mYour transmuter's stone bursts with 4 new colours![0m
[17:54] [0m[37;1m[JEDI]:[0m Kerran Halcyon arrives at the Academy.[0m
[17:57] [0m[34;1mUq shouts:[0m who here works for AWS?[0m
[17:58] [0m[35;1mTaleast [Jedi(39)]:[0m woo![0m
[17:59] [0m[32mByron tells you:[0m Whenever you want to pop dangerzone on[0m
[17:59] [0m[32mByron tells you:[0m I've been partying roor/taleast[0m
[18:00] [0m[32mYou tell Byron:[0m have no gear er well esp need redaxe[0m
[18:00] [0m[32mByron tells you:[0m If you're partying you need redaxe?[0m
[18:01] [0m[32;1mFrom afar, you nod to Byron.[0m[0m
[18:04] [0m[32mYou tell Byron:[0m yes to master the weapon[0m
[18:04] [0m[32mByron tells you:[0m I mean, can still just xp until you get it :P[0m
[18:04] [0m[35;1mSally [Jedi(28)]:[0m anyone know the syntax to get into silver blue 2.0?[0m
[18:05] [0m[32mByron tells you:[0m If you have a dupe up, you can dupe Nix's[0m
[18:07] [0m[35;1mUkyo [Jedi(Knight)]:[0m it's this tower north of vortex, right?[0m
[18:07] [0m[35;1mSally [Jedi(28)]:[0m yup[0m
[18:07] [0m[35;1mUkyo [Jedi(Knight)]:[0m push brick?[0m
[18:07] [0m[31;1m[Clan] Byron :[0m Nik - you able to pump out some kits this boot?[0m
[18:08] [0m[35;1mUkyo [Jedi(Knight)]:[0m Night of Colour 2.0?[0m
[18:08] [0m[35;1mSally [Jedi(28)]:[0m yes[0m
[18:08] [0m[35;1mUkyo [Jedi(Knight)]:[0m push brick[0m
[18:08] [0m[35;1mUkyo [Jedi(Knight)]:[0m oh, wow. 40mil-122mil? little beyond my abilities[0m
[18:10] [0m[35;1mSally [Jedi(28)]:[0m your next farming zone[0m
[18:10] [0m[35;1mUkyo [Jedi(Knight)]:[0m once I can solo 40mils, maybe. I can't even kill my own zelligars yet.[0m
[18:10] [0m                     still working max hp[0m
[18:30] [0mYou can currently reforge 5 items.[0m
[18:47] [0m[34;1mTurnhold shouts:[0m 14 minutes till boonage.[0m
[18:47] [0m[34;1mBrazzin shouts:[0m WOO[0m
[18:47] [0m[34;1mWilly shouts:[0m my clock says 13[0m
[18:47] [0m[34;1mCaboose shouts:[0m ALL THE STATS!!![0m
[18:47] [0m[34;1mSquirrel shouts:[0m you feel a touch of wizard love then notice your +1 stats[0m
[18:47] [0m                 trololololololol[0m
[18:47] [0m[34;1mPer shouts:[0m big badda boon[0m
[18:48] [0m[37;1mSer flaps :[0m sorry i was breaking stuff i'm done now[0m
[18:48] [0m[34;1mVolt shouts:[0m I'll take Rictor's Dex please[0m
[18:48] [0m[34;1mKaex shouts:[0m I'll take Volt's intelligence please[0m
[18:49] [0m[34;1mTurnhold shouts:[0m Shush Cakes.[0m
[18:49] [0m[34;1mKaex shouts:[0m Ahhhhh![0m
[18:52] [0m[36m<BS> Din :[0m various spirit2 stuff in, including scroll[0m
[18:52] [0m[34;1mTex shouts:[0m extra spirit gear and scrolls at cot if anyone needs[0m
[18:55] [0m[31;1m[Clan] Oscar enters the game.[0m  [0m
[18:55] [0m[34;1mTurnhold shouts:[0m 5 Minutes till boonage.[0m
[18:56] [0m[31;1m[Clan] Toren enters the game.[0m  [0m
[18:56] [0m[34;1mBrazzin shouts:[0m *quiver*[0m
[18:56] [0m[34;1mTex shouts:[0m onlly 4 pieces left at cot grab em while you can[0m
[18:58] [0m[31;1m[Clan] Nik leaves the game.[0m  [0m
[18:59] [0m[34;1mGik shouts:[0m the end is nigh! playcult[0m
[18:59] [0m[34;1mTurnhold shouts:[0m 1 minute![0m
[19:00] [0m[34;1m ****** [0m
[19:00] [0;1;34m **     [0m
[19:00] [0;1;34m **     [0m
[19:00] [0;1;34m ****** [0m
[19:00] [0;1;34m     ** [0m
[19:00] [0;1;34m **  ** [0m
[19:00] [0;1;34m  ****  [0m
[19:00] [0m[34;1mBrazzin shouts:[0m WOOOOO![0m
[19:00] [0m[34;1mGumby shouts:[0m big numbers![0m
[19:00] [0m[34;1m   **   [0m
[19:00] [0;1;34m  ***   [0m
[19:00] [0;1;34m   **   [0m
[19:00] [0;1;34m   **   [0m
[19:00] [0;1;34m   **   [0m
[19:00] [0;1;34m   **   [0m
[19:00] [0;1;34m ****** [0m
[19:00] [0m[34;1mEoin shouts:[0m woooo[0m
[19:00] [0m[34;1mSally shouts:[0m 5[0m
[19:00] [0m[34;1m  ****  [0m
[19:00] [0;1;34m **  ** [0m
[19:00] [0;1;34m ** *** [0m
[19:00] [0;1;34m *** ** [0m
[19:00] [0;1;34m **  ** [0m
[19:00] [0;1;34m **  ** [0m
[19:00] [0;1;34m  ****  [0m
[19:00] [0m[34;1mSquirrel shouts:[0m troooooooooooooooooooooooooooooololololllllllololo[0m
[19:00] [0m[34;1mAlassra shouts:[0m woo![0m
[19:00] [0m[34;1mBrazzin shouts:[0m WOO WOO!![0m
[19:00] [0m[34;1mTaleast shouts:[0m Woot![0m
[19:01] [0m[34;1mModrack shouts:[0m woooooooo! thanks![0m
[19:01] [0m[34;1mToren shouts:[0m woo[0m
[19:01] [0m[34;1mLokis shouts:[0m woohoo!!![0m
[19:01] [0m[34;1mDroz shouts:[0m WOO![0m
[19:01] [0m[34;1mHooligan shouts:[0m thought it said get boned. lol[0m
[19:01] [0m[34;1mOnodrim shouts:[0m woo woo[0m
[19:01] [0m[34;1mLance shouts:[0m scotchy scotch[0m
[19:01] [0m[34;1mAsh shouts:[0m Lagavulin[0m
[19:01] [0m[31;1m[Clan] Taleast :[0m nog, worked on ld characters[0m
[19:01] [0m[34;1mUq shouts:[0m 18y Lagavulin[0m
[19:01] [0m[31;1m[Clan] Byron :[0m booya[0m
[19:02] [0m[31;1m[Clan] Byron :[0m got it on the ld dudes[0m
[19:02] [0m[31;1m[Clan] Nix :[0m sick[0m
[19:02] [0m[31;1m[Clan] Byron :[0m fuck yeah[0m
[19:02] [0m[31;1m[Clan] Nix :[0m i have 4700 sp =P[0m
[19:02] [0m[31;1m[Clan] Ser :[0m i need more isleths[0m
[19:02] [0m[31;1m[Clan] Taleast :[0m so this is what it feels like to have 200+ con[0m
[19:02] [0m[31;1m[Clan] Dangerzone :[0m sick[0m
[19:02] [0m[31;1m[Clan] Taleast :[0m feel like psicorpses without the psicorpse[0m
[19:02] [0m[31;1m[Clan] Ser :[0m moo[0m
[19:02] [0m[34;1mTurnhold shouts:[0m <3[0m
[19:03] [0m[34;1mBrazzin shouts:[0m Thank You!!![0m
[19:03] [0m[34;1mMellaous shouts:[0m thank you for the stat boost![0m
[19:03] [0m[34;1mByron shouts:[0m <3[0m
[19:03] [0m[34;1mDangerzone shouts:[0m <3 XOXO[0m
[19:03] [0m[34;1mLokis shouts:[0m we love you[0m
[19:03] [0m[34;1mKale shouts:[0m thank you thank you!![0m
[19:03] [0m[34;1mDangerzone shouts:[0m ....again[0m
[19:03] [0m[34;1mTaleast shouts:[0m Turnhold, we will all take turns holding you[0m
[19:03] [0m[34;1mVolt shouts:[0m Booned nerds, Celebrate![0m
[19:04] [0mYou can currently reforge 5 items.[0m
[19:04] [0m[34;1mHooligan shouts:[0m more of a telamor dew cider cask drinker but scotland is[0m
[19:04] [0m                 close...[0m
[19:06] [0m[34;1mTex shouts:[0m i want one bourbon one scotch and beer well i aint seen my baby[0m
[19:06] [0m            since the night before last got to get those boons man got get[0m
[19:06] [0m            em[0m
[19:06] [0m[31;1m[Clan] Byron :[0m anyone got a reforge to spare?[0m
[19:06] [0m[31;1m[Clan] Byron :[0m or a few to spare[0m
[19:06] [0m[31;1m[Clan] Nix :[0m 0 atm[0m
[19:06] [0m[31;1m[Clan] Byron :[0m (2)[0m
[19:06] [0m[31;1m[Clan] Nix :[0m i'll load em up[0m
[19:06] [0m[31;1m[Clan] Byron :[0m nog[0m
[19:06] [0m[31;1m[Clan] Byron :[0m no rush[0m
[19:06] [0m[34;1mDroz shouts:[0m I like big boons, and I cannot lie[0m
[19:06] [0m[31;1m[Clan] Dangerzone :[0m 5 but eh lvl 20[0m
[19:06] [0m[31;1m[Clan] Taleast :[0m I've got 5, but I'm at 35 prof level[0m
[19:07] [0m[31;1m[Clan] Michael :[0m I got 5[0m
[19:07] [0m[31;1m[Clan] Michael :[0m level 62[0m
[19:07] [0m # Item[0m
[19:07] [0m[31;1m[Clan] Byron :[0m you're too tiny[0m
[19:07] [0m[31;1m[Clan] Byron :[0m need for cocoon[0m
[19:07] [0m[31;1m[Clan] Michael :[0m yup :)[0m
[19:13] [0m[34;1mHyuga shouts:[0m woo scotch![0m
[19:13] [0m[34;1mInfectious shouts:[0m indeed![0m
[19:13] [0m[34;1mBrazzin shouts:[0m woo![0m
[19:13] [0mYou can currently reforge 9 items.[0m
[19:15] [0m[32mCorath tells you:[0m You must wait, I'm currently helping someone else.       [0m
[19:19] [0m[32mCorath tells you:[0m You must wait, I'm currently helping someone else.       [0m
[19:19] [0m[32mCorath tells you:[0m You must wait, I'm currently helping someone else.       [0m
[19:19] [0m[32mCorath tells you:[0m You must wait, I'm currently helping someone else.       [0m
[19:19] [0m[37;1mYarislav flaps :[0m i want to tank some things, but in order to do so... i need[0m
[19:19] [0m                 things/peoples of similar level X([0m
[19:20] [0m[37;1mHsima flaps :[0m dungeons ftw[0m
[19:20] [0m[37;1mLance flaps :[0m or cheat and use the button[0m
[19:22] [0mAgram@3s -=(OMP)=- omp omp omp[0m
[19:22] [0mByron -=(OMP)=- womp womp womp[0m
[19:25] [0m[31;1m[Clan] Byron :[0m that boon maxed my necrogram heh[0m
[19:26] [0m[31;1m[Clan] Archangel :[0m nice![0m
[19:28] [0m[32mYou say:[0m want one?[0m
[19:28] [0m[35;1mUkyo [Jedi(Knight)]:[0m hrm. double boon. I can tank stuff now. have to fix my reflex[0m
[19:28] [0m[32mYou say:[0m maintenance and a 2x breastplate[0m
[19:30] [0m[31;1m[Clan] Roken :[0m mtx, carto, and blacksmith ring in cbox[0m
[19:31] [0m[31;1m[Clan] Byron :[0m you able to get a dupe for axe Roken?[0m
[19:31] [0m[31;1m[Clan] Byron :[0m I just saw voodoo die a bunch[0m
[19:31] [0m[31;1m[Clan] Roken :[0m no I haven't asked yet[0m
[19:31] [0m[31;1m[Clan] Byron :[0m So there's an OG out there[0m
[19:31] [0m[31;1m[Clan] Nix :[0m i have an axe[0m
[19:31] [0m[31;1m[Clan] Byron :[0m for some reason I thought the OG got poofed (according to ascendant) guess not[0m
[19:32] [0m[32mRictor tells you:[0m I think you took some of my RoH[0m
[19:32] [0m[32mYou tell Rictor:[0m any idea which one?[0m
[19:32] [0m[31;1m[Clan] Nix :[0m the original (4am one) did[0m
[19:32] [0m[32mRictor tells you:[0m Should be your #3 in inventory[0m
[19:33] [0m[31;1m[Clan] Nix :[0m i killed one with tony, fluffy and din at 8:30[0m
[19:33] [0m[32mRictor tells you:[0m You took 3, I assume your reset was the 2 ring?  I didn't look at queen[0m
[19:33] [0m        before I walked away[0m
[19:34] [0m[31;1m[Clan] Roken :[0m nvm i think i stole rictors ring[0m
[19:35] [0m[32mYou tell Rictor:[0m at coc[0m
[19:36] [0m[32mRictor tells you:[0m Long fight so I do idle there, definitely feel free to reset if I'm idle. [0m
[19:36] [0m        Just pick up what's on ground and pass it to me first next time please? :)[0m
[19:36] [0m[34;1mKaex shouts:[0m wat[0m
[19:38] [0m[32;1mFrom afar, you nog at Rictor.[0m[0m
[19:38] [0m[32;1mFrom afar, Rictor gives you a high-five![0m[0m
[19:41] [0m[31;1m[Clan] Taleast :[0m pickling keeps you drunk for drunkenmaster?[0m
[19:41] [0m[31;1m[Clan] Nix :[0m yup[0m
[19:41] [0m[34;1mVagrant shouts:[0m upgrade gentechs please[0m
[19:42] [0m[34;1mMellaous shouts:[0m dg gentech![0m
[19:42] [0m[34;1mAapostle shouts:[0m upgrade me![0m
[19:42] [0m[31;1m[Clan] Roken :[0m dupe redaxe @ss?[0m
[19:43] [0m[31;1m[Clan] Nix :[0m nod[0m
[19:44] [0m[32mNix tells you:[0m axe on ground[0m
[19:44] [0m[31;1m[Clan] Roken :[0m damnit[0m
[19:45] [0m[31;1m[Clan] Byron :[0m ?[0m
[19:45] [0m[31;1m[Clan] Roken :[0m i grabbed axe[0m
[19:46] [0m[31;1m[Clan] Taleast :[0m I'm not very bright about this stuff, you'll have to spell it out for me[0m
[19:47] [0m[31;1m[Clan] Taleast :[0m what went wrong?[0m
[19:47] [0m[31;1m[Clan] Nix :[0m oh... dupe is too low and didn't unbind[0m
[19:48] [0m[31;1m[Clan] Byron :[0m ew, so bound to roken sounds like[0m
[19:48] [0m[31;1m[Clan] Byron :[0m use a different weapon?  You're just leeching xp[0m
[19:48] [0m[31;1m[Clan] Roken :[0m yep[0m
[19:49] [0mYou can currently reforge 3 items.[0m
[19:50] [0m[32mCorath tells you:[0m You must wait, I'm currently helping someone else.       [0m
[19:52] [0m[31;1m[Clan] Dangerzone :[0m alright, chess?[0m
[19:52] [0m[31;1m[Clan] Byron :[0m I'm in treehouse atm[0m
[19:52] [0m[31;1m[Clan] Byron :[0m gimme a sec[0m
[19:52] [0m[31;1m[Clan] Dangerzone :[0m got something to smash things with[0m
[19:52] [0m[31;1m[Clan] Byron :[0m Then we gonna xp[0m
[19:52] [0m[31;1m[Clan] Byron :[0m Chessboard I'll clear asap[0m
[19:53] [0m[31;1m[Clan] Byron :[0m err...chessboard i'll clear too fast[0m
[19:53] [0m[31;1m[Clan] Dangerzone :[0m got my reset still[0m
[19:53] [0m[31;1m[Clan] Byron :[0m nog[0m
[19:53] [0m[31;1m[Clan] Dangerzone :[0m if hotel[0m
[19:53] [0m[31;1m[Clan] Byron :[0m NOC2[0m
[19:53] [0m[31;1m[Clan] Byron :[0m is where we're goin[0m
[19:54] [0m[31;1m[Clan] Taleast :[0m woot[0m
[19:54] [0m[31;1m[Clan] Byron :[0m once I finish this mob[0m
[19:56] [0m[31;1m[Clan] Nix :[0m my kid is doing goddamn gymnastics atm, refuses to sleep[0m
[19:58] [0mYou can currently reforge 3 items.[0m
[19:59] [0m[34;1mHsima shouts:[0m Go Terra Go![0m
[20:01] [0m[32mYou tell Taleast:[0m noc2?[0m
[20:02] [0m[32mTaleast tells you:[0m still killing the mob in treehouse[0m
[20:02] [0m[32mTaleast tells you:[0m after terra[0m
[20:20] [0m[31;1m[Clan] Byron :[0m red = hps right?[0m
[20:20] [0m[31;1m[Clan] Byron :[0m from tree ring[0m
[20:20] [0m[31;1m[Clan] Nix :[0m yes[0m
[20:21] [0m[32;1mFrom afar, Taleast gnaws at your leg viciously!!! Ewww![0m[0m
[20:22] [0m[32;1mFrom afar, you lick Taleast.[0m[0m
[20:22] [0m[31;1m[Clan] Byron :[0m any ideas if the bark does anything?[0m
[20:24] [0m[32mByron tells you:[0m ok[0m
[20:24] [0m[32mByron tells you:[0m come party[0m
[20:24] [0m[33;1m[PARTY][0m Dangerzone joins the party.[0m
[20:25] [0m[33;1m[PARTY][0m Dangerzone: lol where ya'll[0m
[20:25] [0m[33;1m[PARTY][0m Taleast: in the balloon[0m
[20:25] [0m[33;1m[PARTY][0m Taleast: push brick, whistle, board balloon when it arrives[0m
[20:26] [0m[33;1m[PARTY][0m Byron: he can't get in[0m
[20:26] [0m[33;1m[PARTY][0m Byron: I need to port him in[0m
[20:26] [0m[33;1m[PARTY][0m Taleast: oh, hold tight[0m
[20:26] [0m[33;1m[PARTY][0m Byron: gonna pop Toren[0m
[20:26] [0m[33;1m[PARTY][0m Nix: im jumping on balloon now[0m
[20:26] [0m[33;1m[PARTY][0m Nix: nog[0m
[20:26] [0m[33;1m[PARTY][0m Taleast: they had to do this for me too[0m
[20:27] [0m[32mToren tells you:[0m ready for port?[0m
[20:27] [0m[32mYou tell Toren:[0m ya at coc[0m
[20:27] [0m[32mToren tells you:[0m pull rope[0m
[20:27] [0m[32;1mFrom afar, Toren shouts 'WAKE UP!' at you. (at 9:27 pm)[0m[0m
[20:30] [0m[34;1mRhombus shouts:[0m just got out of work, what i miss?[0m
[20:30] [0m[34;1mBrazzin shouts:[0m life.[0m
[20:30] [0m[33;1m[PARTY][0m Nix: where ya at[0m
[20:30] [0m[34;1mTex shouts:[0m tbones boons[0m
[20:30] [0m[34;1mMav shouts:[0m some good whiskey.[0m
[20:30] [0m[33;1m[PARTY][0m Taleast: I kidnapped Byron, we weren't making xp fast enough[0m
[20:31] [0m[34;1mRhombus shouts:[0m You have no current modifications to your stats.   :( better[0m
[20:31] [0m                luck next time.[0m
[20:38] [0m[33;1m[PARTY][0m Dangerzone: taleast, egxp-ing while partying?[0m
[20:39] [0m[33;1m[PARTY][0m Byron: stat xp'ing[0m
[20:39] [0m[33;1m[PARTY][0m Taleast: egxping?[0m
[20:39] [0mYou can currently reforge 7 items.[0m
[20:39] [0m[33;1m[PARTY][0m Taleast: not sure what I'm doing to be honest, I'm just along for[0m
[20:39] [0m         the ride :P[0m
[20:40] [0m[33;1m[PARTY][0m Nix: what are your xp splits?[0m
[20:40] [0m[33;1m[PARTY][0m Nix: im at 280m/30m[0m
[20:40] [0m[33;1m[PARTY][0m Taleast: I'm 252m 30m at the moment[0m
[20:47] [0m[33;1m[PARTY][0m Dangerzone: 194m delta[0m
[20:48] [0m[33;1m[PARTY][0m Taleast: put every bit into level to 100 for full split[0m
[20:50] [0m[37;1mVagrant flaps :[0m resetting zambies swang by[0m
[20:50] [0mNix -=(OMP)=- vaf[0m
[20:53] [0m[37;1mVagrant flaps :[0m resetted[0m
[20:53] [0mThom -=(OMP)=- vaf[0m
[20:53] [0m[31;1m[Clan] Byron :[0m Anyone on 3s - put the word out to Spontanius that bards can[0m
[20:53] [0m               change protections in combat again.[0m
[21:02] [0m[33;1m[PARTY][0m Nix: so sick[0m
[21:02] [0m[33;1m[PARTY][0m Nix: info bset byron[0m
[21:03] [0m[31;1m[Clan] Ser :[0m sweet 3 isleth in a row[0m
[21:10] [0m[33;1m[PARTY][0m Taleast: woot, I'm getting a decent chunk of final blows[0m
[21:10] [0m[33;1m[PARTY][0m Taleast: love that stats do something in jedi[0m
[21:11] [0m[33;1m[PARTY][0m Dangerzone: learned hardway last boot. stats do nada for bsingers[0m
[21:11] [0m[33;1m[PARTY][0m Dangerzone: sp gems from now on. bah humbug cha gems[0m
[21:12] [0m[33;1m[PARTY][0m Byron: int = sp though?[0m
[21:12] [0m[33;1m[PARTY][0m Byron: or no[0m
[21:16] [0m[33;1m[PARTY][0m Nix: int = tanking i thought in singers?[0m
[21:16] [0m[33;1m[PARTY][0m Nix: i really want to play a blade, but have too many irons in[0m
[21:16] [0m     the fire[0m
[21:22] [0m[33;1m[PARTY][0m Nix: you shook that web[0m
[21:22] [0m[33;1m[PARTY][0m Byron: i know, nothing came out[0m
[21:22] [0m[33;1m[PARTY][0m Nix: nod[0m
[21:26] [0m[33;1m[PARTY][0m Nix: 340M/30m[0m
[21:27] [0m[33;1m[PARTY][0m Taleast: 332 here[0m
[21:28] [0m[33;1m[PARTY][0m Taleast: was closer to 400 earlier, like 350 or 360 I think[0m
[21:28] [0m[33;1m[PARTY][0m Taleast: maybe 20 minutes ago[0m
[21:28] [0m[33;1m[PARTY][0m Nix: nod[0m
[21:28] [0m[33;1m[PARTY][0m Taleast: this place rocks[0m
[21:31] [0m[33;1m[PARTY][0m Dangerzone: oh i'll invest in int gems and the two different sp regen[0m
[21:31] [0m            gems[0m
[21:31] [0m[33;1m[PARTY][0m Dangerzone: place is crazy, 260m[0m
[21:32] [0m[33;1m[PARTY][0m Taleast: only 4 more levels to even crazier xp![0m
[21:39] [0mYou can currently reforge 11 items.[0m
[21:40] [0m[33;1m[PARTY][0m Dangerzone: what happens if I fall asleep. Work in the early AM[0m
[21:40] [0m[33;1m[PARTY][0m Byron: i'm not sure what the questino is[0m
[21:45] [0m[33;1m[PARTY][0m Byron: oh shit they changed furtives back[0m
[21:45] [0m[33;1m[PARTY][0m Nix: too?[0m
[21:45] [0m[33;1m[PARTY][0m Taleast: what's that mean?[0m
[21:48] [0m[33;1m[PARTY][0m Dangerzone: @byron, i mean eventually I'll be idle[0m
[21:48] [0m[33;1m[PARTY][0m Byron: oh[0m
[21:48] [0m[33;1m[PARTY][0m Byron: then when you're idle you're idle[0m
[21:48] [0m[33;1m[PARTY][0m Byron: i dont care heh[0m
[21:49] [0m[31;1m[Clan] Dangerzone :[0m fair enuf[0m
[22:04] [0m[33;1m[PARTY][0m Nix: guessing she's got a son named brad...[0m
[22:04] [0m[33;1m[PARTY][0m Nix: or husband[0m
[22:04] [0m[33;1m[PARTY][0m Taleast: lol[0m
[22:04] [0m[33;1m[PARTY][0m Byron: huh[0m
[22:05] [0m[33;1m[PARTY][0m Nix: hm -h[0m
[22:05] [0m[33;1m[PARTY][0m Byron: laf[0m
[22:07] [0m[33;1m[PARTY][0m Taleast: I liked Sally's quip about bbq'ing black dudes[0m
[22:07] [0m[33;1m[PARTY][0m Nix: oh...?[0m
[22:07] [0m[33;1m[PARTY][0m Taleast: going to have to warn Al away from the park[0m
[22:08] [0m[33;1m[PARTY][0m Nix: oh laf i saw it[0m
[22:08] [0m[33;1m[PARTY][0m Nix: wtf was that?[0m
[22:30] [0m[31;1m[Clan] Taleast :[0m oh god I love Frank's Wing Sauce, I can drink that shit[0m
[22:32] [0m[31;1m[Clan] Nix :[0m delcious[0m
[22:32] [0m[31;1m[Clan] Taleast :[0m and... one or two times when I had bad congestion... I did[0m
[22:32] [0m[31;1m[Clan] Taleast :[0m cuts right through it[0m
[22:36] [0m[37;1mInfected flaps :[0m zambie reset swang by[0m
[22:38] [0m[37;1mInfected flaps :[0m resetted[0m
[22:39] [0mYou can currently reforge 12 items.[0m
[22:41] [0m[32;1mTaleast tells Nix: I always hated you.  I always hated you the most.[0m[0m
[22:48] [0m[31;1m[Clan] Aka enters the game.[0m  [0m
[22:52] [0m[33;1m[PARTY][0m Nix: heading to bed[0m
