- = LOG STARTED [00:00] = -
[13:10] [0mYou can currently reforge 12 items.[0m
[13:13] [0m[37;1m[JEDI]:[0m H'ssani C'talan arrives at the Academy.[0m
[13:36] [0m[31;1m[Clan] Ser :[0m hey Oscar what step you on[0m
[13:39] [0m[31;1m[Clan] Oscar :[0m 123[0m
[13:40] [0m[37;1m[JEDI]:[0m Reena Bel Noir arrives at the Academy.[0m
[13:47] [0m[31;1m[Clan] Ser :[0m dang beating me and we were like 2/3 done before i loaded new path[0m
[13:48] [0m[31;1m[Clan] Yik :[0m laff[0m
[13:59] [0m[31;1m[Clan] Saim :[0m what scaler u guys do?[0m
[14:03] [0m[31;1m[Clan] Ser :[0m im in 120[0m
[14:04] [0m[31;1m[Clan] Ser :[0m ~37-46mil[0m
[14:06] [0m[37;1m[JEDI]:[0m Wennic Ber'ni'lok arrives at the Academy.[0m
[14:06] [0m[31;1m[Clan] Saim :[0m at some point i can tank em, but they are too beefy to kill fast enough[0m
[14:07] [0m[31;1m[Clan] Oscar :[0m im loving the scaler 87[0m
[14:27] [0m[31;1m[Clan] Oscar :[0m anyone got a spare reload?[0m
[14:32] [0m[37;1m[JEDI]:[0m Kerran Halcyon arrives at the Academy.[0m
[14:33] [0m[37;1mOscar <.oO>:[0m anyone have an extra reload theyre not going to use?[0m
[14:41] [0m[37;1mGumby <.oO>:[0m you go girl, shake the eexp ![0m
[14:54] [0m[37;1m[JEDI]:[0m Herah Wylann arrives at the Academy.[0m
[15:02] [0m[31;1m[Clan] Prism :[0m Anyone have a Priest alt that can ftouch somethin for me? lols[0m
[15:02] [0m[31;1m[Clan] Oscar :[0m If I had ldlogin[0m
[15:03] [0m[31;1m[Clan] Oscar :[0m / didnt have all thse xmas boosts[0m
[15:03] [0m[31;1m[Clan] Prism :[0m what the fuck I didn't even notice we had these boons[0m
[15:03] [0m[31;1m[Clan] Prism :[0m lol[0m
[15:03] [0m[31;1m[Clan] Oscar :[0m Ya, days of xmas boons[0m
[15:03] [0m[31;1m[Clan] Prism :[0m dope[0m
[15:03] [0m[31;1m[Clan] Prism :[0m accidentally dested my cocoon so I need to get it ftouched to string it yawn[0m
[15:03] [0m[31;1m[Clan] Nix :[0m buy ldlogin you cheap bastard[0m
[15:03] [0m[31;1m[Clan] Prism :[0m ^^^[0m
[15:04] [0m[31;1m[Clan] Oscar :[0m I can get a round trip ticket for fuckin ldlogin[0m
[15:04] [0m[31;1m[Clan] Oscar :[0m fuck that noise[0m
[15:06] [0m[35;1mKsemia [Jedi(Master)]:[0m heyas[0m
[15:09] [0m[35;1mSaim [Jedi(Elder)]:[0m yo[0m
[15:17] [0m[37;1mOscar flaps :[0m 400! woo![0m
[15:25] [0m[37;1m[JEDI]:[0m Durnoth arrives at the Academy.[0m
[15:53] [0m[37;1mShenanigans <.oO>:[0m woo[0m
[15:53] [0m[37;1mChrys <.oO>:[0m rock on[0m
[15:53] [0m[37;1mShenanigans <.oO>:[0m two can play at this game![0m
[15:53] [0m[37;1mChrys <.oO>:[0m heh[0m
[15:55] [0m[37;1m[JEDI]:[0m Alyssa K'tal arrives at the Academy.[0m
[15:56] [0m[31;1m[Clan] Nix :[0m round trip ticket to third world countries can't  cost that much[0m
[15:57] [0m[31;1m[Clan] Oscar :[0m I'm buying your mom one too[0m
[15:59] [0m[31;1m[Clan] Oscar :[0m damnit, still 6hrs til dupe is up after dumping xp into it laf[0m
[16:00] [0m[31;1m[Clan] Prism :[0m mine is up if you need it now[0m
[16:00] [0m[31;1m[Clan] Oscar :[0m laf[0m
[16:00] [0m[31;1m[Clan] Oscar :[0m i do :P[0m
[16:00] [0m[31;1m[Clan] Oscar :[0m I want that mask[0m
[16:00] [0m[31;1m[Clan] Prism :[0m the one on AH?[0m
[16:00] [0m[31;1m[Clan] Oscar :[0m nog[0m
[16:00] [0m[31;1m[Clan] Oscar :[0m ty[0m
[16:00] [0m[31;1m[Clan] Prism :[0m gimme a minute[0m
[16:00] [0m[31;1m[Clan] Oscar :[0m nog, no rush[0m
[16:00] [0m[31;1m[Clan] Prism :[0m hm there isn't one up there[0m
[16:01] [0m[31;1m[Clan] Oscar :[0m wtf[0m
[16:01] [0m[31;1m[Clan] Oscar :[0m olorin just bought it[0m
[16:01] [0m[31;1m[Clan] Prism :[0m nog talking to him now[0m
[16:01] [0m[31;1m[Clan] Oscar :[0m its prolly bindy[0m
[16:01] [0m[31;1m[Clan] Oscar :[0m so its useless[0m
[16:02] [0m[31;1m[Clan] Oscar :[0m for someone to try and steal[0m
[16:03] [0m[31;1m[Clan] Oscar :[0m woot, real freezer too now[0m
[16:03] [0m[31;1m[Clan] Prism :[0m boxing this[0m
[16:03] [0m[31;1m[Clan] Oscar :[0m gonna go fuck sector z up![0m
[16:03] [0m[31;1m[Clan] Oscar :[0m ty[0m
[16:03] [0m[31;1m[Clan] Prism :[0m np[0m
[16:03] [0m[31;1m[Clan] Oscar :[0m gotta get a string[0m
[16:03] [0m[31;1m[Clan] Oscar :[0m anyonr have a reforge?[0m
[16:03] [0m[31;1m[Clan] Ser :[0m 217/521[0m
[16:04] [0m[31;1m[Clan] Oscar :[0m lol[0m
[16:04] [0m[31;1m[Clan] Oscar :[0m you're gonna be in there til tomorrow[0m
[16:04] [0m[31;1m[Clan] Ser :[0m i've been in here pretty much since yesterday[0m
[16:04] [0m[31;1m[Clan] Prism :[0m what's the syntax to list something on the AH? I've literally never done it[0m
[16:04] [0m               before[0m
[16:04] [0m[31;1m[Clan] Ser :[0m i should probably find some better weapons[0m
[16:04] [0m[31;1m[Clan] Ser :[0m ahlist[0m
[16:04] [0m[31;1m[Clan] Ser :[0m oh to auction?[0m
[16:05] [0m[31;1m[Clan] Ser :[0m i do auction xxx;10;11;48[0m
[16:05] [0m[31;1m[Clan] Prism :[0m do you have to use ;?[0m
[16:05] [0m[31;1m[Clan] Oscar :[0m no[0m
[16:05] [0m[31;1m[Clan] Ser :[0m where xxx is item name, 10 is starting bid, 11 is buyout, 48 is hours[0m
[16:05] [0m[31;1m[Clan] Ser :[0m no, 1 per line[0m
[16:05] [0m[31;1m[Clan] Oscar :[0m dope, masked![0m
[16:06] [0m[31;1m[Clan] Ser :[0m does spork hit 100 wc w/ hone?[0m
[16:06] [0m[31;1m[Clan] Oscar :[0m probably[0m
[16:07] [0m[31;1m[Clan] Oscar :[0m well, I was gonna check on a garden hoe for you...but that card still hates me[0m
[16:07] [0m[31;1m[Clan] Ser :[0m laf[0m
[16:07] [0m[31;1m[Clan] Ser :[0m if i got a hoe i'd need a lime wedge too so..[0m
[16:10] [0m[31;1m[Clan] Nix :[0m i got a hoe for you ser[0m
[16:10] [0m[31;1m[Clan] Nix :[0m backpage.com son[0m
[16:15] [0m[32mValentine tells you:[0m You can't ignore my techno.                              [0m
[16:15] [0m[34;1mGrot shouts:[0m Lies and slander[0m
[16:15] [0m[34;1mGumby shouts:[0m i can damn well try[0m
[16:15] [0m[34;1mYik shouts:[0m the techno union turns it down for noone[0m
[16:15] [0m[34;1mZiphe shouts:[0m no, it's my techno[0m
[16:15] [0m[34;1mAlassra shouts:[0m mmmpsh, mmmpsh, mmmpsh[0m
[19:19] [0m[37;1m[JEDI]:[0m Reena Bel Noir arrives at the Academy.[0m
[19:23] [0mSeeker {Professions}: any muters got colors to mute a CMC me?[0m
[19:27] [0m[34;1mGumby shouts:[0m big letters[0m
[19:29] [0m[35;1mZartan [Jedi(113)]:[0m If you can't convince them, confuse them.[0m
[19:30] [0m[Auction] Gumby (cybo) : shameless[0m
[19:30] [0m[Auction] Wert (jedi) : helping[0m
[19:30] [0m[Auction] Tony (bard) : :([0m
[19:35] [0mHe says: Gilgalal is a meanie! he hurt me...[0m
[19:36] [0m[37;1mZiphe <.oO>:[0m does fry ALL multiply the damage or divide the damage?[0m
[19:37] [0m[37;1mTony <.oO>:[0m fries everyting for the same damage[0m
[19:37] [0m[37;1mFluffy <.oO>:[0m neither, hits all in room for same amount as normal[0m
[19:37] [0m[37;1mZiphe <.oO>:[0m that doesn't answer my question[0m
[19:37] [0m[37;1mTony <.oO>:[0m so multiply the damage?[0m
[19:37] [0m[37;1mZiphe <.oO>:[0m that means it multiplies[0m
[19:37] [0m[37;1mZiphe <.oO>:[0m thanks![0m
[19:38] [0m[37;1mLeianne <.oO>:[0m fry all at rimalkin with 4 in the room, did like 330k damage in a round[0m
[19:38] [0m[37;1mZiphe <.oO>:[0m sick[0m
[19:38] [0m[37;1mTurak <.oO>:[0m and then they all angrily beat your face in[0m
[19:39] [0m[37;1mLeianne <.oO>:[0m yup. only took like 5-10% off.. next round, kaput me[0m
[19:39] [0m[37;1mTurak <.oO>:[0m I can only imagine the silly numbers report for using it on a lateboot 50+ citizen[0m
[19:39] [0m             stack though :p[0m
[19:40] [0m[37;1mLeianne <.oO>:[0m TH did warn against abusing it at land2 or somewhere..[0m
[19:41] [0m[34;1mTony shouts:[0m Tony is an id10t[0m
[19:41] [0m[Auction] Space (necr) : useless 5% non dupable dont buy[0m
[19:42] [0m[37;1mTurak <.oO>:[0m that was more aimed at actively collecting 100s of mobs in 1 room to all hit you,[0m
[19:42] [0m             basically making your chracter draw as much from the driver as dozens of people[0m
[19:44] [0m[37;1mLeianne <.oO>:[0m yeah.. something like that. That was a while ago. Turnhold said not to do it or[0m
[19:44] [0m               he will add code to prevent it.. didn't remember if he did eventually[0m
[19:44] [0m[37;1mSpace <.oO>:[0m fry all hits all mobs in one room each for its max damage, which in my case is[0m
[19:44] [0m             around 88k (eternal level dependant)[0m
[19:48] [0m[Auction] Echoloc (jugg) : KahNNNNN![0m
[19:50] [0m[37;1m[JEDI]:[0m Kerran Halcyon arrives at the Academy.[0m
[19:53] [0m[37;1mOscar <.oO>:[0m and when nauda was doing it on every mob in land2 it caused like 30 second lag[0m
[19:53] [0m             spikes for the mud[0m
[19:53] [0m[37;1mOscar <.oO>:[0m so, don't do that :)[0m
[19:59] [0m[34;1mZiphe shouts:[0m you can do it old server![0m
[19:59] [0m[34;1mSpace shouts:[0m laaaaaaaaaaaaaaaaaaagggggggggggggggggggggggggggggggggggg[0m
[19:59] [0m[34;1mSpace shouts:[0m Lag Average:    0.00   0.00   0.00   0.00   1.20  Peak:   1.25[0m
[19:59] [0m[34;1mTony shouts:[0m ALMOST THERE   5 days left[0m
[20:00] [0m[34;1mKikipopo shouts:[0m Sorry, that was me, one time thing[0m
[20:00] [0md  Wm:g Wc:  8% Gx:  2.34% Fx: 59.42%[0m
[20:00] [0m[34;1mSarge shouts:[0m feed the hamster already!![0m
[20:00] [0m[34;1mLeianne shouts:[0m heh. thought was someone doing a (fry ALL :p[0m
[20:00] [0m[34;1mGilneas shouts:[0m freakin kiki[0m
[20:00] [0m[34;1mAiki shouts:[0m this thing runs on i386 tech, how is lag still a thing?[0m
[20:01] [0m[34;1mAiki shouts:[0m unless its still running on an i386...[0m
[20:01] [0m[34;1mGumby shouts:[0m so you are dg everyone's gobj then kiki ?[0m
[20:01] [0m[34;1mEcholoc shouts:[0m i got my windows 3.1 box still rockin some aol[0m
[20:01] [0m[34;1mWhoknows shouts:[0m i386?? it's a tandy 1000[0m
[20:03] [0m[34;1mGilneas shouts:[0m can we play jumpman on it?[0m
[20:03] [0m[34;1mInquisitor shouts:[0m Commander Keen and the ...  I forget the names of the games but I remember[0m
[20:03] [0m                   commander keen.[0m
[20:04] [0m[34;1mAiki shouts:[0m jumpman was a commodore 64 no?[0m
[20:04] [0m[34;1mChrys shouts:[0m I think it was commander keen and the moldy banana.[0m
[20:04] [0m[34;1mGilneas shouts:[0m believe so.[0m
[20:04] [0m[34;1mZiphe shouts:[0m you didn't know? 3k runs on a raspberry pi 4[0m
[20:04] [0m[34;1mGilneas shouts:[0m i want to find a working atari 2600 so i can play yars revenge[0m
[20:05] [0m[34;1mKikipopo shouts:[0m Running on an LG Android device[0m
[20:22] [0m[37;1m[JEDI]:[0m H'ssani C'talan arrives at the Academy.[0m
[20:33] [0m[31;1m[Clan] Void leaves the game.[0m  [0m
[20:35] [0m[31;1m[Clan] Nix :[0m Resistances:    611   621   458   380   331   223   341   432   441   240[0m
[20:36] [0m[31;1m[Clan] Nix :[0m for a bard that's sick[0m
[20:38] [0m[31;1m[Clan] Oscar :[0m w/o dharmony?[0m
[20:38] [0m[31;1m[Clan] Nix :[0m yeah[0m
[20:38] [0m[31;1m[Clan] Nix :[0m base[0m
[20:38] [0m[31;1m[Clan] Oscar :[0m damn[0m
[20:39] [0m[31;1m[Clan] Oscar :[0m cause of the sector z shit?[0m
[20:39] [0m[31;1m[Clan] Nix :[0m that and i've been stringing earlier versions of cmc[0m
[20:39] [0m[31;1m[Clan] Nix :[0m but the section z main grafted on skin is sick[0m
[20:39] [0m[31;1m[Clan] Nix :[0m extra 54 ac per dtype (plus mskill boost to main)[0m
[20:40] [0m[31;1m[Clan] Oscar :[0m you mean to tell me you've been duping string 2's and cmc's to go kill rimalkins[0m
[20:40] [0m               while i've been scraping away like some peasant?[0m
[20:40] [0m[31;1m[Clan] Nix :[0m no im sitting in sectionz[0m
[20:40] [0m[31;1m[Clan] Nix :[0m was doing vamps a lot earlier in boot[0m
[20:40] [0m[31;1m[Clan] Oscar :[0m who ya partying with in there?[0m
[20:40] [0m[31;1m[Clan] Nix :[0m we need a big priest.. Xaryl, where art thou[0m
[20:40] [0m[31;1m[Clan] Nix :[0m sectionz solo[0m
[20:40] [0m[31;1m[Clan] Oscar :[0m yeah, big priest is the best thing there is[0m
[20:40] [0m[31;1m[Clan] Nix :[0m vamps was terran and ziphe[0m
[20:41] [0m[31;1m[Clan] Oscar :[0m I need to party up w/ ziphe on oscar.  his growth is SICK for my summons[0m
[20:41] [0m[31;1m[Clan] Oscar :[0m like...insane[0m
[20:47] [0m[31;1m[Clan] Oscar :[0m room 449/522 !![0m
[20:52] [0m[37;1m[JEDI]:[0m Alyssa K'tal arrives at the Academy.[0m
[20:57] [0m[37;1mGumby <.oO>:[0m you go girl, shake that eexp!![0m
[21:06] [0m[31;1m[Clan] Ser :[0m 397[0m
[21:08] [0m[31;1m[Clan] Oscar :[0m so, when I get to the end of this sector z[0m
[21:08] [0m[31;1m[Clan] Oscar :[0m there's just a figurine sitting there?[0m
[21:08] [0m[31;1m[Clan] Ser :[0m i dunno it showed up in my inventory[0m
[21:08] [0m[31;1m[Clan] Ser :[0m i think the developer gives it to you[0m
[21:10] [0m<- ! The Vigilant ! -> :  A destabilization Kayos event has been detected in Northern Hills of[0m
[21:10] [0m                          Fantasy!  We are localizing it now - get ready![0m
[21:12] [0m[37;1mWhoknows <.oO>:[0m BoOM[0m
[21:13] [0m[37;1mWhoknows <.oO>:[0m shakalaka[0m
[21:13] [0m[31;1m[Clan] Oscar :[0m 32 rooms left...out of corpses[0m
[21:13] [0m[31;1m[Clan] Oscar :[0m dont want these capsules to rot on me[0m
[21:14] [0m[31;1m[Clan] Nix :[0m smuggle them[0m
[21:14] [0m[37;1mZiphe <.oO>:[0m woot[0m
[21:15] [0m[37;1mChagrin flaps :[0m Note to self: Code won't compile if I type 'hp' and 'gs' into the editor without[0m
[21:15] [0m                paying attention.[0m
[21:15] [0m[31;1m[Clan] Oscar :[0m they dont rot if you smuggle?[0m
[21:15] [0m[31;1m[Clan] Nix :[0m im testing that now[0m
[21:15] [0m[31;1m[Clan] Oscar :[0m well, i'll hold onto 2 of them anyways[0m
[21:15] [0m[31;1m[Clan] Oscar :[0m what stat boost do you get from green at your scaler?[0m
[21:15] [0m[31;1m[Clan] Oscar :[0m those are pretty damn rare to find[0m
[21:15] [0m[31;1m[Clan] Nix :[0m 148 is +18[0m
[21:16] [0m[31;1m[Clan] Nix :[0m there are 4[0m
[21:16] [0m[31;1m[Clan] Nix :[0m off the massive generators[0m
[21:16] [0m[31;1m[Clan] Oscar :[0m i've only seen orange/blue/green[0m
[21:16] [0m[31;1m[Clan] Oscar :[0m whats the 4th one?[0m
[21:16] [0m[31;1m[Clan] Nix :[0m green[0m
[21:16] [0m[31;1m[Clan] Nix :[0m just 3[0m
[21:16] [0m[31;1m[Clan] Oscar :[0m ok[0m
[21:18] [0m[35;1mEnder [Jedi(Knight)]:[0m anyone wanna do the event?[0m
[21:22] [0m[37;1m[JEDI]:[0m Rhaan arrives at the Academy.[0m
[21:22] [0m[37;1mRoken flaps :[0m hotel reset inbound, anyone interested?[0m
[21:22] [0m[31;1m[Clan] Oscar :[0m 11 rooms to go[0m
[21:22] [0m[31;1m[Clan] Oscar :[0m 50 bucks i beat ser[0m
[21:24] [0m[37;1mWhoknows flaps :[0m hotel resets are so passe[0m
[21:24] [0m[37;1mMaverik flaps :[0m I was noticing that[0m
[21:25] [0m[Auction] Robert : Up for bids: A dish of food named +17 Con +17 Int +2 Dex +2 Cha.[0m
[21:25] [0m[Auction] Robert : Colson has requested 50,000 as the opening offer.[0m
[21:25] [0m[Auction] Robert : Got 50,000 from Din(blad).  Do I hear 55,000?[0m
[21:25] [0m[Auction] Robert : 50,000 going once![0m
[21:25] [0m[Auction] Robert : 50,000 going twice![0m
[21:26] [0m[Auction] Robert : Got 55,000 from Oscar(mage).  Do I hear 60,500?[0m
[21:26] [0m[Auction] Robert : 55,000 going once![0m
[21:26] [0m[Auction] Terran (gent) : nice[0m
[21:26] [0m[Auction] Robert : 55,000 going twice![0m
[21:26] [0m[Auction] Robert : Sold to Oscar for 55,000 coins![0m
[21:27] [0m[37;1mRoken flaps :[0m no then *shrug*[0m
[21:28] [0m[31;1m[Clan] Oscar :[0m what align is sector z?[0m
[21:29] [0m[31;1m[Clan] Nix :[0m evil[0m
[21:29] [0m[31;1m[Clan] Oscar :[0m oo[0m
[21:29] [0m[31;1m[Clan] Oscar :[0m i never use my prot evil[0m
[21:29] [0m[31;1m[Clan] Oscar :[0m maybe should start[0m
[21:29] [0m[31;1m[Clan] Nix :[0m what scaler you doing[0m
[21:29] [0m[31;1m[Clan] Oscar :[0m 87[0m
[21:29] [0m[31;1m[Clan] Oscar :[0m anecdote's dungeon[0m
[21:30] [0m[31;1m[Clan] Oscar :[0m my smallest scaler is 97, which fucks me up kinda[0m
[21:30] [0m[31;1m[Clan] Nix :[0m 87?[0m
[21:30] [0m[31;1m[Clan] Oscar :[0m ya[0m
[21:30] [0m[31;1m[Clan] Oscar :[0m err 83[0m
[21:30] [0m[31;1m[Clan] Nix :[0m soft ass mage[0m
[21:30] [0m[31;1m[Clan] Oscar :[0m mobs are about 4il[0m
[21:30] [0m[31;1m[Clan] Oscar :[0m 4mil[0m
[21:30] [0m[31;1m[Clan] Oscar :[0m i want that sp regena t the end[0m
[21:30] [0m[31;1m[Clan] Oscar :[0m i can't be doing big dungeons that take fucking 20 hrs[0m
[21:30] [0m[31;1m[Clan] Nix :[0m lol, we should party it[0m
[21:30] [0m[31;1m[Clan] Oscar :[0m i'd be down[0m
[21:30] [0m[31;1m[Clan] Oscar :[0m you probably dont use corpses in here[0m
[21:31] [0m[31;1m[Clan] Nix :[0m i do[0m
[21:31] [0m[31;1m[Clan] Nix :[0m but i can manage it with mask[0m
[21:31] [0m[31;1m[Clan] Nix :[0m and more dps helps a lot[0m
[21:31] [0m[31;1m[Clan] Oscar :[0m i just need corpses to keep from exploding[0m
[21:42] [0m[31;1m[Clan] Oscar :[0m woo! i think i'm at the end[0m
[21:42] [0m[31;1m[Clan] Oscar :[0m on the brain[0m
[21:42] [0m[31;1m[Clan] Nix :[0m yea[0m
[21:43] [0m[31;1m[Clan] Prism :[0m wish you were on my brain get it[0m
[21:43] [0m[31;1m[Clan] Nix :[0m pervert[0m
[21:43] [0m[31;1m[Clan] Prism :[0m :([0m
[21:43] [0m[31;1m[Clan] Oscar :[0m this is a FAMILY mud[0m
[21:43] [0m[31;1m[Clan] Prism :[0m I'm trying to START a family, Oscar[0m
[21:43] [0m[31;1m[Clan] Oscar :[0m ok, wtf does thi barrier shield do[0m
[21:43] [0m[31;1m[Clan] Oscar :[0m do i just pic it up[0m
[21:43] [0m[31;1m[Clan] Nix :[0m wear it[0m
[21:43] [0m[31;1m[Clan] Nix :[0m more smd[0m
[21:43] [0m[31;1m[Clan] Prism :[0m unknown smd[0m
[21:44] [0m[31;1m[Clan] Prism :[0m Defense   : Unbreakable[0m
[21:44] [0m[31;1m[Clan] Prism :[0m flex[0m
[21:44] [0m[31;1m[Clan] Nix :[0m did you kill the inductor prism?[0m
[21:44] [0m[31;1m[Clan] Prism :[0m ya[0m
[21:44] [0m[31;1m[Clan] Nix :[0m sick area[0m
[21:44] [0m[31;1m[Clan] Prism :[0m oh not this boot no sorry[0m
[21:44] [0m[31;1m[Clan] Prism :[0m but I love the area nod[0m
[21:44] [0m[31;1m[Clan] Prism :[0m you find the box?![0m
[21:44] [0m[31;1m[Clan] Nix :[0m yea[0m
[21:44] [0m[31;1m[Clan] Prism :[0m how cool is that shit[0m
[21:45] [0m[31;1m[Clan] Nix :[0m i have the armour grafted to me it's dope[0m
[21:45] [0m[37;1m[JEDI]:[0m Talia Ska arrives at the Academy.[0m
[21:45] [0m[31;1m[Clan] Nix :[0m balangool armour[0m
[21:45] [0m[31;1m[Clan] Prism :[0m nodnod[0m
[21:45] [0m[31;1m[Clan] Oscar :[0m i wonder if you could put a marble in this thing[0m
[21:45] [0m[31;1m[Clan] Prism :[0m awesome area, my fav 3k area now[0m
[21:46] [0m[31;1m[Clan] Oscar :[0m wtf is the syntax[0m
[21:46] [0m[31;1m[Clan] Oscar :[0m insert orange capsule into the feet[0m
[21:46] [0m[31;1m[Clan] Nix :[0m insert capsule i thought[0m
[21:46] [0m[31;1m[Clan] Nix :[0m just the green ones[0m
[21:46] [0m[31;1m[Clan] Nix :[0m those are the stats[0m
[21:46] [0m[31;1m[Clan] Oscar :[0m orange = sp regen[0m
[21:46] [0m[31;1m[Clan] Nix :[0m well you might want the orange[0m
[21:51] [0m[31;1m[Clan] Oscar :[0m hmmm[0m
[21:51] [0m[31;1m[Clan] Oscar :[0m do i kill this dude?[0m
[21:51] [0m[31;1m[Clan] Oscar :[0m the developer[0m
[21:51] [0m[31;1m[Clan] Nix :[0m who?[0m
[21:51] [0m[31;1m[Clan] Nix :[0m no[0m
[21:51] [0m[31;1m[Clan] Nix :[0m talk to him[0m
[21:51] [0m[31;1m[Clan] Oscar :[0m why not[0m
[21:51] [0m[31;1m[Clan] Oscar :[0m i am talking to him[0m
[21:51] [0m[31;1m[Clan] Nix :[0m hostage[0m
[21:51] [0m[31;1m[Clan] Nix :[0m he'll get pissed[0m
[21:51] [0m[31;1m[Clan] Nix :[0m and toss you[0m
[21:52] [0m[31;1m[Clan] Oscar :[0m laf[0m
[21:52] [0m[31;1m[Clan] Oscar :[0m this is hilarious[0m
[21:52] [0m[31;1m[Clan] Oscar :[0m hahaha[0m
[21:52] [0m[31;1m[Clan] Oscar :[0m ya, he booted me[0m
[21:53] [0m[31;1m[Clan] Oscar :[0m wonder what the ac of these boots are[0m
[21:54] [0m[31;1m[Clan] Oscar :[0m at this scaler[0m
[21:54] [0m[31;1m[Clan] Oscar :[0m transmuting the armor from there could be the real move[0m
[21:54] [0m[31;1m[Clan] Oscar :[0m toss that on a ring[0m
[21:54] [0m[31;1m[Clan] Nix :[0m the box is the move[0m
[21:54] [0m[31;1m[Clan] Oscar :[0m yeah, that sounds nice[0m
[22:05] [0m[37;1mEnder flaps :[0m best apocalypse/distopian movies? I watched day after tomorrow and 2012.[0m
[22:06] [0m[37;1mStasis flaps :[0m The Day After, is good[0m
[22:06] [0m[31;1m[Clan] Ser :[0m 458/521[0m
[22:07] [0m[37;1mWhoknows flaps :[0m I enjoyed the book of eli[0m
[22:08] [0m[37;1mAlassra flaps :[0m Book of Eli was surprisingly good[0m
[22:08] [0m[37;1mAlassra flaps :[0m no one going with the classic Mad Max?[0m
[22:08] [0m[37;1mAlassra flaps :[0m or Fury Road?[0m
[22:09] [0m[31;1m[Clan] Oscar :[0m kicked yo ass[0m
[22:09] [0m[37;1mWhoknows flaps :[0m if you go mad max, might as well throw in planet of the apes[0m
[22:10] [0m[31;1m[Clan] Ser :[0m killing 3mils[0m
[22:10] [0m[31;1m[Clan] Nix :[0m mine are 52-54m =P[0m
[22:10] [0m[37;1mWhoknows flaps :[0m wanna go biblical, the stand.. dunno about the remake[0m
[22:10] [0m[31;1m[Clan] Ser :[0m mine are 40-45m[0m
[22:11] [0m[31;1m[Clan] Nix :[0m yea he's in the freshman leagues ser[0m
[22:11] [0m[37;1mEnder flaps :[0m yah, there's a lot of these. i think i need to start with odler classics.[0m
[22:22] [0m[37;1m[JEDI]:[0m Janath Meelin arrives at the Academy.[0m
[22:30] [0m[31;1m[Clan] Nix :[0m yeah i think 25[0m
[22:30] [0m[31;1m[Clan] Nix :[0m wl[0m
[22:42] [0m[31;1m[Clan] Oscar :[0m latet[0m
[22:53] [0m[31;1m[Clan] Ser :[0m ive been running this since yesterday[0m
[22:53] [0m[31;1m[Clan] Ser :[0m literally like 28 hrs[0m
[22:58] [0m[37;1m[JEDI]:[0m Wennic Ber'ni'lok arrives at the Academy.[0m
[23:03] [0m[31;1m[Clan] Sock wiggles off your foot.[0m  [0m
[23:34] [0m[37;1m[JEDI]:[0m Bithoff Jonansaan arrives at the Academy.[0m
[23:42] [0m[31;1m[Clan] Ser :[0m 485/521[0m
[23:50] [0m[34;1mAlassra shouts:[0m Lol![0m
[23:57] [0m[37;1m[JEDI]:[0m Janath Meelin arrives at the Academy.[0m
