- = LOG STARTED [00:00] = -
- = LOG STARTED [00:00] = -
[00:27] [0m[34;1mCapernicus shouts:[0m FLUFFY[0m
[00:31] [0m[37;1m[JEDI]:[0m Bithoff Jonansaan arrives at the Academy.[0m
[01:04] [0m[34;1mNightrider shouts:[0m Make Gumby Great Again[0m
[01:04] [0m[34;1mFluffy shouts:[0m i hear that guy suxs[0m
[01:05] [0m[37;1m[JEDI]:[0m Tobias Kel'ach'nar arrives at the Academy.[0m
[01:14] [0m[34;1mFluffy shouts:[0m big letters![0m
[01:14] [0m[34;1mSpace shouts:[0m woo![0m
[18:23] [0m[37;1m[JEDI]:[0m Herah Wylann arrives at the Academy.[0m
[18:35] [0m[34;1mKenny shouts:[0m CHICKEN WANGS[0m
[18:38] [0mYour transmuter's stone bursts with 3 new colours![0m
[18:49] [0m[37;1m[JEDI]:[0m Reena Bel Noir arrives at the Academy.[0m
[18:49] [0m[34;1mMud shouts:[0m woot![0m
[18:49] [0m[34;1mSquirrel shouts:[0m boom[0m
[19:21] [0m[37;1m[JEDI]:[0m Herah Wylann arrives at the Academy.[0m
[19:33] [0m[32mYou say:[0m ..[0m
[19:35] [0m[33;1m[Clan] Boot :[0m moo[0m
[19:35] [0m[33;1m[Clan] Ipsie :[0m bock[0m
[19:35] [0m[33;1m[Clan] Boot :[0m i've been saving all my gxp to blow when adalius is on[0m
[19:36] [0m[33;1m[Clan] Ipsie :[0m hehe[0m
[19:36] [0m[33;1m[Clan] Boot :[0m he threatened a dg last time so i wanna see what he says[0m
[19:36] [0m[33;1m[Clan] Boot :[0m i think he did slow the rate a little, either that or i have been idling out more[0m
[19:36] [0m[33;1m[Clan] Boot :[0m probably the latter[0m
[19:39] [0mYour transmuter's stone bursts with 2 new colours![0m
[19:44] [0m[34;1mCapernicus shouts:[0m pull rope baby[0m
[19:50] [0m[37;1m[JEDI]:[0m Durnoth arrives at the Academy.[0m
[19:55] [0m[34;1mKitt shouts:[0m Make It SO[0m
[20:00] [0m[33;1m[Clan] Rebar leaves the game.[0m  [0m
[20:07] [0m[33;1m[Clan] Boot :[0m hmm i think i can sustain blinding attacks/rnd now[0m
[20:07] [0m[33;1m[Clan] Boot :[0m going to give it a shot[0m
[20:07] [0m[33;1m[Clan] Boot :[0m anyone wanna let me hit behind em in hotel?  i'll make sure all my shit is off[0m
[20:07] [0m              (@nix :P)[0m
[20:09] [0m[33;1m[Clan] Nik :[0m it wont be as koo, but i can![0m
[20:11] [0m[33;1m[Clan] Boot :[0m no worries, i dont wanna get myself killed again[0m
[20:12] [0m[33;1m[Clan] Boot :[0m literally that's what happened last time is i killed myself[0m
[20:12] [0m[33;1m[Clan] Boot :[0m so[0m
[20:13] [0m[33;1m[Clan] Nik :[0m sounds like you trusted the wrong necro![0m
[20:13] [0m[33;1m[Clan] Boot :[0m nah it was nix, and it was my trigs that killed me[0m
[20:13] [0m[33;1m[Clan] Nik :[0m ahh, laff[0m
[20:13] [0m[33;1m[Clan] Boot :[0m i'm just that good[0m
[20:13] [0m[33;1m[Clan] Nix :[0m i was gonna say... i didn't kill you![0m
[20:13] [0m[33;1m[Clan] Nik :[0m haha[0m
[20:13] [0m[33;1m[Clan] Nik :[0m do fremen need that sorta upkeep?[0m
[20:13] [0m[33;1m[Clan] Boot :[0m i agree, i don't need any help from anyone[0m
[20:14] [0m[33;1m[Clan] Boot :[0m uhh, corpses here and there for water[0m
[20:14] [0m[33;1m[Clan] Boot :[0m don't think i can use preserved ones[0m
[20:14] [0m[33;1m[Clan] Nik :[0m dang[0m
[20:14] [0m[33;1m[Clan] Nik :[0m double dang[0m
[20:14] [0m[33;1m[Clan] Boot :[0m if i stock up on water b4 tho it'd last me awhile[0m
[20:14] [0m[33;1m[Clan] Nik :[0m sounds like sii control[0m
[20:14] [0m[33;1m[Clan] Nix :[0m don't let him fool you... he drinks his own pee in that stillsuit of his[0m
[20:14] [0m[33;1m[Clan] Boot :[0m i mean, i have...  1 *fremen belt with nine filled literjons attached (worn).[0m
[20:15] [0m[33;1m[Clan] Nik :[0m haha! literjons[0m
[20:15] [0m[33;1m[Clan] Aka :[0m piss jugs[0m
[20:15] [0m[33;1m[Clan] Boot :[0m i don't think they hold much tho, (10 water each?) and smallish corpses give like[0m
[20:15] [0m              50+ water[0m
[20:15] [0m[33;1m[Clan] Boot :[0m my max is 592 atm[0m
[20:16] [0m[33;1m[Clan] Boot :[0m i also have +19 con/+18 str from donating water, each con is like +5 max water[0m
[20:16] [0m[33;1m[Clan] Nik :[0m daymn, control sounds a lil nicer![0m
[20:16] [0m[33;1m[Clan] Nik :[0m oo, thats nifty[0m
[20:16] [0m[33;1m[Clan] Boot :[0m if i go all out attacks, i use 20/rnd, and then it takes ~30 rounds to recycle,[0m
[20:16] [0m              and i can go roughly 1.3x over my max in recycled water[0m
[20:17] [0m[33;1m[Clan] Boot :[0m so my water generally looks like :  W:93/592(642)[0m
[20:17] [0m[33;1m[Clan] Boot :[0m and then i lose 1-2 every few rounds cuz i can't drink all my piss[0m
[20:17] [0m[33;1m[Clan] Nik :[0m laff[0m
[20:17] [0m[37;1m[JEDI]:[0m H'ssani C'talan arrives at the Academy.[0m
[20:18] [0m[33;1m[Clan] Boot :[0m so really there's not a LOT of upkeep and it'll get better as i get more con/glvls[0m
[20:20] [0m[33;1m[Clan] Boot :[0m pulling 2mil+/30 now too[0m
[20:20] [0m[33;1m[Clan] Nik :[0m not bad x2![0m
[20:20] [0m[33;1m[Clan] Boot :[0m or right at[0m
[20:23] [0m[33;1m[Clan] Nik :[0m sii get a couple thousand to work with, but theres no piss! and i was gonna say[0m
[20:23] [0m             only brains did the trick, altho it might be more like souls[0m
[20:39] [0mYour transmuter's stone bursts with 4 new colours![0m
[20:40] [0m[37;1m[JEDI]:[0m Rhaan arrives at the Academy.[0m
[20:46] [0mArmy shouts: Game reboot in 49 minutes 11 seconds [0m
[20:46] [0m[34;1mBoot shouts:[0m what[0m
[20:46] [0m[34;1mKenny shouts:[0m wot[0m
[20:46] [0m[34;1mMud shouts:[0m m8[0m
[20:56] [0m[33;1m[Clan] Boot :[0m i think this was a successful boot[0m
[20:56] [0m[33;1m[Clan] Boot :[0m haha[0m
[20:57] [0m[33;1m[Clan] Nik :[0m defly looks like youre killin it![0m
[20:57] [0m[33;1m[Clan] Nik :[0m makes me wanna get back to hc[0m
[20:58] [0m[33;1m[Clan] Boot :[0m qwerty was my best one tho, made it to 65...  but last fremen i made it to[0m
[20:58] [0m              46/glevel 70, and i'm close to that w/ this guy[0m
[20:58] [0mArmy shouts: Game reboot in 36 minutes 43 seconds [0m
[20:59] [0m[33;1m[Clan] Boot :[0m won't make it to 45 this boot tho[0m
[20:59] [0m[33;1m[Clan] Boot :[0m so close from that 1 skill point :P[0m
[21:00] [0m[33;1m[Clan] Nik :[0m thats pretty good for a hc! and haha, so close[0m
[21:05] [0m[37;1m[JEDI]:[0m Janath Meelin arrives at the Academy.[0m
[21:06] [0m[33;1m[Clan] Boot :[0m unless you're an android and a cheater[0m
[21:08] [0mArmy shouts: Game reboot in 27 minutes 22 seconds [0m
[21:09] [0m[33;1m[Clan] Cambiador enters the game.[0m  [0m
[21:12] [0mAnzyn flaps : corpses at cot if anyone wants[0m
[21:15] [0m[34;1mZor shouts:[0m woo!!!!!!!!!!!!!!!!!!!!!!!!!!!!!!!!!!!!!!!!!!!![0m
[21:15] [0mArmy shouts: Game reboot in 20 minutes 21 seconds [0m
[21:15] [0m[34;1mMental shouts:[0m the mud had a birthday![0m
[21:16] [0m[34;1mMud shouts:[0m thankyas[0m
[21:18] [0m[34;1mBoot shouts:[0m what a way to end a ...  boot...[0m
[21:18] [0m[34;1mBoot shouts:[0m *ducks*[0m
[21:19] [0m[34;1mKenny shouts:[0m quick give out all the boons[0m
[21:20] [0mArmy shouts: Game reboot in 15 minutes 5 seconds [0m
[21:24] [0m[35;1mAlstor [Jedi(Staff)]:[0m I shall be selling the Armory off shortly. Please return any borrowed[0m
[21:24] [0m                      equipment promptly.[0m
[21:24] [0mArmy shouts: Game reboot in 11 minutes 8 seconds [0m
[21:24] [0m[35;1mAlstor [Jedi(Staff)]:[0m I sold the contents of the Armory for 290535 coins and credited your[0m
[21:24] [0m                      accounts with your share of the proceeds.[0m
[21:24] [0m[34;1mNik shouts:[0m playcult like getting the covi first is good[0m
[21:25] [0m[34;1mNik shouts:[0m while theres still beds, ventilators, and medical staff left[0m
[21:27] [0mArmy shouts: Game reboot in 8 minutes 11 seconds [0m
[21:29] [0mArmy shouts: Game reboot in 5 minutes 58 seconds [0m
[21:30] [0m[37;1m[JEDI]:[0m Talia Ska arrives at the Academy.[0m
[21:31] [0mArmy shouts: TELL ARMY if you want a free transport![0m
[21:31] [0mArmy shouts: Game reboot in 4 minutes 18 seconds [0m
[21:32] [0mArmy shouts: Game reboot in 3 minutes 3 seconds [0m
[21:33] [0m[33;1m[Clan] Boot leaves the game.[0m  [0m
[21:33] [0m[33;1m[Clan] Cambiador leaves the game.[0m  [0m
[21:33] [0m[33;1m[Clan] Ser enters the game.[0m  [0m
[21:33] [0mArmy shouts: Game reboot in 2 minutes 7 seconds [0m
[21:33] [0m[35;1mAlstor [Jedi(Staff)]:[0m I sold the contents of the Armory for 1359 coins and credited your[0m
[21:33] [0m                      accounts with your share of the proceeds.[0m
[21:34] [0mArmy shouts: Game reboot in 1 minute 25 seconds [0m
[21:34] [0m[34;1mZor shouts:[0m wave!!![0m
[21:34] [0mArmy shouts: Game reboot in 53 seconds [0m
[21:35] [0mArmy shouts: Game reboot in 29 seconds [0m
[21:35] [0m[34;1mKrom shouts:[0m first last[0m
[21:35] [0m[34;1mSer shouts:[0m rererereboot[0m
[21:35] [0mArmy shouts: Game reboot in 11 seconds [0m
[21:38] [0m[33;1m[Clan] Nik enters the game.[0m  [0m
[21:38] [0m[33;1m[Clan] Xaryl enters the game.[0m  [0m
[21:38] [0m[33;1m[Clan] Knox enters the game.[0m  [0m
[21:39] [0m[37;1m[JEDI]:[0m Ylenic It'kla arrives at the Academy.[0m
[21:39] [0m[33;1m[Clan] Xaryl :[0m ugh, disconnected right after logged in[0m
[21:39] [0m[33;1m[Clan] Knox :[0m same[0m
[21:39] [0m[33;1m[Clan] Ser :[0m i was #21[0m
[21:39] [0m[33;1m[Clan] Ser :[0m and i couldnt get in at first[0m
[21:39] [0m[33;1m[Clan] Nix :[0m im so lagged[0m
[21:39] [0m[33;1m[Clan] Nik :[0m laggy af[0m
[21:39] [0m[33;1m[Clan] Knox :[0m me too, that was a rough one[0m
[21:40] [0m[34;1mSer shouts:[0m woo[0m
[21:40] [0m[34;1mInix shouts:[0m seriously...rude[0m
[21:41] [0m[33;1m[Clan] Aka enters the game.[0m  [0m
[21:42] [0m[32mYou say:[0m woo[0m
[21:42] [0mXaryl whispers a prayer and points at Skeletal Warrior Lord.[0m
[21:42] [0m[32mXaryl says:[0m Most powerful Selene... Grant our disciple, Roken the[0m
[21:42] [0m            power of your divine blessing, so we may destroy your[0m
[21:42] [0m            enemies![0m
[21:43] [0mYour transmuter's stone bursts with 3 new colours![0m
[21:43] [0m[32mWhoknows says:[0m dupe set plz :D[0m
[21:44] [0m[32mKnox says:[0m im just here to refresh :)[0m
[21:44] [0m[32mSky says:[0m am i clar to refersh?[0m
[21:44] [0m[32mSky says:[0m im refreshing next[0m
[21:44] [0m[32mYou say:[0m im refreshing after sky[0m
[21:44] [0m[32mWhoknows says:[0m oops[0m
[21:44] [0m[32mWhoknows says:[0m g from sack whoever[0m
[21:44] [0m[32mWhoknows says:[0m that was[0m
[21:46] [0m[34;1mHyuga shouts:[0m DRUNK BOOT RUN[0m
[21:46] [0m[34;1mLance shouts:[0m Extreme![0m
[21:46] [0m[32mKnox says:[0m me ?[0m
[21:46] [0m[32mStasis says:[0m anyone resetting?[0m
[21:46] [0m[32mStasis says:[0m mind if i hit too?[0m
[21:46] [0m[32mKnox says:[0m sure[0m
[21:47] [0m[32mYou say:[0m id like to kick me in the nads when ready[0m
[21:47] [0m[32mKnox says:[0m i can hit for whoever if you want the damage[0m
[21:47] [0m[32mStasis says:[0m roken?[0m
[21:47] [0m[33;1m[Clan] Archangel enters the game.[0m  [0m
[21:47] [0m[34;1mMugen shouts:[0m neewb[0m
[21:48] [0m[32mStasis says:[0m k resetting[0m
[21:48] [0m[32mYou say:[0m too late[0m
[21:48] [0m[32mNix says:[0m can i dupe lord?[0m
[21:48] [0m[32mStasis says:[0m yip[0m
[21:48] [0m[32mKnox says:[0m quick![0m
[21:48] [0m[32mYou say:[0m did we both refresh? i stepped out to the bathroom[0m
[21:48] [0m[32mKnox says:[0m you reset yet roken ?[0m
[21:49] [0m[32mYou say:[0m heh stasis and i both did oops[0m
[21:52] [0;1;34mRikken shouts: [0mPolls are now open![0m
[21:54] [0m[33;1m[Clan] Nix :[0m brt[0m
[21:55] [0mBarian flaps : lag isnt my friend[0m
[21:55] [0mHyuga flaps : i love lag[0m
[21:56] [0m[34;1mHyuga shouts:[0m this is like a snickers hole but for 3k[0m
[21:56] [0m[34;1mSer shouts:[0m anyone else experiencing a bit of lag[0m
[21:56] [0m[34;1mCaboose shouts:[0m oh yeah[0m
[21:56] [0m[34;1mMud shouts:[0m smidge[0m
[21:56] [0m[34;1mSer shouts:[0m what's up with that[0m
[21:57] [0m[34;1mJasmine shouts:[0m The Snickers hole, it's working![0m
[21:57] [0m[34;1mInix shouts:[0m Peak 2.00[0m
[21:57] [0m[34;1mNik shouts:[0m everybody turn your bot off for 2 mins[0m
[21:57] [0m[34;1mHyuga shouts:[0m sorry. bangin 10s[0m
[21:57] [0m[34;1mSer shouts:[0m more concerned about Lag Average:    0.15   0.20   0.20   0.45   0.30[0m
[21:57] [0m[34;1mNix shouts:[0m i just thought this was a throwback 96 boot[0m
[21:58] [0m[34;1mFluffy shouts:[0m uk is causing lag ... get him![0m
[21:58] [0m[33;1m[Clan] Ser :[0m sorry i'm not helping[0m
[21:58] [0mXiu flaps : some wiz just dest, jail and wipe me. put me out of my misery.[0m
[21:58] [0m[33;1m[Clan] Knox :[0m that lag is icky[0m
[21:58] [0m[33;1m[Clan] Nik :[0m cryptwalk to uk 1n of resid[0m
[21:59] [0m[33;1m[Clan] Ser :[0m i mean lag doesnt help against uk, but i'm trying to map an area real fast so[0m
[21:59] [0m             that's why i'm sorry :P[0m
[22:00] [0m[33;1m[Clan] Ipsie enters the game.[0m  [0m
[22:01] [0m[33;1m[Clan] Void enters the game.[0m  [0m
[22:03] [0m[33;1m[Clan] Nix :[0m ser want shard[0m
[22:03] [0m[33;1m[Clan] Ser :[0m yes[0m
[22:04] [0m[33;1m[Clan] Nix :[0m in box[0m
[22:04] [0m[33;1m[Clan] Nik :[0m oo can i dupes shield?[0m
[22:04] [0m[33;1m[Clan] Ser :[0m me 2[0m
[22:04] [0m[33;1m[Clan] Nix :[0m yeah ss[0m
[22:05] [0m[33;1m[Clan] Xaro enters the game.[0m  [0m
[22:05] [0m[33;1m[Clan] Archangel :[0m me 3[0m
[22:05] [0m[33;1m[Clan] Nix :[0m going to log for a bit... this is bullshit with the lag[0m
[22:05] [0m[33;1m[Clan] Ser :[0m it's cleared up[0m
[22:05] [0m[33;1m[Clan] Nix :[0m not for me[0m
[22:07] [0m[33;1m[Clan] Ser :[0m ok maybe not[0m
[22:07] [0m[33;1m[Clan] Archangel :[0m Who has redaxe that I can dup?[0m
[22:08] [0m[33;1m[Clan] Nik :[0m 10% auro in box if anyone needs it[0m
[22:09] [0m[33;1m[Clan] Ipsie :[0m i think barian has og ?[0m
[22:09] [0m[33;1m[Clan] Xaryl :[0m yes[0m
[22:12] [0mRoken flaps : crazy defenses on smurf 120[0m
[22:12] [0mBabylon flaps : indeed.[0m
[22:12] [0mSer flaps : who knew[0m
[22:12] [0mNik flaps : whoknows[0m
[22:12] [0mRoken flaps : 98% and back to 100[0m
[22:12] [0mWhoknows flaps : fc eh[0m
[22:13] [0mSer flaps : why didn't you tell us[0m
[22:13] [0m[33;1m[Clan] Mud leaves the game.[0m  [0m
[22:13] [0m[33;1m[Clan] Mud enters the game.[0m  [0m
[22:14] [0mRoken flaps : 200+ rounds um..[0m
[22:14] [0mRoken flaps : wiki lying about their class?[0m
[22:14] [0m[33;1m[Clan] Roken :[0m guys is there a trick?[0m
[22:14] [0m[37;1m[JEDI]:[0m Kerran Halcyon arrives at the Academy.[0m
[22:14] [0m[33;1m[Clan] Nik :[0m scaler 111[0m
[22:15] [0m[33;1m[Clan] Nik :[0m XD[0m
[22:15] [0m[33;1m[Clan] Ser :[0m past 111 they have random immunities[0m
[22:15] [0m[33;1m[Clan] Roken :[0m good news, I'm not dead. I went in thinking I would[0m
[22:15] [0m[33;1m[Clan] Ser :[0m so swap dtypes until you do damage[0m
[22:15] [0m[33;1m[Clan] Archangel :[0m What has random immunities?[0m
[22:15] [0m[33;1m[Clan] Roken :[0m smurf[0m
[22:15] [0m[33;1m[Clan] Ser :[0m smurfs 112+[0m
[22:16] [0m[33;1m[Clan] Archangel :[0m Ahh[0m
[22:18] [0m[33;1m[Clan] Sock wiggles on your foot.[0m  [0m
[22:20] [0m[33;1m[Clan] Roken :[0m thanks so forgetful[0m
[22:20] [0m[33;1m[Clan] Ser :[0m i'm here for you[0m
[22:21] [0m[33;1m[Clan] Roken :[0m 100k for gems each boot then. ez run for money[0m
[22:25] [0m[33;1m[Clan] Nix leaves the game.[0m  [0m
[22:25] [0m[33;1m[Clan] Nix materializes into existence.[0m  [0m
[22:26] [0m[33;1m[Clan] Ser :[0m lmfao[0m
[22:26] [0m[33;1m[Clan] Ser :[0m [22:24] Adalius tells you: Also, wtf. How did you glvl again last boot[0m
[22:26] [0mnewb Yacoub [adventurer/5]: we still need to solve newbie academy before we leave?[0m
[22:26] [0m[33;1m[Clan] Ser :[0m [22:25] Adalius tells you: Because. I literally made an object that would block you[0m
[22:26] [0m             from training and say 'No, you're downgraded.' I fucking[0m
[22:26] [0mnewb Barian [necromancer/131]: that's the only quest you need to solve[0m
[22:26] [0m[33;1m[Clan] Ser :[0m finished [22:25] Adalius tells you: Because. I literally made an object that would[0m
[22:26] [0m             block you from training and say 'No, you're downgraded.' I fucking[0m
[22:26] [0mnewb Mugen [jedi/136]: yes[0m
[22:27] [0m[33;1m[Clan] Ser :[0m oops finished* [22:25]         uploading it 2 seconds after you did that big burst[0m
[22:27] [0m             of glvling[0m
[22:27] [0m[33;1m[Clan] Ser :[0m [22:25] Adalius tells you: so then I put it on you and yet somehow you STILL[0m
[22:27] [0m             fucking glvld[0m
[22:27] [0mnewb Yacoub [adventurer/5]: ha! guess I need to learn the new newbie space then[0m
[22:27] [0m[33;1m[Clan] Mud :[0m stop glvling![0m
[22:27] [0m[33;1m[Clan] Ser :[0m lol[0m
[22:27] [0m[33;1m[Clan] Ser :[0m i asked him if he was ready, and he said no, hold on[0m
[22:28] [0m[33;1m[Clan] Ser :[0m so he must've been trying to code that[0m
[22:28] [0m[33;1m[Clan] Ser :[0m and then i was like nah, can't wait *spam glevels*[0m
[22:28] [0m[33;1m[Clan] Ser :[0m and he called me a dick xD[0m
[22:28] [0m[33;1m[Clan] Nix :[0m laf[0m
[22:28] [0m[33;1m[Clan] Ser :[0m and now i finally know why xDDD[0m
[22:28] [0mMurdoc {Professions}: Hi ho, hi ho ... it's off to work I go.[0m
[22:29] [0m[33;1m[Clan] Roken :[0m fucking love both of you[0m
[22:29] [0m[33;1m[Clan] Nik :[0m laff[0m
[22:30] [0m[33;1m[Clan] Ser :[0m i hate being thirsty after chugging like 3 bottles of water[0m
[22:30] [0m[33;1m[Clan] Nik :[0m stop eating gasoline sushi[0m
[22:31] [0m[33;1m[Clan] Ser :[0m like my mouth is retarded, i can dip and fill a bottle w/ spit and not be thirsty,[0m
[22:31] [0m             but i try to quit tobacco and then i get thirsty when i don't spit[0m
[22:31] [0m[35;1mRoken [Jedi(78)]:[0m sry think I gxp abused.. I um bought the lightsaber alter gems and now good.[0m
[22:31] [0m                  Wasting smurfs as normal[0m
[22:31] [0m[33;1m[Clan] Nik :[0m ahh hmm, i never thought bout that problem[0m
[22:32] [0m[33;1m[Clan] Nik :[0m maybe some gum?[0m
[22:32] [0m[33;1m[Clan] Ser :[0m yah good call[0m
[22:32] [0m[35;1mHyuga [Jedi(96)]:[0m after 500 rounds you get no gxp[0m
[22:32] [0m[33;1m[Clan] Ser :[0m mud, you're beating me on tplist[0m
[22:33] [0m[35;1mHyuga [Jedi(96)]:[0m but we will still smite you for good measure[0m
[22:33] [0m[35;1mRoken [Jedi(78)]:[0m ik.. just feels like abuse when you are surving and doing no dmg[0m
[22:33] [0m[35;1mHyuga [Jedi(96)]:[0m Jasmine. KEEL him.[0m
[22:33] [0m[35;1mRoken [Jedi(78)]:[0m surviving[0m
[22:33] [0m[34;1mFluffy shouts:[0m and that is why we can't have nice things ... voodude breaks them![0m
[22:33] [0m[32;1mFrom afar, Siem grins at you.[0m[0m
[22:33] [0m[35;1mHyuga [Jedi(96)]:[0m nah its just terrible xp and gxp[0m
[22:33] [0m[34;1mNik shouts:[0m like a bull in a china shop[0m
[22:35] [0m[35;1mRoken [Jedi(78)]:[0m there syntax for checking activated crystal?[0m
[22:35] [0m[35;1mHyuga [Jedi(96)]:[0m there are ways... exa prolly works[0m
[22:36] [0m[35;1mHyuga [Jedi(96)]:[0m i forget. hasnt ever been an issue.[0m
[22:36] [0m[35;1mHyuga [Jedi(96)]:[0m i have aliases that change my attack ansi when i change my gem[0m
[22:36] [0m[35;1mRoken [Jedi(78)]:[0m just says class 10 (energy) unless it defaults after mob dies[0m
[22:36] [0m[35;1mHyuga [Jedi(96)]:[0m so i can tell by the color what dmg type i am doing[0m
[22:37] [0m[35;1mHyuga [Jedi(96)]:[0m i dont have to type anythint[0m
[22:37] [0m[35;1mRoken [Jedi(78)]:[0m i would do your method but I have the ansi change to the tune of the weapon[0m
[22:37] [0m                  since I have all stabby things[0m
[22:39] [0m[33;1m[Clan] Nix :[0m how bout all these colleges cancelling classes for the rest of the semester[0m
[22:39] [0m[35;1mHyuga [Jedi(96)]:[0m shrug. to each their own. i fight a lot of critters so it helps to know which[0m
[22:39] [0m                  dmg type i am using[0m
[22:39] [0m[33;1m[Clan] Nik :[0m i prefer to stick my head in the ground like an ostrich ty[0m
[22:39] [0m[35;1mRoken [Jedi(78)]:[0m adding this to the hpbar then[0m
[22:40] [0m[33;1m[Clan] Nik :[0m aint no plague can get me here![0m
[22:40] [0m[35;1mRoken [Jedi(78)]:[0m why not, I have a cell counter in hpbar[0m
[22:40] [0m[35;1mHyuga [Jedi(96)]:[0m i just like, have an alias say focus alter on fire[0m
[22:40] [0m[35;1mJasmine [Jedi(Knight)]:[0m lice shampoo doesnt count as fighting a lot of critters :p[0m
[22:40] [0m[35;1mRoken [Jedi(78)]:[0m laf[0m
[22:40] [0m[35;1mHyuga [Jedi(96)]:[0m err focus alter to fire\aset attacks hired[0m
[22:41] [0m[35;1mHyuga [Jedi(96)]:[0m what me and my critters do is our business[0m
[22:42] [0m[37;1m[JEDI]:[0m Alyssa K'tal arrives at the Academy.[0m
[22:44] [0mYour transmuter's stone bursts with 5 new colours![0m
[22:45] [0m[33;1m[Clan] Xaris enters the game.[0m  [0m
[22:49] [0m[33;1m[Clan] Nix :[0m i gotta say.... i don't think i like the iphone so far[0m
[22:50] [0m[33;1m[Clan] Nix :[0m there's much convenience with android thats just not available on this... maybe it[0m
[22:50] [0m             is ill keep playing, but so far meh[0m
[22:53] [0m[33;1m[Clan] Cambiador enters the game.[0m  [0m
[22:58] [0m[33;1m[Clan] Nix :[0m ios doesn't let you run background app connections?[0m
[22:58] [0m[33;1m[Clan] Nix :[0m da faq[0m
[22:59] [0m[33;1m[Clan] Ser :[0m https://tinyurl.com/rt333k9 this is what cures coronavirus[0m
[23:04] [0m[33;1m[Clan] Roken :[0m @nix... ios ver? I run terminus in bg just fine. Altho, I think it is a culprit[0m
[23:04] [0m               for my battery dying even if my screen is off. 100 to 20ish by time I get off[0m
[23:04] [0m               work[0m
[23:04] [0m[33;1m[Clan] Nix :[0m 13[0m
[23:05] [0m[33;1m[Clan] Nix :[0m have to disable battery optimization for it?[0m
[23:05] [0m[34;1mSer shouts:[0m 3 cheers for adalius[0m
[23:05] [0m[33;1m[Clan] Roken :[0m and use terminus? It was one of their latest features to run... ya maybe[0m
[23:05] [0m[33;1m[Clan] Roken :[0m seeing that it does kill mine...[0m
[23:05] [0m[34;1mSpace shouts:[0m woo adalius dg'd (heal ? yay 3 cheers![0m
[23:06] [0m[34;1mSer shouts:[0m only for Hy people[0m
[23:06] [0m[32mHyperion tells you:[0m So... did he really downgrade (heal?[0m
[23:07] [0m[34;1mHyperion shouts:[0m Mass of Troll Flesh. thats all y'all are[0m
[23:07] [0m[34;1mMud shouts:[0m how you do tell and shout at same time?!?![0m
[23:07] [0m[34;1mFluffy shouts:[0m we don't need to steenkin (heal![0m
[23:08] [0m[34;1mSer shouts:[0m laf, nice one.  no, not sure if anyone but me notices these things, but if you went[0m
[23:08] [0m            to morgue w/ an excess of corpses and tried to wrap all immediately after selling[0m
[23:08] [0m            coffin, you would get a sensitive mind.  it's fixed now.[0m
[23:09] [0m[34;1mRoken shouts:[0m Adalius did the right thing :)[0m
[23:11] [0m[34;1mSer shouts:[0m also he said he was gonna give me a speedo[0m
[23:11] [0m[34;1mSer shouts:[0m i mean auction one[0m
[23:13] [0m[37;1m[JEDI]:[0m Reena Bel Noir arrives at the Academy.[0m
[23:18] [0m[33;1m[Clan] Ser :[0m was that too harsh to space[0m
[23:18] [0m[33;1m[Clan] Xaryl :[0m no such thing[0m
[23:18] [0m[33;1m[Clan] Ser :[0m like seriously, he probably has more coins than half the mud put together[0m
[23:19] [0m[33;1m[Clan] Xaryl :[0m yeah[0m
[23:20] [0m[33;1m[Clan] Xaryl :[0m especially since he has a few 'friends' that he plays also...so more than 1 bank[0m
[23:20] [0m               account to fill up[0m
[23:23] [0m[33;1m[Clan] Xaryl :[0m guess I need to add auction line to chats now....space usually only whines on HM[0m
[23:23] [0m               line....[0m
[23:23] [0m[33;1m[Clan] Ser :[0m you're not missing much[0m
[23:24] [0m[33;1m[Clan] Ser :[0m just a 'better-than-thou' attitude[0m
[23:25] [0m[33;1m[Clan] Xaryl :[0m if he did not spend thousands a year on play-to-win he would have been[0m
[23:25] [0m               banned/wiped so long ago[0m
[23:25] [0m[33;1m[Clan] Ser :[0m i'm sure[0m
[23:25] [0m[33;1m[Clan] Nik :[0m defly[0m
[23:25] [0m[33;1m[Clan] Ser :[0m plus all that shit w/ Paris, i know he instigated him outside 3k[0m
[23:26] [0m[33;1m[Clan] Ser :[0m which is just fucked[0m
[23:26] [0m[33;1m[Clan] Xaryl :[0m lik e99% sure that is what happened[0m
[23:26] [0m[33;1m[Clan] Nik leaves the game.[0m  [0m
[23:26] [0m[33;1m[Clan] Yik enters the game.[0m  [0m
[23:27] [0m[33;1m[Clan] Yik :[0m snap, i was afraid of that! aylin shield finally gone XD[0m
[23:27] [0m[33;1m[Clan] Ser :[0m doh[0m
[23:27] [0m[33;1m[Clan] Ser :[0m spare auro in box?[0m
[23:27] [0m[33;1m[Clan] Yik :[0m cant use it yet[0m
[23:27] [0m[33;1m[Clan] Ser :[0m ahh right[0m
[23:27] [0m[33;1m[Clan] Yik :[0m hehe ive tried a few times![0m
[23:28] [0m[33;1m[Clan] Ser :[0m alright, crashing soon, night all[0m
[23:28] [0m[33;1m[Clan] Ser :[0m well, now[0m
[23:37] [0m[34;1mNightrider shouts:[0m Next[0m
[23:39] [0m[37;1m[JEDI]:[0m Wennic Ber'ni'lok arrives at the Academy.[0m
[23:41] [0m[35;1mHyuga [Jedi(96)]:[0m boom medical droids[0m
[23:42] [0m[35;1mJasmine [Jedi(Knight)]:[0m droids for medicinal purposes?[0m
[23:45] [0mYour transmuter's stone bursts with 2 new colours![0m
