- = LOG STARTED [00:00] = -
[00:07] [0m[37;1mSquirrel flaps :[0m preserves at magic[0m
[00:11] [0mArmy shouts: Game reboot in 44 minutes 35 seconds [0m
[00:22] [0mArmy shouts: Game reboot in 33 minutes 16 seconds [0m
[00:30] [0mArmy shouts: Game reboot in 24 minutes 47 seconds [0m
[00:37] [0mArmy shouts: Game reboot in 18 minutes 25 seconds [0m
[00:37] [0m[31;1m[Clan] Decado enters the game.[0m  [0m
[00:41] [0m[34;1mSpace shouts:[0m serves volt right cos #BLM, tho in this case its blue too, so[0m
[00:41] [0m              would it be #BBLM ?[0m
[00:41] [0m[34;1mSquirrel shouts:[0m you like pants then?[0m
[00:41] [0m[34;1mDecado shouts:[0m space youre a bit of a chump[0m
[00:41] [0mArmy shouts: Game reboot in 13 minutes 38 seconds [0m
[00:42] [0m[34;1mSpace shouts:[0m @Squirrel no i like shorts[0m
[00:44] [0m[34;1mVidae shouts:[0m Hello again, friend of a friend[0m
[00:44] [0m[34;1mSquirrel shouts:[0m he's not your friend, Buddy![0m
[00:44] [0m[34;1mSpace shouts:[0m he is not your friend, guy![0m
[00:45] [0mArmy shouts: Game reboot in 10 minutes 3 seconds [0m
[00:48] [0m[34;1mGik shouts:[0m hes not your guy, pal![0m
[00:48] [0mArmy shouts: Game reboot in 7 minutes 22 seconds [0m
[00:48] [0m[34;1mAdalius shouts:[0m He's not your pal, bud![0m
[00:50] [0mArmy shouts: Game reboot in 5 minutes 21 seconds [0m
[00:50] [0m[31;1m[Clan] Taleast :[0m laf[0m
[00:50] [0m[31;1m[Clan] Taleast :[0m Ring of Hearts will cost you 16646 coins to fix.[0m
[00:50] [0m[31;1m[Clan] Xaryl :[0m anyhone want some Event keys?[0m
[00:51] [0m[34;1mAdalius shouts:[0m ~4 minutes left, in boot, 4 minutes in this song... seems[0m
[00:51] [0m                good to me... https://youtu.be/dDj7DuHVV9E[0m
[00:51] [0m[34;1mAdalius shouts:[0m Probably some NSFW bits in there at some point.[0m
[00:51] [0m[34;1mVidae shouts:[0m Sorry, I'm listening to Elise Trouw[0m
[00:51] [0mArmy shouts: TELL ARMY if you want a free transport![0m
[00:51] [0mArmy shouts: Game reboot in 3 minutes 50 seconds [0m
[00:52] [0m[31;1m[Clan] Dayland enters the game.[0m  [0m
[00:52] [0m[31;1m[Clan] Archangel leaves the game.[0m  [0m
[00:52] [0m[31;1m[Clan] Taleast leaves the game.[0m  [0m
[00:52] [0mArmy shouts: Game reboot in 2 minutes 42 seconds [0m
[00:52] [0m[31;1m[Clan] Dayland leaves the game.[0m  [0m
[00:53] [0m[31;1m[Clan] Teg enters the game.[0m  [0m
[00:53] [0m[31;1m[Clan] Archangel enters the game.[0m  [0m
[00:53] [0m[31;1m[Clan] Archimedes leaves the game.[0m  [0m
[00:53] [0m[31;1m[Clan] Cambiador leaves the game.[0m  [0m
[00:53] [0m[31;1m[Clan] Decado leaves the game.[0m  [0m
[00:53] [0mArmy shouts: Game reboot in 1 minute 51 seconds [0m
[00:54] [0m[31;1m[Clan] Taleast enters the game.[0m  [0m
[00:54] [0m[31;1m[Clan] Teg leaves the game.[0m  [0m
[00:54] [0mArmy shouts: Game reboot in 1 minute 13 seconds [0m
[00:54] [0m[34;1mKnull shouts:[0m that song is kinda bad[0m
[00:54] [0m[34;1mAdalius shouts:[0m *gasp* No boot for you.[0m
[00:54] [0mArmy shouts: Game reboot in 44 seconds [0m
[00:55] [0m[34;1mGumby shouts:[0m go break coffins or something ;-)[0m
[00:55] [0m[34;1mVolt shouts:[0m first[0m
[00:55] [0mArmy shouts: Reboot in 12 hours.[0m
[00:55] [0m[34;1mVidae shouts:[0m bye :([0m
[00:55] [0mArmy shouts: Game reboot in 23 seconds [0m
[00:55] [0m[34;1mKnull shouts:[0m fennec made me shout that[0m
[00:55] [0mArmy shouts: Game reboot in 7 seconds [0m
[00:55] [0mArmy shouts: Following the tracks of a long abandoned rail system[0m
[11:59] [0m[31;1m[Clan] Roken wisps into existence.[0m  [0m
[12:00] [0m[31;1m[Clan] Dangerzone enters the game.[0m  [0m
[12:00] [0mYou can currently reforge 12 items.[0m
[12:05] [0mHavox flaps : is it possible to get total number of corpses in coffin[0m
[12:05] [0m              somewhere? right now i have to add up manually[0m
[12:05] [0mAdalius flaps : 'i'[0m
[12:05] [0mHavox flaps : thanks[0m
[12:17] [0m[31;1m[Clan] Taleast :[0m a red woolen hat...[0m
[12:19] [0m[31;1m[Clan] Taleast :[0m 16 spiders without cocoon[0m
[12:19] [0m[31;1m[Clan] Byron :[0m wooooo[0m
[12:19] [0m[31;1m[Clan] Byron :[0m that hat is fuckin BS reps[0m
[12:19] [0m[31;1m[Clan] Byron :[0m if you got an alt[0m
[12:19] [0m[31;1m[Clan] Byron :[0m that you want to return it with[0m
[12:19] [0m[31;1m[Clan] Taleast :[0m oh?[0m
[12:19] [0m[31;1m[Clan] Byron :[0m ya[0m
[12:20] [0m[31;1m[Clan] Byron :[0m The mission is on the board near Oxtrott[0m
[12:20] [0m[31;1m[Clan] Taleast :[0m ahh[0m
[12:20] [0m[31;1m[Clan] Taleast :[0m OK, thanks[0m
[12:20] [0m[31;1m[Clan] Byron :[0m Return it to Raymond[0m
[12:20] [0m[31;1m[Clan] Byron :[0m He's the horse trainer[0m
[12:20] [0m[31;1m[Clan] Byron :[0m Hidden kinda well[0m
[12:20] [0m[31;1m[Clan] Byron :[0m If you dont know where he's at[0m
[12:21] [0m[31;1m[Clan] Bruce :[0m geez i'd never seen that hat drop[0m
[12:21] [0m[31;1m[Clan] Byron :[0m If you find the manual in the fairgrounds, that's his as well[0m
[12:21] [0m[31;1m[Clan] Byron :[0m hat is super rare drop[0m
[12:21] [0m[31;1m[Clan] Byron :[0m taleast might give it to you for an ole fashioned[0m
[12:24] [0m[37;1m[JEDI]:[0m Reena Bel Noir arrives at the Academy.[0m
[12:26] [0m[37;1mAdalius flaps :[0m Anybody killing something big that I can check out before they wrap it?[0m
[12:26] [0m[37;1mAdalius flaps :[0m or otherwise eat it with whatever guild power[0m
[12:27] [0m[37;1mSpace flaps :[0m define 'big'[0m
[12:27] [0m[37;1mAdalius flaps :[0m not a 10k mob in chessboard scaler 5 :P[0m
[12:27] [0m[37;1mJavelin flaps :[0m dang, that's me out[0m
[12:27] [0m[37;1mSpace flaps :[0m lol chess, you funny[0m
[12:30] [0m[35;1mSeeker [Jedi(52)]:[0m anyone need spirit stuffs before i donate?[0m
[12:31] [0m[35;1mSally [Jedi(45)]:[0m armor?[0m
[12:31] [0m[35;1mSeeker [Jedi(52)]:[0m at cog[0m
[12:45] [0m[31;1m[Clan] Nix :[0m and that was the weirdest home i've ever seen...[0m
[12:46] [0m[31;1m[Clan] Nix :[0m so much wasted and unfinished space, and the realtor that showed it was like "it's[0m
[12:46] [0m             an illegal duplex which has some nice perks"[0m
[12:46] [0m[31;1m[Clan] Nix :[0m i was like... well, i'm a land use attorney so.... what's great about that when the[0m
[12:46] [0m             Township finds out...[0m
[12:48] [0m[31;1m[Clan] Taleast :[0m I feel like I missed a step[0m
[12:48] [0m[31;1m[Clan] Nix :[0m i just went and looked at a house with the wife[0m
[12:49] [0m[31;1m[Clan] Taleast :[0m I sort of inferred that, but I wasn't sure where the conversation started :P[0m
[12:49] [0m[31;1m[Clan] Taleast :[0m sucks though that it didn't pan out, at least it was an interesting experience[0m
[12:50] [0m[31;1m[Clan] Sock :[0m anyone need enhqnces[0m
[12:50] [0m[31;1m[Clan] Nix :[0m she's got another one scheduled at 330[0m
[12:50] [0m[31;1m[Clan] Nix :[0m first house was nice, and i[0m
[12:50] [0m[31;1m[Clan] Nix :[0m am considering making an offer[0m
[12:51] [0m[31;1m[Clan] Sock :[0m at girlfriends so havent bootran at all, just fighting rims in login gear[0m
[12:52] [0m[31;1m[Clan] Sock :[0m so if anyone needs enhances hmu[0m
[12:52] [0m[31;1m[Clan] Sock :[0m in 15 mins[0m
[12:54] [0m[37;1m[JEDI]:[0m Kerran Halcyon arrives at the Academy.[0m
[12:54] [0m[31;1m[Clan] Nix :[0m did you guys kill beloch?[0m
[12:55] [0m[31;1m[Clan] Bruce :[0m nopes but i'd be up for hitting[0m
[12:56] [0m[31;1m[Clan] Nix :[0m assassin here, seeing what his deal is[0m
[12:59] [0m[31;1m[Clan] Nix :[0m no response from assassin...[0m
[12:59] [0m[31;1m[Clan] Nix :[0m might just challenge and kill[0m
[13:00] [0m[31;1m[Clan] Bruce :[0m killing beloch come hit with pretty brucie[0m
[13:01] [0m[35;1mSeeker [Jedi(52)]:[0m nice[0m
[13:01] [0m[35;1mEnder [Jedi(Knight)]:[0m nother universe scroll in[0m
[13:04] [0m[37;1mSquirrel flaps :[0m last chance for mask dupe[0m
[13:06] [0m[31;1m[Clan] Taleast :[0m sorry, was distracted, Bruce[0m
[13:06] [0m[31;1m[Clan] Taleast :[0m still hitting?[0m
[13:06] [0m[31;1m[Clan] Nix :[0m in a few[0m
[13:06] [0m[31;1m[Clan] Nix :[0m just whacking paul[0m
[13:06] [0m[31;1m[Clan] Nix :[0m and then heading back[0m
[13:08] [0m[34;1mNightrider shouts:[0m le moo?[0m
[13:10] [0m[34;1mNik shouts:[0m el bok[0m
[13:13] [0m[31;1m[Clan] Taleast :[0m assassin is still there[0m
[13:20] [0m[31;1m[Clan] Nix :[0m back at beloch[0m
[13:22] [0m[37;1m[JEDI]:[0m Herah Wylann arrives at the Academy.[0m
[13:26] [0m[31;1m[Clan] Taleast :[0m stop that[0m
[13:26] [0m[35;1mSally [Jedi(45)]:[0m what's the syntax for rimalkins 2.0 entrance?[0m
[13:26] [0m[35;1mWert [Jedi(Knight)]:[0m slide?[0m
[13:26] [0m[35;1mSally [Jedi(45)]:[0m thatnks[0m
[13:26] [0m[35;1mSeeker [Jedi(52)]:[0m i believe you'll die if you go in there[0m
[13:26] [0m[35;1mSally [Jedi(45)]:[0m probably -- trying a small one[0m
[13:27] [0m[35;1mSeeker [Jedi(52)]:[0m 12 mil[0m
[13:27] [0m[31;1m[Clan] Taleast :[0m 12m and they have 2 big hits[0m
[13:27] [0m[31;1m[Clan] Taleast :[0m w/l[0m
[13:27] [0m[35;1mTaleast [Jedi(53)]:[0m 12m and they have 2 big hits[0m
[13:27] [0m[35;1mTaleast [Jedi(53)]:[0m be careful[0m
[13:27] [0m[35;1mWert [Jedi(Knight)]:[0m if you die its meh, enjoy :)[0m
[13:28] [0m[31;1m[Clan] Taleast :[0m oh yeah, keep forgetting he has like max stats[0m
[13:28] [0m[31;1m[Clan] Byron :[0m never, death is life[0m
[13:28] [0m[35;1mSally [Jedi(45)]:[0m yup they hit pretty hard[0m
[13:31] [0m[35;1mSally [Jedi(45)]:[0m 14,024,346 : A small Rimalkin[0m
[13:31] [0m[35;1mSally [Jedi(45)]:[0m 97 rounds[0m
[13:32] [0m[35;1mSally [Jedi(45)]:[0m need to get a headband too :[0m
[13:33] [0m[35;1mSally [Jedi(45)]:[0m come try it seeker :P[0m
[13:34] [0m[35;1mSeeker [Jedi(52)]:[0m not eq'd yet[0m
[13:36] [0m[35;1mSeeker [Jedi(52)]:[0m and i just barely got my bk[0m
[13:39] [0m[34;1mTex shouts:[0m coffins fix yet?[0m
[13:48] [0m[37;1m[JEDI]:[0m Rhaan arrives at the Academy.[0m
[14:03] [0m[34;1mNauda shouts:[0m In soviet 3k coffins fix you[0m
[14:03] [0m[31;1m[Clan] Byron :[0m yeah, coffins are fubar'd[0m
[14:03] [0m[31;1m[Clan] Byron :[0m i can't wrap any very high class corpses[0m
[14:03] [0m[31;1m[Clan] Byron :[0m there we go[0m
[14:04] [0m[34;1mTex shouts:[0m why from usa they can fix us too from here its not just russia what makes them so[0m
[14:04] [0m            special[0m
[14:13] [0m[37;1mAdalius flaps :[0m If you get yet another new coffin it should fix issues where a full coffin[0m
[14:13] [0m                wouldn't pick up a better-than-the-smallest-wrapped corpse.[0m
[14:13] [0m[37;1mAdalius flaps :[0m I hope. Maybe.[0m
[14:14] [0m[37;1mAdalius flaps :[0m The joys of still having the old 'caps at 49' level system code floating around.[0m
[14:14] [0m[37;1mGaidin flaps :[0m That was in coffins?[0m
[14:14] [0m[37;1mGaidin flaps :[0m Or corpses?[0m
[14:14] [0m[37;1mByron flaps :[0m So you went with the office space "we fixed the glitch" method?[0m
[14:14] [0m[37;1m[JEDI]:[0m Tobias Kel'ach'nar arrives at the Academy.[0m
[14:14] [0m[37;1mByron flaps :[0m And we'll recover to lvl 49?[0m
[14:15] [0m[31;1m[Clan] Taleast :[0m 3 eggs left for cocoon[0m
[14:15] [0m[35;1mSeeker [Jedi(53)]:[0m anyone still missing spirit stuff[0m
[14:15] [0m[37;1mAdalius flaps :[0m Both, Gaidin. One of my calls I forgot to use the newer function vs the older[0m
[14:15] [0m                function so if you tried to wrap a corpse it was capped at 49 but comparing it[0m
[14:15] [0m                to new levels so, a lvl 120 corpse on the ground vs a lvl 90 in the coffin was[0m
[14:15] [0m                actually checking a 49 vs 90[0m
[14:15] [0m[31;1m[Clan] Byron :[0m tough luck today huh[0m
[14:15] [0m[37;1mAdalius flaps :[0m All fixed now. So hopefully this is the last of the big issues for the short[0m
[14:15] [0m                term. I'm working on some other solutions for the remaining issues.[0m
[14:16] [0m[37;1mJeraud flaps :[0m Honestly 3K should be rebuilt with straight up new code. Building new code on top[0m
[14:16] [0m               of old always leads to problems.[0m
[14:16] [0m[37;1mAdalius flaps :[0m You realize the scope of what you just said, as you said it, right?[0m
[14:16] [0m[37;1mJeraud flaps :[0m I realize the scope of what I said before I said it.[0m
[14:16] [0m[35;1mSeeker [Jedi(53)]:[0m ammy cloak gloves armour helmet[0m
[14:17] [0m[37;1mAdalius flaps :[0m As the guy going through all 158k files that load in the game (not including .h,[0m
[14:17] [0m                just .c). Ugh. I'm getting nightmares just thinking about your suggestion.[0m
[14:19] [0m[37;1mJeraud flaps :[0m I am also painfully aware of the inherent issues of building new code on top of[0m
[14:19] [0m               old. Especially in trying to make them compatible.[0m
[14:20] [0m[37;1mFisk flaps :[0m If it was as easy to just add code, we wouldn't even be notified :)[0m
[14:22] [0m[37;1mJeraud flaps :[0m And before you ask, I don't have the patience to try and fix such things.[0m
[14:22] [0m[31;1m[Clan] Taleast :[0m well, yes and no, definitely yes for cocoon[0m
[14:23] [0m[31;1m[Clan] Taleast :[0m but I got one and there were three eggs lfet[0m
[14:23] [0m[31;1m[Clan] Taleast :[0m so I was updating Bruce and Nix[0m
[14:23] [0m[31;1m[Clan] Taleast :[0m I'd been camping it[0m
[14:24] [0m[31;1m[Clan] Szodrin enters the game.[0m  [0m
[14:48] [0m[37;1m[JEDI]:[0m Durnoth arrives at the Academy.[0m
[14:56] [0m[31;1m[Clan] Michael enters the game.[0m  [0m
[15:03] [0m[31;1m[Clan] Byron :[0m beating on beloch[0m
[15:10] [0m[37;1mWhoknows flaps :[0m 3pm and l[0m
[15:10] [0m[37;1mWhoknows flaps :[0m im tipsy[0m
[15:10] [0m[31;1m[Clan] Ser :[0m jfc this phone charges fast, 30W charger[0m
[15:11] [0m[31;1m[Clan] Ser :[0m i keep forgetting to use refresh room on CD[0m
[15:11] [0m[31;1m[Clan] Ser :[0m would help a lot in my brun[0m
[15:12] [0m[31;1m[Clan] Byron :[0m agreed[0m
[15:12] [0m[31;1m[Clan] Szodrin :[0m I burned one last night for PB, need to get gentech up and running, but it's[0m
[15:12] [0m                 sooooo booooring[0m
[15:14] [0m[31;1m[Clan] Szodrin :[0m man, part of me wants to play my changer, I was looking forward to that to some[0m
[15:14] [0m                 degree, but those boons...[0m
[15:14] [0m[31;1m[Clan] Szodrin :[0m and the extended boot[0m
[15:15] [0m[31;1m[Clan] Ser :[0m boons?[0m
[15:15] [0m[31;1m[Clan] Michael :[0m ahh I missed boons[0m
[15:15] [0m[31;1m[Clan] Szodrin :[0m every eternal power I get on Tal helps with my changer in the longrun[0m
[15:15] [0m[31;1m[Clan] Ser :[0m u trollin bro[0m
[15:16] [0m[31;1m[Clan] Szodrin :[0m nog, one at 2am CST from Adalius for coffin fun, one this morning around 11 or[0m
[15:16] [0m                 12pm from Hyperion's glvl 100 monk[0m
[15:16] [0m[31;1m[Clan] Michael :[0m onyl reason I'm not playing changer is it is 10k rounds per FF right now and[0m
[15:16] [0m                 I'm on my first form.... slime[0m
[15:16] [0m[31;1m[Clan] Sock :[0m ah[0m
[15:16] [0m[31;1m[Clan] Ser :[0m ─[0m
[15:17] [0m[31;1m[Clan] Ser :[0m You have become a level 91 Transmuter![0m
[15:17] [0m[31;1m[Clan] Ser :[0m anyone have mask for dupe[0m
[15:17] [0m[31;1m[Clan] Byron :[0m woot[0m
[15:17] [0m[31;1m[Clan] Byron :[0m and yeah, i got a mask[0m
[15:18] [0m[31;1m[Clan] Ser :[0m what what[0m
[15:18] [0m[31;1m[Clan] Byron :[0m wtf you want a mask for[0m
[15:18] [0m[31;1m[Clan] Ser :[0m why are you wooting[0m
[15:18] [0m[31;1m[Clan] Byron :[0m you always yell at me for wearing mask[0m
[15:18] [0m[31;1m[Clan] Ser :[0m what are coffin changes[0m
[15:18] [0m[31;1m[Clan] Szodrin :[0m woot on Transmuter[0m
[15:18] [0m[31;1m[Clan] Ser :[0m i might gswap gentech[0m
[15:18] [0m[37;1m[JEDI]:[0m H'ssani C'talan arrives at the Academy.[0m
[15:18] [0m[31;1m[Clan] Szodrin :[0m I put the thought in your head, ME![0m
[15:19] [0m[31;1m[Clan] Ser :[0m maybe[0m
[15:19] [0m[31;1m[Clan] Szodrin :[0m anyone have two spare loads reforges?[0m
[15:20] [0m[31;1m[Clan] Szodrin :[0m damn, 25 more levels for loads[0m
[15:38] [0m[31;1m[Clan] Byron :[0m Xenolocles (Dark Prophet) has reset.[0m
[15:44] [0m[31;1m[Clan] Dayland enters the game.[0m  [0m
[15:48] [0m[37;1m[JEDI]:[0m Ylenic It'kla arrives at the Academy.[0m
[15:53] [0m[31;1m[Clan] Bruce :[0m night all sleep time[0m
[16:24] [0m[37;1m[JEDI]:[0m Alyssa K'tal arrives at the Academy.[0m
[16:31] [0m[Auction] Robert : Up for bids: Book of Wisdom.[0m
[16:31] [0m[Auction] Robert : Din has requested 2 as the opening offer.[0m
[16:31] [0m[Auction] Robert : Got 3 from Inquisitor(jedi).  Do I hear 53?[0m
[16:31] [0m[Auction] Inquisitor (jedi) : I can't read![0m
[16:31] [0m[Auction] Robert : Got 320 from Xana(mage).  Do I hear 370?[0m
[16:31] [0m[Auction] Robert : 320 going once![0m
[16:31] [0m[Auction] Robert : 320 going twice![0m
[16:32] [0m[Auction] Robert : Sold to Xana for 320 coins![0m
[16:35] [0m[Auction] Vidae (bard) : I need rings. Sell me rings. Not on the auction house though, just to[0m
[16:35] [0m                         me personally. Please and thank you.[0m
[16:57] [0m[37;1m[JEDI]:[0m Kerran Halcyon arrives at the Academy.[0m
[17:08] [0m[35;1mRoken [Jedi(87)]:[0m got a spare cloak[0m
[17:08] [0m[35;1mRoken [Jedi(87)]:[0m got a spare spirit cloak[0m
[17:09] [0m[31;1m[Clan] Roken :[0m got a spare spirit cloak[0m
[17:10] [0m[35;1mKsemia [Jedi(Master)]:[0m i donated one at one point...[0m
[17:12] [0m[31;1m[Clan] Ser :[0m hey roken you should get 7 days to die[0m
[17:13] [0m[31;1m[Clan] Ser :[0m i'll get docker running on this new machine and it'll be super quick[0m
[17:19] [0m[34;1mInquisitor shouts:[0m The goblins are being generous.  3x (or maybe just 2, I'm not good at paying[0m
[17:19] [0m                   attention) boots in cat2.[0m
[17:23] [0m[Auction] Inquisitor (bard) : This set evidently wasn't bindy[0m
[17:24] [0m[31;1m[Clan] Byron :[0m Xenolocles (Dark Prophet) has reset.[0m
[17:29] [0m[37;1m[JEDI]:[0m Janath Meelin arrives at the Academy.[0m
[17:35] [0m[35;1mEnder [Jedi(Knight)]:[0m anyone have dirs or a macro to get me out of udark jabberwocky?[0m
[17:35] [0m[35;1mWert [Jedi(Knight)]:[0m lol forgot to check if fry was up before doing ym zombie stack[0m
[17:45] [0m[31;1m[Clan] Ser :[0m this fucking server takes forever to boot up[0m
[17:45] [0m[31;1m[Clan] Ser :[0m i'm trying to install docker on it via coreos bare metal[0m
[17:45] [0m[31;1m[Clan] Ser :[0m supposed to be way better performance than esxi[0m
[17:45] [0m[31;1m[Clan] Ser :[0m like 5-6x faster[0m
[17:56] [0m[37;1m[JEDI]:[0m Herah Wylann arrives at the Academy.[0m
[17:57] [0m[35;1mWert [Jedi(Knight)]:[0m awesome, love when bots bring cards on me while fighting queen of hearts[0m
[17:57] [0m[35;1mWert [Jedi(Knight)]:[0m cant aplogize just keep fighting[0m
[17:58] [0m[35;1mWert [Jedi(Knight)]:[0m no problem if your botting in your instance but dragging mobs on people in[0m
[17:58] [0m                     high traffic spots is rediculous[0m
[18:00] [0m[35;1mKsemia [Jedi(Master)]:[0m need backup?[0m
[18:00] [0m[35;1mWert [Jedi(Knight)]:[0m its over[0m
[18:00] [0m[35;1mWert [Jedi(Knight)]:[0m just lucky i didnt die[0m
[18:00] [0m[35;1mWert [Jedi(Knight)]:[0m that seems like breaking the botting rules[0m
[18:01] [0m[34;1mArmy shouts: [0mReboot in five minutes![0m
[18:01] [0m[35;1mAdalius [Jedi(WGM)]:[0m did you send them a tell?[0m
[18:01] [0m[35;1mWert [Jedi(Knight)]:[0m i sent one angry bout dropping mob on me, and one hours before when they[0m
[18:01] [0m                     were doing same mobs asking a question[0m
[18:02] [0m[35;1mAdalius [Jedi(WGM)]:[0m Not sure if it meets the 'botting' rule if they're active[0m
[18:02] [0m                     chatting/tells/etc. Certainly meets the DBAD rule though.[0m
[18:03] [0m[35;1mWert [Jedi(Knight)]:[0m they havent responded[0m
[18:03] [0m[35;1mWert [Jedi(Knight)]:[0m so idk if its active[0m
[18:03] [0m[35;1mAdalius [Jedi(WGM)]:[0m Well if it's who I think it is, they're talking on other lines.[0m
[18:03] [0m[35;1mWert [Jedi(Knight)]:[0m then its just ignoring and rude :([0m
[18:05] [0m[31;1m[Clan] Taleast :[0m if anyone comes up with one or two loads reforges I would be very appreciative[0m
[18:05] [0m[31;1m[Clan] Taleast :[0m might do mouth stuff[0m
[18:05] [0m[31;1m[Clan] Taleast :[0m talk you up, cheer for you, usual cheerleader stuff[0m
[18:13] [0m[31;1m[Clan] Byron :[0m laf[0m
[18:27] [0m[37;1m[JEDI]:[0m Wennic Ber'ni'lok arrives at the Academy.[0m
[18:50] [0m[31;1m[Clan] Byron :[0m The Queen of Hearts has reset.[0m
[18:56] [0m[37;1m[JEDI]:[0m Bithoff Jonansaan arrives at the Academy.[0m
[18:58] [0m[31;1m[Clan] Byron :[0m Xenolocles (Dark Prophet) has reset.[0m
[19:05] [0m[31;1m[Clan] Byron :[0m Xenolocles (Dark Prophet) has reset.[0m
[19:06] [0m[31;1m[Clan] Byron :[0m any mobs people want tagged?[0m
[21:43] [0m[32mAntonio tells you:[0m What yould you like to acquire? A 'keyring' perhaps?[0m
[21:43] [0m[32mAntonio tells you:[0m This is your house keyring - it's your link to us.  Use it[0m
[21:43] [0m                   to store guest keys that are given to you, as well as owner[0m
[21:43] [0m                   keys that you get from houses that you own.  The keyring is[0m
[21:43] [0m                   wired in with your house account, so you can use it to[0m
[21:43] [0m                   deposit money and pay for house expenses.  You can look at[0m
[21:43] [0m                   it to see what you can do with it, too.[0m
[21:43] [0mByron flaps : Is it even worth checking your interenet speed when you're timing out downloading fast.com's css sheets?[0m
[21:45] [0mXiu flaps : maybe if you just want to be able to look at a number on the screen and cry[0m
[21:49] [0mAgni flaps : resetting zombies[0m
[21:54] [0mAgni flaps : done[0m
[22:04] [0mThadar flaps : anyone seen the tv?[0m
[23:31] [0mVoodoo flaps : I'm in love with a fluffer![0m
