- = LOG STARTED [00:00] = -
[14:12] [0mYou can currently reforge 4 items.[0m
[14:21] [0mYou can currently reforge 8 items.[0m
[14:39] [0m[37;1mValnir flaps :[0m anyone around who could give me a hand with learning reflex[0m
[14:39] [0m               1?[0m
[14:40] [0m[31;1m[Clan] Ser :[0m killing queen[0m
[14:44] [0m[31;1m[Clan] Oscar :[0m want to hit a beloch?  i got a refresh if you needanother[0m
[14:44] [0m[31;1m[Clan] Oscar :[0m im just 1 pot short[0m
[14:44] [0m[31;1m[Clan] Nix :[0m im going for inductor with some people atm[0m
[14:47] [0m[31;1m[Clan] Oscar :[0m oh, after inductor? youll all be out of there for a bit then[0m
[14:47] [0m               right?[0m
[14:49] [0m[31;1m[Clan] Nix :[0m this is the big mob[0m
[14:49] [0m[31;1m[Clan] Nix :[0m the 2B one[0m
[14:49] [0m[31;1m[Clan] Prism :[0m ITS ONLY 2B, MAN UP LADIES[0m
[14:55] [0m[37;1mBliss flaps :[0m any secz party wants to drag me around ?[0m
[14:57] [0m[Auction] Melly (elem) : i feel like i added more 0s at the beginning of[0m
[14:57] [0m                         that one. 20 dex/str some dodge[0m
[14:59] [0m[34;1mNightrider shouts:[0m Woo yess[0m
[15:01] [0m[37;1mCaeli flaps :[0m SLS is testing their engines today.[0m
[15:18] [0m[34;1mTex shouts:[0m next patient[0m
[15:22] [0m[31;1m[Clan] Nik :[0m woo 3k necro veil is finally like 3s, part of it works on all[0m
[15:22] [0m             mobs now to a lesser extent[0m
[15:24] [0m[34;1mFlaxen shouts:[0m what a yoke[0m
[15:24] [0m[34;1mZiphe shouts:[0m get swole[0m
[15:24] [0m[34;1mTex shouts:[0m put that in your yoke and huess i shouldnt finish that blame[0m
[15:24] [0m            maverik[0m
[15:39] [0m[31;1m[Clan] Oscar :[0m o thats cool[0m
[16:09] [0m[Auction] Robert : Up for bids: Balangool Gloves (Bright Green Aura)[0m
[16:09] [0m                   (gemchanted with superior major thief at large).[0m
[16:09] [0m[Auction] Robert : Xiu has requested 0 as the opening offer.[0m
[16:09] [0m[Auction] Robert : Got 0 from Trisky(knig).  Do I hear 50?[0m
[16:09] [0m[Auction] Robert : Got 50 from Harlequin(bard).  Do I hear 100?[0m
[16:10] [0m[Auction] Robert : Got 100 from Trisky(knig).  Do I hear 150?[0m
[16:10] [0m[Auction] Robert : Got 25,000 from Harlequin(bard).  Do I hear 25,500?[0m
[16:10] [0m[Auction] Robert : Got 25,500 from Wert(jedi).  Do I hear 28,050?[0m
[16:10] [0m[Auction] Alassra (necr) : scaler?[0m
[16:10] [0m[Auction] Nightrider (knig) : Xiu is our hero[0m
[16:10] [0m[Auction] Robert : Got 50,000 from Harlequin(bard).  Do I hear 55,000?[0m
[16:10] [0m[Auction] Wert (jedi) : out[0m
[16:10] [0m[Auction] Robert : 50,000 going once![0m
[16:10] [0m[Auction] Robert : Got 55,000 from Ender(jedi).  Do I hear 60,500?[0m
[16:10] [0m[Auction] Robert : Got 75,000 from Harlequin(bard).  Do I hear 82,500?[0m
[16:10] [0m[Auction] Robert : Got 82,500 from Elminster(mage).  Do I hear 90,750?[0m
[16:10] [0m[Auction] Robert : Got 90,750 from Ender(jedi).  Do I hear 99,825?[0m
[16:10] [0m[Auction] Robert : Got 100,000 from Harlequin(bard).  Do I hear 110,000?[0m
[16:10] [0m[Auction] Robert : Got 110,000 from Ender(jedi).  Do I hear 121,000?[0m
[16:11] [0m[Auction] Robert : Got 125,000 from Harlequin(bard).  Do I hear 137,500?[0m
[16:11] [0m[Auction] Robert : Got 137,500 from Ender(jedi).  Do I hear 151,250?[0m
[16:11] [0m[Auction] Robert : Got 175,000 from Harlequin(bard).  Do I hear 192,500?[0m
[16:11] [0m[Auction] Robert : Got 192,500 from Elminster(mage).  Do I hear 211,750?[0m
[16:11] [0m[Auction] Robert : Got 225,000 from Harlequin(bard).  Do I hear 247,500?[0m
[16:11] [0m[Auction] Robert : 225,000 going once![0m
[16:11] [0m[Auction] Robert : 225,000 going twice![0m
[16:11] [0m[Auction] Robert : Got 247,500 from Echoloc(jugg).  Do I hear 272,250?[0m
[16:12] [0m[Auction] Robert : 247,500 going once![0m
[16:12] [0m[Auction] Robert : 247,500 going twice![0m
[16:12] [0m[Auction] Robert : Sold to Echoloc for 247,500 coins![0m
[16:13] [0m[37;1mWhoknows flaps :[0m did someone grab og from SS?[0m
[16:13] [0m[37;1mWhoknows flaps :[0m auro[0m
[16:14] [0m[37;1mGaidin flaps :[0m Yep.  Logged in, grabbed the shield, went LD in less than 10[0m
[16:14] [0m               minutes.[0m
[16:14] [0m[37;1mWert flaps :[0m we lost the mask to someone doing similar[0m
[16:17] [0m[34;1mFlaxen shouts:[0m who[0m
[16:17] [0m[34;1mDaeth shouts:[0m what?[0m
[16:17] [0m[34;1mGlorfindel shouts:[0m where[0m
[16:17] [0m[34;1mBarian shouts:[0m who dat?[0m
[16:17] [0m[34;1mEcholoc shouts:[0m when[0m
[16:17] [0m[34;1mLocrian shouts:[0m WHYYYYYYYYYY[0m
[16:18] [0m[34;1mDaeth shouts:[0m because we looooooooove you.[0m
[16:18] [0m[34;1mGlorfindel shouts:[0m Flaxen... Both a noun and a verb.[0m
[16:18] [0m[34;1mBarian shouts:[0m flex your flax[0m
[21:00] [0mYou can currently reforge 8 items.[0m
[21:06] [0m[37;1mAdalius flaps :[0m So, if anybody needs a movie recommendation, The Personal History of David[0m
[21:06] [0m                Copperfield is pretty good.[0m
[21:06] [0m[37;1mSer flaps :[0m how personal is it[0m
[21:06] [0m[37;1mVoodoo flaps :[0m The Personal History of My Pants is a better film[0m
[21:07] [0m[37;1mDerfus flaps :[0m I will skip the film on your pants.[0m
[21:07] [0m[37;1m[JEDI]:[0m Rhaan arrives at the Academy.[0m
[21:08] [0m[37;1mJasmine flaps :[0m or the sequel......history of voodoos underpants: return of the skidmarks[0m
[21:08] [0m[37;1mAdalius flaps :[0m It's basically Dicken's David Copperfield but with some twists and some humor.[0m
[21:08] [0m                Has Dev Patel, Hugh Laurie, Peter Capaldi, Tilda Swinton, Gwendoline Christie,[0m
[21:08] [0m                Benedict Wong and others.[0m
[21:11] [0m[32mVoodoo tells you:[0m You know, Roken, some days even my lucky rocketship underpants dont help.[0m
[21:11] [0m[34;1mMelly shouts:[0m thats a mood[0m
[21:11] [0m[34;1mWhoknows shouts:[0m there are daysnitndoes?[0m
[21:11] [0m[34;1mSpace shouts:[0m not now chilld i am busy[0m
[21:12] [0m[34;1mDaeth shouts:[0m there are no pants (nor underpants)[0m
[21:12] [0m[34;1mEcholoc shouts:[0m down with pants[0m
[21:12] [0m[34;1mZiphe shouts:[0m LEROY JENKINS[0m
[21:12] [0m[34;1mSpace shouts:[0m woo sarge[0m
[21:12] [0m[34;1mDerfus shouts:[0m Up with skirts[0m
[21:12] [0m[34;1mNightrider shouts:[0m Next[0m
[21:13] [0m[34;1mSpace shouts:[0m dude yu lasted exactly .1 round[0m
[21:13] [0m[37;1mNightrider flaps :[0m Who Has Day 2 CMC[0m
[21:13] [0m[37;1mNightrider flaps :[0m dup i wanna you got[0m
[21:13] [0m[37;1mSpace flaps :[0m And then ?[0m
[21:13] [0m[37;1mSpace flaps :[0m And then ?[0m
[21:13] [0m[37;1mSpace flaps :[0m And then ?[0m
[21:13] [0m[37;1mSpace flaps :[0m And then ?[0m
[21:13] [0m[37;1mSpace flaps :[0m And then ?[0m
[21:13] [0m[37;1mSpace flaps :[0m And then ?[0m
[21:13] [0m[37;1mWhoknows flaps :[0m no and then[0m
[21:13] [0mSsRPDFd  Wm:g Wc: 30% Gx: 30.78% Fx: 66.63%[0m
[21:14] [0m[37;1mLeianne flaps :[0m rips out the speaker/mic![0m
[21:14] [0m[37;1mSpace flaps :[0m well i just mean if NR was paying attention instead f and then shouts, he would[0m
[21:14] [0m              know the answer to his question[0m
[21:18] [0m[34;1mLiskerlol shouts:[0m ug necros[0m
[21:35] [0m[34;1mZiphe shouts:[0m you even lift bro?[0m
[21:35] [0m[37;1m[JEDI]:[0m Bithoff Jonansaan arrives at the Academy.[0m
[21:59] [0m[37;1m[JEDI]:[0m H'ssani C'talan arrives at the Academy.[0m
[22:13] [0m[34;1mZiphe shouts:[0m show me your thrustmaster[0m
[22:14] [0m[34;1mAlassra shouts:[0m SHOW ME WHAT YOU GOT[0m
[22:14] [0m[34;1mSpace shouts:[0m now now, its the THRUSTMASTER T16000 ! respect its 16000 mmmkay?[0m
[22:15] [0m[34;1mStasis shouts:[0m if it was a Terminator it would be really, really stronk[0m
[22:17] [0m[34;1mBarian shouts:[0m smooothy[0m
[22:17] [0m[34;1mZiphe shouts:[0m yeaaaaaa ... get schiwfty[0m
[22:17] [0m[34;1mTex shouts:[0m blame smithy no no no its blame maverik[0m
[22:17] [0m[34;1mDin shouts:[0m hey, take your pants off, it's schwifty time[0m
[22:18] [0m[34;1mBarian shouts:[0m is that what your schwartz tells you?[0m
[22:18] [0m[34;1mZiphe shouts:[0m comb the desert![0m
[22:18] [0m[34;1mAmish shouts:[0m Schwifty, son of Wimbdy[0m
[22:21] [0m[34;1mBarian shouts:[0m floobity[0m
[22:30] [0m[31;1m[Clan] Oscar :[0m anyome able to tank beloch?[0m
[22:31] [0m[31;1m[Clan] Oscar :[0m night[0m
[22:37] [0m[37;1m[JEDI]:[0m Janath Meelin arrives at the Academy.[0m
[22:49] [0m[35;1mSimonz [Jedi(Knight)]:[0m anybody free to come pound on a qoh with me?[0m
[22:51] [0m[34;1mSimonz shouts:[0m that had to be your own fault[0m
[22:57] [0m[37;1mZiphe flaps :[0m twitch.tv/dirtybird[0m
[22:57] [0m[37;1mWhoknows flaps :[0m sounds sus[0m
[23:03] [0m[37;1m[JEDI]:[0m Wennic Ber'ni'lok arrives at the Academy.[0m
[23:11] [0m[32mSeeker tells you:[0m you buy hearts?[0m
[23:37] [0m[37;1m[JEDI]:[0m Herah Wylann arrives at the Academy.[0m
[23:56] [0m[35;1mSimonz [Jedi(Knight)]:[0m I'm out, laters[0m
