- = LOG STARTED [00:00] = -
[13:34] [0mYou can currently reforge 4 items.[0m
[13:34] [0mYou can currently reforge 0 items.[0m
[13:36] [0m[32mKerym says: [0mWell met, Swordbrother Dangerzone, May the Seldarine's Blessings be upon you.[0m
[13:36] [0m[34;1mNightrider shouts:[0m Die now[0m
[13:36] [0m[34;1mDaeth shouts:[0m or die later.[0m
[13:36] [0m[34;1mGik shouts:[0m or die harder[0m
[13:36] [0m[34;1mNightrider shouts:[0m In a Min[0m
[13:39] [0m[31;1m[Clan] Dangerzone :[0m damnit frank... he lowered damage so much in bsinger, xp[0m
[13:39] [0m                    delta is shit[0m
[13:39] [0m[31;1m[Clan] Gik :[0m yaaay fupgrades![0m
[13:39] [0m[31;1m[Clan] Aka :[0m it's the age of 'super high level players need nerfing so[0m
[13:39] [0m             everyone feels the wrath'. i liken it to riekl era 3k[0m
[13:40] [0m[31;1m[Clan] Aka :[0m change the gameplay for everyone because of what 2 or 3 people[0m
[13:40] [0m             can do[0m
[13:40] [0m[31;1m[Clan] Aka :[0m more players than ever though! must be doin something right[0m
[13:40] [0m             haha[0m
[13:40] [0m[31;1m[Clan] Gik :[0m balance is always a funny thing, gotta start on paper n pray,[0m
[13:40] [0m             not chase the dragon later[0m
[13:41] [0m[31;1m[Clan] Aka :[0m massxp was the last straw for me hahaha[0m
[13:41] [0m[31;1m[Clan] Aka :[0m reminds me i gotta make a char named Massxp[0m
[13:41] [0m[31;1m[Clan] Aka :[0m in honor of[0m
[13:41] [0m[31;1m[Clan] Gik :[0m laff![0m
[13:41] [0m[31;1m[Clan] Gik :[0m too bad you already gota necro gobj[0m
[13:42] [0m[31;1m[Clan] Aka :[0m haha why's namechange vaf so spensive, i'll name change this[0m
[13:42] [0m             char to Massxp[0m
[13:42] [0m[31;1m[Clan] Gik :[0m XD[0m
[13:42] [0m[31;1m[Clan] Aka :[0m then never be anywhere near massxp anyway, even if it did exist[0m
[13:42] [0m[31;1m[Clan] Aka :[0m haha[0m
[13:42] [0m[31;1m[Clan] Gik :[0m i feel that, id looked forward to bein on it one day![0m
[13:42] [0m[31;1m[Clan] Aka :[0m i'm thinking hardcore Cyborg[0m
[13:42] [0m[31;1m[Clan] Aka :[0m for Massxp char[0m
[13:43] [0m[31;1m[Clan] Gik :[0m we can rebuild it... but i dont wanna spend alot of money[0m
[13:45] [0m[31;1m[Clan] Ser :[0m i just keep hoping ill be good someday[0m
[13:47] [0mYou can currently reforge 4 items.[0m
[14:04] [0mBliss <.oO>: badaboom[0m
[14:05] [0mBliss <.oO>: big badaboom[0m
[14:05] [0mMelly <.oO>: smaller i think[0m
[14:08] [0m[34;1mFlaxen shouts:[0m GET OUTTA DERE!  GET OUUUUUT[0m
[14:08] [0m[34;1mFlaxen shouts:[0m GEEEETT OOOOUUUUTTTTTTTT[0m
[14:09] [0m[34;1mGik shouts:[0m run fer the hills![0m
[14:09] [0m[34;1mGaidin shouts:[0m I read that in Christopher Lloyd's voice.[0m
[14:12] [0m[Auction] Robert : Up for bids: Balangool Gloves (Bright Green Aura).[0m
[14:12] [0m[Auction] Robert : Decav has requested 2,500 as the opening offer.[0m
[14:12] [0m[Auction] Decav (mage) : scaler 90, probably 12 wis/dex?[0m
[14:12] [0m[Auction] Robert : Got 2,500 from Javelin(chan).  Do I hear 2,625?[0m
[14:13] [0m[Auction] Robert : 2,500 going once![0m
[14:13] [0m[Auction] Robert : 2,500 going twice![0m
[14:13] [0m[Auction] Robert : Sold to Javelin for 2,500 coins![0m
[14:48] [0mYou can currently reforge 8 items.[0m
[14:59] [0m[34;1mSimonz shouts:[0m 4 670sp charms @ CoT, ping me in 1999![0m
[15:01] [0m[34;1mEcholoc shouts:[0m Here we are, born to be kings, We're the princes of the[0m
[15:01] [0m                universe, Here we belong, fighting to survive, In a world[0m
[15:01] [0m                with the darkest powers[0m
[15:09] [0m[37;1mBliss flaps :[0m any sectionz party willing to drag me around ?[0m
[15:17] [0m[34;1mEcholoc shouts:[0m No one Escapes Tweedy's Farm![0m
[15:19] [0m[34;1mEcholoc shouts:[0m Mrs Tweedy! The Chickens are revolting![0m
[15:38] [0m[37;1mLocrian flaps :[0m every time i want to search or look at a book, it just gives[0m
[15:38] [0m                me my tactician's manual info. :/[0m
[15:38] [0m[37;1mKikipopo flaps :[0m "on ground"?[0m
[15:38] [0m[33;1m[PARTY][0m Dangerzone has quit the party.[0m
[15:38] [0m[37;1mAdalius flaps :[0m or book 2 if in inventory?[0m
[15:38] [0m[37;1mSimonz flaps :[0m or 'in room'[0m
[15:39] [0m[37;1mLocrian flaps :[0m not in inventory, just one of the item descriptions in the[0m
[15:39] [0m                room that could be looked at.[0m
[15:40] [0m[37;1mLocrian flaps :[0m look at book in room did work actually.[0m
[15:41] [0m[37;1mLocrian flaps :[0m same info as bookshelves. heh.[0m
[15:48] [0mYou can currently reforge 12 items.[0m
[15:56] [0m[37;1mMaverik flaps :[0m anyone happen to know a cheap/free easy to use tool for[0m
[15:56] [0m                "social listening" or scraping trending keywords or hashtags[0m
[15:56] [0m                from people you follow on twitter and/or linkedin?[0m
[15:56] [0m[37;1mRaeth flaps :[0m trying to stay cool with the younguns?[0m
[15:56] [0m[37;1mSer flaps :[0m like a twitter bot[0m
[15:58] [0m[37;1mMaverik flaps :[0m yeah basically wanna know what words my potential clients[0m
[15:58] [0m                would buy and then use those words in marketing etc.[0m
[16:46] [0m[36m<BS> Dangerzone :[0m im nerfed so hard by 14~M delta[0m
[16:48] [0m[34;1mCrolack shouts:[0m 8Inix, tacos?[0m
[16:48] [0m[34;1mInix shouts:[0m [30;1m([34;1m8[30;1m)[0mInix : Cannot predict now[0m
[16:48] [0mYou can currently reforge 12 items.[0m
[16:48] [0m[37;1mNightrider flaps :[0m 8inix Moo?[0m
[16:48] [0m[37;1mInix flaps :[0m [30;1m([34;1m8[30;1m)[0mInix : My reply is no[0m
[16:49] [0mYou can currently reforge 0 items.[0m
[16:54] [0m[34;1mZiphe shouts:[0m Fare thee well, thy stranger![0m
[17:21] [0m[31;1m[Clan] Zorbaine weaves the lame.[0m  [0m
[17:27] [0m[37;1mCaeli flaps :[0m If you found out an ex was abusive after y'all split, do you[0m
[17:27] [0m              re-asses yourself or them?[0m
[17:27] [0m[37;1mAmish flaps :[0m yes[0m
[17:28] [0m[37;1mSquirrel flaps :[0m bye felicia[0m
[17:28] [0m[37;1mAmish flaps :[0m I mean, mostly yourself, you split so whatever assuming there[0m
[17:28] [0m              are not children involved[0m
[17:28] [0m[37;1mDerfus flaps :[0m Both considering you'd have a unclear sense of self after[0m
[17:28] [0m               being with an abusive person.[0m
[17:28] [0m[37;1mAmish flaps :[0m they're way not your problem[0m
[17:28] [0m[37;1mMelly flaps :[0m anyone asking for advice on flapchat should probably assess[0m
[17:28] [0m              themselves[0m
[17:29] [0m[37;1mCaeli flaps :[0m No children, we split in our early-mid 20s and I never felt he[0m
[17:29] [0m              was abusive to me, but some of his ex's after me said he was.[0m
[17:29] [0m[37;1mBrasky flaps :[0m what's it to you at this point?[0m
[17:29] [0m[37;1mHeimdall flaps :[0m sounds like its not worth thinking about[0m
[17:29] [0m[37;1mSimonz flaps :[0m assess why your're talking to the ex's of your ex from 20[0m
[17:29] [0m               years ago[0m
[17:29] [0m[37;1mAmish flaps :[0m It is possible that he was not abusive to you or possible you[0m
[17:29] [0m              did not consider it abusive at the time[0m
[17:29] [0m[37;1mDerfus flaps :[0m Sort between what he projected onto you as oppose to what[0m
[17:29] [0m               your personality really is.[0m
[17:30] [0m[37;1mSquirrel flaps :[0m wasnst paris 'the' person to talk to about relationships?[0m
[17:30] [0m[37;1mSquirrel flaps :[0m just saying XD[0m
[17:30] [0m[37;1mAmish flaps :[0m or possible that 20 years ago what people considered "abusive"[0m
[17:30] [0m              was extremely different[0m
[17:30] [0m[37;1mSimonz flaps :[0m probably, you could ask him his opinion and then do whatever[0m
[17:30] [0m               the opposite was, and you'd always be right[0m
[17:30] [0m[37;1mCaeli flaps :[0m Kinda can't talk to him unless I find a medium.[0m
[17:31] [0m[37;1mBrasky flaps :[0m is he a ghost?[0m
[17:31] [0m[37;1mSimonz flaps :[0m they're rare, and it hard to do well, kinda like steak puns[0m
[17:31] [0m[37;1mCaeli flaps :[0m Quite dead.[0m
[17:31] [0m[37;1mAmish flaps :[0m That is a deep theological question Brasky, that's a different[0m
[17:31] [0m              line[0m
[17:31] [0m[37;1mAmish flaps :[0m maybe, is it a different line?[0m
[17:31] [0m[37;1mSquirrel flaps :[0m the big poofy karen from 'the medium'?[0m
[17:31] [0m[37;1mJazz flaps :[0m I get all of my counselling for free in bars and on 3k... is[0m
[17:31] [0m             that wrong or just thrifty?![0m
[17:32] [0m[37;1mSquirrel flaps :[0m no one from jersey is ever going to scam you. never.[0m
[17:32] [0m[37;1mAmish flaps :[0m depends on how much following the advice has cost you I guess[0m
[17:32] [0m[37;1mDerfus flaps :[0m Most abuses are subtle in relationships and even your SO may[0m
[17:32] [0m               not know it is abuse.[0m
[17:32] [0m[37;1mAmish flaps :[0m Almost certainly the SO would not consider it abuse[0m
[17:33] [0m[37;1mCaeli flaps :[0m Well, I know my e-husband was mentally abusive.[0m
[17:33] [0m[37;1mCaeli flaps :[0m So, I was familiar with mental abuse by the time i lived with[0m
[17:33] [0m              this guy.[0m
[17:33] [0m[34;1mTex shouts:[0m grabbed by deez nutz ouch[0m
[17:34] [0m[37;1mSquirrel flaps :[0m lag from net is aweful[0m
[17:35] [0m[37;1mDerfus flaps :[0m It's full or awe?[0m
[17:36] [0m[37;1mSquirrel flaps :[0m didn't think my 2400 baud would be that bad[0m
[17:36] [0m[37;1mDerfus flaps :[0m Oh you upgraded from acorn internet?[0m
[17:37] [0m[37;1mSquirrel flaps :[0m sure did after I found out you were on starbucks[0m
[17:37] [0m[37;1mDerfus flaps :[0m lol[0m
[17:38] [0m[37;1mDerfus flaps :[0m Actually I was on Public library for a few months even though[0m
[17:38] [0m               it was closed. It reached far enough to work on my patio.[0m
[17:38] [0m[37;1mDerfus flaps :[0m The disconnects were horrid.[0m
[17:39] [0m[Auction] Robert : Up for bids: BloodThorn (enchanted).[0m
[17:39] [0m[Auction] Robert : Squirrel has requested 558 as the opening offer.[0m
[17:39] [0m[Auction] Robert : Got 558 from Al(chan).  Do I hear 608?[0m
[17:39] [0m[Auction] Robert : 558 going once![0m
[17:40] [0m[Auction] Robert : 558 going twice![0m
[17:40] [0m[Auction] Robert : Sold to Al for 558 coins![0m
[17:40] [0m[Auction] Din (blad) : Al Smash![0m
[17:40] [0m[37;1mDerfus flaps :[0m Is it ok to emotionally abuse a squirrel?[0m
[17:40] [0m[Auction] Al (chan) : Al Cohol![0m
[17:40] [0m[37;1mDerfus flaps :[0m :O[0m
[17:41] [0m[Auction] Volt (bree) : Drugs and Al ruined my life[0m
[17:42] [0m[Auction] Al (chan) : but his wife had fun![0m
[17:43] [0m[Auction] Squirrel (prie) : I don't think it was the drugs[0m
[17:43] [0m[Auction] Squirrel (prie) : Al wears no pants.[0m
[17:43] [0m[Auction] Din (blad) : maybe your life ruined the drugs[0m
[17:43] [0m[Auction] Al (chan) : Let me tell you something you might not know, joe[0m
[17:43] [0m                      rogan....i smoke rocks[0m
[17:46] [0m[34;1mAmish shouts:[0m SEXXY[0m
[17:46] [0m[34;1mTex shouts:[0m umba wassa what[0m
[17:46] [0m[34;1mAlassra shouts:[0m notice me![0m
[17:46] [0m[34;1mSquirrel shouts:[0m you cooking chicken in the kitchen?[0m
[17:47] [0m[34;1mMelly shouts:[0m i see you, alassra[0m
[17:47] [0m[34;1mPrism shouts:[0m x3 nuzzles[0m
[17:47] [0m[37;1mDerfus flaps :[0m There are emotional abuse groups and pages on Facebook if you[0m
[17:47] [0m               really need someone super knowledgable to tell you. I know a[0m
[17:47] [0m               fair amount about that stuff but I am not an 'expert' myself.[0m
[17:47] [0m[34;1mWhoknows shouts:[0m I notice you noticing me not noticing you[0m
[17:48] [0m[34;1mGik shouts:[0m notice harder[0m
[17:48] [0mYou can currently reforge 4 items.[0m
[17:54] [0m[34;1mNightrider shouts:[0m le moo?[0m
[18:12] [0m[34;1mDin shouts:[0m actually i _am_ cooking chicken in the kitchen[0m
[18:31] [0m[37;1mAdalius flaps :[0m I think I'm a real life wizard right now.[0m
[18:31] [0m[37;1mMelly flaps :[0m seems unlikely but im glad[0m
[18:31] [0m[37;1mStasis flaps :[0m that's a warning sign[0m
[18:32] [0m[37;1mEcholoc flaps :[0m yor's a wizard harr...... Adalius...[0m
[18:32] [0m[37;1mAdalius flaps :[0m Cat6 from my office to my basement. Got new internet that is[0m
[18:32] [0m                400 instead of 40 down. Speed in my office shows its capping[0m
[18:32] [0m                out at a 100 connection, not a gig connection[0m
[18:32] [0m[37;1mEcholoc flaps :[0m got a switch somewhere?[0m
[18:32] [0m[37;1mThom flaps :[0m check network card/modem?[0m
[18:32] [0m[37;1mAdalius flaps :[0m So, I buy a cable tester. Check the ends. Only 1 pair out of[0m
[18:32] [0m                4 is actually showing good enough signal to pop on the[0m
[18:32] [0m                tester. Yet somehow I'm getting 90 down/20 up still. It's[0m
[18:32] [0m                MAGIC[0m
[18:32] [0m[37;1mDerfus flaps :[0m The contract only says "up to 1g"[0m
[18:33] [0m[37;1mThom flaps :[0m oh its a story. *listens*[0m
[18:33] [0m[37;1mAdalius flaps :[0m So long story short, I crimped a cable like a gorilla, it[0m
[18:33] [0m                looks like crap, 75% fails test, yet is still pulling 90[0m
[18:33] [0m                down. MAAAAAGIC[0m
[18:35] [0m[37;1mStasis flaps :[0m probably good enough to qualify as a Pratchett Wizard[0m
[18:36] [0m[34;1mSiem shouts:[0m thanks all :)[0m
[18:45] [0mnewb Furian [mage/33]: are there any guilds that do not require any eq, or[0m
[18:45] [0m                       at least absolutely have to have it to keep you[0m
[18:45] [0m                       alive? I'm new, and getting used to these reboots is[0m
[18:45] [0m                       not easy.[0m
[18:45] [0mnewb Rhyson [priest/111]: cyborgs are a good spot[0m
[18:46] [0mnewb Melly [elemental/133]: in every guild you'll be worse without gear[0m
[18:46] [0mnewb Alassra [necromancer/134]: but Mages are actually one of the ones that[0m
[18:46] [0m                                can use (and thus need) the least amount of[0m
[18:46] [0m                                gear[0m
[18:46] [0mnewb Kagour [juggernaut/55]: juggers need gear, but are quite capable of[0m
[18:46] [0m                             getting it themselves[0m
[18:46] [0mnewb Hideo [juggernaut/50]: Changelings are kinda slow to start, but they[0m
[18:46] [0m                            dont 'need' gear (since they cant use it when[0m
[18:46] [0m                            you're little anyway)[0m
[18:46] [0mnewb Melly [elemental/133]: borgs, changelings, sii and some others are less[0m
[18:46] [0m                            reliant[0m
[18:46] [0mnewb Furian [mage/33]:  not without a spirit cloak[0m
[18:46] [0mnewb Echoloc [juggernaut/127]: and 60 and below you keep any gear you have[0m
[18:46] [0m                               on when you log out.. with some exceptions[0m
[18:47] [0mnewb Echoloc [juggernaut/127]: so dont sell it, keep it on[0m
[18:48] [0mnewb Kagour [juggernaut/55]: are monks still around?  Thought there was only[0m
[18:48] [0m                             a couple pieces of gear they could use?[0m
[18:48] [0mnewb Furian [mage/33]: i accidently sold gear once, but i logged in today[0m
[18:48] [0m                       after 2 days and everything is gone, thats from a[0m
[18:48] [0m                       reboot, not me selling stuff[0m
[18:48] [0mnewb Squirrel [priest/133]: there are no monks, only rictor[0m
[18:48] [0mnewb Rhyson [priest/111]: isn't there a caveat it has to be gear you[0m
[18:48] [0m                          obtained yourself?[0m
[18:49] [0mnewb Simonz [jedi/133]: nod[0m
[18:49] [0mnewb Kagour [juggernaut/55]: oh, well, scratch them off then :)  Didnt make[0m
[18:49] [0m                             much sence a no gear guild on a gear based game[0m
[18:49] [0m                             :)[0m
[18:49] [0mnewb Simonz [jedi/133]: and I think you have to be wearing it?[0m
[18:49] [0mnewb Alassra [necromancer/134]: you have to be the only person that touched[0m
[18:49] [0m                                it[0m
[18:49] [0mnewb Adalius [Admin]: Reboot was 4 days ago, so it probably wasnt reboot, it[0m
[18:49] [0m                      was probably you were linkdead so long it fully logged[0m
[18:49] [0m                      you out[0m
[18:49] [0mnewb Derfus [android/38]: You have to collect it yourself. If you did then[0m
[18:49] [0m                          it's likely a bug.[0m
[18:49] [0mnewb Echoloc [juggernaut/127]: gear you picked up off othe ground that[0m
[18:49] [0m                               nobody else has touched[0m
[18:49] [0mnewb Alassra [necromancer/134]: like someone can kill the mob for you and[0m
[18:49] [0m                                you can pick it up off the ground[0m
[18:49] [0mnewb Derfus [android/38]: Yeah have to be wearing it too.[0m
[18:50] [0mnewb Furian [mage/33]: yea, i was gone 2 days[0m
[18:50] [0mnewb Echoloc [juggernaut/127]: so it is best practice to get the peice and[0m
[18:50] [0m                               never unequip it or hand it to anybody else[0m
[18:50] [0m                               :)[0m
[18:50] [0mnewb Furian [mage/33]: i dont think me getting a spirit cloak is possible on[0m
[18:50] [0m                       my own[0m
[18:50] [0mnewb Kagour [juggernaut/55]: you wont keep it anyway[0m
[18:51] [0mnewb Waterhouse [mage/87]: gear from dungeons doesn't seem to autoload the[0m
[18:51] [0m                           same[0m
[18:51] [0mnewb Kagour [juggernaut/55]: spirit gear is one set that wont autloload[0m
[18:51] [0mnewb Alassra [necromancer/134]: spirit stuff definitely autoloads[0m
[18:51] [0mnewb Derfus [android/38]: If you get someone to kill, then have you grab it[0m
[18:51] [0m                          you can.[0m
[18:51] [0mnewb Kagour [juggernaut/55]: then why didnt mine??[0m
[18:51] [0mnewb Whoknows [priest/134]: hrm, ive seen it autoload[0m
[18:51] [0mnewb Alassra [necromancer/134]: Did you wear it and then log out?[0m
[18:51] [0mnewb Echoloc [juggernaut/127]: the cloak?[0m
[18:52] [0mnewb Kagour [juggernaut/55]: i picked up an entire set, was wearing it at[0m
[18:52] [0m                             reboot, after reboot i had crappy newb stuff?[0m
[18:52] [0mnewb Whoknows [priest/134]: if you're first to touch it should load[0m
[18:52] [0mnewb Alassra [necromancer/134]: did you log out or did you just let reboot[0m
[18:52] [0m                                kick you out?[0m
[18:52] [0mnewb Alassra [necromancer/134]: it's always best to wear it, quit, then log[0m
[18:52] [0m                                back in to make sure it saved properly[0m
[18:52] [0mnewb Kagour [juggernaut/55]: not sure[0m
[18:52] [0mnewb Echoloc [juggernaut/127]: because putting it on before a[0m
[18:52] [0m                               main/breastplate makes you take it off. and[0m
[18:52] [0m                               that can screw with things... sometimes[0m
[18:52] [0mnewb Echoloc [juggernaut/127]: samething thing gloves and rings[0m
[18:53] [0mnewb Echoloc [juggernaut/127]: i have lost many pairs of gloves that should[0m
[18:53] [0m                               of stayed.[0m
[18:53] [0mnewb Derfus [android/38]: weathermay vanishes[0m
[18:53] [0mnewb Echoloc [juggernaut/127]: is is like you have to remove them manually[0m
[18:53] [0m                               and put them on again manually and not let[0m
[18:53] [0m                               the wear ring do it[0m
[18:54] [0mnewb Kagour [juggernaut/55]: actually, i do remeber, i slept through reboot[0m
[18:54] [0m                             so i lded out[0m
[18:55] [0mnewb Kagour [juggernaut/55]: missed getting the guild box sales at boot :)[0m
[19:47] [0m[34;1mZiphe shouts:[0m is there anybody out there?[0m
[19:47] [0m[34;1mNightrider shouts:[0m Are we there yet?[0m
[19:47] [0m[34;1mEcholoc shouts:[0m no[0m
[19:48] [0m[34;1mKagour shouts:[0m NEVER!!!![0m
[19:48] [0m[34;1mEllegon shouts:[0m noone but us meat popsicles.[0m
[19:48] [0m[34;1mKagour shouts:[0m jeez, doesnt your suit have heating?  Mine certainly does :)[0m
[19:49] [0m[34;1mEllegon shouts:[0m no, the cooling keeps it brisk like a server room.[0m
