- = LOG STARTED [00:00] = -
[00:00] [0m[37;1mLocrian flaps :[0m SHEEPLE![0m
[00:33] [0m[37;1m[JEDI]:[0m Herah Wylann arrives at the Academy.[0m
[01:06] [0m[37;1m[JEDI]:[0m Bithoff Jonansaan arrives at the Academy.[0m
[01:22] [0m[34;1mDecado shouts:[0m any parties out there? It's a throw back, "I do good damage"[0m
[01:23] [0m[34;1mStasis shouts:[0m titan throwback party![0m
[01:24] [0m[34;1mDecado shouts:[0m im down with titan...they hurt a bit[0m
[01:29] [0m[34;1mMotivation shouts:[0m how big do they get?[0m
[01:35] [0m[34;1mDecado shouts:[0m can anyone tell me where to buy moonrocks for +light? I know it exists, but i[0m
[01:35] [0m               cant remember where[0m
[01:35] [0m[34;1mSpace shouts:[0m 60m ish, i think, poor xp/round tho by todays standards[0m
[01:35] [0m[34;1mSpace shouts:[0m Carina's for moonrocks[0m
[01:35] [0m[34;1mSpace shouts:[0m but they are now heavy and dont work from within containers[0m
[22:21] [0m[37;1mXiu flaps :[0m what's left of him. whatever few neurons are left in the blood pudding that used to[0m
[22:21] [0m            be my brain.[0m
[22:21] [0m[37;1mLocrian flaps :[0m this is the end.....my only friend, the end...[0m
[22:21] [0m[34;1mZiphe shouts:[0m if a 10 day boot happens but day 7 doesn't ever occur did the reboot even happen?[0m
[22:21] [0m[37;1mSlimeball flaps :[0m day0 warez[0m
[22:21] [0m[37;1mTychicus flaps :[0m Browse my ware?[0m
[22:22] [0m[37;1mSpace flaps :[0m well, Xiu, IT has to be 'hard' for one to fap[0m
[22:22] [0m[31;1m[Clan] Ser :[0m nix[0m
[22:23] [0m[31;1m[Clan] Ser :[0m if you're awake you wanna do some grs[0m
[22:25] [0mArmy shouts: Game reboot in 36 minutes 15 seconds[0m
[22:25] [0m[34;1mZiphe shouts:[0m oh yeah? You and what army??[0m
[22:27] [0m[37;1mXiu flaps :[0m that's some bad intel, they're not gonna be in my dungeon.[0m
[22:34] [0mArmy shouts: Game reboot in 27 minutes 1 second[0m
[22:35] [0m[34;1mAdalius shouts:[0m Stasis says I have to boon you. So...[0m
[22:35] [0m[34;1mStasis shouts:[0m laf, wooo..[0m
[22:35] [0m[37;1m[JEDI]:[0m Rhaan arrives at the Academy.[0m
[22:35] [0m[34;1mLiskerlol shouts:[0m my coins![0m
[22:35] [0m[34;1mSylph shouts:[0m i hope you have to pay capital gains on that...[0m
[22:37] [0m[34;1mSylph shouts:[0m sounds like a new wiz-rank[0m
[22:37] [0m[34;1mVolt shouts:[0m heheh, he said 'cometh'[0m
[22:40] [0m[31;1m[Clan] Falthrice leaves the game.[0m  [0m
[22:40] [0m[31;1m[Clan] Taleast enters the game.[0m  [0m
[22:41] [0mArmy shouts: Game reboot in 20 minutes 5 seconds[0m
[22:41] [0m[34;1mNameless shouts:[0m oh yeah, its time[0m
[22:41] [0m[34;1mCambiador shouts:[0m Woo!!![0m
[22:41] [0m[34;1mSpace shouts:[0m gratz[0m
[22:41] [0m[31;1m[Clan] Taleast :[0m grats, bro[0m
[22:42] [0m[31;1m[Clan] Nameless :[0m whee[0m
[22:42] [0m[31;1m[Clan] Nameless :[0m i made it before boot![0m
[22:43] [0m[31;1m[Clan] Taleast leaves the game.[0m  [0m
[22:43] [0m[31;1m[Clan] Falthrice enters the game.[0m  [0m
[22:44] [0m[34;1mNameless shouts:[0m thanks all :)[0m
[22:45] [0m[31;1m[Clan] Cambiador :[0m What is a ruby tinted cloak?[0m
[22:45] [0m[31;1m[Clan] Nameless :[0m world drop, i believe thats the robes of therlassia[0m
[22:46] [0m[31;1m[Clan] Nameless :[0m i could be misremembering[0m
[22:46] [0mArmy shouts: Game reboot in 14 minutes 53 seconds[0m
[22:46] [0m[31;1m[Clan] Cambiador :[0m :( Nix[0m
[22:46] [0m[31;1m[Clan] Xaris :[0m oops[0m
[22:46] [0m[34;1mWhoknows shouts:[0m he tried to grab the tiger by the tail[0m
[22:47] [0m[34;1mNameless shouts:[0m nose beers![0m
[22:48] [0m[31;1m[Clan] Xaris :[0m I do not know what I should try to Brun :([0m
[22:48] [0m[35;1mAlstor [Jedi(Staff)]:[0m I shall be selling the Armory off shortly. Please return any borrowed[0m
[22:48] [0m                      equipment promptly.[0m
[22:48] [0m[35;1mAlstor [Jedi(Staff)]:[0m I sold the contents of the Armory for 242954 coins and credited your[0m
[22:48] [0m                      accounts with your share of the proceeds.[0m
[22:49] [0m[31;1m[Clan] Nameless :[0m i dont really wanna brun[0m
[22:49] [0m[31;1m[Clan] Nameless :[0m gonna play mage so most stuff i think is morning goodies[0m
[22:49] [0m[31;1m[Clan] Xaris :[0m nod[0m
[22:50] [0mArmy shouts: Game reboot in 10 minutes 59 seconds[0m
[22:53] [0mArmy shouts: Game reboot in 8 minutes 4 seconds[0m
[22:55] [0mArmy shouts: Game reboot in 5 minutes 53 seconds[0m
[22:56] [0m[34;1mElminster shouts:[0m last![0m
[22:56] [0m[34;1mPrism shouts:[0m whta[0m
[22:56] [0m[34;1mSpace shouts:[0m hmm not[0m
[22:57] [0m[34;1mNauda shouts:[0m You Elmoed your last Elmo[0m
[22:57] [0m[34;1mPez shouts:[0m last drinks?[0m
[22:57] [0mArmy shouts: TELL ARMY if you want a free transport![0m
[22:57] [0mArmy shouts: Game reboot in 4 minutes 14 seconds[0m
[22:58] [0m[34;1mSer shouts:[0m no[0m
[22:58] [0mArmy shouts: Game reboot in 3 minutes[0m
[22:58] [0m[31;1m[Clan] Nameless leaves the game.[0m  [0m
[22:58] [0m[31;1m[Clan] Cambiador leaves the game.[0m  [0m
[22:58] [0m[31;1m[Clan] Xaris leaves the game.[0m  [0m
[22:59] [0mArmy shouts: Game reboot in 2 minutes 5 seconds[0m
[22:59] [0m[31;1m[Clan] Slacker leaves the game.[0m  [0m
[22:59] [0m[34;1mElminster shouts:[0m who is army though?[0m
[22:59] [0m[34;1mEsper shouts:[0m Who are any of us?[0m
[22:59] [0m[34;1mEllegon shouts:[0m Armegeddon.[0m
[23:00] [0m[34;1mSpace shouts:[0m where is Alassra?[0m
[23:00] [0mArmy shouts: Game reboot in 1 minute 23 seconds[0m
[23:00] [0m[34;1mEsper shouts:[0m Lost to socialism.[0m
[23:00] [0mArmy shouts: Game reboot in 52 seconds[0m
[23:01] [0m[34;1mStasis shouts:[0m off living the good life then[0m
[23:01] [0mArmy shouts: Game reboot in 29 seconds[0m
[23:01] [0m[34;1mPrism shouts:[0m Socialism is the answer[0m
[23:01] [0mArmy shouts: Game reboot in 11 seconds[0m
[23:01] [0m[34;1mRevelation shouts:[0m last?[0m
[23:01] [0m[37;1mNauda flaps :[0m last[0m
[23:01] [0mArmy shouts: Running erratically about the streets[0m
[23:03] [31;1m[Clan] Roken wisps into existence.[0m  [0m
[23:03] [0m[37;1m[JEDI]:[0m Kerran Halcyon arrives at the Academy.[0m
[23:03] [0m[34;1mLocrian shouts:[0m +20 con boost at CoT! ack me![0m
[23:03] [0m[31;1m[Clan] Ser enters the game.[0m  [0m
[23:05] [0m[31;1m[Clan] Sparkie enters the game.[0m  [0m
[23:06] [0m[34;1mWhoknows shouts:[0m auro shield at SS[0m
[23:07] [0m[31;1m[Clan] Xaryl :[0m wow! nauda or havox are not sitting huri[0m
[23:07] [0m[31;1m[Clan] Xaryl :[0m well, speak of the devil!![0m
[23:07] [0m[31;1m[Clan] Falthrice :[0m laf[0m
[23:08] [0m[34;1mWhoknows shouts:[0m dupe shop closing[0m
[23:09] [0m[31;1m[Clan] Falthrice :[0m those that need auro, did you see Whoknows shout?[0m
[23:10] [0m[31;1m[Clan] Ser :[0m no i'm fucking lit af[0m
[23:10] [0m[31;1m[Clan] Falthrice :[0m good timing :P[0m
[23:10] [0m[31;1m[Clan] Falthrice :[0m lol[0m
[23:11] [0m[31;1m[Clan] Xaryl :[0m nauda is sitting huri for space, and havox is sitting sac spiders![0m
[23:11] [0m[31;1m[Clan] Ser :[0m cute[0m
[23:11] [0m[31;1m[Clan] Xaryl :[0m I want 2 people to be my camping bitch! (well, really only 1.....)[0m
[23:13] [0m[31;1m[Clan] Xaro enters the game.[0m  [0m
[23:13] [0m[31;1m[Clan] Cambiador enters the game.[0m  [0m
[23:14] [0m[31;1m[Clan] Falthrice :[0m huh[0m
[23:15] [0m[31;1m[Clan] Falthrice :[0m well crap,  no wonder[0m
[23:15] [0m[31;1m[Clan] Aka arrives in a puff of pot smoke.[0m  [0m
[23:15] [0m[31;1m[Clan] Falthrice :[0m stupid fucking spell point regen at boot and study mechanic[0m
[23:16] [0m[31;1m[Clan] Falthrice :[0m at least cloak is in[0m
[23:17] [0;1;34mRikken shouts: [0mPolls are now open![0m
[23:18] [0m[37;1mArchimedes flaps :[0m Mask available for dup at SS.[0m
[23:20] [0m[31;1m[Clan] Vidae enters the game.[0m  [0m
[23:20] [0m[31;1m[Clan] Nik enters the game.[0m  [0m
[23:21] [0m[Auction] Vidae (bard) : Any interest out there in a 15%? Shorter boot so[0m
[23:21] [0m[Auction] Space (necr) : yes[0m
[23:21] [0m[Auction] Space (necr) : 1m[0m
[23:21] [0m[Auction] Space (necr) : starting bid[0m
[23:22] [0m[Auction] Nauda (necr) : one million dollars, muahauha[0m
[23:22] [0m[31;1m[Clan] Archangel enters the game.[0m  [0m
[23:22] [0m[31;1m[Clan] Akir enters the game.[0m  [0m
[23:26] [0m[34;1mLocrian shouts:[0m Huzzah![0m
[23:27] [0m[37;1m[JEDI]:[0m Bithoff Jonansaan arrives at the Academy.[0m
[23:28] [0m[Auction] Maxim (elem) : oh, hai Mark[0m
[23:32] [0m[Auction] Fluffy (chan) : does it come in any other colours ?[0m
[23:32] [0m[Auction] Prism (gent) : NO[0m
[23:32] [0m[Auction] Stasis (elem) : green[0m
[23:32] [0m[Auction] Prism (gent) : well, green[0m
[23:39] [0m[34;1mNauda shouts:[0m UG Stasis field[0m
[23:44] [0m[34;1mSpace shouts:[0m rolm dups at SS for the next min or 2[0m
