- = LOG STARTED [00:00] = -
[00:11] [0m[37;1m[JEDI]:[0m Rhaan arrives at the Academy.[0m
[00:25] [0m[5m[1m[48;5;124mYour lightsaber begins to flicker and the handle warms![0m[0m                 [0m
[00:39] [0m[37;1m[JEDI]:[0m Herah Wylann arrives at the Academy.[0m
[01:10] [0m[37;1m[JEDI]:[0m Alyssa K'tal arrives at the Academy.[0m
[01:31] [0m[37;1mKirwan flaps :[0m Beloch's here.  If anyone wants to tank him, I'd like to kill him..  However many[0m
[01:31] [0m               times.[0m
[01:44] [0m[37;1mNeub flaps :[0m so... everybody know which crypto Elon is pumping and dumping right now?[0m
[01:45] [0m[37;1m[JEDI]:[0m Kerran Halcyon arrives at the Academy.[0m
[02:04] [0m[31;1m[Clan] Bruce enters the game.[0m  [0m
[02:04] [0m[31;1m[Clan] Timmy enters the game.[0m  [0m
[02:11] [0m[37;1m[JEDI]:[0m Tobias Kel'ach'nar arrives at the Academy.[0m
[02:42] [0m[31;1m[Clan] Slacker enters the game.[0m  [0m
[02:44] [0m[37;1m[JEDI]:[0m Durnoth arrives at the Academy.[0m
[03:00] [0m[34;1mJasmine shouts:[0m DIRTY FILTHY MEMORY![0m
[10:49] [0m[37;1m[JEDI]:[0m Kerran Halcyon arrives at the Academy.[0m
[10:49] [0m[31;1m[Clan] Saim climbs out of your ass, and into the game.[0m  [0m
[10:49] [0m[37;1mNightrider flaps :[0m beloch me tank you hit lets go[0m
[10:59] [0m[34;1mSpace shouts:[0m Hello, is there anybody in there? just nod if you can hear me, is there anybody[0m
[10:59] [0m              home?[0m
[10:59] [0m[34;1mDonnerjack shouts:[0m Relax relax relax, its just a little pin prick.[0m
[11:00] [0m[34;1mNauda shouts:[0m Blame Maverik[0m
[11:03] [0m[34;1mSpace shouts:[0m there is no pain, you are receding, a distant ship smoke on the horizon, you are[0m
[11:03] [0m              only coming though in waves, your lips move but i can't hear what you're saying[0m
[11:05] [0m[34;1mMugen shouts:[0m is space drunk?[0m
[11:06] [0m[34;1mSpace shouts:[0m pink floyd gets you drunk with music and words[0m
[11:10] [0m[34;1mNauda shouts:[0m I blame Maverik[0m
[11:10] [0m[31;1m[Clan] Elektra :[0m holy fuck[0m
[11:10] [0m[31;1m[Clan] Elektra :[0m zillow 4 rolling ln 01760[0m
[11:11] [0m[31;1m[Clan] Elektra :[0m my house is up 85,000 over what i sold it for 11 months ago[0m
[11:11] [0m[31;1m[Clan] Elektra :[0m AND[0m
[11:11] [0m[34;1mVagrant shouts:[0m justin beiber gets me going when I want to listen to good music[0m
[11:11] [0m[34;1mAlassra shouts:[0m Tay-Tay ftw![0m
[11:11] [0m[31;1m[Clan] Elektra :[0m i hear the house behind ours went 100,000 over asking... 17 written offers the[0m
[11:11] [0m                 first day, all over asking, and sold with no inspection or contingencies.[0m
[11:12] [0m[31;1m[Clan] Elektra :[0m but no benefit to me... the house i bought is now worth 200,000 more than we[0m
[11:12] [0m                 paid, so it would have actually cost more to have waited a year.[0m
[11:12] [0m[34;1mGaidin shouts:[0m Is the trick to lower the bar so far that something else sounds that much better?[0m
[11:12] [0m[34;1mCarolina shouts:[0m or damn near anything??[0m
[11:12] [0m[31;1m[Clan] Elektra :[0m i guess the vaccine isn't reducing people's interest in getting the FUCK out of[0m
[11:12] [0m                 Boston and into the suburbs.[0m
[11:13] [0m[31;1m[Clan] Elektra :[0m that house is a piece of shit too, 1945 stick built, drafty, mis-matched double[0m
[11:13] [0m                 addition[0m
[11:15] [0m[31;1m[Clan] Reacher enters the game.[0m  [0m
[11:18] [0m[34;1mSpace shouts:[0m think there will be a time in te future when beiber/britanny etc "music" will be[0m
[11:18] [0m              referred to as classic ? I certainly  hope I am dead if such a time were to arrive[0m
[11:18] [0m[34;1mMugen shouts:[0m yay n things[0m
[11:18] [0m[37;1m[JEDI]:[0m Talia Ska arrives at the Academy.[0m
[11:18] [0m[34;1mFujitsu shouts:[0m oldies at least[0m
[11:18] [0m[34;1mWhoknows shouts:[0m classic what? classic poop?[0m
[11:19] [0m[34;1mVagrant shouts:[0m Beiber fever!! All you beiblievers out there put your hands up[0m
[11:19] [0m[34;1mNauda shouts:[0m the moo is dead, long live the moo[0m
[11:19] [0m[34;1mSpace shouts:[0m high5 wknoknows[0m
[11:19] [0m[34;1mCarolina shouts:[0m it can be considered classic all they want, just not 'good'[0m
[11:19] [0m[31;1m[Clan] Elektra :[0m anyone need anything?[0m
[11:20] [0m[34;1mCarolina shouts:[0m the fireballing ford pinto would be a 'classic' by now, doesn't mean anyone[0m
[11:20] [0m                 wants one :P[0m
[11:20] [0m[34;1mFujitsu shouts:[0m you just don't understand the struggles of early fame[0m
[11:20] [0m[34;1mVagrant shouts:[0m just his songs and lyrics just gets you going IMO, I would consider it classic[0m
[11:20] [0m                and iconic, he's a legend[0m
[11:21] [0m[34;1mWhoknows shouts:[0m u want a song to get you going? listen to any AC/DC song[0m
[11:21] [0m[34;1mFujitsu shouts:[0m he's had a rough life.  just ask him.[0m
[11:21] [0m[34;1mVagrant shouts:[0m i copy all his tatts IRL, Im a stan[0m
[11:21] [0m[34;1mCarolina shouts:[0m neither did he, since he never learned that talent is SUPPOSED to be a[0m
[11:21] [0m                 requirement, not sponging off others with it![0m
[11:22] [0m[34;1mSpace shouts:[0m I mean, even pewdiepie is mega talent in comparison[0m
[11:22] [0m[34;1mFujitsu shouts:[0m fair portion of the entertainment industry is based on marketability and not[0m
[11:22] [0m                talent[0m
[11:23] [0m[34;1mCarolina shouts:[0m fair point, but i never said he wasn't an entertainer, just that he wasn't a[0m
[11:23] [0m                 good one :P[0m
[11:23] [0m[34;1mSpace shouts:[0m dude get 2 chicks to perform partial porno acts at the grammies is marketability[0m
[11:23] [0m              tho not talent[0m
[11:30] [0m[35;1mArchimedes [Jedi(Legend)]:[0m :([0m
[11:31] [0m[35;1mDardar [Jedi(32)]:[0m 0h[0m
[11:35] [0m[37;1mGlorfindel flaps :[0m Score one for Flesh Golem[0m
[11:36] [0m[37;1mNauda flaps :[0m score is a little more than one already[0m
[11:46] [0m[37;1m[JEDI]:[0m Wennic Ber'ni'lok arrives at the Academy.[0m
[11:46] [0m[35;1mDardar [Jedi(32)]:[0m one side benefit of running gxp is my dog's dxp seems to be rocketing up too[0m
[11:52] [0m[35;1mDardar [Jedi(32)]:[0m and then the dog dies. Imma just shut up in future[0m
[11:58] [0m[37;1mNauda flaps :[0m Queen wants me from afar[0m
[11:59] [0m[31;1m[Clan] Deathduck enters the game.[0m  [0m
[12:25] [0m[37;1m[JEDI]:[0m Reena Bel Noir arrives at the Academy.[0m
[12:30] [0m[31;1m[Clan] Xaryl :[0m anyone need a Coon?[0m
[12:31] [0m[31;1m[Clan] Elektra :[0m i'm set[0m
[12:31] [0m[31;1m[Clan] Elektra :[0m i could use 16 reforges[0m
[12:31] [0m[31;1m[Clan] Elektra :[0m oh i think wasp has 4 finally[0m
[12:37] [0m[31;1m[Clan] Elektra :[0m hmm never got a weapon smear[0m
[12:37] [0m[31;1m[Clan] Elektra :[0m oh i can try on wasp[0m
[12:37] [0m[31;1m[Clan] Martyr :[0m i got forges i think[0m
[12:37] [0m[31;1m[Clan] Martyr :[0m i need a cocoon too[0m
[12:37] [0m[31;1m[Clan] Elektra :[0m oh box?[0m
[12:37] [0m[31;1m[Clan] Martyr :[0m gimme a few[0m
[12:37] [0m[31;1m[Clan] Martyr :[0m just got home[0m
[12:37] [0m[31;1m[Clan] Elektra :[0m nog[0m
[12:37] [0m[31;1m[Clan] Xaro :[0m I have an extra coon I can drop in box[0m
[12:38] [0m[31;1m[Clan] Martyr :[0m thatd be awesome[0m
[12:38] [0m[31;1m[Clan] Xaro :[0m in the box & reforgws[0m
[12:47] [0m[32mTurnhold tells you:[0m Welcome to 3k, I love you.[0m
[12:47] [0m[34;1mElektra shouts:[0m welcome to costco, i love you.[0m
[12:47] [0m[34;1mHotdaddy shouts:[0m I feel the love.[0m
[12:48] [0m[34;1mAlassra shouts:[0m Bizarro!  I love you!  Bizarro![0m
[12:48] [0m[34;1mStormer shouts:[0m Can you feel me though?[0m
[12:48] [0m[34;1mCarolina shouts:[0m what aisle is the time machine on??[0m
[12:48] [0m[34;1mDardar shouts:[0m not as much as I love you, babe[0m
[12:48] [0m[34;1mTurnhold shouts:[0m I like money.[0m
[12:48] [0m[34;1mCarolina shouts:[0m I like money too, we should hang out![0m
[12:49] [0m[34;1mTurnhold shouts:[0m Go away, 'bottin.[0m
[12:56] [0m[37;1m[JEDI]:[0m Bithoff Jonansaan arrives at the Academy.[0m
[12:56] [0m[35;1mDardar [Jedi(32)]:[0m would anyone be willing to share their stat configurations? Would be nice to[0m
[12:56] [0m                   see how I stack up :)[0m
[12:57] [0m[31;1m[Clan] Elektra :[0m 3 rohs in[0m
[12:59] [0m[31;1m[Clan] Martyr :[0m BS[0m
[12:59] [0m[31;1m[Clan] Martyr :[0m omw to box[0m
[13:00] [0m[31;1m[Clan] Martyr :[0m need reforges still?[0m
[13:02] [0m[31;1m[Clan] Elektra :[0m whee, unbreakable[0m
[13:02] [0m[31;1m[Clan] Martyr :[0m woot[0m
[13:02] [0m[31;1m[Clan] Elektra :[0m without auth shield[0m
[13:02] [0m[31;1m[Clan] Martyr :[0m where is aurothon?[0m
[13:02] [0m[31;1m[Clan] Martyr :[0m anyone know?[0m
[13:02] [0m[31;1m[Clan] Elektra :[0m or shield reforge at all... pretty good[0m
[13:02] [0m[31;1m[Clan] Elektra :[0m ahouse?[0m
[13:02] [0m[31;1m[Clan] Martyr :[0m ahh there she is[0m
[13:02] [0m[31;1m[Clan] Elektra :[0m yeah item 54[0m
[13:02] [0m[31;1m[Clan] Toren enters the game.[0m  [0m
[13:03] [0m[31;1m[Clan] Oscar enters the game.[0m  [0m
[13:21] [0m[31;1m[Clan] Oscar :[0m anyone have a hmheal?[0m
[13:22] [0m[31;1m[Clan] Elektra :[0m now?[0m
[13:22] [0m[31;1m[Clan] Oscar :[0m ya[0m
[13:22] [0m[31;1m[Clan] Elektra :[0m done[0m
[13:23] [0m[31;1m[Clan] Oscar :[0m ok, whatever the fuck dmg type he does i can't block[0m
[13:24] [0m[31;1m[Clan] Elektra :[0m who what where?[0m
[13:24] [0m[31;1m[Clan] Archimedes :[0m Uhh... radiation?[0m
[13:24] [0m[31;1m[Clan] Byron :[0m major globe would get that[0m
[13:24] [0m[31;1m[Clan] Elektra :[0m core?[0m
[13:24] [0m[31;1m[Clan] Byron :[0m must be addhp[0m
[13:25] [0m[37;1m[JEDI]:[0m Durnoth arrives at the Academy.[0m
[13:57] [0m[37;1m[JEDI]:[0m Herah Wylann arrives at the Academy.[0m
[14:18] [0m[35;1mDardar [Jedi(32)]:[0m love how robots howl in pain as I strike them with my saber. :D[0m
[14:28] [0m[37;1m[JEDI]:[0m Reena Bel Noir arrives at the Academy.[0m
[15:02] [0m[37;1m[JEDI]:[0m Alyssa K'tal arrives at the Academy.[0m
[15:05] [0m[32mSally says:[0m I am going to convert all evil people so they are just like me.[0m
[15:10] [0m[31;1m[Clan] Boscar enters the game.[0m  [0m
