- = LOG STARTED [00:00] = -
[00:07] [0m[37;1m[JEDI]:[0m Durnoth arrives at the Academy.[0m
[00:34] [0m[34;1mHeimdall shouts:[0m WOOO!!![0m
[00:34] [0m[34;1mDaeth shouts:[0m He's gumby dammit!!![0m
[00:34] [0m[34;1mZiphe shouts:[0m he's green, and clay![0m
[00:34] [0m[34;1mGumby shouts:[0m tada![0m
[00:45] [0m[37;1m[JEDI]:[0m Bithoff Jonansaan arrives at the Academy.[0m
[01:13] [0m[37;1m[JEDI]:[0m Reena Bel Noir arrives at the Academy.[0m
[01:28] [0m[37;1mTex <.oO>:[0m anyone have an eternal teleport available?[0m
[01:29] [0m[34;1mGumby shouts:[0m big letters[0m
[01:29] [0m[37;1mSpace <.oO>:[0m why? cos you are again lost in dragon realms ?[0m
[01:30] [0m[37;1mWhoknows <.oO>:[0m dragon realms? last i saw he was wandering fantasy[0m
[01:31] [0m[37;1mGumby <.oO>:[0m walk it off tex ... walk it off![0m
[01:31] [0m[37;1mSpace <.oO>:[0m well usually he goes scale hunting and needs to be ported out for some reason[0m
[01:31] [0m[37;1mWhoknows <.oO>:[0m tex thought fantasy was round, doesn't believeit's flat[0m
[01:32] [0m[37;1mSpace <.oO>:[0m well technically dragon realms is in fantasy[0m
[01:32] [0m[37;1mXiu <.oO>:[0m why don't dragons have to keep flying downward if they don't want to end up in space[0m
[01:32] [0m           eh? think about that! do your own research![0m
[01:33] [0m[37;1mSpace <.oO>:[0m cos they cant break gravity so let em fly up and keep trying[0m
[01:46] [0m[37;1m[JEDI]:[0m Herah Wylann arrives at the Academy.[0m
[08:33] [0mYou can currently reforge 12 items.[0m
[09:00] [0m[37;1m[JEDI]:[0m H'ssani C'talan arrives at the Academy.[0m
[09:05] [0m[31;1m[Clan] Byron :[0m anyone know if a mask is around?[0m
[09:06] [0m[31;1m[Clan] Aka :[0m i duped one off Agni[0m
[09:06] [0m[31;1m[Clan] Aka :[0m anyone able to snag me a headband?[0m
[09:07] [0m[31;1m[Clan] Byron leaves the game.[0m  [0m
[09:08] [0m[31;1m[Clan] Martyr enters the game.[0m  [0m
[09:09] [0m[31;1m[Clan] Martyr leaves the game.[0m  [0m
[09:09] [0m[31;1m[Clan] Toren enters the game.[0m  [0m
[09:10] [0m[31;1m[Clan] Toren leaves the game.[0m  [0m
[09:10] [0m[31;1m[Clan] Byron enters the game.[0m  [0m
[09:17] [0m[34;1mWhoknows shouts:[0m No, bards are not going to be UG'd[0m
[09:17] [0m[34;1mLiskar shouts:[0m but...why?[0m
[09:17] [0m[34;1mWhoknows shouts:[0m cannot UG lack of skillz[0m
[09:18] [0m[34;1mNightrider shouts:[0m Because of the Grinch[0m
[09:21] [0m[34;1mByron shouts:[0m how many kobolds do i need to die to?[0m
[09:21] [0m[34;1mWhoknows shouts:[0m none, git gud[0m
[09:22] [0m[34;1mDerfus shouts:[0m DEATH builds character![0m
[09:22] [0m[34;1mWhoknows shouts:[0m with well over 1k you think he'd have some[0m
[09:22] [0m[34;1mLiskar shouts:[0m daddy would you like some sausages..[0m
[09:23] [0m[35;1mInquisitor [Jedi(Knight)]:[0m Oooh, I've found a generator.  Maybe the next time I take a wrong[0m
[09:23] [0m                           turn it won't shock the snot out of me.  :D[0m
[09:23] [0m[35;1mWert [Jedi(Master)]:[0m yep[0m
[09:23] [0m[35;1mWert [Jedi(Master)]:[0m green capsules give 30 min of +wis and dex[0m
[09:23] [0m[35;1mWert [Jedi(Master)]:[0m they come off generator[0m
[09:24] [0m[35;1mSally [Jedi(Knight)]:[0m but you would want to save them for the end[0m
[09:24] [0m[35;1mInquisitor [Jedi(Knight)]:[0m Beer memory suggests that I should hang on to at least one or two[0m
[09:24] [0m                           capsules until the end for the armor?[0m
[09:24] [0m[35;1mWert [Jedi(Master)]:[0m only need 2[0m
[09:24] [0m[35;1mWert [Jedi(Master)]:[0m and only if you plan to finish it all[0m
[09:24] [0m[35;1mWert [Jedi(Master)]:[0m without a path, thats an all day project[0m
[09:24] [0m[35;1mSally [Jedi(Knight)]:[0m yes save two if you are planning to finish[0m
[09:25] [0m[35;1mWert [Jedi(Master)]:[0m far more mobs in this place than you'd expect[0m
[09:25] [0m[35;1mWert [Jedi(Master)]:[0m so id recommend on your first run to just eat all the capsules[0m
[09:25] [0m[35;1mWert [Jedi(Master)]:[0m blue give some pen/crit hit, oj is sp regen[0m
[09:25] [0m[35;1mWert [Jedi(Master)]:[0m blue and oj dest, green dont[0m
[09:26] [0m[35;1mWert [Jedi(Master)]:[0m dest after a certain time[0m
[09:27] [0m[35;1mInquisitor [Jedi(Knight)]:[0m I don't hit hard enough.  Of all the things to complain about as a[0m
[09:27] [0m                           Jedi...[0m
[09:27] [0m[35;1mSally [Jedi(Knight)]:[0m void is been stingy on boots this boot for me[0m
[09:27] [0m[31;1m[Clan] Byron leaves the game.[0m  [0m
[09:27] [0m[31;1m[Clan] Oscar enters the game.[0m  [0m
[09:28] [0m[31;1m[Clan] Oscar leaves the game.[0m  [0m
[09:28] [0m[31;1m[Clan] Byron enters the game.[0m  [0m
[09:29] [0m[31;1m[Clan] Byron leaves the game.[0m  [0m
[09:29] [0m[31;1m[Clan] Martyr enters the game.[0m  [0m
[09:30] [0m[37;1m[JEDI]:[0m Tobias Kel'ach'nar arrives at the Academy.[0m
[09:30] [0mMartyr {Professions}: am i crazy or do i have to type more for reforge now[0m
[09:30] [0mInquisitor {Professions}: You're not crazy[0m
[09:30] [0mDrax {Professions}: Yep[0m
[09:31] [0mJavelin {Professions}: you're insane[0m
[09:31] [0mLiskar {Professions}: you are crazy, but you have to do that[0m
[09:31] [0mSpace {Professions}: you are not crazy[0m
[09:31] [0mInvincible {Professions}: the two aren't mutually exclusive ;)[0m
[09:31] [0mMartyr {Professions}: now i domt know what voices to believe[0m
[09:31] [0mSpace {Professions}: lazy people had a solid lobby and won the case for totally longass poor[0m
[09:31] [0m                     syntax[0m
[09:31] [0mJavelin {Professions}: come on guys, we couldn't just gaslight him for a little while?[0m
[09:43] [0m[37;1mNightrider flaps :[0m HELP ZIPHE NEEDS A MAN![0m
[09:43] [0m[37;1mWhoknows flaps :[0m you not man enough?[0m
[09:43] [0m[37;1mNightrider flaps :[0m Guess not[0m
[09:44] [0m[37;1mNightrider flaps :[0m WOO He gots a daddyo[0m
[09:47] [0m[37;1mMarlon <.oO>:[0m taco reset, send tells or come spam me at ent[0m
[09:50] [0m[37;1mMarlon <.oO>:[0m taco reset, send tells if on way, or no taco for you[0m
[09:51] [0m[37;1mWhoknows <.oO>:[0m fresh air for the rest of us[0m
[10:00] [0m[37;1m[JEDI]:[0m Talia Ska arrives at the Academy.[0m
[10:07] [0m[35;1mInquisitor [Jedi(Knight)]:[0m Looks like the duration of caps is impacted by scaler.  Mine only[0m
[10:07] [0m                           lasts 15 minutes.  Still a dope stat boost.[0m
[10:13] [0m[34;1mOgotaz shouts:[0m Thank you Ksemia for your parsimonious contribution towards Bless![0m
[10:15] [0m[37;1mEcholoc flaps :[0m kinda noticed it before, but the openeing of the old TMNT movie, everyone is[0m
[10:15] [0m                eating pizza....[0m
[10:16] [0m[37;1mEcholoc flaps :[0m mmmmm pizza[0m
[10:20] [0m[37;1mGaidin flaps :[0m Wow.  Stuff is getting *REAL* now.  Olive Garden has identified several[0m
[10:20] [0m               insurrectionists and revoked their Lifetime and Never-Ending Pasta passes.[0m
[10:21] [0m[37;1mBrasky flaps :[0m please tell me that's a real thing[0m
[10:21] [0m[37;1mGaidin flaps :[0m It is[0m
[10:22] [0m[37;1mWert flaps :[0m prolly using it as a reason to get rid of the mega pasta eaters killing the margins[0m
[10:22] [0m[37;1mLiskar flaps :[0m werts talking from experience here..[0m
[10:22] [0m[37;1mKsemia flaps :[0m that's amazing[0m
[10:36] [0m[37;1m[JEDI]:[0m Alyssa K'tal arrives at the Academy.[0m
[10:56] [0m[37;1mZiphe <.oO>:[0m woot[0m
[10:57] [0m[37;1mDrax <.oO>:[0m Yay[0m
[11:05] [0m[34;1mEcholoc shouts:[0m Tokka! Razar! Attack![0m
[11:05] [0m[34;1mAdalius shouts:[0m Chopper! Sic balls![0m
[11:05] [0m[34;1mEcholoc shouts:[0m Go for the eyes Boo![0m
[11:06] [0m[34;1mKagour shouts:[0m these days, just eat some meat in front of them :)[0m
[11:07] [0m[37;1m[JEDI]:[0m Bithoff Jonansaan arrives at the Academy.[0m
[11:29] [0m[37;1m[JEDI]:[0m Janath Meelin arrives at the Academy.[0m
[11:40] [0m[34;1mVapor shouts:[0m Juggers do it with No Pants![0m
[11:42] [0m[34;1mEcholoc shouts:[0m i am Bill S Prestion, esquire... and I am Ted Theodor Logan..... and we are Wyld[0m
[11:42] [0m                Stallions![0m
[11:42] [0m[34;1mAl shouts:[0m thanks for the reminder[0m
[11:45] [0m[37;1mEcholoc flaps :[0m i want to get the 3rd movie :)[0m
[11:45] [0m[37;1mGaidin flaps :[0m It was....okay.[0m
[11:46] [0m[37;1mEcholoc flaps :[0m ya, their soloution to the problem was interesting :)[0m
[11:48] [0m[34;1mEcholoc shouts:[0m Be excellet to each other![0m
[11:54] [0m[37;1m[JEDI]:[0m Durnoth arrives at the Academy.[0m
[12:01] [0m[31;1m[Clan] Martyr :[0m woot woot woot spork[0m
[12:02] [0m[31;1m[Clan] Ser :[0m anyone wanna run scaler 130 arcade w/ me and nik[0m
[12:02] [0m[37;1mRheiu flaps :[0m Meow?[0m
[12:02] [0m[37;1mInsanity flaps :[0m Hey its mine[0m
[12:02] [0m[37;1mWhoknows flaps :[0m cmere snacky snack snack[0m
[12:02] [0m[31;1m[Clan] Ser :[0m anyone need an unduped coffin full[0m
[12:02] [0m[31;1m[Clan] Ser :[0m i have mask[0m
[12:03] [0m[37;1mWhoknows flaps :[0m gaidin gonna do squares again this yr?[0m
[12:03] [0m[31;1m[Clan] Martyr :[0m you have a mask? what is 3k coming to[0m
[12:03] [0m[37;1mWhoknows flaps :[0m i haven't followed any football this season hehe[0m
[12:03] [0m[37;1mGaidin flaps :[0m I can[0m
[12:03] [0m[31;1m[Clan] Decav :[0m id join ya but got a timer :/[0m
[12:04] [0m[37;1mGaidin flaps :[0m It'll be easier this year becaues I obviously won't be out.[0m
[12:04] [0m[37;1mWhoknows flaps :[0m hehe[0m
[12:04] [0m[31;1m[Clan] Martyr :[0m I'm gonna run treehouse for a ring if you wanna join[0m
[12:05] [0m[31;1m[Clan] Martyr :[0m Once this death taco dies[0m
[12:05] [0m[31;1m[Clan] Martyr :[0m (with byron)[0m
[12:05] [0m[31;1m[Clan] Decav :[0m Sure if you need dmg[0m
[12:05] [0m[31;1m[Clan] Martyr :[0m gladly[0m
[12:05] [0m[31;1m[Clan] Decav :[0m yep yep glad to help[0m
[12:05] [0m[31;1m[Clan] Decav :[0m im trying to figure out if i can kill dotar yet[0m
[12:05] [0m[31;1m[Clan] Ser :[0m noone needs corpses[0m
[12:06] [0m[31;1m[Clan] Nik :[0m i guess ill take em if i have to[0m
[12:08] [0m[31;1m[Clan] Martyr leaves the game.[0m  [0m
[12:08] [0m[31;1m[Clan] Toren enters the game.[0m  [0m
[12:11] [0m[31;1m[Clan] Toren leaves the game.[0m  [0m
[12:11] [0m[31;1m[Clan] Oscar enters the game.[0m  [0m
[12:12] [0m[31;1m[Clan] Oscar leaves the game.[0m  [0m
[12:12] [0m[31;1m[Clan] Martyr enters the game.[0m  [0m
[12:16] [0m[34;1mEcholoc shouts:[0m put them in the iron maiden![0m
[12:16] [0m[34;1mRaest shouts:[0m ESCELLENT![0m
[12:17] [0m[34;1mEcholoc shouts:[0m execute them![0m
[12:17] [0m[34;1mRaest shouts:[0m Bogus :([0m
[12:17] [0m[34;1mInquisitor shouts:[0m ...BOGUS...[0m
[12:17] [0m[34;1mNik shouts:[0m the best part of an iron maiden wouldnt be long spikes, it would be shorter spikes[0m
[12:17] [0m            that dont touch em, then make them stand in it till they do[0m
[12:18] [0m[34;1mNightrider shouts:[0m le moo?[0m
[12:19] [0m[37;1mEcholoc flaps :[0m brings to mind the scene in despicable me[0m
[12:20] [0m[34;1mRaest shouts:[0m he died for your cause![0m
[12:20] [0m[34;1mOrthas shouts:[0m well a cause anyway[0m
[12:20] [0m[34;1mRaest shouts:[0m be-cause?[0m
[12:22] [0m[31;1m[Clan] Martyr :[0m ok[0m
[12:22] [0m[31;1m[Clan] Martyr :[0m hitting treehouse[0m
[12:22] [0m[31;1m[Clan] Decav :[0m be there in a min[0m
[12:22] [0m[31;1m[Clan] Martyr leaves the game.[0m  [0m
[12:22] [0m[34;1mRaest shouts:[0m where's my Transformers Guild?!?[0m
[12:22] [0m[31;1m[Clan] Byron enters the game.[0m  [0m
[12:22] [0m[31;1m[Clan] Decav :[0m bout to glvl, 3 digit g2n :p[0m
[12:23] [0m[31;1m[Clan] Byron :[0m woot[0m
[12:23] [0m[37;1m[JEDI]:[0m Rhaan arrives at the Academy.[0m
[12:23] [0m[34;1mRaest shouts:[0m spam[0m
[12:24] [0m[31;1m[Clan] Byron :[0m gonna try something quick[0m
[12:24] [0m<- ! The Vigilant ! -> :  A destabilization Kayos event has been detected in Deserts of Fantasy![0m
[12:24] [0m                          We are localizing it now - get ready![0m
[12:30] [0m[31;1m[Clan] Byron :[0m ok[0m
[12:30] [0m[31;1m[Clan] Decav :[0m ready?[0m
[12:31] [0m[31;1m[Clan] Byron :[0m ya, ina  sec[0m
[12:31] [0m[31;1m[Clan] Byron :[0m will be at entrance[0m
[12:35] [0m[37;1mWhoknows flaps :[0m event dport 2w4n psi[0m
[12:55] [0m[34;1mPrism shouts:[0m Hi![0m
[12:55] [0m[34;1mDaeth shouts:[0m Lo!![0m
[12:56] [0m[37;1m[JEDI]:[0m Herah Wylann arrives at the Academy.[0m
[13:11] [0m[37;1mByron flaps :[0m A MEND! I NEED A MEND![0m
[13:11] [0mFrom afar, you receive a mend. It does nothing.[0m
[13:11] [0m[37;1mByron flaps :[0m lol[0m
[13:12] [0m[37;1mDecav flaps :[0m *golfclap*[0m
[13:17] [0m[37;1mEnder flaps :[0m Totally destroyed all the 13yos at pond hockey.[0m
[13:17] [0m[31;1m[Clan] Roor leaves the game.[0m  [0m
[13:27] [0m[37;1mAdalius flaps :[0m I beat a bunch of 13 year olds at pond hockey too. I just showed up early,[0m
[13:27] [0m                drilled holes all over the ice and they all fell in. Instant win.[0m
[13:28] [0m[37;1mEcholoc flaps :[0m sounds a bit extreme[0m
[13:32] [0m[37;1m[JEDI]:[0m Ylenic It'kla arrives at the Academy.[0m
[22:26] [0mYou can currently reforge 12 items.[0m
[22:26] [0m[32;1mFrom afar, Simonz bows before you.[0m[0m
[22:26] [0m[32;1mFrom afar, you bow to Simonz.[0m[0m
[22:27] [0m[32mYou tell Simonz:[0m welcome back[0m
[22:27] [0m[32;1mFrom afar, Simonz thanks you.[0m[0m
[22:27] [0m[32mSimonz tells you:[0m not really back, just checking in[0m
[22:27] [0m[32;1mFrom afar, you nog at Simonz.[0m[0m
[22:27] [0m[32mSimonz tells you:[0m new dungeon, gotta map it ;)[0m
[22:27] [0m[32mSimonz tells you:[0m also saw I fell out of the top 10, that won't do[0m
[22:28] [0m[32mSimonz tells you:[0m how goes?[0m
[22:28] [0m[32;1mFrom afar, you laff at Simonz.[0m[0m
[22:30] [0m[32mYou tell Simonz:[0m z haven't  checked. good good Ally moving in soon, baby girl due in May feels[0m
[22:30] [0m        soon, and school over in mid feb. how are you?[0m
[22:30] [0m[32;1mFrom afar, Simonz cheers you on!!![0m[0m
[22:32] [0m[32mSimonz tells you:[0m nice! super excited for you, kids are the best.  I'm doing ok, winter isn't[0m
[22:32] [0m        my fav time of year, but I'm getting through it.  Work is great, and with any luck[0m
[22:32] [0m        we'll be expecting soon too[0m
[22:33] [0m[32mYou tell Simonz:[0m winter in AZ cant imagine. Congrats! Working on the third?[0m
[22:35] [0m[34;1mSpace shouts:[0m look out ladies NR just bought a chick magnet![0m
[22:35] [0m[32;1mFrom afar, Simonz nods to you.[0m[0m
[22:35] [0m[34;1mTex shouts:[0m you cant pick up chicks in a tank[0m
[22:36] [0m[32mSimonz tells you:[0m it's not the weather, it's just a bad time for me psych wise[0m
[22:36] [0m[32mSimonz tells you:[0m you going to try and get a programming job in amazon?[0m
[22:39] [0m[37;1mJeraud flaps :[0m She said she does not know what's the breakdown of that one but they don't[0m
[22:39] [0m               currently have it in stock anyway.[0m
[22:39] [0m[37;1mJeraud flaps :[0m Mis.[0m
[22:39] [0m[37;1mSquirrel flaps :[0m pants are always in stock[0m
[22:40] [0m[37;1mJeraud flaps :[0m Do you have minutes on your phone, love?[0m
[22:43] [0m[37;1mSquirrel flaps :[0m beloch here if anyone wants to whoop on it[0m
[22:43] [0m[37;1mJeraud flaps :[0m Blue Harvest, Dark Side and It's a Trap are on Hulu.[0m
[22:43] [0m[37;1mSimonz flaps :[0m sure[0m
[22:44] [0m[37;1mJeraud flaps :[0m Seasons 6, 8 and 9.[0m
[22:45] [0m[37;1mSquirrel flaps :[0m anymore hitters would be appreciated :)[0m
[22:46] [0m[37;1m[JEDI]:[0m Alyssa K'tal arrives at the Academy.[0m
[22:54] [0m[34;1mWhoknows shouts:[0m Playin with the Queen of Hearts..[0m
[22:55] [0m[34;1mWhoknows shouts:[0m Knowin' it ain't really smart[0m
[22:55] [0m[34;1mTex shouts:[0m had to try at least got her down 88% befor she took my head[0m
[22:56] [0m[34;1mWhoknows shouts:[0m The Joker ain't the only fool[0m
[22:56] [0m[34;1mJeraud shouts:[0m At least she didn't give you The Jack.[0m
[22:57] [0m[37;1mCaeli flaps :[0m So, between the floor heater, the oven and bathroom heater, we managed not to[0m
[22:57] [0m              freeze last night.[0m
[22:59] [0m[34;1mWhoknows shouts:[0m no bon fire?[0m
[23:11] [0m[37;1mCaeli flaps :[0m Dogs get a bath and then the zoomies... Sigh[0m
[23:13] [0m[37;1m[JEDI]:[0m Talia Ska arrives at the Academy.[0m
[23:13] [0m[37;1mJeraud flaps :[0m Well they ARE dogs.[0m
[23:16] [0m[37;1mCaeli flaps :[0m 50+lb dogs that are still soaking wet.....[0m
[23:16] [0m[37;1mEllegon flaps :[0m maybe theyre trying to dry off... like when you drive after a carwash. heebee[0m
[23:17] [0m[37;1mJeraud flaps :[0m Just be lucky they didn't decide to all shake off right next to you st the same[0m
[23:17] [0m               time?[0m
[23:20] [0m[37;1mCaeli flaps :[0m I'm not the one that gave them a bath[0m
[23:23] [0m[37;1mJeraud flaps :[0m That stops them from shaking off next to you why?[0m
[23:24] [0m[32mJazz says:[0m Zombie2![0m
[23:25] [0m[37;1mCaeli flaps :[0m Because they shake off on the person who gave them the bath.[0m
[23:32] [0m[32mZiphe says:[0m Most powerful Galan... Grant me the power of your divine blessing, so we may destroy your enemies![0m
[23:35] [0m[37;1m[JEDI]:[0m Rhaan arrives at the Academy.[0m
