- = LOG STARTED [00:00] = -
[00:18] [0mYou can currently reforge 8 items.[0m
[00:18] [0m[31;1m[Clan] Dangerzone :[0m happy new year![0m
[00:28] [0m[31;1m[Clan] Ser :[0m y tu m8[0m
[00:53] [0m[31;1m[Clan] Bruce :[0m happy ny archi and xar:)[0m
[00:53] [0m[31;1m[Clan] Xaryl :[0m thanks![0m
[00:54] [0m[31;1m[Clan] Xaryl :[0m how was yours?[0m
[00:54] [0m[31;1m[Clan] Xaryl :[0m (archi is too drunk to type)[0m
[00:54] [0m[31;1m[Clan] Bruce :[0m asleep by 10pm so i consider that a success![0m
[00:54] [0m[31;1m[Clan] Xaryl :[0m heh[0m
[00:54] [0m[31;1m[Clan] Archangel :[0m Haha[0m
[00:54] [0m[31;1m[Clan] Archangel :[0m Happy New Year[0m
[00:54] [0m[31;1m[Clan] Bruce :[0m he found the keys![0m
[00:54] [0m[31;1m[Clan] Archangel :[0m I can type, but it's only at half speed.[0m
[00:54] [0m[31;1m[Clan] Archangel :[0m Lots of backspacing[0m
[00:55] [0m[31;1m[Clan] Bruce :[0m well lets all hope that 2021 isn't a bag of dicks[0m
[00:55] [0m[31;1m[Clan] Prism :[0m 2021 is gunna be a great year[0m
[01:16] [0m[34;1mNightrider shouts:[0m Lies[0m
[01:16] [0m[34;1mMelly shouts:[0m are you a new years baby?![0m
[01:16] [0m[34;1mAdalius shouts:[0m Yep[0m
[01:16] [0m[34;1mStasis shouts:[0m Adalius is 2021 years old today?[0m
[01:16] [0m[34;1mNightrider shouts:[0m Just Eww[0m
[01:16] [0m[34;1mAdalius shouts:[0m First kid born in my city that year.[0m
[01:16] [0m[34;1mMelly shouts:[0m happy birthday![0m
[01:16] [0m[34;1mPrism shouts:[0m Happy Birthday![0m
[01:16] [0m[34;1mNik shouts:[0m merry birthday![0m
[01:17] [0m[34;1mNightrider shouts:[0m Boon Present[0m
[01:17] [0m[34;1mElminster shouts:[0m feels like my birthday![0m
[01:28] [0mStasis <.oO>: BAM![0m
[01:33] [0m[31;1m[Clan] Phenom enters the game.[0m  [0m
[01:36] [0m[34;1mZiphe shouts:[0m IE: What is my purpose? You install Chrome. - Rick Sanchez[0m
[01:36] [0m[34;1mRheiu shouts:[0m meanie[0m
[02:01] [0m[34;1mZiphe shouts:[0m HNY!!!!!!!!!!!!!!!!!!!!!!!!!!!!![0m
[02:02] [0m[34;1mRhyson shouts:[0m HNY![0m
[02:02] [0m[34;1mNik shouts:[0m wooo merry new year![0m
[02:12] [0m[34;1mNik shouts:[0m does anyone want to fund my underwater research facility?[0m
[10:12] [0mYou can currently reforge 8 items.[0m
[10:13] [0mYou can currently reforge 0 items.[0m
[10:21] [0m[37;1mEcholoc flaps :[0m today i bought a donut without sprinkes.  Diets are hard.[0m
[10:21] [0m[37;1mSylph flaps :[0m blasphem![0m
[10:22] [0m[37;1mAlassra flaps :[0m baby steps[0m
[10:22] [0m[37;1mLocrian flaps :[0m you can do it, man![0m
[10:22] [0m[37;1mEcholoc flaps :[0m thank you for the support[0m
[10:22] [0mYou can currently reforge 4 items.[0m
[10:22] [0m[37;1mAlassra flaps :[0m just make small behavioral modifications until they become[0m
[10:22] [0m                habit and you'll get there[0m
[10:22] [0m[37;1mInquisitor flaps :[0m Today I overslept and didn't go running.  Oops.[0m
[10:23] [0m[37;1mLocrian flaps :[0m today, i ate candy for breakfast because my kid told me it[0m
[10:23] [0m                was really tasty.[0m
[10:26] [0m[37;1mLocrian flaps :[0m i thought this was like confession moments! screw you guys,[0m
[10:26] [0m                i'm goin home.[0m
[10:26] [0m[37;1mEcholoc flaps :[0m was it tasty?[0m
[10:27] [0m[37;1mEcholoc flaps :[0m and what candy?[0m
[10:27] [0m[37;1mTimmy flaps :[0m i had chicken wings for breakfast, om nom noms[0m
[10:27] [0m[37;1mLocrian flaps :[0m it really was. it was one of those kinder things, never had[0m
[10:27] [0m                one before.[0m
[10:31] [0m[34;1mNightrider shouts:[0m woo im rich. Just got my Stimulas Check[0m
[10:34] [0m[31;1m[Clan] Nix :[0m happy new year guys[0m
[10:34] [0m[31;1m[Clan] Xaryl :[0m same to you :)[0m
[10:34] [0m[31;1m[Clan] Archangel :[0m Happy New Years. :D[0m
[10:36] [0m[34;1mTex shouts:[0m knight shield at cot[0m
[10:36] [0m[34;1mZanadu shouts:[0m no you are rich if you DIDN'T receive one[0m
[10:53] [0m[34;1mUq shouts:[0m Horesman! We will suffer your insults no longer... STAND THY[0m
[10:53] [0m           GROUND AND PREPARE TO MEET MY BLADE![0m
[10:55] [0m[34;1mPrismal shouts:[0m happy new year![0m
[10:57] [0m[36m<BS> Prismal :[0m move is about 95% done, I should be back to playing normally[0m
[10:57] [0m               after the weekend[0m
[11:22] [0mYou can currently reforge 8 items.[0m
[11:39] [0m[34;1mRheiu shouts:[0m I miss it already[0m
[11:39] [0m[34;1mTony shouts:[0m get outa here 2020!![0m
[11:39] [0m[34;1mOrthas shouts:[0m indeed, 2020 can go suck a .... lollipop[0m
[11:39] [0m[34;1mZiphe shouts:[0m thanks for all the fish, now go awa[0m
[11:42] [0m[34;1mZiphe shouts:[0m 2020 summed up: https://tinyurl.com/ca7qhfg[0m
[12:02] [0m[34;1mCrolack shouts:[0m It's 2020-1![0m
[12:03] [0m[34;1mCrolack shouts:[0m Also, Happy Birthday Adalius![0m
[12:07] [0m[34;1mRheiu shouts:[0m barfday![0m
[12:07] [0m[34;1mKichi shouts:[0m gz[0m
[12:07] [0m[34;1mTony shouts:[0m who's birfday?[0m
[12:11] [0m[34;1mCrolack shouts:[0m Adalius[0m
[12:13] [0m[34;1mRheiu shouts:[0m y u dye[0m
[12:13] [0m[34;1mZiphe shouts:[0m get ripped[0m
[12:16] [0m[34;1mPrism shouts:[0m Hi![0m
[12:19] [0m[34;1mNightrider shouts:[0m le moo?[0m
[14:29] [0mYou can currently reforge 8 items.[0m
[14:29] [0mYou can currently reforge 0 items.[0m
[14:37] [0m[37;1mGlorfindel flaps :[0m It really pisses me off when some guy with a completely[0m
[14:37] [0m                   random deck (all discovery) gets awesome RNG and beats me[0m
[14:37] [0m                   in hearthstone.[0m
[14:37] [0m[37;1mLocrian flaps :[0m bastards![0m
[14:38] [0m[37;1mGlorfindel flaps :[0m He totally should not have won that game[0m
[14:38] [0m[37;1mGlorfindel flaps :[0m Not a single card that mattered was in his deck at the[0m
[14:38] [0m                   start of the game[0m
[14:39] [0m[37;1mAlassra flaps :[0m have you considered your life choices that gave him such[0m
[14:39] [0m                better luck? :D[0m
[14:39] [0m[37;1mZiphe flaps :[0m hearthstone gives me anxiety lol[0m
[14:40] [0m[37;1mVerminous flaps :[0m Get out of my head and in mah belly![0m
[14:54] [0m[31;1m[Clan] Archangel :[0m Doh![0m
[14:57] [0m[31;1m[Clan] Nik :[0m haha didnt even get a chance to vet dodge[0m
[14:57] [0m[31;1m[Clan] Xaryl :[0m nod :([0m
[14:58] [0m[31;1m[Clan] Xaryl :[0m I thought tier'd necros were unkillable[0m
[14:58] [0m[31;1m[Clan] Nik :[0m gotta bring a doge to even the playing field[0m
[14:59] [0m[31;1m[Clan] Archangel :[0m Dude![0m
[14:59] [0m[31;1m[Clan] Nik :[0m now that time, wasnt payin attention[0m
[15:04] [0m[31;1m[Clan] Nik :[0m 0/87600 np, cant get blood from a rock![0m
[15:04] [0m[31;1m[Clan] Xaryl :[0m bad boy![0m
[15:07] [0m[31;1m[Clan] Xaryl :[0m what are trying for in tacos?[0m
[15:08] [0m[31;1m[Clan] Nik :[0m hehe luckily just got the lettuce i was after \o/[0m
[15:08] [0m[31;1m[Clan] Xaryl :[0m whee[0m
[15:08] [0m[31;1m[Clan] Nik :[0m laf, x2! taco salad[0m
[15:09] [0m[37;1mEllegon flaps :[0m newone know what A Cloud crystal is? not sure where I[0m
[15:09] [0m                grabbed it... maybe POL?[0m
[15:09] [0m[37;1mVerminous flaps :[0m Sii?[0m
[15:09] [0mYou can currently reforge 4 items.[0m
[15:10] [0m[37;1mGaidin flaps :[0m Breed[0m
[15:10] [0m[37;1mVerminous flaps :[0m Hmm to be in an eq dependent guild or not to be, that is[0m
[15:10] [0m                  the question.[0m
[15:11] [0m[37;1mHooligan flaps :[0m not to be[0m
[15:18] [0m[37;1mEllegon flaps :[0m nods, didn't see it on the wiki[0m
[15:19] [0m[31;1m[Clan] Martyr :[0m ayo[0m
[15:20] [0m[31;1m[Clan] Nix :[0m new year new you martyr?[0m
[15:31] [0m[31;1m[Clan] Martyr :[0m in a hammock drinking a michelada[0m
[15:31] [0m[31;1m[Clan] Martyr :[0m same ole[0m
[15:47] [0m[31;1m[Clan] Roor enters the game.[0m  [0m
[16:05] [0m[31;1m[Clan] Ser :[0m moo2[0m
[16:09] [0mYou can currently reforge 8 items.[0m
[16:12] [0m[37;1mCrolack flaps :[0m Anyone else having a problem with Flash Player?[0m
[16:12] [0m[37;1mVerminous flaps :[0m lol[0m
[16:12] [0m[37;1mLiskerlol flaps :[0m rip[0m
[16:12] [0m[37;1mHsima flaps :[0m rip homestar runner[0m
[16:12] [0m[37;1mGumby flaps :[0m nope i flash-ed you just fine a second ago ... althought you[0m
[16:12] [0m              are technically a wizard .. not a player[0m
[16:12] [0m[37;1mCrolack flaps :[0m Oh, apparently Gumby is the flash player.[0m
[16:13] [0m[37;1mGumby flaps :[0m first one is free ... then $2.99 a minute ... give me your[0m
[16:13] [0m              credit card info[0m
[16:17] [0m[37;1mCrolack flaps :[0m Sure, the name on the card is The Marble Group[0m
[16:25] [0m[34;1mSissy shouts:[0m hammer time![0m
[17:10] [0mYou can currently reforge 12 items.[0m
[17:23] [0m[34;1mHooligan shouts:[0m Happy New...[0m
[17:23] [0m[34;1mHooligan shouts:[0m Hehe. Thanks everyone[0m
[17:33] [0mYou can currently reforge 0 items.[0m
[17:36] [0mnewb Tether [Newbie]: how can i set the number of rows the mud displays[0m
[17:36] [0m                      before showing me a "more" prompt?[0m
[17:36] [0mnewb Zanadu [gentech/138]: help setmod[0m
[17:37] [0mnewb Kai [breed/49]: setmod ROWS 999[0m
[17:37] [0mnewb Tether [Newbie]: thank you[0m
[17:42] [0m<- ! The Vigilant ! -> :  A destabilization Kayos event has been detected in[0m
[17:42] [0m                          Northern Hills of Fantasy!  We are localizing it[0m
[17:42] [0m                          now - get ready![0m
[17:47] [0m[31;1m[Clan] Sock wiggles off your foot.[0m  [0m
[17:52] [0m[37;1mEllegon flaps :[0m uhm, accidentally gave pb armour to kagour, and now he can't[0m
[17:52] [0m                give it back or drop it?[0m
[17:53] [0m[37;1mEllegon flaps :[0m that is _my bound pb armour_[0m
[17:53] [0m[37;1mGrot flaps :[0m that's weird[0m
[17:53] [0m[37;1mEllegon flaps :[0m nevermind, he trying to drop the wrong one[0m
[17:57] [0m[34;1mGumby shouts:[0m portal road/n/13e ... theme electric[0m
[18:01] [0m[34;1mStasis shouts:[0m great theme! ~ I just freeze, every time you see through me.[0m
[18:01] [0m               And it's all over you - Electric Blue!~[0m
[18:06] [0m[37;1mAdalius flaps :[0m Hearteater sword should be ibriefable for any new copies.[0m
[18:10] [0mYou can currently reforge 4 items.[0m
[18:10] [0m[37;1mScaf flaps :[0m There's a Song of Ice and Fire area?[0m
[18:12] [0m[37;1mAdalius flaps :[0m negative, same name, different area[0m
[18:27] [0m[34;1mGumby shouts:[0m bfg![0m
[18:27] [0m[34;1mHooligan shouts:[0m uhhh...what?[0m
[18:28] [0m[34;1mAdalius shouts:[0m MF Doom. He died.[0m
[18:28] [0m[34;1mHooligan shouts:[0m Guess I dno't know who that is[0m
[18:29] [0m[34;1mAdalius shouts:[0m Used to go by Zev Love X, part of KMD, rapped on 3rd Bass's[0m
[18:29] [0m                the Gasface, then disappeared after his brother died in a[0m
[18:29] [0m                car accident, came back as MF Doom, always wore a mask, put[0m
[18:29] [0m                out some awesome records (Madvilliany), then did a bunch of[0m
[18:29] [0m                collabs with Dangermouse (including a bunch with Adult Swim[0m
[18:29] [0m                who let them sample a ton from their shows)[0m
[18:33] [0m[34;1mAdalius shouts:[0m To be fair he died 10/31 but his wife didn't publically[0m
[18:33] [0m                announce it until yesterday.[0m
[18:34] [0m[34;1mHsima shouts:[0m The fantastic four were unable to be reached for comment.[0m
[18:43] [0mnewb Tether [Newbie]: is armor that is described as having "3 edged  3 blunt[0m
[18:43] [0m                      3 fire  3 ice" better or worse than armor that has "2[0m
[18:43] [0m                      edged  1 blunt  1 fire  1 ice" ?[0m
[18:43] [0mnewb Kai [breed/49]: better[0m
[18:43] [0mnewb Kagour [juggernaut/51]: better[0m
[18:43] [0mnewb Verminous [changeling/60]: Higher is better.[0m
[18:43] [0mnewb Tether [Newbie]: thanks[0m
[18:43] [0mnewb Sally [jedi/132]: depends on what monster you are fighting and what[0m
[18:43] [0m                       damage they are going to do to you[0m
[18:44] [0mnewb Sally [jedi/132]: if you have edged 5  ice 0    and  edge 0 ice 5   and[0m
[18:44] [0m                       your fighting a monster that does ice damage ..[0m
[18:44] [0m                       choose to suit[0m
[18:45] [0mnewb Waterhouse [mage/85]: 0h[0m
[18:45] [0mnewb Verminous [changeling/60]: Both had the same defense types but one had[0m
[18:45] [0m                                bigger numbers though.[0m
[18:46] [0mnewb Gumby [cyborg/118]: your autoloading gear should be pretty buff vs[0m
[18:46] [0m                         anything you encounter in newbieland[0m
[18:46] [0mnewb Verminous [changeling/60]: Yeah what Gumby said, that gear is better[0m
[18:46] [0m                                than most things you can wear at this point.[0m
[18:47] [0mnewb Tether [Newbie]: yeah, i was wondering why so much armor in the newbie[0m
[18:47] [0m                      bin was worse than what i got in the first newbie[0m
[18:47] [0m                      area...[0m
[18:47] [0mnewb Gumby [cyborg/118]: someone go grab him a pair of winter boots nad a[0m
[18:47] [0m                         rod from lvl 4 ud[0m
[18:47] [0mnewb Sally [jedi/132]: nim?[0m
[18:48] [0mnewb Gumby [cyborg/118]: fireball wand near death demon .. is uber for newbs[0m
[18:48] [0mnewb Sally [jedi/132]: ah[0m
[18:49] [0mnewb Tether [Newbie]: that's ok.. i'm sure this equipment i've got will be[0m
[18:49] [0m                      plenty.. i don't want to be overpowered.. thanks,[0m
[18:49] [0m                      though[0m
[18:49] [0mnewb Sally [jedi/132]: i'll go look[0m
[18:49] [0mnewb Hsima [sii/133]: being over powered is just fine[0m
[18:49] [0mnewb Gumby [cyborg/118]: yeah it will last all of couple lvls/until you get[0m
[18:49] [0m                         a gobj/join your 1st guild[0m
[18:50] [0mnewb Tether [Newbie]: yeah, but i want to earn my progression.. a game[0m
[18:50] [0m                      that's too easy is no fun[0m
[18:50] [0mnewb Verminous [changeling/60]: The rest of the world is much harder than[0m
[18:50] [0m                                anything there.[0m
[18:50] [0mnewb Gumby [cyborg/118]: oh you will ... trust us ...[0m
[18:50] [0mnewb Verminous [changeling/60]: But go at your own pace. :D[0m
[18:51] [0mnewb Kai [breed/49]: you will find that it takes 1-2 years of Combat time[0m
[18:51] [0m                     (3-4 yrs online time depending) to reach the high end[0m
[18:51] [0m                     of what you can do here...[0m
[18:53] [0mnewb Kai [breed/49]: that said, you should be able to kill a LOT after your[0m
[18:53] [0m                     100 days old[0m
[18:55] [0mnewb Old [gentech/70]: there are characters <100d old that can take on[0m
[18:55] [0m                       anything on the mud.  Individual advancement varies[0m
[18:55] [0m                       greatly from one person to the next, one guild to the[0m
[18:55] [0m                       next, etc[0m
[18:55] [0mnewb Kagour [juggernaut/51]: so theres nothing unkillable anymore?[0m
[18:55] [0mnewb Locrian [bard/111]: the old wise man has spoken[0m
[18:56] [0mnewb Verminous [changeling/60]: Maybe Merribeth but she isn't meant to be[0m
[18:56] [0m                                killed.[0m
[18:56] [0mnewb Waterhouse [mage/85]: rcost[0m
[18:57] [0mnewb Tether [Newbie]: how do i actually use this wand of fireballs?[0m
[18:57] [0mnewb Echoloc [juggernaut/122]: i know of 3 that are unkillable[0m
[18:58] [0mnewb Kai [breed/49]: try <hold wand> then <use wand>. you can alos <examine[0m
[18:58] [0m                     wand> to see if it has an activation command[0m
[18:58] [0mnewb Whoknows [priest/134]: examine it? usually is in the description[0m
[18:58] [0mnewb Tether [Newbie]: when i type "hold wand" i'm told "Whom do you wish to[0m
[18:58] [0m                      hold?"[0m
[18:59] [0mnewb Tether [Newbie]: when i examine it i see "A wicked looking red wand,[0m
[18:59] [0m                      perhaps you could blast things with it."   .... i[0m
[18:59] [0m                      guess i should "blast <target>" when i want to use it?[0m
[18:59] [0mnewb Verminous [changeling/60]: Does it have charges? [1/1] or anything like[0m
[18:59] [0m                                that?[0m
[18:59] [0mnewb Gumby [cyborg/118]: might not need to hold it, try just the attack[0m
[18:59] [0m                         syntax[0m
[18:59] [0mnewb Tether [Newbie]: no charges[0m
[19:00] [0mnewb Tether [Newbie]: i'm also wielding my newbie magic steel sword.. if i[0m
[19:00] [0m                      just attacked would the game use my sword or my wand?[0m
[19:00] [0mnewb Tether [Newbie]: maybe i should ditch the sword now that i have the[0m
[19:00] [0m                      wand?[0m
[19:00] [0mnewb Kai [breed/49]: sword[0m
[19:01] [0mnewb Gumby [cyborg/118]: sword id your default weapon ... wands have command[0m
[19:01] [0m                         words[0m
[19:01] [0mnewb Turak [gentech/133]: wands are not generally melee weapons[0m
[19:01] [0mnewb Old [gentech/70]: sword.  wands generally need to be held and usually[0m
[19:01] [0m                       have an activation word[0m
[19:01] [0mnewb Echoloc [juggernaut/122]: use both if you can[0m
[19:01] [0mnewb Old [gentech/70]: look at it, exa any nouns on it, that sort of thing[0m
[19:01] [0mnewb Tether [Newbie]: i guess i'll try "blast <target>" next time i'm in a[0m
[19:01] [0m                      fight and see what happens.. thanks everyone[0m
[19:01] [0mnewb Kai [breed/49]: I think the last time I used the wand of fireballs was[0m
[19:01] [0m                     in 97, so I am not much help :([0m
[19:03] [0mnewb Locrian [bard/111]: yeah, i'm pretty sure you can use both. wield[0m
[19:03] [0m                         sword, hold want. blast your target.[0m
[19:04] [0mnewb Kai [breed/49]: you will need one with charges tho[0m
[19:04] [0mnewb Tether [Newbie]: but "hold wand" doesn't work.. when i try it the game[0m
[19:04] [0m                      tells me "Whom do you wish to hold?"[0m
[19:04] [0mnewb Gumby [cyborg/118]: doesnt use charges ... it is an ANCIENT toy[0m
[19:04] [0mnewb Kai [breed/49]: oh[0m
[19:05] [0mnewb Gumby [cyborg/118]: you shouldnt need to hold that one, just blast[0m
[19:05] [0m                         stuff ... but most rods/wand require 'hold <rod or[0m
[19:05] [0m                         wand name>'[0m
[19:05] [0mnewb Locrian [bard/111]: hold gumby. all the time.[0m
[19:05] [0mnewb Gumby [cyborg/118]: then use the command word ... and they DO use[0m
[19:05] [0m                         charges/run out[0m
[19:06] [0mnewb Kai [breed/49]: repeat combat/blast (should automate it then)[0m
[19:07] [0m[37;1mVerminous flaps :[0m Blah, more people lighting fireworks. You'd think lighting[0m
[19:07] [0m                  them off most of the year people would get bored with[0m
[19:07] [0m                  them.[0m
[19:08] [0m[37;1mEcholoc flaps :[0m but explosion[0m
[19:08] [0m[37;1mLocrian flaps :[0m can we make a mud neighborhood full of people that don't[0m
[19:08] [0m                like fireworks? :D[0m
[19:08] [0mnewb Gumby [cyborg/118]: hmm ... repeat combat/blast/0[0m
[19:09] [0mnewb Gumby [cyborg/118]: should make it fire only in combat and stay on[0m
[19:09] [0m                         forever ... if i read repeat command properly[0m
[19:09] [0mnewb Gumby [cyborg/118]: *old man voice* we didnt have fancy repeat commands[0m
[19:09] [0m                         when i was noob ... no paction actions etc ... you[0m
[19:09] [0m                         set wimpydir and you healed/type EVERYTHING![0m
[19:10] [0mYou can currently reforge 8 items.[0m
[19:10] [0m[37;1mVerminous flaps :[0m Fireworks are ok, but every freaken day?[0m
[19:10] [0mnewb Kagour [juggernaut/51]: i thought dir was a guild ability?[0m
[19:10] [0mnewb Gumby [cyborg/118]: wimpydir ?[0m
[19:11] [0mnewb Kai [breed/49]: a LOT of guild utilities are becoming redundant with[0m
[19:11] [0m                     common mud commands <see repeat/panic/reflexes etc>[0m
[19:12] [0mnewb Turak [gentech/133]: eh not redundant, it lets you do more complex[0m
[19:12] [0m                          things without having to do outside triggers every[0m
[19:12] [0m                          round[0m
[19:12] [0mnewb Gumby [cyborg/118]: adds a fair amount of functionally to certain[0m
[19:12] [0m                         gobjs/very helpful[0m
[19:13] [0mnewb Kai [breed/49]: well, if your guild ability has a cost to it and can be[0m
[19:13] [0m                     adequately replaced by a common mud command, then its[0m
[19:13] [0m                     redundant[0m
[19:13] [0mnewb Kagour [juggernaut/51]: the game seems a lot more player friendly now[0m
[19:14] [0mnewb Verminous [changeling/60]: Back in my day you had to bang 2 coconuts[0m
[19:14] [0m                                together just to get gxp. That's assuming[0m
[19:14] [0m                                the can and string doesn't drop the[0m
[19:14] [0m                                connection.[0m
[19:15] [0mnewb Kagour [juggernaut/51]: my first character, glvl 10 jugger took a week[0m
[19:15] [0m                             of playtime...[0m
[19:15] [0mnewb Gumby [cyborg/118]: string .. i would have LOVED to have string ... we[0m
[19:15] [0m                         used smoke signals and each round was hours![0m
[19:20] [0mnewb Verminous [changeling/60]: Who do I turn the special mobs like[0m
[19:20] [0m                                Longtooth into in Westersea? I seem to have[0m
[19:20] [0m                                forgotten.[0m
[19:21] [0mnewb Turak [gentech/133]: the curiosity guy near the port gate[0m
[19:21] [0mnewb Verminous [changeling/60]: Oh ok thanks.[0m
[19:22] [0mnewb Verminous [changeling/60]: Ok that's not it.[0m
[19:22] [0mnewb Prism [gentech/131]: Can you cmission it?[0m
[19:25] [0mnewb Verminous [changeling/60]: Ok it was Jainie Markson[0m
[19:48] [0mnewb Kai [breed/49]: is the showac vaf better than 4/4 appraisal? discuss[0m
[19:48] [0mnewb Hsima [sii/133]: showac gives numbers[0m
[19:49] [0mnewb Hsima [sii/133]: so, arguably more nuanced?[0m
[19:49] [0mnewb Turak [gentech/133]: it also requires 4/4 appraisal :p[0m
[19:49] [0mnewb Hsima [sii/133]: sure, but it is better[0m
[19:50] [0mnewb Kai [breed/49]: I've never trained appraisal, just used various guild[0m
[19:50] [0m                     powers. I assumed appraisal gave numbers...[0m
[19:50] [0mnewb Old [gentech/70]: appraisal gives numbers as long as they're like <10[0m
[19:50] [0mnewb Old [gentech/70]: over that it's just vague words[0m
[19:51] [0mnewb Wiener [knight/133]: appraisal doesn't give numbers, just range[0m
[19:51] [0m                          descriptions[0m
[19:51] [0mnewb Old [gentech/70]: like i said, if the numebrs are low enough it gives[0m
[19:51] [0m                       them[0m
[19:51] [0mnewb Kai [breed/49]: appraisal sounds like a lot of guild powers, lol[0m
[19:51] [0mnewb Wiener [knight/133]: very impressive edged, very impressive blunt,[0m
[19:51] [0m                          decent fire, very impressive ice, very impressive[0m
[19:51] [0m                          acid[0m
[19:52] [0mnewb Gumby [cyborg/118]: old newbs are THE worst[0m
[19:52] [0mnewb Old [gentech/70]: old newbs are almost as bad as guild appraisal powers[0m
[19:53] [0mnewb Sarge [elemental/134]: ^seconded![0m
[20:01] [0m[Auction] Robert : Up for bids: A dish of food named +15 con +13 str/dex.[0m
[20:01] [0m[Auction] Robert : Colson has requested 15,000 as the opening offer.[0m
[20:01] [0m[34;1mNightrider shouts:[0m le moo?[0m
[20:01] [0m[34;1mNightrider shouts:[0m le moo?[0m
[20:01] [0m[Auction] Robert : Got 15,000 from Al(chan).  Do I hear 16,500?[0m
[20:01] [0m[34;1mNik shouts:[0m la bok[0m
[20:01] [0m[37;1mZiphe flaps :[0m anyone got event dirs?[0m
[20:01] [0m[Auction] Robert : 15,000 going once![0m
[20:01] [0m[37;1mNightrider flaps :[0m There here ovethere[0m
[20:01] [0m[Auction] Robert : 15,000 going twice![0m
[20:01] [0m[Auction] Robert : Sold to Al for 15,000 coins![0m
[20:49] [0mYou can currently reforge 12 items.[0m
[21:14] [0m[34;1mEcholoc shouts:[0m down with patns[0m
[21:14] [0m[34;1mAdalius shouts:[0m Down with General Patton? YOU COMMUNIST![0m
[21:15] [0m[34;1mOld shouts:[0m the PHARE aeronautical telecommunications network?  Echoloc is a[0m
[21:15] [0m            terrorist?[0m
[21:17] [0m[34;1mEcholoc shouts:[0m sorrry... it is much more base.... Down With PANTS![0m
[21:31] [0m[37;1mVerminous flaps :[0m Santa uses elves as slave labor to build massive amounts[0m
[21:31] [0m                  of toys to bribe little girls and boys. Makes you wonder[0m
[21:31] [0m                  who comes up with this crap.[0m
[21:32] [0m[37;1mTruth flaps :[0m The man[0m
[21:38] [0m[34;1mMaverik shouts:[0m yikes[0m
[21:38] [0m[34;1mNix shouts:[0m laf, what tell heck is that?[0m
[21:39] [0m[34;1mFluffy shouts:[0m damn shoddy contractors[0m
[21:42] [0m[37;1mVerminous flaps :[0m Having a conversation on another game about elf slave[0m
[21:42] [0m                  labor and why moose aren't called meese. -.-[0m
[21:43] [0m[37;1mAdalius flaps :[0m 'another game'... what is this curiosity of which you speak?[0m
[21:43] [0m                Other games exist?[0m
[21:43] [0m[34;1mDaeth shouts:[0m moose aren't called meese because of grammar elves which is[0m
[21:43] [0m              why they are slaves[0m
[21:43] [0m[37;1mSky flaps :[0m I'm with Addy on this one.[0m
[21:44] [0m[37;1mVerminous flaps :[0m It's a strange place where you actually keep gear after[0m
[21:44] [0m                  reboots. :O[0m
[21:44] [0m[37;1mLocrian flaps :[0m what the?![0m
[21:44] [0m[37;1mVerminous flaps :[0m It has these things called pixils too.[0m
[21:45] [0m[37;1mVerminous flaps :[0m You get better pets than dogs.[0m
[21:45] [0m[34;1mSky shouts:[0m HAPPY BIRTHDAY ADDY!!!![0m
[21:46] [0m[34;1mAdalius shouts:[0m Thank ye, thank ye.[0m
[21:46] [0m[34;1mWhoknows shouts:[0m addy was born? i thought he just was, then wasn't[0m
[21:46] [0m[34;1mHideo shouts:[0m Wizards aren't born. They're willed into existence by bad code[0m
[21:46] [0m              and debug logs.[0m
[21:49] [0mYou can currently reforge 12 items.[0m
[21:52] [0m[37;1mVerminous flaps :[0m 'ere moose moose![0m
[21:52] [0m[37;1mDaeth flaps :[0m sorry, they only respond to meeses now[0m
[21:53] [0m[37;1mVerminous flaps :[0m moose/meese/r ?[0m
[21:54] [0m[37;1mLocrian flaps :[0m you get moosed when you talk about moose so much.[0m
[21:54] [0m[37;1mSer flaps :[0m meseeks[0m
[21:55] [0m[34;1mSarge shouts:[0m so they're a self propogating species[0m
[21:56] [0m[34;1mSarge shouts:[0m like terminators![0m
[21:56] [0m[37;1mVerminous flaps :[0m Nu yu get de moose, den spread da chocolate on da moose![0m
[21:59] [0m[37;1mVerminous flaps :[0m https://www.youtube.com/watch?v=RVsfvbZTBzU The situation[0m
[21:59] [0m                  is very troubling for Kermit.[0m
[22:00] [0mYou can currently reforge 0 items.[0m
[22:01] [0m[37;1mLocrian flaps :[0m lol!!!!![0m
[22:07] [0m[34;1mThom shouts:[0m ULTIMATE COSMIC POWERRR![0m
[22:08] [0mGumby <.oO>: about time![0m
[22:08] [0m[34;1mSky shouts:[0m WOOOOOO!!!!!![0m
[22:08] [0m[34;1mVagrant shouts:[0m yay Thom[0m
[22:12] [0mThom <.oO>: xd i find it amusing i hadnt even seen this chat before i still[0m
[22:12] [0m            made the same genie reference when i got 111 XD[0m
[22:23] [0m[34;1mNightrider shouts:[0m Aint No Sunshine When Voodoos Gone[0m
[22:45] [0mEcholoc <.oO>: boom[0m
[22:47] [0m[34;1mEcholoc shouts:[0m BbbrraaaiiinnnnSSSS![0m
[22:49] [0mYou can currently reforge 4 items.[0m
[22:50] [0m[34;1mNightrider shouts:[0m Si vis pacem, para bellum[0m
[23:49] [0mYou can currently reforge 8 items.[0m
[23:58] [0mDin <.oO>: woot[0m
