- = LOG STARTED [00:00] = -
[12:48] [0m[34;1mWhoknows shouts:[0m forgot jalapenos and mushrooms[0m
[12:54] [0m[31;1m[Clan] Mentok :[0m can gentech see how much time theyve spent in combat i. total?[0m
[12:55] [0m[34;1mMaverik shouts:[0m really big letters[0m
[12:55] [0m[34;1mEcholoc shouts:[0m that is so Killer[0m
[12:55] [0m[34;1mNightbreed shouts:[0m nice[0m
[12:56] [0m[34;1mKillergate shouts:[0m thanks all[0m
[12:59] [0m[31;1m[Clan] Boscar :[0m dunno[0m
[12:59] [0m[31;1m[Clan] Boscar :[0m seems like most guilds have a round counter somewhere[0m
[13:09] [0m[37;1m[JEDI]:[0m Reena Bel Noir arrives at the Academy.[0m
[13:09] [0m[31;1m[Clan] Mentok :[0m well if gs2 is the same for gen in 3s and 3k, it shows combat age.[0m
[13:10] [0m[31;1m[Clan] Roor :[0m gs2 doesn't show me that but 'age roor' does[0m
[13:17] [0m[31;1m[Clan] Piney leaves the game.[0m  [0m
[13:19] [0m[31;1m[Clan] Mentok :[0m well hell! thata fantastic. thank you[0m
[13:38] [0m[37;1m[JEDI]:[0m Tobias Kel'ach'nar arrives at the Academy.[0m
[13:45] [0m[34;1mAlassra shouts:[0m create darkness[0m
[14:06] [0m[32mA tells you:[0m Royale with Cheese                                               [0m
[14:06] [0m[34;1mAlassra shouts:[0m Cheese is just rotten milk. Gross.[0m
[14:06] [0m[34;1mNauda shouts:[0m get a load of Moo[0m
[14:06] [0m[34;1mHooligan shouts:[0m who points mayo on french fries...[0m
[14:06] [0m[37;1m[JEDI]:[0m Herah Wylann arrives at the Academy.[0m
[14:06] [0m[34;1mSaitama shouts:[0m tarantino?![0m
[14:06] [0m[34;1mBenek shouts:[0m what do they call it?![0m
[14:06] [0m[34;1mOrthas shouts:[0m it's all a part of the great cycle[0m
[14:06] [0m[34;1mPresmir shouts:[0m We've heard from A. What do B C and D have to say about that?[0m
[14:07] [0m[34;1mHooligan shouts:[0m i just shot marvin in the face[0m
[14:07] [0m[32mAdalius tells you:[0m Stonks![0m
[14:07] [0m[34;1mDin shouts:[0m better call the Wolf[0m
[14:07] [0m[34;1mOrthas shouts:[0m people turn to dirt, dirt turns to grass, cows eat grass, cows make milk, milk[0m
[14:07] [0m               rots, people eat it on burgers. The circle of life[0m
[14:08] [0m[34;1mTurnhold shouts:[0m 30 minutes away? Be there in 10.[0m
[14:09] [0m[34;1mFlaxen shouts:[0m THE CIRCLE OF LIIIIIIIIIIFE[0m
[14:10] [0m[34;1mAlassra shouts:[0m Somehow I'll make a maaaaaan out of you![0m
[14:11] [0m[31;1m[Clan] Droptable :[0m i guess i dont understand dungeon scaling in a party lol. how did i end up in[0m
[14:11] [0m                   roor's 75 hotel, when i was scalered to 56 and entered first?[0m
[14:16] [0m[31;1m[Clan] Boscar :[0m roor had one open[0m
[14:17] [0m[31;1m[Clan] Droptable :[0m i guess its possible, thought you were in sz tho roor?[0m
[14:17] [0m[31;1m[Clan] Droptable :[0m oh or you left hotel earlier and it was still open?[0m
[14:17] [0m[31;1m[Clan] Droptable :[0m imagine my surprise when a zombie i thought was 500k destroyed me :) haha[0m
[14:18] [0m[31;1m[Clan] Boscar :[0m dungeons are weird[0m
[14:18] [0m[31;1m[Clan] Boscar :[0m and buggy[0m
[14:18] [0m[31;1m[Clan] Boscar :[0m sometimes[0m
[14:18] [0m[31;1m[Clan] Boscar :[0m thats why dungeons clear is a thing[0m
[14:18] [0m[34;1mEcholoc shouts:[0m Those poor unforutnate souls.[0m
[14:19] [0m[34;1mHooligan shouts:[0m heigh-hooooooooooooo[0m
[14:20] [0m[34;1mZiphe shouts:[0m you down with OPP?[0m
[14:36] [0m[37;1m[JEDI]:[0m Ylenic It'kla arrives at the Academy.[0m
[22:05] [0m[31;1m[Clan] Wasp :[0m ok[0m
[22:06] [0m[31;1m[Clan] Wasp :[0m meet chaos?[0m
[22:07] [0m[37;1m[JEDI]:[0m Ylenic It'kla arrives at the Academy.[0m
[22:07] [0mYour transmuter's stone bursts with 6 new colours![0m
[22:17] [0m[31;1m[Clan] Elektra :[0m ok farming a bit was fun[0m
[22:18] [0m[31;1m[Clan] Elektra :[0m made 0 exp, but hey[0m
[22:22] [0m[31;1m[Clan] Boscar :[0m is there much feedback form farming?[0m
[22:22] [0m[31;1m[Clan] Boscar :[0m i never messed w it too much[0m
[22:22] [0m[31;1m[Clan] Elektra :[0m well[0m
[22:22] [0m[31;1m[Clan] Elektra :[0m for me[0m
[22:22] [0m[31;1m[Clan] Elektra :[0m but not you[0m
[22:22] [0m[31;1m[Clan] Elektra :[0m if i would have eaten it[0m
[22:22] [0m[31;1m[Clan] Elektra :[0m i would have gotten some msgs[0m
[22:22] [0m[31;1m[Clan] Boscar :[0m cause of mskills[0m
[22:22] [0m[31;1m[Clan] Boscar :[0m nog[0m
[22:22] [0m[31;1m[Clan] Elektra :[0m to tell me duration and some stuff[0m
[22:22] [0m[31;1m[Clan] Elektra :[0m flavors[0m
[22:23] [0m[31;1m[Clan] Elektra :[0m if it does good damage and lasts over 400 min i'll eat one and get them.[0m
[22:23] [0m[31;1m[Clan] Elektra :[0m should only take 3-4 more to perfect those 2 ingredients[0m
[22:24] [0m[31;1m[Clan] Elektra :[0m i had already tried 15min wasabi, 25min radicchio... that was 15/23... so 15[0m
[22:24] [0m                 was better than 10 or 20 and 23 was better than 20 and 25[0m
[22:24] [0m[31;1m[Clan] Boscar :[0m i could see stuff being famous ratios, golden etc.[0m
[22:24] [0m[31;1m[Clan] Elektra :[0m nah it is flavors[0m
[22:24] [0m[31;1m[Clan] Elektra :[0m you ahve to balance them[0m
[22:24] [0m[31;1m[Clan] Elektra :[0m you'll get a msg like that is 3 times spicer than it is sweet[0m
[22:25] [0m[31;1m[Clan] Elektra :[0m so time and ratio of the ingredeints... that is 2 wasabi 3 radicchio[0m
[22:25] [0m[31;1m[Clan] Elektra :[0m will have special time for each that best balances it[0m
[22:26] [0m[31;1m[Clan] Boscar :[0m but dont oy ahve to keep track of how long shit is planted?[0m
[22:26] [0m[31;1m[Clan] Boscar :[0m i remember having to aerate fuckcing soil[0m
[22:26] [0m[31;1m[Clan] Elektra :[0m the 2 best ingredients i can get for damage are chayote for ice damage and bok[0m
[22:26] [0m                 choy for fire damage[0m
[22:26] [0m[31;1m[Clan] Boscar :[0m and i was like, peace[0m
[22:27] [0m[31;1m[Clan] Wasp :[0m oh i have 53 bok choy look at that[0m
[22:27] [0m[31;1m[Clan] Wasp :[0m that is my gxp food[0m
[22:27] [0m[31;1m[Clan] Wasp :[0m hsima makes it with mecanized broccoli and does huge damage[0m
[22:27] [0m[31;1m[Clan] Wasp :[0m but i can't get mech broc yet[0m
[22:28] [0m[31;1m[Clan] Wasp :[0m bok choy13 5mechanized broccoli10. (light, acid, fire , ice & elec damage, +3 str)[0m
[22:29] [0m[31;1m[Clan] Wasp :[0m hmm 98 fennel[0m
[22:29] [0m[31;1m[Clan] Wasp :[0m i'll try some fennel bok choy[0m
[22:29] [0m[31;1m[Clan] Boscar :[0m oh, can you recruit saitama too[0m
[22:29] [0m[31;1m[Clan] Boscar :[0m while i remember to ask[0m
[22:30] [0m[31;1m[Clan] Boscar :[0m oh youre on wasp[0m
[22:30] [0m[31;1m[Clan] Boscar :[0m nevermind[0m
[22:31] [0m[37;1m[JEDI]:[0m H'ssani C'talan arrives at the Academy.[0m
[22:32] [0m[31;1m[Clan] Wasp :[0m ok, making a 2x24fennel3x13bokchoy[0m
[22:32] [0m[31;1m[Clan] Roor :[0m fentanyl bokchoy[0m
[22:35] [0m[37;1mCaeli flaps :[0m l[0m
[22:36] [0m[37;1mCaeli flaps :[0m Whoops. SO Sebastian Stan as Luke Skywalker.....[0m
[22:36] [0m[37;1mInix flaps :[0m The Grinch as the Wicked Witch of the West.[0m
[22:37] [0m[31;1m[Clan] Wasp :[0m taste 2, duration 1.[0m
[22:38] [0m[31;1m[Clan] Wasp :[0m str 8 dex 8[0m
[22:38] [0m[31;1m[Clan] Boscar :[0m nice[0m
[22:38] [0m[31;1m[Clan] Wasp :[0m You belch globs of acid at your opponent![0m
[22:38] [0m[37;1mCaeli flaps :[0m there are rumors about Stan playing as Luke in The Madalorian.[0m
[22:38] [0m[31;1m[Clan] Roor :[0m ooo how's the dmg?[0m
[22:38] [0m[31;1m[Clan] Boscar :[0m major elephant is super BS too, I crafted a chaosstone main w/ 2 of those this[0m
[22:38] [0m                boot[0m
[22:38] [0m[31;1m[Clan] Boscar :[0m +40 wis/con[0m
[22:39] [0m[31;1m[Clan] Boscar :[0m And a gemchant on top[0m
[22:39] [0m[37;1mInix flaps :[0m Stan from South Park?  That'd be some interesting cinematography[0m
[22:39] [0m[37;1mAliyna flaps :[0m sebastian Stan.  I.e. Bucky Barnes[0m
[22:40] [0m[37;1mJeraud flaps :[0m Eh, they kinda already did Luke in the Mandalorian.[0m
[22:41] [0m[31;1m[Clan] Wasp :[0m You belch rings of flame at your opponent![0m
[22:41] [0m[31;1m[Clan] Wasp :[0m not very often, but shrug[0m
[22:41] [0m[31;1m[Clan] Wasp :[0m when i maximize it should be nice.[0m
[22:42] [0m[37;1mCaeli flaps :[0m yes, but i'm sure continous CGI gets rather expensive.[0m
[22:43] [0m[31;1m[Clan] Wasp :[0m i should code a tracker to track the number of procs for damage[0m
[22:43] [0m[31;1m[Clan] Wasp :[0m that is probably something i can maximize... wonder if it would always be when[0m
[22:43] [0m              stats are maxed... probably[0m
[22:44] [0m[31;1m[Clan] Droptable :[0m they all around 13-15%[0m
[22:44] [0m[31;1m[Clan] Droptable :[0m uptime for me when i tested[0m
[22:44] [0m[37;1mCaeli flaps :[0m WHAt??????  There's a Hercule Poirot anime????????[0m
[22:45] [0m[37;1mAlassra flaps :[0m I assume there's an anime for basically anything[0m
[22:45] [0m[37;1mEcholoc flaps :[0m rule 34[0m
[22:45] [0m[37;1mJeraud flaps :[0m That's NOT rule 34.[0m
[22:46] [0m[37;1mJeraud flaps :[0m But yes, there's all manner of anime of stuff.[0m
[22:47] [0m[37;1mInix flaps :[0m Sure it is[0m
[23:08] [0m[37;1m[JEDI]:[0m Herah Wylann arrives at the Academy.[0m
[23:34] [0m[37;1m[JEDI]:[0m Tobias Kel'ach'nar arrives at the Academy.[0m
[23:35] [0mDaCSsRPDFd  Wm:g Wc: 73% Gx: 23.55% Fx: 33.03%[0m
