- = LOG STARTED [00:00] = -
[06:05] [0mYou can currently reforge 12 items.[0m
[06:07] [0m[34;1mKichi shouts:[0m i predict a riot, i predict a riot[0m
[06:10] [0m[31;1m[Clan] Ser :[0m i fell asleep....  did we make it?[0m
[06:13] [0m[31;1m[Clan] Archangel :[0m Yup, we hit the very end. Was all good. :D[0m
[06:13] [0m[31;1m[Clan] Ser :[0m i made green gloves w the figurine, 21 ac across the board[0m
[06:14] [0m[31;1m[Clan] Ser :[0m not sure how much dex/wis, if either of you want em[0m
[06:15] [0m[31;1m[Clan] Ser :[0m they are bind on eq so i wanted to see if you guys wanted first[0m
[06:18] [0m[31;1m[Clan] Ser :[0m Slacker, weathered catchpocket at ss[0m
[06:19] [0m[31;1m[Clan] Slacker :[0m ohh, cool[0m
[06:19] [0m[31;1m[Clan] Slacker :[0m that actually rocks for fremens[0m
[06:20] [0m[31;1m[Clan] Ser :[0m damn, i have had it since yesterday :p[0m
[06:20] [0m[31;1m[Clan] Slacker :[0m basically make our 'water issue' go away[0m
[06:22] [0mYou can currently reforge 12 items.[0m
[06:54] [0m[31;1m[Clan] Ser :[0m hmm so i should've used it on my hardcore :P[0m
[06:55] [0m[31;1m[Clan] Slacker :[0m hmm, yeah[0m
[06:59] [0m[31;1m[Clan] Ser :[0m omg...  just thought of a HC in all orange bangalool gear[0m
[06:59] [0m[31;1m[Clan] Ser :[0m theres no level req[0m
[06:59] [0m[31;1m[Clan] Ser :[0m sorry balangool[0m
[07:00] [0m[31;1m[Clan] Decav :[0m ooh thatd be fun. how much regen is the orange stuff at your[0m
[07:00] [0m               scaler?[0m
[07:00] [0m[31;1m[Clan] Ser :[0m no idea[0m
[07:00] [0m[31;1m[Clan] Ser :[0m but the scaler 147 we did last night, 21 ac for gloves across[0m
[07:00] [0m             the board[0m
[07:01] [0m[31;1m[Clan] Decav :[0m nice. does everyone get to make a piece of gear in sz groups?[0m
[07:01] [0m[31;1m[Clan] Ser :[0m Decav/Slacker, wanna start our own party since X/A wont invite[0m
[07:01] [0m             me[0m
[07:02] [0m[31;1m[Clan] Ser :[0m and nah it's 1 piece/dungeon[0m
[07:02] [0m[31;1m[Clan] Ser :[0m i havent tried to dupe any yet tho[0m
[07:02] [0m[31;1m[Clan] Slacker :[0m I am too busy in rl sorry[0m
[07:02] [0m[31;1m[Clan] Decav :[0m nod. and sure, if you dont mind me bailing randomly soon as[0m
[07:02] [0m               gf wakes up :o[0m
[07:03] [0m[31;1m[Clan] Ser :[0m we can do small ones to go fast[0m
[07:04] [0m[31;1m[Clan] Decav :[0m omw[0m
[07:21] [0m[31;1m[Clan] Ser :[0m for record, scaler 147 gloves w 2 green capsules are +18[0m
[07:21] [0m             wis/dex[0m
[07:21] [0m[31;1m[Clan] Decav :[0m actually i can try to xmute those if im not using mask in[0m
[07:21] [0m               this party[0m
[07:21] [0m[31;1m[Clan] Decav :[0m 18wis be nice[0m
[07:22] [0m[31;1m[Clan] Ser :[0m too late i put them on xP[0m
[07:22] [0m[31;1m[Clan] Decav :[0m oh right haha[0m
[07:31] [0mYou can currently reforge 0 items.[0m
[07:38] [0mSimon <.oO>: (cstats returns sensitive mind for me[0m
[07:38] [0mSimon <.oO>: Anyone else?[0m
[07:38] [0mZanadu <.oO>: you made too much xp[0m
[07:38] [0mTony <.oO>: you broke it!![0m
[07:39] [0mOrthas <.oO>: works for me[0m
[07:39] [0mLeianne <.oO>: there is a reset command which I can't remember to get you[0m
[07:39] [0m               out of that sensitive mind[0m
[07:39] [0mSimon <.oO>: Sure, I'd like to know the stats tho :P[0m
[07:40] [0m[32mKerym says: [0mWell met, Swordbrother Dangerzone, May the Seldarine's Blessings be upon you.[0m
[07:41] [0mTony <.oO>: nod nod, seems strange i think Turnhold did some adjustments to[0m
[07:41] [0m            make it more player friendly apparently it's got some runtime[0m
[07:41] [0m            error bug for some people[0m
[07:56] [0mYou can currently reforge 4 items.[0m
[08:17] [0m[31;1m[Clan] Ser :[0m moo[0m
[08:18] [0m[31;1m[Clan] Nix :[0m morning[0m
[08:18] [0m[31;1m[Clan] Nix :[0m ethereum rally ser![0m
[08:19] [0m[31;1m[Clan] Ser :[0m yah my estimated earnings (excluding electricity) are ~$750/mo[0m
[08:19] [0m             right now[0m
[08:19] [0m[31;1m[Clan] Nix :[0m nice[0m
[08:19] [0m[31;1m[Clan] Ser :[0m $620 if i count my monthly cost[0m
[08:19] [0m[31;1m[Clan] Nix :[0m i've been debating dumping more into bitcoin[0m
[08:19] [0m[31;1m[Clan] Decav :[0m that's pretty good. what kind of capital costs for the rigs?[0m
[08:20] [0m[31;1m[Clan] Ser :[0m ~$3600 nov 2019[0m
[08:20] [0m[31;1m[Clan] Decav :[0m slick! fast payback[0m
[08:20] [0m[31;1m[Clan] Ser :[0m eh it was a rough start[0m
[08:20] [0m[31;1m[Clan] Ser :[0m i didn't have the rig running 24/7 steady until maybe last[0m
[08:20] [0m             month lol[0m
[08:21] [0m[31;1m[Clan] Ser :[0m a few burnt up power cables, misconfigurations of linux/power[0m
[08:21] [0m             on my part[0m
[08:21] [0m[31;1m[Clan] Ser :[0m i'm going to build another i think[0m
[08:21] [0m[31;1m[Clan] Decav :[0m nod. do you hold onto the earnings or liquidate?[0m
[08:21] [0m[31;1m[Clan] Ser :[0m after i move[0m
[08:21] [0m[31;1m[Clan] Nix :[0m how many do you have going?[0m
[08:21] [0m[31;1m[Clan] Ser :[0m uhh i liquidated a couple times...  once when it was like[0m
[08:21] [0m             $250/eth and i had 1.6...  :([0m
[08:22] [0m[31;1m[Clan] Decav :[0m ah shit i havent been watching at all.. fomo and all that[0m
[08:22] [0m               again now lol[0m
[08:23] [0m[31;1m[Clan] Ser :[0m literally though i was only running ~6 cards for ~6-7 months,[0m
[08:23] [0m             then it sat for a couple months off/on using 3-4 cards until i[0m
[08:23] [0m             replaced wires,[0m
[08:23] [0m[31;1m[Clan] Ser :[0m but just "1" rig atm[0m
[08:23] [0m[31;1m[Clan] Nix :[0m fomo to a tee decav[0m
[08:23] [0m[31;1m[Clan] Ser :[0m i pull about 52MH/s / card, with ~168.75W/ card at the wall[0m
[08:24] [0m[31;1m[Clan] Ser :[0m new cards are around ~315W at the wall for ~120MH/s[0m
[08:24] [0m[31;1m[Clan] Ser :[0m they might be closer to ~350W at the wall tbh[0m
[08:25] [0m[31;1m[Clan] Ser :[0m the "guts" of the miner is just mobo/cpu/frame/power supply(s),[0m
[08:25] [0m             ram, 32GB USB stick, and i can build a new core for ~$500[0m
[08:26] [0m[31;1m[Clan] Ser :[0m then i was just going to buy a card every few months and add to[0m
[08:26] [0m             it[0m
[08:26] [0m[31;1m[Clan] Ser :[0m honestly real cost is probably closer to $325 or so[0m
[08:27] [0m[31;1m[Clan] Decav :[0m do you have to rebuild your electric setup at home at all?[0m
[08:27] [0m[31;1m[Clan] Ser :[0m i will probably wire 220 plugs, but been using standard 110[0m
[08:27] [0m[31;1m[Clan] Ser :[0m 220 is a little more efficient[0m
[08:28] [0m[31;1m[Clan] Decav :[0m oh you do wiring and all that yourself?[0m
[08:28] [0m[31;1m[Clan] Ser :[0m i can, but not sure i will[0m
[08:29] [0m[31;1m[Clan] Ser :[0m honestly was debating small solar setup to offset electric[0m
[08:29] [0m[31;1m[Clan] Decav :[0m nod elec stuff scares me[0m
[08:29] [0m[31;1m[Clan] Decav :[0m solar would be cool. you have enough roof space or run it in[0m
[08:29] [0m               backyard or something?[0m
[08:29] [0m[31;1m[Clan] Ser :[0m ~1200$ in solar i can offset electric by ~25%..  backyard[0m
[08:29] [0m             probably[0m
[08:30] [0m[31;1m[Clan] Decav :[0m until you expand the rigs.. :O[0m
[08:30] [0m[31;1m[Clan] Ser :[0m nog[0m
[08:31] [0m[31;1m[Clan] Ser :[0m if i spent ~15$k+ in solar i could offset 100%[0m
[08:31] [0m[31;1m[Clan] Ser :[0m but i dont know if i want to invest that much right off the bat[0m
[08:32] [0m[31;1m[Clan] Dangerzone :[0m see my dad's solar investment? its on fb[0m
[08:32] [0m[31;1m[Clan] Ser :[0m i havent opened facebook in like 6 months dude[0m
[08:33] [0m[31;1m[Clan] Dangerzone :[0m lol yea not a daily thing either[0m
[08:33] [0m[31;1m[Clan] Ser :[0m might as well make an account on parler too right[0m
[08:33] [0m[32;1mFrom afar, Ser grins at you.[0m[0m
[08:33] [0m[31;1m[Clan] Decav :[0m yeah 15k is a lot, would make sense to just invest from[0m
[08:33] [0m               earnings. or something[0m
[08:33] [0m[31;1m[Clan] Dangerzone :[0m amazed at his setup for a "twin" house or w/e they share[0m
[08:33] [0m                    roofs[0m
[08:33] [0m[31;1m[Clan] Decav :[0m but getting to know ins and outs of solar seems useful these[0m
[08:33] [0m               days[0m
[08:34] [0m[31;1m[Clan] Dangerzone :[0m copy decav or something close to a test drive[0m
[08:34] [0m[31;1m[Clan] Ser :[0m going to keep building until i have 4-5 rigs probably[0m
[08:34] [0m[31;1m[Clan] Ser :[0m save as much as i can[0m
[08:35] [0m[31;1m[Clan] Ser :[0m i've actually worked on tiny solar installations[0m
[08:35] [0m[31;1m[Clan] Ser :[0m :P[0m
[08:35] [0m[31;1m[Clan] Ser :[0m eth is up more jesus[0m
[08:35] [0m[31;1m[Clan] Nix :[0m yeah the crypto is going nuts[0m
[08:36] [0m[31;1m[Clan] Decav :[0m not gonna look :P[0m
[08:36] [0m[31;1m[Clan] Nix :[0m bitcoin is hovering around 34k and eth is above 900[0m
[08:38] [0m[34;1mGumby shouts:[0m oo thank flaxie[0m
[08:56] [0mYou can currently reforge 8 items.[0m
[09:18] [0m[31;1m[Clan] Seoman leaves the game.[0m  [0m
[10:01] [0m[32;1mFrom afar, Ser pokes you in the ribs.[0m[0m
[10:01] [0m[32mSer tells you:[0m you wanna hit behind me[0m
[10:01] [0mYou can currently reforge 12 items.[0m
[10:11] [0m[32mYou tell Ser:[0m i'm good, ty[0m
[10:11] [0m[32;1mFrom afar, you ask Ser "You want fries with that?"[0m[0m
[10:11] [0m[32mYou tell Ser:[0m oh wrong soul[0m
[10:20] [0m[32;1mFrom afar, Ser nods to you.[0m[0m
[10:21] [0m[31;1m[Clan] Ser :[0m blblbl[0m
[10:25] [0mYou can currently reforge 0 items.[0m
[10:29] [0mnewb Furian [bard/22]: seems i got no heartbeat. this happened to me once[0m
[10:29] [0m                       when i had the wrong stuff in my bset. i forget[0m
[10:29] [0m                       command to fix[0m
[10:30] [0mnewb Gaidin [gentech/134]: kickstart[0m
[10:30] [0mnewb Furian [bard/22]: ty[0m
[10:30] [0m0  5:12 pm[0m                            ![0m
[10:32] [0mKillergate <.oO>: csclear[0m
[10:32] [0m[34;1mPrism shouts:[0m Hi!!![0m
[10:32] [0m[34;1mDaeth shouts:[0m Lo!!![0m
[10:32] [0mTurnhold <.oO>: until i get a sec to look at it, (csclear will fix it.[0m
[10:34] [0m[37;1mGaidin flaps :[0m Great, now it's "most people *and robots*" who can dance[0m
[10:34] [0m               better than I can. [0m
[10:34] [0m               https://www.youtube.com/watch?v=fn3KWM1kuAw[0m
[10:36] [0m[34;1mDaeth shouts:[0m those two robots are gonna totally bone.[0m
[10:36] [0m[37;1mSer flaps :[0m general pg warning:  may be robot twerking[0m
[10:37] [0m[37;1mDaeth flaps :[0m will not be held responsible for any robot and or appliance[0m
[10:37] [0m              orgies that may ensue.[0m
[10:45] [0m[37;1mGaidin flaps :[0m The yellow dog one is only $75k[0m
[10:50] [0m[37;1mSer flaps :[0m hmm do i want a house or a robot[0m
[10:51] [0m[37;1mZiphe flaps :[0m robot that can build houses[0m
[10:51] [0m[37;1mAlassra flaps :[0m or a house robot[0m
[10:52] [0m[37;1mZiphe flaps :[0m there's a delivery robot thing that has been showing up on[0m
[10:52] [0m              social media nearby, can't help but think we are starting the[0m
[10:52] [0m              droid era[0m
[10:53] [0m[37;1mKai flaps :[0m all your droids are belong to us[0m
[10:53] [0m[37;1mDaeth flaps :[0m Count Duku delivery at your service.[0m
[10:54] [0m[37;1mAlassra flaps :[0m y'all saw the recent Boston Dynamics dancing robots video?[0m
[10:54] [0m[37;1mGaidin flaps :[0m Just posted it a bit ago[0m
[10:54] [0m[37;1mAlassra flaps :[0m that's a great one[0m
[10:54] [0m[37;1mAlassra flaps :[0m Skynet is totally gonna finish us off once 'rona gets done[0m
[10:54] [0m                with us[0m
[10:55] [0m[37;1mDaeth flaps :[0m we'll thank skynet by that point.[0m
[10:55] [0m[37;1mKai flaps :[0m its the logical thing to do[0m
[10:55] [0m[37;1mZiphe flaps :[0m elon musk will save us[0m
[10:55] [0m[37;1mZiphe flaps :[0m with dogecoin[0m
[10:56] [0m[37;1mDaeth flaps :[0m dogecoin, much value!!![0m
[10:56] [0m[37;1mAlassra flaps :[0m he -is- basically building his own X-men academy for his[0m
[10:56] [0m                kids...[0m
[10:57] [0m[37;1mDaeth flaps :[0m if anyone can make their kids superheroes, he can.[0m
[10:57] [0m[37;1mNightrider flaps :[0m i flap you flap we all flap flap flap[0m
[10:57] [0m[37;1mZiphe flaps :[0m the starship photos from above totally look like some buck[0m
[10:57] [0m              rogers sci fi... it's incredibly fascinating[0m
[10:57] [0m[37;1mDaeth flaps :[0m off think, off think, off think.[0m
[11:01] [0mYou can currently reforge 4 items.[0m
[11:04] [0m[34;1mTurnhold shouts:[0m Or does it? @.@[0m
[11:56] [0m[37;1mAdalius flaps :[0m So, since it's a nice calm Sunday, and reboot is at a[0m
[11:56] [0m                reasonable time, I plan on putting the newest version of[0m
[11:56] [0m                morgues in right before reboot. Just a heads up there maybe[0m
[11:56] [0m                some wonkiness at boot like last time but hopefully minimal[0m
[11:56] [0m                if any[0m
[11:57] [0m[37;1mZiphe flaps :[0m wonkyness yay[0m
[11:57] [0m[37;1mRheiu flaps :[0m new features?[0m
[11:58] [0m[37;1mAdalius flaps :[0m New features include: icof (list of corpses), icof2 (list by[0m
[11:58] [0m                power level and count) [I may have those commands reversed],[0m
[11:58] [0m                ability to wrap preserved corpses again, retention of all[0m
[11:58] [0m                corpse details so corpsecsion etc should work, morgue will[0m
[11:58] [0m                now show your position on top list if you arent in the top[0m
[11:58] [0m                10 (or whatever number it is currently), even lower memory[0m
[11:58] [0m                footprint than the current ones.[0m
[11:58] [0m[37;1mSer flaps :[0m and boot has been extended for 2 weeks in celebration[0m
[11:58] [0m[37;1mGaidin flaps :[0m Chrome fixtures?[0m
[11:58] [0m[37;1mAdalius flaps :[0m Man, there goes my gags again, it made that Ser flap say[0m
[11:58] [0m                'wipe Ser in celebration'[0m
[12:00] [0m[37;1mAdalius flaps :[0m So, anywho, off to lunch, when I come back I'll start the[0m
[12:00] [0m                transition to the new morgues/coffins so the code is ready[0m
[12:00] [0m                at boot and then WHEEEEE. You have been warned.[0m
[12:00] [0m[37;1mNik flaps :[0m does this mean we can wrap preserveds again?[0m
[12:01] [0mYou can currently reforge 8 items.[0m
[12:04] [0m[37;1mAdalius flaps :[0m literally 5 flaps back " ability to wrap preserved corpses[0m
[12:04] [0m                again"[0m
[12:04] [0m[37;1mThom flaps :[0m according to what i'm reading looks like yes.[0m
[12:04] [0m[37;1mDangerzone flaps :[0m poor lil tink tink[0m
[12:05] [0m[32mKerym says: [0mWell met, Swordbrother Dangerzone, May the Seldarine's Blessings be upon you.[0m
[12:05] [0m[37;1mNik flaps :[0m haha welll, i was concerned bout it[0m
[12:05] [0m[37;1mSaim flaps :[0m will glass coffins be a success? ...remains to be seen[0m
[12:08] [0m[37;1mZiphe flaps :[0m so you're loading it before reboot, does that mean all our[0m
[12:08] [0m              coffins go poof?[0m
[12:08] [0m[37;1mAdalius flaps :[0m no[0m
[12:08] [0m[37;1mZiphe flaps :[0m k[0m
[12:08] [0m[37;1mAdalius flaps :[0m Not loading it, just prepping it, reboot will unload[0m
[12:08] [0m                everything, new copy loaded next boot will be new ones[0m
[12:08] [0m[37;1mZiphe flaps :[0m ok thanks[0m
[12:09] [0m[37;1mGlorfindel flaps :[0m If anything goes wrong, blame Flaxen[0m
[12:09] [0m[37;1mAdalius flaps :[0m An excellent plan[0m
[12:18] [0m[37;1mEcholoc flaps :[0m blamestorming - the act or holding a meeting to assign blame[0m
[13:01] [0mYou can currently reforge 12 items.[0m
[13:05] [0m[34;1mVortex shouts:[0m hey flaxen give that back! :)[0m
[13:20] [0m[31;1m[Clan] Nik leaves the game.[0m  [0m
[13:20] [0m[31;1m[Clan] Gik enters the game.[0m  [0m
[13:38] [0m[31;1m[Clan] Decav leaves the game.[0m  [0m
[13:41] [0m[37;1mAdalius flaps :[0m Alllllrighty. Old coffin/morgue code & save files are all[0m
[13:41] [0m                backed up, new code is in and ready for reboot. In the[0m
[13:41] [0m                immortal words of Ray Arnold, "Hold on to yer butts." (in[0m
[13:41] [0m                ~58 minutes)[0m
[13:42] [0m[37;1mRheiu flaps :[0m first last[0m
[13:48] [0mArmy shouts: Game reboot in 51 minutes 4 seconds [0m
[13:50] [0m[34;1mRheiu shouts:[0m It's pronounced YOU'RE![0m
[13:51] [0m[34;1mZiphe shouts:[0m heeland coo does a muuuuu[0m
[13:51] [0m[34;1mTex shouts:[0m so he is a you are abilities hmm ok[0m
[14:01] [0mArmy shouts: Game reboot in 38 minutes 8 seconds [0m
[14:01] [0mYou can currently reforge 12 items.[0m
[14:11] [0mArmy shouts: Game reboot in 28 minutes 26 seconds [0m
[14:18] [0m[34;1mEcholoc shouts:[0m down with pants![0m
[14:18] [0mArmy shouts: Game reboot in 21 minutes 9 seconds [0m
[14:18] [0m[34;1mNauda shouts:[0m in a bit[0m
[14:19] [0m[34;1mZiphe shouts:[0m take your pants down![0m
[14:23] [0mArmy shouts: Game reboot in 15 minutes 41 seconds [0m
[14:24] [0m[34;1mUq shouts:[0m first to shout about last[0m
[14:24] [0m[34;1mRheiu shouts:[0m  -.-[0m
[14:27] [0mArmy shouts: Game reboot in 11 minutes 35 seconds [0m
[14:31] [0mArmy shouts: Game reboot in 8 minutes 31 seconds [0m
[14:32] [0m[34;1mEllegon shouts:[0m kennel yoour dogs for the everstorm approaches.[0m
[14:32] [0m[34;1mSylph shouts:[0m good, that means I can reborn again as a Fused![0m
[14:33] [0m[34;1mTony shouts:[0m it's the end of the world as we know it, and i feel fine[0m
[14:33] [0mArmy shouts: Game reboot in 6 minutes 13 seconds [0m
[14:35] [0mArmy shouts: TELL ARMY if you want a free transport![0m
[14:35] [0mArmy shouts: Game reboot in 4 minutes 29 seconds [0m
[14:36] [0mArmy shouts: Game reboot in 3 minutes 11 seconds [0m
[14:36] [0m[31;1m[Clan] Xaryl leaves the game.[0m  [0m
[14:37] [0m[31;1m[Clan] Archangel leaves the game.[0m  [0m
[14:37] [0mArmy shouts: Game reboot in 2 minutes 13 seconds [0m
[14:37] [0m[34;1mEcholoc shouts:[0m reboot![0m
[14:37] [0m[34;1mSer shouts:[0m go 'way[0m
[14:37] [0m[34;1mRheiu shouts:[0m finished oak cabinetoot[0m
[14:38] [0mArmy shouts: Game reboot in 1 minute 29 seconds [0m
[14:38] [0m[34;1mZiphe shouts:[0m uptime is overrated[0m
[14:38] [0m[34;1mRheiu shouts:[0m daily reboots![0m
[14:38] [0mArmy shouts: Game reboot in 56 seconds [0m
[14:38] [0m[34;1mEllegon shouts:[0m 4hr boots![0m
[14:38] [0m[34;1mHeffalump shouts:[0m 4 min boots![0m
[14:39] [0mArmy shouts: Game reboot in 32 seconds [0m
[14:39] [0m[34;1mZiphe shouts:[0m 32 second boots[0m
[14:39] [0m[34;1mRheiu shouts:[0m first[0m
[14:39] [0mArmy shouts: Game reboot in 14 seconds [0m
[14:39] [0m[34;1mAdalius shouts:[0m Baaa[0m
[14:39] [0mArmy shouts: Following the tracks of a long abandoned rail system[0m
[14:45] [0m[31;1m[Clan] Roken wisps into existence.[0m  [0m
[14:45] [0m[34;1mPrettypony shouts:[0m first last[0m
[14:45] [0m[34;1mRheiu shouts:[0m MOAR![0m
[14:45] [0m [1mCurrent Reboot : #1874 [4 days 8 hours 35 minutes]                    [0m[0m
[14:45] [0m [30;1m3Kingdoms Time : (US EST) Sun Jan 03, 2021 03:45:43 pm                [0m[0m
[14:45] [0m [32;1mReboot Started : Sun Jan 3 02:39 pm [0m[0m
[14:45] [0m [36;1mCurrent Uptime : 5 minutes 53 seconds (1%)                            [0m[0m
[14:45] [0m [31;1mReboot Ends    : Thu Jan 7 11:14 pm [0m[0m
[14:45] [0m [33;1mNext Reboot in : 4 days 8 hours 29 minutes 20 seconds                 [0m[0m
[14:45] [0m     [33mAfter That : [1876] Thu Jan 14 09:28 pm[0m[0m
[14:45] [0m     [33mAfter That : [1877] Tue Jan 26 04:10 pm[0m[0m
[14:46] [0m[37;1mBruce flaps :[0m redaxe at ss for dupes[0m
[14:46] [0m[31;1m[Clan] Nik enters the game.[0m  [0m
[14:46] [0m[31;1m[Clan] Bruce leaves the game.[0m  [0m
[14:46] [0m[31;1m[Clan] Bruce enters the game.[0m  [0m
[14:47] [0m[34;1mBruce shouts:[0m redaxe at ss for dupers[0m
[14:47] [0m[32;1mFrom afar, you tell Bruce that you'll be right there![0m[0m
[14:47] [0m[31;1m[Clan] Roken :[0m jfc 5 minutes in[0m
[14:47] [0m[31;1m[Clan] Anecdote enters the game.[0m  [0m
[14:47] [0m[31;1m[Clan] Karvec enters the game.[0m  [0m
[14:48] [0m[31;1m[Clan] Sock wiggles on your foot.[0m  [0m
[14:48] [0m[32mNightrider says:[0m tap yo kidney[0m
[14:48] [0m[31;1m[Clan] Akir leaves the game.[0m  [0m
[14:49] [0m[31;1m[Clan] Ser :[0m anyone willing to help w/ wights/kathaelis 2[0m
[14:49] [0m[31;1m[Clan] Prism enters the game.[0m  [0m
[14:49] [0m[31;1m[Clan] Roken :[0m nix the og shield?[0m
[14:49] [0m[37;1mAdalius flaps :[0m So... not hearing a peep about morgues, should I take that as a good sign?[0m
[14:49] [0m[37;1mChrys flaps :[0m my morgue is working fine[0m
[14:49] [0m[37;1mNightrider flaps :[0m moo[0m
[14:49] [0m[37;1mGaidin flaps :[0m Well, mine hasn't broken yet.[0m
[14:49] [0m[31;1m[Clan] Roken :[0m axe?[0m
[14:49] [0m[37;1mHooligan flaps :[0m mask aint out yet either[0m
[14:49] [0m[31;1m[Clan] Ser :[0m bruce[0m
[14:50] [0m[32;1mFrom afar, you thank Nix.[0m[0m
[14:50] [0m[31;1m[Clan] Dangerzone enters the game.[0m  [0m
[14:50] [0mYou can currently reforge 12 items.[0m
[14:50] [0m[34;1mEllegon shouts:[0m 3hs til it resets :'([0m
[14:50] [0m[32;1mFrom afar, you moo at Bruce.[0m[0m
[14:50] [0m[32;1mFrom afar, Bruce spanks you hard on the butt.[0m[0m
[14:50] [0m[31;1m[Clan] Prism :[0m nix did you get og auro?[0m
[14:50] [0m[31;1m[Clan] Nix :[0m yea[0m
[14:51] [0m[31;1m[Clan] Ser :[0m hey can i have shard[0m
[14:51] [0m[31;1m[Clan] Prism :[0m lmk when you have a free min?[0m
[14:51] [0m[31;1m[Clan] Nix :[0m yes yes[0m
[14:51] [0m[32;1mMelly whispers softly to Bruce.[0m[0m
[14:51] [0m[31;1m[Clan] Ser :[0m omg <3 i havent had a shard in like 2-3 boots[0m
[14:51] [0m[31;1m[Clan] Bruce :[0m anyone else want axe dupe?[0m
[14:51] [0m[31;1m[Clan] Nix :[0m ss[0m
[14:51] [0m[31;1m[Clan] Ser :[0m killing kath2[0m
[14:51] [0m[31;1m[Clan] Nix :[0m i'll put in it in the box[0m
[14:51] [0m[31;1m[Clan] Ser :[0m tyvm[0m
[14:52] [0m[31;1m[Clan] Ser :[0m did box work for auro[0m
[14:52] [0m[31;1m[Clan] Nix :[0m yea[0m
[14:52] [0m[31;1m[Clan] Ser :[0m cool[0m
[14:53] [0m[32;1mFrom afar, you nog at Bruce.[0m[0m
[14:53] [0m[32mBruce tells you:[0m ss[0m
[14:55] [0;1;34mRikken shouts: [0mPolls are now open![0m
[14:55] [0m[34;1mNightrider shouts:[0m POLLZZZ[0m
[14:57] [0m[Auction] Robert : Up for bids: God Crafted Plate Mail.[0m
[14:57] [0m[Auction] Robert : Nightrider has requested 6,969 as the opening offer.[0m
[14:57] [0m[Auction] Robert : Got 6,969 from Elminster(mage).  Do I hear 7,317?[0m
[14:57] [0m[Auction] Robert : 6,969 going once![0m
[14:57] [0m[Auction] Robert : 6,969 going twice![0m
[14:57] [0m[Auction] Robert : Sold to Elminster for 6,969 coins![0m
[15:09] [0m[34;1mZanadu shouts:[0m mask dupes at ss for limited time, get them now or wait a few[0m
[15:09] [0m               hours[0m
[15:09] [0m[31;1m[Clan] Roor enters the game.[0m  [0m
[15:10] [0m[34;1mZanadu shouts:[0m hmm  i lost it[0m
[15:10] [0m[34;1mTony shouts:[0m meep!![0m
[15:10] [0m[34;1mZanadu shouts:[0m  nah mask here go for it[0m
[15:12] [0mYou can currently reforge 12 items.[0m
[15:13] [0m[34;1mZanadu shouts:[0m anyone else? send tell if you on your way otherwise wait for[0m
[15:13] [0m               me to be done with menacing 3k mobs[0m
[15:13] [0m[34;1mSer shouts:[0m men icing[0m
[15:13] [0m[37;1mNauda flaps :[0m wrapped (----|) a preserved, glowing corpse of Cerberus,[0m
[15:13] [0m              unwrapped and got (----|) corpse, tho corpses seem to work[0m
[15:13] [0m              besides the name change[0m
[15:13] [0m[37;1mAdalius flaps :[0m Hrm[0m
[15:14] [0m[34;1mTo shouts:[0m I saw a plain corpse happen too[0m
[15:14] [0m[37;1mAlassra flaps :[0m yeah I figured that was intentional heh[0m
[15:14] [0m[34;1mZanadu shouts:[0m okay all done[0m
[15:15] [0m[37;1mAdalius flaps :[0m So '(----|) a preserved, glowing corpse of Cerberus' turned[0m
[15:15] [0m                into literally '(----|) corpse'? Am I understanding[0m
[15:15] [0m                correctly?[0m
[15:15] [0m[37;1mNauda flaps :[0m affirmative[0m
[15:15] [0m[37;1mAlassra flaps :[0m yeah all the preserved corpses seem to have their names[0m
[15:15] [0m                removed (but the meter stays)[0m
[15:15] [0m[37;1mAdalius flaps :[0m so only on preserved corpses?[0m
[15:15] [0m[37;1mZanadu flaps :[0m good enough for gov't work[0m
[15:16] [0m[37;1mAlassra flaps :[0m unpreserved corpses seem to work as before[0m
[15:16] [0m[37;1mSer flaps :[0m preserving corpses to preserve memory since '21[0m
[15:16] [0m[37;1mAdalius flaps :[0m Very interesting.[0m
[15:16] [0m[37;1mAlassra flaps :[0m having a mix of preserved/unpreserved seems to work fine[0m
[15:16] [0m                when unwrapping them all (correct # / type pops out)[0m
[15:16] [0m[37;1mAdalius flaps :[0m I'll look into it[0m
[15:17] [0m[37;1mZiphe flaps :[0m oo cofscore[0m
[15:17] [0m[37;1mAlassra flaps :[0m Ultimate Maximum![0m
[15:17] [0m[37;1mEcholoc flaps :[0m i am shotting for that! :)[0m
[15:18] [0m[37;1mAdalius flaps :[0m In theory, you should never be able to reach ultimate[0m
[15:18] [0m                maximum *buuuut* there are cases on the lower end where you[0m
[15:18] [0m                might be limited by that not the total capacity so it shows[0m
[15:18] [0m                it.[0m
[15:18] [0m[37;1mTurnhold flaps :[0m inabit[0m
[15:18] [0m[37;1mAdalius flaps :[0m I might make it only show it if its lower than total[0m
[15:18] [0m                capacity so its less confusing[0m
[15:18] [0m[37;1mZiphe flaps :[0m typo in cofscore: Capped To A The Lower Of Total Capacity Or:[0m
[15:18] [0m[37;1mBruce flaps :[0m redaxe at ss for dupes[0m
[15:19] [0m[37;1mSer flaps :[0m Has Anyone Really Been Far Even as Decided to Use Even Go Want[0m
[15:19] [0m            to do Look More Like?[0m
[15:19] [0m[37;1mStasis flaps :[0m typo fixed on my more recently acquired coffin[0m
[15:19] [0m[34;1mFrank shouts:[0m find me 11,780 , that's all i want[0m
[15:20] [0m[34;1mTex shouts:[0m mail to 666 noonecares drive[0m
[15:20] [0m[34;1mDin shouts:[0m that's a lot of commas[0m
[15:20] [0m[37;1mAdalius flaps :[0m Yea I caught that right after boot Ziphe, its fixed already.[0m
[15:21] [0m[37;1mZiphe flaps :[0m k[0m
[15:21] [0m[37;1mAdalius flaps :[0m I think the preserved corpse thing should be fixed on any[0m
[15:21] [0m                new coffins too now. Had to do with order of operations only[0m
[15:21] [0m                for preserved corpses.[0m
[15:22] [0m[37;1mTurnhold flaps :[0m 1, then 2, then 3, then mebbe 4, then back to 1, then mebbe[0m
[15:22] [0m                 3?[0m
[15:22] [0m[37;1mEcholoc flaps :[0m but if you hget this far.... something went wrong... :)[0m
[15:22] [0m[37;1mSer flaps :[0m i'll order your operations turnhold[0m
[15:22] [0m[37;1mTurnhold flaps :[0m dont threaten me with a good time.[0m
[15:23] [0mKillergate <.oO>: WTT a duped mask for a 10% shield[0m
[15:23] [0mKillergate <.oO>: I haz shield[0m
[15:23] [0m[37;1mEllegon flaps :[0m I love how talkative everyone is while they wait for resets,[0m
[15:23] [0m                before they can bot it up for the rest of boot :)[0m
[15:24] [0m[31;1m[Clan] Void enters the game.[0m  [0m
[15:24] [0m[31;1m[Clan] Bruce :[0m ser want axe dupe?[0m
[15:24] [0m[34;1mGrot shouts:[0m anyone seen the tv in chaos[0m
[15:24] [0m[31;1m[Clan] Ser :[0m nah[0m
[15:24] [0m[34;1mVoid shouts:[0m void[0m
[15:24] [0m[31;1m[Clan] Ser :[0m i'll just use shard[0m
[15:24] [0m[31;1m[Clan] Bruce :[0m kk[0m
[15:24] [0m[34;1mVoid shouts:[0m Da void that is[0m
[15:24] [0m[34;1mRheiu shouts:[0m hodor[0m
[15:24] [0m[34;1mPrism shouts:[0m the Void smells[0m
[15:25] [0m[34;1mChrys shouts:[0m avoid the void[0m
[15:26] [0mRhyson <Craft>: I don't want to craft ... I want to be a LUMBERJACK!![0m
[15:28] [0m[37;1mBruce flaps :[0m resetting tacos tug me for a rally[0m
[15:28] [0m[31;1m[Clan] Void :[0m no fucking way i'm rushing to help skuggo[0m
[15:29] [0m[31;1m[Clan] Bruce :[0m resetting tacos if anyone needs[0m
[15:34] [0m[Auction] Echoloc (jugg) : but they are scuffed, can't wear scuffed kicks[0m
[15:35] [0m[Auction] Inquisitor (jedi) : Just get a blood stain to go with it.  Claim[0m
[15:35] [0m                              that the blood came from the guy that scuffed[0m
[15:35] [0m                              yo' sh!t[0m
[15:35] [0m[Auction] Echoloc (jugg) : smart move[0m
[15:36] [0m[34;1mVilgan shouts: [0mI want everyone to know that Wert is a big dumb meany.[0m
[15:37] [0m[31;1m[Clan] Mako enters the game.[0m  [0m
[15:41] [0m[37;1mSer flaps :[0m love it when i 'ktrig off' instead of 'OFF' and leave corpses[0m
[15:41] [0m            and crap laying everywhere[0m
[15:41] [0m[37;1mSky flaps :[0m yeah i hate that too.[0m
[15:41] [0m[37;1mSer flaps :[0m i should probably make an alias[0m
[15:41] [0m[37;1mSky flaps :[0m i hsould do that too.[0m
[15:47] [0mYou can currently reforge 11 items.[0m
[15:54] [0m[35;1mLorderon [Jedi(44)]:[0m hello[0m
[15:54] [0m[35;1mEcthelion [Jedi(23)]:[0m hiya[0m
[16:06] [0m[37;1mGaidin flaps :[0m weathered catchpocket at fremen guild entrance[0m
[16:08] [0m[37;1m[JEDI]:[0m Janath Meelin arrives at the Academy.[0m
[16:16] [0m[34;1mRhyson shouts:[0m ftouches at ss for next 5 minutes[0m
[16:25] [0m[34;1mSylph shouts:[0m NOOOoooOOoOoo!!! You killed Kenny!!![0m
[16:26] [0m[34;1mZanadu shouts:[0m mask available for dupes at ss , come now not available for a while after[0m
[16:26] [0m[34;1mNightrider shouts:[0m Sunset[0m
[16:29] [0m[34;1mZanadu shouts:[0m don't give me mask back just drop it on floor for next person[0m
[16:29] [0m[34;1mZanadu shouts:[0m tell me if you are on your way, i'm picking it up now[0m
[16:29] [0m[34;1mNauda shouts:[0m Botlivesmatter![0m
[16:38] [0m[31;1m[Clan] Nix :[0m sigh... i could kill my dog[0m
[16:38] [0m[31;1m[Clan] Nix :[0m maybe[0m
[16:38] [0m[31;1m[Clan] Nix :[0m been really out of it the past 2-3 weeks, not eating, losing weight[0m
[16:38] [0m[31;1m[Clan] Nix :[0m went to the vet yesterday and they diagnosed him with lymes[0m
[16:39] [0m[31;1m[Clan] Nix :[0m did a blood test and urinalysis and his counts are out of whack, so the vet thinks[0m
[16:39] [0m             it could be an infection or worse[0m
[16:39] [0m[31;1m[Clan] Nix :[0m i go outside, and find all this trash and stuff in his shit.... little guy has had[0m
[16:39] [0m             me a wreck, and now i think he has some sort of a blockage and infection because of[0m
[16:39] [0m             it[0m
[16:40] [0m[Auction] Flaxen ( sii) : Spork de Lancie[0m
[16:40] [0m[31;1m[Clan] Nix :[0m and i don't mean a little bit, like lots of trash[0m
[16:41] [0m[37;1mAdalius flaps :[0m so, 2.5 hours in. any issues with coffins yet or can I go about my bidness?[0m
[16:41] [0m[37;1mAlassra flaps :[0m so far so good that I can see! :)[0m
[16:41] [0m[37;1mDaeth flaps :[0m you seem to be good to go:)[0m
[16:41] [0m[37;1mAlassra flaps :[0m (and thank you for the fix!)[0m
[16:41] [0m[37;1mAdalius flaps :[0m Wow. Much smoother rollout than last time :D[0m
[16:41] [0m[37;1mOrthas flaps :[0m looks good for me =)[0m
[16:41] [0m[37;1mZiphe flaps :[0m working fine[0m
[16:41] [0m[37;1mAdalius flaps :[0m All your guild inventory commands that show coffin stats are working too?[0m
[16:41] [0m[37;1mOrthas flaps :[0m yes[0m
[16:41] [0m[37;1mAlassra flaps :[0m works for me too[0m
[16:41] [0m[37;1mAdalius flaps :[0m *faint*[0m
[16:42] [0m[37;1mDaeth flaps :[0m didn't here anyone say "Help!! I'm stuck in my coffin and I can't get out" but[0m
[16:42] [0m              that may just be cause you know, they are stuck in the coffin.[0m
[16:42] [0m[37;1mTo flaps :[0m can we reset it to repair the plain corpse glitch you fixed?[0m
[16:42] [0m[37;1mAdalius flaps :[0m Sure can To, just need to relinquish and get a new one[0m
[16:42] [0m[37;1mRhyson flaps :[0m I was expecting the coffin to autoload a spork lance when you feed it enough?[0m
[16:42] [0m[37;1m[JEDI]:[0m Bithoff Jonansaan arrives at the Academy.[0m
[16:43] [0m[37;1mAdalius flaps :[0m Actually I think I fixed the preserved corpse thing, I didnt actually... test[0m
[16:43] [0m                it... since I'm not a necro. So... I'm presuming its working :D[0m
[16:59] [0m[31;1m[Clan] Decav enters the game.[0m  [0m
[17:01] [0m[37;1mAdalius flaps :[0m whee, we have our first morgue bug in the log[0m
[17:02] [0m[37;1mNix flaps :[0m the dead are coming back to life?[0m
[17:02] [0m[37;1mAdalius flaps :[0m nah, I forgot to update a function related to selling the coffin vs donating[0m
[17:03] [0m[37;1mDaeth flaps :[0m you can't donate from coffin still right?[0m
[17:03] [0m[37;1mGaidin flaps :[0m Ooh, that would be fun for the next update.  Combine coffins with the WWF belt[0m
[17:03] [0m               and a corpse randomly comes to life and attacks.[0m
[17:03] [0m[37;1mAdalius flaps :[0m You've been able to donate from the coffin for awhile now, but only the whole[0m
[17:03] [0m                coffin[0m
[17:03] [0m[37;1mDaeth flaps :[0m oh donate coffin works[0m
[17:03] [0m[37;1mDaeth flaps :[0m nog thought it wasn't working anymore[0m
[17:05] [0m[35;1mEcthelion [Jedi(23)]:[0m Hmmm... I'm starting to suspect that Dagon and Mother Hydra's scales both[0m
[17:05] [0m                      have negative mind protection[0m
[17:09] [0m[35;1mEcthelion [Jedi(23)]:[0m heh.. 50 coins for everything I picked up clearing ryleh.  Deflation sucks[0m
[17:12] [0m[35;1mEcthelion [Jedi(23)]:[0m Hmm.. Does RI sometimes heal overmax?[0m
[17:13] [0m[37;1m[JEDI]:[0m Rhaan arrives at the Academy.[0m
[17:15] [0m[35;1mEcthelion [Jedi(23)]:[0m Ohm nevermind.. I think my client hasn't caught uop so it keeps thinking[0m
[17:15] [0m                      I'm overmax[0m
[17:41] [0m[37;1m[JEDI]:[0m Ylenic It'kla arrives at the Academy.[0m
[17:51] [0m[34;1mZanadu shouts:[0m last chance to dupe mask tonight[0m
[17:51] [0m[34;1mZanadu shouts:[0m ss for 2 minutes[0m
[17:53] [0m[31;1m[Clan] Nik leaves the game.[0m  [0m
[17:54] [0m[31;1m[Clan] Yik enters the game.[0m  [0m
[18:04] [0m[34;1mKitt shouts:[0m Off with His Head![0m
[18:04] [0m[34;1mVerminous shouts:[0m No, not that head.[0m
[18:11] [0m[34;1mEllegon shouts:[0m Can I dupe axe when you get a chance? dupe finally reset :)[0m
[18:12] [0m[34;1mNightrider shouts:[0m Go Fish![0m
[18:14] [0m[37;1m[JEDI]:[0m Reena Bel Noir arrives at the Academy.[0m
[18:19] [0m[35;1mEcthelion [Jedi(23)]:[0m Can someone suggest a good spot with 20k-30k critters that are neutral or[0m
[18:19] [0m                      evil?[0m
[18:19] [0m[35;1mEcthelion [Jedi(23)]:[0m THe first level of UD hits just a tiny bit too hard[0m
[18:27] [0m[34;1mNauda shouts:[0m More PEWPEW, less QQ[0m
[18:31] [0m[37;1mEnder flaps :[0m heh rewatching chuck. This show makes me laugh.[0m
[18:31] [0m[37;1mDaeth flaps :[0m it was great the first time[0m
[18:32] [0m[37;1mDaeth flaps :[0m not sure if I could rewatch it though[0m
[18:32] [0m[37;1mHeffalump flaps :[0m haha chuck was awesome[0m
[18:37] [0m[31;1m[Clan] Yik leaves the game.[0m  [0m
[18:37] [0m[31;1m[Clan] Nik enters the game.[0m  [0m
[18:39] [0m[31;1m[Clan] Ser :[0m hmm[0m
[18:44] [0m[37;1m[JEDI]:[0m Herah Wylann arrives at the Academy.[0m
