- = LOG STARTED [00:00] = -
[07:33] [0mYou can currently reforge 10 items.[0m
[07:33] [0m[36m<BS> Zera :[0m Hi hi Dangerzone![0m
[07:34] [0m[36m<BS> Zera[0m waves at Prismal as well[0m
[07:34] [0m[36m<BS> Dangerzone :[0m hi Zera[0m
[07:34] [0m[36m<BS> Dangerzone :[0m hi Zera[0m
[07:39] [0mYou can currently reforge 12 items.[0m
[07:40] [0m[36m<BS> Zera :[0m How's it going?[0m
[07:58] [0m[31;1m[Clan] Elektra :[0m ouch[0m
[08:01] [0m[31;1m[Clan] Ser :[0m i really need to get 5 more points of dodge tho, got +3 from[0m
[08:01] [0m             rings[0m
[08:01] [0m[31;1m[Clan] Ser :[0m at 6/11 gemology too[0m
[08:01] [0m[31;1m[Clan] Ser :[0m lmao[0m
[08:01] [0m[31;1m[Clan] Elektra :[0m gemology?[0m
[08:03] [0m[31;1m[Clan] Ser :[0m decav and i were talking about staying at 92 and using the gxp[0m
[08:03] [0m             on skills[0m
[08:03] [0m[31;1m[Clan] Ser :[0m so i might play with that for a few days next boot maybe[0m
[08:04] [0m[31;1m[Clan] Ser :[0m i would have an extra 800mil gxp or so[0m
[08:06] [0m[31;1m[Clan] Antiochus :[0m you can lower your glvl by that much? laf[0m
[08:06] [0m[31;1m[Clan] Ser :[0m yeah reset puts it at 1[0m
[08:07] [0m[31;1m[Clan] Antiochus :[0m lol cool[0m
[08:09] [0m[31;1m[Clan] Wasp :[0m laf low on energy[0m
[08:09] [0m[31;1m[Clan] Wasp :[0m twiddle[0m
[08:21] [0m[37;1mTychicus flaps :[0m Normal? What's that?[0m
[08:21] [0m[34;1mHooligan shouts:[0m dont hate the botter hate the bot baby![0m
[08:25] [0m[37;1mEphemeral flaps :[0m anyone have location of event portal?[0m
[08:25] [0m[37;1mInquisitor flaps :[0m north of HK keep[0m
[08:25] [0m[37;1mEphemeral flaps :[0m thank you[0m
[08:27] [0m[37;1mTychicus flaps :[0m Pretty clouds, all full of showers to wash my neck![0m
[08:32] [0m[37;1m[JEDI]:[0m Janath Meelin arrives at the Academy.[0m
[08:37] [0m[31;1m[Clan] Martyr leaves the game.[0m  [0m
[08:52] [0m[37;1mNightrider flaps :[0m boobies needs hitters for beloch if you can help[0m
[08:53] [0m[35;1mEphemeral [Jedi(49)]:[0m woogoo![0m
[08:53] [0m[37;1mMurmandamus flaps :[0m nightrider isn't even at beloch[0m
[08:54] [0m[37;1mNightrider flaps :[0m not me never said me[0m
[08:54] [0m[31;1m[Clan] Elektra :[0m you enter the pod[0m
[08:55] [0m[37;1mNauda flaps :[0m no u[0m
[08:55] [0m[31;1m[Clan] Elektra :[0m woo[0m
[08:55] [0m[31;1m[Clan] Elektra :[0m first one here[0m
[08:55] [0m[37;1mNightrider flaps :[0m no Fool[0m
[08:55] [0m[37;1mNauda flaps :[0m no moo[0m
[08:58] [0m[31;1m[Clan] Elektra :[0m oh i guess i have the tag[0m
[08:58] [0m[31;1m[Clan] Decav enters the game.[0m  [0m
[09:01] [0m[31;1m[Clan] Elektra :[0m sigh another popped[0m
[09:01] [0m[31;1m[Clan] Elektra :[0m jsut too early[0m
[09:03] [0m[37;1m[JEDI]:[0m Reena Bel Noir arrives at the Academy.[0m
[09:06] [0m[Auction] Whoknows (prie) : booo[0m
[09:06] [0m[Auction] Nauda (necr) : boomoo[0m
[09:07] [0m[Auction] Space (necr) : auction at 12 coins is fair game for anyone to buy and use right?[0m
[09:07] [0m[Auction] Alassra (necr) : that's the rule I hear[0m
[09:07] [0m[31;1m[Clan] Antiochus :[0m Can somsone tank for me?[0m
[09:08] [0m[Auction] Echoloc (jugg) : please dont, my dupe isn't up and i would like to get a copy later :P[0m
[09:08] [0m[31;1m[Clan] Droptable :[0m ya if you wanna do chess[0m
[09:18] [0m[31;1m[Clan] Antiochus :[0m archi, any chance you can rally byron for me?[0m
[09:20] [0m[31;1m[Clan] Byron :[0m oh, i realized the form I want cmc in can't wear any fucking gear[0m
[09:20] [0m[31;1m[Clan] Elektra :[0m human form?[0m
[09:20] [0m[31;1m[Clan] Archimedes :[0m gorilla[0m
[09:21] [0m[31;1m[Clan] Elektra :[0m oh you are actually trying to exp, not gxp[0m
[09:21] [0m[31;1m[Clan] Antiochus :[0m nah, charoi[0m
[09:21] [0m[31;1m[Clan] Antiochus :[0m well, both[0m
[09:21] [0m[31;1m[Clan] Elektra :[0m dupe a string?[0m
[09:21] [0m[31;1m[Clan] Antiochus :[0m some forms i can get max gxp with[0m
[09:21] [0m[31;1m[Clan] Elektra :[0m can it wear greaves?  glazed can turn to greaves maybe?[0m
[09:21] [0m[31;1m[Clan] Antiochus :[0m nope[0m
[09:21] [0m[31;1m[Clan] Antiochus :[0m just an other heh[0m
[09:21] [0m[31;1m[Clan] Antiochus :[0m so I'm using headband/freeway now[0m
[09:21] [0m[31;1m[Clan] Elektra :[0m i can transmute it to other[0m
[09:21] [0m[31;1m[Clan] Antiochus :[0m hopefully thatll be enough[0m
[09:21] [0m[31;1m[Clan] Elektra :[0m but you lose ac[0m
[09:21] [0m[31;1m[Clan] Antiochus :[0m o thats true[0m
[09:21] [0m[31;1m[Clan] Antiochus :[0m I don't care about the ac really[0m
[09:21] [0m[31;1m[Clan] Elektra :[0m got it on you:?[0m
[09:22] [0m[31;1m[Clan] Elektra :[0m ok[0m
[09:22] [0m[31;1m[Clan] Antiochus :[0m in a sec[0m
[09:22] [0m[31;1m[Clan] Elektra :[0m one sec i'll get you[0m
[09:22] [0m[31;1m[Clan] Martyr enters the game.[0m  [0m
[09:22] [0m[31;1m[Clan] Oscar enters the game.[0m  [0m
[09:26] [0m[32mSeeker tells you:[0m can you mute a cmc for me please?[0m
[09:27] [0m[32mYou tell Seeker:[0m no clue[0m
[09:30] [0m[32mSeeker tells you:[0m do you have the colors to try?[0m
[09:38] [0mnewb Zera [bladesinger/55]: Does the Dragoon Prof give bonuses to spears as well as lances, or[0m
[09:38] [0m                            am I just not seeing the specialization for spears/polearms?[0m
[09:39] [0mnewb Ephemeral [jedi/108]: if you examine the weapon it should tell you what skill is needed[0m
[09:39] [0m[37;1m[JEDI]:[0m Herah Wylann arrives at the Academy.[0m
[09:39] [0mnewb Zera [bladesinger/55]: No, I understand that part.  I'm trying to figure out which[0m
[09:39] [0m                            specialization works with polearms[0m
[09:39] [0mnewb Simonz [jedi/135]: talking about profs not mskills[0m
[09:40] [0mnewb Simonz [jedi/135]: and yeah, no prof that I know of for polearm specialists.  if there was[0m
[09:40] [0m                        one I'd have to switch to it heh[0m
[09:41] [0mnewb Zera [bladesinger/55]: I idea'd it.[0m
[10:06] [0m[35;1mSeeker [Jedi(80)]:[0m woo[0m
[10:06] [0m[35;1mSeeker [Jedi(80)]:[0m need a teacher?[0m
[10:07] [0m[35;1mAkeshi [Jedi(31)]:[0m partying with ender, thanks[0m
[10:07] [0m[34;1mTex shouts:[0m resetting firebat if anyone wants to get there day 3 tag? im there now and going to[0m
[10:07] [0m            tank[0m
[10:08] [0m[37;1m[JEDI]:[0m Alyssa K'tal arrives at the Academy.[0m
[10:22] [0m[34;1mMurmandamus shouts:[0m I'm like Inigo Montoya played by Zac Efron, 17 Sword Again[0m
[10:35] [0m[31;1m[Clan] Timmy :[0m anyone free for some hits on beloch?[0m
[10:35] [0m[31;1m[Clan] Ser :[0m sure[0m
[10:35] [0m[31;1m[Clan] Timmy :[0m whee thanks[0m
[10:36] [0m[37;1mTimmy flaps :[0m anyone want to hit beloch?[0m
[10:36] [0m[37;1m[JEDI]:[0m Ylenic It'kla arrives at the Academy.[0m
[10:37] [0m[34;1mTimmy shouts:[0m come hit beloch[0m
[10:38] [0m[31;1m[Clan] Timmy :[0m come hit beloch and make timmy happy[0m
[10:49] [0m[31;1m[Clan] Elektra :[0m beloch dead i guess[0m
[10:49] [0m[31;1m[Clan] Elektra :[0m i assumed ser would whack it fast[0m
[10:49] [0m[31;1m[Clan] Timmy :[0m it dead, thanks ser :)[0m
[11:03] [0m[37;1m[JEDI]:[0m Wennic Ber'ni'lok arrives at the Academy.[0m
[11:30] [0m[31;1m[Clan] Antiochus :[0m By the end of the five-day bash, dubbed the “Redneck Rave,” one man had[0m
[11:30] [0m                   been impaled, one woman had been strangled to the point of unconsciousness,[0m
[11:30] [0m                   and one throat had been slit.[0m
[11:30] [0m[31;1m[Clan] Antiochus :[0m lol[0m
[11:30] [0m[37;1mAntiochus flaps :[0m By the end of the five-day bash, dubbed the “Redneck Rave,” one man had[0m
[11:30] [0m                  been impaled, one woman had been strangled to the point of unconsciousness,[0m
[11:30] [0m                  and one throat had been slit.[0m
[11:30] [0m[37;1mAntiochus flaps :[0m omp goals[0m
[11:32] [0m[37;1m[JEDI]:[0m Talia Ska arrives at the Academy.[0m
[11:37] [0m[37;1mSimonz flaps :[0m heh, I just got a spam text asking me to call my senator to tell them to end the[0m
[11:37] [0m               filibuster.  My response?  "No, die. (TM Twist)"[0m
[11:59] [0m[37;1mMaverik flaps :[0m belated laf, (tm) Twist - love it[0m
[12:00] [0m[37;1m[JEDI]:[0m H'ssani C'talan arrives at the Academy.[0m
[12:10] [0m[35;1mDardar [Jedi(37)]:[0m woooo[0m
[12:12] [0m[35;1mSimonz [Jedi(Master)]:[0m nice![0m
[12:12] [0m[34;1mDrax shouts:[0m Nice![0m
[12:12] [0m[34;1mArchimedes shouts:[0m Woo![0m
[12:12] [0m[34;1mTychicus shouts:[0m Spikey level[0m
[12:12] [0m[37;1mAntiochus <.oO>:[0m HELLO FELLOW KIDS[0m
[12:13] [0m[31;1m[Clan] Antiochus :[0m Now the 2nd biggest sii level :D[0m
[12:13] [0m[31;1m[Clan] Saim :[0m glor is over there too, which is nice[0m
[12:15] [0m[37;1mNightbreed <.oO>:[0m nice![0m
[12:18] [0m[31;1m[Clan] Antiochus :[0m Apparently glorfy's wife got really sick, so he's been taking care of her[0m
[12:19] [0m[37;1mAlazar flaps :[0m skies are clapping overhead, angels bowling, someone's getting alot of strikes[0m
[12:26] [0m[32mAlazar tells you:[0m This is my first thunderstorm                               [0m
[12:26] [0m[37;1mAlazar flaps :[0m hold me, i'm scurred[0m
[12:26] [0m[37;1mAlassra flaps :[0m Quick!  Hide under a tree![0m
[12:27] [0m[37;1mHooligan flaps :[0m And the thunder rolls....[0m
[12:28] [0m[37;1m[JEDI]:[0m Kerran Halcyon arrives at the Academy.[0m
[15:38] [0mYou can currently reforge 12 items.[0m
[15:39] [0mYou can currently reforge 12 items.[0m
[15:46] [0mYou can currently reforge 12 items.[0m
[15:49] [0m[36m<BS> Zera :[0m What was that other regen staff to look for, later, after the[0m
[15:49] [0m            Staff of Nature?[0m
[15:50] [0mEcholoc <.oO>: booom[0m
[15:50] [0mNightbreed <.oO>: boo-yah[0m
[15:51] [0m[36m<BS> Xiu :[0m hmm amulet of war or greenstone amulet, orange balangool gear if[0m
[15:51] [0m           you have a char who can run their section z, blue terra tree[0m
[15:51] [0m           rings if you likewise can run that dungeon but i don't know much[0m
[15:51] [0m           about the scalers on those[0m
[15:52] [0m[36m<BS> Zera :[0m I mean, wasn't there another weapon that was like SoN but[0m
[15:52] [0m            better?[0m
[15:53] [0m[36m<BS> Zera :[0m Where does greenstone amulet drop?[0m
[15:53] [0m[36m<BS> Xiu :[0m there are a lot of sp healing weapons it's mostly a matter of do[0m
[15:53] [0m           you have duplicate item and/or how much drop hunting do you want[0m
[15:53] [0m           to do.[0m
[15:53] [0m[36m<BS> Zera :[0m Ah, gotcha[0m
[15:53] [0m[36m<BS> Zera :[0m meanwhile, SoN is relatively easy to farm in runed elven gear[0m
[15:54] [0m[36m<BS> Xiu :[0m greenstone is from a little forest clearing out east of wayhaven,[0m
[15:54] [0m           a dryad there will sometimes have one she's like 250k[0m
[15:55] [0m[36m<BS> Xiu :[0m there's a cool weapon that just got added which i'm working on,[0m
[15:55] [0m           need to be able to kill a 600k or so mob that blocks the path to[0m
[15:55] [0m           it tho[0m
[15:55] [0m[36m<BS> Zera :[0m Oh wow[0m
[15:56] [0m[36m<BS> Zera :[0m Biggest thing I've killed, so far, was 83k[0m
[15:56] [0m[36m<BS> Xiu :[0m yeah the top end of the monster scale has gotten bigger and[0m
[15:56] [0m           bigger, time was long ago you couldn't have killed an 83k mob[0m
[15:56] [0m           because the biggest a mob could be was 65k heh[0m
[15:56] [0m[34;1mSimonz shouts:[0m WITCHES!!!  We used to do it on broomsticks with demons. [0m
[15:56] [0m               Then we did it in the garden with hoes.  Now we do it in[0m
[15:56] [0m               other guilds. =/[0m
[15:57] [0m[34;1mLykan shouts:[0m witch charm me now plz![0m
[15:57] [0m[34;1mInquisitor shouts:[0m ME!  I may have been drunk during a VAF sale.  I too do[0m
[15:57] [0m                   it in lots of guilds.  Dang it.[0m
[15:57] [0m[34;1mSimonz shouts:[0m 4 670sp charms @ CoT, ping me in 1999![0m
[16:00] [0m[36m<BS> Zera :[0m I need to go eat dinner, now.  If I idle too long, will it log[0m
[16:00] [0m            me out or ld me instead?[0m
[16:13] [0m[36m<BS> Zokko :[0m 2 hours i believe[0m
[16:54] [0m[34;1mMurmandamus shouts:[0m I'm going, going... back, back, to Cali, Cali![0m
[16:54] [0m[34;1mDardar shouts:[0m bye bye[0m
[16:55] [0m[37;1mZzyyxx flaps :[0m ordered chineese at lunch, driver said they could deliver it[0m
[16:55] [0m               to the office but never did, so I got a refund, and it was[0m
[16:55] [0m               sitting outside when I got home, should I trust it?[0m
[16:56] [0m[37;1mEphemeral flaps :[0m how long and outside temp?[0m
[16:56] [0m[37;1mLykan flaps :[0m but enough about your delivery job...[0m
[16:56] [0m[37;1mZzyyxx flaps :[0m durr, corrected out important part: accidentally gave home[0m
[16:56] [0m               address, but called to ask if they should change/cancel[0m
[16:56] [0m[37;1mGaidin flaps :[0m Throw it in the microwave for a minute[0m
[16:56] [0m[37;1mZzyyxx flaps :[0m 4 hours at like 80 degrees...[0m
[16:56] [0m[37;1mDardar flaps :[0m yah. Nuke it for 5[0m
[16:56] [0m[37;1mHaste flaps :[0m dangerzone.[0m
[16:56] [0m[37;1mGaidin flaps :[0m Not much that can harm you will survive that[0m
[16:56] [0m[37;1mHaste flaps :[0m toss it.[0m
[16:57] [0m[37;1mEphemeral flaps :[0m yeah. it's fine as long as it's been left alone and the[0m
[16:57] [0m                  ants didnt get it[0m
[16:57] [0m[37;1mDardar flaps :[0m the big question is... How hungry are you[0m
[16:57] [0m[37;1mRaest flaps :[0m is it real chinese or north american chinese food?[0m
[16:57] [0m[37;1mZzyyxx flaps :[0m north american[0m
[16:57] [0m[37;1mRaest flaps :[0m the volume of MSG in should keep the bacteria away for 3-5[0m
[16:57] [0m              days in the sun[0m
[16:58] [0m[37;1mVolt flaps :[0m i'm fairly certain that's less time than the lunch buffet sits[0m
[16:58] [0m[37;1mGaidin flaps :[0m That's not how MSG works....[0m
[16:58] [0m[37;1mZzyyxx flaps :[0m primarily concerned about the rice[0m
[16:58] [0m[37;1mKirin flaps :[0m being 'outside' is unlikely to cause any actual problems with[0m
[16:58] [0m              food for a single day, I would be more concerned with someone[0m
[16:58] [0m              tampering with it than just temp/time[0m
[16:58] [0m[37;1mRaest flaps :[0m botulism never killed anybody[0m
[16:59] [0m[37;1mZzyyxx flaps :[0m good point Kirin[0m
[16:59] [0m[37;1mHaste flaps :[0m bacteria can double in as little as 20m when left in the[0m
[16:59] [0m              dqngerzone between 40 and 140F. in two hours, it can be[0m
[16:59] [0m              dangerous to eat[0m
[16:59] [0m[37;1mVolt flaps :[0m inject some into your lips, and see if they puff up.  easy test[0m
[17:00] [0m[37;1mHaste flaps :[0m its cool, ill rez you. eat it.[0m
[17:00] [0m[37;1mZzyyxx flaps :[0m I am just going to have the vegetables and toss the rest[0m
[17:00] [0m[36m<BS> Xiu :[0m myril2 gloves and helm in[0m
[17:01] [0m[37;1mAlazar flaps :[0m yeah don't do it[0m
[17:01] [0m[37;1mGaidin flaps :[0m The vegetables are the most likely to have harmful bacteria[0m
[17:01] [0m               growth...[0m
[17:01] [0m[37;1mRaest flaps :[0m not even the vegtables, they don't contain meat[0m
[17:01] [0m[37;1mHaste flaps :[0m nods, veggies dont grow bacteria. (sarcmarc). report back when[0m
[17:01] [0m              your bottom looks like a baby's face eating speghetti[0m
[17:01] [0m[37;1mGaidin flaps :[0m Eat the fried bits, they're likely safe.[0m
[17:02] [0m[37;1mRaest flaps :[0m he got a refund.  pitch it all[0m
[17:03] [0m[37;1mKirin flaps :[0m can always just microwave it for a couple minutes if it's a[0m
[17:03] [0m              real concern[0m
[17:03] [0m[37;1mNameless flaps :[0m after a long night out at the club, my bottom always looks[0m
[17:03] [0m                 like a babys face eating spaghett[0m
[17:03] [0m[37;1mZzyyxx flaps :[0m I had a bite and it's kinda mushy just from sitting, kind of[0m
[17:03] [0m               dish that's best served immediately, just chucked it, boba is[0m
[17:03] [0m               probably safe though, ice melted but still cold and it was[0m
[17:03] [0m               sealed.[0m
[17:04] [0m[37;1mRaest flaps :[0m first off, no one should drink 'gelatin balls'[0m
[17:04] [0m[37;1mZzyyxx flaps :[0m *tapioca* balls[0m
[17:04] [0m[37;1mCaeli flaps :[0m Thinking about eating food that's been out for hours makes me[0m
[17:04] [0m              want to hurl[0m
[17:04] [0m[37;1mRaest flaps :[0m whatever[0m
[17:05] [0m[37;1mZzyyxx flaps :[0m and is it still eating if you suck them through a straw and[0m
[17:05] [0m               swallow without chewing?[0m
[17:05] [0m[37;1mRaest flaps :[0m out is generally ok, out in the sun keeping it in the[0m
[17:05] [0m              dangerzone isn't[0m
[17:05] [0m[37;1mNameless flaps :[0m i regularly leave out meat overnight just to punish my[0m
[17:05] [0m                 belly[0m
[17:05] [0m[37;1mRaest flaps :[0m name of your sex tape?[0m
[17:05] [0m[32mRevelation says: [0mHey Stelari, can you draw a dragon?  I want to see your[0m
[17:05] [0m       skills of an artist.[0m
[17:05] [0m[37;1mRaest flaps :[0m meant for zzyyxx, but worked for both of ya[0m
[17:05] [0m[37;1mNameless flaps :[0m i too am an enjoyer of brooklyn nine nine[0m
[17:05] [0m[32mStelari says: A dragon?  That's easy.  Feel free to follow along with[0m
[17:05] [0;32m       my simple step-by-step instructions.  I make drawing FUN![0m[0m
[17:05] [0m[32mStelari says: [0mFirst, we draw an 'S' for snake...or dragon...[0m
[17:06] [0m[37m                        ---- [0m
[17:06] [0;37m                       / [0m
[17:06] [0;37m                      / [0m
[17:06] [0;37m                     / [0m
[17:06] [0;37m                    / [0m
[17:06] [0;37m                    | [0m
[17:06] [0;37m                    | [0m
[17:06] [0;37m                    \ [0m
[17:06] [0;37m                     \ [0m
[17:06] [0;37m                      \ [0m
[17:06] [0;37m                       \ [0m
[17:06] [0;37m                        \ [0m
[17:06] [0;37m                        | [0m
[17:06] [0;37m                        | [0m
[17:06] [0;37m                        / [0m
[17:06] [0;37m                       / [0m
[17:06] [0;37m                 -----/ [0m
[17:06] [0m[32mStelari says: [0mThen, draw a second, more different, 'S'[0m
[17:06] [0m[37m                        ---- [0m
[17:06] [0;37m                       / [0m
[17:06] [0;37m                      /  --- [0m
[17:06] [0;37m                     /  / [0m
[17:06] [0;37m                    /  / [0m
[17:06] [0;37m                    |  | [0m
[17:06] [0;37m                    |  | [0m
[17:06] [0;37m                    \  \ [0m
[17:06] [0;37m                     \  \ [0m
[17:06] [0;37m                      \  \ [0m
[17:06] [0;37m                       \  \ [0m
[17:06] [0;37m                        \  \ [0m
[17:06] [0;37m                        |  | [0m
[17:06] [0;37m                        |  | [0m
[17:06] [0;37m                        /  / [0m
[17:06] [0;37m                       /  / [0m
[17:06] [0;37m                 -----/__/   [0m
[17:06] [0m[32mStelari says: [0mThen we fill in the head at the top real good...[0m
[17:06] [0m[34;1mTychicus shouts:[0m TROGDOR!!![0m
[17:06] [0m[37m                               .V. [0m
[17:06] [0;37m                        ----------O [0m
[17:06] [0;37m                       /      ____| [0m
[17:06] [0;37m                      /  ---  \___ [0m
[17:06] [0;37m                     /  /   \_____| [0m
[17:06] [0;37m                    /  / [0m
[17:06] [0;37m                    |  | [0m
[17:06] [0;37m                    |  | [0m
[17:06] [0;37m                    \  \ [0m
[17:06] [0;37m                     \  \ [0m
[17:06] [0;37m                      \  \ [0m
[17:06] [0;37m                       \  \ [0m
[17:06] [0;37m                        \  \ [0m
[17:06] [0;37m                        |  | [0m
[17:06] [0;37m                        |  | [0m
[17:06] [0;37m                        /  / [0m
[17:06] [0;37m                       /  / [0m
[17:06] [0;37m                 -----/__/ [0m
[17:06] [0m[32mStelari says: [0mAnd give him some wings...[0m
[17:06] [0m[37m              ______ [0m
[17:06] [0;37m             /      \          .V. [0m
[17:06] [0;37m            / /  | \ \  ----------O [0m
[17:06] [0;37m            \/\/\/\/\ \/      ____| [0m
[17:06] [0;37m                     \   ---  \___ [0m
[17:06] [0;37m                     /  /   \_____| [0m
[17:06] [0;37m                    /  / [0m
[17:06] [0;37m                    |  | [0m
[17:06] [0;37m                    |  | [0m
[17:06] [0;37m                    \  \ [0m
[17:06] [0;37m                     \  \ [0m
[17:06] [0;37m                      \  \ [0m
[17:06] [0;37m                       \  \ [0m
[17:06] [0;37m                        \  \ [0m
[17:06] [0;37m                        |  | [0m
[17:06] [0;37m                        |  | [0m
[17:06] [0;37m                        /  / [0m
[17:06] [0;37m                       /  / [0m
[17:06] [0;37m                 -----/__/ [0m
[17:06] [0m[32mStelari says: [0mFill in the mouth with consumate 'V's[0m
[17:06] [0m[37;1mElektra flaps :[0m heh[0m
[17:06] [0m[37m              ______ [0m
[17:06] [0;37m             /      \          .V. [0m
[17:06] [0;37m            / /  | \ \  ----------O [0m
[17:06] [0;37m            \/\/\/\/\ \/      /\/\/ [0m
[17:06] [0;37m                     \   ---  \/\/\ [0m
[17:06] [0;37m                     /  /   \_____| [0m
[17:06] [0;37m                    /  / [0m
[17:06] [0;37m                    |  | [0m
[17:06] [0;37m                    |  | [0m
[17:06] [0;37m                    \  \ [0m
[17:06] [0;37m                     \  \ [0m
[17:06] [0;37m                      \  \ [0m
[17:06] [0;37m                       \  \ [0m
[17:06] [0;37m                        \  \ [0m
[17:06] [0;37m                        |  | [0m
[17:06] [0;37m                        |  | [0m
[17:06] [0;37m                        /  / [0m
[17:06] [0;37m                       /  / [0m
[17:06] [0;37m                 -----/__/ [0m
[17:06] [0m[32mStelari says: [0mAnd maybe put a beefy arm on there...[0m
[17:06] [0m[34;1mVolt shouts:[0m woooooo!!!!  burninate the countryside[0m
[17:06] [0m[37;1mHaste flaps :[0m great show.[0m
[17:06] [0m[32mStelari says: [0mOh yeah, that looks really good coming out of the back[0m
[17:06] [0m       of his neck there.[0m
[17:06] [0m[34;1mDardar shouts:[0m stop burning my bot's code processor[0m
[17:06] [0m[34;1mTeerex shouts:[0m Umm....[0m
[17:06] [0m[37m              ______                            [0m
[17:06] [0;37m             /      \         .V.     /----\   Arrgghh! [0m
[17:06] [0;37m            / /  | \ \  ----------O  / /   /  0 [0m
[17:06] [0;37m            \/\/\/\/\ \/      /\/\/ / / /  \ -+-  [0m
[17:06] [0;37m                     \   ---  \/\/\ \ \ \  /  | [0m
[17:06] [0;37m                     /  /   \_____|  \ \   \  M [0m
[17:06] [0;37m                    /  /              \----/  [0m
[17:06] [0;37m                    |  | [0m
[17:06] [0;37m                    |  | [0m
[17:06] [0;37m                ----   \ [0m
[17:06] [0;37m               /  ----  \ [0m
[17:06] [0;37m              / )/__  \  \ [0m
[17:06] [0;37m             (____( \  \  \ [0m
[17:06] [0;37m                  /||\  \  \              The [0m
[17:06] [0;37m                        |  |      --- |\ /\ /\ |\ /\ |\ [0m
[17:06] [0;37m                        |  |       |  |/ || |_ || || |/ [0m
[17:06] [0;37m                        /  /       |  |\ \/ \/ |/ \/ |\ [0m
[17:06] [0;37m                       /  /            Burninator! [0m
[17:06] [0;37m                 -----/__/ [0m
[17:06] [0;37m                      |  | [0m
[17:06] [0;37m                      |  |__ [0m
[17:06] [0;37m                       \__ [0m
[17:06] [0m[34;1mNameless shouts:[0m THATCHED ROOF COTTAGES[0m
[17:07] [0m[34;1mRaest shouts:[0m wooot![0m
[17:07] [0m[34;1mSally shouts:[0m but he logged out 4 years ago[0m
[17:09] [0m[34;1mTychicus shouts:[0m burninate the countryside, burninate the peasants, there[0m
[17:09] [0m                 are no more peasants[0m
[17:12] [0m[37;1mZzyyxx flaps :[0m also: I changed directions (~14 minutes further away) and[0m
[17:12] [0m               offered to add a $20 to my tip 8 minutes before the order was[0m
[17:12] [0m               picked up, Grubhub confirmed they got the change (however[0m
[17:12] [0m               they do that), called driver to x2 check and they said they[0m
[17:12] [0m               would just deliver it to the house, Grubhub trid to call them[0m
[17:12] [0m               and they wouldn't pick up, so Grubhub canceled/refunded the[0m
[17:12] [0m               order... am I the a-hole?[0m
[17:14] [0m[37;1mSally flaps :[0m TROGDOR https://www.youtube.com/watch?v=90X5NJleYJQ   sfw[0m
[17:14] [0m[37;1mHaste flaps :[0m yes, but only for using Grubhub in the first place.[0m
[17:14] [0m[37;1mZzyyxx flaps :[0m fair[0m
[17:20] [0m[37;1mCaeli flaps :[0m Y'all wish me luck. I'm about to line up my third house for[0m
[17:20] [0m              cleaning..[0m
[17:21] [0m[37;1mTchazzar flaps :[0m Good luck.[0m
[17:21] [0m[37;1mDardar flaps :[0m gluck[0m
[17:21] [0m[37;1mZzyyxx flaps :[0m as in cleaning your third house? or as in you will be[0m
[17:21] [0m               cleaning 3 houses today?[0m
[17:21] [0m[37;1mZzyyxx flaps :[0m b/c one of those means I want some of your luck.[0m
[17:22] [0m[37;1mCaeli flaps :[0m I'm trying to start my own house cleaning business so this wil[0m
[17:22] [0m              be my third client.[0m
[17:25] [0m[37;1mZzyyxx flaps :[0m oh, definitely need it then, good luck![0m
[17:29] [0m[37;1mCaeli flaps :[0m My dad still want me to go "volunteer" with the TSA. Sorry[0m
[17:29] [0m              dad, don't feel like risking my ife because someone gets[0m
[17:29] [0m              pissed I asked them towear a mask.[0m
[17:31] [0m[37;1mZzyyxx flaps :[0m volunteer as in unpaid?  For security theater?[0m
[17:33] [0m[37;1mSquirrel flaps :[0m if you missed your day3 tag, I gotta keal it[0m
[17:34] [0m[37;1mSquirrel flaps :[0m should be dead within 5mins[0m
[17:37] [0m[37;1mCaeli flaps :[0m That's why I put it in quotes.[0m
[17:41] [0m[37;1mDardar flaps :[0m 'Get vaccinated or I'll arrest you and inject it in your[0m
[17:41] [0m               butt' says President Duterte of the Philippines[0m
[17:41] [0m[37;1mRaest flaps :[0m he's a weird one[0m
[17:42] [0m[37;1mRaest flaps :[0m on one hand he turned over his presidental fleet of[0m
[17:42] [0m              helicopters/limos to be used as ambulances but then he gives[0m
[17:42] [0m              the police a free hand with drug dealers/users[0m
[17:42] [0m[37;1mNightbreed flaps :[0m UV light works better, so ive heard[0m
[17:47] [0m[37;1mZzyyxx flaps :[0m well that's weird... someone else just spotted a guy in the[0m
[17:47] [0m               back yard looking in through windows for the second time and[0m
[17:47] [0m               he claimed to be with the census when confronted...[0m
[17:47] [0m[37;1mRaest flaps :[0m confront him with a 9mm and ask for his identification[0m
[17:47] [0m[37;1mZzyyxx flaps :[0m someone else = tenant in the room closest to the back door.[0m
[17:47] [0m[37;1mDardar flaps :[0m it's the delivery guy from earlier attempting to redeliver to[0m
[17:47] [0m               the new address[0m
[17:47] [0m[37;1mRaest flaps :[0m aren't you american or something?[0m
[17:47] [0m[37;1mZzyyxx flaps :[0m yeah, but upstate NY, not Texas.[0m
[17:48] [0m[37;1mEcholoc flaps :[0m pretty sure that isn't how they roll... they dont count[0m
[17:48] [0m                people, they knock and ask :P[0m
[20:49] [0m[37;1mAlazar flaps :[0m so if you have an idea or a want, post it constructively, and who knows, maybe[0m
[20:49] [0m               after 30yrs things might change[0m
[20:50] [0m[37;1mElektra flaps :[0m Flix "The Movies that Made Us", episode on Die Hard is worth watching.[0m
[20:54] [0m[37;1mZzyyxx flaps :[0m I though I was too busy so I didn't bother much with questing and exploring, even[0m
[20:54] [0m               though I loved the idea of becoming a wizard someday, now I have a literal job as[0m
[20:54] [0m               a programmer, but we are literally months behind a deadline, so I really don't[0m
[20:54] [0m               have the time for that.[0m
[20:54] [0m[37;1mTychicus flaps :[0m Wizzing is overrated.[0m
[20:54] [0m[37;1mAntiochus flaps :[0m You'll always be months behind some deadline[0m
[20:55] [0m[37;1mAntiochus flaps :[0m Wizmenow :D[0m
[20:55] [0m[37;1mDardar flaps :[0m I'm not working late. You're expecting early[0m
[20:55] [0m[37;1mTychicus flaps :[0m You must work 6 shifts in a row.[0m
[20:56] [0m[37;1mDardar flaps :[0m my lunch breaks are 12 hour long, just FYI[0m
[20:56] [0m[37;1mTychicus flaps :[0m No lunch break![0m
[20:56] [0m[37;1mZzyyxx flaps :[0m some deadlines are more important than others, I kept getting involved in[0m
[20:56] [0m               production on behalf of our vendors so that our company could get paid, so at[0m
[20:56] [0m               this point I am only about 75% done with a re-code we wanted ready by the time[0m
[20:56] [0m               support was dropped for flash at the end of 2020.[0m
[20:57] [0m[37;1mDardar flaps :[0m flash. Aaaaaaaah[0m
[20:57] [0m[37;1mMisha flaps :[0m Zzyyxx coded the mud client on the 3k.org page[0m
[20:58] [0m[37;1mMisha flaps :[0m it is secret[0m
[20:58] [0m[37;1mRaest flaps :[0m my schooling that i finished was totally unprepared for the end of flash[0m
[20:58] [0m[31;1m[Clan] Roken :[0m 2x roh cbox[0m
[20:58] [0m[37;1mZzyyxx flaps :[0m I wish I coded Portal, then I could make a few quality of life upgrades to it.[0m
[20:58] [0m[37;1mFujitsu flaps :[0m open source[0m
[20:59] [0m[37;1mZzyyxx flaps :[0m <-- lazy and overworked ;p[0m
[20:59] [0m[37;1mMisha flaps :[0m kind of open source, you need a 600$ library[0m
[20:59] [0m[37;1mMisha flaps :[0m I tried to compile it and confirmed the requirement[0m
[20:59] [0m[37;1mMisha flaps :[0m I don't know if I'm remembering the cost correctly but it was significant[0m
[21:02] [0m[37;1mElektra flaps :[0m oo, lenovo is making a wireless laptop charger.[0m
[21:04] [0m[37;1mEcholoc flaps :[0m there is going to be a wire somewhere :)[0m
[21:05] [0m[37;1mElektra flaps :[0m 3.6 billion missing in bitcoins in south africa....[0m
[21:05] [0m[37;1mAlassra flaps :[0m lol[0m
[21:05] [0m[37;1mEcholoc flaps :[0m and if you have to plug in the item that the laptop is sitting on.. you really[0m
[21:05] [0m                didn't gain anything[0m
[21:05] [0m[37;1mDardar flaps :[0m someone had to pay for the water wells[0m
[21:06] [0m[37;1mEcholoc flaps :[0m thought the point of emoney was the idea it could be tracked and who owns it is[0m
[21:06] [0m                written down :P[0m
[21:06] [0m[37;1mTychicus flaps :[0m I know a guy...pigs are good at destroying the evidence.[0m
[21:06] [0m[37;1mEcholoc flaps :[0m this coin belongs to thses 500000000000 people :P[0m
[21:07] [0m[35;1mTychicus [Jedi(40)]:[0m Murphy's Fourth Law: If there is a possibility that several things can go[0m
[21:07] [0m                     wrong, then the one that will cause the greatest damage will be the one to[0m
[21:07] [0m                     go wrong.[0m
[21:09] [0m[37;1mTychicus flaps :[0m I heard a rumor...[0m
[21:17] [0m[37;1mTychicus flaps :[0m Master Taco![0m
[21:17] [0m[37;1mTychicus flaps :[0m Paco the Master Taco[0m
[21:26] [0m[37;1m[JEDI]:[0m Rhaan arrives at the Academy.[0m
[21:27] [0m[37;1mTychicus flaps :[0m When can I prestige into an even more powerful jedi?[0m
[21:38] [0m[37;1mSquirrel flaps :[0m anyone wanna help with beloch?[0m
[21:50] [0m[37;1m[JEDI]:[0m Kerran Halcyon arrives at the Academy.[0m
[21:50] [0m[31;1m[Clan] Elektra :[0m msg 4. :)[0m
[21:52] [0m[31;1m[Clan] Antiochus :[0m nice[0m
[21:54] [0m[31;1m[Clan] Nameless :[0m oh[0m
[21:54] [0m[31;1m[Clan] Nameless :[0m do you want me to dupe bear still anti?[0m
[21:57] [0m[31;1m[Clan] Ser :[0m anyone for paul2[0m
[21:57] [0m[31;1m[Clan] Elektra :[0m sure[0m
[21:57] [0m[37;1mSer flaps :[0m paul2 anyone need 4[0m
[21:57] [0m[31;1m[Clan] Antiochus :[0m Oh I duped one[0m
[21:57] [0m[31;1m[Clan] Antiochus :[0m ty though[0m
[21:57] [0m[31;1m[Clan] Antiochus :[0m space had a nobindy[0m
[21:57] [0m[37;1mSer flaps :[0m 3[0m
[21:57] [0m[37;1mNauda flaps :[0m 3.1415926[0m
[21:58] [0m[37;1mSer flaps :[0m 2.5[0m
[21:59] [0m[31;1m[Clan] Ser :[0m archi/xaro/nameless any chance at a quick paul[0m
[22:00] [0m[31;1m[Clan] Archimedes :[0m Sure[0m
[22:00] [0m[31;1m[Clan] Archimedes :[0m Let us know when to start gathering.[0m
[22:00] [0m[37;1mSer flaps :[0m we got enough, tv is at da void[0m
[22:00] [0m[31;1m[Clan] Nameless :[0m oh yea[0m
[22:01] [0m[37;1mSer flaps :[0m plz make your way there in an orderly fashion[0m
[22:01] [0m[31;1m[Clan] Nameless :[0m ill hop in[0m
[22:02] [0m[37;1mElektra flaps :[0m tug for port[0m
[22:02] [0m[37;1mSer flaps :[0m (to paul)[0m
[22:02] [0m[37;1mElektra flaps :[0m to UK[0m
[22:02] [0m[37;1mNameless flaps :[0m do not pass go do not collect 200 redaxes[0m
[22:05] [0m[31;1m[Clan] Elektra :[0m ya'll want ports?[0m
[22:05] [0m[31;1m[Clan] Archimedes :[0m Yes[0m
[22:11] [0m[34;1mNameless shouts:[0m I AM MR NIMBUS[0m
[22:11] [0m[34;1mSquirrel shouts:[0m you control the cops?!?[0m
[22:17] [0m[37;1m[JEDI]:[0m Ylenic It'kla arrives at the Academy.[0m
[22:29] [0m[31;1m[Clan] Meatloaf enters the game.[0m  [0m
[22:30] [0m[31;1m[Clan] Karvec enters the game.[0m  [0m
[22:39] [0m[37;1mKarvec flaps :[0m thanks again all for ez pz paul squeezie[0m
[22:39] [0m<- ! The Vigilant ! -> :  A destabilization Kayos event has been detected in Deserts of Fantasy![0m
[22:39] [0m                          We are localizing it now - get ready![0m
[22:39] [0m[37;1mMaverik flaps :[0m aww jeah[0m
[22:43] [0m[37;1m[JEDI]:[0m Tobias Kel'ach'nar arrives at the Academy.[0m
[22:58] [0m[31;1m[Clan] Nameless :[0m s w o m p[0m
[23:00] [0m[31;1m[Clan] Roken :[0m sorry to be anti social[0m
[23:01] [0m[31;1m[Clan] Roken :[0m id like my zelligar's headband for bsinger char[0m
[23:01] [0m[31;1m[Clan] Roken :[0m anyone to rally at fantasy?[0m
[23:01] [0m[31;1m[Clan] Nameless :[0m oh sure[0m
[23:01] [0m[33;1m[PARTY][0m Lost our leader![0m
[23:01] [0m[33;1m[PARTY][0m Nameless joins the party.[0m
[23:01] [0mYou can currently reforge 10 items.[0m
[23:02] [0m[32mYou say:[0m hi[0m
[23:02] [0m[33;1m[PARTY][0m Dangerzone joins the party.[0m
[23:02] [0m[33;1m[PARTY][0m Nameless has quit the party.[0m
[23:02] [0m[31;1m[Clan] Dangerzone :[0m thanks nameless[0m
[23:02] [0m[31;1m[Clan] Nameless :[0m no prob[0m
[23:02] [0mYou can currently reforge 10 items.[0m
[23:14] [0mYou can currently reforge 12 items.[0m
