- = LOG STARTED [00:00] = -
[00:01] [0m[31;1m[Clan] Nameless :[0m well that was a kinda waste of a visit[0m
[00:01] [0m[31;1m[Clan] Sock :[0m didn't sheathe the sword?[0m
[00:01] [0m[31;1m[Clan] Nameless :[0m nawp[0m
[00:01] [0m[31;1m[Clan] Nameless :[0m and came back home early, gf had some sorta weird allergic reaction or[0m
[00:01] [0m                  something[0m
[00:02] [0m[31;1m[Clan] Nameless :[0m not quite medcheck worthy yet at least but her face ended up all puffy and was[0m
[00:02] [0m                  some gnarly nausea going on so kinda hope its nothing bad[0m
[00:04] [0m[31;1m[Clan] Nameless :[0m was sorta panicky that something was off and i was gonna get broken up with or[0m
[00:04] [0m                  something, but physical symptoms manifesting and her otherwise being[0m
[00:04] [0m                  reassuring (i also offered to go home since she was uncomfortabl eand would[0m
[00:04] [0m                  have to tend to baby throughout night anyway so... i dunno. weird headspace i[0m
[00:04] [0m                  guess[0m
[00:06] [0m[31;1m[Clan] Sock :[0m wanna get high[0m
[00:08] [0m[31;1m[Clan] Nameless :[0m haha i wish[0m
[00:10] [0mMaverik <Craft>: hmm was there a way to break things tinto dust?[0m
[00:10] [0mNameless <Craft>: prospect[0m
[00:10] [0mMaverik <Craft>: like an amethyst into amethyst dust?[0m
[00:10] [0mNameless <Craft>: have to have the proper enchanting level for that tho i think[0m
[00:10] [0mNameless <Craft>: oh[0m
[00:11] [0mNameless <Craft>: unknown on that[0m
[00:11] [0mMaverik <Craft>: i thought there was a way[0m
[00:11] [0mMaverik <Craft>: kina like shatter[0m
[00:12] [0mMaverik <Craft>: help shatter[0m
[00:12] [0mKirin <Craft>: you can generally transmute things to other things of that tier with transmuter,[0m
[00:12] [0m               otherwise no[0m
[00:12] [0mMaverik <Craft>: hmm k[0m
[00:13] [0m[37;1m[JEDI]:[0m Herah Wylann arrives at the Academy.[0m
[00:14] [0m[31;1m[Clan] Sock :[0m looking for 50mil coin donations so i can get 14 glevels[0m
[00:14] [0m[31;1m[Clan] Sock :[0m <3[0m
[00:16] [0m[31;1m[Clan] Sock :[0m i probably have enough gxp saved for it too[0m
[00:17] [0m[31;1m[Clan] Akir :[0m coins for glevels?[0m
[00:18] [0m[31;1m[Clan] Sock :[0m coins for bailout cuz i'm lazy and dont want to do other quests[0m
[00:18] [0m[31;1m[Clan] Nameless :[0m grin[0m
[00:18] [0m[31;1m[Clan] Nameless :[0m quests arent bad![0m
[00:18] [0m[31;1m[Clan] Nameless :[0m well some arent[0m
[00:19] [0m[31;1m[Clan] Nameless :[0m i should finish keylon at some point[0m
[00:19] [0m[31;1m[Clan] Nameless :[0m think the only easy one i havent done that i should have done is waldo. that[0m
[00:19] [0m                  one is my bane[0m
[00:25] [0m[31;1m[Clan] Nameless :[0m laziness though is my main reason for not doing more on keylon. or durskaen,[0m
[00:25] [0m                  but that one is troublesome[0m
[00:26] [0m[37;1mWhoknows flaps :[0m mental harmonizing stimulator?[0m
[00:26] [0m[37;1mDin flaps :[0m sii i think[0m
[00:26] [0m[37;1mNameless flaps :[0m i think thats sii[0m
[00:28] [0m[37;1mNameless flaps :[0m yeah, its their decent one i gues[0m
[00:35] [0m[37;1mCaeli flaps :[0m FARKFARKFARKING FARKITY FARK!!!!!!  I HATEE cockroaches!!!![0m
[00:36] [0m[37;1mDeln flaps :[0m might i suggest watchign "Joe's Appartment" for a more nuanced view on the lives of[0m
[00:36] [0m             roaches.[0m
[00:37] [0m[37;1mCaeli flaps :[0m I stomped it, tried to pick it up with a plastic bag to flush it and it fell on y[0m
[00:37] [0m              clothes!!!!!!![0m
[00:37] [0m[37;1mFluffy flaps :[0m pull out the torch[0m
[00:38] [0m[37;1mKagour flaps :[0m its worse when they start dropping off the ceiling[0m
[00:38] [0m[37;1mKagour flaps :[0m its worse when they start dropping off the ceiling[0m
[00:38] [0m[37;1mCaeli flaps :[0m I'm abut to!!!![0m
[00:38] [0m[37;1mCaeli flaps :[0m These MF'ers FLY!!!!!!!!!!![0m
[00:40] [0m[37;1mCaeli flaps :[0m I have trauma from when I was like 5-6 and one flew at me and landed in my hair at[0m
[00:40] [0m              my grandparent's.[0m
[00:41] [0m[37;1m[JEDI]:[0m H'ssani C'talan arrives at the Academy.[0m
[00:44] [0m[37;1mCaeli flaps :[0m My SO is making fun of me now despite this is the first time in 6.5 years I've[0m
[00:44] [0m              asked him to dispose of a bug for me.[0m
[00:46] [0m[37;1mEllegon flaps :[0m he killed a small pest? or he's getting rid of your drop-pistol because you shot[0m
[00:46] [0m                someone?[0m
[00:47] [0m[37;1mCaeli flaps :[0m about a 3 inch cockroach[0m
[00:48] [0m[37;1mCaeli flaps :[0m After I stomped it, ground it under my shoe, picked it up and it somehow got on my[0m
[00:48] [0m              clothes.[0m
[00:48] [0m[37;1mEllegon flaps :[0m I wish there was a small deringer called a cockroach, we could have kept the[0m
[00:48] [0m                ambiguity going.[0m
[00:48] [0m[37;1mCaeli flaps :[0m After I shucked everything I was wearing, I smooshed it again with a sock on my[0m
[00:48] [0m              hand[0m
[00:48] [0m[37;1mEllegon flaps :[0m WHAT? he's teasing because of that? You did all the murder, he's on cleanup.[0m
[00:48] [0m[37;1mCaeli flaps :[0m And it KEPMOVING!!!!!!![0m
[00:49] [0m[37;1mEllegon flaps :[0m oh, you did that? ok, yeah, I'd laugh it up too.[0m
[00:49] [0m[37;1mKagour flaps :[0m they like ticks, squishing doesnt work, pinch them between 2 fingernails[0m
[00:50] [0m[37;1mCaeli flaps :[0m It's head was attached by a fiber. I've killed and disposed of EVERY SINGLE bug in[0m
[00:50] [0m              6.5 years before this.[0m
[00:52] [0m[37;1mEllegon flaps :[0m they're vulnerable to fire[0m
[00:52] [0m[37;1mCaeli flaps :[0m I quit smoking, I don't have a lighter[0m
[00:53] [0m[37;1mEllegon flaps :[0m you don't smoke lighters. Its a tool. that makes fire... to kill cockroaches.[0m
[00:53] [0m[37;1mWhoknows flaps :[0m also great for igniting the mist from a can of hairspray[0m
[00:53] [0m[37;1mCaeli flaps :[0m I have no use for them anymore. I only had lighters to make fire to light cigs.[0m
[00:54] [0m[37;1mWhoknows flaps :[0m lots of use for a lighter, light tinder for bbq, campfire, fireplace, candles..[0m
[00:54] [0m[34;1mRynn shouts:[0m lol[0m
[00:54] [0m[37;1mWhoknows flaps :[0m opening beer bottles..[0m
[00:55] [0m[37;1mCaeli flaps :[0m I have a bottle opener for that[0m
[00:56] [0m[37;1mCaeli flaps :[0m I live where it gets "freezing" maybe a whole month of the year at a time......Not[0m
[00:56] [0m              in a row.[0m
[00:57] [0m[37;1mCaeli flaps :[0m I don't have a grill, don't go camping and have very few candles atm.[0m
[00:57] [0m[37;1mEllegon flaps :[0m bbq for food, campfire for awesomeness, candles for light, fire is good for more[0m
[00:57] [0m                things than just warmth :)[0m
[00:58] [0m[37;1mCaeli flaps :[0m I know that. I LOVE candles, especially scented ones. I don't have the extra[0m
[00:58] [0m              income for them[0m
[00:59] [0m[37;1mCaeli flaps :[0m BBQ is not a main food source for me and camping would also require extra income.[0m
[01:03] [0m[37;1mInix flaps :[0m Camping requires no income, it's literally going homeless for a while.[0m
[01:03] [0m[37;1mInix flaps :[0m I mean...camping in comfort, on the other hand, is a different story[0m
[01:04] [0m[37;1mRaest flaps :[0m you should look at the cost of campsite rentals[0m
[01:04] [0m[37;1mInix flaps :[0m Who rents a campsite?[0m
[01:04] [0m[37;1mZokko flaps :[0m thats called Glamping[0m
[01:04] [0m[37;1mKagour flaps :[0m law abiders?[0m
[01:04] [0m[37;1mRaest flaps :[0m in Sask you either rent a campsite or you're camping in a wheat field[0m
[01:05] [0m[37;1mWhoknows flaps :[0m most state sites, and some federal sites have a nominal fee for camping[0m
[01:05] [0m[37;1mWhoknows flaps :[0m something like $2-$5[0m
[01:05] [0m[37;1m[JEDI]:[0m Talia Ska arrives at the Academy.[0m
[01:05] [0m[37;1mKagour flaps :[0m but we can pay a flat rate for the parks cant we raest?[0m
[01:05] [0m[37;1mInix flaps :[0m Any national forest, you can just park off the road, and camp anywhere in the[0m
[01:05] [0m             forest.  I think the rule is be at least 100 or 200 feet away from the road.[0m
[01:06] [0m[37;1mInix flaps :[0m (in the states, sorry Sask I dunno Canadian laws)[0m
[01:06] [0m[37;1mKagour flaps :[0m not even supposed to be in the park without paying[0m
[01:06] [0m[37;1mRaest flaps :[0m in canada you can only camp in approved campgrounds.[0m
[01:07] [0m[37;1mRaest flaps :[0m in canada we protect the wilderness here.[0m
[01:07] [0m[37;1mInix flaps :[0m So answer to my original answer, glampers and Canadians.  Got it :)[0m
[01:07] [0m[37;1mInix flaps :[0m Camping doesn't go against protecting the wilderness.  Littering, etc, is still[0m
[01:07] [0m             against the rules.[0m
[01:08] [0m[37;1mInix flaps :[0m And fires aren't allowed if there's a burn ban on, etc.[0m
[01:09] [0m[37;1mNameless <.oO>:[0m lordy[0m
[01:09] [0m[37;1mRaest <.oO>:[0m someone's 40?[0m
[01:09] [0m[37;1mLocrian flaps :[0m the advised rule is to camp no closer than 200 feet from the water. i haven't[0m
[01:09] [0m                heard about a rule for road.[0m
[01:10] [0m[37;1mKagour flaps :[0m but in the usa, you can just camp in an underpass[0m
[01:10] [0m[37;1mFluffy flaps :[0m hobo style![0m
[01:11] [0m[37;1mAurian flaps :[0m til the police get there anyway[0m
[01:11] [0m[37;1mKagour flaps :[0m america has homeless citys, as does any country without a decent welfare[0m
[01:11] [0m[37;1mInix flaps :[0m 100' from stream or other water source, looking at fs.usda.gov[0m
[01:12] [0m[37;1mRaest flaps :[0m further in Louisiana during hurricane season[0m
[01:13] [0m[37;1mKagour flaps :[0m remeber that dude in regina, living under the underpass by ipsco, till the teens[0m
[01:13] [0m               though itd be cool to set him on fire?[0m
[01:13] [0m[37;1mInix flaps :[0m To prevent resource damage please keep your campsite within 150 feet from a[0m
[01:13] [0m             roadway.[0m
[01:13] [0m[37;1mAurian flaps :[0m jesus[0m
[01:14] [0m[37;1mCaeli flaps :[0m ANYWAY, let's  steer the topic away from camping and that....[0m
[01:14] [0m[37;1mLocrian flaps :[0m good to know. thanks inix.[0m
[01:14] [0m[37;1mInix flaps :[0m Nah, camping is fun.[0m
[01:14] [0m[37;1mRaest flaps :[0m let's talk about my large dong?[0m
[01:14] [0m[37;1mAurian flaps :[0m Supposedly a homeless man set our overpass on fire and collapsed the overpass[0m
[01:14] [0m               last year[0m
[01:14] [0m[37;1mAurian flaps :[0m that royally sucked[0m
[01:14] [0m[37;1mAurian flaps :[0m absolutley no one euys that story though[0m
[01:14] [0m[37;1mNameless flaps :[0m the glizzy hut junior[0m
[01:14] [0m[37;1mSissy flaps :[0m light a homeless man on fire, he is warm for the rest of his life[0m
[01:15] [0m[37;1mKagour flaps :[0m for sure, camping is great, gotta do some this summer[0m
[01:15] [0m[37;1mNameless flaps :[0m theres a joke in there about not a good idea to burn ones bridges[0m
[01:15] [0m[37;1mKagour flaps :[0m in fairness, they set his "home" on fire, i believe thry didnt realise he was in[0m
[01:15] [0m               there[0m
[01:16] [0m[37;1mAurian flaps :[0m yeah it royally sucked[0m
[01:16] [0m[37;1mAurian flaps :[0m ATL traffic is already bad enough[0m
[01:17] [0m[37;1mTimmy flaps :[0m i just spent the weekend hiking in the north of england, lovely days, 15f[0m
[01:17] [0m              overnight wasn't much fun[0m
[01:17] [0m[37;1mTimmy flaps :[0m https://imgur.com/a/A0pgXKP[0m
[01:17] [0m[37;1mKagour flaps :[0m i like my towns rush hour, oh, you can see 5 vehicles moving at thr same time[0m
[01:17] [0m[37;1mCaeli flaps :[0m A friend of mine was found in Florida on the FT after hiking the AT.....It's not a[0m
[01:17] [0m              great subject for me ATM[0m
[01:17] [0m[37;1mAurian flaps :[0m lol thats awesome[0m
[01:17] [0m[37;1mRaest flaps :[0m is there that many running vehicles there?[0m
[01:18] [0m[37;1mDin flaps :[0m how many are being pulled by oxen?[0m
[01:18] [0m[31;1m[Clan] Sock :[0m just upgraded enhances to +7[0m
[01:18] [0m[37;1mKagour flaps :[0m 1 or 2 :)[0m
[01:18] [0m[37;1mLocrian flaps :[0m wow, timmy!!![0m
[01:18] [0m[37;1mInix flaps :[0m Nice shots Timmy[0m
[01:18] [0m[31;1m[Clan] Nameless :[0m woo[0m
[01:18] [0m[37;1mAurian flaps :[0m the 5 cars that is..[0m
[01:18] [0m[31;1m[Clan] Sock :[0m i can still glevel a time or 3[0m
[01:18] [0m[31;1m[Clan] Sock :[0m but i already burned thru all my qp :([0m
[01:18] [0m[31;1m[Clan] Nameless :[0m heh[0m
[01:18] [0m[31;1m[Clan] Sock :[0m next![0m
[01:18] [0m[31;1m[Clan] Nameless :[0m if i had any party quests left id offer[0m
[01:19] [0m[31;1m[Clan] Nameless :[0m 271 rounds to solo qoh[0m
[01:19] [0m[31;1m[Clan] Nameless :[0m jeeze i suck[0m
[01:19] [0m[31;1m[Clan] Akir :[0m more than Prism!!!![0m
[01:19] [0m[37;1mKagour flaps :[0m what i dont get, people keeping cars alive from the 80s, you can buy something[0m
[01:19] [0m               from 2000 cheaper then the parts[0m
[01:19] [0m[31;1m[Clan] Sock :[0m wait lemme enhance rings[0m
[01:19] [0m[31;1m[Clan] Akir :[0m er less rounds than Prism[0m
[01:19] [0m[31;1m[Clan] Akir :[0m Prism is a baddie[0m
[01:19] [0m[31;1m[Clan] Nameless :[0m hehe[0m
[01:20] [0m[31;1m[Clan] Nameless :[0m wrangler, swimming, appraisal[0m
[08:10] [0m[37;1m[JEDI]:[0m Tobias Kel'ach'nar arrives at the Academy.[0m
[08:24] [0m[31;1m[Clan] Wasp :[0m wc100 spork in box[0m
[08:24] [0m[31;1m[Clan] Wasp :[0m dd can hone those to 100 fyi[0m
[08:24] [0m[31;1m[Clan] Nix :[0m ooo[0m
[08:24] [0m[31;1m[Clan] Wasp :[0m idling for an hour for gym[0m
[08:24] [0m[31;1m[Clan] Wasp :[0m want a hone now?[0m
[08:37] [0m[31;1m[Clan] Landshark leaves the game.[0m  [0m
[08:37] [0m[31;1m[Clan] Nine leaves the game.[0m  [0m
[08:42] [0m[37;1m[JEDI]:[0m Rhaan arrives at the Academy.[0m
[08:44] [0m[31;1m[Clan] Nameless :[0m slurp[0m
[09:02] [0m[34;1mZiphe shouts:[0m duh![0m
[09:02] [0m[34;1mKenny shouts:[0m duh[0m
[09:02] [0m[34;1mMurmandamus shouts:[0m UH.... DUH[0m
[09:02] [0m[34;1mNauda shouts:[0m in a bit[0m
[09:02] [0m[34;1mNightrider shouts:[0m Moo![0m
[09:17] [0m[37;1m[JEDI]:[0m H'ssani C'talan arrives at the Academy.[0m
[09:30] [0m[31;1m[Clan] Ser :[0m hmm[0m
[09:31] [0m[31;1m[Clan] Ser :[0m sfill surprised i managed to kill cancer/cur yesterday[0m
[09:31] [0m[31;1m[Clan] Nameless :[0m laf, impressive[0m
[09:31] [0m[31;1m[Clan] Ser :[0m elektra helped w cur[0m
[09:32] [0m[31;1m[Clan] Ser :[0m he has a lot of hp for being a 13.6mil or w/e[0m
[09:32] [0m[31;1m[Clan] Ser :[0m didnt even screencap it sigh[0m
[09:33] [0m[31;1m[Clan] Ser :[0m anyone 4 terra?[0m
[09:41] [0m[31;1m[Clan] Nameless :[0m sure[0m
[09:41] [0m[31;1m[Clan] Nameless :[0m oh i am s l o w[0m
[09:45] [0mYou can currently reforge 9 items.[0m
[09:46] [0m[37;1m[JEDI]:[0m Ylenic It'kla arrives at the Academy.[0m
[09:47] [0m[32mGuard says: [0mOne day it will be ME making movies.[0m
[09:47] [0m[32mGuard says: [0mOne day it will be ME making movies.[0m
[09:49] [0m[32mGuard says: [0mI *HATE* this ridiculous hat.[0m
[09:49] [0m[32mGuard says: [0mThis is in my contract, this hat...ain't my fashion, jes sayin.[0m
[09:49] [0m[32mGuard says: [0mThis is in my contract, this hat...ain't my fashion, jes sayin.[0m
[09:49] [0m[32mGuard says: [0mI *HATE* this ridiculous hat.[0m
[09:49] [0m[32mGuard says: [0mI *HATE* this ridiculous hat.[0m
[09:49] [0m[32mGuard says: [0mI *HATE* this ridiculous hat.[0m
[09:49] [0m[32mGuard says: [0mThis is in my contract, this hat...ain't my fashion, jes sayin.[0m
[09:49] [0m[32mGuard says: [0mOne day it will be ME making movies.[0m
[09:49] [0m[32mGuard says: [0mOne day it will be ME making movies.[0m
[09:49] [0m[32mGuard says: [0mI *HATE* this ridiculous hat.[0m
[09:50] [0m[32mGuard says: [0mThis is in my contract, this hat...ain't my fashion, jes sayin.[0m
[09:50] [0m[32mGuard says: [0mI *HATE* this ridiculous hat.[0m
[09:50] [0m[32mGuard says: [0mOne day it will be ME making movies.[0m
[09:50] [0m[32mGuard says: [0mThis is in my contract, this hat...ain't my fashion, jes sayin.[0m
[09:50] [0m[32mGuard says: [0mOne day it will be ME making movies.[0m
[09:50] [0m[32mGuard says: [0mOne day it will be ME making movies.[0m
[09:50] [0m[32mGuard says: [0mOne day it will be ME making movies.[0m
[09:50] [0m[32mGuard says: [0mOne day it will be ME making movies.[0m
[09:50] [0m[32mGuard says: [0mOne day it will be ME making movies.[0m
[09:50] [0m[32mGuard says: [0mOne day it will be ME making movies.[0m
[09:50] [0m[32mGuard says: [0mOne day it will be ME making movies.[0m
[09:50] [0m[32mGuard says: [0mOne day it will be ME making movies.[0m
[09:50] [0m[32mGuard says: [0mOne day it will be ME making movies.[0m
[09:50] [0m[32mGuard says: [0mOne day it will be ME making movies.[0m
[09:50] [0m[32mGuard says: [0mOne day it will be ME making movies.[0m
[09:51] [0m[32mGuard says: [0mOne day it will be ME making movies.[0m
[09:51] [0m[32mGuard says: [0mOne day it will be ME making movies.[0m
[09:51] [0m[32mGuard says: [0mOne day it will be ME making movies.[0m
[09:51] [0m[32mGuard says: [0mOne day it will be ME making movies.[0m
[09:51] [0m[32mGuard says: [0mOne day it will be ME making movies.[0m
[09:51] [0m[32mGuard says: [0mOne day it will be ME making movies.[0m
[09:51] [0m[32mGuard says: [0mOne day it will be ME making movies.[0m
[09:51] [0m[32mGuard says: [0mOne day it will be ME making movies.[0m
[09:51] [0m[32mGuard says: [0mOne day it will be ME making movies.[0m
[09:51] [0m[32mGuard says: [0mOne day it will be ME making movies.[0m
[09:51] [0m[32mGuard says: [0mOne day it will be ME making movies.[0m
[09:51] [0m[32mGuard says: [0mOne day it will be ME making movies.[0m
[09:51] [0m[32mGuard says: [0mOne day it will be ME making movies.[0m
[09:51] [0m[32mGuard says: [0mOne day it will be ME making movies.[0m
[09:51] [0m[32mGuard says: [0mOne day it will be ME making movies.[0m
[09:51] [0m[32mGuard says: [0mOne day it will be ME making movies.[0m
[09:52] [0m[32mGuard says: [0mOne day it will be ME making movies.[0m
[09:52] [0m[32mGuard says: [0mOne day it will be ME making movies.[0m
[09:52] [0m[32mGuard says: [0mOne day it will be ME making movies.[0m
[09:52] [0m[32mGuard says: [0mOne day it will be ME making movies.[0m
[09:52] [0m[32mGuard says: [0mOne day it will be ME making movies.[0m
[09:52] [0m[32mGuard says: [0mOne day it will be ME making movies.[0m
[09:52] [0m[32mGuard says: [0mOne day it will be ME making movies.[0m
[09:52] [0m[32mGuard says: [0mOne day it will be ME making movies.[0m
[09:52] [0m[32mGuard says: [0mOne day it will be ME making movies.[0m
[09:53] [0m[32mGuard says: [0mOne day it will be ME making movies.[0m
[09:53] [0m[32mGuard says: [0mOne day it will be ME making movies.[0m
[09:53] [0m[32mGuard says: [0mOne day it will be ME making movies.[0m
[09:53] [0m[32mGuard says: [0mOne day it will be ME making movies.[0m
[09:53] [0m[32mGuard says: [0mOne day it will be ME making movies.[0m
[09:53] [0m[32mGuard says: [0mOne day it will be ME making movies.[0m
[09:54] [0m[34;1mRaest shouts:[0m no[0m
[09:54] [0m[32mGuard says: [0mOne day it will be ME making movies.[0m
[09:54] [0m[34;1mMugen shouts:[0m I just watched that, it was not as terrible as i imagined it had to be for like[0m
[09:54] [0m              the 3rd reboot[0m
[09:54] [0m[32mGuard says: [0mOne day it will be ME making movies.[0m
[09:55] [0m[34;1mNauda shouts:[0m watched what?[0m
[09:55] [0m[34;1mMugen shouts:[0m the new mortal kombat[0m
[09:56] [0m[32mNed says:[0m I'm gonna kill you doodly-dead!                                  [0m
[09:57] [0m[32mNed says:[0m I'm gonna kill you doodly-dead!                                  [0m
[09:58] [0m[32mNed says:[0m I'm gonna kill you doodly-dead!                                  [0m
[09:58] [0m[32mNed says:[0m I'm gonna kill you doodly-dead!                                  [0m
[09:59] [0m[32mNed says:[0m I'm gonna kill you doodly-dead!                                  [0m
[09:59] [0m[34;1mGuru shouts:[0m Was Kitana or Mileena (sp?) in it?[0m
[09:59] [0m[34;1mKagour shouts:[0m milenna is[0m
[10:00] [0m[32mNed says:[0m I'm gonna kill you doodly-dead!                                  [0m
[10:00] [0m[34;1mTurnhold shouts:[0m Mileena, and did it very well. Not over the top.[0m
[10:00] [0m[34;1mMugen shouts:[0m kitana has fans, mileena has sais[0m
[10:00] [0m[34;1mKagour shouts:[0m the reptilian was cool[0m
[10:00] [0m[32mNed says:[0m I'm gonna kill you doodly-dead!                                  [0m
[10:01] [0m[34;1mKagour shouts:[0m secret boss from mortal kombat 1[0m
[10:01] [0m[32mNed says:[0m I'm gonna kill you doodly-dead!                                  [0m
[10:01] [0m[34;1mTurnhold shouts:[0m Kano was my favorite from the movie. Perfect casting. Great acting.[0m
[10:02] [0m[34;1mAlassra shouts:[0m I heard good things about Kano from the movie.[0m
[10:02] [0m[34;1mKagour shouts:[0m about kano, or his acting cause umm...[0m
[10:02] [0m[34;1mBenek shouts:[0m i liked the pale skinny police woman who armbarred someone. so realistic.[0m
[10:03] [0m[34;1mMugen shouts:[0m Im still not sure if the main charachter is a playable charachter in any of the[0m
[10:03] [0m              games?[0m
[10:03] [0m[34;1mTurnhold shouts:[0m Same. no clue who he was supposed to be:/[0m
[10:04] [0m[34;1mKagour shouts:[0m i haven't seen him in game[0m
[10:04] [0m[34;1mKagour shouts:[0m maybe setting up the next game?[0m
[10:04] [0m[34;1mKagour shouts:[0m they clearly setup another movie[0m
[10:04] [0m[32mSelma says: [0mAin't nothing like wearing a dress with no undies.[0m
[10:05] [0m[34;1mMugen shouts:[0m everyone does that now, always leave room for a sequel if the first one does well[0m
[10:05] [0mYou can currently reforge 9 items.[0m
[10:08] [0m[37;1m[JEDI]:[0m Kerran Halcyon arrives at the Academy.[0m
[10:09] [0mYou can currently reforge 9 items.[0m
[10:09] [0m[31;1m[Clan] Ser :[0m hmmmmmmmmmmmmmm[0m
[10:09] [0m[31;1m[Clan] Nameless :[0m sitting at treehouse entrance if you wanna still do that[0m
[10:10] [0m[31;1m[Clan] Ser :[0m lemme run tacos rf[0m
[10:10] [0m # Item[0m
[10:10] [0m[31;1m[Clan] Ser :[0m i need 2 smears still[0m
[10:10] [0m[31;1m[Clan] Nameless :[0m i can do that as well i suppose[0m
[10:13] [0mYou can currently reforge 5 items.[0m
[10:16] [0m[31;1m[Clan] Ser :[0m i just need a cheese and a sour cream[0m
[10:20] [0m[31;1m[Clan] Ser :[0m i can 1-round smurfs at 111[0m
[10:21] [0m[31;1m[Clan] Ser :[0m smurf-eaters still take 2 rounds[0m
[10:21] [0m[31;1m[Clan] Ser :[0m need to finish maxing whirlwind[0m
[10:22] [0m[31;1m[Clan] Nameless :[0m heh[0m
[10:22] [0m Value   | Item[0m
[10:26] [0m[31;1m[Clan] Ser :[0m still in tacos?[0m
[10:28] [0mnewb Vara [adventurer/9]: Where do I find the bank?[0m
[10:28] [0mnewb Whoknows [priest/135]: 2n of cot[0m
[10:29] [0m[31;1m[Clan] Nameless :[0m yeah[0m
[10:29] [0m[31;1m[Clan] Nameless :[0m manual kills but they take long enough i get bored and go[0m
[10:29] [0m                  idle[0m
[10:29] [0m[31;1m[Clan] Ser :[0m i finished smurfs and am on level 3 of aegis[0m
[10:30] [0m[31;1m[Clan] Nameless :[0m i might just do the two works and call it quits, i dont[0m
[10:30] [0m                  ever bother with smears anymore[0m
[10:30] [0m[31;1m[Clan] Nameless :[0m but figured id try to get them so you can have em[0m
[10:30] [0mnewb Whoknows [priest/135]: 2 north of center of town, or w n n of cancer[0m
[10:30] [0m                            shop[0m
[10:31] [0mnewb Kagour [juggernaut/121]: dmap pinc will help too[0m
[10:35] [0m[31;1m[Clan] Nameless :[0m boo, wedge and packet[0m
[10:37] [0m[31;1m[Clan] Wasp :[0m fuck[0m
[10:37] [0m[31;1m[Clan] Wasp :[0m paid a lot of 8hr idle limit[0m
[10:37] [0m[31;1m[Clan] Nameless :[0m anyone want either of those?[0m
[10:37] [0m[31;1m[Clan] Wasp :[0m and my reforges don't reset when i idle[0m
[10:37] [0m[31;1m[Clan] Wasp :[0m i'm good name[0m
[10:38] [0m[31;1m[Clan] Wasp :[0m packet is my fav, but i already did acid on katana[0m
[10:38] [0m[31;1m[Clan] Nameless :[0m ahh nod[0m
[10:38] [0m[31;1m[Clan] Wasp :[0m well i guess I'll idle some more while i jump in the shower[0m
[10:38] [0m[31;1m[Clan] Wasp :[0m then let's do a few short-run secz?[0m
[10:38] [0m[31;1m[Clan] Wasp :[0m maybe 4?  get evreyone their items[0m
[10:38] [0m[31;1m[Clan] Nameless :[0m ah nod[0m
[10:38] [0m[31;1m[Clan] Wasp :[0m i'll have about 4 hours until golf[0m
[10:38] [0m[31;1m[Clan] Wasp :[0m 5 hrs from now[0m
[10:39] [0m[31;1m[Clan] Nameless :[0m 3.8 hrs til dupe up[0m
[10:39] [0m[31;1m[Clan] Nameless :[0m byrons free dupeage helped speed up my clock a lot so ill[0m
[10:39] [0m                  have some extras this boot i think[0m
[10:40] [0m[31;1m[Clan] Ser :[0m haha got my mats picker-upper working[0m
[10:40] [0m[31;1m[Clan] Nameless :[0m gonna run carnegie and some other donate stuff til we[0m
[10:40] [0m                  group up for somethin[0m
[10:40] [0m[31;1m[Clan] Nameless :[0m ooo yay[0m
[10:40] [0m[31;1m[Clan] Ser :[0m let me grab these crafting mats[0m
[10:41] [0m[31;1m[Clan] Ser :[0m someone left a bunch in aegis[0m
[10:41] [0m[31;1m[Clan] Nameless :[0m free loots![0m
[10:41] [0m[31;1m[Clan] Ser :[0m yeah i need legendaries if i wanna make gems[0m
[10:42] [0m[31;1m[Clan] Ser :[0m debating the boot after next, may 12...  my gf is moving in w/[0m
[10:42] [0m             me[0m
[10:42] [0m[31;1m[Clan] Ser :[0m for a few months[0m
[10:42] [0m[31;1m[Clan] Nameless :[0m oo![0m
[10:42] [0m[31;1m[Clan] Ser :[0m i dont even know if i'll be on :P[0m
[10:42] [0m[31;1m[Clan] Nameless :[0m haha[0m
[10:43] [0m[31;1m[Clan] Nameless :[0m sounds like a positive move though, hopefully[0m
[10:43] [0m[31;1m[Clan] Ser :[0m i honestly dunno how i feel about it, gonna have to clean my[0m
[10:43] [0m             act up[0m
[10:43] [0m[31;1m[Clan] Nameless :[0m true[0m
[10:44] [0m[34;1mWhoknows shouts:[0m lies[0m
[10:44] [0m[31;1m[Clan] Nameless :[0m aside from my odd living situation i know id be semi leery[0m
[10:44] [0m                  of moving in with another partner[0m
[10:45] [0m[31;1m[Clan] Ser :[0m i guess i'll replace helmet[0m
[10:51] [0m[31;1m[Clan] Nameless :[0m heelmoot[0m
[10:54] [0mYou can currently reforge 9 items.[0m
[10:54] [0mGuru <Craft>: Congratulations[0m
[10:55] [0m[31;1m[Clan] Wasp :[0m ok[0m
[10:56] [0m[31;1m[Clan] Nameless :[0m def gonna get nine up to slide size this boot[0m
[10:56] [0m[31;1m[Clan] Nameless :[0m maybe to 111 too but[0m
[10:58] [0m[31;1m[Clan] Deathduck enters the game.[0m  [0m
[11:02] [0m[31;1m[Clan] Wasp :[0m argh[0m
[11:02] [0m[31;1m[Clan] Wasp :[0m blew up my major gem[0m
[11:03] [0m[32mYou tell Killergate:[0m hey sexy, do ya have the Axe of Red light district?[0m
[11:03] [0m[32mKillergate tells you:[0m youre making me uncomfortable![0m
[11:03] [0m[37;1mNightrider flaps :[0m murmandamus tells you ill go down after this run. i bet you will big boy[0m
[11:04] [0m[32mKillergate tells you:[0m meet ss in 1 min[0m
[11:04] [0m[31;1m[Clan] Wasp :[0m oo, clvl[0m
[11:05] [0m[32mYou tell Killergate:[0m i try[0m
[11:05] [0m[37;1mHex flaps :[0m enter the dank catacombs by going down hard[0m
[11:06] [0m[37;1mElektra flaps :[0m rofl[0m
[11:06] [0m[32;1mFrom afar, Killergate tips his hat to you.[0m[0m
[11:06] [0m[32mYou tell Killergate:[0m thanks bb[0m
[11:06] [0m[37;1mBliss flaps :[0m laf[0m
[11:06] [0m[34;1mAlassra shouts:[0m someone's really jonsing for capsules[0m
[11:06] [0m[34;1mMurmandamus shouts:[0m PILLZ HERE[0m
[11:06] [0m[37;1mSylph flaps :[0m dunno where i was storing that...[0m
[11:06] [0m[34;1mSpace shouts:[0m woo[0m
[11:06] [0m[34;1mElminster shouts:[0m Noice![0m
[11:06] [0m[34;1mMelly shouts:[0m so weird[0m
[11:06] [0m[34;1mGuru shouts:[0m thanks guys. That gave me the energy I needed.[0m
[11:07] [0mYou can currently reforge 9 items.[0m
[11:07] [0m[31;1m[Clan] Elektra :[0m ok[0m
[11:07] [0m[32mAmarul says: [0mWell met, Swordbrother Dangerzone, it is good to see you once more.[0m
[11:07] [0m[31;1m[Clan] Elektra :[0m ready to rock?[0m
[11:07] [0m[32mAmarul says: [0mWell met, Swordbrother Dangerzone, it is good to see you once more.[0m
[11:07] [0m[31;1m[Clan] Ser :[0m i'm ready to die[0m
[11:10] [0m[31;1m[Clan] Ser :[0m wanna do a resume from 40 run for a piece of gear?  then i[0m
[11:10] [0m             gotta re-run from 0[0m
[11:11] [0m[31;1m[Clan] Ser :[0m after i finish terra ofc[0m
[11:11] [0m[31;1m[Clan] Elektra :[0m yes[0m
[11:11] [0m[31;1m[Clan] Elektra :[0m 4x[0m
[11:11] [0m[31;1m[Clan] Elektra :[0m and then a full run tonight[0m
[11:11] [0m[31;1m[Clan] Elektra :[0m i have 4 short runs available[0m
[11:11] [0m[31;1m[Clan] Ser :[0m i have 2[0m
[11:11] [0m[31;1m[Clan] Elektra :[0m ah, ok, then 1 40 then 1 0[0m
[11:11] [0m[31;1m[Clan] Ser :[0m err 1[0m
[11:11] [0m[31;1m[Clan] Elektra :[0m we'll see how far we get[0m
[11:11] [0m[31;1m[Clan] Ser :[0m lol[0m
[11:11] [0m[31;1m[Clan] Elektra :[0m let's try scaler 141 to see if we get +19 stats or extra ac[0m
[11:12] [0m[31;1m[Clan] Elektra :[0m and how much longer it takes if any[0m
[11:12] [0mYou can currently reforge 0 items.[0m
[11:14] [0m[31;1m[Clan] Ser :[0m still surprised we made it last night[0m
[11:14] [0m[31;1m[Clan] Nix :[0m yea[0m
[11:14] [0m[31;1m[Clan] Nix :[0m sick timing[0m
[11:14] [0m[31;1m[Clan] Nix :[0m im at entrance[0m
[11:16] [0m[31;1m[Clan] Nix :[0m ser name?[0m
[11:16] [0m[31;1m[Clan] Elektra :[0m you guys getting a hammer or just exp'ing?[0m
[11:17] [0m[31;1m[Clan] Ser :[0m i'm making rings[0m
[11:17] [0m[31;1m[Clan] Elektra :[0m ah should we hit zombies for a few?[0m
[11:17] [0m[31;1m[Clan] Ser :[0m i said 'after i finish terra'[0m
[11:17] [0m[31;1m[Clan] Ser :[0m just start clearing from 00[0m
[11:18] [0m[31;1m[Clan] Ser :[0m then when we get there you can pause/resume @ 40[0m
[11:18] [0m[31;1m[Clan] Ser :[0m (then pause/unpause to save position)[0m
[11:18] [0m[31;1m[Clan] Aka :[0m i have diarrhea[0m
[11:19] [0m[34;1mZiphe shouts:[0m RELEASE THE MOO[0m
[11:19] [0m[31;1m[Clan] Timmy :[0m sounds shit[0m
[11:19] [0m[31;1m[Clan] Aka :[0m shyte[0m
[11:19] [0m[31;1m[Clan] Aka :[0m i don't really have liquidstool when i say that, idk why i[0m
[11:19] [0m             think that's funny[0m
[11:20] [0m[31;1m[Clan] Aka :[0m sprayin the 'rhea each and every day[0m
[11:20] [0m[34;1mZiphe shouts:[0m hua hua ua[0m
[11:21] [0mA whispering voice whispers "Compliments of Asher"[0m
[11:22] [0m[34;1mZiphe shouts:[0m thanks[0m
[11:22] [0m[34;1mMurmandamus shouts:[0m thanks asher![0m
[11:22] [0m[34;1mDrpony shouts:[0m thanks![0m
[11:23] [0m[34;1mAsher shouts:[0m Now pillage the realms![0m
[11:23] [0m[34;1mGuru shouts:[0m awesome. Thanks a ton[0m
[11:46] [0m[31;1m[Clan] Nix :[0m status bot ser[0m
[11:46] [0m[31;1m[Clan] Ser :[0m 5-6 mobs left[0m
[11:47] [0m[31;1m[Clan] Ser :[0m maybe less[0m
[11:47] [0m[31;1m[Clan] Elektra :[0m making lunch[0m
[11:54] [0m[31;1m[Clan] Elektra :[0m ok[0m
[11:58] [0mKagour {Professions}: if you reforge a weapon to fire, do you see the fire[0m
[11:58] [0m                      wc with numbers?[0m
[11:58] [0m[31;1m[Clan] Ser :[0m killing queen then brt[0m
[11:58] [0m[31;1m[Clan] Ser :[0m shit[0m
[11:58] [0m[31;1m[Clan] Ser :[0m i fucked up[0m
[11:59] [0mPlasma {Professions}: yes[0m
[11:59] [0mYou can currently reforge 4 items.[0m
[11:59] [0mKagour {Professions}: ok, second question, why doesnt that work for spork?[0m
[11:59] [0m[31;1m[Clan] Elektra :[0m what's wrong?[0m
[12:01] [0mKagour {Professions}: either it's not reforging at all, or its not[0m
[12:01] [0m                      displaying...[0m
[12:03] [0m[31;1m[Clan] Ser :[0m i pissed some cards and a gardener off[0m
[12:08] [0m[31;1m[Clan] Elektra :[0m you staying there then ser?[0m
[12:11] [0m[31;1m[Clan] Ser :[0m @ entrance[0m
[12:12] [0m[31;1m[Clan] Elektra :[0m ah we started[0m
[12:12] [0m[31;1m[Clan] Elektra :[0m thought you were trying to clear the entire garden[0m
[12:12] [0m[31;1m[Clan] Elektra :[0m nix has to drive home and is on his phone for 10 minutes,[0m
[12:12] [0m                 and didn't want to wait[0m
[12:13] [0m[31;1m[Clan] Elektra :[0m plus we have 3 passes and you have 2... we should have[0m
[12:13] [0m                 started alone an hour ago and then met up after[0m
[12:13] [0m[31;1m[Clan] Ser :[0m np[0m
[12:13] [0m[31;1m[Clan] Ser :[0m we can just use up mine for an extra[0m
[12:13] [0m[31;1m[Clan] Ser :[0m more gearz[0m
[12:27] [0m[37;1mVara flaps :[0m Did anyone else notice the wiki is down or is it my net?[0m
[12:27] [0m[37;1mSpace flaps :[0m Ser has kidnapped the wiki its not your net[0m
[12:27] [0m[37;1mEcholoc flaps :[0m the main wiki is pretty much toast[0m
[12:27] [0m[37;1mDeln flaps :[0m I saw some new pages with medal pics yesterday[0m
[12:28] [0m[37;1mKagour flaps :[0m someone still uses the old main?[0m
[12:28] [0m[37;1mVara flaps :[0m Old main? Is there a new wiki?[0m
[12:28] [0m[37;1mPlasma flaps :[0m wiki.maybeits.us[0m
[12:28] [0m[37;1mVara flaps :[0m Oh god, I've been using the old one for months[0m
[12:29] [0m[37;1mKagour flaps :[0m that one works a lot better[0m
[12:29] [0m[37;1mVara flaps :[0m Is that one updated more often?[0m
[12:29] [0m[37;1mGaidin flaps :[0m It's nto really "old".  the wiki.maybeits.us is just a mirror[0m
[12:29] [0m[37;1mVara flaps :[0m Oh.[0m
[12:29] [0m[37;1mVara flaps :[0m It's just less laggy?[0m
[12:29] [0m[37;1mKagour flaps :[0m did ser ever decide if he was going to change that?[0m
[12:29] [0m[37;1mNauda flaps :[0m more worky[0m
[12:30] [0m[37;1mSer flaps :[0m nah og is up[0m
[12:30] [0m[37;1mSer flaps :[0m i'll just keep mirror of og, if it goes down for more than a[0m
[12:30] [0m            month i'll look at opening it up[0m
[12:30] [0m[37;1mEcholoc flaps :[0m it has been my understanding that the main wiki has been[0m
[12:30] [0m                offline for over a month[0m
[12:31] [0m[37;1mSpace flaps :[0m we dont want broken og, we want working new site![0m
[12:31] [0m[37;1mSer flaps :[0m nah it's been up since like the 15th[0m
[12:31] [0m[37;1mGaidin flaps :[0m I just updated something on the 3kwiki the other day[0m
[12:31] [0m[37;1mKagour flaps :[0m i stopped checking[0m
[12:31] [0m[37;1mPlasma flaps :[0m I'm getting site can't be reached atm[0m
[12:32] [0m[37;1mSpace flaps :[0m its totally broken, i get to it, click a link and get broken[0m
[12:32] [0m              message, reload and works, og is a disaster[0m
[12:32] [0m[37;1mGaidin flaps :[0m Someone's got to have a way to get in touch with shadowspawn[0m
[12:32] [0m[37;1mElektra flaps :[0m mudmail?[0m
[12:32] [0m[37;1mPlasma flaps :[0m I'd just ask Gaidin to get in touch with him[0m
[12:32] [0mnewb Vara [adventurer/12]: Where do I find farming commands?[0m
[12:33] [0mnewb Plasma [necromancer/99]: crafthelp farming[0m
[12:33] [0m[37;1mKagour flaps :[0m i've never seen the og work like a proper site, always had to[0m
[12:33] [0m               refresh and crap for no reason[0m
[12:33] [0mnewb Vara [adventurer/12]: thanks[0m
[12:33] [0m[37;1mSpace flaps :[0m ^[0m
[12:34] [0m[37;1mGaidin flaps :[0m We should probably move it to fandom or something so it can't[0m
[12:34] [0m               fail again.[0m
[12:34] [0m[37;1mPlasma flaps :[0m Should VAF for Ser to make his mirror a primary[0m
[12:34] [0m[37;1mPlasma flaps :[0m I'll throw in 69 coins[0m
[12:37] [0m[31;1m[Clan] Bruce leaves the game.[0m  [0m
[12:37] [0m[31;1m[Clan] Phenom leaves the game.[0m  [0m
[12:39] [0m[31;1m[Clan] Ser :[0m do i get bbq or chinese food[0m
[12:39] [0m[31;1m[Clan] Nix :[0m bbq[0m
[12:40] [0m[31;1m[Clan] Ser :[0m you home?[0m
[12:40] [0m[31;1m[Clan] Elektra :[0m that is a stupid question[0m
[12:40] [0m[31;1m[Clan] Elektra :[0m BBQ!!!!![0m
[12:40] [0m[31;1m[Clan] Ser :[0m bbq is closer but chinese food is next to grocery store[0m
[12:40] [0m[31;1m[Clan] Elektra :[0m never go to a grocery store when you are hungry[0m
[12:41] [0m[31;1m[Clan] Timmy :[0m depends if it is american chinese, or chinese chinese[0m
[12:41] [0m[31;1m[Clan] Ser :[0m it's called 'new china restaurant'[0m
[12:42] [0m[31;1m[Clan] Ser :[0m pretty sure it's american[0m
[12:42] [0m[31;1m[Clan] Nameless :[0m hmm[0m
[12:42] [0m[31;1m[Clan] Elektra :[0m man there was a good chinese place in Mass near my house...[0m
[12:42] [0m                 that place was the real deal[0m
[12:42] [0m[31;1m[Clan] Nameless :[0m the best chinese places have like a billion items on the[0m
[12:42] [0m                  menu and fairly sketch translations[0m
[12:42] [0m[31;1m[Clan] Elektra :[0m a different style completely from what you are used to...[0m
[12:42] [0m                 you'd barely recognize anything on the menu[0m
[12:43] [0m[31;1m[Clan] Elektra :[0m they had pigs feet and all kinds of stuff you never see[0m
[12:43] [0m[31;1m[Clan] Nameless :[0m or just a sound translation and maybe a description[0m
[12:43] [0m[31;1m[Clan] Elektra :[0m huri reset[0m
[12:43] [0m[31;1m[Clan] Elektra :[0m space got it[0m
[12:43] [0m[31;1m[Clan] Nameless :[0m ofc[0m
[12:43] [0m[31;1m[Clan] Elektra :[0m laf he keeps sevenofnine ld there, so he just switches[0m
[12:43] [0m                 chars and he's there.[0m
[12:44] [0m[31;1m[Clan] Nameless :[0m nod[0m
[12:44] [0m[31;1m[Clan] Nameless :[0m i should do something like that, but nothing really around[0m
[12:44] [0m                  i would wanna camp[0m
[12:44] [0m[31;1m[Clan] Nameless :[0m i guess maybe jabber[0m
[12:44] [0m[31;1m[Clan] Nameless :[0m unsure if genesis is rottable or limited tho[0m
[12:45] [0m[31;1m[Clan] Timmy :[0m why does he want all those scrolls?[0m
[12:45] [0m[31;1m[Clan] Elektra :[0m genesis is 5/boot[0m
[12:45] [0m[31;1m[Clan] Nameless :[0m ah[0m
[12:45] [0m[31;1m[Clan] Nameless :[0m so pointless heh[0m
[12:45] [0m[31;1m[Clan] Elektra :[0m i assume to pull 5x 2pt smuggling rohs[0m
[12:45] [0m[31;1m[Clan] Elektra :[0m that have another not-completely uses mskill[0m
[12:45] [0m[31;1m[Clan] Nameless :[0m nod[0m
[12:45] [0m[31;1m[Clan] Nameless :[0m unsure why he likes smuggling so much[0m
[12:45] [0m[31;1m[Clan] Elektra :[0m so what is the 12/12 smuggling, 120 corpses already split[0m
[12:45] [0m                 so basically it's just an extra 49 morgue with 11 extra[0m
[12:45] [0m                 unsplit corpses.[0m
[12:46] [0m[31;1m[Clan] Nameless :[0m would maybe make sense if you could have several real[0m
[12:46] [0m                  freezers smuggled[0m
[12:46] [0m[31;1m[Clan] Elektra :[0m i think he'd do better with 13/13 metaphysical, doing 10%[0m
[12:46] [0m                 extra invoke damage.[0m
[12:46] [0m[31;1m[Clan] Ser :[0m i got a +2 smuggling[0m
[12:46] [0m[31;1m[Clan] Nameless :[0m nod[0m
[12:46] [0m[31;1m[Clan] Elektra :[0m sell it for BIG MONEY[0m
[12:46] [0m[31;1m[Clan] Nameless :[0m you can sell it to space for... 75k im sure![0m
[12:46] [0m[31;1m[Clan] Nameless :[0m start making that dent in bailout![0m
[12:47] [0m[31;1m[Clan] Ser :[0m it has fleecing and pen on it too[0m
[12:47] [0m[31;1m[Clan] Ser :[0m i'm not selling it[0m
[12:47] [0m[31;1m[Clan] Elektra :[0m fuck that is a good ring[0m
[12:47] [0m[31;1m[Clan] Nameless :[0m oh thats a good one yeah[0m
[12:47] [0m[31;1m[Clan] Elektra :[0m enhance/reforge and gemchant a gem on it[0m
[12:48] [0m[31;1m[Clan] Elektra :[0m wasp is out of reforges again[0m
[12:48] [0m[31;1m[Clan] Ser :[0m 2/2 fleecing too[0m
[12:48] [0m[31;1m[Clan] Elektra :[0m idle 2 hours and active 30 minutes and only got 4[0m
[12:48] [0m                 reforges... one reset[0m
[12:48] [0m[31;1m[Clan] Nameless :[0m i like my magic res, regen, axe one but that blows it out[0m
[12:48] [0m                  of the water[0m
[12:48] [0m[31;1m[Clan] Elektra :[0m 2/2 fleecing is no joke[0m
[12:48] [0m[31;1m[Clan] Elektra :[0m that is real money[0m
[12:48] [0m[31;1m[Clan] Elektra :[0m i should make a money scrip for when i have those[0m
[12:49] [0m[31;1m[Clan] Ser :[0m free cast/two-handed/natural in box[0m
[12:49] [0m[31;1m[Clan] Ser :[0m seems like a good bard one[0m
[12:49] [0m[31;1m[Clan] Nameless :[0m oo[0m
[12:49] [0m[31;1m[Clan] Nameless :[0m yeah[0m
[12:49] [0m[31;1m[Clan] Elektra :[0m yes i give all +nat to the bards[0m
[12:49] [0m[31;1m[Clan] Elektra :[0m ...except the one i'm wearing, heh[0m
[12:49] [0m[31;1m[Clan] Elektra :[0m forgot about that one[0m
[12:49] [0m[Auction] Robert : Up for bids: Ring of Hearts.[0m
[12:49] [0m[Auction] Robert : Ser has requested 10 as the opening offer.[0m
[12:50] [0m[Auction] Murmandamus (necr) : BARE HANDS[0m
[12:50] [0m[31;1m[Clan] Ser :[0m i wanna replace 1 more[0m
[12:50] [0m[31;1m[Clan] Elektra :[0m if a bard has a metaphysical, crit/pen, or sword/weapon[0m
[12:50] [0m                 phys let me know and I'll trade mine[0m
[12:50] [0m[31;1m[Clan] Nameless :[0m need to replace 2 of mine, but fairly good this early in[0m
[12:50] [0m                  boot[0m
[12:50] [0m[Auction] Robert : Got 10 from Kyoujin(knig).  Do I hear 60?[0m
[12:50] [0m[31;1m[Clan] Ser :[0m 2nd ring is survival, power, and attack speed[0m
[12:50] [0m[31;1m[Clan] Nameless :[0m both of my baddies are universally meh[0m
[12:50] [0m[Auction] Robert : 10 going once![0m
[12:50] [0m[31;1m[Clan] Ser :[0m power i don't really care about but[0m
[12:50] [0m[Auction] Robert : 10 going twice![0m
[12:50] [0m[31;1m[Clan] Nameless :[0m well lore, crit hit and gloves isnt too bad but meh[0m
[12:51] [0m[Auction] Robert : Sold to Kyoujin for 10 coins![0m
[12:51] [0m[31;1m[Clan] Sock :[0m 1 enhance @ box, reset in 60 seconds[0m
[12:51] [0m[31;1m[Clan] Timmy :[0m i got +2 bow, eat it[0m
[12:51] [0m[31;1m[Clan] Elektra :[0m i'm set thanks sock[0m
[12:52] [0m[31;1m[Clan] Sock :[0m got em to +7 last night[0m
[12:52] [0m[31;1m[Clan] Sock :[0m i actually quested[0m
[12:52] [0m[31;1m[Clan] Elektra :[0m enhances?[0m
[12:52] [0m[31;1m[Clan] Elektra :[0m bs[0m
[12:52] [0m[31;1m[Clan] Sock :[0m yeah[0m
[12:52] [0m[31;1m[Clan] Elektra :[0m i figured it was glvls time and not quests[0m
[12:52] [0m[31;1m[Clan] Sock :[0m quests are glevels[0m
[12:52] [0m[31;1m[Clan] Sock :[0m i probably can get another 10 glevels[0m
[12:52] [0m[31;1m[Clan] Elektra :[0m ah, heh[0m
[12:53] [0m[31;1m[Clan] Sock :[0m i need qp to glevel[0m
[12:53] [0m[31;1m[Clan] Sock :[0m oo 7 enhances @ reset[0m
[12:53] [0m[31;1m[Clan] Nameless :[0m nod, i would in theory make a fine breed[0m
[12:53] [0m[31;1m[Clan] Timmy :[0m breeds = qp's to glvl? there goes me ever playing a breed :P[0m
[12:53] [0m[31;1m[Clan] Sock :[0m 50 @ glevel 50, 7 per glevel after[0m
[12:54] [0m[31;1m[Clan] Nameless :[0m but i am horrid at note taking so if memory of how to do[0m
[12:54] [0m                  the stuff and what ive spent becomes not fresh to memory[0m
[12:54] [0m                  or i misplace my file, then bye bye progress[0m
[12:54] [0m[31;1m[Clan] Nameless :[0m which is what happened with pazuzu kinda[0m
[12:58] [0m[31;1m[Clan] Mentok :[0m hey sock, do qpoints gained on an alt work?[0m
[12:58] [0m[31;1m[Clan] Mentok :[0m my plan is to get qps on my gentech and then make a breed[0m
[12:58] [0m                for giggles[0m
[12:59] [0m[31;1m[Clan] Ser :[0m yeah they do[0m
[12:59] [0m[31;1m[Clan] Ser :[0m nix come pick me up[0m
[12:59] [0m[31;1m[Clan] Nameless :[0m and me![0m
[12:59] [0mYou can currently reforge 8 items.[0m
[13:00] [0m[31;1m[Clan] Mentok :[0m ah groovy thank you![0m
[13:01] [0m[31;1m[Clan] Nameless :[0m prism wanna wield my genbot out of banner perhaps?[0m
[13:01] [0m[31;1m[Clan] Elektra :[0m how can nix pick you up?[0m
[13:01] [0m[31;1m[Clan] Nameless :[0m with his big strong bard arms[0m
[13:01] [0m[31;1m[Clan] Elektra :[0m we started on 40[0m
[13:01] [0m[31;1m[Clan] Elektra :[0m he'd have to use another pass[0m
[13:01] [0m[31;1m[Clan] Elektra :[0m well i guess we could[0m
[13:01] [0m[31;1m[Clan] Elektra :[0m how many passes do you have?[0m
[13:01] [0m[31;1m[Clan] Elektra :[0m don't enter to find out![0m
[13:02] [0m[31;1m[Clan] Ser :[0m ELEKTRA[0m
[13:02] [0m[31;1m[Clan] Nameless :[0m i have 5 but shrug[0m
[13:02] [0m[31;1m[Clan] Ser :[0m I HAVE SAID THIS FUCKIN 20 TIMES[0m
[13:02] [0m[31;1m[Clan] Ser :[0m IF YOU PAUSE/UNPAUSE GAME WHEN YOU RESUME AT 40[0m
[13:02] [0m[31;1m[Clan] Ser :[0m YOU CAN UNPAUSE AND GET BACK IN[0m
[13:02] [0m[31;1m[Clan] Elektra :[0m doesn't unpause use one of those?[0m
[13:02] [0m[31;1m[Clan] Nameless :[0m no[0m
[13:02] [0m[31;1m[Clan] Ser :[0m NO[0m
[13:02] [0m[31;1m[Clan] Elektra :[0m oh that part[0m
[13:02] [0m[31;1m[Clan] Elektra :[0m ...i didn't know[0m
[13:02] [0m[31;1m[Clan] Elektra :[0m i knew about unpause, heh[0m
[13:03] [0m[31;1m[Clan] Elektra :[0m ok nix, pick them up[0m
[13:03] [0m[31;1m[Clan] Ser :[0m i've said this like 3-4 times[0m
[13:03] [0m[31;1m[Clan] Elektra :[0m fuck if i knew that we would have started an hour earlier[0m
[13:03] [0m[31;1m[Clan] Elektra :[0m i thought we had to wait on the whole party[0m
[13:03] [0m[31;1m[Clan] Ser :[0m all nix needs is his path #[0m
[13:03] [0m[31;1m[Clan] Elektra :[0m ...and he needs not to text and drive[0m
[13:03] [0m[31;1m[Clan] Ser :[0m oh you said 10 mins like 30 mins ago so[0m
[13:04] [0m[31;1m[Clan] Nameless :[0m ope no arahnapogue on, time to slurp some hoors[0m
[13:04] [0m[31;1m[Clan] Elektra :[0m he drives like miss daisy[0m
[13:04] [0m[31;1m[Clan] Elektra :[0m i have no idea[0m
[13:05] [0m[31;1m[Clan] Nameless :[0m hes driving the fake taxi[0m
[13:05] [0m[31;1m[Clan] Nameless :[0m actually since i think thats a UK thing i bet thats what[0m
[13:05] [0m                  timmy does[0m
[13:05] [0m[31;1m[Clan] Timmy :[0m i'm in london, we don't drive :D[0m
[13:05] [0m[31;1m[Clan] Timmy :[0m i'm a hipster living in east london riding my single speed in[0m
[13:05] [0m               my skinny jeans[0m
[13:06] [0m[31;1m[Clan] Nameless :[0m laf[0m
[13:06] [0m[31;1m[Clan] Timmy :[0m this is where i spent last week if you guys want to see a[0m
[13:06] [0m               different view of the uk[0m
[13:06] [0m[31;1m[Clan] Timmy :[0m https://imgur.com/a/A0pgXKP[0m
[13:06] [0m[31;1m[Clan] Timmy :[0m not quite london[0m
[13:07] [0m[31;1m[Clan] Sonaten leaves the game.[0m  [0m
[13:08] [0m[31;1m[Clan] Elektra :[0m shrug no answer from nix[0m
[13:08] [0m[31;1m[Clan] Nameless :[0m ooo nice[0m
[13:08] [0m[31;1m[Clan] Nameless :[0m looks cold but thats probably a given[0m
[13:09] [0m[31;1m[Clan] Timmy :[0m pretty cold at nights, down to -9c or so[0m
[13:09] [0m[31;1m[Clan] Timmy :[0m that's 16f![0m
[13:09] [0m[31;1m[Clan] Nameless :[0m course im also that troll of a human that wears shorts all[0m
[13:09] [0m                  year so not like cold bothers me a ton[0m
[13:10] [0m[31;1m[Clan] Timmy :[0m i wish i could do that, i'm bad at being cold[0m
[13:10] [0m[31;1m[Clan] Nameless :[0m thursday we had like 2-3 inches of snow[0m
[13:10] [0m[31;1m[Clan] Nameless :[0m pissed me right off[0m
[13:10] [0m[31;1m[Clan] Nameless :[0m bipolar ass midwest weather heh, was all melted the next[0m
[13:10] [0m                  day and had like a nice pleasant 75-80F temps[0m
[13:11] [0m[34;1mNightrider shouts:[0m I wamt 15k hps and Bang 10's like Space[0m
[13:11] [0m[34;1mNameless shouts:[0m something something cybernetics[0m
[13:11] [0m[31;1m[Clan] Timmy :[0m screw that, this winter has gone too lon[0m
[13:11] [0m[31;1m[Clan] Timmy :[0m *long[0m
[13:12] [0m[34;1mNightrider shouts:[0m Im not allowed in the Cool Kids Clubs, guess its the no[0m
[13:12] [0m                   pants club for me[0m
[13:12] [0m[31;1m[Clan] Nameless :[0m someone should wiz and make that thing parisienne always[0m
[13:12] [0m                  talked about[0m
[13:12] [0m[31;1m[Clan] Nameless :[0m make it give +cha and send goofy ass tells like RoW[0m
[13:15] [0m[31;1m[Clan] Boot enters the game.[0m  [0m
[13:18] [0m[37;1mNightrider flaps :[0m anyone in town?[0m
[13:19] [0m[34;1mZiphe shouts:[0m no sec![0m
[13:20] [0m[34;1mSarge shouts:[0m only if there's a 'z' attached![0m
[13:21] [0m[31;1m[Clan] Nameless :[0m 1.5m toward bailout![0m
[13:22] [0m[31;1m[Clan] Elektra :[0m heh nearly there![0m
[13:22] [0m[34;1mTex shouts:[0m dont you a tz?[0m
[13:22] [0m[34;1mEcholoc shouts:[0m are you down with SectionZ, Ya you know me[0m
[13:26] [0m[31;1m[Clan] Nameless :[0m bot status[0m
[13:28] [0m[31;1m[Clan] Elektra :[0m Nix: Bot Status : 66/88 (75%)[0m
[13:30] [0m[31;1m[Clan] Nameless :[0m woo[0m
[13:30] [0m[31;1m[Clan] Nameless :[0m ghostly remnant, i could only be so lucky heh[0m
[13:30] [0m[31;1m[Clan] Timmy :[0m it's mine![0m
[13:31] [0m[31;1m[Clan] Nameless :[0m oooof[0m
[13:31] [0m[31;1m[Clan] Nameless :[0m reloaded and refreshed and didnt pop in inventory? scammed[0m
[13:32] [0m[31;1m[Clan] Nameless :[0m You do a quick disappearing trick on Tech Ultra-Cooler,[0m
[13:32] [0m                  convincing the world that it doesn't exist.[0m
[13:33] [0m[34;1mTex shouts:[0m appearently donated[0m
[13:33] [0m[34;1mBenek shouts:[0m slower[0m
[13:33] [0m[34;1mNameless shouts:[0m that is cookin with gas![0m
[13:35] [0m[31;1m[Clan] Elektra :[0m i don't use coolers or morgues[0m
[13:35] [0m[31;1m[Clan] Elektra :[0m but i do make my coffin big through survival and donating[0m
[13:35] [0m[31;1m[Clan] Nameless :[0m i am a thorsty bardo[0m
[13:35] [0m[31;1m[Clan] Nameless :[0m i need hundreds of corpses to be good[0m
[13:35] [0m[31;1m[Clan] Antiochus :[0m elektra 0 freezers, spqce 20 smuggled so its changed[0m
[13:36] [0m[31;1m[Clan] Nix :[0m Your Wisdom is now 275, the next point will cost 2000000000 XP.[0m
[13:37] [0m[31;1m[Clan] Nameless :[0m woo[0m
[13:37] [0m[31;1m[Clan] Elektra :[0m lies[0m
[13:37] [0m[31;1m[Clan] Nameless :[0m somebody able to come and slide this room by chance? or at[0m
[13:37] [0m                  least give me time to reset?[0m
[13:38] [0m[31;1m[Clan] Boot :[0m i ran to gricery store so hopped on an alt[0m
[13:38] [0m[31;1m[Clan] Boot :[0m bbiab[0m
[13:38] [0m[31;1m[Clan] Nameless :[0m second door is a white, b white, c yellow, d cyan if that[0m
[13:38] [0m                  sweetens the pot[0m
[13:41] [0m[31;1m[Clan] Elektra :[0m i have a little thing to solve those nameless[0m
[13:42] [0m[31;1m[Clan] Elektra :[0m well i can hold in guild points like 100 corpses worth of[0m
[13:42] [0m                 healing[0m
[13:42] [0m[31;1m[Clan] Elektra :[0m 40 unsplit and 20 smuggled split makes 200[0m
[13:42] [0m[31;1m[Clan] Elektra :[0m 49 morgue makes it 300[0m
[13:42] [0m[31;1m[Clan] Elektra :[0m tech cooler makes it 400[0m
[13:42] [0m[31;1m[Clan] Elektra :[0m but the only time i need more than 200 is boot... and at[0m
[13:42] [0m                 boot I wouldn't have those 2 items.[0m
[13:44] [0m[31;1m[Clan] Elektra :[0m ok cooldown for paralyze on isleth is exactly 10 minutes[0m
[13:44] [0m                 now[0m
[13:44] [0m[31;1m[Clan] Elektra :[0m used to be 46 rounds on isleth 1.0[0m
[13:45] [0m[31;1m[Clan] Elektra :[0m i wonder if draws reduces it.... I have 120 draws and i'll[0m
[13:45] [0m                 test again after i get a few more[0m
[13:45] [0m[31;1m[Clan] Nameless :[0m i just solve it manually, theyre fairly easy[0m
[13:45] [0m[31;1m[Clan] Elektra :[0m oh i do to[0m
[13:45] [0m[31;1m[Clan] Elektra :[0m it's an alias system more than a solver[0m
[13:45] [0m[31;1m[Clan] Nameless :[0m imagine the time itd take to make a script to do it would[0m
[13:45] [0m                  maybe save time longterm but eh[0m
[13:45] [0m[31;1m[Clan] Nameless :[0m ah[0m
[13:45] [0m[31;1m[Clan] Elektra :[0m first I try all of each color, spammed[0m
[13:45] [0m[31;1m[Clan] Elektra :[0m so i know, 2 white, 1 black, 1 red whatever[0m
[13:45] [0m[31;1m[Clan] Elektra :[0m then i start on the combos[0m
[13:46] [0m[31;1m[Clan] Elektra :[0m so morgue you don't want to reload item?  it messes it up[0m
[13:46] [0m                 somehow?[0m
[13:46] [0m[31;1m[Clan] Nameless :[0m it hasnt caused me issue in the past[0m
[13:47] [0m[31;1m[Clan] Elektra :[0m oh i thought i saw something about it[0m
[13:47] [0m[31;1m[Clan] Nameless :[0m just something wonky happened with this refresh maybe[0m
[13:47] [0m[31;1m[Clan] Nameless :[0m last boot it worked fine, killed a ghostly, reloaded,[0m
[13:47] [0m                  refreshed and boom[0m
[13:48] [0m[31;1m[Clan] Nameless :[0m so hoping a second refresh or slide will fix it, or[0m
[13:48] [0m                  otherwise ill sit til natural, and if it isnt on him on[0m
[13:48] [0m                  this second one ill just chalk it up as a loss[0m
[13:49] [0m[31;1m[Clan] Antiochus :[0m ya you can reload it[0m
[13:49] [0m[31;1m[Clan] Antiochus :[0m dupec is good for that too[0m
[13:49] [0m[31;1m[Clan] Nameless :[0m i might consider getting that one[0m
[13:49] [0m[31;1m[Clan] Antiochus :[0m i love dupec[0m
[13:50] [0m[31;1m[Clan] Elektra :[0m wtf is dupec?[0m
[13:50] [0m[31;1m[Clan] Nameless :[0m ctell dupe creature[0m
[13:50] [0m[31;1m[Clan] Elektra :[0m ah to save the refresh[0m
[13:50] [0m[31;1m[Clan] Elektra :[0m zanadu was pointint that out to me on stanley cup[0m
[13:50] [0m[31;1m[Clan] Elektra :[0m sigh[0m
[13:50] [0m[31;1m[Clan] Nameless :[0m thats the other mob i would consider it useful for yeah[0m
[13:50] [0m[31;1m[Clan] Elektra :[0m we were both hunting it and mike spawned and i just killed[0m
[13:52] [0m[31;1m[Clan] Nix :[0m i reload freezer and usually dove feather[0m
[13:52] [0m[31;1m[Clan] Nix :[0m althought lately just been freezer[0m
[13:52] [0m[37;1mGrot flaps :[0m anyone need paul2 still?[0m
[13:52] [0m[31;1m[Clan] Elektra :[0m oh if you reload dove feather it doesn't rot them?[0m
[13:52] [0m[31;1m[Clan] Nix :[0m nope[0m
[13:52] [0m[31;1m[Clan] Elektra :[0m huri popped[0m
[13:52] [0m[31;1m[Clan] Elektra :[0m ah that was part of the parisienne space war[0m
[13:52] [0m[31;1m[Clan] Nameless :[0m heh[0m
[13:52] [0m[31;1m[Clan] Nix :[0m laf[0m
[13:52] [0m[31;1m[Clan] Nameless :[0m i used to like that feather too[0m
[13:52] [0m[31;1m[Clan] Elektra :[0m space got huri[0m
[13:52] [0m[31;1m[Clan] Nix :[0m "part" being the key word[0m
[13:52] [0m[31;1m[Clan] Nameless :[0m err... maybe different one[0m
[13:53] [0m[31;1m[Clan] Nix :[0m i miss those publc line fights[0m
[13:53] [0m[31;1m[Clan] Nameless :[0m dove feather.... thats the item weight thing and not the[0m
[13:53] [0m                  invis item one iirc?[0m
[13:53] [0m[31;1m[Clan] Nix :[0m correct name[0m
[13:53] [0m[31;1m[Clan] Nameless :[0m i liked the invis item one back in the day when dupe item[0m
[13:53] [0m                  wasnt really a thing[0m
[13:54] [0m[31;1m[Clan] Nameless :[0m and more priests were around, so i could hide from  locate[0m
[13:54] [0m[31;1m[Clan] Nix :[0m that's the goose feather[0m
[13:54] [0m[31;1m[Clan] Nix :[0m nod, that used to be sick[0m
[13:54] [0m[31;1m[Clan] Nameless :[0m id get goose feather or that ao thing and toss it on the[0m
[13:54] [0m                  jix scroll[0m
[13:54] [0m[31;1m[Clan] Nix :[0m i like masque to much these days to hide invis[0m
[13:55] [0m[31;1m[Clan] Nameless :[0m grin[0m
[13:55] [0m[31;1m[Clan] Nameless :[0m im gona masque devloper this boot i think[0m
[13:55] [0m[31;1m[Clan] Nix :[0m this is my go too Death, clad in black.[0m
[13:55] [0m[31;1m[Clan] Elektra :[0m necs have a great item-invis power[0m
[13:55] [0m[31;1m[Clan] Elektra :[0m if i wanted i could keep all my inventory invisible[0m
[13:55] [0m[31;1m[Clan] Nix :[0m l[0m
[13:55] [0m[31;1m[Clan] Elektra :[0m but shrug... would need to omega it[0m
[13:56] [0m[31;1m[Clan] Nameless :[0m think after i get nine to slides as well as 111 i might[0m
[13:56] [0m                  work on meatcanyon as a necro, get myself a utility stick[0m
[13:56] [0m[31;1m[Clan] Nameless :[0m having crypts and a pres generator could be nice[0m
[13:57] [0m[31;1m[Clan] Nameless :[0m and ports of course[0m
[13:59] [0mYou can currently reforge 12 items.[0m
[14:01] [0m[31;1m[Clan] Elektra :[0m ya'll didn't enter your secz?[0m
[14:01] [0m[31;1m[Clan] Elektra :[0m cause we'er about done[0m
[14:01] [0m[31;1m[Clan] Elektra :[0m could do another fast one before i have golf[0m
[14:01] [0m[31;1m[Clan] Nix :[0m golfing 18 holes?[0m
[14:01] [0m[31;1m[Clan] Elektra :[0m we have 4 more rooms[0m
[14:01] [0m[31;1m[Clan] Elektra :[0m no 9[0m
[14:01] [0m[31;1m[Clan] Elektra :[0m but will go a little early to practice[0m
[14:02] [0m[31;1m[Clan] Nix :[0m i played thursday afternoon, best i've ever hit the ball[0m
[14:02] [0m[31;1m[Clan] Elektra :[0m it's 1:45 golf, 30min warm up, 10 min driving, putting on[0m
[14:02] [0m                 shoes, 10min back[0m
[14:02] [0m[31;1m[Clan] Nix :[0m being working on not trying to kill the ball and just let the[0m
[14:02] [0m             club do the work[0m
[14:02] [0m[31;1m[Clan] Elektra :[0m so about 2.5 hours[0m
[14:02] [0m[31;1m[Clan] Elektra :[0m could be 15m more if you are behind someone SLOW.[0m
[14:02] [0m[31;1m[Clan] Elektra :[0m yeah[0m
[14:02] [0m[31;1m[Clan] Elektra :[0m sigh[0m
[14:03] [0m[31;1m[Clan] Elektra :[0m the forever project[0m
[14:03] [0m[31;1m[Clan] Elektra :[0m don't try to kill it![0m
[14:04] [0m[37;1mEllegon flaps :[0m if we're at our alias cap. can someone make it so you can[0m
[14:04] [0m                realias an existing w/o getting the "too many" msg?[0m
[14:04] [0m[37;1mDin flaps :[0m ^[0m
[14:04] [0m[37;1mSquirrel flaps :[0m you have to remove it first[0m
[14:04] [0m[37;1mPlasma flaps :[0m ralias, alias[0m
[14:04] [0m[37;1mAdalius flaps :[0m I can check[0m
[14:04] [0m[37;1mPlasma flaps :[0m Also, impressive[0m
[14:04] [0m[37;1mEllegon flaps :[0m ty Adalius[0m
[14:05] [0m[34;1mTex shouts:[0m ramen time[0m
[14:05] [0m[37;1mPlasma flaps :[0m what is the default limit, 100?[0m
[14:05] [0m[37;1mEllegon flaps :[0m oh ralias to remove? hehe.[0m
[14:05] [0m[37;1mNauda flaps :[0m 50[0m
[14:05] [0m[37;1mPlasma flaps :[0m ralias ALL, if you're feelin' frisky[0m
[14:05] [0m[31;1m[Clan] Elektra :[0m we gonna do a short path fast guys?[0m
[14:05] [0m[31;1m[Clan] Nix :[0m that's fine with me[0m
[14:06] [0m[31;1m[Clan] Elektra :[0m we're 2 rooms from brain[0m
[14:06] [0m[37;1mMaverik flaps :[0m yikes[0m
[14:06] [0m[37;1mPlasma flaps :[0m You have 72 aliases defined as:   What'd I miss, then?[0m
[14:06] [0m[31;1m[Clan] Elektra :[0m nameless you in?  anyone welcome... one more hitter would[0m
[14:06] [0m                 be nice.[0m
[14:06] [0m[37;1mMurmandamus flaps :[0m You have 93 aliases defined as:[0m
[14:06] [0m[37;1mMurmandamus flaps :[0m .login           watch mywho/tellb whisper[0m
[14:07] [0m[31;1m[Clan] Elektra :[0m nix and i only make 800/30 in here... so trying to make it[0m
[14:07] [0m                 respectible.[0m
[14:07] [0m[37;1mSquirrel flaps :[0m he's gone now[0m
[14:07] [0m[37;1mPlasma flaps :[0m You can shorten it, until he restores again[0m
[14:07] [0m[37;1mTo flaps :[0m I suggested a gswap2 VAF to let us have a clean set of aliases on[0m
[14:07] [0m           each gobj[0m
[14:07] [0m[37;1mMurmandamus flaps :[0m PSA: alias .login _____     will perform those commands[0m
[14:07] [0m                    mudside whenever you login[0m
[14:07] [0m[31;1m[Clan] Nix :[0m ser how is the orange/orange armor?[0m
[14:07] [0m[37;1mDin flaps :[0m 101 here[0m
[14:08] [0m[37;1mLocrian flaps :[0m that's a good suggestion, to.[0m
[14:10] [0m[37;1mDeln flaps :[0m that does seem like a workable solution, To.    very clever.[0m
[14:10] [0m[31;1m[Clan] Nameless :[0m im in if someone slides this room[0m
[14:10] [0m[31;1m[Clan] Timmy :[0m i can give you a bracer?[0m
[14:10] [0m[31;1m[Clan] Nameless :[0m that could work[0m
[14:11] [0m[31;1m[Clan] Nameless :[0m i doubt me leaving the room will lead to someone darting[0m
[14:11] [0m                  in behind me and ninjaing it[0m
[14:11] [0m[31;1m[Clan] Nameless :[0m which is my main fear[0m
[14:11] [0m[31;1m[Clan] Timmy :[0m meet magic ina few,just finishing this mob[0m
[14:11] [0m[31;1m[Clan] Timmy :[0m actually i'll grab bracer etc first[0m
[14:11] [0m[31;1m[Clan] Timmy :[0m gimme a few[0m
[14:11] [0m[31;1m[Clan] Nameless :[0m nod[0m
[14:11] [0m[37;1mDin flaps :[0m would be nice.  I get around it by having a separate client[0m
[14:11] [0m            profile for my gswap that intercepts the common aliases before[0m
[14:11] [0m            they get sent to the mud[0m
[14:12] [0m[31;1m[Clan] Timmy :[0m magic[0m
[14:12] [0m[31;1m[Clan] Nameless :[0m brt[0m
[14:12] [0m[31;1m[Clan] Nameless :[0m ah guards respawned, heh[0m
[14:12] [0m[31;1m[Clan] Timmy :[0m ahh ok[0m
[14:13] [0m[37;1mNightrider flaps :[0m Moo Xpress Gpoos Choo Mooo[0m
[14:13] [0m[31;1m[Clan] Timmy :[0m am at magic, shoot me a tell if i don't respond[0m
[14:13] [0m[31;1m[Clan] Timmy :[0m watching youtube :D[0m
[14:13] [0m[37;1mPlasma flaps :[0m Oddly enough, I still use some mud-side alises, even though[0m
[14:13] [0m               clients are typically more capable/customizable.  But I[0m
[14:13] [0m               haven't played pure telnet in two decades.  So if I had no[0m
[14:13] [0m               aliases, I'd be fine.[0m
[14:14] [0m[31;1m[Clan] Timmy :[0m ready when you are[0m
[14:16] [0m[34;1mNightrider shouts:[0m chickens i say chickens[0m
[14:16] [0m[31;1m[Clan] Boot :[0m i went to the chinese place[0m
[14:16] [0m[31;1m[Clan] Elektra :[0m and?  good?[0m
[14:17] [0m[31;1m[Clan] Boot :[0m house special mein fun looks pretty good[0m
[14:17] [0m[31;1m[Clan] Boot :[0m crab rangoons are good[0m
[14:17] [0m[31;1m[Clan] Timmy :[0m ready?[0m
[14:17] [0m[31;1m[Clan] Nameless :[0m natty spawned, blue and red matrix dropped, gonna try a[0m
[14:17] [0m                  slide and hope that does it[0m
[14:17] [0m[31;1m[Clan] Elektra :[0m is who ready?[0m
[14:18] [0m[31;1m[Clan] Nameless :[0m sec[0m
[14:18] [0m[31;1m[Clan] Timmy :[0m sliding[0m
[14:18] [0m[31;1m[Clan] Nameless :[0m woo[0m
[14:18] [0m[31;1m[Clan] Nameless :[0m free hmheal![0m
[14:19] [0m[31;1m[Clan] Nameless :[0m alrighty, at title for funtimes[0m
[14:20] [0m[31;1m[Clan] Elektra :[0m anyone need secz reset?[0m
[14:28] [0m[31;1m[Clan] Elektra :[0m 2 rohs in, one has 1 magic resistance[0m
[14:44] [0m[31;1m[Clan] Wasp :[0m idle[0m
[14:51] [0m[37;1mNightrider flaps :[0m 8inix did you wake up inix for Stormer[0m
[14:51] [0m[37;1mPlasma flaps :[0m sec[0m
[14:51] [0m[37;1mNightrider flaps :[0m nope[0m
[14:51] [0m[31;1m[Clan] Nix :[0m anyone awake?[0m
[14:51] [0m[31;1m[Clan] Boot :[0m sup[0m
[14:51] [0m[37;1mPlasma flaps :[0m ok, 8Inix is dusted off[0m
[14:51] [0m[31;1m[Clan] Nameless :[0m 17.8hrs for dung reset[0m
[14:52] [0m[31;1m[Clan] Nix :[0m we have plenty in this clan[0m
[14:52] [0m[31;1m[Clan] Nix :[0m more than we can possibly use in a day[0m
[14:52] [0m[37;1mNightrider flaps :[0m 8plasma you there?[0m
[14:52] [0m[31;1m[Clan] Boot :[0m pulling 8.2m/hr putzin in sec-z[0m
[14:52] [0m[37;1mNightrider flaps :[0m haha[0m
[14:53] [0m[31;1m[Clan] Nine enters the game.[0m  [0m
[14:54] [0m[31;1m[Clan] Roor :[0m sick[0m
[14:55] [0mYou can currently reforge 0 items.[0m
[14:55] [0m[31;1m[Clan] Nine :[0m oh yeah, i am a godawful tank lol[0m
[14:59] [0mYou can currently reforge 4 items.[0m
[15:20] [0m[31;1m[Clan] Roor :[0m i wouldn't worry about them[0m
[15:21] [0m[31;1m[Clan] Roor :[0m for now[0m
[15:21] [0m[31;1m[Clan] Roor :[0m wl[0m
[15:22] [0m[37;1mTurnhold flaps :[0m 8inix, spaghetti time?[0m
[15:22] [0m[37;1mPlasma flaps :[0m [30;1m([34;1m8[30;1m)[0mInix : Yes - definitely[0m
[15:22] [0m[37;1mNine flaps :[0m peanut butter sketti time[0m
[15:22] [0m[37;1mPlasma flaps :[0m Dude, it's always spaghetti time...  P.S.  Can I haz some?[0m
[15:23] [0m[37;1mBoot flaps :[0m does house special mei fun count[0m
[15:23] [0m[37;1mTurnhold flaps :[0m Theres always extra. come on down to NC:P[0m
[15:23] [0m[37;1mNauda flaps :[0m al's mom spaghetti[0m
[15:23] [0m[31;1m[Clan] Boot :[0m sorry mein fun[0m
[15:23] [0m[37;1mBoot flaps :[0m sorry mein fun[0m
[15:42] [0m[37;1mCrolack flaps :[0m 8Inix, kill all players?[0m
[15:42] [0m[37;1mPlasma flaps :[0m [30;1m([34;1m8[30;1m)[0mInix : Cannot predict now[0m
[15:43] [0m[37;1mPlasma flaps :[0m *whew*  we're safe...for now[0m
[15:45] [0m[37;1mNauda flaps :[0m 8inix, are we really safe now?[0m
[15:45] [0m[37;1mPlasma flaps :[0m [30;1m([34;1m8[30;1m)[0mInix : Without a doubt[0m
[15:51] [0m[Auction] Al (chan) : bh[0m
[15:51] [0m[Auction] Al (chan) : bah[0m
[15:51] [0m[Auction] Alassra (necr) : WHAT DID YOU DO!!?!!111![0m
[15:51] [0m[Auction] Al (chan) : I RUINEDEDED IT[0m
[15:52] [0m[Auction] Alassra (necr) : :([0m
[15:53] [0m[Auction] Nauda (necr) : you ruineated the mask[0m
[15:53] [0m[Auction] Al (chan) : aww skeet sket[0m
[15:53] [0m[Auction] Al (chan) : aww skeet skeet[0m
[15:54] [0m[Auction] Din (blad) : to the windows, to the walls[0m
[15:54] [0m[Auction] Al (chan) : aww skeet skeet dat mask[0m
[15:54] [0m[Auction] Nauda (necr) : wear mask or go to jail![0m
[15:55] [0mnewb Vara [adventurer/12]: Crafthelp farming doesn't give me the commands,[0m
[15:55] [0m                           where do I find them?[0m
[15:59] [0mnewb Nightrider [knight/138]: did you join the craft guild yet?[0m
[15:59] [0mnewb Vara [adventurer/12]: I did yes[0m
[15:59] [0mnewb Nightrider [knight/138]: ok then you did farmmenow?[0m
[15:59] [0mYou can currently reforge 8 items.[0m
[16:00] [0mnewb Vara [adventurer/12]: yes[0m
[16:00] [0mnewb Nightrider [knight/138]: at the farming npc?[0m
[16:00] [0mnewb Vara [adventurer/12]: yes[0m
[16:00] [0mnewb Nightrider [knight/138]: craft commands[0m
[16:01] [0mnewb Vara [adventurer/12]: thanks[0m
[16:01] [0mVara <Craft>: commands[0m
[16:01] [0mnewb Nightrider [knight/138]: type this[0m
[16:01] [0mVara <Craft>: oops[0m
[16:01] [0mnewb Nightrider [knight/138]: craftcommands[0m
[16:01] [0mnewb Vara [adventurer/12]: thanks[0m
[16:07] [0m[Auction] Tex (jugg) :  where you still have to wear a mask so pointless[0m
[16:30] [0m[37;1mGrot flaps :[0m no one else needs paul2 then?[0m
[16:33] [0m[37;1mBoot flaps :[0m oh sure[0m
[16:39] [0m[31;1m[Clan] Boot :[0m You have 1 wide red band and 1 thin red stripe.[0m
[16:41] [0m[31;1m[Clan] Nine :[0m thicc pp tatoo[0m
[16:44] [0m[31;1m[Clan] Nine :[0m bukkake in fremen society would be a great honor[0m
[16:44] [0m[31;1m[Clan] Boot :[0m i wonder if i can use duped corpses for water[0m
[16:44] [0m[31;1m[Clan] Boot :[0m would have to transmute mask to ring or ammy tho[0m
[16:45] [0m[31;1m[Clan] Boot :[0m *A white crysknife with the sigil of Otheym (wielded)[0m
[16:45] [0m[31;1m[Clan] Nine :[0m mmmm[0m
[16:46] [0m[31;1m[Clan] Nine :[0m i wish fremen were more stronk, i mean i suppose for hc they[0m
[16:46] [0m              work well[0m
[16:46] [0m[31;1m[Clan] Nine :[0m i had loads of fun playing them, waff@3s is my frembot[0m
[16:46] [0m[31;1m[Clan] Nine :[0m still a smol boye tho[0m
[16:52] [0m[34;1mEcholoc shouts:[0m woot[0m
[17:03] [0m[34;1mNauda shouts:[0m in soviet 3k, Ziphe eats our corpses[0m
[17:04] [0m[34;1mHooligan shouts:[0m you mean there are places where he doesn't eat your[0m
[17:04] [0m                 corpses?[0m
[17:04] [0m[34;1mNauda shouts:[0m one can only dream[0m
[17:05] [0m[31;1m[Clan] Roor :[0m oops ran out of pu[0m
[17:07] [0m[31;1m[Clan] Nameless :[0m oops[0m
[17:07] [0m[31;1m[Clan] Nameless :[0m back to gennin?[0m
[17:08] [0m[31;1m[Clan] Nameless :[0m 5 hours til can fix my secz messup[0m
[17:10] [0m[31;1m[Clan] Roor :[0m nod[0m
[17:28] [0m[31;1m[Clan] Boot :[0m i'm 3/5 done w/ my hc run[0m
[17:31] [0m[31;1m[Clan] Nameless :[0m woo[0m
[17:43] [0m[34;1mGuru shouts:[0m Section Z reset in 420 seconds sharp. Ensure you pquit and[0m
[17:43] [0m             "pester guru" at area entrance.[0m
[17:43] [0m[31;1m[Clan] Boot :[0m there ya go[0m
[17:45] [0m[31;1m[Clan] Roor :[0m no response just shot him a text[0m
[17:45] [0m[34;1mGuru shouts:[0m Section Z reset in 300 seconds sharp. Ensure you pquit and[0m
[17:45] [0m             "pester guru" at area entrance.[0m
[17:47] [0m[34;1mGuru shouts:[0m Section Z reset in 150 seconds sharp. Ensure you pquit and[0m
[17:47] [0m             "pester guru" at area entrance.[0m
[17:58] [0m[34;1mEcholoc shouts:[0m woo[0m
[17:58] [0m[34;1mHooligan shouts:[0m woot[0m
[18:01] [0m[34;1mRaest shouts:[0m FAKE[0m
[18:10] [0m[31;1m[Clan] Wasp :[0m idle 3 hours, 0 reforges[0m
[18:10] [0m[31;1m[Clan] Wasp :[0m asher's marvel?[0m
[18:10] [0m[31;1m[Clan] Nine :[0m ogotaz boon[0m
[18:10] [0m[31;1m[Clan] Wasp :[0m ooooo fuck[0m
[18:11] [0m[31;1m[Clan] Wasp :[0m i hope elektra got it[0m
[18:11] [0m[31;1m[Clan] Elektra :[0m woo[0m
[18:11] [0m[31;1m[Clan] Elektra :[0m i did![0m
[18:11] [0m[31;1m[Clan] Boot :[0m yeah even if you login another alt it'll get it[0m
[18:11] [0m[31;1m[Clan] Elektra :[0m that is boon sized[0m
[18:11] [0m[31;1m[Clan] Elektra :[0m is that a single marvel for that?[0m
[18:11] [0m[31;1m[Clan] Boot :[0m check on dd/deathduck[0m
[18:11] [0m[31;1m[Clan] Elektra :[0m oh 20 hours[0m
[18:11] [0m[31;1m[Clan] Elektra :[0m damn[0m
[18:11] [0m[31;1m[Clan] Elektra :[0m wish i had reacher ld[0m
[18:11] [0m[31;1m[Clan] Elektra :[0m god damn... that would be bs for him[0m
[18:12] [0m[31;1m[Clan] Reacher enters the game.[0m  [0m
[18:12] [0m[31;1m[Clan] Reacher :[0m laf, reacher has it[0m
[18:13] [0m[31;1m[Clan] Reacher :[0m 24 hours[0m
[18:13] [0m[31;1m[Clan] Reacher :[0m hmm[0m
[18:13] [0m[31;1m[Clan] Reacher :[0m why is elektra only 21 hours[0m
[18:13] [0m[31;1m[Clan] Reacher :[0m does it expire while ld?[0m
[18:18] [0m[31;1m[Clan] Reacher :[0m why can't i wear this cocoon?[0m
[18:19] [0m[31;1m[Clan] Reacher :[0m i do wear cocoon and get like a line return... no msg[0m
[18:19] [0m[31;1m[Clan] Boot :[0m missing a part of the quest[0m
[18:20] [0m[31;1m[Clan] Roor :[0m what are your reps at?[0m
[18:20] [0m[31;1m[Clan] Elektra :[0m oh[0m
[18:20] [0m[31;1m[Clan] Elektra :[0m low[0m
[18:20] [0m[31;1m[Clan] Elektra :[0m zero[0m
[18:20] [0m[31;1m[Clan] Roor :[0m yeah need 100k[0m
[18:20] [0mYou can currently reforge 12 items.[0m
[18:22] [0m[31;1m[Clan] Reacher :[0m well maybe i'll play reacher later[0m
[18:22] [0m[31;1m[Clan] Reacher :[0m if anyone wants to HC[0m
[18:22] [0m[31;1m[Clan] Boot :[0m i'm on step 395/522 :D[0m
[18:22] [0m[31;1m[Clan] Reacher :[0m oh boot is on[0m
[18:22] [0m[31;1m[Clan] Reacher :[0m what size mobs?[0m
[18:22] [0m[31;1m[Clan] Roor :[0m im down[0m
[18:22] [0m[31;1m[Clan] Reacher :[0m well[0m
[18:23] [0m[31;1m[Clan] Reacher :[0m let's do one more secz run?[0m
[18:23] [0m[31;1m[Clan] Reacher :[0m i need some boots[0m
[18:23] [0m[31;1m[Clan] Reacher :[0m did you get your main nix?[0m
[18:23] [0m[31;1m[Clan] Reacher :[0m or whatever you wanted?[0m
[18:23] [0m[31;1m[Clan] Reacher :[0m ugh missing a green capsule[0m
[18:23] [0m[31;1m[Clan] Roor :[0m yours[0m
[18:23] [0m[31;1m[Clan] Roor :[0m i just need 1 green[0m
[18:23] [0m[31;1m[Clan] Reacher :[0m i guess we could start from 20[0m
[18:23] [0m[31;1m[Clan] Reacher :[0m that should give us 4 greens[0m
[18:23] [0m[31;1m[Clan] Roor :[0m if we're doing that let's roll in there now[0m
[18:23] [0m[31;1m[Clan] Elektra :[0m ok[0m
[18:24] [0m[31;1m[Clan] Roor :[0m name/ser?[0m
[18:24] [0m[31;1m[Clan] Roor :[0m name needs a reset[0m
[18:26] [0m[31;1m[Clan] Boot :[0m i'm almost done[0m
[18:27] [0m[31;1m[Clan] Slacky enters the game.[0m  [0m
[18:29] [0m[31;1m[Clan] Nine :[0m oh yeah[0m
[18:30] [0m[31;1m[Clan] Roor :[0m almost dead[0m
[18:30] [0m[31;1m[Clan] Roor :[0m 10%[0m
[18:32] [0m[31;1m[Clan] Roor :[0m let's just rung from 40 and then we can go back adn start long[0m
[18:32] [0m              run fom the beginning[0m
[18:32] [0m[31;1m[Clan] Nine :[0m nod[0m
[18:32] [0m[31;1m[Clan] Elektra :[0m please don't eat any more greens[0m
[18:32] [0m[31;1m[Clan] Elektra :[0m oh i can dupe[0m
[18:33] [0m[31;1m[Clan] Nine :[0m eat all the greens, helps you get big n strong![0m
[18:33] [0m[31;1m[Clan] Elektra :[0m do we know who has cmc?[0m
[18:33] [0m[31;1m[Clan] Elektra :[0m oh, day 2 not out yet[0m
[18:33] [0m[31;1m[Clan] Elektra :[0m 10%[0m
[18:33] [0m[31;1m[Clan] Elektra :[0m I'll fucking take it[0m
[18:34] [0m[31;1m[Clan] Elektra :[0m ugh and wasp still no reforges[0m
[18:34] [0m[31;1m[Clan] Elektra :[0m you should get something even idle...[0m
[18:34] [0m[31;1m[Clan] Elektra :[0m like once every 3-4 hours or something[0m
[18:34] [0m[31;1m[Clan] Nameless :[0m ive never had that issue before[0m
[18:34] [0m[31;1m[Clan] Nameless :[0m sounds buggy[0m
[18:34] [0m[31;1m[Clan] Elektra :[0m oh?[0m
[18:35] [0m[31;1m[Clan] Elektra :[0m you normally idle for a few hours and come back with 12?[0m
[18:35] [0m[31;1m[Clan] Nameless :[0m nod, although i usually jsut sit at 12 forever[0m
[18:35] [0m[31;1m[Clan] Nameless :[0m i almost never burn mine[0m
[18:35] [0mHooligan <.oO>: woooo[0m
[18:35] [0m[31;1m[Clan] Elektra :[0m make an macro to burn 4[0m
[18:35] [0m[31;1m[Clan] Elektra :[0m never sit at 12 unless it is boot[0m
[18:35] [0m[31;1m[Clan] Boot :[0m i actively play when i reset mine[0m
[18:35] [0m[31;1m[Clan] Nameless :[0m laf[0m
[18:35] [0m[31;1m[Clan] Elektra :[0m unless you are level 100?[0m
[18:35] [0mElektra <.oO>: woo![0m
[18:35] [0m[31;1m[Clan] Nameless :[0m im not, i just dont usually care to run to wsea and do the[0m
[18:35] [0m                  thing[0m
[18:35] [0mRaest <.oO>: woo![0m
[18:36] [0m[31;1m[Clan] Nameless :[0m can do loads, except for on auro and spirit cloak and[0m
[18:36] [0m                  gloves[0m
[18:36] [0m[31;1m[Clan] Nameless :[0m and i hit max defense regardless and can tank basically[0m
[18:36] [0m                  the entire mud[0m
[18:36] [0m[31;1m[Clan] Nix :[0m ok[0m
[18:36] [0m[31;1m[Clan] Elektra :[0m i type "rfr 4" and it runs me to bern, buys 4 skinny[0m
[18:36] [0m                 knives, reforges them, runs back, and sells them at cancers[0m
[18:37] [0m[31;1m[Clan] Nix :[0m i can't do 20, don't have a path[0m
[18:37] [0m[31;1m[Clan] Elektra :[0m ah[0m
[18:37] [0m[31;1m[Clan] Elektra :[0m anyone else coming?[0m
[18:38] [0m[31;1m[Clan] Elektra :[0m anyone else?  no[0m
[18:39] [0m[31;1m[Clan] Nameless :[0m nik[0m
[18:39] [0m[31;1m[Clan] Nameless :[0m come have secz with us[0m
[18:39] [0m[31;1m[Clan] Nik :[0m ooo[0m
[18:39] [0m[31;1m[Clan] Wasp :[0m coming?[0m
[18:40] [0m[31;1m[Clan] Nik :[0m brt[0m
[18:40] [0m[31;1m[Clan] Wasp :[0m we are resetting immediately[0m
[18:40] [0m[31;1m[Clan] Wasp :[0m do you need reest?[0m
[18:40] [0m[31;1m[Clan] Nik :[0m mines open at least[0m
[18:40] [0m[31;1m[Clan] Wasp :[0m it's open?[0m
[18:40] [0m[31;1m[Clan] Wasp :[0m ok reseting[0m
[18:40] [0m[31;1m[Clan] Nik :[0m err its all ready[0m
[18:42] [0m[31;1m[Clan] Nix :[0m oh thought he was following will stop after this one[0m
[18:43] [0m[37;1mMurmandamus flaps :[0m secZ reset 2 mins[0m
[18:44] [0m[37;1mMurmandamus flaps :[0m last call[0m
[18:45] [0m[37;1mNauda flaps :[0m laster call[0m
[18:45] [0m[37;1mRaest flaps :[0m laser call[0m
[18:45] [0m[37;1mHooligan flaps :[0m lastest call?[0m
[18:45] [0m[37;1mNix flaps :[0m for alcohol?[0m
[18:45] [0m[34;1mHooligan shouts:[0m pfft.  i am at home.  Last call is when I go to bed.  :P[0m
[19:08] [0m[31;1m[Clan] Antiochus :[0m am sii will leech xp[0m
[19:12] [0m[31;1m[Clan] Elektra :[0m you want in the party anti?[0m
[19:13] [0m[31;1m[Clan] Elektra :[0m he's ld[0m
[19:14] [0m[31;1m[Clan] Elektra :[0m oh he's not[0m
[19:17] [0mYou can currently reforge 0 items.[0m
[19:19] [0m<- ! The Vigilant ! -> :  A destabilization Kayos event has been detected in[0m
[19:19] [0m                          Deserts of Fantasy!  We are localizing it now -[0m
[19:19] [0m                          get ready![0m
[19:20] [0mYou can currently reforge 4 items.[0m
[19:33] [0mnewb Vara [adventurer/12]: Where is the fantasy portal?[0m
[19:34] [0mnewb Din [bladesinger/134]: in pinnacle?  or where in fantasy?[0m
[19:34] [0mnewb Locrian [bard/111]: from center of town, n, 2w, s, 3w[0m
[19:34] [0mnewb Nauda [necromancer/137]: help map[0m
[19:34] [0mnewb Frustrated [priest/130]: help pinnacle may assist you as well[0m
[19:34] [0mnewb Vara [adventurer/12]: I am blind, I cannot use a map.[0m
[19:34] [0mnewb Din [bladesinger/134]: dmap pinc will show where stuff is in town.  As[0m
[19:34] [0m                            for the fantasy side, by default you'll go to[0m
[19:34] [0m                            the center of wayhaven, but there are 4 other[0m
[19:34] [0m                            portals you can enter from that side to get back[0m
[19:34] [0m                            to pinnacle[0m
[19:49] [0m[37;1mLeianne flaps :[0m dispose off shimmering cloak of aylin and death taco didn't[0m
[19:49] [0m                break me this time.. so that's really the piece that breaks[0m
[19:49] [0m                guac[0m
[19:50] [0m[37;1mElminster flaps :[0m wake up!  grab a brush and put a little make-up![0m
[19:50] [0m[37;1mLeianne flaps :[0m yeah.. think was cream that stops wearing armour.. waking up[0m
[19:50] [0m                :p[0m
[19:58] [0m[34;1mNameless shouts:[0m all the moon men want things their wayyyyyyy[0m
[19:59] [0m[34;1mMurmandamus shouts:[0m on the moon we pull nerds pants down and pelt them with[0m
[19:59] [0m                    moon rocks[0m
[20:33] [0mYou can currently reforge 8 items.[0m
[20:59] [0m[37;1mGrot flaps :[0m anyone interested in paul?[0m
[20:59] [0m[37;1mElminster flaps :[0m hes okay looking i guess[0m
[21:01] [0m[37;1mApocalypse flaps :[0m dunno, yokko might not like you looking at him[0m
[21:01] [0m[37;1mGrot flaps :[0m I'm going to assume this means elminster wants to join a paul2[0m
[21:01] [0m             run[0m
[21:03] [0mMaverik <Craft>: is there a trick to getting past 99% of craft lvl 32?[0m
[21:04] [0mDin <Craft>: the trainer has to teach you to get to 33, then 66[0m
[21:04] [0mScaf <Craft>: and 90[0m
[21:05] [0mScaf <Craft>: iirc[0m
[21:05] [0mMaverik <Craft>: hmm can you only learn so much in a profession or[0m
[21:05] [0m                 something?[0m
[21:05] [0mScaf <Craft>: no caps anymore.[0m
[21:05] [0mLeibniz <Craft>: Initially there were limits, but those have been removed[0m
[21:05] [0mMaverik <Craft>: oh cool[0m
[21:07] [0m[34;1mNauda shouts:[0m Moos are like bees you can never know for certain.[0m
[21:08] [0m[31;1m[Clan] Decav leaves the game.[0m  [0m
[21:08] [0m[31;1m[Clan] Meatloaf leaves the game.[0m  [0m
[21:33] [0mYou can currently reforge 12 items.[0m
[22:33] [0mYou can currently reforge 12 items.[0m
[22:38] [0m[31;1m[Clan] Vidae leaves the game.[0m  [0m
[23:36] [0m[34;1mAlassra shouts:[0m Potato![0m
[23:37] [0m[34;1mSkelepotato shouts:[0m The better potato too![0m
[23:37] [0m[34;1mLocrian shouts:[0m OOooooooOOooooo![0m
[23:38] [0m[34;1mTelepotato shouts:[0m rude[0m
[23:38] [0m[34;1mSkelepotato shouts:[0m but funny![0m
[23:45] [0m[34;1mInnodin shouts:[0m woo[0m
[23:45] [0m[34;1mSaskiwi shouts:[0m :D[0m
[23:48] [0m[34;1mCrolack shouts:[0m Fake News![0m
