- = LOG STARTED [00:00] = -
[02:00] [0m[37;1m[JEDI]:[0m Ylenic It'kla arrives at the Academy.[0m
[02:36] [0mYour transmuter's stone bursts with 5 new colours![0m
[02:36] [0m[37;1m[JEDI]:[0m Rhaan arrives at the Academy.[0m
[02:37] [0mYou can currently reforge 4 items.[0m
[02:38] [0mYou can currently reforge 0 items.[0m
[02:57] [0m[32mKerym says: [0mWell met, Swordbrother Dangerzone, May the Seldarine's Blessings be upon you.[0m
[02:59] [0mYou can currently reforge 4 items.[0m
[03:59] [0mYou can currently reforge 8 items.[0m
[04:00] [0m[31;1m[Clan] Decado leaves the game.[0m  [0m
[11:22] [0mYou can currently reforge 8 items.[0m
[11:23] [0mYou can currently reforge 0 items.[0m
[12:02] [0mYou can currently reforge 4 items.[0m
[12:07] [0m[34;1mVilgan shouts: [0mI want everyone to know that Murmandamus is a big dumb meany.[0m
[12:07] [0m[34;1mMurmandamus shouts:[0m old news[0m
[12:08] [0m[34;1mMurmandamus shouts:[0m I'm going to invade every guild with a horde of Vilgans[0m
[12:11] [0m[34;1mNameless shouts:[0m make vilgan gart again![0m
[12:11] [0m[34;1mMurmandamus shouts:[0m I miss Targ :([0m
[12:21] [0m[31;1m[Clan] Ser :[0m Str: 492    Dex: 506    Wis: 503    Int: 263    Con: 697   [0m
[12:21] [0m             Cha: 282[0m
[12:21] [0m[31;1m[Clan] Nameless :[0m so purdy[0m
[12:22] [0m[31;1m[Clan] Ser :[0m soon int will be in the 400's too[0m
[12:22] [0m[31;1m[Clan] Ser :[0m a level or 2[0m
[12:27] [0m[31;1m[Clan] Ser :[0m 124.95 hrs g2n[0m
[12:28] [0m[31;1m[Clan] Wasp :[0m con700 eh?[0m
[12:29] [0m[31;1m[Clan] Ser :[0m  Constitution +219   2.93 hours   Psicorps Vigor[0m
[12:30] [0m[31;1m[Clan] Nameless :[0m 20 20 20 4 hours to gooooo i just wanna glvl[0m
[12:30] [0m[31;1m[Clan] Nameless :[0m and still 2 more after that![0m
[12:32] [0m[31;1m[Clan] Byron :[0m ser gonna get gud![0m
[12:35] [0m[31;1m[Clan] Nameless :[0m faster than i will at least![0m
[12:54] [0m[31;1m[Clan] Byron :[0m geeze 1 day left still[0m
[12:57] [0m[31;1m[Clan] Byron :[0m anyone wanna do vampies?[0m
[12:57] [0m[31;1m[Clan] Ser :[0m sure after embig runs out[0m
[12:57] [0m[31;1m[Clan] Elektra :[0m probably do some stuff for reacher[0m
[12:57] [0m[31;1m[Clan] Elektra :[0m playing golf in an hour[0m
[12:57] [0m[31;1m[Clan] Elektra :[0m i'm farming and need another mining run[0m
[12:57] [0m[31;1m[Clan] Elektra :[0m going to make him voidstone platemails to eat next boot[0m
[12:58] [0m[31;1m[Clan] Elektra :[0m but i didn't have any voidstone bars[0m
[12:58] [0m[31;1m[Clan] Elektra :[0m SHIT tons of titanium bars... that shit is useless[0m
[13:03] [0m[31;1m[Clan] Byron :[0m i can smith stuff on oscar[0m
[13:03] [0m[31;1m[Clan] Elektra :[0m got any extra voidstone bar?[0m
[13:03] [0m[31;1m[Clan] Elektra :[0m i just want average or even poor[0m
[13:03] [0m[31;1m[Clan] Byron :[0m ummm dunno i can check[0m
[13:03] [0m[31;1m[Clan] Byron :[0m for this boot?[0m
[13:03] [0m[31;1m[Clan] Byron :[0m or next[0m
[13:03] [0m[31;1m[Clan] Elektra :[0m no[0m
[13:03] [0m[31;1m[Clan] Elektra :[0m next boot[0m
[13:03] [0m[31;1m[Clan] Byron :[0m nog[0m
[13:03] [0m[31;1m[Clan] Elektra :[0m i have 9 bars[0m
[13:03] [0m[31;1m[Clan] Elektra :[0m i'll make some more... need 5 for platemail[0m
[13:04] [0m[31;1m[Clan] Ser :[0m Voidstone Bar             |   8 |  8[0m
[13:04] [0m[31;1m[Clan] Byron :[0m why do you want that?[0m
[13:04] [0m[31;1m[Clan] Elektra :[0m might make 3... 2 to eat with shit gems and just average[0m
[13:04] [0m                 qual...  ave qual is same ac as legendary[0m
[13:04] [0m[31;1m[Clan] Byron :[0m I assume reinforce oyu just want max ac?[0m
[13:04] [0m[31;1m[Clan] Ser :[0m why not phasemetal[0m
[13:04] [0m[31;1m[Clan] Elektra :[0m and then a good one to wear with endurance gems[0m
[13:04] [0m[31;1m[Clan] Elektra :[0m i need mind/energy ac[0m
[13:11] [0m[32mSer tells you:[0m wanna come hit in sz[0m
[13:22] [0mYou can currently reforge 8 items.[0m
[13:34] [0m[34;1mDrax shouts:[0m Yay![0m
[13:38] [0mSuicaudio <Craft>: what can you transmute at lvl 1 transmuter to proc it?[0m
[13:38] [0mEllegon <Craft>: stuff in your satchel[0m
[13:38] [0mElektra <Craft>: one is aquamarine/dust, copper shards, morganite/dust,[0m
[13:38] [0m                 tiger's eye/dust.[0m
[13:40] [0mSuicaudio <Craft>: thanks elektra[0m
[13:40] [0mElektra <Craft>: and those items all come from mining copper.[0m
[13:40] [0mElektra <Craft>: and don't forget to have your enchanter prospect the ores[0m
[13:40] [0m                 for more goodies.[0m
[13:46] [0m[36m<BS> Finster :[0m can you train passive[0m
[13:48] [0m[36m<BS> Taris :[0m One would assume so, though as with other skills if you don't[0m
[13:48] [0m             see it available you probably have to train something else to[0m
[13:48] [0m             get it to populate.[0m
[13:48] [0m[36m<BS> Taris :[0m But I'm not glvl 65 so I can't say for sure.[0m
[13:49] [0m[36m<BS> Finster :[0m well i have it and can use it, but it doesn't come up under[0m
[13:49] [0m               the trainable lists[0m
[13:50] [0m[36m<BS> Taris :[0m Odd.  I realize that my memory isn't 100% but I could swear[0m
[13:50] [0m             I've seen players train it in the past.[0m
[13:50] [0m[36m<BS> Finster :[0m yeah i'd expet so[0m
[13:50] [0m[36m<BS> Finster :[0m just n eed to figure out how to recover gobj[0m
[13:52] [0m[36m<BS> Taris :[0m bfix[0m
[13:52] [0m[36m<BS> Taris :[0m However, info bfix...[0m
[13:53] [0m[36m<BS> Taris :[0m You might try fixme at the guild entrance before trying bfix,[0m
[13:53] [0m             just in case it goes silly.[0m
[13:56] [0m[36m<BS> Taris :[0m I mean, I've never had bfix bug out on me but if the info file[0m
[13:56] [0m             says to use it sparingly, it probably says so for a reason.[0m
[14:02] [0m[34;1mWayne shouts:[0m two for the price of one?[0m
[14:02] [0m[34;1mSuicaudio shouts:[0m dog contractsss[0m
[14:02] [0m[36m<BS> Taris :[0m Any change?[0m
[14:20] [0m[34;1mNightrider shouts:[0m moo moo gotz 3 rooms muah[0m
[14:22] [0mYou can currently reforge 12 items.[0m
[15:43] [0m[34;1mSliceopie shouts:[0m yeah!![0m
[17:23] [0mYou can currently reforge 12 items.[0m
[17:23] [0mYou can currently reforge 0 items.[0m
[17:49] [0m[32mYou tell Ser:[0m worried about not gxping[0m
[17:50] [0m[32mYou tell Ser:[0m ill be afk  shortly[0m
[18:03] [0m[34;1mMurmandamus shouts:[0m 8inix do I have tequila?[0m
[18:03] [0m[34;1mInix shouts:[0m [30;1m([34;1m8[30;1m)[0mInix : Signs point to yes[0m
[18:03] [0mYou can currently reforge 4 items.[0m
[18:03] [0m[34;1mMurmandamus shouts:[0m sorry naudz! you know what that means![0m
[18:06] [0m[34;1mNauda shouts:[0m Sky high in Colorado, your lips pressed against the bottle.[0m
[18:06] [0m              Swearing on a Bible, baby, I'd never leave ya. I remember how[0m
[18:06] [0m              bad I need ya, When I taste tequila[0m
[18:06] [0m[34;1mMurmandamus shouts:[0m I actually love that song[0m
[19:10] [0m[34;1mMurmandamus shouts:[0m did you know that outer space is a demilitarized zone?[0m
[19:12] [0m[34;1mInix shouts:[0m Unmilitarized seems more appropriate[0m
[19:12] [0m[34;1mInix shouts:[0m Not-yet-militarized[0m
[19:14] [0m[34;1mNauda shouts:[0m damn, I wanted to say that too, Unmilitarized would mean it[0m
[19:14] [0m              once was[0m
[19:15] [0m[34;1mNauda shouts:[0m As Neil deGrasse Tyson said, fastest way to get men to Mars is[0m
[19:15] [0m              to leak China has plans to make a military base there.[0m
[19:16] [0m[34;1mMurmandamus shouts:[0m i'm sure some sort of 'weapon' has been taken past 62[0m
[19:16] [0m                    miles from the surface of the planet (3oz of liquid) ...[0m
[19:20] [0m[34;1mMurmandamus shouts:[0m not related: BTS has some great producers[0m
[19:20] [0m[34;1mInix shouts:[0m 62 miles from the surface may be space, but I wouldn't call it[0m
[19:20] [0m             /outer/ space[0m
[19:21] [0m[34;1mMurmandamus shouts:[0m 8inix is 62 miles enough?[0m
[19:26] [0m[34;1mMurmandamus shouts:[0m 'save'[0m
[19:31] [0m[34;1mMurmandamus shouts:[0m we gonna get it poppin, we gonna get it jukin....[0m
[19:41] [0m[34;1mMurmandamus shouts:[0m they wont go when I go[0m
[21:02] [0mYou can currently reforge 4 items.[0m
[21:09] [0m[34;1mLocrian shouts:[0m +18 CON boost at CoT! ack me.[0m
[21:22] [0m[34;1mNauda shouts:[0m unstoppable bot meets an immovable object[0m
[21:25] [0mYou can currently reforge 8 items.[0m
[21:46] [0m[Auction] Cixx (necr) : sell me some stuff[0m
[21:48] [0m[Auction] Murmandamus (necr) : no[0m
[21:48] [0m[Auction] Cixx (necr) : :([0m
[22:25] [0mYou can currently reforge 12 items.[0m
[23:09] [0mYou can currently reforge 0 items.[0m
[23:25] [0mYou can currently reforge 4 items.[0m
[23:43] [0m[34;1mCixx shouts:[0m I don't know who needs to hear this right now, but you're[0m
[23:43] [0m             pretty.[0m
[23:44] [0m[34;1mPrism shouts:[0m I know[0m
[23:44] [0m[34;1mSissy shouts:[0m oh ... SO ... pretty![0m
[23:44] [0m[34;1mAsher shouts:[0m That's not what my mirror says![0m
[23:45] [0m[34;1mLocrian shouts:[0m mirror mirror on the wall[0m
