- = LOG STARTED [00:00] = -
[00:07] [0m[37;1m[JEDI]:[0m Ylenic It'kla arrives at the Academy.[0m
[00:08] [0mFd  Wm:g Wc:  4% Gx: 66.87% Fx: 98.76%[0m
[00:16] [0m[31;1m[Clan] Nameless :[0m https://www.youtube.com/watch?v=-tlWjsaF1Og[0m
[00:16] [0m[31;1m[Clan] Nameless :[0m cute tourettes girl twitch streamer interview[0m
[00:27] [0m[37;1mEllegon flaps :[0m I don't suppose someone will tank a 2nd one.[0m
[00:29] [0m[31;1m[Clan] Prism :[0m nameless did you get a tag?[0m
[00:29] [0m[31;1m[Clan] Nameless :[0m not yet[0m
[00:29] [0m[31;1m[Clan] Nameless :[0m gonna try to kill again[0m
[00:30] [0m[35;1mKsemia [Jedi(Master)]:[0m phasemetal codpiece in[0m
[00:30] [0m[35;1mKsemia [Jedi(Master)]:[0m on the off chance anyone still needs an other[0m
[00:32] [0m[35;1mRhyson [Jedi(26)]:[0m Phasemetal... just sounds fancier.[0m
[00:36] [0m[31;1m[Clan] Nameless :[0m i swear my dmg isnt this bad, but for whatever reason tags hate me heh[0m
[00:37] [0mNameless <Craft>: anyone want a farmer 2 tome?[0m
[00:41] [0m[37;1m[JEDI]:[0m Herah Wylann arrives at the Academy.[0m
[01:13] [0m[37;1m[JEDI]:[0m Kerran Halcyon arrives at the Academy.[0m
[01:36] [0m[37;1mLeianne flaps :[0m Kiki is the wiz who listens :)[0m
[01:37] [0m[37;1mNobody flaps :[0m You mean he listens in.[0m
[01:38] [0m[37;1mKagour flaps :[0m in general, kiki rocks :P[0m
[01:39] [0m[37;1mNobody flaps :[0m Kokopipi is the best[0m
[01:40] [0m[37;1mSissy flaps :[0m so 12 day timer for him kiki ?[0m
[01:41] [0m[37;1mLeianne flaps :[0m hehe.. at least even if I finished a dungeon at 10pm (started 9am with events,[0m
[01:41] [0m                lunch break etc), I can start a new one the next day :)[0m
[01:48] [0m[34;1mPrism shouts:[0m Bruce is the worst[0m
[01:48] [0m[34;1mTimmy shouts:[0m we love timmy![0m
[01:48] [0m[34;1mPrism shouts:[0m Lies[0m
[01:50] [0m[37;1m[JEDI]:[0m Bithoff Jonansaan arrives at the Academy.[0m
[02:01] [0m[31;1m[Clan] Bruce leaves the game.[0m  [0m
[02:17] [0m[37;1mLulu flaps :[0m abid reinforce[0m
[02:17] [0m[37;1mLulu flaps :[0m What power makes it stronger and stronger[0m
[02:18] [0m[37;1mLulu flaps :[0m I noticed that the combat suit changes strengths when yall keep reposting it[0m
[02:18] [0m[37;1mLulu flaps :[0m What are yall doing to it?[0m
[02:18] [0m[37;1mSissy flaps :[0m duplicate item[0m
[02:18] [0m[37;1mStasis flaps :[0m new mob every day[0m
[02:19] [0m[37;1mLulu flaps :[0m It gets stronger the more they respawn?[0m
[02:19] [0m[37;1mSissy flaps :[0m each day a new version spawns, up to day 7[0m
[02:19] [0m[37;1mKagour flaps :[0m it just gets stronger each day[0m
[02:22] [0m[37;1mCrimson flaps :[0m so does anyone remember where the area holding eye of azurin is?[0m
[02:23] [0m[37;1mClock flaps :[0m north fantasy[0m
[02:23] [0m[37;1mClock flaps :[0m In a tower[0m
[02:23] [0m[37;1m[JEDI]:[0m Wennic Ber'ni'lok arrives at the Academy.[0m
[02:24] [0m[37;1mCrimson flaps :[0m I remember that much[0m
[02:24] [0m[37;1mCrimson flaps :[0m but there's a lot of random paths leading everywhere, and the exit to the tower[0m
[02:24] [0m                was not super obvious I thought[0m
[02:25] [0m[37;1mClock flaps :[0m It's been like 10 years.[0m
[03:00] [0m[34;1mJasmine shouts:[0m DIRTY FILTHY MEMORY![0m
[03:01] [0m[37;1m[JEDI]:[0m Janath Meelin arrives at the Academy.[0m
[03:36] [0m[37;1m[JEDI]:[0m Durnoth arrives at the Academy.[0m
[03:43] [0m[37;1mKagour flaps :[0m how do you pledge yourself to dundee poachers??[0m
[03:54] [0m[37;1mVortex flaps :[0m anyone wants a scroll of universe?[0m
[04:07] [0m[37;1m[JEDI]:[0m Alyssa K'tal arrives at the Academy.[0m
[04:15] [0m[34;1mNobody shouts:[0m Yawn[0m
[04:40] [0m[37;1m[JEDI]:[0m Reena Bel Noir arrives at the Academy.[0m
[04:55] [0m[34;1mOreo shouts:[0m what if god was one of us, he'd probably have corona and claim voter fraud too.[0m
[05:07] [0m[37;1m[JEDI]:[0m Wennic Ber'ni'lok arrives at the Academy.[0m
[05:37] [0m[37;1m[JEDI]:[0m Durnoth arrives at the Academy.[0m
[06:05] [0m[35;1mInquisitor [Jedi(Knight)]:[0m heh...  that corpse trigger works better if you actually remember to[0m
[06:05] [0m                           go get a coffin after you log in[0m
[06:06] [0m[37;1m[JEDI]:[0m Alyssa K'tal arrives at the Academy.[0m
[06:06] [0m[35;1mOreo [Jedi(37)]:[0m thats why i set mine to use the corpse if i dont a coffin[0m
[06:07] [0m[35;1mOreo [Jedi(37)]:[0m if no coffin do smack self say stupid grab a coffin action focus absorb energy[0m
[06:08] [0m[35;1mEnder [Jedi(Knight)]:[0m Pants first, then shoes inquisitor. Don't forget the pants.[0m
[06:08] [0m[35;1mOreo [Jedi(37)]:[0m pants are illegal 15 yard penalty[0m
[06:08] [0m[35;1mOreo [Jedi(37)]:[0m 1rst down[0m
[06:09] [0m[35;1mInquisitor [Jedi(Knight)]:[0m I'm gonna go run here in about 5 minutes so...  shorts.  It's too[0m
[06:09] [0m                           warm this morning for pants[0m
[06:09] [0m[35;1mOreo [Jedi(37)]:[0m we are jedi its robes not pants[0m
[06:11] [0m[35;1mOreo [Jedi(37)]:[0m i  hate the end of the month, always so darn broke[0m
[06:11] [0m[34;1mEnder shouts:[0m Just a reminder for ya'll before you put your phones down and get out of bed:[0m
[06:11] [0m              https://tinyurl.com/43dytkk7[0m
[06:13] [0m[35;1mInquisitor [Jedi(Knight)]:[0m Oooh, end of the month.  I get paid tomorrow.  No wait, tomorrow's[0m
[06:13] [0m                           Sunday.  I got paid yesterday.[0m
[06:16] [0m[35;1mEnder [Jedi(Knight)]:[0m Blocking con until either Inquisitor is somewhere cold enough to wear[0m
[06:16] [0m                      pants, or winter goes away and I can wear shorts.[0m
[06:16] [0m[35;1mInquisitor [Jedi(Knight)]:[0m I'm in eastern Virginia.  Give it a day or two and it will go back to[0m
[06:16] [0m                           normal seasonal temps.[0m
[06:16] [0m[35;1mInquisitor [Jedi(Knight)]:[0m It's 55 this morning.  Yesterday at this hour it was 36.[0m
[06:17] [0m[35;1mEnder [Jedi(Knight)]:[0m grin. by the time march hits as a Canadian, i am super tired of winter:)[0m
[06:17] [0m[35;1mInquisitor [Jedi(Knight)]:[0m Yeah, thanks to the Army I really can't do cold.[0m
[06:18] [0m[35;1mInquisitor [Jedi(Knight)]:[0m They keep sending me to super hot places so I can deal with 115[0m
[06:18] [0m                           easier than I can deal with 30.[0m
[10:42] [0m<- ! The Vigilant ! -> :  A destabilization Kayos event has been detected in Northern Hills of[0m
[10:42] [0m                          Fantasy!  We are localizing it now - get ready![0m
[10:51] [0m[37;1m[JEDI]:[0m Reena Bel Noir arrives at the Academy.[0m
[10:55] [0m[37;1mAlassra flaps :[0m Kayos Wars Portal: Road/5e/2n, Freezing[0m
[11:07] [0m[34;1mOreo shouts:[0m mcdonalds buffalo sauce sux as fyi[0m
[11:13] [0m[37;1mByron flaps :[0m getting help from google is the most frustrating experience possible[0m
[11:13] [0m[37;1mLocrian flaps :[0m i'm sorry, i must be distracting them since i'm killing all their androids atm.[0m
[11:19] [0m[37;1m[JEDI]:[0m H'ssani C'talan arrives at the Academy.[0m
[11:23] [0m[37;1mNightrider flaps :[0m doing firebaty for tag[0m
[11:43] [0m[34;1mLocrian shouts:[0m CON boost at CoT - ack me[0m
[11:46] [0m[37;1m[JEDI]:[0m Tobias Kel'ach'nar arrives at the Academy.[0m
[11:46] [0m[37;1mNobody flaps :[0m I am not your father![0m
[11:47] [0m[37;1mLocrian flaps :[0m thank the gods![0m
[11:47] [0m[37;1mNobody flaps :[0m Only if its the chaos gods.[0m
[12:10] [0m[31;1m[Clan] Ser :[0m yo[0m
[12:10] [0m[31;1m[Clan] Nix :[0m yo[0m
[12:10] [0m[31;1m[Clan] Nix :[0m sup dawg[0m
[12:10] [0m[31;1m[Clan] Nix :[0m join us on our quest[0m
[12:10] [0m[31;1m[Clan] Ser :[0m running event[0m
[12:10] [0m[31;1m[Clan] Ser :[0m then sure[0m
[12:10] [0m[31;1m[Clan] Nix :[0m text aka and tell him to wake up =P[0m
[12:10] [0m[31;1m[Clan] Ser :[0m dont have his # i dont think, will check[0m
[12:11] [0m[31;1m[Clan] Ser :[0m nah just nik[0m
[12:15] [0m[37;1m[JEDI]:[0m Talia Ska arrives at the Academy.[0m
[12:20] [0m[31;1m[Clan] Nameless :[0m i used to have his number but several phone swaps since then hehe[0m
[12:20] [0m[31;1m[Clan] Nix :[0m he's back![0m
[12:45] [0m[37;1mKagour flaps :[0m any hitter for a 120 z?[0m
[12:47] [0mFd  Wm:g Wc: 22% Gx: 70.88% Fx: 99.76%[0m
[12:48] [0m[37;1m[JEDI]:[0m Rhaan arrives at the Academy.[0m
[13:15] [0m[37;1m[JEDI]:[0m Ylenic It'kla arrives at the Academy.[0m
[13:16] [0m[31;1m[Clan] Ser :[0m do i pop embiggen in my event or when i come hang out w/ you guys[0m
[13:16] [0m[31;1m[Clan] Ser :[0m also you guys do day 5?[0m
[13:16] [0m[31;1m[Clan] Ser :[0m also afk running to store for nicotine, gf left *eyeroll*[0m
[13:16] [0m[31;1m[Clan] Decav :[0m i did one earlier, around to help if you need it[0m
[13:17] [0m[31;1m[Clan] Nameless :[0m id id day 5 last night but i can do it again[0m
[13:17] [0m[31;1m[Clan] Nameless :[0m just need to dupe a stringaling and the magic can begin![0m
[13:18] [0m[31;1m[Clan] Ser :[0m ok i'm like 1/3 done w/ event so another 2 hrs :P[0m
[13:18] [0m[31;1m[Clan] Decav :[0m this is fun for being a mge: High  High   100  High    60    20    60  High    60[0m
[13:18] [0m               60[0m
[13:18] [0m[31;1m[Clan] Nameless :[0m grin[0m
[13:32] [0m[34;1mEcholoc shouts:[0m woot[0m
[13:33] [0m[34;1mLocrian shouts:[0m WOOOOOO!!!!!!!!!!!!!!!!!!!!!![0m
[13:43] [0m[34;1mBenek shouts:[0m that dirty soldier got Apocalypse now. :([0m
[13:45] [0m[31;1m[Clan] Ser :[0m 2nd to last row of event[0m
[13:45] [0m[31;1m[Clan] Ser :[0m (then b unkers & spacecship)[0m
[13:46] [0m[37;1m[JEDI]:[0m Kerran Halcyon arrives at the Academy.[0m
[14:06] [0m[31;1m[Clan] Nameless :[0m woo[0m
[14:18] [0m[37;1m[JEDI]:[0m Durnoth arrives at the Academy.[0m
[14:26] [0m[31;1m[Clan] Ser :[0m 3rd bunker[0m
[14:37] [0m[34;1mZiphe shouts:[0m s'up broski[0m
[14:55] [0m[37;1m[JEDI]:[0m Bithoff Jonansaan arrives at the Academy.[0m
[14:59] [0m[34;1mXiu shouts:[0m you may have heard of one like me, who dances and prances and sings with glee.[0m
[14:59] [0m            wherever there's strife the singer is there, he slaughters and slays with such merry[0m
[14:59] [0m            flair! -BLADESINGERS: Even orcs are welcome.[0m
[14:59] [0m[34;1mKagour shouts:[0m oh, that sounds more like bards[0m
[15:00] [0m[34;1mDin shouts:[0m it's what bards wanted to be, but then they got turned into mages[0m
[15:00] [0m[34;1mInquisitor shouts:[0m If "The Devil Went Down to Georgia" still works, bards are better summoners[0m
[15:00] [0m                   than mages.[0m
[15:01] [0m[34;1mByron shouts:[0m It was avtually upgraded :P[0m
[15:02] [0m[31;1m[Clan] Nameless :[0m almost![0m
[15:02] [0m[34;1mLocrian shouts:[0m a lesson learned in life, known from the dawn of time. RESPECT![0m
[15:03] [0m[34;1mNameless shouts:[0m beauty and the beast[0m
[15:07] [0m[35;1mInquisitor [Jedi(Knight)]:[0m Aw yeah.  Snap shot.  Because I wanna.  Pew pew.  Pew.  (+pew)[0m
[15:29] [0m[35;1mOreo [Jedi(37)]:[0m snippidy snappa pappa[0m
[15:29] [0m[37;1m[JEDI]:[0m Herah Wylann arrives at the Academy.[0m
[15:30] [0m[35;1mInquisitor [Jedi(Knight)]:[0m What can I say?  I'm a sucker for seeing a lot of attacks.  Even if[0m
[15:30] [0m                           they're...  you know...  kinda light duty.[0m
[15:31] [0m[31;1m[Clan] Byron :[0m The Queen of Hearts has reset.[0m
[16:00] [0m[37;1m[JEDI]:[0m Reena Bel Noir arrives at the Academy.[0m
[16:00] [0m[31;1m[Clan] Ser :[0m man[0m
[16:08] [0m[31;1m[Clan] Byron :[0m The Queen of Hearts has reset.[0m
[16:25] [0m[34;1mMentok shouts:[0m WOOO[0m
[16:25] [0m[34;1mKichi shouts:[0m laf[0m
[16:25] [0m[37;1mMentok flaps :[0m BLOW EM UP![0m
[16:25] [0m[34;1mOnodrim shouts:[0m pew[0m
[16:25] [0m[34;1mBenek shouts:[0m *screams in horror*[0m
[16:25] [0m[32mTurnhold tells you:[0m Guess I shouldn't tell Adalius 'No.' huh?[0m
[16:25] [0m[34;1mStormer shouts:[0m Kablam![0m
[16:25] [0m[34;1mEllegon shouts:[0m death from above, like the almighty above.[0m
[16:26] [0m[34;1mAiki shouts:[0m nope, just let it happen baby[0m
[16:26] [0m[34;1mPrism shouts:[0m You're not the first, and you won't be the last![0m
[16:26] [0m[34;1mNightrider shouts:[0m Tell him moo[0m
[16:26] [0m[34;1mOreo shouts:[0m i wouldnr tell him[0m
[16:26] [0m[31;1m[Clan] Nameless :[0m ohi ser[0m
[16:27] [0m[34;1mKichi shouts:[0m it doesnt need to be consensual after all[0m
[16:27] [0m[31;1m[Clan] Ser :[0m i had a nap[0m
[16:27] [0m[31;1m[Clan] Nameless :[0m want me to snag you for the final 100 secz rooms?[0m
[16:27] [0m[34;1mTurnhold shouts:[0m I do what I'm told.[0m
[16:27] [0m[31;1m[Clan] Nameless :[0m then we reset and do it again?![0m
[16:27] [0m[31;1m[Clan] Nameless :[0m i had a nap earlier too, weird ass dreams[0m
[16:28] [0m[31;1m[Clan] Ser :[0m me too[0m
[16:28] [0m[34;1mRaest shouts:[0m Turnhold was named after the age of tradition of being Voluntold to help[0m
[16:29] [0m[31;1m[Clan] Ser :[0m i had a dream that felt liek a continuation of another dream..  i was moving to[0m
[16:29] [0m             this apartment on the 2nd floor of this giant structure w/ like an attached and i[0m
[16:29] [0m             had found this photographer's portfolio[0m
[16:30] [0m[31;1m[Clan] Nameless :[0m oooo[0m
[16:30] [0m[31;1m[Clan] Ser :[0m and then i had seen this photographer's posts on social media so i reached out to[0m
[16:30] [0m             them[0m
[16:30] [0m[34;1mGuru shouts:[0m woo[0m
[16:30] [0m[31;1m[Clan] Ser :[0m and they had been documenting some scary shit and when i finally met them in "real"[0m
[16:30] [0m             life the dream ended[0m
[16:32] [0m[37;1m[JEDI]:[0m Janath Meelin arrives at the Academy.[0m
[16:32] [0m[31;1m[Clan] Ser :[0m but it was a weird parking garage-like structure, and i wanted to help, and i dunno[0m
[16:32] [0m             what else happened[0m
[16:32] [0m[31;1m[Clan] Ser :[0m man i've had a lot more vivid dreams since i quit smoking weed[0m
[16:32] [0m[31;1m[Clan] Ser :[0m that's usually what happens tho[0m
[16:32] [0m[31;1m[Clan] Ser :[0m i can't remember them when i don't smoke[0m
[16:32] [0m[31;1m[Clan] Ser :[0m err i can't remember if i even dream when i smoke[0m
[16:32] [0m[31;1m[Clan] Nameless :[0m i had an awful dream that i woke up from the last years events and was still[0m
[16:32] [0m                  in the psych ward lolol[0m
[16:33] [0m[31;1m[Clan] Nameless :[0m hate those ones that make me doubt reality briefly[0m
[16:33] [0m[31;1m[Clan] Ser :[0m when i don't i have crazy vivid dreams that i want to chase[0m
[16:36] [0m[31;1m[Clan] Nameless :[0m im so hungry, fuckin chinese takeout has like no lasting fullness factor[0m
[16:39] [0m[31;1m[Clan] Ser :[0m brb tryna break tt[0m
[16:39] [0m[34;1mNameless shouts:[0m all mudders created after 2007 know is bot sec z, spam epowers, eat hotchip,[0m
[16:39] [0m                 and die[0m
[16:40] [0m[31;1m[Clan] Ser :[0m so strange[0m
[16:40] [0m[31;1m[Clan] Ser :[0m broke 2x in last 2 days[0m
[16:40] [0m[31;1m[Clan] Ser :[0m i should pay attention to the actual message[0m
[16:40] [0m[31;1m[Clan] Ser :[0m anyways, you guys are almost done w sz[0m
[16:40] [0m[31;1m[Clan] Nameless :[0m step 463[0m
[16:41] [0m[31;1m[Clan] Ser :[0m gonna go bounce firebat til i die[0m
[16:44] [0m[37;1mSer flaps :[0m anyone willing to beat on firebat for me[0m
[16:48] [0m[31;1m[Clan] Nameless :[0m oh laf[0m
[16:48] [0m[31;1m[Clan] Nameless :[0m you want my dmg?[0m
[16:48] [0m[31;1m[Clan] Ser :[0m sure[0m
[16:48] [0m[31;1m[Clan] Ser :[0m building bulwark rf[0m
[16:49] [0m[31;1m[Clan] Ser :[0m love it when there are stacks of 60-80 citizens in fan[0m
[16:50] [0m[31;1m[Clan] Nameless :[0m laf[0m
[16:50] [0m[31;1m[Clan] Nameless :[0m e of batman[0m
[17:04] [0m[37;1m[JEDI]:[0m Alyssa K'tal arrives at the Academy.[0m
[17:05] [0m[35;1mHyuga [Jedi(98)]:[0m you would love shimura[0m
[17:05] [0m[35;1mHyuga [Jedi(98)]:[0m its like 3 attacks a round, every 5 rounds or so you do like 15 :p[0m
[17:07] [0m[31;1m[Clan] Ser :[0m god-like is day 5 right[0m
[17:07] [0m[31;1m[Clan] Nameless :[0m nod[0m
[17:08] [0m[31;1m[Clan] Ser :[0m strung cmc day 3 in box[0m
[17:09] [0m[31;1m[Clan] Sock wiggles on your foot.[0m  [0m
[17:36] [0m[37;1m[JEDI]:[0m Wennic Ber'ni'lok arrives at the Academy.[0m
[17:37] [0m[32;1mFrom afar, you go 'Woo Woo!' at Apocalypse.[0m[0m
[17:51] [0m[31;1m[Clan] Roken :[0m sz?[0m
[17:51] [0m[34;1mCrolack shouts:[0m Pie.[0m
[17:51] [0m[31;1m[Clan] Nix :[0m yea join us[0m
[17:51] [0m[31;1m[Clan] Nix :[0m resetting in 2 rooms[0m
[17:54] [0m[31;1m[Clan] Roken :[0m alright, i'll chill at tit screen[0m
[17:58] [0m[33;1m[PARTY][0m Nix: resetting[0m
[17:58] [0m[31;1m[Clan] Ser :[0m tit screen[0m
[17:58] [0m[33;1m[PARTY][0m Nix: come in[0m
[17:58] [0m[33;1m[PARTY][0m Nameless: whee[0m
[17:59] [0m[32;1mFrom afar, Ser shouts 'WAKE UP!' at you. (at 6:59 pm)[0m[0m
[17:59] [0m[33;1m[PARTY][0m Nameless: ooo got the tokin' token roken[0m
[17:59] [0m[33;1m[PARTY][0m Nix: starting[0m
[18:00] [0m[33;1m[PARTY][0m Ser: average damage ended up being ~8.9[0m
[18:00] [0m[33;1m[PARTY][0m Roken: ok[0m
[18:00] [0m[33;1m[PARTY][0m Roken: press start?[0m
[18:00] [0m[33;1m[PARTY][0m Ser: yah[0m
[18:00] [0m[33;1m[PARTY][0m Nix: yea[0m
[18:00] [0m[33;1m[PARTY][0m Nix: and follow me[0m
[18:00] [0m[33;1m[PARTY][0m Nix: aka[0m
[18:00] [0m[33;1m[PARTY][0m Nix: byron[0m
[18:00] [0m[33;1m[PARTY][0m Nameless: just need kaka and by-wrong[0m
[18:01] [0m[33;1m[PARTY][0m Ser: do i pop em without em?[0m
[18:02] [0m[33;1m[PARTY][0m Nameless: think we will shave like 10 rounds with byron in here so[0m
[18:03] [0m[33;1m[PARTY][0m Ser: god i fucking love garlic toast[0m
[18:03] [0m[33;1m[PARTY][0m Nix: so good[0m
[18:04] [0m[33;1m[PARTY][0m Nameless: grin[0m
[18:04] [0m[33;1m[PARTY][0m Nameless: i wanna make another sourdough starter and maybe not let[0m
[18:04] [0m          it freeze to death this time[0m
[18:06] [0m[33;1m[PARTY][0m Ser: jfc its supposed to get up to 78 tomorrow[0m
[18:09] [0m[33;1m[PARTY][0m Nix: weather extremes[0m
[18:09] [0m[33;1m[PARTY][0m Nameless: hmm[0m
[18:10] [0m[33;1m[PARTY][0m Nameless: oh georgia[0m
[18:12] [0m[37;1m[JEDI]:[0m Kerran Halcyon arrives at the Academy.[0m
[18:12] [0m[33;1m[PARTY][0m Aka: h[0m
[18:19] [0m[33;1m[PARTY][0m Ser: nog, time to start migrating my crypto miner to a grow[0m
[18:19] [0m     tent and run cat-5 thru my house[0m
[18:21] [0m[33;1m[PARTY][0m Nameless: heh[0m
[18:21] [0m[33;1m[PARTY][0m Nameless: i was semi excited to do something of that nature with[0m
[18:21] [0m          whisper, but that venture never panned out[0m
[18:21] [0m[33;1m[PARTY][0m Ser: i've got a window exhaust vent coming, just ordered more[0m
[18:21] [0m     shelves from home depot, i need to get 220v wired over in[0m
[18:21] [0m     this room[0m
[18:22] [0m[33;1m[PARTY][0m Ser: then the miners can suck in the ambient house air and i'll[0m
[18:22] [0m     vent the exhaust outside[0m
[18:22] [0m[33;1m[PARTY][0m Ser: at least for the summer...  maybe reverse it in the winter[0m
[18:22] [0m     (draw cool air from outside and push it inside[0m
[18:24] [0m[33;1m[PARTY][0m Ser: https://i.imgur.com/9xTGvu0.gifv[0m
[18:24] [0m[33;1m[PARTY][0m Ser: no more garlic bread :([0m
[18:26] [0m[31;1m[Clan] Ser :[0m BBB doesn't like my botty[0m
[18:26] [0m[33;1m[PARTY][0m Ser: fuggit i'm doing it[0m
[18:27] [0m[33;1m[PARTY][0m Nameless: is there supposed to be audio or[0m
[18:27] [0m[33;1m[PARTY][0m Ser: yah[0m
[18:27] [0m[33;1m[PARTY][0m Ser: there should be a mute speaker top right[0m
[18:28] [0m[33;1m[PARTY][0m Nameless: ahh[0m
[18:28] [0m[37;1mBliss <.oO>:[0m boom[0m
[18:28] [0m[33;1m[PARTY][0m Ser: https://imgur.com/9xTGvu0 if that didnt have any audio[0m
[18:29] [0m[33;1m[PARTY][0m Nameless: hahah[0m
[18:29] [0m[31;1m[Clan] Byron :[0m The Queen of Hearts has reset.[0m
[18:29] [0m[31;1m[Clan] Nameless :[0m the Bot of Byrons has reset.[0m
[18:30] [0m[31;1m[Clan] Byron :[0m laf[0m
[18:30] [0m[33;1m[PARTY][0m Nameless: ohi[0m
[18:30] [0m[33;1m[PARTY][0m Byron: daddys home[0m
[18:35] [0m[33;1m[PARTY][0m Nameless: they call him big poppa[0m
[18:38] [0m[33;1m[PARTY][0m Byron: whatd you make last time[0m
[18:41] [0m[37;1mNightrider flaps :[0m sectionz reset[0m
[18:41] [0m[37;1mNightrider flaps :[0m who wants that reset?[0m
[18:42] [0m[33;1m[PARTY][0m Nameless: ?[0m
[18:44] [0m[37;1mNightrider flaps :[0m anyone else?[0m
[18:44] [0m[37;1m[JEDI]:[0m Ylenic It'kla arrives at the Academy.[0m
[18:45] [0m[33;1m[PARTY][0m Byron: ooo nameless got.glovea[0m
[18:45] [0m[33;1m[PARTY][0m Ser: i got boots[0m
[18:45] [0m[33;1m[PARTY][0m Byron: o[0m
[18:45] [0m[33;1m[PARTY][0m Ser: is that ok[0m
[18:45] [0m[33;1m[PARTY][0m Byron: you werent even in the party how you get boots :P[0m
[18:46] [0m[33;1m[PARTY][0m Ser: sure i was[0m
[18:46] [0m[33;1m[PARTY][0m Ser: you were just botting for the last hour[0m
[18:46] [0m[33;1m[PARTY][0m Byron: i went surfing[0m
[18:46] [0m[37;1mInix flaps :[0m Your FACE wants a reset.[0m
[18:46] [0m[33;1m[PARTY][0m Byron: im just here for the pew[0m
[18:46] [0m[33;1m[PARTY][0m Byron: one of us has to do dmg :P[0m
[18:46] [0m[37;1mNightrider flaps :[0m 8inix: does my face want a reset?[0m
[18:46] [0m[37;1mInix flaps :[0m [30;1m([34;1m8[30;1m)[0mInix : Very doubtful[0m
[18:46] [0m[33;1m[PARTY][0m Ser: well step your game up [19:46] Average damage : 11279 over[0m
[18:46] [0m     570 rounds.  Total: 6429118 damage.[0m
[18:46] [0m[33;1m[PARTY][0m Nameless: grin[0m
[18:46] [0m[37;1mNightrider flaps :[0m see inix, you are wrong[0m
[18:46] [0m[33;1m[PARTY][0m Byron: I do 3x that[0m
[18:47] [0m[33;1m[PARTY][0m Ser: uh huh[0m
[18:47] [0m[33;1m[PARTY][0m Byron: if i had numbers i could share :P[0m
[18:47] [0m[37;1mInix flaps :[0m Your FACE is just indecisive.[0m
[18:47] [0m[33;1m[PARTY][0m Ser: totally believe you[0m
[18:47] [0m[33;1m[PARTY][0m Ser: man i think i had a dream my psycho power/speed unlocked[0m
[18:48] [0m[37;1mNightrider flaps :[0m 8inix: does my face look indecisive?[0m
[18:48] [0m[37;1mInix flaps :[0m [30;1m([34;1m8[30;1m)[0mInix : Without a doubt[0m
[18:48] [0m[33;1m[PARTY][0m Ser: i need to play less 3k[0m
[18:48] [0m[33;1m[PARTY][0m Aka: nahh[0m
[18:48] [0m[37;1mSer flaps :[0m 8inix do i need to take a break from 3k[0m
[18:48] [0m[37;1mInix flaps :[0m [30;1m([34;1m8[30;1m)[0mInix : Yes[0m
[18:49] [0m[37;1mSer flaps :[0m 8inix are you sure?[0m
[18:49] [0m[37;1mInix flaps :[0m [30;1m([34;1m8[30;1m)[0mInix : Yes - definitely[0m
[18:49] [0m[37;1mInix flaps :[0m So it goes.[0m
[18:49] [0m[37;1mSer flaps :[0m omg[0m
[18:51] [0m[33;1m[PARTY][0m Ser: only 36 mins left on ha dont wanna waste it :P[0m
[18:54] [0m[33;1m[PARTY][0m Nameless: heh[0m
[18:56] [0m[37;1mNauda flaps :[0m 8inix, is nr more mean to nauda than usual?[0m
[18:57] [0m[37;1mInix flaps :[0m [30;1m([34;1m8[30;1m)[0mInix : Ask again later[0m
[18:57] [0m[37;1mRaest flaps :[0m 8inix will a wizard give us a pickle[0m
[18:57] [0m[37;1mInix flaps :[0m [30;1m([34;1m8[30;1m)[0mInix : Yes[0m
[18:57] [0m[37;1mCrolack flaps :[0m 8Inix, should nightrider be meaner to nauda?[0m
[18:57] [0m[37;1mInix flaps :[0m [30;1m([34;1m8[30;1m)[0mInix : As I see it, yes[0m
[18:58] [0m[37;1mCrolack flaps :[0m I cannot deny 8Inix.[0m
[19:01] [0m[37;1mSylph flaps :[0m anyone here have a sleepnumber bed/[0m
[19:01] [0m[33;1m[PARTY][0m Ser: i wish i could work whirlwind into my scripts but it's[0m
[19:01] [0m     hard to do w/ multiple mobs in the room[0m
[19:02] [0m[37;1mSer flaps :[0m i used to[0m
[19:02] [0m[37;1mNauda flaps :[0m PICKLES![0m
[19:02] [0m[37;1mSer flaps :[0m i prefer my futon mattress, left the bed in MN[0m
[19:02] [0m[34;1mDaeth shouts:[0m Good boy!![0m
[19:03] [0m[31;1m[Clan] Cambiador leaves the game.[0m  [0m
[19:03] [0m[37;1mCrolack flaps :[0m Hey Nauda, what goes on a pastrami sandwich?[0m
[19:03] [0m[37;1mNauda flaps :[0m moo[0m
[19:03] [0m[37;1mCrolack flaps :[0m laf[0m
[19:03] [0m[37;1mRaest flaps :[0m landshark?[0m
[19:03] [0m[37;1mCrolack flaps :[0m Hey Nightrider, what goes on a pastrami sandwich?[0m
[19:03] [0m[33;1m[PARTY][0m Ser: ok someone reproduce someone[0m
[19:04] [0m[33;1m[PARTY][0m Ser: damn[0m
[19:04] [0m[33;1m[PARTY][0m Aka: Sorry, you are not a player killer.[0m
[19:04] [0m[37;1mNauda flaps :[0m nr is busy vroom vrooming, he has not time for measly pickles[0m
[19:04] [0m[33;1m[PARTY][0m Ser: yah nix moved :P[0m
[19:05] [0m[33;1m[PARTY][0m Ser: You hit Cloud Eye 24 times for 39875 damage.[0m
[19:05] [0m[37;1mNauda flaps :[0m I watched a few funny videos in russian, too bad they are sort of useless here[0m
[19:05] [0m[37;1mSer flaps :[0m russians?[0m
[19:06] [0m[33;1m[PARTY][0m Nameless: ah damn usually im good at reproduce duty[0m
[19:06] [0m[37;1mNauda flaps :[0m about cryto mines denying gamers GPUs[0m
[19:07] [0m[37;1mNauda flaps :[0m american psyco parodiy of game axing down an miner cause he can't buy better[0m
[19:07] [0m              graphics card and is permanently stuck in minecraft and terraria[0m
[19:07] [0m[37;1mNauda flaps :[0m american psycho parodiy of gamer axing down an miner cause he can't buy better[0m
[19:07] [0m              graphics card and is permanently stuck in minecraft and terraria[0m
[19:07] [0m[33;1m[PARTY][0m Ser: oops[0m
[19:07] [0m[37;1mNauda flaps :[0m I guess I am too tired to read, can't see so well[0m
[19:09] [0m[37;1mNauda flaps :[0m amazone lists RTX 3060 that came out 3 days ago at 1339$ a card that has MRSP of[0m
[19:09] [0m              300$[0m
[19:09] [0m[33;1m[PARTY][0m Ser: oo nice round, 43k[0m
[19:09] [0m[37;1mJeraud flaps :[0m How old is his computer? Cause even my 7 year old desktop can play more than[0m
[19:09] [0m               Terraria and Minecraft.[0m
[19:10] [0m[37;1mNauda flaps :[0m that was a parody video[0m
[19:10] [0m[37;1mJeraud flaps :[0m Laptop not desktop, sorry.[0m
[19:10] [0m[37;1mSer flaps :[0m i'll sell you a 3090 for 3k[0m
[19:10] [0m[37;1mSer flaps :[0m jk it's in my desktop and i'm mining w/ it to try to get my money back[0m
[19:10] [0m[37;1mNauda flaps :[0m and if you want another joke think about how many people are stuck playing a text[0m
[19:10] [0m              game in year 2021[0m
[19:12] [0m[37;1mNauda flaps :[0m I watched video that said that rx 6800 is 50% faster for mining thatn 3090, or I[0m
[19:12] [0m              misunderstood something?[0m
[19:12] [0m[37;1m[JEDI]:[0m Tobias Kel'ach'nar arrives at the Academy.[0m
[19:13] [0m[33;1m[PARTY][0m Nameless: i have a coffin full of mostly clones, anyone want?[0m
[19:13] [0m[33;1m[PARTY][0m Byron: doubt any of us are using corpses heh[0m
[19:13] [0m[33;1m[PARTY][0m Nameless: grin[0m
[19:13] [0m[33;1m[PARTY][0m Nameless: i guess i could dest them to keep rainbow up more[0m
[19:14] [0m[37;1mNauda flaps :[0m also if crypto mining is billions USD worth industry how they don't use new gen ps[0m
[19:14] [0m              and xbox for mining[0m
[19:14] [0m[37;1mEcholoc flaps :[0m there are none to buy[0m
[19:15] [0m[37;1mSer flaps :[0m i dont know where you read/saw that nauda, ram speed is limited facter on 6xxx[0m
[19:15] [0m            series[0m
[19:15] [0m[37;1mNauda flaps :[0m someone bought them, I was wondering if damn miners too[0m
[19:15] [0m[33;1m[PARTY][0m Roken: safe to use embiggen soon? next 40mins[0m
[19:15] [0m[33;1m[PARTY][0m Ser: use it[0m
[19:15] [0m[33;1m[PARTY][0m Ser: 3kdb bot status[0m
[19:15] [0m[33;1m[PARTY][0m Nix: Bot Status : 128/522 (24%)[0m
[19:17] [0m[31;1m[Clan] Roken :[0m 3.3b tnl[0m
[19:20] [0m[33;1m[PARTY][0m Ser: 3kdb bot status[0m
[19:20] [0m[33;1m[PARTY][0m Nameless: hmm[0m
[19:20] [0m[33;1m[PARTY][0m Ser: do i start tanking?[0m
[19:21] [0m[37;1mEllegon flaps :[0m aww, my clash of clans clan canned me, anyone play?[0m
[19:25] [0m[33;1m[PARTY][0m Nameless: hmm[0m
[19:25] [0m[33;1m[PARTY][0m Ser: hmm?[0m
[19:25] [0m[33;1m[PARTY][0m Nameless: oh, do you haave the spare string on you or[0m
[19:25] [0m[33;1m[PARTY][0m Ser: no in box[0m
[19:25] [0m[33;1m[PARTY][0m Nameless: ahh[0m
[19:25] [0m[33;1m[PARTY][0m Ser: sorry[0m
[19:25] [0m[33;1m[PARTY][0m Nameless: no prob[0m
[19:25] [0m[33;1m[PARTY][0m Nameless: cbox or yours?[0m
[19:25] [0m[33;1m[PARTY][0m Ser: mine[0m
[19:26] [0m[33;1m[PARTY][0m Ser: i have OG on me[0m
[19:26] [0m[33;1m[PARTY][0m Ser: if byron or aka has a spare dupe[0m
[19:26] [0m[33;1m[PARTY][0m Nameless: oo[0m
[19:26] [0m[33;1m[PARTY][0m Ser: or roken[0m
[19:27] [0m[33;1m[PARTY][0m Ser: aww embiggen wore off[0m
[19:27] [0m[33;1m[PARTY][0m Roken: ye spare dupe here[0m
[19:27] [0m[33;1m[PARTY][0m Ser: where you goin[0m
[19:27] [0m[33;1m[PARTY][0m Ser: lol[0m
[19:27] [0m[33;1m[PARTY][0m Nameless: grabbing my suit out of box just in case[0m
[19:27] [0m[33;1m[PARTY][0m Ser: ahh[0m
[19:27] [0m[33;1m[PARTY][0m Ser: step 146[0m
[19:28] [0m[33;1m[PARTY][0m Ser: mind duping string roken?[0m
[19:29] [0m[33;1m[PARTY][0m Roken: can i now or next fight?[0m
[19:29] [0m[33;1m[PARTY][0m Ser: do it up[0m
[19:30] [0m[33;1m[PARTY][0m Ser: gimme back[0m
[19:30] [0m[33;1m[PARTY][0m Nameless: oh yeah, its gamer time[0m
[19:32] [0m[34;1mOreo shouts:[0m i sii you eye balling the cloud[0m
[19:32] [0m[33;1m[PARTY][0m Nameless: oh yeah, emblem isnt til day 6 isnt it?[0m
[19:32] [0m[33;1m[PARTY][0m Ser: nod think so[0m
[19:32] [0m[33;1m[PARTY][0m Ser: doesnt do anything on mine anyways[0m
[19:33] [0m[34;1mHsima shouts:[0m you're just jealous[0m
[19:33] [0m[31;1m[Clan] Seoman leaves the game.[0m  [0m
[19:33] [0m[33;1m[PARTY][0m Nameless: looking forward to the 2 boots after next[0m
[19:33] [0m[33;1m[PARTY][0m Ser: me too[0m
[19:33] [0m[33;1m[PARTY][0m Ser: tryna farm kayos reps for em[0m
[19:33] [0m[33;1m[PARTY][0m Nameless: same[0m
[19:33] [0m[33;1m[PARTY][0m Ser: get +28 WC on 4 weapons[0m
[19:33] [0m[33;1m[PARTY][0m Ser: jk that costs like way too much[0m
[19:34] [0m[33;1m[PARTY][0m Nameless: i mean i dont know what ill use my reps on, so if you[0m
[19:34] [0m          wanna go all in on one of those boots i can chip in[0m
[19:34] [0m[33;1m[PARTY][0m Nameless: 315k reps saved right now[0m
[19:40] [0m[33;1m[PARTY][0m Nameless: since im nowhere near able to be the party tank for me to[0m
[19:40] [0m          invest in ac, and most of my dmg is from spells so weap[0m
[19:40] [0m          wont help me much i dont think[0m
[19:41] [0m[34;1mBenek shouts:[0m :O[0m
[19:42] [0m[33;1m[PARTY][0m Ser: regenning[0m
[19:43] [0m[33;1m[PARTY][0m Ser: if you wanna throw dharm up on me once in awhile if that[0m
[19:43] [0m     doesnt hurt your damage, will help tanking/downtime[0m
[19:44] [0m[34;1mInquisitor shouts:[0m WOOOOOO somebody still uses that thing![0m
[19:45] [0m[33;1m[PARTY][0m Ser: man that one hurt[0m
[19:45] [0m[33;1m[PARTY][0m Ser: bumping up con[0m
[19:45] [0m[33;1m[PARTY][0m Ser: might help tanking[0m
[19:45] [0m[33;1m[PARTY][0m Ser: Str: 361    Dex: 271    Wis: 308    Int: 114    Con: 623  [0m
[19:45] [0m     Cha: 190[0m
[19:48] [0m[33;1m[PARTY][0m Nameless: oh sure[0m
[19:48] [0m[33;1m[PARTY][0m Roken: embiggen on #delay, eta 5 minutes[0m
[19:49] [0m[33;1m[PARTY][0m Roken: cuz im a bot[0m
[19:49] [0m[33;1m[PARTY][0m Nameless: enabled dharmbot[0m
[19:49] [0m[33;1m[PARTY][0m Ser: touch my botty[0m
[19:49] [0m[33;1m[PARTY][0m Ser: sexy[0m
[19:50] [0m[33;1m[PARTY][0m Ser: why are these fuckin me up more[0m
[19:50] [0m[33;1m[PARTY][0m Ser: also ibrief your cmc nameless[0m
[19:50] [0m[33;1m[PARTY][0m Nameless: briefd[0m
[19:50] [0m[33;1m[PARTY][0m Nameless: hmm[0m
[19:50] [0m[37;1m[JEDI]:[0m Herah Wylann arrives at the Academy.[0m
[19:50] [0m[33;1m[PARTY][0m Nameless: do you have different stuff slotted for dmg purposes over[0m
[19:50] [0m          tanking?[0m
[19:50] [0m[33;1m[PARTY][0m Ser: nah not really[0m
[19:50] [0m[33;1m[PARTY][0m Ser: only thing i've swapped out was sphere of influence and i[0m
[19:50] [0m     dont generally use that either[0m
[19:50] [0m[33;1m[PARTY][0m Ser: stam drain is too high[0m
[19:51] [0m[33;1m[PARTY][0m Nameless: nod[0m
[19:51] [0m[33;1m[PARTY][0m Nameless: is that the uses psiwields as vblades effectively?[0m
[19:51] [0m[33;1m[PARTY][0m Ser: uhh if vblades are dr then yes[0m
[19:51] [0m[33;1m[PARTY][0m Nameless: nod[0m
[19:52] [0m[33;1m[PARTY][0m Nameless: i wonder if vblade is decent anymore[0m
[19:52] [0m[33;1m[PARTY][0m Nameless: i imagine not[0m
[19:52] [0m[33;1m[PARTY][0m Nameless: it is another way to use corpses tho so would make sense[0m
[19:52] [0m          it would be maybe decent on psic[0m
[19:53] [0m[33;1m[PARTY][0m Ser: vs aoe tho?[0m
[19:53] [0m[33;1m[PARTY][0m Nameless: hmm[0m
[19:54] [0m[33;1m[PARTY][0m Ser: honestly i could go fill up real fast[0m
[19:54] [0m[33;1m[PARTY][0m Ser: gimme a min[0m
[19:54] [0m[33;1m[PARTY][0m Nameless: hard to say, i still havent used bulwark to compare[0m
[19:54] [0m[33;1m[PARTY][0m Ser: after this one[0m
[19:54] [0m[33;1m[PARTY][0m Ser: 162 for reference[0m
[19:54] [0m[33;1m[PARTY][0m Nameless: i think vblade just feeds itself, mostly[0m
[19:54] [0m[33;1m[PARTY][0m Nameless: nod[0m
[19:54] [0m[37;1mElminster flaps :[0m trying to imagine what it takes to get booted from a clash of clans clan[0m
[19:54] [0m[33;1m[PARTY][0m Nameless: and was something like 60% dr if you kept it full[0m
[19:55] [0m[33;1m[PARTY][0m Nameless: dunno if it has garbo wc though so that could be a[0m
[19:55] [0m          dealbreaker[0m
[19:58] [0m[33;1m[PARTY][0m Ser: got 2.41 hrs, almost maxed it[0m
[19:58] [0m[33;1m[PARTY][0m Ser: so 1.2 hrs w/ bulwark popped[0m
[19:58] [0m[33;1m[PARTY][0m Ser: which these corpses should keep it going[0m
[19:59] [0m[33;1m[PARTY][0m Ser: it's about 1 corpse for 2 mins pre-bulwark[0m
[19:59] [0m[33;1m[PARTY][0m Ser: so ~90 corpses to 'fill up'[0m
[19:59] [0m[33;1m[PARTY][0m Byron: vblade is 100wc[0m
[19:59] [0m[33;1m[PARTY][0m Byron: 2 handed[0m
[19:59] [0m[33;1m[PARTY][0m Ser: oof[0m
[20:00] [0m[33;1m[PARTY][0m Nix: sorry wifes family ahowed up inannlunced[0m
[20:00] [0m[33;1m[PARTY][0m Byron: dunno if you get dr from psiwield[0m
[20:00] [0m[33;1m[PARTY][0m Ser: nah[0m
[20:00] [0m[33;1m[PARTY][0m Ser: no dr[0m
[20:00] [0m[33;1m[PARTY][0m Byron: so main wield it and psiwield others?[0m
[20:00] [0m[33;1m[PARTY][0m Byron: its a nice weapt jinx scroll it[0m
[20:01] [0m[33;1m[PARTY][0m Ser: so am i leading[0m
[20:01] [0m[33;1m[PARTY][0m Nix: your doing a fine job[0m
[20:01] [0m[33;1m[PARTY][0m Ser: going to assume yes[0m
[20:01] [0m[33;1m[PARTY][0m Byron: ya[0m
[20:01] [0m[33;1m[PARTY][0m Ser: ok[0m
[20:02] [0m[33;1m[PARTY][0m Ser: omhg[0m
[20:02] [0m[33;1m[PARTY][0m Nameless: nod, jinx scroll i figued was a must[0m
[20:03] [0m[33;1m[PARTY][0m Nameless: why am i tankin[0m
[20:03] [0m[33;1m[PARTY][0m Ser: i'm sorry my script just fuckin tripped hard[0m
[20:03] [0m[33;1m[PARTY][0m Nameless: oh[0m
[20:03] [0m[33;1m[PARTY][0m Ser: it was spamming tryna kill[0m
[20:03] [0m[33;1m[PARTY][0m Ser: brb[0m
[20:03] [0m[33;1m[PARTY][0m Ser: i blame nix[0m
[20:03] [0m[33;1m[PARTY][0m Nameless: nice that i can tank this without any defense songs[0m
[20:03] [0m[33;1m[PARTY][0m Nameless: cmc 5 op[0m
[20:04] [0m[33;1m[PARTY][0m Nameless: dharm loop back on[0m
[20:04] [0m[33;1m[PARTY][0m Ser: really sorry about that that was fucking nuts[0m
[20:04] [0m[33;1m[PARTY][0m Nameless: i didnt even use a corpse hehe[0m
[20:04] [0m[33;1m[PARTY][0m Nameless: i think once i have cmc on string2 im not half bad at[0m
[20:04] [0m          tanking stuff but ill have to see[0m
[20:05] [0m[33;1m[PARTY][0m Nameless: that or maybe this is the first time tanking since getting[0m
[20:05] [0m          tht point of dodge[0m
[20:05] [0m[33;1m[PARTY][0m Nameless: could be thats what made the difference[0m
[20:05] [0m[33;1m[PARTY][0m Ser: i think i'm going to make coffee[0m
[20:05] [0m[33;1m[PARTY][0m Ser: been talking to nauda for a good 30 mins t o an hr and i[0m
[20:05] [0m     need to work on homework[0m
[20:08] [0m[33;1m[PARTY][0m Nameless: oh that flapchat convo heh[0m
[20:09] [0m[33;1m[PARTY][0m Ser: nog now we're playing 200 questions[0m
[20:10] [0m[33;1m[PARTY][0m Ser: average atm is 7.9k (embiggen wore off) and i'm in 'tank'[0m
[20:10] [0m     mode, which is only ~900 damage less than no[0m
[20:10] [0m     embiggen/'damage' mode[0m
[20:10] [0m[33;1m[PARTY][0m Ser: i feel like i'm missing something tho because i should be[0m
[20:10] [0m     able to sustain a lot better[0m
[20:10] [0m[33;1m[PARTY][0m Ser: i *HAVE* sustained a lot better in here[0m
[20:11] [0m[33;1m[PARTY][0m Ser: just cranking up my adrenaline pump, will just run back[0m
[20:11] [0m     for more adrenaline when i run low[0m
[20:12] [0m[33;1m[PARTY][0m Nameless: you only do 2 psiwields?[0m
[20:12] [0m[33;1m[PARTY][0m Ser: i have 3[0m
[20:12] [0m[33;1m[PARTY][0m Nameless: oh[0m
[20:12] [0m[37;1mInquisitor flaps :[0m I'm old and I've drank away my memory.  Is it the survival mskill that[0m
[20:12] [0m                   impacts coffin size?[0m
[20:12] [0m[33;1m[PARTY][0m Nameless: oh i missed hammer hehe[0m
[20:12] [0m[37;1mKagour flaps :[0m yep[0m
[20:12] [0m[33;1m[PARTY][0m Ser: honestly tho i get more attacks w/ just 2[0m
[20:13] [0m[37;1mKagour flaps :[0m to all of it :)[0m
[20:13] [0m[33;1m[PARTY][0m Ser: w/ no hammer, - Psiwield : 5, 5, 5, 5, 5, 5, 5, 5, 5, 5,[0m
[20:13] [0m     5, 5, 5, 5, 5, 5, 5, 4, 5, 4     -[0m
[20:13] [0m[37;1mInquisitor flaps :[0m More than you know.[0m
[20:13] [0m[33;1m[PARTY][0m Ser: w/ hammer[0m
[20:13] [0m[33;1m[PARTY][0m Nameless: its a shame weap special stuff doesnt proc on psiwields[0m
[20:13] [0m[33;1m[PARTY][0m Ser: - Psiwield : 5, 4, 5, 4, 5, 4, 5, 4, 5, 4, 5, 4, 4, 4, 4,[0m
[20:13] [0m     4, 4, 4, 4, 4     -[0m
[20:13] [0m[33;1m[PARTY][0m Nameless: guess that would be busted if it did[0m
[20:13] [0m[33;1m[PARTY][0m Ser: yah it would[0m
[20:13] [0m[33;1m[PARTY][0m Ser: assuming once i have 4 psiwields each will be doing 4[0m
[20:13] [0m     attacks/rnd[0m
[20:14] [0m[33;1m[PARTY][0m Nameless: hmm[0m
[20:14] [0m[33;1m[PARTY][0m Ser: so 4*4 = 16 vs 2 * 5 = 10 attacks/rnd[0m
[20:14] [0m[33;1m[PARTY][0m Ser: still more attacks w/ more psiwields[0m
[20:14] [0m[33;1m[PARTY][0m Nameless: i vaguely recall there being an attack speed potion with[0m
[20:14] [0m          alchemy back in the day[0m
[20:14] [0m[33;1m[PARTY][0m Ser: doubt it affects psiwield[0m
[20:14] [0m[33;1m[PARTY][0m Nameless: ah fair[0m
[20:14] [0m[33;1m[PARTY][0m Ser: cranked apump up to 3k stam laf[0m
[20:14] [0m[33;1m[PARTY][0m Ser: we shouldnt have to stop[0m
[20:14] [0m[33;1m[PARTY][0m Nameless: woo[0m
[20:15] [0m[33;1m[PARTY][0m Nameless: looking forward to hopefully getting epowers next boot on[0m
[20:15] [0m          shark[0m
[20:15] [0m[33;1m[PARTY][0m Nameless: and maybe a glvl or two![0m
[20:20] [0m[31;1m[Clan] Ser :[0m nik why are you not in our party[0m
[20:21] [0m[37;1m[JEDI]:[0m Reena Bel Noir arrives at the Academy.[0m
[20:23] [0m[34;1mNightrider shouts:[0m FOUR[0m
[20:24] [0m[37;1mCaeli flaps :[0m Ugh, I'm sure I can ask the neighbor for the food stamp card to get something if I[0m
[20:24] [0m              need food Monday.[0m
[20:24] [0m[37;1mCaeli flaps :[0m Whoops, w/l[0m
[20:33] [0m[33;1m[PARTY][0m Nameless: ok, gonna fire up league and get my ass kicked[0m
[20:34] [0m[33;1m[PARTY][0m Nameless: semi afk[0m
[20:35] [0m[37;1mCrimson flaps :[0m so I assume diablo 4 is probably a no go for most people?[0m
[20:35] [0m[37;1mSpace flaps :[0m go Path of Exile instead[0m
[20:35] [0m[37;1mInquisitor flaps :[0m The first trailer I saw for it did not inspire me.[0m
[20:36] [0m[37;1mZiphe flaps :[0m looks interesting.. graphics only slightly better than d3 from the looks of it[0m
[20:36] [0m[37;1mSpace flaps :[0m new Ritual league is nice, mucho loot[0m
[20:36] [0m[37;1mCrimson flaps :[0m I suspect we're reaching the point where graphic upgrades are more a matter of[0m
[20:36] [0m                style, hard for actual upgrades to occur[0m
[20:37] [0m[37;1mZiphe flaps :[0m yeah I guess, but d3 did a cool job with the diablo fight, how it zooms out and[0m
[20:37] [0m              the mob is enormous etc, could do some cool stuff around that[0m
[20:38] [0m[37;1mInquisitor flaps :[0m Style-wise, as a dungeon crawler type loot grind, I like Grim Dawn.  Well,[0m
[20:38] [0m                   minus the fixed maps in the campaign mode anyway.  Can't have everything I[0m
[20:38] [0m                   guess.[0m
[20:38] [0m[37;1mZiphe flaps :[0m d3 actually would chug pretty hard on xbox when you did flood/rain spells[0m
[20:39] [0m[37;1mTurnhold flaps :[0m PoE is awesome.[0m
[20:39] [0m[37;1mSpace flaps :[0m I agree Crimson, Path of Exile a while back added a massive patch to upgrade heir[0m
[20:39] [0m              'water' textures/reflections/ripples etc, it  was gigabytes worth of additional[0m
[20:39] [0m              game data, slowed down the game for computers not on the cutting edge of gaming[0m
[20:39] [0m              and all for what? so most players (myself included) can say "meh, who cares"[0m
[20:40] [0m[37;1mSer flaps :[0m looking for a sears and roebuck attic fan replacement belt...  model 7586396..  not[0m
[20:40] [0m            looking good[0m
[20:40] [0m[37;1mZiphe flaps :[0m well you could extend your argument about grpahics being meh and just end right[0m
[20:40] [0m              back up at 3k[0m
[20:40] [0m[37;1mCrimson flaps :[0m tried PoE - found it to be too unforgiving[0m
[20:40] [0m[37;1mSpace flaps :[0m in what way? RNG of drops ?[0m
[20:41] [0m[37;1mCrimson flaps :[0m too easy to die - especially as melee[0m
[20:41] [0m[37;1mZiphe flaps :[0m PoE is very fun, diablo just has a bit more polish being blizzard and all[0m
[20:41] [0m[37;1mSer flaps :[0m was in the 1976 catalog[0m
[20:42] [0m[37;1mCrimson flaps :[0m also once I realized how much you were supposed to work in rebuilding gear - it[0m
[20:42] [0m                just felt like a money sink[0m
[20:42] [0m[37;1mKirwan flaps :[0m but POE has the mother of all skilltrees[0m
[20:42] [0m[37;1mInquisitor flaps :[0m If you haven't tried Torchlight 3 yet, don't.[0m
[20:42] [0m[37;1mKirwan flaps :[0m there should be college level courses teaching how to work that skilltree[0m
[20:42] [0m[37;1mCrimson flaps :[0m sadly I did try it[0m
[20:42] [0m[37;1mSpace flaps :[0m laf Kirwan[0m
[20:43] [0m[37;1mInquisitor flaps :[0m Yeah, huge fan of the original and Torchlight 2 so like a sap, I pre-ordered.[0m
[20:43] [0m                   I guess Fallout 76 didn't teach me anything after all.[0m
[20:44] [0m[37;1mCrimson flaps :[0m but yeah...the drops needed to convert gear into skill tree compatible...thats[0m
[20:44] [0m                microtransaction hell[0m
[20:45] [0m[37;1mSpace flaps :[0m I dabble in PoE till i get bored, then take long breaks, the problem with their[0m
[20:45] [0m              format is, you have to do the same damn campaign story every new char, and then[0m
[20:45] [0m              grind maps, the same damn maps, which is fine the 1st few times, but I have 24[0m
[20:45] [0m              chars, so I overdosed myself, but its great for a newcomer, tho hasnt run story[0m
[20:45] [0m              campaign so many times[0m
[20:45] [0m[37;1mSpace flaps :[0m crimson, poe is 0 pay2win tho[0m
[20:46] [0m[37;1mSpace flaps :[0m all microtransactions are cosmetic or +stash slots[0m
[20:46] [0m[37;1mCrimson flaps :[0m can you buy the items needed to reforge gear slots/colors etc?[0m
[20:46] [0m[37;1mSpace flaps :[0m by ingame currency sure[0m
[20:46] [0m[37;1mSpace flaps :[0m oh you mean paying sites to buy ingame orbs with real money ?[0m
[20:47] [0m[37;1mPresmir flaps :[0m i got bored with PoE. At least as far as i played, it felt like gear and[0m
[20:47] [0m                abilities were irrelevant. It was basically just point any decent spell in[0m
[20:47] [0m                direction of enemy, click until they die, repeat.[0m
[20:47] [0m[37;1mCrimson flaps :[0m it still becomes a massive time sink to create a perfect gear item[0m
[20:48] [0m[37;1mNauda flaps :[0m I had a bit of fun with summoner/necromancer, but that corpse blowing up buff[0m
[20:48] [0m              power, has so annoying sound I dropped the game cause of it, it was play with no[0m
[20:48] [0m              sound or suffer it[0m
[20:48] [0m[37;1mVoodoo flaps :[0m Space has nice ORBS![0m
[20:48] [0m[37;1mSpace flaps :[0m Crimson the trick is to not bother about 'perfect' just buy items with 90% of the[0m
[20:48] [0m              stats you want, for low currency, and go with the flow, doing 1m dps or 1.2m dps[0m
[20:48] [0m              is not that big a diff in most builds[0m
[20:48] [0m[37;1mNauda flaps :[0m V(. Y .)D(. Y .)DE has nicer[0m
[20:49] [0m[37;1mCrimson flaps :[0m nod - I was just frustrated by how often I was dying etc[0m
[20:49] [0m[37;1mSer flaps :[0m i need to play cyberpunk[0m
[20:50] [0m[37;1mNauda flaps :[0m no, all that GPU power belongs to dogecoins[0m
[20:50] [0m[37;1m[JEDI]:[0m Wennic Ber'ni'lok arrives at the Academy.[0m
[20:51] [0m[37;1mSpace flaps :[0m Nauda got me off Cyberpunk, he stated playing Elite Dangerous, and I got reminded[0m
[20:51] [0m              of how much I enjoyed space dog fights :D[0m
[20:51] [0m[37;1mSpace flaps :[0m tho i did finish Cyberpunk twice[0m
[20:52] [0m[37;1mSer flaps :[0m you ever play uhh EVERSPACE?[0m
[20:52] [0m[37;1mSer flaps :[0m fun 'rogue-like' space shooter (single player)[0m
[20:53] [0m[37;1mInquisitor flaps :[0m I still swear at Phoenix Point from time to time.  It's actually not a[0m
[20:53] [0m                   terrible game, I'm just kinda bad at it.[0m
[20:54] [0m[37;1mSer flaps :[0m i have a literal terabyte of games installed on my hdd that i dont play :P[0m
[20:55] [0m[33;1m[PARTY][0m Ser: i'm gonna piss ya'all off[0m
[20:55] [0m[33;1m[PARTY][0m Ser: You hold the feather in your hand and fade from view.[0m
[20:56] [0m[33;1m[PARTY][0m Nameless: laf feather[0m
[20:56] [0m[33;1m[PARTY][0m Nameless: i started getting my ass kicked by garen and decided to[0m
[20:56] [0m          stop playing[0m
[20:57] [0m[37;1mAdalius flaps :[0m Everspace 2 is more fun, imo[0m
[20:57] [0m[33;1m[PARTY][0m Ser: i need to climb back in my attic and pull the belt off my[0m
[20:57] [0m     attic fan t o measure it, it's dry rotted to shit[0m
[20:57] [0m[37;1mNauda flaps :[0m I loved dreadnought[0m
[20:57] [0m[33;1m[PARTY][0m Nameless: killed him twice but died 5 times, couldnt figure out how[0m
[20:57] [0m          to do anything but destroy turrets, heh[0m
[20:57] [0m[37;1mSer flaps :[0m haven't got everspace2 yet @adal[0m
[20:57] [0m[37;1mSer flaps :[0m i should[0m
[20:58] [0m[37;1mSpace flaps :[0m No Ser I have not[0m
[20:58] [0m[33;1m[PARTY][0m Nameless: i think im best at games like this, i dont think i have[0m
[20:58] [0m          much of my dexterity from my younger days left heh[0m
[20:59] [0m[37;1mNauda flaps :[0m #metospace2[0m
[20:59] [0m[37;1mNauda flaps :[0m will check videos on Everspace 2, I hope it's nice[0m
[21:00] [0m[37;1mSpace flaps :[0m guys I have a question[0m
[21:00] [0m[37;1mKagour flaps :[0m no![0m
[21:00] [0m[37;1mAdalius flaps :[0m Its not amazing Nauda, but its fun. Got ~4 hours into it[0m
[21:00] [0m[37;1mAdalius flaps :[0m Before I had to jump back to Factorio to grind achievements before Rasta could[0m
[21:00] [0m                get them[0m
[21:01] [0m[37;1mSpace flaps :[0m everyone who had a thing for Ellen Page (cant imagine why) are they now 'gay'[0m
[21:01] [0m              considering her transition ?[0m
[21:01] [0m[37;1mAdalius flaps :[0m If you liked her before transition, and don't like her (in an attraction sense)[0m
[21:01] [0m                afterwards, I'd say no?[0m
[21:02] [0m[37;1mCrimson flaps :[0m her looks changed as she got older - dunno if from transition or just natural[0m
[21:02] [0m[33;1m[PARTY][0m Ser: 2 belts ordered[0m
[21:02] [0m[37;1mSpace flaps :[0m damn Adalius, you had to bring logic into this semi sociological pun[0m
[21:02] [0m[37;1mAdalius flaps :[0m His forehead is pretty big now. Its kinda unnerving[0m
[21:02] [0m[37;1mCrimson flaps :[0m so cute inception era...not so much after that?[0m
[21:03] [0m[33;1m[PARTY][0m Nameless: woo[0m
[21:04] [0m[37;1mAdalius flaps :[0m And before that. Cute in Juno, Whip It...[0m
[21:04] [0m[37;1mSpace flaps :[0m tbh i only noticed her in one movie, where she acts as jailbait and ten proceeds[0m
[21:04] [0m              to torture the other main character in the movie (cant recall movies name of the[0m
[21:04] [0m              ther main)[0m
[21:04] [0m[37;1mCrimson flaps :[0m roller derby type movie?[0m
[21:04] [0m[37;1mElminster flaps :[0m hard candy maybe[0m
[21:05] [0m[37;1mAdalius flaps :[0m heh, I almost said it Elm but I was like nahhh[0m
[21:05] [0m[37;1mAdalius flaps :[0m She was 18 but she was playing a what... 15 year old?[0m
[21:05] [0m[37;1mNameless flaps :[0m oh yeah thats uhhh[0m
[21:05] [0m[37;1mSpace flaps :[0m yes Elmo, thanks Hard Candy[0m
[21:05] [0m[37;1mAdalius flaps :[0m And given that the movie was about sexualizing an underage girl to begin with it[0m
[21:05] [0m                was hard to really view her like that in there.[0m
[21:06] [0m[37;1mNameless flaps :[0m i was slow, yeah hard candy[0m
[21:07] [0m[37;1mSpace flaps :[0m dude i didnt get attracted to her in Hard Candy, but that she acted well, i didnt[0m
[21:07] [0m              even notice her in Inception due to a pretty useless role[0m
[21:07] [0m[37;1mAdalius flaps :[0m She was amazing in HC I think. She nailed that role.[0m
[21:07] [0m[37;1mSpace flaps :[0m yup totally[0m
[21:08] [0m[37;1mAdalius flaps :[0m He's pretty good in Umbrella Academy[0m
[21:09] [0m[37;1mNauda flaps :[0m is Umbrella Academy and good, or just kids super hero thing?[0m
[21:09] [0m[37;1mAlassra flaps :[0m I didn't like him in S1, but was good in S2.[0m
[21:09] [0m[37;1mDin flaps :[0m now alicia silverstone in The Crush.. similar-ish situation, but wow[0m
[21:09] [0m[37;1mDin flaps :[0m but then again she's only 2y younger than me[0m
[21:10] [0m[37;1mAdalius flaps :[0m UA is good, Nauda.[0m
[21:10] [0m[37;1mAdalius flaps :[0m Some funny as hell bits to boot[0m
[21:10] [0m[37;1mSpace flaps :[0m sigh Din, i was 21 when that came out, and yeah I wanted to bang her, does that[0m
[21:10] [0m              make me a pedo ?[0m
[21:10] [0m[37;1mDin flaps :[0m almost makes you seem human[0m
[21:12] [0m[37;1mSer flaps :[0m i gave up on the part #, it's probably from when the house was built ('68)[0m
[21:12] [0m[37;1mSer flaps :[0m man i launched steam for the first time in awhile, i hate having games installed on[0m
[21:12] [0m            a spinny drive[0m
[21:13] [0m[37;1mSer flaps :[0m updates take forever...  i need a 4tb SSD[0m
[21:13] [0m[37;1mSer flaps :[0m ok maybe not "need" but "would really like"[0m
[21:14] [0m[37;1mSpace flaps :[0m covid needs to end already, i need to get get my 250gb ssd upgraded :( PoE, Elite[0m
[21:14] [0m              Dangerous (plus OPSYS), and done, no more room[0m
[21:14] [0m[37;1mNauda flaps :[0m talking about funny bits, one particular 3ker, got me to watch Joker tonight for[0m
[21:14] [0m              the first time, and it has some funny bits too, I lovedthat part when Arthur/Joker[0m
[21:14] [0m              said that it's arbitrary, what someone finds funny[0m
[21:14] [0m[37;1mInix flaps :[0m You can order new SSDs during COVID, js[0m
[21:15] [0m[37;1mBenek flaps :[0m got a kingston 240GB ssd for $30 from Amazon. :D[0m
[21:15] [0m[37;1mAdalius flaps :[0m I should get back into Elite, but then I gotta find room on my desk for my[0m
[21:15] [0m                flight stick and throttle again.[0m
[21:15] [0m[37;1mBenek flaps :[0m mmm... elite dangerous[0m
[21:15] [0m[37;1mHyuga flaps :[0m i have plenty of room underneath my desk for mine[0m
[21:16] [0m[37;1mHyuga flaps :[0m *ducks*[0m
[21:16] [0m[37;1mNauda flaps :[0m Hyuga abort abort, wrong stick[0m
[21:16] [0m[37;1mSpace flaps :[0m and ? reinstall windows? physically remove old ssd and put a new one in? no[0m
[21:16] [0m              thanks, i am unhandy, i will go to the computer shops downtown when travel is[0m
[21:16] [0m              allowed (March 4th) between cities[0m
[21:16] [0m[37;1mNauda flaps :[0m too late, 4 3 2 1 Engage[0m
[21:16] [0m[37;1mStasis flaps :[0m my thrustmaster requires both hands[0m
[21:16] [0m[37;1mBenek flaps :[0m *screams in horror*[0m
[21:17] [0m[37;1mSer flaps :[0m i have a 500 gb m.2 drive for my main drive, and my old 500gb ssd is now my spare...[0m
[21:17] [0m            clonezilla to move all the files over, ez pz[0m
[21:17] [0m[37;1mSer flaps :[0m and a 4 tb spinny drive for all the por- err video games[0m
[21:19] [0m[37;1mAdalius flaps :[0m Who downloads pron nowdays. Jesus. What is this 2003?[0m
[21:19] [0m[37;1mBenek flaps :[0m *wants some m.2 drives so bad! but has to upgrade his 14yr old motherboard first*[0m
[21:20] [0m[37;1mAdalius flaps :[0m Funny story. I ordered a new workstation for work. It showed up. No drive I[0m
[21:20] [0m                said. Sent it back. They sent another. No drive, sent it back. Next one arrives[0m
[21:20] [0m                and they are like "You do realize this has a m.2 drive right?" Ooops.[0m
[21:20] [0m[33;1m[PARTY][0m Ser: average ~7.7k damage/rnd[0m
[21:21] [0m[37;1mBenek flaps :[0m rofl[0m
[21:21] [0m[37;1mSer flaps :[0m lol[0m
[21:21] [0m[37;1mBenek flaps :[0m you: Yes, I DO know, I just wanted to see if YOU knew. *sigh*[0m
[21:21] [0m[37;1mAdalius flaps :[0m Nah, I owned it like a champ.[0m
[21:22] [0m[37;1mSer flaps :[0m did you try and turn em on before you sent em back?[0m
[21:22] [0m[33;1m[PARTY][0m Nameless: double nice[0m
[21:22] [0m[37;1mApocalypse flaps :[0m that would require thinking[0m
[21:22] [0m[37;1mSer flaps :[0m dont be mean to adalius[0m
[21:22] [0m[37;1mApocalypse flaps :[0m oh it was addy? it would require alot more than that then..[0m
[21:22] [0m[37;1mSer flaps :[0m he might be an idiot, but he's OUR idiot[0m
[21:22] [0m[37;1mDin flaps :[0m and now i need to google m.2 drive.  If this is an elaborate hoax, i'll be... well[0m
[21:22] [0m            impressed, honestly[0m
[21:23] [0m[37;1mBenek flaps :[0m oh no it's awesome, like 30x faster than an old school drive.[0m
[21:23] [0m[37;1mSer flaps :[0m like 5x faster than a standard ssd[0m
[21:24] [0m[37;1mBenek flaps :[0m *opens up his 'Legends of teh M.2 drive" for a nice bit of reading*[0m
[21:24] [0m[37;1mNauda flaps :[0m how would workstation only have m.2 and not SATA disks?[0m
[21:24] [0m[37;1mSpace flaps :[0m guys  how do i find out if my laptop has a slot to accomodate m.2 ssd ?[0m
[21:24] [0m[37;1mSer flaps :[0m why do you need sata if you have m.2[0m
[21:24] [0m[37;1mBenek flaps :[0m *nods at Ser*[0m
[21:24] [0m[37;1mSer flaps :[0m uhh what's the model #[0m
[21:24] [0m[37;1mNauda flaps :[0m even my dell g3 gaming laptop has both[0m
[21:24] [0m[37;1mSer flaps :[0m ok that's a gaming laptop[0m
[21:25] [0m[37;1mNauda flaps :[0m get them sweet sweet 14 TB HDDS in[0m
[21:25] [0m[37;1mBenek flaps :[0m have you guys seen the $40,000 ssd?[0m
[21:25] [0m[37;1mSpace flaps :[0m a mouthful msi gp72m 7rex leopard pro[0m
[21:25] [0m[37;1mSer flaps :[0m if you dont need the capacity why not go for speed?[0m
[21:25] [0m[37;1mBenek flaps :[0m i think it was 100TBs?[0m
[21:25] [0m[37;1mNauda flaps :[0m what is this 40000$ ssd?[0m
[21:26] [0m[37;1mBenek flaps :[0m it's insane...ly expensive.[0m
[21:26] [0m[37;1mNauda flaps :[0m not really? 100TB ssd for just 40k[0m
[21:26] [0m[37;1mApocalypse flaps :[0m just 40k?[0m
[21:27] [0m[37;1mBenek flaps :[0m hehehe[0m
[21:27] [0m[37;1m[JEDI]:[0m Durnoth arrives at the Academy.[0m
[21:29] [0m[37;1mDin flaps :[0m huh... realiability (MTBF) on the Samsung 970 evo plus 1tb m.2 says 1.5mil hours..[0m
[21:29] [0m            so this will work for about 171 years?  that seems pretty good[0m
[21:32] [0m[37;1mDin flaps :[0m oh snap, apparently it will fit my computer.  it already has a 128gb m.2 drive in[0m
[21:32] [0m            it.  This tech is 2 years old?[0m
[21:32] [0m[37;1mAdalius flaps :[0m Sorry had to run to attend to something. But no I didnt turn them on, I popped[0m
[21:32] [0m                the case open, looked for the sweet SSD I ordered (which, btw, it did NOT say[0m
[21:32] [0m                was a m.2 on the build sheet), and didn't see a normal bay so figured no SSD :P[0m
[21:33] [0m[37;1mBenek flaps :[0m time for a 2TB upgrade![0m
[21:33] [0m[37;1mApocalypse flaps :[0m oh you missed me being mean?[0m
[21:33] [0m[37;1mApocalypse flaps :[0m should i repeat?[0m
[21:33] [0m[37;1mSer flaps :[0m no no no cuz then i have to defend him again[0m
[21:33] [0m[37;1mAdalius flaps :[0m Should I use my dest button, wipe button, or ban button?[0m
[21:34] [0m[37;1mApocalypse flaps :[0m as if you could find it[0m
[21:34] [0m[37;1mSer flaps :[0m on which one of us :P[0m
[21:34] [0m[37;1mApocalypse flaps :[0m :D[0m
[21:34] [0m[37;1mAdalius flaps :[0m Goddamnit, treading. I got Dayln'd[0m
[21:34] [0m[34;1mMalarkey shouts:[0m the ol thin line[0m
[21:34] [0m[37;1mNauda flaps :[0m not sure where Din got 1.5m years, * Warrantied TBW for 970 EVO Plus: 150 TBW for[0m
[21:34] [0m              250GB model, 300 TBW for 500GB model, 600 TBW for 1TB model, 1,200 TBW for 2TB[0m
[21:34] [0m              model. * 5-years or TBW, whichever comes first. For more information on the[0m
[21:34] [0m              warranty, please find the enclosed warranty statement in the package.[0m
[21:35] [0m[37;1mLeianne flaps :[0m heh. I remember Dayln. He did the knight code for a while[0m
[21:35] [0m[37;1mBenek flaps :[0m you got to marry an alien that became a half human hybrid out of love?![0m
[21:36] [0m[37;1mSer flaps :[0m that's what it's WARRANTIED for, but if you never come close to the write hours[0m
[21:36] [0m[37;1mBenek flaps :[0m oh wait, that's delenn[0m
[21:36] [0m[37;1mSer flaps :[0m err write cycles, who knows how long it'll last[0m
[21:36] [0m[37;1mAdalius flaps :[0m Dayln was awesome. Worked as a butcher at a meat packing plant, so he got to[0m
[21:36] [0m                wear chainmail for a living.[0m
[21:36] [0m[37;1mBenek flaps :[0m :D[0m
[21:37] [0m[37;1mSer flaps :[0m i had a buddy burn up 2 ssds in less than a year (but he also let them get really[0m
[21:37] [0m            hot in a laptop and was constantly opening/editing huge files)[0m
[21:37] [0m[37;1mSer flaps :[0m and yes, m.2 drives...  they all need cooling still[0m
[21:39] [0m[33;1m[PARTY][0m Ser: i think i'm staying maxed on bulwark[0m
[21:39] [0m[37;1mDin flaps :[0m from Dell's tech specs: Reliability (MTBF)	[0m
[21:39] [0m[37;1mDin flaps :[0m 1.5 Million Hours Reliability (MTBF)[0m
[21:40] [0m[37;1mNauda flaps :[0m I guess it means you write data in once, and then only read it for millions of[0m
[21:40] [0m              years[0m
[21:41] [0m[33;1m[PARTY][0m Ser: 338/521[0m
[21:43] [0m[37;1mDin flaps :[0m holy crap.. visiontek 8tb m.2 ssd.. $1400[0m
[21:44] [0m[37;1mEllegon flaps :[0m add to cart?[0m
[21:44] [0m[33;1m[PARTY][0m Roken: welp gotta go to bed[0m
[21:45] [0m[37;1mDin flaps :[0m i mean.. i could, they've been bumping up my limit every year, but.. i have a wife[0m
[21:45] [0m[37;1mNauda flaps :[0m Another thing to consider is what workload is used to specify the MTBF. For[0m
[21:45] [0m              instance, Intel qualifies their SSDs using a workload of 20 GB of writes per day[0m
[21:45] [0m              for 5 years. With this workload, along with the supplemental failure tests, the[0m
[21:45] [0m              Intel 335 has an MTBF of 1.2 million hours. However if the workload was reduced to[0m
[21:45] [0m              10 GB a day, the MTBF would be 2.5 million hours. At 5 GB per day, it becomes 4[0m
[21:45] [0m              million hours.[0m
[21:45] [0m[33;1m[PARTY][0m Roken: pause game, right?[0m
[21:46] [0m[33;1m[PARTY][0m Ser: yah[0m
[21:46] [0m[33;1m[PARTY][0m Nameless: yeah[0m
[21:46] [0m[33;1m[PARTY][0m Roken: XD[0m
[21:46] [0m[33;1m[PARTY][0m Ser: FIVE WAY SPLIT[0m
[21:46] [0m[33;1m[PARTY][0m Ser: oh you're still here[0m
[21:47] [0m[37;1mEllegon flaps :[0m how many at 2 GB per day?[0m
[21:47] [0m[33;1m[PARTY][0m Roken: yup squeezing in <30mins as I shower etc[0m
[21:47] [0m[37;1mSer flaps :[0m at least 3[0m
[21:48] [0m[37;1mDin flaps :[0m how much does mudding use?[0m
[21:48] [0m[37;1mApocalypse flaps :[0m how.many 'video games'?[0m
[21:50] [0m[37;1mEllegon flaps :[0m how many is that in sets of 6 x 12 mepixel photos.[0m
[21:51] [0m[37;1mEllegon flaps :[0m I try not to purchase anything rated under 4million thingies-you-said.[0m
[21:52] [0m[37;1mZiphe flaps :[0m the common measure for wear on an SSD is TBW (terabytes written)[0m
[21:53] [0m[37;1mZiphe flaps :[0m time is only limited by how much data you write to the drive.[0m
[21:57] [0m[37;1m[JEDI]:[0m Talia Ska arrives at the Academy.[0m
[22:01] [0m[37;1mDin flaps :[0m sounds like the slogan of a blade runner knockoff.  "Time is only limited by how[0m
[22:01] [0m            much data you write to the drive"[0m
[22:02] [0m[37;1mEllegon flaps :[0m "Do you dream of electric toasters in the bathtub?"[0m
[22:05] [0m[34;1mApocalypse shouts:[0m fake news[0m
[22:05] [0m[37;1mCrimson flaps :[0m is this a question about who is in the bathtub?[0m
[22:05] [0m[34;1mDevolved shouts:[0m I feel all tingly[0m
[22:11] [0m[37;1mAdalius flaps :[0m Is the person who was talking to me about morgues and mask corpses a day or two[0m
[22:11] [0m                ago on?[0m
[22:12] [0m[37;1mNauda flaps :[0m not persons here[0m
[22:13] [0m[37;1mStasis flaps :[0m a priest i think?[0m
[22:15] [0m[37;1mAdalius flaps :[0m So, there was a quirk with mask cloned corpses. Starting next boot the original[0m
[22:15] [0m                corpse should be donate-able again, the cloned one will remain undonatable.[0m
[22:15] [0m[37;1mEllegon flaps :[0m boot now[0m
[22:24] [0m<- ! The Vigilant ! -> :  A destabilization Kayos event has been detected in Deserts of Fantasy![0m
[22:24] [0m                          We are localizing it now - get ready![0m
[22:30] [0m[37;1m[JEDI]:[0m H'ssani C'talan arrives at the Academy.[0m
[22:58] [0m[37;1m[JEDI]:[0m Rhaan arrives at the Academy.[0m
[23:28] [0m[37;1m[JEDI]:[0m Alyssa K'tal arrives at the Academy.[0m
[23:46] [0m[34;1mFluffy shouts:[0m voodude can die ?[0m
[23:46] [0m[34;1mApocalypse shouts:[0m leis[0m
[23:46] [0m[34;1mCrimson shouts:[0m he didn't get the armory upgrades[0m
[23:46] [0m[34;1mApocalypse shouts:[0m forgot pants[0m
[23:46] [0m[34;1mNauda shouts:[0m Wrong pants[0m
[23:46] [0m[34;1mEllegon shouts:[0m He ran out of research credit mana for his crysknife form[0m
[23:47] [0m[34;1mApocalypse shouts:[0m held onto the enhanced core a little too long?[0m
[23:47] [0m[34;1mEllegon shouts:[0m xposed core.[0m
[23:47] [0m[34;1mApocalypse shouts:[0m he xposed his core and forgot the lube?[0m
[23:48] [0m[34;1mEllegon shouts:[0m nah, it would say Voodoo killed Voodoo I think.[0m
