- = LOG STARTED [00:00] = -
[00:00] [0m[31;1m[Clan] Meatloaf :[0m i should rolla  smurf just to play aram w/ you[0m
[00:00] [0m[31;1m[Clan] Meatloaf :[0m you'll probably die a lot, but eh[0m
[00:00] [0m[31;1m[Clan] Nameless :[0m probably[0m
[00:00] [0m[31;1m[Clan] Nameless :[0m i think the last time i played was with you , so id be rusty, not that there[0m
[00:00] [0m                  was much skill anyway haha[0m
[00:01] [0m[31;1m[Clan] Meatloaf :[0m new mouse workin ok?[0m
[00:01] [0m[31;1m[Clan] Nameless :[0m yeah[0m
[00:01] [0m[31;1m[Clan] Meatloaf :[0m it'll probably help you a lot[0m
[00:01] [0m[31;1m[Clan] Meatloaf :[0m vs a touchpad[0m
[00:01] [0m[31;1m[Clan] Nameless :[0m i just need to figure out how to change a bunch of settings[0m
[00:01] [0m[31;1m[Clan] Meatloaf :[0m i have the same mouse, just wired[0m
[00:01] [0m[31;1m[Clan] Nameless :[0m and git gud, although that second bit might not be possible[0m
[00:01] [0m[31;1m[Clan] Meatloaf :[0m you figure out all the buttons yet?[0m
[00:02] [0m[31;1m[Clan] Nameless :[0m nope[0m
[00:02] [0m[31;1m[Clan] Meatloaf :[0m if its the same setup as mine, the 2 under the scroll wheel change DPI[0m
[00:02] [0m[31;1m[Clan] Nameless :[0m and ive seen some players do a thing where they can check like... the range or[0m
[00:02] [0m                  whatever of a skill but not cast it, no idea how peole do that[0m
[00:02] [0m[31;1m[Clan] Nameless :[0m almost 500 rounds on king[0m
[00:02] [0m[31;1m[Clan] Nameless :[0m what a gross mob[0m
[00:02] [0m[31;1m[Clan] Meatloaf :[0m lol if you turn quickcast on it shows you the range before you cast it[0m
[00:03] [0m[31;1m[Clan] Meatloaf :[0m anyone want a baby balangool piece of gear[0m
[00:03] [0m[31;1m[Clan] Toren :[0m hover the mouse over it too[0m
[00:03] [0m[31;1m[Clan] Meatloaf :[0m nod[0m
[00:03] [0m[31;1m[Clan] Meatloaf :[0m quickcast is easier in general[0m
[00:03] [0m[31;1m[Clan] Meatloaf :[0m hover mouse over where you want to shoot[0m
[00:03] [0m[31;1m[Clan] Nameless :[0m hmm, what would that be under?[0m
[00:03] [0m[31;1m[Clan] Nameless :[0m ill log in and see if i can figure it out[0m
[00:04] [0m[31;1m[Clan] Nameless :[0m also probably need to change hpbar placement or zoom or something since my own[0m
[00:04] [0m                  damn hp blocks like all of trists body and cant see shit[0m
[00:04] [0m[31;1m[Clan] Meatloaf :[0m in-game interface, make sure 'show attack range' is checked[0m
[00:04] [0m[31;1m[Clan] Meatloaf :[0m and then under hotkeys, click 'quick cast all'[0m
[00:05] [0m[31;1m[Clan] Meatloaf :[0m also for camera lock mode, i play 'semi-locked' (under game)[0m
[00:07] [0m[37;1m[JEDI]:[0m Kerran Halcyon arrives at the Academy.[0m
[00:07] [0m[31;1m[Clan] Ser :[0m yall saved to sz?[0m
[00:07] [0m[31;1m[Clan] Nameless :[0m not i[0m
[00:07] [0m[31;1m[Clan] Ser :[0m how late you wanna stay up?[0m
[00:08] [0m[31;1m[Clan] Nameless :[0m i got a fair bit in me, unsure id last til like 7am but[0m
[00:11] [0m[31;1m[Clan] Nameless :[0m i can hold off loading up league if i need to pay attention here[0m
[00:11] [0m[31;1m[Clan] Toren :[0m im passin out[0m
[00:11] [0m[31;1m[Clan] Ser :[0m l8r[0m
[00:11] [0m[31;1m[Clan] Nameless :[0m wave[0m
[00:11] [0m[31;1m[Clan] Toren :[0m will idle off[0m
[00:12] [0m[31;1m[Clan] Toren :[0m wave[0m
[00:13] [0m[31;1m[Clan] Ser :[0m getting 2 dark black potion with yellow floaties for mage then brt[0m
[00:13] [0m[31;1m[Clan] Nameless :[0m nod[0m
[00:13] [0m[31;1m[Clan] Ser :[0m i had to nickname it[0m
[00:13] [0m[31;1m[Clan] Ser :[0m i didnt type all that out :P[0m
[00:14] [0m[31;1m[Clan] Nameless :[0m :p[0m
[00:14] [0m[31;1m[Clan] Nameless :[0m ive nicknamed a few things, parisienne and nightrider mainly that i remember[0m
[00:14] [0m[31;1m[Clan] Ser :[0m nod "NR" for nightrider[0m
[00:14] [0m[31;1m[Clan] Ser :[0m i got "SHRUGGIE" as  ¯\_(ツ)_/¯[0m
[00:14] [0m[31;1m[Clan] Nameless :[0m laf[0m
[00:17] [0m[31;1m[Clan] Nameless :[0m you gonna stay on for cmc 5 here in awhile?[0m
[00:17] [0m[31;1m[Clan] Sock :[0m ehhhhhh[0m
[00:17] [0m[31;1m[Clan] Sock :[0m mebbe[0m
[00:18] [0m[31;1m[Clan] Karvec enters the game.[0m  [0m
[00:18] [0m[31;1m[Clan] Karvec :[0m You are low on energy.[0m
[00:18] [0m[31;1m[Clan] Nameless :[0m rip[0m
[00:18] [0m[31;1m[Clan] Karvec :[0m i wish bards werent so axe dependent[0m
[00:19] [0m[31;1m[Clan] Karvec :[0m but literally you get axe and then you're done brunning[0m
[00:19] [0m[31;1m[Clan] Karvec :[0m i mean you still need more stuff[0m
[00:19] [0m[31;1m[Clan] Karvec :[0m but axe is op as fuck[0m
[00:20] [0m[31;1m[Clan] Karvec :[0m is it really day 5 already[0m
[00:20] [0m[31;1m[Clan] Karvec :[0m jfc[0m
[00:39] [0m[37;1m[JEDI]:[0m Talia Ska arrives at the Academy.[0m
[00:41] [0m[31;1m[Clan] Roken :[0m karvec's voice is soothing[0m
[00:41] [0m[31;1m[Clan] Ser :[0m what[0m
[00:41] [0m[31;1m[Clan] Roken :[0m ya heard me[0m
[00:42] [0m[31;1m[Clan] Ser :[0m you wanna get on this discord call too[0m
[00:42] [0m[31;1m[Clan] Roken :[0m my comms are busy[0m
[00:42] [0m[31;1m[Clan] Ser :[0m <3[0m
[00:52] [0m[31;1m[Clan] Ser :[0m [01:50] Average damage : 10110 over 642 rounds.  Total: 6491248 damage.[0m
[00:53] [0m[31;1m[Clan] Ser :[0m roken wanna come hit some sz?[0m
[00:58] [0m[34;1mRaest shouts:[0m hax[0m
[01:07] [0m[37;1m[JEDI]:[0m Reena Bel Noir arrives at the Academy.[0m
[01:28] [0m[34;1mVagrant shouts:[0m V O O D O O O O O O o o o o o o[0m
[01:29] [0m[37;1mVagrant flaps :[0m V O O D O O O O o o o o o o o[0m
[01:32] [0m[37;1mVagrant flaps :[0m V O O O O O D O O o o o o o o o ooooo[0m
[01:32] [0m[34;1mVagrant shouts:[0m V O O O O O D O O o o o o o o o ooooo[0m
[01:37] [0m[34;1mVagrant shouts:[0m DOUBLE V's[0m
[01:37] [0m[37;1mVagrant flaps :[0m DOUBLE V's[0m
[01:42] [0m[37;1m[JEDI]:[0m Durnoth arrives at the Academy.[0m
[01:57] [0m[31;1m[Clan] Ser :[0m #ALIAS {dupe %1} {get %1;(duplicate item %1;drop %1;get %1 2}[0m
[02:08] [0m[37;1mSer flaps :[0m anyone able to come hit fbat, nameless didn't get tag and it's going slow w/ 2[0m
[02:08] [0m            people[0m
[02:08] [0m[37;1mVagrant flaps :[0m omw[0m
[02:08] [0m[37;1mSer flaps :[0m you need to bring your own ewells :D[0m
[02:09] [0m[37;1mVagrant flaps :[0m i dont have that powah[0m
[02:10] [0m[37;1mVagrant flaps :[0m just kidding[0m
[02:11] [0m[37;1m[JEDI]:[0m Janath Meelin arrives at the Academy.[0m
[02:13] [0m[37;1mSer flaps :[0m last call for tag, be there or be a box[0m
[02:17] [0m[37;1mKirrin flaps :[0m it still around for dupity?[0m
[02:17] [0m[37;1mSer flaps :[0m ahlist[0m
[02:18] [0m[37;1mKirrin flaps :[0m ah, was expecting that one to be yesterdays, heh[0m
[02:39] [0m[37;1m[JEDI]:[0m H'ssani C'talan arrives at the Academy.[0m
[09:58] [0m[5m[1m[48;5;124mYour lightsaber begins to flicker and the handle warms![0m[0m                 [0m
[10:03] [0m[37;1m[JEDI]:[0m Ylenic It'kla arrives at the Academy.[0m
[10:10] [0msRPDFd  Wm:g Wc: 78% Gx: 25.91% Fx: 10.30%[0m
[10:14] [0m[34;1mPresmir shouts:[0m at least he scored four touchdowns in one game[0m
[10:15] [0m[35;1mSaim [Jedi(Elder)]:[0m nice try[0m
[10:15] [0m[35;1mAl [Jedi(73)]:[0m laf, not quite nice[0m
[10:15] [0m[35;1mAl [Jedi(73)]:[0m come tank it for me[0m
[10:15] [0m[35;1mAl [Jedi(73)]:[0m :)[0m
[10:16] [0m[35;1mSaim [Jedi(Elder)]:[0m i dont think i can actually[0m
[10:16] [0m[35;1mSaim [Jedi(Elder)]:[0m i can try tho[0m
[10:20] [0m[34;1mSissy shouts:[0m what the al are you doing in there ?[0m
[10:28] [0m[35;1mSaim [Jedi(Elder)]:[0m we might be able to kinda tank some really big mobs with (embiggen and[0m
[10:28] [0m                    dissipate shields, but our Conc pool cant handle it[0m
[10:28] [0m[35;1mAl [Jedi(73)]:[0m nod[0m
[10:28] [0m[35;1mSaim [Jedi(Elder)]:[0m i guess with like 20 hitters we could do it ;)[0m
[10:30] [0m[35;1mSaim [Jedi(Elder)]:[0m woo[0m
[10:30] [0m[37;1m[JEDI]:[0m Durnoth arrives at the Academy.[0m
[10:36] [0m[5m[1m[48;5;124mYour lightsaber begins to flicker and the handle warms![0m[0m                 [0m
[10:41] [0m[37;1mAl flaps :[0m section z reset anyone?  2 mins[0m
[11:04] [0m[37;1m[JEDI]:[0m Wennic Ber'ni'lok arrives at the Academy.[0m
[11:37] [0m[37;1m[JEDI]:[0m Talia Ska arrives at the Academy.[0m
[12:01] [0m[31;1m[Clan] Nameless :[0m meet at sec z for F R E E suck suck[0m
[12:02] [0m[31;1m[Clan] Ser :[0m saim/decav u guys around[0m
[12:02] [0m[31;1m[Clan] Nameless :[0m or dungeon reset[0m
[12:02] [0m[32;1mFrom afar, Ser pokes you in the ribs.[0m[0m
[12:02] [0m[31;1m[Clan] Decav :[0m yah, will be in a min[0m
[12:02] [0m[31;1m[Clan] Saim :[0m im here[0m
[12:03] [0m[31;1m[Clan] Saim :[0m but i think im good for the moment[0m
[12:03] [0m[31;1m[Clan] Saim :[0m unless its a big boy xp train[0m
[12:03] [0m[31;1m[Clan] Ser :[0m well we got toren so no[0m
[12:03] [0m[31;1m[Clan] Decav :[0m haha, invest in toren now, reap dividends later[0m
[12:04] [0m[31;1m[Clan] Saim :[0m tryin to train fdef a bit[0m
[12:06] [0m[37;1m[JEDI]:[0m Durnoth arrives at the Academy.[0m
[12:13] [0mNauda {Professions}: what level reforger does it take to reforge loads?[0m
[12:14] [0mKagour {Professions}: 65[0m
[12:14] [0mEcholoc {Professions}: it says in the reforge command if i recall :)[0m
[12:14] [0mNameless {Professions}: 65 for some stuff, unsure when the min required to pull loads gets[0m
[12:14] [0m                        lowered[0m
[12:15] [0mEcholoc {Professions}: to be able to use loads = 65[0m
[12:15] [0mVolt {Professions}: min required to pull loads 80[0m
[12:15] [0mEcholoc {Professions}: but it uses less and less as your skill goes up[0m
[12:15] [0mBliss {Professions}: don't remember, I have 100 heh[0m
[12:18] [0mEcholoc {Professions}: i have 79 and i can pull loads off of things that have enough ac to begin[0m
[12:18] [0m                       with :)[0m
[12:35] [0m[37;1m[JEDI]:[0m Rhaan arrives at the Academy.[0m
[12:45] [0m[34;1mFluffy shouts:[0m picklemenow![0m
[12:45] [0m[34;1mCrolack shouts:[0m no[0m
[12:45] [0m[34;1mNauda shouts:[0m moo[0m
[12:46] [0m[34;1mFleeting shouts:[0m I like pickles sweet and sour. I like pickles on the hour.[0m
[12:46] [0m[37;1mFluffy flaps :[0m ill take a chunk of beef w/pickle ... in the face![0m
[12:47] [0m[34;1mNauda shouts:[0m You get what you Mooing deserve![0m
[13:00] [0m[31;1m[Clan] Nix :[0m anyone want to come to sectionz[0m
[13:04] [0m[31;1m[Clan] Decav :[0m im saved to mine still[0m
[13:05] [0m[31;1m[Clan] Decav :[0m all good tho. will try to join tomorrow[0m
[13:05] [0m[31;1m[Clan] Decav :[0m works a bit of a mess atm[0m
[13:05] [0m[31;1m[Clan] Saim :[0m i have a reset[0m
[13:05] [0m[31;1m[Clan] Saim :[0m i was trying to train fdef a bit, but id be down to kill shit[0m
[13:05] [0m[31;1m[Clan] Saim :[0m lmk[0m
[13:05] [0m[31;1m[Clan] Decav :[0m coo[0m
[13:05] [0m[31;1m[Clan] Decav :[0m you guys wanna reset[0m
[13:06] [0m[31;1m[Clan] Decav :[0m ive been trying to upgrade my stepper so it doesnt get blocked by wrapped kb msgs[0m
[13:07] [0m[37;1m[JEDI]:[0m Bithoff Jonansaan arrives at the Academy.[0m
[13:07] [0m[31;1m[Clan] Saim :[0m work is messy for me today too, so its fine if we wanna wait til later or tomorrow[0m
[13:09] [0m[34;1mFluffy shouts:[0m pickled voodoo ala mode[0m
[13:09] [0m[31;1m[Clan] Nix :[0m im down[0m
[13:09] [0m[31;1m[Clan] Nix :[0m decav you wanna tank?[0m
[13:10] [0m[31;1m[Clan] Decav :[0m yes plz[0m
[13:10] [0m[31;1m[Clan] Nix :[0m ok[0m
[13:10] [0m[31;1m[Clan] Nix :[0m were heading out now[0m
[13:10] [0m[31;1m[Clan] Decav :[0m omw[0m
[13:11] [0m[31;1m[Clan] Saim :[0m ok finishing this mob and ill brt[0m
[13:11] [0m[31;1m[Clan] Nix :[0m saim you coming[0m
[13:11] [0m[31;1m[Clan] Nix :[0m nod[0m
[13:11] [0m[31;1m[Clan] Saim :[0m yea im stuck on a stack[0m
[13:12] [0m[31;1m[Clan] Saim :[0m 1.3 mobs left[0m
[13:12] [0m[31;1m[Clan] Saim :[0m prob like 2min[0m
[13:13] [0m[31;1m[Clan] Nix :[0m wake up[0m
[13:13] [0m[31;1m[Clan] Decav :[0m botbotbot[0m
[13:14] [0m[31;1m[Clan] Nix :[0m or we pquit you[0m
[13:14] [0m[31;1m[Clan] Saim :[0m almost ded[0m
[13:15] [0m[31;1m[Clan] Saim :[0m just us 3?[0m
[13:22] [0m[31;1m[Clan] Nix :[0m you bots suck[0m
[13:22] [0m[31;1m[Clan] Timmy :[0m nein[0m
[13:22] [0m[34;1mFluffy shouts:[0m 111, chop chop![0m
[13:22] [0m[31;1m[Clan] Timmy :[0m u suk[0m
[13:23] [0m[34;1mKagour shouts:[0m tanks all[0m
[13:29] [0m[34;1mZiphe shouts:[0m pepe le moo[0m
[13:29] [0m[37;1m[JEDI]:[0m Tobias Kel'ach'nar arrives at the Academy.[0m
[13:36] [0m[34;1mJammydodger shouts:[0m WOOWOO RHYSON![0m
[13:36] [0m[34;1mRhyson shouts:[0m Thanks :)[0m
[13:53] [0m[34;1mBenek shouts:[0m nuuuuuuuu[0m
[14:05] [0m[37;1m[JEDI]:[0m H'ssani C'talan arrives at the Academy.[0m
[14:14] [0m[34;1mFluffy shouts:[0m shank![0m
[14:26] [0m[34;1mHighjinx shouts:[0m You win![0m
[14:37] [0m[37;1m[JEDI]:[0m Alyssa K'tal arrives at the Academy.[0m
[14:38] [0m[37;1mSky flaps :[0m last call for reset[0m
[14:42] [0m[31;1m[Clan] Roken :[0m to wake up, I need 6 more coffee cups[0m
[14:42] [0m[32;1mFrom afar, Nik laffs at you![0m[0m
[15:06] [0m[37;1m[JEDI]:[0m Kerran Halcyon arrives at the Academy.[0m
[15:32] [0m[37;1m[JEDI]:[0m Ylenic It'kla arrives at the Academy.[0m
[16:06] [0m[37;1m[JEDI]:[0m Reena Bel Noir arrives at the Academy.[0m
[16:12] [0m[37;1mSeeker flaps :[0m any tanks still need a day5 cmc tag?[0m
[16:20] [0msRPDFd  Wm:g Wc: 44% Gx: 28.32% Fx: 10.84%[0m
[16:25] [0mRPDFd  Wm:g Wc: 40% Gx: 28.38% Fx: 10.84%[0m
[16:34] [0m[37;1m[JEDI]:[0m Janath Meelin arrives at the Academy.[0m
[17:03] [0m[37;1m[JEDI]:[0m Herah Wylann arrives at the Academy.[0m
[17:12] [0m[37;1mNauda flaps :[0m I keep losing internet to 3k, and just 3k, nothing else[0m
[17:12] [0m[37;1mVoodoo flaps :[0m blame pants and maverik[0m
[17:12] [0m[37;1mRaest flaps :[0m 3k was totally invis to me one day.  it's because of the name.  net neutrality be[0m
[17:12] [0m              damned.  3k sounds a little racist so it's being blocked in places[0m
[17:13] [0m[37;1mRaest flaps :[0m the entire province of Saskatchewan couldn't see any of the 3k.org domain[0m
[17:13] [0m[37;1mRaest flaps :[0m I called my ISP and they're like 'nope, there's no such site as 3k.org'[0m
[17:14] [0m[34;1mFluffy shouts:[0m 111 ... git r dun![0m
[17:15] [0m[34;1mKagour shouts:[0m tanks all :)[0m
[17:16] [0m[37;1mEnder flaps :[0m same thing happened to me a month ago, using vpn worked. Something weird related[0m
[17:16] [0m              ti IP addresses my guess.[0m
[17:17] [0md  Wm:g Wc: 18% Gx: 28.68% Fx: 10.90%[0m
[17:20] [0m[37;1mNauda flaps :[0m I am always connecting to ip address, so not dns thing, some ip routing thing[0m
[17:20] [0m[37;1mNauda flaps :[0m once I couldn't connect and space coultn't connect too[0m
[17:23] [0m[37;1mSer flaps :[0m one time a bunch of people shouteed some stuff and then i lost connection and lost[0m
[17:23] [0m            all my stuff when i was able to log back in[0m
[17:23] [0m[37;1mSer flaps :[0m it was really scary[0m
[17:25] [0m[34;1mTex shouts:[0m ouch in the face  IN THE FAce FACEPALM[0m
[17:26] [0m[34;1mJasmine shouts:[0m Crolack is smacking people in the face with his pickle again.........Voodoo's[0m
[17:26] [0m                gunna get excited[0m
[17:26] [0m[34;1mBenek shouts:[0m ha! you got pickled! *points and laughs*[0m
[17:27] [0m[32mVoodoo tells you:[0m Jasmine loves the pickle juice![0m
[17:28] [0m[34;1mNameless shouts:[0m P I C K L E[0m
[17:28] [0m[34;1mNauda shouts:[0m now you are in a somewhat of a pickle[0m
[17:29] [0m[34;1mTex shouts:[0m problem in a pickle: solution to problem eat said pickle[0m
[17:34] [0m[37;1m[JEDI]:[0m Bithoff Jonansaan arrives at the Academy.[0m
[17:51] [0m[34;1mNightrider shouts:[0m Do Et[0m
[17:51] [0m[34;1mNauda shouts:[0m If you can't do it, just Moo it![0m
[17:51] [0m[37;1mHooligan flaps :[0m anyone need a fb5 tag before we do another?[0m
[17:54] [0m[37;1mCaeli flaps :[0m Oh no!  One of the dogs is getting a bath and there are no towels in the[0m
[17:54] [0m              bathroom!!!!![0m
[18:01] [0m[37;1mBarian flaps :[0m moo[0m
[18:06] [0m[37;1mHooligan flaps :[0m hard to kill fb immune to cold and nrg as borgs. hehe[0m
[18:06] [0m[34;1mBenek shouts:[0m :O[0m
[18:07] [0m[37;1mIvar flaps :[0m any necro near town that can give me a lift out of this place please? roc got me[0m
[18:07] [0m[37;1m[JEDI]:[0m Ylenic It'kla arrives at the Academy.[0m
[18:08] [0m[37;1mIvar flaps :[0m thanks caeli![0m
[18:18] [0m[37;1mBarian flaps :[0m crypt up to fb[0m
[18:18] [0m[37;1mBarian flaps :[0m or return from it, n of resid[0m
[18:24] [0m[37;1mFluffy <.oO>:[0m welcome to eternal[0m
[18:24] [0m[34;1mBenek shouts:[0m \o/[0m
[18:24] [0m[37;1mRaest <.oO>:[0m sucker[0m
[18:24] [0m[34;1mWastovan shouts:[0m thanks! :)[0m
[18:24] [0m[34;1mFluffy shouts:[0m big triple numbers!![0m
[18:24] [0m[37;1mGuru <.oO>:[0m "eternal chat main" to talk on this line[0m
[18:24] [0m[34;1mWyshe shouts:[0m woo![0m
[18:25] [0m[34;1mDaeth shouts:[0m finally!! Someone else appreciates the numbers!!![0m
[18:25] [0m[37;1mEcholoc <.oO>:[0m (cm <message> works also[0m
[18:25] [0m[37;1mGuru <.oO>:[0m omg MUCH better[0m
[18:25] [0mRaest {Professions}: anyone able to transmute balangool armour?[0m
[18:29] [0m[Auction] Robert : Up for bids: CMC-660 Heavy Combat Suit -(Specialized)-.[0m
[18:29] [0m[Auction] Robert : Barian has requested 558 as the opening offer.[0m
[18:30] [0m[Auction] Robert : Oh, come on... just 558 coins?[0m
[18:30] [0m[Auction] Robert : Fine, bollocks to the lot of you[0m
[18:41] [0m[37;1m[JEDI]:[0m Wennic Ber'ni'lok arrives at the Academy.[0m
[18:56] [0m[34;1mWyshe shouts:[0m woo![0m
[19:02] [0m[37;1m[JEDI]:[0m Tobias Kel'ach'nar arrives at the Academy.[0m
[19:16] [0m[31;1m[Clan] Nameless :[0m hello bots[0m
[19:17] [0m[31;1m[Clan] Nik :[0m hello, world[0m
[19:18] [0m[31;1m[Clan] Nameless :[0m hehe[0m
[19:38] [0m[37;1m[JEDI]:[0m Kerran Halcyon arrives at the Academy.[0m
[19:42] [0m[34;1mSkyblade shouts:[0m woot[0m
[19:42] [0m[34;1mBenek shouts:[0m thanks![0m
[19:42] [0m[34;1mRaest shouts:[0m i think he's gonna hit lvl 130 before glvl 40[0m
[19:43] [0m[34;1mBenek shouts:[0m at least my best kill is awesome![0m
[19:43] [0m[32;1mFrom afar, Adalius resets Benek's best kill.[0m[0m
[19:44] [0m[34;1mSkyblade shouts:[0m Priests only need 30 or so glvs to be useful.[0m
[19:48] [0m[37;1mRaest flaps :[0m i need 1 other player to test something[0m
[20:07] [0m[37;1m[JEDI]:[0m H'ssani C'talan arrives at the Academy.[0m
[20:33] [0m[37;1m[JEDI]:[0m Alyssa K'tal arrives at the Academy.[0m
[20:33] [0m[37;1mRaest <.oO>:[0m cheater[0m
[20:33] [0m[37;1mZiphe <.oO>:[0m never[0m
[20:44] [0m[34;1mTex shouts:[0m banana cakes nannas[0m
[20:47] [0m[31;1m[Clan] Meatloaf :[0m oh anyone want day 5 tag[0m
[20:47] [0m[31;1m[Clan] Meatloaf :[0m before 6 pops[0m
[20:48] [0m[34;1mPdog shouts:[0m *touch*[0m
[20:50] [0m[37;1mNauda <.oO>:[0m someone has been pumping up the numbers[0m
[20:52] [0m[34;1mWyshe shouts:[0m woo![0m
[20:52] [0m[34;1mHooligan shouts:[0m woooot[0m
[20:53] [0m[31;1m[Clan] Nameless :[0m continuity 9/10![0m
[21:04] [0m<- ! The Vigilant ! -> :  A destabilization Kayos event has been detected in Deserts of Fantasy![0m
[21:04] [0m                          We are localizing it now - get ready![0m
[21:10] [0m[37;1m[JEDI]:[0m Rhaan arrives at the Academy.[0m
[21:11] [0m[31;1m[Clan] Nameless :[0m sup[0m
[21:12] [0m[31;1m[Clan] Nameless :[0m i wanna be wielded or wield someboooooody[0m
[21:19] [0m[34;1mRaest shouts:[0m you just levelled.  enough of that spam already![0m
[21:41] [0m[37;1m[JEDI]:[0m Talia Ska arrives at the Academy.[0m
[21:54] [0m[31;1m[Clan] Toren :[0m did we win?[0m
[21:54] [0m[31;1m[Clan] Toren :[0m wheres my gloves/boots/main/helm/cmc day 7[0m
[21:57] [0m[31;1m[Clan] Nameless :[0m laf[0m
[21:58] [0m[31;1m[Clan] Nameless :[0m im gonna stay at gfs tomorrow night, so hopefully yall can do a day 7 with me[0m
[21:58] [0m                  in the mid afternoon :p[0m
[21:59] [0m[31;1m[Clan] Nameless :[0m mid afternoon saturday that is[0m
[22:09] [0m[37;1m[JEDI]:[0m Reena Bel Noir arrives at the Academy.[0m
[22:38] [0m[37;1m[JEDI]:[0m Janath Meelin arrives at the Academy.[0m
[22:52] [0m[31;1m[Clan] Nameless :[0m havin lots of ideas it looks like[0m
[22:52] [0m[31;1m[Clan] Nameless :[0m more like id(l)eas[0m
[22:59] [0m[34;1mWyshe shouts:[0m woo![0m
[23:00] [0m[34;1mElminster shouts:[0m Woohoo!!![0m
[23:16] [0m[37;1m[JEDI]:[0m Durnoth arrives at the Academy.[0m
[23:44] [0m[34;1mVilgan shouts: [0mI want everyone to know that Sarge is a big dumb meany.[0m
[23:45] [0m[37;1m[JEDI]:[0m Herah Wylann arrives at the Academy.[0m
