- = LOG STARTED [00:00] = -
[00:08] [0m[37;1m[JEDI]:[0m H'ssani C'talan arrives at the Academy.[0m
[00:09] [0m[37;1mJeraud flaps :[0m If they've got nothing else to do with their time, I can buy it.[0m
[00:15] [0m[37;1mJeraud flaps :[0m Okay.[0m
[00:16] [0m[34;1mKenny shouts:[0m HI NAUDA[0m
[00:16] [0m[31;1m[Clan] Sock wiggles off your foot.[0m  [0m
[00:16] [0m[31;1m[Clan] Karvec leaves the game.[0m  [0m
[00:32] [0m[37;1mCaeli flaps :[0m Oh... just managed to comprehend the whole thread.[0m
[00:35] [0m[37;1m[JEDI]:[0m Talia Ska arrives at the Academy.[0m
[00:44] [0m[37;1mKirwan flaps :[0m Resetting Section Z in a few minutes!  come to title screen, let me know if[0m
[00:44] [0m               you're interested[0m
[00:48] [0m[37;1mKirwan flaps :[0m waiting on a couple people to do this Section Z reset...  but the window of[0m
[00:48] [0m               opportunity is about to close[0m
[01:05] [0m[37;1m[JEDI]:[0m Alyssa K'tal arrives at the Academy.[0m
[01:19] [0m[34;1mMurmandamus shouts:[0m Kenny doesn't know the difference between a Flashlight and a...[0m
[01:19] [0m[34;1mFluffy shouts:[0m pickle![0m
[01:35] [0m[37;1m[JEDI]:[0m Herah Wylann arrives at the Academy.[0m
[02:04] [0m[37;1mSpriznath flaps :[0m anyone planning to do a fb run?[0m
[02:07] [0m[37;1m[JEDI]:[0m Reena Bel Noir arrives at the Academy.[0m
[02:16] [0m[31;1m[Clan] Vidae leaves the game.[0m  [0m
[12:46] [0mYou can currently reforge 0 items.[0m
[12:51] [0m[37;1mBenek flaps :[0m so its Friday! anyone have any exciting plans?![0m
[12:51] [0m[37;1mWhoknows flaps :[0m stay dry[0m
[12:51] [0m[37;1mBenek flaps :[0m oh, nice.[0m
[12:58] [0m[34;1mPrism shouts:[0m And then![0m
[12:58] [0m[34;1mVolt shouts:[0m and then, YES![0m
[12:58] [0m[34;1mAlassra shouts:[0m and theeeeeeen[0m
[12:58] [0m[34;1mVolt shouts:[0m or, ever no and then?[0m
[13:00] [0m[34;1mTex shouts:[0m mayyyyybbbbeee[0m
[13:01] [0m[34;1mBenek shouts:[0m it's not that i'm afraid of commitment...[0m
[13:01] [0m[34;1mNauda shouts:[0m well, we are waiting...[0m
[13:02] [0m[34;1mBenek shouts:[0m I'm just afraid of change.[0m
[13:03] [0m[34;1mBenek shouts:[0m run! it's fippy darkpaw![0m
[13:04] [0m[34;1mCrolack shouts:[0m TRAIN TO ZONE![0m
[13:04] [0m[34;1mBenek shouts:[0m lol[0m
[13:06] [0m[37;1mBenek flaps :[0m lost my corpse once, in that cave... gm told me they couldn't[0m
[13:06] [0m              help with that. rules... but did play a game of hot and cold[0m
[13:06] [0m              with me, till i was close. Then I saw my toe sticking out of a[0m
[13:06] [0m              wall.[0m
[13:07] [0m[31;1m[Clan] Ser :[0m hmm[0m
[13:08] [0m[31;1m[Clan] Timmy :[0m hmm[0m
[13:08] [0m[31;1m[Clan] Elektra :[0m hmmmmmmmmm[0m
[13:12] [0mYou can currently reforge 4 items.[0m
[13:15] [0m[37;1mBenek flaps :[0m anyone remember the MMO that came out a couple years before[0m
[13:15] [0m              EQ. It was like 2D side scrollerish, and if somneone was in a[0m
[13:15] [0m              fight when you walked by, there as a cloud of dust, like[0m
[13:15] [0m              fights in bugs bunny cartoons. I can't remember the name... or[0m
[13:15] [0m              the company. It was fairly big name company at the time.[0m
[13:15] [0m              Started with an S ... i think.[0m
[13:29] [0m[37;1mSer flaps :[0m maple story[0m
[13:32] [0m[37;1mKillergate flaps :[0m heh, twas The Realm Online[0m
[13:34] [0m[34;1mRictor shouts:[0m Linda?[0m
[13:34] [0m[37;1mNameless flaps :[0m ahhh old mmos[0m
[13:35] [0m[37;1mNameless flaps :[0m think runescape was my first[0m
[13:35] [0m[37;1mNameless flaps :[0m unless muds count i guess, in which case this was[0m
[13:35] [0m[37;1mTurnhold flaps :[0m Only real MMO out there: ProgressQuest![0m
[13:36] [0m[31;1m[Clan] Ser :[0m mm finally made coffee[0m
[13:38] [0m[37;1mNauda flaps :[0m you need more ProgressQuest in your ProgressQuest[0m
[13:38] [0m[37;1mBenek flaps :[0m my first mmo was DragonRealms which was a pay to play mud...[0m
[13:38] [0m              $11 a month for a single character on a text based mud.[0m
[13:39] [0m[37;1mBenek flaps :[0m and if you paid $70 a month you could have elite hunting[0m
[13:39] [0m              areas.[0m
[14:15] [0mHooligan <.oO>: woooo[0m
[14:15] [0m[37;1mJeraud flaps :[0m Yeah I would NEVER pay to play a damn mud.[0m
[14:15] [0m[37;1mDrax flaps :[0m Hahah[0m
[14:15] [0m[37;1mElektra flaps :[0m unless you got showac?[0m
[14:16] [0m[37;1mElektra flaps :[0m and numbers and showwc?[0m
[14:16] [0m[37;1mJeraud flaps :[0m Nope.[0m
[14:16] [0m[37;1mElektra flaps :[0m not for ansi in your title?[0m
[14:17] [0m[37;1mElektra flaps :[0m not for DOUBLE SHOUT LENGTH??[0m
[14:17] [0m[37;1mJeraud flaps :[0m Take a look at my title. Does it contain ansi?[0m
[14:18] [0m[37;1mJeraud flaps :[0m The one thing I might be tempted to, I still have not done to[0m
[14:18] [0m               date.[0m
[14:19] [0m[37;1mNameless flaps :[0m increased mailbox size clearly the strongest vaf[0m
[14:19] [0m[37;1mFujitsu flaps :[0m mudseks is a vaf?[0m
[14:20] [0m[37;1mJeraud flaps :[0m The one thing I have considered, which I haven't done, is[0m
[14:20] [0m               multiguild.[0m
[14:20] [0m[37;1mNameless flaps :[0m barring some odd combinations id think an xchar would be a[0m
[14:20] [0m                 better investment[0m
[14:23] [0m[37;1mOne flaps :[0m ten bucks is ten bucks[0m
[14:24] [0m[37;1mFujitsu flaps :[0m you like movies about gladiators?[0m
[14:24] [0mEoin <.oO>: I spent some xp on eternal powers and I don't see them on[0m
[14:24] [0m            (powers. I wonder if they didn't save. It took the xp but the[0m
[14:24] [0m            powers didn't stick.. Is there anybody I can talk to about this?[0m
[14:24] [0mWhoknows <.oO>: (recover ?[0m
[14:25] [0mWhoknows <.oO>: i think that's the cmd[0m
[14:26] [0mEoin <.oO>: It has been a bit since I spent the xp on the power and I[0m
[14:26] [0m            haven't used it... I'm just realizing I don't have access to it[0m
[14:26] [0m            now[0m
[14:26] [0mEoin <.oO>: in any case (recover didn't work[0m
[14:26] [0mEcholoc <.oO>: woot![0m
[14:27] [0mElektra <.oO>: (gs shows you how much exp you've spent... it should add up[0m
[14:27] [0m               to what (powers shows[0m
[14:27] [0mMelly <.oO>: this happened to me once, and i needed a wizard to fix it. if[0m
[14:27] [0m             you buy a power before boot and ld your eternal object doesn't[0m
[14:27] [0m             save, you get booted, lose the xp, no power[0m
[14:28] [0mWhoknows <.oO>: doh[0m
[14:28] [0mAlassra <.oO>: seems like a bad deal, 2/4 yelp stars[0m
[14:28] [0mMelly <.oO>: i assume wizards have logs that'll show you spent the xp[0m
[14:28] [0mEoin <.oO>: (powers and (gs match, neither show the xp I spent. my situation[0m
[14:28] [0m            is like Melly described[0m
[14:29] [0mKillergate <.oO>: (save ftw[0m
[14:29] [0mMelly <.oO>: yeah i have ever since[0m
[14:29] [0mEoin <.oO>: I will moving forward[0m
[14:29] [0mNauda <.oO>: your need more (save in your (save[0m
[14:30] [0mNauda <.oO>: you need more (save in your (save[0m
[14:30] [0mKillergate <.oO>: who fixed ya, Melly?[0m
[14:30] [0mMelly <.oO>: frank[0m
[14:31] [0mHex <.oO>: (transfer Hex xp 10%[0m
[14:32] [0mNauda <.oO>: the hex tax[0m
[14:32] [0mHex <.oO>: I prefer the term extortion[0m
[14:33] [0mHex <.oO>: err tithing[0m
[14:33] [0mRaest <.oO>: exploitation?[0m
[14:33] [0mHex <.oO>: let's go with gift :)[0m
[14:38] [0m[37;1mRaest flaps :[0m resetting secz in 60 seconds[0m
[15:11] [0mcart saying "You must purify your mind and body before attempting this[0m
[15:26] [0mYou can currently reforge 8 items.[0m
[15:34] [0m[31;1m[Clan] Elektra :[0m how much does a marvel cost[0m
[15:36] [0m[31;1m[Clan] Elektra :[0m the price of a marvel is one token?[0m
[15:36] [0m[31;1m[Clan] Ser :[0m token black guy[0m
[15:40] [0m[34;1mNauda shouts:[0m Ziphe! Get To Da Choppa![0m
[15:42] [0m[31;1m[Clan] Saim :[0m 25 vaf credits[0m
[15:42] [0m[34;1mTex shouts:[0m me playing nirvana: https://youtu.be/sdR3FIOXZvk The man who[0m
[15:42] [0m            sold the world! i still say maverik did that[0m
[15:45] [0m[31;1m[Clan] Elektra :[0m holy fuck, so the stat boost is 150 vaf[0m
[15:45] [0m[31;1m[Clan] Elektra :[0m even with the vaf discount for 100 it's like $50 actual[0m
[15:45] [0m                 bucks[0m
[15:46] [0m[37;1mElektra flaps :[0m hmm $500 vaf... boe-share[0m
[15:50] [0m[31;1m[Clan] Saim :[0m i didnt see the marvel prices themselves, but so much shit on[0m
[15:50] [0m              this mud is priced to the point of being useless[0m
[15:50] [0m[31;1m[Clan] Saim :[0m are the prices for marvels in the house  of marvels?[0m
[15:51] [0m[31;1m[Clan] Elektra :[0m 6 tokens for stats, 9 for weapons mskills, 4 for 2min[0m
[15:51] [0m                 immunity[0m
[15:51] [0m[31;1m[Clan] Elektra :[0m token is $25[0m
[15:51] [0m[31;1m[Clan] Elektra :[0m under vafs[0m
[15:54] [0m[31;1m[Clan] Elektra :[0m also if you say the name the last line tells you how many[0m
[15:54] [0m                 tokens[0m
[15:54] [0m[31;1m[Clan] Elektra :[0m when you read blackboard it looks more like "he has 9 in[0m
[15:54] [0m                 stock", not that it costs 9.[0m
[15:54] [0m[31;1m[Clan] Elektra :[0m but that is the cost[0m
[15:56] [0m[31;1m[Clan] Saim :[0m it should be like 1-5 bucks for a token[0m
[15:57] [0m[31;1m[Clan] Saim :[0m maybe silver tokens for 1, and gold tokens for 5[0m
[15:57] [0m[31;1m[Clan] Elektra :[0m i wouldn't complain about $15 at the most[0m
[15:57] [0m[31;1m[Clan] Elektra :[0m and would think $10 is fair[0m
[15:57] [0m[31;1m[Clan] Saim :[0m anything that lasts 1 boot should be decently cheap[0m
[15:57] [0m[37;1mDeln flaps :[0m Is there a place i can shower up?  I've got blood all over me.[0m
[15:57] [0m             :([0m
[15:58] [0m[37;1mSaim flaps :[0m use the hose![0m
[15:58] [0m[31;1m[Clan] Droptable :[0m someone really rich should buy enough tokens for an hour[0m
[15:58] [0m                   of immunity, that would be fun[0m
[15:58] [0m[31;1m[Clan] Elektra :[0m that would be $3000 in vasts[0m
[15:59] [0m[31;1m[Clan] Droptable :[0m $1,500 if you get it at 2x drive![0m
[15:59] [0m[31;1m[Clan] Droptable :[0m yeah. it's a lot, maybe crowdfunded so it's 30 people[0m
[15:59] [0m                   each using back to back tokens lol[0m
[15:59] [0m[31;1m[Clan] Saim :[0m if gme/amc squeezes the way it should i might be down[0m
[16:00] [0m[31;1m[Clan] Droptable :[0m here's hoping it squeezes[0m
[16:00] [0m[31;1m[Clan] Saim :[0m haha same[0m
[16:02] [0m[37;1mCrolack flaps :[0m You can use my shower, it's made of gold.[0m
[16:02] [0m[34;1mEcholoc shouts:[0m another One ![0m
[16:02] [0m[34;1mTex shouts:[0m you can stop that now[0m
[16:03] [0m[34;1mVorqboy shouts:[0m SOMEBODY SAVE ME FROM MYSELF!![0m
[16:30] [0mYou can currently reforge 12 items.[0m
[16:37] [0m[34;1mEcholoc shouts:[0m Down With Pants![0m
[16:40] [0mYou can currently reforge 0 items.[0m
[16:42] [0m[34;1mZiphe shouts:[0m Remover los Pantalones[0m
[16:42] [0m[34;1mNauda shouts:[0m Ziphe was just kidding, please don't[0m
[16:56] [0m[34;1mCrolack shouts:[0m Chewbacca was a wookie.[0m
[16:56] [0m[34;1mSissy shouts:[0m but does the glove fit ?[0m
[16:56] [0m[34;1mDeln shouts:[0m What a Wookie[0m
[16:57] [0m[31;1m[Clan] Elektra :[0m anyone for event?[0m
[16:57] [0m[34;1mBenek shouts:[0m he was just a big Ewok[0m
[17:01] [0m[31;1m[Clan] Elektra :[0m we should get some clan euchre games up... I want those[0m
[17:01] [0m                 medals[0m
[17:08] [0m[34;1mZiphe shouts:[0m Lookat me look at me: I'm the captain now[0m
[17:09] [0m[34;1mNauda shouts:[0m Captain of English[0m
[17:13] [0m[31;1m[Clan] Ser :[0m zzz[0m
[17:14] [0m[37;1mElektra flaps :[0m half way done with season 1 of Hunter x Hunter[0m
[17:14] [0m[37;1mElektra flaps :[0m anyone know what episode I'm on?[0m
[17:14] [0m[37;1mElektra flaps :[0m (it's a trick question)[0m
[17:14] [0m[37;1mNauda flaps :[0m 133[0m
[17:15] [0m[37;1mElektra flaps :[0m sigh, episode 50... there are 99 episodes in season one[0m
[17:16] [0m[37;1mSer flaps :[0m im halfway thru black clover s3 @ 128, ~50 ep each...  hunter x[0m
[17:16] [0m            hunter was good[0m
[17:17] [0m[31;1m[Clan] Elektra :[0m a roh in with 2 nat[0m
[17:18] [0m[31;1m[Clan] Elektra :[0m enhanced and reforged[0m
[17:18] [0m[37;1mNauda flaps :[0m didn't know it has seasons, just 148 episodes the newer 2011[0m
[17:18] [0m              version, the 1999 has 62 episodes[0m
[17:19] [0m[37;1mBliss flaps :[0m I just watched ep 1 of shadow and bones, looks promising[0m
[17:21] [0m[31;1m[Clan] Roor :[0m ooo[0m
[17:25] [0m[37;1mEnder flaps :[0m Yah it's decent[0m
[17:25] [0m[37;1mElektra flaps :[0m ah hbo max only has 99 of them. :([0m
[17:26] [0m[37;1mEnder flaps :[0m something about it has me not 100% hooked, but it's good[0m
[17:26] [0m              enough to watch[0m
[17:27] [0m[37;1mBliss flaps :[0m yeah same here, not completely enthusiast, but at least it's a[0m
[17:27] [0m              bit different from the usual show[0m
[17:28] [0m[37;1mNauda flaps :[0m here https://nyaa.si/view/1225621 are all of them[0m
[17:29] [0m[37;1mNauda flaps :[0m better quality than youtube too, x265 encoded[0m
[17:30] [0mYou can currently reforge 4 items.[0m
[17:30] [0m[37;1mNauda flaps :[0m and now I will have to watch 148 episodes, thank you elektra,[0m
[17:30] [0m              haven't seen it since it came out almost 10 years ago[0m
[17:33] [0m[37;1mNauda flaps :[0m probably most complex fighting anime of all, very specific[0m
[17:33] [0m              power is very specific weaknesses[0m
[17:36] [0m[37;1mTurnhold flaps :[0m You thought it was a new anime, but it is I, Dio![0m
[17:37] [0m[37;1mNauda flaps :[0m I was Dio all along[0m
[17:41] [0m[34;1mEnder shouts:[0m A criminal mind is all I, all i've ever known...[0m
[18:30] [0mYou can currently reforge 8 items.[0m
[18:31] [0m[31;1m[Clan] Antiochus :[0m o no more double gxp[0m
[18:31] [0m[31;1m[Clan] Antiochus :[0m sad sii sounds[0m
[18:31] [0m[31;1m[Clan] Elektra :[0m double gxp?[0m
[18:31] [0m[31;1m[Clan] Elektra :[0m oh[0m
[18:31] [0m[31;1m[Clan] Elektra :[0m right[0m
[18:31] [0m[31;1m[Clan] Elektra :[0m that[0m
[18:31] [0m[31;1m[Clan] Elektra :[0m forgot about that[0m
[18:32] [0m[31;1m[Clan] Antiochus :[0m nog when i ignore this char for a few weeks[0m
[18:43] [0m[37;1mNauda flaps :[0m does kenny and pdog live in the same cage, in ziphe's[0m
[18:43] [0m              basement?[0m
[18:43] [0m[37;1mNauda flaps :[0m 8inix, does kenny and pdog live in the same cage, in ziphe's[0m
[18:43] [0m              basement?[0m
[18:43] [0m[37;1mInix flaps :[0m [30;1m([34;1m8[30;1m)[0mInix : It is certain[0m
[18:45] [0m[31;1m[Clan] Roor :[0m the anit ochus[0m
[19:03] [0m[31;1m[Clan] Reacher :[0m hc time[0m
[19:06] [0m[34;1mTex shouts:[0m shrimp hush puppies i say shhh  doggies coleslaw and apple sauce[0m
[19:06] [0m            thats right APPLE SAUCE[0m
[19:27] [0m[34;1mRoor shouts:[0m 1109 WOOO[0m
[19:44] [0m[34;1mNauda shouts:[0m Happy moo day[0m
[19:51] [0m[34;1mZiphe shouts:[0m Kenny was a race car driver[0m
[19:52] [0m[34;1mDeln shouts:[0m Kenny'[0m
[19:52] [0m[34;1mDeln shouts:[0m He's a driver! He's a Winner![0m
[20:03] [0mYou can currently reforge 0 items.[0m
[20:08] [0mYou can currently reforge 4 items.[0m
[20:36] [0m[34;1mMurmandamus shouts:[0m Kenny gxps with an axe bodyspray set[0m
[20:38] [0m[34;1mNauda shouts:[0m and a poo knife[0m
[20:38] [0m[34;1mFujitsu shouts:[0m I put my nuts in the microwave for 30 seconds, and I was[0m
[20:38] [0m                pleasantly surprised when I popped them in my mouth.[0m
[20:38] [0m[34;1mFujitsu shouts:[0m protip if you store pecans in the fridge[0m
[21:08] [0mYou can currently reforge 8 items.[0m
[21:09] [0m[34;1mMurmandamus shouts:[0m ONE ONE ZERO[0m
[21:09] [0m[34;1mKenny shouts:[0m Respect the One.[0m
[21:12] [0m[34;1mNauda shouts:[0m one one, will become one one one[0m
[21:29] [0m[37;1mNauda flaps :[0m 8inix, if ziphe quickly went out and in 10 times in a round,[0m
[21:29] [0m              would anyone besides ziphe be still standing after that?[0m
[21:30] [0m[37;1mInix flaps :[0m [30;1m([34;1m8[30;1m)[0mInix : It is certain[0m
[21:31] [0m[37;1mSpace flaps :[0m 8inix should i explain to nauda that most mobs in secz block[0m
[21:31] [0m              so zimphe wont be able to go in and out ?[0m
[21:31] [0m[37;1mInix flaps :[0m [30;1m([34;1m8[30;1m)[0mInix : Without a doubt[0m
[21:32] [0m[37;1mMurmandamus flaps :[0m I always ractice protective Balangool[0m
[21:33] [0m[37;1mNauda flaps :[0m first monster I tried, didn't block[0m
[21:33] [0m[37;1mSpace flaps :[0m 8inix explain the word "most" to nauda[0m
[21:33] [0m[37;1mInix flaps :[0m [30;1m([34;1m8[30;1m)[0mInix : Without a doubt[0m
[21:33] [0m[37;1mNauda flaps :[0m another not blocking[0m
[21:34] [0m[37;1mKagour flaps :[0m so you can just walk to tge end???  thats great!!![0m
[21:35] [0m[37;1mSpace flaps :[0m nauda is being silly, when he is deprived of sleep he goes[0m
[21:35] [0m              into troll mode, #gag nauda endaged[0m
[21:35] [0m[37;1mNauda flaps :[0m don't need most, I think 1 is plent to kill of party members[0m
[21:35] [0m[37;1mSpace flaps :[0m *engaged even[0m
[21:36] [0m[37;1mSpace flaps :[0m if the party memebers are such weaklings they deserve to be[0m
[21:36] [0m              killed of a few times, so they can grow up[0m
[21:36] [0m[37;1mNauda flaps :[0m space is lacking in death, he have so much room to grow[0m
[21:37] [0m[37;1mNauda flaps :[0m space is lacking in death, he has so much room to grow[0m
[21:37] [0m[37;1mSpace flaps :[0m i dont seek out UK at boot everyboot so yeah I dont accumulate[0m
[21:37] [0m              20 per boot which is about 900-1000 a year :p[0m
[21:38] [0m[37;1mNauda flaps :[0m see, you are missing out on so much growing :D[0m
[21:38] [0m[37;1mSpace flaps :[0m i am a muslim, suicide is not permitted in my religion :p[0m
[21:38] [0m[37;1mOne flaps :[0m as opposed to all those other religions where it's a-ok[0m
[21:39] [0m[37;1mSpace flaps :[0m well, jesus died for your sins, so please continue its been[0m
[21:39] [0m              paid for[0m
[21:39] [0m[37;1mNauda flaps :[0m Allâhu ?akbar[0m
[21:39] [0m[37;1mAurian flaps :[0m I want to be a Toys 'R 'US Kid[0m
[21:40] [0m[37;1mKagour flaps :[0m gl with that[0m
[21:41] [0m[37;1mAliona flaps :[0m I'm a pagan, Jesus is the nice hispanic next door neighbor I[0m
[21:41] [0m               invite over for Beltane because his churros kick ass.[0m
[21:49] [0m[37;1mCaeli flaps :[0m If you stealth an enemy can you sleight of hand their weapon[0m
[21:49] [0m              away?[0m
[21:50] [0m[37;1mEcholoc flaps :[0m probably not[0m
[21:50] [0m[37;1mCaeli flaps :[0m I need to ask my DM[0m
[21:51] [0m[37;1mAliona flaps :[0m better still, can you reverse pickpocket them?   Do a little[0m
[21:51] [0m               of the old shady sands shuffle and plant something with a[0m
[21:51] [0m               blast radius on the guy[0m
[21:51] [0m[37;1mEcholoc flaps :[0m slight of hand is like palming stuff, palming someones[0m
[21:51] [0m                dagger may fit, but stealing their broadsword.... umm now[0m
[21:51] [0m[37;1mEcholoc flaps :[0m no[0m
[21:52] [0m[37;1mCaeli flaps :[0m I've stolen a potential ally's bow....[0m
[21:52] [0m[37;1mCaeli flaps :[0m And YES!  You CAN plant stuff on people.[0m
[21:52] [0m[37;1mCaeli flaps :[0m That's how I've avoided jail time once already.[0m
[21:53] [0m[37;1mEcholoc flaps :[0m the ultimate answer is "what does the DM say" because you[0m
[21:53] [0m                can talk rules all day, it really dont matter until the dm[0m
[21:53] [0m                agrees[0m
[21:53] [0m[37;1mCaeli flaps :[0m Dude stole 50 gold and stiff.[0m
[21:53] [0m[37;1mCaeli flaps :[0m Stuff. At least all the purses were found on him.[0m
[21:54] [0m[37;1mCaeli flaps :[0m Pretty sure the "poor" guy is in prison for a good long time.[0m
[22:06] [0m[34;1mNauda shouts:[0m 8inix, is murm really faithful?[0m
[22:06] [0m[34;1mInix shouts:[0m [30;1m([34;1m8[30;1m)[0mInix : You may rely on it[0m
[22:09] [0m[34;1mMurmandamus shouts:[0m 8inix, does Nauda really not like Fluffy?[0m
[22:09] [0m[34;1mInix shouts:[0m [30;1m([34;1m8[30;1m)[0mInix : It is decidedly so[0m
[22:11] [0m[37;1mApocalypse flaps :[0m 8inix, is clanwar imminent?[0m
[22:11] [0m[37;1mInix flaps :[0m [30;1m([34;1m8[30;1m)[0mInix : You may rely on it[0m
[22:11] [0m[37;1mMurmandamus flaps :[0m 8inix, do we have sufficient vespian gas?[0m
[22:11] [0m[37;1mInix flaps :[0m [30;1m([34;1m8[30;1m)[0mInix : Concentrate and ask again[0m
[22:11] [0m[37;1mZiphe flaps :[0m you require more pylons![0m
[22:11] [0m[37;1mMurmandamus flaps :[0m 8inix, do we need to construct additional pylons?[0m
[22:12] [0m[37;1mInix flaps :[0m [30;1m([34;1m8[30;1m)[0mInix : Outlook good[0m
[22:30] [0mYou can currently reforge 12 items.[0m
[22:31] [0m[34;1mGilead shouts:[0m TWO![0m
[22:31] [0mOrthas <.oO>: One oneoneone[0m
[22:31] [0m[34;1mThom shouts:[0m FIVE![0m
[22:31] [0mOne <.oO>: achievement unlocked.  Now going back and doing it again with Two[0m
[22:31] [0m           to 222 may take a bit longer[0m
[22:32] [0mOrthas <.oO>: hehe[0m
[22:32] [0mThom <.oO>: xd idk if you could even get to 222 XD[0m
[22:35] [0m[34;1mRaest shouts:[0m 11one![0m
[22:36] [0mRaest <.oO>: sure, but the maths get stupid.  if by 140 you're into[0m
[22:36] [0m             trillions xp/level...[0m
[22:50] [0m[34;1mNauda shouts:[0m 8inix, are murm's stones full?[0m
[22:50] [0m[34;1mInix shouts:[0m [30;1m([34;1m8[30;1m)[0mInix : Most likely[0m
[22:51] [0mYou can currently reforge 4 items.[0m
[22:51] [0mYou can currently reforge 0 items.[0m
[23:10] [0m[34;1mMurmandamus shouts:[0m 8inix, is space becoming a singularity?[0m
[23:10] [0m[34;1mInix shouts:[0m [30;1m([34;1m8[30;1m)[0mInix : My sources say no[0m
[23:12] [0m[34;1mCrolack shouts:[0m 8Inix, is today tomorrow New Zealand?[0m
[23:12] [0m[34;1mInix shouts:[0m [30;1m([34;1m8[30;1m)[0mInix : Very doubtful[0m
[23:12] [0m[34;1mCrolack shouts:[0m 8Inix, foot same length Europe?[0m
[23:13] [0m[34;1mGuru shouts:[0m (8)Inix, does Crolack know how to use 8Inix?[0m
[23:13] [0m[37;1mCrolack flaps :[0m 8Inix, gmail.com[0m
[23:13] [0m[37;1mInix flaps :[0m [30;1m([34;1m8[30;1m)[0mInix : Without a doubt[0m
[23:13] [0m[34;1mGuru shouts:[0m Guru doesn't either apparently[0m
[23:14] [0m[37;1mCrolack flaps :[0m 8Inix, my grandson Nathan[0m
[23:14] [0m[37;1mInix flaps :[0m [30;1m([34;1m8[30;1m)[0mInix : It is certain[0m
[23:14] [0m[37;1mApocalypse flaps :[0m 8inix, will i eventually destroy everything?[0m
[23:14] [0m[37;1mInix flaps :[0m [30;1m([34;1m8[30;1m)[0mInix : Concentrate and ask again[0m
[23:15] [0m[37;1mApocalypse flaps :[0m 8inix, is it time for the Apocalypse?[0m
[23:15] [0m[37;1mInix flaps :[0m [30;1m([34;1m8[30;1m)[0mInix : Better not tell you now[0m
[23:18] [0m[37;1mDeln flaps :[0m Mayday, Mayday[0m
[23:30] [0mYou can currently reforge 4 items.[0m
[23:38] [0m[34;1mKenny shouts:[0m No mends for you![0m
