- = LOG STARTED [00:00] = -
[06:20] [0mAl {Professions}: what xmute level is needed to transmute cocoon? has that recently changed?[0m
[06:21] [0m[37;1m[JEDI]:[0m Alyssa K'tal arrives at the Academy.[0m
[06:21] [0mHavox {Professions}: i believe level 85  for a cocoon which is reforged loads[0m
[06:22] [0mAl {Professions}: thanks hav[0m
[06:22] [0mHavox {Professions}: if not reforged it can be 90+[0m
[06:22] [0mHooligan {Professions}: glad i dont run cocoon anymore[0m
[06:24] [0mAl {Professions}: thanks havox for the spare xmute.  i thought i had enough at lv89, but neither[0m
[06:24] [0m                  here nor there[0m
[06:25] [0mHavox {Professions}: you can, you just need it reforged loads[0m
[06:25] [0mAl {Professions}: nod, i'll have to keep that one locked in memory[0m
[06:26] [0m[34;1mNightrider shouts:[0m le moo?[0m
[06:27] [0mSpace {Professions}: hooli you can just make coon into bp with guild power no ?[0m
[06:28] [0m[34;1mNauda shouts:[0m le mooes of moosr[0m
[06:46] [0m[37;1m[JEDI]:[0m Wennic Ber'ni'lok arrives at the Academy.[0m
[06:59] [0m[34;1mNightrider shouts:[0m all alone in the kguild[0m
[06:59] [0m[34;1mNauda shouts:[0m Unleash the Kirwan![0m
[07:01] [0m[34;1mNauda shouts:[0m In the 3k, the mighty 3k, The Kirwan sleeps tonight. Hush my darling, don't fear[0m
[07:01] [0m              my darling, The Kirwan sleeps tonight.[0m
[07:16] [0m[37;1m[JEDI]:[0m Kerran Halcyon arrives at the Academy.[0m
[07:31] [0m[31;1m[Clan] Sonaten enters the game.[0m  [0m
[07:48] [0m[37;1m[JEDI]:[0m Janath Meelin arrives at the Academy.[0m
[07:54] [0m[31;1m[Clan] Oscar :[0m morning[0m
[07:55] [0m[37;1mNauda flaps :[0m resetting in 5min[0m
[08:00] [0m[37;1mNauda flaps :[0m anyone for secz reset?[0m
[08:00] [0m[37;1mNightrider flaps :[0m yes[0m
[08:06] [0m<- ! The Vigilant ! -> :  A destabilization Kayos event has been detected in Deserts of Fantasy![0m
[08:06] [0m                          We are localizing it now - get ready![0m
[08:14] [0m[31;1m[Clan] Elektra :[0m anyone want to do event?[0m
[08:15] [0m[37;1m[JEDI]:[0m H'ssani C'talan arrives at the Academy.[0m
[08:23] [0m[31;1m[Clan] Ser :[0m yuh[0m
[08:25] [0m[31;1m[Clan] Ser :[0m i'm about to dive in[0m
[08:26] [0m[31;1m[Clan] Ser :[0m 2w/2n from dportal[0m
[08:26] [0m[31;1m[Clan] Ser :[0m speak now or hold carrots[0m
[08:26] [0m[31;1m[Clan] Elektra :[0m oo[0m
[08:26] [0m[31;1m[Clan] Elektra :[0m yes[0m
[08:26] [0m[31;1m[Clan] Elektra :[0m omw[0m
[08:38] [0m[37;1m[JEDI]:[0m Ylenic It'kla arrives at the Academy.[0m
[09:13] [0m[Auction] Robert : Up for bids: A strangely dense, very blue wooden ring {radiant}[0m
[09:13] [0m                   [<*/*(O)*\*>].[0m
[09:13] [0m[Auction] Robert : Xiu has requested 0 as the opening offer.[0m
[09:13] [0m[Auction] Robert : Got 0 from Alassra(necr).  Do I hear 50?[0m
[09:13] [0m[Auction] Robert : 0 going once![0m
[09:14] [0m[Auction] Robert : 0 going twice![0m
[09:14] [0m[37;1m[JEDI]:[0m Rhaan arrives at the Academy.[0m
[17:49] [0mYou can currently reforge 12 items.[0m
[17:51] [0m[34;1mNightrider shouts:[0m Have No Fear, The Moo Xp Train is here![0m
[17:51] [0mYou can currently reforge 8 items.[0m
[17:51] [0mYou can currently reforge 0 items.[0m
[18:04] [0m[34;1mHawkeyes shouts:[0m woo woo the spam[0m
[18:05] [0m[34;1mEcholoc shouts:[0m woo[0m
[18:05] [0mEllegon <.oO>: woot[0m
[18:05] [0mOrthas <.oO>: whee[0m
[18:05] [0m[34;1mAlassra shouts:[0m Woo![0m
[18:05] [0m[34;1mLocrian shouts:[0m WHOA!!! DO IT AGAIN DO IT AGAIN![0m
[18:05] [0m[34;1mKsemia shouts:[0m more spammy big letters!![0m
[18:05] [0m[34;1mTex shouts:[0m someone left the hose on[0m
[18:05] [0m[34;1mSer shouts:[0m *house[0m
[18:05] [0m[34;1mRaest shouts:[0m spamtastic[0m
[18:06] [0m[34;1mNightrider shouts:[0m Mooòoooooooooooooooooo[0m
[18:06] [0m[34;1mNightrider shouts:[0m Mooòoooooooooooooooooo[0m
[18:06] [0m[34;1mNightrider shouts:[0m Mooòoooooooooooooooooo[0m
[18:25] [0m[31;1m[Clan] Nix :[0m ffs... jeopardy was taken off for this bullshit news bulletin[0m
[18:26] [0m[31;1m[Clan] Prism :[0m what news bulletin[0m
[18:26] [0m[31;1m[Clan] Nix :[0m biden and camala[0m
[18:26] [0m[31;1m[Clan] Prism :[0m my king and queen[0m
[18:27] [0m[31;1m[Clan] Nix :[0m hahahaha[0m
[18:27] [0mYou can currently reforge 4 items.[0m
[18:33] [0m[31;1m[Clan] Ser :[0m yo this anime is fucking awesome[0m
[18:36] [0m[37;1mEcholoc flaps :[0m i am disinclined to acquiesce to your request[0m
[19:13] [0mYou can currently reforge 0 items.[0m
[19:20] [0m[37;1mCaeli flaps :[0m So, I heard Morrisey is whining about South Park.....[0m
[19:21] [0m[37;1mEllegon flaps :[0m I don't know what it is, but if South Park is coming after[0m
[19:21] [0m                you, ignore it, or lean into it.[0m
[19:23] [0m[34;1mLeianne shouts:[0m crap. You're too slippery to put anything on! There goes my[0m
[19:23] [0m                stats boosts :([0m
[19:25] [0m[37;1mCaeli flaps :[0m I think he's a singer[0m
[19:26] [0m[37;1mBrasky flaps :[0m yep. and a militant vegitarian[0m
[19:27] [0mYou can currently reforge 4 items.[0m
[19:36] [0m[37;1mFirebird flaps :[0m sectz reset[0m
[19:39] [0m[31;1m[Clan] Elektra :[0m meep[0m
[19:39] [0m[31;1m[Clan] Elektra :[0m did we reset?[0m
[19:39] [0m[31;1m[Clan] Elektra :[0m oh on 49 already[0m
[19:43] [0m[34;1mFlaxen shouts:[0m hose[0m
[19:44] [0m[34;1mVolt shouts:[0m send 'em in[0m
[19:45] [0m[37;1mKirwan flaps :[0m Will be resetting Section Z in a few minutes at the title[0m
[19:45] [0m               screen.  let me know if you're interested.[0m
[19:46] [0m[34;1mJasmine shouts:[0m PLAYCULT! One more needed to kill Nik![0m
[19:46] [0m[31;1m[Clan] Elektra :[0m kirwan is reseting me[0m
[19:47] [0m[31;1m[Clan] Elektra :[0m you guys are on a new one?[0m
[19:47] [0m[31;1m[Clan] Elektra :[0m i'm in 1143130[0m
[19:47] [0m[31;1m[Clan] Ser :[0m no[0m
[19:47] [0m[31;1m[Clan] Elektra :[0m oh[0m
[19:47] [0m[31;1m[Clan] Elektra :[0m that is the right one?[0m
[19:47] [0m[31;1m[Clan] Elektra :[0m ah can you swing and get me[0m
[19:47] [0m[31;1m[Clan] Nix :[0m i can[0m
[19:48] [0m[31;1m[Clan] Elektra :[0m thanks[0m
[19:48] [0m[31;1m[Clan] Nix :[0m unless ser is gonna pause[0m
[19:56] [0m[37;1mEcholoc flaps :[0m here is a question for the group.. in Pirates of the[0m
[19:56] [0m                Caribbean 1, that bomb guy that gets blown up near the[0m
[19:56] [0m                end... is he still alive until the curse is lifted?[0m
[19:56] [0m[37;1mKenny flaps :[0m i dont recall anyone dying on set[0m
[19:57] [0m[37;1mEcholoc flaps :[0m referring to one of the pirates in the movie[0m
[19:58] [0m[37;1mJeraud flaps :[0m I don't remember any of the cursed pirates dying before the[0m
[19:58] [0m               curse was lifted.[0m
[19:58] [0m[37;1mEcholoc flaps :[0m well, will stuffs a bomb inside this one, they pushes him[0m
[19:58] [0m                out of the moonlight, the boom...[0m
[19:59] [0m[37;1mGamst flaps :[0m yeh his fake guts got exploded then he was fine again[0m
[19:59] [0m[37;1mGamst flaps :[0m as he has no guts[0m
[20:00] [0m[37;1mJeraud flaps :[0m The physical 'skin' was just an illusion as under full[0m
[20:00] [0m               moonlight they were nothing more than skeletons.[0m
[20:01] [0m[37;1mEcholoc flaps :[0m but you do see them getting all scattered, like by the boat[0m
[20:01] [0m                to the head[0m
[20:02] [0m[37;1mJeraud flaps :[0m They could still pull themselves back together with the same[0m
[20:02] [0m               'magic' that made them undead.[0m
[20:03] [0m[37;1mEcholoc flaps :[0m well he didn't have long to pull himself together[0m
[20:03] [0m[37;1mJeraud flaps :[0m Who knows how long it actually took to do all that. After all[0m
[20:03] [0m               movie time is not the same as RL time.[0m
[20:04] [0m[37;1mEcholoc flaps :[0m well, boom, will and elizabeth run toward the chest, jack[0m
[20:04] [0m                tosses coin, curse lifted[0m
[20:08] [0m[37;1mJeraud flaps :[0m Well yes because if everything took real time nobody'd watch[0m
[20:08] [0m               the damn thing. Just because from the RL time frame it took a[0m
[20:08] [0m               couple minutes doesn't mean that's how much it actually took[0m
[20:08] [0m               in the movie. I mean they sailed to the island in, what,[0m
[20:08] [0m               fifteen minutes?[0m
[20:09] [0m[37;1mEcholoc flaps :[0m pretty sure the boom to chest didn't take any magic movie[0m
[20:09] [0m                time :)[0m
[20:10] [0m[37;1mJeraud flaps :[0m The time between the boom and the chest bit quite probably[0m
[20:10] [0m               did as it was a jump from one scene to the other.[0m
[20:12] [0mAurian -=(OMP)=- on[0m
[20:13] [0m[37;1mEcholoc flaps :[0m i see you point but to me it doesn't seem to be a long time[0m
[20:13] [0m                :)[0m
[20:13] [0mAurian -=(OMP)=- Well I guess that works.[0m
[20:13] [0mEllegon -=(OMP)=- off[0m
[20:13] [0mRaest -=(OMP)=- do they hold omps anymore?[0m
[20:13] [0mGuru -=(OMP)=- off[0m
[20:13] [0mNameless -=(OMP)=- meharder[0m
[20:13] [0m[37;1mCaeli flaps :[0m My youngest dog does not like me singing 80s songs.[0m
[20:13] [0mEllegon -=(OMP)=- is that when the keyboard vampires meet up in public to[0m
[20:13] [0m                  compare avatar drawings?[0m
[20:14] [0mNameless -=(OMP)=- i would say i miss omps, but i didnt really participate[0m
[20:14] [0m                   in omp activities the two times i went[0m
[20:14] [0mNameless -=(OMP)=- but hanging out with some of the droogs irl was kinda[0m
[20:14] [0m                   neat[0m
[20:14] [0mDarach@3s -=(OMP)=- omp activities == playing risk?[0m
[20:14] [0mNameless -=(OMP)=- making the tips touch, but for marbles![0m
[20:14] [0mEllegon -=(OMP)=- oh no, the unclean can hear us?[0m
[20:14] [0mDarach@3s -=(OMP)=- true story - my first solo flight as an adult was to an[0m
[20:14] [0m                    omp :D[0m
[20:14] [0mEcholoc -=(OMP)=- i always understood them as times to go get smashed...[0m
[20:14] [0mNameless -=(OMP)=- laf[0m
[20:14] [0mAurian -=(OMP)=- shiver[0m
[20:15] [0mStasis -=(OMP)=- i miss the omp boon-fests[0m
[20:15] [0mGeb@3s -=(OMP)=- Not to smash? Unfortunate[0m
[20:15] [0mEllegon -=(OMP)=- I think I was near an OMP event once, and met a couple of[0m
[20:15] [0m                  you in passing.[0m
[20:15] [0mEcholoc -=(OMP)=- smashed = drunk[0m
[20:16] [0mApocalypse -=(OMP)=- oomph[0m
[20:16] [0mNameless -=(OMP)=- i went to a chicago omp and indianapolis omp[0m
[20:16] [0mRaest -=(OMP)=- i was at chicago and st. louis[0m
[20:16] [0mEcholoc -=(OMP)=- since that term has changed in meaning recently[0m
[20:17] [0mAgram@3s -=(OMP)=- omp omp omp[0m
[20:17] [0mLocrian -=(OMP)=- hey hey @3s![0m
[20:17] [0mGeb@3s -=(OMP)=- Hello[0m
[20:19] [0mApocalypse -=(OMP)=- hey[0m
[20:19] [0mSpace -=(OMP)=- hey[0m
[20:19] [0mStasis -=(OMP)=- hey[0m
[20:19] [0mVagrant -=(OMP)=- hey[0m
[20:19] [0mNameless -=(OMP)=- hey[0m
[20:19] [0mXana -=(OMP)=- hey[0m
[20:19] [0mHawkeyes -=(OMP)=- hey[0m
[20:19] [0mGamst -=(OMP)=- hey[0m
[20:19] [0mTrisky -=(OMP)=- hey[0m
[20:19] [0mMental -=(OMP)=- hey[0m
[20:19] [0mAbaddon -=(OMP)=- hey[0m
[20:19] [0mKenny -=(OMP)=- hey[0m
[20:19] [0mDangerzone -=(OMP)=- hey[0m
[20:19] [0mKnull -=(OMP)=- hey[0m
[20:19] [0mLocrian -=(OMP)=- hey[0m
[20:19] [0mKagour -=(OMP)=- hey[0m
[20:19] [0mMentok -=(OMP)=- hey[0m
[20:19] [0mZanadu -=(OMP)=- hey[0m
[20:19] [0mGore@3s -=(OMP)=- hey yourself[0m
[20:19] [0mRandom@3s -=(OMP)=- hey yourself[0m
[20:19] [0mGeb@3s -=(OMP)=- hey yourself[0m
[20:19] [0mApex@3s -=(OMP)=- hey yourself[0m
[20:19] [0mDevolved@3s -=(OMP)=- hey yourself[0m
[20:19] [0mDarach@3s -=(OMP)=- hey yourself[0m
[20:19] [0mSimone@3s -=(OMP)=- hey yourself[0m
[20:19] [0mAgram@3s -=(OMP)=- hey yourself[0m
[20:19] [0mMaxim@3s -=(OMP)=- hey yourself[0m
[20:19] [0mAelion@3s -=(OMP)=- hey yourself[0m
[20:19] [0mVlad@3s -=(OMP)=- hey yourself[0m
[20:19] [0mFinster -=(OMP)=- covidomp[0m
[20:19] [0mMurmandamus -=(OMP)=- hayyyyyyy[0m
[20:19] [0mElektra -=(OMP)=- rofl[0m
[20:19] [0mKenny -=(OMP)=- i would never say 'hey'[0m
[20:19] [0mDin -=(OMP)=- i call bs, i dc'd from 3s like half an hour ago[0m
[20:19] [0mKenny -=(OMP)=- i would say TREE[0m
[20:19] [0mRaest -=(OMP)=- hay is for horses[0m
[20:20] [0mGeb@3s -=(OMP)=- We on 3s are AI[0m
[20:20] [0mAurian -=(OMP)=- Wilbur[0m
[20:20] [0mLocrian -=(OMP)=- can we just have an omp in houston, so i don't have to[0m
[20:20] [0m                  drive anywhere?[0m
[20:21] [0mKnull -=(OMP)=- locrians company is worth the travel[0m
[20:21] [0mEllegon -=(OMP)=- we'll just have you zoom in.[0m
[20:21] [0mDarach@3s -=(OMP)=- what if we had a virtual omp? maybe a place where we[0m
[20:21] [0m                    could all get together to chat, drink, play games, maybe[0m
[20:21] [0m                    pew pew some zombies[0m
[20:21] [0mKnull -=(OMP)=- zoom in on a plane or in your car, whatever[0m
[20:21] [0mDarach@3s -=(OMP)=- if anyone comes up with a place like that, let me know![0m
[20:21] [0mEcholoc -=(OMP)=- heh u-omp go get together wherever :P[0m
[20:21] [0mEllegon -=(OMP)=- but... how do you spread covid virtually?[0m
[20:22] [0mKnull -=(OMP)=- you just spread misinformation duh[0m
[20:22] [0mDin -=(OMP)=- press yourself against the screen![0m
[20:22] [0mDarach@3s -=(OMP)=- I'm pressing![0m
[20:22] [0mSimone@3s -=(OMP)=- remember skinless with the vagical[0m
[20:23] [0mLocrian -=(OMP)=- there is so much i don't understand about that to even try[0m
[20:23] [0m                  to remember.[0m
[20:23] [0mRaest -=(OMP)=- and that one time, at band camp....[0m
[20:25] [0mApocalypse -=(OMP)=- OMP at this year's Ren fest in TX make it happen[0m
[20:25] [0mGuru -=(OMP)=- why does this omp line keep coming unblocked[0m
[20:25] [0mEcholoc -=(OMP)=- or the muskogee renfest :)[0m
[20:25] [0mApocalypse -=(OMP)=- because you must OMP[0m
[20:26] [0mDin -=(OMP)=- i've been to the muskogee refest a few times[0m
[20:26] [0mGuru -=(OMP)=- I guess I should check the OMP box before I expire[0m
[20:26] [0mKenny -=(OMP)=- texas could probably host its own omp every year[0m
[20:27] [0mLocrian -=(OMP)=- probably.[0m
[20:27] [0mDin -=(OMP)=- haven't been to an omp since st. louis in... '02?  '04? [0m
[20:27] [0m              Muskogee I could definitely do though[0m
[20:27] [0mGuru -=(OMP)=- if we do it in Houston you guys can watch me eat pizza[0m
[20:27] [0mDarach@3s -=(OMP)=- that st. louis was '02 I believe[0m
[20:27] [0mLocrian -=(OMP)=- pizza omp party[0m
[20:27] [0mYou can currently reforge 8 items.[0m
[20:28] [0mGuru -=(OMP)=- what's it like? Do  y'all introduce yourself to each other[0m
[20:28] [0m               and then sit and talk about the mud and share qinfo and[0m
[20:28] [0m               stuff?[0m
[20:28] [0mLocrian -=(OMP)=- i have no idea[0m
[20:28] [0mEcholoc -=(OMP)=- or play board games[0m
[20:28] [0mKnull -=(OMP)=- does that not sound awesome to you guru?[0m
[20:28] [0mGilneas@3s -=(OMP)=- board/card/dice games and lots of drinking[0m
[20:28] [0mDarach@3s -=(OMP)=- and scavenger hunt and underpants gnomes[0m
[20:28] [0mGilneas@3s -=(OMP)=- and dog punting[0m
[20:28] [0mGuru -=(OMP)=- sounds pretty cool[0m
[20:29] [0mDin -=(OMP)=- play board games, card games, do a scavenger hunt that capped[0m
[20:29] [0m              off with trying to find someone to flash finished oak cabinets[0m
[20:29] [0mEcholoc -=(OMP)=- you lose me at the "lots of drinking"[0m
[20:29] [0mKnull -=(OMP)=- we used to do all those things.  now we can sit around and[0m
[20:29] [0m                talk about our body aches[0m
[20:29] [0mRaest -=(OMP)=- bewbs![0m
[20:29] [0mGilneas@3s -=(OMP)=- really a big sausage party. there are no female mudders[0m
[20:30] [0mGuru -=(OMP)=- I think we need to have some enormous reinforced pinatas[0m
[20:30] [0m               shaped like Beloch that we get together on and beat up[0m
[20:30] [0mEllegon -=(OMP)=- then we all wear rohs on fingies coming out of our chest.[0m
[20:30] [0mNameless -=(OMP)=- wasnt there a dog punting thing[0m
[20:31] [0mRaest -=(OMP)=- yep, see who could kick it the furthest[0m
[20:31] [0mGilneas@3s -=(OMP)=- now most of are too old. too hard to kick through the[0m
[20:31] [0m                     walker[0m
[20:31] [0mApocalypse -=(OMP)=- contest to see who can kick crolack the farthest?[0m
[20:31] [0mKnull -=(OMP)=- okay but someone has to tell us what beloch looks like[0m
[20:31] [0mRaest -=(OMP)=- don't project Gil[0m
[20:31] [0mGilneas@3s -=(OMP)=- in the balls?[0m
[20:32] [0mGuru -=(OMP)=- can we just bring our bots to kick the dog?  Automate the[0m
[20:32] [0m               strenuous parts of the omp[0m
[20:32] [0mGilneas@3s -=(OMP)=- sure. leaves more time for the boozin and smoozing[0m
[20:32] [0mRaest -=(OMP)=- can our kids kick the dog for us?[0m
[20:32] [0mLocrian -=(OMP)=- build some trebuchets[0m
[20:32] [0mGilneas@3s -=(OMP)=- sounds like work. yuck[0m
[20:33] [0mRaest -=(OMP)=- trebuchet is a throw, not a punt[0m
[20:50] [0m[34;1mSimonz shouts:[0m 4 670sp charms @ CoT, ping me in 1999![0m
[20:58] [0m[31;1m[Clan] Nix :[0m i am so torn with what to do with stats[0m
[21:02] [0m[34;1mLeianne shouts:[0m grr... Can't wear armours.. and Death Taco is in the way -[0m
[21:02] [0m                so can't run back to house to box all to relogin :([0m
[21:03] [0m[34;1mLeianne shouts:[0m can't kill taco without armour :([0m
[21:03] [0m[34;1mSunflower shouts:[0m roaches and dog?[0m
[21:03] [0m[34;1mEcholoc shouts:[0m can't you go down in any of the rooms and get out?[0m
[21:03] [0m[34;1mLeianne shouts:[0m hit the Death Taco bug again - You are too slippery to put[0m
[21:03] [0m                anything on! and it won't wear out[0m
[21:04] [0m[34;1mSunflower shouts:[0m go down, kill roaches, kill dog, go home, quit.[0m
[21:04] [0m[34;1mLeianne shouts:[0m heh didn't know that[0m
[21:04] [0m[34;1mKenny shouts:[0m why did you just kill my dog[0m
[21:04] [0m[34;1mSunflower shouts:[0m when you kill roaches, go west, all roaches die, break[0m
[21:04] [0m                  grate, west and theres dog, then you can get out after dog[0m
[21:04] [0m                  is dead[0m
[21:05] [0m[34;1mKenny shouts:[0m obligatory qinfo![0m
[21:05] [0m[34;1mBertolf shouts:[0m recommend 'kill chihuahua' so you don't hit your own dog, if[0m
[21:05] [0m                you have one.[0m
[21:06] [0m[34;1mSpace shouts:[0m nah always kill kerenskey[0m
[21:08] [0m[34;1mLeianne shouts:[0m Any wiz wants to check my inventory to see why I can't lose[0m
[21:08] [0m                the slippery guaca effect before I logout?[0m
[21:09] [0m[34;1mLeianne shouts:[0m pity my Turnhold's Scotch and Kayo's stats :([0m
[21:10] [0m[34;1mSunflower shouts:[0m who wiz says frank is on..[0m
[21:12] [0m[31;1m[Clan] Nameless :[0m PARTY] Oscar: ive been kinda idle today[0m
[21:12] [0m[34;1mFrank shouts:[0m try dropping your stuff[0m
[21:12] [0m[34;1mVolt shouts:[0m drop it like it's hot[0m
[21:13] [0m[31;1m[Clan] Elektra :[0m all mobs do blutn or edged except cloud eyes is power and[0m
[21:13] [0m                 generators do power/lightning[0m
[21:17] [0m[34;1mLeianne shouts:[0m ohh.. Maybe is the Shimmering cloak of Aylin[0m
[21:24] [0m[37;1mLeianne flaps :[0m think is aylin cloak. It gives such good AC. with cheesy[0m
[21:24] [0m                taco, I got 40 ac in some slots[0m
[21:25] [0m[37;1mSpace flaps :[0m why bother? when kilt is 40 edged, 40 blunt, 40 fire, 40 mind,[0m
[21:25] [0m              40 energy[0m
[21:26] [0m[37;1mLeianne flaps :[0m yup. I remember you got me one of those willie kilt before.[0m
[21:26] [0m                good cloak.. going to logout[0m
[21:27] [0mYou can currently reforge 12 items.[0m
[21:48] [0mYou can currently reforge 0 items.[0m
[21:49] [0m[32mKerym says: [0mWell met, Swordbrother Dangerzone, May the Seldarine's Blessings be upon you.[0m
[22:27] [0mYou can currently reforge 4 items.[0m
[22:30] [0m[31;1m[Clan] Sock wiggles off your foot.[0m  [0m
[22:39] [0m[34;1mMurmandamus shouts:[0m ____  __  ___    _  _ ____ ____ __.                     [0m
[22:39] [0m                    | __ |  |  |     |\/| |  | |  |  _|                     [0m
[22:39] [0m                    |__] |__|  |     |  | |__| |__|  .[0m
[22:39] [0m[34;1mWayne shouts:[0m no![0m
[22:39] [0m[34;1mBertolf shouts:[0m Murm and Amus, at it again.[0m
[23:05] [0m<- ! The Vigilant ! -> :  A destabilization Kayos event has been detected in[0m
[23:05] [0m                          Deserts of Fantasy!  We are localizing it now -[0m
[23:05] [0m                          get ready![0m
[23:30] [0m[37;1mApocalypse flaps :[0m anyone else have it where mask doesn't fire for like 10s?[0m
[23:30] [0m[37;1mNameless flaps :[0m did you remove it recently?[0m
[23:31] [0m[37;1mApocalypse flaps :[0m has happened to me twice now, removed it, waited 2mins or[0m
[23:31] [0m                   so, works fine for a few kills, then 10s[0m
[23:38] [0m[37;1mApocalypse flaps :[0m happened again[0m
[23:38] [0m[37;1mApocalypse flaps :[0m 14s[0m
[23:39] [0m[37;1mNameless flaps :[0m i mean i know the remove/rewear thing means it has to[0m
[23:39] [0m                 recharge but unsure what else could cause that[0m
[23:44] [0m[37;1mApocalypse flaps :[0m i've seen it take 4s or 6s to split before, but never[0m
[23:44] [0m                   this long[0m
[23:45] [0m[37;1mApocalypse flaps :[0m and it's not consistent, it makes me thing there's crazy[0m
[23:45] [0m                   lag or something, but when i enter other cmds it's[0m
[23:45] [0m                   immediate..[0m
