- = LOG STARTED [00:00] = -
[00:00] [0m[37;1m[JEDI]:[0m Tobias Kel'ach'nar arrives at the Academy.[0m
[00:34] [0m[37;1m[JEDI]:[0m Bithoff Jonansaan arrives at the Academy.[0m
[00:53] [0m<- ! The Vigilant ! -> :  A destabilization Kayos event has been detected in Deserts of Fantasy![0m
[00:53] [0m                          We are localizing it now - get ready![0m
[00:58] [0m[37;1mFluffy <.oO>:[0m train level[0m
[01:05] [0m[37;1m[JEDI]:[0m Rhaan arrives at the Academy.[0m
[01:05] [0m[37;1mMotivation flaps :[0m kayos: desert portal, 4 nw[0m
[01:09] [0m[37;1mMotivation flaps :[0m radioactive, i think[0m
[01:38] [0m[37;1m[JEDI]:[0m Janath Meelin arrives at the Academy.[0m
[02:04] [0m[37;1m[JEDI]:[0m Reena Bel Noir arrives at the Academy.[0m
[02:37] [0m[37;1m[JEDI]:[0m Durnoth arrives at the Academy.[0m
[03:00] [0m[34;1mJasmine shouts:[0m DIRTY FILTHY MEMORY![0m
[03:08] [0m[37;1m[JEDI]:[0m Wennic Ber'ni'lok arrives at the Academy.[0m
[11:35] [0m[37;1m[JEDI]:[0m Reena Bel Noir arrives at the Academy.[0m
[11:42] [0m[31;1m[Clan] Falthrice :[0m belated 'woot', Roken[0m
[11:44] [0m[31;1m[Clan] Nameless :[0m whee[0m
[11:45] [0m[31;1m[Clan] Nameless :[0m i suck so bad without most of my gear lol[0m
[11:45] [0m[31;1m[Clan] Nameless :[0m 31 rooms left of secz and im eating corpses nonstop[0m
[11:47] [0m[31;1m[Clan] Falthrice :[0m you could get a hold of a cmc for Chad, that's better than Balangool gear[0m
[11:47] [0m[31;1m[Clan] Nameless :[0m hmm[0m
[11:48] [0m[31;1m[Clan] Nameless :[0m i turned banus cloak into a ring, eventually will MR coon into pants[0m
[11:48] [0m[31;1m[Clan] Falthrice :[0m and I forgot the damn guild cloak again[0m
[11:48] [0m[31;1m[Clan] Nameless :[0m with mask changes and seemingly never splitting corpses, im just gonna wear[0m
[11:48] [0m                  guyahi ammy[0m
[11:48] [0m[31;1m[Clan] Nameless :[0m oh right, cloak[0m
[11:49] [0m[31;1m[Clan] Nameless :[0m maybe i should pantsify cmc, or does mr break it?[0m
[11:50] [0m[34;1mFluffy shouts:[0m bacon![0m
[11:50] [0m[34;1mOrthas shouts:[0m git?[0m
[11:51] [0m[34;1mFalthrice shouts:[0m who's the git again?[0m
[11:51] [0m[34;1mLocrian shouts:[0m yeah. git it![0m
[11:51] [0m[34;1mKremlin shouts:[0m 5G![0m
[11:52] [0m[31;1m[Clan] Falthrice :[0m mr breaks ac[0m
[11:52] [0m[31;1m[Clan] Falthrice :[0m still works for heals/stats[0m
[11:58] [0m[31;1m[Clan] Nameless :[0m nod[0m
[11:59] [0m[31;1m[Clan] Nameless :[0m so probably worth it, considering i have insane downtime for sake of sp regen[0m
[12:01] [0m[34;1mSquirrel shouts:[0m Dog the bounty hunter arrives hunting you.[0m
[12:03] [0m[37;1m[JEDI]:[0m Durnoth arrives at the Academy.[0m
[12:04] [0m[34;1mVolt shouts:[0m User therealdogthebountyhunter would like to DM you, accept?[0m
[12:33] [0m[37;1m[JEDI]:[0m Ylenic It'kla arrives at the Academy.[0m
[12:40] [0m[31;1m[Clan] Falthrice :[0m doh[0m
[12:41] [0m[31;1m[Clan] Cambiador :[0m :([0m
[13:08] [0m[37;1m[JEDI]:[0m Herah Wylann arrives at the Academy.[0m
[13:33] [0m[37;1mNameless flaps :[0m secz reset in... some arbitrary amount of time[0m
[13:33] [0m[37;1mNameless flaps :[0m 3! 3 minutes! ah ah ah.[0m
[13:34] [0m[37;1mTedious flaps :[0m 3 minutes is too long, make it 1.[0m
[13:35] [0m[37;1mTedious flaps :[0m Lightspeed is too slow as well.[0m
[13:35] [0m[34;1mZiphe shouts:[0m BURN THE CODES!!![0m
[13:37] [0m[34;1mNauda shouts:[0m Pray Ziphe![0m
[13:41] [0m[37;1m[JEDI]:[0m Bithoff Jonansaan arrives at the Academy.[0m
[13:44] [0m[35;1mKsemia [Jedi(Master)]:[0m that's not good....[0m
[13:44] [0m[35;1mKsemia [Jedi(Master)]:[0m need assistance?[0m
[13:45] [0m[34;1mNauda shouts:[0m bards are the worst, never trust a bard[0m
[13:45] [0m[34;1mLocrian shouts:[0m we only lie to Nauda. everyone else we like.[0m
[13:45] [0m[35;1mKheldar [Jedi(17)]:[0m nah, just wandering through places[0m
[13:46] [0m[34;1mTedious shouts:[0m But is it somehow Maverik's fault?[0m
[13:46] [0m[34;1mNauda shouts:[0m Nameless said I will be last in, and tank the adds, it will be fun...[0m
[13:46] [0m[35;1mKsemia [Jedi(Master)]:[0m gotcha....that guy summons minions....[0m
[13:46] [0m[34;1mFluffy shouts:[0m the abyss notes: squirrels are nice and crunchy ... that is all[0m
[13:47] [0m[35;1mKheldar [Jedi(17)]:[0m yeah, apparently :P[0m
[13:52] [0m[31;1m[Clan] Falthrice :[0m you are my friend, Prism, so I won't say that you did, but from a different[0m
[13:52] [0m                   orifice[0m
[13:52] [0m[34;1mNauda shouts:[0m Then Tony said I will be a tanky tank bard, and got bunch of peeps killed... Only[0m
[13:52] [0m              twice...[0m
[13:52] [0m[31;1m[Clan] Prism :[0m I told you that in confidence![0m
[13:52] [0m[31;1m[Clan] Falthrice :[0m lol[0m
[13:52] [0m[31;1m[Clan] Falthrice :[0m I guess I caught it from you :P[0m
[13:52] [0m[31;1m[Clan] Falthrice :[0m well, that's not true, I already had that issue[0m
[13:54] [0m[31;1m[Clan] Falthrice :[0m didn't you have a mage as well, P?[0m
[13:58] [0m[31;1m[Clan] Nameless :[0m Character Uglyhorse does not exist @ this realm (3k).[0m
[14:03] [0m[31;1m[Clan] Falthrice :[0m Character Twodogs does not exist @ this realm (3k).[0m
[14:08] [0m[31;1m[Clan] Akir leaves the game.[0m  [0m
[14:14] [0m[37;1m[JEDI]:[0m Talia Ska arrives at the Academy.[0m
[14:23] [0m[37;1mTedious flaps :[0m #read .tt/3k/guilds/juggernaut.tin[0m
[14:40] [0m[31;1m[Clan] Cambiador :[0m :( Nix[0m
[14:41] [0m[31;1m[Clan] Nameless :[0m bardport[0m
[14:41] [0m[31;1m[Clan] Prism :[0m buttport[0m
[14:41] [0m[31;1m[Clan] Nameless :[0m thermal exhaust port[0m
[14:41] [0m[31;1m[Clan] Nameless :[0m oh wait same thing[0m
[14:47] [0m[37;1m[JEDI]:[0m Alyssa K'tal arrives at the Academy.[0m
[15:05] [0m[37;1mSquirrel flaps :[0m anymore hitters for beloch?[0m
[15:09] [0m[31;1m[Clan] Nameless :[0m lol byron no longer a right side tplister[0m
[15:09] [0m[31;1m[Clan] Nameless :[0m left[0m
[15:09] [0m[31;1m[Clan] Nameless :[0m i no longer have brayn[0m
[15:24] [0m[37;1m[JEDI]:[0m Rhaan arrives at the Academy.[0m
[15:33] [0m<- ! The Vigilant ! -> :  A destabilization Kayos event has been detected in Deserts of Fantasy![0m
[15:33] [0m                          We are localizing it now - get ready![0m
[15:46] [0m[37;1mTedious flaps :[0m Unga ooh bunga[0m
[15:52] [0m[37;1mNauda flaps :[0m you can't be necro admin if you don't have even a tiny bit of a neck beard, send[0m
[15:52] [0m              pictures[0m
[15:53] [0m[37;1mNauda flaps :[0m wl[0m
[15:53] [0m[37;1m[JEDI]:[0m Janath Meelin arrives at the Academy.[0m
[15:53] [0m[37;1mMaverik flaps :[0m laf[0m
[15:53] [0m[37;1mInix flaps :[0m Pics are on 3k.org[0m
[15:54] [0m[37;1mNauda flaps :[0m 8inix, blame Maverik?[0m
[15:54] [0m[37;1mTedious flaps :[0m [30;1m([34;1m8[30;1m)[0mInix : Yes[0m
[15:54] [0m[37;1mInix flaps :[0m [30;1m([34;1m8[30;1m)[0mInix : Signs point to yes[0m
[15:54] [0m[37;1mInix flaps :[0m Iniverik is only half to blame.[0m
[16:01] [0m[37;1mMaverik flaps :[0m it's not my fault dammit!![0m
[16:01] [0m[37;1mNameless flaps :[0m iniverik sounds like a brand name blue pill variant[0m
[16:01] [0m[37;1mNauda flaps :[0m 8inix, is it really, tho?[0m
[16:01] [0m[37;1mTedious flaps :[0m [30;1m([34;1m8[30;1m)[0mInix : Most likely[0m
[16:01] [0m[37;1mInix flaps :[0m [30;1m([34;1m8[30;1m)[0mInix : My reply is no[0m
[16:01] [0m[37;1mNameless flaps :[0m laf[0m
[16:01] [0m[37;1mNameless flaps :[0m schroedingers inixbot[0m
[16:02] [0m[37;1mInix flaps :[0m Suppose I should #NOP that on the git, heh[0m
[16:02] [0m[37;1mInix flaps :[0m Tedious, type:  #var v8inix off[0m
[16:02] [0m[37;1mInix flaps :[0m wl...but yeah[0m
[16:03] [0m[37;1mNauda flaps :[0m off that inix harder![0m
[21:46] [0m[31;1m[Clan] Cambiador :[0m Day 3 Fireboot soon, correct?[0m
[21:48] [0m[31;1m[Clan] Falthrice :[0m oh, crap, I accidentally picked up a roh apparently[0m
[21:50] [0m[31;1m[Clan] Nameless :[0m o[0m
[21:50] [0m[31;1m[Clan] Morion :[0m you has lots of rings now[0m
[21:50] [0m[31;1m[Clan] Nameless :[0m i do! danke[0m
[21:52] [0m[31;1m[Clan] Nameless :[0m i think i tossed you a good one for mage[0m
[21:52] [0m[31;1m[Clan] Nameless :[0m spirit/metaphys[0m
[21:52] [0m[34;1mNauda shouts:[0m Could you keep you kink shaming kink to yourself, ploxthx bah bye[0m
[21:52] [0m[31;1m[Clan] Falthrice :[0m no rings :([0m
[21:52] [0m[31;1m[Clan] Nameless :[0m HMM[0m
[21:53] [0m[31;1m[Clan] Morion :[0m you mean no pickling from icy?[0m
[21:53] [0m[31;1m[Clan] Falthrice :[0m nope, no pickle[0m
[21:53] [0m[31;1m[Clan] Morion :[0m nods[0m
[21:53] [0m[31;1m[Clan] Morion :[0m me either[0m
[21:54] [0m[31;1m[Clan] Falthrice :[0m oh, thanks for the ring, missed that[0m
[21:54] [0m[31;1m[Clan] Nameless :[0m i didnt reforge it, but still[0m
[21:54] [0m[31;1m[Clan] Morion :[0m i didnt enhance it either[0m
[21:54] [0m[31;1m[Clan] Falthrice :[0m probably best anyway[0m
[21:55] [0m[31;1m[Clan] Falthrice :[0m I'm blocked on scaler til glvl so I'm killing my gxp mobs faster and faster[0m
[21:55] [0m[31;1m[Clan] Falthrice :[0m need the gxp from tanking[0m
[21:58] [0m[37;1mTedious flaps :[0m An armadillo is just a tactial assault opossum.[0m
[22:04] [0m[37;1mWhoknows flaps :[0m cmc disposed[0m
[22:04] [0m[37;1mNameless flaps :[0m good![0m
[22:04] [0m[37;1mWhoknows flaps :[0m well, maybe not, but i think there's like 20 copies of it now[0m
[22:05] [0m[37;1mWhoknows flaps :[0m go forth and test[0m
[22:05] [0m[37;1mWhoknows flaps :[0m and if it doesn't heal you let us see you die gracefully[0m
[22:05] [0m[37;1mTedious flaps :[0m Die beautifully.[0m
[22:08] [0m[Auction] Grot (jugg) : where are we dupping cmc?[0m
[22:09] [0m[37;1m[JEDI]:[0m Bithoff Jonansaan arrives at the Academy.[0m
[22:17] [0m[37;1mSquirrel flaps :[0m so what's 'fixed' on it?[0m
[22:17] [0m[37;1mApocalypse flaps :[0m prolly less stats, less lines of stats, and less counters for stats[0m
[22:20] [0m[31;1m[Clan] Cambiador :[0m :([0m
[22:21] [0m[31;1m[Clan] Xaris :[0m that is what I get for playing with someone that is a HORRIBLE mudder....but a RL[0m
[22:21] [0m               friend and she asked for help[0m
[22:21] [0m[31;1m[Clan] Nix :[0m doh[0m
[22:22] [0m[31;1m[Clan] Chad :[0m uh oh[0m
[22:22] [0m[31;1m[Clan] Chad :[0m who bad[0m
[22:31] [0m[31;1m[Clan] Falthrice :[0m oh shit[0m
[22:32] [0m[37;1m[JEDI]:[0m Wennic Ber'ni'lok arrives at the Academy.[0m
[22:47] [0m[37;1mVoodoo flaps :[0m CLETUS! tinyurl.com/2ctwzd2y[0m
[22:53] [0m[Auction] Robert : Up for bids: Spork Lance (wicked) (enchanted).[0m
[22:53] [0m[Auction] Robert : Fluffy has requested 1,337 as the opening offer.[0m
[22:54] [0m[Auction] Robert : Oh, come on... just 1337 coins?[0m
[22:54] [0m[Auction] Robert : Fine, bollocks to the lot of you[0m
[22:59] [0m[37;1m[JEDI]:[0m Wennic Ber'ni'lok arrives at the Academy.[0m
[23:12] [0m[31;1m[Clan] Chad :[0m 3 more glvls to go![0m
[23:25] [0m[37;1m[JEDI]:[0m H'ssani C'talan arrives at the Academy.[0m
