- = LOG STARTED [00:00] = -
[00:17] [0m[32mSelma says: [0mAin't nothing like wearing a dress with no undies.[0m
[00:17] [0m[32mGuard says: [0mOne day it will be ME making movies.[0m
[00:18] [0m[32mGuard says: [0mOne day it will be ME making movies.[0m
[00:22] [0m[32mMaude says: [0mIsn't it a wonderful day?  I feel like thanking the Lord.[0m
[00:22] [0m[32mNed says:[0m PRAISE the Lord!                                                 [0m
[00:22] [0m[32mNed says:[0m In Leviticus 3:14 it says '...place not thy private[0m
[00:22] [0m          parts between thy legs, to see thyself as a female...'.[0m
[00:23] [0m[32mNed says:[0m I'm gonna kill you doodly-dead!                                  [0m
[00:23] [0m[32mNed says:[0m I'm gonna kill you doodly-dead!                                  [0m
[00:24] [0m[32mNed says:[0m I'm gonna kill you doodly-dead!                                  [0m
[00:24] [0m[32mNed says:[0m I'm gonna kill you doodly-dead!                                  [0m
[00:24] [0m[32mNed says:[0m I'm gonna kill you doodly-dead!                                  [0m
[00:24] [0m[32mNed says:[0m I'm gonna kill you doodly-dead!                                  [0m
[00:24] [0m[32mNed says:[0m I'm gonna kill you doodly-dead!                                  [0m
[00:25] [0m[32mNed says:[0m I'm gonna kill you doodly-dead!                                  [0m
[00:29] [0m[32mMaude says: [0mIsn't it a wonderful day?  I feel like thanking the Lord.[0m
[00:29] [0mHomer says, 'Sooooo hunnngrryyyy...'.[0m
[00:29] [0mYou can currently reforge 12 items.[0m
[00:32] [0mYou can currently reforge 10 items.[0m
[01:17] [0m[31;1m[Clan] Timmy :[0m anyone hit belochs?[0m
[01:17] [0m[31;1m[Clan] Timmy :[0m *want to hit[0m
[01:20] [0m[31;1m[Clan] Archimedes :[0m Still need hits?[0m
[01:20] [0m[31;1m[Clan] Timmy :[0m sure!:D[0m
[01:20] [0m[31;1m[Clan] Archimedes :[0m brt[0m
[13:51] [0m[34;1mDrax shouts:[0m Woo![0m
[13:51] [0m[34;1mNameless shouts:[0m the batman[0m
[13:53] [0m[31;1m[Clan] Antiochus :[0m Also, always have bard port :D[0m
[13:54] [0m[31;1m[Clan] Roken :[0m good afternoon![0m
[13:58] [0m[31;1m[Clan] Antiochus :[0m lol, mobs create walls now in event?[0m
[13:58] [0m[31;1m[Clan] Saim :[0m yea they do funky stuff[0m
[13:58] [0m[31;1m[Clan] Antiochus :[0m interesting[0m
[13:58] [0m[31;1m[Clan] Saim :[0m blindings[0m
[14:02] [0m[37;1mNauda <.oO>:[0m havoxrz[0m
[14:05] [0m[34;1mVolt shouts:[0m that's good right there[0m
[14:16] [0m[31;1m[Clan] Archimedes :[0m Grr... me and my poor memory.  What was that command to see what tags you[0m
[14:16] [0m                    have?[0m
[14:17] [0m[31;1m[Clan] Nameless :[0m tagcheck[0m
[14:17] [0m[35;1mArchimedes [Jedi(Legend)]:[0m Thanks![0m
[14:17] [0m[35;1mSimonz [Jedi(Master)]:[0m ..you're welcome?[0m
[14:17] [0m[31;1m[Clan] Roken :[0m arch meant thanks here ;)[0m
[14:17] [0m[31;1m[Clan] Saim :[0m there's a new tag for reminding archi what the command to check tags is[0m
[14:18] [0m[35;1mArchimedes [Jedi(Legend)]:[0m oops, w/l[0m
[14:18] [0m[35;1mSimonz [Jedi(Master)]:[0m you're welcome! ;)[0m
[14:18] [0m[35;1mArchimedes [Jedi(Legend)]:[0m :D[0m
[14:18] [0m[35;1mKirin [Jedi(52)]:[0m arf.[0m
[14:19] [0m[35;1mVolt [Jedi(75)]:[0m nicest guild ever[0m
[14:20] [0m[37;1m[JEDI]:[0m Reena Bel Noir arrives at the Academy.[0m
[14:20] [0m[35;1mEphemeral [Jedi(49)]:[0m REENA!!!!![0m
[14:21] [0m[35;1mSimonz [Jedi(Master)]:[0m ooo, nice[0m
[14:21] [0m[35;1mVolt [Jedi(75)]:[0m reena bonne grin[0m
[14:21] [0m[35;1mAkeshi [Jedi(30)]:[0m cool[0m
[14:21] [0m[35;1mEphemeral [Jedi(49)]:[0m need 9% gxp before she leave[0m
[14:21] [0m[35;1mSimonz [Jedi(Master)]:[0m good luck starfighter[0m
[14:33] [0m[31;1m[Clan] Antiochus :[0m Anyone know if you ever get more skills to raise than the 4 general, 2[0m
[14:33] [0m                   combat, and 3 brood?[0m
[14:35] [0m[34;1mMurmandamus shouts:[0m https://www.youtube.com/watch?v=vim2b-72vCI  -  Everybody Wants to Rule the[0m
[14:35] [0m                    World  -  by an amazing drummer and a girl with some ridiculous vocal range[0m
[14:36] [0m[34;1mSpace shouts:[0m Tear for fears[0m
[14:36] [0m[34;1mSpace shouts:[0m good track[0m
[14:37] [0m[31;1m[Clan] Nameless :[0m yes[0m
[14:37] [0m[31;1m[Clan] Nameless :[0m theres a 4th group[0m
[14:37] [0m[31;1m[Clan] Nameless :[0m i think it opens up at 10 or 12 or something[0m
[14:38] [0m[31;1m[Clan] Nameless :[0m ill go check actually[0m
[14:38] [0m[Auction] Robert : Up for bids: Blackaxe ~`~.[0m
[14:38] [0m[Auction] Robert : Someone has requested 50,000 as the opening offer.[0m
[14:38] [0m[Auction] Robert : Got 50,000 from Space(necr).  Do I hear 55,000?[0m
[14:39] [0m[Auction] Robert : Got 55,000 from Nix(bard).  Do I hear 60,500?[0m
[14:39] [0m[Auction] Robert : Got 1,000,000 from Space(necr).  Do I hear 1,100,000?[0m
[14:39] [0m[Auction] Robert : Got 2,000,000 from Nix(bard).  Do I hear 2,200,000?[0m
[14:39] [0m[Auction] Inquisitor (knig) : Wait...  wha?[0m
[14:39] [0m[Auction] Inquisitor (knig) : Wait...  wha?[0m
[14:39] [0m[Auction] Inquisitor (knig) : Wait...  wha?[0m
[14:39] [0m[Auction] Inquisitor (knig) : ah, sorry about that[0m
[14:39] [0m[Auction] Robert : 2,000,000 going once![0m
[14:39] [0m[31;1m[Clan] Nameless :[0m                      Mind Skills[0m
[14:39] [0m[Auction] Robert : Got 3,000,000 from Space(necr).  Do I hear 3,300,000?[0m
[14:39] [0m[31;1m[Clan] Nix :[0m i dont know what im buying[0m
[14:39] [0m[Auction] Prismal (blad) : what is that?[0m
[14:39] [0m[Auction] Robert : Got 4,000,000 from Nix(bard).  Do I hear 4,400,000?[0m
[14:39] [0m[Auction] Inquisitor (knig) : It's an axe.  And it appears to be black.[0m
[14:39] [0m[31;1m[Clan] Saim :[0m see that shit on auction damn heh[0m
[14:39] [0m[Auction] Aka (gent) : redaxe with a namechange?[0m
[14:40] [0m[Auction] Space (necr) : prolly crap, just playing chicken with nix to drain his cins[0m
[14:40] [0m[Auction] Robert : 4,000,000 going once![0m
[14:40] [0m[Auction] Robert : Got 5,000,000 from Space(necr).  Do I hear 5,500,000?[0m
[14:40] [0m[Auction] Robert : Got 10,000,000 from Nix(bard).  Do I hear 11,000,000?[0m
[14:40] [0m[Auction] Sally (jedi) : what does it do?[0m
[14:40] [0m[Auction] Space (necr) : yours![0m
[14:40] [0m[31;1m[Clan] Nameless :[0m how do i copy paste multiple lines of shit[0m
[14:40] [0m[Auction] Inquisitor (knig) : If you were a Wight named Arkhan youd approve.[0m
[14:40] [0m[Auction] Robert : 10,000,000 going once![0m
[14:40] [0m[Auction] Simonz (jedi) : Black Axes Matter![0m
[14:40] [0m[Auction] Sally (jedi) : is it auto loading?[0m
[14:40] [0m[Auction] Space (necr) : kiki 25% xfer, you are welcome[0m
[14:40] [0m[Auction] Robert : 10,000,000 going twice![0m
[14:40] [0m[Auction] Aka (gent) : lemme dupe it[0m
[14:40] [0m[31;1m[Clan] Nameless :[0m perception       13/15   | 32.446%      | (No)[0m
[14:40] [0m[Auction] Prismal (blad) : I'd pay a lot if it were and autoload red axe that is black[0m
[14:40] [0m[Auction] Robert : Sold to Nix for 10,000,000 coins![0m
[14:40] [0m[Auction] Kikipopo (knig) : All I'll say is it won't last you very long, so use it wisely.[0m
[14:40] [0m[31;1m[Clan] Saim :[0m ooOooOOoOOoo[0m
[14:40] [0m[31;1m[Clan] Nameless :[0m cognizance       15/75   | 264.973%     | (Yes)[0m
[14:41] [0m[31;1m[Clan] Nameless :[0m disturbance      25/75   | 144.531%     | (Yes)[0m
[14:41] [0m[Auction] Inquisitor (knig) : Quick!  Fieldsmith!  Nobreak it![0m
[14:41] [0m[Auction] Sally (jedi) : temper it[0m
[14:41] [0m[Auction] Kikipopo (knig) : ...and that won't help. :P[0m
[14:41] [0m[Auction] Inquisitor (knig) : Somehow I suspect Kiki is harder to cheese than that.[0m
[14:41] [0m[Auction] Alassra (necr) : Pay Kiki more money for another one![0m
[14:41] [0m[Auction] Inquisitor (knig) : But hey, wishful thinking.[0m
[14:41] [0m[Auction] Asher (knig) : vaf weapon?[0m
[14:42] [0m[Auction] Asher (knig) : for nobreak?[0m
[14:42] [0m[Auction] Kirrin (necr) : I imagine it breaks the same way ulmdea bracelets break[0m
[14:42] [0m[Auction] Sally (jedi) : ulmeda are the devil[0m
[14:42] [0m[Auction] Prismal (blad) : I'm assuming it has a round counter and poofs for something like that[0m
[14:43] [0m[Auction] Sally (jedi) : 1 hit 1 kill?[0m
[14:43] [0m[31;1m[Clan] Nameless :[0m i think cognizance affects guild dodge stuff, perception as well, and[0m
[14:43] [0m                  disturbance is damage through non physical form stuff. assault mainly i think[0m
[14:43] [0m[Auction] Sally (jedi) : blickaxe[0m
[14:43] [0m[Auction] Nix (bard) : no lore legend =P[0m
[14:43] [0m[31;1m[Clan] Antiochus :[0m o thanks[0m
[14:43] [0m[Auction] Melly (elem) : sniper rifle axe[0m
[14:43] [0m[31;1m[Clan] Antiochus :[0m i dont have assault[0m
[14:44] [0m[31;1m[Clan] Nameless :[0m imagine that tree opens before assault, since thats a glvl 17 power[0m
[14:44] [0m[Auction] Sally (jedi) : have it port you to the trillionth level of the abyss and spend the[0m
[14:44] [0m                         whole boot moving up.[0m
[14:44] [0m[31;1m[Clan] Antiochus :[0m nog[0m
[14:44] [0m[31;1m[Clan] Nix :[0m i guess i should go in max scaler sectionz and test this thing out[0m
[14:45] [0m[31;1m[Clan] Aka :[0m you temper it?[0m
[14:45] [0m[31;1m[Clan] Nix :[0m he said it doesn't help[0m
[14:45] [0m[31;1m[Clan] Nameless :[0m glvl 11 i think makes sense for that tree, thats when bubble and mitigate open[0m
[14:45] [0m                  up[0m
[14:45] [0m[31;1m[Clan] Aka :[0m ah nod, temper-proof makes sense[0m
[14:45] [0m[31;1m[Clan] Aka :[0m if that's what the wizardo wants[0m
[14:45] [0m[31;1m[Clan] Aka :[0m can we dupe it? lol[0m
[14:45] [0m[31;1m[Clan] Nameless :[0m what did i miss?[0m
[14:46] [0m[31;1m[Clan] Aka :[0m a 10mil coin auction purchase by nix[0m
[14:46] [0m[31;1m[Clan] Nix :[0m only insight Kiki gave me was 'Three.'[0m
[14:46] [0m[31;1m[Clan] Nameless :[0m laf[0m
[14:46] [0m[31;1m[Clan] Nix :[0m im assuming it blicks 3 mobs[0m
[14:46] [0m[31;1m[Clan] Aka :[0m would have got it for a normal price...but space exists[0m
[14:46] [0m[31;1m[Clan] Saim :[0m its greenaxe[0m
[14:46] [0m[31;1m[Clan] Aka :[0m like a fucking virus[0m
[14:46] [0m[31;1m[Clan] Saim :[0m but kiki'fied[0m
[14:46] [0m[31;1m[Clan] Nameless :[0m turns you into ivern[0m
[14:46] [0m[31;1m[Clan] Aka :[0m oh sick[0m
[14:46] [0m[31;1m[Clan] Saim :[0m we were just atlking about it on hm[0m
[14:46] [0m[31;1m[Clan] Aka :[0m 4th time it blicks you[0m
[14:47] [0m[31;1m[Clan] Nix :[0m it can't be duped[0m
[14:47] [0m[31;1m[Clan] Aka :[0m feh[0m
[14:47] [0m[31;1m[Clan] Nameless :[0m grats on a neat item tho[0m
[14:47] [0m[31;1m[Clan] Nameless :[0m i managed to get myself back to bbeast[0m
[14:48] [0m[31;1m[Clan] Saim :[0m you should try to blick paul2[0m
[14:48] [0m[31;1m[Clan] Saim :[0m but cant leave once that fight starts...[0m
[14:48] [0m[31;1m[Clan] Nix :[0m that's what i was thinking saim, but the 4 lives might suck it up[0m
[14:48] [0m[31;1m[Clan] Saim :[0m or it just kills paul, and not the other 4 lives[0m
[14:48] [0m[31;1m[Clan] Nameless :[0m wonder if anything else is worth using it on[0m
[14:49] [0m[31;1m[Clan] Saim :[0m after that, might wannna save for firebat day 6[0m
[14:49] [0m[31;1m[Clan] Antiochus :[0m blick day 7, dispose cmc[0m
[14:49] [0m[31;1m[Clan] Nix :[0m laf[0m
[14:49] [0m[31;1m[Clan] Saim :[0m pull 3 times and blick 3 times[0m
[14:49] [0m[31;1m[Clan] Saim :[0m day 7 has addons, but a blick would be so fast they might not pop even[0m
[14:49] [0m[31;1m[Clan] Antiochus :[0m Or blick day 7, auction cmc for 10mil[0m
[14:57] [0m[37;1m[JEDI]:[0m Durnoth arrives at the Academy.[0m
[14:58] [0m[31;1m[Clan] Nix :[0m Kikipopo sits on and squashes Blackaxe ~`~.[0m
[14:58] [0m[31;1m[Clan] Nix :[0m Kikipopo pulls something out of his ass.[0m
[15:01] [0m[31;1m[Clan] Saim :[0m cmon Greenaxe[0m
[15:01] [0m[31;1m[Clan] Saim :[0m or Brownaxe i guess[0m
[15:02] [0m[31;1m[Clan] Nix :[0m i guess i should grab 2 more potions and play nix now[0m
[15:03] [0m[31;1m[Clan] Nameless :[0m you should[0m
[15:03] [0m[31;1m[Clan] Nameless :[0m and or roor[0m
[15:03] [0m[31;1m[Clan] Saim :[0m what did kiki do to your axe?[0m
[15:03] [0m[31;1m[Clan] Nameless :[0m need dmg for belbo?[0m
[15:03] [0m[31;1m[Clan] Nameless :[0m he popo'd on it[0m
[15:05] [0m[31;1m[Clan] Nameless :[0m i need to run another sz for a pair of gloves and then aside from cmc i am set[0m
[15:05] [0m                  for boot![0m
[15:05] [0m[31;1m[Clan] Elektra :[0m FULL RUN BABY[0m
[15:07] [0m[31;1m[Clan] Nix :[0m it now will kill multiple lives in one shot[0m
[15:07] [0m[31;1m[Clan] Nix :[0m i might try to slay inductor with this thing[0m
[15:08] [0m[31;1m[Clan] Nameless :[0m wonder what soloign that thing is like[0m
[15:08] [0m[31;1m[Clan] Saim :[0m oh hell yea[0m
[15:08] [0m[31;1m[Clan] Saim :[0m we should do inductor tonight[0m
[15:09] [0m[31;1m[Clan] Archimedes :[0m Can you benefit from it more than once?[0m
[15:09] [0m[31;1m[Clan] Xaro :[0m you can only do 1 item per boot, correct?[0m
[15:10] [0m[31;1m[Clan] Saim :[0m think so[0m
[15:10] [0m[31;1m[Clan] Nameless :[0m im still irked i forgot to reforge skin before grafting it[0m
[15:10] [0m[31;1m[Clan] Saim :[0m also - kiki said there are like 2-3 things in there no one has discovered yet[0m
[15:11] [0m[31;1m[Clan] Nix :[0m in the maze?[0m
[15:11] [0m[31;1m[Clan] Nix :[0m we went to the crack room and couldn't figure it out[0m
[15:15] [0m[31;1m[Clan] Antiochus :[0m I have a hunch there's something with the figurine besides just the 4 pieces[0m
[15:15] [0m                   of gear.[0m
[15:16] [0m[31;1m[Clan] Antiochus :[0m Since the developer says something like Huh, what's that?  I didn't code that[0m
[15:16] [0m                   or whatever[0m
[15:18] [0m[Auction] Nightrider (knig) : that merrick guy again[0m
[15:21] [0m[37;1m[JEDI]:[0m Alyssa K'tal arrives at the Academy.[0m
[15:23] [0m[31;1m[Clan] Nameless :[0m i am a madman, soloing queen with rod running lol[0m
[15:29] [0m[31;1m[Clan] Nameless :[0m another roh in cbox[0m
[15:30] [0m[31;1m[Clan] Nameless :[0m medium/bplate/appraisal[0m
[15:30] [0m[31;1m[Clan] Antiochus :[0m ew[0m
[15:38] [0m<- ! The Vigilant ! -> :  A destabilization Kayos event has been detected in Deserts of Fantasy![0m
[15:38] [0m                          We are localizing it now - get ready![0m
[15:46] [0m[31;1m[Clan] Antiochus :[0m I wonder if there are other ways you can manipulate the arcade game itself[0m
[15:46] [0m[31;1m[Clan] Antiochus :[0m Could be hidden codes to enter[0m
[15:46] [0m[31;1m[Clan] Antiochus :[0m Or like opening the back panel of the machine[0m
[15:46] [0m[31;1m[Clan] Antiochus :[0m Stuff like that[0m
[15:49] [0m[31;1m[Clan] Nameless :[0m shake the machine, make coins fall out[0m
[15:49] [0m[31;1m[Clan] Antiochus :[0m exactly my line of thinking[0m
[15:49] [0m[37;1m[JEDI]:[0m Ylenic It'kla arrives at the Academy.[0m
[15:49] [0m[31;1m[Clan] Nameless :[0m put capsules int he coin slot[0m
[15:53] [0m[31;1m[Clan] Antiochus :[0m http://www.thealmightyguru.com/Reviews/SectionZ/Docs/SectionZ-Manual.txt[0m
[15:53] [0m[31;1m[Clan] Antiochus :[0m THat's the manual, maybe saying stuff like 'Captain Commando'[0m
[15:53] [0m[31;1m[Clan] Antiochus :[0m or stuff like that to the end guy[0m
[15:54] [0m[31;1m[Clan] Nameless :[0m ill try some of those[0m
[15:54] [0m[31;1m[Clan] Nameless :[0m capcom etc[0m
[15:55] [0m[31;1m[Clan] Antiochus :[0m nog exactly my thinking[0m
[15:56] [0m[31;1m[Clan] Antiochus :[0m oooo human form best form might be able to kill whores[0m
[15:56] [0m[31;1m[Clan] Antiochus :[0m Funny that I would get smoked in any actual sii form[0m
[15:56] [0m[31;1m[Clan] Nameless :[0m laf[0m
[15:57] [0m[31;1m[Clan] Nameless :[0m i like how some of the mob names in this manual got engrished[0m
[15:57] [0m[31;1m[Clan] Nameless :[0m crowd eye[0m
[15:57] [0m[31;1m[Clan] Antiochus :[0m laf nog[0m
[15:59] [0m[31;1m[Clan] Antiochus :[0m ya, human form best form killing a skinny whore![0m
[15:59] [0m[35;1mTychicus [Jedi(40)]:[0m someone mind getting a cloak of the spirit 2.0 for me?[0m
[15:59] [0m[31;1m[Clan] Antiochus :[0m other sii are starting to get suspicious of me in human :D[0m
[15:59] [0m[31;1m[Clan] Prism :[0m "other sii" sure pal[0m
[15:59] [0m[31;1m[Clan] Antiochus :[0m how much gxp does human give?[0m
[15:59] [0m[31;1m[Clan] Nix :[0m like.....hsima?[0m
[15:59] [0m[31;1m[Clan] Antiochus :[0m THere are 3 of us![0m
[16:00] [0m[31;1m[Clan] Prism :[0m thats 3x more than I thought that would be on[0m
[16:00] [0m[31;1m[Clan] Antiochus :[0m Someone covered for me saying that human can be easier cause you dont blow up[0m
[16:00] [0m                   as easy[0m
[16:00] [0m[35;1mTychicus [Jedi(40)]:[0m Ok no beer for any of you![0m
[16:00] [0m[35;1mTychicus [Jedi(40)]:[0m lol[0m
[16:00] [0m[31;1m[Clan] Antiochus :[0m We'll sii who's laughing when I kill this skinny whore![0m
[16:01] [0m[31;1m[Clan] Antiochus :[0m woo! new bk![0m
[16:01] [0m[35;1mSally [Jedi(Knight)]:[0m cloak in box for you[0m
[16:01] [0m[31;1m[Clan] Antiochus :[0m suck it losers[0m
[16:02] [0m[31;1m[Clan] Elektra :[0m are you calling me a skinny whore?[0m
[16:02] [0m[31;1m[Clan] Elektra :[0m ...cause... thanks![0m
[16:02] [0m[31;1m[Clan] Elektra :[0m nearly as big as your arch[0m
[16:02] [0m[31;1m[Clan] Antiochus :[0m I could just defend/hmblast and declare this gobj OP[0m
[16:03] [0m[31;1m[Clan] Antiochus :[0m Actually I have no defend[0m
[16:03] [0mnewb Zera [bladesinger/55]: Hi, I've been gone for, like, a year or two.  How do I look closely[0m
[16:03] [0m                            at an item, again?[0m
[16:03] [0m[31;1m[Clan] Antiochus :[0m I mean hmshield, pray the forced hits dont kill me, then try[0m
[16:03] [0mnewb Antiochus [sii/107]: examine[0m
[16:03] [0mnewb Hoboerectus [cyborg/55]: exa will works[0m
[16:03] [0mnewb Ephemeral [jedi/108]: help examine, help search[0m
[16:03] [0mnewb Zera [bladesinger/55]: Oh, that didn't find me the information I needed.[0m
[16:04] [0mnewb Zera [bladesinger/55]: My guild wears an indestructible gem that tells me how to find out[0m
[16:04] [0m                            more about my class, but I can't remember how to use it.[0m
[16:04] [0mnewb Simonz [jedi/135]: try info if it's guild information?[0m
[16:05] [0mnewb Zera [bladesinger/55]: info was what I needed! Thank you very much![0m
[16:09] [0mYou can currently reforge 10 items.[0m
