- = LOG STARTED [00:00] = -
[00:00] [0m[31;1m[Clan] Archangel :[0m At glevel 15+, you can get a mount.[0m
[00:00] [0m[31;1m[Clan] Archangel :[0m w/l[0m
[00:00] [0m[31;1m[Clan] Meatloaf :[0m aww man[0m
[00:01] [0m[32mJazz says:[0m Zombie2![0m
[00:03] [0m[37;1m[JEDI]:[0m Talia Ska arrives at the Academy.[0m
[08:14] [31;1m[Clan] Roken wisps into existence.[0m  [0m
[08:27] [0m[37;1m[JEDI]:[0m Talia Ska arrives at the Academy.[0m
[08:33] [0m[31;1m[Clan] Byron :[0m i'm gonna make a blue terra path[0m
[08:33] [0m[31;1m[Clan] Byron :[0m so i can just shoot through[0m
[08:41] [0m[31;1m[Clan] Ser :[0m getting me a hammer?  <3[0m
[08:42] [0m[31;1m[Clan] Byron :[0m anything for my bb[0m
[08:43] [0m[31;1m[Clan] Byron :[0m really need a mask and i'm kinda set[0m
[08:43] [0m[31;1m[Clan] Byron :[0m belochs?[0m
[08:44] [0m[31;1m[Clan] Byron :[0m oh, havox sitting it[0m
[08:44] [0m[31;1m[Clan] Byron :[0m SA must be heading there[0m
[08:44] [0m[31;1m[Clan] Nix :[0m yeah they've been chewing through the naturals[0m
[08:45] [0m[31;1m[Clan] Ser :[0m militarized boot runs[0m
[08:45] [0m[31;1m[Clan] Ser :[0m squad move out[0m
[08:45] [0m[31;1m[Clan] Nix :[0m nauda you sit huri![0m
[08:45] [0m[31;1m[Clan] Byron :[0m laf[0m
[08:45] [0m[31;1m[Clan] Byron :[0m dont move for 5 days![0m
[08:45] [0m[31;1m[Clan] Nix :[0m i want to get that area converted to no port[0m
[08:45] [0m[31;1m[Clan] Nix :[0m fucking necros[0m
[08:46] [0m[31;1m[Clan] Nix :[0m horse shit, they should just load huri in the guild[0m
[08:46] [0m[31;1m[Clan] Byron :[0m you able to xmute/enhance stuff ser?[0m
[08:46] [0m[31;1m[Clan] Byron :[0m got a pfp :D[0m
[08:46] [0m[31;1m[Clan] Ser :[0m i'm actually mostly out of colors[0m
[08:46] [0m[31;1m[Clan] Byron :[0m nog[0m
[08:46] [0m[31;1m[Clan] Ser :[0m since i played mage half last boot[0m
[08:46] [0m[31;1m[Clan] Byron :[0m ah nog[0m
[08:46] [0m[31;1m[Clan] Nix :[0m playing mage again this boot?[0m
[08:46] [0m[31;1m[Clan] Byron :[0m i wonder if oscar can xmute it[0m
[08:46] [0m[31;1m[Clan] Ser :[0m hmm[0m
[08:46] [0m[31;1m[Clan] Byron :[0m me?[0m
[08:46] [0m[31;1m[Clan] Decav :[0m whatcha need xmuted[0m
[08:46] [0m[31;1m[Clan] Byron :[0m yeah[0m
[08:46] [0m[31;1m[Clan] Nix :[0m no ser[0m
[08:46] [0m[31;1m[Clan] Byron :[0m I'm almost 160[0m
[08:47] [0m[31;1m[Clan] Ser :[0m i might push for at least 150[0m
[08:47] [0m[31;1m[Clan] Byron :[0m pfp. you're too small tho decav[0m
[08:47] [0m[31;1m[Clan] Byron :[0m oscar is 80 i think and might be able to do it now[0m
[08:47] [0m[31;1m[Clan] Decav :[0m ah k[0m
[08:47] [0m[31;1m[Clan] Byron :[0m we'll see[0m
[08:47] [0m[31;1m[Clan] Decav :[0m nog im 69[0m
[08:47] [0m[31;1m[Clan] Ser :[0m what is 69[0m
[08:47] [0m[31;1m[Clan] Byron :[0m otherwise, i'll wait for a big xmuter[0m
[08:47] [0m[31;1m[Clan] Decav :[0m xmuter :D[0m
[08:47] [0m[31;1m[Clan] Ser :[0m oh right[0m
[08:47] [0m[31;1m[Clan] Nix :[0m sigh.. where you at byron[0m
[08:47] [0m[31;1m[Clan] Ser :[0m terra[0m
[08:48] [0m[31;1m[Clan] Byron :[0m what did you want?[0m
[08:49] [0m[31;1m[Clan] Nix :[0m axe and/or spork[0m
[08:49] [0m[31;1m[Clan] Byron :[0m My axe is bop[0m
[08:49] [0m[31;1m[Clan] Nix :[0m ffs[0m
[08:49] [0m[31;1m[Clan] Byron :[0m and i burned my dupe[0m
[08:49] [0m[31;1m[Clan] Byron :[0m bruce has it[0m
[08:49] [0m[31;1m[Clan] Byron :[0m and supposedly kitt the other?[0m
[08:49] [0m[31;1m[Clan] Bruce :[0m yub[0m
[08:49] [0m[31;1m[Clan] Byron :[0m ooo[0m
[08:49] [0m[31;1m[Clan] Byron :[0m there he is[0m
[08:49] [0m[31;1m[Clan] Bruce :[0m thar she blows[0m
[08:49] [0m[31;1m[Clan] Nix :[0m oh bruyce[0m
[08:49] [0m[37;1mBruce flaps :[0m axe at ss if anyone needs a dupe[0m
[08:50] [0m[31;1m[Clan] Boot enters the game.[0m  [0m
[08:50] [0m[31;1m[Clan] Karvec enters the game.[0m  [0m
[08:50] [0m[31;1m[Clan] Aka enters the game.[0m  [0m
[08:56] [0m[31;1m[Clan] Byron :[0m oo NR is there[0m
[08:56] [0m[31;1m[Clan] Nix :[0m is where?[0m
[08:56] [0m[31;1m[Clan] Byron :[0m well, back[0m
[08:56] [0m[31;1m[Clan] Byron :[0m he's got a mask[0m
[08:57] [0m[34;1mNightrider shouts:[0m mask dups at ss for 2 mins[0m
[08:57] [0m[31;1m[Clan] Karvec :[0m do i need one tho?[0m
[08:57] [0m[31;1m[Clan] Byron leaves the game.[0m  [0m
[08:58] [0m[31;1m[Clan] Martyr enters the game.[0m  [0m
[08:58] [0m[37;1m[JEDI]:[0m Reena Bel Noir arrives at the Academy.[0m
[08:59] [0m[31;1m[Clan] Martyr leaves the game.[0m  [0m
[08:59] [0m[31;1m[Clan] Byron enters the game.[0m  [0m
[09:06] [0m[31;1m[Clan] Byron :[0m anyone know what lvl refoger you need to get loads from auro?[0m
[09:08] [0m[31;1m[Clan] Timmy :[0m more than 66 :P[0m
[09:09] [0m[37;1mByron flaps :[0m lvl 2 enchanter @ timmy[0m
[09:10] [0m[37;1mTimmy flaps :[0m TIMMAH[0m
[09:10] [0m[37;1mNauda flaps :[0m You are a wizard Bary[0m
[09:16] [0m[35;1mSally [Jedi(Knight)]:[0m a naughty list ?[0m
[09:34] [0m[37;1m[JEDI]:[0m Tobias Kel'ach'nar arrives at the Academy.[0m
[09:42] [0m[31;1m[Clan] Karvec :[0m test[0m
[09:42] [0m[31;1m[Clan] Timmy :[0m nein[0m
[09:42] [0m[31;1m[Clan] Karvec :[0m holy shit timmy is in this clan[0m
[09:43] [0m[31;1m[Clan] Timmy :[0m TIMMAH[0m
[09:43] [0m[31;1m[Clan] Nix :[0m our standards have completey fallen by the wayside[0m
[09:43] [0m[31;1m[Clan] Karvec :[0m what standards[0m
[09:43] [0m[31;1m[Clan] Byron :[0m i think we need to lower em[0m
[09:44] [0m[31;1m[Clan] Byron :[0m get rid of these posh suits like nix[0m
[09:44] [0m[31;1m[Clan] Timmy :[0m yeah i'm definitely not posh[0m
[09:44] [0m[31;1m[Clan] Timmy :[0m nor am i fancy[0m
[09:44] [0m[31;1m[Clan] Timmy :[0m i am very cheap tho[0m
[09:45] [0m[31;1m[Clan] Byron :[0m well you're a gentech sub-slut[0m
[09:45] [0m[31;1m[Clan] Byron :[0m its expected[0m
[09:45] [0m[31;1m[Clan] Timmy :[0m i'm using brucie's abyss slush fund[0m
[09:46] [0m[31;1m[Clan] Byron :[0m blow it all on the super bowl blocks[0m
[09:46] [0m[31;1m[Clan] Byron :[0m YOLO[0m
[09:49] [0m[31;1m[Clan] Byron :[0m The Queen of Hearts has reset.[0m
[09:51] [0m[31;1m[Clan] Byron :[0m anyone else @beloch nix?[0m
[09:51] [0m[31;1m[Clan] Nix :[0m no[0m
[09:52] [0m[31;1m[Clan] Nix :[0m i just destroyed[0m
[09:56] [0m[31;1m[Clan] Byron :[0m damn[0m
[09:56] [0m[31;1m[Clan] Byron :[0m dmg for beloch?[0m
[09:58] [0m[31;1m[Clan] Byron leaves the game.[0m  [0m
[09:58] [0m[Auction] Robert : Up for bids: Amulet of the Spirit {radiant}, Cloak of the Spirit {radiant},[0m
[09:58] [0m                   Gloves of the Spirit {radiant}, Helmet of the Spirit {radiant}, Shield of the[0m
[09:58] [0m                   Spirit {radiant}, Sword of Spirit {radiant} (enchanted), Scroll of the[0m
[09:58] [0m                   Universe {empowered}, Arachnid husk, Greaves of the Spirit {radiant} and[0m
[09:58] [0m                   Pitch Black Boots.[0m
[09:58] [0m[Auction] Robert : Vapor has requested 1,000 as the opening offer.[0m
[09:58] [0m[31;1m[Clan] Martyr enters the game.[0m  [0m
[09:58] [0m[Auction] Taris (blad) : ooh scroll[0m
[09:58] [0m[Auction] Robert : Got 1,000 from Taris(blad).  Do I hear 1,050?[0m
[09:58] [0m[Auction] Robert : Got 2,000 from Alassra(necr).  Do I hear 2,040?[0m
[09:58] [0m[31;1m[Clan] Martyr leaves the game.[0m  [0m
[09:58] [0m[Auction] Robert : 2,000 going once![0m
[09:59] [0m[Auction] Robert : 2,000 going twice![0m
[09:59] [0m[31;1m[Clan] Byron enters the game.[0m  [0m
[09:59] [0m[Auction] Robert : Got 4,000 from Slacker(frem).  Do I hear 4,200?[0m
[09:59] [0m[Auction] Robert : Got 5,000 from Astaroth(gent).  Do I hear 5,250?[0m
[09:59] [0m[Auction] Robert : Got 6,000 from Alassra(necr).  Do I hear 6,300?[0m
[09:59] [0m[Auction] Robert : Got 20,000 from Astaroth(gent).  Do I hear 21,000?[0m
[09:59] [0m[Auction] Robert : Got 25,000 from Alassra(necr).  Do I hear 27,500?[0m
[09:59] [0m[Auction] Robert : Got 40,000 from Astaroth(gent).  Do I hear 44,000?[0m
[09:59] [0m[Auction] Robert : 40,000 going once![0m
[10:00] [0m[Auction] Robert : 40,000 going twice![0m
[10:00] [0m[31;1m[Clan] Byron :[0m fuck[0m
[10:00] [0m[31;1m[Clan] Byron :[0m fuck[0m
[10:00] [0m[31;1m[Clan] Byron :[0m fuck[0m
[10:00] [0m[31;1m[Clan] Byron :[0m fuck[0m
[10:00] [0m[31;1m[Clan] Byron :[0m fuck[0m
[10:00] [0m[31;1m[Clan] Byron :[0m fuck[0m
[10:00] [0m[Auction] Robert : Got 100,000 from Space(necr).  Do I hear 110,000?[0m
[10:00] [0m[31;1m[Clan] Karvec :[0m what what[0m
[10:00] [0m[Auction] Robert : 100,000 going once![0m
[10:00] [0m[Auction] Robert : 100,000 going twice![0m
[10:00] [0m[Auction] Robert : Sold to Space for 100,000 coins![0m
[10:01] [0m[31;1m[Clan] Byron :[0m come hit belich[0m
[10:01] [0m[31;1m[Clan] Nix :[0m im taking this a[0m
[10:01] [0m[31;1m[Clan] Byron :[0m i slid it[0m
[10:01] [0m[31;1m[Clan] Byron :[0m w martyr[0m
[10:01] [0m[31;1m[Clan] Nix :[0m i dont care[0m
[10:01] [0m[31;1m[Clan] Byron :[0m laf[0m
[10:02] [0m[31;1m[Clan] Nix :[0m ill let you have this one byron[0m
[10:03] [0m[31;1m[Clan] Byron :[0m lucky me[0m
[10:08] [0m[31;1m[Clan] Byron leaves the game.[0m  [0m
[10:08] [0m[31;1m[Clan] Toren enters the game.[0m  [0m
[10:09] [0m[31;1m[Clan] Toren leaves the game.[0m  [0m
[10:09] [0m[31;1m[Clan] Byron enters the game.[0m  [0m
[10:09] [0m[31;1m[Clan] Byron leaves the game.[0m  [0m
[10:09] [0m[31;1m[Clan] Martyr enters the game.[0m  [0m
[10:10] [0m[31;1m[Clan] Martyr :[0m re-biasing and brb at beloch[0m
[10:10] [0m[31;1m[Clan] Nix :[0m no, bring byron[0m
[10:10] [0m[31;1m[Clan] Martyr :[0m i'm 1% to order[0m
[10:10] [0m[31;1m[Clan] Martyr :[0m nope[0m
[10:10] [0m[31;1m[Clan] Martyr :[0m and slides reset[0m
[10:12] [0m[31;1m[Clan] Martyr :[0m laf[0m
[10:12] [0m[31;1m[Clan] Martyr :[0m KG army[0m
[10:12] [0m[37;1m[JEDI]:[0m Durnoth arrives at the Academy.[0m
[10:12] [0m[31;1m[Clan] Aka :[0m rallymeh[0m
[10:34] [0m[37;1m[JEDI]:[0m Herah Wylann arrives at the Academy.[0m
[10:37] [0m[34;1mZiphe shouts:[0m Tex Mex[0m
[10:45] [0m[34;1mZiphe shouts:[0m should have had more cavveine[0m
[10:47] [0m[31;1m[Clan] Ser :[0m anyone come hit kath2?[0m
[10:47] [0m[34;1mNightrider shouts:[0m Not My Moo![0m
[10:50] [0m[34;1mZiphe shouts:[0m U CAN'T TOUCH THIS[0m
[10:53] [0m[34;1mRheiu shouts:[0m That was part of the restraining order.[0m
[10:55] [0m[31;1m[Clan] Martyr leaves the game.[0m  [0m
[10:55] [0m[31;1m[Clan] Byron enters the game.[0m  [0m
[10:58] [0m[37;1m[JEDI]:[0m Wennic Ber'ni'lok arrives at the Academy.[0m
[11:07] [0m[34;1mZiphe shouts:[0m Standing at the bus stop sucking on a lolly pop wanna eat you like a cookie when I[0m
[11:07] [0m              see you walk[0m
[11:16] [0m[31;1m[Clan] Byron :[0m yarrrr it IS prettypony above me in gents for quest standing[0m
[11:16] [0m[31;1m[Clan] Byron :[0m he's tough to beat[0m
[11:18] [0m[31;1m[Clan] Byron :[0m stupid handsome horse[0m
[11:20] [0m[Auction] Byron (bard) : always standing offer of naming rights to nix's first born for a qt[0m
[11:20] [0m                         amulet[0m
[11:20] [0m[Auction] Space (necr) : speaking of, paying big for buckler, i need my bag! its gonna vanish[0m
[11:20] [0m                         next boot most likely[0m
[11:21] [0m[Auction] Heimdall (jugg) : its def a nice bag[0m
[11:21] [0m[Auction] Alassra (necr) : Oh yeah, also looking for a buckler too![0m
[11:21] [0m[Auction] Space (necr) : yu get in line alassra![0m
[11:22] [0m[Auction] Nauda (necr) : them gucci bags[0m
[11:22] [0m[Auction] Alassra (necr) : yeah I'm in no hurry[0m
[11:22] [0m[Auction] Byron (bard) : #justnecrothings[0m
[11:22] [0m[Auction] Nauda (necr) : #baglivesmatter[0m
[11:23] [0m[Auction] Nauda (necr) : what is nix's first born going price these days?[0m
[11:27] [0m[37;1mSquirrel flaps :[0m lol I asked my kid if she has selective hearing[0m
[11:27] [0m[37;1mSquirrel flaps :[0m naturally they do[0m
[11:27] [0mByron {Professions}: does anyone know what lvl reforger you need to be to get loads out of auro?[0m
[11:27] [0mSquirrel {Professions}: 65[0m
[11:27] [0m[37;1mBliss flaps :[0m did she hear the question ?[0m
[11:28] [0mZiphe {Professions}: false[0m
[11:28] [0m[37;1mSquirrel flaps :[0m yeah but again selective hearing[0m
[11:28] [0mByron {Professions}: nah, cant at 6t[0m
[11:28] [0mZiphe {Professions}: that's "lots"[0m
[11:28] [0mGuru {Professions}: description says " little, some, lots, or loads (plev 1, 10, 35, and 65)"[0m
[11:28] [0mByron {Professions}: i assume its whenever the ac value needed drops to 36[0m
[11:29] [0mZiphe {Professions}: my understanding is that cost goes down 1 per prof level[0m
[11:29] [0mSquirrel {Professions}: did you answer in a form of a question?[0m
[11:29] [0mZiphe {Professions}: the implied question is at what level are you efficient enough to get loads[0m
[11:29] [0m                     out of auro[0m
[11:30] [0mByron {Professions}: i had heard more like x4 level it changed[0m
[11:30] [0mZiphe {Professions}: what? cost goes down 4x per level? that's certainly wrong[0m
[11:31] [0m[34;1mVortex shouts:[0m in the jungle...........[0m
[11:31] [0m[34;1mStormer shouts:[0m you will die alone[0m
[11:32] [0m[34;1mNauda shouts:[0m Mighty lions want to eat.[0m
[11:32] [0m[37;1m[JEDI]:[0m Janath Meelin arrives at the Academy.[0m
[11:32] [0m[34;1mVortex shouts:[0m the mighty.....[0m
[11:32] [0mZiphe {Professions}: is it even possible to get loads out of an auro even at prof level 100?[0m
[11:33] [0mZiphe {Professions}: I've not seen it[0m
[11:34] [0mAlassra {Professions}: from what it seems to me is that as your Reforger level increases, the[0m
[11:34] [0m                       minimum ac you need for Loads decreases[0m
[11:34] [0mMerrick {Professions}: ORLY?[0m
[11:34] [0mByron {Professions}: no, like lvl 74 84 94[0m
[11:34] [0mSquirrel {Professions}: when can you transmute coon?[0m
[11:34] [0mSquirrel {Professions}: seems like never :([0m
[11:40] [0m[34;1mVortex shouts:[0m Congrats[0m
[20:16] [0m[Auction] Robert : Up for bids: A Tome of 'Deep Delving', Volume I.[0m
[20:16] [0m[Auction] Robert : Squirrel has requested 1 as the opening offer.[0m
[20:16] [0m[Auction] Robert : Got 1 from Sky(jugg).  Do I hear 51?[0m
[20:17] [0m[Auction] Robert : 1 going once![0m
[20:17] [0m[Auction] Tex (jugg) : dive into itt deeply[0m
[20:17] [0m[Auction] Robert : 1 going twice![0m
[20:17] [0m[Auction] Robert : Sold to Sky for 1 coins![0m
[20:30] [0m[31;1m[Clan] Seoman enters the game.[0m  [0m
[20:35] [0m[37;1m[JEDI]:[0m Bithoff Jonansaan arrives at the Academy.[0m
[20:57] [0m[34;1mInfectious shouts:[0m upgrade mages[0m
[20:58] [0m[34;1mNauda shouts:[0m It rhymes with whines.[0m
[21:03] [0m[37;1m[JEDI]:[0m Kerran Halcyon arrives at the Academy.[0m
[21:19] [0m[37;1mVerminous flaps :[0m Soooo tired, probably hiked more than I should have. :D[0m
[21:20] [0m[37;1mVerminous flaps :[0m Ride 18 miles, hike 6 miles, ride 18 miles home.[0m
[21:20] [0m[34;1m  ****    ****   **  ** [0m
[21:20] [0;1;34m **  **  **  **  ** **  [0m
[21:20] [0;1;34m **  **  ** ***  ****   [0m
[21:20] [0;1;34m  ****   *** **  ****   [0m
[21:20] [0;1;34m **  **  **  **  ** **  [0m
[21:20] [0;1;34m **  **  **  **  **  ** [0m
[21:20] [0;1;34m  ****    ****   **  ** [0m
[21:21] [0m[34;1mVagrant shouts:[0m 80K invoiced to all![0m
[21:21] [0m[37;1mVerminous flaps :[0m That's 42 miles :O[0m
[21:21] [0m[34;1mVolt shouts:[0m adk[0m
[21:21] [0m[37;1mVerminous flaps :[0m I am 42 O.o[0m
[21:21] [0m[37;1mSevenofnine flaps :[0m cool Greta Thunberg says thanks[0m
[21:21] [0m[34;1mXiu shouts:[0m i must have entered the wrong IP because this is supposed to be 3K[0m
[21:22] [0m[37;1mVerminous flaps :[0m The meaning of life is 42![0m
[21:22] [0m[34;1mTex shouts:[0m party like its 1999[0m
[21:26] [0m[37;1mVerminous flaps :[0m https://tinyurl.com/y48f67vt I wanted my chicken nuggets a little more cooked,[0m
[21:26] [0m                  wtf![0m
[21:28] [0m[37;1mVerminous flaps :[0m 8inix, do you like your nuggets cooked?[0m
[21:28] [0m[37;1mInix flaps :[0m [30;1m([34;1m8[30;1m)[0mInix : Concentrate and ask again[0m
[21:29] [0m[37;1mLeianne flaps :[0m he turned it off? I saw (8) with 8 colored earlier on :p[0m
[21:29] [0m[37;1mLeianne flaps :[0m even if I have ansi off[0m
[21:29] [0m[37;1mVerminous flaps :[0m Yeah, ff -h shows color.[0m
[21:30] [0m[31;1m[Clan] Martyr :[0m fyi i tossed a set of spirit eq in box[0m
[21:30] [0m[31;1m[Clan] Martyr :[0m but the wrong one[0m
[21:30] [0m[37;1m[JEDI]:[0m Durnoth arrives at the Academy.[0m
[21:31] [0m[37;1mNauda flaps :[0m to think people would freak out when they see baby chicks[0m
[21:32] [0m[37;1mZiphe flaps :[0m I get older, they stay the same age...[0m
[21:32] [0m[37;1mNauda flaps :[0m baby chickens of either sex are called "chicks," but can also be called "peeps."[0m
[21:32] [0m[37;1mVerminous flaps :[0m I like them. :D[0m
[21:33] [0m[37;1mNauda flaps :[0m I like you peeps[0m
[21:33] [0m[37;1mVerminous flaps :[0m I told my mom they were peeps.[0m
[21:33] [0m[37;1mVerminous flaps :[0m My mom hates Peeps the marshmallow candy.[0m
[21:34] [0m[37;1mJeraud flaps :[0m They're disgustingly sweet.[0m
[21:34] [0m[37;1mVerminous flaps :[0m I like to eat them in front of her to gross her out. xD[0m
[21:34] [0m[37;1mSer flaps :[0m well sugar is sweet[0m
[21:35] [0m[37;1mVerminous flaps :[0m The sugar on them tastes horrible.[0m
[21:36] [0m[37;1mCaeli flaps :[0m I really don't like all that much sugar.[0m
[21:37] [0m[37;1mVerminous flaps :[0m I love sugar but candy messes with my stomach nowadays.[0m
[21:37] [0m[37;1mNauda flaps :[0m future is now old men.[0m
[21:39] [0m[32;1mFrom afar, Gumby winks at you suggestively.[0m[0m
[21:40] [0m[37;1mCrolack flaps :[0m 8Inix, bot?[0m
[21:40] [0m[37;1mInix flaps :[0m [30;1m([34;1m8[30;1m)[0mInix : Very doubtful[0m
[21:40] [0m[37;1mNauda flaps :[0m 8inix, moo?[0m
[21:40] [0m[37;1mInix flaps :[0m [30;1m([34;1m8[30;1m)[0mInix : As I see it, yes[0m
[21:40] [0m[34;1mGumby shouts:[0m moo-tilation![0m
[21:41] [0m[34;1mDin shouts:[0m tried to run from my destruction; you know i didn't even care[0m
[21:42] [0m[31;1m[Clan] Ser :[0m can dupes rot?[0m
[21:42] [0m[31;1m[Clan] Xaryl :[0m do not think so[0m
[21:42] [0m[37;1mXiu flaps :[0m 8Inix will you ever get enuf gxp to advance to 9Inix?[0m
[21:42] [0m[37;1mInix flaps :[0m [30;1m([34;1m8[30;1m)[0mInix : My reply is no[0m
[21:42] [0m[37;1mCrolack flaps :[0m Gumby?[0m
[21:43] [0m[31;1m[Clan] Ser :[0m is headband good for mages?[0m
[21:43] [0m[31;1m[Clan] Prism :[0m zells? I assume so[0m
[21:44] [0m[31;1m[Clan] Xaryl :[0m depends if it adds lots to Sat?[0m
[21:45] [0m[37;1mVerminous flaps :[0m Gumby is hogging the moo.[0m
[21:46] [0m[34;1mVortex shouts:[0m mushroom[0m
[21:46] [0m[37;1mVerminous flaps :[0m Moo-shroom?[0m
[21:46] [0m[34;1mZiphe shouts:[0m badger[0m
[21:46] [0m[34;1mLocrian shouts:[0m honey badger[0m
[21:47] [0m[37;1mVerminous flaps :[0m Moo-shr-ooM[0m
[21:47] [0m[34;1mPrism shouts:[0m Tyrann Mathieu?[0m
[21:48] [0m[Auction] Robert : Up for bids: A small red fungus, A small white fungus, A small black fungus,[0m
[21:48] [0m                   A small grey fungus, A small green fungus, A small blue fungus and A small[0m
[21:48] [0m                   brown fungus.[0m
[21:48] [0m[Auction] Robert : Fluffy has requested 69 as the opening offer.[0m
[21:49] [0m[Auction] Ellegon (jugg) : dont do it. its a bad trip[0m
[21:49] [0m[Auction] Din (blad) : you smoke enough sherm your dumb ass will do a lot a .. things[0m
[21:49] [0m[Auction] Robert : Got 69 from Ziphe(prie).  Do I hear 119?[0m
[21:49] [0m[Auction] Robert : 69 going once![0m
[21:49] [0m[Auction] Robert : 69 going twice![0m
[21:50] [0m[Auction] Robert : Sold to Ziphe for 69 coins![0m
[21:50] [0m[Auction] Ziphe (prie) : mmm M&Ms[0m
[21:51] [0mSquirrel {Professions}: anyone 90+ transmuter able to transmute a few sapphire for me please?[0m
[21:51] [0m[34;1mVortex shouts:[0m It's start with.........[0m
[21:52] [0m[34;1mVerminous shouts:[0m punt cow to goat[0m
[21:53] [0m[34;1mVortex shouts:[0m MoooooOoooOOOOoooooo[0m
[21:57] [0m[31;1m[Clan] Ser :[0m anyone avail to help w/ this gardener[0m
[22:02] [0m[31;1m[Clan] Ser :[0m is hammer max at 130 or is it max wc before that[0m
[22:02] [0m[31;1m[Clan] Xaryl :[0m never used it as a weapon :([0m
[22:02] [0m[34;1mFluffy shouts:[0m ug vagrants ![0m
[22:02] [0m[34;1mMagnificent shouts:[0m ug necros![0m
[22:02] [0m[31;1m[Clan] Xaryl :[0m 2handed is bad![0m
[22:03] [0m[34;1mVagrant shouts:[0m yum![0m
[22:03] [0m[34;1mVortex shouts:[0m ug your os[0m
[22:03] [0m[31;1m[Clan] Ser :[0m didnt even know it was 2h[0m
[22:03] [0m[31;1m[Clan] Ser :[0m if you have a low level one (scaler <60 i think) it does blunt/magic damage[0m
[22:04] [0m[31;1m[Clan] Xaryl :[0m nice[0m
[22:04] [0m[34;1mVilgan shouts: [0mI want everyone to know that Vortex is a big dumb meany.[0m
[22:04] [0m[31;1m[Clan] Ser :[0m so it'd be really easy for me to get as a max wc weapon, just w/ two damage types[0m
[22:05] [0m[37;1m[JEDI]:[0m Janath Meelin arrives at the Academy.[0m
[22:10] [0m[34;1mWhoknows shouts:[0m say what???[0m
[22:10] [0m[34;1mVolt shouts:[0m what[0m
[22:10] [0m[34;1mDin shouts:[0m name too long, level reverted[0m
[22:10] [0m[34;1mVerminous shouts:[0m Up to shenanigans again[0m
[22:10] [0m[34;1mSpace shouts:[0m people with long names should get negative xp[0m
[22:10] [0m[31;1m[Clan] Xaryl :[0m do you know of a max/close to max Mental weapon Ser?[0m
[22:11] [0m[34;1mZiphe shouts:[0m sorry, your name had a minus in it *shrug*[0m
[22:11] [0m[34;1mVerminous shouts:[0m My name will probably do that too. lol[0m
[22:13] [0m[34;1mMagnificent shouts:[0m SHOW ME WHAT YOU GOOOOOTTTTT[0m
[22:14] [0m[34;1mZiphe shouts:[0m FFS[0m
[22:14] [0m[34;1mVagrant shouts:[0m yay[0m
[22:14] [0m[34;1mSpace shouts:[0m die, seriously[0m
[22:14] [0m[34;1mEcholoc shouts:[0m woot![0m
[22:14] [0m[34;1mPrism shouts:[0m Heck yeah![0m
[22:14] [0m[34;1mVerminous shouts:[0m Another too long name xD[0m
[22:14] [0m[34;1mDaeth shouts:[0m not sure what that name was but woot[0m
[22:14] [0m[34;1mLiskerlol shouts:[0m dg jedi[0m
[22:14] [0m[34;1mXiu shouts:[0m well there goes my bandwidth for the night[0m
[22:14] [0m[34;1mVerminous shouts:[0m Try the gruel, it's[0m
[22:14] [0m[34;1mPrism shouts:[0m I sense some hurt butts![0m
[22:15] [0m[34;1mMorvant shouts:[0m that's prism's super power, senses butts[0m
[22:15] [0m[34;1mMagnificent shouts:[0m thanks all, rofl[0m
[22:16] [0m[37;1mXiu <.oO>:[0m also welcome to the xp sink-fest.[0m
[22:16] [0m[37;1mMagnificent <.oO>:[0m back to the grind![0m
[22:17] [0m[37;1mVerminous flaps :[0m I killed Vilgan again. :O[0m
[22:17] [0m[37;1mVortex flaps :[0m but y...[0m
[22:17] [0m[37;1mEllegon flaps :[0m bully.[0m
[22:18] [0m[37;1mVerminous flaps :[0m I'm a big, dumb meanie. xD[0m
[22:18] [0m[37;1mVortex flaps :[0m now u need to sing britney spears in prison[0m
[22:18] [0m[37;1mXiu flaps :[0m monster. murderer. akuma![0m
[22:18] [0m[34;1mFluffy shouts:[0m shank![0m
[22:18] [0m[37;1mNauda flaps :[0m ryu ken[0m
[22:18] [0m[37;1mVortex flaps :[0m ooooopps I did it again[0m
[22:19] [0m[37;1mVortex flaps :[0m and so on[0m
[22:19] [0m[37;1mVerminous flaps :[0m What, farted?[0m
[22:19] [0m[37;1mVortex flaps :[0m no - killing vilgan... u did[0m
[22:19] [0m[37;1mVortex flaps :[0m just helping you out here hehe[0m
[22:19] [0m[37;1mVerminous flaps :[0m Here lies a Vilgan stouthearted, he tried to fight but only farted.[0m
[22:20] [0m[37;1mVortex flaps :[0m hehe[0m
[22:20] [0m[37;1mVortex flaps :[0m what did he say to you[0m
[22:20] [0m[37;1mVortex flaps :[0m what were his last words[0m
[22:20] [0m[37;1mVerminous flaps :[0m He just died, not even acid blood.[0m
[22:20] [0m[37;1mSer flaps :[0m i accidentally killeed Johney last boot[0m
[22:21] [0m[37;1mSer flaps :[0m then i went and killed the gypsy's cat for fun[0m
[22:21] [0m[37;1mSer flaps :[0m jk i was wearing troll hide and they aggroed[0m
[22:21] [0m[37;1mVortex flaps :[0m meany[0m
[22:21] [0m[37;1mVortex flaps :[0m I once tried to kill an npc in the jedi guild[0m
[22:22] [0m[37;1mVortex flaps :[0m it went swell[0m
[22:22] [0m[37;1mVortex flaps :[0m finger aristodemus[0m
[22:22] [0m[37;1mVerminous flaps :[0m Try Merribeth next time. xD[0m
[22:23] [0m[37;1mXiu flaps :[0m if i made a guild i'd have the NPCs be totally killable if you're big enuf but if[0m
[22:23] [0m            you do you have to take their place till they reset (can't leave room)[0m
[22:24] [0m[37;1mEllegon flaps :[0m I don't see that getting rubber stamped.[0m
[22:24] [0m[37;1mVerminous flaps :[0m I hear those things bounce off the paper anyway.[0m
[22:24] [0m[37;1mVortex flaps :[0m could be funny if you were forced to sit and teach padawans[0m
[22:25] [0m[37;1mWert flaps :[0m or beg for recruits[0m
[22:25] [0m[37;1mWert flaps :[0m 5 recruits til your free[0m
[22:25] [0m[37;1mXiu flaps :[0m i could kill corath but then i'd have to rune gear for noobs. altho we don't have[0m
[22:25] [0m            any noobs so i guess i'll go gxp on corath[0m
[22:25] [0m[37;1mEllegon flaps :[0m I can see big guild NPCs kill quests granting an award or something like a[0m
[22:25] [0m                G-artifact. but stuck in the room? hehe.[0m
[22:26] [0m[37;1mVortex flaps :[0m hehe Wert's idea is also good hehe[0m
[22:26] [0m[37;1mCrolack flaps :[0m Arch foe : Fang (class: 2,891,429)[0m
[22:26] [0m[37;1mWert flaps :[0m i wanted to boot run, but needed 2 more recuits so i guess im stuck here[0m
[22:26] [0m[37;1mXiu flaps :[0m laff that'd be agony[0m
[22:27] [0m[37;1mWert flaps :[0m paul? nope cant help, gimme the recruits![0m
[22:32] [0m[37;1m[JEDI]:[0m Ylenic It'kla arrives at the Academy.[0m
[22:38] [0m[Auction] Space (necr) : discounted garbage[0m
[22:38] [0m[Auction] Raest (cybo) : i'd bid, but it's not big enoug[0m
[22:44] [0m[31;1m[Clan] Ser :[0m anyone wanna try secz?  getting a few smears and i'll be g2g[0m
[22:44] [0m[31;1m[Clan] Ser :[0m maybe some enhances, so 15-20 mins[0m
[22:45] [0m[31;1m[Clan] Nik :[0m what kinda dmg range we aimin for?[0m
[22:45] [0m[31;1m[Clan] Ser :[0m at least 3[0m
[22:46] [0m[34;1mGumby shouts:[0m big letters[0m
[22:46] [0m[34;1mRaest shouts:[0m carried![0m
[22:59] [0m[37;1m[JEDI]:[0m H'ssani C'talan arrives at the Academy.[0m
[23:00] [0m[37;1mWhoknows flaps :[0m taco reset anyone?[0m
[23:08] [0m[31;1m[Clan] Xaryl :[0m why is it when I _need_ the stupid lantern in Rloft it does not drop....if I do[0m
[23:08] [0m               not want it....it drops on the 1st Sylph![0m
[23:09] [0m[31;1m[Clan] Ser :[0m blah 2 pastes/beans[0m
[23:09] [0m[31;1m[Clan] Ser :[0m anyone need?  :P[0m
[23:09] [0m[31;1m[Clan] Xaryl :[0m what are you looking for?[0m
[23:10] [0m[31;1m[Clan] Ser :[0m cheese/cream generally[0m
[23:10] [0m[31;1m[Clan] Xaryl :[0m I have a spare cheese[0m
[23:10] [0m[31;1m[Clan] Xaryl :[0m and think we have a spare cream also[0m
[23:10] [0m[31;1m[Clan] Ser :[0m hmm[0m
[23:10] [0m[31;1m[Clan] Xaryl :[0m why cream/cheese?[0m
[23:10] [0m[31;1m[Clan] Ser :[0m i also just got a cheese, so i think that's all i need[0m
[23:10] [0m[31;1m[Clan] Ser :[0m off types on spirit gear[0m
[23:10] [0m[31;1m[Clan] Xaryl :[0m ah![0m
[23:11] [0m[31;1m[Clan] Xaryl :[0m even flasks![0m
[23:11] [0m[31;1m[Clan] Xaryl :[0m event (damn typo!)[0m
[23:11] [0m[31;1m[Clan] Ser :[0m nognog, can't reforge that ac tho[0m
[23:11] [0m[31;1m[Clan] Xaryl :[0m true[0m
[23:11] [0m[37;1mWhoknows flaps :[0m last call tacos reset[0m
[23:11] [0m[31;1m[Clan] Ser :[0m @ box[0m
[23:12] [0m[37;1mCrolack flaps :[0m naw[0m
[23:12] [0m[37;1mWhoknows flaps :[0m done[0m
[23:12] [0m[31;1m[Clan] Xaryl :[0m almost done making Dhsell[0m
[23:13] [0m[31;1m[Clan] Xaryl :[0m you want cheese or cream?[0m
[23:13] [0m[31;1m[Clan] Ser :[0m wellll i can run my taco again[0m
[23:13] [0m[31;1m[Clan] Ser :[0m i need 3 more, didn't realize[0m
[23:14] [0m[31;1m[Clan] Xaryl :[0m we have 2x cheeese and 2x cream[0m
[23:14] [0m[31;1m[Clan] Xaryl :[0m and 6!!!!!!!!!!!!! foil[0m
[23:14] [0m[31;1m[Clan] Ser :[0m ooo lemme do 1 cheese 2 cream[0m
[23:14] [0m[31;1m[Clan] Ser :[0m lol[0m
[23:18] [0m[37;1mSer flaps :[0m whyh does terra hammer shortname knight[0m
[23:18] [0m[34;1mRaest shouts:[0m dafuq?[0m
[23:18] [0m[34;1mNik shouts:[0m ceaser wrap next please[0m
[23:19] [0m[34;1mSer shouts:[0m Nacho Fries are back[0m
[23:19] [0m[34;1mPrism shouts:[0m what[0m
[23:19] [0m[34;1mRaest shouts:[0m they were here before and where is 'here' anyways?[0m
