[21:19] [0m[31;1m[Clan] Roken wisps into existence.[0m  [0m
[21:20] [0m[32mYou tell Ser:[0m ok figured it out[0m
[21:21] [0m[32mYou tell Ser:[0m pretty much a waste of my night to figure out IP pools are significant. My router[0m
[21:21] [0m        started with 192.168.50.1 while my old router did 86.1 so rPi was in that one as a[0m
[21:21] [0m        static[0m
[21:23] [0m[32mYou tell Ser:[0m cool that asus uses wrt but I keep running into wrt merlin (asus prefixed to[0m
[21:23] [0m        both) can't wait to see what big differences there are and any loses with the merlin[0m
[21:23] [0m        mod[0m
[21:23] [0m[32mYou tell Ser:[0m night[0m
[21:24] [0m[32mSer tells you:[0m night[0m
[21:24] [0m[32mSer tells you:[0m merlin has a lot of neat features[0m
[21:24] [0m[32mSer tells you:[0m i've used it[0m
[21:24] [0m[37;1m[JEDI]:[0m Bithoff Jonansaan arrives at the Academy.[0m
[21:45] [0m[31;1m[Clan] Cable :[0m wench rune is based of % of hp?[0m
[21:45] [0m[31;1m[Clan] Cable :[0m mine kicks off all the time lol[0m
[21:48] [0m[Auction] Cable (psic) : gebus this cup of tears is bs.[0m
[21:48] [0m[Auction] Cable (psic) : you realize i am getting atll the xp you all are loosing right?[0m
[21:48] [0m[Auction] Cable (psic) : I feel guilty. Anyone else want to use it for a bit?[0m
[21:49] [0m[Auction] Wendigo (cybo) : youre making -100m/hr from me?[0m
[21:49] [0m[Auction] Pdog (frem) : so you're getting like 20Bxp an hour?[0m
[21:49] [0m[Auction] Cable (psic) : XP Gain for the last 30 minutes: 12,496,284,097[0m
[21:49] [0m[37;1mApocalypse flaps :[0m my grandma and your grandma were sittin by the fire[0m
[21:49] [0m[Auction] Prism (gent) : sounds good[0m
[21:49] [0m[Auction] Cable (psic) : only works when i am not idle i guess[0m
[21:50] [0m[Auction] Pdog (frem) : it caps at 2b/30 for me :([0m
[21:50] [0m[31;1m[Clan] Cable :[0m psicorp are 64bit.[0m
[21:51] [0m[Auction] Cable (psic) : Psicorps are 64bit.[0m
[21:51] [0m[Auction] Pdog (frem) : so are fremen[0m
[21:51] [0m[Auction] Cable (psic) : hmm. i don't know. wanna try two at once?[0m
[21:51] [0m[Auction] Cable (psic) : two cups, one fremen?[0m
[21:52] [0m[Auction] Pdog (frem) : i'll take ALL the cips[0m
[21:53] [0m[37;1mZethrak flaps :[0m and then?[0m
[21:53] [0m[37;1m[JEDI]:[0m Wennic Ber'ni'lok arrives at the Academy.[0m
[21:53] [0m[Auction] Pdog (frem) : hmm, i didn't realize there was an auction, I woulda bought that speedo[0m
[21:53] [0m                        :([0m
[21:55] [0m[37;1mApocalypse flaps :[0m my grandma said to your grandma, I'm gonna set your flag on fire[0m
[21:57] [0m[37;1mNik flaps :[0m my granma said she set your granma on fire[0m
[21:58] [0m[37;1mApocalypse flaps :[0m hey no[0m
[21:58] [0m[37;1mApocalypse flaps :[0m now[0m
[21:58] [0m[37;1mZethrak flaps :[0m like emotionally, inspirationally, or thermally?[0m
[22:01] [0m[Auction] Robert : Up for bids: A Cup of Players Tears {filled}.[0m
[22:01] [0m[Auction] Robert : Cable has requested 777 as the opening offer.[0m
[22:01] [0m[Auction] Robert : Got 777 from Wendigo(cybo).  Do I hear 827?[0m
[22:01] [0m[Auction] Cable (psic) : sold as is. use some tears as lube.[0m
[22:01] [0m[Auction] Robert : 777 going once![0m
[22:01] [0m[Auction] Robert : Got 827 from Zion(jugg).  Do I hear 877?[0m
[22:02] [0m[Auction] Robert : 827 going once![0m
[22:02] [0m[Auction] Wendigo (cybo) : taketh thine sip and remember, theyre yours too.[0m
[22:02] [0m[Auction] Robert : 827 going twice![0m
[22:02] [0m[Auction] Cable (psic) : emotional lube! i always feel open when think about other people crying[0m
[22:02] [0m[Auction] Robert : Sold to Zion for 827 coins![0m
[22:02] [0m[Auction] Zion (jugg) : i'm just going to cry into the cup all night[0m
[22:03] [0m[Auction] Moab (mage) : lol[0m
[22:03] [0m[Auction] Moab (mage) : lol[0m
[22:03] [0m[Auction] Moab (mage) : 2 mages 1 cup?[0m
[22:04] [0m[37;1mCable flaps :[0m Psicorps are real dicks... I walk in a room look at a helpless creature,[0m
[22:04] [0m              demoralize it, then blast it in the face to blind it, then start beating on it.[0m
[22:04] [0m[37;1mMoab flaps :[0m sounds kinda hot[0m
[22:05] [0m[37;1mPdog flaps :[0m I appear out of nowhere, stabbing you in your liver with a poisoned tooth, then I[0m
[22:05] [0m             yell at you until you die.[0m
[22:05] [0m[37;1mMoab flaps :[0m bard?[0m
[22:05] [0m[37;1mCable flaps :[0m also not very nice! heh[0m
[22:05] [0m[37;1mCable flaps :[0m fremen![0m
[22:05] [0m[37;1mMoab flaps :[0m or my ex wife?[0m
[22:06] [0m[37;1mCable flaps :[0m your wife only had one tooth?[0m
[22:06] [0m[37;1mMoab flaps :[0m no, she had lots but her fangs were in her jay jay[0m
[22:07] [0m[37;1mPdog flaps :[0m I think I saw a cartoon on Nickelodeon about that once.[0m
[22:07] [0m[37;1mCable flaps :[0m I think I saw a zombie movie like that once.[0m
[22:08] [0m[37;1mAtticus flaps :[0m so moabs ex wife was an actress in an 'adult' zombie movie - good to know[0m
[22:08] [0m[37;1mMoab flaps :[0m lol[0m
[22:09] [0m[37;1mMoab flaps :[0m her cheatin ass may as well have been[0m
[22:10] [0m[34;1mSimonz shouts:[0m 4 670sp charms @ CoT, ping me in 1999![0m
[22:11] [0m[37;1mArx flaps :[0m what are the exp changes?[0m
[22:11] [0m[37;1mZethrak flaps :[0m jedi beat you with a rave stick.[0m
[22:12] [0m[37;1mCable flaps :[0m well atticus it was on nickelodeon, so it had to be an adult zombie movie for[0m
[22:12] [0m              kids.[0m
[22:12] [0m[37;1mZion flaps :[0m Bunnicula[0m
[22:12] [0m[37;1mZethrak flaps :[0m classic[0m
[22:14] [0m[37;1mZethrak flaps :[0m didn't bunicula originally appear in Monty Python's search for the holy grail?[0m
[22:15] [0m[37;1mZethrak flaps :[0m I saw a youtube video yesterday, a rabbit actually ran at a guy a bit his foot.[0m
[22:15] [0m                I've never seen that before.[0m
[22:16] [0mnewb Kalreborn [adventurer/5]: Is there a necro that would be available to walk me through[0m
[22:16] [0m                               joining their guild?  :)[0m
[22:24] [0mnewb Cable [psicorps/132]: I'm afraid I can't do that Hal.[0m
[22:24] [0m[37;1m[JEDI]:[0m Janath Meelin arrives at the Academy.[0m
[22:24] [0mnewb Kalreborn [adventurer/5]: Don't think anyone can, haha.  :)[0m
[22:24] [0mnewb Zion [juggernaut/131]: players necro will let you know who's online to ask directly via[0m
[22:24] [0m                            tell[0m
[22:25] [0mnewb Zion [juggernaut/131]: Have you finished the newbie academy quest?[0m
[22:25] [0mnewb Kalreborn [adventurer/5]: Yeah, and a bunch of quests, and I'm sitting on a fat stack of[0m
[22:25] [0m                               exp for when I figure out where to spend stat points.  :)[0m
[22:26] [0mnewb Zion [juggernaut/131]: Woot[0m
[22:26] [0m[31;1m[Clan] Yik enters the game.[0m  [0m
[22:27] [0mnewb Stasis [elemental/141]: sounds like necros need to add some guild info to[0m
[22:27] [0m                             wemudtogether.com![0m
[22:28] [0m[31;1m[Clan] Cable :[0m anyone need corpses?[0m
[22:38] [0m[37;1mArx flaps :[0m what were the exp changes?[0m
[22:39] [0m[37;1mMaverick flaps :[0m arbitrary 20% off the top, we need to do our part to get people back to work.[0m
[22:41] [0m[34;1mSimonz shouts:[0m licklick, stop....oh never mind[0m
[22:53] [0m[37;1m[JEDI]:[0m Kerran Halcyon arrives at the Academy.[0m
[23:19] [0m[37;1m[JEDI]:[0m Talia Ska arrives at the Academy.[0m
