[00:47] [0m[35;1mHvuong [Jedi(25)]:[0m this may be a stupid question, but where do we go to get droids?[0m
[00:50] [0m[35;1mVasuki [Jedi(47)]:[0m where do we get droids... good question. You see, when a mommy droid and a[0m
[00:50] [0m                   daddy droid love each other...[0m
[00:50] [0m[35;1mHvuong [Jedi(25)]:[0m droid stork gives us one?[0m
[00:50] [0m[35;1mVasuki [Jedi(47)]:[0m ... they board a shuttle to Tatooine from the guild entrance[0m
[00:50] [0m[35;1mHvuong [Jedi(25)]:[0m oooooh haha[0m
[00:51] [0m[37;1m[JEDI]:[0m Rhaan arrives at the Academy.[0m
[00:58] [0m[37;1mInix flaps :[0m burpsicles[0m
[01:18] [0m[37;1m[JEDI]:[0m Durnoth arrives at the Academy.[0m
[01:45] [0m[34;1mPdog shouts:[0m I only log out cause I'm super gremlin.[0m
[01:48] [0m[37;1m[JEDI]:[0m Kerran Halcyon arrives at the Academy.[0m
[02:18] [0m[37;1m[JEDI]:[0m Janath Meelin arrives at the Academy.[0m
[02:44] [0m[37;1m[JEDI]:[0m Herah Wylann arrives at the Academy.[0m
[03:00] [0m[34;1mJasmine shouts:[0m DIRTY FILTHY MEMORY![0m
[03:21] [0m[37;1m[JEDI]:[0m Alyssa K'tal arrives at the Academy.[0m
[13:53] [0m[37;1mZethrak flaps :[0m i keep waiting for arundin to make a townportal scroll. I would buy at least one[0m
[13:53] [0m                for emergencies for 50,000 gold. Sometimes I need to leave a dungeon[0m
[13:53] [0m                immediately.[0m
[13:54] [0m[37;1mSomebody flaps :[0m just die[0m
[13:54] [0m[37;1mZethrak flaps :[0m *cries*[0m
[13:54] [0m[37;1m[JEDI]:[0m Herah Wylann arrives at the Academy.[0m
[13:54] [0m[37;1mEcholoc flaps :[0m hmflee[0m
[13:56] [0m[37;1mZethrak flaps :[0m some places you can't leave by sprinting out of them, because it pulls all the[0m
[13:56] [0m                mobs with you.[0m
[13:57] [0m[37;1mZorge flaps :[0m just have to be faster then the mobs =)[0m
[13:57] [0m[37;1mSomebody flaps :[0m if you log out quick enough it'll be someone elses death[0m
[13:57] [0m[37;1mZethrak flaps :[0m :O[0m
[13:57] [0m[37;1mHyuga flaps :[0m no one is faster than black friday mobs[0m
[13:58] [0m[37;1mHyuga flaps :[0m they'll DRINK YOU UP[0m
[13:59] [0m[37;1mZethrak flaps :[0m i think covid really ruined the black friday smack down. There were no videos[0m
[13:59] [0m                released this year. Not like a couple years ago. So many WWE quality battles for[0m
[13:59] [0m                the flat screens.[0m
[14:00] [0m[37;1mHyuga flaps :[0m no one implemented the coughing strat?[0m
[14:01] [0m[37;1mHyuga flaps :[0m MAKE WAY! 8coughcoughcough*[0m
[14:01] [0m[37;1mSomebody flaps :[0m Can't get covid if it doesn't exist sheeple[0m
[14:02] [0m[37;1mHyuga flaps :[0m that's what Marcus Lamb said :p[0m
[14:02] [0m[37;1mHyuga flaps :[0m RIP[0m
[14:05] [0m[37;1mEcholoc flaps :[0m it is weird, my wife is the one looking for a TV upgrade...[0m
[14:05] [0m[37;1mEcholoc flaps :[0m we have like a 50 inch, up in the corner.... she is wondering if we can fit[0m
[14:05] [0m                something like 70[0m
[14:06] [0m[37;1mHyuga flaps :[0m you trained her right[0m
[14:06] [0m[37;1mZethrak flaps :[0m where there's a will, there's a way... you can make it fit![0m
[14:06] [0m[37;1mEcholoc flaps :[0m i think the mount we have up there could support it[0m
[14:07] [0m[37;1mEcholoc flaps :[0m she also wants apple tv... so she can cast up to it...[0m
[14:07] [0m[37;1mEcholoc flaps :[0m from her mac[0m
[14:08] [0m[37;1mZethrak flaps :[0m that's not going to create an opportunity to override your viewing schedule with[0m
[14:08] [0m                pictures of who knows what, will it?[0m
[14:10] [0m[37;1mEcholoc flaps :[0m meh, no issues there[0m
[14:10] [0m[31;1m[Clan] Nameless :[0m back[0m
[14:10] [0m[37;1mZethrak flaps :[0m :D[0m
[14:13] [0m[37;1mKitt flaps :[0m Tomorrow at 10pm , we will run the inductor[0m
[14:13] [0m[37;1mToren flaps :[0m so, 7 hrs?[0m
[14:13] [0m[37;1mKitt flaps :[0m sure you can wait there and it will reboot on you[0m
[14:19] [0m[37;1m[JEDI]:[0m Talia Ska arrives at the Academy.[0m
[14:45] [0m[34;1mFrank shouts:[0m Thank you to those Mages that chose to take the gxp hit early and perform testing.[0m
[14:45] [0m              Testing is now closed.[0m
[14:45] [0m[37;1m[JEDI]:[0m Janath Meelin arrives at the Academy.[0m
[14:47] [0m[34;1mNameless shouts:[0m yay[0m
[15:03] [0m[34;1mKitt shouts:[0m did i test poitive?[0m
[15:03] [0m[34;1mModrack shouts:[0m it was a positive result![0m
[15:04] [0m[34;1mSadiesdaddy shouts:[0m I tested positive for being crazy...Does that count?[0m
[15:04] [0m[34;1mKitt shouts:[0m was it positively correct?[0m
[15:05] [0m[34;1mBeebo shouts:[0m gratz[0m
[15:05] [0m[34;1mSadiesdaddy shouts:[0m gratz[0m
[15:05] [0m[34;1mApocalypse shouts:[0m thanks all :D[0m
[15:06] [0m[34;1mZethrak shouts:[0m are you becoming more powerful then we can possibly imagine?[0m
[15:06] [0m[34;1mApocalypse shouts:[0m indeed[0m
[15:07] [0m[34;1mZethrak shouts:[0m :D[0m
[15:11] [0m[34;1mNameless shouts:[0m mages contracted deadly ligma variant gxp virus![0m
[15:12] [0m[37;1m[JEDI]:[0m Durnoth arrives at the Academy.[0m
[15:29] [0m[32mHavox tells you:[0m cast giant str|cast giant str|cast giant str|cast giant str|cast giant[0m
[15:29] [0m        str|cast giant str|cast giant str|cast giant str|cast giant str|cast giant str|cast[0m
[15:29] [0m        giant str|cast giant str|[0m
[15:29] [0m[34;1mVid shouts:[0m I'm strong!!![0m
[15:30] [0m[34;1mVoodoo shouts:[0m cast nopants[0m
[15:30] [0m[34;1mZethrak shouts:[0m now?[0m
[15:30] [0m[32mHavox tells you:[0m *idle more*[0m
[15:30] [0m[34;1mPdog shouts:[0m cast it on me foo[0m
[15:30] [0mKitt gshouts: Got MOO? Got MOO? Got Moo?[0m
[15:31] [0m[34;1mPdog shouts:[0m I want the strength of 12 giants[0m
[15:32] [0m[34;1mEsper shouts:[0m I'm pretty sure I'm stronger than 12 giants[0m
[15:44] [0m[34;1mNameless shouts:[0m guy ants? maybe, but girl ants be swole[0m
[15:45] [0m[37;1m[JEDI]:[0m H'ssani C'talan arrives at the Academy.[0m
[15:50] [0m[35;1mFridmundr [Jedi(16)]:[0m heya[0m
[16:08] [0m[34;1mZethrak shouts:[0m do they even lift?![0m
[16:10] [0m[34;1mManos shouts:[0m money's too tight for steak[0m
[16:13] [0m[34;1mGaidin shouts:[0m Did you say steak?[0m
[16:14] [0m[34;1mNameless shouts:[0m combination dispensary and beef farm, the steaks have never been higher[0m
[16:16] [0m[37;1mMotivation <.oO>:[0m put up a post on the eternal guild subforum for a QoL command:[0m
[16:16] [0m                  https://forums.3k.org/index.php?topic=1803.0[0m
[16:22] [0m[37;1mToren <.oO>:[0m I don't think a string would be longer than 59m59s (or any 2 digit combos)....which[0m
[16:22] [0m             would fit within the # of chars allotted to that column as well.[0m
[16:22] [0m[37;1mKsemia <.oO>:[0m Quality of Life? Quiet our Loins? Quite outrageous Loyalty?[0m
[16:23] [0m[37;1m[JEDI]:[0m Kerran Halcyon arrives at the Academy.[0m
[16:23] [0m[31;1m[Clan] Saitama :[0m howdy![0m
[16:25] [0m[31;1m[Clan] Toren :[0m ayo[0m
[16:26] [0m[37;1mPlankton flaps :[0m thanks glorfbot[0m
[16:27] [0m[37;1mFlaxen <.oO>:[0m your face is a qol[0m
[16:30] [0m[37;1mMotivation <.oO>:[0m i'll take that as a compliment![0m
[17:13] [0m[32mYou say:[0m dude[0m
[17:15] [0m[32;1mFrom afar, you are confused by Havox.[0m[0m
[17:21] [0m[31;1m[Clan] Pipin :[0m eww, that is a gross reboot time.[0m
[17:21] [0m[37;1m[JEDI]:[0m Ylenic It'kla arrives at the Academy.[0m
[17:25] [0m[34;1mLiskerlol shouts:[0m boo[0m
[17:25] [0m[34;1mVid shouts:[0m lol![0m
[17:27] [0m[34;1mVid shouts:[0m Sorry :)[0m
[17:27] [0m[34;1mEsper shouts:[0m It's not even that spammy with a short name[0m
[17:28] [0m[34;1mBink shouts:[0m didn't your teachers teach you to share xp?[0m
[17:28] [0m[34;1mVid shouts:[0m Trust me, I've shared plenty[0m
[17:37] [0m[34;1mMotivation shouts:[0m video killed the radio star![0m
[17:41] [0m[5m[1m[48;5;124mYour lightsaber begins to flicker and the handle warms![0m[0m                 [0m
[17:43] [0m[5m[1m[48;5;19mYour lightstaff begins to flicker and the handle warms![0m[0m                 [0m
[17:49] [0m[37;1m[JEDI]:[0m Wennic Ber'ni'lok arrives at the Academy.[0m
[17:49] [0m[37;1mManos flaps :[0m fake news[0m
[17:58] [0mnewb Echoloc [juggernaut/137]: he isn't a fighting monster[0m
[18:13] [0m[31;1m[Clan] Deathduck enters the game.[0m  [0m
[18:14] [0m[31;1m[Clan] Toren :[0m so, did havox get dested?[0m
[18:14] [0m[31;1m[Clan] Toren :[0m i'm personally supprised that cast giant str anti idle thing didnt have on space[0m
[18:14] [0m               at the end[0m
[18:18] [0m[37;1m[JEDI]:[0m Rhaan arrives at the Academy.[0m
[18:19] [0m[31;1m[Clan] Saitama :[0m laf i never left sec z[0m
[18:19] [0m[31;1m[Clan] Saitama :[0m was waiting for you to come back, can do mahmons instead[0m
[18:20] [0m[31;1m[Clan] Turin :[0m come here?[0m
[18:20] [0m[31;1m[Clan] Saitama :[0m i dont have anything for this char so no monitors or anything, its all manual[0m
[18:20] [0m[31;1m[Clan] Turin :[0m and rally me?[0m
[18:24] [0m[31;1m[Clan] Toren :[0m i do have an elemental file[0m
[18:24] [0m[31;1m[Clan] Toren :[0m btw[0m
[18:24] [0m[31;1m[Clan] Toren :[0m i dont think there's much in there, but you'll have the MIP/chatlog/etc still[0m
[18:26] [0m[31;1m[Clan] Reacher :[0m you're a MIP[0m
[18:28] [0m[31;1m[Clan] Toren :[0m mudder in peril?[0m
[18:29] [0m[31;1m[Clan] Saitama :[0m milp[0m
[18:29] [0m[31;1m[Clan] Reacher :[0m man in panties.[0m
[18:29] [0m[31;1m[Clan] Saitama :[0m mudder id like to poke[0m
[18:29] [0m[31;1m[Clan] Reacher :[0m I HAVE TAKEN OVER YOUR LAPTOP CAMERA[0m
[18:29] [0m[31;1m[Clan] Reacher :[0m I See all![0m
[18:29] [0m[31;1m[Clan] Reacher :[0m me likey[0m
[18:29] [0m[31;1m[Clan] Reacher :[0m cough[0m
[18:43] [0m[31;1m[Clan] Toren :[0m 69% til tier[0m
[18:43] [0m[31;1m[Clan] Toren :[0m giggity[0m
[18:43] [0m[31;1m[Clan] Toren :[0m how many glamors does E have?[0m
[18:43] [0m[31;1m[Clan] Toren :[0m do you get more w/ certain tiers?[0m
[18:44] [0m[31;1m[Clan] Reacher :[0m yeah randomly[0m
[18:44] [0m[31;1m[Clan] Reacher :[0m i think 11?[0m
[18:44] [0m[31;1m[Clan] Reacher :[0m or twelve[0m
[18:44] [0m[31;1m[Clan] Reacher :[0m no bloodkin right now, so i got the one back from being blooded to pari[0m
[18:44] [0m[31;1m[Clan] Reacher :[0m but i lost the one I had for Lord[0m
[18:44] [0m[31;1m[Clan] Reacher :[0m i have 12[0m
[18:45] [0m[31;1m[Clan] Reacher :[0m and they last 33 rounds each[0m
[18:45] [0m[31;1m[Clan] Reacher :[0m last stone gives you 5 extra rounds duration[0m
[18:48] [0m[31;1m[Clan] Toren :[0m nog, i've got every stone so I knew there had to be other ways to get them[0m
[18:48] [0m[31;1m[Clan] Toren :[0m good to know[0m
[18:49] [0m[31;1m[Clan] Reacher :[0m and my repower is down to 24min[0m
[18:49] [0m[31;1m[Clan] Reacher :[0m the last time i measured it[0m
[18:49] [0m[31;1m[Clan] Ser :[0m https://youtu.be/-U-sHTUJRdk[0m
[18:51] [0m[31;1m[Clan] Toren :[0m oh, that's a nice boost[0m
[18:51] [0m[31;1m[Clan] Toren :[0m i figure there are buffs from admin too[0m
[18:51] [0m[37;1m[JEDI]:[0m Reena Bel Noir arrives at the Academy.[0m
[18:56] [0m[37;1mReacher flaps :[0m physics is fun if you're this guy www.youtube.com/watch?v=Mt3eexuKelg[0m
[19:01] [0m[34;1mPdog shouts:[0m My armour ate Bink![0m
[19:02] [0m[34;1mBink shouts:[0m mi armour![0m
[19:02] [0m[32mSturm tells you:[0m My armour. Give now.[0m
[19:03] [0m[34;1mSaitama shouts:[0m armour exists does not[0m
[19:03] [0m[34;1mEsper shouts:[0m Go fight a blue dragon[0m
[19:03] [0m[34;1mKsemia shouts:[0m nyet. ya ne zniyou.[0m
[19:03] [0m[34;1mPrism shouts:[0m Sturm recruited me to Knights once[0m
[19:03] [0m[34;1mCaboose shouts:[0m possession, 9/10ths, yadda yadda...[0m
[19:05] [0m[34;1mMaverik shouts:[0m lan recruited me to warders once[0m
[19:06] [0m[34;1mBink shouts:[0m I was a high level warder once[0m
[19:07] [0m[34;1mEcholoc shouts:[0m then you took an arrow to the knee?[0m
[19:09] [0m[34;1mHooligan shouts:[0m Sturm is back?  The horror...[0m
[19:10] [0m[34;1mBink shouts:[0m he horror would be if vilgan is back[0m
[19:17] [0m[37;1m[JEDI]:[0m Tobias Kel'ach'nar arrives at the Academy.[0m
[19:19] [0m[37;1mFujitsu flaps :[0m WTW tech nerds.  why is there no mesh setup with POE.[0m
[19:19] [0m[37;1mFujitsu flaps :[0m not trying to spend 2k on a ubiquiti setup[0m
[19:20] [0m[37;1mReacher flaps :[0m i like the 3 band 3 base Orbi mesh[0m
[19:20] [0m[37;1mReacher flaps :[0m 450 on sale at costco, when it's on sale... and you can add more bases[0m
[19:21] [0m[37;1mReacher flaps :[0m 1.1gbps from base to base, even across the house... and that backbone is it's[0m
[19:21] [0m                own 3rd 5ghz channel[0m
[19:23] [0m[37;1mEcholoc flaps :[0m i need to get someting to make the wifi in my office better[0m
[19:24] [0m[37;1mReacher flaps :[0m eliminate half the workers[0m
[19:24] [0m[37;1mReacher flaps :[0m it'll be 2x better![0m
[19:24] [0m[37;1mEcholoc flaps :[0m home office[0m
[19:25] [0m[37;1mFujitsu flaps :[0m can you do wired backhaul on orbi?  I really just don't want to be tied to power[0m
[19:25] [0m                outlets.  ceiling mount.[0m
[19:25] [0m[37;1mFujitsu flaps :[0m i'll just google it.[0m
[19:26] [0mnewb Arx [changeling/52]: was the boot extended I could have sworn it was ending today[0m
[19:26] [0mnewb Echoloc [juggernaut/137]: it is[0m
[19:26] [0mnewb Inix [juggernaut/139]: It is, 'uptime'.[0m
[19:27] [0mnewb Echoloc [juggernaut/137]: just the REALLY tail end of today...[0m
[19:27] [0mnewb Echoloc [juggernaut/137]: at least in my timezone[0m
[19:31] [0m[31;1m[Clan] Reacher :[0m inside[0m
[19:43] [0m[37;1m[JEDI]:[0m Alyssa K'tal arrives at the Academy.[0m
[20:19] [0m[37;1m[JEDI]:[0m Bithoff Jonansaan arrives at the Academy.[0m
[20:22] [0mFujitsu <Craft>: He's Crafty!![0m
[20:26] [0mHvuong <Craft>: satchel[0m
[20:26] [0mKitt <Craft>: moo[0m
[20:26] [0mHvuong <Craft>: oops my bad =P[0m
[20:26] [0mMotivation <Craft>: anyone remember how to get a satchel?[0m
[20:26] [0mKitt <Craft>: its stashlist[0m
[20:27] [0mKirin <Craft>: just joining the crafting guild should spawn it[0m
[20:27] [0mMotivation <Craft>: oh i derped telling him stashall as one word[0m
[20:27] [0mHvuong <Craft>: awesome, thanks so much =P[0m
[20:54] [0m[37;1m[JEDI]:[0m Tobias Kel'ach'nar arrives at the Academy.[0m
[21:14] [0m[31;1m[Clan] Toren :[0m how the fuck have i died 182 times[0m
[21:14] [0m[31;1m[Clan] Toren :[0m nix, you're a terrible tank[0m
[21:14] [0m[31;1m[Clan] Reacher :[0m 100 of them were in the last 20 minutes[0m
[21:15] [0m[31;1m[Clan] Reacher :[0m first they push you out...[0m
[21:15] [0m[31;1m[Clan] Reacher :[0m ...THEN THEY PULL YOU BACK IN[0m
[21:16] [0m[35;1mLicklick [Jedi(73)]:[0m 4 hour event sure doesnt help combat time[0m
[21:19] [0m[37;1mReacher flaps :[0m god, 300 is a great movie[0m
[21:20] [0m[37;1mBeebo flaps :[0m Be sure to watch the spoof of it when you are done[0m
[21:23] [0m[31;1m[Clan] Toren :[0m downloading the many saints of newark[0m
[21:23] [0m[31;1m[Clan] Toren :[0m anyone see it?[0m
[21:24] [0m[37;1m[JEDI]:[0m Reena Bel Noir arrives at the Academy.[0m
[21:25] [0m[34;1mKenny shouts:[0m that reminds me, i should reset my destroy tags too[0m
[21:30] [0m[31;1m[Clan] Nix :[0m i havent killed you[0m
[21:30] [0m[31;1m[Clan] Nix :[0m you run in and out of rooms or ld[0m
[21:30] [0m[31;1m[Clan] Nix :[0m stop traveling to third world countries with shitty internet[0m
[21:30] [0m[31;1m[Clan] Nix :[0m and many saints of newark was sort of a let down[0m
[21:30] [0m[31;1m[Clan] Nix :[0m it wasn't bad, but it was not what i was expecting by any means[0m
[21:34] [0m[31;1m[Clan] Reacher :[0m nod[0m
