[00:57] [0m[37;1mMotivation flaps :[0m anyone want a dungeon reset?[0m
[00:58] [0m[32mYou tell Motivation:[0m ya but tied to embiggen and heightened awareness next half hour[0m
[00:59] [0m[32;1mFrom afar, Motivation nods to you.[0m[0m
[00:59] [0m[37;1m[JEDI]:[0m Tobias Kel'ach'nar arrives at the Academy.[0m
[01:28] [0m[37;1m[JEDI]:[0m H'ssani C'talan arrives at the Academy.[0m
[01:54] [0m[34;1mRaest shouts:[0m finally![0m
[02:00] [0m[37;1m[JEDI]:[0m Wennic Ber'ni'lok arrives at the Academy.[0m
[02:23] [0m[32mYou tell Motivation:[0m need that reset?[0m
[02:27] [0m[37;1m[JEDI]:[0m Janath Meelin arrives at the Academy.[0m
[02:54] [0m[37;1m[JEDI]:[0m Reena Bel Noir arrives at the Academy.[0m
[03:27] [0m[37;1m[JEDI]:[0m Rhaan arrives at the Academy.[0m
[04:01] [0m[37;1m[JEDI]:[0m Wennic Ber'ni'lok arrives at the Academy.[0m
[04:27] [0m[37;1m[JEDI]:[0m Ylenic It'kla arrives at the Academy.[0m
[17:59] [0m[31;1m[Clan] Wendigo :[0m whats up folks, everyone has been pure silence lately:P[0m
[18:00] [0m[31;1m[Clan] Roor :[0m silence is golden[0m
[18:00] [0m[31;1m[Clan] Teg :[0m just been busy doing other stuff while botting lately, personally haven't had much[0m
[18:00] [0m             relaxation on my weekends lately[0m
[18:01] [0m[31;1m[Clan] Wendigo :[0m word, im just whining...:)[0m
[18:01] [0m[37;1m[JEDI]:[0m Kerran Halcyon arrives at the Academy.[0m
[18:06] [0m[31;1m[Clan] Roken :[0m I don't know how to play this game while fathering.. no efficient way to keep an[0m
[18:06] [0m               eye on my bot. :/ :([0m
[18:09] [0m[31;1m[Clan] Wendigo :[0m close eyes and use mind to mud:P[0m
[18:10] [0m[31;1m[Clan] Roor :[0m laf, i got like 4 gls on my bard when my kid was born[0m
[18:10] [0m[31;1m[Clan] Roor :[0m she was up every 2-3 hours so i was mudding like 24x7[0m
[18:11] [0m[31;1m[Clan] Roor :[0m grats on the baby roken![0m
[18:11] [0m[31;1m[Clan] Nameless :[0m build bots better![0m
[18:12] [0m[31;1m[Clan] Wendigo :[0m build slorrs cornered[0m
[18:15] [0md  Wm:g Wc: 54% Gx: 21.07% Fx: 81.37%[0m
[18:15] [0m[31;1m[Clan] Roken :[0m shes a week away from 1 :D yay[0m
[18:17] [0m[31;1m[Clan] Roor :[0m i'm happy to fill the void =P[0m
[18:17] [0m[31;1m[Clan] Roor :[0m wl[0m
[18:19] [0msRPDFd  Wm:g Wc: 52% Gx: 21.11% Fx: 81.38%[0m
[18:29] [0m[34;1mFluffy shouts:[0m big letters[0m
[18:29] [0m[37;1m[JEDI]:[0m Janath Meelin arrives at the Academy.[0m
[18:51] [0m[Auction] Fluffy (chan) : stinky boi![0m
[18:54] [0m[37;1m[JEDI]:[0m Tobias Kel'ach'nar arrives at the Academy.[0m
[18:58] [0mMaverik {Professions}: hmm[0m
[18:58] [0mMaverik {Professions}: anyone have a sec to forge a few things for me?[0m
[18:59] [0mFluffy {Professions}: if you explain why i have ZERO ice cream ... when i did tell you not to[0m
[18:59] [0m                      make me run out AGAIN![0m
[18:59] [0mNameless {Professions}: i can[0m
[19:22] [0m[31;1m[Clan] Suicaudio enters the game.[0m  [0m
[19:24] [0m[31;1m[Clan] Teg :[0m Ser, do I remember you saying RoLM specials were like 1k?[0m
[19:24] [0m[31;1m[Clan] Teg :[0m or am I confusing you with another person?[0m
[19:26] [0m[31;1m[Clan] Ser :[0m what[0m
[19:26] [0m[31;1m[Clan] Ser :[0m you are confusing me[0m
[19:26] [0m[31;1m[Clan] Nameless :[0m we are all ser pushcahrs[0m
[19:26] [0m[31;1m[Clan] Ser :[0m with another person[0m
[19:27] [0m[31;1m[Clan] Ser :[0m not literally[0m
[19:27] [0m[31;1m[Clan] Teg :[0m hmm, wonder where I got that from then, I'll look around[0m
[19:27] [0m[37;1m[JEDI]:[0m Alyssa K'tal arrives at the Academy.[0m
[19:33] [0m[31;1m[Clan] Wasp :[0m i think i said that[0m
[19:34] [0m[31;1m[Clan] Wasp :[0m they might be more than 1k[0m
[19:34] [0m[31;1m[Clan] Teg :[0m Oh, you've got numbers, E?[0m
[19:35] [0m[31;1m[Clan] Teg :[0m actually, that's probably a stupid question, I think I remember conversations from[0m
[19:35] [0m             you related to it[0m
[19:35] [0m[31;1m[Clan] Wasp :[0m E has numbers[0m
[19:35] [0m[31;1m[Clan] Wasp :[0m and show wc/ac[0m
[19:36] [0m[31;1m[Clan] Teg :[0m cool, thanks for confirming about RoLM[0m
[19:44] [0m[31;1m[Clan] Roor :[0m we're on en mas tonight![0m
[19:45] [0m[31;1m[Clan] Wasp :[0m yeah too many[0m
[19:45] [0m[31;1m[Clan] Wasp :[0m i'm cutting anyone with double letters[0m
[19:46] [0m[31;1m[Clan] Nameless :[0m rip[0m
[19:47] [0m[31;1m[Clan] Roor :[0m i'll go join nightrider's merry bunch of freaks![0m
[19:47] [0m[31;1m[Clan] Roor :[0m i mean friends[0m
[19:47] [0m[31;1m[Clan] Ser :[0m my neighbor returned my chainsaw with the recoil starter cover off and also the[0m
[19:47] [0m             screws missing[0m
[19:47] [0m[31;1m[Clan] Ser :[0m and they broke the rope and lost the spring[0m
[19:48] [0m[31;1m[Clan] Roor :[0m go throw it through his living room window[0m
[19:48] [0m[31;1m[Clan] Ser :[0m like wtf[0m
[19:48] [0m[31;1m[Clan] Roor :[0m that's messed up[0m
[19:48] [0m[31;1m[Clan] Roor :[0m byron swat this guys house from mexico... they'll never find you[0m
[19:51] [0m[37;1m[JEDI]:[0m Ylenic It'kla arrives at the Academy.[0m
[19:52] [0m[31;1m[Clan] Nameless :[0m o wow[0m
[19:53] [0m[31;1m[Clan] Wasp :[0m jesus christ ser[0m
[19:53] [0m[31;1m[Clan] Wasp :[0m what did this genius say happened[0m
[19:53] [0m[31;1m[Clan] Wasp :[0m how the fuck do you cut the starter rope?[0m
[19:54] [0m[31;1m[Clan] Teg :[0m silly Wasp, you lay it on the chain while it's running[0m
[19:55] [0m[31;1m[Clan] Wasp :[0m impossible... it sucks back up[0m
[19:55] [0m[31;1m[Clan] Wasp :[0m well maybe if the spring broke it wouldn't[0m
[19:59] [0m[31;1m[Clan] Ser :[0m i think they took the cover off to try to fix it[0m
[19:59] [0m[31;1m[Clan] Ser :[0m and lost the screws that hold the cover on as well as the spring[0m
[19:59] [0m[31;1m[Clan] Ser :[0m err both springs[0m
[20:01] [0m[31;1m[Clan] Taleast :[0m 10 tomb mobs so far, no bug parts[0m
[20:01] [0m[31;1m[Clan] Taleast :[0m well, and like 10 last night[0m
[20:02] [0m[31;1m[Clan] Roor :[0m spiders?[0m
[20:02] [0m[31;1m[Clan] Taleast :[0m nog, B said you can give bug parts for reps[0m
[20:02] [0m[31;1m[Clan] Taleast :[0m Teg is taking forever to get the last 20k reps[0m
[20:02] [0m[31;1m[Clan] Taleast :[0m gonna have engulf before I have it[0m
[20:09] [0m[31;1m[Clan] Roken :[0m bet that's the last time you'll lend to that neighbor[0m
[20:14] [0m[31;1m[Clan] Toren :[0m laf[0m
[20:15] [0m[31;1m[Clan] Roken :[0m sorry ser[0m
[20:16] [0m[31;1m[Clan] Teg :[0m :Chainsaw blade suddenly appears in neighbor's living room wall: I got it working[0m
[20:16] [0m             again![0m
[20:16] [0m[31;1m[Clan] Roken :[0m laf[0m
[20:17] [0m[31;1m[Clan] Wasp :[0m you have to "study" the part before you give it to jorbin fyi[0m
[20:17] [0m[Auction] Robert : Up for bids: Balangool Boots (Bright Green Aura).[0m
[20:17] [0m[Auction] Robert : Ziphe has requested 5,000 as the opening offer.[0m
[20:17] [0m[Auction] Robert : Got 5,000 from Roor(gent).  Do I hear 5,250?[0m
[20:17] [0m[Auction] Robert : 5,000 going once![0m
[20:17] [0m[Auction] Robert : 5,000 going twice![0m
[20:17] [0m[Auction] Robert : Got 6,666 from Ksemia(jedi).  Do I hear 6,999?[0m
[20:17] [0m[Auction] Robert : Got 12,345 from Pdog(frem).  Do I hear 12,962?[0m
[20:17] [0m[Auction] Robert : Got 12,962 from Roor(gent).  Do I hear 14,258?[0m
[20:17] [0m[Auction] Robert : Got 14,258 from Pdog(frem).  Do I hear 15,683?[0m
[20:18] [0m[Auction] Robert : 14,258 going once![0m
[20:18] [0m[Auction] Robert : Got 15,683 from Roor(gent).  Do I hear 17,251?[0m
[20:18] [0m[Auction] Robert : Got 17,251 from Pdog(frem).  Do I hear 18,976?[0m
[20:18] [0m[37;1m[JEDI]:[0m Wennic Ber'ni'lok arrives at the Academy.[0m
[20:18] [0m[Auction] Robert : Got 18,976 from Roor(gent).  Do I hear 20,873?[0m
[20:18] [0m[Auction] Robert : 18,976 going once![0m
[20:18] [0m[Auction] Robert : Got 20,873 from Pdog(frem).  Do I hear 22,960?[0m
[20:19] [0m[Auction] Robert : 20,873 going once![0m
[20:19] [0m[Auction] Toren (necr) : scaler 90?[0m
[20:19] [0m[Auction] Robert : Got 25,000 from Esper(necr).  Do I hear 27,500?[0m
[20:19] [0m[Auction] Nameless (elem) : what dis?[0m
[20:19] [0m[Auction] Ziphe (prie) : scaler 130[0m
[20:19] [0m[Auction] Nameless (elem) : i need shoes[0m
[20:19] [0m[Auction] Robert : Got 27,500 from Roor(gent).  Do I hear 30,250?[0m
[20:19] [0m[Auction] Fluffy (chan) : tree fiddy[0m
[20:19] [0m[Auction] Esper (necr) : oh 130, I'm out :D[0m
[20:19] [0m[Auction] Robert : 27,500 going once![0m
[20:19] [0m[Auction] Pdog (frem) : I got the eye of the tiger, a fighter, Dancing through the fire, Cause I[0m
[20:19] [0m                        am a champion, And you're gonna hear me Roor![0m
[20:19] [0m[Auction] Robert : 27,500 going twice![0m
[20:20] [0m[Auction] Robert : Sold to Roor for 27,500 coins![0m
[20:23] [0m[Auction] Pdog (frem) : bro Robert can you get out my DMs please?[0m
[20:36] [0mDFd  Wm:g Wc: 83% Gx: 22.01% Fx: 81.61%[0m
[20:46] [0m[37;1mToren flaps :[0m I tried to test how bad my internet currently is on fast.com...got this response: [0m
[20:46] [0m              * Could not reach our servers to perform the test. You may not be connected to the[0m
[20:46] [0m              internet[0m
[20:46] [0m[37;1mToren flaps :[0m lulz[0m
[20:47] [0m[37;1mNacage flaps :[0m have you tried turn it off and back on. the internet that is?[0m
[20:48] [0m[37;1m[JEDI]:[0m Herah Wylann arrives at the Academy.[0m
[20:48] [0m[37;1mToren flaps :[0m Maybe someone in califronia can for me[0m
[20:54] [0m[31;1m[Clan] Toren :[0m tal pushchar confirmed: Nacage: that would be asking someone in Cali to do some[0m
[20:54] [0m               work.. good luck[0m
[20:54] [0m[31;1m[Clan] Teg :[0m lol[0m
[20:55] [0m[31;1m[Clan] Teg :[0m so the page probably runs on java once loaded :P[0m
[20:55] [0m[31;1m[Clan] Toren :[0m you mean my internet response?  I'm sure its service workers[0m
[20:55] [0m[31;1m[Clan] Toren :[0m you dont need internet for that[0m
[20:56] [0m[31;1m[Clan] Toren :[0m it mindfucked me hard the first time i saw that[0m
[20:56] [0m[37;1mKirwan flaps :[0m I'm resetting Section Z in a few minutes.  Let me know at the title screen in you[0m
[20:56] [0m               want in.[0m
[20:56] [0m[31;1m[Clan] Toren :[0m i'm trying to setup this 3k api, but can't fucking get anything done[0m
[20:57] [0m[31;1m[Clan] Teg :[0m I'm not sure the terminology you're working, but the jist of what I'm saying is,[0m
[20:57] [0m             the page probably works even offline because it's probably partially compiled java,[0m
[20:57] [0m             but obviously it can't test without an internet connection[0m
[20:57] [0m[31;1m[Clan] Toren :[0m the millions of tracking scripts really fuck me[0m
[20:57] [0m[31;1m[Clan] Toren :[0m cause they're all loaded in the header[0m
[20:58] [0m[31;1m[Clan] Toren :[0m nod, that's the idea[0m
[20:59] [0m[31;1m[Clan] Toren :[0m just like PWAs[0m
[20:59] [0m[31;1m[Clan] Toren :[0m it's javascript cuz its web[0m
[20:59] [0m[31;1m[Clan] Toren :[0m but language is moot[0m
[20:59] [0m[31;1m[Clan] Roor :[0m fucking skunk got in the yard and sorayed one of my asshole dogs[0m
[21:00] [0m[31;1m[Clan] Teg :[0m a skunk and an asshole dog are an entertaining scenario[0m
[21:00] [0m[31;1m[Clan] Teg :[0m and he's a pointer if I recall, so appropriate[0m
[21:01] [0m[31;1m[Clan] Toren :[0m hahaha[0m
[21:01] [0m[31;1m[Clan] Toren :[0m i guarantee its the gsp[0m
[21:01] [0m[31;1m[Clan] Toren :[0m I'm going to get you another one[0m
[21:01] [0m[31;1m[Clan] Wendigo :[0m gsp?[0m
[21:02] [0m[31;1m[Clan] Toren :[0m german shorthaired pointer[0m
[21:02] [0m[31;1m[Clan] Wendigo :[0m oh...[0m
[21:02] [0m[31;1m[Clan] Teg :[0m basically it's the opposite of a cat[0m
[21:02] [0m[31;1m[Clan] Teg :[0m a cat would say "look at my asshole, daddy!"[0m
[21:02] [0m[31;1m[Clan] Teg :[0m the dog pointed at the skunks instead[0m
[21:03] [0m[31;1m[Clan] Wendigo :[0m i've seen some pretty "cat-like" dogs...:|[0m
[21:03] [0m[31;1m[Clan] Wendigo :[0m literally seen a pit-mix climb fucking trees.[0m
[21:03] [0m[31;1m[Clan] Teg :[0m I was making a joke about the scenario, lol[0m
[21:03] [0m[31;1m[Clan] Wendigo :[0m oh right.[0m
[21:03] [0m[31;1m[Clan] Wendigo :[0m ill shushit.[0m
[21:04] [0m[31;1m[Clan] Teg :[0m laf, I'm not upset or anything, I'm just explaining my humor[0m
[21:04] [0m[31;1m[Clan] Toren :[0m fucking oracle, i got the request for the json object succeeded, but 15 of the[0m
[21:04] [0m               network requests labeled "metrics/tracking" failed[0m
[21:04] [0m[31;1m[Clan] Toren :[0m so ofc the webpage doesn't load[0m
[21:04] [0m[31;1m[Clan] Toren :[0m I can literally see the data in the JSON[0m
[21:04] [0m[31;1m[Clan] Roor :[0m im shooting this skunk[0m
[21:05] [0m[31;1m[Clan] Toren :[0m but it refuses to display it cause the fucking tracking scripts are failing[0m
[21:05] [0m[31;1m[Clan] Toren :[0m jfc, up to 51 requests for 'tracking events'[0m
[21:05] [0m[31;1m[Clan] Teg :[0m the question is, punk, is it tracking scripts for network speed testing, or[0m
[21:05] [0m             tracking scripts for traffic snooping? Do you feel lucky?[0m
[21:06] [0m[31;1m[Clan] Toren :[0m it's me trying to log into my cloud instances[0m
[21:06] [0m[31;1m[Clan] Toren :[0m and get the IP i forgot[0m
[21:07] [0m[31;1m[Clan] Teg :[0m oh, laf, I thought you were still talking about fast.com[0m
[21:07] [0m[31;1m[Clan] Toren :[0m i gave up on that[0m
[21:07] [0m[31;1m[Clan] Toren :[0m it told me what i already knew :P[0m
[21:12] [0m[31;1m[Clan] Nameless :[0m im looking at school stuff[0m
[21:12] [0m[31;1m[Clan] Toren :[0m they're even nice enough to show you the data they're mining from you in the[0m
[21:12] [0m               console lol... SessionActivity: Recorded Last Browser Activity in IndexDB as:[0m
[21:12] [0m               1652235078[0m
[21:12] [0m[31;1m[Clan] Nameless :[0m dental hygeinists actually make deece money[0m
[21:12] [0m[31;1m[Clan] Nameless :[0m cloud stuff also apparently pays well but ive proven im not so great at the[0m
[21:12] [0m                  comp stuff most of the time[0m
[21:13] [0m[31;1m[Clan] Wendigo :[0m the vigilant is the portals that open randomly in fantasy?[0m
[21:13] [0m[31;1m[Clan] Toren :[0m nod, gives freedom of location a bit as well[0m
[21:14] [0m[31;1m[Clan] Nameless :[0m freedom of location to just sit and do shit from comp sans pants would be nice[0m
[21:14] [0m[31;1m[Clan] Nameless :[0m but i am barely able to figure out how 3k works let alone something boring[0m
[21:14] [0m                  like AWS or azure or whatever[0m
[21:15] [0m[31;1m[Clan] Toren :[0m get in the door then claim you're some protected class[0m
[21:15] [0m[31;1m[Clan] Toren :[0m and coast[0m
[21:16] [0m[37;1mWendigo flaps :[0m the vigilant reps are from the battle grounds (random dungeons in fantasy)?[0m
[21:17] [0m[31;1m[Clan] Nameless :[0m i can do a pretty gret downs syndrom impression[0m
[21:17] [0m[31;1m[Clan] Nameless :[0m ill go directly to hell for it but[0m
[21:18] [0m[32mZik tells you:[0m pie me!                                                        [0m
[21:18] [0m[34;1mZiphe shouts:[0m No, pie.[0m
[21:18] [0m[34;1mTchazzar shouts:[0m The pie is a lie.[0m
[21:18] [0m[31;1m[Clan] Toren :[0m laf[0m
[21:18] [0m[31;1m[Clan] Toren :[0m yes, vigilant is that portal[0m
[21:18] [0m[34;1mTchazzar shouts:[0m Ohh that sounds better than cake. TM me.[0m
[21:19] [0m[34;1mZethrak shouts:[0m apple?[0m
[21:19] [0m[34;1mWendigo shouts:[0m cake is NOT my safeword.[0m
[21:22] [0m[37;1m[JEDI]:[0m Rhaan arrives at the Academy.[0m
[21:28] [0m[34;1mZion shouts:[0m oops[0m
[21:28] [0m[34;1mKsemia shouts:[0m that's gonna leave a mark...[0m
[21:29] [0m[34;1mStargerbil shouts:[0m well THAT'S embarrasing...[0m
[21:57] [0m[37;1m[JEDI]:[0m Bithoff Jonansaan arrives at the Academy.[0m
[22:04] [0m<- ! The Vigilant ! -> :  A destabilization Kayos event has been detected in Deserts of Fantasy![0m
[22:04] [0m                          We are localizing it now - get ready![0m
[22:27] [0m[37;1m[JEDI]:[0m Talia Ska arrives at the Academy.[0m
[22:56] [0m[37;1m[JEDI]:[0m Kerran Halcyon arrives at the Academy.[0m
