[11:17] [0m[31;1m[Clan] Roken wisps into existence.[0m  [0m
[11:23] [0m[37;1m[JEDI]:[0m Talia Ska arrives at the Academy.[0m
[11:25] [0m[34;1mZethrak shouts:[0m but it's a jelly of the month club membership card... how will this help?[0m
[11:27] [0m[32;1mFrom afar, you wank and wank all over Karvev while grinning like a[0m
[11:29] [0m[34;1mDanger shouts:[0m Jelly of the month club, now that is the gift that keeps on giving.[0m
[11:29] [0m[34;1mOmalley shouts:[0m but... it's not time for christmas bonuses yet, how'd you get one already?[0m
[11:34] [0m[34;1mPdog shouts:[0m woo thanks![0m
[11:35] [0m[34;1mMugen shouts:[0m yay, the same thing you got me last year[0m
[11:35] [0m[34;1mArx shouts:[0m what was that?[0m
[11:35] [0m[34;1mMurmandamus shouts:[0m someone call HR, Turnhold grabbed his staff. You don't grab your employees,[0m
[11:35] [0m                    TH![0m
[11:36] [0m[34;1mTurnhold shouts:[0m laf, no staff for me. if the mud was a human body, i'd be the appendix. I'm[0m
[11:36] [0m                 here, but no one really know what I do, or why i'm here. And if you removed me,[0m
[11:36] [0m                 it'd hurt for 4 seconds, and you'd forget in 10 seconds:P[0m
[11:36] [0m[37;1mMurmandamus flaps :[0m that'd be a funny shirt... a standard vanue shirt that says "STAFF" on the[0m
[11:36] [0m                    back but on the front it has a picture of a Wizard Staff[0m
[11:37] [0m[34;1mMugen shouts:[0m the Appendix is where you go to look up stuff you dummy[0m
[11:37] [0m[34;1mEsper shouts:[0m day drinking![0m
[11:37] [0m[34;1mOrthas shouts:[0m I still miss my appendix, and have a scar from when it was removed[0m
[11:38] [0m[34;1mBarian shouts:[0m I'm jack's finger[0m
[11:57] [0m[37;1m[JEDI]:[0m Bithoff Jonansaan arrives at the Academy.[0m
[12:03] [0m[34;1mRoken shouts:[0m don't botcheck me. k thx bye <3[0m
[12:03] [0m[34;1mBarian shouts:[0m you're not my bot don't tell me what to do[0m
[12:04] [0m[34;1mRoken shouts:[0m you're right that's what your mother is for[0m
[12:05] [0m[31;1m[Clan] Oscar leaves the game.[0m  [0m
[12:05] [0m[32;1mFrom afar, Simonz waves in your direction.[0m[0m
[12:06] [0m[32mSimonz tells you:[0m hey, are you still at amazon?[0m
[12:07] [0m[32mYou tell Simonz:[0m no, I'm at Northern Tool now[0m
[12:07] [0m[32mSimonz tells you:[0m did you get into a dev role?[0m
[12:07] [0m[32mYou tell Simonz:[0m unfortunately not[0m
[12:08] [0m[32mSimonz tells you:[0m darn, are you still working towards that?[0m
[12:10] [0m[34;1mNightrider shouts:[0m le moo?[0m
[12:11] [0m[32mYou tell Simonz:[0m been a few hits in the past 3 months, but I haven't recently. The best one was[0m
[12:11] [0m        Best Buy.. and they were looking for photoshop exp too "Creative Web Dev" would've been[0m
[12:11] [0m        extactic earning that job[0m
[12:12] [0m[34;1mRoken shouts:[0m I was told by my fiance that comeback stunk[0m
[12:14] [0m[32mSimonz tells you:[0m gotcha.  How's the family?[0m
[12:16] [0m[32mRictor tells you:[0m Hi, my name is Rictor, and ScOtCh Is NaStY! I said what I said.[0m
[12:16] [0m[34;1mMalarkey shouts:[0m OOooooo fight, fight, fight[0m
[12:16] [0m[34;1mYrayle shouts:[0m AGREED[0m
[12:16] [0m[34;1mChili shouts:[0m agreed, try other liquors geez[0m
[12:17] [0m[34;1mAmish shouts:[0m Good scotch is good, nasty scotch is nasty.  If you enjoy peaty scotch, you're[0m
[12:17] [0m              kinda weird but it takes all kinds.[0m
[12:18] [0m[34;1mOrthas shouts:[0m peaty is another way to say yummy[0m
[12:18] [0m[34;1mSimonz shouts:[0m I like Butterscotch![0m
[12:22] [0m[37;1m[JEDI]:[0m Wennic Ber'ni'lok arrives at the Academy.[0m
[12:28] [0m[32mYou tell Rictor:[0m doing okay. Ally is working two jobs, and I just the one. Zorah's in daycare[0m
[12:28] [0m        part time and other two kids in school. I don't have an excuse not to work on dev and[0m
[12:28] [0m        other projects.[0m
[12:28] [0m[32mYou tell Rictor:[0m wl[0m
[12:28] [0m[32mRictor tells you:[0m Grin had me all confused ;)[0m
[12:28] [0m[32mYou tell Simonz:[0m doing okay. Ally is working two jobs, and I just the one. Zorah's in daycare[0m
[12:28] [0m        part time and other two kids in school. I don't have an excuse not to work on dev and[0m
[12:28] [0m        other projects.[0m
[12:57] [0m[37;1m[JEDI]:[0m Herah Wylann arrives at the Academy.[0m
[13:16] [0m[37;1mSimonz flaps :[0m resetting mahjongg[0m
[13:32] [0m[37;1m[JEDI]:[0m Kerran Halcyon arrives at the Academy.[0m
[13:38] [0m[37;1mMotivation <.oO>:[0m woo[0m
[13:57] [0m<- ! The Vigilant ! -> :  A destabilization Kayos event has been detected in Northern Hills of[0m
[13:57] [0m                          Fantasy!  We are localizing it now - get ready![0m
[14:08] [0m[37;1m[JEDI]:[0m Ylenic It'kla arrives at the Academy.[0m
[14:42] [0m[37;1m[JEDI]:[0m Janath Meelin arrives at the Academy.[0m
[14:46] [0md  Wm:g Wc: 38% Gx: 47.27% Fx: 87.84%[0m
[15:06] [0m[37;1m[JEDI]:[0m Tobias Kel'ach'nar arrives at the Academy.[0m
[15:37] [0m[37;1m[JEDI]:[0m H'ssani C'talan arrives at the Academy.[0m
[15:48] [0m[37;1mVerminous flaps :[0m All these tricks coming to my door to be treats![0m
[15:49] [0m[31;1m[Clan] Taleast :[0m tech interview seemed to go well, I think I might actually have this in the bag[0m
[15:51] [0m[31;1m[Clan] Taleast :[0m pay is same as the last gig with potential for up to 20% performance-based[0m
[15:51] [0m                 bonus, so even 5% or 10% would be a nice increase[0m
[15:52] [0m[31;1m[Clan] Nik :[0m hell yea![0m
[16:10] [0m[37;1m[JEDI]:[0m Talia Ska arrives at the Academy.[0m
[16:14] [0m[31;1m[Clan] Psyron :[0m wooo[0m
[16:24] [0m[37;1mApocalypse flaps :[0m shoot em[0m
[16:24] [0m[37;1mUq flaps :[0m skeet skeet[0m
[16:32] [0m[37;1m[JEDI]:[0m Durnoth arrives at the Academy.[0m
[16:48] [0m[31;1m[Clan] Redrick enters the game.[0m  [0m
[17:02] [0m[31;1m[Clan] Nameless :[0m woo[0m
[17:02] [0m[31;1m[Clan] Nameless :[0m i was afk so delayed[0m
[17:02] [0m[31;1m[Clan] Nameless :[0m 19b tnl![0m
[17:07] [0m[37;1m[JEDI]:[0m Rhaan arrives at the Academy.[0m
[17:23] [0m[37;1mArx flaps :[0m anyone still have their boons? I should not have quit so soon[0m
[17:23] [0m[37;1mVerminous flaps :[0m You can't see my boonbies.[0m
[17:24] [0m[31;1m[Clan] Nameless :[0m i lied[0m
[17:24] [0m[31;1m[Clan] Nameless :[0m i do have more melee to raise (for now)[0m
[17:41] [0m[37;1m[JEDI]:[0m Reena Bel Noir arrives at the Academy.[0m
[17:49] [0m[31;1m[Clan] Ser :[0m my god[0m
[17:49] [0m[31;1m[Clan] Ser :[0m i got a long island and this lady put a like 1/2 a gram of sprite in it[0m
[17:49] [0m[31;1m[Clan] Ser :[0m it is very strong[0m
[17:58] [0m[31;1m[Clan] Psyron :[0m long island should only have a squirt of coca cola[0m
[17:58] [0m[31;1m[Clan] Psyron :[0m youve been rippes off[0m
[17:59] [0m[31;1m[Clan] Psyron :[0m ask where the rest of the booze is[0m
[18:01] [0m[31;1m[Clan] Ser :[0m whatever it is[0m
[18:02] [0m[31;1m[Clan] Ser :[0m it is 99% alcohol[0m
[18:14] [0m[37;1mVerminous flaps :[0m RoT and Leather Druidic at cot lol[0m
[18:15] [0m[37;1m[JEDI]:[0m Bithoff Jonansaan arrives at the Academy.[0m
