[00:10] [0m[31;1m[Clan] Roken :[0m this new to us house (built 1996) has had two plumbing visits.. at this point I[0m
[00:10] [0m               want to go DIY route. Sucks to learn insurance deductibles have to be paid per[0m
[00:10] [0m               event unlike medical. Second leak this time waste[0m
[00:25] [0m[37;1m[JEDI]:[0m Rhaan arrives at the Academy.[0m
[00:38] [0m[37;1mPdog flaps :[0m everyone excited for scream?[0m
[00:39] [0m[37;1mLizergic flaps :[0m did Wes Craven get resuurected?[0m
[00:40] [0m[37;1mPdog flaps :[0m no, he died too young[0m
[00:41] [0m[37;1mLizergic flaps :[0m only the good . . .[0m
[00:41] [0m[37;1mPdog flaps :[0m but on the bright side, harvey weinstein isn't producing it anymore[0m
[00:42] [0m[37;1mPdog flaps :[0m so it should actually be good, from what i've heard[0m
[00:42] [0m[37;1mLizergic flaps :[0m it's about time Hollywood got rid of the intersex  ;)[0m
[00:48] [0m[37;1mLizergic flaps :[0m but when are movie covers ever good? I just watched Sluth from the 1970s[0m
[00:48] [0m                 followed by Sluth from like seven years ago, and I made it about fifteen[0m
[00:48] [0m                 minutes in to the second before shutting it off. When has a remake ever been[0m
[00:48] [0m                 better? I guess John Carpenter's Thing? There's an example, from almost 40[0m
[00:48] [0m                 years ago[0m
[00:48] [0m[37;1mPdog flaps :[0m i guess i just mean it should be better than like, 3 and 4 :P[0m
[00:49] [0m[37;1mPdog flaps :[0m and apparently the 5th one was so bad even craven didn't wanna do it at first[0m
[00:49] [0m[37;1mPdog flaps :[0m that was like a decade ago[0m
[00:49] [0m[37;1mLizergic flaps :[0m Hah. I would hope so, but given the track record of remakes, it might be worse[0m
[00:49] [0m                 than Scary Movie 3 and 4[0m
[00:50] [0m[37;1mPdog flaps :[0m i guess we'll see :p[0m
[00:50] [0m[37;1mLizergic flaps :[0m Aye, we shall.   :)[0m
[00:53] [0m[37;1m[JEDI]:[0m Alyssa K'tal arrives at the Academy.[0m
[01:19] [0m[37;1m[JEDI]:[0m Wennic Ber'ni'lok arrives at the Academy.[0m
[01:23] [0m[34;1mSomeone shouts: ICE CREAAAAM!![0m[0m
[01:27] [0m[34;1mSomeone shouts: ICE CREAAAAM!![0m[0m
[01:39] [0m[34;1mSomeone shouts: ICE CREAAAAM!![0m[0m
[01:49] [0m[37;1m[JEDI]:[0m Talia Ska arrives at the Academy.[0m
[01:53] [0m[34;1mSomeone shouts: ICE CREAAAAM!![0m[0m
[02:23] [0m[37;1m[JEDI]:[0m Kerran Halcyon arrives at the Academy.[0m
[03:00] [0m[37;1m[JEDI]:[0m Durnoth arrives at the Academy.[0m
