[00:00] [0m[37;1mBarian flaps :[0m oi lag[0m
[00:00] [0m[34;1mPdog shouts:[0m It's almost like the Undead Knight keeps coming back to life.[0m
[00:02] [0mnewb Moab [mage/59]: mahjong seems productive :)[0m
[00:02] [0mnewb Pdog [fremen/133]: yasss, tank it for me plzzzz[0m
[00:02] [0mnewb Moab [mage/59]: ha[0m
[00:02] [0mnewb Turak [gentech/133]: scaling, especially at low level varies fairly wildly[0m
[00:10] [0m[Auction] Robert : Up for bids: The Glass Boots.[0m
[00:10] [0m[Auction] Robert : Squirrel has requested 558 as the opening offer.[0m
[00:10] [0m[Auction] Robert : Got 558 from Zion(chan).  Do I hear 608?[0m
[00:10] [0m[Auction] Robert : 558 going once![0m
[00:10] [0m[Auction] Robert : 558 going twice![0m
[00:11] [0m[Auction] Robert : Sold to Zion for 558 coins![0m
[00:11] [0m[37;1m[JEDI]:[0m Ylenic It'kla arrives at the Academy.[0m
[00:16] [0m[31;1m[Clan] Roken :[0m i need to transfer zel band to an alt. Anyone to help me?[0m
[00:18] [0m[31;1m[Clan] Cable :[0m grinding the last little bit of level in a party, but sleeping soon, will get you[0m
[00:18] [0m               before i go if no one else can[0m
[00:18] [0m[31;1m[Clan] Cable :[0m how much to level ser? :)[0m
[00:18] [0m[31;1m[Clan] Roken :[0m ok thank you[0m
[00:18] [0m[31;1m[Clan] Zik enters the game.[0m  [0m
[00:18] [0m[31;1m[Clan] Dangerzone enters the game.[0m  [0m
[00:18] [0mYou can currently reforge 4 items.[0m
[00:19] [0m[32;1mFrom afar, Nik flails his arms wildly at you.[0m[0m
[00:19] [0m[33;1m[PARTY][0m Lost our leader![0m
[00:19] [0m[33;1m[PARTY][0m Zik joins the party.[0m
[00:19] [0mYou can currently reforge 4 items.[0m
[00:19] [0m[32mZik says:[0m i can pboot yooou[0m
[00:19] [0m[32mZik says:[0m haha can only have 1 char in the party[0m
[00:19] [0m[32mZik says:[0m err cant*[0m
[00:19] [0m[31;1m[Clan] Ser :[0m 1h 37m[0m
[00:20] [0m[31;1m[Clan] Cable :[0m ah don't know if i can stay up that long yawnnns[0m
[00:20] [0m[33;1m[PARTY][0m Roken: i need to be here first?[0m
[00:20] [0m[33;1m[PARTY][0m Roken: i forgot nik[0m
[00:20] [0m[33;1m[PARTY][0m Zik: haha sorry, now we good[0m
[00:20] [0m[31;1m[Clan] Ser :[0m ya its a ways[0m
[00:20] [0m[31;1m[Clan] Cable :[0m can idle fight with you after i go help roken get a zel ammy[0m
[00:20] [0m[33;1m[PARTY][0m Zik: i almsot did too XD now leave[0m
[00:20] [0mYou can currently reforge 4 items.[0m
[00:20] [0m[33;1m[PARTY][0m Dangerzone joins the party.[0m
[00:20] [0m[31;1m[Clan] Cable :[0m i haven't had a zell for booots! grin[0m
[00:21] [0m[31;1m[Clan] Cable :[0m does our move mob power work at all?[0m
[00:21] [0m[33;1m[PARTY][0m Zik has quit the party.[0m
[00:21] [0m[33;1m[PARTY][0m The leader quit the party![0m
[00:21] [0m[33;1m[PARTY][0m New leader for the party: dangerzone.[0m
[00:22] [0m[33;1m[PARTY][0m Dangerzone has quit the party.[0m
[00:25] [0m[31;1m[Clan] Dangerzone :[0m thanks zik[0m
[00:26] [0m[31;1m[Clan] Cable :[0m i have been level 130 since 2011. grin[0m
[00:29] [0m[32;1mFrom afar, Nik bows before you with a flourish.[0m[0m
[00:30] [0m[31;1m[Clan] Pipin :[0m i have a lost knights with a broadsword drop if anyone wants[0m
[00:30] [0m               it.[0m
[00:31] [0m[31;1m[Clan] Cable :[0m i dono much about that  yet... gotta train skills/missions or[0m
[00:31] [0m               soemthign to get profficient with it?[0m
[00:33] [0m[Auction] Robert : Up for bids: Iron Ring of Enhanced Protection and[0m
[00:33] [0m                   Mahogany Ring of Enhanced Protection.[0m
[00:33] [0m[Auction] Robert : Xiu has requested 0 as the opening offer.[0m
[00:33] [0m[Auction] Robert : Got 0 from Trisky(jugg).  Do I hear 50?[0m
[00:33] [0m[Auction] Robert : 0 going once![0m
[00:33] [0m[Auction] Robert : 0 going twice![0m
[00:33] [0m[Auction] Nacage (necr) : does it enhance protection for.. ya know.. down[0m
[00:33] [0m                          there?[0m
[00:33] [0m[Auction] Robert : Sold to Trisky for 0 coins![0m
[00:39] [0m[31;1m[Clan] Dangerzone :[0m no redaxe at auction this time?[0m
[00:43] [0mFluffy <.oO>: that time again ?[0m
[00:43] [0mStasis <.oO>: show offs[0m
[00:43] [0mNightbreed <.oO>: lies![0m
[00:59] [0m[32mMaude says: [0mIsn't it a wonderful day?  I feel like thanking the Lord.[0m
[01:03] [0mnewb Moab [mage/59]: night all, thanks for the help![0m
[01:04] [0m[34;1mMoab shouts:[0m night all, be sure to moo crolack if you see him[0m
[01:12] [0m[35;1mKsemia [Jedi(Master)]:[0m laters[0m
[01:13] [0m[Auction] Robert : Up for bids: Bracers of the Spirit {radiant}, Shield of the Spirit {radiant},[0m
[01:13] [0m                   Cloak of the Spirit {radiant}, Boots of the Spirit {radiant}, Gloves of the[0m
[01:13] [0m                   Spirit {radiant}, Amulet of the Spirit {radiant}, Helmet of the Spirit[0m
[01:13] [0m                   {radiant}, Greaves of the Spirit {radiant} and Breastplate of the Spirit[0m
[01:13] [0m                   {radiant}.[0m
[01:13] [0m[Auction] Robert : Pdog has requested 420 as the opening offer.[0m
[01:13] [0m[Auction] Pdog (frem) : Let the spice flow![0m
[01:14] [0m[Auction] Robert : Got 420 from Nacage(necr).  Do I hear 470?[0m
[01:14] [0m[Auction] Robert : Got 480 from Trisky(jugg).  Do I hear 530?[0m
[01:14] [0m[Auction] Robert : 480 going once![0m
[01:14] [0m[Auction] Pdog (frem) : also, if you wanted a sword, i have that too, i just forgot about it[0m
[01:14] [0m[Auction] Robert : 480 going twice![0m
[01:14] [0m[Auction] Robert : Sold to Trisky for 480 coins![0m
[01:15] [0m[Auction] Kirrin (necr) : Flashlight of Spirit (enchanted).[0m
[01:18] [0m[37;1m[JEDI]:[0m Herah Wylann arrives at the Academy.[0m
[01:53] [0m[37;1m[JEDI]:[0m Janath Meelin arrives at the Academy.[0m
[01:57] [0m[34;1mPdog shouts:[0m At least it wasn't Nickleback.[0m
[02:00] [0m[32mSelma says: [0mAin't nothing like wearing a dress with no undies.[0m
[02:06] [0m[32mSelma says: [0mAin't nothing like wearing a dress with no undies.[0m
[02:07] [0mRaest {Professions}: any chance for some reforges?[0m
[02:07] [0m[32mSelma says: [0mAin't nothing like wearing a dress with no undies.[0m
[02:08] [0m[32mPatty says: [0mEhh, I don't know what Margie sees in that blob of hers.[0m
[02:09] [0m[32mPatty says: [0mEhh, I don't know what Margie sees in that blob of hers.[0m
[02:09] [0m[32mSelma says: [0mAin't nothing like wearing a dress with no undies.[0m
[02:10] [0m[32mPatty says: [0mEhh, I don't know what Margie sees in that blob of hers.[0m
[02:10] [0m[32mSelma says: [0mAin't nothing like wearing a dress with no undies.[0m
[02:10] [0m[32mSelma says: [0mAin't nothing like wearing a dress with no undies.[0m
[02:11] [0m[32mGrampa says: [0mThey pay me 800 dollars a week to tell a cat and mouse what[0m
[02:11] [0m[32mSelma says: [0mAin't nothing like wearing a dress with no undies.[0m
[02:11] [0m[32mSelma says: [0mAin't nothing like wearing a dress with no undies.[0m
[02:12] [0m[32mGrampa says: [0mThey pay me 800 dollars a week to tell a cat and mouse what[0m
[02:12] [0m[32mPatty says: [0mEhh, I don't know what Margie sees in that blob of hers.[0m
[02:12] [0m[32mSelma says: [0mAin't nothing like wearing a dress with no undies.[0m
[02:13] [0m[32mSelma says: [0mAin't nothing like wearing a dress with no undies.[0m
[02:13] [0m[32mPatty says: [0mEhh, I don't know what Margie sees in that blob of hers.[0m
[02:14] [0m[32mSelma says: [0mAin't nothing like wearing a dress with no undies.[0m
[02:14] [0m[32mSelma says: [0mAin't nothing like wearing a dress with no undies.[0m
[02:14] [0m[32mPatty says: [0mEhh, I don't know what Margie sees in that blob of hers.[0m
[02:15] [0m[32mPatty says: [0mEhh, I don't know what Margie sees in that blob of hers.[0m
[02:15] [0m[32mPatty says: [0mEhh, I don't know what Margie sees in that blob of hers.[0m
[02:16] [0m[32mPatty says: [0mEhh, I don't know what Margie sees in that blob of hers.[0m
[02:16] [0m[32mSelma says: [0mAin't nothing like wearing a dress with no undies.[0m
[02:16] [0m[32mSelma says: [0mAin't nothing like wearing a dress with no undies.[0m
[02:17] [0m[32mSelma says: [0mAin't nothing like wearing a dress with no undies.[0m
[02:18] [0m[32mSelma says: [0mAin't nothing like wearing a dress with no undies.[0m
[02:18] [0m[32mPatty says: [0mEhh, I don't know what Margie sees in that blob of hers.[0m
[02:18] [0m[32mPatty says: [0mEhh, I don't know what Margie sees in that blob of hers.[0m
[02:18] [0m[32mSelma says: [0mAin't nothing like wearing a dress with no undies.[0m
[02:18] [0m[32mSelma says: [0mAin't nothing like wearing a dress with no undies.[0m
[02:19] [0m[32mPatty says: [0mEhh, I don't know what Margie sees in that blob of hers.[0m
[02:20] [0m[32mSelma says: [0mAin't nothing like wearing a dress with no undies.[0m
[02:20] [0m[32mSelma says: [0mAin't nothing like wearing a dress with no undies.[0m
[02:21] [0m[32mPatty says: [0mEhh, I don't know what Margie sees in that blob of hers.[0m
[02:21] [0m[32mSelma says: [0mAin't nothing like wearing a dress with no undies.[0m
[02:21] [0m[32mPatty says: [0mEhh, I don't know what Margie sees in that blob of hers.[0m
[02:21] [0m[32mSelma says: [0mAin't nothing like wearing a dress with no undies.[0m
[02:22] [0m[32mPatty says: [0mEhh, I don't know what Margie sees in that blob of hers.[0m
[02:23] [0m[32mPatty says: [0mEhh, I don't know what Margie sees in that blob of hers.[0m
[02:23] [0m[32mSelma says: [0mAin't nothing like wearing a dress with no undies.[0m
[02:30] [0m[37;1m[JEDI]:[0m Talia Ska arrives at the Academy.[0m
[02:56] [0m[32mPatty says: [0mEhh, I don't know what Margie sees in that blob of hers.[0m
[02:56] [0m[32mSelma says: [0mAin't nothing like wearing a dress with no undies.[0m
[02:56] [0m[32mSelma says: [0mAin't nothing like wearing a dress with no undies.[0m
[02:57] [0m[32mSelma says: [0mAin't nothing like wearing a dress with no undies.[0m
[02:57] [0m[32mSelma says: [0mAin't nothing like wearing a dress with no undies.[0m
[02:58] [0m[32mPatty says: [0mEhh, I don't know what Margie sees in that blob of hers.[0m
[02:59] [0m[32mSelma says: [0mAin't nothing like wearing a dress with no undies.[0m
[03:01] [0m[32mPatty says: [0mEhh, I don't know what Margie sees in that blob of hers.[0m
[03:01] [0m[32mSelma says: [0mAin't nothing like wearing a dress with no undies.[0m
[03:01] [0m[32mPatty says: [0mEhh, I don't know what Margie sees in that blob of hers.[0m
[03:02] [0m[32mPatty says: [0mEhh, I don't know what Margie sees in that blob of hers.[0m
[03:02] [0m[32mSelma says: [0mAin't nothing like wearing a dress with no undies.[0m
[03:02] [0m[32mPatty says: [0mEhh, I don't know what Margie sees in that blob of hers.[0m
[03:02] [0m[37;1m[JEDI]:[0m Durnoth arrives at the Academy.[0m
[03:02] [0m[32mPatty says: [0mEhh, I don't know what Margie sees in that blob of hers.[0m
[03:03] [0m[32mNed says:[0m I'm gonna kill you doodly-dead!                                  [0m
[03:04] [0m[32mNed says:[0m I'm gonna kill you doodly-dead!                                  [0m
[03:04] [0m[32mNed says:[0m I'm gonna kill you doodly-dead!                                  [0m
[03:05] [0m[32mNed says:[0m I'm gonna kill you doodly-dead!                                  [0m
[03:06] [0m[32mNed says:[0m I'm gonna kill you doodly-dead!                                  [0m
[03:06] [0m[32mNed says:[0m I'm gonna kill you doodly-dead!                                  [0m
[03:06] [0m[32mNed says:[0m I'm gonna kill you doodly-dead!                                  [0m
[03:07] [0m[32mNed says:[0m I'm gonna kill you doodly-dead!                                  [0m
[03:17] [0mYou can currently reforge 3 items.[0m
[03:19] [0mYou can currently reforge 0 items.[0m
[03:23] [0mYou can currently reforge 4 items.[0m
[03:32] [0mYou can currently reforge 2 items.[0m
[03:33] [0m[37;1m[JEDI]:[0m Kerran Halcyon arrives at the Academy.[0m
[03:40] [0mYou can currently reforge 2 items.[0m
[04:07] [0m[34;1mPdog shouts:[0m Are you suffering from old guild syndrome? Got headaches that[0m
[04:07] [0m             pills just won't cure? Join the Fremen army today! We have[0m
[04:07] [0m             sweet ass blue eyes and we take lots of drugs and have sex[0m
[04:07] [0m             parties in the Sietch! 977-967-7423[0m
[09:41] [0m[37;1mGaidin flaps :[0m And some places leanded into it.  Scotland (I think) named all its snowplows by[0m
[09:41] [0m               public suggestion.  There's a Gritty McGritface.[0m
[09:41] [0m[37;1mGaidin flaps :[0m Think a David Plowie.[0m
[09:41] [0m[37;1mZethrak flaps :[0m rofl[0m
[09:42] [0m[31;1m[Clan] Nameless :[0m now what am i doin[0m
[09:42] [0;1;34mRaest shouts: Guess I should have read the manual!![0m[0m
[09:42] [0m[37;1mGaidin flaps :[0m Yea, it was Scotland.[0m
[09:42] [0m[34;1mNameless shouts:[0m pink mist![0m
[09:42] [0m[34;1mMaverik shouts:[0m yoops[0m
[09:42] [0m[37;1mGaidin flaps :[0m Let's see, "Sweet Child O' Brine"[0m
[09:42] [0m[37;1mGaidin flaps :[0m "Gritney Spears"[0m
[09:43] [0m[37;1mGaidin flaps :[0m "Buzz Iceclear"[0m
[09:43] [0m[37;1mNameless flaps :[0m i dont know if it exists outside of my head, but if i ever have a boat i want[0m
[09:43] [0m                 to name it the chum dumpster[0m
[09:43] [0m[37;1mCorin flaps :[0m we have some awesome snow ploughs :)[0m
[09:43] [0m[37;1mGaidin flaps :[0m "On Her Majesty's Slipper Surface"[0m
[09:43] [0m[37;1mGaidin flaps :[0m And "Fred."[0m
[09:46] [0m[31;1m[Clan] Nameless :[0m tossing a couple antennae if anyone needs to work wsea reps[0m
[09:46] [0m[31;1m[Clan] Nameless :[0m in cbox rather[0m
[09:47] [0m[31;1m[Clan] Nameless :[0m err fang. whatever[0m
[09:49] [0m[31;1m[Clan] Falthrice :[0m you still need a coon, Namey?[0m
[09:50] [0m[31;1m[Clan] Nameless :[0m yea[0m
[09:50] [0m[31;1m[Clan] Nameless :[0m although i never bothered turning it to a ring last boot so i guess i dont[0m
[09:50] [0m                  super need it[0m
[09:50] [0m[37;1mRoken flaps :[0m who has redaxe?[0m
[09:51] [0m[37;1mZion flaps :[0m yes[0m
[09:51] [0m[32mNameless tells you:[0m nacage[0m
[09:54] [0m[32mNacage tells you:[0m Sup bud[0m
[09:54] [0m[31;1m[Clan] Solarnis :[0m shatter[0m
[09:54] [0m[32mYou tell Nacage:[0m hi good morning[0m
[09:54] [0m[31;1m[Clan] Nameless :[0m weep[0m
[09:54] [0m[31;1m[Clan] Roken :[0m wait why isn't nacage using the auction house?[0m
[09:54] [0m[31;1m[Clan] Teg :[0m I got one left[0m
[09:55] [0m[34;1mNacage shouts:[0m mask and axe dupping available at ss for a few min[0m
[09:55] [0m[31;1m[Clan] Nameless :[0m he basically soloed it[0m
[09:55] [0m[32mYou tell Nacage:[0m thank you nacage[0m
[09:55] [0m[31;1m[Clan] Encanto :[0m yeah he did solo uk lol[0m
[09:55] [0m[32mNacage says:[0m just axe, aye?[0m
[09:55] [0m[32mYou say:[0m just axe[0m
[09:56] [0m[32mYou say:[0m please[0m
[09:56] [0m[32mNacage tells you:[0m please duplicate axe, give axe to nacage, get axe from floor[0m
[09:56] [0m[32mBro says:[0m got mask?[0m
[09:56] [0m[32mYou say:[0m got it nacage?[0m
[09:57] [0m[32mYou say:[0m thanks[0m
[09:59] [0m[37;1mZethrak flaps :[0m rofl[0m
[09:59] [0m[37;1mZethrak flaps :[0m that ... was not intended[0m
[10:00] [0m[34;1mNacage shouts:[0m last call for alcohol so finish your whiskey or beers.[0m
[10:01] [0m[34;1mScrimshaw shouts:[0m WOOOOOO![0m
[10:01] [0m[34;1mSolarnis shouts:[0m big boi![0m
[10:01] [0m[34;1mZethrak shouts:[0m :D[0m
[10:01] [0m[31;1m[Clan] Teg :[0m woot![0m
[10:01] [0m[34;1mSer shouts:[0m thanks all :D[0m
[10:01] [0m[34;1mZion shouts:[0m OH emmm GEEEEEEE[0m
[10:01] [0m[31;1m[Clan] Nameless :[0m yay! now we have 2 bigboys![0m
[10:01] [0m[34;1mHoosegow shouts:[0m now get glevel 100 slacker![0m
[10:02] [0m[34;1mSer shouts:[0m gimme a couple more years plz[0m
[10:05] [0m[31;1m[Clan] Solarnis :[0m oph fuckit[0m
[10:05] [0m[31;1m[Clan] Solarnis :[0m 22 shatters is enough for me[0m
[10:05] [0m[31;1m[Clan] Nameless :[0m :([0m
[10:06] [0m[31;1m[Clan] Roken :[0m roh in box[0m
[10:06] [0m[31;1m[Clan] Solarnis :[0m YOINK[0m
[10:07] [0mYou can currently reforge 1 items.[0m
[10:13] [0m[31;1m[Clan] Ser :[0m anyone need belochs[0m
[10:13] [0m[31;1m[Clan] Ser :[0m im about to go run him[0m
[10:13] [0m[31;1m[Clan] Solarnis :[0m bellyshots? meh[0m
[10:13] [0m[31;1m[Clan] Dangerzone :[0m what does beloch drop?[0m
[10:14] [0m[31;1m[Clan] Ser :[0m finger potion[0m
[10:14] [0m[31;1m[Clan] Scrimshaw :[0m i will come hit with cable in a few, figuring out[0m
[10:14] [0m                   transmuter lol[0m
[10:14] [0m[31;1m[Clan] Solarnis :[0m transmute anus to banus.[0m
[10:14] [0m[31;1m[Clan] Dangerzone :[0m oh ya and something to regen health/overmax[0m
[10:14] [0m[31;1m[Clan] Ser :[0m yah skin[0m
[10:15] [0m[31;1m[Clan] Solarnis :[0m im murdering taco for splance, then i can hit belly[0m
[10:15] [0m[31;1m[Clan] Ser :[0m modrack/esper here[0m
[10:17] [0m[37;1mSolarnis flaps :[0m "medium" armor is anything that is plate, in game anyways?[0m
[10:17] [0m[37;1mSolarnis flaps :[0m is NOT* sorry[0m
[10:18] [0mYou can currently reforge 0 items.[0m
[10:20] [0m[31;1m[Clan] Solarnis :[0m woo splance :)[0m
[10:22] [0m[32mArmadillo says: [0mYour father was a hamster, and your mother smelt of Elderberries![0m
[10:22] [0m[31;1m[Clan] Scrimshaw :[0m now i am transmuter 36! heh[0m
[10:22] [0m[31;1m[Clan] Scrimshaw :[0m need 79 for coon eh?[0m
[10:22] [0m[31;1m[Clan] Solarnis :[0m no[0m
[10:22] [0m[31;1m[Clan] Solarnis :[0m 41[0m
[10:23] [0m[31;1m[Clan] Solarnis :[0m i did mine at 41 anyways[0m
[10:23] [0m[31;1m[Clan] Scrimshaw :[0m ah not too bad... just looking at wmt page for that will[0m
[10:23] [0m                   ltry so finially used all the colors grin[0m
[10:23] [0m[31;1m[Clan] Solarnis :[0m everyone else says 61[0m
[10:23] [0m[31;1m[Clan] Solarnis :[0m also i did a day 6 cmc at 45[0m
[10:23] [0m[31;1m[Clan] Solarnis :[0m and mask at 41[0m
[10:24] [0m[31;1m[Clan] Cable :[0m nice[0m
[10:26] [0m[31;1m[Clan] Nameless :[0m 41 slides? sheesh[0m
[10:27] [0m[31;1m[Clan] Solarnis :[0m :D[0m
[10:27] [0m[31;1m[Clan] Solarnis :[0m uhmm i got i think 4 or 5 nat spawns today[0m
[10:28] [0mYou can currently reforge 4 items.[0m
[10:32] [0m[31;1m[Clan] Snuggles :[0m hey guys hows it going[0m
[10:34] [0m[31;1m[Clan] Nameless :[0m solarn probably with some lower rounds til acid DoT is[0m
[10:34] [0m                  built up, and depends on if mob is immune or whatever, bu[0m
[10:34] [0m                  tyeah[0m
[10:34] [0m[31;1m[Clan] Nameless :[0m oops[0m
[10:34] [0m[31;1m[Clan] Solarnis :[0m do tell...[0m
[10:35] [0m[31;1m[Clan] Cable :[0m hey snugs...[0m
[10:36] [0m[31;1m[Clan] Cable :[0m trying to clean while kill'n grin[0m
[10:36] [0m[31;1m[Clan] Teg :[0m hey, Snuggles[0m
[10:38] [0m[31;1m[Clan] Snuggles :[0m xx so the mobs are cleaned before they are killed...sounds[0m
[10:38] [0m                  like extra work[0m
[10:38] [0m[31;1m[Clan] Cable :[0m gotta eat what you kill![0m
[10:38] [0m[31;1m[Clan] Snuggles :[0m hey Teg heh[0m
[10:38] [0m[31;1m[Clan] Cable :[0m its why i dont murder hobo's[0m
[10:39] [0m[31;1m[Clan] Snuggles :[0m hehe[0m
[10:40] [0m[31;1m[Clan] Snuggles :[0m tring to say u cant wash away the hobo funk?[0m
[10:40] [0m[31;1m[Clan] Snuggles :[0m trying*[0m
[10:40] [0m[31;1m[Clan] Cable :[0m I was trying to play in char as cable. but honestly no reason[0m
[10:40] [0m               to murder a hobo grin[0m
[10:42] [0m[31;1m[Clan] Snuggles :[0m i has convinced myself i was gonna play my bard this[0m
[10:42] [0m                  boot...but idk what happened im still here lol[0m
[10:43] [0m[31;1m[Clan] Nameless :[0m woo bards[0m
[10:44] [0m[31;1m[Clan] Snuggles :[0m calm down i only said bards not boobs lol[0m
[10:49] [0m[31;1m[Clan] Tigle leaves the game.[0m  [0m
[10:49] [0m[31;1m[Clan] Tigle enters the game.[0m  [0m
[10:57] [0m[34;1mZethrak shouts:[0m :D[0m
[11:00] [0m[34;1mSojurner shouts:[0m Lunch![0m
[11:03] [0m[35;1mEnder [Jedi(Master)]:[0m gonna reset sz in a bit, anyone need?[0m
[11:03] [0m[35;1mSimonz [Jedi(99)]:[0m heh, just went in[0m
[11:03] [0m[35;1mEnder [Jedi(Master)]:[0m heya, you playin again or just a short visit? :)[0m
[11:03] [0m[35;1mSimonz [Jedi(99)]:[0m tbd[0m
[11:04] [0m[35;1mSimonz [Jedi(99)]:[0m hopefully back, we'll see[0m
[11:04] [0m[35;1mTick [Jedi(Knight)]:[0m nice![0m
[11:04] [0m[35;1mSimonz [Jedi(99)]:[0m gonna try and keep it pretty casual though[0m
[11:06] [0m[31;1m[Clan] Tick :[0m anyone need smears/enhances?[0m
[11:08] [0mYou can currently reforge 1 items.[0m
[11:09] [0mYou can currently reforge 0 items.[0m
[11:23] [0m[37;1mZiphe flaps :[0m 3k needs a turntable.fm room, so we can hear the weird mudder[0m
[11:23] [0m              music[0m
[11:24] [0m[37;1mSquirrel flaps :[0m techno?[0m
[11:24] [0m[37;1mZiphe flaps :[0m anything[0m
[11:25] [0m[37;1mZiphe flaps :[0m underwater hillbilly jazz[0m
[11:25] [0m[37;1mSquirrel flaps :[0m I'm not fond of screamer music[0m
[11:25] [0m[37;1mZiphe flaps :[0m so no opera?[0m
[11:25] [0m[37;1mSquirrel flaps :[0m that's different then metal screamer[0m
[11:26] [0m[37;1mZiphe flaps :[0m no metal? That's probably like 90% of mudder music :-/[0m
[11:29] [0m[37;1mNameless flaps :[0m electroswing and 90s-2000s pop punk[0m
[11:29] [0m[37;1mNameless flaps :[0m and 80s inspired synthpop[0m
[11:29] [0m[37;1mZiphe flaps :[0m I could get down with that[0m
[11:29] [0m[37;1mZiphe flaps :[0m at least for a bit haha[0m
[11:31] [0m[37;1mHsima flaps :[0m oooh, ITEM brief[0m
[11:31] [0m[37;1mHsima flaps :[0m Ima little slow[0m
[11:32] [0m[37;1mZiphe flaps :[0m only thing with ibrief, if you ibrief cocoon it seems to stop[0m
[11:32] [0m              emoting the fuse stuff so I don't know how to fuse it[0m
[11:33] [0m[37;1mEsper flaps :[0m repeat to fuse the cocoon every round?[0m
[11:33] [0m[37;1mSimonz flaps :[0m fuse on killing blow?[0m
[11:33] [0m[37;1mZiphe flaps :[0m yeah I guess, some other way that just assumes it's working[0m
[11:34] [0m[37;1mSylph flaps :[0m i just repeat combat/fuse[0m
[11:34] [0m[37;1mZiphe flaps :[0m hmm ok[0m
[11:34] [0m[37;1mSylph flaps :[0m could also do a reflex add hp >99% (maybe diff for priest?)[0m
[11:34] [0m              fuse[0m
[11:41] [0m[34;1mNightbreed shouts:[0m Die![0m
[11:41] [0m[34;1mSquirrel shouts:[0m dawg![0m
[11:44] [0m[37;1mNameless flaps :[0m yeah i fuse on kb[0m
[11:44] [0m[37;1mEsper flaps :[0m I just don't ibrief it and fuse off of the emotes and manually[0m
[11:44] [0m              gag them[0m
[11:46] [0mYou can currently reforge 4 items.[0m
[11:48] [0m<- ! The Vigilant ! -> :  A destabilization Kayos event has been detected in[0m
[11:48] [0m                          Northern Hills of Fantasy!  We are localizing it[0m
[11:48] [0m                          now - get ready![0m
[12:16] [0m[31;1m[Clan] Elektra enters the game.[0m  [0m
[12:16] [0m[31;1m[Clan] Nameless :[0m hi e[0m
[12:16] [0m[31;1m[Clan] Elektra :[0m yo[0m
[12:17] [0m[31;1m[Clan] Roor :[0m hey[0m
[12:18] [0m[31;1m[Clan] Wasp enters the game.[0m  [0m
[12:23] [0m[31;1m[Clan] Seoman :[0m what SZ gear can be string 1.0?[0m
[12:25] [0m[31;1m[Clan] Teg :[0m never tried, but I'd expect the stats or regen to still work[0m
[12:26] [0m[31;1m[Clan] Xarin :[0m it says the item is happy enough[0m
[12:26] [0m[34;1mEsper shouts:[0m well then[0m
[12:27] [0m[31;1m[Clan] Teg :[0m doh[0m
[12:28] [0m[31;1m[Clan] Wasp leaves the game.[0m  [0m
[12:28] [0m[31;1m[Clan] Wasp enters the game.[0m  [0m
[12:28] [0m[31;1m[Clan] Wasp leaves the game.[0m  [0m
[12:28] [0m[31;1m[Clan] Wasp enters the game.[0m  [0m
[12:28] [0m[31;1m[Clan] Wasp leaves the game.[0m  [0m
[12:29] [0m[31;1m[Clan] Wasp enters the game.[0m  [0m
[12:36] [0m[31;1m[Clan] Cable :[0m how did I have BUFF e/b earlier and now with more gear down[0m
[12:36] [0m               to High hmm...[0m
[12:36] [0m[31;1m[Clan] Hanlon :[0m did you level?[0m
[12:36] [0m[31;1m[Clan] Teg :[0m was about to ask[0m
[12:36] [0m[31;1m[Clan] Nameless :[0m bard tricks?[0m
[12:36] [0m[31;1m[Clan] Cable :[0m uh ya[0m
[12:36] [0m[31;1m[Clan] Cable :[0m but was last night and a wierd back and forth due to a death[0m
[12:36] [0m               heh[0m
[12:36] [0m[31;1m[Clan] Nameless :[0m i think i tossed dharmony on you during that one run[0m
[12:36] [0m[31;1m[Clan] Cable :[0m that could be it was wondering[0m
[12:36] [0m[31;1m[Clan] Nameless :[0m oh[0m
[12:37] [0m[31;1m[Clan] Cable :[0m ah that might be it too... just not sure hehe[0m
[12:41] [0m[Auction] Robert : Up for bids: The Blade of Ghoti (ensharpened).[0m
[12:41] [0m[Auction] Robert : Nacage has requested 420 as the opening offer.[0m
[12:41] [0m[Auction] Esper (necr) : smells fishy![0m
[12:41] [0m[Auction] Robert : Oh, come on... just 420 coins?[0m
[12:42] [0m[Auction] Robert : Fine, bollocks to the lot of you[0m
[12:47] [0m[31;1m[Clan] Wasp :[0m anyone have time to damage ned?[0m
[12:47] [0m[31;1m[Clan] Wasp :[0m tv 2e[0m
[12:48] [0m[31;1m[Clan] Roor :[0m omw[0m
[12:48] [0m[31;1m[Clan] Roor :[0m wl[0m
[12:48] [0m[31;1m[Clan] Wasp :[0m :([0m
[13:10] [0m[34;1mHsima shouts:[0m You should maybe stop that Bink[0m
[13:12] [0m[31;1m[Clan] Xara enters the game.[0m  [0m
[13:16] [0m[31;1m[Clan] Cable :[0m anyone free to tank qoh? :)[0m
[13:16] [0m[31;1m[Clan] Xarin :[0m I can in a couple[0m
[13:16] [0m[31;1m[Clan] Cable :[0m k, asked everyone will just follow her around lol[0m
[13:16] [0m[31;1m[Clan] Cable :[0m gots two on her![0m
[13:16] [0m[31;1m[Clan] Cable :[0m *plucks rings from queen's nipples*[0m
[13:20] [0m[31;1m[Clan] Nameless :[0m mmmm they taste like pennies[0m
[13:21] [0m[31;1m[Clan] Cambiador :[0m And the snozzberries taste like snozzberries.[0m
[13:24] [0m[31;1m[Clan] Roor :[0m snozzberry?! Whoever heard of a snozzberry![0m
[13:25] [0m[31;1m[Clan] Elektra :[0m wubba the snozz[0m
[13:25] [0m[31;1m[Clan] Roor :[0m i'm more partial to fizzy lifting drinks[0m
[13:25] [0m[31;1m[Clan] Wendigo :[0m snorklingas?[0m
[13:30] [0m[31;1m[Clan] Wendigo :[0m doesnt banus hp heal as well?[0m
[13:41] [0m[31;1m[Clan] Dd enters the game.[0m  [0m
[13:42] [0m[34;1mCable shouts:[0m - < PSICORPS > -  Men who stare at Goat Demons![0m
[13:42] [0m[34;1mSolarnis shouts:[0m Necros, we like dead stuff.[0m
[13:47] [0m[34;1mNameless shouts:[0m BARDS!, we have lemonade[0m
[13:57] [0m[34;1mCrolack shouts:[0m from the fountain?[0m
[13:58] [0m[34;1mSolarnis shouts:[0m surem the fountain, in guild bathroom, yup.[0m
[13:59] [0m[34;1mBink shouts:[0m note: there are no bards online now[0m
[14:05] [0m[34;1mNameless shouts:[0m secret beverageeeeee, secret beverageeeeeee, yellow bard[0m
[14:05] [0m                 fountain, secret secret beverage![0m
[14:06] [0mElektra <.oO>: There is no reason to 'concussive' here.[0m
[14:07] [0m[34;1mCrolack shouts:[0m Before the crobar was invented, I just drank at home.[0m
[14:12] [0m[31;1m[Clan] Solarnis :[0m anyone got a sec to tank ned?[0m
[14:12] [0m[31;1m[Clan] Elektra :[0m sure[0m
[14:13] [0m[31;1m[Clan] Wasp :[0m again[0m
[14:16] [0mYou can currently reforge 3 items.[0m
[14:21] [0m[34;1mUpgrade shouts:[0m Binkless Victory.[0m
[14:22] [0m[31;1m[Clan] Solarnis :[0m why the hell are there so many fremen on?[0m
[14:22] [0m[31;1m[Clan] Cable :[0m new planet administration?[0m
[14:22] [0m[31;1m[Clan] Solarnis :[0m seriously, ive never once seen that many fremen ever play[0m
[14:22] [0m                  at once.[0m
[14:22] [0m[31;1m[Clan] Cable :[0m i dono, wonder if they got a code change too[0m
[14:23] [0m[31;1m[Clan] Roor :[0m the kwisatz haderach finally appeared[0m
[14:24] [0m[31;1m[Clan] Solarnis :[0m right?![0m
[14:25] [0mYou can currently reforge 7 items.[0m
[14:25] [0m[31;1m[Clan] Cable :[0m anyone have an extra dupe? i need another shard, acid hoe on[0m
[14:25] [0m               cubes and jelly's no good[0m
[14:25] [0m[31;1m[Clan] Solarnis :[0m sure[0m
[14:25] [0m[31;1m[Clan] Elektra :[0m i do[0m
[14:25] [0m[31;1m[Clan] Solarnis :[0m or E does.;][0m
[14:25] [0m[31;1m[Clan] Elektra :[0m use mine[0m
[14:25] [0m[31;1m[Clan] Cable :[0m sweeet[0m
[14:25] [0m[31;1m[Clan] Elektra :[0m i definitely won't use it[0m
[14:26] [0m[31;1m[Clan] Dd :[0m box[0m
[14:26] [0m[31;1m[Clan] Cable :[0m brt[0m
[14:27] [0m[31;1m[Clan] Cable :[0m thanks guys[0m
[15:00] [0m[31;1m[Clan] Toren enters the game.[0m  [0m
[15:00] [0m[31;1m[Clan] Cable :[0m laf 'spyron' ??[0m
[15:01] [0m[31;1m[Clan] Toren :[0m my breed :P[0m
[15:01] [0m[31;1m[Clan] Nameless :[0m laf[0m
[15:01] [0m[31;1m[Clan] Nameless :[0m YOU LIVE[0m
[15:01] [0m[31;1m[Clan] Toren :[0m spyron, leaker of yhe empire[0m
[15:01] [0m[31;1m[Clan] Cable :[0m hehe[0m
[15:01] [0m[31;1m[Clan] Roor :[0m i will ensure that the sphere goes dark when you touch it[0m
[15:01] [0m[31;1m[Clan] Nameless :[0m spyron the purple dragonne[0m
[15:01] [0m[31;1m[Clan] Solarnis :[0m :D[0m
[15:01] [0m[31;1m[Clan] Toren :[0m someone rally me so i can cassist? :D[0m
[15:02] [0m[31;1m[Clan] Toren :[0m i cant do much else[0m
[15:02] [0m[31;1m[Clan] Nameless :[0m i think this dungeon almost done, reset us with oscar or[0m
[15:02] [0m                  something first?[0m
[15:02] [0m[31;1m[Clan] Roor :[0m good idea name![0m
[15:02] [0m[31;1m[Clan] Toren :[0m my internet is fubard so i wouldnt wait on me[0m
[15:02] [0m[31;1m[Clan] Toren :[0m i can reset w toren[0m
[15:03] [0m[31;1m[Clan] Nameless :[0m that works too[0m
[15:03] [0m[31;1m[Clan] Roor :[0m stopping after this one dies[0m
[15:03] [0m[31;1m[Clan] Nameless :[0m nod[0m
[15:03] [0m[31;1m[Clan] Nameless :[0m ill burn my continues too[0m
[15:04] [0m[31;1m[Clan] Toren :[0m at title[0m
[15:05] [0m[31;1m[Clan] Solarnis :[0m i see you survived the hurricane[0m
[15:07] [0m[31;1m[Clan] Solarnis :[0m   Medal Earned: Signet of the Unbound Spirit[0m
[15:08] [0m[31;1m[Clan] Solarnis :[0m i fucked DE up hard[0m
[15:08] [0m[31;1m[Clan] Cable :[0m sounds cool![0m
[15:08] [0m[31;1m[Clan] Cable :[0m oh death entity[0m
[15:09] [0m[31;1m[Clan] Cable :[0m made for necro's :)[0m
[15:09] [0m[31;1m[Clan] Cable :[0m nice job still[0m
[15:18] [0m[37;1mNightbreed flaps :[0m i need hitters for beloch, need 1 more pot[0m
[15:18] [0m[37;1mNightbreed flaps :[0m please and thank you[0m
[15:20] [0m[31;1m[Clan] Solarnis :[0m swapping to psicraps, anyone need dps for something before[0m
[15:20] [0m                  i do?[0m
[15:20] [0m[37;1mNightbreed flaps :[0m tank needed also[0m
[15:21] [0m[31;1m[Clan] Cable :[0m trying to get crolack to give us a gxp boost for partying...[0m
[15:21] [0m               especially for lower glevels..[0m
[15:21] [0m[31;1m[Clan] Solarnis :[0m heh, that would be nice[0m
[15:21] [0m[31;1m[Clan] Nameless :[0m i mean its currently actively punished at lower glvls[0m
[15:21] [0m[31;1m[Clan] Nameless :[0m if you cant land hits at least[0m
[15:22] [0m[31;1m[Clan] Solarnis :[0m ok halp meeee.;][0m
[15:22] [0m[31;1m[Clan] Solarnis :[0m i am baby[0m
[15:22] [0m[31;1m[Clan] Nameless :[0m anyone have any idea how i would gag something out of chat[0m
[15:22] [0m                  monitor?[0m
[15:22] [0m[31;1m[Clan] Nameless :[0m regular #gag doesnt do it[0m
[15:23] [0m[31;1m[Clan] Cable :[0m gonna let him get psiwield guild quest in first heh[0m
[15:23] [0m[31;1m[Clan] Solarnis :[0m what doe you mean "out of chat monitor"?[0m
[15:23] [0m[31;1m[Clan] Nameless :[0m you arent using tt so i doubt you would know[0m
[15:23] [0m[31;1m[Clan] Xarin :[0m add an exception to the 'name' of the NPC saying/shouting[0m
[15:23] [0m[31;1m[Clan] Solarnis :[0m lol, zscript IS tintin lol[0m
[15:23] [0m[31;1m[Clan] Solarnis :[0m minus like a few things[0m
[15:23] [0m[31;1m[Clan] Nameless :[0m i think this monitor does stuff based of mip grabs, or[0m
[15:23] [0m                  somethin[0m
[15:24] [0m[31;1m[Clan] Solarnis :[0m inside your chat monitor script use #match {"name of[0m
[15:24] [0m                  whatever"} {#gag}[0m
[15:24] [0m[31;1m[Clan] Nameless :[0m toren is broken and kicking himself, and every round of[0m
[15:24] [0m                  combat i see that soul fill my chat monitor[0m
[15:24] [0m[31;1m[Clan] Solarnis :[0m in cmud its #IF %match(%1, "nameless") {#GAG}[0m
[15:25] [0m[31;1m[Clan] Solarnis :[0m just make a seperate gag for the kick soul lol[0m
[15:25] [0m[31;1m[Clan] Nameless :[0m ill see if i can figure out where monitor stuff is stored[0m
[15:25] [0m                  and then edit it in[0m
[15:27] [0m[31;1m[Clan] Cable :[0m give him some snow boots[0m
[15:28] [0m[31;1m[Clan] Cable :[0m fulfill the anamoly[0m
[15:28] [0m[31;1m[Clan] Nameless :[0m thats what i was thinking, lol[0m
[15:36] [0m[37;1mCrolack flaps :[0m Waldo wears stripes because he doesn't want to be spotted.[0m
[15:36] [0m[37;1mSolarnis flaps :[0m killed that one crosmasck[0m
[15:36] [0m[37;1mGaidin flaps :[0m Googles "how to dest a wizard"[0m
[15:52] [0m[Auction] Robert : Up for bids: Ring of Hearts and Ring of Hearts.[0m
[15:52] [0m[Auction] Robert : Xiu has requested 0 as the opening offer.[0m
[15:52] [0m[Auction] Robert : Got 0 from Dokken(knig).  Do I hear 50?[0m
[15:52] [0m[Auction] Robert : 0 going once![0m
[15:52] [0m[Auction] Robert : 0 going twice![0m
[15:52] [0m[Auction] Robert : Got 50 from Echoloc(jugg).  Do I hear 100?[0m
[15:52] [0m[Auction] Robert : Got 100 from Dokken(knig).  Do I hear 150?[0m
[15:52] [0m[Auction] Robert : Got 420 from Turbo(chan).  Do I hear 470?[0m
[15:53] [0m[Auction] Robert : Got 10,000 from Dokken(knig).  Do I hear 10,200?[0m
[15:53] [0m[Auction] Robert : 10,000 going once![0m
[15:53] [0m[Auction] Robert : 10,000 going twice![0m
[15:53] [0m[Auction] Robert : Sold to Dokken for 10,000 coins![0m
[16:11] [0m[31;1m[Clan] Xara leaves the game.[0m  [0m
[16:11] [0m[31;1m[Clan] Xara enters the game.[0m  [0m
[16:11] [0m[31;1m[Clan] Ser :[0m almost done w/ this sz run, anyone up for paul2?[0m
[16:12] [0m[31;1m[Clan] Zik :[0m im down to try it on gnome, buuu thats not much dmg n ima[0m
[16:12] [0m             prolly explode anywho[0m
[16:13] [0m[31;1m[Clan] Ser :[0m me n you could idle it 4eva[0m
[16:13] [0m[31;1m[Clan] Ser :[0m gxp 4 dayz[0m
[16:13] [0m[34;1mSer shouts:[0m can you pronounce that for me[0m
[16:14] [0mYou can currently reforge 11 items.[0m
[16:15] [0m[34;1mZorge shouts:[0m Thanks all![0m
[16:27] [0m[34;1mPrism shouts:[0m dgrade Monks wow[0m
[16:36] [0m[31;1m[Clan] Cable :[0m what did sol die to?[0m
[16:36] [0m[31;1m[Clan] Seoman :[0m White Dragon Beast... PoL?[0m
[16:37] [0m[31;1m[Clan] Cable :[0m hmm ya... gotta grind small stuffs![0m
[16:43] [0m[31;1m[Clan] Solarnis :[0m no fucking variable didnt clear snd sat on that and killed[0m
[16:43] [0m                  me[0m
[16:43] [0m[31;1m[Clan] Cable :[0m ah bummer[0m
[16:43] [0m[31;1m[Clan] Cable :[0m you got good regen?[0m
[16:46] [0m[31;1m[Clan] Solarnis :[0m sec am having major distractions[0m
[16:46] [0m[31;1m[Clan] Ser :[0m no secs[0m
[16:47] [0m[31;1m[Clan] Nameless :[0m virgin only[0m
[16:48] [0m[31;1m[Clan] Solarnis :[0m my psiwield murders things[0m
[16:48] [0m[31;1m[Clan] Nameless :[0m oooo playing psicobj[0m
[16:49] [0m[32mKerym says: [0mWell met, Swordbrother Dangerzone, May the Seldarine's Blessings be upon you.[0m
[16:49] [0m[32;1mFrom afar, Nik goes '\\// [()] [()]  \\// [()] [()] !! !!' at you in[0m
[16:49] [0m[31;1m[Clan] Dangerzone :[0m oops[0m
[16:49] [0m[36m<BS> Xiu :[0m woo[0m
[16:49] [0m[34;1mNameless shouts:[0m kenny loggins![0m
[16:49] [0m[32;1mFrom afar, Ser goes 'Woo Woo!' at you.[0m[0m
[16:49] [0m[32;1mFrom afar, Cambiador goes 'Woo Woo!' at you.[0m[0m
[16:49] [0m[34;1mBink shouts:[0m is there a highway leading to him?[0m
[16:49] [0m[34;1mCambiador shouts:[0m Woo![0m
[16:49] [0m[31;1m[Clan] Ser :[0m whats oops about that[0m
[16:49] [0m[34;1mSolarnis shouts:[0m huh?[0m
[16:49] [0m[34;1mDangerzone shouts:[0m thanks all, that was a mistake level haha[0m
[16:50] [0m[32mSer tells you:[0m want some xp in a few mins?[0m
[16:50] [0m[36m<BS> Dangerzone :[0m crap what was the syntax for advancing glvl?[0m
[16:50] [0m[36m<BS> Xiu :[0m gadvance[0m
[16:50] [0m[32mKerym says: [0mWell met, Swordbrother Dangerzone, May the Seldarine's Blessings be upon you.[0m
[16:50] [0m[32mSer tells you:[0m 70/89 current path[0m
[16:50] [0m[36m<BS> Dangerzone :[0m thanks[0m
[16:50] [0m[32mYou tell Ser:[0m huh, the arcade game?[0m
[16:50] [0m[32;1mFrom afar, Ser nods to you.[0m[0m
[16:51] [0m[36m<BS> Xiu :[0m 11 to go![0m
[16:51] [0m[32mSer tells you:[0m or mahjong[0m
[16:51] [0m[32mYou tell Ser:[0m mahjong[0m
[16:51] [0m[32mSer tells you:[0m ok[0m
[16:52] [0m[32mSer tells you:[0m again let me finish this[0m
[16:52] [0mXiu {Professions}: it'd be cool if the party golem had a chance to produce[0m
[16:52] [0m                   bottles of cheap whiskey or rum which were actual heals[0m
[16:52] [0m                   (a few percent of max hp/sp) altho it would lead to a lot[0m
[16:52] [0m                   of golem cyclying/actions per min[0m
[16:52] [0m[32mSer tells you:[0m i will hit you up[0m
[16:52] [0m[32mYou tell Ser:[0m ok you text me[0m
[16:52] [0m[32mSer tells you:[0m ok[0m
[16:53] [0mHyuga {Professions}: yeah that sounds fun![0m
[16:54] [0mXiu {Professions}: ever since i got to 90 i've been trying to think of ways[0m
[16:54] [0m                   to make party golems actually useful. even the thing they[0m
[16:54] [0m                   appear to be for (synergy with drunken master) is handled[0m
[16:54] [0m                   better by a random ring so they're a pretty terrible[0m
[16:54] [0m                   "final perk"[0m
[16:55] [0mNameless {Professions}: i think water would in theory be a nice fetch too,[0m
[16:55] [0m                        for all 4 of the bards out there[0m
[16:55] [0m[31;1m[Clan] Ser :[0m laf[0m
[17:02] [0m[32mSer tells you:[0m 77/89[0m
[17:03] [0m[34;1mCrolack shouts:[0m Did Jax beat Bink with the wet ends?[0m
[17:04] [0m[34;1mZethrak shouts:[0m *!!whipish!!*[0m
[17:05] [0m[34;1mBink shouts:[0m I'm not getting the joke?[0m
[17:06] [0m[34;1mZethrak shouts:[0m perhaps a pickle would help[0m
[17:08] [0m[37;1mZethrak flaps :[0m poll: bread and butter pickles or sweet pickles?[0m
[17:09] [0m[37;1mBink flaps :[0m peanut butter and pickles[0m
[17:09] [0m[37;1mZethrak flaps :[0m D:[0m
[17:15] [0mYou can currently reforge 12 items.[0m
[17:18] [0mYou can currently reforge 5 items.[0m
[17:18] [0mYou can currently reforge 0 items.[0m
[17:22] [0m[37;1mNameless flaps :[0m both directly in the garbage, spicy or dill or some other[0m
[17:22] [0m                 variety[0m
[17:22] [0m[37;1mZethrak flaps :[0m i've never had spicy. I didn't know that was a thing.[0m
[17:24] [0m[37;1mZethrak flaps :[0m is tat like jalapeno spicy?[0m
[17:29] [0m[37;1mNameless flaps :[0m i think ive done like a habanero infused one[0m
[17:46] [0m[34;1mSolarnis shouts:[0m bink is testing their ability to have morals i think[0m
[18:15] [0mYou can currently reforge 4 items.[0m
[18:20] [0m[Auction] Robert : Up for bids: A strangely dense, very blue wooden ring[0m
[18:20] [0m                   {radiant} [<*/*(O)*\*>].[0m
[18:20] [0m[Auction] Robert : Xiu has requested 0 as the opening offer.[0m
[18:20] [0m[Auction] Robert : Got 0 from Nacage(necr).  Do I hear 50?[0m
[18:20] [0m[Auction] Robert : 0 going once![0m
[18:20] [0m[Auction] Robert : 0 going twice![0m
[18:20] [0m[Auction] Robert : Sold to Nacage for 0 coins![0m
[18:21] [0m[36m<BS> Dangerzone :[0m oh nice, I'm at deadly mastery on redaxe[0m
[18:24] [0m[31;1m[Clan] Solarnis :[0m punk ass mf[0m
[18:24] [0m[32;1mFrom afar, Ser shouts 'WAKE UP!' at you. (at 7:24 pm)[0m[0m
[18:24] [0m[32mSer tells you:[0m just finished[0m
[18:24] [0m[32mSer tells you:[0m @ princess[0m
[18:24] [0m[32;1mFrom afar, you nod to Ser.[0m[0m
[18:25] [0m[32mSer tells you:[0m killing queen[0m
[18:32] [0m[33;1m[PARTY][0m Dangerzone joins the party.[0m
[18:33] [0m[31;1m[Clan] Knox leaves the game.[0m  [0m
[18:33] [0m[33;1m[PARTY][0m Ser: firing it up[0m
[18:33] [0m[33;1m[PARTY][0m Dangerzone: hiya[0m
[18:33] [0m[33;1m[PARTY][0m Ser: hope i dont die[0m
[18:33] [0m[33;1m[PARTY][0m Ser: i havent done 140 w/o embiggen[0m
[18:34] [0m[33;1m[PARTY][0m Dangerzone: eh what's a 65th death[0m
[18:34] [0m[33;1m[PARTY][0m Ser: i'm up to 1120[0m
[18:34] [0m[33;1m[PARTY][0m Ser: added another heal just in case[0m
[18:34] [0m[33;1m[PARTY][0m Dangerzone: simpson bush meme[0m
[18:35] [0m[33;1m[PARTY][0m Ser: oh[0m
[18:35] [0m[33;1m[PARTY][0m Ser: i need to do 2 more enhances[0m
[18:35] [0m[33;1m[PARTY][0m Ser: and a few more reforges but i'm not there yet[0m
[18:35] [0m[33;1m[PARTY][0m Ser: will do it after this i guess[0m
[18:35] [0m[31;1m[Clan] Solarnis :[0m cable is asleep?[0m
[18:36] [0m[31;1m[Clan] Ser :[0m he was folding laundry or something[0m
[18:36] [0m[31;1m[Clan] Solarnis :[0m meow[0m
[18:36] [0m[31;1m[Clan] Cable :[0m hoe in fold room[0m
[18:36] [0m[31;1m[Clan] Ser :[0m everywhere i go i got my boats and hoes[0m
[18:36] [0m[33;1m[PARTY][0m Cable: hey DZ[0m
[18:36] [0m[31;1m[Clan] Solarnis :[0m hoeity mcboatface?[0m
[18:37] [0m[33;1m[PARTY][0m Dangerzone: hey cable, i'm here to make ser's shoulders heavier[0m
[18:37] [0m[33;1mSer whispers quietly as he strikes with the horrific artifact "Only the dead are without fear."[0m[0m
[18:37] [0m[33;1m[PARTY][0m Ser: the gang is back in town back in town[0m
[18:37] [0m[33;1m[PARTY][0m Ser: hopefully phoenix are the mean ones[0m
[18:38] [0m[33;1m[PARTY][0m Cable: https://youtu.be/9ID4RAqCqnQ[0m
[18:38] [0m[33;1m[PARTY][0m Ser: and everything else will be easy[0m
[18:38] [0m[33;1m[PARTY][0m Ser: a paltry 240m[0m
[18:39] [0m[33;1m[PARTY][0m Dangerzone: redaxe just reached 'deadly' while last mastery is[0m
[18:39] [0m            'legendary' so hopefully there's a significant damage[0m
[18:39] [0m            increase[0m
[18:39] [0m[33;1m[PARTY][0m Cable: redaxe upgrades over time?[0m
[18:39] [0m[33;1m[PARTY][0m Cable: bs1[0m
[18:39] [0m[Auction] Robert : Up for bids: The Glass Gloves.[0m
[18:39] [0m[Auction] Robert : Ziphe has requested 5,000 as the opening offer.[0m
[18:39] [0m[33;1m[PARTY][0m Dangerzone: guild power[0m
[18:39] [0m[Auction] Ziphe (prie) : reforge[0m
[18:39] [0m[33;1m[PARTY][0m Cable: listen to youtube for next fight[0m
[18:39] [0m[33;1m[PARTY][0m Cable: ah[0m
[18:39] [0m[Auction] Ziphe (prie) : reforged[0m
[18:39] [0m[33;1m[PARTY][0m Cable: nice[0m
[18:40] [0m[Auction] Solarnis (psic) : will the real gg stand UP![0m
[18:40] [0m[Auction] Pdog (frem) : reforger[0m
[18:40] [0m[Auction] Pdog (frem) : reforging[0m
[18:40] [0m[Auction] Robert : Oh, come on... just 5000 coins?[0m
[18:40] [0m[33;1m[PARTY][0m Cable: laundry is finished, but back to obi-wan[0m
[18:40] [0m[Auction] Ziphe (prie) : ya'll are cheap[0m
[18:40] [0m[Auction] Robert : Fine, bollocks to the lot of you[0m
[18:40] [0m[Auction] Pdog (frem) : i'd totally buy gloves if i could wear gloves[0m
[18:41] [0m[Auction] Bink (frem) : you have no hands?[0m
[18:41] [0m[Auction] Ziphe (prie) : look ma! no hands![0m
[18:42] [0m[Auction] Nameless (elem) : wormy man have no hand[0m
[18:42] [0m[Auction] Ziphe (prie) : I ain't got no dukes![0m
[18:43] [0m[31;1m[Clan] Solarnis :[0m the difference between 50 and 500k is absurd for scrips[0m
[18:43] [0m[33;1m[PARTY][0m Dangerzone: nerd haah, of course it is 'dangerzone' song :D[0m
[18:45] [0m[33;1m[PARTY][0m Dangerzone: zorah likes it[0m
[18:45] [0m[37;1mCable flaps :[0m hmm i thought i recognized Flee in obiwan playing a bad guy[0m
[18:45] [0m              heh[0m
[18:46] [0m[31;1m[Clan] Cable :[0m heh[0m
[18:46] [0m[33;1m[PARTY][0m Cable: heh whats a zorah?[0m
[18:46] [0m[33;1m[PARTY][0m Dangerzone: my daughter[0m
[18:48] [0m[33;1m[PARTY][0m Cable: ah cool hehe[0m
[18:58] [0m[33;1m[PARTY][0m Dangerzone: oh yay poopsicles![0m
[19:02] [0m[31;1m[Clan] Solarnis :[0m anyone have item xmute available?[0m
[19:04] [0m[31;1m[Clan] Cable :[0m one day i will![0m
[19:04] [0m[31;1m[Clan] Hanlon :[0m what item?[0m
[19:04] [0m[31;1m[Clan] Nameless :[0m deez nuts[0m
[19:04] [0m[31;1m[Clan] Solarnis :[0m pfp[0m
[19:05] [0m[31;1m[Clan] Hanlon :[0m I have 66.  enough?[0m
[19:07] [0m[31;1m[Clan] Teg :[0m think it's more like 75 or so, tryin to find it[0m
[19:07] [0m[33;1mSer whispers quietly as he strikes with the mace of horrors "Only the dead are without fear."[0m[0m
[19:08] [0m[31;1m[Clan] Teg :[0m oh, according to maybeits.us it's 64[0m
[19:08] [0m[31;1m[Clan] Nameless :[0m ooo that has lvls for items?[0m
[19:08] [0m[31;1m[Clan] Nameless :[0m ive just been blindshooting[0m
[19:09] [0m[31;1m[Clan] Teg :[0m believe it and WMT both have min/max levels[0m
[19:09] [0m[31;1m[Clan] Solarnis :[0m :D[0m
[19:10] [0m[33;1mSer whispers quietly as he strikes with the Pain Maker "Only the dead are without fear."[0m[0m
[19:12] [0m[34;1mMoab shouts:[0m I blame Maninthebox![0m
[19:15] [0mYou can currently reforge 8 items.[0m
[19:15] [0m[31;1m[Clan] Solarnis :[0m oh does queen blind you or curse you with darkness?[0m
[19:16] [0m[31;1m[Clan] Solarnis :[0m really really weird, everything is dark hah...[0m
[19:16] [0m[37;1mLicklick flaps :[0m first swim of the summer was a success[0m
[19:17] [0m[37;1mInquisitor flaps :[0m If you didn't end up getting fished out by the coroner,[0m
[19:17] [0m                   you're good.[0m
[19:18] [0m[31;1m[Clan] Solarnis :[0m well i went from queens room to house, reforged an roh,[0m
[19:18] [0m                  and boom no sight, i removed the ring still no sight, and[0m
[19:18] [0m                  i have +10 light on me[0m
[19:18] [0m[34;1mNameless shouts:[0m fuzzy priest on priest action[0m
[19:18] [0m[34;1mNightrider shouts:[0m dead Squirrel![0m
[19:18] [0m[31;1m[Clan] Solarnis :[0m wth[0m
[19:19] [0m[34;1mMoab shouts:[0m Do not adjust your screen. Squirrel's corpse IS fuzzy[0m
[19:19] [0m[37;1mCaeli flaps :[0m I remember when I was... under 10, my dad threw me into a lake[0m
[19:19] [0m              to teach me to remember how to swim.....[0m
[19:19] [0m[37;1mSolarnis flaps :[0m anyone know if DE casts blindness on you randomly?[0m
[19:20] [0m[37;1mNightrider flaps :[0m no[0m
[19:20] [0m[37;1mSquirrel flaps :[0m it ports you[0m
[19:20] [0m[37;1mMoab flaps :[0m You gon learn today![0m
[19:20] [0m[37;1mNightrider flaps :[0m its sends you to hell![0m
[19:20] [0m[37;1mCable flaps :[0m oh you got water huh? my grandma threw me into a pool full of[0m
[19:20] [0m              jello to learn to swim[0m
[19:20] [0m[37;1mSolarnis flaps :[0m or queen of hearts? i killed them both, then poof im blind[0m
[19:20] [0m                 and undispellable, and have +10 light on me[0m
[19:20] [0m[37;1mNameless flaps :[0m were you having a date with palmela handerson?[0m
[19:20] [0m[37;1mInquisitor flaps :[0m You got jello?  I got thrown into a pool of broken glass[0m
[19:20] [0m                   and angry lobsters.[0m
[19:20] [0m[37;1mPdog flaps :[0m my uncle threw me into a giant room full of coins to learn to[0m
[19:20] [0m             swim[0m
[19:21] [0m[37;1mSolarnis flaps :[0m You unsmuggle: Ice Scythe (enchanted) its mal's scythe lol[0m
[19:21] [0m[37;1mSquirrel flaps :[0m that would blind you[0m
[19:21] [0m[37;1mSquirrel flaps :[0m it has -5 light[0m
[19:21] [0m[37;1mSolarnis flaps :[0m urk, i forgot it ws in there[0m
[19:21] [0m[31;1m[Clan] Nameless :[0m i need to start carrying that scythe around when i play[0m
[19:21] [0m                  bard[0m
[19:21] [0m[37;1mCable flaps :[0m well ya, thats more about how to fly, not swim, i did that the[0m
[19:21] [0m              year earlier, only the glass was also heated up near liquid so[0m
[19:21] [0m              it burned.[0m
[19:21] [0m[31;1m[Clan] Solarnis :[0m its like -20 or more light hah[0m
[19:21] [0m[37;1mMoab flaps :[0m lol[0m
[19:21] [0m[37;1mCable flaps :[0m your grandpa was a duck pdog?[0m
[19:22] [0m[37;1mPdog flaps :[0m yes cable, how did you know?[0m
[19:22] [0m[37;1mInquisitor flaps :[0m You wanna talk about burn?  Let me tell you about my[0m
[19:22] [0m                   urination after I had that special weekend with yo mama. [0m
[19:22] [0m                   [obligatory yo mama jokes are a thing][0m
[19:22] [0m[37;1mCable flaps :[0m scrooge you![0m
[19:22] [0m[37;1mNightbreed flaps :[0m he feathers gave you away[0m
[19:22] [0m[37;1mNightrider flaps :[0m Joe Momma eh?[0m
[19:22] [0m[37;1mMoab flaps :[0m yo mama so skinny, when I grabbed her butt I got a papercut[0m
[19:23] [0m[37;1mNightbreed flaps :[0m waant waaaaan[0m
[19:23] [0m[37;1mCable flaps :[0m I actually didn't have a mom... my grandma was magical, she[0m
[19:23] [0m              gave birth to me directly and skipped my mom.[0m
[19:23] [0m[31;1m[Clan] Solarnis :[0m ice scythe in cbox[0m
[19:23] [0m[31;1m[Clan] Nameless :[0m woo[0m
[19:23] [0m[37;1mPdog flaps :[0m nod, cut out the middle man[0m
[19:23] [0m[31;1m[Clan] Solarnis :[0m now i need a goddamn pledge[0m
[19:23] [0m[37;1mPdog flaps :[0m makes sense[0m
[19:23] [0m[37;1mSquirrel flaps :[0m yo momma is refered to as a flying squirrel.[0m
[19:24] [0m[37;1mInquisitor flaps :[0m Christians be all like - Yo, you don't wanna have a baby?[0m
[19:24] [0m                   Don't have sex!  Meanwhile, Mary's over in the corner[0m
[19:24] [0m                   mean-mugging on principle.[0m
[19:24] [0m[31;1m[Clan] Solarnis :[0m i swear tensor was the most evil of evil geniouses for[0m
[19:24] [0m                  items/mobs[0m
[19:24] [0m[31;1m[Clan] Nameless :[0m just not so good on room descriptions[0m
[19:24] [0m[31;1m[Clan] Nameless :[0m err labeling all his nounds rather[0m
[19:24] [0m[31;1m[Clan] Solarnis :[0m or item desc/syntax, quest syntax or alot of shit.;][0m
[19:24] [0m[31;1m[Clan] Nameless :[0m nod[0m
[19:25] [0m[31;1m[Clan] Solarnis :[0m which obviously was part of his design...[0m
[19:25] [0m[37;1mMoab flaps :[0m or just step into the last 100 years and use a condom lol[0m
[19:25] [0m[37;1mNameless flaps :[0m give it to us RAW and WRIGGLING[0m
[19:25] [0m[37;1mMoab flaps :[0m or in my case, they ain't gettin pregnant where I'm puttin it[0m
[19:26] [0m[31;1m[Clan] Solarnis :[0m LOL the amount of sps...[0m
[19:27] [0m[37;1mTurnhold flaps :[0m and thats about enough of that[0m
[19:27] [0m[37;1mMoab flaps :[0m thats what she said[0m
[19:27] [0m[37;1mPdog flaps :[0m i was smart enough to use the correct line :)[0m
[19:27] [0m[37;1mPdog flaps :[0m <-- smart[0m
[19:29] [0m[33;1mSer whispers quietly as he strikes with the Pain Maker "Only the dead are without fear."[0m[0m
[19:30] [0m[33;1m[PARTY][0m Ser: hi[0m
[19:30] [0m[33;1m[PARTY][0m Ser: (re)watching dune[0m
[19:31] [0m[33;1m[PARTY][0m Ser: since i just read the book over the weekend[0m
[19:31] [0m[33;1m[PARTY][0m Ser: the new one[0m
[19:31] [0m[37;1mSquirrel flaps :[0m two yoooths drivin a caar[0m
[19:32] [0m[37;1mPdog flaps :[0m yoots?[0m
[19:32] [0m[37;1mCable flaps :[0m yeets?[0m
[19:32] [0m[33;1m[PARTY][0m Ser: one more int and then working on cha the rest of level[0m
[19:34] [0m[33;1m[PARTY][0m Cable: just trying to get this level a ways off though[0m
[19:37] [0m[33;1m[PARTY][0m Cable: what isyour int/cha at now?[0m
[19:37] [0m[33;1m[PARTY][0m Ser: DZ you make your xp from accidentally advancing back?[0m
[19:41] [0m[37;1mNightbreed flaps :[0m resetting taco[0m
[19:42] [0m[33;1mSer whispers quietly as he strikes with the horrific artifact "Only the dead are without fear."[0m[0m
[19:42] [0m[33;1mSer whispers quietly as he strikes with the Pain Maker "Only the dead are without fear."[0m[0m
[19:44] [0m[36m<BS> Stevie :[0m anyone want my reset dungeon?[0m
[19:44] [0m[36m<BS> Stevie :[0m --use of[0m
[19:45] [0m[33;1m[PARTY][0m Cable: oh noes! Dz is Ser's push char!?[0m
[19:46] [0m[33;1m[PARTY][0m Cable: your secret is safe with me[0m
[19:47] [0m[36m<BS> Stevie :[0m k, sleeping[0m
[19:47] [0m[33;1m[PARTY][0m Dangerzone: oh sorry no, it was 3 or 4 bil[0m
[19:47] [0m[33;1m[PARTY][0m Dangerzone: taking pity on me forgetting syntax lol[0m
[19:51] [0m[33;1m[PARTY][0m Ser: i mean we're makin some xp here bud[0m
[19:53] [0m[33;1mSer whispers quietly as he strikes with the mace "Only the dead are without fear."[0m[0m
[19:55] [0m[33;1m[PARTY][0m Cable: type 'xp' or 'rcost' DZ see how much to level[0m
[19:55] [0m[33;1m[PARTY][0m Ser: probably around 1/3 of that so far[0m
[19:58] [0m[33;1m[PARTY][0m Dangerzone: 1.08B to go[0m
[19:58] [0m[33;1m[PARTY][0m Cable: less than an hour[0m
[19:59] [0m[33;1m[PARTY][0m Dangerzone: 2 hrs eta[0m
[19:59] [0m[33;1m[PARTY][0m Cable: 620mil/30min[0m
[19:59] [0m[33;1m[PARTY][0m Cable: so 1.2b/hour...[0m
[19:59] [0m[33;1m[PARTY][0m Cable: something like that :)[0m
[19:59] [0m[33;1m[PARTY][0m Cable: i dont know much about bladesingers on here... fun?[0m
[20:01] [0m[33;1m[PARTY][0m Dangerzone: if better at finding gear than my lazy setup from Tree of[0m
[20:01] [0m            Life, Sopem, etc if you examine me[0m
[20:02] [0m[33;1m[PARTY][0m Cable: decent gear[0m
[20:02] [0m[33;1m[PARTY][0m Dangerzone: im having lore fun despite how squishy i am[0m
[20:02] [0m[33;1m[PARTY][0m Cable: hmm purple bead... is that from underdark? hmm[0m
[20:02] [0m[33;1m[PARTY][0m Cable: nice[0m
[20:02] [0m[Auction] Agni (gent) : shard on auction is a dupe... looks like someone[0m
[20:02] [0m                        messed up[0m
[20:03] [0m[33;1m[PARTY][0m Dangerzone: purple bead is from marge at tv[0m
[20:03] [0m[Auction] Pdog (frem) : buncha dummies[0m
[20:03] [0m[33;1m[PARTY][0m Cable: oh ya that camarol a bunch of new stuffs in here[0m
[20:04] [0m[33;1m[PARTY][0m Dangerzone: i get it all with my jedi[0m
[20:04] [0m[33;1m[PARTY][0m Dangerzone: most unknowns are from guildboz[0m
[20:04] [0m[33;1m[PARTY][0m Cable: ya my jedi is my boot runner too. although not sure i can[0m
[20:04] [0m       get a lot of that tv2.0 stuff[0m
[20:04] [0m[33;1m[PARTY][0m Dangerzone: box[0m
[20:04] [0m[33;1m[PARTY][0m Cable: tick is fun though[0m
[20:04] [0m[33;1m[PARTY][0m Cable: kinda simple, cable is complicated[0m
[20:05] [0m[Auction] Agni (gent) : anyone got og shard or redaxe?[0m
[20:06] [0m[33;1m[PARTY][0m Dangerzone: naked fights with ned and zelligar are done well witb[0m
[20:06] [0m            epowers[0m
[20:06] [0m[33;1m[PARTY][0m Cable: oh ya i should boost up those on a few chars[0m
[20:06] [0m[33;1m[PARTY][0m Cable: immortality?[0m
[20:07] [0m[33;1m[PARTY][0m Cable: what else?[0m
[20:07] [0m[33;1m[PARTY][0m Dangerzone: ser's talk of psi make it complicated too[0m
[20:07] [0m[33;1m[PARTY][0m Ser: nah[0m
[20:07] [0m[33;1m[PARTY][0m Dangerzone: shred[0m
[20:07] [0m[33;1m[PARTY][0m Ser: just gotta smack stuff[0m
[20:07] [0m[33;1m[PARTY][0m Ser: for a long time[0m
[20:07] [0m[33;1m[PARTY][0m Dangerzone: protection[0m
[20:09] [0m[33;1m[PARTY][0m Ser: averaging 9.3k rn[0m
[20:10] [0m[33;1m[PARTY][0m Dangerzone: this run so far, ~3%[0m
[20:10] [0m[33;1m[PARTY][0m Dangerzone: gxp?[0m
[20:11] [0m[33;1m[PARTY][0m Dangerzone: 0.001% per round[0m
[20:11] [0m[33;1m[PARTY][0m Ser: dmg/rnd[0m
[20:11] [0m[33;1m[PARTY][0m Dangerzone: oh nice nice![0m
[20:11] [0m[33;1m[PARTY][0m Ser: i keep telling him to get embiggen[0m
[20:12] [0m[33;1m[PARTY][0m Dangerzone: ya cant do ned without it or queen[0m
[20:13] [0m[33;1mSer whispers quietly as he strikes with the horrific touch of an ancient god "Only the dead are without fear."[0m[0m
[20:15] [0m[33;1m[PARTY][0m Ser: psieval[0m
[20:15] [0m[33;1m[PARTY][0m Cable: i don't think i could take queen with embiggin heh[0m
[20:15] [0m[33;1m[PARTY][0m Cable: maybe with tick[0m
[20:16] [0m[33;1m[PARTY][0m Cable: hmm ya does it last long enough to kill queen then room[0m
[20:16] [0m       refresh and do it again? heh[0m
[20:16] [0m[33;1m[PARTY][0m Ser: embig maxed out lasts 1 hr[0m
[20:17] [0m[33;1m[PARTY][0m Cable: oh cool[0m
[20:20] [0m[33;1m[PARTY][0m Ser: which you would know if you read some info files[0m
[20:20] [0m[33;1m[PARTY][0m Cable: heh[0m
[20:21] [0m[33;1m[PARTY][0m Cable: oh i need level 6 for 1hr[0m
[20:21] [0m[33;1m[PARTY][0m Ser: yah maxed out[0m
[20:21] [0m[33;1m[PARTY][0m Cable: whats that command to see total cost to max it again?[0m
[20:22] [0m[33;1m[PARTY][0m Ser: (learn details powername[0m
[20:22] [0m[33;1m[PARTY][0m Cable: 32bil![0m
[20:25] [0m[33;1mSer whispers quietly as he strikes with the Crusher of Minds "Only the dead are without fear."[0m[0m
[20:26] [0mYou can currently reforge 12 items.[0m
[20:38] [0m[34;1mSojurner shouts:[0m well thats annoying[0m
[20:41] [0m[Auction] Raest (cybo) : mask dup available?[0m
[20:42] [0m[37;1mNightbreed flaps :[0m public service announcement: any future banu runs, i want[0m
[20:42] [0m                   in on it, that is all[0m
[20:44] [0m[37;1mSquirrel flaps :[0m mask dupes @ss[0m
[20:47] [0m[33;1m[PARTY][0m Ser: need ta go to inductor soon[0m
[20:47] [0m[33;1m[PARTY][0m Ser: doing 140 vs 135 was a huge difference[0m
[20:50] [0m[33;1mSer whispers quietly as he strikes with the horrific touch of an ancient god "Only the dead are without fear."[0m[0m
[20:50] [0m[34;1mPrism shouts:[0m Upgrade Fremen already![0m
[20:50] [0m[34;1mSylph shouts:[0m open Warders![0m
[20:50] [0m[34;1mSolarnis shouts:[0m Moar Vikings![0m
[20:50] [0m[34;1mMav shouts:[0m fremen is one of these new guilds that's fun, tricky, mysterious[0m
[20:50] [0m            and terribly underpowered.[0m
[20:51] [0m[34;1mStargerbil shouts:[0m wait that guild still exists?[0m
[20:51] [0m[34;1mSylph shouts:[0m i agree with everything Mav said, except the last:)[0m
[20:51] [0m[34;1mBink shouts:[0m warders were changed into bladesingers[0m
[20:51] [0m[34;1mMoab shouts:[0m theyre waiting for the kwisazt hadderach[0m
[20:51] [0m[34;1mRand shouts:[0m mav is a wimp[0m
[20:51] [0m[34;1mPrism shouts:[0m I will be a god Warder[0m
[20:51] [0m[34;1mInix shouts:[0m I disagree on it being new[0m
[20:51] [0m[34;1mEsper shouts:[0m Shai-Hulud![0m
[20:51] [0m[34;1mNameless shouts:[0m a fremen-puter? bet it doesnt have any games[0m
[20:52] [0m[34;1mPrism shouts:[0m I hope you die, Hulud Jarvis![0m
[20:52] [0m[34;1mLocrian shouts:[0m how do you think our fountain gets cleaned all the time,[0m
[20:52] [0m                nameless?[0m
[20:52] [0m[37;1mNameless flaps :[0m paul atreides didnt have to do the oral[0m
[20:53] [0m[37;1mEsper flaps :[0m Usul does not need a weirding module![0m
[20:53] [0m[37;1mSquirrel flaps :[0m that's moabdeeb to you[0m
[20:53] [0m[37;1mSolarnis flaps :[0m Mau'dib needs more worm water:P[0m
[20:53] [0m[37;1mSer flaps :[0m watching the new dune (again) rn...  re-read the 1st book this[0m
[20:53] [0m            weekend[0m
[20:53] [0m[33;1m[PARTY][0m Dangerzone: drop me off at princess or vortex please?  when done[0m
[20:53] [0m[37;1mZethrak flaps :[0m good stuff[0m
[20:54] [0m[33;1m[PARTY][0m Ser: ok[0m
[20:54] [0m[33;1m[PARTY][0m Ser: botstats[0m
[20:54] [0m[33;1m[PARTY][0m Ser: Current position is 57 / 72 (79.17%)[0m
[20:54] [0m[37;1mRaest flaps :[0m the sleeper has awakened[0m
[20:54] [0m[37;1mNameless flaps :[0m you. have. no. good. thopter. ideas. PAUL[0m
[20:54] [0m[37;1mSquirrel flaps :[0m GET TO DA CHOOOPPAA![0m
[20:54] [0m[37;1mEsper flaps :[0m The new one has no battle pugs, ergo, it's worse than the[0m
[20:54] [0m              original.[0m
[20:55] [0m[37;1mNameless flaps :[0m pat-stew wielding the battle pug is burned into my memory[0m
[20:55] [0m[37;1mEsper flaps :[0m Christopher Walken as Shaddam IV was a... choice.[0m
[20:55] [0m[37;1mRaest flaps :[0m what battle pug?[0m
[20:55] [0m[37;1mSquirrel flaps :[0m he puts his pants on one leg at a time though..[0m
[20:55] [0m[31;1m[Clan] Solarnis :[0m wvein in cbox[0m
[20:55] [0m[37;1mZethrak flaps :[0m suddenly i want to see that[0m
[20:55] [0m[37;1mEsper flaps :[0m How do you not know about the battle pug?!?[0m
[20:55] [0m[37;1mZethrak flaps :[0m i <3 christorpher walken[0m
[20:55] [0m[37;1mTeg flaps :[0m https://tinyurl.com/sleeperhasawakened[0m
[20:56] [0m[37;1mEsper flaps :[0m and Elvis as Feyd Rautha[0m
[20:56] [0m[37;1mNameless flaps :[0m whats the opposite of christopher walken?[0m
[20:56] [0m[37;1mTeg flaps :[0m Christopher Reeves?[0m
[20:56] [0m[37;1mSolarnis flaps :[0m gollum?[0m
[20:56] [0m[37;1mNameless flaps :[0m CHRISTOPHER REEVES[0m
[20:56] [0m[32mCable says:[0m 1[0m
[20:56] [0m[32mCable says:[0m 2[0m
[20:56] [0m[32mCable says:[0m 3[0m
[20:56] [0m[32mCable says:[0m 4[0m
[20:56] [0m[32mCable says:[0m 5[0m
[20:56] [0m[37;1mVoodoo flaps :[0m Crolack Gump[0m
[20:56] [0m[34;1mMoab shouts:[0m those fast talking chicks from gilmore girls[0m
[20:57] [0m[33;1m[PARTY][0m Ser: hmm[0m
[20:57] [0m[37;1mNightbreed flaps :[0m life is like a box of voodoo[0m
[20:57] [0m[37;1mMoab flaps :[0m all the emotion in Gilmore Girls was expressed by talking[0m
[20:57] [0m             faster.[0m
[20:57] [0m[37;1mNameless flaps :[0m it was kinda a one trick pony, but lauren graham did kinda[0m
[20:57] [0m                 push me through the latter years of puberty[0m
[20:58] [0m[37;1mEsper flaps :[0m You never what loa you're going to get?[0m
[20:58] [0m[37;1mMoab flaps :[0m she had a great dumpy[0m
[20:58] [0m[37;1mNightbreed flaps :[0m wait! youvevreached puberty??    woah!,![0m
[20:58] [0m[37;1mNameless flaps :[0m im a real boy![0m
[20:59] [0m[37;1mMoab flaps :[0m pubes and everything![0m
[20:59] [0m[37;1mSquirrel flaps :[0m not the gumdrop buttons![0m
[20:59] [0m[33;1m[PARTY][0m Dangerzone: hmm[0m
[20:59] [0m[37;1mCrolack flaps :[0m Anakin is the muffin man. Obi-wan is Farquad.[0m
[21:00] [0m[37;1mCrolack flaps :[0m er, gingerbread man[0m
[21:00] [0m[37;1mNameless flaps :[0m farquaad wishes he had the high ground[0m
[21:00] [0m[37;1mEsper flaps :[0m Coincidentally, I'm watching Obi-Wan Ep2 right now[0m
[21:00] [0m[37;1mSquirrel flaps :[0m Alas, the jedi are no more.[0m
[21:00] [0m[37;1mMoab flaps :[0m he could wreck some knees thp[0m
[21:01] [0m[37;1mBink flaps :[0m tensor is darth vader, rastafan is yoda[0m
[21:01] [0m[33;1m[PARTY][0m Dangerzone is being booted from the party.[0m
[21:01] [0m[32;1mFrom afar, you bow to Ser.[0m[0m
[21:01] [0m[32mYou tell Ser:[0m thanks greg im going to bed[0m
[21:02] [0m[32;1mFrom afar, Ser waves in your direction.[0m[0m
[21:03] [0m[32;1mFrom afar, Ser tucks you into bed.[0m[0m
[21:03] [0m[31;1m[Clan] Nameless :[0m roor! we are in[0m
[21:04] [0m[31;1m[Clan] Solarnis :[0m i should have done a p40 run:|[0m
[21:04] [0m[31;1m[Clan] Solarnis :[0m would be nice to inmduct skin or pfp[0m
[21:04] [0m[31;1m[Clan] Nameless :[0m nod[0m
[21:04] [0m[31;1m[Clan] Solarnis :[0m lessons that are learned lol[0m
[21:04] [0m[31;1m[Clan] Nameless :[0m graft blood plate and make everyone rage[0m
[21:04] [0m[31;1m[Clan] Solarnis :[0m :D[0m
[21:04] [0m[31;1m[Clan] Solarnis :[0m now myrra wont drop pledge:P[0m
[21:07] [0m[31;1m[Clan] Nameless :[0m woo unlcked viper[0m
[21:07] [0m[31;1m[Clan] Nameless :[0m now i have a handy lil dagger[0m
[21:14] [0m[31;1m[Clan] Solarnis :[0m XP Gain for the last 30 minutes: 2,571,466 you guys are[0m
[21:14] [0m                  super jealous yes?[0m
[21:14] [0m[31;1m[Clan] Nameless :[0m bardxp![0m
[21:14] [0m[31;1m[Clan] Solarnis :[0m i feel like i just rewinded 26 years of exp[0m
[21:27] [0m[34;1mNightrider shouts:[0m le moo?[0m
[21:27] [0m[34;1mNameless shouts:[0m papa smurf![0m
[21:27] [0m[34;1mMoab shouts:[0m cheater![0m
[21:27] [0m[34;1mRaest shouts:[0m leach![0m
[21:28] [0m[34;1mPapitas shouts:[0m all true[0m
[21:36] [0m[34;1mNameless shouts:[0m leeeerooooooy[0m
[21:36] [0m[Auction] Robert : Up for bids: Frosted helmet of Aylin.[0m
[21:36] [0m[Auction] Robert : Ziphe has requested 10,000 as the opening offer.[0m
[21:36] [0m[Auction] Robert : Got 10,000 from Sylph(frem).  Do I hear 10,500?[0m
[21:36] [0m[Auction] Robert : 10,000 going once![0m
[21:36] [0m[34;1mRaest shouts:[0m SPAM![0m
[21:36] [0m[34;1mEsper shouts:[0m imagine what you could've done with a longer name[0m
[21:36] [0m[34;1mMachine shouts:[0m hax[0m
[21:36] [0m[34;1mSeoman shouts:[0m Woo!![0m
[21:36] [0m[34;1mPrism shouts:[0m ok[0m
[21:36] [0m[34;1mSylph shouts:[0m TG Changelings![0m
[21:36] [0m[Auction] Robert : 10,000 going twice![0m
[21:36] [0m[34;1mZethrak shouts:[0m don't stop now![0m
[21:37] [0m[34;1mTeg shouts:[0m sorry, was saving to avoid scaler issues, thanks everyone[0m
[21:37] [0m[34;1mPdog shouts:[0m Why would you stop there?[0m
[21:37] [0m[Auction] Robert : Sold to Sylph for 10,000 coins![0m
[21:37] [0m[34;1mMoab shouts:[0m I'll make a supersonic mudder of you[0m
[21:37] [0m[34;1mEsper shouts:[0m someone needs to do 100-140 in one go[0m
[21:37] [0m[34;1mLocrian shouts:[0m i did 60-111, but you only saw part of that. :p[0m
[21:38] [0m[31;1m[Clan] Ser :[0m all those yummy stats[0m
[21:38] [0m[31;1m[Clan] Teg :[0m now I'm 14b from level 130 :*([0m
[21:40] [0m[31;1m[Clan] Nameless :[0m you guys still rolling with roor?[0m
[21:40] [0m[31;1m[Clan] Cable :[0m i am grinding wsea reps[0m
[21:40] [0m[31;1m[Clan] Nameless :[0m ill rejoin after paul dies if someone wants to rally me,[0m
[21:40] [0m                  although i am getting sleepy[0m
[21:40] [0m[31;1m[Clan] Teg :[0m damage dropped a lot with everyone gone, Roor broke[0m
[21:40] [0m[31;1m[Clan] Nameless :[0m ahh[0m
[21:42] [0m[31;1m[Clan] Teg :[0m think it's about his bedtime too[0m
[21:50] [0m[Auction] Robert : Up for bids: The skin of Beloch.[0m
[21:50] [0m[Auction] Robert : Squirrel has requested 558 as the opening offer.[0m
[21:50] [0m[Auction] Bink (frem) : it puts its loion on its skin[0m
[21:51] [0m[Auction] Robert : Oh, come on... just 558 coins?[0m
[21:51] [0m[Auction] Nacage (necr) : or else its gets the finger again?[0m
[21:51] [0m[Auction] Robert : Fine, bollocks to the lot of you[0m
[21:52] [0m[Auction] Robert : Up for bids: WispShield (0%).[0m
[21:52] [0m[Auction] Robert : Squirrel has requested 558 as the opening offer.[0m
[21:52] [0m[Auction] Squirrel (prie) : someone could use this[0m
[21:53] [0m[Auction] Robert : Got 558 from Nacage(necr).  Do I hear 608?[0m
[21:53] [0m[Auction] Robert : 558 going once![0m
[21:53] [0m[Auction] Robert : 558 going twice![0m
[21:53] [0m[Auction] Robert : Sold to Nacage for 558 coins![0m
[22:01] [0m[32mSer tells you:[0m finishing mahj[0m
[22:03] [0m[37;1mSquirrel flaps :[0m anyone see fantastic beast 3?[0m
[22:03] [0m[37;1mEsper flaps :[0m nope[0m
[22:03] [0m[37;1mBink flaps :[0m that's what your mom called me last night[0m
[22:04] [0m[37;1mCable flaps :[0m as in 'this baby rabbit is fantastic'[0m
[22:04] [0m[37;1mSquirrel flaps :[0m bink you'll eventually graduate from high school, repeating[0m
[22:04] [0m                 the 10th grade for the 20th time has to indicate you don't[0m
[22:04] [0m                 give up easy[0m
[22:16] [0m[37;1mSquirrel flaps :[0m secrets of dumbledore on hbo max[0m
[22:17] [0m[37;1mTeg flaps :[0m don't cross Dumbledore, he'll turn you into a newt[0m
[22:18] [0m[37;1mSquirrel flaps :[0m european or african?[0m
[22:18] [0m[37;1mTeg flaps :[0m I don't know that[0m
[22:18] [0m[37;1mSquirrel flaps :[0m You die.[0m
[22:19] [0m[37;1mLocrian flaps :[0m AAAAAAaaaaaaa......[0m
[22:19] [0m[37;1mTeg flaps :[0m joke's on you, I don't even play, Elden Ring[0m
[22:19] [0m[37;1mTeg flaps :[0m and that extra comma may be indication of exhaustion[0m
[22:19] [0m[37;1mSquirrel flaps :[0m you're missing out it's like breath of the wild on steriods[0m
[22:25] [0m[Auction] Raest (cybo) : anyone have 2 spare junk RoH's?[0m
[22:25] [0m[Auction] Pdog (frem) : only if you tank for me[0m
[22:26] [0m[Auction] Pdog (frem) : but i do indeed have 2 junk RoHs :p[0m
[22:26] [0m[Auction] Cable (psic) : i got 5 heh[0m
[22:28] [0m[34;1mApocalypse shouts:[0m fire at will[0m
[22:29] [0m[34;1mCrolack shouts:[0m What did Will do?[0m
[22:29] [0m[34;1mRaest shouts:[0m Death from Above![0m
[22:29] [0m[37;1mFalthrice flaps :[0m er, why did a mech show up, but I saw no dest?[0m
[22:29] [0m[37;1mApocalypse flaps :[0m you can't read?[0m
[22:29] [0m[37;1mEsper flaps :[0m Revtest got dested[0m
[22:29] [0m[34;1mXiu shouts:[0m stand in the water and alpha strike[0m
[22:29] [0m[37;1mCrolack flaps :[0m flashing ansi doesn't show up for you?[0m
[22:30] [0m[37;1mFalthrice flaps :[0m oh, I guess I was moving too fast, I only saw the mech[0m
[22:30] [0m[37;1mNacage flaps :[0m it did.. a second later[0m
[22:30] [0m[37;1mPdog flaps :[0m probably because he is the KWISATZ HADERACH[0m
[22:30] [0m[34;1mRevelation shouts:[0m heh[0m
[22:30] [0m[37;1mFalthrice flaps :[0m ahh, yeah, 3 screens later for me[0m
[22:33] [0m[31;1m[Clan] Toxin leaves the game.[0m  [0m
[22:33] [0m[31;1m[Clan] Mako leaves the game.[0m  [0m
[22:33] [0m[31;1m[Clan] Void leaves the game.[0m  [0m
[22:43] [0m[Auction] Squirrel (prie) : get drunk[0m
[22:43] [0m[Auction] Robert : Up for bids: Topaz Ring of Pickling.[0m
[22:43] [0m[Auction] Robert : Squirrel has requested 2,000 as the opening offer.[0m
[22:43] [0m[Auction] Robert : Oh, come on... just 2000 coins?[0m
[22:44] [0m[Auction] Robert : Got 2,345 from Fluffy(chan).  Do I hear 2,391?[0m
[22:44] [0m[Auction] Robert : 2,345 going once![0m
[22:44] [0m[Auction] Bink (frem) : no 6?[0m
[22:44] [0m[Auction] Robert : 2,345 going twice![0m
[22:44] [0m[Auction] Robert : Sold to Fluffy for 2,345 coins![0m
