[02:35] [0m[31;1m[Clan] Roken wisps into existence.[0m  [0m
[02:48] [0m[32;1mFrom afar, Darkness tips his hat to you.[0m[0m
[02:49] [0m[32;1mFrom afar, you wave in Darkness's direction.[0m[0m
[02:54] [0m[36m. o O ( Broken:[0m how do i prevent mental fatigue msg? ) O o .[0m
[02:55] [0m[36m. o O ( Broken:[0m Your mind is not sufficiently recovered to provide a boost. ) O o .[0m
[02:56] [0m[36m. o O ( Darkness:[0m Are you auto-boosting somehow? You shouldn't be using boost that often ) O o .[0m
[02:57] [0m[36m. o O ( Broken:[0m no clue, i haven't set up anything iirc. just recent memory "plan combat.." ) O[0m
[02:57] [0m                o .[0m
[02:57] [0m[36m. o O ( Broken:[0m focus plan combat is that broodlings related? ) O o .[0m
[02:58] [0m[36m. o O ( Darkness:[0m what does "siiscore combat" show for planned actions? ) O o .[0m
[02:58] [0m    [37;1m . o O ([0m [35mGe'Do Broken Yik'lai of the Sollian Wastes (Scha Gen)[0m [37;1m ) O o .[0m[0m
[02:59] [0m[36m. o O ( Broken:[0m no planned actions, mental nothing at o hp status off ) O o .[0m
[03:00] [0m[36m. o O ( Darkness:[0m reflex maybe? ) O o .[0m
[03:01] [0m[36m. o O ( Broken:[0m no reflexes ) O o .[0m
[03:02] [0m[36m. o O ( Darkness:[0m yeah, not sure then, except maybe a client side trigger? That's the message[0m
[03:02] [0m                  for boost when you don't have any ) O o .[0m
[03:03] [0m[36m. o O ( Broken:[0m ahh how do i recover my mind? im trying to envelop a corpse in my possession and[0m
[03:03] [0m                on the ground. States unusable ) O o .[0m
[03:04] [0m[36m. o O ( Darkness:[0m "reforge" and "reforge all" to reset everything ) O o .[0m
[03:07] [0m[36m. o O ( Broken:[0m no dice. ill play later ) O o .[0m
